
$ /root/miniconda3/bin/python -u scripts/search_hparams.py --config configs/auto_target/ssptgfm_search_yago15k_temporal_global_relpop_rep_enhanced_probe.yaml --output results/global_relpop_rep_enhanced_phase1/search_yago15k_temporal_global_relpop_rep_enhanced_probe --resume
runtime_device=cuda
cuda_device=Tesla V100-PCIE-32GB
{'event': 'candidate_seed_start', 'candidate': 'global_relpop_rep_enhanced_probe_h96_r12_a12_p4x4_l1_neg1_lr0p001_hp1_relpopfix48_sr0p01_sa0p001_rep8s0p02_rl0p001_m0_bpr', 'seed': 1, 'device': 'cuda', 'node_text_device': 'cuda:0'}
{'event': 'train_seed_start', 'seed': 1, 'train_edges': 3244, 'val_edges': 6738, 'test_edges': 26719, 'num_nodes': 4197, 'num_relations': 19}
{'event': 'train_seed_tensors_ready', 'seed': 1, 'elapsed_sec': 0.005161553621292114, 'cuda_allocated_mb': 9, 'cuda_reserved_mb': 24, 'cuda_max_allocated_mb': 9}
{'event': 'train_known_facts_ready', 'seed': 1, 'scope': 'train', 'edges': 3244, 'elapsed_sec': 0.007185190916061401}
{'event': 'train_known_facts_ready', 'seed': 1, 'scope': 'train_val', 'edges': 9982, 'elapsed_sec': 0.008325852453708649}
{'event': 'train_sampler_ready', 'seed': 1, 'elapsed_sec': 0.012274552136659622}
{'event': 'val_sampler_ready', 'seed': 1, 'elapsed_sec': 0.015764199197292328}
{'event': 'epoch_start', 'epoch': 1, 'epochs': 3, 'batches': 118, 'time_groups': 118}
{'event': 'train_time_group', 'epoch': 1, 'time_group': 1, 'time_groups': 118, 'batch': 0, 'batches': 118, 'time_value': 600.0, 'group_batches': 1, 'history_edges': 0, 'elapsed_sec': 0.016128994524478912, 'cuda_allocated_mb': 10, 'cuda_reserved_mb': 24, 'cuda_max_allocated_mb': 10}
{'event': 'train_progress', 'epoch': 1, 'batch': 1, 'batches': 118, 'time_group': 1, 'time_groups': 118, 'history_edges': 0, 'pos_edges': 1, 'neg_edges': 1, 'loss_recent': 0.6802121996879578, 'elapsed_sec': 1.0739106312394142, 'avg_sec_per_batch': 1.0739106312394142, 'cuda_allocated_mb': 45, 'cuda_reserved_mb': 90, 'cuda_max_allocated_mb': 81}
{'event': 'train_progress', 'epoch': 1, 'batch': 100, 'batches': 118, 'time_group': 100, 'time_groups': 118, 'history_edges': 2144, 'pos_edges': 38, 'neg_edges': 38, 'loss_recent': 1.738349390923977, 'elapsed_sec': 15.008030712604523, 'avg_sec_per_batch': 0.15008030712604523, 'cuda_allocated_mb': 47, 'cuda_reserved_mb': 202, 'cuda_max_allocated_mb': 170}
{'event': 'train_time_group', 'epoch': 1, 'time_group': 118, 'time_groups': 118, 'batch': 117, 'batches': 118, 'time_value': 1966.0, 'group_batches': 1, 'history_edges': 3153, 'elapsed_sec': 17.9066303037107, 'cuda_allocated_mb': 46, 'cuda_reserved_mb': 222, 'cuda_max_allocated_mb': 190}
{'event': 'train_progress', 'epoch': 1, 'batch': 118, 'batches': 118, 'time_group': 118, 'time_groups': 118, 'history_edges': 3153, 'pos_edges': 91, 'neg_edges': 91, 'loss_recent': 2.3223623728752134, 'elapsed_sec': 18.095020070672035, 'avg_sec_per_batch': 0.1533476277175596, 'cuda_allocated_mb': 49, 'cuda_reserved_mb': 222, 'cuda_max_allocated_mb': 194}
{'event': 'validation_start', 'epoch': 1}
{'event': 'validation_ranking_start', 'epoch': 1, 'max_edges': 30}
{'event': 'epoch_end', 'epoch': 1, 'early_stop_metric': 'val_composite', 'val_score': 0.14769122612617078, 'val_auc': 0.6089984893798828, 'val_ap': 0.14142064033604032, 'val_ndcg': 0.7172051566043297, 'val_mrr': 0.028615379892675243, 'val_hits@1': 0.0, 'val_hits@10': 0.05, 'val_hits@50': 0.23333333333333334, 'val_hits@100': 0.31666666666666665, 'elapsed_sec': 33.922561299055815}
{'event': 'epoch_start', 'epoch': 2, 'epochs': 3, 'batches': 118, 'time_groups': 118}
{'event': 'train_time_group', 'epoch': 2, 'time_group': 1, 'time_groups': 118, 'batch': 0, 'batches': 118, 'time_value': 600.0, 'group_batches': 1, 'history_edges': 0, 'elapsed_sec': 0.01110725849866867, 'cuda_allocated_mb': 46, 'cuda_reserved_mb': 234, 'cuda_max_allocated_mb': 194}
{'event': 'train_progress', 'epoch': 2, 'batch': 1, 'batches': 118, 'time_group': 1, 'time_groups': 118, 'history_edges': 0, 'pos_edges': 1, 'neg_edges': 1, 'loss_recent': 0.5103558897972107, 'elapsed_sec': 0.1325705274939537, 'avg_sec_per_batch': 0.1325705274939537, 'cuda_allocated_mb': 46, 'cuda_reserved_mb': 234, 'cuda_max_allocated_mb': 194}
{'event': 'train_progress', 'epoch': 2, 'batch': 100, 'batches': 118, 'time_group': 100, 'time_groups': 118, 'history_edges': 2144, 'pos_edges': 38, 'neg_edges': 38, 'loss_recent': 1.5322322345525026, 'elapsed_sec': 14.265635509043932, 'avg_sec_per_batch': 0.1426563550904393, 'cuda_allocated_mb': 47, 'cuda_reserved_mb': 234, 'cuda_max_allocated_mb': 194}
{'event': 'train_time_group', 'epoch': 2, 'time_group': 118, 'time_groups': 118, 'batch': 117, 'batches': 118, 'time_value': 1966.0, 'group_batches': 1, 'history_edges': 3153, 'elapsed_sec': 17.120976645499468, 'cuda_allocated_mb': 46, 'cuda_reserved_mb': 234, 'cuda_max_allocated_mb': 194}
{'event': 'train_progress', 'epoch': 2, 'batch': 118, 'batches': 118, 'time_group': 118, 'time_groups': 118, 'history_edges': 3153, 'pos_edges': 91, 'neg_edges': 91, 'loss_recent': 2.070866281762719, 'elapsed_sec': 17.299784615635872, 'avg_sec_per_batch': 0.146608344200304, 'cuda_allocated_mb': 48, 'cuda_reserved_mb': 234, 'cuda_max_allocated_mb': 194}
{'event': 'validation_start', 'epoch': 2}
{'event': 'validation_ranking_start', 'epoch': 2, 'max_edges': 30}
{'event': 'epoch_end', 'epoch': 2, 'early_stop_metric': 'val_composite', 'val_score': 0.13286370480399978, 'val_auc': 0.586151123046875, 'val_ap': 0.13776796304395017, 'val_ndcg': 0.7122709570193012, 'val_mrr': 0.0099943836529334, 'val_hits@1': 0.0, 'val_hits@10': 0.03333333333333333, 'val_hits@50': 0.15, 'val_hits@100': 0.18333333333333332, 'elapsed_sec': 32.86235150694847}
{'event': 'epoch_start', 'epoch': 3, 'epochs': 3, 'batches': 118, 'time_groups': 118}
{'event': 'train_time_group', 'epoch': 3, 'time_group': 1, 'time_groups': 118, 'batch': 0, 'batches': 118, 'time_value': 600.0, 'group_batches': 1, 'history_edges': 0, 'elapsed_sec': 0.010448567569255829, 'cuda_allocated_mb': 46, 'cuda_reserved_mb': 234, 'cuda_max_allocated_mb': 194}
{'event': 'train_progress', 'epoch': 3, 'batch': 1, 'batches': 118, 'time_group': 1, 'time_groups': 118, 'history_edges': 0, 'pos_edges': 1, 'neg_edges': 1, 'loss_recent': 0.7940738797187805, 'elapsed_sec': 0.14212843775749207, 'avg_sec_per_batch': 0.14212843775749207, 'cuda_allocated_mb': 46, 'cuda_reserved_mb': 234, 'cuda_max_allocated_mb': 194}
{'event': 'train_progress', 'epoch': 3, 'batch': 100, 'batches': 118, 'time_group': 100, 'time_groups': 118, 'history_edges': 2144, 'pos_edges': 38, 'neg_edges': 38, 'loss_recent': 1.4350043319910766, 'elapsed_sec': 14.094640467315912, 'avg_sec_per_batch': 0.1409464046731591, 'cuda_allocated_mb': 47, 'cuda_reserved_mb': 234, 'cuda_max_allocated_mb': 194}
{'event': 'train_time_group', 'epoch': 3, 'time_group': 118, 'time_groups': 118, 'batch': 117, 'batches': 118, 'time_value': 1966.0, 'group_batches': 1, 'history_edges': 3153, 'elapsed_sec': 16.974527206271887, 'cuda_allocated_mb': 46, 'cuda_reserved_mb': 234, 'cuda_max_allocated_mb': 194}
{'event': 'train_progress', 'epoch': 3, 'batch': 118, 'batches': 118, 'time_group': 118, 'time_groups': 118, 'history_edges': 3153, 'pos_edges': 91, 'neg_edges': 91, 'loss_recent': 1.9561699318885803, 'elapsed_sec': 17.15404200181365, 'avg_sec_per_batch': 0.14537323730350551, 'cuda_allocated_mb': 48, 'cuda_reserved_mb': 234, 'cuda_max_allocated_mb': 194}
{'event': 'validation_start', 'epoch': 3}
{'event': 'validation_ranking_start', 'epoch': 3, 'max_edges': 30}
{'event': 'epoch_end', 'epoch': 3, 'early_stop_metric': 'val_composite', 'val_score': 0.1273495511813489, 'val_auc': 0.5933231353759766, 'val_ap': 0.14431140128549183, 'val_ndcg': 0.7199053223321933, 'val_mrr': 0.008092303973013948, 'val_hits@1': 0.0, 'val_hits@10': 0.0, 'val_hits@50': 0.11666666666666667, 'val_hits@100': 0.13333333333333333, 'elapsed_sec': 32.57372069731355}
{'candidate': 'global_relpop_rep_enhanced_probe_h96_r12_a12_p4x4_l1_neg1_lr0p001_hp1_relpopfix48_sr0p01_sa0p001_rep8s0p02_rl0p001_m0_bpr', 'seed': 1, 'composite': nan, 'val_auc': 0.6089984893798828, 'val_ap': 0.14142064033604032, 'val_ndcg': 0.7172051566043297, 'val_mrr': 0.028615379892675243, 'val_hits@1': 0.0, 'val_hits@10': 0.05, 'val_hits@50': 0.23333333333333334, 'val_hits@100': 0.31666666666666665, 'train_loss': 2.0734070526846384, 'train_lp': 0.4370483711867009, 'train_align': 308.952690512447, 'train_kl': 882.2671522366799, 'train_ood_reg': 0.21940878235687644, 'train_meta': 0.4421700433338598, 'train_struct_aux': 0.9383097124301781, 'train_weighted_align': 1.5447634149311205, 'train_weighted_kl': 0.0882267133348574, 'train_weighted_ood_reg': 0.00021940879242581522, 'train_weighted_meta': 0.002210850157761173, 'train_weighted_struct_aux': 0.0009383097598309455, 'train_rank': 0.3207465074325012, 'train_weighted_rank': 0.0003207465218157129}
{'event': 'candidate_summary', 'candidate': 'global_relpop_rep_enhanced_probe_h96_r12_a12_p4x4_l1_neg1_lr0p001_hp1_relpopfix48_sr0p01_sa0p001_rep8s0p02_rl0p001_m0_bpr', 'score': 0.14769122612617078, 'passes_metric_minima': True, 'means': {'val_auc': 0.6089984893798828, 'val_ap': 0.14142064033604032, 'val_mrr': 0.028615379892675243, 'val_hits@10': 0.05, 'val_ndcg': 0.7172051566043297}, 'seeds_completed': 1}
{'event': 'candidate_seed_start', 'candidate': 'global_relpop_rep_enhanced_probe_h96_r12_a12_p4x4_l1_neg1_lr0p001_hp1_relpopfix48_sr0p01_sa0p001_rep8s0p05_rl0p001_m0_bpr', 'seed': 1, 'device': 'cuda', 'node_text_device': 'cuda:0'}
{'event': 'train_seed_start', 'seed': 1, 'train_edges': 3244, 'val_edges': 6738, 'test_edges': 26719, 'num_nodes': 4197, 'num_relations': 19}
{'event': 'train_seed_tensors_ready', 'seed': 1, 'elapsed_sec': 0.005214925855398178, 'cuda_allocated_mb': 26, 'cuda_reserved_mb': 44, 'cuda_max_allocated_mb': 194}
{'event': 'train_known_facts_ready', 'seed': 1, 'scope': 'train', 'edges': 3244, 'elapsed_sec': 0.006908923387527466}
{'event': 'train_known_facts_ready', 'seed': 1, 'scope': 'train_val', 'edges': 9982, 'elapsed_sec': 0.00804043561220169}
{'event': 'train_sampler_ready', 'seed': 1, 'elapsed_sec': 0.011946652084589005}
{'event': 'val_sampler_ready', 'seed': 1, 'elapsed_sec': 0.015703056007623672}
{'event': 'epoch_start', 'epoch': 1, 'epochs': 3, 'batches': 118, 'time_groups': 118}
{'event': 'train_time_group', 'epoch': 1, 'time_group': 1, 'time_groups': 118, 'batch': 0, 'batches': 118, 'time_value': 600.0, 'group_batches': 1, 'history_edges': 0, 'elapsed_sec': 0.005305428057909012, 'cuda_allocated_mb': 26, 'cuda_reserved_mb': 44, 'cuda_max_allocated_mb': 194}
{'event': 'train_progress', 'epoch': 1, 'batch': 1, 'batches': 118, 'time_group': 1, 'time_groups': 118, 'history_edges': 0, 'pos_edges': 1, 'neg_edges': 1, 'loss_recent': 0.6802009344100952, 'elapsed_sec': 0.12185836583375931, 'avg_sec_per_batch': 0.12185836583375931, 'cuda_allocated_mb': 45, 'cuda_reserved_mb': 90, 'cuda_max_allocated_mb': 194}
{'event': 'train_progress', 'epoch': 1, 'batch': 100, 'batches': 118, 'time_group': 100, 'time_groups': 118, 'history_edges': 2144, 'pos_edges': 38, 'neg_edges': 38, 'loss_recent': 1.7383504110574721, 'elapsed_sec': 13.825494091957808, 'avg_sec_per_batch': 0.13825494091957807, 'cuda_allocated_mb': 47, 'cuda_reserved_mb': 202, 'cuda_max_allocated_mb': 194}
{'event': 'train_time_group', 'epoch': 1, 'time_group': 118, 'time_groups': 118, 'batch': 117, 'batches': 118, 'time_value': 1966.0, 'group_batches': 1, 'history_edges': 3153, 'elapsed_sec': 16.54752140492201, 'cuda_allocated_mb': 46, 'cuda_reserved_mb': 222, 'cuda_max_allocated_mb': 194}
{'event': 'train_progress', 'epoch': 1, 'batch': 118, 'batches': 118, 'time_group': 118, 'time_groups': 118, 'history_edges': 3153, 'pos_edges': 91, 'neg_edges': 91, 'loss_recent': 2.322367216646671, 'elapsed_sec': 16.727722693234682, 'avg_sec_per_batch': 0.14176036180707358, 'cuda_allocated_mb': 49, 'cuda_reserved_mb': 222, 'cuda_max_allocated_mb': 194}
{'event': 'validation_start', 'epoch': 1}
{'event': 'validation_ranking_start', 'epoch': 1, 'max_edges': 30}
{'event': 'epoch_end', 'epoch': 1, 'early_stop_metric': 'val_composite', 'val_score': 0.14769566102639323, 'val_auc': 0.6089962005615233, 'val_ap': 0.14143671948210032, 'val_ndcg': 0.7172278199999722, 'val_mrr': 0.028615122152009547, 'val_hits@1': 0.0, 'val_hits@10': 0.05, 'val_hits@50': 0.23333333333333334, 'val_hits@100': 0.31666666666666665, 'elapsed_sec': 32.28317752107978}
{'event': 'epoch_start', 'epoch': 2, 'epochs': 3, 'batches': 118, 'time_groups': 118}
{'event': 'train_time_group', 'epoch': 2, 'time_group': 1, 'time_groups': 118, 'batch': 0, 'batches': 118, 'time_value': 600.0, 'group_batches': 1, 'history_edges': 0, 'elapsed_sec': 0.008278686553239822, 'cuda_allocated_mb': 46, 'cuda_reserved_mb': 234, 'cuda_max_allocated_mb': 194}
{'event': 'train_progress', 'epoch': 2, 'batch': 1, 'batches': 118, 'time_group': 1, 'time_groups': 118, 'history_edges': 0, 'pos_edges': 1, 'neg_edges': 1, 'loss_recent': 0.5103626251220703, 'elapsed_sec': 0.1237628310918808, 'avg_sec_per_batch': 0.1237628310918808, 'cuda_allocated_mb': 46, 'cuda_reserved_mb': 234, 'cuda_max_allocated_mb': 194}
{'event': 'train_progress', 'epoch': 2, 'batch': 100, 'batches': 118, 'time_group': 100, 'time_groups': 118, 'history_edges': 2144, 'pos_edges': 38, 'neg_edges': 38, 'loss_recent': 1.53217439673841, 'elapsed_sec': 14.254563685506582, 'avg_sec_per_batch': 0.14254563685506583, 'cuda_allocated_mb': 47, 'cuda_reserved_mb': 234, 'cuda_max_allocated_mb': 194}
{'event': 'train_time_group', 'epoch': 2, 'time_group': 118, 'time_groups': 118, 'batch': 117, 'batches': 118, 'time_value': 1966.0, 'group_batches': 1, 'history_edges': 3153, 'elapsed_sec': 17.003711991012096, 'cuda_allocated_mb': 46, 'cuda_reserved_mb': 234, 'cuda_max_allocated_mb': 194}
{'event': 'train_progress', 'epoch': 2, 'batch': 118, 'batches': 118, 'time_group': 118, 'time_groups': 118, 'history_edges': 3153, 'pos_edges': 91, 'neg_edges': 91, 'loss_recent': 2.0708004193753005, 'elapsed_sec': 17.221955757588148, 'avg_sec_per_batch': 0.1459487776066792, 'cuda_allocated_mb': 48, 'cuda_reserved_mb': 234, 'cuda_max_allocated_mb': 194}
{'event': 'validation_start', 'epoch': 2}
{'event': 'validation_ranking_start', 'epoch': 2, 'max_edges': 30}
{'event': 'epoch_end', 'epoch': 2, 'early_stop_metric': 'val_composite', 'val_score': 0.13286138919980778, 'val_auc': 0.5861286163330078, 'val_ap': 0.13776050703274997, 'val_ndcg': 0.7122662289242557, 'val_mrr': 0.0099951855383053, 'val_hits@1': 0.0, 'val_hits@10': 0.03333333333333333, 'val_hits@50': 0.15, 'val_hits@100': 0.18333333333333332, 'elapsed_sec': 32.448327504098415}
{'event': 'epoch_start', 'epoch': 3, 'epochs': 3, 'batches': 118, 'time_groups': 118}
{'event': 'train_time_group', 'epoch': 3, 'time_group': 1, 'time_groups': 118, 'batch': 0, 'batches': 118, 'time_value': 600.0, 'group_batches': 1, 'history_edges': 0, 'elapsed_sec': 0.007001854479312897, 'cuda_allocated_mb': 46, 'cuda_reserved_mb': 234, 'cuda_max_allocated_mb': 194}
{'event': 'train_progress', 'epoch': 3, 'batch': 1, 'batches': 118, 'time_group': 1, 'time_groups': 118, 'history_edges': 0, 'pos_edges': 1, 'neg_edges': 1, 'loss_recent': 0.7940632700920105, 'elapsed_sec': 0.11611973121762276, 'avg_sec_per_batch': 0.11611973121762276, 'cuda_allocated_mb': 46, 'cuda_reserved_mb': 234, 'cuda_max_allocated_mb': 194}
{'event': 'train_progress', 'epoch': 3, 'batch': 100, 'batches': 118, 'time_group': 100, 'time_groups': 118, 'history_edges': 2144, 'pos_edges': 38, 'neg_edges': 38, 'loss_recent': 1.4349759955331682, 'elapsed_sec': 13.997267536818981, 'avg_sec_per_batch': 0.1399726753681898, 'cuda_allocated_mb': 47, 'cuda_reserved_mb': 234, 'cuda_max_allocated_mb': 194}
{'event': 'train_time_group', 'epoch': 3, 'time_group': 118, 'time_groups': 118, 'batch': 117, 'batches': 118, 'time_value': 1966.0, 'group_batches': 1, 'history_edges': 3153, 'elapsed_sec': 16.742588099092245, 'cuda_allocated_mb': 46, 'cuda_reserved_mb': 234, 'cuda_max_allocated_mb': 194}
{'event': 'train_progress', 'epoch': 3, 'batch': 118, 'batches': 118, 'time_group': 118, 'time_groups': 118, 'history_edges': 3153, 'pos_edges': 91, 'neg_edges': 91, 'loss_recent': 1.9570033176615835, 'elapsed_sec': 16.91857746988535, 'avg_sec_per_batch': 0.1433777751685199, 'cuda_allocated_mb': 48, 'cuda_reserved_mb': 234, 'cuda_max_allocated_mb': 194}
{'event': 'validation_start', 'epoch': 3}
{'event': 'validation_ranking_start', 'epoch': 3, 'max_edges': 30}
{'event': 'epoch_end', 'epoch': 3, 'early_stop_metric': 'val_composite', 'val_score': 0.12404405163458118, 'val_auc': 0.5768321990966797, 'val_ap': 0.13663184890783125, 'val_ndcg': 0.714124526017948, 'val_mrr': 0.006590423483555426, 'val_hits@1': 0.0, 'val_hits@10': 0.0, 'val_hits@50': 0.11666666666666667, 'val_hits@100': 0.13333333333333333, 'elapsed_sec': 32.348288487643}
{'candidate': 'global_relpop_rep_enhanced_probe_h96_r12_a12_p4x4_l1_neg1_lr0p001_hp1_relpopfix48_sr0p01_sa0p001_rep8s0p05_rl0p001_m0_bpr', 'seed': 1, 'composite': nan, 'val_auc': 0.6089962005615233, 'val_ap': 0.14143671948210032, 'val_ndcg': 0.7172278199999722, 'val_mrr': 0.028615122152009547, 'val_hits@1': 0.0, 'val_hits@10': 0.05, 'val_hits@50': 0.23333333333333334, 'val_hits@100': 0.31666666666666665, 'train_loss': 2.0734104589890627, 'train_lp': 0.43704825652352836, 'train_align': 308.95355053675377, 'train_kl': 882.2590519533319, 'train_ood_reg': 0.2194088054663044, 'train_meta': 0.4421706290568336, 'train_struct_aux': 0.9383183780868175, 'train_weighted_align': 1.5447677220770364, 'train_weighted_kl': 0.0882259026422339, 'train_weighted_ood_reg': 0.0002194088153635799, 'train_weighted_meta': 0.0022108531007010456, 'train_weighted_struct_aux': 0.0009383184206869327, 'train_rank': 0.3207452475898347, 'train_weighted_rank': 0.00032074526344500956}
{'event': 'candidate_summary', 'candidate': 'global_relpop_rep_enhanced_probe_h96_r12_a12_p4x4_l1_neg1_lr0p001_hp1_relpopfix48_sr0p01_sa0p001_rep8s0p05_rl0p001_m0_bpr', 'score': 0.14769566102639323, 'passes_metric_minima': True, 'means': {'val_auc': 0.6089962005615233, 'val_ap': 0.14143671948210032, 'val_mrr': 0.028615122152009547, 'val_hits@10': 0.05, 'val_ndcg': 0.7172278199999722}, 'seeds_completed': 1}
{'event': 'candidate_seed_start', 'candidate': 'global_relpop_rep_enhanced_probe_h96_r12_a12_p4x4_l1_neg1_lr0p001_hp1_relpopfix48_sr0p01_sa0p001_rep16s0p02_rl0p001_m0_bpr', 'seed': 1, 'device': 'cuda', 'node_text_device': 'cuda:0'}
{'event': 'train_seed_start', 'seed': 1, 'train_edges': 3244, 'val_edges': 6738, 'test_edges': 26719, 'num_nodes': 4197, 'num_relations': 19}
{'event': 'train_seed_tensors_ready', 'seed': 1, 'elapsed_sec': 0.007119625806808472, 'cuda_allocated_mb': 26, 'cuda_reserved_mb': 44, 'cuda_max_allocated_mb': 194}
{'event': 'train_known_facts_ready', 'seed': 1, 'scope': 'train', 'edges': 3244, 'elapsed_sec': 0.00883515551686287}
{'event': 'train_known_facts_ready', 'seed': 1, 'scope': 'train_val', 'edges': 9982, 'elapsed_sec': 0.010062530636787415}
{'event': 'train_sampler_ready', 'seed': 1, 'elapsed_sec': 0.014104146510362625}
{'event': 'val_sampler_ready', 'seed': 1, 'elapsed_sec': 0.0177944116294384}
{'event': 'epoch_start', 'epoch': 1, 'epochs': 3, 'batches': 118, 'time_groups': 118}
{'event': 'train_time_group', 'epoch': 1, 'time_group': 1, 'time_groups': 118, 'batch': 0, 'batches': 118, 'time_value': 600.0, 'group_batches': 1, 'history_edges': 0, 'elapsed_sec': 0.005484182387590408, 'cuda_allocated_mb': 26, 'cuda_reserved_mb': 44, 'cuda_max_allocated_mb': 194}
{'event': 'train_progress', 'epoch': 1, 'batch': 1, 'batches': 118, 'time_group': 1, 'time_groups': 118, 'history_edges': 0, 'pos_edges': 1, 'neg_edges': 1, 'loss_recent': 0.6802515983581543, 'elapsed_sec': 0.12533511593937874, 'avg_sec_per_batch': 0.12533511593937874, 'cuda_allocated_mb': 46, 'cuda_reserved_mb': 92, 'cuda_max_allocated_mb': 194}
{'event': 'train_progress', 'epoch': 1, 'batch': 100, 'batches': 118, 'time_group': 100, 'time_groups': 118, 'history_edges': 2144, 'pos_edges': 38, 'neg_edges': 38, 'loss_recent': 1.7383475023508073, 'elapsed_sec': 13.956295534968376, 'avg_sec_per_batch': 0.13956295534968377, 'cuda_allocated_mb': 48, 'cuda_reserved_mb': 204, 'cuda_max_allocated_mb': 194}
{'event': 'train_time_group', 'epoch': 1, 'time_group': 118, 'time_groups': 118, 'batch': 117, 'batches': 118, 'time_value': 1966.0, 'group_batches': 1, 'history_edges': 3153, 'elapsed_sec': 16.721953183412552, 'cuda_allocated_mb': 47, 'cuda_reserved_mb': 224, 'cuda_max_allocated_mb': 194}
{'event': 'train_progress', 'epoch': 1, 'batch': 118, 'batches': 118, 'time_group': 118, 'time_groups': 118, 'history_edges': 3153, 'pos_edges': 91, 'neg_edges': 91, 'loss_recent': 2.32235583871603, 'elapsed_sec': 16.899990785866976, 'avg_sec_per_batch': 0.14322026089717776, 'cuda_allocated_mb': 50, 'cuda_reserved_mb': 224, 'cuda_max_allocated_mb': 195}
{'event': 'validation_start', 'epoch': 1}
{'event': 'validation_ranking_start', 'epoch': 1, 'max_edges': 30}
{'event': 'epoch_end', 'epoch': 1, 'early_stop_metric': 'val_composite', 'val_score': 0.14768888128955165, 'val_auc': 0.6090019226074219, 'val_ap': 0.1414164660290428, 'val_ndcg': 0.7172004999244277, 'val_mrr': 0.028612530524762727, 'val_hits@1': 0.0, 'val_hits@10': 0.05, 'val_hits@50': 0.23333333333333334, 'val_hits@100': 0.31666666666666665, 'elapsed_sec': 32.08281300589442}
{'event': 'epoch_start', 'epoch': 2, 'epochs': 3, 'batches': 118, 'time_groups': 118}
{'event': 'train_time_group', 'epoch': 2, 'time_group': 1, 'time_groups': 118, 'batch': 0, 'batches': 118, 'time_value': 600.0, 'group_batches': 1, 'history_edges': 0, 'elapsed_sec': 0.007369954138994217, 'cuda_allocated_mb': 47, 'cuda_reserved_mb': 236, 'cuda_max_allocated_mb': 195}
{'event': 'train_progress', 'epoch': 2, 'batch': 1, 'batches': 118, 'time_group': 1, 'time_groups': 118, 'history_edges': 0, 'pos_edges': 1, 'neg_edges': 1, 'loss_recent': 0.510348916053772, 'elapsed_sec': 0.117455393075943, 'avg_sec_per_batch': 0.117455393075943, 'cuda_allocated_mb': 47, 'cuda_reserved_mb': 236, 'cuda_max_allocated_mb': 195}
{'event': 'train_progress', 'epoch': 2, 'batch': 100, 'batches': 118, 'time_group': 100, 'time_groups': 118, 'history_edges': 2144, 'pos_edges': 38, 'neg_edges': 38, 'loss_recent': 1.5322653575241565, 'elapsed_sec': 13.840932942926884, 'avg_sec_per_batch': 0.13840932942926884, 'cuda_allocated_mb': 48, 'cuda_reserved_mb': 236, 'cuda_max_allocated_mb': 195}
{'event': 'train_time_group', 'epoch': 2, 'time_group': 118, 'time_groups': 118, 'batch': 117, 'batches': 118, 'time_value': 1966.0, 'group_batches': 1, 'history_edges': 3153, 'elapsed_sec': 16.671393748372793, 'cuda_allocated_mb': 47, 'cuda_reserved_mb': 236, 'cuda_max_allocated_mb': 195}
{'event': 'train_progress', 'epoch': 2, 'batch': 118, 'batches': 118, 'time_group': 118, 'time_groups': 118, 'history_edges': 3153, 'pos_edges': 91, 'neg_edges': 91, 'loss_recent': 2.0708806796371935, 'elapsed_sec': 16.848496470600367, 'avg_sec_per_batch': 0.14278386839491836, 'cuda_allocated_mb': 49, 'cuda_reserved_mb': 236, 'cuda_max_allocated_mb': 195}
{'event': 'validation_start', 'epoch': 2}
{'event': 'validation_ranking_start', 'epoch': 2, 'max_edges': 30}
{'event': 'epoch_end', 'epoch': 2, 'early_stop_metric': 'val_composite', 'val_score': 0.13285361580348568, 'val_auc': 0.5863046646118164, 'val_ap': 0.1378139366922534, 'val_ndcg': 0.7122977715581646, 'val_mrr': 0.00993969649314743, 'val_hits@1': 0.0, 'val_hits@10': 0.03333333333333333, 'val_hits@50': 0.15, 'val_hits@100': 0.18333333333333332, 'elapsed_sec': 32.14468168094754}
{'event': 'epoch_start', 'epoch': 3, 'epochs': 3, 'batches': 118, 'time_groups': 118}
{'event': 'train_time_group', 'epoch': 3, 'time_group': 1, 'time_groups': 118, 'batch': 0, 'batches': 118, 'time_value': 600.0, 'group_batches': 1, 'history_edges': 0, 'elapsed_sec': 0.008497398346662521, 'cuda_allocated_mb': 47, 'cuda_reserved_mb': 236, 'cuda_max_allocated_mb': 195}
{'event': 'train_progress', 'epoch': 3, 'batch': 1, 'batches': 118, 'time_group': 1, 'time_groups': 118, 'history_edges': 0, 'pos_edges': 1, 'neg_edges': 1, 'loss_recent': 0.793906033039093, 'elapsed_sec': 0.12730992585420609, 'avg_sec_per_batch': 0.12730992585420609, 'cuda_allocated_mb': 47, 'cuda_reserved_mb': 236, 'cuda_max_allocated_mb': 195}
{'event': 'train_progress', 'epoch': 3, 'batch': 100, 'batches': 118, 'time_group': 100, 'time_groups': 118, 'history_edges': 2144, 'pos_edges': 38, 'neg_edges': 38, 'loss_recent': 1.4347145467996598, 'elapsed_sec': 13.858638662844896, 'avg_sec_per_batch': 0.13858638662844897, 'cuda_allocated_mb': 48, 'cuda_reserved_mb': 236, 'cuda_max_allocated_mb': 195}
{'event': 'train_time_group', 'epoch': 3, 'time_group': 118, 'time_groups': 118, 'batch': 117, 'batches': 118, 'time_value': 1966.0, 'group_batches': 1, 'history_edges': 3153, 'elapsed_sec': 16.588448122143745, 'cuda_allocated_mb': 47, 'cuda_reserved_mb': 236, 'cuda_max_allocated_mb': 195}
{'event': 'train_progress', 'epoch': 3, 'batch': 118, 'batches': 118, 'time_group': 118, 'time_groups': 118, 'history_edges': 3153, 'pos_edges': 91, 'neg_edges': 91, 'loss_recent': 1.9558036138862371, 'elapsed_sec': 16.764425106346607, 'avg_sec_per_batch': 0.1420713992063272, 'cuda_allocated_mb': 49, 'cuda_reserved_mb': 236, 'cuda_max_allocated_mb': 195}
{'event': 'validation_start', 'epoch': 3}
{'event': 'validation_ranking_start', 'epoch': 3, 'max_edges': 30}
{'event': 'epoch_end', 'epoch': 3, 'early_stop_metric': 'val_composite', 'val_score': 0.12869130925432581, 'val_auc': 0.5842185974121095, 'val_ap': 0.13935150973816496, 'val_ndcg': 0.7161016077502208, 'val_mrr': 0.007268317629280334, 'val_hits@1': 0.0, 'val_hits@10': 0.016666666666666666, 'val_hits@50': 0.11666666666666667, 'val_hits@100': 0.13333333333333333, 'elapsed_sec': 32.63100506737828}
{'candidate': 'global_relpop_rep_enhanced_probe_h96_r12_a12_p4x4_l1_neg1_lr0p001_hp1_relpopfix48_sr0p01_sa0p001_rep16s0p02_rl0p001_m0_bpr', 'seed': 1, 'composite': nan, 'val_auc': 0.6090019226074219, 'val_ap': 0.1414164660290428, 'val_ndcg': 0.7172004999244277, 'val_mrr': 0.028612530524762727, 'val_hits@1': 0.0, 'val_hits@10': 0.05, 'val_hits@50': 0.23333333333333334, 'val_hits@100': 0.31666666666666665, 'train_loss': 2.0734019951295046, 'train_lp': 0.4370477420546241, 'train_align': 308.9515650474419, 'train_kl': 882.2789619898392, 'train_ood_reg': 0.21940872363619884, 'train_meta': 0.44216916066105083, 'train_struct_aux': 0.9383004764884205, 'train_weighted_align': 1.5447577966250858, 'train_weighted_kl': 0.08822789406246048, 'train_weighted_ood_reg': 0.00021940873372486904, 'train_weighted_meta': 0.002210845750257357, 'train_weighted_struct_aux': 0.0009383005205979886, 'train_rank': 0.32074631592732367, 'train_weighted_rank': 0.00032074633183922635}
{'event': 'candidate_summary', 'candidate': 'global_relpop_rep_enhanced_probe_h96_r12_a12_p4x4_l1_neg1_lr0p001_hp1_relpopfix48_sr0p01_sa0p001_rep16s0p02_rl0p001_m0_bpr', 'score': 0.14768888128955165, 'passes_metric_minima': True, 'means': {'val_auc': 0.6090019226074219, 'val_ap': 0.1414164660290428, 'val_mrr': 0.028612530524762727, 'val_hits@10': 0.05, 'val_ndcg': 0.7172004999244277}, 'seeds_completed': 1}
{'event': 'candidate_seed_start', 'candidate': 'global_relpop_rep_enhanced_probe_h96_r12_a12_p4x4_l1_neg1_lr0p001_hp1_relpopfix48_sr0p01_sa0p001_rep16s0p05_rl0p001_m0_bpr', 'seed': 1, 'device': 'cuda', 'node_text_device': 'cuda:0'}
{'event': 'train_seed_start', 'seed': 1, 'train_edges': 3244, 'val_edges': 6738, 'test_edges': 26719, 'num_nodes': 4197, 'num_relations': 19}
{'event': 'train_seed_tensors_ready', 'seed': 1, 'elapsed_sec': 0.005424801260232925, 'cuda_allocated_mb': 26, 'cuda_reserved_mb': 44, 'cuda_max_allocated_mb': 195}
{'event': 'train_known_facts_ready', 'seed': 1, 'scope': 'train', 'edges': 3244, 'elapsed_sec': 0.0072272419929504395}
{'event': 'train_known_facts_ready', 'seed': 1, 'scope': 'train_val', 'edges': 9982, 'elapsed_sec': 0.008403372019529343}
{'event': 'train_sampler_ready', 'seed': 1, 'elapsed_sec': 0.012313738465309143}
{'event': 'val_sampler_ready', 'seed': 1, 'elapsed_sec': 0.015925057232379913}
{'event': 'epoch_start', 'epoch': 1, 'epochs': 3, 'batches': 118, 'time_groups': 118}
{'event': 'train_time_group', 'epoch': 1, 'time_group': 1, 'time_groups': 118, 'batch': 0, 'batches': 118, 'time_value': 600.0, 'group_batches': 1, 'history_edges': 0, 'elapsed_sec': 0.005185671150684357, 'cuda_allocated_mb': 26, 'cuda_reserved_mb': 44, 'cuda_max_allocated_mb': 195}
{'event': 'train_progress', 'epoch': 1, 'batch': 1, 'batches': 118, 'time_group': 1, 'time_groups': 118, 'history_edges': 0, 'pos_edges': 1, 'neg_edges': 1, 'loss_recent': 0.6802996397018433, 'elapsed_sec': 0.1198778972029686, 'avg_sec_per_batch': 0.1198778972029686, 'cuda_allocated_mb': 46, 'cuda_reserved_mb': 92, 'cuda_max_allocated_mb': 195}
{'event': 'train_progress', 'epoch': 1, 'batch': 100, 'batches': 118, 'time_group': 100, 'time_groups': 118, 'history_edges': 2144, 'pos_edges': 38, 'neg_edges': 38, 'loss_recent': 1.738345472216606, 'elapsed_sec': 13.966054670512676, 'avg_sec_per_batch': 0.13966054670512676, 'cuda_allocated_mb': 48, 'cuda_reserved_mb': 204, 'cuda_max_allocated_mb': 195}
{'event': 'train_time_group', 'epoch': 1, 'time_group': 118, 'time_groups': 118, 'batch': 117, 'batches': 118, 'time_value': 1966.0, 'group_batches': 1, 'history_edges': 3153, 'elapsed_sec': 16.759725648909807, 'cuda_allocated_mb': 47, 'cuda_reserved_mb': 224, 'cuda_max_allocated_mb': 195}
{'event': 'train_progress', 'epoch': 1, 'batch': 118, 'batches': 118, 'time_group': 118, 'time_groups': 118, 'history_edges': 3153, 'pos_edges': 91, 'neg_edges': 91, 'loss_recent': 2.3223502707481383, 'elapsed_sec': 16.93526592850685, 'avg_sec_per_batch': 0.14351920278395636, 'cuda_allocated_mb': 50, 'cuda_reserved_mb': 224, 'cuda_max_allocated_mb': 195}
{'event': 'validation_start', 'epoch': 1}
{'event': 'validation_ranking_start', 'epoch': 1, 'max_edges': 30}
{'event': 'epoch_end', 'epoch': 1, 'early_stop_metric': 'val_composite', 'val_score': 0.1476888299223677, 'val_auc': 0.6090080261230469, 'val_ap': 0.14141496520579752, 'val_ndcg': 0.7171992260601512, 'val_mrr': 0.028612522458661218, 'val_hits@1': 0.0, 'val_hits@10': 0.05, 'val_hits@50': 0.23333333333333334, 'val_hits@100': 0.31666666666666665, 'elapsed_sec': 32.401850547641516}
{'event': 'epoch_start', 'epoch': 2, 'epochs': 3, 'batches': 118, 'time_groups': 118}
{'event': 'train_time_group', 'epoch': 2, 'time_group': 1, 'time_groups': 118, 'batch': 0, 'batches': 118, 'time_value': 600.0, 'group_batches': 1, 'history_edges': 0, 'elapsed_sec': 0.007066071033477783, 'cuda_allocated_mb': 47, 'cuda_reserved_mb': 236, 'cuda_max_allocated_mb': 195}
{'event': 'train_progress', 'epoch': 2, 'batch': 1, 'batches': 118, 'time_group': 1, 'time_groups': 118, 'history_edges': 0, 'pos_edges': 1, 'neg_edges': 1, 'loss_recent': 0.5103312134742737, 'elapsed_sec': 0.11563034355640411, 'avg_sec_per_batch': 0.11563034355640411, 'cuda_allocated_mb': 47, 'cuda_reserved_mb': 236, 'cuda_max_allocated_mb': 195}
{'event': 'train_progress', 'epoch': 2, 'batch': 100, 'batches': 118, 'time_group': 100, 'time_groups': 118, 'history_edges': 2144, 'pos_edges': 38, 'neg_edges': 38, 'loss_recent': 1.5322846180945635, 'elapsed_sec': 13.815797675400972, 'avg_sec_per_batch': 0.13815797675400973, 'cuda_allocated_mb': 48, 'cuda_reserved_mb': 236, 'cuda_max_allocated_mb': 195}
{'event': 'train_time_group', 'epoch': 2, 'time_group': 118, 'time_groups': 118, 'batch': 117, 'batches': 118, 'time_value': 1966.0, 'group_batches': 1, 'history_edges': 3153, 'elapsed_sec': 16.673412322998047, 'cuda_allocated_mb': 47, 'cuda_reserved_mb': 236, 'cuda_max_allocated_mb': 195}
{'event': 'train_progress', 'epoch': 2, 'batch': 118, 'batches': 118, 'time_group': 118, 'time_groups': 118, 'history_edges': 3153, 'pos_edges': 91, 'neg_edges': 91, 'loss_recent': 2.070897675827146, 'elapsed_sec': 16.85929913073778, 'avg_sec_per_batch': 0.1428754163621846, 'cuda_allocated_mb': 49, 'cuda_reserved_mb': 236, 'cuda_max_allocated_mb': 195}
{'event': 'validation_start', 'epoch': 2}
{'event': 'validation_ranking_start', 'epoch': 2, 'max_edges': 30}
{'event': 'epoch_end', 'epoch': 2, 'early_stop_metric': 'val_composite', 'val_score': 0.13286485076394636, 'val_auc': 0.5863739013671875, 'val_ap': 0.13785075544664643, 'val_ndcg': 0.7123243672596925, 'val_mrr': 0.009938877971908205, 'val_hits@1': 0.0, 'val_hits@10': 0.03333333333333333, 'val_hits@50': 0.15, 'val_hits@100': 0.18333333333333332, 'elapsed_sec': 32.119490042328835}
{'event': 'epoch_start', 'epoch': 3, 'epochs': 3, 'batches': 118, 'time_groups': 118}
{'event': 'train_time_group', 'epoch': 3, 'time_group': 1, 'time_groups': 118, 'batch': 0, 'batches': 118, 'time_value': 600.0, 'group_batches': 1, 'history_edges': 0, 'elapsed_sec': 0.006610661745071411, 'cuda_allocated_mb': 47, 'cuda_reserved_mb': 236, 'cuda_max_allocated_mb': 195}
{'event': 'train_progress', 'epoch': 3, 'batch': 1, 'batches': 118, 'time_group': 1, 'time_groups': 118, 'history_edges': 0, 'pos_edges': 1, 'neg_edges': 1, 'loss_recent': 0.7938684821128845, 'elapsed_sec': 0.11833009123802185, 'avg_sec_per_batch': 0.11833009123802185, 'cuda_allocated_mb': 47, 'cuda_reserved_mb': 236, 'cuda_max_allocated_mb': 195}
{'event': 'train_progress', 'epoch': 3, 'batch': 100, 'batches': 118, 'time_group': 100, 'time_groups': 118, 'history_edges': 2144, 'pos_edges': 38, 'neg_edges': 38, 'loss_recent': 1.4347295378148557, 'elapsed_sec': 14.053732924163342, 'avg_sec_per_batch': 0.14053732924163342, 'cuda_allocated_mb': 48, 'cuda_reserved_mb': 236, 'cuda_max_allocated_mb': 195}
{'event': 'train_time_group', 'epoch': 3, 'time_group': 118, 'time_groups': 118, 'batch': 117, 'batches': 118, 'time_value': 1966.0, 'group_batches': 1, 'history_edges': 3153, 'elapsed_sec': 16.803108781576157, 'cuda_allocated_mb': 47, 'cuda_reserved_mb': 236, 'cuda_max_allocated_mb': 195}
{'event': 'train_progress', 'epoch': 3, 'batch': 118, 'batches': 118, 'time_group': 118, 'time_groups': 118, 'history_edges': 3153, 'pos_edges': 91, 'neg_edges': 91, 'loss_recent': 1.959650771766901, 'elapsed_sec': 16.97765775769949, 'avg_sec_per_batch': 0.1438784555737245, 'cuda_allocated_mb': 49, 'cuda_reserved_mb': 236, 'cuda_max_allocated_mb': 195}
{'event': 'validation_start', 'epoch': 3}
{'event': 'validation_ranking_start', 'epoch': 3, 'max_edges': 30}
{'event': 'epoch_end', 'epoch': 3, 'early_stop_metric': 'val_composite', 'val_score': 0.1201491816377777, 'val_auc': 0.5544349670410157, 'val_ap': 0.1257933077701164, 'val_ndcg': 0.7049411410114862, 'val_mrr': 0.006128646038121657, 'val_hits@1': 0.0, 'val_hits@10': 0.0, 'val_hits@50': 0.11666666666666667, 'val_hits@100': 0.11666666666666667, 'elapsed_sec': 32.68721042945981}
{'candidate': 'global_relpop_rep_enhanced_probe_h96_r12_a12_p4x4_l1_neg1_lr0p001_hp1_relpopfix48_sr0p01_sa0p001_rep16s0p05_rl0p001_m0_bpr', 'seed': 1, 'composite': nan, 'val_auc': 0.6090080261230469, 'val_ap': 0.14141496520579752, 'val_ndcg': 0.7171992260601512, 'val_mrr': 0.028612522458661218, 'val_hits@1': 0.0, 'val_hits@10': 0.05, 'val_hits@50': 0.23333333333333334, 'val_hits@100': 0.31666666666666665, 'train_loss': 2.073397211604199, 'train_lp': 0.4370457026160369, 'train_align': 308.9508442676674, 'train_kl': 882.2878529823432, 'train_ood_reg': 0.2194086972434642, 'train_meta': 0.44216817030209604, 'train_struct_aux': 0.9382946599843138, 'train_weighted_align': 1.5447541926277137, 'train_weighted_kl': 0.08822878280859757, 'train_weighted_ood_reg': 0.0002194087072107862, 'train_weighted_meta': 0.0022108408065524615, 'train_weighted_struct_aux': 0.0009382947027916089, 'train_rank': 0.32074390787441853, 'train_weighted_rank': 0.00032074392281898883}
{'event': 'candidate_summary', 'candidate': 'global_relpop_rep_enhanced_probe_h96_r12_a12_p4x4_l1_neg1_lr0p001_hp1_relpopfix48_sr0p01_sa0p001_rep16s0p05_rl0p001_m0_bpr', 'score': 0.1476888299223677, 'passes_metric_minima': True, 'means': {'val_auc': 0.6090080261230469, 'val_ap': 0.14141496520579752, 'val_mrr': 0.028612522458661218, 'val_hits@10': 0.05, 'val_ndcg': 0.7171992260601512}, 'seeds_completed': 1}
