
$ /root/miniconda3/bin/python -u scripts/search_hparams.py --config configs/auto_target/ssptgfm_search_icews14_history_popularity_quickscan.yaml --output results/auto_target_multi_sota_quick/search_icews14_history_popularity_quickscan --resume
runtime_device=cuda
cuda_device=Tesla V100-PCIE-32GB
{'event': 'candidate_seed_start', 'candidate': 'history_popularity_quickscan_h96_r12_a12_p4x4_l1_neg1_lr0p001_hp0p5_freq40_rl0_m1_hinge', 'seed': 1, 'device': 'cuda', 'node_text_device': 'cuda:0'}
{'event': 'train_seed_start', 'seed': 1, 'train_edges': 30000, 'val_edges': 14592, 'test_edges': 14378, 'num_nodes': 7128, 'num_relations': 230}
{'event': 'train_seed_tensors_ready', 'seed': 1, 'elapsed_sec': 0.009209822863340378, 'cuda_allocated_mb': 21, 'cuda_reserved_mb': 24, 'cuda_max_allocated_mb': 21}
{'event': 'train_known_facts_ready', 'seed': 1, 'scope': 'train', 'edges': 30000, 'elapsed_sec': 0.013487905263900757}
{'event': 'train_known_facts_ready', 'seed': 1, 'scope': 'train_val', 'edges': 44592, 'elapsed_sec': 0.01807272806763649}
{'event': 'train_sampler_ready', 'seed': 1, 'elapsed_sec': 0.022421754896640778}
{'event': 'val_sampler_ready', 'seed': 1, 'elapsed_sec': 0.025992203503847122}
{'event': 'epoch_start', 'epoch': 1, 'epochs': 1, 'batches': 127, 'time_groups': 127}
{'event': 'train_time_group', 'epoch': 1, 'time_group': 1, 'time_groups': 127, 'batch': 0, 'batches': 127, 'time_value': 1388534400.0, 'group_batches': 1, 'history_edges': 0, 'elapsed_sec': 0.022098802030086517, 'cuda_allocated_mb': 22, 'cuda_reserved_mb': 24, 'cuda_max_allocated_mb': 22}
{'event': 'train_progress', 'epoch': 1, 'batch': 1, 'batches': 127, 'time_group': 1, 'time_groups': 127, 'history_edges': 0, 'pos_edges': 113, 'neg_edges': 113, 'loss_recent': 8.123932838439941, 'elapsed_sec': 1.1689808815717697, 'avg_sec_per_batch': 1.1689808815717697, 'cuda_allocated_mb': 89, 'cuda_reserved_mb': 174, 'cuda_max_allocated_mb': 159}
{'event': 'train_progress', 'epoch': 1, 'batch': 100, 'batches': 127, 'time_group': 100, 'time_groups': 127, 'history_edges': 23816, 'pos_edges': 259, 'neg_edges': 259, 'loss_recent': 14.661543765068053, 'elapsed_sec': 27.774224650114775, 'avg_sec_per_batch': 0.27774224650114776, 'cuda_allocated_mb': 96, 'cuda_reserved_mb': 748, 'cuda_max_allocated_mb': 656}
{'event': 'train_time_group', 'epoch': 1, 'time_group': 127, 'time_groups': 127, 'batch': 126, 'batches': 127, 'time_value': 1399420800.0, 'group_batches': 1, 'history_edges': 29891, 'elapsed_sec': 35.20774732157588, 'cuda_allocated_mb': 86, 'cuda_reserved_mb': 848, 'cuda_max_allocated_mb': 753}
{'event': 'train_progress', 'epoch': 1, 'batch': 127, 'batches': 127, 'time_group': 127, 'time_groups': 127, 'history_edges': 29891, 'pos_edges': 109, 'neg_edges': 109, 'loss_recent': 14.272771167755128, 'elapsed_sec': 35.431723691523075, 'avg_sec_per_batch': 0.27898995032695334, 'cuda_allocated_mb': 92, 'cuda_reserved_mb': 848, 'cuda_max_allocated_mb': 753}
{'event': 'validation_start', 'epoch': 1}
{'event': 'validation_ranking_start', 'epoch': 1, 'max_edges': 10}
{'event': 'epoch_end', 'epoch': 1, 'early_stop_metric': 'val_composite', 'val_score': 0.5176757317205073, 'val_auc': 0.86263427734375, 'val_ap': 0.6861482793244008, 'val_ndcg': 0.9229885064987303, 'val_mrr': 0.37864585060957323, 'val_hits@1': 0.35, 'val_hits@10': 0.45, 'val_hits@50': 0.6, 'val_hits@100': 0.7, 'elapsed_sec': 58.56321360170841}
{'candidate': 'history_popularity_quickscan_h96_r12_a12_p4x4_l1_neg1_lr0p001_hp0p5_freq40_rl0_m1_hinge', 'seed': 1, 'composite': nan, 'val_auc': 0.86263427734375, 'val_ap': 0.6861482793244008, 'val_ndcg': 0.9229885064987303, 'val_mrr': 0.37864585060957323, 'val_hits@1': 0.35, 'val_hits@10': 0.45, 'val_hits@50': 0.6, 'val_hits@100': 0.7, 'train_loss': 14.201481210903859, 'train_lp': 0.4513774166895649, 'train_align': 2661.3958211583417, 'train_kl': 4406.738174558624, 'train_ood_reg': 0.23216324763035212, 'train_meta': 0.44383202751321116, 'train_weighted_align': 13.306978721318282, 'train_weighted_kl': 0.440673807005244, 'train_weighted_ood_reg': 0.00023216325890522185, 'train_weighted_meta': 0.0022191600883232914}
{'event': 'candidate_summary', 'candidate': 'history_popularity_quickscan_h96_r12_a12_p4x4_l1_neg1_lr0p001_hp0p5_freq40_rl0_m1_hinge', 'score': 0.5176757317205073, 'passes_metric_minima': True, 'means': {'val_auc': 0.86263427734375, 'val_ap': 0.6861482793244008, 'val_mrr': 0.37864585060957323, 'val_hits@10': 0.45, 'val_ndcg': 0.9229885064987303}, 'seeds_completed': 1}
{'event': 'candidate_seed_start', 'candidate': 'history_popularity_quickscan_h96_r12_a12_p4x4_l1_neg1_lr0p001_hp0p5_freq40_rl0p05_m0_bpr', 'seed': 1, 'device': 'cuda', 'node_text_device': 'cuda:0'}
{'event': 'train_seed_start', 'seed': 1, 'train_edges': 30000, 'val_edges': 14592, 'test_edges': 14378, 'num_nodes': 7128, 'num_relations': 230}
{'event': 'train_seed_tensors_ready', 'seed': 1, 'elapsed_sec': 0.007919244468212128, 'cuda_allocated_mb': 37, 'cuda_reserved_mb': 64, 'cuda_max_allocated_mb': 753}
{'event': 'train_known_facts_ready', 'seed': 1, 'scope': 'train', 'edges': 30000, 'elapsed_sec': 0.01198824867606163}
{'event': 'train_known_facts_ready', 'seed': 1, 'scope': 'train_val', 'edges': 44592, 'elapsed_sec': 0.017123453319072723}
{'event': 'train_sampler_ready', 'seed': 1, 'elapsed_sec': 0.02208811417222023}
{'event': 'val_sampler_ready', 'seed': 1, 'elapsed_sec': 0.026382889598608017}
{'event': 'epoch_start', 'epoch': 1, 'epochs': 1, 'batches': 127, 'time_groups': 127}
{'event': 'train_time_group', 'epoch': 1, 'time_group': 1, 'time_groups': 127, 'batch': 0, 'batches': 127, 'time_value': 1388534400.0, 'group_batches': 1, 'history_edges': 0, 'elapsed_sec': 0.009860076010227203, 'cuda_allocated_mb': 38, 'cuda_reserved_mb': 64, 'cuda_max_allocated_mb': 753}
{'event': 'train_progress', 'epoch': 1, 'batch': 1, 'batches': 127, 'time_group': 1, 'time_groups': 127, 'history_edges': 0, 'pos_edges': 113, 'neg_edges': 113, 'loss_recent': 8.123932838439941, 'elapsed_sec': 0.19790393859148026, 'avg_sec_per_batch': 0.19790393859148026, 'cuda_allocated_mb': 89, 'cuda_reserved_mb': 174, 'cuda_max_allocated_mb': 753}
{'event': 'train_progress', 'epoch': 1, 'batch': 100, 'batches': 127, 'time_group': 100, 'time_groups': 127, 'history_edges': 23816, 'pos_edges': 259, 'neg_edges': 259, 'loss_recent': 14.66137454032898, 'elapsed_sec': 26.419126730412245, 'avg_sec_per_batch': 0.26419126730412246, 'cuda_allocated_mb': 96, 'cuda_reserved_mb': 748, 'cuda_max_allocated_mb': 753}
{'event': 'train_time_group', 'epoch': 1, 'time_group': 127, 'time_groups': 127, 'batch': 126, 'batches': 127, 'time_value': 1399420800.0, 'group_batches': 1, 'history_edges': 29891, 'elapsed_sec': 33.10987205803394, 'cuda_allocated_mb': 86, 'cuda_reserved_mb': 828, 'cuda_max_allocated_mb': 753}
{'event': 'train_progress', 'epoch': 1, 'batch': 127, 'batches': 127, 'time_group': 127, 'time_groups': 127, 'history_edges': 29891, 'pos_edges': 109, 'neg_edges': 109, 'loss_recent': 14.272343864440918, 'elapsed_sec': 33.321077566593885, 'avg_sec_per_batch': 0.2623706895007393, 'cuda_allocated_mb': 92, 'cuda_reserved_mb': 848, 'cuda_max_allocated_mb': 753}
{'event': 'validation_start', 'epoch': 1}
{'event': 'validation_ranking_start', 'epoch': 1, 'max_edges': 10}
{'event': 'epoch_end', 'epoch': 1, 'early_stop_metric': 'val_composite', 'val_score': 0.5183882124363247, 'val_auc': 0.8635589599609377, 'val_ap': 0.6878829127931523, 'val_ndcg': 0.9233879867152205, 'val_mrr': 0.3793780576955658, 'val_hits@1': 0.35, 'val_hits@10': 0.45, 'val_hits@50': 0.6, 'val_hits@100': 0.7, 'elapsed_sec': 55.5790761820972}
{'candidate': 'history_popularity_quickscan_h96_r12_a12_p4x4_l1_neg1_lr0p001_hp0p5_freq40_rl0p05_m0_bpr', 'seed': 1, 'composite': nan, 'val_auc': 0.8635589599609377, 'val_ap': 0.6878829127931523, 'val_ndcg': 0.9233879867152205, 'val_mrr': 0.3793780576955658, 'val_hits@1': 0.35, 'val_hits@10': 0.45, 'val_hits@50': 0.6, 'val_hits@100': 0.7, 'train_loss': 14.201213851688415, 'train_lp': 0.45098733104120087, 'train_align': 2661.3796156034696, 'train_kl': 4408.797291192483, 'train_ood_reg': 0.2321387836782951, 'train_meta': 0.44337166411670176, 'train_weighted_align': 13.306897816695566, 'train_weighted_kl': 0.440879719581191, 'train_weighted_ood_reg': 0.00023213879438575475, 'train_weighted_meta': 0.0022168582796639816, 'train_rank': 0.27960938015791376, 'train_weighted_rank': 0.01398046928875911}
{'event': 'candidate_summary', 'candidate': 'history_popularity_quickscan_h96_r12_a12_p4x4_l1_neg1_lr0p001_hp0p5_freq40_rl0p05_m0_bpr', 'score': 0.5183882124363247, 'passes_metric_minima': True, 'means': {'val_auc': 0.8635589599609377, 'val_ap': 0.6878829127931523, 'val_mrr': 0.3793780576955658, 'val_hits@10': 0.45, 'val_ndcg': 0.9233879867152205}, 'seeds_completed': 1}
{'event': 'candidate_seed_start', 'candidate': 'history_popularity_quickscan_h96_r12_a12_p4x4_l1_neg1_lr0p001_hp0p5_hybrid40_rl0_m1_hinge', 'seed': 1, 'device': 'cuda', 'node_text_device': 'cuda:0'}
{'event': 'train_seed_start', 'seed': 1, 'train_edges': 30000, 'val_edges': 14592, 'test_edges': 14378, 'num_nodes': 7128, 'num_relations': 230}
{'event': 'train_seed_tensors_ready', 'seed': 1, 'elapsed_sec': 0.00801076740026474, 'cuda_allocated_mb': 37, 'cuda_reserved_mb': 64, 'cuda_max_allocated_mb': 753}
{'event': 'train_known_facts_ready', 'seed': 1, 'scope': 'train', 'edges': 30000, 'elapsed_sec': 0.012004155665636063}
{'event': 'train_known_facts_ready', 'seed': 1, 'scope': 'train_val', 'edges': 44592, 'elapsed_sec': 0.016637802124023438}
{'event': 'train_sampler_ready', 'seed': 1, 'elapsed_sec': 0.021112095564603806}
{'event': 'val_sampler_ready', 'seed': 1, 'elapsed_sec': 0.024699505418539047}
{'event': 'epoch_start', 'epoch': 1, 'epochs': 1, 'batches': 127, 'time_groups': 127}
{'event': 'train_time_group', 'epoch': 1, 'time_group': 1, 'time_groups': 127, 'batch': 0, 'batches': 127, 'time_value': 1388534400.0, 'group_batches': 1, 'history_edges': 0, 'elapsed_sec': 0.009831242263317108, 'cuda_allocated_mb': 38, 'cuda_reserved_mb': 64, 'cuda_max_allocated_mb': 753}
{'event': 'train_progress', 'epoch': 1, 'batch': 1, 'batches': 127, 'time_group': 1, 'time_groups': 127, 'history_edges': 0, 'pos_edges': 113, 'neg_edges': 113, 'loss_recent': 8.123932838439941, 'elapsed_sec': 0.18708878755569458, 'avg_sec_per_batch': 0.18708878755569458, 'cuda_allocated_mb': 89, 'cuda_reserved_mb': 174, 'cuda_max_allocated_mb': 753}
{'event': 'train_progress', 'epoch': 1, 'batch': 100, 'batches': 127, 'time_group': 100, 'time_groups': 127, 'history_edges': 23816, 'pos_edges': 259, 'neg_edges': 259, 'loss_recent': 14.65454041004181, 'elapsed_sec': 25.411150079220533, 'avg_sec_per_batch': 0.25411150079220535, 'cuda_allocated_mb': 96, 'cuda_reserved_mb': 748, 'cuda_max_allocated_mb': 753}
{'event': 'train_time_group', 'epoch': 1, 'time_group': 127, 'time_groups': 127, 'batch': 126, 'batches': 127, 'time_value': 1399420800.0, 'group_batches': 1, 'history_edges': 29891, 'elapsed_sec': 32.08074080571532, 'cuda_allocated_mb': 86, 'cuda_reserved_mb': 828, 'cuda_max_allocated_mb': 753}
{'event': 'train_progress', 'epoch': 1, 'batch': 127, 'batches': 127, 'time_group': 127, 'time_groups': 127, 'history_edges': 29891, 'pos_edges': 109, 'neg_edges': 109, 'loss_recent': 14.27430193424225, 'elapsed_sec': 32.287114933133125, 'avg_sec_per_batch': 0.2542292514419931, 'cuda_allocated_mb': 92, 'cuda_reserved_mb': 848, 'cuda_max_allocated_mb': 753}
{'event': 'validation_start', 'epoch': 1}
{'event': 'validation_ranking_start', 'epoch': 1, 'max_edges': 10}
{'event': 'epoch_end', 'epoch': 1, 'early_stop_metric': 'val_composite', 'val_score': 0.5139383938900878, 'val_auc': 0.8573486328125, 'val_ap': 0.7057750035874333, 'val_ndcg': 0.9387299566574007, 'val_mrr': 0.3426634320912154, 'val_hits@1': 0.25, 'val_hits@10': 0.5, 'val_hits@50': 0.8, 'val_hits@100': 0.8, 'elapsed_sec': 55.02128864079714}
{'candidate': 'history_popularity_quickscan_h96_r12_a12_p4x4_l1_neg1_lr0p001_hp0p5_hybrid40_rl0_m1_hinge', 'seed': 1, 'composite': nan, 'val_auc': 0.8573486328125, 'val_ap': 0.7057750035874333, 'val_ndcg': 0.9387299566574007, 'val_mrr': 0.3426634320912154, 'val_hits@1': 0.25, 'val_hits@10': 0.5, 'val_hits@50': 0.8, 'val_hits@100': 0.8, 'train_loss': 14.196803618603804, 'train_lp': 0.4487820591513566, 'train_align': 2660.9238319697342, 'train_kl': 4409.647211029774, 'train_ood_reg': 0.2323009809405785, 'train_meta': 0.44114499063942375, 'train_weighted_align': 13.304618891768568, 'train_weighted_kl': 0.44096471146335753, 'train_weighted_ood_reg': 0.00023230099278285835, 'train_weighted_meta': 0.0022057249095276234}
{'event': 'candidate_summary', 'candidate': 'history_popularity_quickscan_h96_r12_a12_p4x4_l1_neg1_lr0p001_hp0p5_hybrid40_rl0_m1_hinge', 'score': 0.5139383938900878, 'passes_metric_minima': True, 'means': {'val_auc': 0.8573486328125, 'val_ap': 0.7057750035874333, 'val_mrr': 0.3426634320912154, 'val_hits@10': 0.5, 'val_ndcg': 0.9387299566574007}, 'seeds_completed': 1}
{'event': 'candidate_seed_start', 'candidate': 'history_popularity_quickscan_h96_r12_a12_p4x4_l1_neg1_lr0p001_hp0p5_hybrid40_rl0p05_m0_bpr', 'seed': 1, 'device': 'cuda', 'node_text_device': 'cuda:0'}
{'event': 'train_seed_start', 'seed': 1, 'train_edges': 30000, 'val_edges': 14592, 'test_edges': 14378, 'num_nodes': 7128, 'num_relations': 230}
{'event': 'train_seed_tensors_ready', 'seed': 1, 'elapsed_sec': 0.007704772055149078, 'cuda_allocated_mb': 37, 'cuda_reserved_mb': 64, 'cuda_max_allocated_mb': 753}
{'event': 'train_known_facts_ready', 'seed': 1, 'scope': 'train', 'edges': 30000, 'elapsed_sec': 0.01223582774400711}
{'event': 'train_known_facts_ready', 'seed': 1, 'scope': 'train_val', 'edges': 44592, 'elapsed_sec': 0.016977030783891678}
{'event': 'train_sampler_ready', 'seed': 1, 'elapsed_sec': 0.02196691557765007}
{'event': 'val_sampler_ready', 'seed': 1, 'elapsed_sec': 0.02600506693124771}
{'event': 'epoch_start', 'epoch': 1, 'epochs': 1, 'batches': 127, 'time_groups': 127}
{'event': 'train_time_group', 'epoch': 1, 'time_group': 1, 'time_groups': 127, 'batch': 0, 'batches': 127, 'time_value': 1388534400.0, 'group_batches': 1, 'history_edges': 0, 'elapsed_sec': 0.01001402735710144, 'cuda_allocated_mb': 38, 'cuda_reserved_mb': 64, 'cuda_max_allocated_mb': 753}
{'event': 'train_progress', 'epoch': 1, 'batch': 1, 'batches': 127, 'time_group': 1, 'time_groups': 127, 'history_edges': 0, 'pos_edges': 113, 'neg_edges': 113, 'loss_recent': 8.123932838439941, 'elapsed_sec': 0.18443062528967857, 'avg_sec_per_batch': 0.18443062528967857, 'cuda_allocated_mb': 89, 'cuda_reserved_mb': 174, 'cuda_max_allocated_mb': 753}
{'event': 'train_progress', 'epoch': 1, 'batch': 100, 'batches': 127, 'time_group': 100, 'time_groups': 127, 'history_edges': 23816, 'pos_edges': 259, 'neg_edges': 259, 'loss_recent': 14.6540656375885, 'elapsed_sec': 26.08751790598035, 'avg_sec_per_batch': 0.2608751790598035, 'cuda_allocated_mb': 96, 'cuda_reserved_mb': 748, 'cuda_max_allocated_mb': 753}
{'event': 'train_time_group', 'epoch': 1, 'time_group': 127, 'time_groups': 127, 'batch': 126, 'batches': 127, 'time_value': 1399420800.0, 'group_batches': 1, 'history_edges': 29891, 'elapsed_sec': 32.76963038742542, 'cuda_allocated_mb': 86, 'cuda_reserved_mb': 828, 'cuda_max_allocated_mb': 753}
{'event': 'train_progress', 'epoch': 1, 'batch': 127, 'batches': 127, 'time_group': 127, 'time_groups': 127, 'history_edges': 29891, 'pos_edges': 109, 'neg_edges': 109, 'loss_recent': 14.273386764526368, 'elapsed_sec': 33.04181034490466, 'avg_sec_per_batch': 0.2601717349992493, 'cuda_allocated_mb': 92, 'cuda_reserved_mb': 848, 'cuda_max_allocated_mb': 753}
{'event': 'validation_start', 'epoch': 1}
{'event': 'validation_ranking_start', 'epoch': 1, 'max_edges': 10}
{'event': 'epoch_end', 'epoch': 1, 'early_stop_metric': 'val_composite', 'val_score': 0.5153427475198663, 'val_auc': 0.8572814941406252, 'val_ap': 0.7046179451856223, 'val_ndcg': 0.9383870159238404, 'val_mrr': 0.34589455888521525, 'val_hits@1': 0.25, 'val_hits@10': 0.5, 'val_hits@50': 0.8, 'val_hits@100': 0.8, 'elapsed_sec': 55.9124832265079}
{'candidate': 'history_popularity_quickscan_h96_r12_a12_p4x4_l1_neg1_lr0p001_hp0p5_hybrid40_rl0p05_m0_bpr', 'seed': 1, 'composite': nan, 'val_auc': 0.8572814941406252, 'val_ap': 0.7046179451856223, 'val_ndcg': 0.9383870159238404, 'val_mrr': 0.34589455888521525, 'val_hits@1': 0.25, 'val_hits@10': 0.5, 'val_hits@50': 0.8, 'val_hits@100': 0.8, 'train_loss': 14.196227283928337, 'train_lp': 0.44843800518456406, 'train_align': 2660.829794575849, 'train_kl': 4412.0477285310035, 'train_ood_reg': 0.232282828040949, 'train_meta': 0.44070386335136386, 'train_weighted_align': 13.3041486852751, 'train_weighted_kl': 0.44120476248226764, 'train_weighted_ood_reg': 0.000232282839669648, 'train_weighted_meta': 0.002203519268174047, 'train_rank': 0.2557089050102422, 'train_weighted_rank': 0.012785445488109363}
{'event': 'candidate_summary', 'candidate': 'history_popularity_quickscan_h96_r12_a12_p4x4_l1_neg1_lr0p001_hp0p5_hybrid40_rl0p05_m0_bpr', 'score': 0.5153427475198663, 'passes_metric_minima': True, 'means': {'val_auc': 0.8572814941406252, 'val_ap': 0.7046179451856223, 'val_mrr': 0.34589455888521525, 'val_hits@10': 0.5, 'val_ndcg': 0.9383870159238404}, 'seeds_completed': 1}
