
$ /root/miniconda3/bin/python -u scripts/search_hparams.py --config configs/auto_target/ssptgfm_search_tgb_smallpedia_global_relpop_rep_enhanced_probe.yaml --output results/global_relpop_rep_enhanced_phase1/search_tgb_smallpedia_global_relpop_rep_enhanced_probe --resume
runtime_device=cuda
cuda_device=Tesla V100-PCIE-32GB
{'event': 'candidate_seed_start', 'candidate': 'global_relpop_rep_enhanced_probe_h96_r12_a12_p4x4_l1_neg1_lr0p001_hp1_relpopfix48_sr0p01_sa0p001_rep8s0p02_rl0p001_m0_bpr', 'seed': 1, 'device': 'cuda', 'node_text_device': 'cuda:0'}
{'event': 'train_seed_start', 'seed': 1, 'train_edges': 50000, 'val_edges': 162066, 'test_edges': 163172, 'num_nodes': 47433, 'num_relations': 566}
{'event': 'train_seed_tensors_ready', 'seed': 1, 'elapsed_sec': 0.016669228672981262, 'cuda_allocated_mb': 108, 'cuda_reserved_mb': 126, 'cuda_max_allocated_mb': 108}
{'event': 'train_known_facts_ready', 'seed': 1, 'scope': 'train', 'edges': 50000, 'elapsed_sec': 0.021589912474155426}
{'event': 'train_known_facts_ready', 'seed': 1, 'scope': 'train_val', 'edges': 212066, 'elapsed_sec': 0.03746381402015686}
{'event': 'train_sampler_ready', 'seed': 1, 'elapsed_sec': 0.16027290746569633}
{'event': 'val_sampler_ready', 'seed': 1, 'elapsed_sec': 0.2790229916572571}
{'event': 'epoch_start', 'epoch': 1, 'epochs': 3, 'batches': 156, 'time_groups': 98}
{'event': 'train_time_group', 'epoch': 1, 'time_group': 1, 'time_groups': 98, 'batch': 0, 'batches': 156, 'time_value': 1900.0, 'group_batches': 1, 'history_edges': 0, 'elapsed_sec': 0.2826806977391243, 'cuda_allocated_mb': 110, 'cuda_reserved_mb': 126, 'cuda_max_allocated_mb': 110}
{'event': 'train_progress', 'epoch': 1, 'batch': 1, 'batches': 156, 'time_group': 1, 'time_groups': 98, 'history_edges': 0, 'pos_edges': 252, 'neg_edges': 252, 'loss_recent': 22.97400665283203, 'elapsed_sec': 1.6063066683709621, 'avg_sec_per_batch': 1.6063066683709621, 'cuda_allocated_mb': 405, 'cuda_reserved_mb': 858, 'cuda_max_allocated_mb': 841}
{'event': 'train_progress', 'epoch': 1, 'batch': 100, 'batches': 156, 'time_group': 70, 'time_groups': 98, 'history_edges': 30867, 'pos_edges': 92, 'neg_edges': 92, 'loss_recent': 27.933777913451195, 'elapsed_sec': 40.11238430067897, 'avg_sec_per_batch': 0.40112384300678966, 'cuda_allocated_mb': 477, 'cuda_reserved_mb': 2042, 'cuda_max_allocated_mb': 1938}
{'event': 'train_time_group', 'epoch': 1, 'time_group': 98, 'time_groups': 98, 'batch': 154, 'batches': 156, 'time_value': 1997.0, 'group_batches': 2, 'history_edges': 49206, 'elapsed_sec': 62.33721557632089, 'cuda_allocated_mb': 346, 'cuda_reserved_mb': 2304, 'cuda_max_allocated_mb': 2225}
{'event': 'train_progress', 'epoch': 1, 'batch': 156, 'batches': 156, 'time_group': 98, 'time_groups': 98, 'history_edges': 49206, 'pos_edges': 282, 'neg_edges': 282, 'loss_recent': 29.159793471097945, 'elapsed_sec': 63.250852458179, 'avg_sec_per_batch': 0.4054541824242243, 'cuda_allocated_mb': 479, 'cuda_reserved_mb': 2326, 'cuda_max_allocated_mb': 2238}
{'event': 'validation_start', 'epoch': 1}
{'event': 'validation_ranking_start', 'epoch': 1, 'max_edges': 30}
{'event': 'epoch_end', 'epoch': 1, 'early_stop_metric': 'val_composite', 'val_score': 0.3323086386540925, 'val_auc': 0.7032764434814452, 'val_ap': 0.38221161321514446, 'val_ndcg': 0.847573000361842, 'val_mrr': 0.2034448822564621, 'val_hits@1': 0.16666666666666666, 'val_hits@10': 0.26666666666666666, 'val_hits@50': 0.2833333333333333, 'val_hits@100': 0.3, 'elapsed_sec': 230.48275660723448}
{'event': 'epoch_start', 'epoch': 2, 'epochs': 3, 'batches': 156, 'time_groups': 98}
{'event': 'train_time_group', 'epoch': 2, 'time_group': 1, 'time_groups': 98, 'batch': 0, 'batches': 156, 'time_value': 1900.0, 'group_batches': 1, 'history_edges': 0, 'elapsed_sec': 0.046896208077669144, 'cuda_allocated_mb': 346, 'cuda_reserved_mb': 2432, 'cuda_max_allocated_mb': 2238}
{'event': 'train_progress', 'epoch': 2, 'batch': 1, 'batches': 156, 'time_group': 1, 'time_groups': 98, 'history_edges': 0, 'pos_edges': 252, 'neg_edges': 252, 'loss_recent': 22.701528549194336, 'elapsed_sec': 0.3055833764374256, 'avg_sec_per_batch': 0.3055833764374256, 'cuda_allocated_mb': 406, 'cuda_reserved_mb': 2432, 'cuda_max_allocated_mb': 2238}
{'event': 'train_progress', 'epoch': 2, 'batch': 100, 'batches': 156, 'time_group': 70, 'time_groups': 98, 'history_edges': 30867, 'pos_edges': 92, 'neg_edges': 92, 'loss_recent': 27.46073520064354, 'elapsed_sec': 37.435258105397224, 'avg_sec_per_batch': 0.37435258105397223, 'cuda_allocated_mb': 478, 'cuda_reserved_mb': 2432, 'cuda_max_allocated_mb': 2238}
{'event': 'train_time_group', 'epoch': 2, 'time_group': 98, 'time_groups': 98, 'batch': 154, 'batches': 156, 'time_value': 1997.0, 'group_batches': 2, 'history_edges': 49206, 'elapsed_sec': 58.85372446477413, 'cuda_allocated_mb': 346, 'cuda_reserved_mb': 2432, 'cuda_max_allocated_mb': 2238}
{'event': 'train_progress', 'epoch': 2, 'batch': 156, 'batches': 156, 'time_group': 98, 'time_groups': 98, 'history_edges': 49206, 'pos_edges': 282, 'neg_edges': 282, 'loss_recent': 29.08092004656792, 'elapsed_sec': 59.69908469542861, 'avg_sec_per_batch': 0.3826864403553116, 'cuda_allocated_mb': 479, 'cuda_reserved_mb': 2432, 'cuda_max_allocated_mb': 2238}
{'event': 'validation_start', 'epoch': 2}
{'event': 'validation_ranking_start', 'epoch': 2, 'max_edges': 30}
{'event': 'epoch_end', 'epoch': 2, 'early_stop_metric': 'val_composite', 'val_score': 0.34201035850441186, 'val_auc': 0.7349636077880859, 'val_ap': 0.41197953952089394, 'val_ndcg': 0.8591546412911413, 'val_mrr': 0.20176623278218528, 'val_hits@1': 0.16666666666666666, 'val_hits@10': 0.2833333333333333, 'val_hits@50': 0.2833333333333333, 'val_hits@100': 0.31666666666666665, 'elapsed_sec': 219.50923416763544}
{'event': 'epoch_start', 'epoch': 3, 'epochs': 3, 'batches': 156, 'time_groups': 98}
{'event': 'train_time_group', 'epoch': 3, 'time_group': 1, 'time_groups': 98, 'batch': 0, 'batches': 156, 'time_value': 1900.0, 'group_batches': 1, 'history_edges': 0, 'elapsed_sec': 0.047011665999889374, 'cuda_allocated_mb': 346, 'cuda_reserved_mb': 2432, 'cuda_max_allocated_mb': 2238}
{'event': 'train_progress', 'epoch': 3, 'batch': 1, 'batches': 156, 'time_group': 1, 'time_groups': 98, 'history_edges': 0, 'pos_edges': 252, 'neg_edges': 252, 'loss_recent': 22.691612243652344, 'elapsed_sec': 0.30993567779660225, 'avg_sec_per_batch': 0.30993567779660225, 'cuda_allocated_mb': 405, 'cuda_reserved_mb': 2432, 'cuda_max_allocated_mb': 2238}
{'event': 'train_progress', 'epoch': 3, 'batch': 100, 'batches': 156, 'time_group': 70, 'time_groups': 98, 'history_edges': 30867, 'pos_edges': 92, 'neg_edges': 92, 'loss_recent': 27.463857225477696, 'elapsed_sec': 38.10363082587719, 'avg_sec_per_batch': 0.3810363082587719, 'cuda_allocated_mb': 478, 'cuda_reserved_mb': 2432, 'cuda_max_allocated_mb': 2238}
{'event': 'train_time_group', 'epoch': 3, 'time_group': 98, 'time_groups': 98, 'batch': 154, 'batches': 156, 'time_value': 1997.0, 'group_batches': 2, 'history_edges': 49206, 'elapsed_sec': 60.12422948330641, 'cuda_allocated_mb': 346, 'cuda_reserved_mb': 2432, 'cuda_max_allocated_mb': 2238}
{'event': 'train_progress', 'epoch': 3, 'batch': 156, 'batches': 156, 'time_group': 98, 'time_groups': 98, 'history_edges': 49206, 'pos_edges': 282, 'neg_edges': 282, 'loss_recent': 29.08726994037628, 'elapsed_sec': 61.05522186681628, 'avg_sec_per_batch': 0.3913796273513864, 'cuda_allocated_mb': 479, 'cuda_reserved_mb': 2432, 'cuda_max_allocated_mb': 2238}
{'event': 'validation_start', 'epoch': 3}
{'event': 'validation_ranking_start', 'epoch': 3, 'max_edges': 30}
{'event': 'epoch_end', 'epoch': 3, 'early_stop_metric': 'val_composite', 'val_score': 0.3549838774515958, 'val_auc': 0.7375991821289062, 'val_ap': 0.41858075773596065, 'val_ndcg': 0.861516514850886, 'val_mrr': 0.22499697306600228, 'val_hits@1': 0.2, 'val_hits@10': 0.2833333333333333, 'val_hits@50': 0.2833333333333333, 'val_hits@100': 0.3333333333333333, 'elapsed_sec': 230.4483983963728}
{'candidate': 'global_relpop_rep_enhanced_probe_h96_r12_a12_p4x4_l1_neg1_lr0p001_hp1_relpopfix48_sr0p01_sa0p001_rep8s0p02_rl0p001_m0_bpr', 'seed': 1, 'composite': nan, 'val_auc': 0.7375991821289062, 'val_ap': 0.41858075773596065, 'val_ndcg': 0.861516514850886, 'val_mrr': 0.22499697306600228, 'val_hits@1': 0.2, 'val_hits@10': 0.2833333333333333, 'val_hits@50': 0.2833333333333333, 'val_hits@100': 0.3333333333333333, 'train_loss': 28.878554582022705, 'train_lp': 0.4227959932043002, 'train_align': 5689.123601656694, 'train_kl': 59.56605692895559, 'train_ood_reg': 0.20763478265740934, 'train_meta': 0.416555293632719, 'train_struct_aux': 1.8940159472135396, 'train_weighted_align': 28.44561752036978, 'train_weighted_kl': 0.00595660555527735, 'train_weighted_ood_reg': 0.0002076347921571981, 'train_weighted_meta': 0.0020827764201385435, 'train_weighted_struct_aux': 0.0018940160442024278, 'train_rank': 0.2390789105437505, 'train_weighted_rank': 0.00023907892218397674}
{'event': 'candidate_summary', 'candidate': 'global_relpop_rep_enhanced_probe_h96_r12_a12_p4x4_l1_neg1_lr0p001_hp1_relpopfix48_sr0p01_sa0p001_rep8s0p02_rl0p001_m0_bpr', 'score': 0.3549838774515958, 'passes_metric_minima': True, 'means': {'val_auc': 0.7375991821289062, 'val_ap': 0.41858075773596065, 'val_mrr': 0.22499697306600228, 'val_hits@10': 0.2833333333333333, 'val_ndcg': 0.861516514850886}, 'seeds_completed': 1}
{'event': 'candidate_seed_start', 'candidate': 'global_relpop_rep_enhanced_probe_h96_r12_a12_p4x4_l1_neg1_lr0p001_hp1_relpopfix48_sr0p01_sa0p001_rep8s0p05_rl0p001_m0_bpr', 'seed': 1, 'device': 'cuda', 'node_text_device': 'cuda:0'}
{'event': 'train_seed_start', 'seed': 1, 'train_edges': 50000, 'val_edges': 162066, 'test_edges': 163172, 'num_nodes': 47433, 'num_relations': 566}
{'event': 'train_seed_tensors_ready', 'seed': 1, 'elapsed_sec': 0.015675630420446396, 'cuda_allocated_mb': 125, 'cuda_reserved_mb': 146, 'cuda_max_allocated_mb': 2238}
{'event': 'train_known_facts_ready', 'seed': 1, 'scope': 'train', 'edges': 50000, 'elapsed_sec': 0.021850932389497757}
{'event': 'train_known_facts_ready', 'seed': 1, 'scope': 'train_val', 'edges': 212066, 'elapsed_sec': 0.04166756942868233}
{'event': 'train_sampler_ready', 'seed': 1, 'elapsed_sec': 0.16159828752279282}
{'event': 'val_sampler_ready', 'seed': 1, 'elapsed_sec': 0.2809586003422737}
{'event': 'epoch_start', 'epoch': 1, 'epochs': 3, 'batches': 156, 'time_groups': 98}
{'event': 'train_time_group', 'epoch': 1, 'time_group': 1, 'time_groups': 98, 'batch': 0, 'batches': 156, 'time_value': 1900.0, 'group_batches': 1, 'history_edges': 0, 'elapsed_sec': 0.019892040640115738, 'cuda_allocated_mb': 126, 'cuda_reserved_mb': 146, 'cuda_max_allocated_mb': 2238}
{'event': 'train_progress', 'epoch': 1, 'batch': 1, 'batches': 156, 'time_group': 1, 'time_groups': 98, 'history_edges': 0, 'pos_edges': 252, 'neg_edges': 252, 'loss_recent': 22.97400665283203, 'elapsed_sec': 0.2962426729500294, 'avg_sec_per_batch': 0.2962426729500294, 'cuda_allocated_mb': 405, 'cuda_reserved_mb': 878, 'cuda_max_allocated_mb': 2238}
{'event': 'train_progress', 'epoch': 1, 'batch': 100, 'batches': 156, 'time_group': 70, 'time_groups': 98, 'history_edges': 30867, 'pos_edges': 92, 'neg_edges': 92, 'loss_recent': 27.93377612233162, 'elapsed_sec': 37.272955413907766, 'avg_sec_per_batch': 0.37272955413907766, 'cuda_allocated_mb': 477, 'cuda_reserved_mb': 2022, 'cuda_max_allocated_mb': 2238}
{'event': 'train_time_group', 'epoch': 1, 'time_group': 98, 'time_groups': 98, 'batch': 154, 'batches': 156, 'time_value': 1997.0, 'group_batches': 2, 'history_edges': 49206, 'elapsed_sec': 59.284272253513336, 'cuda_allocated_mb': 346, 'cuda_reserved_mb': 2304, 'cuda_max_allocated_mb': 2238}
{'event': 'train_progress', 'epoch': 1, 'batch': 156, 'batches': 156, 'time_group': 98, 'time_groups': 98, 'history_edges': 49206, 'pos_edges': 282, 'neg_edges': 282, 'loss_recent': 29.15978873372078, 'elapsed_sec': 60.15059494227171, 'avg_sec_per_batch': 0.38558073680943405, 'cuda_allocated_mb': 479, 'cuda_reserved_mb': 2304, 'cuda_max_allocated_mb': 2238}
{'event': 'validation_start', 'epoch': 1}
{'event': 'validation_ranking_start', 'epoch': 1, 'max_edges': 30}
{'event': 'epoch_end', 'epoch': 1, 'early_stop_metric': 'val_composite', 'val_score': 0.3323156339144415, 'val_auc': 0.7033111572265625, 'val_ap': 0.38223948802257807, 'val_ndcg': 0.8475836885454946, 'val_mrr': 0.20344490132368773, 'val_hits@1': 0.16666666666666666, 'val_hits@10': 0.26666666666666666, 'val_hits@50': 0.2833333333333333, 'val_hits@100': 0.3, 'elapsed_sec': 228.17586031928658}
{'event': 'epoch_start', 'epoch': 2, 'epochs': 3, 'batches': 156, 'time_groups': 98}
{'event': 'train_time_group', 'epoch': 2, 'time_group': 1, 'time_groups': 98, 'batch': 0, 'batches': 156, 'time_value': 1900.0, 'group_batches': 1, 'history_edges': 0, 'elapsed_sec': 0.30637966841459274, 'cuda_allocated_mb': 346, 'cuda_reserved_mb': 2412, 'cuda_max_allocated_mb': 2238}
{'event': 'train_progress', 'epoch': 2, 'batch': 1, 'batches': 156, 'time_group': 1, 'time_groups': 98, 'history_edges': 0, 'pos_edges': 252, 'neg_edges': 252, 'loss_recent': 22.701637268066406, 'elapsed_sec': 0.566664531826973, 'avg_sec_per_batch': 0.566664531826973, 'cuda_allocated_mb': 406, 'cuda_reserved_mb': 2412, 'cuda_max_allocated_mb': 2238}
{'event': 'train_progress', 'epoch': 2, 'batch': 100, 'batches': 156, 'time_group': 70, 'time_groups': 98, 'history_edges': 30867, 'pos_edges': 92, 'neg_edges': 92, 'loss_recent': 27.46066304385662, 'elapsed_sec': 37.289350882172585, 'avg_sec_per_batch': 0.37289350882172584, 'cuda_allocated_mb': 478, 'cuda_reserved_mb': 2412, 'cuda_max_allocated_mb': 2238}
{'event': 'train_time_group', 'epoch': 2, 'time_group': 98, 'time_groups': 98, 'batch': 154, 'batches': 156, 'time_value': 1997.0, 'group_batches': 2, 'history_edges': 49206, 'elapsed_sec': 58.90826855972409, 'cuda_allocated_mb': 346, 'cuda_reserved_mb': 2412, 'cuda_max_allocated_mb': 2238}
{'event': 'train_progress', 'epoch': 2, 'batch': 156, 'batches': 156, 'time_group': 98, 'time_groups': 98, 'history_edges': 49206, 'pos_edges': 282, 'neg_edges': 282, 'loss_recent': 29.080798388719558, 'elapsed_sec': 59.77085467427969, 'avg_sec_per_batch': 0.3831465043223057, 'cuda_allocated_mb': 479, 'cuda_reserved_mb': 2412, 'cuda_max_allocated_mb': 2238}
{'event': 'validation_start', 'epoch': 2}
{'event': 'validation_ranking_start', 'epoch': 2, 'max_edges': 30}
{'event': 'epoch_end', 'epoch': 2, 'early_stop_metric': 'val_composite', 'val_score': 0.34203893864856827, 'val_auc': 0.7350856781005859, 'val_ap': 0.4120953741146166, 'val_ndcg': 0.8592081671930005, 'val_mrr': 0.20176573048075958, 'val_hits@1': 0.16666666666666666, 'val_hits@10': 0.2833333333333333, 'val_hits@50': 0.2833333333333333, 'val_hits@100': 0.31666666666666665, 'elapsed_sec': 222.5317264907062}
{'event': 'epoch_start', 'epoch': 3, 'epochs': 3, 'batches': 156, 'time_groups': 98}
{'event': 'train_time_group', 'epoch': 3, 'time_group': 1, 'time_groups': 98, 'batch': 0, 'batches': 156, 'time_value': 1900.0, 'group_batches': 1, 'history_edges': 0, 'elapsed_sec': 0.06694239750504494, 'cuda_allocated_mb': 346, 'cuda_reserved_mb': 2412, 'cuda_max_allocated_mb': 2238}
{'event': 'train_progress', 'epoch': 3, 'batch': 1, 'batches': 156, 'time_group': 1, 'time_groups': 98, 'history_edges': 0, 'pos_edges': 252, 'neg_edges': 252, 'loss_recent': 22.692686080932617, 'elapsed_sec': 0.35659507289528847, 'avg_sec_per_batch': 0.35659507289528847, 'cuda_allocated_mb': 405, 'cuda_reserved_mb': 2412, 'cuda_max_allocated_mb': 2238}
{'event': 'train_progress', 'epoch': 3, 'batch': 100, 'batches': 156, 'time_group': 70, 'time_groups': 98, 'history_edges': 30867, 'pos_edges': 92, 'neg_edges': 92, 'loss_recent': 27.4636425986886, 'elapsed_sec': 37.76103498414159, 'avg_sec_per_batch': 0.3776103498414159, 'cuda_allocated_mb': 478, 'cuda_reserved_mb': 2412, 'cuda_max_allocated_mb': 2238}
{'event': 'train_time_group', 'epoch': 3, 'time_group': 98, 'time_groups': 98, 'batch': 154, 'batches': 156, 'time_value': 1997.0, 'group_batches': 2, 'history_edges': 49206, 'elapsed_sec': 59.50243305042386, 'cuda_allocated_mb': 346, 'cuda_reserved_mb': 2432, 'cuda_max_allocated_mb': 2238}
{'event': 'train_progress', 'epoch': 3, 'batch': 156, 'batches': 156, 'time_group': 98, 'time_groups': 98, 'history_edges': 49206, 'pos_edges': 282, 'neg_edges': 282, 'loss_recent': 29.08695141196251, 'elapsed_sec': 60.4077606908977, 'avg_sec_per_batch': 0.3872292351980622, 'cuda_allocated_mb': 479, 'cuda_reserved_mb': 2452, 'cuda_max_allocated_mb': 2238}
{'event': 'validation_start', 'epoch': 3}
{'event': 'validation_ranking_start', 'epoch': 3, 'max_edges': 30}
{'event': 'epoch_end', 'epoch': 3, 'early_stop_metric': 'val_composite', 'val_score': 0.3495413157829536, 'val_auc': 0.7382118225097656, 'val_ap': 0.4188875276450434, 'val_ndcg': 0.8616897140286617, 'val_mrr': 0.21392391488235205, 'val_hits@1': 0.18333333333333332, 'val_hits@10': 0.2833333333333333, 'val_hits@50': 0.2833333333333333, 'val_hits@100': 0.3333333333333333, 'elapsed_sec': 220.93700129166245}
{'candidate': 'global_relpop_rep_enhanced_probe_h96_r12_a12_p4x4_l1_neg1_lr0p001_hp1_relpopfix48_sr0p01_sa0p001_rep8s0p05_rl0p001_m0_bpr', 'seed': 1, 'composite': nan, 'val_auc': 0.7382118225097656, 'val_ap': 0.4188875276450434, 'val_ndcg': 0.8616897140286617, 'val_mrr': 0.21392391488235205, 'val_hits@1': 0.18333333333333332, 'val_hits@10': 0.2833333333333333, 'val_hits@50': 0.2833333333333333, 'val_hits@100': 0.3333333333333333, 'train_loss': 28.87821784787453, 'train_lp': 0.422393615429218, 'train_align': 5689.12264240705, 'train_kl': 60.220957324290886, 'train_ood_reg': 0.20759255735155863, 'train_meta': 0.4159010247184107, 'train_struct_aux': 1.9026713241369297, 'train_weighted_align': 28.445612620944395, 'train_weighted_kl': 0.006022095574210722, 'train_weighted_ood_reg': 0.00020759256697671773, 'train_weighted_meta': 0.0020795050798206385, 'train_weighted_struct_aux': 0.0019026714151737113, 'train_rank': 0.238439760899219, 'train_weighted_rank': 0.00023843977303327754}
{'event': 'candidate_summary', 'candidate': 'global_relpop_rep_enhanced_probe_h96_r12_a12_p4x4_l1_neg1_lr0p001_hp1_relpopfix48_sr0p01_sa0p001_rep8s0p05_rl0p001_m0_bpr', 'score': 0.3495413157829536, 'passes_metric_minima': True, 'means': {'val_auc': 0.7382118225097656, 'val_ap': 0.4188875276450434, 'val_mrr': 0.21392391488235205, 'val_hits@10': 0.2833333333333333, 'val_ndcg': 0.8616897140286617}, 'seeds_completed': 1}
{'event': 'candidate_seed_start', 'candidate': 'global_relpop_rep_enhanced_probe_h96_r12_a12_p4x4_l1_neg1_lr0p001_hp1_relpopfix48_sr0p01_sa0p001_rep16s0p02_rl0p001_m0_bpr', 'seed': 1, 'device': 'cuda', 'node_text_device': 'cuda:0'}
{'event': 'train_seed_start', 'seed': 1, 'train_edges': 50000, 'val_edges': 162066, 'test_edges': 163172, 'num_nodes': 47433, 'num_relations': 566}
{'event': 'train_seed_tensors_ready', 'seed': 1, 'elapsed_sec': 0.016290556639432907, 'cuda_allocated_mb': 127, 'cuda_reserved_mb': 146, 'cuda_max_allocated_mb': 2238}
{'event': 'train_known_facts_ready', 'seed': 1, 'scope': 'train', 'edges': 50000, 'elapsed_sec': 0.021612297743558884}
{'event': 'train_known_facts_ready', 'seed': 1, 'scope': 'train_val', 'edges': 212066, 'elapsed_sec': 0.041931264102458954}
{'event': 'train_sampler_ready', 'seed': 1, 'elapsed_sec': 0.16193678230047226}
{'event': 'val_sampler_ready', 'seed': 1, 'elapsed_sec': 0.27979180589318275}
{'event': 'epoch_start', 'epoch': 1, 'epochs': 3, 'batches': 156, 'time_groups': 98}
{'event': 'train_time_group', 'epoch': 1, 'time_group': 1, 'time_groups': 98, 'batch': 0, 'batches': 156, 'time_value': 1900.0, 'group_batches': 1, 'history_edges': 0, 'elapsed_sec': 0.019925005733966827, 'cuda_allocated_mb': 129, 'cuda_reserved_mb': 146, 'cuda_max_allocated_mb': 2238}
{'event': 'train_progress', 'epoch': 1, 'batch': 1, 'batches': 156, 'time_group': 1, 'time_groups': 98, 'history_edges': 0, 'pos_edges': 252, 'neg_edges': 252, 'loss_recent': 22.9740047454834, 'elapsed_sec': 0.30834370851516724, 'avg_sec_per_batch': 0.30834370851516724, 'cuda_allocated_mb': 416, 'cuda_reserved_mb': 878, 'cuda_max_allocated_mb': 2238}
{'event': 'train_progress', 'epoch': 1, 'batch': 100, 'batches': 156, 'time_group': 70, 'time_groups': 98, 'history_edges': 30867, 'pos_edges': 92, 'neg_edges': 92, 'loss_recent': 27.93377184689045, 'elapsed_sec': 37.68347178399563, 'avg_sec_per_batch': 0.37683471783995626, 'cuda_allocated_mb': 489, 'cuda_reserved_mb': 2042, 'cuda_max_allocated_mb': 2238}
{'event': 'train_time_group', 'epoch': 1, 'time_group': 98, 'time_groups': 98, 'batch': 154, 'batches': 156, 'time_value': 1997.0, 'group_batches': 2, 'history_edges': 49206, 'elapsed_sec': 58.935093618929386, 'cuda_allocated_mb': 358, 'cuda_reserved_mb': 2304, 'cuda_max_allocated_mb': 2238}
{'event': 'train_progress', 'epoch': 1, 'batch': 156, 'batches': 156, 'time_group': 98, 'time_groups': 98, 'history_edges': 49206, 'pos_edges': 282, 'neg_edges': 282, 'loss_recent': 29.159782762527467, 'elapsed_sec': 59.804171949625015, 'avg_sec_per_batch': 0.38336007660016036, 'cuda_allocated_mb': 491, 'cuda_reserved_mb': 2324, 'cuda_max_allocated_mb': 2249}
{'event': 'validation_start', 'epoch': 1}
{'event': 'validation_ranking_start', 'epoch': 1, 'max_edges': 30}
{'event': 'epoch_end', 'epoch': 1, 'early_stop_metric': 'val_composite', 'val_score': 0.3323156400509299, 'val_auc': 0.7033287048339844, 'val_ap': 0.3822329403093766, 'val_ndcg': 0.8475853051940241, 'val_mrr': 0.20344479982017694, 'val_hits@1': 0.16666666666666666, 'val_hits@10': 0.26666666666666666, 'val_hits@50': 0.2833333333333333, 'val_hits@100': 0.3, 'elapsed_sec': 219.1074387319386}
{'event': 'epoch_start', 'epoch': 2, 'epochs': 3, 'batches': 156, 'time_groups': 98}
{'event': 'train_time_group', 'epoch': 2, 'time_group': 1, 'time_groups': 98, 'batch': 0, 'batches': 156, 'time_value': 1900.0, 'group_batches': 1, 'history_edges': 0, 'elapsed_sec': 0.25321753323078156, 'cuda_allocated_mb': 358, 'cuda_reserved_mb': 2432, 'cuda_max_allocated_mb': 2249}
{'event': 'train_progress', 'epoch': 2, 'batch': 1, 'batches': 156, 'time_group': 1, 'time_groups': 98, 'history_edges': 0, 'pos_edges': 252, 'neg_edges': 252, 'loss_recent': 22.701719284057617, 'elapsed_sec': 0.5070224069058895, 'avg_sec_per_batch': 0.5070224069058895, 'cuda_allocated_mb': 418, 'cuda_reserved_mb': 2432, 'cuda_max_allocated_mb': 2249}
{'event': 'train_progress', 'epoch': 2, 'batch': 100, 'batches': 156, 'time_group': 70, 'time_groups': 98, 'history_edges': 30867, 'pos_edges': 92, 'neg_edges': 92, 'loss_recent': 27.460529955625535, 'elapsed_sec': 37.358828987926245, 'avg_sec_per_batch': 0.37358828987926246, 'cuda_allocated_mb': 489, 'cuda_reserved_mb': 2432, 'cuda_max_allocated_mb': 2249}
{'event': 'train_time_group', 'epoch': 2, 'time_group': 98, 'time_groups': 98, 'batch': 154, 'batches': 156, 'time_value': 1997.0, 'group_batches': 2, 'history_edges': 49206, 'elapsed_sec': 58.39363028854132, 'cuda_allocated_mb': 358, 'cuda_reserved_mb': 2432, 'cuda_max_allocated_mb': 2249}
{'event': 'train_progress', 'epoch': 2, 'batch': 156, 'batches': 156, 'time_group': 98, 'time_groups': 98, 'history_edges': 49206, 'pos_edges': 282, 'neg_edges': 282, 'loss_recent': 29.0804714012146, 'elapsed_sec': 59.2469786927104, 'avg_sec_per_batch': 0.3797883249532718, 'cuda_allocated_mb': 491, 'cuda_reserved_mb': 2432, 'cuda_max_allocated_mb': 2249}
{'event': 'validation_start', 'epoch': 2}
{'event': 'validation_ranking_start', 'epoch': 2, 'max_edges': 30}
{'event': 'epoch_end', 'epoch': 2, 'early_stop_metric': 'val_composite', 'val_score': 0.3421529482249989, 'val_auc': 0.7354896545410157, 'val_ap': 0.4125864342084111, 'val_ndcg': 0.8593863987325527, 'val_mrr': 0.201770387653529, 'val_hits@1': 0.16666666666666666, 'val_hits@10': 0.2833333333333333, 'val_hits@50': 0.2833333333333333, 'val_hits@100': 0.31666666666666665, 'elapsed_sec': 222.96221410110593}
{'event': 'epoch_start', 'epoch': 3, 'epochs': 3, 'batches': 156, 'time_groups': 98}
{'event': 'train_time_group', 'epoch': 3, 'time_group': 1, 'time_groups': 98, 'batch': 0, 'batches': 156, 'time_value': 1900.0, 'group_batches': 1, 'history_edges': 0, 'elapsed_sec': 0.04571722075343132, 'cuda_allocated_mb': 358, 'cuda_reserved_mb': 2432, 'cuda_max_allocated_mb': 2249}
{'event': 'train_progress', 'epoch': 3, 'batch': 1, 'batches': 156, 'time_group': 1, 'time_groups': 98, 'history_edges': 0, 'pos_edges': 252, 'neg_edges': 252, 'loss_recent': 22.69782257080078, 'elapsed_sec': 0.32024458050727844, 'avg_sec_per_batch': 0.32024458050727844, 'cuda_allocated_mb': 417, 'cuda_reserved_mb': 2432, 'cuda_max_allocated_mb': 2249}
{'event': 'train_progress', 'epoch': 3, 'batch': 100, 'batches': 156, 'time_group': 70, 'time_groups': 98, 'history_edges': 30867, 'pos_edges': 92, 'neg_edges': 92, 'loss_recent': 27.461995002031326, 'elapsed_sec': 38.113768234848976, 'avg_sec_per_batch': 0.38113768234848977, 'cuda_allocated_mb': 490, 'cuda_reserved_mb': 2432, 'cuda_max_allocated_mb': 2249}
{'event': 'train_time_group', 'epoch': 3, 'time_group': 98, 'time_groups': 98, 'batch': 154, 'batches': 156, 'time_value': 1997.0, 'group_batches': 2, 'history_edges': 49206, 'elapsed_sec': 60.42758014425635, 'cuda_allocated_mb': 358, 'cuda_reserved_mb': 2432, 'cuda_max_allocated_mb': 2249}
{'event': 'train_progress', 'epoch': 3, 'batch': 156, 'batches': 156, 'time_group': 98, 'time_groups': 98, 'history_edges': 49206, 'pos_edges': 282, 'neg_edges': 282, 'loss_recent': 29.083857480883598, 'elapsed_sec': 61.28486377745867, 'avg_sec_per_batch': 0.3928516908811453, 'cuda_allocated_mb': 491, 'cuda_reserved_mb': 2432, 'cuda_max_allocated_mb': 2249}
{'event': 'validation_start', 'epoch': 3}
{'event': 'validation_ranking_start', 'epoch': 3, 'max_edges': 30}
{'event': 'epoch_end', 'epoch': 3, 'early_stop_metric': 'val_composite', 'val_score': 0.3556276967511115, 'val_auc': 0.7400230407714844, 'val_ap': 0.42101972785114294, 'val_ndcg': 0.8624509691339007, 'val_mrr': 0.22512364390961806, 'val_hits@1': 0.2, 'val_hits@10': 0.2833333333333333, 'val_hits@50': 0.2833333333333333, 'val_hits@100': 0.3333333333333333, 'elapsed_sec': 223.52715034410357}
{'candidate': 'global_relpop_rep_enhanced_probe_h96_r12_a12_p4x4_l1_neg1_lr0p001_hp1_relpopfix48_sr0p01_sa0p001_rep16s0p02_rl0p001_m0_bpr', 'seed': 1, 'composite': nan, 'val_auc': 0.7400230407714844, 'val_ap': 0.42101972785114294, 'val_ndcg': 0.8624509691339007, 'val_mrr': 0.22512364390961806, 'val_hits@1': 0.2, 'val_hits@10': 0.2833333333333333, 'val_hits@50': 0.2833333333333333, 'val_hits@100': 0.3333333333333333, 'train_loss': 28.875802759176647, 'train_lp': 0.42004004235451037, 'train_align': 5689.122206987478, 'train_kl': 59.68985977768898, 'train_ood_reg': 0.2075561325137432, 'train_meta': 0.4133760157184532, 'train_struct_aux': 1.9091229683313615, 'train_weighted_align': 28.44561030011242, 'train_weighted_kl': 0.005968985797433281, 'train_weighted_ood_reg': 0.00020755614250680455, 'train_weighted_meta': 0.0020668800312145883, 'train_weighted_struct_aux': 0.001909123056789096, 'train_rank': 0.23603203310034213, 'train_weighted_rank': 0.00023603204543831406}
{'event': 'candidate_summary', 'candidate': 'global_relpop_rep_enhanced_probe_h96_r12_a12_p4x4_l1_neg1_lr0p001_hp1_relpopfix48_sr0p01_sa0p001_rep16s0p02_rl0p001_m0_bpr', 'score': 0.3556276967511115, 'passes_metric_minima': True, 'means': {'val_auc': 0.7400230407714844, 'val_ap': 0.42101972785114294, 'val_mrr': 0.22512364390961806, 'val_hits@10': 0.2833333333333333, 'val_ndcg': 0.8624509691339007}, 'seeds_completed': 1}
{'event': 'candidate_seed_start', 'candidate': 'global_relpop_rep_enhanced_probe_h96_r12_a12_p4x4_l1_neg1_lr0p001_hp1_relpopfix48_sr0p01_sa0p001_rep16s0p05_rl0p001_m0_bpr', 'seed': 1, 'device': 'cuda', 'node_text_device': 'cuda:0'}
{'event': 'train_seed_start', 'seed': 1, 'train_edges': 50000, 'val_edges': 162066, 'test_edges': 163172, 'num_nodes': 47433, 'num_relations': 566}
{'event': 'train_seed_tensors_ready', 'seed': 1, 'elapsed_sec': 0.016188044100999832, 'cuda_allocated_mb': 127, 'cuda_reserved_mb': 146, 'cuda_max_allocated_mb': 2249}
{'event': 'train_known_facts_ready', 'seed': 1, 'scope': 'train', 'edges': 50000, 'elapsed_sec': 0.021626189351081848}
{'event': 'train_known_facts_ready', 'seed': 1, 'scope': 'train_val', 'edges': 212066, 'elapsed_sec': 0.04104455187916756}
{'event': 'train_sampler_ready', 'seed': 1, 'elapsed_sec': 0.1598118394613266}
{'event': 'val_sampler_ready', 'seed': 1, 'elapsed_sec': 0.3032974787056446}
{'event': 'epoch_start', 'epoch': 1, 'epochs': 3, 'batches': 156, 'time_groups': 98}
{'event': 'train_time_group', 'epoch': 1, 'time_group': 1, 'time_groups': 98, 'batch': 0, 'batches': 156, 'time_value': 1900.0, 'group_batches': 1, 'history_edges': 0, 'elapsed_sec': 0.01974676176905632, 'cuda_allocated_mb': 129, 'cuda_reserved_mb': 146, 'cuda_max_allocated_mb': 2249}
{'event': 'train_progress', 'epoch': 1, 'batch': 1, 'batches': 156, 'time_group': 1, 'time_groups': 98, 'history_edges': 0, 'pos_edges': 252, 'neg_edges': 252, 'loss_recent': 22.9740047454834, 'elapsed_sec': 0.28146936744451523, 'avg_sec_per_batch': 0.28146936744451523, 'cuda_allocated_mb': 416, 'cuda_reserved_mb': 878, 'cuda_max_allocated_mb': 2249}
{'event': 'train_progress', 'epoch': 1, 'batch': 100, 'batches': 156, 'time_group': 70, 'time_groups': 98, 'history_edges': 30867, 'pos_edges': 92, 'neg_edges': 92, 'loss_recent': 27.933765546679496, 'elapsed_sec': 36.92732284963131, 'avg_sec_per_batch': 0.3692732284963131, 'cuda_allocated_mb': 489, 'cuda_reserved_mb': 2042, 'cuda_max_allocated_mb': 2249}
{'event': 'train_time_group', 'epoch': 1, 'time_group': 98, 'time_groups': 98, 'batch': 154, 'batches': 156, 'time_value': 1997.0, 'group_batches': 2, 'history_edges': 49206, 'elapsed_sec': 58.523414578288794, 'cuda_allocated_mb': 358, 'cuda_reserved_mb': 2304, 'cuda_max_allocated_mb': 2249}
{'event': 'train_progress', 'epoch': 1, 'batch': 156, 'batches': 156, 'time_group': 98, 'time_groups': 98, 'history_edges': 49206, 'pos_edges': 282, 'neg_edges': 282, 'loss_recent': 29.159774633646013, 'elapsed_sec': 59.42494147643447, 'avg_sec_per_batch': 0.3809291120284261, 'cuda_allocated_mb': 491, 'cuda_reserved_mb': 2324, 'cuda_max_allocated_mb': 2249}
{'event': 'validation_start', 'epoch': 1}
{'event': 'validation_ranking_start', 'epoch': 1, 'max_edges': 30}
{'event': 'epoch_end', 'epoch': 1, 'early_stop_metric': 'val_composite', 'val_score': 0.33232285472114675, 'val_auc': 0.7033550262451173, 'val_ap': 0.38226411555035744, 'val_ndcg': 0.847597836102174, 'val_mrr': 0.2034447382655731, 'val_hits@1': 0.16666666666666666, 'val_hits@10': 0.26666666666666666, 'val_hits@50': 0.2833333333333333, 'val_hits@100': 0.3, 'elapsed_sec': 217.24462098628283}
{'event': 'epoch_start', 'epoch': 2, 'epochs': 3, 'batches': 156, 'time_groups': 98}
{'event': 'train_time_group', 'epoch': 2, 'time_group': 1, 'time_groups': 98, 'batch': 0, 'batches': 156, 'time_value': 1900.0, 'group_batches': 1, 'history_edges': 0, 'elapsed_sec': 0.2603225149214268, 'cuda_allocated_mb': 358, 'cuda_reserved_mb': 2432, 'cuda_max_allocated_mb': 2249}
{'event': 'train_progress', 'epoch': 2, 'batch': 1, 'batches': 156, 'time_group': 1, 'time_groups': 98, 'history_edges': 0, 'pos_edges': 252, 'neg_edges': 252, 'loss_recent': 22.701818466186523, 'elapsed_sec': 0.5108201876282692, 'avg_sec_per_batch': 0.5108201876282692, 'cuda_allocated_mb': 418, 'cuda_reserved_mb': 2432, 'cuda_max_allocated_mb': 2249}
{'event': 'train_progress', 'epoch': 2, 'batch': 100, 'batches': 156, 'time_group': 70, 'time_groups': 98, 'history_edges': 30867, 'pos_edges': 92, 'neg_edges': 92, 'loss_recent': 27.460476877689363, 'elapsed_sec': 37.039041828364134, 'avg_sec_per_batch': 0.37039041828364133, 'cuda_allocated_mb': 489, 'cuda_reserved_mb': 2432, 'cuda_max_allocated_mb': 2249}
{'event': 'train_time_group', 'epoch': 2, 'time_group': 98, 'time_groups': 98, 'batch': 154, 'batches': 156, 'time_value': 1997.0, 'group_batches': 2, 'history_edges': 49206, 'elapsed_sec': 58.48452649638057, 'cuda_allocated_mb': 358, 'cuda_reserved_mb': 2432, 'cuda_max_allocated_mb': 2249}
{'event': 'train_progress', 'epoch': 2, 'batch': 156, 'batches': 156, 'time_group': 98, 'time_groups': 98, 'history_edges': 49206, 'pos_edges': 282, 'neg_edges': 282, 'loss_recent': 29.08040785074234, 'elapsed_sec': 59.360931657254696, 'avg_sec_per_batch': 0.3805187926747096, 'cuda_allocated_mb': 491, 'cuda_reserved_mb': 2432, 'cuda_max_allocated_mb': 2249}
{'event': 'validation_start', 'epoch': 2}
{'event': 'validation_ranking_start', 'epoch': 2, 'max_edges': 30}
{'event': 'epoch_end', 'epoch': 2, 'early_stop_metric': 'val_composite', 'val_score': 0.34218013782615314, 'val_auc': 0.7355606079101563, 'val_ap': 0.4127267081264378, 'val_ndcg': 0.8594354188600037, 'val_mrr': 0.20176578531802525, 'val_hits@1': 0.16666666666666666, 'val_hits@10': 0.2833333333333333, 'val_hits@50': 0.2833333333333333, 'val_hits@100': 0.31666666666666665, 'elapsed_sec': 216.4857378974557}
{'event': 'epoch_start', 'epoch': 3, 'epochs': 3, 'batches': 156, 'time_groups': 98}
{'event': 'train_time_group', 'epoch': 3, 'time_group': 1, 'time_groups': 98, 'batch': 0, 'batches': 156, 'time_value': 1900.0, 'group_batches': 1, 'history_edges': 0, 'elapsed_sec': 0.047010328620672226, 'cuda_allocated_mb': 358, 'cuda_reserved_mb': 2432, 'cuda_max_allocated_mb': 2249}
{'event': 'train_progress', 'epoch': 3, 'batch': 1, 'batches': 156, 'time_group': 1, 'time_groups': 98, 'history_edges': 0, 'pos_edges': 252, 'neg_edges': 252, 'loss_recent': 22.697534561157227, 'elapsed_sec': 0.3458714708685875, 'avg_sec_per_batch': 0.3458714708685875, 'cuda_allocated_mb': 417, 'cuda_reserved_mb': 2432, 'cuda_max_allocated_mb': 2249}
{'event': 'train_progress', 'epoch': 3, 'batch': 100, 'batches': 156, 'time_group': 70, 'time_groups': 98, 'history_edges': 30867, 'pos_edges': 92, 'neg_edges': 92, 'loss_recent': 27.4616939625144, 'elapsed_sec': 37.28185275569558, 'avg_sec_per_batch': 0.3728185275569558, 'cuda_allocated_mb': 490, 'cuda_reserved_mb': 2432, 'cuda_max_allocated_mb': 2249}
{'event': 'train_time_group', 'epoch': 3, 'time_group': 98, 'time_groups': 98, 'batch': 154, 'batches': 156, 'time_value': 1997.0, 'group_batches': 2, 'history_edges': 49206, 'elapsed_sec': 58.53630352020264, 'cuda_allocated_mb': 358, 'cuda_reserved_mb': 2432, 'cuda_max_allocated_mb': 2249}
{'event': 'train_progress', 'epoch': 3, 'batch': 156, 'batches': 156, 'time_group': 98, 'time_groups': 98, 'history_edges': 49206, 'pos_edges': 282, 'neg_edges': 282, 'loss_recent': 29.083527441620827, 'elapsed_sec': 59.40153007209301, 'avg_sec_per_batch': 0.38077903892367315, 'cuda_allocated_mb': 491, 'cuda_reserved_mb': 2432, 'cuda_max_allocated_mb': 2249}
{'event': 'validation_start', 'epoch': 3}
{'event': 'validation_ranking_start', 'epoch': 3, 'max_edges': 30}
{'event': 'epoch_end', 'epoch': 3, 'early_stop_metric': 'val_composite', 'val_score': 0.35516291943504363, 'val_auc': 0.7399963378906249, 'val_ap': 0.42094486644446466, 'val_ndcg': 0.8624350387773364, 'val_mrr': 0.22422240405888477, 'val_hits@1': 0.2, 'val_hits@10': 0.2833333333333333, 'val_hits@50': 0.3, 'val_hits@100': 0.3333333333333333, 'elapsed_sec': 226.1057381927967}
{'candidate': 'global_relpop_rep_enhanced_probe_h96_r12_a12_p4x4_l1_neg1_lr0p001_hp1_relpopfix48_sr0p01_sa0p001_rep16s0p05_rl0p001_m0_bpr', 'seed': 1, 'composite': nan, 'val_auc': 0.7399963378906249, 'val_ap': 0.42094486644446466, 'val_ndcg': 0.8624350387773364, 'val_mrr': 0.22422240405888477, 'val_hits@1': 0.2, 'val_hits@10': 0.2833333333333333, 'val_hits@50': 0.3, 'val_hits@100': 0.3333333333333333, 'train_loss': 28.875438090127247, 'train_lp': 0.4197133957193448, 'train_align': 5689.121308870805, 'train_kl': 59.336429428213684, 'train_ood_reg': 0.2075490031677943, 'train_meta': 0.41293764694665486, 'train_struct_aux': 1.9130585728547511, 'train_weighted_align': 28.445605829381982, 'train_weighted_kl': 0.005933642776875412, 'train_weighted_ood_reg': 0.00020754901309443923, 'train_weighted_meta': 0.0020646881844302886, 'train_weighted_struct_aux': 0.0019130586618139672, 'train_rank': 0.2355761643475256, 'train_weighted_rank': 0.0002355761747798496}
{'event': 'candidate_summary', 'candidate': 'global_relpop_rep_enhanced_probe_h96_r12_a12_p4x4_l1_neg1_lr0p001_hp1_relpopfix48_sr0p01_sa0p001_rep16s0p05_rl0p001_m0_bpr', 'score': 0.35516291943504363, 'passes_metric_minima': True, 'means': {'val_auc': 0.7399963378906249, 'val_ap': 0.42094486644446466, 'val_mrr': 0.22422240405888477, 'val_hits@10': 0.2833333333333333, 'val_ndcg': 0.8624350387773364}, 'seeds_completed': 1}
