runtime_device=cuda
cuda_device=Tesla V100-PCIE-32GB
{'event': 'seed_start', 'dataset': 'yago15k-temporal', 'ablation': 'full', 'seed': 3, 'device': 'cuda', 'node_text_device': 'cuda:0'}
{'event': 'train_seed_start', 'seed': 3, 'train_edges': 3244, 'val_edges': 6738, 'test_edges': 26719, 'num_nodes': 4197, 'num_relations': 19}
{'event': 'train_seed_tensors_ready', 'seed': 3, 'elapsed_sec': 0.018152281641960144, 'cuda_allocated_mb': 9, 'cuda_reserved_mb': 24, 'cuda_max_allocated_mb': 9}
{'event': 'train_known_facts_ready', 'seed': 3, 'scope': 'train', 'edges': 3244, 'elapsed_sec': 0.02012692019343376}
{'event': 'train_known_facts_ready', 'seed': 3, 'scope': 'train_val', 'edges': 9982, 'elapsed_sec': 0.021308090537786484}
{'event': 'train_sampler_ready', 'seed': 3, 'elapsed_sec': 0.025221165269613266}
{'event': 'val_sampler_ready', 'seed': 3, 'elapsed_sec': 0.02875806763768196}
{'event': 'epoch_start', 'epoch': 1, 'epochs': 24, 'batches': 118, 'time_groups': 118}
{'event': 'train_time_group', 'epoch': 1, 'time_group': 1, 'time_groups': 118, 'batch': 0, 'batches': 118, 'time_value': 600.0, 'group_batches': 1, 'history_edges': 0, 'elapsed_sec': 0.0184929259121418, 'cuda_allocated_mb': 10, 'cuda_reserved_mb': 24, 'cuda_max_allocated_mb': 10}
{'event': 'train_progress', 'epoch': 1, 'batch': 1, 'batches': 118, 'time_group': 1, 'time_groups': 118, 'history_edges': 0, 'pos_edges': 1, 'neg_edges': 1, 'loss_recent': 0.7291072010993958, 'elapsed_sec': 1.1427104659378529, 'avg_sec_per_batch': 1.1427104659378529, 'cuda_allocated_mb': 45, 'cuda_reserved_mb': 90, 'cuda_max_allocated_mb': 81}
{'event': 'train_progress', 'epoch': 1, 'batch': 100, 'batches': 118, 'time_group': 100, 'time_groups': 118, 'history_edges': 2144, 'pos_edges': 38, 'neg_edges': 38, 'loss_recent': 1.743549833893776, 'elapsed_sec': 18.580588921904564, 'avg_sec_per_batch': 0.18580588921904564, 'cuda_allocated_mb': 47, 'cuda_reserved_mb': 202, 'cuda_max_allocated_mb': 170}
{'event': 'train_time_group', 'epoch': 1, 'time_group': 118, 'time_groups': 118, 'batch': 117, 'batches': 118, 'time_value': 1966.0, 'group_batches': 1, 'history_edges': 3153, 'elapsed_sec': 22.18873294442892, 'cuda_allocated_mb': 46, 'cuda_reserved_mb': 222, 'cuda_max_allocated_mb': 191}
{'event': 'train_progress', 'epoch': 1, 'batch': 118, 'batches': 118, 'time_group': 118, 'time_groups': 118, 'history_edges': 3153, 'pos_edges': 91, 'neg_edges': 91, 'loss_recent': 2.344110213816166, 'elapsed_sec': 22.452368039637804, 'avg_sec_per_batch': 0.19027430542065935, 'cuda_allocated_mb': 49, 'cuda_reserved_mb': 222, 'cuda_max_allocated_mb': 193}
{'event': 'validation_start', 'epoch': 1}
{'event': 'validation_ranking_start', 'epoch': 1, 'max_edges': 150}
{'event': 'epoch_end', 'epoch': 1, 'early_stop_metric': 'val_composite', 'val_score': 0.24605285165381496, 'val_auc': 0.6070472700783716, 'val_ap': 0.1318665134205434, 'val_ndcg': 0.7861843317898062, 'val_mrr': 0.1319374892490018, 'val_hits@1': 0.06666666666666667, 'val_hits@10': 0.25666666666666665, 'val_hits@50': 0.47333333333333333, 'val_hits@100': 0.5933333333333334, 'elapsed_sec': 110.588972479105}
{'event': 'epoch_start', 'epoch': 2, 'epochs': 24, 'batches': 118, 'time_groups': 118}
{'event': 'train_time_group', 'epoch': 2, 'time_group': 1, 'time_groups': 118, 'batch': 0, 'batches': 118, 'time_value': 600.0, 'group_batches': 1, 'history_edges': 0, 'elapsed_sec': 0.009444579482078552, 'cuda_allocated_mb': 46, 'cuda_reserved_mb': 270, 'cuda_max_allocated_mb': 202}
{'event': 'train_progress', 'epoch': 2, 'batch': 1, 'batches': 118, 'time_group': 1, 'time_groups': 118, 'history_edges': 0, 'pos_edges': 1, 'neg_edges': 1, 'loss_recent': 0.7656161785125732, 'elapsed_sec': 0.12835095822811127, 'avg_sec_per_batch': 0.12835095822811127, 'cuda_allocated_mb': 46, 'cuda_reserved_mb': 270, 'cuda_max_allocated_mb': 202}
{'event': 'train_progress', 'epoch': 2, 'batch': 100, 'batches': 118, 'time_group': 100, 'time_groups': 118, 'history_edges': 2144, 'pos_edges': 38, 'neg_edges': 38, 'loss_recent': 1.6130030576884746, 'elapsed_sec': 17.226671773940325, 'avg_sec_per_batch': 0.17226671773940325, 'cuda_allocated_mb': 48, 'cuda_reserved_mb': 270, 'cuda_max_allocated_mb': 202}
{'event': 'train_time_group', 'epoch': 2, 'time_group': 118, 'time_groups': 118, 'batch': 117, 'batches': 118, 'time_value': 1966.0, 'group_batches': 1, 'history_edges': 3153, 'elapsed_sec': 20.95894118025899, 'cuda_allocated_mb': 46, 'cuda_reserved_mb': 270, 'cuda_max_allocated_mb': 202}
{'event': 'train_progress', 'epoch': 2, 'batch': 118, 'batches': 118, 'time_group': 118, 'time_groups': 118, 'history_edges': 3153, 'pos_edges': 91, 'neg_edges': 91, 'loss_recent': 2.1450809030234814, 'elapsed_sec': 21.20818565785885, 'avg_sec_per_batch': 0.17973038693100718, 'cuda_allocated_mb': 49, 'cuda_reserved_mb': 270, 'cuda_max_allocated_mb': 202}
{'event': 'validation_start', 'epoch': 2}
{'event': 'validation_ranking_start', 'epoch': 2, 'max_edges': 150}
{'event': 'epoch_end', 'epoch': 2, 'early_stop_metric': 'val_composite', 'val_score': 0.25024473011444115, 'val_auc': 0.5738782846340241, 'val_ap': 0.12481962797328183, 'val_ndcg': 0.7853153718840088, 'val_mrr': 0.1352593356633602, 'val_hits@1': 0.06333333333333334, 'val_hits@10': 0.2833333333333333, 'val_hits@50': 0.49, 'val_hits@100': 0.6133333333333333, 'elapsed_sec': 110.62980799004436}
{'event': 'epoch_start', 'epoch': 3, 'epochs': 24, 'batches': 118, 'time_groups': 118}
{'event': 'train_time_group', 'epoch': 3, 'time_group': 1, 'time_groups': 118, 'batch': 0, 'batches': 118, 'time_value': 600.0, 'group_batches': 1, 'history_edges': 0, 'elapsed_sec': 0.009213846176862717, 'cuda_allocated_mb': 46, 'cuda_reserved_mb': 270, 'cuda_max_allocated_mb': 202}
{'event': 'train_progress', 'epoch': 3, 'batch': 1, 'batches': 118, 'time_group': 1, 'time_groups': 118, 'history_edges': 0, 'pos_edges': 1, 'neg_edges': 1, 'loss_recent': 0.6246466636657715, 'elapsed_sec': 0.12852691486477852, 'avg_sec_per_batch': 0.12852691486477852, 'cuda_allocated_mb': 46, 'cuda_reserved_mb': 270, 'cuda_max_allocated_mb': 202}
{'event': 'train_progress', 'epoch': 3, 'batch': 100, 'batches': 118, 'time_group': 100, 'time_groups': 118, 'history_edges': 2144, 'pos_edges': 38, 'neg_edges': 38, 'loss_recent': 1.4740393085032701, 'elapsed_sec': 16.75749161839485, 'avg_sec_per_batch': 0.1675749161839485, 'cuda_allocated_mb': 47, 'cuda_reserved_mb': 270, 'cuda_max_allocated_mb': 202}
{'event': 'train_time_group', 'epoch': 3, 'time_group': 118, 'time_groups': 118, 'batch': 117, 'batches': 118, 'time_value': 1966.0, 'group_batches': 1, 'history_edges': 3153, 'elapsed_sec': 20.442269437015057, 'cuda_allocated_mb': 46, 'cuda_reserved_mb': 270, 'cuda_max_allocated_mb': 202}
{'event': 'train_progress', 'epoch': 3, 'batch': 118, 'batches': 118, 'time_group': 118, 'time_groups': 118, 'history_edges': 3153, 'pos_edges': 91, 'neg_edges': 91, 'loss_recent': 2.0019127935916186, 'elapsed_sec': 20.68777873367071, 'avg_sec_per_batch': 0.1753201587599213, 'cuda_allocated_mb': 48, 'cuda_reserved_mb': 270, 'cuda_max_allocated_mb': 202}
{'event': 'validation_start', 'epoch': 3}
{'event': 'validation_ranking_start', 'epoch': 3, 'max_edges': 150}
{'event': 'epoch_end', 'epoch': 3, 'early_stop_metric': 'val_composite', 'val_score': 0.258690431854036, 'val_auc': 0.6121346593673869, 'val_ap': 0.14794392462113337, 'val_ndcg': 0.8005104170567429, 'val_mrr': 0.13701547030697805, 'val_hits@1': 0.06333333333333334, 'val_hits@10': 0.2866666666666667, 'val_hits@50': 0.49333333333333335, 'val_hits@100': 0.6533333333333333, 'elapsed_sec': 112.20537116751075}
{'event': 'epoch_start', 'epoch': 4, 'epochs': 24, 'batches': 118, 'time_groups': 118}
{'event': 'train_time_group', 'epoch': 4, 'time_group': 1, 'time_groups': 118, 'batch': 0, 'batches': 118, 'time_value': 600.0, 'group_batches': 1, 'history_edges': 0, 'elapsed_sec': 0.008369848132133484, 'cuda_allocated_mb': 46, 'cuda_reserved_mb': 270, 'cuda_max_allocated_mb': 202}
{'event': 'train_progress', 'epoch': 4, 'batch': 1, 'batches': 118, 'time_group': 1, 'time_groups': 118, 'history_edges': 0, 'pos_edges': 1, 'neg_edges': 1, 'loss_recent': 0.45215296745300293, 'elapsed_sec': 0.13180683180689812, 'avg_sec_per_batch': 0.13180683180689812, 'cuda_allocated_mb': 46, 'cuda_reserved_mb': 270, 'cuda_max_allocated_mb': 202}
{'event': 'train_progress', 'epoch': 4, 'batch': 100, 'batches': 118, 'time_group': 100, 'time_groups': 118, 'history_edges': 2144, 'pos_edges': 38, 'neg_edges': 38, 'loss_recent': 1.3228097462002189, 'elapsed_sec': 17.12653761729598, 'avg_sec_per_batch': 0.1712653761729598, 'cuda_allocated_mb': 47, 'cuda_reserved_mb': 270, 'cuda_max_allocated_mb': 202}
{'event': 'train_time_group', 'epoch': 4, 'time_group': 118, 'time_groups': 118, 'batch': 117, 'batches': 118, 'time_value': 1966.0, 'group_batches': 1, 'history_edges': 3153, 'elapsed_sec': 20.855700004845858, 'cuda_allocated_mb': 46, 'cuda_reserved_mb': 270, 'cuda_max_allocated_mb': 202}
{'event': 'train_progress', 'epoch': 4, 'batch': 118, 'batches': 118, 'time_group': 118, 'time_groups': 118, 'history_edges': 3153, 'pos_edges': 91, 'neg_edges': 91, 'loss_recent': 1.8072973842266946, 'elapsed_sec': 21.099497362971306, 'avg_sec_per_batch': 0.17880929968619752, 'cuda_allocated_mb': 48, 'cuda_reserved_mb': 270, 'cuda_max_allocated_mb': 202}
{'event': 'validation_start', 'epoch': 4}
{'event': 'validation_ranking_start', 'epoch': 4, 'max_edges': 150}
{'event': 'epoch_end', 'epoch': 4, 'early_stop_metric': 'val_composite', 'val_score': 0.2672059290869698, 'val_auc': 0.6065422034542065, 'val_ap': 0.1480086682556636, 'val_ndcg': 0.8021531471163201, 'val_mrr': 0.14225774126188914, 'val_hits@1': 0.06333333333333334, 'val_hits@10': 0.31666666666666665, 'val_hits@50': 0.5166666666666667, 'val_hits@100': 0.6366666666666667, 'elapsed_sec': 111.45621470734477}
{'event': 'epoch_start', 'epoch': 5, 'epochs': 24, 'batches': 118, 'time_groups': 118}
{'event': 'train_time_group', 'epoch': 5, 'time_group': 1, 'time_groups': 118, 'batch': 0, 'batches': 118, 'time_value': 600.0, 'group_batches': 1, 'history_edges': 0, 'elapsed_sec': 0.008216068148612976, 'cuda_allocated_mb': 46, 'cuda_reserved_mb': 270, 'cuda_max_allocated_mb': 202}
{'event': 'train_progress', 'epoch': 5, 'batch': 1, 'batches': 118, 'time_group': 1, 'time_groups': 118, 'history_edges': 0, 'pos_edges': 1, 'neg_edges': 1, 'loss_recent': 0.06355585157871246, 'elapsed_sec': 0.1257176697254181, 'avg_sec_per_batch': 0.1257176697254181, 'cuda_allocated_mb': 46, 'cuda_reserved_mb': 270, 'cuda_max_allocated_mb': 202}
{'event': 'train_progress', 'epoch': 5, 'batch': 100, 'batches': 118, 'time_group': 100, 'time_groups': 118, 'history_edges': 2144, 'pos_edges': 38, 'neg_edges': 38, 'loss_recent': 1.274257341697812, 'elapsed_sec': 17.107774328440428, 'avg_sec_per_batch': 0.17107774328440428, 'cuda_allocated_mb': 47, 'cuda_reserved_mb': 270, 'cuda_max_allocated_mb': 202}
{'event': 'train_time_group', 'epoch': 5, 'time_group': 118, 'time_groups': 118, 'batch': 117, 'batches': 118, 'time_value': 1966.0, 'group_batches': 1, 'history_edges': 3153, 'elapsed_sec': 20.88493065163493, 'cuda_allocated_mb': 46, 'cuda_reserved_mb': 270, 'cuda_max_allocated_mb': 202}
{'event': 'train_progress', 'epoch': 5, 'batch': 118, 'batches': 118, 'time_group': 118, 'time_groups': 118, 'history_edges': 3153, 'pos_edges': 91, 'neg_edges': 91, 'loss_recent': 1.746462383735925, 'elapsed_sec': 21.126018054783344, 'avg_sec_per_batch': 0.17903405131172326, 'cuda_allocated_mb': 48, 'cuda_reserved_mb': 270, 'cuda_max_allocated_mb': 202}
{'event': 'validation_start', 'epoch': 5}
{'event': 'validation_ranking_start', 'epoch': 5, 'max_edges': 150}
{'event': 'epoch_end', 'epoch': 5, 'early_stop_metric': 'val_composite', 'val_score': 0.2717235660112221, 'val_auc': 0.6066948422581846, 'val_ap': 0.15255490103303013, 'val_ndcg': 0.8040289873533346, 'val_mrr': 0.14820538001604977, 'val_hits@1': 0.06666666666666667, 'val_hits@10': 0.32, 'val_hits@50': 0.5233333333333333, 'val_hits@100': 0.6366666666666667, 'elapsed_sec': 112.1263363622129}
{'event': 'epoch_start', 'epoch': 6, 'epochs': 24, 'batches': 118, 'time_groups': 118}
{'event': 'train_time_group', 'epoch': 6, 'time_group': 1, 'time_groups': 118, 'batch': 0, 'batches': 118, 'time_value': 600.0, 'group_batches': 1, 'history_edges': 0, 'elapsed_sec': 0.008265756070613861, 'cuda_allocated_mb': 46, 'cuda_reserved_mb': 270, 'cuda_max_allocated_mb': 202}
{'event': 'train_progress', 'epoch': 6, 'batch': 1, 'batches': 118, 'time_group': 1, 'time_groups': 118, 'history_edges': 0, 'pos_edges': 1, 'neg_edges': 1, 'loss_recent': 0.8565744161605835, 'elapsed_sec': 0.12787353619933128, 'avg_sec_per_batch': 0.12787353619933128, 'cuda_allocated_mb': 46, 'cuda_reserved_mb': 270, 'cuda_max_allocated_mb': 202}
{'event': 'train_progress', 'epoch': 6, 'batch': 100, 'batches': 118, 'time_group': 100, 'time_groups': 118, 'history_edges': 2144, 'pos_edges': 38, 'neg_edges': 38, 'loss_recent': 1.1804833194240927, 'elapsed_sec': 16.752243880182505, 'avg_sec_per_batch': 0.16752243880182505, 'cuda_allocated_mb': 47, 'cuda_reserved_mb': 270, 'cuda_max_allocated_mb': 202}
{'event': 'train_time_group', 'epoch': 6, 'time_group': 118, 'time_groups': 118, 'batch': 117, 'batches': 118, 'time_value': 1966.0, 'group_batches': 1, 'history_edges': 3153, 'elapsed_sec': 20.504343178123236, 'cuda_allocated_mb': 46, 'cuda_reserved_mb': 270, 'cuda_max_allocated_mb': 202}
{'event': 'train_progress', 'epoch': 6, 'batch': 118, 'batches': 118, 'time_group': 118, 'time_groups': 118, 'history_edges': 3153, 'pos_edges': 91, 'neg_edges': 91, 'loss_recent': 1.6361176114343108, 'elapsed_sec': 20.75254165381193, 'avg_sec_per_batch': 0.17586899706620282, 'cuda_allocated_mb': 49, 'cuda_reserved_mb': 270, 'cuda_max_allocated_mb': 202}
{'event': 'validation_start', 'epoch': 6}
{'event': 'validation_ranking_start', 'epoch': 6, 'max_edges': 150}
{'event': 'epoch_end', 'epoch': 6, 'early_stop_metric': 'val_composite', 'val_score': 0.27161900996050986, 'val_auc': 0.6197460062460788, 'val_ap': 0.15871307878612084, 'val_ndcg': 0.8061109706877821, 'val_mrr': 0.14442730152301905, 'val_hits@1': 0.06666666666666667, 'val_hits@10': 0.32, 'val_hits@50': 0.5333333333333333, 'val_hits@100': 0.65, 'elapsed_sec': 112.98942684009671}
{'event': 'epoch_start', 'epoch': 7, 'epochs': 24, 'batches': 118, 'time_groups': 118}
{'event': 'train_time_group', 'epoch': 7, 'time_group': 1, 'time_groups': 118, 'batch': 0, 'batches': 118, 'time_value': 600.0, 'group_batches': 1, 'history_edges': 0, 'elapsed_sec': 0.008586578071117401, 'cuda_allocated_mb': 46, 'cuda_reserved_mb': 270, 'cuda_max_allocated_mb': 202}
{'event': 'train_progress', 'epoch': 7, 'batch': 1, 'batches': 118, 'time_group': 1, 'time_groups': 118, 'history_edges': 0, 'pos_edges': 1, 'neg_edges': 1, 'loss_recent': 0.07246575504541397, 'elapsed_sec': 0.127588652074337, 'avg_sec_per_batch': 0.127588652074337, 'cuda_allocated_mb': 46, 'cuda_reserved_mb': 270, 'cuda_max_allocated_mb': 202}
{'event': 'train_progress', 'epoch': 7, 'batch': 100, 'batches': 118, 'time_group': 100, 'time_groups': 118, 'history_edges': 2144, 'pos_edges': 38, 'neg_edges': 38, 'loss_recent': 1.233178082369268, 'elapsed_sec': 17.07926020771265, 'avg_sec_per_batch': 0.17079260207712652, 'cuda_allocated_mb': 47, 'cuda_reserved_mb': 270, 'cuda_max_allocated_mb': 202}
{'event': 'train_time_group', 'epoch': 7, 'time_group': 118, 'time_groups': 118, 'batch': 117, 'batches': 118, 'time_value': 1966.0, 'group_batches': 1, 'history_edges': 3153, 'elapsed_sec': 20.700518682599068, 'cuda_allocated_mb': 46, 'cuda_reserved_mb': 270, 'cuda_max_allocated_mb': 202}
{'event': 'train_progress', 'epoch': 7, 'batch': 118, 'batches': 118, 'time_group': 118, 'time_groups': 118, 'history_edges': 3153, 'pos_edges': 91, 'neg_edges': 91, 'loss_recent': 1.6484352086856962, 'elapsed_sec': 20.95957201346755, 'avg_sec_per_batch': 0.17762349163955551, 'cuda_allocated_mb': 49, 'cuda_reserved_mb': 270, 'cuda_max_allocated_mb': 202}
{'event': 'validation_start', 'epoch': 7}
{'event': 'validation_ranking_start', 'epoch': 7, 'max_edges': 150}
{'event': 'epoch_end', 'epoch': 7, 'early_stop_metric': 'val_composite', 'val_score': 0.2673613749312458, 'val_auc': 0.6142927069492671, 'val_ap': 0.15544781517998282, 'val_ndcg': 0.8037555256545299, 'val_mrr': 0.14190802948266398, 'val_hits@1': 0.06666666666666667, 'val_hits@10': 0.31, 'val_hits@50': 0.49666666666666665, 'val_hits@100': 0.6433333333333333, 'elapsed_sec': 110.76166654378176}
{'event': 'epoch_start', 'epoch': 8, 'epochs': 24, 'batches': 118, 'time_groups': 118}
{'event': 'train_time_group', 'epoch': 8, 'time_group': 1, 'time_groups': 118, 'batch': 0, 'batches': 118, 'time_value': 600.0, 'group_batches': 1, 'history_edges': 0, 'elapsed_sec': 0.0097682885825634, 'cuda_allocated_mb': 46, 'cuda_reserved_mb': 270, 'cuda_max_allocated_mb': 202}
{'event': 'train_progress', 'epoch': 8, 'batch': 1, 'batches': 118, 'time_group': 1, 'time_groups': 118, 'history_edges': 0, 'pos_edges': 1, 'neg_edges': 1, 'loss_recent': 2.7870004177093506, 'elapsed_sec': 0.13567305728793144, 'avg_sec_per_batch': 0.13567305728793144, 'cuda_allocated_mb': 46, 'cuda_reserved_mb': 270, 'cuda_max_allocated_mb': 202}
{'event': 'train_progress', 'epoch': 8, 'batch': 100, 'batches': 118, 'time_group': 100, 'time_groups': 118, 'history_edges': 2144, 'pos_edges': 38, 'neg_edges': 38, 'loss_recent': 1.0643968957755714, 'elapsed_sec': 16.409797567874193, 'avg_sec_per_batch': 0.16409797567874193, 'cuda_allocated_mb': 47, 'cuda_reserved_mb': 270, 'cuda_max_allocated_mb': 202}
{'event': 'train_time_group', 'epoch': 8, 'time_group': 118, 'time_groups': 118, 'batch': 117, 'batches': 118, 'time_value': 1966.0, 'group_batches': 1, 'history_edges': 3153, 'elapsed_sec': 19.908853072673082, 'cuda_allocated_mb': 46, 'cuda_reserved_mb': 270, 'cuda_max_allocated_mb': 202}
{'event': 'train_progress', 'epoch': 8, 'batch': 118, 'batches': 118, 'time_group': 118, 'time_groups': 118, 'history_edges': 3153, 'pos_edges': 91, 'neg_edges': 91, 'loss_recent': 1.4693517230916768, 'elapsed_sec': 20.176024962216616, 'avg_sec_per_batch': 0.17098326239166622, 'cuda_allocated_mb': 49, 'cuda_reserved_mb': 270, 'cuda_max_allocated_mb': 202}
{'event': 'validation_start', 'epoch': 8}
{'event': 'validation_ranking_start', 'epoch': 8, 'max_edges': 150}
{'event': 'epoch_end', 'epoch': 8, 'early_stop_metric': 'val_composite', 'val_score': 0.2717227372222738, 'val_auc': 0.620612389330865, 'val_ap': 0.155320820392161, 'val_ndcg': 0.8051170423985954, 'val_mrr': 0.14309791424742707, 'val_hits@1': 0.07, 'val_hits@10': 0.32666666666666666, 'val_hits@50': 0.4866666666666667, 'val_hits@100': 0.6333333333333333, 'elapsed_sec': 106.19185923039913}
{'event': 'epoch_start', 'epoch': 9, 'epochs': 24, 'batches': 118, 'time_groups': 118}
{'event': 'train_time_group', 'epoch': 9, 'time_group': 1, 'time_groups': 118, 'batch': 0, 'batches': 118, 'time_value': 600.0, 'group_batches': 1, 'history_edges': 0, 'elapsed_sec': 0.0073359087109565735, 'cuda_allocated_mb': 46, 'cuda_reserved_mb': 270, 'cuda_max_allocated_mb': 202}
{'event': 'train_progress', 'epoch': 9, 'batch': 1, 'batches': 118, 'time_group': 1, 'time_groups': 118, 'history_edges': 0, 'pos_edges': 1, 'neg_edges': 1, 'loss_recent': 0.03766709566116333, 'elapsed_sec': 0.13199269026517868, 'avg_sec_per_batch': 0.13199269026517868, 'cuda_allocated_mb': 46, 'cuda_reserved_mb': 270, 'cuda_max_allocated_mb': 202}
{'event': 'train_progress', 'epoch': 9, 'batch': 100, 'batches': 118, 'time_group': 100, 'time_groups': 118, 'history_edges': 2144, 'pos_edges': 38, 'neg_edges': 38, 'loss_recent': 0.952105530463159, 'elapsed_sec': 15.871801003813744, 'avg_sec_per_batch': 0.15871801003813743, 'cuda_allocated_mb': 47, 'cuda_reserved_mb': 270, 'cuda_max_allocated_mb': 202}
{'event': 'train_time_group', 'epoch': 9, 'time_group': 118, 'time_groups': 118, 'batch': 117, 'batches': 118, 'time_value': 1966.0, 'group_batches': 1, 'history_edges': 3153, 'elapsed_sec': 19.312876284122467, 'cuda_allocated_mb': 46, 'cuda_reserved_mb': 270, 'cuda_max_allocated_mb': 202}
{'event': 'train_progress', 'epoch': 9, 'batch': 118, 'batches': 118, 'time_group': 118, 'time_groups': 118, 'history_edges': 3153, 'pos_edges': 91, 'neg_edges': 91, 'loss_recent': 1.393651705607772, 'elapsed_sec': 19.48544155061245, 'avg_sec_per_batch': 0.1651308605984106, 'cuda_allocated_mb': 48, 'cuda_reserved_mb': 270, 'cuda_max_allocated_mb': 202}
{'event': 'validation_start', 'epoch': 9}
{'event': 'validation_ranking_start', 'epoch': 9, 'max_edges': 150}
{'event': 'epoch_end', 'epoch': 9, 'early_stop_metric': 'val_composite', 'val_score': 0.2803771068726141, 'val_auc': 0.6587769162481484, 'val_ap': 0.17194006644919774, 'val_ndcg': 0.8146443485132729, 'val_mrr': 0.1443656324829994, 'val_hits@1': 0.06666666666666667, 'val_hits@10': 0.34, 'val_hits@50': 0.52, 'val_hits@100': 0.6666666666666666, 'elapsed_sec': 110.89183298870921}
{'event': 'epoch_start', 'epoch': 10, 'epochs': 24, 'batches': 118, 'time_groups': 118}
{'event': 'train_time_group', 'epoch': 10, 'time_group': 1, 'time_groups': 118, 'batch': 0, 'batches': 118, 'time_value': 600.0, 'group_batches': 1, 'history_edges': 0, 'elapsed_sec': 0.008346360176801682, 'cuda_allocated_mb': 46, 'cuda_reserved_mb': 270, 'cuda_max_allocated_mb': 202}
{'event': 'train_progress', 'epoch': 10, 'batch': 1, 'batches': 118, 'time_group': 1, 'time_groups': 118, 'history_edges': 0, 'pos_edges': 1, 'neg_edges': 1, 'loss_recent': 0.03406147658824921, 'elapsed_sec': 0.1292039342224598, 'avg_sec_per_batch': 0.1292039342224598, 'cuda_allocated_mb': 46, 'cuda_reserved_mb': 270, 'cuda_max_allocated_mb': 202}
{'event': 'train_progress', 'epoch': 10, 'batch': 100, 'batches': 118, 'time_group': 100, 'time_groups': 118, 'history_edges': 2144, 'pos_edges': 38, 'neg_edges': 38, 'loss_recent': 0.967285712887533, 'elapsed_sec': 14.655328407883644, 'avg_sec_per_batch': 0.14655328407883644, 'cuda_allocated_mb': 47, 'cuda_reserved_mb': 270, 'cuda_max_allocated_mb': 202}
{'event': 'train_time_group', 'epoch': 10, 'time_group': 118, 'time_groups': 118, 'batch': 117, 'batches': 118, 'time_value': 1966.0, 'group_batches': 1, 'history_edges': 3153, 'elapsed_sec': 17.61461078748107, 'cuda_allocated_mb': 46, 'cuda_reserved_mb': 270, 'cuda_max_allocated_mb': 202}
{'event': 'train_progress', 'epoch': 10, 'batch': 118, 'batches': 118, 'time_group': 118, 'time_groups': 118, 'history_edges': 3153, 'pos_edges': 91, 'neg_edges': 91, 'loss_recent': 1.2987901638029142, 'elapsed_sec': 17.81007857993245, 'avg_sec_per_batch': 0.15093286932146144, 'cuda_allocated_mb': 49, 'cuda_reserved_mb': 270, 'cuda_max_allocated_mb': 202}
{'event': 'validation_start', 'epoch': 10}
{'event': 'validation_ranking_start', 'epoch': 10, 'max_edges': 150}
{'event': 'epoch_end', 'epoch': 10, 'early_stop_metric': 'val_composite', 'val_score': 0.28003516548375784, 'val_auc': 0.6287603926939891, 'val_ap': 0.15980601525364369, 'val_ndcg': 0.807552218679637, 'val_mrr': 0.146408710052763, 'val_hits@1': 0.06333333333333334, 'val_hits@10': 0.35333333333333333, 'val_hits@50': 0.51, 'val_hits@100': 0.6433333333333333, 'elapsed_sec': 101.5644899867475}
{'event': 'epoch_start', 'epoch': 11, 'epochs': 24, 'batches': 118, 'time_groups': 118}
{'event': 'train_time_group', 'epoch': 11, 'time_group': 1, 'time_groups': 118, 'batch': 0, 'batches': 118, 'time_value': 600.0, 'group_batches': 1, 'history_edges': 0, 'elapsed_sec': 0.009713098406791687, 'cuda_allocated_mb': 46, 'cuda_reserved_mb': 270, 'cuda_max_allocated_mb': 202}
{'event': 'train_progress', 'epoch': 11, 'batch': 1, 'batches': 118, 'time_group': 1, 'time_groups': 118, 'history_edges': 0, 'pos_edges': 1, 'neg_edges': 1, 'loss_recent': 2.927675247192383, 'elapsed_sec': 0.12596313655376434, 'avg_sec_per_batch': 0.12596313655376434, 'cuda_allocated_mb': 46, 'cuda_reserved_mb': 270, 'cuda_max_allocated_mb': 202}
{'event': 'train_progress', 'epoch': 11, 'batch': 100, 'batches': 118, 'time_group': 100, 'time_groups': 118, 'history_edges': 2144, 'pos_edges': 38, 'neg_edges': 38, 'loss_recent': 0.9038856166508049, 'elapsed_sec': 17.017332885414362, 'avg_sec_per_batch': 0.17017332885414363, 'cuda_allocated_mb': 47, 'cuda_reserved_mb': 270, 'cuda_max_allocated_mb': 202}
{'event': 'train_time_group', 'epoch': 11, 'time_group': 118, 'time_groups': 118, 'batch': 117, 'batches': 118, 'time_value': 1966.0, 'group_batches': 1, 'history_edges': 3153, 'elapsed_sec': 20.736663702875376, 'cuda_allocated_mb': 46, 'cuda_reserved_mb': 270, 'cuda_max_allocated_mb': 202}
{'event': 'train_progress', 'epoch': 11, 'batch': 118, 'batches': 118, 'time_group': 118, 'time_groups': 118, 'history_edges': 3153, 'pos_edges': 91, 'neg_edges': 91, 'loss_recent': 1.2932067458704113, 'elapsed_sec': 20.99395866319537, 'avg_sec_per_batch': 0.1779149039253845, 'cuda_allocated_mb': 48, 'cuda_reserved_mb': 270, 'cuda_max_allocated_mb': 202}
{'event': 'validation_start', 'epoch': 11}
{'event': 'validation_ranking_start', 'epoch': 11, 'max_edges': 150}
{'event': 'epoch_end', 'epoch': 11, 'early_stop_metric': 'val_composite', 'val_score': 0.275332217139494, 'val_auc': 0.6127581174839722, 'val_ap': 0.1520753654145229, 'val_ndcg': 0.80379908067256, 'val_mrr': 0.1456728634383886, 'val_hits@1': 0.06333333333333334, 'val_hits@10': 0.3433333333333333, 'val_hits@50': 0.49666666666666665, 'val_hits@100': 0.63, 'elapsed_sec': 110.64448818191886}
{'event': 'epoch_start', 'epoch': 12, 'epochs': 24, 'batches': 118, 'time_groups': 118}
{'event': 'train_time_group', 'epoch': 12, 'time_group': 1, 'time_groups': 118, 'batch': 0, 'batches': 118, 'time_value': 600.0, 'group_batches': 1, 'history_edges': 0, 'elapsed_sec': 0.008252523839473724, 'cuda_allocated_mb': 46, 'cuda_reserved_mb': 270, 'cuda_max_allocated_mb': 202}
{'event': 'train_progress', 'epoch': 12, 'batch': 1, 'batches': 118, 'time_group': 1, 'time_groups': 118, 'history_edges': 0, 'pos_edges': 1, 'neg_edges': 1, 'loss_recent': 0.06639956682920456, 'elapsed_sec': 0.1275208555161953, 'avg_sec_per_batch': 0.1275208555161953, 'cuda_allocated_mb': 46, 'cuda_reserved_mb': 270, 'cuda_max_allocated_mb': 202}
{'event': 'train_progress', 'epoch': 12, 'batch': 100, 'batches': 118, 'time_group': 100, 'time_groups': 118, 'history_edges': 2144, 'pos_edges': 38, 'neg_edges': 38, 'loss_recent': 0.8729854391142726, 'elapsed_sec': 16.784372426569462, 'avg_sec_per_batch': 0.1678437242656946, 'cuda_allocated_mb': 47, 'cuda_reserved_mb': 270, 'cuda_max_allocated_mb': 202}
{'event': 'train_time_group', 'epoch': 12, 'time_group': 118, 'time_groups': 118, 'batch': 117, 'batches': 118, 'time_value': 1966.0, 'group_batches': 1, 'history_edges': 3153, 'elapsed_sec': 20.42918026819825, 'cuda_allocated_mb': 46, 'cuda_reserved_mb': 270, 'cuda_max_allocated_mb': 202}
{'event': 'train_progress', 'epoch': 12, 'batch': 118, 'batches': 118, 'time_group': 118, 'time_groups': 118, 'history_edges': 3153, 'pos_edges': 91, 'neg_edges': 91, 'loss_recent': 1.2245667904801667, 'elapsed_sec': 20.67818144708872, 'avg_sec_per_batch': 0.17523882582278574, 'cuda_allocated_mb': 49, 'cuda_reserved_mb': 270, 'cuda_max_allocated_mb': 202}
{'event': 'validation_start', 'epoch': 12}
{'event': 'validation_ranking_start', 'epoch': 12, 'max_edges': 150}
{'event': 'epoch_end', 'epoch': 12, 'early_stop_metric': 'val_composite', 'val_score': 0.28731252118377143, 'val_auc': 0.6281541942444693, 'val_ap': 0.15803928356556735, 'val_ndcg': 0.8075736810125749, 'val_mrr': 0.15354976833757747, 'val_hits@1': 0.06666666666666667, 'val_hits@10': 0.37333333333333335, 'val_hits@50': 0.5266666666666666, 'val_hits@100': 0.64, 'elapsed_sec': 111.10789541527629}
{'event': 'epoch_start', 'epoch': 13, 'epochs': 24, 'batches': 118, 'time_groups': 118}
{'event': 'train_time_group', 'epoch': 13, 'time_group': 1, 'time_groups': 118, 'batch': 0, 'batches': 118, 'time_value': 600.0, 'group_batches': 1, 'history_edges': 0, 'elapsed_sec': 0.008063752204179764, 'cuda_allocated_mb': 46, 'cuda_reserved_mb': 270, 'cuda_max_allocated_mb': 202}
{'event': 'train_progress', 'epoch': 13, 'batch': 1, 'batches': 118, 'time_group': 1, 'time_groups': 118, 'history_edges': 0, 'pos_edges': 1, 'neg_edges': 1, 'loss_recent': 2.232525587081909, 'elapsed_sec': 0.12874242290854454, 'avg_sec_per_batch': 0.12874242290854454, 'cuda_allocated_mb': 46, 'cuda_reserved_mb': 270, 'cuda_max_allocated_mb': 202}
{'event': 'train_progress', 'epoch': 13, 'batch': 100, 'batches': 118, 'time_group': 100, 'time_groups': 118, 'history_edges': 2144, 'pos_edges': 38, 'neg_edges': 38, 'loss_recent': 0.7712980958120897, 'elapsed_sec': 16.932403717190027, 'avg_sec_per_batch': 0.16932403717190028, 'cuda_allocated_mb': 47, 'cuda_reserved_mb': 270, 'cuda_max_allocated_mb': 202}
{'event': 'train_time_group', 'epoch': 13, 'time_group': 118, 'time_groups': 118, 'batch': 117, 'batches': 118, 'time_value': 1966.0, 'group_batches': 1, 'history_edges': 3153, 'elapsed_sec': 20.577253222465515, 'cuda_allocated_mb': 46, 'cuda_reserved_mb': 270, 'cuda_max_allocated_mb': 202}
{'event': 'train_progress', 'epoch': 13, 'batch': 118, 'batches': 118, 'time_group': 118, 'time_groups': 118, 'history_edges': 3153, 'pos_edges': 91, 'neg_edges': 91, 'loss_recent': 1.1552587865153328, 'elapsed_sec': 20.818205691874027, 'avg_sec_per_batch': 0.17642547196503414, 'cuda_allocated_mb': 48, 'cuda_reserved_mb': 270, 'cuda_max_allocated_mb': 202}
{'event': 'validation_start', 'epoch': 13}
{'event': 'validation_ranking_start', 'epoch': 13, 'max_edges': 150}
{'event': 'epoch_end', 'epoch': 13, 'early_stop_metric': 'val_composite', 'val_score': 0.28779803994148684, 'val_auc': 0.640262353987754, 'val_ap': 0.16297570086456864, 'val_ndcg': 0.8108986014359952, 'val_mrr': 0.15649741393762867, 'val_hits@1': 0.07333333333333333, 'val_hits@10': 0.36, 'val_hits@50': 0.53, 'val_hits@100': 0.6366666666666667, 'elapsed_sec': 110.68738966435194}
{'event': 'epoch_start', 'epoch': 14, 'epochs': 24, 'batches': 118, 'time_groups': 118}
{'event': 'train_time_group', 'epoch': 14, 'time_group': 1, 'time_groups': 118, 'batch': 0, 'batches': 118, 'time_value': 600.0, 'group_batches': 1, 'history_edges': 0, 'elapsed_sec': 0.008768301457166672, 'cuda_allocated_mb': 46, 'cuda_reserved_mb': 270, 'cuda_max_allocated_mb': 202}
{'event': 'train_progress', 'epoch': 14, 'batch': 1, 'batches': 118, 'time_group': 1, 'time_groups': 118, 'history_edges': 0, 'pos_edges': 1, 'neg_edges': 1, 'loss_recent': 0.5316169857978821, 'elapsed_sec': 0.12436570599675179, 'avg_sec_per_batch': 0.12436570599675179, 'cuda_allocated_mb': 46, 'cuda_reserved_mb': 270, 'cuda_max_allocated_mb': 202}
{'event': 'train_progress', 'epoch': 14, 'batch': 100, 'batches': 118, 'time_group': 100, 'time_groups': 118, 'history_edges': 2144, 'pos_edges': 38, 'neg_edges': 38, 'loss_recent': 0.7661621754430235, 'elapsed_sec': 16.83898487687111, 'avg_sec_per_batch': 0.1683898487687111, 'cuda_allocated_mb': 47, 'cuda_reserved_mb': 270, 'cuda_max_allocated_mb': 202}
{'event': 'train_time_group', 'epoch': 14, 'time_group': 118, 'time_groups': 118, 'batch': 117, 'batches': 118, 'time_value': 1966.0, 'group_batches': 1, 'history_edges': 3153, 'elapsed_sec': 20.58400147780776, 'cuda_allocated_mb': 46, 'cuda_reserved_mb': 270, 'cuda_max_allocated_mb': 202}
{'event': 'train_progress', 'epoch': 14, 'batch': 118, 'batches': 118, 'time_group': 118, 'time_groups': 118, 'history_edges': 3153, 'pos_edges': 91, 'neg_edges': 91, 'loss_recent': 1.1301609610021115, 'elapsed_sec': 20.900523617863655, 'avg_sec_per_batch': 0.17712308150731912, 'cuda_allocated_mb': 49, 'cuda_reserved_mb': 270, 'cuda_max_allocated_mb': 202}
{'event': 'validation_start', 'epoch': 14}
{'event': 'validation_ranking_start', 'epoch': 14, 'max_edges': 150}
{'event': 'epoch_end', 'epoch': 14, 'early_stop_metric': 'val_composite', 'val_score': 0.288458270202666, 'val_auc': 0.6319242156565004, 'val_ap': 0.16078254121462104, 'val_ndcg': 0.8090702743617009, 'val_mrr': 0.15967530160295557, 'val_hits@1': 0.07666666666666666, 'val_hits@10': 0.36, 'val_hits@50': 0.57, 'val_hits@100': 0.6833333333333333, 'elapsed_sec': 112.04358153790236}
{'event': 'epoch_start', 'epoch': 15, 'epochs': 24, 'batches': 118, 'time_groups': 118}
{'event': 'train_time_group', 'epoch': 15, 'time_group': 1, 'time_groups': 118, 'batch': 0, 'batches': 118, 'time_value': 600.0, 'group_batches': 1, 'history_edges': 0, 'elapsed_sec': 0.008967731148004532, 'cuda_allocated_mb': 46, 'cuda_reserved_mb': 270, 'cuda_max_allocated_mb': 202}
{'event': 'train_progress', 'epoch': 15, 'batch': 1, 'batches': 118, 'time_group': 1, 'time_groups': 118, 'history_edges': 0, 'pos_edges': 1, 'neg_edges': 1, 'loss_recent': 1.4454723596572876, 'elapsed_sec': 0.1289084479212761, 'avg_sec_per_batch': 0.1289084479212761, 'cuda_allocated_mb': 46, 'cuda_reserved_mb': 270, 'cuda_max_allocated_mb': 202}
{'event': 'train_progress', 'epoch': 15, 'batch': 100, 'batches': 118, 'time_group': 100, 'time_groups': 118, 'history_edges': 2144, 'pos_edges': 38, 'neg_edges': 38, 'loss_recent': 0.7287686717510223, 'elapsed_sec': 16.577147480100393, 'avg_sec_per_batch': 0.16577147480100393, 'cuda_allocated_mb': 47, 'cuda_reserved_mb': 270, 'cuda_max_allocated_mb': 202}
{'event': 'train_time_group', 'epoch': 15, 'time_group': 118, 'time_groups': 118, 'batch': 117, 'batches': 118, 'time_value': 1966.0, 'group_batches': 1, 'history_edges': 3153, 'elapsed_sec': 20.2456247061491, 'cuda_allocated_mb': 46, 'cuda_reserved_mb': 270, 'cuda_max_allocated_mb': 202}
{'event': 'train_progress', 'epoch': 15, 'batch': 118, 'batches': 118, 'time_group': 118, 'time_groups': 118, 'history_edges': 3153, 'pos_edges': 91, 'neg_edges': 91, 'loss_recent': 1.0976716206176207, 'elapsed_sec': 20.495612055063248, 'avg_sec_per_batch': 0.17369162758528175, 'cuda_allocated_mb': 48, 'cuda_reserved_mb': 270, 'cuda_max_allocated_mb': 202}
{'event': 'validation_start', 'epoch': 15}
{'event': 'validation_ranking_start', 'epoch': 15, 'max_edges': 150}
{'event': 'epoch_end', 'epoch': 15, 'early_stop_metric': 'val_composite', 'val_score': 0.28241707669259597, 'val_auc': 0.6760121882852586, 'val_ap': 0.17077978732638527, 'val_ndcg': 0.8139571327585918, 'val_mrr': 0.14854090514036541, 'val_hits@1': 0.07, 'val_hits@10': 0.33666666666666667, 'val_hits@50': 0.5266666666666666, 'val_hits@100': 0.66, 'elapsed_sec': 111.25489372015}
{'event': 'epoch_start', 'epoch': 16, 'epochs': 24, 'batches': 118, 'time_groups': 118}
{'event': 'train_time_group', 'epoch': 16, 'time_group': 1, 'time_groups': 118, 'batch': 0, 'batches': 118, 'time_value': 600.0, 'group_batches': 1, 'history_edges': 0, 'elapsed_sec': 0.007618069648742676, 'cuda_allocated_mb': 46, 'cuda_reserved_mb': 270, 'cuda_max_allocated_mb': 202}
{'event': 'train_progress', 'epoch': 16, 'batch': 1, 'batches': 118, 'time_group': 1, 'time_groups': 118, 'history_edges': 0, 'pos_edges': 1, 'neg_edges': 1, 'loss_recent': 3.008488416671753, 'elapsed_sec': 0.12428179010748863, 'avg_sec_per_batch': 0.12428179010748863, 'cuda_allocated_mb': 46, 'cuda_reserved_mb': 270, 'cuda_max_allocated_mb': 202}
{'event': 'train_progress', 'epoch': 16, 'batch': 100, 'batches': 118, 'time_group': 100, 'time_groups': 118, 'history_edges': 2144, 'pos_edges': 38, 'neg_edges': 38, 'loss_recent': 0.7409412153949961, 'elapsed_sec': 16.939622040838003, 'avg_sec_per_batch': 0.16939622040838004, 'cuda_allocated_mb': 47, 'cuda_reserved_mb': 270, 'cuda_max_allocated_mb': 202}
{'event': 'train_time_group', 'epoch': 16, 'time_group': 118, 'time_groups': 118, 'batch': 117, 'batches': 118, 'time_value': 1966.0, 'group_batches': 1, 'history_edges': 3153, 'elapsed_sec': 20.632790744304657, 'cuda_allocated_mb': 46, 'cuda_reserved_mb': 270, 'cuda_max_allocated_mb': 202}
{'event': 'train_progress', 'epoch': 16, 'batch': 118, 'batches': 118, 'time_group': 118, 'time_groups': 118, 'history_edges': 3153, 'pos_edges': 91, 'neg_edges': 91, 'loss_recent': 1.0763904858985915, 'elapsed_sec': 20.881138440221548, 'avg_sec_per_batch': 0.1769588003408606, 'cuda_allocated_mb': 48, 'cuda_reserved_mb': 270, 'cuda_max_allocated_mb': 202}
{'event': 'validation_start', 'epoch': 16}
{'event': 'validation_ranking_start', 'epoch': 16, 'max_edges': 150}
{'event': 'epoch_end', 'epoch': 16, 'early_stop_metric': 'val_composite', 'val_score': 0.2829436236474007, 'val_auc': 0.6487216712168223, 'val_ap': 0.16347185364085312, 'val_ndcg': 0.8110848728950717, 'val_mrr': 0.15242321616851567, 'val_hits@1': 0.07, 'val_hits@10': 0.3433333333333333, 'val_hits@50': 0.5366666666666666, 'val_hits@100': 0.6666666666666666, 'elapsed_sec': 110.31442085653543}
{'event': 'epoch_start', 'epoch': 17, 'epochs': 24, 'batches': 118, 'time_groups': 118}
{'event': 'train_time_group', 'epoch': 17, 'time_group': 1, 'time_groups': 118, 'batch': 0, 'batches': 118, 'time_value': 600.0, 'group_batches': 1, 'history_edges': 0, 'elapsed_sec': 0.007270388305187225, 'cuda_allocated_mb': 46, 'cuda_reserved_mb': 270, 'cuda_max_allocated_mb': 202}
{'event': 'train_progress', 'epoch': 17, 'batch': 1, 'batches': 118, 'time_group': 1, 'time_groups': 118, 'history_edges': 0, 'pos_edges': 1, 'neg_edges': 1, 'loss_recent': 0.9441737532615662, 'elapsed_sec': 0.12181191518902779, 'avg_sec_per_batch': 0.12181191518902779, 'cuda_allocated_mb': 46, 'cuda_reserved_mb': 270, 'cuda_max_allocated_mb': 202}
{'event': 'train_progress', 'epoch': 17, 'batch': 100, 'batches': 118, 'time_group': 100, 'time_groups': 118, 'history_edges': 2144, 'pos_edges': 38, 'neg_edges': 38, 'loss_recent': 0.6856274864124134, 'elapsed_sec': 16.76886223629117, 'avg_sec_per_batch': 0.1676886223629117, 'cuda_allocated_mb': 47, 'cuda_reserved_mb': 270, 'cuda_max_allocated_mb': 202}
{'event': 'train_time_group', 'epoch': 17, 'time_group': 118, 'time_groups': 118, 'batch': 117, 'batches': 118, 'time_value': 1966.0, 'group_batches': 1, 'history_edges': 3153, 'elapsed_sec': 20.55649646744132, 'cuda_allocated_mb': 46, 'cuda_reserved_mb': 270, 'cuda_max_allocated_mb': 202}
{'event': 'train_progress', 'epoch': 17, 'batch': 118, 'batches': 118, 'time_group': 118, 'time_groups': 118, 'history_edges': 3153, 'pos_edges': 91, 'neg_edges': 91, 'loss_recent': 1.0359273244487122, 'elapsed_sec': 20.809693697839975, 'avg_sec_per_batch': 0.17635333642237266, 'cuda_allocated_mb': 49, 'cuda_reserved_mb': 270, 'cuda_max_allocated_mb': 202}
{'event': 'validation_start', 'epoch': 17}
{'event': 'validation_ranking_start', 'epoch': 17, 'max_edges': 150}
{'event': 'epoch_end', 'epoch': 17, 'early_stop_metric': 'val_composite', 'val_score': 0.29411459489647485, 'val_auc': 0.6909991530076093, 'val_ap': 0.1771447552408907, 'val_ndcg': 0.8174911248422825, 'val_mrr': 0.1598209562847983, 'val_hits@1': 0.07, 'val_hits@10': 0.3566666666666667, 'val_hits@50': 0.5433333333333333, 'val_hits@100': 0.6566666666666666, 'elapsed_sec': 111.42377104982734}
{'event': 'epoch_start', 'epoch': 18, 'epochs': 24, 'batches': 118, 'time_groups': 118}
{'event': 'train_time_group', 'epoch': 18, 'time_group': 1, 'time_groups': 118, 'batch': 0, 'batches': 118, 'time_value': 600.0, 'group_batches': 1, 'history_edges': 0, 'elapsed_sec': 0.009063828736543655, 'cuda_allocated_mb': 46, 'cuda_reserved_mb': 270, 'cuda_max_allocated_mb': 202}
{'event': 'train_progress', 'epoch': 18, 'batch': 1, 'batches': 118, 'time_group': 1, 'time_groups': 118, 'history_edges': 0, 'pos_edges': 1, 'neg_edges': 1, 'loss_recent': 1.0042093992233276, 'elapsed_sec': 0.13243500143289566, 'avg_sec_per_batch': 0.13243500143289566, 'cuda_allocated_mb': 46, 'cuda_reserved_mb': 270, 'cuda_max_allocated_mb': 202}
{'event': 'train_progress', 'epoch': 18, 'batch': 100, 'batches': 118, 'time_group': 100, 'time_groups': 118, 'history_edges': 2144, 'pos_edges': 38, 'neg_edges': 38, 'loss_recent': 0.7120511269383133, 'elapsed_sec': 15.880519647151232, 'avg_sec_per_batch': 0.1588051964715123, 'cuda_allocated_mb': 47, 'cuda_reserved_mb': 270, 'cuda_max_allocated_mb': 202}
{'event': 'train_time_group', 'epoch': 18, 'time_group': 118, 'time_groups': 118, 'batch': 117, 'batches': 118, 'time_value': 1966.0, 'group_batches': 1, 'history_edges': 3153, 'elapsed_sec': 19.29490587860346, 'cuda_allocated_mb': 46, 'cuda_reserved_mb': 270, 'cuda_max_allocated_mb': 202}
{'event': 'train_progress', 'epoch': 18, 'batch': 118, 'batches': 118, 'time_group': 118, 'time_groups': 118, 'history_edges': 3153, 'pos_edges': 91, 'neg_edges': 91, 'loss_recent': 1.0036713625164702, 'elapsed_sec': 19.482776924967766, 'avg_sec_per_batch': 0.16510827902515054, 'cuda_allocated_mb': 49, 'cuda_reserved_mb': 270, 'cuda_max_allocated_mb': 202}
{'event': 'validation_start', 'epoch': 18}
{'event': 'validation_ranking_start', 'epoch': 18, 'max_edges': 150}
{'event': 'epoch_end', 'epoch': 18, 'early_stop_metric': 'val_composite', 'val_score': 0.2900466771288666, 'val_auc': 0.6355376093343521, 'val_ap': 0.1636911583831302, 'val_ndcg': 0.8109363243360074, 'val_mrr': 0.15991164760882418, 'val_hits@1': 0.07, 'val_hits@10': 0.36333333333333334, 'val_hits@50': 0.5266666666666666, 'val_hits@100': 0.66, 'elapsed_sec': 106.0804052837193}
{'event': 'epoch_start', 'epoch': 19, 'epochs': 24, 'batches': 118, 'time_groups': 118}
{'event': 'train_time_group', 'epoch': 19, 'time_group': 1, 'time_groups': 118, 'batch': 0, 'batches': 118, 'time_value': 600.0, 'group_batches': 1, 'history_edges': 0, 'elapsed_sec': 0.008544914424419403, 'cuda_allocated_mb': 46, 'cuda_reserved_mb': 270, 'cuda_max_allocated_mb': 202}
{'event': 'train_progress', 'epoch': 19, 'batch': 1, 'batches': 118, 'time_group': 1, 'time_groups': 118, 'history_edges': 0, 'pos_edges': 1, 'neg_edges': 1, 'loss_recent': 3.7439157962799072, 'elapsed_sec': 0.13371321558952332, 'avg_sec_per_batch': 0.13371321558952332, 'cuda_allocated_mb': 46, 'cuda_reserved_mb': 270, 'cuda_max_allocated_mb': 202}
{'event': 'train_progress', 'epoch': 19, 'batch': 100, 'batches': 118, 'time_group': 100, 'time_groups': 118, 'history_edges': 2144, 'pos_edges': 38, 'neg_edges': 38, 'loss_recent': 0.7259584699710832, 'elapsed_sec': 16.30334623157978, 'avg_sec_per_batch': 0.1630334623157978, 'cuda_allocated_mb': 47, 'cuda_reserved_mb': 270, 'cuda_max_allocated_mb': 202}
{'event': 'train_time_group', 'epoch': 19, 'time_group': 118, 'time_groups': 118, 'batch': 117, 'batches': 118, 'time_value': 1966.0, 'group_batches': 1, 'history_edges': 3153, 'elapsed_sec': 19.775407895445824, 'cuda_allocated_mb': 46, 'cuda_reserved_mb': 270, 'cuda_max_allocated_mb': 202}
{'event': 'train_progress', 'epoch': 19, 'batch': 118, 'batches': 118, 'time_group': 118, 'time_groups': 118, 'history_edges': 3153, 'pos_edges': 91, 'neg_edges': 91, 'loss_recent': 1.017188849230297, 'elapsed_sec': 20.02888135612011, 'avg_sec_per_batch': 0.16973628267898397, 'cuda_allocated_mb': 48, 'cuda_reserved_mb': 270, 'cuda_max_allocated_mb': 202}
{'event': 'validation_start', 'epoch': 19}
{'event': 'validation_ranking_start', 'epoch': 19, 'max_edges': 150}
{'event': 'epoch_end', 'epoch': 19, 'early_stop_metric': 'val_composite', 'val_score': 0.28845552348726966, 'val_auc': 0.6622879457392719, 'val_ap': 0.16951156720778252, 'val_ndcg': 0.8143605473737275, 'val_mrr': 0.15295667276353192, 'val_hits@1': 0.06666666666666667, 'val_hits@10': 0.36, 'val_hits@50': 0.5, 'val_hits@100': 0.6333333333333333, 'elapsed_sec': 109.67833163589239}
{'event': 'epoch_start', 'epoch': 20, 'epochs': 24, 'batches': 118, 'time_groups': 118}
{'event': 'train_time_group', 'epoch': 20, 'time_group': 1, 'time_groups': 118, 'batch': 0, 'batches': 118, 'time_value': 600.0, 'group_batches': 1, 'history_edges': 0, 'elapsed_sec': 0.008546199649572372, 'cuda_allocated_mb': 46, 'cuda_reserved_mb': 270, 'cuda_max_allocated_mb': 202}
{'event': 'train_progress', 'epoch': 20, 'batch': 1, 'batches': 118, 'time_group': 1, 'time_groups': 118, 'history_edges': 0, 'pos_edges': 1, 'neg_edges': 1, 'loss_recent': 0.48527494072914124, 'elapsed_sec': 0.12528884783387184, 'avg_sec_per_batch': 0.12528884783387184, 'cuda_allocated_mb': 46, 'cuda_reserved_mb': 270, 'cuda_max_allocated_mb': 202}
{'event': 'train_progress', 'epoch': 20, 'batch': 100, 'batches': 118, 'time_group': 100, 'time_groups': 118, 'history_edges': 2144, 'pos_edges': 38, 'neg_edges': 38, 'loss_recent': 0.626829529250972, 'elapsed_sec': 14.250739969313145, 'avg_sec_per_batch': 0.14250739969313145, 'cuda_allocated_mb': 47, 'cuda_reserved_mb': 270, 'cuda_max_allocated_mb': 202}
{'event': 'train_time_group', 'epoch': 20, 'time_group': 118, 'time_groups': 118, 'batch': 117, 'batches': 118, 'time_value': 1966.0, 'group_batches': 1, 'history_edges': 3153, 'elapsed_sec': 17.255648463964462, 'cuda_allocated_mb': 46, 'cuda_reserved_mb': 270, 'cuda_max_allocated_mb': 202}
{'event': 'train_progress', 'epoch': 20, 'batch': 118, 'batches': 118, 'time_group': 118, 'time_groups': 118, 'history_edges': 3153, 'pos_edges': 91, 'neg_edges': 91, 'loss_recent': 0.9420573656866327, 'elapsed_sec': 17.444351188838482, 'avg_sec_per_batch': 0.14783348465117357, 'cuda_allocated_mb': 48, 'cuda_reserved_mb': 270, 'cuda_max_allocated_mb': 202}
{'event': 'validation_start', 'epoch': 20}
{'event': 'validation_ranking_start', 'epoch': 20, 'max_edges': 150}
{'event': 'epoch_end', 'epoch': 20, 'early_stop_metric': 'val_composite', 'val_score': 0.285225303400075, 'val_auc': 0.6642027566833633, 'val_ap': 0.16800619342117265, 'val_ndcg': 0.812984128862507, 'val_mrr': 0.15103164733296054, 'val_hits@1': 0.07, 'val_hits@10': 0.35, 'val_hits@50': 0.5066666666666667, 'val_hits@100': 0.6466666666666666, 'elapsed_sec': 102.39255679026246}
{'event': 'epoch_start', 'epoch': 21, 'epochs': 24, 'batches': 118, 'time_groups': 118}
{'event': 'train_time_group', 'epoch': 21, 'time_group': 1, 'time_groups': 118, 'batch': 0, 'batches': 118, 'time_value': 600.0, 'group_batches': 1, 'history_edges': 0, 'elapsed_sec': 0.008058421313762665, 'cuda_allocated_mb': 46, 'cuda_reserved_mb': 270, 'cuda_max_allocated_mb': 202}
{'event': 'train_progress', 'epoch': 21, 'batch': 1, 'batches': 118, 'time_group': 1, 'time_groups': 118, 'history_edges': 0, 'pos_edges': 1, 'neg_edges': 1, 'loss_recent': 1.373765230178833, 'elapsed_sec': 0.12368826195597649, 'avg_sec_per_batch': 0.12368826195597649, 'cuda_allocated_mb': 46, 'cuda_reserved_mb': 270, 'cuda_max_allocated_mb': 202}
{'event': 'train_progress', 'epoch': 21, 'batch': 100, 'batches': 118, 'time_group': 100, 'time_groups': 118, 'history_edges': 2144, 'pos_edges': 38, 'neg_edges': 38, 'loss_recent': 0.7737415240518749, 'elapsed_sec': 13.552367996424437, 'avg_sec_per_batch': 0.13552367996424436, 'cuda_allocated_mb': 47, 'cuda_reserved_mb': 270, 'cuda_max_allocated_mb': 202}
{'event': 'train_time_group', 'epoch': 21, 'time_group': 118, 'time_groups': 118, 'batch': 117, 'batches': 118, 'time_value': 1966.0, 'group_batches': 1, 'history_edges': 3153, 'elapsed_sec': 16.251919277012348, 'cuda_allocated_mb': 46, 'cuda_reserved_mb': 270, 'cuda_max_allocated_mb': 202}
{'event': 'train_progress', 'epoch': 21, 'batch': 118, 'batches': 118, 'time_group': 118, 'time_groups': 118, 'history_edges': 3153, 'pos_edges': 91, 'neg_edges': 91, 'loss_recent': 1.0191408593440427, 'elapsed_sec': 16.42034089937806, 'avg_sec_per_batch': 0.13915543135066152, 'cuda_allocated_mb': 48, 'cuda_reserved_mb': 270, 'cuda_max_allocated_mb': 202}
{'event': 'validation_start', 'epoch': 21}
{'event': 'validation_ranking_start', 'epoch': 21, 'max_edges': 150}
{'event': 'epoch_end', 'epoch': 21, 'early_stop_metric': 'val_composite', 'val_score': 0.2847181968731424, 'val_auc': 0.6768397558413488, 'val_ap': 0.17343865074426643, 'val_ndcg': 0.8150432241641964, 'val_mrr': 0.1533788447726974, 'val_hits@1': 0.07, 'val_hits@10': 0.3333333333333333, 'val_hits@50': 0.5, 'val_hits@100': 0.6266666666666667, 'elapsed_sec': 94.92607687041163}
{'event': 'epoch_start', 'epoch': 22, 'epochs': 24, 'batches': 118, 'time_groups': 118}
{'event': 'train_time_group', 'epoch': 22, 'time_group': 1, 'time_groups': 118, 'batch': 0, 'batches': 118, 'time_value': 600.0, 'group_batches': 1, 'history_edges': 0, 'elapsed_sec': 0.010066181421279907, 'cuda_allocated_mb': 46, 'cuda_reserved_mb': 270, 'cuda_max_allocated_mb': 202}
{'event': 'train_progress', 'epoch': 22, 'batch': 1, 'batches': 118, 'time_group': 1, 'time_groups': 118, 'history_edges': 0, 'pos_edges': 1, 'neg_edges': 1, 'loss_recent': 2.090549945831299, 'elapsed_sec': 0.12503964081406593, 'avg_sec_per_batch': 0.12503964081406593, 'cuda_allocated_mb': 46, 'cuda_reserved_mb': 270, 'cuda_max_allocated_mb': 202}
{'event': 'train_progress', 'epoch': 22, 'batch': 100, 'batches': 118, 'time_group': 100, 'time_groups': 118, 'history_edges': 2144, 'pos_edges': 38, 'neg_edges': 38, 'loss_recent': 0.6200305797997863, 'elapsed_sec': 13.960040647536516, 'avg_sec_per_batch': 0.13960040647536517, 'cuda_allocated_mb': 47, 'cuda_reserved_mb': 270, 'cuda_max_allocated_mb': 202}
{'event': 'train_time_group', 'epoch': 22, 'time_group': 118, 'time_groups': 118, 'batch': 117, 'batches': 118, 'time_value': 1966.0, 'group_batches': 1, 'history_edges': 3153, 'elapsed_sec': 16.722161192446947, 'cuda_allocated_mb': 46, 'cuda_reserved_mb': 270, 'cuda_max_allocated_mb': 202}
{'event': 'train_progress', 'epoch': 22, 'batch': 118, 'batches': 118, 'time_group': 118, 'time_groups': 118, 'history_edges': 3153, 'pos_edges': 91, 'neg_edges': 91, 'loss_recent': 0.9073152146209031, 'elapsed_sec': 16.89608444273472, 'avg_sec_per_batch': 0.14318715629436202, 'cuda_allocated_mb': 48, 'cuda_reserved_mb': 270, 'cuda_max_allocated_mb': 202}
{'event': 'validation_start', 'epoch': 22}
{'event': 'validation_ranking_start', 'epoch': 22, 'max_edges': 150}
{'event': 'epoch_end', 'epoch': 22, 'early_stop_metric': 'val_composite', 'val_score': 0.2801160484017377, 'val_auc': 0.6497981537442508, 'val_ap': 0.16201298172531348, 'val_ndcg': 0.8099558789433537, 'val_mrr': 0.14865721112278554, 'val_hits@1': 0.07, 'val_hits@10': 0.34, 'val_hits@50': 0.49, 'val_hits@100': 0.5866666666666667, 'elapsed_sec': 97.24101117625833}
{'dataset': 'yago15k-temporal', 'method': 'ssptgfm', 'scenario': 'standard', 'ablation': 'full', 'few_shot_ratio': 1.0, 'seed': 3, 'train_edges': 3244, 'val_edges': 6738, 'test_edges': 26719, 'params_trainable': 974867, 'params_total': 974916, 'rough_forward_flops': 221349888, 'train_eval_time_sec': 2652.2827733382583, 'allocated_mb': 29.890625, 'reserved_mb': 270.0, 'max_allocated_mb': 202.6806640625, 'val_auc': 0.6909991497036914, 'val_ap': 0.17714475360231124, 'val_ndcg': 0.8174911244309014, 'val_mrr': 0.1598209562847983, 'val_hits@1': 0.07, 'val_hits@10': 0.3566666666666667, 'val_hits@50': 0.5433333333333333, 'val_hits@100': 0.6566666666666666, 'train_loss': 0.8914134848460366, 'train_lp': 0.08825557254804861, 'train_align': 141.32345644662442, 'train_kl': 944.787749435942, 'train_ood_reg': 0.21460941257113117, 'train_meta': 0.10331875023419197, 'train_struct_aux': 1.3306689269067455, 'train_weighted_align': 0.7066172640415508, 'train_weighted_kl': 0.09447877254076618, 'train_weighted_ood_reg': 0.0002146094225512786, 'train_weighted_meta': 0.0005165937399852684, 'train_weighted_struct_aux': 0.0013306689951739499, 'train_rank': 0.020857864055869674, 'train_weighted_rank': 2.08578650028729e-05, 'test_auc': 0.6785401835861453, 'test_ap': 0.14756975996445412, 'test_ndcg': 0.8235936764978287, 'test_mrr': 0.11619951159444444, 'test_hits@1': 0.04833333333333333, 'test_hits@10': 0.24166666666666667, 'test_hits@50': 0.445, 'test_hits@100': 0.56}
