runtime_device=cuda
cuda_device=Tesla V100-PCIE-32GB
{'event': 'seed_start', 'dataset': 'icews14', 'ablation': 'full', 'seed': 1, 'device': 'cuda', 'node_text_device': 'cuda:0'}
{'event': 'train_seed_start', 'seed': 1, 'train_edges': 61760, 'val_edges': 14592, 'test_edges': 14378, 'num_nodes': 7128, 'num_relations': 230}
{'event': 'train_seed_tensors_ready', 'seed': 1, 'elapsed_sec': 0.013373706489801407, 'cuda_allocated_mb': 28, 'cuda_reserved_mb': 44, 'cuda_max_allocated_mb': 28}
{'event': 'train_known_facts_ready', 'seed': 1, 'scope': 'train', 'edges': 61760, 'elapsed_sec': 0.021022256463766098}
{'event': 'train_known_facts_ready', 'seed': 1, 'scope': 'train_val', 'edges': 76352, 'elapsed_sec': 0.027725588530302048}
{'event': 'train_sampler_ready', 'seed': 1, 'elapsed_sec': 0.20396320521831512}
{'event': 'val_sampler_ready', 'seed': 1, 'elapsed_sec': 0.39708052948117256}
{'event': 'epoch_start', 'epoch': 1, 'epochs': 24, 'batches': 255, 'time_groups': 255}
{'event': 'train_time_group', 'epoch': 1, 'time_group': 1, 'time_groups': 255, 'batch': 0, 'batches': 255, 'time_value': 1388534400.0, 'group_batches': 1, 'history_edges': 0, 'elapsed_sec': 0.17918721958994865, 'cuda_allocated_mb': 30, 'cuda_reserved_mb': 46, 'cuda_max_allocated_mb': 30}
{'event': 'train_progress', 'epoch': 1, 'batch': 1, 'batches': 255, 'time_group': 1, 'time_groups': 255, 'history_edges': 0, 'pos_edges': 113, 'neg_edges': 113, 'loss_recent': 72.1918716430664, 'elapsed_sec': 1.3701776191592216, 'avg_sec_per_batch': 1.3701776191592216, 'cuda_allocated_mb': 122, 'cuda_reserved_mb': 236, 'cuda_max_allocated_mb': 212}
{'event': 'train_progress', 'epoch': 1, 'batch': 100, 'batches': 255, 'time_group': 100, 'time_groups': 255, 'history_edges': 23816, 'pos_edges': 259, 'neg_edges': 259, 'loss_recent': 138.00512214660645, 'elapsed_sec': 42.69865357875824, 'avg_sec_per_batch': 0.4269865357875824, 'cuda_allocated_mb': 130, 'cuda_reserved_mb': 962, 'cuda_max_allocated_mb': 880}
{'event': 'train_progress', 'epoch': 1, 'batch': 200, 'batches': 255, 'time_group': 200, 'time_groups': 255, 'history_edges': 48751, 'pos_edges': 162, 'neg_edges': 162, 'loss_recent': 124.56910400390625, 'elapsed_sec': 86.33881736174226, 'avg_sec_per_batch': 0.4316940868087113, 'cuda_allocated_mb': 126, 'cuda_reserved_mb': 1582, 'cuda_max_allocated_mb': 1445}
{'event': 'train_time_group', 'epoch': 1, 'time_group': 255, 'time_groups': 255, 'batch': 254, 'batches': 255, 'time_value': 1410480000.0, 'group_batches': 1, 'history_edges': 61439, 'elapsed_sec': 111.99509321525693, 'cuda_allocated_mb': 120, 'cuda_reserved_mb': 1882, 'cuda_max_allocated_mb': 1757}
{'event': 'train_progress', 'epoch': 1, 'batch': 255, 'batches': 255, 'time_group': 255, 'time_groups': 255, 'history_edges': 61439, 'pos_edges': 321, 'neg_edges': 321, 'loss_recent': 115.57236869812012, 'elapsed_sec': 112.5477552972734, 'avg_sec_per_batch': 0.44136374626381725, 'cuda_allocated_mb': 131, 'cuda_reserved_mb': 1882, 'cuda_max_allocated_mb': 1757}
{'event': 'validation_start', 'epoch': 1}
{'event': 'validation_ranking_start', 'epoch': 1, 'max_edges': 100}
{'event': 'epoch_end', 'epoch': 1, 'early_stop_metric': 'val_composite', 'val_score': 0.5208240331324965, 'val_auc': 0.905310893435961, 'val_ap': 0.6707731849796628, 'val_ndcg': 0.944483901119104, 'val_mrr': 0.33698824120367715, 'val_hits@1': 0.245, 'val_hits@10': 0.56, 'val_hits@50': 0.78, 'val_hits@100': 0.805, 'elapsed_sec': 283.0955528654158}
{'event': 'epoch_start', 'epoch': 2, 'epochs': 24, 'batches': 255, 'time_groups': 255}
{'event': 'train_time_group', 'epoch': 2, 'time_group': 1, 'time_groups': 255, 'batch': 0, 'batches': 255, 'time_value': 1388534400.0, 'group_batches': 1, 'history_edges': 0, 'elapsed_sec': 0.041776128113269806, 'cuda_allocated_mb': 120, 'cuda_reserved_mb': 1968, 'cuda_max_allocated_mb': 1757}
{'event': 'train_progress', 'epoch': 2, 'batch': 1, 'batches': 255, 'time_group': 1, 'time_groups': 255, 'history_edges': 0, 'pos_edges': 113, 'neg_edges': 113, 'loss_recent': 67.58794403076172, 'elapsed_sec': 0.24263010546565056, 'avg_sec_per_batch': 0.24263010546565056, 'cuda_allocated_mb': 124, 'cuda_reserved_mb': 1968, 'cuda_max_allocated_mb': 1757}
{'event': 'train_progress', 'epoch': 2, 'batch': 100, 'batches': 255, 'time_group': 100, 'time_groups': 255, 'history_edges': 23816, 'pos_edges': 259, 'neg_edges': 259, 'loss_recent': 111.59713844299317, 'elapsed_sec': 37.7342199832201, 'avg_sec_per_batch': 0.377342199832201, 'cuda_allocated_mb': 130, 'cuda_reserved_mb': 1968, 'cuda_max_allocated_mb': 1757}
{'event': 'train_progress', 'epoch': 2, 'batch': 200, 'batches': 255, 'time_group': 200, 'time_groups': 255, 'history_edges': 48751, 'pos_edges': 162, 'neg_edges': 162, 'loss_recent': 101.1181583404541, 'elapsed_sec': 81.62511155754328, 'avg_sec_per_batch': 0.40812555778771636, 'cuda_allocated_mb': 127, 'cuda_reserved_mb': 1968, 'cuda_max_allocated_mb': 1757}
{'event': 'train_time_group', 'epoch': 2, 'time_group': 255, 'time_groups': 255, 'batch': 254, 'batches': 255, 'time_value': 1410480000.0, 'group_batches': 1, 'history_edges': 61439, 'elapsed_sec': 105.96886574849486, 'cuda_allocated_mb': 120, 'cuda_reserved_mb': 1988, 'cuda_max_allocated_mb': 1757}
{'event': 'train_progress', 'epoch': 2, 'batch': 255, 'batches': 255, 'time_group': 255, 'time_groups': 255, 'history_edges': 61439, 'pos_edges': 321, 'neg_edges': 321, 'loss_recent': 93.8415627670288, 'elapsed_sec': 106.70550616830587, 'avg_sec_per_batch': 0.41845296536590537, 'cuda_allocated_mb': 131, 'cuda_reserved_mb': 1988, 'cuda_max_allocated_mb': 1757}
{'event': 'validation_start', 'epoch': 2}
{'event': 'validation_ranking_start', 'epoch': 2, 'max_edges': 100}
{'event': 'epoch_end', 'epoch': 2, 'early_stop_metric': 'val_composite', 'val_score': 0.5228985591194764, 'val_auc': 0.9129420882131402, 'val_ap': 0.6901895779518443, 'val_ndcg': 0.9485639935355719, 'val_mrr': 0.33373323732497107, 'val_hits@1': 0.235, 'val_hits@10': 0.56, 'val_hits@50': 0.755, 'val_hits@100': 0.8, 'elapsed_sec': 279.03505220636725}
{'event': 'epoch_start', 'epoch': 3, 'epochs': 24, 'batches': 255, 'time_groups': 255}
{'event': 'train_time_group', 'epoch': 3, 'time_group': 1, 'time_groups': 255, 'batch': 0, 'batches': 255, 'time_value': 1388534400.0, 'group_batches': 1, 'history_edges': 0, 'elapsed_sec': 0.06711185723543167, 'cuda_allocated_mb': 120, 'cuda_reserved_mb': 1988, 'cuda_max_allocated_mb': 1757}
{'event': 'train_progress', 'epoch': 3, 'batch': 1, 'batches': 255, 'time_group': 1, 'time_groups': 255, 'history_edges': 0, 'pos_edges': 113, 'neg_edges': 113, 'loss_recent': 67.71685791015625, 'elapsed_sec': 0.2950504720211029, 'avg_sec_per_batch': 0.2950504720211029, 'cuda_allocated_mb': 124, 'cuda_reserved_mb': 1988, 'cuda_max_allocated_mb': 1757}
{'event': 'train_progress', 'epoch': 3, 'batch': 100, 'batches': 255, 'time_group': 100, 'time_groups': 255, 'history_edges': 23816, 'pos_edges': 259, 'neg_edges': 259, 'loss_recent': 93.35463508605957, 'elapsed_sec': 38.68872142210603, 'avg_sec_per_batch': 0.38688721422106026, 'cuda_allocated_mb': 129, 'cuda_reserved_mb': 1988, 'cuda_max_allocated_mb': 1757}
{'event': 'train_progress', 'epoch': 3, 'batch': 200, 'batches': 255, 'time_group': 200, 'time_groups': 255, 'history_edges': 48751, 'pos_edges': 162, 'neg_edges': 162, 'loss_recent': 83.12259113311768, 'elapsed_sec': 84.21784971281886, 'avg_sec_per_batch': 0.4210892485640943, 'cuda_allocated_mb': 127, 'cuda_reserved_mb': 1988, 'cuda_max_allocated_mb': 1757}
{'event': 'train_time_group', 'epoch': 3, 'time_group': 255, 'time_groups': 255, 'batch': 254, 'batches': 255, 'time_value': 1410480000.0, 'group_batches': 1, 'history_edges': 61439, 'elapsed_sec': 108.73440108075738, 'cuda_allocated_mb': 120, 'cuda_reserved_mb': 1988, 'cuda_max_allocated_mb': 1757}
{'event': 'train_progress', 'epoch': 3, 'batch': 255, 'batches': 255, 'time_group': 255, 'time_groups': 255, 'history_edges': 61439, 'pos_edges': 321, 'neg_edges': 321, 'loss_recent': 77.91252000808716, 'elapsed_sec': 109.23879547417164, 'avg_sec_per_batch': 0.42838743323204564, 'cuda_allocated_mb': 131, 'cuda_reserved_mb': 1988, 'cuda_max_allocated_mb': 1757}
{'event': 'validation_start', 'epoch': 3}
{'event': 'validation_ranking_start', 'epoch': 3, 'max_edges': 100}
{'event': 'epoch_end', 'epoch': 3, 'early_stop_metric': 'val_composite', 'val_score': 0.5216677997113073, 'val_auc': 0.9139529451820513, 'val_ap': 0.6957660881070696, 'val_ndcg': 0.9496791465557388, 'val_mrr': 0.3312746491611408, 'val_hits@1': 0.225, 'val_hits@10': 0.555, 'val_hits@50': 0.765, 'val_hits@100': 0.81, 'elapsed_sec': 279.1915580406785}
{'event': 'epoch_start', 'epoch': 4, 'epochs': 24, 'batches': 255, 'time_groups': 255}
{'event': 'train_time_group', 'epoch': 4, 'time_group': 1, 'time_groups': 255, 'batch': 0, 'batches': 255, 'time_value': 1388534400.0, 'group_batches': 1, 'history_edges': 0, 'elapsed_sec': 0.04395914822816849, 'cuda_allocated_mb': 120, 'cuda_reserved_mb': 1988, 'cuda_max_allocated_mb': 1757}
{'event': 'train_progress', 'epoch': 4, 'batch': 1, 'batches': 255, 'time_group': 1, 'time_groups': 255, 'history_edges': 0, 'pos_edges': 113, 'neg_edges': 113, 'loss_recent': 73.7123794555664, 'elapsed_sec': 0.23815243318676949, 'avg_sec_per_batch': 0.23815243318676949, 'cuda_allocated_mb': 124, 'cuda_reserved_mb': 1988, 'cuda_max_allocated_mb': 1757}
{'event': 'train_progress', 'epoch': 4, 'batch': 100, 'batches': 255, 'time_group': 100, 'time_groups': 255, 'history_edges': 23816, 'pos_edges': 259, 'neg_edges': 259, 'loss_recent': 80.36202907562256, 'elapsed_sec': 39.40084969624877, 'avg_sec_per_batch': 0.3940084969624877, 'cuda_allocated_mb': 130, 'cuda_reserved_mb': 1988, 'cuda_max_allocated_mb': 1757}
{'event': 'train_progress', 'epoch': 4, 'batch': 200, 'batches': 255, 'time_group': 200, 'time_groups': 255, 'history_edges': 48751, 'pos_edges': 162, 'neg_edges': 162, 'loss_recent': 72.56578304290771, 'elapsed_sec': 84.04133062064648, 'avg_sec_per_batch': 0.4202066531032324, 'cuda_allocated_mb': 127, 'cuda_reserved_mb': 1988, 'cuda_max_allocated_mb': 1757}
{'event': 'train_time_group', 'epoch': 4, 'time_group': 255, 'time_groups': 255, 'batch': 254, 'batches': 255, 'time_value': 1410480000.0, 'group_batches': 1, 'history_edges': 61439, 'elapsed_sec': 108.3925506286323, 'cuda_allocated_mb': 120, 'cuda_reserved_mb': 1988, 'cuda_max_allocated_mb': 1757}
{'event': 'train_progress', 'epoch': 4, 'batch': 255, 'batches': 255, 'time_group': 255, 'time_groups': 255, 'history_edges': 61439, 'pos_edges': 321, 'neg_edges': 321, 'loss_recent': 68.92643789291382, 'elapsed_sec': 108.90733353048563, 'avg_sec_per_batch': 0.4270875824724927, 'cuda_allocated_mb': 132, 'cuda_reserved_mb': 1988, 'cuda_max_allocated_mb': 1757}
{'event': 'validation_start', 'epoch': 4}
{'event': 'validation_ranking_start', 'epoch': 4, 'max_edges': 100}
{'event': 'epoch_end', 'epoch': 4, 'early_stop_metric': 'val_composite', 'val_score': 0.5271182804426042, 'val_auc': 0.91758137400901, 'val_ap': 0.6978432034713131, 'val_ndcg': 0.9504059280142813, 'val_mrr': 0.34504427684005734, 'val_hits@1': 0.255, 'val_hits@10': 0.545, 'val_hits@50': 0.76, 'val_hits@100': 0.815, 'elapsed_sec': 272.6303728632629}
{'event': 'epoch_start', 'epoch': 5, 'epochs': 24, 'batches': 255, 'time_groups': 255}
{'event': 'train_time_group', 'epoch': 5, 'time_group': 1, 'time_groups': 255, 'batch': 0, 'batches': 255, 'time_value': 1388534400.0, 'group_batches': 1, 'history_edges': 0, 'elapsed_sec': 0.04415512830018997, 'cuda_allocated_mb': 120, 'cuda_reserved_mb': 1988, 'cuda_max_allocated_mb': 1757}
{'event': 'train_progress', 'epoch': 5, 'batch': 1, 'batches': 255, 'time_group': 1, 'time_groups': 255, 'history_edges': 0, 'pos_edges': 113, 'neg_edges': 113, 'loss_recent': 80.64289093017578, 'elapsed_sec': 0.23409312963485718, 'avg_sec_per_batch': 0.23409312963485718, 'cuda_allocated_mb': 124, 'cuda_reserved_mb': 1988, 'cuda_max_allocated_mb': 1757}
{'event': 'train_progress', 'epoch': 5, 'batch': 100, 'batches': 255, 'time_group': 100, 'time_groups': 255, 'history_edges': 23816, 'pos_edges': 259, 'neg_edges': 259, 'loss_recent': 72.51010665893554, 'elapsed_sec': 37.82594529911876, 'avg_sec_per_batch': 0.3782594529911876, 'cuda_allocated_mb': 130, 'cuda_reserved_mb': 1988, 'cuda_max_allocated_mb': 1757}
{'event': 'train_progress', 'epoch': 5, 'batch': 200, 'batches': 255, 'time_group': 200, 'time_groups': 255, 'history_edges': 48751, 'pos_edges': 162, 'neg_edges': 162, 'loss_recent': 66.64384128570556, 'elapsed_sec': 82.36772184073925, 'avg_sec_per_batch': 0.41183860920369625, 'cuda_allocated_mb': 126, 'cuda_reserved_mb': 1988, 'cuda_max_allocated_mb': 1757}
{'event': 'train_time_group', 'epoch': 5, 'time_group': 255, 'time_groups': 255, 'batch': 254, 'batches': 255, 'time_value': 1410480000.0, 'group_batches': 1, 'history_edges': 61439, 'elapsed_sec': 107.69710191339254, 'cuda_allocated_mb': 120, 'cuda_reserved_mb': 1988, 'cuda_max_allocated_mb': 1757}
{'event': 'train_progress', 'epoch': 5, 'batch': 255, 'batches': 255, 'time_group': 255, 'time_groups': 255, 'history_edges': 61439, 'pos_edges': 321, 'neg_edges': 321, 'loss_recent': 63.65458482742309, 'elapsed_sec': 108.21436881646514, 'avg_sec_per_batch': 0.42437007379005937, 'cuda_allocated_mb': 132, 'cuda_reserved_mb': 1988, 'cuda_max_allocated_mb': 1757}
{'event': 'validation_start', 'epoch': 5}
{'event': 'validation_ranking_start', 'epoch': 5, 'max_edges': 100}
{'event': 'epoch_end', 'epoch': 5, 'early_stop_metric': 'val_composite', 'val_score': 0.518002855149987, 'val_auc': 0.9145536502217029, 'val_ap': 0.6948883443319549, 'val_ndcg': 0.9496233782580478, 'val_mrr': 0.33215916632660764, 'val_hits@1': 0.235, 'val_hits@10': 0.535, 'val_hits@50': 0.755, 'val_hits@100': 0.8, 'elapsed_sec': 270.5507552549243}
{'event': 'epoch_start', 'epoch': 6, 'epochs': 24, 'batches': 255, 'time_groups': 255}
{'event': 'train_time_group', 'epoch': 6, 'time_group': 1, 'time_groups': 255, 'batch': 0, 'batches': 255, 'time_value': 1388534400.0, 'group_batches': 1, 'history_edges': 0, 'elapsed_sec': 0.04834691807627678, 'cuda_allocated_mb': 120, 'cuda_reserved_mb': 1988, 'cuda_max_allocated_mb': 1757}
{'event': 'train_progress', 'epoch': 6, 'batch': 1, 'batches': 255, 'time_group': 1, 'time_groups': 255, 'history_edges': 0, 'pos_edges': 113, 'neg_edges': 113, 'loss_recent': 92.50260925292969, 'elapsed_sec': 0.2599418871104717, 'avg_sec_per_batch': 0.2599418871104717, 'cuda_allocated_mb': 125, 'cuda_reserved_mb': 1988, 'cuda_max_allocated_mb': 1757}
{'event': 'train_progress', 'epoch': 6, 'batch': 100, 'batches': 255, 'time_group': 100, 'time_groups': 255, 'history_edges': 23816, 'pos_edges': 259, 'neg_edges': 259, 'loss_recent': 67.45321949005127, 'elapsed_sec': 38.50797849521041, 'avg_sec_per_batch': 0.3850797849521041, 'cuda_allocated_mb': 130, 'cuda_reserved_mb': 1988, 'cuda_max_allocated_mb': 1757}
{'event': 'train_progress', 'epoch': 6, 'batch': 200, 'batches': 255, 'time_group': 200, 'time_groups': 255, 'history_edges': 48751, 'pos_edges': 162, 'neg_edges': 162, 'loss_recent': 62.877517757415774, 'elapsed_sec': 83.9087291508913, 'avg_sec_per_batch': 0.4195436457544565, 'cuda_allocated_mb': 127, 'cuda_reserved_mb': 1988, 'cuda_max_allocated_mb': 1757}
{'event': 'train_time_group', 'epoch': 6, 'time_group': 255, 'time_groups': 255, 'batch': 254, 'batches': 255, 'time_value': 1410480000.0, 'group_batches': 1, 'history_edges': 61439, 'elapsed_sec': 110.22972993552685, 'cuda_allocated_mb': 120, 'cuda_reserved_mb': 1988, 'cuda_max_allocated_mb': 1757}
{'event': 'train_progress', 'epoch': 6, 'batch': 255, 'batches': 255, 'time_group': 255, 'time_groups': 255, 'history_edges': 61439, 'pos_edges': 321, 'neg_edges': 321, 'loss_recent': 60.49172960281372, 'elapsed_sec': 110.7462799847126, 'avg_sec_per_batch': 0.4342991371949514, 'cuda_allocated_mb': 132, 'cuda_reserved_mb': 1988, 'cuda_max_allocated_mb': 1757}
{'event': 'validation_start', 'epoch': 6}
{'event': 'validation_ranking_start', 'epoch': 6, 'max_edges': 100}
{'event': 'epoch_end', 'epoch': 6, 'early_stop_metric': 'val_composite', 'val_score': 0.5175285861603889, 'val_auc': 0.9181063660550902, 'val_ap': 0.7016467777132127, 'val_ndcg': 0.9511433837285161, 'val_mrr': 0.32252382565560167, 'val_hits@1': 0.215, 'val_hits@10': 0.55, 'val_hits@50': 0.77, 'val_hits@100': 0.815, 'elapsed_sec': 280.2858839593828}
{'event': 'epoch_start', 'epoch': 7, 'epochs': 24, 'batches': 255, 'time_groups': 255}
{'event': 'train_time_group', 'epoch': 7, 'time_group': 1, 'time_groups': 255, 'batch': 0, 'batches': 255, 'time_value': 1388534400.0, 'group_batches': 1, 'history_edges': 0, 'elapsed_sec': 0.047283295542001724, 'cuda_allocated_mb': 120, 'cuda_reserved_mb': 1988, 'cuda_max_allocated_mb': 1757}
{'event': 'train_progress', 'epoch': 7, 'batch': 1, 'batches': 255, 'time_group': 1, 'time_groups': 255, 'history_edges': 0, 'pos_edges': 113, 'neg_edges': 113, 'loss_recent': 106.74739074707031, 'elapsed_sec': 0.2665128819644451, 'avg_sec_per_batch': 0.2665128819644451, 'cuda_allocated_mb': 124, 'cuda_reserved_mb': 1988, 'cuda_max_allocated_mb': 1757}
{'event': 'train_progress', 'epoch': 7, 'batch': 100, 'batches': 255, 'time_group': 100, 'time_groups': 255, 'history_edges': 23816, 'pos_edges': 259, 'neg_edges': 259, 'loss_recent': 63.85418041229248, 'elapsed_sec': 39.82324680313468, 'avg_sec_per_batch': 0.3982324680313468, 'cuda_allocated_mb': 130, 'cuda_reserved_mb': 1988, 'cuda_max_allocated_mb': 1757}
{'event': 'train_progress', 'epoch': 7, 'batch': 200, 'batches': 255, 'time_group': 200, 'time_groups': 255, 'history_edges': 48751, 'pos_edges': 162, 'neg_edges': 162, 'loss_recent': 60.56250131607056, 'elapsed_sec': 85.52040661498904, 'avg_sec_per_batch': 0.4276020330749452, 'cuda_allocated_mb': 126, 'cuda_reserved_mb': 1988, 'cuda_max_allocated_mb': 1757}
{'event': 'train_time_group', 'epoch': 7, 'time_group': 255, 'time_groups': 255, 'batch': 254, 'batches': 255, 'time_value': 1410480000.0, 'group_batches': 1, 'history_edges': 61439, 'elapsed_sec': 111.32261582836509, 'cuda_allocated_mb': 120, 'cuda_reserved_mb': 1988, 'cuda_max_allocated_mb': 1757}
{'event': 'train_progress', 'epoch': 7, 'batch': 255, 'batches': 255, 'time_group': 255, 'time_groups': 255, 'history_edges': 61439, 'pos_edges': 321, 'neg_edges': 321, 'loss_recent': 58.550127830505375, 'elapsed_sec': 111.8675613515079, 'avg_sec_per_batch': 0.4386963190255212, 'cuda_allocated_mb': 132, 'cuda_reserved_mb': 1988, 'cuda_max_allocated_mb': 1757}
{'event': 'validation_start', 'epoch': 7}
{'event': 'validation_ranking_start', 'epoch': 7, 'max_edges': 100}
{'event': 'epoch_end', 'epoch': 7, 'early_stop_metric': 'val_composite', 'val_score': 0.5316173860672143, 'val_auc': 0.9189977375475507, 'val_ap': 0.7065496988526336, 'val_ndcg': 0.9520801371632023, 'val_mrr': 0.33895406129124306, 'val_hits@1': 0.23, 'val_hits@10': 0.575, 'val_hits@50': 0.775, 'val_hits@100': 0.815, 'elapsed_sec': 294.9156496822834}
{'event': 'epoch_start', 'epoch': 8, 'epochs': 24, 'batches': 255, 'time_groups': 255}
{'event': 'train_time_group', 'epoch': 8, 'time_group': 1, 'time_groups': 255, 'batch': 0, 'batches': 255, 'time_value': 1388534400.0, 'group_batches': 1, 'history_edges': 0, 'elapsed_sec': 0.048952870070934296, 'cuda_allocated_mb': 120, 'cuda_reserved_mb': 1988, 'cuda_max_allocated_mb': 1757}
{'event': 'train_progress', 'epoch': 8, 'batch': 1, 'batches': 255, 'time_group': 1, 'time_groups': 255, 'history_edges': 0, 'pos_edges': 113, 'neg_edges': 113, 'loss_recent': 123.73710632324219, 'elapsed_sec': 0.26686006411910057, 'avg_sec_per_batch': 0.26686006411910057, 'cuda_allocated_mb': 124, 'cuda_reserved_mb': 1988, 'cuda_max_allocated_mb': 1757}
{'event': 'train_progress', 'epoch': 8, 'batch': 100, 'batches': 255, 'time_group': 100, 'time_groups': 255, 'history_edges': 23816, 'pos_edges': 259, 'neg_edges': 259, 'loss_recent': 61.67027292251587, 'elapsed_sec': 40.75747763738036, 'avg_sec_per_batch': 0.4075747763738036, 'cuda_allocated_mb': 130, 'cuda_reserved_mb': 1988, 'cuda_max_allocated_mb': 1757}
{'event': 'train_progress', 'epoch': 8, 'batch': 200, 'batches': 255, 'time_group': 200, 'time_groups': 255, 'history_edges': 48751, 'pos_edges': 162, 'neg_edges': 162, 'loss_recent': 59.327772521972655, 'elapsed_sec': 87.8913387991488, 'avg_sec_per_batch': 0.439456693995744, 'cuda_allocated_mb': 127, 'cuda_reserved_mb': 1988, 'cuda_max_allocated_mb': 1757}
{'event': 'train_time_group', 'epoch': 8, 'time_group': 255, 'time_groups': 255, 'batch': 254, 'batches': 255, 'time_value': 1410480000.0, 'group_batches': 1, 'history_edges': 61439, 'elapsed_sec': 113.68213310092688, 'cuda_allocated_mb': 120, 'cuda_reserved_mb': 1988, 'cuda_max_allocated_mb': 1757}
{'event': 'train_progress', 'epoch': 8, 'batch': 255, 'batches': 255, 'time_group': 255, 'time_groups': 255, 'history_edges': 61439, 'pos_edges': 321, 'neg_edges': 321, 'loss_recent': 57.42581346511841, 'elapsed_sec': 114.2613383680582, 'avg_sec_per_batch': 0.4480836798747381, 'cuda_allocated_mb': 132, 'cuda_reserved_mb': 1988, 'cuda_max_allocated_mb': 1757}
{'event': 'validation_start', 'epoch': 8}
{'event': 'validation_ranking_start', 'epoch': 8, 'max_edges': 100}
{'event': 'epoch_end', 'epoch': 8, 'early_stop_metric': 'val_composite', 'val_score': 0.5206952944589982, 'val_auc': 0.9208987268956854, 'val_ap': 0.7109368609877366, 'val_ndcg': 0.9529062235434216, 'val_mrr': 0.32143841322342254, 'val_hits@1': 0.215, 'val_hits@10': 0.56, 'val_hits@50': 0.78, 'val_hits@100': 0.825, 'elapsed_sec': 285.6172912530601}
{'event': 'epoch_start', 'epoch': 9, 'epochs': 24, 'batches': 255, 'time_groups': 255}
{'event': 'train_time_group', 'epoch': 9, 'time_group': 1, 'time_groups': 255, 'batch': 0, 'batches': 255, 'time_value': 1388534400.0, 'group_batches': 1, 'history_edges': 0, 'elapsed_sec': 0.06182142719626427, 'cuda_allocated_mb': 120, 'cuda_reserved_mb': 1988, 'cuda_max_allocated_mb': 1757}
{'event': 'train_progress', 'epoch': 9, 'batch': 1, 'batches': 255, 'time_group': 1, 'time_groups': 255, 'history_edges': 0, 'pos_edges': 113, 'neg_edges': 113, 'loss_recent': 135.94696044921875, 'elapsed_sec': 0.28307776525616646, 'avg_sec_per_batch': 0.28307776525616646, 'cuda_allocated_mb': 124, 'cuda_reserved_mb': 1988, 'cuda_max_allocated_mb': 1757}
{'event': 'train_progress', 'epoch': 9, 'batch': 100, 'batches': 255, 'time_group': 100, 'time_groups': 255, 'history_edges': 23816, 'pos_edges': 259, 'neg_edges': 259, 'loss_recent': 59.86597705841064, 'elapsed_sec': 41.873290941119194, 'avg_sec_per_batch': 0.41873290941119196, 'cuda_allocated_mb': 130, 'cuda_reserved_mb': 1988, 'cuda_max_allocated_mb': 1757}
{'event': 'train_progress', 'epoch': 9, 'batch': 200, 'batches': 255, 'time_group': 200, 'time_groups': 255, 'history_edges': 48751, 'pos_edges': 162, 'neg_edges': 162, 'loss_recent': 58.078698291778565, 'elapsed_sec': 88.51913333311677, 'avg_sec_per_batch': 0.44259566666558386, 'cuda_allocated_mb': 127, 'cuda_reserved_mb': 1988, 'cuda_max_allocated_mb': 1757}
{'event': 'train_time_group', 'epoch': 9, 'time_group': 255, 'time_groups': 255, 'batch': 254, 'batches': 255, 'time_value': 1410480000.0, 'group_batches': 1, 'history_edges': 61439, 'elapsed_sec': 113.69900820031762, 'cuda_allocated_mb': 120, 'cuda_reserved_mb': 1988, 'cuda_max_allocated_mb': 1757}
{'event': 'train_progress', 'epoch': 9, 'batch': 255, 'batches': 255, 'time_group': 255, 'time_groups': 255, 'history_edges': 61439, 'pos_edges': 321, 'neg_edges': 321, 'loss_recent': 56.25555980682373, 'elapsed_sec': 114.21276528760791, 'avg_sec_per_batch': 0.44789319720630555, 'cuda_allocated_mb': 132, 'cuda_reserved_mb': 1988, 'cuda_max_allocated_mb': 1757}
{'event': 'validation_start', 'epoch': 9}
{'event': 'validation_ranking_start', 'epoch': 9, 'max_edges': 100}
{'event': 'epoch_end', 'epoch': 9, 'early_stop_metric': 'val_composite', 'val_score': 0.5136263917146013, 'val_auc': 0.9181858711559687, 'val_ap': 0.7047812279416348, 'val_ndcg': 0.9516608706046522, 'val_mrr': 0.3136676538101847, 'val_hits@1': 0.205, 'val_hits@10': 0.55, 'val_hits@50': 0.765, 'val_hits@100': 0.82, 'elapsed_sec': 289.0150146968663}
{'event': 'epoch_start', 'epoch': 10, 'epochs': 24, 'batches': 255, 'time_groups': 255}
{'event': 'train_time_group', 'epoch': 10, 'time_group': 1, 'time_groups': 255, 'batch': 0, 'batches': 255, 'time_value': 1388534400.0, 'group_batches': 1, 'history_edges': 0, 'elapsed_sec': 0.05039704591035843, 'cuda_allocated_mb': 120, 'cuda_reserved_mb': 1988, 'cuda_max_allocated_mb': 1757}
{'event': 'train_progress', 'epoch': 10, 'batch': 1, 'batches': 255, 'time_group': 1, 'time_groups': 255, 'history_edges': 0, 'pos_edges': 113, 'neg_edges': 113, 'loss_recent': 152.8049774169922, 'elapsed_sec': 0.2468009553849697, 'avg_sec_per_batch': 0.2468009553849697, 'cuda_allocated_mb': 124, 'cuda_reserved_mb': 1988, 'cuda_max_allocated_mb': 1757}
{'event': 'train_progress', 'epoch': 10, 'batch': 100, 'batches': 255, 'time_group': 100, 'time_groups': 255, 'history_edges': 23816, 'pos_edges': 259, 'neg_edges': 259, 'loss_recent': 58.35894157409668, 'elapsed_sec': 39.37762142717838, 'avg_sec_per_batch': 0.39377621427178383, 'cuda_allocated_mb': 130, 'cuda_reserved_mb': 1988, 'cuda_max_allocated_mb': 1757}
{'event': 'train_progress', 'epoch': 10, 'batch': 200, 'batches': 255, 'time_group': 200, 'time_groups': 255, 'history_edges': 48751, 'pos_edges': 162, 'neg_edges': 162, 'loss_recent': 57.04718755722046, 'elapsed_sec': 82.28660770878196, 'avg_sec_per_batch': 0.4114330385439098, 'cuda_allocated_mb': 127, 'cuda_reserved_mb': 1988, 'cuda_max_allocated_mb': 1757}
{'event': 'train_time_group', 'epoch': 10, 'time_group': 255, 'time_groups': 255, 'batch': 254, 'batches': 255, 'time_value': 1410480000.0, 'group_batches': 1, 'history_edges': 61439, 'elapsed_sec': 106.20515787601471, 'cuda_allocated_mb': 120, 'cuda_reserved_mb': 1988, 'cuda_max_allocated_mb': 1757}
{'event': 'train_progress', 'epoch': 10, 'batch': 255, 'batches': 255, 'time_group': 255, 'time_groups': 255, 'history_edges': 61439, 'pos_edges': 321, 'neg_edges': 321, 'loss_recent': 55.31063903808594, 'elapsed_sec': 106.75903436914086, 'avg_sec_per_batch': 0.41866287987898376, 'cuda_allocated_mb': 132, 'cuda_reserved_mb': 1988, 'cuda_max_allocated_mb': 1757}
{'event': 'validation_start', 'epoch': 10}
{'event': 'validation_ranking_start', 'epoch': 10, 'max_edges': 100}
{'event': 'epoch_end', 'epoch': 10, 'early_stop_metric': 'val_composite', 'val_score': 0.5047609883432024, 'val_auc': 0.9168616089919194, 'val_ap': 0.7054407445696915, 'val_ndcg': 0.9515711157064484, 'val_mrr': 0.30388936927501575, 'val_hits@1': 0.2, 'val_hits@10': 0.53, 'val_hits@50': 0.77, 'val_hits@100': 0.81, 'elapsed_sec': 258.2380798012018}
{'event': 'epoch_start', 'epoch': 11, 'epochs': 24, 'batches': 255, 'time_groups': 255}
{'event': 'train_time_group', 'epoch': 11, 'time_group': 1, 'time_groups': 255, 'batch': 0, 'batches': 255, 'time_value': 1388534400.0, 'group_batches': 1, 'history_edges': 0, 'elapsed_sec': 0.04806388542056084, 'cuda_allocated_mb': 120, 'cuda_reserved_mb': 1988, 'cuda_max_allocated_mb': 1757}
{'event': 'train_progress', 'epoch': 11, 'batch': 1, 'batches': 255, 'time_group': 1, 'time_groups': 255, 'history_edges': 0, 'pos_edges': 113, 'neg_edges': 113, 'loss_recent': 171.51510620117188, 'elapsed_sec': 0.3792704902589321, 'avg_sec_per_batch': 0.3792704902589321, 'cuda_allocated_mb': 124, 'cuda_reserved_mb': 1988, 'cuda_max_allocated_mb': 1757}
{'event': 'train_progress', 'epoch': 11, 'batch': 100, 'batches': 255, 'time_group': 100, 'time_groups': 255, 'history_edges': 23816, 'pos_edges': 259, 'neg_edges': 259, 'loss_recent': 57.54963521957397, 'elapsed_sec': 35.62255861237645, 'avg_sec_per_batch': 0.35622558612376454, 'cuda_allocated_mb': 130, 'cuda_reserved_mb': 1988, 'cuda_max_allocated_mb': 1757}
{'event': 'train_progress', 'epoch': 11, 'batch': 200, 'batches': 255, 'time_group': 200, 'time_groups': 255, 'history_edges': 48751, 'pos_edges': 162, 'neg_edges': 162, 'loss_recent': 56.51751085281372, 'elapsed_sec': 70.94149582087994, 'avg_sec_per_batch': 0.3547074791043997, 'cuda_allocated_mb': 127, 'cuda_reserved_mb': 1988, 'cuda_max_allocated_mb': 1757}
{'event': 'train_time_group', 'epoch': 11, 'time_group': 255, 'time_groups': 255, 'batch': 254, 'batches': 255, 'time_value': 1410480000.0, 'group_batches': 1, 'history_edges': 61439, 'elapsed_sec': 90.25242245569825, 'cuda_allocated_mb': 120, 'cuda_reserved_mb': 1988, 'cuda_max_allocated_mb': 1757}
{'event': 'train_progress', 'epoch': 11, 'batch': 255, 'batches': 255, 'time_group': 255, 'time_groups': 255, 'history_edges': 61439, 'pos_edges': 321, 'neg_edges': 321, 'loss_recent': 54.8705890083313, 'elapsed_sec': 90.88315105438232, 'avg_sec_per_batch': 0.3564045139387542, 'cuda_allocated_mb': 131, 'cuda_reserved_mb': 1988, 'cuda_max_allocated_mb': 1757}
{'event': 'validation_start', 'epoch': 11}
{'event': 'validation_ranking_start', 'epoch': 11, 'max_edges': 100}
{'event': 'epoch_end', 'epoch': 11, 'early_stop_metric': 'val_composite', 'val_score': 0.49872035804290143, 'val_auc': 0.9160589267100213, 'val_ap': 0.7026716309357681, 'val_ndcg': 0.951009348424903, 'val_mrr': 0.2988314644490897, 'val_hits@1': 0.18, 'val_hits@10': 0.515, 'val_hits@50': 0.785, 'val_hits@100': 0.825, 'elapsed_sec': 243.34239533171058}
{'event': 'epoch_start', 'epoch': 12, 'epochs': 24, 'batches': 255, 'time_groups': 255}
{'event': 'train_time_group', 'epoch': 12, 'time_group': 1, 'time_groups': 255, 'batch': 0, 'batches': 255, 'time_value': 1388534400.0, 'group_batches': 1, 'history_edges': 0, 'elapsed_sec': 0.05435888096690178, 'cuda_allocated_mb': 120, 'cuda_reserved_mb': 1988, 'cuda_max_allocated_mb': 1757}
{'event': 'train_progress', 'epoch': 12, 'batch': 1, 'batches': 255, 'time_group': 1, 'time_groups': 255, 'history_edges': 0, 'pos_edges': 113, 'neg_edges': 113, 'loss_recent': 198.5385284423828, 'elapsed_sec': 0.2618531361222267, 'avg_sec_per_batch': 0.2618531361222267, 'cuda_allocated_mb': 124, 'cuda_reserved_mb': 1988, 'cuda_max_allocated_mb': 1757}
{'event': 'train_progress', 'epoch': 12, 'batch': 100, 'batches': 255, 'time_group': 100, 'time_groups': 255, 'history_edges': 23816, 'pos_edges': 259, 'neg_edges': 259, 'loss_recent': 57.01124044418335, 'elapsed_sec': 30.698858067393303, 'avg_sec_per_batch': 0.30698858067393303, 'cuda_allocated_mb': 130, 'cuda_reserved_mb': 1988, 'cuda_max_allocated_mb': 1757}
{'event': 'train_progress', 'epoch': 12, 'batch': 200, 'batches': 255, 'time_group': 200, 'time_groups': 255, 'history_edges': 48751, 'pos_edges': 162, 'neg_edges': 162, 'loss_recent': 56.07590808868408, 'elapsed_sec': 63.28450969979167, 'avg_sec_per_batch': 0.31642254849895834, 'cuda_allocated_mb': 127, 'cuda_reserved_mb': 1988, 'cuda_max_allocated_mb': 1757}
{'event': 'train_time_group', 'epoch': 12, 'time_group': 255, 'time_groups': 255, 'batch': 254, 'batches': 255, 'time_value': 1410480000.0, 'group_batches': 1, 'history_edges': 61439, 'elapsed_sec': 80.99390020221472, 'cuda_allocated_mb': 120, 'cuda_reserved_mb': 1988, 'cuda_max_allocated_mb': 1757}
{'event': 'train_progress', 'epoch': 12, 'batch': 255, 'batches': 255, 'time_group': 255, 'time_groups': 255, 'history_edges': 61439, 'pos_edges': 321, 'neg_edges': 321, 'loss_recent': 54.60610174179077, 'elapsed_sec': 81.34901124984026, 'avg_sec_per_batch': 0.3190157303915304, 'cuda_allocated_mb': 132, 'cuda_reserved_mb': 1988, 'cuda_max_allocated_mb': 1757}
{'event': 'validation_start', 'epoch': 12}
{'event': 'validation_ranking_start', 'epoch': 12, 'max_edges': 100}
{'event': 'epoch_end', 'epoch': 12, 'early_stop_metric': 'val_composite', 'val_score': 0.5133798549244513, 'val_auc': 0.9140768891930691, 'val_ap': 0.7001901131114128, 'val_ndcg': 0.9503876849979566, 'val_mrr': 0.31921744999658047, 'val_hits@1': 0.215, 'val_hits@10': 0.54, 'val_hits@50': 0.785, 'val_hits@100': 0.82, 'elapsed_sec': 228.3963555470109}
{'dataset': 'icews14', 'method': 'ssptgfm', 'scenario': 'standard', 'ablation': 'full', 'few_shot_ratio': 1.0, 'seed': 1, 'train_edges': 61760, 'val_edges': 14592, 'test_edges': 14378, 'params_trainable': 4627730, 'params_total': 4627743, 'rough_forward_flops': 4794548224, 'train_eval_time_sec': 3668.4544714801013, 'allocated_mb': 62.34765625, 'reserved_mb': 1988.0, 'max_allocated_mb': 1757.5078125, 'val_auc': 0.9189977367961175, 'val_ap': 0.7065497013325212, 'val_ndcg': 0.9520801370596526, 'val_mrr': 0.33895406129124306, 'val_hits@1': 0.23, 'val_hits@10': 0.575, 'val_hits@50': 0.775, 'val_hits@100': 0.815, 'train_loss': 60.88649075826009, 'train_lp': 0.32264362830741733, 'train_align': 1161.5612168255975, 'train_kl': 4965.391391410079, 'train_ood_reg': 0.20813093167894026, 'train_meta': 0.31509322646786186, 'train_struct_aux': 1.3059683297194686, 'train_weighted_align': 58.07806196773753, 'train_weighted_kl': 2.482695816311182, 'train_weighted_ood_reg': 0.00020813094132452034, 'train_weighted_meta': 0.0015754660943011734, 'train_weighted_struct_aux': 0.001305968393617328, 'train_rank': 0.15716793564896958, 'train_weighted_rank': 0.0001571679431471435, 'test_auc': 0.932096174970644, 'test_ap': 0.7231929761080951, 'test_ndcg': 0.9564081868537846, 'test_mrr': 0.42113487781683556, 'test_hits@1': 0.308, 'test_hits@10': 0.642, 'test_hits@50': 0.784, 'test_hits@100': 0.838}
