
$ /root/miniconda3/bin/python -u scripts/search_hparams.py --config configs/auto_target/ssptgfm_search_yago15k_temporal_rankloss_uniform_probe.yaml --output results/auto_target_rankloss_uniform_yago_probe_v1/search_yago15k_temporal_rankloss_uniform_probe --resume
runtime_device=cuda
cuda_device=Tesla V100-PCIE-32GB
{'event': 'candidate_seed_start', 'candidate': 'rankloss_uniform_probe_h96_r12_a12_p4x4_l1_neg1_lr0p001_rl0p05_m1_hinge', 'seed': 1, 'device': 'cuda', 'node_text_device': 'cuda:0'}
{'event': 'train_seed_start', 'seed': 1, 'train_edges': 3244, 'val_edges': 6738, 'test_edges': 26719, 'num_nodes': 4197, 'num_relations': 19}
{'event': 'train_seed_tensors_ready', 'seed': 1, 'elapsed_sec': 0.013195674866437912, 'cuda_allocated_mb': 9, 'cuda_reserved_mb': 22, 'cuda_max_allocated_mb': 9}
{'event': 'train_known_facts_ready', 'seed': 1, 'scope': 'train', 'edges': 3244, 'elapsed_sec': 0.014865916222333908}
{'event': 'train_known_facts_ready', 'seed': 1, 'scope': 'train_val', 'edges': 9982, 'elapsed_sec': 0.016091272234916687}
{'event': 'train_sampler_ready', 'seed': 1, 'elapsed_sec': 0.019866082817316055}
{'event': 'val_sampler_ready', 'seed': 1, 'elapsed_sec': 0.023416757583618164}
{'event': 'epoch_start', 'epoch': 1, 'epochs': 1, 'batches': 118, 'time_groups': 118}
{'event': 'train_time_group', 'epoch': 1, 'time_group': 1, 'time_groups': 118, 'batch': 0, 'batches': 118, 'time_value': 600.0, 'group_batches': 1, 'history_edges': 0, 'elapsed_sec': 0.017219383269548416, 'cuda_allocated_mb': 9, 'cuda_reserved_mb': 24, 'cuda_max_allocated_mb': 9}
{'event': 'train_progress', 'epoch': 1, 'batch': 1, 'batches': 118, 'time_group': 1, 'time_groups': 118, 'history_edges': 0, 'pos_edges': 1, 'neg_edges': 1, 'loss_recent': 0.6795961260795593, 'elapsed_sec': 1.0016297660768032, 'avg_sec_per_batch': 1.0016297660768032, 'cuda_allocated_mb': 44, 'cuda_reserved_mb': 88, 'cuda_max_allocated_mb': 80}
{'event': 'train_progress', 'epoch': 1, 'batch': 100, 'batches': 118, 'time_group': 100, 'time_groups': 118, 'history_edges': 2144, 'pos_edges': 38, 'neg_edges': 38, 'loss_recent': 1.788310284614563, 'elapsed_sec': 20.152869526296854, 'avg_sec_per_batch': 0.20152869526296854, 'cuda_allocated_mb': 46, 'cuda_reserved_mb': 202, 'cuda_max_allocated_mb': 169}
{'event': 'train_time_group', 'epoch': 1, 'time_group': 118, 'time_groups': 118, 'batch': 117, 'batches': 118, 'time_value': 1966.0, 'group_batches': 1, 'history_edges': 3153, 'elapsed_sec': 24.399494104087353, 'cuda_allocated_mb': 45, 'cuda_reserved_mb': 222, 'cuda_max_allocated_mb': 189}
{'event': 'train_progress', 'epoch': 1, 'batch': 118, 'batches': 118, 'time_group': 118, 'time_groups': 118, 'history_edges': 3153, 'pos_edges': 91, 'neg_edges': 91, 'loss_recent': 2.3745531314611434, 'elapsed_sec': 24.772968508303165, 'avg_sec_per_batch': 0.20994041108731495, 'cuda_allocated_mb': 47, 'cuda_reserved_mb': 222, 'cuda_max_allocated_mb': 192}
{'event': 'validation_start', 'epoch': 1}
{'event': 'validation_ranking_start', 'epoch': 1, 'max_edges': 5}
{'event': 'epoch_end', 'epoch': 1, 'early_stop_metric': 'val_composite', 'val_score': 0.12340516662493721, 'val_auc': 0.610626220703125, 'val_ap': 0.25248949353551703, 'val_ndcg': 0.7748906065338502, 'val_mrr': 0.010228528276284123, 'val_hits@1': 0.0, 'val_hits@10': 0.0, 'val_hits@50': 0.2, 'val_hits@100': 0.2, 'elapsed_sec': 28.02098060771823}
{'candidate': 'rankloss_uniform_probe_h96_r12_a12_p4x4_l1_neg1_lr0p001_rl0p05_m1_hinge', 'seed': 1, 'composite': nan, 'val_auc': 0.610626220703125, 'val_ap': 0.25248949353551703, 'val_ndcg': 0.7748906065338502, 'val_mrr': 0.010228528276284123, 'val_hits@1': 0.0, 'val_hits@10': 0.0, 'val_hits@50': 0.2, 'val_hits@100': 0.2, 'train_loss': 2.12382392762071, 'train_lp': 0.4736715714305134, 'train_align': 311.69136996592505, 'train_kl': 890.8800313917257, 'train_ood_reg': 0.21775713663990215, 'train_meta': 0.4779601848479045, 'train_struct_aux': 0.0, 'train_weighted_align': 1.5584568150609859, 'train_weighted_kl': 0.08908800154892822, 'train_weighted_ood_reg': 0.00021775714671772004, 'train_weighted_meta': 0.0023898008719512847, 'train_weighted_struct_aux': 0.0, 'train_rank': 0.4938973891785589, 'train_weighted_rank': 0.024694869841322683}
{'event': 'candidate_summary', 'candidate': 'rankloss_uniform_probe_h96_r12_a12_p4x4_l1_neg1_lr0p001_rl0p05_m1_hinge', 'score': 0.12340516662493721, 'passes_metric_minima': True, 'means': {'val_auc': 0.610626220703125, 'val_ap': 0.25248949353551703, 'val_mrr': 0.010228528276284123, 'val_hits@10': 0.0, 'val_ndcg': 0.7748906065338502}, 'seeds_completed': 1}
{'event': 'candidate_seed_start', 'candidate': 'rankloss_uniform_probe_h96_r12_a12_p4x4_l1_neg1_lr0p001_rl0p1_m0p75_hinge', 'seed': 1, 'device': 'cuda', 'node_text_device': 'cuda:0'}
{'event': 'train_seed_start', 'seed': 1, 'train_edges': 3244, 'val_edges': 6738, 'test_edges': 26719, 'num_nodes': 4197, 'num_relations': 19}
{'event': 'train_seed_tensors_ready', 'seed': 1, 'elapsed_sec': 0.008916910737752914, 'cuda_allocated_mb': 25, 'cuda_reserved_mb': 42, 'cuda_max_allocated_mb': 192}
{'event': 'train_known_facts_ready', 'seed': 1, 'scope': 'train', 'edges': 3244, 'elapsed_sec': 0.010465070605278015}
{'event': 'train_known_facts_ready', 'seed': 1, 'scope': 'train_val', 'edges': 9982, 'elapsed_sec': 0.011743929237127304}
{'event': 'train_sampler_ready', 'seed': 1, 'elapsed_sec': 0.015683691948652267}
{'event': 'val_sampler_ready', 'seed': 1, 'elapsed_sec': 0.019333340227603912}
{'event': 'epoch_start', 'epoch': 1, 'epochs': 1, 'batches': 118, 'time_groups': 118}
{'event': 'train_time_group', 'epoch': 1, 'time_group': 1, 'time_groups': 118, 'batch': 0, 'batches': 118, 'time_value': 600.0, 'group_batches': 1, 'history_edges': 0, 'elapsed_sec': 0.005388688296079636, 'cuda_allocated_mb': 25, 'cuda_reserved_mb': 44, 'cuda_max_allocated_mb': 192}
{'event': 'train_progress', 'epoch': 1, 'batch': 1, 'batches': 118, 'time_group': 1, 'time_groups': 118, 'history_edges': 0, 'pos_edges': 1, 'neg_edges': 1, 'loss_recent': 0.6795961260795593, 'elapsed_sec': 0.1863998994231224, 'avg_sec_per_batch': 0.1863998994231224, 'cuda_allocated_mb': 44, 'cuda_reserved_mb': 88, 'cuda_max_allocated_mb': 192}
{'event': 'train_progress', 'epoch': 1, 'batch': 100, 'batches': 118, 'time_group': 100, 'time_groups': 118, 'history_edges': 2144, 'pos_edges': 38, 'neg_edges': 38, 'loss_recent': 1.788394851386547, 'elapsed_sec': 18.644272569566965, 'avg_sec_per_batch': 0.18644272569566966, 'cuda_allocated_mb': 46, 'cuda_reserved_mb': 202, 'cuda_max_allocated_mb': 192}
{'event': 'train_time_group', 'epoch': 1, 'time_group': 118, 'time_groups': 118, 'batch': 117, 'batches': 118, 'time_value': 1966.0, 'group_batches': 1, 'history_edges': 3153, 'elapsed_sec': 22.782531213015318, 'cuda_allocated_mb': 45, 'cuda_reserved_mb': 222, 'cuda_max_allocated_mb': 192}
{'event': 'train_progress', 'epoch': 1, 'batch': 118, 'batches': 118, 'time_group': 118, 'time_groups': 118, 'history_edges': 3153, 'pos_edges': 91, 'neg_edges': 91, 'loss_recent': 2.3760874155163765, 'elapsed_sec': 23.113166578114033, 'avg_sec_per_batch': 0.19587429303486467, 'cuda_allocated_mb': 47, 'cuda_reserved_mb': 222, 'cuda_max_allocated_mb': 192}
{'event': 'validation_start', 'epoch': 1}
{'event': 'validation_ranking_start', 'epoch': 1, 'max_edges': 5}
{'event': 'epoch_end', 'epoch': 1, 'early_stop_metric': 'val_composite', 'val_score': 0.1246993754917822, 'val_auc': 0.611566162109375, 'val_ap': 0.2540909952406126, 'val_ndcg': 0.7763554018381357, 'val_mrr': 0.011864079208317512, 'val_hits@1': 0.0, 'val_hits@10': 0.0, 'val_hits@50': 0.2, 'val_hits@100': 0.2, 'elapsed_sec': 26.397816337645054}
{'candidate': 'rankloss_uniform_probe_h96_r12_a12_p4x4_l1_neg1_lr0p001_rl0p1_m0p75_hinge', 'seed': 1, 'composite': nan, 'val_auc': 0.611566162109375, 'val_ap': 0.2540909952406126, 'val_ndcg': 0.7763554018381357, 'val_mrr': 0.011864079208317512, 'val_hits@1': 0.0, 'val_hits@10': 0.0, 'val_hits@50': 0.2, 'val_hits@100': 0.2, 'train_loss': 2.1250619279631113, 'train_lp': 0.47284688131283903, 'train_align': 312.12573153083605, 'train_kl': 889.8020232895674, 'train_ood_reg': 0.2176873005800328, 'train_meta': 0.47770795131386334, 'train_struct_aux': 0.0, 'train_weighted_align': 1.5606286209550198, 'train_weighted_kl': 0.08898020029399481, 'train_weighted_ood_reg': 0.00021768731108996858, 'train_weighted_meta': 0.0023885396974145483, 'train_weighted_struct_aux': 0.0, 'train_rank': 0.3632322055271874, 'train_weighted_rank': 0.03632322114683151}
{'event': 'candidate_summary', 'candidate': 'rankloss_uniform_probe_h96_r12_a12_p4x4_l1_neg1_lr0p001_rl0p1_m0p75_hinge', 'score': 0.1246993754917822, 'passes_metric_minima': True, 'means': {'val_auc': 0.611566162109375, 'val_ap': 0.2540909952406126, 'val_mrr': 0.011864079208317512, 'val_hits@10': 0.0, 'val_ndcg': 0.7763554018381357}, 'seeds_completed': 1}
{'event': 'candidate_seed_start', 'candidate': 'rankloss_uniform_probe_h96_r12_a12_p4x4_l1_neg1_lr0p001_rl0p2_m0p5_hinge', 'seed': 1, 'device': 'cuda', 'node_text_device': 'cuda:0'}
{'event': 'train_seed_start', 'seed': 1, 'train_edges': 3244, 'val_edges': 6738, 'test_edges': 26719, 'num_nodes': 4197, 'num_relations': 19}
{'event': 'train_seed_tensors_ready', 'seed': 1, 'elapsed_sec': 0.02682884782552719, 'cuda_allocated_mb': 25, 'cuda_reserved_mb': 42, 'cuda_max_allocated_mb': 192}
{'event': 'train_known_facts_ready', 'seed': 1, 'scope': 'train', 'edges': 3244, 'elapsed_sec': 0.02865995094180107}
{'event': 'train_known_facts_ready', 'seed': 1, 'scope': 'train_val', 'edges': 9982, 'elapsed_sec': 0.029898609966039658}
{'event': 'train_sampler_ready', 'seed': 1, 'elapsed_sec': 0.03378477692604065}
{'event': 'val_sampler_ready', 'seed': 1, 'elapsed_sec': 0.0379510335624218}
{'event': 'epoch_start', 'epoch': 1, 'epochs': 1, 'batches': 118, 'time_groups': 118}
{'event': 'train_time_group', 'epoch': 1, 'time_group': 1, 'time_groups': 118, 'batch': 0, 'batches': 118, 'time_value': 600.0, 'group_batches': 1, 'history_edges': 0, 'elapsed_sec': 0.005444701761007309, 'cuda_allocated_mb': 25, 'cuda_reserved_mb': 44, 'cuda_max_allocated_mb': 192}
{'event': 'train_progress', 'epoch': 1, 'batch': 1, 'batches': 118, 'time_group': 1, 'time_groups': 118, 'history_edges': 0, 'pos_edges': 1, 'neg_edges': 1, 'loss_recent': 0.6795961260795593, 'elapsed_sec': 0.12743693590164185, 'avg_sec_per_batch': 0.12743693590164185, 'cuda_allocated_mb': 44, 'cuda_reserved_mb': 88, 'cuda_max_allocated_mb': 192}
{'event': 'train_progress', 'epoch': 1, 'batch': 100, 'batches': 118, 'time_group': 100, 'time_groups': 118, 'history_edges': 2144, 'pos_edges': 38, 'neg_edges': 38, 'loss_recent': 1.7897164556384086, 'elapsed_sec': 18.094892535358667, 'avg_sec_per_batch': 0.18094892535358667, 'cuda_allocated_mb': 46, 'cuda_reserved_mb': 202, 'cuda_max_allocated_mb': 192}
{'event': 'train_time_group', 'epoch': 1, 'time_group': 118, 'time_groups': 118, 'batch': 117, 'batches': 118, 'time_value': 1966.0, 'group_batches': 1, 'history_edges': 3153, 'elapsed_sec': 21.065926045179367, 'cuda_allocated_mb': 45, 'cuda_reserved_mb': 222, 'cuda_max_allocated_mb': 192}
{'event': 'train_progress', 'epoch': 1, 'batch': 118, 'batches': 118, 'time_group': 118, 'time_groups': 118, 'history_edges': 3153, 'pos_edges': 91, 'neg_edges': 91, 'loss_recent': 2.3795593586564063, 'elapsed_sec': 21.22661344334483, 'avg_sec_per_batch': 0.17988655460461722, 'cuda_allocated_mb': 47, 'cuda_reserved_mb': 222, 'cuda_max_allocated_mb': 192}
{'event': 'validation_start', 'epoch': 1}
{'event': 'validation_ranking_start', 'epoch': 1, 'max_edges': 5}
{'event': 'epoch_end', 'epoch': 1, 'early_stop_metric': 'val_composite', 'val_score': 0.12581350583490944, 'val_auc': 0.6157775878906251, 'val_ap': 0.2569056540693776, 'val_ndcg': 0.7782211947142474, 'val_mrr': 0.012816038070479086, 'val_hits@1': 0.0, 'val_hits@10': 0.0, 'val_hits@50': 0.2, 'val_hits@100': 0.3, 'elapsed_sec': 23.226894605904818}
{'candidate': 'rankloss_uniform_probe_h96_r12_a12_p4x4_l1_neg1_lr0p001_rl0p2_m0p5_hinge', 'seed': 1, 'composite': nan, 'val_auc': 0.6157775878906251, 'val_ap': 0.2569056540693776, 'val_ndcg': 0.7782211947142474, 'val_mrr': 0.012816038070479086, 'val_hits@1': 0.0, 'val_hits@10': 0.0, 'val_hits@50': 0.2, 'val_hits@100': 0.3, 'train_loss': 2.127946287646132, 'train_lp': 0.47272787344152645, 'train_align': 312.660440028724, 'train_kl': 893.0923461914062, 'train_ood_reg': 0.21772818431510763, 'train_meta': 0.4778548038990821, 'train_struct_aux': 0.0, 'train_weighted_align': 1.5633021672177365, 'train_weighted_kl': 0.08930923215555564, 'train_weighted_ood_reg': 0.00021772819469580268, 'train_weighted_meta': 0.002389273979904335, 'train_weighted_struct_aux': 0.0, 'train_rank': 0.24008664379875033, 'train_weighted_rank': 0.048017329301574596}
{'event': 'candidate_summary', 'candidate': 'rankloss_uniform_probe_h96_r12_a12_p4x4_l1_neg1_lr0p001_rl0p2_m0p5_hinge', 'score': 0.12581350583490944, 'passes_metric_minima': True, 'means': {'val_auc': 0.6157775878906251, 'val_ap': 0.2569056540693776, 'val_mrr': 0.012816038070479086, 'val_hits@10': 0.0, 'val_ndcg': 0.7782211947142474}, 'seeds_completed': 1}
{'event': 'candidate_seed_start', 'candidate': 'rankloss_uniform_probe_h96_r12_a12_p4x4_l1_neg2_lr0p001_rl0p05_m1_hinge', 'seed': 1, 'device': 'cuda', 'node_text_device': 'cuda:0'}
{'event': 'train_seed_start', 'seed': 1, 'train_edges': 3244, 'val_edges': 6738, 'test_edges': 26719, 'num_nodes': 4197, 'num_relations': 19}
{'event': 'train_seed_tensors_ready', 'seed': 1, 'elapsed_sec': 0.010618586093187332, 'cuda_allocated_mb': 25, 'cuda_reserved_mb': 42, 'cuda_max_allocated_mb': 192}
{'event': 'train_known_facts_ready', 'seed': 1, 'scope': 'train', 'edges': 3244, 'elapsed_sec': 0.012279774993658066}
{'event': 'train_known_facts_ready', 'seed': 1, 'scope': 'train_val', 'edges': 9982, 'elapsed_sec': 0.0134323351085186}
{'event': 'train_sampler_ready', 'seed': 1, 'elapsed_sec': 0.01726265624165535}
{'event': 'val_sampler_ready', 'seed': 1, 'elapsed_sec': 0.020855609327554703}
{'event': 'epoch_start', 'epoch': 1, 'epochs': 1, 'batches': 118, 'time_groups': 118}
{'event': 'train_time_group', 'epoch': 1, 'time_group': 1, 'time_groups': 118, 'batch': 0, 'batches': 118, 'time_value': 600.0, 'group_batches': 1, 'history_edges': 0, 'elapsed_sec': 0.005096267908811569, 'cuda_allocated_mb': 25, 'cuda_reserved_mb': 44, 'cuda_max_allocated_mb': 192}
{'event': 'train_progress', 'epoch': 1, 'batch': 1, 'batches': 118, 'time_group': 1, 'time_groups': 118, 'history_edges': 0, 'pos_edges': 1, 'neg_edges': 2, 'loss_recent': 0.7218735218048096, 'elapsed_sec': 0.12560555338859558, 'avg_sec_per_batch': 0.12560555338859558, 'cuda_allocated_mb': 44, 'cuda_reserved_mb': 88, 'cuda_max_allocated_mb': 192}
{'event': 'train_progress', 'epoch': 1, 'batch': 100, 'batches': 118, 'time_group': 100, 'time_groups': 118, 'history_edges': 2144, 'pos_edges': 38, 'neg_edges': 76, 'loss_recent': 2.3902994534373283, 'elapsed_sec': 15.060187175869942, 'avg_sec_per_batch': 0.1506018717586994, 'cuda_allocated_mb': 46, 'cuda_reserved_mb': 206, 'cuda_max_allocated_mb': 192}
{'event': 'train_time_group', 'epoch': 1, 'time_group': 118, 'time_groups': 118, 'batch': 117, 'batches': 118, 'time_value': 1966.0, 'group_batches': 1, 'history_edges': 3153, 'elapsed_sec': 18.351178511977196, 'cuda_allocated_mb': 45, 'cuda_reserved_mb': 246, 'cuda_max_allocated_mb': 195}
{'event': 'train_progress', 'epoch': 1, 'batch': 118, 'batches': 118, 'time_group': 118, 'time_groups': 118, 'history_edges': 3153, 'pos_edges': 91, 'neg_edges': 182, 'loss_recent': 3.291171394884586, 'elapsed_sec': 18.575384944677353, 'avg_sec_per_batch': 0.15741851648031654, 'cuda_allocated_mb': 48, 'cuda_reserved_mb': 246, 'cuda_max_allocated_mb': 198}
{'event': 'validation_start', 'epoch': 1}
{'event': 'validation_ranking_start', 'epoch': 1, 'max_edges': 5}
{'event': 'epoch_end', 'epoch': 1, 'early_stop_metric': 'val_composite', 'val_score': 0.12402582335514034, 'val_auc': 0.6134368896484376, 'val_ap': 0.25709674776988933, 'val_ndcg': 0.7806075135743702, 'val_mrr': 0.009680308944471723, 'val_hits@1': 0.0, 'val_hits@10': 0.0, 'val_hits@50': 0.2, 'val_hits@100': 0.4, 'elapsed_sec': 20.76516616344452}
{'candidate': 'rankloss_uniform_probe_h96_r12_a12_p4x4_l1_neg2_lr0p001_rl0p05_m1_hinge', 'seed': 1, 'composite': nan, 'val_auc': 0.6134368896484376, 'val_ap': 0.25709674776988933, 'val_ndcg': 0.7806075135743702, 'val_mrr': 0.009680308944471723, 'val_hits@1': 0.0, 'val_hits@10': 0.0, 'val_hits@50': 0.2, 'val_hits@100': 0.4, 'train_loss': 2.904281775577594, 'train_lp': 0.4453716184628212, 'train_align': 466.4085896621316, 'train_kl': 1242.8267866231627, 'train_ood_reg': 0.22302885681895887, 'train_meta': 0.4723147664661125, 'train_struct_aux': 0.0, 'train_weighted_align': 2.3320428979883, 'train_weighted_kl': 0.12428267595310838, 'train_weighted_ood_reg': 0.0002230288675676447, 'train_weighted_meta': 0.002361573777122076, 'train_weighted_struct_aux': 0.0, 'train_rank': 0.47843553795147753, 'train_weighted_rank': 0.023921777414832802}
{'event': 'candidate_summary', 'candidate': 'rankloss_uniform_probe_h96_r12_a12_p4x4_l1_neg2_lr0p001_rl0p05_m1_hinge', 'score': 0.12402582335514034, 'passes_metric_minima': True, 'means': {'val_auc': 0.6134368896484376, 'val_ap': 0.25709674776988933, 'val_mrr': 0.009680308944471723, 'val_hits@10': 0.0, 'val_ndcg': 0.7806075135743702}, 'seeds_completed': 1}
{'event': 'candidate_seed_start', 'candidate': 'rankloss_uniform_probe_h96_r12_a12_p4x4_l1_neg2_lr0p001_rl0p1_m0p75_hinge', 'seed': 1, 'device': 'cuda', 'node_text_device': 'cuda:0'}
{'event': 'train_seed_start', 'seed': 1, 'train_edges': 3244, 'val_edges': 6738, 'test_edges': 26719, 'num_nodes': 4197, 'num_relations': 19}
{'event': 'train_seed_tensors_ready', 'seed': 1, 'elapsed_sec': 0.011180084198713303, 'cuda_allocated_mb': 25, 'cuda_reserved_mb': 42, 'cuda_max_allocated_mb': 198}
{'event': 'train_known_facts_ready', 'seed': 1, 'scope': 'train', 'edges': 3244, 'elapsed_sec': 0.012728266417980194}
{'event': 'train_known_facts_ready', 'seed': 1, 'scope': 'train_val', 'edges': 9982, 'elapsed_sec': 0.013931669294834137}
{'event': 'train_sampler_ready', 'seed': 1, 'elapsed_sec': 0.017714176326990128}
{'event': 'val_sampler_ready', 'seed': 1, 'elapsed_sec': 0.0213463194668293}
{'event': 'epoch_start', 'epoch': 1, 'epochs': 1, 'batches': 118, 'time_groups': 118}
{'event': 'train_time_group', 'epoch': 1, 'time_group': 1, 'time_groups': 118, 'batch': 0, 'batches': 118, 'time_value': 600.0, 'group_batches': 1, 'history_edges': 0, 'elapsed_sec': 0.005244065076112747, 'cuda_allocated_mb': 25, 'cuda_reserved_mb': 44, 'cuda_max_allocated_mb': 198}
{'event': 'train_progress', 'epoch': 1, 'batch': 1, 'batches': 118, 'time_group': 1, 'time_groups': 118, 'history_edges': 0, 'pos_edges': 1, 'neg_edges': 2, 'loss_recent': 0.7218735218048096, 'elapsed_sec': 0.11918588727712631, 'avg_sec_per_batch': 0.11918588727712631, 'cuda_allocated_mb': 44, 'cuda_reserved_mb': 88, 'cuda_max_allocated_mb': 198}
{'event': 'train_progress', 'epoch': 1, 'batch': 100, 'batches': 118, 'time_group': 100, 'time_groups': 118, 'history_edges': 2144, 'pos_edges': 38, 'neg_edges': 76, 'loss_recent': 2.3897750598192213, 'elapsed_sec': 19.023877304047346, 'avg_sec_per_batch': 0.19023877304047346, 'cuda_allocated_mb': 46, 'cuda_reserved_mb': 206, 'cuda_max_allocated_mb': 198}
{'event': 'train_time_group', 'epoch': 1, 'time_group': 118, 'time_groups': 118, 'batch': 117, 'batches': 118, 'time_value': 1966.0, 'group_batches': 1, 'history_edges': 3153, 'elapsed_sec': 23.718219213187695, 'cuda_allocated_mb': 45, 'cuda_reserved_mb': 246, 'cuda_max_allocated_mb': 198}
{'event': 'train_progress', 'epoch': 1, 'batch': 118, 'batches': 118, 'time_group': 118, 'time_groups': 118, 'history_edges': 3153, 'pos_edges': 91, 'neg_edges': 182, 'loss_recent': 3.2916234427690507, 'elapsed_sec': 24.01742511987686, 'avg_sec_per_batch': 0.20353750101590562, 'cuda_allocated_mb': 48, 'cuda_reserved_mb': 246, 'cuda_max_allocated_mb': 198}
{'event': 'validation_start', 'epoch': 1}
{'event': 'validation_ranking_start', 'epoch': 1, 'max_edges': 5}
{'event': 'epoch_end', 'epoch': 1, 'early_stop_metric': 'val_composite', 'val_score': 0.12469515835491389, 'val_auc': 0.614971923828125, 'val_ap': 0.2613260971697116, 'val_ndcg': 0.7836493746608184, 'val_mrr': 0.009760932428265073, 'val_hits@1': 0.0, 'val_hits@10': 0.0, 'val_hits@50': 0.2, 'val_hits@100': 0.4, 'elapsed_sec': 27.15699214860797}
{'candidate': 'rankloss_uniform_probe_h96_r12_a12_p4x4_l1_neg2_lr0p001_rl0p1_m0p75_hinge', 'seed': 1, 'composite': nan, 'val_auc': 0.614971923828125, 'val_ap': 0.2613260971697116, 'val_ndcg': 0.7836493746608184, 'val_mrr': 0.009760932428265073, 'val_hits@1': 0.0, 'val_hits@10': 0.0, 'val_hits@50': 0.2, 'val_hits@100': 0.4, 'train_loss': 2.904492718183388, 'train_lp': 0.4440615242820675, 'train_align': 466.56173531079696, 'train_kl': 1250.4779153597558, 'train_ood_reg': 0.22264307421647897, 'train_meta': 0.4704254520267753, 'train_struct_aux': 0.0, 'train_weighted_align': 2.332808631519645, 'train_weighted_kl': 0.12504778809498174, 'train_weighted_ood_reg': 0.0002226430840861305, 'train_weighted_meta': 0.0023521272153830377, 'train_weighted_struct_aux': 0.0, 'train_rank': 0.3573692464664326, 'train_weighted_rank': 0.03573692520149052}
{'event': 'candidate_summary', 'candidate': 'rankloss_uniform_probe_h96_r12_a12_p4x4_l1_neg2_lr0p001_rl0p1_m0p75_hinge', 'score': 0.12469515835491389, 'passes_metric_minima': True, 'means': {'val_auc': 0.614971923828125, 'val_ap': 0.2613260971697116, 'val_mrr': 0.009760932428265073, 'val_hits@10': 0.0, 'val_ndcg': 0.7836493746608184}, 'seeds_completed': 1}
{'event': 'candidate_seed_start', 'candidate': 'rankloss_uniform_probe_h96_r12_a12_p4x4_l1_neg2_lr0p001_rl0p2_m0p5_hinge', 'seed': 1, 'device': 'cuda', 'node_text_device': 'cuda:0'}
{'event': 'train_seed_start', 'seed': 1, 'train_edges': 3244, 'val_edges': 6738, 'test_edges': 26719, 'num_nodes': 4197, 'num_relations': 19}
{'event': 'train_seed_tensors_ready', 'seed': 1, 'elapsed_sec': 0.02041660249233246, 'cuda_allocated_mb': 25, 'cuda_reserved_mb': 42, 'cuda_max_allocated_mb': 198}
{'event': 'train_known_facts_ready', 'seed': 1, 'scope': 'train', 'edges': 3244, 'elapsed_sec': 0.021957814693450928}
{'event': 'train_known_facts_ready', 'seed': 1, 'scope': 'train_val', 'edges': 9982, 'elapsed_sec': 0.023206032812595367}
{'event': 'train_sampler_ready', 'seed': 1, 'elapsed_sec': 0.027022026479244232}
{'event': 'val_sampler_ready', 'seed': 1, 'elapsed_sec': 0.030715934932231903}
{'event': 'epoch_start', 'epoch': 1, 'epochs': 1, 'batches': 118, 'time_groups': 118}
{'event': 'train_time_group', 'epoch': 1, 'time_group': 1, 'time_groups': 118, 'batch': 0, 'batches': 118, 'time_value': 600.0, 'group_batches': 1, 'history_edges': 0, 'elapsed_sec': 0.005134493112564087, 'cuda_allocated_mb': 25, 'cuda_reserved_mb': 44, 'cuda_max_allocated_mb': 198}
{'event': 'train_progress', 'epoch': 1, 'batch': 1, 'batches': 118, 'time_group': 1, 'time_groups': 118, 'history_edges': 0, 'pos_edges': 1, 'neg_edges': 2, 'loss_recent': 0.7218735218048096, 'elapsed_sec': 0.19132811948657036, 'avg_sec_per_batch': 0.19132811948657036, 'cuda_allocated_mb': 44, 'cuda_reserved_mb': 88, 'cuda_max_allocated_mb': 198}
{'event': 'train_progress', 'epoch': 1, 'batch': 100, 'batches': 118, 'time_group': 100, 'time_groups': 118, 'history_edges': 2144, 'pos_edges': 38, 'neg_edges': 76, 'loss_recent': 2.389664587676525, 'elapsed_sec': 20.803613178431988, 'avg_sec_per_batch': 0.20803613178431987, 'cuda_allocated_mb': 46, 'cuda_reserved_mb': 206, 'cuda_max_allocated_mb': 198}
{'event': 'train_time_group', 'epoch': 1, 'time_group': 118, 'time_groups': 118, 'batch': 117, 'batches': 118, 'time_value': 1966.0, 'group_batches': 1, 'history_edges': 3153, 'elapsed_sec': 25.460427466779947, 'cuda_allocated_mb': 45, 'cuda_reserved_mb': 246, 'cuda_max_allocated_mb': 198}
{'event': 'train_progress', 'epoch': 1, 'batch': 118, 'batches': 118, 'time_group': 118, 'time_groups': 118, 'history_edges': 3153, 'pos_edges': 91, 'neg_edges': 182, 'loss_recent': 3.2929171654582023, 'elapsed_sec': 25.76438082754612, 'avg_sec_per_batch': 0.21834221040293322, 'cuda_allocated_mb': 48, 'cuda_reserved_mb': 246, 'cuda_max_allocated_mb': 198}
{'event': 'validation_start', 'epoch': 1}
{'event': 'validation_ranking_start', 'epoch': 1, 'max_edges': 5}
{'event': 'epoch_end', 'epoch': 1, 'early_stop_metric': 'val_composite', 'val_score': 0.12463437237143138, 'val_auc': 0.6155456542968749, 'val_ap': 0.2625283417502514, 'val_ndcg': 0.784481644700517, 'val_mrr': 0.009375292297563866, 'val_hits@1': 0.0, 'val_hits@10': 0.0, 'val_hits@50': 0.2, 'val_hits@100': 0.4, 'elapsed_sec': 29.03943495079875}
{'candidate': 'rankloss_uniform_probe_h96_r12_a12_p4x4_l1_neg2_lr0p001_rl0p2_m0p5_hinge', 'seed': 1, 'composite': nan, 'val_auc': 0.6155456542968749, 'val_ap': 0.2625283417502514, 'val_ndcg': 0.784481644700517, 'val_mrr': 0.009375292297563866, 'val_hits@1': 0.0, 'val_hits@10': 0.0, 'val_hits@50': 0.2, 'val_hits@100': 0.4, 'train_loss': 2.9052922137207906, 'train_lp': 0.44277105682482154, 'train_align': 466.7634341009593, 'train_kl': 1261.4873043642206, 'train_ood_reg': 0.22230612208782616, 'train_meta': 0.46660059374772894, 'train_struct_aux': 0.0, 'train_weighted_align': 2.3338171266871743, 'train_weighted_kl': 0.12614872726469728, 'train_weighted_ood_reg': 0.00022230613276251924, 'train_weighted_meta': 0.002333002917219932, 'train_weighted_struct_aux': 0.0, 'train_rank': 0.2427091621083476, 'train_weighted_rank': 0.048541833283537526}
{'event': 'candidate_summary', 'candidate': 'rankloss_uniform_probe_h96_r12_a12_p4x4_l1_neg2_lr0p001_rl0p2_m0p5_hinge', 'score': 0.12463437237143138, 'passes_metric_minima': True, 'means': {'val_auc': 0.6155456542968749, 'val_ap': 0.2625283417502514, 'val_mrr': 0.009375292297563866, 'val_hits@10': 0.0, 'val_ndcg': 0.784481644700517}, 'seeds_completed': 1}
