
$ /root/miniconda3/bin/python -u scripts/search_hparams.py --config configs/auto_target/ssptgfm_search_tgb_yago_history_decay_fastscan.yaml --output results/auto_target_fastscan_tgb_yago/search_tgb_yago_history_decay_fastscan --resume
runtime_device=cuda
cuda_device=Tesla V100-PCIE-32GB
{'event': 'candidate_seed_start', 'candidate': 'history_decay_fastscan_h128_r16_a16_p4x4_l1_neg5_lr0p001_hp0p25_decay_rank28_rl0_m1', 'seed': 1, 'device': 'cuda', 'node_text_device': 'cuda:0'}
{'event': 'train_seed_start', 'seed': 1, 'train_edges': 323080, 'val_edges': 39046, 'test_edges': 40052, 'num_nodes': 10585, 'num_relations': 20}
{'event': 'train_seed_tensors_ready', 'seed': 1, 'elapsed_sec': 0.008057404309511185, 'cuda_allocated_mb': 24, 'cuda_reserved_mb': 44, 'cuda_max_allocated_mb': 24}
{'event': 'train_known_facts_ready', 'seed': 1, 'scope': 'train', 'edges': 323080, 'elapsed_sec': 0.03871963173151016}
{'event': 'train_known_facts_ready', 'seed': 1, 'scope': 'train_val', 'edges': 362126, 'elapsed_sec': 0.08057855814695358}
{'event': 'train_sampler_ready', 'seed': 1, 'elapsed_sec': 0.12114184722304344}
{'event': 'val_sampler_ready', 'seed': 1, 'elapsed_sec': 0.15661222115159035}
{'event': 'epoch_start', 'epoch': 1, 'epochs': 1, 'batches': 195, 'time_groups': 178}
{'event': 'train_time_group', 'epoch': 1, 'time_group': 1, 'time_groups': 178, 'batch': 0, 'batches': 195, 'time_value': 0.0, 'group_batches': 1, 'history_edges': 0, 'elapsed_sec': 0.030609842389822006, 'cuda_allocated_mb': 32, 'cuda_reserved_mb': 44, 'cuda_max_allocated_mb': 32}
{'event': 'train_progress', 'epoch': 1, 'batch': 1, 'batches': 195, 'time_group': 1, 'time_groups': 178, 'history_edges': 0, 'pos_edges': 942, 'neg_edges': 4710, 'loss_recent': 192.03311157226562, 'elapsed_sec': 7.339142184704542, 'avg_sec_per_batch': 7.339142184704542, 'cuda_allocated_mb': 211, 'cuda_reserved_mb': 1106, 'cuda_max_allocated_mb': 1072}
{'event': 'train_progress', 'epoch': 1, 'batch': 34, 'batches': 195, 'time_group': 34, 'time_groups': 178, 'history_edges': 14854, 'pos_edges': 504, 'neg_edges': 2520, 'loss_recent': 92.12861835255342, 'elapsed_sec': 131.89201924204826, 'avg_sec_per_batch': 3.879177036530831, 'cuda_allocated_mb': 168, 'cuda_reserved_mb': 1186, 'cuda_max_allocated_mb': 1094}

$ /root/miniconda3/bin/python -u scripts/search_hparams.py --config configs/auto_target/ssptgfm_search_tgb_yago_history_decay_fastscan.yaml --output results/auto_target_fastscan_tgb_yago_v2/search_tgb_yago_history_decay_fastscan --resume
runtime_device=cuda
cuda_device=Tesla V100-PCIE-32GB
{'event': 'candidate_seed_start', 'candidate': 'history_decay_fastscan_h128_r16_a16_p4x4_l1_neg5_lr0p001_hp0p25_decay_rank28_rl0_m1', 'seed': 1, 'device': 'cuda', 'node_text_device': 'cuda:0'}
{'event': 'train_seed_start', 'seed': 1, 'train_edges': 323080, 'val_edges': 39046, 'test_edges': 40052, 'num_nodes': 10585, 'num_relations': 20}
{'event': 'train_seed_tensors_ready', 'seed': 1, 'elapsed_sec': 0.0074376799166202545, 'cuda_allocated_mb': 24, 'cuda_reserved_mb': 44, 'cuda_max_allocated_mb': 24}
{'event': 'train_known_facts_ready', 'seed': 1, 'scope': 'train', 'edges': 323080, 'elapsed_sec': 0.0385003536939621}
{'event': 'train_known_facts_ready', 'seed': 1, 'scope': 'train_val', 'edges': 362126, 'elapsed_sec': 0.07862938195466995}
{'event': 'train_sampler_ready', 'seed': 1, 'elapsed_sec': 0.12099681794643402}
{'event': 'val_sampler_ready', 'seed': 1, 'elapsed_sec': 0.1496792919933796}
{'event': 'epoch_start', 'epoch': 1, 'epochs': 1, 'batches': 195, 'time_groups': 178}
{'event': 'train_time_group', 'epoch': 1, 'time_group': 1, 'time_groups': 178, 'batch': 0, 'batches': 195, 'time_value': 0.0, 'group_batches': 1, 'history_edges': 0, 'elapsed_sec': 0.030021365731954575, 'cuda_allocated_mb': 32, 'cuda_reserved_mb': 44, 'cuda_max_allocated_mb': 32}
{'event': 'train_progress', 'epoch': 1, 'batch': 1, 'batches': 195, 'time_group': 1, 'time_groups': 178, 'history_edges': 0, 'pos_edges': 942, 'neg_edges': 4710, 'loss_recent': 192.03311157226562, 'elapsed_sec': 6.745972488075495, 'avg_sec_per_batch': 6.745972488075495, 'cuda_allocated_mb': 211, 'cuda_reserved_mb': 1106, 'cuda_max_allocated_mb': 1072}
{'event': 'train_progress', 'epoch': 1, 'batch': 34, 'batches': 195, 'time_group': 34, 'time_groups': 178, 'history_edges': 14854, 'pos_edges': 504, 'neg_edges': 2520, 'loss_recent': 92.12861767937156, 'elapsed_sec': 130.67345564439893, 'avg_sec_per_batch': 3.8433369307176157, 'cuda_allocated_mb': 168, 'cuda_reserved_mb': 1186, 'cuda_max_allocated_mb': 1094}
