runtime_device=cuda
cuda_device=Tesla V100-PCIE-32GB
/root/autodl-tmp/data/scripts/run_ssptgfm.py:91: DeprecationWarning: numpy.core.numeric is deprecated and has been renamed to numpy._core.numeric. The numpy._core namespace contains private NumPy internals and its use is discouraged, as NumPy internals can change without warning in any release. In practice, most real-world usage of numpy.core is to access functionality in the public NumPy API. If that is the case, use the public NumPy API. If not, you are using NumPy internals. If you would still like to access an internal attribute, use numpy._core.numeric._frombuffer.
  payload = pickle.load(f)
{'event': 'seed_start', 'dataset': 'tkgl-yago', 'ablation': 'full', 'seed': 3, 'device': 'cuda', 'node_text_device': 'cuda:0'}
{'event': 'train_seed_start', 'seed': 3, 'train_edges': 323080, 'val_edges': 39046, 'test_edges': 40052, 'num_nodes': 10585, 'num_relations': 20}
{'event': 'train_seed_tensors_ready', 'seed': 3, 'elapsed_sec': 0.007868699729442596, 'cuda_allocated_mb': 24, 'cuda_reserved_mb': 44, 'cuda_max_allocated_mb': 24}
{'event': 'train_known_facts_ready', 'seed': 3, 'scope': 'train', 'edges': 323080, 'elapsed_sec': 0.03683387115597725}
{'event': 'train_known_facts_ready', 'seed': 3, 'scope': 'train_val', 'edges': 362126, 'elapsed_sec': 0.0795697309076786}
{'event': 'train_sampler_ready', 'seed': 3, 'elapsed_sec': 0.1647409051656723}
{'event': 'val_sampler_ready', 'seed': 3, 'elapsed_sec': 0.23921144008636475}
{'event': 'epoch_start', 'epoch': 1, 'epochs': 20, 'batches': 718, 'time_groups': 178}
{'event': 'train_time_group', 'epoch': 1, 'time_group': 1, 'time_groups': 178, 'batch': 0, 'batches': 718, 'time_value': 0.0, 'group_batches': 2, 'history_edges': 0, 'elapsed_sec': 0.03178176283836365, 'cuda_allocated_mb': 32, 'cuda_reserved_mb': 44, 'cuda_max_allocated_mb': 32}
{'event': 'train_progress', 'epoch': 1, 'batch': 1, 'batches': 718, 'time_group': 1, 'time_groups': 178, 'history_edges': 0, 'pos_edges': 512, 'neg_edges': 2048, 'loss_recent': 169.11935424804688, 'elapsed_sec': 2.0238575004041195, 'avg_sec_per_batch': 2.0238575004041195, 'cuda_allocated_mb': 156, 'cuda_reserved_mb': 972, 'cuda_max_allocated_mb': 946}
{'event': 'train_progress', 'epoch': 1, 'batch': 100, 'batches': 718, 'time_group': 69, 'time_groups': 178, 'history_edges': 33644, 'pos_edges': 86, 'neg_edges': 344, 'loss_recent': 73.6276817381382, 'elapsed_sec': 73.27399105206132, 'avg_sec_per_batch': 0.7327399105206132, 'cuda_allocated_mb': 156, 'cuda_reserved_mb': 1880, 'cuda_max_allocated_mb': 1786}
{'event': 'train_progress', 'epoch': 1, 'batch': 200, 'batches': 718, 'time_group': 106, 'time_groups': 178, 'history_edges': 74226, 'pos_edges': 106, 'neg_edges': 424, 'loss_recent': 93.68437821596861, 'elapsed_sec': 159.94122478738427, 'avg_sec_per_batch': 0.7997061239369213, 'cuda_allocated_mb': 208, 'cuda_reserved_mb': 2784, 'cuda_max_allocated_mb': 2704}
{'event': 'train_progress', 'epoch': 1, 'batch': 300, 'batches': 718, 'time_group': 128, 'time_groups': 178, 'history_edges': 120770, 'pos_edges': 512, 'neg_edges': 2048, 'loss_recent': 97.7967194879055, 'elapsed_sec': 250.10863548144698, 'avg_sec_per_batch': 0.8336954516048233, 'cuda_allocated_mb': 186, 'cuda_reserved_mb': 3802, 'cuda_max_allocated_mb': 3677}
{'event': 'train_progress', 'epoch': 1, 'batch': 400, 'batches': 718, 'time_group': 144, 'time_groups': 178, 'history_edges': 166402, 'pos_edges': 512, 'neg_edges': 2048, 'loss_recent': 95.0829323720932, 'elapsed_sec': 343.222043979913, 'avg_sec_per_batch': 0.8580551099497825, 'cuda_allocated_mb': 236, 'cuda_reserved_mb': 4782, 'cuda_max_allocated_mb': 4698}
{'event': 'train_progress', 'epoch': 1, 'batch': 500, 'batches': 718, 'time_group': 158, 'time_groups': 178, 'history_edges': 213594, 'pos_edges': 512, 'neg_edges': 2048, 'loss_recent': 92.59080816268921, 'elapsed_sec': 440.5796500146389, 'avg_sec_per_batch': 0.8811593000292778, 'cuda_allocated_mb': 236, 'cuda_reserved_mb': 5782, 'cuda_max_allocated_mb': 5702}
{'event': 'train_progress', 'epoch': 1, 'batch': 600, 'batches': 718, 'time_group': 169, 'time_groups': 178, 'history_edges': 260784, 'pos_edges': 512, 'neg_edges': 2048, 'loss_recent': 98.00561645507813, 'elapsed_sec': 541.144511602819, 'avg_sec_per_batch': 0.9019075193380316, 'cuda_allocated_mb': 238, 'cuda_reserved_mb': 6882, 'cuda_max_allocated_mb': 6707}
{'event': 'train_progress', 'epoch': 1, 'batch': 700, 'batches': 718, 'time_group': 177, 'time_groups': 178, 'history_edges': 308632, 'pos_edges': 512, 'neg_edges': 2048, 'loss_recent': 95.87129475593566, 'elapsed_sec': 643.3796614333987, 'avg_sec_per_batch': 0.9191138020477124, 'cuda_allocated_mb': 239, 'cuda_reserved_mb': 7822, 'cuda_max_allocated_mb': 7724}
{'event': 'train_time_group', 'epoch': 1, 'time_group': 178, 'time_groups': 178, 'batch': 703, 'batches': 718, 'time_value': 177.0, 'group_batches': 15, 'history_edges': 315692, 'elapsed_sec': 646.6524581536651, 'cuda_allocated_mb': 106, 'cuda_reserved_mb': 7830, 'cuda_max_allocated_mb': 7726}
{'event': 'train_progress', 'epoch': 1, 'batch': 718, 'batches': 718, 'time_group': 178, 'time_groups': 178, 'history_edges': 315692, 'pos_edges': 220, 'neg_edges': 880, 'loss_recent': 95.30748851776123, 'elapsed_sec': 661.8445396870375, 'avg_sec_per_batch': 0.9217890524889101, 'cuda_allocated_mb': 241, 'cuda_reserved_mb': 7970, 'cuda_max_allocated_mb': 7877}
{'event': 'validation_start', 'epoch': 1}
{'event': 'validation_tgb_ranking_start', 'epoch': 1, 'max_edges': 128}
{'event': 'epoch_end', 'epoch': 1, 'early_stop_metric': 'val_tgb_mrr', 'val_score': 0.680983265012456, 'val_auc': 0.9460571289062499, 'val_ap': 0.8700626879122342, 'val_ndcg': 0.9722684372410354, 'val_tgb_mrr': 0.680983265012456, 'val_tgb_hits@10': 0.734375, 'elapsed_sec': 741.5078133642673}
{'event': 'epoch_start', 'epoch': 2, 'epochs': 20, 'batches': 718, 'time_groups': 178}
{'event': 'train_time_group', 'epoch': 2, 'time_group': 1, 'time_groups': 178, 'batch': 0, 'batches': 718, 'time_value': 0.0, 'group_batches': 2, 'history_edges': 0, 'elapsed_sec': 0.061915285885334015, 'cuda_allocated_mb': 105, 'cuda_reserved_mb': 7970, 'cuda_max_allocated_mb': 7877}
{'event': 'train_progress', 'epoch': 2, 'batch': 1, 'batches': 718, 'time_group': 1, 'time_groups': 178, 'history_edges': 0, 'pos_edges': 512, 'neg_edges': 2048, 'loss_recent': 197.05384826660156, 'elapsed_sec': 0.9250931963324547, 'avg_sec_per_batch': 0.9250931963324547, 'cuda_allocated_mb': 158, 'cuda_reserved_mb': 7970, 'cuda_max_allocated_mb': 7877}
{'event': 'train_progress', 'epoch': 2, 'batch': 100, 'batches': 718, 'time_group': 69, 'time_groups': 178, 'history_edges': 33644, 'pos_edges': 86, 'neg_edges': 344, 'loss_recent': 46.25629547320306, 'elapsed_sec': 73.57033900171518, 'avg_sec_per_batch': 0.7357033900171518, 'cuda_allocated_mb': 157, 'cuda_reserved_mb': 7970, 'cuda_max_allocated_mb': 7877}
{'event': 'train_progress', 'epoch': 2, 'batch': 200, 'batches': 718, 'time_group': 106, 'time_groups': 178, 'history_edges': 74226, 'pos_edges': 106, 'neg_edges': 424, 'loss_recent': 63.36921275123954, 'elapsed_sec': 158.96133832260966, 'avg_sec_per_batch': 0.7948066916130483, 'cuda_allocated_mb': 206, 'cuda_reserved_mb': 7970, 'cuda_max_allocated_mb': 7877}
{'event': 'train_progress', 'epoch': 2, 'batch': 300, 'batches': 718, 'time_group': 128, 'time_groups': 178, 'history_edges': 120770, 'pos_edges': 512, 'neg_edges': 2048, 'loss_recent': 74.01592801481485, 'elapsed_sec': 250.55373503267765, 'avg_sec_per_batch': 0.8351791167755922, 'cuda_allocated_mb': 188, 'cuda_reserved_mb': 7970, 'cuda_max_allocated_mb': 7877}
{'event': 'train_progress', 'epoch': 2, 'batch': 400, 'batches': 718, 'time_group': 144, 'time_groups': 178, 'history_edges': 166402, 'pos_edges': 512, 'neg_edges': 2048, 'loss_recent': 78.88455859661103, 'elapsed_sec': 344.2419653981924, 'avg_sec_per_batch': 0.860604913495481, 'cuda_allocated_mb': 236, 'cuda_reserved_mb': 7970, 'cuda_max_allocated_mb': 7877}
{'event': 'train_progress', 'epoch': 2, 'batch': 500, 'batches': 718, 'time_group': 158, 'time_groups': 178, 'history_edges': 213594, 'pos_edges': 512, 'neg_edges': 2048, 'loss_recent': 79.98397183418274, 'elapsed_sec': 441.6513826958835, 'avg_sec_per_batch': 0.883302765391767, 'cuda_allocated_mb': 236, 'cuda_reserved_mb': 7970, 'cuda_max_allocated_mb': 7877}
{'event': 'train_progress', 'epoch': 2, 'batch': 600, 'batches': 718, 'time_group': 169, 'time_groups': 178, 'history_edges': 260784, 'pos_edges': 512, 'neg_edges': 2048, 'loss_recent': 84.48226663112641, 'elapsed_sec': 541.2523741833866, 'avg_sec_per_batch': 0.9020872903056443, 'cuda_allocated_mb': 238, 'cuda_reserved_mb': 7970, 'cuda_max_allocated_mb': 7877}
{'event': 'train_progress', 'epoch': 2, 'batch': 700, 'batches': 718, 'time_group': 177, 'time_groups': 178, 'history_edges': 308632, 'pos_edges': 512, 'neg_edges': 2048, 'loss_recent': 86.03531138420105, 'elapsed_sec': 643.0859651975334, 'avg_sec_per_batch': 0.9186942359964763, 'cuda_allocated_mb': 239, 'cuda_reserved_mb': 7970, 'cuda_max_allocated_mb': 7877}
{'event': 'train_time_group', 'epoch': 2, 'time_group': 178, 'time_groups': 178, 'batch': 703, 'batches': 718, 'time_value': 177.0, 'group_batches': 15, 'history_edges': 315692, 'elapsed_sec': 646.069621887058, 'cuda_allocated_mb': 106, 'cuda_reserved_mb': 7970, 'cuda_max_allocated_mb': 7877}
{'event': 'train_progress', 'epoch': 2, 'batch': 718, 'batches': 718, 'time_group': 178, 'time_groups': 178, 'history_edges': 315692, 'pos_edges': 220, 'neg_edges': 880, 'loss_recent': 86.15151668548584, 'elapsed_sec': 660.800572168082, 'avg_sec_per_batch': 0.9203350587299192, 'cuda_allocated_mb': 241, 'cuda_reserved_mb': 7970, 'cuda_max_allocated_mb': 7877}
{'event': 'validation_start', 'epoch': 2}
{'event': 'validation_tgb_ranking_start', 'epoch': 2, 'max_edges': 128}
{'event': 'epoch_end', 'epoch': 2, 'early_stop_metric': 'val_tgb_mrr', 'val_score': 0.6814996053738402, 'val_auc': 0.946551513671875, 'val_ap': 0.8647746663910676, 'val_ndcg': 0.9711493877622587, 'val_tgb_mrr': 0.6814996053738402, 'val_tgb_hits@10': 0.734375, 'elapsed_sec': 740.2748568467796}
{'event': 'epoch_start', 'epoch': 3, 'epochs': 20, 'batches': 718, 'time_groups': 178}
{'event': 'train_time_group', 'epoch': 3, 'time_group': 1, 'time_groups': 178, 'batch': 0, 'batches': 718, 'time_value': 0.0, 'group_batches': 2, 'history_edges': 0, 'elapsed_sec': 0.2488155961036682, 'cuda_allocated_mb': 105, 'cuda_reserved_mb': 7970, 'cuda_max_allocated_mb': 7877}
{'event': 'train_progress', 'epoch': 3, 'batch': 1, 'batches': 718, 'time_group': 1, 'time_groups': 178, 'history_edges': 0, 'pos_edges': 512, 'neg_edges': 2048, 'loss_recent': 250.60879516601562, 'elapsed_sec': 1.107679519802332, 'avg_sec_per_batch': 1.107679519802332, 'cuda_allocated_mb': 158, 'cuda_reserved_mb': 7970, 'cuda_max_allocated_mb': 7877}
{'event': 'train_progress', 'epoch': 3, 'batch': 100, 'batches': 718, 'time_group': 69, 'time_groups': 178, 'history_edges': 33644, 'pos_edges': 86, 'neg_edges': 344, 'loss_recent': 42.84109910275787, 'elapsed_sec': 72.00943066552281, 'avg_sec_per_batch': 0.7200943066552281, 'cuda_allocated_mb': 157, 'cuda_reserved_mb': 7970, 'cuda_max_allocated_mb': 7877}
{'event': 'train_progress', 'epoch': 3, 'batch': 200, 'batches': 718, 'time_group': 106, 'time_groups': 178, 'history_edges': 74226, 'pos_edges': 106, 'neg_edges': 424, 'loss_recent': 57.519358087964356, 'elapsed_sec': 154.90559430792928, 'avg_sec_per_batch': 0.7745279715396464, 'cuda_allocated_mb': 207, 'cuda_reserved_mb': 7970, 'cuda_max_allocated_mb': 7877}
{'event': 'train_progress', 'epoch': 3, 'batch': 300, 'batches': 718, 'time_group': 128, 'time_groups': 178, 'history_edges': 120770, 'pos_edges': 512, 'neg_edges': 2048, 'loss_recent': 69.11966874241828, 'elapsed_sec': 243.84041491150856, 'avg_sec_per_batch': 0.8128013830383619, 'cuda_allocated_mb': 190, 'cuda_reserved_mb': 7970, 'cuda_max_allocated_mb': 7877}
{'event': 'train_progress', 'epoch': 3, 'batch': 400, 'batches': 718, 'time_group': 144, 'time_groups': 178, 'history_edges': 166402, 'pos_edges': 512, 'neg_edges': 2048, 'loss_recent': 74.32293934822083, 'elapsed_sec': 335.4424975588918, 'avg_sec_per_batch': 0.8386062438972295, 'cuda_allocated_mb': 236, 'cuda_reserved_mb': 7970, 'cuda_max_allocated_mb': 7877}
{'event': 'train_progress', 'epoch': 3, 'batch': 500, 'batches': 718, 'time_group': 158, 'time_groups': 178, 'history_edges': 213594, 'pos_edges': 512, 'neg_edges': 2048, 'loss_recent': 75.91502804756165, 'elapsed_sec': 430.3416610583663, 'avg_sec_per_batch': 0.8606833221167326, 'cuda_allocated_mb': 236, 'cuda_reserved_mb': 7970, 'cuda_max_allocated_mb': 7877}
{'event': 'train_progress', 'epoch': 3, 'batch': 600, 'batches': 718, 'time_group': 169, 'time_groups': 178, 'history_edges': 260784, 'pos_edges': 512, 'neg_edges': 2048, 'loss_recent': 80.4829683303833, 'elapsed_sec': 526.8192183338106, 'avg_sec_per_batch': 0.8780320305563509, 'cuda_allocated_mb': 238, 'cuda_reserved_mb': 7970, 'cuda_max_allocated_mb': 7877}
{'event': 'train_progress', 'epoch': 3, 'batch': 700, 'batches': 718, 'time_group': 177, 'time_groups': 178, 'history_edges': 308632, 'pos_edges': 512, 'neg_edges': 2048, 'loss_recent': 82.76702437400817, 'elapsed_sec': 627.9749296158552, 'avg_sec_per_batch': 0.8971070423083646, 'cuda_allocated_mb': 239, 'cuda_reserved_mb': 7970, 'cuda_max_allocated_mb': 7877}
{'event': 'train_time_group', 'epoch': 3, 'time_group': 178, 'time_groups': 178, 'batch': 703, 'batches': 718, 'time_value': 177.0, 'group_batches': 15, 'history_edges': 315692, 'elapsed_sec': 631.1587186083198, 'cuda_allocated_mb': 106, 'cuda_reserved_mb': 7970, 'cuda_max_allocated_mb': 7877}
{'event': 'train_progress', 'epoch': 3, 'batch': 718, 'batches': 718, 'time_group': 178, 'time_groups': 178, 'history_edges': 315692, 'pos_edges': 220, 'neg_edges': 880, 'loss_recent': 82.99204565048218, 'elapsed_sec': 645.9315426237881, 'avg_sec_per_batch': 0.8996261039328526, 'cuda_allocated_mb': 241, 'cuda_reserved_mb': 7970, 'cuda_max_allocated_mb': 7877}
{'event': 'validation_start', 'epoch': 3}
{'event': 'validation_tgb_ranking_start', 'epoch': 3, 'max_edges': 128}
{'event': 'epoch_end', 'epoch': 3, 'early_stop_metric': 'val_tgb_mrr', 'val_score': 0.6889634407444549, 'val_auc': 0.94796142578125, 'val_ap': 0.8672471587431478, 'val_ndcg': 0.971744698260901, 'val_tgb_mrr': 0.6889634407444549, 'val_tgb_hits@10': 0.7421875, 'elapsed_sec': 725.7099079936743}
{'event': 'epoch_start', 'epoch': 4, 'epochs': 20, 'batches': 718, 'time_groups': 178}
{'event': 'train_time_group', 'epoch': 4, 'time_group': 1, 'time_groups': 178, 'batch': 0, 'batches': 718, 'time_value': 0.0, 'group_batches': 2, 'history_edges': 0, 'elapsed_sec': 0.06181255355477333, 'cuda_allocated_mb': 105, 'cuda_reserved_mb': 7970, 'cuda_max_allocated_mb': 7877}
{'event': 'train_progress', 'epoch': 4, 'batch': 1, 'batches': 718, 'time_group': 1, 'time_groups': 178, 'history_edges': 0, 'pos_edges': 512, 'neg_edges': 2048, 'loss_recent': 306.9991760253906, 'elapsed_sec': 0.9297602325677872, 'avg_sec_per_batch': 0.9297602325677872, 'cuda_allocated_mb': 157, 'cuda_reserved_mb': 7970, 'cuda_max_allocated_mb': 7877}
{'event': 'train_progress', 'epoch': 4, 'batch': 100, 'batches': 718, 'time_group': 69, 'time_groups': 178, 'history_edges': 33644, 'pos_edges': 86, 'neg_edges': 344, 'loss_recent': 42.00169705577195, 'elapsed_sec': 72.69571210071445, 'avg_sec_per_batch': 0.7269571210071445, 'cuda_allocated_mb': 157, 'cuda_reserved_mb': 7970, 'cuda_max_allocated_mb': 7877}
{'event': 'train_progress', 'epoch': 4, 'batch': 200, 'batches': 718, 'time_group': 106, 'time_groups': 178, 'history_edges': 74226, 'pos_edges': 106, 'neg_edges': 424, 'loss_recent': 55.30105950672179, 'elapsed_sec': 155.87948886305094, 'avg_sec_per_batch': 0.7793974443152547, 'cuda_allocated_mb': 207, 'cuda_reserved_mb': 7970, 'cuda_max_allocated_mb': 7877}
{'event': 'train_progress', 'epoch': 4, 'batch': 300, 'batches': 718, 'time_group': 128, 'time_groups': 178, 'history_edges': 120770, 'pos_edges': 512, 'neg_edges': 2048, 'loss_recent': 66.99090509176254, 'elapsed_sec': 245.11545299366117, 'avg_sec_per_batch': 0.8170515099788705, 'cuda_allocated_mb': 189, 'cuda_reserved_mb': 7970, 'cuda_max_allocated_mb': 7877}
{'event': 'train_progress', 'epoch': 4, 'batch': 400, 'batches': 718, 'time_group': 144, 'time_groups': 178, 'history_edges': 166402, 'pos_edges': 512, 'neg_edges': 2048, 'loss_recent': 72.51986386299133, 'elapsed_sec': 336.53058460354805, 'avg_sec_per_batch': 0.8413264615088701, 'cuda_allocated_mb': 236, 'cuda_reserved_mb': 7970, 'cuda_max_allocated_mb': 7877}
{'event': 'train_progress', 'epoch': 4, 'batch': 500, 'batches': 718, 'time_group': 158, 'time_groups': 178, 'history_edges': 213594, 'pos_edges': 512, 'neg_edges': 2048, 'loss_recent': 73.6729679775238, 'elapsed_sec': 431.6004965119064, 'avg_sec_per_batch': 0.8632009930238128, 'cuda_allocated_mb': 236, 'cuda_reserved_mb': 7970, 'cuda_max_allocated_mb': 7877}
{'event': 'train_progress', 'epoch': 4, 'batch': 600, 'batches': 718, 'time_group': 169, 'time_groups': 178, 'history_edges': 260784, 'pos_edges': 512, 'neg_edges': 2048, 'loss_recent': 78.60933599472045, 'elapsed_sec': 528.5707721710205, 'avg_sec_per_batch': 0.8809512869517009, 'cuda_allocated_mb': 238, 'cuda_reserved_mb': 7970, 'cuda_max_allocated_mb': 7877}
{'event': 'train_progress', 'epoch': 4, 'batch': 700, 'batches': 718, 'time_group': 177, 'time_groups': 178, 'history_edges': 308632, 'pos_edges': 512, 'neg_edges': 2048, 'loss_recent': 81.13124553442002, 'elapsed_sec': 629.8019587881863, 'avg_sec_per_batch': 0.8997170839831233, 'cuda_allocated_mb': 239, 'cuda_reserved_mb': 7970, 'cuda_max_allocated_mb': 7877}
{'event': 'train_time_group', 'epoch': 4, 'time_group': 178, 'time_groups': 178, 'batch': 703, 'batches': 718, 'time_value': 177.0, 'group_batches': 15, 'history_edges': 315692, 'elapsed_sec': 632.8106066994369, 'cuda_allocated_mb': 106, 'cuda_reserved_mb': 7970, 'cuda_max_allocated_mb': 7877}
{'event': 'train_progress', 'epoch': 4, 'batch': 718, 'batches': 718, 'time_group': 178, 'time_groups': 178, 'history_edges': 315692, 'pos_edges': 220, 'neg_edges': 880, 'loss_recent': 81.33814365386962, 'elapsed_sec': 647.7761916406453, 'avg_sec_per_batch': 0.9021952529814001, 'cuda_allocated_mb': 241, 'cuda_reserved_mb': 7970, 'cuda_max_allocated_mb': 7877}
{'event': 'validation_start', 'epoch': 4}
{'event': 'validation_tgb_ranking_start', 'epoch': 4, 'max_edges': 128}
{'event': 'epoch_end', 'epoch': 4, 'early_stop_metric': 'val_tgb_mrr', 'val_score': 0.6947928899750542, 'val_auc': 0.9461181640624999, 'val_ap': 0.8623739246894849, 'val_ndcg': 0.9703429259028294, 'val_tgb_mrr': 0.6947928899750542, 'val_tgb_hits@10': 0.7421875, 'elapsed_sec': 727.6587809845805}
{'event': 'epoch_start', 'epoch': 5, 'epochs': 20, 'batches': 718, 'time_groups': 178}
{'event': 'train_time_group', 'epoch': 5, 'time_group': 1, 'time_groups': 178, 'batch': 0, 'batches': 718, 'time_value': 0.0, 'group_batches': 2, 'history_edges': 0, 'elapsed_sec': 0.06383849680423737, 'cuda_allocated_mb': 105, 'cuda_reserved_mb': 7970, 'cuda_max_allocated_mb': 7877}
{'event': 'train_progress', 'epoch': 5, 'batch': 1, 'batches': 718, 'time_group': 1, 'time_groups': 178, 'history_edges': 0, 'pos_edges': 512, 'neg_edges': 2048, 'loss_recent': 373.8990478515625, 'elapsed_sec': 0.9296300709247589, 'avg_sec_per_batch': 0.9296300709247589, 'cuda_allocated_mb': 157, 'cuda_reserved_mb': 7970, 'cuda_max_allocated_mb': 7877}
{'event': 'train_progress', 'epoch': 5, 'batch': 100, 'batches': 718, 'time_group': 69, 'time_groups': 178, 'history_edges': 33644, 'pos_edges': 86, 'neg_edges': 344, 'loss_recent': 42.34230164507404, 'elapsed_sec': 71.86443144083023, 'avg_sec_per_batch': 0.7186443144083023, 'cuda_allocated_mb': 157, 'cuda_reserved_mb': 7970, 'cuda_max_allocated_mb': 7877}
{'event': 'train_progress', 'epoch': 5, 'batch': 200, 'batches': 718, 'time_group': 106, 'time_groups': 178, 'history_edges': 74226, 'pos_edges': 106, 'neg_edges': 424, 'loss_recent': 54.283387256599966, 'elapsed_sec': 155.93514342978597, 'avg_sec_per_batch': 0.7796757171489298, 'cuda_allocated_mb': 209, 'cuda_reserved_mb': 7970, 'cuda_max_allocated_mb': 7877}
{'event': 'train_progress', 'epoch': 5, 'batch': 300, 'batches': 718, 'time_group': 128, 'time_groups': 178, 'history_edges': 120770, 'pos_edges': 512, 'neg_edges': 2048, 'loss_recent': 65.83017562359572, 'elapsed_sec': 245.33564480021596, 'avg_sec_per_batch': 0.8177854826673865, 'cuda_allocated_mb': 190, 'cuda_reserved_mb': 7970, 'cuda_max_allocated_mb': 7877}
{'event': 'train_progress', 'epoch': 5, 'batch': 400, 'batches': 718, 'time_group': 144, 'time_groups': 178, 'history_edges': 166402, 'pos_edges': 512, 'neg_edges': 2048, 'loss_recent': 71.48370639920235, 'elapsed_sec': 336.576688606292, 'avg_sec_per_batch': 0.84144172151573, 'cuda_allocated_mb': 236, 'cuda_reserved_mb': 7970, 'cuda_max_allocated_mb': 7877}
{'event': 'train_progress', 'epoch': 5, 'batch': 500, 'batches': 718, 'time_group': 158, 'time_groups': 178, 'history_edges': 213594, 'pos_edges': 512, 'neg_edges': 2048, 'loss_recent': 73.05463235855103, 'elapsed_sec': 431.54563207551837, 'avg_sec_per_batch': 0.8630912641510368, 'cuda_allocated_mb': 236, 'cuda_reserved_mb': 7970, 'cuda_max_allocated_mb': 7877}
{'event': 'train_progress', 'epoch': 5, 'batch': 600, 'batches': 718, 'time_group': 169, 'time_groups': 178, 'history_edges': 260784, 'pos_edges': 512, 'neg_edges': 2048, 'loss_recent': 77.75589407444001, 'elapsed_sec': 529.3277037255466, 'avg_sec_per_batch': 0.8822128395425777, 'cuda_allocated_mb': 237, 'cuda_reserved_mb': 7970, 'cuda_max_allocated_mb': 7877}
{'event': 'train_progress', 'epoch': 5, 'batch': 700, 'batches': 718, 'time_group': 177, 'time_groups': 178, 'history_edges': 308632, 'pos_edges': 512, 'neg_edges': 2048, 'loss_recent': 80.36446145057678, 'elapsed_sec': 629.9761512801051, 'avg_sec_per_batch': 0.8999659304001502, 'cuda_allocated_mb': 239, 'cuda_reserved_mb': 7970, 'cuda_max_allocated_mb': 7877}
{'event': 'train_time_group', 'epoch': 5, 'time_group': 178, 'time_groups': 178, 'batch': 703, 'batches': 718, 'time_value': 177.0, 'group_batches': 15, 'history_edges': 315692, 'elapsed_sec': 633.153092738241, 'cuda_allocated_mb': 106, 'cuda_reserved_mb': 7972, 'cuda_max_allocated_mb': 7877}
{'event': 'train_progress', 'epoch': 5, 'batch': 718, 'batches': 718, 'time_group': 178, 'time_groups': 178, 'history_edges': 315692, 'pos_edges': 220, 'neg_edges': 880, 'loss_recent': 80.61874303817748, 'elapsed_sec': 647.9505533836782, 'avg_sec_per_batch': 0.9024380966346494, 'cuda_allocated_mb': 241, 'cuda_reserved_mb': 7972, 'cuda_max_allocated_mb': 7877}
{'event': 'validation_start', 'epoch': 5}
{'event': 'validation_tgb_ranking_start', 'epoch': 5, 'max_edges': 128}
{'event': 'epoch_end', 'epoch': 5, 'early_stop_metric': 'val_tgb_mrr', 'val_score': 0.700336175603246, 'val_auc': 0.950726318359375, 'val_ap': 0.8667087121870404, 'val_ndcg': 0.971748347714472, 'val_tgb_mrr': 0.700336175603246, 'val_tgb_hits@10': 0.7421875, 'elapsed_sec': 728.5649360045791}
{'event': 'epoch_start', 'epoch': 6, 'epochs': 20, 'batches': 718, 'time_groups': 178}
{'event': 'train_time_group', 'epoch': 6, 'time_group': 1, 'time_groups': 178, 'batch': 0, 'batches': 718, 'time_value': 0.0, 'group_batches': 2, 'history_edges': 0, 'elapsed_sec': 0.08712408691644669, 'cuda_allocated_mb': 105, 'cuda_reserved_mb': 7972, 'cuda_max_allocated_mb': 7877}
{'event': 'train_progress', 'epoch': 6, 'batch': 1, 'batches': 718, 'time_group': 1, 'time_groups': 178, 'history_edges': 0, 'pos_edges': 512, 'neg_edges': 2048, 'loss_recent': 451.1530456542969, 'elapsed_sec': 0.9494131952524185, 'avg_sec_per_batch': 0.9494131952524185, 'cuda_allocated_mb': 157, 'cuda_reserved_mb': 7972, 'cuda_max_allocated_mb': 7877}
{'event': 'train_progress', 'epoch': 6, 'batch': 100, 'batches': 718, 'time_group': 69, 'time_groups': 178, 'history_edges': 33644, 'pos_edges': 86, 'neg_edges': 344, 'loss_recent': 43.272633577939125, 'elapsed_sec': 71.75675651431084, 'avg_sec_per_batch': 0.7175675651431084, 'cuda_allocated_mb': 156, 'cuda_reserved_mb': 7972, 'cuda_max_allocated_mb': 7877}
{'event': 'train_progress', 'epoch': 6, 'batch': 200, 'batches': 718, 'time_group': 106, 'time_groups': 178, 'history_edges': 74226, 'pos_edges': 106, 'neg_edges': 424, 'loss_recent': 53.43814843023196, 'elapsed_sec': 155.1839919872582, 'avg_sec_per_batch': 0.7759199599362909, 'cuda_allocated_mb': 208, 'cuda_reserved_mb': 7972, 'cuda_max_allocated_mb': 7877}
{'event': 'train_progress', 'epoch': 6, 'batch': 300, 'batches': 718, 'time_group': 128, 'time_groups': 178, 'history_edges': 120770, 'pos_edges': 512, 'neg_edges': 2048, 'loss_recent': 65.35822542846203, 'elapsed_sec': 244.2814701832831, 'avg_sec_per_batch': 0.8142715672776103, 'cuda_allocated_mb': 188, 'cuda_reserved_mb': 7972, 'cuda_max_allocated_mb': 7877}
{'event': 'train_progress', 'epoch': 6, 'batch': 400, 'batches': 718, 'time_group': 144, 'time_groups': 178, 'history_edges': 166402, 'pos_edges': 512, 'neg_edges': 2048, 'loss_recent': 70.78374014616013, 'elapsed_sec': 336.32561365142465, 'avg_sec_per_batch': 0.8408140341285616, 'cuda_allocated_mb': 236, 'cuda_reserved_mb': 7972, 'cuda_max_allocated_mb': 7877}
{'event': 'train_progress', 'epoch': 6, 'batch': 500, 'batches': 718, 'time_group': 158, 'time_groups': 178, 'history_edges': 213594, 'pos_edges': 512, 'neg_edges': 2048, 'loss_recent': 72.29415623664856, 'elapsed_sec': 430.29281821101904, 'avg_sec_per_batch': 0.8605856364220381, 'cuda_allocated_mb': 236, 'cuda_reserved_mb': 7972, 'cuda_max_allocated_mb': 7877}
{'event': 'train_progress', 'epoch': 6, 'batch': 600, 'batches': 718, 'time_group': 169, 'time_groups': 178, 'history_edges': 260784, 'pos_edges': 512, 'neg_edges': 2048, 'loss_recent': 77.12864815711976, 'elapsed_sec': 527.7878500632942, 'avg_sec_per_batch': 0.8796464167721569, 'cuda_allocated_mb': 238, 'cuda_reserved_mb': 7972, 'cuda_max_allocated_mb': 7877}
{'event': 'train_progress', 'epoch': 6, 'batch': 700, 'batches': 718, 'time_group': 177, 'time_groups': 178, 'history_edges': 308632, 'pos_edges': 512, 'neg_edges': 2048, 'loss_recent': 79.81683845758438, 'elapsed_sec': 627.4290909916162, 'avg_sec_per_batch': 0.8963272728451661, 'cuda_allocated_mb': 240, 'cuda_reserved_mb': 7972, 'cuda_max_allocated_mb': 7877}
{'event': 'train_time_group', 'epoch': 6, 'time_group': 178, 'time_groups': 178, 'batch': 703, 'batches': 718, 'time_value': 177.0, 'group_batches': 15, 'history_edges': 315692, 'elapsed_sec': 630.5952233336866, 'cuda_allocated_mb': 106, 'cuda_reserved_mb': 7972, 'cuda_max_allocated_mb': 7877}
{'event': 'train_progress', 'epoch': 6, 'batch': 718, 'batches': 718, 'time_group': 178, 'time_groups': 178, 'history_edges': 315692, 'pos_edges': 220, 'neg_edges': 880, 'loss_recent': 80.09072910308838, 'elapsed_sec': 645.3779157176614, 'avg_sec_per_batch': 0.8988550358184699, 'cuda_allocated_mb': 241, 'cuda_reserved_mb': 7972, 'cuda_max_allocated_mb': 7877}
{'event': 'validation_start', 'epoch': 6}
{'event': 'validation_tgb_ranking_start', 'epoch': 6, 'max_edges': 128}
{'event': 'epoch_end', 'epoch': 6, 'early_stop_metric': 'val_tgb_mrr', 'val_score': 0.7002292748466827, 'val_auc': 0.9491760253906251, 'val_ap': 0.8617831722154728, 'val_ndcg': 0.9707128936905915, 'val_tgb_mrr': 0.7002292748466827, 'val_tgb_hits@10': 0.7421875, 'elapsed_sec': 724.9397294558585}
{'event': 'epoch_start', 'epoch': 7, 'epochs': 20, 'batches': 718, 'time_groups': 178}
{'event': 'train_time_group', 'epoch': 7, 'time_group': 1, 'time_groups': 178, 'batch': 0, 'batches': 718, 'time_value': 0.0, 'group_batches': 2, 'history_edges': 0, 'elapsed_sec': 0.06163642928004265, 'cuda_allocated_mb': 105, 'cuda_reserved_mb': 7972, 'cuda_max_allocated_mb': 7877}
{'event': 'train_progress', 'epoch': 7, 'batch': 1, 'batches': 718, 'time_group': 1, 'time_groups': 178, 'history_edges': 0, 'pos_edges': 512, 'neg_edges': 2048, 'loss_recent': 538.3999633789062, 'elapsed_sec': 1.0950837545096874, 'avg_sec_per_batch': 1.0950837545096874, 'cuda_allocated_mb': 158, 'cuda_reserved_mb': 7972, 'cuda_max_allocated_mb': 7877}
{'event': 'train_progress', 'epoch': 7, 'batch': 100, 'batches': 718, 'time_group': 69, 'time_groups': 178, 'history_edges': 33644, 'pos_edges': 86, 'neg_edges': 344, 'loss_recent': 44.27273169387132, 'elapsed_sec': 71.3598041459918, 'avg_sec_per_batch': 0.713598041459918, 'cuda_allocated_mb': 157, 'cuda_reserved_mb': 7972, 'cuda_max_allocated_mb': 7877}
{'event': 'train_progress', 'epoch': 7, 'batch': 200, 'batches': 718, 'time_group': 106, 'time_groups': 178, 'history_edges': 74226, 'pos_edges': 106, 'neg_edges': 424, 'loss_recent': 52.92862706542015, 'elapsed_sec': 155.41959208622575, 'avg_sec_per_batch': 0.7770979604311288, 'cuda_allocated_mb': 208, 'cuda_reserved_mb': 7972, 'cuda_max_allocated_mb': 7877}
{'event': 'train_progress', 'epoch': 7, 'batch': 300, 'batches': 718, 'time_group': 128, 'time_groups': 178, 'history_edges': 120770, 'pos_edges': 512, 'neg_edges': 2048, 'loss_recent': 64.74719877570868, 'elapsed_sec': 243.8736087307334, 'avg_sec_per_batch': 0.8129120291024446, 'cuda_allocated_mb': 190, 'cuda_reserved_mb': 7972, 'cuda_max_allocated_mb': 7877}
{'event': 'train_progress', 'epoch': 7, 'batch': 400, 'batches': 718, 'time_group': 144, 'time_groups': 178, 'history_edges': 166402, 'pos_edges': 512, 'neg_edges': 2048, 'loss_recent': 70.18905816316605, 'elapsed_sec': 336.0928337983787, 'avg_sec_per_batch': 0.8402320844959468, 'cuda_allocated_mb': 236, 'cuda_reserved_mb': 7972, 'cuda_max_allocated_mb': 7877}
{'event': 'train_progress', 'epoch': 7, 'batch': 500, 'batches': 718, 'time_group': 158, 'time_groups': 178, 'history_edges': 213594, 'pos_edges': 512, 'neg_edges': 2048, 'loss_recent': 71.93175211906433, 'elapsed_sec': 430.06220023334026, 'avg_sec_per_batch': 0.8601244004666805, 'cuda_allocated_mb': 236, 'cuda_reserved_mb': 7972, 'cuda_max_allocated_mb': 7877}
{'event': 'train_progress', 'epoch': 7, 'batch': 600, 'batches': 718, 'time_group': 169, 'time_groups': 178, 'history_edges': 260784, 'pos_edges': 512, 'neg_edges': 2048, 'loss_recent': 76.59737123012543, 'elapsed_sec': 528.1440950334072, 'avg_sec_per_batch': 0.880240158389012, 'cuda_allocated_mb': 238, 'cuda_reserved_mb': 7972, 'cuda_max_allocated_mb': 7877}
{'event': 'train_progress', 'epoch': 7, 'batch': 700, 'batches': 718, 'time_group': 177, 'time_groups': 178, 'history_edges': 308632, 'pos_edges': 512, 'neg_edges': 2048, 'loss_recent': 79.46638967514038, 'elapsed_sec': 628.3519464433193, 'avg_sec_per_batch': 0.8976456377761705, 'cuda_allocated_mb': 239, 'cuda_reserved_mb': 7972, 'cuda_max_allocated_mb': 7877}
{'event': 'train_time_group', 'epoch': 7, 'time_group': 178, 'time_groups': 178, 'batch': 703, 'batches': 718, 'time_value': 177.0, 'group_batches': 15, 'history_edges': 315692, 'elapsed_sec': 631.5261940173805, 'cuda_allocated_mb': 106, 'cuda_reserved_mb': 7972, 'cuda_max_allocated_mb': 7877}
{'event': 'train_progress', 'epoch': 7, 'batch': 718, 'batches': 718, 'time_group': 178, 'time_groups': 178, 'history_edges': 315692, 'pos_edges': 220, 'neg_edges': 880, 'loss_recent': 79.7655567741394, 'elapsed_sec': 646.4967191517353, 'avg_sec_per_batch': 0.9004132578714976, 'cuda_allocated_mb': 241, 'cuda_reserved_mb': 7972, 'cuda_max_allocated_mb': 7877}
{'event': 'validation_start', 'epoch': 7}
{'event': 'validation_tgb_ranking_start', 'epoch': 7, 'max_edges': 128}
{'event': 'epoch_end', 'epoch': 7, 'early_stop_metric': 'val_tgb_mrr', 'val_score': 0.6996078326193875, 'val_auc': 0.9524841308593751, 'val_ap': 0.8703055338457336, 'val_ndcg': 0.9728121090748616, 'val_tgb_mrr': 0.6996078326193875, 'val_tgb_hits@10': 0.7421875, 'elapsed_sec': 726.489405862987}
{'event': 'epoch_start', 'epoch': 8, 'epochs': 20, 'batches': 718, 'time_groups': 178}
{'event': 'train_time_group', 'epoch': 8, 'time_group': 1, 'time_groups': 178, 'batch': 0, 'batches': 718, 'time_value': 0.0, 'group_batches': 2, 'history_edges': 0, 'elapsed_sec': 0.0613631010055542, 'cuda_allocated_mb': 105, 'cuda_reserved_mb': 7972, 'cuda_max_allocated_mb': 7877}
{'event': 'train_progress', 'epoch': 8, 'batch': 1, 'batches': 718, 'time_group': 1, 'time_groups': 178, 'history_edges': 0, 'pos_edges': 512, 'neg_edges': 2048, 'loss_recent': 630.2410888671875, 'elapsed_sec': 0.9358211681246758, 'avg_sec_per_batch': 0.9358211681246758, 'cuda_allocated_mb': 155, 'cuda_reserved_mb': 7972, 'cuda_max_allocated_mb': 7877}
{'event': 'train_progress', 'epoch': 8, 'batch': 100, 'batches': 718, 'time_group': 69, 'time_groups': 178, 'history_edges': 33644, 'pos_edges': 86, 'neg_edges': 344, 'loss_recent': 46.0634734640643, 'elapsed_sec': 70.56474195793271, 'avg_sec_per_batch': 0.7056474195793271, 'cuda_allocated_mb': 156, 'cuda_reserved_mb': 7972, 'cuda_max_allocated_mb': 7877}
{'event': 'train_progress', 'epoch': 8, 'batch': 200, 'batches': 718, 'time_group': 106, 'time_groups': 178, 'history_edges': 74226, 'pos_edges': 106, 'neg_edges': 424, 'loss_recent': 52.73903534634039, 'elapsed_sec': 154.05967198684812, 'avg_sec_per_batch': 0.7702983599342406, 'cuda_allocated_mb': 208, 'cuda_reserved_mb': 7972, 'cuda_max_allocated_mb': 7877}
{'event': 'train_progress', 'epoch': 8, 'batch': 300, 'batches': 718, 'time_group': 128, 'time_groups': 178, 'history_edges': 120770, 'pos_edges': 512, 'neg_edges': 2048, 'loss_recent': 64.41759575158358, 'elapsed_sec': 242.03985603898764, 'avg_sec_per_batch': 0.8067995201299588, 'cuda_allocated_mb': 188, 'cuda_reserved_mb': 7972, 'cuda_max_allocated_mb': 7877}
{'event': 'train_progress', 'epoch': 8, 'batch': 400, 'batches': 718, 'time_group': 144, 'time_groups': 178, 'history_edges': 166402, 'pos_edges': 512, 'neg_edges': 2048, 'loss_recent': 70.13865137338638, 'elapsed_sec': 334.31535167247057, 'avg_sec_per_batch': 0.8357883791811764, 'cuda_allocated_mb': 236, 'cuda_reserved_mb': 7972, 'cuda_max_allocated_mb': 7877}
{'event': 'train_progress', 'epoch': 8, 'batch': 500, 'batches': 718, 'time_group': 158, 'time_groups': 178, 'history_edges': 213594, 'pos_edges': 512, 'neg_edges': 2048, 'loss_recent': 71.4947734451294, 'elapsed_sec': 427.76999693363905, 'avg_sec_per_batch': 0.8555399938672781, 'cuda_allocated_mb': 236, 'cuda_reserved_mb': 7972, 'cuda_max_allocated_mb': 7877}
{'event': 'train_progress', 'epoch': 8, 'batch': 600, 'batches': 718, 'time_group': 169, 'time_groups': 178, 'history_edges': 260784, 'pos_edges': 512, 'neg_edges': 2048, 'loss_recent': 76.51137099266052, 'elapsed_sec': 527.3348495960236, 'avg_sec_per_batch': 0.8788914159933726, 'cuda_allocated_mb': 238, 'cuda_reserved_mb': 7972, 'cuda_max_allocated_mb': 7877}
{'event': 'train_progress', 'epoch': 8, 'batch': 700, 'batches': 718, 'time_group': 177, 'time_groups': 178, 'history_edges': 308632, 'pos_edges': 512, 'neg_edges': 2048, 'loss_recent': 79.30596744298936, 'elapsed_sec': 627.2162096686661, 'avg_sec_per_batch': 0.896023156669523, 'cuda_allocated_mb': 239, 'cuda_reserved_mb': 7972, 'cuda_max_allocated_mb': 7877}
{'event': 'train_time_group', 'epoch': 8, 'time_group': 178, 'time_groups': 178, 'batch': 703, 'batches': 718, 'time_value': 177.0, 'group_batches': 15, 'history_edges': 315692, 'elapsed_sec': 630.2574822716415, 'cuda_allocated_mb': 106, 'cuda_reserved_mb': 7972, 'cuda_max_allocated_mb': 7877}
{'event': 'train_progress', 'epoch': 8, 'batch': 718, 'batches': 718, 'time_group': 178, 'time_groups': 178, 'history_edges': 315692, 'pos_edges': 220, 'neg_edges': 880, 'loss_recent': 79.63115991592407, 'elapsed_sec': 645.5491071157157, 'avg_sec_per_batch': 0.8990934639494649, 'cuda_allocated_mb': 241, 'cuda_reserved_mb': 7972, 'cuda_max_allocated_mb': 7877}
{'event': 'validation_start', 'epoch': 8}
{'event': 'validation_tgb_ranking_start', 'epoch': 8, 'max_edges': 128}
{'event': 'epoch_end', 'epoch': 8, 'early_stop_metric': 'val_tgb_mrr', 'val_score': 0.6947347416955731, 'val_auc': 0.9498779296875001, 'val_ap': 0.8655344838935799, 'val_ndcg': 0.9715473666354197, 'val_tgb_mrr': 0.6947347416955731, 'val_tgb_hits@10': 0.7421875, 'elapsed_sec': 724.1761071830988}
{'event': 'epoch_start', 'epoch': 9, 'epochs': 20, 'batches': 718, 'time_groups': 178}
{'event': 'train_time_group', 'epoch': 9, 'time_group': 1, 'time_groups': 178, 'batch': 0, 'batches': 718, 'time_value': 0.0, 'group_batches': 2, 'history_edges': 0, 'elapsed_sec': 0.060166098177433014, 'cuda_allocated_mb': 105, 'cuda_reserved_mb': 7972, 'cuda_max_allocated_mb': 7877}
{'event': 'train_progress', 'epoch': 9, 'batch': 1, 'batches': 718, 'time_group': 1, 'time_groups': 178, 'history_edges': 0, 'pos_edges': 512, 'neg_edges': 2048, 'loss_recent': 731.423095703125, 'elapsed_sec': 0.9106733053922653, 'avg_sec_per_batch': 0.9106733053922653, 'cuda_allocated_mb': 158, 'cuda_reserved_mb': 7972, 'cuda_max_allocated_mb': 7877}
{'event': 'train_progress', 'epoch': 9, 'batch': 100, 'batches': 718, 'time_group': 69, 'time_groups': 178, 'history_edges': 33644, 'pos_edges': 86, 'neg_edges': 344, 'loss_recent': 47.66323573550209, 'elapsed_sec': 70.66151486709714, 'avg_sec_per_batch': 0.7066151486709714, 'cuda_allocated_mb': 157, 'cuda_reserved_mb': 7972, 'cuda_max_allocated_mb': 7877}
{'event': 'train_progress', 'epoch': 9, 'batch': 200, 'batches': 718, 'time_group': 106, 'time_groups': 178, 'history_edges': 74226, 'pos_edges': 106, 'neg_edges': 424, 'loss_recent': 52.61054820924997, 'elapsed_sec': 155.1472461000085, 'avg_sec_per_batch': 0.7757362305000425, 'cuda_allocated_mb': 208, 'cuda_reserved_mb': 7972, 'cuda_max_allocated_mb': 7877}
{'event': 'train_progress', 'epoch': 9, 'batch': 300, 'batches': 718, 'time_group': 128, 'time_groups': 178, 'history_edges': 120770, 'pos_edges': 512, 'neg_edges': 2048, 'loss_recent': 64.43416524410247, 'elapsed_sec': 243.20832949504256, 'avg_sec_per_batch': 0.8106944316501419, 'cuda_allocated_mb': 191, 'cuda_reserved_mb': 7972, 'cuda_max_allocated_mb': 7877}
{'event': 'train_progress', 'epoch': 9, 'batch': 400, 'batches': 718, 'time_group': 144, 'time_groups': 178, 'history_edges': 166402, 'pos_edges': 512, 'neg_edges': 2048, 'loss_recent': 69.86906558871269, 'elapsed_sec': 335.7720007561147, 'avg_sec_per_batch': 0.8394300018902868, 'cuda_allocated_mb': 236, 'cuda_reserved_mb': 7972, 'cuda_max_allocated_mb': 7877}
{'event': 'train_progress', 'epoch': 9, 'batch': 500, 'batches': 718, 'time_group': 158, 'time_groups': 178, 'history_edges': 213594, 'pos_edges': 512, 'neg_edges': 2048, 'loss_recent': 71.29979840278625, 'elapsed_sec': 429.42429453507066, 'avg_sec_per_batch': 0.8588485890701413, 'cuda_allocated_mb': 236, 'cuda_reserved_mb': 7972, 'cuda_max_allocated_mb': 7877}
{'event': 'train_progress', 'epoch': 9, 'batch': 600, 'batches': 718, 'time_group': 169, 'time_groups': 178, 'history_edges': 260784, 'pos_edges': 512, 'neg_edges': 2048, 'loss_recent': 76.34765288352966, 'elapsed_sec': 527.0745891034603, 'avg_sec_per_batch': 0.8784576485057672, 'cuda_allocated_mb': 238, 'cuda_reserved_mb': 7972, 'cuda_max_allocated_mb': 7877}
{'event': 'train_progress', 'epoch': 9, 'batch': 700, 'batches': 718, 'time_group': 177, 'time_groups': 178, 'history_edges': 308632, 'pos_edges': 512, 'neg_edges': 2048, 'loss_recent': 79.19026660680771, 'elapsed_sec': 627.6970445401967, 'avg_sec_per_batch': 0.8967100636288524, 'cuda_allocated_mb': 239, 'cuda_reserved_mb': 7972, 'cuda_max_allocated_mb': 7877}
{'event': 'train_time_group', 'epoch': 9, 'time_group': 178, 'time_groups': 178, 'batch': 703, 'batches': 718, 'time_value': 177.0, 'group_batches': 15, 'history_edges': 315692, 'elapsed_sec': 630.693219255656, 'cuda_allocated_mb': 106, 'cuda_reserved_mb': 7972, 'cuda_max_allocated_mb': 7877}
{'event': 'train_progress', 'epoch': 9, 'batch': 718, 'batches': 718, 'time_group': 178, 'time_groups': 178, 'history_edges': 315692, 'pos_edges': 220, 'neg_edges': 880, 'loss_recent': 79.53436866760254, 'elapsed_sec': 645.844154600054, 'avg_sec_per_batch': 0.89950439359339, 'cuda_allocated_mb': 241, 'cuda_reserved_mb': 7972, 'cuda_max_allocated_mb': 7877}
{'event': 'validation_start', 'epoch': 9}
{'event': 'validation_tgb_ranking_start', 'epoch': 9, 'max_edges': 128}
{'event': 'epoch_end', 'epoch': 9, 'early_stop_metric': 'val_tgb_mrr', 'val_score': 0.7058833791498421, 'val_auc': 0.9584106445312501, 'val_ap': 0.8788048005743768, 'val_ndcg': 0.9751300565503185, 'val_tgb_mrr': 0.7058833791498421, 'val_tgb_hits@10': 0.7421875, 'elapsed_sec': 725.2001432403922}
{'event': 'epoch_start', 'epoch': 10, 'epochs': 20, 'batches': 718, 'time_groups': 178}
{'event': 'train_time_group', 'epoch': 10, 'time_group': 1, 'time_groups': 178, 'batch': 0, 'batches': 718, 'time_value': 0.0, 'group_batches': 2, 'history_edges': 0, 'elapsed_sec': 0.0609607920050621, 'cuda_allocated_mb': 105, 'cuda_reserved_mb': 7972, 'cuda_max_allocated_mb': 7877}
{'event': 'train_progress', 'epoch': 10, 'batch': 1, 'batches': 718, 'time_group': 1, 'time_groups': 178, 'history_edges': 0, 'pos_edges': 512, 'neg_edges': 2048, 'loss_recent': 844.7642822265625, 'elapsed_sec': 0.921132568269968, 'avg_sec_per_batch': 0.921132568269968, 'cuda_allocated_mb': 157, 'cuda_reserved_mb': 7972, 'cuda_max_allocated_mb': 7877}
{'event': 'train_progress', 'epoch': 10, 'batch': 100, 'batches': 718, 'time_group': 69, 'time_groups': 178, 'history_edges': 33644, 'pos_edges': 86, 'neg_edges': 344, 'loss_recent': 49.49501316405833, 'elapsed_sec': 71.02564238756895, 'avg_sec_per_batch': 0.7102564238756895, 'cuda_allocated_mb': 156, 'cuda_reserved_mb': 7972, 'cuda_max_allocated_mb': 7877}
{'event': 'train_progress', 'epoch': 10, 'batch': 200, 'batches': 718, 'time_group': 106, 'time_groups': 178, 'history_edges': 74226, 'pos_edges': 106, 'neg_edges': 424, 'loss_recent': 52.41920098150149, 'elapsed_sec': 154.4750159420073, 'avg_sec_per_batch': 0.7723750797100365, 'cuda_allocated_mb': 207, 'cuda_reserved_mb': 7972, 'cuda_max_allocated_mb': 7877}
{'event': 'train_progress', 'epoch': 10, 'batch': 300, 'batches': 718, 'time_group': 128, 'time_groups': 178, 'history_edges': 120770, 'pos_edges': 512, 'neg_edges': 2048, 'loss_recent': 64.14389104604722, 'elapsed_sec': 245.7161589488387, 'avg_sec_per_batch': 0.8190538631627957, 'cuda_allocated_mb': 190, 'cuda_reserved_mb': 7972, 'cuda_max_allocated_mb': 7877}
{'event': 'train_progress', 'epoch': 10, 'batch': 400, 'batches': 718, 'time_group': 144, 'time_groups': 178, 'history_edges': 166402, 'pos_edges': 512, 'neg_edges': 2048, 'loss_recent': 69.66932893395423, 'elapsed_sec': 341.9796068780124, 'avg_sec_per_batch': 0.854949017195031, 'cuda_allocated_mb': 236, 'cuda_reserved_mb': 7972, 'cuda_max_allocated_mb': 7877}
{'event': 'train_progress', 'epoch': 10, 'batch': 500, 'batches': 718, 'time_group': 158, 'time_groups': 178, 'history_edges': 213594, 'pos_edges': 512, 'neg_edges': 2048, 'loss_recent': 71.20326731204986, 'elapsed_sec': 438.17230750620365, 'avg_sec_per_batch': 0.8763446150124073, 'cuda_allocated_mb': 236, 'cuda_reserved_mb': 7972, 'cuda_max_allocated_mb': 7877}
{'event': 'train_progress', 'epoch': 10, 'batch': 600, 'batches': 718, 'time_group': 169, 'time_groups': 178, 'history_edges': 260784, 'pos_edges': 512, 'neg_edges': 2048, 'loss_recent': 76.28710728168488, 'elapsed_sec': 537.5202763341367, 'avg_sec_per_batch': 0.8958671272235612, 'cuda_allocated_mb': 238, 'cuda_reserved_mb': 7972, 'cuda_max_allocated_mb': 7877}
{'event': 'train_progress', 'epoch': 10, 'batch': 700, 'batches': 718, 'time_group': 177, 'time_groups': 178, 'history_edges': 308632, 'pos_edges': 512, 'neg_edges': 2048, 'loss_recent': 79.12319184064864, 'elapsed_sec': 639.875524289906, 'avg_sec_per_batch': 0.9141078918427229, 'cuda_allocated_mb': 239, 'cuda_reserved_mb': 7972, 'cuda_max_allocated_mb': 7877}
{'event': 'train_time_group', 'epoch': 10, 'time_group': 178, 'time_groups': 178, 'batch': 703, 'batches': 718, 'time_value': 177.0, 'group_batches': 15, 'history_edges': 315692, 'elapsed_sec': 643.2006793096662, 'cuda_allocated_mb': 106, 'cuda_reserved_mb': 7972, 'cuda_max_allocated_mb': 7877}
{'event': 'train_progress', 'epoch': 10, 'batch': 718, 'batches': 718, 'time_group': 178, 'time_groups': 178, 'history_edges': 315692, 'pos_edges': 220, 'neg_edges': 880, 'loss_recent': 79.48427167892456, 'elapsed_sec': 658.5132123678923, 'avg_sec_per_batch': 0.9171493208466466, 'cuda_allocated_mb': 241, 'cuda_reserved_mb': 7972, 'cuda_max_allocated_mb': 7877}
{'event': 'validation_start', 'epoch': 10}
{'event': 'validation_tgb_ranking_start', 'epoch': 10, 'max_edges': 128}
{'event': 'epoch_end', 'epoch': 10, 'early_stop_metric': 'val_tgb_mrr', 'val_score': 0.705234330083157, 'val_auc': 0.953662109375, 'val_ap': 0.8691875849964964, 'val_ndcg': 0.9726864855453901, 'val_tgb_mrr': 0.705234330083157, 'val_tgb_hits@10': 0.7421875, 'elapsed_sec': 739.5955925174057}
{'event': 'epoch_start', 'epoch': 11, 'epochs': 20, 'batches': 718, 'time_groups': 178}
{'event': 'train_time_group', 'epoch': 11, 'time_group': 1, 'time_groups': 178, 'batch': 0, 'batches': 718, 'time_value': 0.0, 'group_batches': 2, 'history_edges': 0, 'elapsed_sec': 0.0621194988489151, 'cuda_allocated_mb': 105, 'cuda_reserved_mb': 7972, 'cuda_max_allocated_mb': 7877}
{'event': 'train_progress', 'epoch': 11, 'batch': 1, 'batches': 718, 'time_group': 1, 'time_groups': 178, 'history_edges': 0, 'pos_edges': 512, 'neg_edges': 2048, 'loss_recent': 947.2767333984375, 'elapsed_sec': 0.9441596791148186, 'avg_sec_per_batch': 0.9441596791148186, 'cuda_allocated_mb': 156, 'cuda_reserved_mb': 7972, 'cuda_max_allocated_mb': 7877}
{'event': 'train_progress', 'epoch': 11, 'batch': 100, 'batches': 718, 'time_group': 69, 'time_groups': 178, 'history_edges': 33644, 'pos_edges': 86, 'neg_edges': 344, 'loss_recent': 51.45913108471781, 'elapsed_sec': 74.15624048188329, 'avg_sec_per_batch': 0.7415624048188328, 'cuda_allocated_mb': 158, 'cuda_reserved_mb': 7972, 'cuda_max_allocated_mb': 7877}
{'event': 'train_progress', 'epoch': 11, 'batch': 200, 'batches': 718, 'time_group': 106, 'time_groups': 178, 'history_edges': 74226, 'pos_edges': 106, 'neg_edges': 424, 'loss_recent': 52.39801766484976, 'elapsed_sec': 159.13291554898024, 'avg_sec_per_batch': 0.7956645777449012, 'cuda_allocated_mb': 207, 'cuda_reserved_mb': 7972, 'cuda_max_allocated_mb': 7877}
{'event': 'train_progress', 'epoch': 11, 'batch': 300, 'batches': 718, 'time_group': 128, 'time_groups': 178, 'history_edges': 120770, 'pos_edges': 512, 'neg_edges': 2048, 'loss_recent': 64.06759930640459, 'elapsed_sec': 249.28720180690289, 'avg_sec_per_batch': 0.830957339356343, 'cuda_allocated_mb': 187, 'cuda_reserved_mb': 7972, 'cuda_max_allocated_mb': 7877}
{'event': 'train_progress', 'epoch': 11, 'batch': 400, 'batches': 718, 'time_group': 144, 'time_groups': 178, 'history_edges': 166402, 'pos_edges': 512, 'neg_edges': 2048, 'loss_recent': 69.7853404712677, 'elapsed_sec': 341.9072123244405, 'avg_sec_per_batch': 0.8547680308111012, 'cuda_allocated_mb': 236, 'cuda_reserved_mb': 7972, 'cuda_max_allocated_mb': 7877}
{'event': 'train_progress', 'epoch': 11, 'batch': 500, 'batches': 718, 'time_group': 158, 'time_groups': 178, 'history_edges': 213594, 'pos_edges': 512, 'neg_edges': 2048, 'loss_recent': 71.04162634849548, 'elapsed_sec': 438.1773446686566, 'avg_sec_per_batch': 0.8763546893373132, 'cuda_allocated_mb': 236, 'cuda_reserved_mb': 7972, 'cuda_max_allocated_mb': 7877}
{'event': 'train_progress', 'epoch': 11, 'batch': 600, 'batches': 718, 'time_group': 169, 'time_groups': 178, 'history_edges': 260784, 'pos_edges': 512, 'neg_edges': 2048, 'loss_recent': 76.11658732414246, 'elapsed_sec': 537.4902271069586, 'avg_sec_per_batch': 0.8958170451782643, 'cuda_allocated_mb': 238, 'cuda_reserved_mb': 7972, 'cuda_max_allocated_mb': 7877}
{'event': 'train_progress', 'epoch': 11, 'batch': 700, 'batches': 718, 'time_group': 177, 'time_groups': 178, 'history_edges': 308632, 'pos_edges': 512, 'neg_edges': 2048, 'loss_recent': 78.7238775753975, 'elapsed_sec': 641.0763963907957, 'avg_sec_per_batch': 0.9158234234154224, 'cuda_allocated_mb': 239, 'cuda_reserved_mb': 7972, 'cuda_max_allocated_mb': 7877}
{'event': 'train_time_group', 'epoch': 11, 'time_group': 178, 'time_groups': 178, 'batch': 703, 'batches': 718, 'time_value': 177.0, 'group_batches': 15, 'history_edges': 315692, 'elapsed_sec': 644.4854919798672, 'cuda_allocated_mb': 106, 'cuda_reserved_mb': 7972, 'cuda_max_allocated_mb': 7877}
{'event': 'train_progress', 'epoch': 11, 'batch': 718, 'batches': 718, 'time_group': 178, 'time_groups': 178, 'history_edges': 315692, 'pos_edges': 220, 'neg_edges': 880, 'loss_recent': 79.0678897857666, 'elapsed_sec': 660.0739763975143, 'avg_sec_per_batch': 0.9193230869046161, 'cuda_allocated_mb': 241, 'cuda_reserved_mb': 7972, 'cuda_max_allocated_mb': 7877}
{'event': 'validation_start', 'epoch': 11}
{'event': 'validation_tgb_ranking_start', 'epoch': 11, 'max_edges': 128}
{'event': 'epoch_end', 'epoch': 11, 'early_stop_metric': 'val_tgb_mrr', 'val_score': 0.7009690337030466, 'val_auc': 0.9521484375, 'val_ap': 0.8689776207272872, 'val_ndcg': 0.9724979210737547, 'val_tgb_mrr': 0.7009690337030466, 'val_tgb_hits@10': 0.7421875, 'elapsed_sec': 741.8547441922128}
{'event': 'epoch_start', 'epoch': 12, 'epochs': 20, 'batches': 718, 'time_groups': 178}
{'event': 'train_time_group', 'epoch': 12, 'time_group': 1, 'time_groups': 178, 'batch': 0, 'batches': 718, 'time_value': 0.0, 'group_batches': 2, 'history_edges': 0, 'elapsed_sec': 0.06377869844436646, 'cuda_allocated_mb': 105, 'cuda_reserved_mb': 7972, 'cuda_max_allocated_mb': 7877}
{'event': 'train_progress', 'epoch': 12, 'batch': 1, 'batches': 718, 'time_group': 1, 'time_groups': 178, 'history_edges': 0, 'pos_edges': 512, 'neg_edges': 2048, 'loss_recent': 1061.7955322265625, 'elapsed_sec': 1.1282691583037376, 'avg_sec_per_batch': 1.1282691583037376, 'cuda_allocated_mb': 158, 'cuda_reserved_mb': 7972, 'cuda_max_allocated_mb': 7877}
{'event': 'train_progress', 'epoch': 12, 'batch': 100, 'batches': 718, 'time_group': 69, 'time_groups': 178, 'history_edges': 33644, 'pos_edges': 86, 'neg_edges': 344, 'loss_recent': 53.49224732968956, 'elapsed_sec': 75.2066548243165, 'avg_sec_per_batch': 0.752066548243165, 'cuda_allocated_mb': 157, 'cuda_reserved_mb': 7972, 'cuda_max_allocated_mb': 7877}
{'event': 'train_progress', 'epoch': 12, 'batch': 200, 'batches': 718, 'time_group': 106, 'time_groups': 178, 'history_edges': 74226, 'pos_edges': 106, 'neg_edges': 424, 'loss_recent': 52.311775272395465, 'elapsed_sec': 160.1985834725201, 'avg_sec_per_batch': 0.8009929173626006, 'cuda_allocated_mb': 205, 'cuda_reserved_mb': 7972, 'cuda_max_allocated_mb': 7877}
{'event': 'train_progress', 'epoch': 12, 'batch': 300, 'batches': 718, 'time_group': 128, 'time_groups': 178, 'history_edges': 120770, 'pos_edges': 512, 'neg_edges': 2048, 'loss_recent': 63.89296410292387, 'elapsed_sec': 251.43011750280857, 'avg_sec_per_batch': 0.8381003916760286, 'cuda_allocated_mb': 190, 'cuda_reserved_mb': 7972, 'cuda_max_allocated_mb': 7877}
{'event': 'train_progress', 'epoch': 12, 'batch': 400, 'batches': 718, 'time_group': 144, 'time_groups': 178, 'history_edges': 166402, 'pos_edges': 512, 'neg_edges': 2048, 'loss_recent': 69.63315823197365, 'elapsed_sec': 347.7533483952284, 'avg_sec_per_batch': 0.869383370988071, 'cuda_allocated_mb': 236, 'cuda_reserved_mb': 7972, 'cuda_max_allocated_mb': 7877}
{'event': 'train_progress', 'epoch': 12, 'batch': 500, 'batches': 718, 'time_group': 158, 'time_groups': 178, 'history_edges': 213594, 'pos_edges': 512, 'neg_edges': 2048, 'loss_recent': 71.05300249099732, 'elapsed_sec': 446.2081949263811, 'avg_sec_per_batch': 0.8924163898527622, 'cuda_allocated_mb': 236, 'cuda_reserved_mb': 7972, 'cuda_max_allocated_mb': 7877}
{'event': 'train_progress', 'epoch': 12, 'batch': 600, 'batches': 718, 'time_group': 169, 'time_groups': 178, 'history_edges': 260784, 'pos_edges': 512, 'neg_edges': 2048, 'loss_recent': 76.06531556606292, 'elapsed_sec': 545.334873303771, 'avg_sec_per_batch': 0.908891455506285, 'cuda_allocated_mb': 238, 'cuda_reserved_mb': 7972, 'cuda_max_allocated_mb': 7877}
{'event': 'train_progress', 'epoch': 12, 'batch': 700, 'batches': 718, 'time_group': 177, 'time_groups': 178, 'history_edges': 308632, 'pos_edges': 512, 'neg_edges': 2048, 'loss_recent': 78.82472121715546, 'elapsed_sec': 645.7369132898748, 'avg_sec_per_batch': 0.9224813046998211, 'cuda_allocated_mb': 239, 'cuda_reserved_mb': 7972, 'cuda_max_allocated_mb': 7877}
{'event': 'train_time_group', 'epoch': 12, 'time_group': 178, 'time_groups': 178, 'batch': 703, 'batches': 718, 'time_value': 177.0, 'group_batches': 15, 'history_edges': 315692, 'elapsed_sec': 648.7015135474503, 'cuda_allocated_mb': 106, 'cuda_reserved_mb': 7972, 'cuda_max_allocated_mb': 7877}
{'event': 'train_progress', 'epoch': 12, 'batch': 718, 'batches': 718, 'time_group': 178, 'time_groups': 178, 'history_edges': 315692, 'pos_edges': 220, 'neg_edges': 880, 'loss_recent': 79.21968967437743, 'elapsed_sec': 664.0712533220649, 'avg_sec_per_batch': 0.9248903249610931, 'cuda_allocated_mb': 241, 'cuda_reserved_mb': 7972, 'cuda_max_allocated_mb': 7877}
{'event': 'validation_start', 'epoch': 12}
{'event': 'validation_tgb_ranking_start', 'epoch': 12, 'max_edges': 128}
{'event': 'epoch_end', 'epoch': 12, 'early_stop_metric': 'val_tgb_mrr', 'val_score': 0.7060120904983397, 'val_auc': 0.9525573730468749, 'val_ap': 0.8705431944695686, 'val_ndcg': 0.9728391377920698, 'val_tgb_mrr': 0.7060120904983397, 'val_tgb_hits@10': 0.7421875, 'elapsed_sec': 743.1257564723492}
{'event': 'epoch_start', 'epoch': 13, 'epochs': 20, 'batches': 718, 'time_groups': 178}
{'event': 'train_time_group', 'epoch': 13, 'time_group': 1, 'time_groups': 178, 'batch': 0, 'batches': 718, 'time_value': 0.0, 'group_batches': 2, 'history_edges': 0, 'elapsed_sec': 0.061195746064186096, 'cuda_allocated_mb': 105, 'cuda_reserved_mb': 7972, 'cuda_max_allocated_mb': 7877}
{'event': 'train_progress', 'epoch': 13, 'batch': 1, 'batches': 718, 'time_group': 1, 'time_groups': 178, 'history_edges': 0, 'pos_edges': 512, 'neg_edges': 2048, 'loss_recent': 1102.0931396484375, 'elapsed_sec': 0.9271843135356903, 'avg_sec_per_batch': 0.9271843135356903, 'cuda_allocated_mb': 157, 'cuda_reserved_mb': 7972, 'cuda_max_allocated_mb': 7877}
{'event': 'train_progress', 'epoch': 13, 'batch': 100, 'batches': 718, 'time_group': 69, 'time_groups': 178, 'history_edges': 33644, 'pos_edges': 86, 'neg_edges': 344, 'loss_recent': 54.0640121976845, 'elapsed_sec': 70.93003650009632, 'avg_sec_per_batch': 0.7093003650009632, 'cuda_allocated_mb': 156, 'cuda_reserved_mb': 7972, 'cuda_max_allocated_mb': 7877}
{'event': 'train_progress', 'epoch': 13, 'batch': 200, 'batches': 718, 'time_group': 106, 'time_groups': 178, 'history_edges': 74226, 'pos_edges': 106, 'neg_edges': 424, 'loss_recent': 52.20846066057682, 'elapsed_sec': 154.44584976881742, 'avg_sec_per_batch': 0.7722292488440872, 'cuda_allocated_mb': 206, 'cuda_reserved_mb': 7972, 'cuda_max_allocated_mb': 7877}
{'event': 'train_progress', 'epoch': 13, 'batch': 300, 'batches': 718, 'time_group': 128, 'time_groups': 178, 'history_edges': 120770, 'pos_edges': 512, 'neg_edges': 2048, 'loss_recent': 63.84221060693264, 'elapsed_sec': 243.53879581019282, 'avg_sec_per_batch': 0.8117959860339761, 'cuda_allocated_mb': 189, 'cuda_reserved_mb': 7972, 'cuda_max_allocated_mb': 7877}
{'event': 'train_progress', 'epoch': 13, 'batch': 400, 'batches': 718, 'time_group': 144, 'time_groups': 178, 'history_edges': 166402, 'pos_edges': 512, 'neg_edges': 2048, 'loss_recent': 69.3562041079998, 'elapsed_sec': 335.19018717482686, 'avg_sec_per_batch': 0.8379754679370671, 'cuda_allocated_mb': 236, 'cuda_reserved_mb': 7972, 'cuda_max_allocated_mb': 7877}
{'event': 'train_progress', 'epoch': 13, 'batch': 500, 'batches': 718, 'time_group': 158, 'time_groups': 178, 'history_edges': 213594, 'pos_edges': 512, 'neg_edges': 2048, 'loss_recent': 71.1241465330124, 'elapsed_sec': 429.55375933647156, 'avg_sec_per_batch': 0.8591075186729431, 'cuda_allocated_mb': 236, 'cuda_reserved_mb': 7972, 'cuda_max_allocated_mb': 7877}
{'event': 'train_progress', 'epoch': 13, 'batch': 600, 'batches': 718, 'time_group': 169, 'time_groups': 178, 'history_edges': 260784, 'pos_edges': 512, 'neg_edges': 2048, 'loss_recent': 76.15358988285065, 'elapsed_sec': 527.049878321588, 'avg_sec_per_batch': 0.8784164638693134, 'cuda_allocated_mb': 238, 'cuda_reserved_mb': 7972, 'cuda_max_allocated_mb': 7877}
{'event': 'train_progress', 'epoch': 13, 'batch': 700, 'batches': 718, 'time_group': 177, 'time_groups': 178, 'history_edges': 308632, 'pos_edges': 512, 'neg_edges': 2048, 'loss_recent': 78.72496129989624, 'elapsed_sec': 627.0056136846542, 'avg_sec_per_batch': 0.8957223052637918, 'cuda_allocated_mb': 239, 'cuda_reserved_mb': 7972, 'cuda_max_allocated_mb': 7877}
{'event': 'train_time_group', 'epoch': 13, 'time_group': 178, 'time_groups': 178, 'batch': 703, 'batches': 718, 'time_value': 177.0, 'group_batches': 15, 'history_edges': 315692, 'elapsed_sec': 629.9400502517819, 'cuda_allocated_mb': 106, 'cuda_reserved_mb': 7972, 'cuda_max_allocated_mb': 7877}
{'event': 'train_progress', 'epoch': 13, 'batch': 718, 'batches': 718, 'time_group': 178, 'time_groups': 178, 'history_edges': 315692, 'pos_edges': 220, 'neg_edges': 880, 'loss_recent': 78.98675605773926, 'elapsed_sec': 644.7380384653807, 'avg_sec_per_batch': 0.8979638418737892, 'cuda_allocated_mb': 241, 'cuda_reserved_mb': 7972, 'cuda_max_allocated_mb': 7877}
{'event': 'validation_start', 'epoch': 13}
{'event': 'validation_tgb_ranking_start', 'epoch': 13, 'max_edges': 128}
{'event': 'epoch_end', 'epoch': 13, 'early_stop_metric': 'val_tgb_mrr', 'val_score': 0.70217643311081, 'val_auc': 0.9524047851562499, 'val_ap': 0.8708854958813754, 'val_ndcg': 0.9729052716890304, 'val_tgb_mrr': 0.70217643311081, 'val_tgb_hits@10': 0.7421875, 'elapsed_sec': 724.1202949695289}
{'event': 'epoch_start', 'epoch': 14, 'epochs': 20, 'batches': 718, 'time_groups': 178}
{'event': 'train_time_group', 'epoch': 14, 'time_group': 1, 'time_groups': 178, 'batch': 0, 'batches': 718, 'time_value': 0.0, 'group_batches': 2, 'history_edges': 0, 'elapsed_sec': 0.24894557893276215, 'cuda_allocated_mb': 105, 'cuda_reserved_mb': 7972, 'cuda_max_allocated_mb': 7877}
{'event': 'train_progress', 'epoch': 14, 'batch': 1, 'batches': 718, 'time_group': 1, 'time_groups': 178, 'history_edges': 0, 'pos_edges': 512, 'neg_edges': 2048, 'loss_recent': 1178.159912109375, 'elapsed_sec': 1.156169030815363, 'avg_sec_per_batch': 1.156169030815363, 'cuda_allocated_mb': 158, 'cuda_reserved_mb': 7972, 'cuda_max_allocated_mb': 7877}
{'event': 'train_progress', 'epoch': 14, 'batch': 100, 'batches': 718, 'time_group': 69, 'time_groups': 178, 'history_edges': 33644, 'pos_edges': 86, 'neg_edges': 344, 'loss_recent': 55.52634553870186, 'elapsed_sec': 71.1406063362956, 'avg_sec_per_batch': 0.7114060633629561, 'cuda_allocated_mb': 157, 'cuda_reserved_mb': 7972, 'cuda_max_allocated_mb': 7877}
{'event': 'train_progress', 'epoch': 14, 'batch': 200, 'batches': 718, 'time_group': 106, 'time_groups': 178, 'history_edges': 74226, 'pos_edges': 106, 'neg_edges': 424, 'loss_recent': 52.27157611072064, 'elapsed_sec': 155.42364448308945, 'avg_sec_per_batch': 0.7771182224154473, 'cuda_allocated_mb': 208, 'cuda_reserved_mb': 7972, 'cuda_max_allocated_mb': 7877}
{'event': 'train_progress', 'epoch': 14, 'batch': 300, 'batches': 718, 'time_group': 128, 'time_groups': 178, 'history_edges': 120770, 'pos_edges': 512, 'neg_edges': 2048, 'loss_recent': 64.17665411710739, 'elapsed_sec': 243.75521133467555, 'avg_sec_per_batch': 0.8125173711155852, 'cuda_allocated_mb': 187, 'cuda_reserved_mb': 7972, 'cuda_max_allocated_mb': 7877}
{'event': 'train_progress', 'epoch': 14, 'batch': 400, 'batches': 718, 'time_group': 144, 'time_groups': 178, 'history_edges': 166402, 'pos_edges': 512, 'neg_edges': 2048, 'loss_recent': 69.36211701393127, 'elapsed_sec': 336.5039419643581, 'avg_sec_per_batch': 0.8412598549108953, 'cuda_allocated_mb': 236, 'cuda_reserved_mb': 7972, 'cuda_max_allocated_mb': 7877}
{'event': 'train_progress', 'epoch': 14, 'batch': 500, 'batches': 718, 'time_group': 158, 'time_groups': 178, 'history_edges': 213594, 'pos_edges': 512, 'neg_edges': 2048, 'loss_recent': 71.06208441257476, 'elapsed_sec': 429.95512801781297, 'avg_sec_per_batch': 0.859910256035626, 'cuda_allocated_mb': 236, 'cuda_reserved_mb': 7972, 'cuda_max_allocated_mb': 7877}
{'event': 'train_progress', 'epoch': 14, 'batch': 600, 'batches': 718, 'time_group': 169, 'time_groups': 178, 'history_edges': 260784, 'pos_edges': 512, 'neg_edges': 2048, 'loss_recent': 75.94647155284882, 'elapsed_sec': 527.9758386202157, 'avg_sec_per_batch': 0.8799597310336927, 'cuda_allocated_mb': 238, 'cuda_reserved_mb': 7972, 'cuda_max_allocated_mb': 7877}
{'event': 'train_progress', 'epoch': 14, 'batch': 700, 'batches': 718, 'time_group': 177, 'time_groups': 178, 'history_edges': 308632, 'pos_edges': 512, 'neg_edges': 2048, 'loss_recent': 78.99844162464142, 'elapsed_sec': 628.4439737275243, 'avg_sec_per_batch': 0.8977771053250347, 'cuda_allocated_mb': 239, 'cuda_reserved_mb': 7972, 'cuda_max_allocated_mb': 7877}
{'event': 'train_time_group', 'epoch': 14, 'time_group': 178, 'time_groups': 178, 'batch': 703, 'batches': 718, 'time_value': 177.0, 'group_batches': 15, 'history_edges': 315692, 'elapsed_sec': 631.4326468408108, 'cuda_allocated_mb': 106, 'cuda_reserved_mb': 7972, 'cuda_max_allocated_mb': 7877}
{'event': 'train_progress', 'epoch': 14, 'batch': 718, 'batches': 718, 'time_group': 178, 'time_groups': 178, 'history_edges': 315692, 'pos_edges': 220, 'neg_edges': 880, 'loss_recent': 79.18199510574341, 'elapsed_sec': 646.6020360812545, 'avg_sec_per_batch': 0.9005599388318307, 'cuda_allocated_mb': 241, 'cuda_reserved_mb': 7972, 'cuda_max_allocated_mb': 7877}
{'event': 'validation_start', 'epoch': 14}
{'event': 'validation_tgb_ranking_start', 'epoch': 14, 'max_edges': 128}
{'event': 'epoch_end', 'epoch': 14, 'early_stop_metric': 'val_tgb_mrr', 'val_score': 0.7099021005664585, 'val_auc': 0.9545227050781251, 'val_ap': 0.8714692488477215, 'val_ndcg': 0.973109696963318, 'val_tgb_mrr': 0.7099021005664585, 'val_tgb_hits@10': 0.7421875, 'elapsed_sec': 726.0410986728966}
{'event': 'epoch_start', 'epoch': 15, 'epochs': 20, 'batches': 718, 'time_groups': 178}
{'event': 'train_time_group', 'epoch': 15, 'time_group': 1, 'time_groups': 178, 'batch': 0, 'batches': 718, 'time_value': 0.0, 'group_batches': 2, 'history_edges': 0, 'elapsed_sec': 0.2483774796128273, 'cuda_allocated_mb': 105, 'cuda_reserved_mb': 7972, 'cuda_max_allocated_mb': 7877}
{'event': 'train_progress', 'epoch': 15, 'batch': 1, 'batches': 718, 'time_group': 1, 'time_groups': 178, 'history_edges': 0, 'pos_edges': 512, 'neg_edges': 2048, 'loss_recent': 1202.9732666015625, 'elapsed_sec': 1.1275083012878895, 'avg_sec_per_batch': 1.1275083012878895, 'cuda_allocated_mb': 159, 'cuda_reserved_mb': 7972, 'cuda_max_allocated_mb': 7877}
{'event': 'train_progress', 'epoch': 15, 'batch': 100, 'batches': 718, 'time_group': 69, 'time_groups': 178, 'history_edges': 33644, 'pos_edges': 86, 'neg_edges': 344, 'loss_recent': 56.16440313482657, 'elapsed_sec': 72.26634838059545, 'avg_sec_per_batch': 0.7226634838059545, 'cuda_allocated_mb': 156, 'cuda_reserved_mb': 7972, 'cuda_max_allocated_mb': 7877}
{'event': 'train_progress', 'epoch': 15, 'batch': 200, 'batches': 718, 'time_group': 106, 'time_groups': 178, 'history_edges': 74226, 'pos_edges': 106, 'neg_edges': 424, 'loss_recent': 52.17924161875621, 'elapsed_sec': 156.06296481192112, 'avg_sec_per_batch': 0.7803148240596056, 'cuda_allocated_mb': 208, 'cuda_reserved_mb': 7972, 'cuda_max_allocated_mb': 7877}
{'event': 'train_progress', 'epoch': 15, 'batch': 300, 'batches': 718, 'time_group': 128, 'time_groups': 178, 'history_edges': 120770, 'pos_edges': 512, 'neg_edges': 2048, 'loss_recent': 63.85547149091959, 'elapsed_sec': 244.7676321156323, 'avg_sec_per_batch': 0.8158921070521077, 'cuda_allocated_mb': 189, 'cuda_reserved_mb': 7972, 'cuda_max_allocated_mb': 7877}
{'event': 'train_progress', 'epoch': 15, 'batch': 400, 'batches': 718, 'time_group': 144, 'time_groups': 178, 'history_edges': 166402, 'pos_edges': 512, 'neg_edges': 2048, 'loss_recent': 69.37118004083634, 'elapsed_sec': 336.4829211458564, 'avg_sec_per_batch': 0.841207302864641, 'cuda_allocated_mb': 236, 'cuda_reserved_mb': 7972, 'cuda_max_allocated_mb': 7877}
{'event': 'train_progress', 'epoch': 15, 'batch': 500, 'batches': 718, 'time_group': 158, 'time_groups': 178, 'history_edges': 213594, 'pos_edges': 512, 'neg_edges': 2048, 'loss_recent': 71.04355173110962, 'elapsed_sec': 431.0741480961442, 'avg_sec_per_batch': 0.8621482961922884, 'cuda_allocated_mb': 236, 'cuda_reserved_mb': 7972, 'cuda_max_allocated_mb': 7877}
{'event': 'train_progress', 'epoch': 15, 'batch': 600, 'batches': 718, 'time_group': 169, 'time_groups': 178, 'history_edges': 260784, 'pos_edges': 512, 'neg_edges': 2048, 'loss_recent': 76.06733969688416, 'elapsed_sec': 527.9710088968277, 'avg_sec_per_batch': 0.8799516814947128, 'cuda_allocated_mb': 238, 'cuda_reserved_mb': 7972, 'cuda_max_allocated_mb': 7877}
{'event': 'train_progress', 'epoch': 15, 'batch': 700, 'batches': 718, 'time_group': 177, 'time_groups': 178, 'history_edges': 308632, 'pos_edges': 512, 'neg_edges': 2048, 'loss_recent': 78.8039366388321, 'elapsed_sec': 629.07819955796, 'avg_sec_per_batch': 0.8986831422256571, 'cuda_allocated_mb': 239, 'cuda_reserved_mb': 7972, 'cuda_max_allocated_mb': 7877}
{'event': 'train_time_group', 'epoch': 15, 'time_group': 178, 'time_groups': 178, 'batch': 703, 'batches': 718, 'time_value': 177.0, 'group_batches': 15, 'history_edges': 315692, 'elapsed_sec': 632.229033395648, 'cuda_allocated_mb': 106, 'cuda_reserved_mb': 7972, 'cuda_max_allocated_mb': 7877}
{'event': 'train_progress', 'epoch': 15, 'batch': 718, 'batches': 718, 'time_group': 178, 'time_groups': 178, 'history_edges': 315692, 'pos_edges': 220, 'neg_edges': 880, 'loss_recent': 79.02347200393677, 'elapsed_sec': 646.9726030118763, 'avg_sec_per_batch': 0.901076048763059, 'cuda_allocated_mb': 241, 'cuda_reserved_mb': 7972, 'cuda_max_allocated_mb': 7877}
{'event': 'validation_start', 'epoch': 15}
{'event': 'validation_tgb_ranking_start', 'epoch': 15, 'max_edges': 128}
{'event': 'epoch_end', 'epoch': 15, 'early_stop_metric': 'val_tgb_mrr', 'val_score': 0.7083586637178669, 'val_auc': 0.95306396484375, 'val_ap': 0.8726761681722972, 'val_ndcg': 0.9733409911768242, 'val_tgb_mrr': 0.7083586637178669, 'val_tgb_hits@10': 0.7421875, 'elapsed_sec': 725.5720369517803}
{'event': 'epoch_start', 'epoch': 16, 'epochs': 20, 'batches': 718, 'time_groups': 178}
{'event': 'train_time_group', 'epoch': 16, 'time_group': 1, 'time_groups': 178, 'batch': 0, 'batches': 718, 'time_value': 0.0, 'group_batches': 2, 'history_edges': 0, 'elapsed_sec': 0.06157279014587402, 'cuda_allocated_mb': 105, 'cuda_reserved_mb': 7972, 'cuda_max_allocated_mb': 7877}
{'event': 'train_progress', 'epoch': 16, 'batch': 1, 'batches': 718, 'time_group': 1, 'time_groups': 178, 'history_edges': 0, 'pos_edges': 512, 'neg_edges': 2048, 'loss_recent': 1271.09375, 'elapsed_sec': 0.9446339122951031, 'avg_sec_per_batch': 0.9446339122951031, 'cuda_allocated_mb': 158, 'cuda_reserved_mb': 7972, 'cuda_max_allocated_mb': 7877}
{'event': 'train_progress', 'epoch': 16, 'batch': 100, 'batches': 718, 'time_group': 69, 'time_groups': 178, 'history_edges': 33644, 'pos_edges': 86, 'neg_edges': 344, 'loss_recent': 57.33439729742706, 'elapsed_sec': 72.2555441595614, 'avg_sec_per_batch': 0.7225554415956139, 'cuda_allocated_mb': 157, 'cuda_reserved_mb': 7972, 'cuda_max_allocated_mb': 7877}
{'event': 'train_progress', 'epoch': 16, 'batch': 200, 'batches': 718, 'time_group': 106, 'time_groups': 178, 'history_edges': 74226, 'pos_edges': 106, 'neg_edges': 424, 'loss_recent': 52.115026045814155, 'elapsed_sec': 155.40006756782532, 'avg_sec_per_batch': 0.7770003378391266, 'cuda_allocated_mb': 207, 'cuda_reserved_mb': 7972, 'cuda_max_allocated_mb': 7877}
{'event': 'train_progress', 'epoch': 16, 'batch': 300, 'batches': 718, 'time_group': 128, 'time_groups': 178, 'history_edges': 120770, 'pos_edges': 512, 'neg_edges': 2048, 'loss_recent': 63.84280403584242, 'elapsed_sec': 244.79933221265674, 'avg_sec_per_batch': 0.8159977740421891, 'cuda_allocated_mb': 188, 'cuda_reserved_mb': 7972, 'cuda_max_allocated_mb': 7877}
{'event': 'train_progress', 'epoch': 16, 'batch': 400, 'batches': 718, 'time_group': 144, 'time_groups': 178, 'history_edges': 166402, 'pos_edges': 512, 'neg_edges': 2048, 'loss_recent': 69.47693994998932, 'elapsed_sec': 336.42086447030306, 'avg_sec_per_batch': 0.8410521611757577, 'cuda_allocated_mb': 236, 'cuda_reserved_mb': 7972, 'cuda_max_allocated_mb': 7877}
{'event': 'train_progress', 'epoch': 16, 'batch': 500, 'batches': 718, 'time_group': 158, 'time_groups': 178, 'history_edges': 213594, 'pos_edges': 512, 'neg_edges': 2048, 'loss_recent': 70.80479772090912, 'elapsed_sec': 430.50721861049533, 'avg_sec_per_batch': 0.8610144372209907, 'cuda_allocated_mb': 236, 'cuda_reserved_mb': 7972, 'cuda_max_allocated_mb': 7877}
{'event': 'train_progress', 'epoch': 16, 'batch': 600, 'batches': 718, 'time_group': 169, 'time_groups': 178, 'history_edges': 260784, 'pos_edges': 512, 'neg_edges': 2048, 'loss_recent': 75.95282104969024, 'elapsed_sec': 527.5467908084393, 'avg_sec_per_batch': 0.8792446513473987, 'cuda_allocated_mb': 238, 'cuda_reserved_mb': 7972, 'cuda_max_allocated_mb': 7877}
{'event': 'train_progress', 'epoch': 16, 'batch': 700, 'batches': 718, 'time_group': 177, 'time_groups': 178, 'history_edges': 308632, 'pos_edges': 512, 'neg_edges': 2048, 'loss_recent': 78.84284118890763, 'elapsed_sec': 627.4693130031228, 'avg_sec_per_batch': 0.896384732861604, 'cuda_allocated_mb': 239, 'cuda_reserved_mb': 7972, 'cuda_max_allocated_mb': 7877}
{'event': 'train_time_group', 'epoch': 16, 'time_group': 178, 'time_groups': 178, 'batch': 703, 'batches': 718, 'time_value': 177.0, 'group_batches': 15, 'history_edges': 315692, 'elapsed_sec': 630.6837147288024, 'cuda_allocated_mb': 106, 'cuda_reserved_mb': 7972, 'cuda_max_allocated_mb': 7877}
{'event': 'train_progress', 'epoch': 16, 'batch': 718, 'batches': 718, 'time_group': 178, 'time_groups': 178, 'history_edges': 315692, 'pos_edges': 220, 'neg_edges': 880, 'loss_recent': 79.14465881347657, 'elapsed_sec': 645.3277058117092, 'avg_sec_per_batch': 0.8987851055873387, 'cuda_allocated_mb': 241, 'cuda_reserved_mb': 7972, 'cuda_max_allocated_mb': 7877}
{'event': 'validation_start', 'epoch': 16}
{'event': 'validation_tgb_ranking_start', 'epoch': 16, 'max_edges': 128}
{'event': 'epoch_end', 'epoch': 16, 'early_stop_metric': 'val_tgb_mrr', 'val_score': 0.7104013567150779, 'val_auc': 0.9558715820312498, 'val_ap': 0.8781428532551718, 'val_ndcg': 0.9747335063203666, 'val_tgb_mrr': 0.7104013567150779, 'val_tgb_hits@10': 0.7421875, 'elapsed_sec': 724.8050958700478}
{'event': 'epoch_start', 'epoch': 17, 'epochs': 20, 'batches': 718, 'time_groups': 178}
{'event': 'train_time_group', 'epoch': 17, 'time_group': 1, 'time_groups': 178, 'batch': 0, 'batches': 718, 'time_value': 0.0, 'group_batches': 2, 'history_edges': 0, 'elapsed_sec': 0.06197352707386017, 'cuda_allocated_mb': 105, 'cuda_reserved_mb': 7972, 'cuda_max_allocated_mb': 7877}
{'event': 'train_progress', 'epoch': 17, 'batch': 1, 'batches': 718, 'time_group': 1, 'time_groups': 178, 'history_edges': 0, 'pos_edges': 512, 'neg_edges': 2048, 'loss_recent': 1309.1214599609375, 'elapsed_sec': 0.9304992407560349, 'avg_sec_per_batch': 0.9304992407560349, 'cuda_allocated_mb': 158, 'cuda_reserved_mb': 7972, 'cuda_max_allocated_mb': 7877}
{'event': 'train_progress', 'epoch': 17, 'batch': 100, 'batches': 718, 'time_group': 69, 'time_groups': 178, 'history_edges': 33644, 'pos_edges': 86, 'neg_edges': 344, 'loss_recent': 57.90810670807958, 'elapsed_sec': 71.17067975923419, 'avg_sec_per_batch': 0.7117067975923419, 'cuda_allocated_mb': 158, 'cuda_reserved_mb': 7972, 'cuda_max_allocated_mb': 7877}
{'event': 'train_progress', 'epoch': 17, 'batch': 200, 'batches': 718, 'time_group': 106, 'time_groups': 178, 'history_edges': 74226, 'pos_edges': 106, 'neg_edges': 424, 'loss_recent': 52.06868335898966, 'elapsed_sec': 155.4322864972055, 'avg_sec_per_batch': 0.7771614324860274, 'cuda_allocated_mb': 207, 'cuda_reserved_mb': 7972, 'cuda_max_allocated_mb': 7877}
{'event': 'train_progress', 'epoch': 17, 'batch': 300, 'batches': 718, 'time_group': 128, 'time_groups': 178, 'history_edges': 120770, 'pos_edges': 512, 'neg_edges': 2048, 'loss_recent': 63.8812881565094, 'elapsed_sec': 243.6339405477047, 'avg_sec_per_batch': 0.8121131351590156, 'cuda_allocated_mb': 191, 'cuda_reserved_mb': 7972, 'cuda_max_allocated_mb': 7877}
{'event': 'train_progress', 'epoch': 17, 'batch': 400, 'batches': 718, 'time_group': 144, 'time_groups': 178, 'history_edges': 166402, 'pos_edges': 512, 'neg_edges': 2048, 'loss_recent': 69.49236695408821, 'elapsed_sec': 335.8643471710384, 'avg_sec_per_batch': 0.839660867927596, 'cuda_allocated_mb': 236, 'cuda_reserved_mb': 7972, 'cuda_max_allocated_mb': 7877}
{'event': 'train_progress', 'epoch': 17, 'batch': 500, 'batches': 718, 'time_group': 158, 'time_groups': 178, 'history_edges': 213594, 'pos_edges': 512, 'neg_edges': 2048, 'loss_recent': 70.93337215900421, 'elapsed_sec': 429.407202411443, 'avg_sec_per_batch': 0.858814404822886, 'cuda_allocated_mb': 236, 'cuda_reserved_mb': 7972, 'cuda_max_allocated_mb': 7877}
{'event': 'train_progress', 'epoch': 17, 'batch': 600, 'batches': 718, 'time_group': 169, 'time_groups': 178, 'history_edges': 260784, 'pos_edges': 512, 'neg_edges': 2048, 'loss_recent': 75.89526073455811, 'elapsed_sec': 526.8696999773383, 'avg_sec_per_batch': 0.8781161666288972, 'cuda_allocated_mb': 238, 'cuda_reserved_mb': 7972, 'cuda_max_allocated_mb': 7877}
{'event': 'train_progress', 'epoch': 17, 'batch': 700, 'batches': 718, 'time_group': 177, 'time_groups': 178, 'history_edges': 308632, 'pos_edges': 512, 'neg_edges': 2048, 'loss_recent': 78.82048020362853, 'elapsed_sec': 626.5896430313587, 'avg_sec_per_batch': 0.8951280614733697, 'cuda_allocated_mb': 239, 'cuda_reserved_mb': 7972, 'cuda_max_allocated_mb': 7877}
{'event': 'train_time_group', 'epoch': 17, 'time_group': 178, 'time_groups': 178, 'batch': 703, 'batches': 718, 'time_value': 177.0, 'group_batches': 15, 'history_edges': 315692, 'elapsed_sec': 629.8061585538089, 'cuda_allocated_mb': 106, 'cuda_reserved_mb': 7972, 'cuda_max_allocated_mb': 7877}
{'event': 'train_progress', 'epoch': 17, 'batch': 718, 'batches': 718, 'time_group': 178, 'time_groups': 178, 'history_edges': 315692, 'pos_edges': 220, 'neg_edges': 880, 'loss_recent': 79.07927730560303, 'elapsed_sec': 644.7477398253977, 'avg_sec_per_batch': 0.897977353517267, 'cuda_allocated_mb': 241, 'cuda_reserved_mb': 7972, 'cuda_max_allocated_mb': 7877}
{'event': 'validation_start', 'epoch': 17}
{'event': 'validation_tgb_ranking_start', 'epoch': 17, 'max_edges': 128}
{'event': 'epoch_end', 'epoch': 17, 'early_stop_metric': 'val_tgb_mrr', 'val_score': 0.7084824755236421, 'val_auc': 0.9532653808593751, 'val_ap': 0.8729094329007562, 'val_ndcg': 0.973394484224004, 'val_tgb_mrr': 0.7084824755236421, 'val_tgb_hits@10': 0.7421875, 'elapsed_sec': 723.410143289715}
{'event': 'epoch_start', 'epoch': 18, 'epochs': 20, 'batches': 718, 'time_groups': 178}
{'event': 'train_time_group', 'epoch': 18, 'time_group': 1, 'time_groups': 178, 'batch': 0, 'batches': 718, 'time_value': 0.0, 'group_batches': 2, 'history_edges': 0, 'elapsed_sec': 0.061806708574295044, 'cuda_allocated_mb': 105, 'cuda_reserved_mb': 7972, 'cuda_max_allocated_mb': 7877}
{'event': 'train_progress', 'epoch': 18, 'batch': 1, 'batches': 718, 'time_group': 1, 'time_groups': 178, 'history_edges': 0, 'pos_edges': 512, 'neg_edges': 2048, 'loss_recent': 1357.427978515625, 'elapsed_sec': 0.9021215923130512, 'avg_sec_per_batch': 0.9021215923130512, 'cuda_allocated_mb': 156, 'cuda_reserved_mb': 7972, 'cuda_max_allocated_mb': 7877}
{'event': 'train_progress', 'epoch': 18, 'batch': 100, 'batches': 718, 'time_group': 69, 'time_groups': 178, 'history_edges': 33644, 'pos_edges': 86, 'neg_edges': 344, 'loss_recent': 58.88035657217726, 'elapsed_sec': 71.63130275905132, 'avg_sec_per_batch': 0.7163130275905132, 'cuda_allocated_mb': 156, 'cuda_reserved_mb': 7972, 'cuda_max_allocated_mb': 7877}
{'event': 'train_progress', 'epoch': 18, 'batch': 200, 'batches': 718, 'time_group': 106, 'time_groups': 178, 'history_edges': 74226, 'pos_edges': 106, 'neg_edges': 424, 'loss_recent': 52.107902176901696, 'elapsed_sec': 154.97200647741556, 'avg_sec_per_batch': 0.7748600323870778, 'cuda_allocated_mb': 210, 'cuda_reserved_mb': 7972, 'cuda_max_allocated_mb': 7877}
{'event': 'train_progress', 'epoch': 18, 'batch': 300, 'batches': 718, 'time_group': 128, 'time_groups': 178, 'history_edges': 120770, 'pos_edges': 512, 'neg_edges': 2048, 'loss_recent': 63.91491693645716, 'elapsed_sec': 243.20349087193608, 'avg_sec_per_batch': 0.8106783029064536, 'cuda_allocated_mb': 191, 'cuda_reserved_mb': 7972, 'cuda_max_allocated_mb': 7877}
{'event': 'train_progress', 'epoch': 18, 'batch': 400, 'batches': 718, 'time_group': 144, 'time_groups': 178, 'history_edges': 166402, 'pos_edges': 512, 'neg_edges': 2048, 'loss_recent': 69.31155569911003, 'elapsed_sec': 334.9085793569684, 'avg_sec_per_batch': 0.837271448392421, 'cuda_allocated_mb': 236, 'cuda_reserved_mb': 7972, 'cuda_max_allocated_mb': 7877}
{'event': 'train_progress', 'epoch': 18, 'batch': 500, 'batches': 718, 'time_group': 158, 'time_groups': 178, 'history_edges': 213594, 'pos_edges': 512, 'neg_edges': 2048, 'loss_recent': 70.80543841362, 'elapsed_sec': 428.73608753085136, 'avg_sec_per_batch': 0.8574721750617027, 'cuda_allocated_mb': 236, 'cuda_reserved_mb': 7972, 'cuda_max_allocated_mb': 7877}
{'event': 'train_progress', 'epoch': 18, 'batch': 600, 'batches': 718, 'time_group': 169, 'time_groups': 178, 'history_edges': 260784, 'pos_edges': 512, 'neg_edges': 2048, 'loss_recent': 75.94223689556122, 'elapsed_sec': 525.0219820700586, 'avg_sec_per_batch': 0.875036636783431, 'cuda_allocated_mb': 238, 'cuda_reserved_mb': 7972, 'cuda_max_allocated_mb': 7877}
{'event': 'train_progress', 'epoch': 18, 'batch': 700, 'batches': 718, 'time_group': 177, 'time_groups': 178, 'history_edges': 308632, 'pos_edges': 512, 'neg_edges': 2048, 'loss_recent': 78.62025891542434, 'elapsed_sec': 625.5870941989124, 'avg_sec_per_batch': 0.8936958488555892, 'cuda_allocated_mb': 240, 'cuda_reserved_mb': 7972, 'cuda_max_allocated_mb': 7877}
{'event': 'train_time_group', 'epoch': 18, 'time_group': 178, 'time_groups': 178, 'batch': 703, 'batches': 718, 'time_value': 177.0, 'group_batches': 15, 'history_edges': 315692, 'elapsed_sec': 628.7699932195246, 'cuda_allocated_mb': 106, 'cuda_reserved_mb': 7972, 'cuda_max_allocated_mb': 7877}
{'event': 'train_progress', 'epoch': 18, 'batch': 718, 'batches': 718, 'time_group': 178, 'time_groups': 178, 'history_edges': 315692, 'pos_edges': 220, 'neg_edges': 880, 'loss_recent': 78.89151546478271, 'elapsed_sec': 643.5817967429757, 'avg_sec_per_batch': 0.8963534773579049, 'cuda_allocated_mb': 241, 'cuda_reserved_mb': 7972, 'cuda_max_allocated_mb': 7877}
{'event': 'validation_start', 'epoch': 18}
{'event': 'validation_tgb_ranking_start', 'epoch': 18, 'max_edges': 128}
{'event': 'epoch_end', 'epoch': 18, 'early_stop_metric': 'val_tgb_mrr', 'val_score': 0.7010426687370481, 'val_auc': 0.9531433105468752, 'val_ap': 0.871580335151554, 'val_ndcg': 0.9730637931386946, 'val_tgb_mrr': 0.7010426687370481, 'val_tgb_hits@10': 0.7421875, 'elapsed_sec': 721.2267090342939}
{'event': 'epoch_start', 'epoch': 19, 'epochs': 20, 'batches': 718, 'time_groups': 178}
{'event': 'train_time_group', 'epoch': 19, 'time_group': 1, 'time_groups': 178, 'batch': 0, 'batches': 718, 'time_value': 0.0, 'group_batches': 2, 'history_edges': 0, 'elapsed_sec': 0.06653042882680893, 'cuda_allocated_mb': 105, 'cuda_reserved_mb': 7972, 'cuda_max_allocated_mb': 7877}
{'event': 'train_progress', 'epoch': 19, 'batch': 1, 'batches': 718, 'time_group': 1, 'time_groups': 178, 'history_edges': 0, 'pos_edges': 512, 'neg_edges': 2048, 'loss_recent': 1467.79248046875, 'elapsed_sec': 1.1175175234675407, 'avg_sec_per_batch': 1.1175175234675407, 'cuda_allocated_mb': 158, 'cuda_reserved_mb': 7972, 'cuda_max_allocated_mb': 7877}
{'event': 'train_progress', 'epoch': 19, 'batch': 100, 'batches': 718, 'time_group': 69, 'time_groups': 178, 'history_edges': 33644, 'pos_edges': 86, 'neg_edges': 344, 'loss_recent': 60.893935744576154, 'elapsed_sec': 72.77950165048242, 'avg_sec_per_batch': 0.7277950165048241, 'cuda_allocated_mb': 156, 'cuda_reserved_mb': 7972, 'cuda_max_allocated_mb': 7877}
{'event': 'train_progress', 'epoch': 19, 'batch': 200, 'batches': 718, 'time_group': 106, 'time_groups': 178, 'history_edges': 74226, 'pos_edges': 106, 'neg_edges': 424, 'loss_recent': 52.044208361059425, 'elapsed_sec': 155.78400984033942, 'avg_sec_per_batch': 0.7789200492016971, 'cuda_allocated_mb': 207, 'cuda_reserved_mb': 7972, 'cuda_max_allocated_mb': 7877}
{'event': 'train_progress', 'epoch': 19, 'batch': 300, 'batches': 718, 'time_group': 128, 'time_groups': 178, 'history_edges': 120770, 'pos_edges': 512, 'neg_edges': 2048, 'loss_recent': 63.65718760758639, 'elapsed_sec': 244.42330198735, 'avg_sec_per_batch': 0.8147443399578332, 'cuda_allocated_mb': 187, 'cuda_reserved_mb': 7972, 'cuda_max_allocated_mb': 7877}
{'event': 'train_progress', 'epoch': 19, 'batch': 400, 'batches': 718, 'time_group': 144, 'time_groups': 178, 'history_edges': 166402, 'pos_edges': 512, 'neg_edges': 2048, 'loss_recent': 69.30153375864029, 'elapsed_sec': 335.80959701538086, 'avg_sec_per_batch': 0.8395239925384521, 'cuda_allocated_mb': 236, 'cuda_reserved_mb': 7972, 'cuda_max_allocated_mb': 7877}
{'event': 'train_progress', 'epoch': 19, 'batch': 500, 'batches': 718, 'time_group': 158, 'time_groups': 178, 'history_edges': 213594, 'pos_edges': 512, 'neg_edges': 2048, 'loss_recent': 71.01439677238464, 'elapsed_sec': 429.5396190211177, 'avg_sec_per_batch': 0.8590792380422354, 'cuda_allocated_mb': 236, 'cuda_reserved_mb': 7972, 'cuda_max_allocated_mb': 7877}
{'event': 'train_progress', 'epoch': 19, 'batch': 600, 'batches': 718, 'time_group': 169, 'time_groups': 178, 'history_edges': 260784, 'pos_edges': 512, 'neg_edges': 2048, 'loss_recent': 75.73333617687226, 'elapsed_sec': 526.7088968940079, 'avg_sec_per_batch': 0.8778481614900132, 'cuda_allocated_mb': 238, 'cuda_reserved_mb': 7972, 'cuda_max_allocated_mb': 7877}
{'event': 'train_progress', 'epoch': 19, 'batch': 700, 'batches': 718, 'time_group': 177, 'time_groups': 178, 'history_edges': 308632, 'pos_edges': 512, 'neg_edges': 2048, 'loss_recent': 78.68318784475326, 'elapsed_sec': 626.5769790671766, 'avg_sec_per_batch': 0.8951099700959665, 'cuda_allocated_mb': 239, 'cuda_reserved_mb': 7972, 'cuda_max_allocated_mb': 7877}
{'event': 'train_time_group', 'epoch': 19, 'time_group': 178, 'time_groups': 178, 'batch': 703, 'batches': 718, 'time_value': 177.0, 'group_batches': 15, 'history_edges': 315692, 'elapsed_sec': 629.7344291619956, 'cuda_allocated_mb': 106, 'cuda_reserved_mb': 7972, 'cuda_max_allocated_mb': 7877}
{'event': 'train_progress', 'epoch': 19, 'batch': 718, 'batches': 718, 'time_group': 178, 'time_groups': 178, 'history_edges': 315692, 'pos_edges': 220, 'neg_edges': 880, 'loss_recent': 78.96470773696899, 'elapsed_sec': 644.4746681563556, 'avg_sec_per_batch': 0.897597030858434, 'cuda_allocated_mb': 241, 'cuda_reserved_mb': 7972, 'cuda_max_allocated_mb': 7877}
{'event': 'validation_start', 'epoch': 19}
{'event': 'validation_tgb_ranking_start', 'epoch': 19, 'max_edges': 128}
{'event': 'epoch_end', 'epoch': 19, 'early_stop_metric': 'val_tgb_mrr', 'val_score': 0.7021114224160268, 'val_auc': 0.9517333984375, 'val_ap': 0.870781599057492, 'val_ndcg': 0.9727872672668647, 'val_tgb_mrr': 0.7021114224160268, 'val_tgb_hits@10': 0.7421875, 'elapsed_sec': 724.0111135281622}
{'event': 'epoch_start', 'epoch': 20, 'epochs': 20, 'batches': 718, 'time_groups': 178}
{'event': 'train_time_group', 'epoch': 20, 'time_group': 1, 'time_groups': 178, 'batch': 0, 'batches': 718, 'time_value': 0.0, 'group_batches': 2, 'history_edges': 0, 'elapsed_sec': 0.06239859759807587, 'cuda_allocated_mb': 105, 'cuda_reserved_mb': 7972, 'cuda_max_allocated_mb': 7877}
{'event': 'train_progress', 'epoch': 20, 'batch': 1, 'batches': 718, 'time_group': 1, 'time_groups': 178, 'history_edges': 0, 'pos_edges': 512, 'neg_edges': 2048, 'loss_recent': 1492.35693359375, 'elapsed_sec': 1.0908422768115997, 'avg_sec_per_batch': 1.0908422768115997, 'cuda_allocated_mb': 158, 'cuda_reserved_mb': 7972, 'cuda_max_allocated_mb': 7877}
{'event': 'train_progress', 'epoch': 20, 'batch': 100, 'batches': 718, 'time_group': 69, 'time_groups': 178, 'history_edges': 33644, 'pos_edges': 86, 'neg_edges': 344, 'loss_recent': 61.0072109945491, 'elapsed_sec': 70.84773846715689, 'avg_sec_per_batch': 0.7084773846715688, 'cuda_allocated_mb': 155, 'cuda_reserved_mb': 7972, 'cuda_max_allocated_mb': 7877}
{'event': 'train_progress', 'epoch': 20, 'batch': 200, 'batches': 718, 'time_group': 106, 'time_groups': 178, 'history_edges': 74226, 'pos_edges': 106, 'neg_edges': 424, 'loss_recent': 52.03775756508112, 'elapsed_sec': 154.42777674645185, 'avg_sec_per_batch': 0.7721388837322593, 'cuda_allocated_mb': 208, 'cuda_reserved_mb': 7972, 'cuda_max_allocated_mb': 7877}
{'event': 'train_progress', 'epoch': 20, 'batch': 300, 'batches': 718, 'time_group': 128, 'time_groups': 178, 'history_edges': 120770, 'pos_edges': 512, 'neg_edges': 2048, 'loss_recent': 63.79903583675623, 'elapsed_sec': 243.12109377980232, 'avg_sec_per_batch': 0.8104036459326744, 'cuda_allocated_mb': 189, 'cuda_reserved_mb': 7972, 'cuda_max_allocated_mb': 7877}
{'event': 'train_progress', 'epoch': 20, 'batch': 400, 'batches': 718, 'time_group': 144, 'time_groups': 178, 'history_edges': 166402, 'pos_edges': 512, 'neg_edges': 2048, 'loss_recent': 69.41159186124801, 'elapsed_sec': 335.3297250121832, 'avg_sec_per_batch': 0.838324312530458, 'cuda_allocated_mb': 236, 'cuda_reserved_mb': 7972, 'cuda_max_allocated_mb': 7877}
{'event': 'train_progress', 'epoch': 20, 'batch': 500, 'batches': 718, 'time_group': 158, 'time_groups': 178, 'history_edges': 213594, 'pos_edges': 512, 'neg_edges': 2048, 'loss_recent': 70.86662013053893, 'elapsed_sec': 428.6714284308255, 'avg_sec_per_batch': 0.8573428568616509, 'cuda_allocated_mb': 236, 'cuda_reserved_mb': 7972, 'cuda_max_allocated_mb': 7877}
{'event': 'train_progress', 'epoch': 20, 'batch': 600, 'batches': 718, 'time_group': 169, 'time_groups': 178, 'history_edges': 260784, 'pos_edges': 512, 'neg_edges': 2048, 'loss_recent': 75.79198186397552, 'elapsed_sec': 526.3355089947581, 'avg_sec_per_batch': 0.8772258483245969, 'cuda_allocated_mb': 238, 'cuda_reserved_mb': 7972, 'cuda_max_allocated_mb': 7877}
{'event': 'train_progress', 'epoch': 20, 'batch': 700, 'batches': 718, 'time_group': 177, 'time_groups': 178, 'history_edges': 308632, 'pos_edges': 512, 'neg_edges': 2048, 'loss_recent': 78.74488891839981, 'elapsed_sec': 625.3238382525742, 'avg_sec_per_batch': 0.8933197689322488, 'cuda_allocated_mb': 239, 'cuda_reserved_mb': 7972, 'cuda_max_allocated_mb': 7877}
{'event': 'train_time_group', 'epoch': 20, 'time_group': 178, 'time_groups': 178, 'batch': 703, 'batches': 718, 'time_value': 177.0, 'group_batches': 15, 'history_edges': 315692, 'elapsed_sec': 628.504585582763, 'cuda_allocated_mb': 106, 'cuda_reserved_mb': 7972, 'cuda_max_allocated_mb': 7877}
{'event': 'train_progress', 'epoch': 20, 'batch': 718, 'batches': 718, 'time_group': 178, 'time_groups': 178, 'history_edges': 315692, 'pos_edges': 220, 'neg_edges': 880, 'loss_recent': 79.01594072341919, 'elapsed_sec': 643.4919759482145, 'avg_sec_per_batch': 0.8962283787579589, 'cuda_allocated_mb': 241, 'cuda_reserved_mb': 7972, 'cuda_max_allocated_mb': 7877}
{'event': 'validation_start', 'epoch': 20}
{'event': 'validation_tgb_ranking_start', 'epoch': 20, 'max_edges': 128}
{'event': 'epoch_end', 'epoch': 20, 'early_stop_metric': 'val_tgb_mrr', 'val_score': 0.7025248486805042, 'val_auc': 0.95550537109375, 'val_ap': 0.8731203819443747, 'val_ndcg': 0.973626564089275, 'val_tgb_mrr': 0.7025248486805042, 'val_tgb_hits@10': 0.7421875, 'elapsed_sec': 722.0868642814457}
{'dataset': 'tkgl-yago', 'method': 'ssptgfm', 'scenario': 'label_split', 'ablation': 'full', 'few_shot_ratio': 1.0, 'seed': 3, 'train_edges': 323080, 'val_edges': 39046, 'test_edges': 40052, 'params_trainable': 2247826, 'params_total': 2247839, 'rough_forward_flops': 24174428160, 'train_eval_time_sec': 14884.044180996716, 'allocated_mb': 48.94677734375, 'reserved_mb': 7972.0, 'max_allocated_mb': 7877.4619140625, 'val_auc': 0.9558715820312498, 'val_ap': 0.8781428532551718, 'val_ndcg': 0.9747335063203666, 'val_tgb_mrr': 0.7104013567150779, 'val_tgb_hits@10': 0.7421875, 'train_loss': 67.16014038868933, 'train_lp': 0.08646806228087442, 'train_align': 6392.410495886065, 'train_kl': 31484.992998768692, 'train_ood_reg': 0.20503284533126773, 'train_meta': 0.1727582189806706, 'train_struct_aux': 0.0, 'train_weighted_align': 63.92410353873402, 'train_weighted_kl': 3.148499280393878, 'train_weighted_ood_reg': 0.0002050328550979133, 'train_weighted_meta': 0.0008637910781302217, 'train_weighted_struct_aux': 0.0, 'train_rank': 0.07216460634497536, 'train_weighted_rank': 0.0007216460472496895, 'train_candidate_rank': 0.4603359784995011, 'train_weighted_candidate_rank': 0.023016799333547125, 'test_auc': 0.9636376521193575, 'test_ap': 0.9177176414939097, 'test_ndcg': 0.9888253501242931, 'test_tgb_mrr': 0.902730852137779, 'test_tgb_hits@10': 0.9140625}
