runtime_device=cuda
cuda_device=Tesla V100-PCIE-32GB
{'event': 'seed_start', 'dataset': 'icews14', 'ablation': 'full', 'seed': 4, 'device': 'cuda', 'node_text_device': 'cuda:0'}
{'event': 'train_seed_start', 'seed': 4, 'train_edges': 61760, 'val_edges': 14592, 'test_edges': 14378, 'num_nodes': 7128, 'num_relations': 230}
{'event': 'train_seed_tensors_ready', 'seed': 4, 'elapsed_sec': 0.012981429696083069, 'cuda_allocated_mb': 28, 'cuda_reserved_mb': 44, 'cuda_max_allocated_mb': 28}
{'event': 'train_known_facts_ready', 'seed': 4, 'scope': 'train', 'edges': 61760, 'elapsed_sec': 0.019810069352388382}
{'event': 'train_known_facts_ready', 'seed': 4, 'scope': 'train_val', 'edges': 76352, 'elapsed_sec': 0.02631738781929016}
{'event': 'train_sampler_ready', 'seed': 4, 'elapsed_sec': 0.19607311114668846}
{'event': 'val_sampler_ready', 'seed': 4, 'elapsed_sec': 0.43411049619317055}
{'event': 'epoch_start', 'epoch': 1, 'epochs': 24, 'batches': 255, 'time_groups': 255}
{'event': 'train_time_group', 'epoch': 1, 'time_group': 1, 'time_groups': 255, 'batch': 0, 'batches': 255, 'time_value': 1388534400.0, 'group_batches': 1, 'history_edges': 0, 'elapsed_sec': 0.19879958778619766, 'cuda_allocated_mb': 30, 'cuda_reserved_mb': 46, 'cuda_max_allocated_mb': 30}
{'event': 'train_progress', 'epoch': 1, 'batch': 1, 'batches': 255, 'time_group': 1, 'time_groups': 255, 'history_edges': 0, 'pos_edges': 113, 'neg_edges': 113, 'loss_recent': 71.5771713256836, 'elapsed_sec': 1.4176720306277275, 'avg_sec_per_batch': 1.4176720306277275, 'cuda_allocated_mb': 122, 'cuda_reserved_mb': 236, 'cuda_max_allocated_mb': 212}
{'event': 'train_progress', 'epoch': 1, 'batch': 100, 'batches': 255, 'time_group': 100, 'time_groups': 255, 'history_edges': 23816, 'pos_edges': 259, 'neg_edges': 259, 'loss_recent': 137.92828567504884, 'elapsed_sec': 43.60445587709546, 'avg_sec_per_batch': 0.4360445587709546, 'cuda_allocated_mb': 129, 'cuda_reserved_mb': 962, 'cuda_max_allocated_mb': 879}
{'event': 'train_progress', 'epoch': 1, 'batch': 200, 'batches': 255, 'time_group': 200, 'time_groups': 255, 'history_edges': 48751, 'pos_edges': 162, 'neg_edges': 162, 'loss_recent': 124.916223487854, 'elapsed_sec': 89.02429183572531, 'avg_sec_per_batch': 0.44512145917862656, 'cuda_allocated_mb': 127, 'cuda_reserved_mb': 1582, 'cuda_max_allocated_mb': 1446}
{'event': 'train_time_group', 'epoch': 1, 'time_group': 255, 'time_groups': 255, 'batch': 254, 'batches': 255, 'time_value': 1410480000.0, 'group_batches': 1, 'history_edges': 61439, 'elapsed_sec': 114.44830224663019, 'cuda_allocated_mb': 120, 'cuda_reserved_mb': 1882, 'cuda_max_allocated_mb': 1757}
{'event': 'train_progress', 'epoch': 1, 'batch': 255, 'batches': 255, 'time_group': 255, 'time_groups': 255, 'history_edges': 61439, 'pos_edges': 321, 'neg_edges': 321, 'loss_recent': 115.95411361694336, 'elapsed_sec': 114.93678721413016, 'avg_sec_per_batch': 0.4507324988789418, 'cuda_allocated_mb': 132, 'cuda_reserved_mb': 1882, 'cuda_max_allocated_mb': 1757}
{'event': 'validation_start', 'epoch': 1}
{'event': 'validation_ranking_start', 'epoch': 1, 'max_edges': 100}
{'event': 'epoch_end', 'epoch': 1, 'early_stop_metric': 'val_composite', 'val_score': 0.5131454185130655, 'val_auc': 0.9038694455565655, 'val_ap': 0.664555571423783, 'val_ndcg': 0.9435509864888185, 'val_mrr': 0.3278270237455759, 'val_hits@1': 0.23, 'val_hits@10': 0.55, 'val_hits@50': 0.73, 'val_hits@100': 0.785, 'elapsed_sec': 282.44351413473487}
{'event': 'epoch_start', 'epoch': 2, 'epochs': 24, 'batches': 255, 'time_groups': 255}
{'event': 'train_time_group', 'epoch': 2, 'time_group': 1, 'time_groups': 255, 'batch': 0, 'batches': 255, 'time_value': 1388534400.0, 'group_batches': 1, 'history_edges': 0, 'elapsed_sec': 0.05215431749820709, 'cuda_allocated_mb': 120, 'cuda_reserved_mb': 1966, 'cuda_max_allocated_mb': 1757}
{'event': 'train_progress', 'epoch': 2, 'batch': 1, 'batches': 255, 'time_group': 1, 'time_groups': 255, 'history_edges': 0, 'pos_edges': 113, 'neg_edges': 113, 'loss_recent': 67.08661651611328, 'elapsed_sec': 0.2536839693784714, 'avg_sec_per_batch': 0.2536839693784714, 'cuda_allocated_mb': 124, 'cuda_reserved_mb': 1966, 'cuda_max_allocated_mb': 1757}
{'event': 'train_progress', 'epoch': 2, 'batch': 100, 'batches': 255, 'time_group': 100, 'time_groups': 255, 'history_edges': 23816, 'pos_edges': 259, 'neg_edges': 259, 'loss_recent': 112.37459037780762, 'elapsed_sec': 44.37420800700784, 'avg_sec_per_batch': 0.44374208007007837, 'cuda_allocated_mb': 130, 'cuda_reserved_mb': 1966, 'cuda_max_allocated_mb': 1757}
{'event': 'train_progress', 'epoch': 2, 'batch': 200, 'batches': 255, 'time_group': 200, 'time_groups': 255, 'history_edges': 48751, 'pos_edges': 162, 'neg_edges': 162, 'loss_recent': 101.33014087677002, 'elapsed_sec': 91.24645779281855, 'avg_sec_per_batch': 0.45623228896409274, 'cuda_allocated_mb': 127, 'cuda_reserved_mb': 1966, 'cuda_max_allocated_mb': 1757}
{'event': 'train_time_group', 'epoch': 2, 'time_group': 255, 'time_groups': 255, 'batch': 254, 'batches': 255, 'time_value': 1410480000.0, 'group_batches': 1, 'history_edges': 61439, 'elapsed_sec': 116.67305935919285, 'cuda_allocated_mb': 120, 'cuda_reserved_mb': 1986, 'cuda_max_allocated_mb': 1757}
{'event': 'train_progress', 'epoch': 2, 'batch': 255, 'batches': 255, 'time_group': 255, 'time_groups': 255, 'history_edges': 61439, 'pos_edges': 321, 'neg_edges': 321, 'loss_recent': 94.0706022644043, 'elapsed_sec': 117.21216655895114, 'avg_sec_per_batch': 0.4596555551331417, 'cuda_allocated_mb': 132, 'cuda_reserved_mb': 1986, 'cuda_max_allocated_mb': 1757}
{'event': 'validation_start', 'epoch': 2}
{'event': 'validation_ranking_start', 'epoch': 2, 'max_edges': 100}
{'event': 'epoch_end', 'epoch': 2, 'early_stop_metric': 'val_composite', 'val_score': 0.5293571490803242, 'val_auc': 0.9112147807986892, 'val_ap': 0.6829664905199743, 'val_ndcg': 0.9473824207677491, 'val_mrr': 0.3472263887712373, 'val_hits@1': 0.24, 'val_hits@10': 0.565, 'val_hits@50': 0.775, 'val_hits@100': 0.82, 'elapsed_sec': 291.9240624755621}
{'event': 'epoch_start', 'epoch': 3, 'epochs': 24, 'batches': 255, 'time_groups': 255}
{'event': 'train_time_group', 'epoch': 3, 'time_group': 1, 'time_groups': 255, 'batch': 0, 'batches': 255, 'time_value': 1388534400.0, 'group_batches': 1, 'history_edges': 0, 'elapsed_sec': 0.048508767038583755, 'cuda_allocated_mb': 120, 'cuda_reserved_mb': 1988, 'cuda_max_allocated_mb': 1757}
{'event': 'train_progress', 'epoch': 3, 'batch': 1, 'batches': 255, 'time_group': 1, 'time_groups': 255, 'history_edges': 0, 'pos_edges': 113, 'neg_edges': 113, 'loss_recent': 68.10379028320312, 'elapsed_sec': 0.2518000155687332, 'avg_sec_per_batch': 0.2518000155687332, 'cuda_allocated_mb': 124, 'cuda_reserved_mb': 1988, 'cuda_max_allocated_mb': 1757}
{'event': 'train_progress', 'epoch': 3, 'batch': 100, 'batches': 255, 'time_group': 100, 'time_groups': 255, 'history_edges': 23816, 'pos_edges': 259, 'neg_edges': 259, 'loss_recent': 94.24682628631592, 'elapsed_sec': 43.56821171566844, 'avg_sec_per_batch': 0.4356821171566844, 'cuda_allocated_mb': 130, 'cuda_reserved_mb': 1988, 'cuda_max_allocated_mb': 1757}
{'event': 'train_progress', 'epoch': 3, 'batch': 200, 'batches': 255, 'time_group': 200, 'time_groups': 255, 'history_edges': 48751, 'pos_edges': 162, 'neg_edges': 162, 'loss_recent': 83.85972431182861, 'elapsed_sec': 90.59756165370345, 'avg_sec_per_batch': 0.45298780826851726, 'cuda_allocated_mb': 127, 'cuda_reserved_mb': 1988, 'cuda_max_allocated_mb': 1757}
{'event': 'train_time_group', 'epoch': 3, 'time_group': 255, 'time_groups': 255, 'batch': 254, 'batches': 255, 'time_value': 1410480000.0, 'group_batches': 1, 'history_edges': 61439, 'elapsed_sec': 116.75497566908598, 'cuda_allocated_mb': 120, 'cuda_reserved_mb': 1988, 'cuda_max_allocated_mb': 1757}
{'event': 'train_progress', 'epoch': 3, 'batch': 255, 'batches': 255, 'time_group': 255, 'time_groups': 255, 'history_edges': 61439, 'pos_edges': 321, 'neg_edges': 321, 'loss_recent': 78.55422039031983, 'elapsed_sec': 117.2460111901164, 'avg_sec_per_batch': 0.4597882791769271, 'cuda_allocated_mb': 132, 'cuda_reserved_mb': 1988, 'cuda_max_allocated_mb': 1757}
{'event': 'validation_start', 'epoch': 3}
{'event': 'validation_ranking_start', 'epoch': 3, 'max_edges': 100}
{'event': 'epoch_end', 'epoch': 3, 'early_stop_metric': 'val_composite', 'val_score': 0.5346287948871681, 'val_auc': 0.9136261242754682, 'val_ap': 0.6924956641332661, 'val_ndcg': 0.9492862964081583, 'val_mrr': 0.35228901882517794, 'val_hits@1': 0.255, 'val_hits@10': 0.57, 'val_hits@50': 0.775, 'val_hits@100': 0.825, 'elapsed_sec': 284.95791943371296}
{'event': 'epoch_start', 'epoch': 4, 'epochs': 24, 'batches': 255, 'time_groups': 255}
{'event': 'train_time_group', 'epoch': 4, 'time_group': 1, 'time_groups': 255, 'batch': 0, 'batches': 255, 'time_value': 1388534400.0, 'group_batches': 1, 'history_edges': 0, 'elapsed_sec': 0.04813121631741524, 'cuda_allocated_mb': 120, 'cuda_reserved_mb': 1988, 'cuda_max_allocated_mb': 1757}
{'event': 'train_progress', 'epoch': 4, 'batch': 1, 'batches': 255, 'time_group': 1, 'time_groups': 255, 'history_edges': 0, 'pos_edges': 113, 'neg_edges': 113, 'loss_recent': 74.85847473144531, 'elapsed_sec': 0.3519486375153065, 'avg_sec_per_batch': 0.3519486375153065, 'cuda_allocated_mb': 124, 'cuda_reserved_mb': 1988, 'cuda_max_allocated_mb': 1757}
{'event': 'train_progress', 'epoch': 4, 'batch': 100, 'batches': 255, 'time_group': 100, 'time_groups': 255, 'history_edges': 23816, 'pos_edges': 259, 'neg_edges': 259, 'loss_recent': 81.5234887123108, 'elapsed_sec': 44.87974974140525, 'avg_sec_per_batch': 0.4487974974140525, 'cuda_allocated_mb': 129, 'cuda_reserved_mb': 1988, 'cuda_max_allocated_mb': 1757}
{'event': 'train_progress', 'epoch': 4, 'batch': 200, 'batches': 255, 'time_group': 200, 'time_groups': 255, 'history_edges': 48751, 'pos_edges': 162, 'neg_edges': 162, 'loss_recent': 73.3259493637085, 'elapsed_sec': 91.83072553947568, 'avg_sec_per_batch': 0.4591536276973784, 'cuda_allocated_mb': 127, 'cuda_reserved_mb': 1988, 'cuda_max_allocated_mb': 1757}
{'event': 'train_time_group', 'epoch': 4, 'time_group': 255, 'time_groups': 255, 'batch': 254, 'batches': 255, 'time_value': 1410480000.0, 'group_batches': 1, 'history_edges': 61439, 'elapsed_sec': 117.76512119919062, 'cuda_allocated_mb': 120, 'cuda_reserved_mb': 1988, 'cuda_max_allocated_mb': 1757}
{'event': 'train_progress', 'epoch': 4, 'batch': 255, 'batches': 255, 'time_group': 255, 'time_groups': 255, 'history_edges': 61439, 'pos_edges': 321, 'neg_edges': 321, 'loss_recent': 69.50694517135621, 'elapsed_sec': 118.11689012125134, 'avg_sec_per_batch': 0.4632034906715739, 'cuda_allocated_mb': 132, 'cuda_reserved_mb': 1988, 'cuda_max_allocated_mb': 1757}
{'event': 'validation_start', 'epoch': 4}
{'event': 'validation_ranking_start', 'epoch': 4, 'max_edges': 100}
{'event': 'epoch_end', 'epoch': 4, 'early_stop_metric': 'val_composite', 'val_score': 0.5217657710682193, 'val_auc': 0.9175348699727621, 'val_ap': 0.7002301539099676, 'val_ndcg': 0.9509813718066681, 'val_mrr': 0.3275127346048384, 'val_hits@1': 0.215, 'val_hits@10': 0.56, 'val_hits@50': 0.77, 'val_hits@100': 0.82, 'elapsed_sec': 282.6351404413581}
{'event': 'epoch_start', 'epoch': 5, 'epochs': 24, 'batches': 255, 'time_groups': 255}
{'event': 'train_time_group', 'epoch': 5, 'time_group': 1, 'time_groups': 255, 'batch': 0, 'batches': 255, 'time_value': 1388534400.0, 'group_batches': 1, 'history_edges': 0, 'elapsed_sec': 0.04723258689045906, 'cuda_allocated_mb': 120, 'cuda_reserved_mb': 1988, 'cuda_max_allocated_mb': 1757}
{'event': 'train_progress', 'epoch': 5, 'batch': 1, 'batches': 255, 'time_group': 1, 'time_groups': 255, 'history_edges': 0, 'pos_edges': 113, 'neg_edges': 113, 'loss_recent': 86.47319030761719, 'elapsed_sec': 0.34152765572071075, 'avg_sec_per_batch': 0.34152765572071075, 'cuda_allocated_mb': 124, 'cuda_reserved_mb': 1988, 'cuda_max_allocated_mb': 1757}
{'event': 'train_progress', 'epoch': 5, 'batch': 100, 'batches': 255, 'time_group': 100, 'time_groups': 255, 'history_edges': 23816, 'pos_edges': 259, 'neg_edges': 259, 'loss_recent': 73.31262664794922, 'elapsed_sec': 42.23379226028919, 'avg_sec_per_batch': 0.42233792260289194, 'cuda_allocated_mb': 130, 'cuda_reserved_mb': 1988, 'cuda_max_allocated_mb': 1757}
{'event': 'train_progress', 'epoch': 5, 'batch': 200, 'batches': 255, 'time_group': 200, 'time_groups': 255, 'history_edges': 48751, 'pos_edges': 162, 'neg_edges': 162, 'loss_recent': 67.39492704391479, 'elapsed_sec': 87.40816286951303, 'avg_sec_per_batch': 0.4370408143475652, 'cuda_allocated_mb': 127, 'cuda_reserved_mb': 1988, 'cuda_max_allocated_mb': 1757}
{'event': 'train_time_group', 'epoch': 5, 'time_group': 255, 'time_groups': 255, 'batch': 254, 'batches': 255, 'time_value': 1410480000.0, 'group_batches': 1, 'history_edges': 61439, 'elapsed_sec': 112.47984520718455, 'cuda_allocated_mb': 120, 'cuda_reserved_mb': 1988, 'cuda_max_allocated_mb': 1757}
{'event': 'train_progress', 'epoch': 5, 'batch': 255, 'batches': 255, 'time_group': 255, 'time_groups': 255, 'history_edges': 61439, 'pos_edges': 321, 'neg_edges': 321, 'loss_recent': 64.42311838150025, 'elapsed_sec': 112.82353659719229, 'avg_sec_per_batch': 0.44244524155761683, 'cuda_allocated_mb': 131, 'cuda_reserved_mb': 1988, 'cuda_max_allocated_mb': 1757}
{'event': 'validation_start', 'epoch': 5}
{'event': 'validation_ranking_start', 'epoch': 5, 'max_edges': 100}
{'event': 'epoch_end', 'epoch': 5, 'early_stop_metric': 'val_composite', 'val_score': 0.5244775187997406, 'val_auc': 0.917353843813421, 'val_ap': 0.6996769421801835, 'val_ndcg': 0.9508985491924227, 'val_mrr': 0.33113686072559945, 'val_hits@1': 0.23, 'val_hits@10': 0.565, 'val_hits@50': 0.76, 'val_hits@100': 0.805, 'elapsed_sec': 288.32421723753214}
{'event': 'epoch_start', 'epoch': 6, 'epochs': 24, 'batches': 255, 'time_groups': 255}
{'event': 'train_time_group', 'epoch': 6, 'time_group': 1, 'time_groups': 255, 'batch': 0, 'batches': 255, 'time_value': 1388534400.0, 'group_batches': 1, 'history_edges': 0, 'elapsed_sec': 0.0454503558576107, 'cuda_allocated_mb': 120, 'cuda_reserved_mb': 1988, 'cuda_max_allocated_mb': 1757}
{'event': 'train_progress', 'epoch': 6, 'batch': 1, 'batches': 255, 'time_group': 1, 'time_groups': 255, 'history_edges': 0, 'pos_edges': 113, 'neg_edges': 113, 'loss_recent': 97.1334457397461, 'elapsed_sec': 0.32860011607408524, 'avg_sec_per_batch': 0.32860011607408524, 'cuda_allocated_mb': 124, 'cuda_reserved_mb': 1988, 'cuda_max_allocated_mb': 1757}
{'event': 'train_progress', 'epoch': 6, 'batch': 100, 'batches': 255, 'time_group': 100, 'time_groups': 255, 'history_edges': 23816, 'pos_edges': 259, 'neg_edges': 259, 'loss_recent': 68.2999471282959, 'elapsed_sec': 42.53282928839326, 'avg_sec_per_batch': 0.4253282928839326, 'cuda_allocated_mb': 130, 'cuda_reserved_mb': 1988, 'cuda_max_allocated_mb': 1757}
{'event': 'train_progress', 'epoch': 6, 'batch': 200, 'batches': 255, 'time_group': 200, 'time_groups': 255, 'history_edges': 48751, 'pos_edges': 162, 'neg_edges': 162, 'loss_recent': 63.618557682037356, 'elapsed_sec': 87.51188219338655, 'avg_sec_per_batch': 0.4375594109669328, 'cuda_allocated_mb': 127, 'cuda_reserved_mb': 1988, 'cuda_max_allocated_mb': 1757}
{'event': 'train_time_group', 'epoch': 6, 'time_group': 255, 'time_groups': 255, 'batch': 254, 'batches': 255, 'time_value': 1410480000.0, 'group_batches': 1, 'history_edges': 61439, 'elapsed_sec': 112.29434365034103, 'cuda_allocated_mb': 120, 'cuda_reserved_mb': 1988, 'cuda_max_allocated_mb': 1757}
{'event': 'train_progress', 'epoch': 6, 'batch': 255, 'batches': 255, 'time_group': 255, 'time_groups': 255, 'history_edges': 61439, 'pos_edges': 321, 'neg_edges': 321, 'loss_recent': 61.24914136886596, 'elapsed_sec': 112.62032759189606, 'avg_sec_per_batch': 0.4416483434976316, 'cuda_allocated_mb': 131, 'cuda_reserved_mb': 1988, 'cuda_max_allocated_mb': 1757}
{'event': 'validation_start', 'epoch': 6}
{'event': 'validation_ranking_start', 'epoch': 6, 'max_edges': 100}
{'event': 'epoch_end', 'epoch': 6, 'early_stop_metric': 'val_composite', 'val_score': 0.5223804850016736, 'val_auc': 0.9133991619754697, 'val_ap': 0.6964804717397944, 'val_ndcg': 0.9499727398038216, 'val_mrr': 0.3284823643230977, 'val_hits@1': 0.23, 'val_hits@10': 0.565, 'val_hits@50': 0.77, 'val_hits@100': 0.81, 'elapsed_sec': 290.68843387812376}
{'event': 'epoch_start', 'epoch': 7, 'epochs': 24, 'batches': 255, 'time_groups': 255}
{'event': 'train_time_group', 'epoch': 7, 'time_group': 1, 'time_groups': 255, 'batch': 0, 'batches': 255, 'time_value': 1388534400.0, 'group_batches': 1, 'history_edges': 0, 'elapsed_sec': 0.044849593192338943, 'cuda_allocated_mb': 120, 'cuda_reserved_mb': 1988, 'cuda_max_allocated_mb': 1757}
{'event': 'train_progress', 'epoch': 7, 'batch': 1, 'batches': 255, 'time_group': 1, 'time_groups': 255, 'history_edges': 0, 'pos_edges': 113, 'neg_edges': 113, 'loss_recent': 112.11256408691406, 'elapsed_sec': 0.29983148723840714, 'avg_sec_per_batch': 0.29983148723840714, 'cuda_allocated_mb': 124, 'cuda_reserved_mb': 1988, 'cuda_max_allocated_mb': 1757}
{'event': 'train_progress', 'epoch': 7, 'batch': 100, 'batches': 255, 'time_group': 100, 'time_groups': 255, 'history_edges': 23816, 'pos_edges': 259, 'neg_edges': 259, 'loss_recent': 64.76397218704224, 'elapsed_sec': 41.882419403642416, 'avg_sec_per_batch': 0.4188241940364242, 'cuda_allocated_mb': 130, 'cuda_reserved_mb': 1988, 'cuda_max_allocated_mb': 1757}
{'event': 'train_progress', 'epoch': 7, 'batch': 200, 'batches': 255, 'time_group': 200, 'time_groups': 255, 'history_edges': 48751, 'pos_edges': 162, 'neg_edges': 162, 'loss_recent': 61.408965225219724, 'elapsed_sec': 87.21155212074518, 'avg_sec_per_batch': 0.4360577606037259, 'cuda_allocated_mb': 127, 'cuda_reserved_mb': 1988, 'cuda_max_allocated_mb': 1757}
{'event': 'train_time_group', 'epoch': 7, 'time_group': 255, 'time_groups': 255, 'batch': 254, 'batches': 255, 'time_value': 1410480000.0, 'group_batches': 1, 'history_edges': 61439, 'elapsed_sec': 111.89324560016394, 'cuda_allocated_mb': 120, 'cuda_reserved_mb': 1988, 'cuda_max_allocated_mb': 1757}
{'event': 'train_progress', 'epoch': 7, 'batch': 255, 'batches': 255, 'time_group': 255, 'time_groups': 255, 'history_edges': 61439, 'pos_edges': 321, 'neg_edges': 321, 'loss_recent': 59.12815767288208, 'elapsed_sec': 112.2215540483594, 'avg_sec_per_batch': 0.44008452567984074, 'cuda_allocated_mb': 131, 'cuda_reserved_mb': 1988, 'cuda_max_allocated_mb': 1757}
{'event': 'validation_start', 'epoch': 7}
{'event': 'validation_ranking_start', 'epoch': 7, 'max_edges': 100}
{'event': 'epoch_end', 'epoch': 7, 'early_stop_metric': 'val_composite', 'val_score': 0.5185068736556786, 'val_auc': 0.9167888343836865, 'val_ap': 0.7013085697169017, 'val_ndcg': 0.9510250577582893, 'val_mrr': 0.3227372814062602, 'val_hits@1': 0.215, 'val_hits@10': 0.555, 'val_hits@50': 0.77, 'val_hits@100': 0.82, 'elapsed_sec': 283.70682084560394}
{'event': 'epoch_start', 'epoch': 8, 'epochs': 24, 'batches': 255, 'time_groups': 255}
{'event': 'train_time_group', 'epoch': 8, 'time_group': 1, 'time_groups': 255, 'batch': 0, 'batches': 255, 'time_value': 1388534400.0, 'group_batches': 1, 'history_edges': 0, 'elapsed_sec': 0.04531673341989517, 'cuda_allocated_mb': 120, 'cuda_reserved_mb': 1988, 'cuda_max_allocated_mb': 1757}
{'event': 'train_progress', 'epoch': 8, 'batch': 1, 'batches': 255, 'time_group': 1, 'time_groups': 255, 'history_edges': 0, 'pos_edges': 113, 'neg_edges': 113, 'loss_recent': 126.82206726074219, 'elapsed_sec': 0.32956694439053535, 'avg_sec_per_batch': 0.32956694439053535, 'cuda_allocated_mb': 124, 'cuda_reserved_mb': 1988, 'cuda_max_allocated_mb': 1757}
{'event': 'train_progress', 'epoch': 8, 'batch': 100, 'batches': 255, 'time_group': 100, 'time_groups': 255, 'history_edges': 23816, 'pos_edges': 259, 'neg_edges': 259, 'loss_recent': 62.29335538864136, 'elapsed_sec': 42.30805931985378, 'avg_sec_per_batch': 0.4230805931985378, 'cuda_allocated_mb': 130, 'cuda_reserved_mb': 1988, 'cuda_max_allocated_mb': 1757}
{'event': 'train_progress', 'epoch': 8, 'batch': 200, 'batches': 255, 'time_group': 200, 'time_groups': 255, 'history_edges': 48751, 'pos_edges': 162, 'neg_edges': 162, 'loss_recent': 59.95484426498413, 'elapsed_sec': 87.43312569335103, 'avg_sec_per_batch': 0.43716562846675516, 'cuda_allocated_mb': 127, 'cuda_reserved_mb': 1988, 'cuda_max_allocated_mb': 1757}
{'event': 'train_time_group', 'epoch': 8, 'time_group': 255, 'time_groups': 255, 'batch': 254, 'batches': 255, 'time_value': 1410480000.0, 'group_batches': 1, 'history_edges': 61439, 'elapsed_sec': 111.28162184730172, 'cuda_allocated_mb': 120, 'cuda_reserved_mb': 1988, 'cuda_max_allocated_mb': 1757}
{'event': 'train_progress', 'epoch': 8, 'batch': 255, 'batches': 255, 'time_group': 255, 'time_groups': 255, 'history_edges': 61439, 'pos_edges': 321, 'neg_edges': 321, 'loss_recent': 57.98159149169922, 'elapsed_sec': 111.60271213576198, 'avg_sec_per_batch': 0.43765769465004695, 'cuda_allocated_mb': 132, 'cuda_reserved_mb': 1988, 'cuda_max_allocated_mb': 1757}
{'event': 'validation_start', 'epoch': 8}
{'event': 'validation_ranking_start', 'epoch': 8, 'max_edges': 100}
{'event': 'epoch_end', 'epoch': 8, 'early_stop_metric': 'val_composite', 'val_score': 0.530498833582537, 'val_auc': 0.9184325520946048, 'val_ap': 0.7088318605163105, 'val_ndcg': 0.9523802407312149, 'val_mrr': 0.3320288056544774, 'val_hits@1': 0.235, 'val_hits@10': 0.585, 'val_hits@50': 0.765, 'val_hits@100': 0.805, 'elapsed_sec': 291.6567102074623}
{'dataset': 'icews14', 'method': 'ssptgfm', 'scenario': 'standard', 'ablation': 'full', 'few_shot_ratio': 1.0, 'seed': 4, 'train_edges': 61760, 'val_edges': 14592, 'test_edges': 14378, 'params_trainable': 4627730, 'params_total': 4627743, 'rough_forward_flops': 4794548224, 'train_eval_time_sec': 2736.190174639225, 'allocated_mb': 62.34765625, 'reserved_mb': 1988.0, 'max_allocated_mb': 1757.5078125, 'val_auc': 0.9136261257783345, 'val_ap': 0.6924956718940045, 'val_ndcg': 0.9492862976413695, 'val_mrr': 0.35228901882517794, 'val_hits@1': 0.255, 'val_hits@10': 0.57, 'val_hits@50': 0.775, 'val_hits@100': 0.825, 'train_loss': 85.84032102098652, 'train_lp': 0.36437353228821473, 'train_align': 1569.6619109509038, 'train_kl': 13979.415862438726, 'train_ood_reg': 0.19586795679494445, 'train_meta': 0.363865061601003, 'train_struct_aux': 1.127098701397578, 'train_weighted_align': 78.48309681462307, 'train_weighted_kl': 6.9897082749535056, 'train_weighted_ood_reg': 0.0001958679661780194, 'train_weighted_meta': 0.0018193252654015726, 'train_weighted_struct_aux': 0.0011270987578695091, 'train_rank': 0.17275999591631047, 'train_weighted_rank': 0.00017276000409551404, 'test_auc': 0.9269071834894971, 'test_ap': 0.7147748371569542, 'test_ndcg': 0.9542934266734436, 'test_mrr': 0.43072354628155735, 'test_hits@1': 0.322, 'test_hits@10': 0.642, 'test_hits@50': 0.792, 'test_hits@100': 0.83}
