runtime_device=cuda
cuda_device=Tesla V100-PCIE-32GB
{'event': 'seed_start', 'dataset': 'icews14', 'ablation': 'full', 'seed': 3, 'device': 'cuda', 'node_text_device': 'cuda:0'}
{'event': 'train_seed_start', 'seed': 3, 'train_edges': 61760, 'val_edges': 14592, 'test_edges': 14378, 'num_nodes': 7128, 'num_relations': 230}
{'event': 'train_seed_tensors_ready', 'seed': 3, 'elapsed_sec': 0.009395059198141098, 'cuda_allocated_mb': 22, 'cuda_reserved_mb': 24, 'cuda_max_allocated_mb': 22}
{'event': 'train_known_facts_ready', 'seed': 3, 'scope': 'train', 'edges': 61760, 'elapsed_sec': 0.01631920039653778}
{'event': 'train_known_facts_ready', 'seed': 3, 'scope': 'train_val', 'edges': 76352, 'elapsed_sec': 0.02268730103969574}
{'event': 'train_sampler_ready', 'seed': 3, 'elapsed_sec': 0.1322759874165058}
{'event': 'val_sampler_ready', 'seed': 3, 'elapsed_sec': 0.2214374803006649}
{'event': 'epoch_start', 'epoch': 1, 'epochs': 24, 'batches': 255, 'time_groups': 255}
{'event': 'train_time_group', 'epoch': 1, 'time_group': 1, 'time_groups': 255, 'batch': 0, 'batches': 255, 'time_value': 1388534400.0, 'group_batches': 1, 'history_edges': 0, 'elapsed_sec': 0.18895601481199265, 'cuda_allocated_mb': 23, 'cuda_reserved_mb': 26, 'cuda_max_allocated_mb': 23}
{'event': 'train_progress', 'epoch': 1, 'batch': 1, 'batches': 255, 'time_group': 1, 'time_groups': 255, 'history_edges': 0, 'pos_edges': 113, 'neg_edges': 113, 'loss_recent': 8.013570785522461, 'elapsed_sec': 1.5584267191588879, 'avg_sec_per_batch': 1.5584267191588879, 'cuda_allocated_mb': 92, 'cuda_reserved_mb': 176, 'cuda_max_allocated_mb': 161}
{'event': 'train_progress', 'epoch': 1, 'batch': 100, 'batches': 255, 'time_group': 100, 'time_groups': 255, 'history_edges': 23816, 'pos_edges': 259, 'neg_edges': 259, 'loss_recent': 14.659498419761658, 'elapsed_sec': 41.54650458320975, 'avg_sec_per_batch': 0.41546504583209753, 'cuda_allocated_mb': 99, 'cuda_reserved_mb': 752, 'cuda_max_allocated_mb': 660}
{'event': 'train_progress', 'epoch': 1, 'batch': 200, 'batches': 255, 'time_group': 200, 'time_groups': 255, 'history_edges': 48751, 'pos_edges': 162, 'neg_edges': 162, 'loss_recent': 13.5282941198349, 'elapsed_sec': 84.05336553603411, 'avg_sec_per_batch': 0.42026682768017054, 'cuda_allocated_mb': 96, 'cuda_reserved_mb': 1192, 'cuda_max_allocated_mb': 1067}
{'event': 'train_time_group', 'epoch': 1, 'time_group': 255, 'time_groups': 255, 'batch': 254, 'batches': 255, 'time_value': 1410480000.0, 'group_batches': 1, 'history_edges': 61439, 'elapsed_sec': 107.22355012223125, 'cuda_allocated_mb': 89, 'cuda_reserved_mb': 1432, 'cuda_max_allocated_mb': 1291}
{'event': 'train_progress', 'epoch': 1, 'batch': 255, 'batches': 255, 'time_group': 255, 'time_groups': 255, 'history_edges': 61439, 'pos_edges': 321, 'neg_edges': 321, 'loss_recent': 12.623746600151062, 'elapsed_sec': 107.72638324648142, 'avg_sec_per_batch': 0.42245640488816244, 'cuda_allocated_mb': 100, 'cuda_reserved_mb': 1432, 'cuda_max_allocated_mb': 1291}
{'event': 'validation_start', 'epoch': 1}
{'event': 'validation_ranking_start', 'epoch': 1, 'max_edges': 100}
{'event': 'epoch_end', 'epoch': 1, 'early_stop_metric': 'val_composite', 'val_score': 0.5277967096415674, 'val_auc': 0.9076412990167346, 'val_ap': 0.6802617570236972, 'val_ndcg': 0.9467016261056128, 'val_mrr': 0.34541043705322977, 'val_hits@1': 0.245, 'val_hits@10': 0.565, 'val_hits@50': 0.765, 'val_hits@100': 0.83, 'elapsed_sec': 284.13198372349143}
{'event': 'epoch_start', 'epoch': 2, 'epochs': 24, 'batches': 255, 'time_groups': 255}
{'event': 'train_time_group', 'epoch': 2, 'time_group': 1, 'time_groups': 255, 'batch': 0, 'batches': 255, 'time_value': 1388534400.0, 'group_batches': 1, 'history_edges': 0, 'elapsed_sec': 0.04420359805226326, 'cuda_allocated_mb': 89, 'cuda_reserved_mb': 1524, 'cuda_max_allocated_mb': 1291}
{'event': 'train_progress', 'epoch': 2, 'batch': 1, 'batches': 255, 'time_group': 1, 'time_groups': 255, 'history_edges': 0, 'pos_edges': 113, 'neg_edges': 113, 'loss_recent': 8.688551902770996, 'elapsed_sec': 0.3414321169257164, 'avg_sec_per_batch': 0.3414321169257164, 'cuda_allocated_mb': 94, 'cuda_reserved_mb': 1524, 'cuda_max_allocated_mb': 1291}
{'event': 'train_progress', 'epoch': 2, 'batch': 100, 'batches': 255, 'time_group': 100, 'time_groups': 255, 'history_edges': 23816, 'pos_edges': 259, 'neg_edges': 259, 'loss_recent': 12.384750514030456, 'elapsed_sec': 40.16502143070102, 'avg_sec_per_batch': 0.4016502143070102, 'cuda_allocated_mb': 99, 'cuda_reserved_mb': 1524, 'cuda_max_allocated_mb': 1291}
{'event': 'train_progress', 'epoch': 2, 'batch': 200, 'batches': 255, 'time_group': 200, 'time_groups': 255, 'history_edges': 48751, 'pos_edges': 162, 'neg_edges': 162, 'loss_recent': 11.418522367477417, 'elapsed_sec': 83.02395528927445, 'avg_sec_per_batch': 0.41511977644637227, 'cuda_allocated_mb': 96, 'cuda_reserved_mb': 1524, 'cuda_max_allocated_mb': 1291}
{'event': 'train_time_group', 'epoch': 2, 'time_group': 255, 'time_groups': 255, 'batch': 254, 'batches': 255, 'time_value': 1410480000.0, 'group_batches': 1, 'history_edges': 61439, 'elapsed_sec': 107.2494904845953, 'cuda_allocated_mb': 89, 'cuda_reserved_mb': 1524, 'cuda_max_allocated_mb': 1291}
{'event': 'train_progress', 'epoch': 2, 'batch': 255, 'batches': 255, 'time_group': 255, 'time_groups': 255, 'history_edges': 61439, 'pos_edges': 321, 'neg_edges': 321, 'loss_recent': 10.76581379890442, 'elapsed_sec': 107.71419779211283, 'avg_sec_per_batch': 0.42240861879259933, 'cuda_allocated_mb': 101, 'cuda_reserved_mb': 1524, 'cuda_max_allocated_mb': 1291}
{'event': 'validation_start', 'epoch': 2}
{'event': 'validation_ranking_start', 'epoch': 2, 'max_edges': 100}
{'event': 'epoch_end', 'epoch': 2, 'early_stop_metric': 'val_composite', 'val_score': 0.5278656645646926, 'val_auc': 0.9231002337971479, 'val_ap': 0.7088493211817124, 'val_ndcg': 0.9529458299246701, 'val_mrr': 0.3321773434102229, 'val_hits@1': 0.22, 'val_hits@10': 0.57, 'val_hits@50': 0.79, 'val_hits@100': 0.825, 'elapsed_sec': 280.82137604802847}
{'event': 'epoch_start', 'epoch': 3, 'epochs': 24, 'batches': 255, 'time_groups': 255}
{'event': 'train_time_group', 'epoch': 3, 'time_group': 1, 'time_groups': 255, 'batch': 0, 'batches': 255, 'time_value': 1388534400.0, 'group_batches': 1, 'history_edges': 0, 'elapsed_sec': 0.04251439869403839, 'cuda_allocated_mb': 89, 'cuda_reserved_mb': 1524, 'cuda_max_allocated_mb': 1291}
{'event': 'train_progress', 'epoch': 3, 'batch': 1, 'batches': 255, 'time_group': 1, 'time_groups': 255, 'history_edges': 0, 'pos_edges': 113, 'neg_edges': 113, 'loss_recent': 8.26034927368164, 'elapsed_sec': 0.31481393799185753, 'avg_sec_per_batch': 0.31481393799185753, 'cuda_allocated_mb': 93, 'cuda_reserved_mb': 1524, 'cuda_max_allocated_mb': 1291}
{'event': 'train_progress', 'epoch': 3, 'batch': 100, 'batches': 255, 'time_group': 100, 'time_groups': 255, 'history_edges': 23816, 'pos_edges': 259, 'neg_edges': 259, 'loss_recent': 10.882219562530517, 'elapsed_sec': 41.66473054885864, 'avg_sec_per_batch': 0.4166473054885864, 'cuda_allocated_mb': 99, 'cuda_reserved_mb': 1524, 'cuda_max_allocated_mb': 1291}
{'event': 'train_progress', 'epoch': 3, 'batch': 200, 'batches': 255, 'time_group': 200, 'time_groups': 255, 'history_edges': 48751, 'pos_edges': 162, 'neg_edges': 162, 'loss_recent': 9.863168902397156, 'elapsed_sec': 85.7491867095232, 'avg_sec_per_batch': 0.42874593354761603, 'cuda_allocated_mb': 95, 'cuda_reserved_mb': 1524, 'cuda_max_allocated_mb': 1291}
{'event': 'train_time_group', 'epoch': 3, 'time_group': 255, 'time_groups': 255, 'batch': 254, 'batches': 255, 'time_value': 1410480000.0, 'group_batches': 1, 'history_edges': 61439, 'elapsed_sec': 109.71748081594706, 'cuda_allocated_mb': 89, 'cuda_reserved_mb': 1524, 'cuda_max_allocated_mb': 1291}
{'event': 'train_progress', 'epoch': 3, 'batch': 255, 'batches': 255, 'time_group': 255, 'time_groups': 255, 'history_edges': 61439, 'pos_edges': 321, 'neg_edges': 321, 'loss_recent': 9.325410985946656, 'elapsed_sec': 110.38644417002797, 'avg_sec_per_batch': 0.43288801635305085, 'cuda_allocated_mb': 101, 'cuda_reserved_mb': 1524, 'cuda_max_allocated_mb': 1291}
{'event': 'validation_start', 'epoch': 3}
{'event': 'validation_ranking_start', 'epoch': 3, 'max_edges': 100}
{'event': 'epoch_end', 'epoch': 3, 'early_stop_metric': 'val_composite', 'val_score': 0.5337466563150464, 'val_auc': 0.9255604198640146, 'val_ap': 0.7127726541398319, 'val_ndcg': 0.9538570479240761, 'val_mrr': 0.3423340648169265, 'val_hits@1': 0.24, 'val_hits@10': 0.57, 'val_hits@50': 0.765, 'val_hits@100': 0.82, 'elapsed_sec': 289.81734401732683}
{'event': 'epoch_start', 'epoch': 4, 'epochs': 24, 'batches': 255, 'time_groups': 255}
{'event': 'train_time_group', 'epoch': 4, 'time_group': 1, 'time_groups': 255, 'batch': 0, 'batches': 255, 'time_value': 1388534400.0, 'group_batches': 1, 'history_edges': 0, 'elapsed_sec': 0.1904802992939949, 'cuda_allocated_mb': 89, 'cuda_reserved_mb': 1524, 'cuda_max_allocated_mb': 1291}
{'event': 'train_progress', 'epoch': 4, 'batch': 1, 'batches': 255, 'time_group': 1, 'time_groups': 255, 'history_edges': 0, 'pos_edges': 113, 'neg_edges': 113, 'loss_recent': 8.588700294494629, 'elapsed_sec': 0.3887154720723629, 'avg_sec_per_batch': 0.3887154720723629, 'cuda_allocated_mb': 94, 'cuda_reserved_mb': 1524, 'cuda_max_allocated_mb': 1291}
{'event': 'train_progress', 'epoch': 4, 'batch': 100, 'batches': 255, 'time_group': 100, 'time_groups': 255, 'history_edges': 23816, 'pos_edges': 259, 'neg_edges': 259, 'loss_recent': 9.657984056472777, 'elapsed_sec': 40.51385371014476, 'avg_sec_per_batch': 0.4051385371014476, 'cuda_allocated_mb': 99, 'cuda_reserved_mb': 1524, 'cuda_max_allocated_mb': 1291}
{'event': 'train_progress', 'epoch': 4, 'batch': 200, 'batches': 255, 'time_group': 200, 'time_groups': 255, 'history_edges': 48751, 'pos_edges': 162, 'neg_edges': 162, 'loss_recent': 8.717411623001098, 'elapsed_sec': 83.77637460455298, 'avg_sec_per_batch': 0.4188818730227649, 'cuda_allocated_mb': 96, 'cuda_reserved_mb': 1524, 'cuda_max_allocated_mb': 1291}
{'event': 'train_time_group', 'epoch': 4, 'time_group': 255, 'time_groups': 255, 'batch': 254, 'batches': 255, 'time_value': 1410480000.0, 'group_batches': 1, 'history_edges': 61439, 'elapsed_sec': 107.34941417723894, 'cuda_allocated_mb': 89, 'cuda_reserved_mb': 1524, 'cuda_max_allocated_mb': 1292}
{'event': 'train_progress', 'epoch': 4, 'batch': 255, 'batches': 255, 'time_group': 255, 'time_groups': 255, 'history_edges': 61439, 'pos_edges': 321, 'neg_edges': 321, 'loss_recent': 8.270477256774903, 'elapsed_sec': 107.88666095584631, 'avg_sec_per_batch': 0.42308494492488746, 'cuda_allocated_mb': 101, 'cuda_reserved_mb': 1524, 'cuda_max_allocated_mb': 1292}
{'event': 'validation_start', 'epoch': 4}
{'event': 'validation_ranking_start', 'epoch': 4, 'max_edges': 100}
{'event': 'epoch_end', 'epoch': 4, 'early_stop_metric': 'val_composite', 'val_score': 0.5319670141986149, 'val_auc': 0.9257063152093674, 'val_ap': 0.7135659980912099, 'val_ndcg': 0.9539970918252827, 'val_mrr': 0.3384941790838735, 'val_hits@1': 0.24, 'val_hits@10': 0.57, 'val_hits@50': 0.755, 'val_hits@100': 0.815, 'elapsed_sec': 275.60052996873856}
{'event': 'epoch_start', 'epoch': 5, 'epochs': 24, 'batches': 255, 'time_groups': 255}
{'event': 'train_time_group', 'epoch': 5, 'time_group': 1, 'time_groups': 255, 'batch': 0, 'batches': 255, 'time_value': 1388534400.0, 'group_batches': 1, 'history_edges': 0, 'elapsed_sec': 0.04165410250425339, 'cuda_allocated_mb': 89, 'cuda_reserved_mb': 1524, 'cuda_max_allocated_mb': 1292}
{'event': 'train_progress', 'epoch': 5, 'batch': 1, 'batches': 255, 'time_group': 1, 'time_groups': 255, 'history_edges': 0, 'pos_edges': 113, 'neg_edges': 113, 'loss_recent': 9.22850227355957, 'elapsed_sec': 0.23675472289323807, 'avg_sec_per_batch': 0.23675472289323807, 'cuda_allocated_mb': 94, 'cuda_reserved_mb': 1524, 'cuda_max_allocated_mb': 1292}
{'event': 'train_progress', 'epoch': 5, 'batch': 100, 'batches': 255, 'time_group': 100, 'time_groups': 255, 'history_edges': 23816, 'pos_edges': 259, 'neg_edges': 259, 'loss_recent': 8.739398608207702, 'elapsed_sec': 40.03116366267204, 'avg_sec_per_batch': 0.4003116366267204, 'cuda_allocated_mb': 99, 'cuda_reserved_mb': 1524, 'cuda_max_allocated_mb': 1292}
{'event': 'train_progress', 'epoch': 5, 'batch': 200, 'batches': 255, 'time_group': 200, 'time_groups': 255, 'history_edges': 48751, 'pos_edges': 162, 'neg_edges': 162, 'loss_recent': 7.905251929759979, 'elapsed_sec': 83.50300565734506, 'avg_sec_per_batch': 0.41751502828672526, 'cuda_allocated_mb': 96, 'cuda_reserved_mb': 1524, 'cuda_max_allocated_mb': 1292}
{'event': 'train_time_group', 'epoch': 5, 'time_group': 255, 'time_groups': 255, 'batch': 254, 'batches': 255, 'time_value': 1410480000.0, 'group_batches': 1, 'history_edges': 61439, 'elapsed_sec': 107.28873321786523, 'cuda_allocated_mb': 89, 'cuda_reserved_mb': 1524, 'cuda_max_allocated_mb': 1292}
{'event': 'train_progress', 'epoch': 5, 'batch': 255, 'batches': 255, 'time_group': 255, 'time_groups': 255, 'history_edges': 61439, 'pos_edges': 321, 'neg_edges': 321, 'loss_recent': 7.532829852104187, 'elapsed_sec': 107.76908595860004, 'avg_sec_per_batch': 0.4226238665043139, 'cuda_allocated_mb': 101, 'cuda_reserved_mb': 1524, 'cuda_max_allocated_mb': 1292}
{'event': 'validation_start', 'epoch': 5}
{'event': 'validation_ranking_start', 'epoch': 5, 'max_edges': 100}
{'event': 'epoch_end', 'epoch': 5, 'early_stop_metric': 'val_composite', 'val_score': 0.5274937908982155, 'val_auc': 0.9231311174171379, 'val_ap': 0.7116606371210203, 'val_ndcg': 0.9534168202189299, 'val_mrr': 0.3324929148746251, 'val_hits@1': 0.225, 'val_hits@10': 0.565, 'val_hits@50': 0.755, 'val_hits@100': 0.79, 'elapsed_sec': 284.72846168652177}
{'event': 'epoch_start', 'epoch': 6, 'epochs': 24, 'batches': 255, 'time_groups': 255}
{'event': 'train_time_group', 'epoch': 6, 'time_group': 1, 'time_groups': 255, 'batch': 0, 'batches': 255, 'time_value': 1388534400.0, 'group_batches': 1, 'history_edges': 0, 'elapsed_sec': 0.044998154044151306, 'cuda_allocated_mb': 89, 'cuda_reserved_mb': 1526, 'cuda_max_allocated_mb': 1292}
{'event': 'train_progress', 'epoch': 6, 'batch': 1, 'batches': 255, 'time_group': 1, 'time_groups': 255, 'history_edges': 0, 'pos_edges': 113, 'neg_edges': 113, 'loss_recent': 9.947638511657715, 'elapsed_sec': 0.2644600570201874, 'avg_sec_per_batch': 0.2644600570201874, 'cuda_allocated_mb': 94, 'cuda_reserved_mb': 1526, 'cuda_max_allocated_mb': 1292}
{'event': 'train_progress', 'epoch': 6, 'batch': 100, 'batches': 255, 'time_group': 100, 'time_groups': 255, 'history_edges': 23816, 'pos_edges': 259, 'neg_edges': 259, 'loss_recent': 8.064306428432465, 'elapsed_sec': 39.81374476477504, 'avg_sec_per_batch': 0.3981374476477504, 'cuda_allocated_mb': 99, 'cuda_reserved_mb': 1526, 'cuda_max_allocated_mb': 1292}
{'event': 'train_progress', 'epoch': 6, 'batch': 200, 'batches': 255, 'time_group': 200, 'time_groups': 255, 'history_edges': 48751, 'pos_edges': 162, 'neg_edges': 162, 'loss_recent': 7.365587642192841, 'elapsed_sec': 82.62558998912573, 'avg_sec_per_batch': 0.4131279499456286, 'cuda_allocated_mb': 96, 'cuda_reserved_mb': 1526, 'cuda_max_allocated_mb': 1292}
{'event': 'train_time_group', 'epoch': 6, 'time_group': 255, 'time_groups': 255, 'batch': 254, 'batches': 255, 'time_value': 1410480000.0, 'group_batches': 1, 'history_edges': 61439, 'elapsed_sec': 106.44471810013056, 'cuda_allocated_mb': 89, 'cuda_reserved_mb': 1526, 'cuda_max_allocated_mb': 1292}
{'event': 'train_progress', 'epoch': 6, 'batch': 255, 'batches': 255, 'time_group': 255, 'time_groups': 255, 'history_edges': 61439, 'pos_edges': 321, 'neg_edges': 321, 'loss_recent': 7.055856468677521, 'elapsed_sec': 106.91565734520555, 'avg_sec_per_batch': 0.41927708762825705, 'cuda_allocated_mb': 100, 'cuda_reserved_mb': 1526, 'cuda_max_allocated_mb': 1292}
{'event': 'validation_start', 'epoch': 6}
{'event': 'validation_ranking_start', 'epoch': 6, 'max_edges': 100}
{'event': 'epoch_end', 'epoch': 6, 'early_stop_metric': 'val_composite', 'val_score': 0.530264906942829, 'val_auc': 0.9217085378358606, 'val_ap': 0.7099589119931486, 'val_ndcg': 0.9530470031603123, 'val_mrr': 0.33876188587206485, 'val_hits@1': 0.235, 'val_hits@10': 0.565, 'val_hits@50': 0.75, 'val_hits@100': 0.795, 'elapsed_sec': 288.7517848499119}
{'event': 'epoch_start', 'epoch': 7, 'epochs': 24, 'batches': 255, 'time_groups': 255}
{'event': 'train_time_group', 'epoch': 7, 'time_group': 1, 'time_groups': 255, 'batch': 0, 'batches': 255, 'time_value': 1388534400.0, 'group_batches': 1, 'history_edges': 0, 'elapsed_sec': 0.0656922496855259, 'cuda_allocated_mb': 89, 'cuda_reserved_mb': 1526, 'cuda_max_allocated_mb': 1292}
{'event': 'train_progress', 'epoch': 7, 'batch': 1, 'batches': 255, 'time_group': 1, 'time_groups': 255, 'history_edges': 0, 'pos_edges': 113, 'neg_edges': 113, 'loss_recent': 11.505997657775879, 'elapsed_sec': 0.2849353849887848, 'avg_sec_per_batch': 0.2849353849887848, 'cuda_allocated_mb': 93, 'cuda_reserved_mb': 1526, 'cuda_max_allocated_mb': 1292}
{'event': 'train_progress', 'epoch': 7, 'batch': 100, 'batches': 255, 'time_group': 100, 'time_groups': 255, 'history_edges': 23816, 'pos_edges': 259, 'neg_edges': 259, 'loss_recent': 7.576689827442169, 'elapsed_sec': 41.129573456943035, 'avg_sec_per_batch': 0.41129573456943036, 'cuda_allocated_mb': 98, 'cuda_reserved_mb': 1526, 'cuda_max_allocated_mb': 1292}
{'event': 'train_progress', 'epoch': 7, 'batch': 200, 'batches': 255, 'time_group': 200, 'time_groups': 255, 'history_edges': 48751, 'pos_edges': 162, 'neg_edges': 162, 'loss_recent': 7.018121235370636, 'elapsed_sec': 84.8727118447423, 'avg_sec_per_batch': 0.4243635592237115, 'cuda_allocated_mb': 96, 'cuda_reserved_mb': 1526, 'cuda_max_allocated_mb': 1292}
{'event': 'train_time_group', 'epoch': 7, 'time_group': 255, 'time_groups': 255, 'batch': 254, 'batches': 255, 'time_value': 1410480000.0, 'group_batches': 1, 'history_edges': 61439, 'elapsed_sec': 108.9771051183343, 'cuda_allocated_mb': 89, 'cuda_reserved_mb': 1526, 'cuda_max_allocated_mb': 1292}
{'event': 'train_progress', 'epoch': 7, 'batch': 255, 'batches': 255, 'time_group': 255, 'time_groups': 255, 'history_edges': 61439, 'pos_edges': 321, 'neg_edges': 321, 'loss_recent': 6.754142625331879, 'elapsed_sec': 109.41449501737952, 'avg_sec_per_batch': 0.42907645104854714, 'cuda_allocated_mb': 101, 'cuda_reserved_mb': 1526, 'cuda_max_allocated_mb': 1292}
{'event': 'validation_start', 'epoch': 7}
{'event': 'validation_ranking_start', 'epoch': 7, 'max_edges': 100}
{'event': 'epoch_end', 'epoch': 7, 'early_stop_metric': 'val_composite', 'val_score': 0.526127136082359, 'val_auc': 0.9202570834971457, 'val_ap': 0.7102388374007583, 'val_ndcg': 0.9528220965830976, 'val_mrr': 0.3305924932781564, 'val_hits@1': 0.22, 'val_hits@10': 0.565, 'val_hits@50': 0.75, 'val_hits@100': 0.795, 'elapsed_sec': 274.1958816871047}
{'event': 'epoch_start', 'epoch': 8, 'epochs': 24, 'batches': 255, 'time_groups': 255}
{'event': 'train_time_group', 'epoch': 8, 'time_group': 1, 'time_groups': 255, 'batch': 0, 'batches': 255, 'time_value': 1388534400.0, 'group_batches': 1, 'history_edges': 0, 'elapsed_sec': 0.04336924105882645, 'cuda_allocated_mb': 89, 'cuda_reserved_mb': 1526, 'cuda_max_allocated_mb': 1292}
{'event': 'train_progress', 'epoch': 8, 'batch': 1, 'batches': 255, 'time_group': 1, 'time_groups': 255, 'history_edges': 0, 'pos_edges': 113, 'neg_edges': 113, 'loss_recent': 13.290440559387207, 'elapsed_sec': 0.2462955117225647, 'avg_sec_per_batch': 0.2462955117225647, 'cuda_allocated_mb': 94, 'cuda_reserved_mb': 1526, 'cuda_max_allocated_mb': 1292}
{'event': 'train_progress', 'epoch': 8, 'batch': 100, 'batches': 255, 'time_group': 100, 'time_groups': 255, 'history_edges': 23816, 'pos_edges': 259, 'neg_edges': 259, 'loss_recent': 7.254141077995301, 'elapsed_sec': 37.245255030691624, 'avg_sec_per_batch': 0.37245255030691626, 'cuda_allocated_mb': 98, 'cuda_reserved_mb': 1526, 'cuda_max_allocated_mb': 1292}
{'event': 'train_progress', 'epoch': 8, 'batch': 200, 'batches': 255, 'time_group': 200, 'time_groups': 255, 'history_edges': 48751, 'pos_edges': 162, 'neg_edges': 162, 'loss_recent': 6.806390526294709, 'elapsed_sec': 77.88422987982631, 'avg_sec_per_batch': 0.3894211493991315, 'cuda_allocated_mb': 96, 'cuda_reserved_mb': 1526, 'cuda_max_allocated_mb': 1292}
{'event': 'train_time_group', 'epoch': 8, 'time_group': 255, 'time_groups': 255, 'batch': 254, 'batches': 255, 'time_value': 1410480000.0, 'group_batches': 1, 'history_edges': 61439, 'elapsed_sec': 100.39920917525887, 'cuda_allocated_mb': 89, 'cuda_reserved_mb': 1526, 'cuda_max_allocated_mb': 1292}
{'event': 'train_progress', 'epoch': 8, 'batch': 255, 'batches': 255, 'time_group': 255, 'time_groups': 255, 'history_edges': 61439, 'pos_edges': 321, 'neg_edges': 321, 'loss_recent': 6.566622080802918, 'elapsed_sec': 100.751978199929, 'avg_sec_per_batch': 0.39510579686246666, 'cuda_allocated_mb': 101, 'cuda_reserved_mb': 1526, 'cuda_max_allocated_mb': 1292}
{'event': 'validation_start', 'epoch': 8}
{'event': 'validation_ranking_start', 'epoch': 8, 'max_edges': 100}
{'event': 'epoch_end', 'epoch': 8, 'early_stop_metric': 'val_composite', 'val_score': 0.5322809559672075, 'val_auc': 0.9176156934630728, 'val_ap': 0.708040248364842, 'val_ndcg': 0.9521995025394122, 'val_mrr': 0.33394836757077256, 'val_hits@1': 0.225, 'val_hits@10': 0.59, 'val_hits@50': 0.77, 'val_hits@100': 0.79, 'elapsed_sec': 261.55991846323013}
{'dataset': 'icews14', 'method': 'ssptgfm', 'scenario': 'standard', 'ablation': 'full', 'few_shot_ratio': 1.0, 'seed': 3, 'train_edges': 61760, 'val_edges': 14592, 'test_edges': 14378, 'params_trainable': 2947251, 'params_total': 2947300, 'rough_forward_flops': 2792030208, 'train_eval_time_sec': 2670.9566788710654, 'allocated_mb': 49.5400390625, 'reserved_mb': 1526.0, 'max_allocated_mb': 1292.0830078125, 'val_auc': 0.9255604206154479, 'val_ap': 0.712772655147818, 'val_ndcg': 0.9538570482784223, 'val_mrr': 0.3423340648169265, 'val_hits@1': 0.24, 'val_hits@10': 0.57, 'val_hits@50': 0.765, 'val_hits@100': 0.82, 'train_loss': 10.04823216643988, 'train_lp': 0.3203508559395285, 'train_align': 1792.6433773265167, 'train_kl': 7619.05632276348, 'train_ood_reg': 0.2151626676905389, 'train_meta': 0.32355296613246787, 'train_struct_aux': 0.9261238750289468, 'train_weighted_align': 8.963216708688176, 'train_weighted_kl': 0.7619056124313205, 'train_weighted_ood_reg': 0.0002151626781400695, 'train_weighted_meta': 0.001617764798107137, 'train_weighted_struct_aux': 0.0009261239208189734, 'train_rank': 0.15444419942065782, 'train_weighted_rank': 0.00015444420688949965, 'test_auc': 0.9366403993202935, 'test_ap': 0.730501992658323, 'test_ndcg': 0.9580877023248427, 'test_mrr': 0.4234702242620458, 'test_hits@1': 0.294, 'test_hits@10': 0.66, 'test_hits@50': 0.8, 'test_hits@100': 0.858}
