
$ /root/miniconda3/bin/python -u scripts/search_hparams.py --config configs/auto_target/ssptgfm_search_icews14_struct_history_mlp_uniform_probe.yaml --output results/auto_target_unified_mlp_probe_v1/search_icews14_struct_history_mlp_uniform_probe --resume
runtime_device=cuda
cuda_device=Tesla V100-PCIE-32GB
{'event': 'candidate_seed_start', 'candidate': 'struct_history_mlp_uniform_probe_h96_r12_a12_p4x4_l1_neg1_lr0p001_hp0p25_sr0p25_sa0p05_rl0p05_m0_bpr', 'seed': 1, 'device': 'cuda', 'node_text_device': 'cuda:0'}
{'event': 'train_seed_start', 'seed': 1, 'train_edges': 15000, 'val_edges': 14592, 'test_edges': 14378, 'num_nodes': 7128, 'num_relations': 230}
{'event': 'train_seed_tensors_ready', 'seed': 1, 'elapsed_sec': 0.011422522366046906, 'cuda_allocated_mb': 21, 'cuda_reserved_mb': 24, 'cuda_max_allocated_mb': 21}
{'event': 'train_known_facts_ready', 'seed': 1, 'scope': 'train', 'edges': 15000, 'elapsed_sec': 0.015316206961870193}
{'event': 'train_known_facts_ready', 'seed': 1, 'scope': 'train_val', 'edges': 29592, 'elapsed_sec': 0.018171433359384537}
{'event': 'train_sampler_ready', 'seed': 1, 'elapsed_sec': 0.022076908499002457}
{'event': 'val_sampler_ready', 'seed': 1, 'elapsed_sec': 0.025463342666625977}
{'event': 'epoch_start', 'epoch': 1, 'epochs': 1, 'batches': 255, 'time_groups': 255}
{'event': 'train_time_group', 'epoch': 1, 'time_group': 1, 'time_groups': 255, 'batch': 0, 'batches': 255, 'time_value': 1388534400.0, 'group_batches': 1, 'history_edges': 0, 'elapsed_sec': 0.022536080330610275, 'cuda_allocated_mb': 22, 'cuda_reserved_mb': 24, 'cuda_max_allocated_mb': 22}
{'event': 'train_progress', 'epoch': 1, 'batch': 1, 'batches': 255, 'time_group': 1, 'time_groups': 255, 'history_edges': 0, 'pos_edges': 28, 'neg_edges': 28, 'loss_recent': 2.560953140258789, 'elapsed_sec': 1.0244681350886822, 'avg_sec_per_batch': 1.0244681350886822, 'cuda_allocated_mb': 87, 'cuda_reserved_mb': 158, 'cuda_max_allocated_mb': 145}
{'event': 'train_progress', 'epoch': 1, 'batch': 100, 'batches': 255, 'time_group': 100, 'time_groups': 255, 'history_edges': 5784, 'pos_edges': 63, 'neg_edges': 63, 'loss_recent': 4.205128765106201, 'elapsed_sec': 20.55427634343505, 'avg_sec_per_batch': 0.2055427634343505, 'cuda_allocated_mb': 90, 'cuda_reserved_mb': 372, 'cuda_max_allocated_mb': 332}
{'event': 'train_progress', 'epoch': 1, 'batch': 200, 'batches': 255, 'time_group': 200, 'time_groups': 255, 'history_edges': 11840, 'pos_edges': 40, 'neg_edges': 40, 'loss_recent': 3.8072391295433046, 'elapsed_sec': 41.318948704749346, 'avg_sec_per_batch': 0.20659474352374674, 'cuda_allocated_mb': 89, 'cuda_reserved_mb': 492, 'cuda_max_allocated_mb': 429}
{'event': 'train_time_group', 'epoch': 1, 'time_group': 255, 'time_groups': 255, 'batch': 254, 'batches': 255, 'time_value': 1410480000.0, 'group_batches': 1, 'history_edges': 14922, 'elapsed_sec': 52.301464539021254, 'cuda_allocated_mb': 86, 'cuda_reserved_mb': 532, 'cuda_max_allocated_mb': 482}
{'event': 'train_progress', 'epoch': 1, 'batch': 255, 'batches': 255, 'time_group': 255, 'time_groups': 255, 'history_edges': 14922, 'pos_edges': 78, 'neg_edges': 78, 'loss_recent': 3.553586142063141, 'elapsed_sec': 52.50916574895382, 'avg_sec_per_batch': 0.20591829705472087, 'cuda_allocated_mb': 91, 'cuda_reserved_mb': 532, 'cuda_max_allocated_mb': 482}
{'event': 'validation_start', 'epoch': 1}
{'event': 'validation_ranking_start', 'epoch': 1, 'max_edges': 5}
{'event': 'epoch_end', 'epoch': 1, 'early_stop_metric': 'val_composite', 'val_score': 0.527667603807328, 'val_auc': 0.9111165364583333, 'val_ap': 0.8280330240938288, 'val_ndcg': 0.9657872662102405, 'val_mrr': 0.23753487253487257, 'val_hits@1': 0.1, 'val_hits@10': 0.7, 'val_hits@50': 1.0, 'val_hits@100': 1.0, 'elapsed_sec': 65.85043063759804}
{'candidate': 'struct_history_mlp_uniform_probe_h96_r12_a12_p4x4_l1_neg1_lr0p001_hp0p25_sr0p25_sa0p05_rl0p05_m0_bpr', 'seed': 1, 'composite': nan, 'val_auc': 0.9111165364583333, 'val_ap': 0.8280330240938288, 'val_ndcg': 0.9657872662102405, 'val_mrr': 0.23753487253487257, 'val_hits@1': 0.1, 'val_hits@10': 0.7, 'val_hits@50': 1.0, 'val_hits@100': 1.0, 'train_loss': 3.8697891328849043, 'train_lp': 0.46805883318770164, 'train_align': 638.9914710549747, 'train_kl': 1783.2696554744946, 'train_ood_reg': 0.23029870022745694, 'train_meta': 0.4686242622487685, 'train_struct_aux': 0.5174523331371008, 'train_weighted_align': 3.1949572848338708, 'train_weighted_kl': 0.17832696125203487, 'train_weighted_ood_reg': 0.00023029871084088204, 'train_weighted_meta': 0.0023431212645864076, 'train_weighted_struct_aux': 0.025872617105350774, 'train_rank': 0.28760833588300966, 'train_weighted_rank': 0.014380417059303499}
{'event': 'candidate_summary', 'candidate': 'struct_history_mlp_uniform_probe_h96_r12_a12_p4x4_l1_neg1_lr0p001_hp0p25_sr0p25_sa0p05_rl0p05_m0_bpr', 'score': 0.527667603807328, 'passes_metric_minima': True, 'means': {'val_auc': 0.9111165364583333, 'val_ap': 0.8280330240938288, 'val_mrr': 0.23753487253487257, 'val_hits@10': 0.7, 'val_ndcg': 0.9657872662102405}, 'seeds_completed': 1}
{'event': 'candidate_seed_start', 'candidate': 'struct_history_mlp_uniform_probe_h96_r12_a12_p4x4_l1_neg1_lr0p001_hp0p25_sr0p5_sa0p05_rl0p05_m0_bpr', 'seed': 1, 'device': 'cuda', 'node_text_device': 'cuda:0'}
{'event': 'train_seed_start', 'seed': 1, 'train_edges': 15000, 'val_edges': 14592, 'test_edges': 14378, 'num_nodes': 7128, 'num_relations': 230}
{'event': 'train_seed_tensors_ready', 'seed': 1, 'elapsed_sec': 0.007816046476364136, 'cuda_allocated_mb': 37, 'cuda_reserved_mb': 64, 'cuda_max_allocated_mb': 482}
{'event': 'train_known_facts_ready', 'seed': 1, 'scope': 'train', 'edges': 15000, 'elapsed_sec': 0.010731682181358337}
{'event': 'train_known_facts_ready', 'seed': 1, 'scope': 'train_val', 'edges': 29592, 'elapsed_sec': 0.014048367738723755}
{'event': 'train_sampler_ready', 'seed': 1, 'elapsed_sec': 0.017591208219528198}
{'event': 'val_sampler_ready', 'seed': 1, 'elapsed_sec': 0.02081252634525299}
{'event': 'epoch_start', 'epoch': 1, 'epochs': 1, 'batches': 255, 'time_groups': 255}
{'event': 'train_time_group', 'epoch': 1, 'time_group': 1, 'time_groups': 255, 'batch': 0, 'batches': 255, 'time_value': 1388534400.0, 'group_batches': 1, 'history_edges': 0, 'elapsed_sec': 0.011386267840862274, 'cuda_allocated_mb': 38, 'cuda_reserved_mb': 64, 'cuda_max_allocated_mb': 482}
{'event': 'train_progress', 'epoch': 1, 'batch': 1, 'batches': 255, 'time_group': 1, 'time_groups': 255, 'history_edges': 0, 'pos_edges': 28, 'neg_edges': 28, 'loss_recent': 2.564302921295166, 'elapsed_sec': 0.17145251110196114, 'avg_sec_per_batch': 0.17145251110196114, 'cuda_allocated_mb': 87, 'cuda_reserved_mb': 158, 'cuda_max_allocated_mb': 482}
{'event': 'train_progress', 'epoch': 1, 'batch': 100, 'batches': 255, 'time_group': 100, 'time_groups': 255, 'history_edges': 5784, 'pos_edges': 63, 'neg_edges': 63, 'loss_recent': 4.198904247283935, 'elapsed_sec': 31.46580457687378, 'avg_sec_per_batch': 0.3146580457687378, 'cuda_allocated_mb': 90, 'cuda_reserved_mb': 392, 'cuda_max_allocated_mb': 482}
{'event': 'train_progress', 'epoch': 1, 'batch': 200, 'batches': 255, 'time_group': 200, 'time_groups': 255, 'history_edges': 11840, 'pos_edges': 40, 'neg_edges': 40, 'loss_recent': 3.8043687415122984, 'elapsed_sec': 70.28432174026966, 'avg_sec_per_batch': 0.3514216087013483, 'cuda_allocated_mb': 89, 'cuda_reserved_mb': 472, 'cuda_max_allocated_mb': 482}
{'event': 'train_time_group', 'epoch': 1, 'time_group': 255, 'time_groups': 255, 'batch': 254, 'batches': 255, 'time_value': 1410480000.0, 'group_batches': 1, 'history_edges': 14922, 'elapsed_sec': 91.60618428885937, 'cuda_allocated_mb': 86, 'cuda_reserved_mb': 532, 'cuda_max_allocated_mb': 482}
{'event': 'train_progress', 'epoch': 1, 'batch': 255, 'batches': 255, 'time_group': 255, 'time_groups': 255, 'history_edges': 14922, 'pos_edges': 78, 'neg_edges': 78, 'loss_recent': 3.5520772624015806, 'elapsed_sec': 92.01899293810129, 'avg_sec_per_batch': 0.36085879583569136, 'cuda_allocated_mb': 91, 'cuda_reserved_mb': 532, 'cuda_max_allocated_mb': 482}
{'event': 'validation_start', 'epoch': 1}
{'event': 'validation_ranking_start', 'epoch': 1, 'max_edges': 5}
{'event': 'epoch_end', 'epoch': 1, 'early_stop_metric': 'val_composite', 'val_score': 0.5303564423489026, 'val_auc': 0.9128580729166665, 'val_ap': 0.8280570598407889, 'val_ndcg': 0.9657479091108748, 'val_mrr': 0.24273809523809525, 'val_hits@1': 0.1, 'val_hits@10': 0.7, 'val_hits@50': 1.0, 'val_hits@100': 1.0, 'elapsed_sec': 141.46222360804677}
{'candidate': 'struct_history_mlp_uniform_probe_h96_r12_a12_p4x4_l1_neg1_lr0p001_hp0p25_sr0p5_sa0p05_rl0p05_m0_bpr', 'seed': 1, 'composite': nan, 'val_auc': 0.9128580729166665, 'val_ap': 0.8280570598407889, 'val_ndcg': 0.9657479091108748, 'val_mrr': 0.24273809523809525, 'val_hits@1': 0.1, 'val_hits@10': 0.7, 'val_hits@50': 1.0, 'val_hits@100': 1.0, 'train_loss': 3.866001978107527, 'train_lp': 0.4636850213887645, 'train_align': 639.1344677495022, 'train_kl': 1782.721208639706, 'train_ood_reg': 0.23035586558136287, 'train_meta': 0.46503437196507175, 'train_struct_aux': 0.5163406126639423, 'train_weighted_align': 3.1956722680260152, 'train_weighted_kl': 0.1782721163595424, 'train_weighted_ood_reg': 0.00023035587647053248, 'train_weighted_meta': 0.002325171800147669, 'train_weighted_struct_aux': 0.025817031099223623, 'train_rank': 0.2830445482596463, 'train_weighted_rank': 0.014152227639786753}
{'event': 'candidate_summary', 'candidate': 'struct_history_mlp_uniform_probe_h96_r12_a12_p4x4_l1_neg1_lr0p001_hp0p25_sr0p5_sa0p05_rl0p05_m0_bpr', 'score': 0.5303564423489026, 'passes_metric_minima': True, 'means': {'val_auc': 0.9128580729166665, 'val_ap': 0.8280570598407889, 'val_mrr': 0.24273809523809525, 'val_hits@10': 0.7, 'val_ndcg': 0.9657479091108748}, 'seeds_completed': 1}
{'event': 'candidate_seed_start', 'candidate': 'struct_history_mlp_uniform_probe_h96_r12_a12_p4x4_l1_neg1_lr0p001_hp0p5_sr0p25_sa0p05_rl0p05_m0_bpr', 'seed': 1, 'device': 'cuda', 'node_text_device': 'cuda:0'}
{'event': 'train_seed_start', 'seed': 1, 'train_edges': 15000, 'val_edges': 14592, 'test_edges': 14378, 'num_nodes': 7128, 'num_relations': 230}
{'event': 'train_seed_tensors_ready', 'seed': 1, 'elapsed_sec': 0.022566169500350952, 'cuda_allocated_mb': 37, 'cuda_reserved_mb': 64, 'cuda_max_allocated_mb': 482}
{'event': 'train_known_facts_ready', 'seed': 1, 'scope': 'train', 'edges': 15000, 'elapsed_sec': 0.025382906198501587}
{'event': 'train_known_facts_ready', 'seed': 1, 'scope': 'train_val', 'edges': 29592, 'elapsed_sec': 0.028579238802194595}
{'event': 'train_sampler_ready', 'seed': 1, 'elapsed_sec': 0.032096799463033676}
{'event': 'val_sampler_ready', 'seed': 1, 'elapsed_sec': 0.03534515202045441}
{'event': 'epoch_start', 'epoch': 1, 'epochs': 1, 'batches': 255, 'time_groups': 255}
{'event': 'train_time_group', 'epoch': 1, 'time_group': 1, 'time_groups': 255, 'batch': 0, 'batches': 255, 'time_value': 1388534400.0, 'group_batches': 1, 'history_edges': 0, 'elapsed_sec': 0.011186279356479645, 'cuda_allocated_mb': 38, 'cuda_reserved_mb': 64, 'cuda_max_allocated_mb': 482}
{'event': 'train_progress', 'epoch': 1, 'batch': 1, 'batches': 255, 'time_group': 1, 'time_groups': 255, 'history_edges': 0, 'pos_edges': 28, 'neg_edges': 28, 'loss_recent': 2.560953140258789, 'elapsed_sec': 0.2644445523619652, 'avg_sec_per_batch': 0.2644445523619652, 'cuda_allocated_mb': 87, 'cuda_reserved_mb': 158, 'cuda_max_allocated_mb': 482}
{'event': 'train_progress', 'epoch': 1, 'batch': 100, 'batches': 255, 'time_group': 100, 'time_groups': 255, 'history_edges': 5784, 'pos_edges': 63, 'neg_edges': 63, 'loss_recent': 4.196919510364532, 'elapsed_sec': 38.5141533203423, 'avg_sec_per_batch': 0.38514153320342304, 'cuda_allocated_mb': 90, 'cuda_reserved_mb': 392, 'cuda_max_allocated_mb': 482}
{'event': 'train_progress', 'epoch': 1, 'batch': 200, 'batches': 255, 'time_group': 200, 'time_groups': 255, 'history_edges': 11840, 'pos_edges': 40, 'neg_edges': 40, 'loss_recent': 3.8044386661052703, 'elapsed_sec': 79.07505325600505, 'avg_sec_per_batch': 0.39537526628002523, 'cuda_allocated_mb': 89, 'cuda_reserved_mb': 472, 'cuda_max_allocated_mb': 482}
{'event': 'train_time_group', 'epoch': 1, 'time_group': 255, 'time_groups': 255, 'batch': 254, 'batches': 255, 'time_value': 1410480000.0, 'group_batches': 1, 'history_edges': 14922, 'elapsed_sec': 100.87324061244726, 'cuda_allocated_mb': 86, 'cuda_reserved_mb': 532, 'cuda_max_allocated_mb': 482}
{'event': 'train_progress', 'epoch': 1, 'batch': 255, 'batches': 255, 'time_group': 255, 'time_groups': 255, 'history_edges': 14922, 'pos_edges': 78, 'neg_edges': 78, 'loss_recent': 3.5514043629169465, 'elapsed_sec': 101.35879161953926, 'avg_sec_per_batch': 0.3974854573315265, 'cuda_allocated_mb': 91, 'cuda_reserved_mb': 532, 'cuda_max_allocated_mb': 482}
{'event': 'validation_start', 'epoch': 1}
{'event': 'validation_ranking_start', 'epoch': 1, 'max_edges': 5}
{'event': 'epoch_end', 'epoch': 1, 'early_stop_metric': 'val_composite', 'val_score': 0.5274687717017794, 'val_auc': 0.9129991319444445, 'val_ap': 0.8305299548959152, 'val_ndcg': 0.9664591853944743, 'val_mrr': 0.2359656084656085, 'val_hits@1': 0.1, 'val_hits@10': 0.7, 'val_hits@50': 1.0, 'val_hits@100': 1.0, 'elapsed_sec': 150.5986829958856}
{'candidate': 'struct_history_mlp_uniform_probe_h96_r12_a12_p4x4_l1_neg1_lr0p001_hp0p5_sr0p25_sa0p05_rl0p05_m0_bpr', 'seed': 1, 'composite': nan, 'val_auc': 0.9129991319444445, 'val_ap': 0.8305299548959152, 'val_ndcg': 0.9664591853944743, 'val_mrr': 0.2359656084656085, 'val_hits@1': 0.1, 'val_hits@10': 0.7, 'val_hits@50': 1.0, 'val_hits@100': 1.0, 'train_loss': 3.8650572945089903, 'train_lp': 0.4637298484058941, 'train_align': 638.9293759813496, 'train_kl': 1783.413441138174, 'train_ood_reg': 0.23065607167926488, 'train_meta': 0.46466449271230137, 'train_struct_aux': 0.5157066204968621, 'train_weighted_align': 3.194646806342929, 'train_weighted_kl': 0.1783413391779451, 'train_weighted_ood_reg': 0.0002306560828240917, 'train_weighted_meta': 0.002323322407170838, 'train_weighted_struct_aux': 0.02578533143170324, 'train_rank': 0.28497094760338465, 'train_weighted_rank': 0.014248547606243223}
{'event': 'candidate_summary', 'candidate': 'struct_history_mlp_uniform_probe_h96_r12_a12_p4x4_l1_neg1_lr0p001_hp0p5_sr0p25_sa0p05_rl0p05_m0_bpr', 'score': 0.5274687717017794, 'passes_metric_minima': True, 'means': {'val_auc': 0.9129991319444445, 'val_ap': 0.8305299548959152, 'val_mrr': 0.2359656084656085, 'val_hits@10': 0.7, 'val_ndcg': 0.9664591853944743}, 'seeds_completed': 1}
{'event': 'candidate_seed_start', 'candidate': 'struct_history_mlp_uniform_probe_h96_r12_a12_p4x4_l1_neg1_lr0p001_hp0p5_sr0p5_sa0p05_rl0p05_m0_bpr', 'seed': 1, 'device': 'cuda', 'node_text_device': 'cuda:0'}
{'event': 'train_seed_start', 'seed': 1, 'train_edges': 15000, 'val_edges': 14592, 'test_edges': 14378, 'num_nodes': 7128, 'num_relations': 230}
{'event': 'train_seed_tensors_ready', 'seed': 1, 'elapsed_sec': 0.02562253549695015, 'cuda_allocated_mb': 37, 'cuda_reserved_mb': 64, 'cuda_max_allocated_mb': 482}
{'event': 'train_known_facts_ready', 'seed': 1, 'scope': 'train', 'edges': 15000, 'elapsed_sec': 0.028709419071674347}
{'event': 'train_known_facts_ready', 'seed': 1, 'scope': 'train_val', 'edges': 29592, 'elapsed_sec': 0.03200869262218475}
{'event': 'train_sampler_ready', 'seed': 1, 'elapsed_sec': 0.035552725195884705}
{'event': 'val_sampler_ready', 'seed': 1, 'elapsed_sec': 0.038756147027015686}
{'event': 'epoch_start', 'epoch': 1, 'epochs': 1, 'batches': 255, 'time_groups': 255}
{'event': 'train_time_group', 'epoch': 1, 'time_group': 1, 'time_groups': 255, 'batch': 0, 'batches': 255, 'time_value': 1388534400.0, 'group_batches': 1, 'history_edges': 0, 'elapsed_sec': 0.012207593768835068, 'cuda_allocated_mb': 38, 'cuda_reserved_mb': 64, 'cuda_max_allocated_mb': 482}
{'event': 'train_progress', 'epoch': 1, 'batch': 1, 'batches': 255, 'time_group': 1, 'time_groups': 255, 'history_edges': 0, 'pos_edges': 28, 'neg_edges': 28, 'loss_recent': 2.564302921295166, 'elapsed_sec': 0.3865118660032749, 'avg_sec_per_batch': 0.3865118660032749, 'cuda_allocated_mb': 87, 'cuda_reserved_mb': 158, 'cuda_max_allocated_mb': 482}
{'event': 'train_progress', 'epoch': 1, 'batch': 100, 'batches': 255, 'time_group': 100, 'time_groups': 255, 'history_edges': 5784, 'pos_edges': 63, 'neg_edges': 63, 'loss_recent': 4.192376285791397, 'elapsed_sec': 40.27136394381523, 'avg_sec_per_batch': 0.4027136394381523, 'cuda_allocated_mb': 90, 'cuda_reserved_mb': 392, 'cuda_max_allocated_mb': 482}
{'event': 'train_progress', 'epoch': 1, 'batch': 200, 'batches': 255, 'time_group': 200, 'time_groups': 255, 'history_edges': 11840, 'pos_edges': 40, 'neg_edges': 40, 'loss_recent': 3.8012041640281677, 'elapsed_sec': 80.86066873371601, 'avg_sec_per_batch': 0.40430334366858006, 'cuda_allocated_mb': 89, 'cuda_reserved_mb': 472, 'cuda_max_allocated_mb': 482}
{'event': 'train_time_group', 'epoch': 1, 'time_group': 255, 'time_groups': 255, 'batch': 254, 'batches': 255, 'time_value': 1410480000.0, 'group_batches': 1, 'history_edges': 14922, 'elapsed_sec': 102.65196194499731, 'cuda_allocated_mb': 86, 'cuda_reserved_mb': 532, 'cuda_max_allocated_mb': 482}
{'event': 'train_progress', 'epoch': 1, 'batch': 255, 'batches': 255, 'time_group': 255, 'time_groups': 255, 'history_edges': 14922, 'pos_edges': 78, 'neg_edges': 78, 'loss_recent': 3.5493469822406767, 'elapsed_sec': 103.08522251993418, 'avg_sec_per_batch': 0.4042557745879772, 'cuda_allocated_mb': 91, 'cuda_reserved_mb': 532, 'cuda_max_allocated_mb': 482}
{'event': 'validation_start', 'epoch': 1}
{'event': 'validation_ranking_start', 'epoch': 1, 'max_edges': 5}
{'event': 'epoch_end', 'epoch': 1, 'early_stop_metric': 'val_composite', 'val_score': 0.5275897984815402, 'val_auc': 0.9138563368055556, 'val_ap': 0.8312684327165272, 'val_ndcg': 0.9666468141278614, 'val_mrr': 0.23583333333333334, 'val_hits@1': 0.1, 'val_hits@10': 0.7, 'val_hits@50': 1.0, 'val_hits@100': 1.0, 'elapsed_sec': 151.62969656661153}
