
$ /root/miniconda3/bin/python -u scripts/search_hparams.py --config configs/auto_target/ssptgfm_search_tgb_smallpedia_struct_history_role64_rankloss_probe.yaml --output results/auto_target_role64_probe_v1/search_tgb_smallpedia_struct_history_role64_rankloss_probe --resume
runtime_device=cuda
cuda_device=Tesla V100-PCIE-32GB
{'event': 'candidate_seed_start', 'candidate': 'struct_history_role64_rankloss_probe_h96_r12_a12_p4x4_l1_neg1_lr0p001_hp0p5_role64_sr0_sa0_rl0p05_m1_hinge', 'seed': 1, 'device': 'cuda', 'node_text_device': 'cuda:0'}
{'event': 'train_seed_start', 'seed': 1, 'train_edges': 50000, 'val_edges': 162066, 'test_edges': 163172, 'num_nodes': 47433, 'num_relations': 566}
{'event': 'train_seed_tensors_ready', 'seed': 1, 'elapsed_sec': 0.021312393248081207, 'cuda_allocated_mb': 105, 'cuda_reserved_mb': 126, 'cuda_max_allocated_mb': 105}
{'event': 'train_known_facts_ready', 'seed': 1, 'scope': 'train', 'edges': 50000, 'elapsed_sec': 0.028486192226409912}
{'event': 'train_known_facts_ready', 'seed': 1, 'scope': 'train_val', 'edges': 212066, 'elapsed_sec': 0.047996100038290024}
{'event': 'train_sampler_ready', 'seed': 1, 'elapsed_sec': 0.16624438017606735}
{'event': 'val_sampler_ready', 'seed': 1, 'elapsed_sec': 0.2847289517521858}
{'event': 'epoch_start', 'epoch': 1, 'epochs': 1, 'batches': 156, 'time_groups': 98}
{'event': 'train_time_group', 'epoch': 1, 'time_group': 1, 'time_groups': 98, 'batch': 0, 'batches': 156, 'time_value': 1900.0, 'group_batches': 1, 'history_edges': 0, 'elapsed_sec': 0.03316626325249672, 'cuda_allocated_mb': 107, 'cuda_reserved_mb': 126, 'cuda_max_allocated_mb': 107}
{'event': 'train_progress', 'epoch': 1, 'batch': 1, 'batches': 156, 'time_group': 1, 'time_groups': 98, 'history_edges': 0, 'pos_edges': 252, 'neg_edges': 252, 'loss_recent': 22.981157302856445, 'elapsed_sec': 1.5214002951979637, 'avg_sec_per_batch': 1.5214002951979637, 'cuda_allocated_mb': 393, 'cuda_reserved_mb': 858, 'cuda_max_allocated_mb': 835}
{'event': 'train_progress', 'epoch': 1, 'batch': 100, 'batches': 156, 'time_group': 70, 'time_groups': 98, 'history_edges': 30867, 'pos_edges': 92, 'neg_edges': 92, 'loss_recent': 27.93787175357342, 'elapsed_sec': 74.95197780430317, 'avg_sec_per_batch': 0.7495197780430317, 'cuda_allocated_mb': 466, 'cuda_reserved_mb': 2022, 'cuda_max_allocated_mb': 1926}
{'event': 'train_time_group', 'epoch': 1, 'time_group': 98, 'time_groups': 98, 'batch': 154, 'batches': 156, 'time_value': 1997.0, 'group_batches': 2, 'history_edges': 49206, 'elapsed_sec': 117.62560481205583, 'cuda_allocated_mb': 334, 'cuda_reserved_mb': 2324, 'cuda_max_allocated_mb': 2213}
{'event': 'train_progress', 'epoch': 1, 'batch': 156, 'batches': 156, 'time_group': 98, 'time_groups': 98, 'history_edges': 49206, 'pos_edges': 282, 'neg_edges': 282, 'loss_recent': 29.14752166390419, 'elapsed_sec': 119.0179326236248, 'avg_sec_per_batch': 0.7629354655360564, 'cuda_allocated_mb': 467, 'cuda_reserved_mb': 2324, 'cuda_max_allocated_mb': 2226}
{'event': 'validation_start', 'epoch': 1}
{'event': 'validation_ranking_start', 'epoch': 1, 'max_edges': 5}
{'event': 'epoch_end', 'epoch': 1, 'early_stop_metric': 'val_composite', 'val_score': 0.24793117015939656, 'val_auc': 0.737005615234375, 'val_ap': 0.48762947785624505, 'val_ndcg': 0.8820427784607388, 'val_mrr': 0.1074567027518946, 'val_hits@1': 0.1, 'val_hits@10': 0.1, 'val_hits@50': 0.2, 'val_hits@100': 0.2, 'elapsed_sec': 382.27635361999273}

$ /root/miniconda3/bin/python -u scripts/search_hparams.py --config configs/auto_target/ssptgfm_search_tgb_smallpedia_struct_history_role64_rankloss_probe.yaml --output results/auto_target_role64_probe_v1/search_tgb_smallpedia_struct_history_role64_rankloss_probe --resume
runtime_device=cuda
cuda_device=Tesla V100-PCIE-32GB
{'event': 'candidate_seed_start', 'candidate': 'struct_history_role64_rankloss_probe_h96_r12_a12_p4x4_l1_neg1_lr0p001_hp0p5_role64_sr0_sa0_rl0p05_m1_hinge', 'seed': 1, 'device': 'cuda', 'node_text_device': 'cuda:0'}
{'event': 'train_seed_start', 'seed': 1, 'train_edges': 50000, 'val_edges': 162066, 'test_edges': 163172, 'num_nodes': 47433, 'num_relations': 566}
{'event': 'train_seed_tensors_ready', 'seed': 1, 'elapsed_sec': 0.02503896877169609, 'cuda_allocated_mb': 105, 'cuda_reserved_mb': 126, 'cuda_max_allocated_mb': 105}
{'event': 'train_known_facts_ready', 'seed': 1, 'scope': 'train', 'edges': 50000, 'elapsed_sec': 0.03020576760172844}
{'event': 'train_known_facts_ready', 'seed': 1, 'scope': 'train_val', 'edges': 212066, 'elapsed_sec': 0.04692443832755089}
{'event': 'train_sampler_ready', 'seed': 1, 'elapsed_sec': 0.16468729451298714}
{'event': 'val_sampler_ready', 'seed': 1, 'elapsed_sec': 0.281111728399992}
{'event': 'epoch_start', 'epoch': 1, 'epochs': 1, 'batches': 156, 'time_groups': 98}
{'event': 'train_time_group', 'epoch': 1, 'time_group': 1, 'time_groups': 98, 'batch': 0, 'batches': 156, 'time_value': 1900.0, 'group_batches': 1, 'history_edges': 0, 'elapsed_sec': 0.026516728103160858, 'cuda_allocated_mb': 107, 'cuda_reserved_mb': 126, 'cuda_max_allocated_mb': 107}
{'event': 'train_progress', 'epoch': 1, 'batch': 1, 'batches': 156, 'time_group': 1, 'time_groups': 98, 'history_edges': 0, 'pos_edges': 252, 'neg_edges': 252, 'loss_recent': 22.981157302856445, 'elapsed_sec': 1.6381764523684978, 'avg_sec_per_batch': 1.6381764523684978, 'cuda_allocated_mb': 393, 'cuda_reserved_mb': 858, 'cuda_max_allocated_mb': 835}
{'event': 'train_progress', 'epoch': 1, 'batch': 100, 'batches': 156, 'time_group': 70, 'time_groups': 98, 'history_edges': 30867, 'pos_edges': 92, 'neg_edges': 92, 'loss_recent': 27.937871735692024, 'elapsed_sec': 71.43695875629783, 'avg_sec_per_batch': 0.7143695875629783, 'cuda_allocated_mb': 466, 'cuda_reserved_mb': 2022, 'cuda_max_allocated_mb': 1926}
{'event': 'train_time_group', 'epoch': 1, 'time_group': 98, 'time_groups': 98, 'batch': 154, 'batches': 156, 'time_value': 1997.0, 'group_batches': 2, 'history_edges': 49206, 'elapsed_sec': 110.76694912090898, 'cuda_allocated_mb': 334, 'cuda_reserved_mb': 2326, 'cuda_max_allocated_mb': 2213}
{'event': 'train_progress', 'epoch': 1, 'batch': 156, 'batches': 156, 'time_group': 98, 'time_groups': 98, 'history_edges': 49206, 'pos_edges': 282, 'neg_edges': 282, 'loss_recent': 29.147521612644194, 'elapsed_sec': 112.13093091547489, 'avg_sec_per_batch': 0.7187880186889416, 'cuda_allocated_mb': 467, 'cuda_reserved_mb': 2326, 'cuda_max_allocated_mb': 2226}
{'event': 'validation_start', 'epoch': 1}
{'event': 'validation_ranking_start', 'epoch': 1, 'max_edges': 5}
{'event': 'epoch_end', 'epoch': 1, 'early_stop_metric': 'val_composite', 'val_score': 0.24793117021010252, 'val_auc': 0.737005615234375, 'val_ap': 0.48762947785624505, 'val_ndcg': 0.8820427784607388, 'val_mrr': 0.10745670284408723, 'val_hits@1': 0.1, 'val_hits@10': 0.1, 'val_hits@50': 0.2, 'val_hits@100': 0.2, 'elapsed_sec': 143.83318855986}
{'candidate': 'struct_history_role64_rankloss_probe_h96_r12_a12_p4x4_l1_neg1_lr0p001_hp0p5_role64_sr0_sa0_rl0p05_m1_hinge', 'seed': 1, 'composite': nan, 'val_auc': 0.737005615234375, 'val_ap': 0.48762947785624505, 'val_ndcg': 0.8820427784607388, 'val_mrr': 0.10745670284408723, 'val_hits@1': 0.1, 'val_hits@10': 0.1, 'val_hits@50': 0.2, 'val_hits@100': 0.2, 'train_loss': 29.17552978449907, 'train_lp': 0.4583668135679685, 'train_align': 5689.162828341508, 'train_kl': 2689.1779358784356, 'train_ood_reg': 0.21093560344515702, 'train_meta': 0.4441359815402673, 'train_struct_aux': 0.0, 'train_weighted_align': 28.44581343047321, 'train_weighted_kl': 0.26891778770573765, 'train_weighted_ood_reg': 0.00021093561278972536, 'train_weighted_meta': 0.002220679855292054, 'train_weighted_struct_aux': 0.0, 'train_rank': 0.33524425853139317, 'train_weighted_rank': 0.016762213232234504}
{'event': 'candidate_summary', 'candidate': 'struct_history_role64_rankloss_probe_h96_r12_a12_p4x4_l1_neg1_lr0p001_hp0p5_role64_sr0_sa0_rl0p05_m1_hinge', 'score': 0.24793117021010252, 'passes_metric_minima': True, 'means': {'val_auc': 0.737005615234375, 'val_ap': 0.48762947785624505, 'val_mrr': 0.10745670284408723, 'val_hits@10': 0.1, 'val_ndcg': 0.8820427784607388}, 'seeds_completed': 1}
{'event': 'candidate_seed_start', 'candidate': 'struct_history_role64_rankloss_probe_h96_r12_a12_p4x4_l1_neg1_lr0p001_hp0p5_role64_sr0_sa0_rl0p1_m0p75_hinge', 'seed': 1, 'device': 'cuda', 'node_text_device': 'cuda:0'}
{'event': 'train_seed_start', 'seed': 1, 'train_edges': 50000, 'val_edges': 162066, 'test_edges': 163172, 'num_nodes': 47433, 'num_relations': 566}
{'event': 'train_seed_tensors_ready', 'seed': 1, 'elapsed_sec': 0.02323676273226738, 'cuda_allocated_mb': 122, 'cuda_reserved_mb': 146, 'cuda_max_allocated_mb': 2226}
{'event': 'train_known_facts_ready', 'seed': 1, 'scope': 'train', 'edges': 50000, 'elapsed_sec': 0.02943393960595131}
{'event': 'train_known_facts_ready', 'seed': 1, 'scope': 'train_val', 'edges': 212066, 'elapsed_sec': 0.051447924226522446}
{'event': 'train_sampler_ready', 'seed': 1, 'elapsed_sec': 0.1777498982846737}
{'event': 'val_sampler_ready', 'seed': 1, 'elapsed_sec': 0.2966681011021137}
{'event': 'epoch_start', 'epoch': 1, 'epochs': 1, 'batches': 156, 'time_groups': 98}
{'event': 'train_time_group', 'epoch': 1, 'time_group': 1, 'time_groups': 98, 'batch': 0, 'batches': 156, 'time_value': 1900.0, 'group_batches': 1, 'history_edges': 0, 'elapsed_sec': 0.018940594047307968, 'cuda_allocated_mb': 123, 'cuda_reserved_mb': 146, 'cuda_max_allocated_mb': 2226}
{'event': 'train_progress', 'epoch': 1, 'batch': 1, 'batches': 156, 'time_group': 1, 'time_groups': 98, 'history_edges': 0, 'pos_edges': 252, 'neg_edges': 252, 'loss_recent': 22.981157302856445, 'elapsed_sec': 0.5450624004006386, 'avg_sec_per_batch': 0.5450624004006386, 'cuda_allocated_mb': 393, 'cuda_reserved_mb': 858, 'cuda_max_allocated_mb': 2226}
{'event': 'train_progress', 'epoch': 1, 'batch': 100, 'batches': 156, 'time_group': 70, 'time_groups': 98, 'history_edges': 30867, 'pos_edges': 92, 'neg_edges': 92, 'loss_recent': 27.937501379847525, 'elapsed_sec': 71.96700100973248, 'avg_sec_per_batch': 0.7196700100973249, 'cuda_allocated_mb': 466, 'cuda_reserved_mb': 2022, 'cuda_max_allocated_mb': 2226}
{'event': 'train_time_group', 'epoch': 1, 'time_group': 98, 'time_groups': 98, 'batch': 154, 'batches': 156, 'time_value': 1997.0, 'group_batches': 2, 'history_edges': 49206, 'elapsed_sec': 113.55367502570152, 'cuda_allocated_mb': 334, 'cuda_reserved_mb': 2304, 'cuda_max_allocated_mb': 2226}
{'event': 'train_progress', 'epoch': 1, 'batch': 156, 'batches': 156, 'time_group': 98, 'time_groups': 98, 'history_edges': 49206, 'pos_edges': 282, 'neg_edges': 282, 'loss_recent': 29.14639567375183, 'elapsed_sec': 114.40920658037066, 'avg_sec_per_batch': 0.7333923498741709, 'cuda_allocated_mb': 467, 'cuda_reserved_mb': 2344, 'cuda_max_allocated_mb': 2226}
{'event': 'validation_start', 'epoch': 1}
{'event': 'validation_ranking_start', 'epoch': 1, 'max_edges': 5}
{'event': 'epoch_end', 'epoch': 1, 'early_stop_metric': 'val_composite', 'val_score': 0.24822103914717022, 'val_auc': 0.7377777099609375, 'val_ap': 0.48936001441735216, 'val_ndcg': 0.8825778930602679, 'val_mrr': 0.1074667578404237, 'val_hits@1': 0.1, 'val_hits@10': 0.1, 'val_hits@50': 0.2, 'val_hits@100': 0.2, 'elapsed_sec': 145.83125709742308}
{'candidate': 'struct_history_role64_rankloss_probe_h96_r12_a12_p4x4_l1_neg1_lr0p001_hp0p5_role64_sr0_sa0_rl0p1_m0p75_hinge', 'seed': 1, 'composite': nan, 'val_auc': 0.7377777099609375, 'val_ap': 0.48936001441735216, 'val_ndcg': 0.8825778930602679, 'val_mrr': 0.1074667578404237, 'val_hits@1': 0.1, 'val_hits@10': 0.1, 'val_hits@50': 0.2, 'val_hits@100': 0.2, 'train_loss': 29.17489953033435, 'train_lp': 0.458074294985869, 'train_align': 5689.146064581015, 'train_kl': 2686.6896232947324, 'train_ood_reg': 0.21081197271362329, 'train_meta': 0.44314900322411305, 'train_struct_aux': 0.0, 'train_weighted_align': 28.4457297594979, 'train_weighted_kl': 0.26866895616359004, 'train_weighted_ood_reg': 0.00021081198288951642, 'train_weighted_meta': 0.0022157449762184676, 'train_weighted_struct_aux': 0.0, 'train_rank': 0.2396015984316667, 'train_weighted_rank': 0.023960160210919686}
{'event': 'candidate_summary', 'candidate': 'struct_history_role64_rankloss_probe_h96_r12_a12_p4x4_l1_neg1_lr0p001_hp0p5_role64_sr0_sa0_rl0p1_m0p75_hinge', 'score': 0.24822103914717022, 'passes_metric_minima': True, 'means': {'val_auc': 0.7377777099609375, 'val_ap': 0.48936001441735216, 'val_mrr': 0.1074667578404237, 'val_hits@10': 0.1, 'val_ndcg': 0.8825778930602679}, 'seeds_completed': 1}
{'event': 'candidate_seed_start', 'candidate': 'struct_history_role64_rankloss_probe_h96_r12_a12_p4x4_l1_neg1_lr0p001_hp0p5_role64_sr0_sa0_rl0p2_m0p5_hinge', 'seed': 1, 'device': 'cuda', 'node_text_device': 'cuda:0'}
{'event': 'train_seed_start', 'seed': 1, 'train_edges': 50000, 'val_edges': 162066, 'test_edges': 163172, 'num_nodes': 47433, 'num_relations': 566}
{'event': 'train_seed_tensors_ready', 'seed': 1, 'elapsed_sec': 0.016939416527748108, 'cuda_allocated_mb': 122, 'cuda_reserved_mb': 146, 'cuda_max_allocated_mb': 2226}
{'event': 'train_known_facts_ready', 'seed': 1, 'scope': 'train', 'edges': 50000, 'elapsed_sec': 0.02197295054793358}
{'event': 'train_known_facts_ready', 'seed': 1, 'scope': 'train_val', 'edges': 212066, 'elapsed_sec': 0.04081270098686218}
{'event': 'train_sampler_ready', 'seed': 1, 'elapsed_sec': 0.16556565091013908}
{'event': 'val_sampler_ready', 'seed': 1, 'elapsed_sec': 0.2854207009077072}
{'event': 'epoch_start', 'epoch': 1, 'epochs': 1, 'batches': 156, 'time_groups': 98}
{'event': 'train_time_group', 'epoch': 1, 'time_group': 1, 'time_groups': 98, 'batch': 0, 'batches': 156, 'time_value': 1900.0, 'group_batches': 1, 'history_edges': 0, 'elapsed_sec': 0.019442614167928696, 'cuda_allocated_mb': 123, 'cuda_reserved_mb': 146, 'cuda_max_allocated_mb': 2226}
{'event': 'train_progress', 'epoch': 1, 'batch': 1, 'batches': 156, 'time_group': 1, 'time_groups': 98, 'history_edges': 0, 'pos_edges': 252, 'neg_edges': 252, 'loss_recent': 22.981157302856445, 'elapsed_sec': 0.5640245601534843, 'avg_sec_per_batch': 0.5640245601534843, 'cuda_allocated_mb': 393, 'cuda_reserved_mb': 858, 'cuda_max_allocated_mb': 2226}
{'event': 'train_progress', 'epoch': 1, 'batch': 100, 'batches': 156, 'time_group': 70, 'time_groups': 98, 'history_edges': 30867, 'pos_edges': 92, 'neg_edges': 92, 'loss_recent': 27.937685356736182, 'elapsed_sec': 71.57445041462779, 'avg_sec_per_batch': 0.7157445041462779, 'cuda_allocated_mb': 466, 'cuda_reserved_mb': 2022, 'cuda_max_allocated_mb': 2226}
{'event': 'train_time_group', 'epoch': 1, 'time_group': 98, 'time_groups': 98, 'batch': 154, 'batches': 156, 'time_value': 1997.0, 'group_batches': 2, 'history_edges': 49206, 'elapsed_sec': 111.56074780970812, 'cuda_allocated_mb': 334, 'cuda_reserved_mb': 2304, 'cuda_max_allocated_mb': 2226}
{'event': 'train_progress', 'epoch': 1, 'batch': 156, 'batches': 156, 'time_group': 98, 'time_groups': 98, 'history_edges': 49206, 'pos_edges': 282, 'neg_edges': 282, 'loss_recent': 29.14508307337761, 'elapsed_sec': 112.88254861906171, 'avg_sec_per_batch': 0.7236060808914212, 'cuda_allocated_mb': 467, 'cuda_reserved_mb': 2344, 'cuda_max_allocated_mb': 2226}
{'event': 'validation_start', 'epoch': 1}
{'event': 'validation_ranking_start', 'epoch': 1, 'max_edges': 5}
{'event': 'epoch_end', 'epoch': 1, 'early_stop_metric': 'val_composite', 'val_score': 0.24806912063936676, 'val_auc': 0.7366455078125, 'val_ap': 0.4885775115984008, 'val_ndcg': 0.8823144680103524, 'val_mrr': 0.10747092220390626, 'val_hits@1': 0.1, 'val_hits@10': 0.1, 'val_hits@50': 0.2, 'val_hits@100': 0.2, 'elapsed_sec': 149.39303159713745}
{'candidate': 'struct_history_role64_rankloss_probe_h96_r12_a12_p4x4_l1_neg1_lr0p001_hp0p5_role64_sr0_sa0_rl0p2_m0p5_hinge', 'seed': 1, 'composite': nan, 'val_auc': 0.7366455078125, 'val_ap': 0.4885775115984008, 'val_ndcg': 0.8823144680103524, 'val_mrr': 0.10747092220390626, 'val_hits@1': 0.1, 'val_hits@10': 0.1, 'val_hits@50': 0.2, 'val_hits@100': 0.2, 'train_loss': 29.174556970978394, 'train_lp': 0.457986080684723, 'train_align': 5689.1419306107055, 'train_kl': 2684.3816505578848, 'train_ood_reg': 0.2109176295881088, 'train_meta': 0.4425901719488395, 'train_struct_aux': 0.0, 'train_weighted_align': 28.445709072077314, 'train_weighted_kl': 0.2684381561171344, 'train_weighted_ood_reg': 0.00021091763940206968, 'train_weighted_meta': 0.0022129508144690846, 'train_weighted_struct_aux': 0.0, 'train_rank': 0.1505951894303927, 'train_weighted_rank': 0.030119038383977916}
{'event': 'candidate_summary', 'candidate': 'struct_history_role64_rankloss_probe_h96_r12_a12_p4x4_l1_neg1_lr0p001_hp0p5_role64_sr0_sa0_rl0p2_m0p5_hinge', 'score': 0.24806912063936676, 'passes_metric_minima': True, 'means': {'val_auc': 0.7366455078125, 'val_ap': 0.4885775115984008, 'val_mrr': 0.10747092220390626, 'val_hits@10': 0.1, 'val_ndcg': 0.8823144680103524}, 'seeds_completed': 1}
{'event': 'candidate_seed_start', 'candidate': 'struct_history_role64_rankloss_probe_h96_r12_a12_p4x4_l1_neg1_lr0p001_hp1_role64_sr0_sa0_rl0p05_m1_hinge', 'seed': 1, 'device': 'cuda', 'node_text_device': 'cuda:0'}
{'event': 'train_seed_start', 'seed': 1, 'train_edges': 50000, 'val_edges': 162066, 'test_edges': 163172, 'num_nodes': 47433, 'num_relations': 566}
{'event': 'train_seed_tensors_ready', 'seed': 1, 'elapsed_sec': 0.030836910009384155, 'cuda_allocated_mb': 122, 'cuda_reserved_mb': 146, 'cuda_max_allocated_mb': 2226}
{'event': 'train_known_facts_ready', 'seed': 1, 'scope': 'train', 'edges': 50000, 'elapsed_sec': 0.036671195179224014}
{'event': 'train_known_facts_ready', 'seed': 1, 'scope': 'train_val', 'edges': 212066, 'elapsed_sec': 0.057604704052209854}
{'event': 'train_sampler_ready', 'seed': 1, 'elapsed_sec': 0.1805240884423256}
{'event': 'val_sampler_ready', 'seed': 1, 'elapsed_sec': 0.29996317252516747}
{'event': 'epoch_start', 'epoch': 1, 'epochs': 1, 'batches': 156, 'time_groups': 98}
{'event': 'train_time_group', 'epoch': 1, 'time_group': 1, 'time_groups': 98, 'batch': 0, 'batches': 156, 'time_value': 1900.0, 'group_batches': 1, 'history_edges': 0, 'elapsed_sec': 0.021054714918136597, 'cuda_allocated_mb': 123, 'cuda_reserved_mb': 146, 'cuda_max_allocated_mb': 2226}
{'event': 'train_progress', 'epoch': 1, 'batch': 1, 'batches': 156, 'time_group': 1, 'time_groups': 98, 'history_edges': 0, 'pos_edges': 252, 'neg_edges': 252, 'loss_recent': 23.00770378112793, 'elapsed_sec': 0.6277966946363449, 'avg_sec_per_batch': 0.6277966946363449, 'cuda_allocated_mb': 393, 'cuda_reserved_mb': 858, 'cuda_max_allocated_mb': 2226}
