
$ /root/miniconda3/bin/python -u scripts/search_hparams.py --config configs/auto_target/ssptgfm_search_yago15k_temporal_history_light_fastscan.yaml --output results/auto_target_yago15k_history_light_fastscan/search_yago15k_temporal_history_light_fastscan --resume
runtime_device=cuda
cuda_device=Tesla V100-PCIE-32GB
{'event': 'candidate_seed_start', 'candidate': 'history_light_fastscan_h96_r12_a12_p4x4_l1_neg2_lr0p001_hp0p1_light12_rl0_m1', 'seed': 1, 'device': 'cuda', 'node_text_device': 'cuda:0'}
{'event': 'train_seed_start', 'seed': 1, 'train_edges': 3244, 'val_edges': 6738, 'test_edges': 26719, 'num_nodes': 4197, 'num_relations': 19}
{'event': 'train_seed_tensors_ready', 'seed': 1, 'elapsed_sec': 0.004293914884328842, 'cuda_allocated_mb': 9, 'cuda_reserved_mb': 22, 'cuda_max_allocated_mb': 9}
{'event': 'train_known_facts_ready', 'seed': 1, 'scope': 'train', 'edges': 3244, 'elapsed_sec': 0.005998227745294571}
{'event': 'train_known_facts_ready', 'seed': 1, 'scope': 'train_val', 'edges': 9982, 'elapsed_sec': 0.0072687603533267975}
{'event': 'train_sampler_ready', 'seed': 1, 'elapsed_sec': 0.008824355900287628}
{'event': 'val_sampler_ready', 'seed': 1, 'elapsed_sec': 0.010196726769208908}
{'event': 'epoch_start', 'epoch': 1, 'epochs': 1, 'batches': 118, 'time_groups': 118}
{'event': 'train_time_group', 'epoch': 1, 'time_group': 1, 'time_groups': 118, 'batch': 0, 'batches': 118, 'time_value': 600.0, 'group_batches': 1, 'history_edges': 0, 'elapsed_sec': 0.017893798649311066, 'cuda_allocated_mb': 9, 'cuda_reserved_mb': 24, 'cuda_max_allocated_mb': 9}
{'event': 'train_progress', 'epoch': 1, 'batch': 1, 'batches': 118, 'time_group': 1, 'time_groups': 118, 'history_edges': 0, 'pos_edges': 1, 'neg_edges': 2, 'loss_recent': 0.7218735218048096, 'elapsed_sec': 1.0176736637949944, 'avg_sec_per_batch': 1.0176736637949944, 'cuda_allocated_mb': 44, 'cuda_reserved_mb': 88, 'cuda_max_allocated_mb': 80}
{'event': 'train_progress', 'epoch': 1, 'batch': 100, 'batches': 118, 'time_group': 100, 'time_groups': 118, 'history_edges': 2144, 'pos_edges': 38, 'neg_edges': 76, 'loss_recent': 2.38628719329834, 'elapsed_sec': 24.066169053316116, 'avg_sec_per_batch': 0.24066169053316117, 'cuda_allocated_mb': 46, 'cuda_reserved_mb': 206, 'cuda_max_allocated_mb': 173}
{'event': 'train_time_group', 'epoch': 1, 'time_group': 118, 'time_groups': 118, 'batch': 117, 'batches': 118, 'time_value': 1966.0, 'group_batches': 1, 'history_edges': 3153, 'elapsed_sec': 29.31227556616068, 'cuda_allocated_mb': 45, 'cuda_reserved_mb': 246, 'cuda_max_allocated_mb': 195}
{'event': 'train_progress', 'epoch': 1, 'batch': 118, 'batches': 118, 'time_group': 118, 'time_groups': 118, 'history_edges': 3153, 'pos_edges': 91, 'neg_edges': 182, 'loss_recent': 3.2847710168361663, 'elapsed_sec': 29.686513394117355, 'avg_sec_per_batch': 0.2515806219840454, 'cuda_allocated_mb': 48, 'cuda_reserved_mb': 246, 'cuda_max_allocated_mb': 198}
{'event': 'validation_start', 'epoch': 1}
{'event': 'validation_ranking_start', 'epoch': 1, 'max_edges': 5}
{'event': 'epoch_end', 'epoch': 1, 'early_stop_metric': 'val_composite', 'val_score': 0.3709685307520996, 'val_auc': 0.8776092529296875, 'val_ap': 0.7238912424199873, 'val_ndcg': 0.9457044508919492, 'val_mrr': 0.20903294413631568, 'val_hits@1': 0.1, 'val_hits@10': 0.5, 'val_hits@50': 0.6, 'val_hits@100': 0.7, 'elapsed_sec': 51.543646205216646}
{'candidate': 'history_light_fastscan_h96_r12_a12_p4x4_l1_neg2_lr0p001_hp0p1_light12_rl0_m1', 'seed': 1, 'composite': nan, 'val_auc': 0.8776092529296875, 'val_ap': 0.7238912424199873, 'val_ndcg': 0.9457044508919492, 'val_mrr': 0.20903294413631568, 'val_hits@1': 0.1, 'val_hits@10': 0.5, 'val_hits@50': 0.6, 'val_hits@100': 0.7, 'train_loss': 2.8988826396101612, 'train_lp': 0.44432278318425356, 'train_align': 465.953211386325, 'train_kl': 1222.110941806082, 'train_ood_reg': 0.22344117093894442, 'train_meta': 0.47186848893761635, 'train_weighted_align': 2.3297660017101944, 'train_weighted_kl': 0.12221109124405657, 'train_weighted_ood_reg': 0.00022344118141040396, 'train_weighted_meta': 0.0023593424002529453}
{'event': 'candidate_summary', 'candidate': 'history_light_fastscan_h96_r12_a12_p4x4_l1_neg2_lr0p001_hp0p1_light12_rl0_m1', 'score': 0.3709685307520996, 'passes_metric_minima': True, 'means': {'val_auc': 0.8776092529296875, 'val_ap': 0.7238912424199873, 'val_mrr': 0.20903294413631568, 'val_hits@10': 0.5, 'val_ndcg': 0.9457044508919492}, 'seeds_completed': 1}
{'event': 'candidate_seed_start', 'candidate': 'history_light_fastscan_h96_r12_a12_p4x4_l1_neg2_lr0p001_hp0p1_light12_rl0p05_m1', 'seed': 1, 'device': 'cuda', 'node_text_device': 'cuda:0'}
{'event': 'train_seed_start', 'seed': 1, 'train_edges': 3244, 'val_edges': 6738, 'test_edges': 26719, 'num_nodes': 4197, 'num_relations': 19}
{'event': 'train_seed_tensors_ready', 'seed': 1, 'elapsed_sec': 0.024728305637836456, 'cuda_allocated_mb': 25, 'cuda_reserved_mb': 42, 'cuda_max_allocated_mb': 198}
{'event': 'train_known_facts_ready', 'seed': 1, 'scope': 'train', 'edges': 3244, 'elapsed_sec': 0.0267583467066288}
{'event': 'train_known_facts_ready', 'seed': 1, 'scope': 'train_val', 'edges': 9982, 'elapsed_sec': 0.028235062956809998}
{'event': 'train_sampler_ready', 'seed': 1, 'elapsed_sec': 0.030194170773029327}
{'event': 'val_sampler_ready', 'seed': 1, 'elapsed_sec': 0.032038893550634384}
{'event': 'epoch_start', 'epoch': 1, 'epochs': 1, 'batches': 118, 'time_groups': 118}
{'event': 'train_time_group', 'epoch': 1, 'time_group': 1, 'time_groups': 118, 'batch': 0, 'batches': 118, 'time_value': 600.0, 'group_batches': 1, 'history_edges': 0, 'elapsed_sec': 0.00642823800444603, 'cuda_allocated_mb': 25, 'cuda_reserved_mb': 44, 'cuda_max_allocated_mb': 198}
{'event': 'train_progress', 'epoch': 1, 'batch': 1, 'batches': 118, 'time_group': 1, 'time_groups': 118, 'history_edges': 0, 'pos_edges': 1, 'neg_edges': 2, 'loss_recent': 0.7218735218048096, 'elapsed_sec': 0.17040101066231728, 'avg_sec_per_batch': 0.17040101066231728, 'cuda_allocated_mb': 44, 'cuda_reserved_mb': 88, 'cuda_max_allocated_mb': 198}
{'event': 'train_progress', 'epoch': 1, 'batch': 100, 'batches': 118, 'time_group': 100, 'time_groups': 118, 'history_edges': 2144, 'pos_edges': 38, 'neg_edges': 76, 'loss_recent': 2.3878282764554024, 'elapsed_sec': 22.211606804281473, 'avg_sec_per_batch': 0.22211606804281472, 'cuda_allocated_mb': 46, 'cuda_reserved_mb': 206, 'cuda_max_allocated_mb': 198}
{'event': 'train_time_group', 'epoch': 1, 'time_group': 118, 'time_groups': 118, 'batch': 117, 'batches': 118, 'time_value': 1966.0, 'group_batches': 1, 'history_edges': 3153, 'elapsed_sec': 27.18023755401373, 'cuda_allocated_mb': 45, 'cuda_reserved_mb': 246, 'cuda_max_allocated_mb': 198}
{'event': 'train_progress', 'epoch': 1, 'batch': 118, 'batches': 118, 'time_group': 118, 'time_groups': 118, 'history_edges': 3153, 'pos_edges': 91, 'neg_edges': 182, 'loss_recent': 3.288717239201069, 'elapsed_sec': 27.540732592344284, 'avg_sec_per_batch': 0.2333960389181719, 'cuda_allocated_mb': 48, 'cuda_reserved_mb': 246, 'cuda_max_allocated_mb': 198}
{'event': 'validation_start', 'epoch': 1}
{'event': 'validation_ranking_start', 'epoch': 1, 'max_edges': 5}
{'event': 'epoch_end', 'epoch': 1, 'early_stop_metric': 'val_composite', 'val_score': 0.3767713233195562, 'val_auc': 0.884844970703125, 'val_ap': 0.737587830557186, 'val_ndcg': 0.9488484834070334, 'val_mrr': 0.21537833559405328, 'val_hits@1': 0.1, 'val_hits@10': 0.5, 'val_hits@50': 0.6, 'val_hits@100': 0.7, 'elapsed_sec': 49.42742456495762}
{'candidate': 'history_light_fastscan_h96_r12_a12_p4x4_l1_neg2_lr0p001_hp0p1_light12_rl0p05_m1', 'seed': 1, 'composite': nan, 'val_auc': 0.884844970703125, 'val_ap': 0.737587830557186, 'val_ndcg': 0.9488484834070334, 'val_mrr': 0.21537833559405328, 'val_hits@1': 0.1, 'val_hits@10': 0.5, 'val_hits@50': 0.6, 'val_hits@100': 0.7, 'train_loss': 2.9020446400016042, 'train_lp': 0.4436769827695216, 'train_align': 466.3744304180145, 'train_kl': 1239.181739807129, 'train_ood_reg': 0.2230432055006593, 'train_meta': 0.4708651870615401, 'train_weighted_align': 2.3318721125754767, 'train_weighted_kl': 0.12391817124592046, 'train_weighted_ood_reg': 0.00022304321612602384, 'train_weighted_meta': 0.00235432588004002, 'train_rank': 0.47457383869815684, 'train_weighted_rank': 0.023728692177998816}
{'event': 'candidate_summary', 'candidate': 'history_light_fastscan_h96_r12_a12_p4x4_l1_neg2_lr0p001_hp0p1_light12_rl0p05_m1', 'score': 0.3767713233195562, 'passes_metric_minima': True, 'means': {'val_auc': 0.884844970703125, 'val_ap': 0.737587830557186, 'val_mrr': 0.21537833559405328, 'val_hits@10': 0.5, 'val_ndcg': 0.9488484834070334}, 'seeds_completed': 1}
{'event': 'candidate_seed_start', 'candidate': 'history_light_fastscan_h96_r12_a12_p4x4_l1_neg2_lr0p001_hp0p1_rank12_rl0_m1', 'seed': 1, 'device': 'cuda', 'node_text_device': 'cuda:0'}
{'event': 'train_seed_start', 'seed': 1, 'train_edges': 3244, 'val_edges': 6738, 'test_edges': 26719, 'num_nodes': 4197, 'num_relations': 19}
{'event': 'train_seed_tensors_ready', 'seed': 1, 'elapsed_sec': 0.022048495709896088, 'cuda_allocated_mb': 25, 'cuda_reserved_mb': 42, 'cuda_max_allocated_mb': 198}
{'event': 'train_known_facts_ready', 'seed': 1, 'scope': 'train', 'edges': 3244, 'elapsed_sec': 0.023750051856040955}
{'event': 'train_known_facts_ready', 'seed': 1, 'scope': 'train_val', 'edges': 9982, 'elapsed_sec': 0.024947676807641983}
{'event': 'train_sampler_ready', 'seed': 1, 'elapsed_sec': 0.026716645807027817}
{'event': 'val_sampler_ready', 'seed': 1, 'elapsed_sec': 0.028237145394086838}
{'event': 'epoch_start', 'epoch': 1, 'epochs': 1, 'batches': 118, 'time_groups': 118}
{'event': 'train_time_group', 'epoch': 1, 'time_group': 1, 'time_groups': 118, 'batch': 0, 'batches': 118, 'time_value': 600.0, 'group_batches': 1, 'history_edges': 0, 'elapsed_sec': 0.005300074815750122, 'cuda_allocated_mb': 25, 'cuda_reserved_mb': 44, 'cuda_max_allocated_mb': 198}
{'event': 'train_progress', 'epoch': 1, 'batch': 1, 'batches': 118, 'time_group': 1, 'time_groups': 118, 'history_edges': 0, 'pos_edges': 1, 'neg_edges': 2, 'loss_recent': 0.7218735218048096, 'elapsed_sec': 0.1374448873102665, 'avg_sec_per_batch': 0.1374448873102665, 'cuda_allocated_mb': 44, 'cuda_reserved_mb': 90, 'cuda_max_allocated_mb': 198}
{'event': 'train_progress', 'epoch': 1, 'batch': 100, 'batches': 118, 'time_group': 100, 'time_groups': 118, 'history_edges': 2144, 'pos_edges': 38, 'neg_edges': 76, 'loss_recent': 2.3857756584882734, 'elapsed_sec': 21.569827683269978, 'avg_sec_per_batch': 0.21569827683269976, 'cuda_allocated_mb': 46, 'cuda_reserved_mb': 206, 'cuda_max_allocated_mb': 198}
{'event': 'train_time_group', 'epoch': 1, 'time_group': 118, 'time_groups': 118, 'batch': 117, 'batches': 118, 'time_value': 1966.0, 'group_batches': 1, 'history_edges': 3153, 'elapsed_sec': 26.80956730619073, 'cuda_allocated_mb': 45, 'cuda_reserved_mb': 246, 'cuda_max_allocated_mb': 198}
{'event': 'train_progress', 'epoch': 1, 'batch': 118, 'batches': 118, 'time_group': 118, 'time_groups': 118, 'history_edges': 3153, 'pos_edges': 91, 'neg_edges': 182, 'loss_recent': 3.2842211335897447, 'elapsed_sec': 27.17735382914543, 'avg_sec_per_batch': 0.23031655787411381, 'cuda_allocated_mb': 48, 'cuda_reserved_mb': 246, 'cuda_max_allocated_mb': 198}
{'event': 'validation_start', 'epoch': 1}
{'event': 'validation_ranking_start', 'epoch': 1, 'max_edges': 5}
{'event': 'epoch_end', 'epoch': 1, 'early_stop_metric': 'val_composite', 'val_score': 0.35954812012964565, 'val_auc': 0.877447509765625, 'val_ap': 0.723894676221321, 'val_ndcg': 0.9456969500258315, 'val_mrr': 0.20701616546816454, 'val_hits@1': 0.1, 'val_hits@10': 0.4, 'val_hits@50': 0.6, 'val_hits@100': 0.7, 'elapsed_sec': 49.05257434025407}
{'candidate': 'history_light_fastscan_h96_r12_a12_p4x4_l1_neg2_lr0p001_hp0p1_rank12_rl0_m1', 'seed': 1, 'composite': nan, 'val_auc': 0.877447509765625, 'val_ap': 0.723894676221321, 'val_ndcg': 0.9456969500258315, 'val_mrr': 0.20701616546816454, 'val_hits@1': 0.1, 'val_hits@10': 0.4, 'val_hits@50': 0.6, 'val_hits@100': 0.7, 'train_loss': 2.898355974484298, 'train_lp': 0.443900274649515, 'train_align': 465.9425055313919, 'train_kl': 1221.628759481139, 'train_ood_reg': 0.2234486544788894, 'train_meta': 0.4713776297235893, 'train_weighted_align': 2.3297124745292686, 'train_weighted_kl': 0.12216287325688843, 'train_weighted_ood_reg': 0.00022344866516443474, 'train_weighted_meta': 0.0023568880858227327}
{'event': 'candidate_summary', 'candidate': 'history_light_fastscan_h96_r12_a12_p4x4_l1_neg2_lr0p001_hp0p1_rank12_rl0_m1', 'score': 0.35954812012964565, 'passes_metric_minima': True, 'means': {'val_auc': 0.877447509765625, 'val_ap': 0.723894676221321, 'val_mrr': 0.20701616546816454, 'val_hits@10': 0.4, 'val_ndcg': 0.9456969500258315}, 'seeds_completed': 1}
{'event': 'candidate_seed_start', 'candidate': 'history_light_fastscan_h96_r12_a12_p4x4_l1_neg2_lr0p001_hp0p1_rank12_rl0p05_m1', 'seed': 1, 'device': 'cuda', 'node_text_device': 'cuda:0'}
{'event': 'train_seed_start', 'seed': 1, 'train_edges': 3244, 'val_edges': 6738, 'test_edges': 26719, 'num_nodes': 4197, 'num_relations': 19}
{'event': 'train_seed_tensors_ready', 'seed': 1, 'elapsed_sec': 0.023609284311532974, 'cuda_allocated_mb': 25, 'cuda_reserved_mb': 42, 'cuda_max_allocated_mb': 198}
{'event': 'train_known_facts_ready', 'seed': 1, 'scope': 'train', 'edges': 3244, 'elapsed_sec': 0.02619415521621704}
{'event': 'train_known_facts_ready', 'seed': 1, 'scope': 'train_val', 'edges': 9982, 'elapsed_sec': 0.027972862124443054}
{'event': 'train_sampler_ready', 'seed': 1, 'elapsed_sec': 0.030513864010572433}
{'event': 'val_sampler_ready', 'seed': 1, 'elapsed_sec': 0.03283126279711723}
{'event': 'epoch_start', 'epoch': 1, 'epochs': 1, 'batches': 118, 'time_groups': 118}
{'event': 'train_time_group', 'epoch': 1, 'time_group': 1, 'time_groups': 118, 'batch': 0, 'batches': 118, 'time_value': 600.0, 'group_batches': 1, 'history_edges': 0, 'elapsed_sec': 0.05470981448888779, 'cuda_allocated_mb': 25, 'cuda_reserved_mb': 44, 'cuda_max_allocated_mb': 198}
{'event': 'train_progress', 'epoch': 1, 'batch': 1, 'batches': 118, 'time_group': 1, 'time_groups': 118, 'history_edges': 0, 'pos_edges': 1, 'neg_edges': 2, 'loss_recent': 0.7218735218048096, 'elapsed_sec': 0.381718959659338, 'avg_sec_per_batch': 0.381718959659338, 'cuda_allocated_mb': 44, 'cuda_reserved_mb': 88, 'cuda_max_allocated_mb': 198}
{'event': 'train_progress', 'epoch': 1, 'batch': 100, 'batches': 118, 'time_group': 100, 'time_groups': 118, 'history_edges': 2144, 'pos_edges': 38, 'neg_edges': 76, 'loss_recent': 2.386199278533459, 'elapsed_sec': 91.57994942367077, 'avg_sec_per_batch': 0.9157994942367077, 'cuda_allocated_mb': 46, 'cuda_reserved_mb': 206, 'cuda_max_allocated_mb': 198}
{'event': 'train_time_group', 'epoch': 1, 'time_group': 118, 'time_groups': 118, 'batch': 117, 'batches': 118, 'time_value': 1966.0, 'group_batches': 1, 'history_edges': 3153, 'elapsed_sec': 119.47338570281863, 'cuda_allocated_mb': 45, 'cuda_reserved_mb': 246, 'cuda_max_allocated_mb': 198}
{'event': 'train_progress', 'epoch': 1, 'batch': 118, 'batches': 118, 'time_group': 118, 'time_groups': 118, 'history_edges': 3153, 'pos_edges': 91, 'neg_edges': 182, 'loss_recent': 3.287007401883602, 'elapsed_sec': 121.68326414749026, 'avg_sec_per_batch': 1.0312141029448327, 'cuda_allocated_mb': 48, 'cuda_reserved_mb': 246, 'cuda_max_allocated_mb': 198}
{'event': 'validation_start', 'epoch': 1}
{'event': 'validation_ranking_start', 'epoch': 1, 'max_edges': 5}
