
$ /root/miniconda3/bin/python -u scripts/search_hparams.py --config configs/auto_target/ssptgfm_search_tgb_smallpedia_history_popularity_tinysearch.yaml --output results/auto_target_tiny_tgb_smallpedia/search_tgb_smallpedia_history_popularity_tinysearch --resume
runtime_device=cuda
cuda_device=Tesla V100-PCIE-32GB
{'event': 'candidate_seed_start', 'candidate': 'history_popularity_tinysearch_h96_r12_a12_p4x4_l1_neg1_lr0p001_hp0p5_freq40_rl0_m1_hinge', 'seed': 1, 'device': 'cuda', 'node_text_device': 'cuda:0'}
{'event': 'train_seed_start', 'seed': 1, 'train_edges': 20000, 'val_edges': 162066, 'test_edges': 163172, 'num_nodes': 47433, 'num_relations': 566}
{'event': 'train_seed_tensors_ready', 'seed': 1, 'elapsed_sec': 0.01760610193014145, 'cuda_allocated_mb': 105, 'cuda_reserved_mb': 126, 'cuda_max_allocated_mb': 105}
{'event': 'train_known_facts_ready', 'seed': 1, 'scope': 'train', 'edges': 20000, 'elapsed_sec': 0.020188260823488235}
{'event': 'train_known_facts_ready', 'seed': 1, 'scope': 'train_val', 'edges': 182066, 'elapsed_sec': 0.03431553393602371}
{'event': 'train_sampler_ready', 'seed': 1, 'elapsed_sec': 0.042891666293144226}
{'event': 'val_sampler_ready', 'seed': 1, 'elapsed_sec': 0.05077487230300903}
{'event': 'epoch_start', 'epoch': 1, 'epochs': 1, 'batches': 42, 'time_groups': 5}
{'event': 'train_time_group', 'epoch': 1, 'time_group': 1, 'time_groups': 5, 'batch': 0, 'batches': 42, 'time_value': 1900.0, 'group_batches': 8, 'history_edges': 0, 'elapsed_sec': 0.2176588587462902, 'cuda_allocated_mb': 106, 'cuda_reserved_mb': 126, 'cuda_max_allocated_mb': 106}
{'event': 'train_progress', 'epoch': 1, 'batch': 1, 'batches': 42, 'time_group': 1, 'time_groups': 5, 'history_edges': 0, 'pos_edges': 512, 'neg_edges': 512, 'loss_recent': 45.70920944213867, 'elapsed_sec': 2.1988242864608765, 'avg_sec_per_batch': 2.1988242864608765, 'cuda_allocated_mb': 449, 'cuda_reserved_mb': 956, 'cuda_max_allocated_mb': 924}
{'event': 'train_time_group', 'epoch': 1, 'time_group': 5, 'time_groups': 5, 'batch': 34, 'batches': 42, 'time_value': 1904.0, 'group_batches': 8, 'history_edges': 16190, 'elapsed_sec': 32.574649050831795, 'cuda_allocated_mb': 333, 'cuda_reserved_mb': 1736, 'cuda_max_allocated_mb': 1637}
{'event': 'train_progress', 'epoch': 1, 'batch': 42, 'batches': 42, 'time_group': 5, 'time_groups': 5, 'history_edges': 16190, 'pos_edges': 226, 'neg_edges': 226, 'loss_recent': 40.402556652114505, 'elapsed_sec': 39.785251297056675, 'avg_sec_per_batch': 0.9472678880251589, 'cuda_allocated_mb': 476, 'cuda_reserved_mb': 1796, 'cuda_max_allocated_mb': 1702}
{'event': 'validation_start', 'epoch': 1}
{'event': 'epoch_end', 'epoch': 1, 'early_stop_metric': 'val_composite', 'val_score': 0.34505481834171003, 'val_auc': 0.49887161254882817, 'val_ap': 0.16725528059961822, 'val_ndcg': 0.7253601946733739, 'elapsed_sec': 42.50534212216735}
{'candidate': 'history_popularity_tinysearch_h96_r12_a12_p4x4_l1_neg1_lr0p001_hp0p5_freq40_rl0_m1_hinge', 'seed': 1, 'composite': nan, 'val_auc': 0.49887161254882817, 'val_ap': 0.16725528059961822, 'val_ndcg': 0.7253601946733739, 'train_loss': 40.402556652114505, 'train_lp': 0.2927512311864467, 'train_align': 7766.860876900809, 'train_kl': 12737.717330206007, 'train_ood_reg': 0.19283884408928098, 'train_meta': 0.30738408258739147, 'train_weighted_align': 38.834303776423134, 'train_weighted_kl': 1.273771700138847, 'train_weighted_ood_reg': 0.0001928388533304401, 'train_weighted_meta': 0.0015369203698095849}
{'event': 'candidate_summary', 'candidate': 'history_popularity_tinysearch_h96_r12_a12_p4x4_l1_neg1_lr0p001_hp0p5_freq40_rl0_m1_hinge', 'score': 0.34505481834171003, 'passes_metric_minima': True, 'means': {'val_auc': 0.49887161254882817, 'val_ap': 0.16725528059961822, 'val_mrr': nan, 'val_hits@10': nan, 'val_ndcg': 0.7253601946733739}, 'seeds_completed': 1}
{'event': 'candidate_seed_start', 'candidate': 'history_popularity_tinysearch_h96_r12_a12_p4x4_l1_neg1_lr0p001_hp0p5_hybrid40_rl0_m1_hinge', 'seed': 1, 'device': 'cuda', 'node_text_device': 'cuda:0'}
{'event': 'train_seed_start', 'seed': 1, 'train_edges': 20000, 'val_edges': 162066, 'test_edges': 163172, 'num_nodes': 47433, 'num_relations': 566}
{'event': 'train_seed_tensors_ready', 'seed': 1, 'elapsed_sec': 0.01824013516306877, 'cuda_allocated_mb': 122, 'cuda_reserved_mb': 146, 'cuda_max_allocated_mb': 1702}
{'event': 'train_known_facts_ready', 'seed': 1, 'scope': 'train', 'edges': 20000, 'elapsed_sec': 0.0211852565407753}
{'event': 'train_known_facts_ready', 'seed': 1, 'scope': 'train_val', 'edges': 182066, 'elapsed_sec': 0.03537598252296448}
{'event': 'train_sampler_ready', 'seed': 1, 'elapsed_sec': 0.04480172321200371}
{'event': 'val_sampler_ready', 'seed': 1, 'elapsed_sec': 0.052675917744636536}
{'event': 'epoch_start', 'epoch': 1, 'epochs': 1, 'batches': 42, 'time_groups': 5}
{'event': 'train_time_group', 'epoch': 1, 'time_group': 1, 'time_groups': 5, 'batch': 0, 'batches': 42, 'time_value': 1900.0, 'group_batches': 8, 'history_edges': 0, 'elapsed_sec': 0.013024207204580307, 'cuda_allocated_mb': 122, 'cuda_reserved_mb': 146, 'cuda_max_allocated_mb': 1702}
{'event': 'train_progress', 'epoch': 1, 'batch': 1, 'batches': 42, 'time_group': 1, 'time_groups': 5, 'history_edges': 0, 'pos_edges': 512, 'neg_edges': 512, 'loss_recent': 45.70920944213867, 'elapsed_sec': 0.8669788613915443, 'avg_sec_per_batch': 0.8669788613915443, 'cuda_allocated_mb': 449, 'cuda_reserved_mb': 956, 'cuda_max_allocated_mb': 1702}
{'event': 'train_time_group', 'epoch': 1, 'time_group': 5, 'time_groups': 5, 'batch': 34, 'batches': 42, 'time_value': 1904.0, 'group_batches': 8, 'history_edges': 16190, 'elapsed_sec': 30.41018546372652, 'cuda_allocated_mb': 333, 'cuda_reserved_mb': 1736, 'cuda_max_allocated_mb': 1702}
{'event': 'train_progress', 'epoch': 1, 'batch': 42, 'batches': 42, 'time_group': 5, 'time_groups': 5, 'history_edges': 16190, 'pos_edges': 226, 'neg_edges': 226, 'loss_recent': 40.383651988846914, 'elapsed_sec': 38.156166557222605, 'avg_sec_per_batch': 0.9084801561243477, 'cuda_allocated_mb': 476, 'cuda_reserved_mb': 1796, 'cuda_max_allocated_mb': 1702}
{'event': 'validation_start', 'epoch': 1}
{'event': 'epoch_end', 'epoch': 1, 'early_stop_metric': 'val_composite', 'val_score': 0.35474991610607964, 'val_auc': 0.5046928405761719, 'val_ap': 0.17905635318541485, 'val_ndcg': 0.7400067351429999, 'elapsed_sec': 41.30050530284643}
{'candidate': 'history_popularity_tinysearch_h96_r12_a12_p4x4_l1_neg1_lr0p001_hp0p5_hybrid40_rl0_m1_hinge', 'seed': 1, 'composite': nan, 'val_auc': 0.5046928405761719, 'val_ap': 0.17905635318541485, 'val_ndcg': 0.7400067351429999, 'train_loss': 40.383651988846914, 'train_lp': 0.27458404660934493, 'train_align': 7766.85871887207, 'train_kl': 12731.562447684151, 'train_ood_reg': 0.19247120831693923, 'train_meta': 0.28534771737066056, 'train_weighted_align': 38.834292587779814, 'train_weighted_kl': 1.2731562188516061, 'train_weighted_ood_reg': 0.00019247121651590402, 'train_weighted_meta': 0.001426738542553115}
{'event': 'candidate_summary', 'candidate': 'history_popularity_tinysearch_h96_r12_a12_p4x4_l1_neg1_lr0p001_hp0p5_hybrid40_rl0_m1_hinge', 'score': 0.35474991610607964, 'passes_metric_minima': True, 'means': {'val_auc': 0.5046928405761719, 'val_ap': 0.17905635318541485, 'val_mrr': nan, 'val_hits@10': nan, 'val_ndcg': 0.7400067351429999}, 'seeds_completed': 1}
{'event': 'candidate_seed_start', 'candidate': 'history_popularity_tinysearch_h96_r12_a12_p4x4_l1_neg1_lr0p001_hp0p8_freq40_rl0_m1_hinge', 'seed': 1, 'device': 'cuda', 'node_text_device': 'cuda:0'}
{'event': 'train_seed_start', 'seed': 1, 'train_edges': 20000, 'val_edges': 162066, 'test_edges': 163172, 'num_nodes': 47433, 'num_relations': 566}
{'event': 'train_seed_tensors_ready', 'seed': 1, 'elapsed_sec': 0.02784905955195427, 'cuda_allocated_mb': 122, 'cuda_reserved_mb': 146, 'cuda_max_allocated_mb': 1702}
{'event': 'train_known_facts_ready', 'seed': 1, 'scope': 'train', 'edges': 20000, 'elapsed_sec': 0.030427172780036926}
{'event': 'train_known_facts_ready', 'seed': 1, 'scope': 'train_val', 'edges': 182066, 'elapsed_sec': 0.04613908380270004}
{'event': 'train_sampler_ready', 'seed': 1, 'elapsed_sec': 0.055913571268320084}
{'event': 'val_sampler_ready', 'seed': 1, 'elapsed_sec': 0.06380630284547806}
{'event': 'epoch_start', 'epoch': 1, 'epochs': 1, 'batches': 42, 'time_groups': 5}
{'event': 'train_time_group', 'epoch': 1, 'time_group': 1, 'time_groups': 5, 'batch': 0, 'batches': 42, 'time_value': 1900.0, 'group_batches': 8, 'history_edges': 0, 'elapsed_sec': 0.012865997850894928, 'cuda_allocated_mb': 122, 'cuda_reserved_mb': 146, 'cuda_max_allocated_mb': 1702}
{'event': 'train_progress', 'epoch': 1, 'batch': 1, 'batches': 42, 'time_group': 1, 'time_groups': 5, 'history_edges': 0, 'pos_edges': 512, 'neg_edges': 512, 'loss_recent': 45.70920944213867, 'elapsed_sec': 0.8565972484648228, 'avg_sec_per_batch': 0.8565972484648228, 'cuda_allocated_mb': 449, 'cuda_reserved_mb': 956, 'cuda_max_allocated_mb': 1702}
{'event': 'train_time_group', 'epoch': 1, 'time_group': 5, 'time_groups': 5, 'batch': 34, 'batches': 42, 'time_value': 1904.0, 'group_batches': 8, 'history_edges': 16190, 'elapsed_sec': 30.822707559913397, 'cuda_allocated_mb': 333, 'cuda_reserved_mb': 1736, 'cuda_max_allocated_mb': 1702}
{'event': 'train_progress', 'epoch': 1, 'batch': 42, 'batches': 42, 'time_group': 5, 'time_groups': 5, 'history_edges': 16190, 'pos_edges': 226, 'neg_edges': 226, 'loss_recent': 40.38336833885738, 'elapsed_sec': 38.57551276311278, 'avg_sec_per_batch': 0.9184645895979234, 'cuda_allocated_mb': 476, 'cuda_reserved_mb': 1796, 'cuda_max_allocated_mb': 1702}
{'event': 'validation_start', 'epoch': 1}
{'event': 'epoch_end', 'epoch': 1, 'early_stop_metric': 'val_composite', 'val_score': 0.3449670032777604, 'val_auc': 0.49957580566406246, 'val_ap': 0.16736433446823037, 'val_ndcg': 0.7237955067552058, 'elapsed_sec': 41.7522850446403}
{'candidate': 'history_popularity_tinysearch_h96_r12_a12_p4x4_l1_neg1_lr0p001_hp0p8_freq40_rl0_m1_hinge', 'seed': 1, 'composite': nan, 'val_auc': 0.49957580566406246, 'val_ap': 0.16736433446823037, 'val_ndcg': 0.7237955067552058, 'train_loss': 40.38336833885738, 'train_lp': 0.2744421524306138, 'train_align': 7766.856169201079, 'train_kl': 12730.124815441313, 'train_ood_reg': 0.19251823602687745, 'train_meta': 0.28821162187073024, 'train_weighted_align': 38.834279843739104, 'train_weighted_kl': 1.2730124553754216, 'train_weighted_ood_reg': 0.00019251824553412873, 'train_weighted_meta': 0.0014410580703216034}
{'event': 'candidate_summary', 'candidate': 'history_popularity_tinysearch_h96_r12_a12_p4x4_l1_neg1_lr0p001_hp0p8_freq40_rl0_m1_hinge', 'score': 0.3449670032777604, 'passes_metric_minima': True, 'means': {'val_auc': 0.49957580566406246, 'val_ap': 0.16736433446823037, 'val_mrr': nan, 'val_hits@10': nan, 'val_ndcg': 0.7237955067552058}, 'seeds_completed': 1}
{'event': 'candidate_seed_start', 'candidate': 'history_popularity_tinysearch_h96_r12_a12_p4x4_l1_neg1_lr0p001_hp0p8_hybrid40_rl0_m1_hinge', 'seed': 1, 'device': 'cuda', 'node_text_device': 'cuda:0'}
{'event': 'train_seed_start', 'seed': 1, 'train_edges': 20000, 'val_edges': 162066, 'test_edges': 163172, 'num_nodes': 47433, 'num_relations': 566}
{'event': 'train_seed_tensors_ready', 'seed': 1, 'elapsed_sec': 0.025119677186012268, 'cuda_allocated_mb': 122, 'cuda_reserved_mb': 146, 'cuda_max_allocated_mb': 1702}
{'event': 'train_known_facts_ready', 'seed': 1, 'scope': 'train', 'edges': 20000, 'elapsed_sec': 0.028002366423606873}
{'event': 'train_known_facts_ready', 'seed': 1, 'scope': 'train_val', 'edges': 182066, 'elapsed_sec': 0.046571943908929825}
{'event': 'train_sampler_ready', 'seed': 1, 'elapsed_sec': 0.0570145882666111}
{'event': 'val_sampler_ready', 'seed': 1, 'elapsed_sec': 0.06505122035741806}
{'event': 'epoch_start', 'epoch': 1, 'epochs': 1, 'batches': 42, 'time_groups': 5}
{'event': 'train_time_group', 'epoch': 1, 'time_group': 1, 'time_groups': 5, 'batch': 0, 'batches': 42, 'time_value': 1900.0, 'group_batches': 8, 'history_edges': 0, 'elapsed_sec': 0.013269960880279541, 'cuda_allocated_mb': 122, 'cuda_reserved_mb': 146, 'cuda_max_allocated_mb': 1702}
{'event': 'train_progress', 'epoch': 1, 'batch': 1, 'batches': 42, 'time_group': 1, 'time_groups': 5, 'history_edges': 0, 'pos_edges': 512, 'neg_edges': 512, 'loss_recent': 45.70920944213867, 'elapsed_sec': 0.5579305775463581, 'avg_sec_per_batch': 0.5579305775463581, 'cuda_allocated_mb': 449, 'cuda_reserved_mb': 956, 'cuda_max_allocated_mb': 1702}
{'event': 'train_time_group', 'epoch': 1, 'time_group': 5, 'time_groups': 5, 'batch': 34, 'batches': 42, 'time_value': 1904.0, 'group_batches': 8, 'history_edges': 16190, 'elapsed_sec': 29.34190360084176, 'cuda_allocated_mb': 333, 'cuda_reserved_mb': 1736, 'cuda_max_allocated_mb': 1702}
{'event': 'train_progress', 'epoch': 1, 'batch': 42, 'batches': 42, 'time_group': 5, 'time_groups': 5, 'history_edges': 16190, 'pos_edges': 226, 'neg_edges': 226, 'loss_recent': 40.3718558379582, 'elapsed_sec': 37.124071810394526, 'avg_sec_per_batch': 0.8839064716760602, 'cuda_allocated_mb': 476, 'cuda_reserved_mb': 1796, 'cuda_max_allocated_mb': 1702}
{'event': 'validation_start', 'epoch': 1}
{'event': 'epoch_end', 'epoch': 1, 'early_stop_metric': 'val_composite', 'val_score': 0.3625337639113059, 'val_auc': 0.5061714172363281, 'val_ap': 0.19054973419474264, 'val_ndcg': 0.7512176460729484, 'elapsed_sec': 40.28470080345869}
{'candidate': 'history_popularity_tinysearch_h96_r12_a12_p4x4_l1_neg1_lr0p001_hp0p8_hybrid40_rl0_m1_hinge', 'seed': 1, 'composite': nan, 'val_auc': 0.5061714172363281, 'val_ap': 0.19054973419474264, 'val_ndcg': 0.7512176460729484, 'train_loss': 40.3718558379582, 'train_lp': 0.26182019479927565, 'train_align': 7766.848292759487, 'train_kl': 12742.285297212147, 'train_ood_reg': 0.19334119877644948, 'train_meta': 0.274599753630658, 'train_weighted_align': 38.83424071470896, 'train_weighted_kl': 1.2742284992266268, 'train_weighted_ood_reg': 0.00019334120727199617, 'train_weighted_meta': 0.0013729987265486713}
{'event': 'candidate_summary', 'candidate': 'history_popularity_tinysearch_h96_r12_a12_p4x4_l1_neg1_lr0p001_hp0p8_hybrid40_rl0_m1_hinge', 'score': 0.3625337639113059, 'passes_metric_minima': True, 'means': {'val_auc': 0.5061714172363281, 'val_ap': 0.19054973419474264, 'val_mrr': nan, 'val_hits@10': nan, 'val_ndcg': 0.7512176460729484}, 'seeds_completed': 1}
