
$ /root/miniconda3/bin/python -u scripts/search_hparams.py --config configs/auto_target/ssptgfm_search_yago15k_temporal_struct_residual_fastscan.yaml --output results/auto_target_struct_micro_v3/search_yago15k_temporal_struct_residual_fastscan --resume
runtime_device=cuda
cuda_device=Tesla V100-PCIE-32GB
{'event': 'candidate_seed_start', 'candidate': 'struct_residual_fastscan_h96_r12_a12_p4x4_l1_neg1_lr0p001_sr0p35_sa0p1_rl0p05_m0_bpr', 'seed': 1, 'device': 'cuda', 'node_text_device': 'cuda:0'}
{'event': 'train_seed_start', 'seed': 1, 'train_edges': 3244, 'val_edges': 6738, 'test_edges': 26719, 'num_nodes': 4197, 'num_relations': 19}
{'event': 'train_seed_tensors_ready', 'seed': 1, 'elapsed_sec': 0.004361037164926529, 'cuda_allocated_mb': 9, 'cuda_reserved_mb': 22, 'cuda_max_allocated_mb': 9}
{'event': 'train_known_facts_ready', 'seed': 1, 'scope': 'train', 'edges': 3244, 'elapsed_sec': 0.005963124334812164}
{'event': 'train_known_facts_ready', 'seed': 1, 'scope': 'train_val', 'edges': 9982, 'elapsed_sec': 0.007145538926124573}
{'event': 'train_sampler_ready', 'seed': 1, 'elapsed_sec': 0.008610684424638748}
{'event': 'val_sampler_ready', 'seed': 1, 'elapsed_sec': 0.009956765919923782}
{'event': 'epoch_start', 'epoch': 1, 'epochs': 1, 'batches': 118, 'time_groups': 118}
{'event': 'train_time_group', 'epoch': 1, 'time_group': 1, 'time_groups': 118, 'batch': 0, 'batches': 118, 'time_value': 600.0, 'group_batches': 1, 'history_edges': 0, 'elapsed_sec': 0.014104459434747696, 'cuda_allocated_mb': 9, 'cuda_reserved_mb': 24, 'cuda_max_allocated_mb': 9}
{'event': 'train_progress', 'epoch': 1, 'batch': 1, 'batches': 118, 'time_group': 1, 'time_groups': 118, 'history_edges': 0, 'pos_edges': 1, 'neg_edges': 1, 'loss_recent': 0.7485449314117432, 'elapsed_sec': 0.9060017913579941, 'avg_sec_per_batch': 0.9060017913579941, 'cuda_allocated_mb': 44, 'cuda_reserved_mb': 90, 'cuda_max_allocated_mb': 80}
{'event': 'train_progress', 'epoch': 1, 'batch': 100, 'batches': 118, 'time_group': 100, 'time_groups': 118, 'history_edges': 2144, 'pos_edges': 38, 'neg_edges': 38, 'loss_recent': 1.830527930855751, 'elapsed_sec': 17.475053392350674, 'avg_sec_per_batch': 0.17475053392350673, 'cuda_allocated_mb': 46, 'cuda_reserved_mb': 202, 'cuda_max_allocated_mb': 169}
{'event': 'train_time_group', 'epoch': 1, 'time_group': 118, 'time_groups': 118, 'batch': 117, 'batches': 118, 'time_value': 1966.0, 'group_batches': 1, 'history_edges': 3153, 'elapsed_sec': 20.958633296191692, 'cuda_allocated_mb': 45, 'cuda_reserved_mb': 222, 'cuda_max_allocated_mb': 189}
{'event': 'train_progress', 'epoch': 1, 'batch': 118, 'batches': 118, 'time_group': 118, 'time_groups': 118, 'history_edges': 3153, 'pos_edges': 91, 'neg_edges': 91, 'loss_recent': 2.407982595562935, 'elapsed_sec': 21.208799123764038, 'avg_sec_per_batch': 0.1797355857946105, 'cuda_allocated_mb': 48, 'cuda_reserved_mb': 222, 'cuda_max_allocated_mb': 192}
{'event': 'validation_start', 'epoch': 1}
{'event': 'validation_ranking_start', 'epoch': 1, 'max_edges': 3}
{'event': 'epoch_end', 'epoch': 1, 'early_stop_metric': 'val_composite', 'val_score': 0.4723699551371896, 'val_auc': 0.935546875, 'val_ap': 0.8771062228760799, 'val_ndcg': 0.977051877604223, 'val_mrr': 0.26873456790123457, 'val_hits@1': 0.0, 'val_hits@10': 0.6666666666666666, 'val_hits@50': 0.6666666666666666, 'val_hits@100': 0.6666666666666666, 'elapsed_sec': 29.14569279924035}
{'candidate': 'struct_residual_fastscan_h96_r12_a12_p4x4_l1_neg1_lr0p001_sr0p35_sa0p1_rl0p05_m0_bpr', 'seed': 1, 'composite': nan, 'val_auc': 0.935546875, 'val_ap': 0.8771062228760799, 'val_ndcg': 0.977051877604223, 'val_mrr': 0.26873456790123457, 'val_hits@1': 0.0, 'val_hits@10': 0.6666666666666666, 'val_hits@50': 0.6666666666666666, 'val_hits@100': 0.6666666666666666, 'train_loss': 2.162238313485, 'train_lp': 0.46260831126217117, 'train_align': 310.854785864636, 'train_kl': 877.7232845112429, 'train_ood_reg': 0.21785963806560485, 'train_meta': 0.46860103968972877, 'train_struct_aux': 0.5502289568973799, 'train_weighted_align': 1.5542738964560174, 'train_weighted_kl': 0.0877723267175636, 'train_weighted_ood_reg': 0.00021785964868209024, 'train_weighted_meta': 0.002343005149268103, 'train_weighted_struct_aux': 0.05502289669367216, 'train_rank': 0.37139434569467933, 'train_weighted_rank': 0.018569717582283637}
{'event': 'candidate_summary', 'candidate': 'struct_residual_fastscan_h96_r12_a12_p4x4_l1_neg1_lr0p001_sr0p35_sa0p1_rl0p05_m0_bpr', 'score': 0.4723699551371896, 'passes_metric_minima': True, 'means': {'val_auc': 0.935546875, 'val_ap': 0.8771062228760799, 'val_mrr': 0.26873456790123457, 'val_hits@10': 0.6666666666666666, 'val_ndcg': 0.977051877604223}, 'seeds_completed': 1}
{'event': 'candidate_seed_start', 'candidate': 'struct_residual_fastscan_h128_r16_a16_p4x4_l1_neg1_lr0p0007_sr0p35_sa0p1_rl0p05_m0_bpr', 'seed': 1, 'device': 'cuda', 'node_text_device': 'cuda:0'}
{'event': 'train_seed_start', 'seed': 1, 'train_edges': 3244, 'val_edges': 6738, 'test_edges': 26719, 'num_nodes': 4197, 'num_relations': 19}
{'event': 'train_seed_tensors_ready', 'seed': 1, 'elapsed_sec': 0.010732367634773254, 'cuda_allocated_mb': 27, 'cuda_reserved_mb': 44, 'cuda_max_allocated_mb': 192}
{'event': 'train_known_facts_ready', 'seed': 1, 'scope': 'train', 'edges': 3244, 'elapsed_sec': 0.012605465948581696}
{'event': 'train_known_facts_ready', 'seed': 1, 'scope': 'train_val', 'edges': 9982, 'elapsed_sec': 0.013922303915023804}
{'event': 'train_sampler_ready', 'seed': 1, 'elapsed_sec': 0.015786990523338318}
{'event': 'val_sampler_ready', 'seed': 1, 'elapsed_sec': 0.01723095402121544}
{'event': 'epoch_start', 'epoch': 1, 'epochs': 1, 'batches': 118, 'time_groups': 118}
{'event': 'train_time_group', 'epoch': 1, 'time_group': 1, 'time_groups': 118, 'batch': 0, 'batches': 118, 'time_value': 600.0, 'group_batches': 1, 'history_edges': 0, 'elapsed_sec': 0.0057267844676971436, 'cuda_allocated_mb': 27, 'cuda_reserved_mb': 44, 'cuda_max_allocated_mb': 192}
{'event': 'train_progress', 'epoch': 1, 'batch': 1, 'batches': 118, 'time_group': 1, 'time_groups': 118, 'history_edges': 0, 'pos_edges': 1, 'neg_edges': 1, 'loss_recent': 0.783710777759552, 'elapsed_sec': 0.12132209539413452, 'avg_sec_per_batch': 0.12132209539413452, 'cuda_allocated_mb': 54, 'cuda_reserved_mb': 134, 'cuda_max_allocated_mb': 192}
{'event': 'train_progress', 'epoch': 1, 'batch': 100, 'batches': 118, 'time_group': 100, 'time_groups': 118, 'history_edges': 2144, 'pos_edges': 38, 'neg_edges': 38, 'loss_recent': 1.8990311343967914, 'elapsed_sec': 17.018389578908682, 'avg_sec_per_batch': 0.17018389578908683, 'cuda_allocated_mb': 57, 'cuda_reserved_mb': 268, 'cuda_max_allocated_mb': 222}
{'event': 'train_time_group', 'epoch': 1, 'time_group': 118, 'time_groups': 118, 'batch': 117, 'batches': 118, 'time_value': 1966.0, 'group_batches': 1, 'history_edges': 3153, 'elapsed_sec': 20.57585696130991, 'cuda_allocated_mb': 56, 'cuda_reserved_mb': 288, 'cuda_max_allocated_mb': 249}
{'event': 'train_progress', 'epoch': 1, 'batch': 118, 'batches': 118, 'time_group': 118, 'time_groups': 118, 'history_edges': 3153, 'pos_edges': 91, 'neg_edges': 91, 'loss_recent': 2.5009915263950826, 'elapsed_sec': 20.81610368192196, 'avg_sec_per_batch': 0.17640765832137253, 'cuda_allocated_mb': 58, 'cuda_reserved_mb': 288, 'cuda_max_allocated_mb': 253}
{'event': 'validation_start', 'epoch': 1}
{'event': 'validation_ranking_start', 'epoch': 1, 'max_edges': 3}
{'event': 'epoch_end', 'epoch': 1, 'early_stop_metric': 'val_composite', 'val_score': 0.3092905914386886, 'val_auc': 0.9155680338541666, 'val_ap': 0.8435434530681735, 'val_ndcg': 0.9686491396110997, 'val_mrr': 0.10918139140351622, 'val_hits@1': 0.0, 'val_hits@10': 0.3333333333333333, 'val_hits@50': 0.6666666666666666, 'val_hits@100': 0.8333333333333334, 'elapsed_sec': 28.569401513785124}
{'candidate': 'struct_residual_fastscan_h128_r16_a16_p4x4_l1_neg1_lr0p0007_sr0p35_sa0p1_rl0p05_m0_bpr', 'seed': 1, 'composite': nan, 'val_auc': 0.9155680338541666, 'val_ap': 0.8435434530681735, 'val_ndcg': 0.9686491396110997, 'val_mrr': 0.10918139140351622, 'val_hits@1': 0.0, 'val_hits@10': 0.3333333333333333, 'val_hits@50': 0.6666666666666666, 'val_hits@100': 0.8333333333333334, 'train_loss': 2.2432780009457622, 'train_lp': 0.49173007476127756, 'train_align': 313.5245260202278, 'train_kl': 1255.8341172428454, 'train_ood_reg': 0.23708495661868886, 'train_meta': 0.48529584039697204, 'train_struct_aux': 0.5567836774102712, 'train_weighted_align': 1.5676225885764647, 'train_weighted_kl': 0.1255834087950446, 'train_weighted_ood_reg': 0.000237084967720567, 'train_weighted_meta': 0.0024264791378084474, 'train_weighted_struct_aux': 0.05567836878284559, 'train_rank': 0.3851983087666143, 'train_weighted_rank': 0.01925991576088995}
{'event': 'candidate_summary', 'candidate': 'struct_residual_fastscan_h128_r16_a16_p4x4_l1_neg1_lr0p0007_sr0p35_sa0p1_rl0p05_m0_bpr', 'score': 0.3092905914386886, 'passes_metric_minima': True, 'means': {'val_auc': 0.9155680338541666, 'val_ap': 0.8435434530681735, 'val_mrr': 0.10918139140351622, 'val_hits@10': 0.3333333333333333, 'val_ndcg': 0.9686491396110997}, 'seeds_completed': 1}
