
$ /root/miniconda3/bin/python -u scripts/search_hparams.py --config configs/auto_target/ssptgfm_search_icews14_struct_residual_fastscan.yaml --output results/auto_target_struct_micro_v2/search_icews14_struct_residual_fastscan --resume
runtime_device=cuda
cuda_device=Tesla V100-PCIE-32GB
{'event': 'candidate_seed_start', 'candidate': 'struct_residual_fastscan_h96_r12_a12_p4x4_l1_neg1_lr0p001_sr0p35_sa0p1_rl0p05_m0_bpr', 'seed': 1, 'device': 'cuda', 'node_text_device': 'cuda:0'}
{'event': 'train_seed_start', 'seed': 1, 'train_edges': 12000, 'val_edges': 14592, 'test_edges': 14378, 'num_nodes': 7128, 'num_relations': 230}
{'event': 'train_seed_tensors_ready', 'seed': 1, 'elapsed_sec': 0.008082620799541473, 'cuda_allocated_mb': 21, 'cuda_reserved_mb': 24, 'cuda_max_allocated_mb': 21}
{'event': 'train_known_facts_ready', 'seed': 1, 'scope': 'train', 'edges': 12000, 'elapsed_sec': 0.01084979996085167}
{'event': 'train_known_facts_ready', 'seed': 1, 'scope': 'train_val', 'edges': 26592, 'elapsed_sec': 0.013505607843399048}
{'event': 'train_sampler_ready', 'seed': 1, 'elapsed_sec': 0.016566164791584015}
{'event': 'val_sampler_ready', 'seed': 1, 'elapsed_sec': 0.019240576773881912}
{'event': 'epoch_start', 'epoch': 1, 'epochs': 1, 'batches': 53, 'time_groups': 53}
{'event': 'train_time_group', 'epoch': 1, 'time_group': 1, 'time_groups': 53, 'batch': 0, 'batches': 53, 'time_value': 1388534400.0, 'group_batches': 1, 'history_edges': 0, 'elapsed_sec': 0.017248887568712234, 'cuda_allocated_mb': 21, 'cuda_reserved_mb': 24, 'cuda_max_allocated_mb': 21}
{'event': 'train_progress', 'epoch': 1, 'batch': 1, 'batches': 53, 'time_group': 1, 'time_groups': 53, 'history_edges': 0, 'pos_edges': 113, 'neg_edges': 113, 'loss_recent': 351391.8125, 'elapsed_sec': 1.1117555126547813, 'avg_sec_per_batch': 1.1117555126547813, 'cuda_allocated_mb': 89, 'cuda_reserved_mb': 174, 'cuda_max_allocated_mb': 159}
{'event': 'train_time_group', 'epoch': 1, 'time_group': 53, 'time_groups': 53, 'batch': 52, 'batches': 53, 'time_value': 1393027200.0, 'group_batches': 1, 'history_edges': 11959, 'elapsed_sec': 20.080793868750334, 'cuda_allocated_mb': 86, 'cuda_reserved_mb': 528, 'cuda_max_allocated_mb': 466}
{'event': 'train_progress', 'epoch': 1, 'batch': 53, 'batches': 53, 'time_group': 53, 'time_groups': 53, 'history_edges': 11959, 'pos_edges': 41, 'neg_edges': 41, 'loss_recent': 215555.75503309717, 'elapsed_sec': 20.29595959186554, 'avg_sec_per_batch': 0.38294263380878374, 'cuda_allocated_mb': 89, 'cuda_reserved_mb': 528, 'cuda_max_allocated_mb': 466}
{'event': 'validation_start', 'epoch': 1}
{'event': 'validation_ranking_start', 'epoch': 1, 'max_edges': 3}
{'event': 'epoch_end', 'epoch': 1, 'early_stop_metric': 'val_composite', 'val_score': 0.08881632601799083, 'val_auc': 0.351898193359375, 'val_ap': 0.2025226756307869, 'val_ndcg': 0.671162646084564, 'val_mrr': 0.00781543959094798, 'val_hits@1': 0.0, 'val_hits@10': 0.0, 'val_hits@50': 0.16666666666666666, 'val_hits@100': 0.3333333333333333, 'elapsed_sec': 33.12143115699291}
{'candidate': 'struct_residual_fastscan_h96_r12_a12_p4x4_l1_neg1_lr0p001_sr0p35_sa0p1_rl0p05_m0_bpr', 'seed': 1, 'composite': nan, 'val_auc': 0.351898193359375, 'val_ap': 0.2025226756307869, 'val_ndcg': 0.671162646084564, 'val_mrr': 0.00781543959094798, 'val_hits@1': 0.0, 'val_hits@10': 0.0, 'val_hits@50': 0.16666666666666666, 'val_hits@100': 0.3333333333333333, 'train_loss': 215555.75503309717, 'train_lp': 165501.98030752505, 'train_align': 2703.144499580815, 'train_kl': 11071.922418558373, 'train_ood_reg': 0.23269558374611837, 'train_meta': 165510.94270008017, 'train_struct_aux': 492115.9755444797, 'train_weighted_align': 13.515722157820216, 'train_weighted_kl': 1.1071922149298326, 'train_weighted_ood_reg': 0.00023269559529100388, 'train_weighted_meta': 827.5546934109814, 'train_weighted_struct_aux': 49211.59853564568, 'train_rank': 103937.07049397056, 'train_weighted_rank': 5196.853598710993}
{'event': 'candidate_summary', 'candidate': 'struct_residual_fastscan_h96_r12_a12_p4x4_l1_neg1_lr0p001_sr0p35_sa0p1_rl0p05_m0_bpr', 'score': 0.08881632601799083, 'passes_metric_minima': True, 'means': {'val_auc': 0.351898193359375, 'val_ap': 0.2025226756307869, 'val_mrr': 0.00781543959094798, 'val_hits@10': 0.0, 'val_ndcg': 0.671162646084564}, 'seeds_completed': 1}
{'event': 'candidate_seed_start', 'candidate': 'struct_residual_fastscan_h128_r16_a16_p4x4_l1_neg1_lr0p0007_sr0p35_sa0p1_rl0p05_m0_bpr', 'seed': 1, 'device': 'cuda', 'node_text_device': 'cuda:0'}
{'event': 'train_seed_start', 'seed': 1, 'train_edges': 12000, 'val_edges': 14592, 'test_edges': 14378, 'num_nodes': 7128, 'num_relations': 230}
{'event': 'train_seed_tensors_ready', 'seed': 1, 'elapsed_sec': 0.010021261870861053, 'cuda_allocated_mb': 44, 'cuda_reserved_mb': 64, 'cuda_max_allocated_mb': 466}
{'event': 'train_known_facts_ready', 'seed': 1, 'scope': 'train', 'edges': 12000, 'elapsed_sec': 0.013051904737949371}
{'event': 'train_known_facts_ready', 'seed': 1, 'scope': 'train_val', 'edges': 26592, 'elapsed_sec': 0.016875486820936203}
{'event': 'train_sampler_ready', 'seed': 1, 'elapsed_sec': 0.020166728645563126}
{'event': 'val_sampler_ready', 'seed': 1, 'elapsed_sec': 0.023106954991817474}
{'event': 'epoch_start', 'epoch': 1, 'epochs': 1, 'batches': 53, 'time_groups': 53}
{'event': 'train_time_group', 'epoch': 1, 'time_group': 1, 'time_groups': 53, 'batch': 0, 'batches': 53, 'time_value': 1388534400.0, 'group_batches': 1, 'history_edges': 0, 'elapsed_sec': 0.006237287074327469, 'cuda_allocated_mb': 45, 'cuda_reserved_mb': 66, 'cuda_max_allocated_mb': 466}
{'event': 'train_progress', 'epoch': 1, 'batch': 1, 'batches': 53, 'time_group': 1, 'time_groups': 53, 'history_edges': 0, 'pos_edges': 113, 'neg_edges': 113, 'loss_recent': 6120249.0, 'elapsed_sec': 0.30913250148296356, 'avg_sec_per_batch': 0.30913250148296356, 'cuda_allocated_mb': 121, 'cuda_reserved_mb': 236, 'cuda_max_allocated_mb': 466}
{'event': 'train_time_group', 'epoch': 1, 'time_group': 53, 'time_groups': 53, 'batch': 52, 'batches': 53, 'time_value': 1393027200.0, 'group_batches': 1, 'history_edges': 11959, 'elapsed_sec': 20.04816373065114, 'cuda_allocated_mb': 119, 'cuda_reserved_mb': 700, 'cuda_max_allocated_mb': 628}
{'event': 'train_progress', 'epoch': 1, 'batch': 53, 'batches': 53, 'time_group': 53, 'time_groups': 53, 'history_edges': 11959, 'pos_edges': 41, 'neg_edges': 41, 'loss_recent': 624935.0776090802, 'elapsed_sec': 20.271729212254286, 'avg_sec_per_batch': 0.3824854568349865, 'cuda_allocated_mb': 121, 'cuda_reserved_mb': 700, 'cuda_max_allocated_mb': 628}
{'event': 'validation_start', 'epoch': 1}
{'event': 'validation_ranking_start', 'epoch': 1, 'max_edges': 3}
{'event': 'epoch_end', 'epoch': 1, 'early_stop_metric': 'val_composite', 'val_score': 0.08625514149442147, 'val_auc': 0.35889689127604163, 'val_ap': 0.21238158695791495, 'val_ndcg': 0.6805809366526763, 'val_mrr': 0.0007455870234395285, 'val_hits@1': 0.0, 'val_hits@10': 0.0, 'val_hits@50': 0.0, 'val_hits@100': 0.0, 'elapsed_sec': 33.01049339026213}
{'candidate': 'struct_residual_fastscan_h128_r16_a16_p4x4_l1_neg1_lr0p0007_sr0p35_sa0p1_rl0p05_m0_bpr', 'seed': 1, 'composite': nan, 'val_auc': 0.35889689127604163, 'val_ap': 0.21238158695791495, 'val_ndcg': 0.6805809366526763, 'val_mrr': 0.0007455870234395285, 'val_hits@1': 0.0, 'val_hits@10': 0.0, 'val_hits@50': 0.0, 'val_hits@100': 0.0, 'train_loss': 624935.0776090802, 'train_lp': 482663.78317548643, 'train_align': 2690.2874836471847, 'train_kl': 14705.33984375, 'train_ood_reg': 0.20857754602747144, 'train_meta': 486355.5462301002, 'train_struct_aux': 1398246.0227741746, 'train_weighted_align': 13.451437113420019, 'train_weighted_kl': 1.4705339535227362, 'train_weighted_ood_reg': 0.00020857755575803512, 'train_weighted_meta': 2431.777680738917, 'train_weighted_struct_aux': 139824.60571749706, 'train_rank': 193817.34850656873, 'train_weighted_rank': 9690.867471594434}
{'event': 'candidate_summary', 'candidate': 'struct_residual_fastscan_h128_r16_a16_p4x4_l1_neg1_lr0p0007_sr0p35_sa0p1_rl0p05_m0_bpr', 'score': 0.08625514149442147, 'passes_metric_minima': True, 'means': {'val_auc': 0.35889689127604163, 'val_ap': 0.21238158695791495, 'val_mrr': 0.0007455870234395285, 'val_hits@10': 0.0, 'val_ndcg': 0.6805809366526763}, 'seeds_completed': 1}

$ /root/miniconda3/bin/python -u scripts/search_hparams.py --config configs/auto_target/ssptgfm_search_icews14_struct_residual_fastscan.yaml --output results/auto_target_struct_micro_v3/search_icews14_struct_residual_fastscan --resume
runtime_device=cuda
cuda_device=Tesla V100-PCIE-32GB
{'event': 'candidate_seed_start', 'candidate': 'struct_residual_fastscan_h96_r12_a12_p4x4_l1_neg1_lr0p001_sr0p35_sa0p1_rl0p05_m0_bpr', 'seed': 1, 'device': 'cuda', 'node_text_device': 'cuda:0'}
{'event': 'train_seed_start', 'seed': 1, 'train_edges': 12000, 'val_edges': 14592, 'test_edges': 14378, 'num_nodes': 7128, 'num_relations': 230}
{'event': 'train_seed_tensors_ready', 'seed': 1, 'elapsed_sec': 0.007868878543376923, 'cuda_allocated_mb': 21, 'cuda_reserved_mb': 24, 'cuda_max_allocated_mb': 21}
{'event': 'train_known_facts_ready', 'seed': 1, 'scope': 'train', 'edges': 12000, 'elapsed_sec': 0.010541677474975586}
{'event': 'train_known_facts_ready', 'seed': 1, 'scope': 'train_val', 'edges': 26592, 'elapsed_sec': 0.013132769614458084}
{'event': 'train_sampler_ready', 'seed': 1, 'elapsed_sec': 0.01632390171289444}
{'event': 'val_sampler_ready', 'seed': 1, 'elapsed_sec': 0.01898578181862831}
{'event': 'epoch_start', 'epoch': 1, 'epochs': 1, 'batches': 53, 'time_groups': 53}
{'event': 'train_time_group', 'epoch': 1, 'time_group': 1, 'time_groups': 53, 'batch': 0, 'batches': 53, 'time_value': 1388534400.0, 'group_batches': 1, 'history_edges': 0, 'elapsed_sec': 0.015474047511816025, 'cuda_allocated_mb': 21, 'cuda_reserved_mb': 24, 'cuda_max_allocated_mb': 21}
{'event': 'train_progress', 'epoch': 1, 'batch': 1, 'batches': 53, 'time_group': 1, 'time_groups': 53, 'history_edges': 0, 'pos_edges': 113, 'neg_edges': 113, 'loss_recent': 8.194411277770996, 'elapsed_sec': 1.0506058111786842, 'avg_sec_per_batch': 1.0506058111786842, 'cuda_allocated_mb': 89, 'cuda_reserved_mb': 174, 'cuda_max_allocated_mb': 159}
{'event': 'train_time_group', 'epoch': 1, 'time_group': 53, 'time_groups': 53, 'batch': 52, 'batches': 53, 'time_value': 1393027200.0, 'group_batches': 1, 'history_edges': 11959, 'elapsed_sec': 20.119029875844717, 'cuda_allocated_mb': 86, 'cuda_reserved_mb': 528, 'cuda_max_allocated_mb': 466}
{'event': 'train_progress', 'epoch': 1, 'batch': 53, 'batches': 53, 'time_group': 53, 'time_groups': 53, 'history_edges': 11959, 'pos_edges': 41, 'neg_edges': 41, 'loss_recent': 14.439241823160424, 'elapsed_sec': 20.308949135243893, 'avg_sec_per_batch': 0.38318771953290365, 'cuda_allocated_mb': 89, 'cuda_reserved_mb': 528, 'cuda_max_allocated_mb': 466}
{'event': 'validation_start', 'epoch': 1}
{'event': 'validation_ranking_start', 'epoch': 1, 'max_edges': 3}
{'event': 'epoch_end', 'epoch': 1, 'early_stop_metric': 'val_composite', 'val_score': 0.3485323994090757, 'val_auc': 0.8113810221354166, 'val_ap': 0.7015551320618694, 'val_ndcg': 0.9317424834233109, 'val_mrr': 0.20227959562071715, 'val_hits@1': 0.16666666666666666, 'val_hits@10': 0.3333333333333333, 'val_hits@50': 0.5, 'val_hits@100': 0.8333333333333334, 'elapsed_sec': 33.1411649286747}
{'candidate': 'struct_residual_fastscan_h96_r12_a12_p4x4_l1_neg1_lr0p001_sr0p35_sa0p1_rl0p05_m0_bpr', 'seed': 1, 'composite': nan, 'val_auc': 0.8113810221354166, 'val_ap': 0.7015551320618694, 'val_ndcg': 0.9317424834233109, 'val_mrr': 0.20227959562071715, 'val_hits@1': 0.16666666666666666, 'val_hits@10': 0.3333333333333333, 'val_hits@50': 0.5, 'val_hits@100': 0.8333333333333334, 'train_loss': 14.439241823160424, 'train_lp': 0.5540206814711949, 'train_align': 2652.775934759176, 'train_kl': 5601.500814185953, 'train_ood_reg': 0.23154423090646853, 'train_meta': 0.5484991815854918, 'train_struct_aux': 0.5821751631655783, 'train_weighted_align': 13.263879357643848, 'train_weighted_kl': 0.5601500708539531, 'train_weighted_ood_reg': 0.00023154424116858896, 'train_weighted_meta': 0.0027424958578469057, 'train_weighted_struct_aux': 0.058217517469289166, 'train_rank': 0.43777151546388304, 'train_weighted_rank': 0.02188857607894911}
{'event': 'candidate_summary', 'candidate': 'struct_residual_fastscan_h96_r12_a12_p4x4_l1_neg1_lr0p001_sr0p35_sa0p1_rl0p05_m0_bpr', 'score': 0.3485323994090757, 'passes_metric_minima': True, 'means': {'val_auc': 0.8113810221354166, 'val_ap': 0.7015551320618694, 'val_mrr': 0.20227959562071715, 'val_hits@10': 0.3333333333333333, 'val_ndcg': 0.9317424834233109}, 'seeds_completed': 1}
{'event': 'candidate_seed_start', 'candidate': 'struct_residual_fastscan_h128_r16_a16_p4x4_l1_neg1_lr0p0007_sr0p35_sa0p1_rl0p05_m0_bpr', 'seed': 1, 'device': 'cuda', 'node_text_device': 'cuda:0'}
{'event': 'train_seed_start', 'seed': 1, 'train_edges': 12000, 'val_edges': 14592, 'test_edges': 14378, 'num_nodes': 7128, 'num_relations': 230}
{'event': 'train_seed_tensors_ready', 'seed': 1, 'elapsed_sec': 0.012383971363306046, 'cuda_allocated_mb': 44, 'cuda_reserved_mb': 64, 'cuda_max_allocated_mb': 466}
{'event': 'train_known_facts_ready', 'seed': 1, 'scope': 'train', 'edges': 12000, 'elapsed_sec': 0.014898926019668579}
{'event': 'train_known_facts_ready', 'seed': 1, 'scope': 'train_val', 'edges': 26592, 'elapsed_sec': 0.01786167174577713}
{'event': 'train_sampler_ready', 'seed': 1, 'elapsed_sec': 0.021065298467874527}
{'event': 'val_sampler_ready', 'seed': 1, 'elapsed_sec': 0.023906465619802475}
{'event': 'epoch_start', 'epoch': 1, 'epochs': 1, 'batches': 53, 'time_groups': 53}
{'event': 'train_time_group', 'epoch': 1, 'time_group': 1, 'time_groups': 53, 'batch': 0, 'batches': 53, 'time_value': 1388534400.0, 'group_batches': 1, 'history_edges': 0, 'elapsed_sec': 0.005900487303733826, 'cuda_allocated_mb': 45, 'cuda_reserved_mb': 66, 'cuda_max_allocated_mb': 466}
{'event': 'train_progress', 'epoch': 1, 'batch': 1, 'batches': 53, 'time_group': 1, 'time_groups': 53, 'history_edges': 0, 'pos_edges': 113, 'neg_edges': 113, 'loss_recent': 8.336840629577637, 'elapsed_sec': 0.28553421050310135, 'avg_sec_per_batch': 0.28553421050310135, 'cuda_allocated_mb': 121, 'cuda_reserved_mb': 236, 'cuda_max_allocated_mb': 466}
{'event': 'train_time_group', 'epoch': 1, 'time_group': 53, 'time_groups': 53, 'batch': 52, 'batches': 53, 'time_value': 1393027200.0, 'group_batches': 1, 'history_edges': 11959, 'elapsed_sec': 19.54637471958995, 'cuda_allocated_mb': 119, 'cuda_reserved_mb': 700, 'cuda_max_allocated_mb': 628}
{'event': 'train_progress', 'epoch': 1, 'batch': 53, 'batches': 53, 'time_group': 53, 'time_groups': 53, 'history_edges': 11959, 'pos_edges': 41, 'neg_edges': 41, 'loss_recent': 14.661541839815536, 'elapsed_sec': 19.77401663735509, 'avg_sec_per_batch': 0.3730946535350017, 'cuda_allocated_mb': 121, 'cuda_reserved_mb': 700, 'cuda_max_allocated_mb': 628}
{'event': 'validation_start', 'epoch': 1}
{'event': 'validation_ranking_start', 'epoch': 1, 'max_edges': 3}
{'event': 'epoch_end', 'epoch': 1, 'early_stop_metric': 'val_composite', 'val_score': 0.31522633222606755, 'val_auc': 0.8188680013020833, 'val_ap': 0.6907579814486436, 'val_ndcg': 0.92741182041544, 'val_mrr': 0.1016419806852541, 'val_hits@1': 0.0, 'val_hits@10': 0.5, 'val_hits@50': 0.6666666666666666, 'val_hits@100': 0.6666666666666666, 'elapsed_sec': 31.950902454555035}
{'candidate': 'struct_residual_fastscan_h128_r16_a16_p4x4_l1_neg1_lr0p0007_sr0p35_sa0p1_rl0p05_m0_bpr', 'seed': 1, 'composite': nan, 'val_auc': 0.8188680013020833, 'val_ap': 0.6907579814486436, 'val_ndcg': 0.92741182041544, 'val_mrr': 0.1016419806852541, 'val_hits@1': 0.0, 'val_hits@10': 0.5, 'val_hits@50': 0.6666666666666666, 'val_hits@100': 0.6666666666666666, 'train_loss': 14.661541839815536, 'train_lp': 0.5613444998579206, 'train_align': 2658.71010488834, 'train_kl': 7445.052531692217, 'train_ood_reg': 0.21413569292932186, 'train_meta': 0.560342531159239, 'train_struct_aux': 0.591262587398853, 'train_weighted_align': 13.293550171942082, 'train_weighted_kl': 0.7445052368742116, 'train_weighted_ood_reg': 0.00021413570288612664, 'train_weighted_meta': 0.0028017125957873912, 'train_weighted_struct_aux': 0.05912625937248176, 'train_rank': 0.44706341511798353, 'train_weighted_rank': 0.02235317116005803}
{'event': 'candidate_summary', 'candidate': 'struct_residual_fastscan_h128_r16_a16_p4x4_l1_neg1_lr0p0007_sr0p35_sa0p1_rl0p05_m0_bpr', 'score': 0.31522633222606755, 'passes_metric_minima': True, 'means': {'val_auc': 0.8188680013020833, 'val_ap': 0.6907579814486436, 'val_mrr': 0.1016419806852541, 'val_hits@10': 0.5, 'val_ndcg': 0.92741182041544}, 'seeds_completed': 1}
