
$ /root/miniconda3/bin/python -u scripts/search_hparams.py --config configs/auto_target/ssptgfm_search_icews05_15_history_popularity_midscan.yaml --output results/auto_target_multi_sota_probe/search_icews05_15_history_popularity_midscan --resume
runtime_device=cuda
cuda_device=Tesla V100-PCIE-32GB
{'event': 'candidate_seed_start', 'candidate': 'history_popularity_midscan_h96_r12_a12_p4x4_l1_neg1_lr0p001_hp0p25_freq40_rl0_m1_hinge', 'seed': 1, 'device': 'cuda', 'node_text_device': 'cuda:0'}
{'event': 'train_seed_start', 'seed': 1, 'train_edges': 50000, 'val_edges': 60324, 'test_edges': 74087, 'num_nodes': 10488, 'num_relations': 251}
{'event': 'train_seed_tensors_ready', 'seed': 1, 'elapsed_sec': 0.015832282602787018, 'cuda_allocated_mb': 28, 'cuda_reserved_mb': 44, 'cuda_max_allocated_mb': 28}
{'event': 'train_known_facts_ready', 'seed': 1, 'scope': 'train', 'edges': 50000, 'elapsed_sec': 0.022005528211593628}
{'event': 'train_known_facts_ready', 'seed': 1, 'scope': 'train_val', 'edges': 110324, 'elapsed_sec': 0.03182946518063545}
{'event': 'train_sampler_ready', 'seed': 1, 'elapsed_sec': 0.03592780977487564}
{'event': 'val_sampler_ready', 'seed': 1, 'elapsed_sec': 0.03961314260959625}
{'event': 'epoch_start', 'epoch': 1, 'epochs': 3, 'batches': 417, 'time_groups': 417}
{'event': 'train_time_group', 'epoch': 1, 'time_group': 1, 'time_groups': 417, 'batch': 0, 'batches': 417, 'time_value': 0.0, 'group_batches': 1, 'history_edges': 0, 'elapsed_sec': 0.03441443294286728, 'cuda_allocated_mb': 29, 'cuda_reserved_mb': 44, 'cuda_max_allocated_mb': 29}
{'event': 'train_progress', 'epoch': 1, 'batch': 1, 'batches': 417, 'time_group': 1, 'time_groups': 417, 'history_edges': 0, 'pos_edges': 41, 'neg_edges': 41, 'loss_recent': 3.089418649673462, 'elapsed_sec': 1.2524283304810524, 'avg_sec_per_batch': 1.2524283304810524, 'cuda_allocated_mb': 107, 'cuda_reserved_mb': 200, 'cuda_max_allocated_mb': 195}
{'event': 'train_progress', 'epoch': 1, 'batch': 100, 'batches': 417, 'time_group': 100, 'time_groups': 417, 'history_edges': 10987, 'pos_edges': 87, 'neg_edges': 87, 'loss_recent': 6.51229380607605, 'elapsed_sec': 27.127626068890095, 'avg_sec_per_batch': 0.2712762606889009, 'cuda_allocated_mb': 111, 'cuda_reserved_mb': 554, 'cuda_max_allocated_mb': 509}
{'event': 'train_progress', 'epoch': 1, 'batch': 200, 'batches': 417, 'time_group': 200, 'time_groups': 417, 'history_edges': 23657, 'pos_edges': 155, 'neg_edges': 155, 'loss_recent': 6.399892346858978, 'elapsed_sec': 54.816017754375935, 'avg_sec_per_batch': 0.27408008877187967, 'cuda_allocated_mb': 114, 'cuda_reserved_mb': 794, 'cuda_max_allocated_mb': 716}
{'event': 'train_progress', 'epoch': 1, 'batch': 300, 'batches': 417, 'time_group': 300, 'time_groups': 417, 'history_edges': 35272, 'pos_edges': 144, 'neg_edges': 144, 'loss_recent': 5.522249510288239, 'elapsed_sec': 81.73139955475926, 'avg_sec_per_batch': 0.2724379985158642, 'cuda_allocated_mb': 114, 'cuda_reserved_mb': 1014, 'cuda_max_allocated_mb': 905}
{'event': 'train_progress', 'epoch': 1, 'batch': 400, 'batches': 417, 'time_group': 400, 'time_groups': 417, 'history_edges': 47880, 'pos_edges': 85, 'neg_edges': 85, 'loss_recent': 5.613098007440567, 'elapsed_sec': 110.62967459112406, 'avg_sec_per_batch': 0.2765741864778101, 'cuda_allocated_mb': 112, 'cuda_reserved_mb': 1234, 'cuda_max_allocated_mb': 1100}
{'event': 'train_time_group', 'epoch': 1, 'time_group': 417, 'time_groups': 417, 'batch': 416, 'batches': 417, 'time_value': 416.0, 'group_batches': 1, 'history_edges': 49871, 'elapsed_sec': 115.32942304760218, 'cuda_allocated_mb': 107, 'cuda_reserved_mb': 1254, 'cuda_max_allocated_mb': 1132}
{'event': 'train_progress', 'epoch': 1, 'batch': 417, 'batches': 417, 'time_group': 417, 'time_groups': 417, 'history_edges': 49871, 'pos_edges': 129, 'neg_edges': 129, 'loss_recent': 5.537280815839767, 'elapsed_sec': 115.62487573549151, 'avg_sec_per_batch': 0.27727787946161037, 'cuda_allocated_mb': 114, 'cuda_reserved_mb': 1254, 'cuda_max_allocated_mb': 1135}
{'event': 'validation_start', 'epoch': 1}
{'event': 'validation_ranking_start', 'epoch': 1, 'max_edges': 20}
{'event': 'epoch_end', 'epoch': 1, 'early_stop_metric': 'val_composite', 'val_score': 0.31705469473831766, 'val_auc': 0.8375165939331054, 'val_ap': 0.6173404032133754, 'val_ndcg': 0.9185218427895583, 'val_mrr': 0.08010489004603535, 'val_hits@1': 0.025, 'val_hits@10': 0.15, 'val_hits@50': 0.225, 'val_hits@100': 0.275, 'elapsed_sec': 241.19246742501855}
{'event': 'epoch_start', 'epoch': 2, 'epochs': 3, 'batches': 417, 'time_groups': 417}
{'event': 'train_time_group', 'epoch': 2, 'time_group': 1, 'time_groups': 417, 'batch': 0, 'batches': 417, 'time_value': 0.0, 'group_batches': 1, 'history_edges': 0, 'elapsed_sec': 0.041212234646081924, 'cuda_allocated_mb': 107, 'cuda_reserved_mb': 1362, 'cuda_max_allocated_mb': 1135}
{'event': 'train_progress', 'epoch': 2, 'batch': 1, 'batches': 417, 'time_group': 1, 'time_groups': 417, 'history_edges': 0, 'pos_edges': 41, 'neg_edges': 41, 'loss_recent': 4.415088653564453, 'elapsed_sec': 0.2305097095668316, 'avg_sec_per_batch': 0.2305097095668316, 'cuda_allocated_mb': 109, 'cuda_reserved_mb': 1362, 'cuda_max_allocated_mb': 1135}
{'event': 'train_progress', 'epoch': 2, 'batch': 100, 'batches': 417, 'time_group': 100, 'time_groups': 417, 'history_edges': 10987, 'pos_edges': 87, 'neg_edges': 87, 'loss_recent': 5.283634872436523, 'elapsed_sec': 25.579771239310503, 'avg_sec_per_batch': 0.255797712393105, 'cuda_allocated_mb': 111, 'cuda_reserved_mb': 1362, 'cuda_max_allocated_mb': 1135}
{'event': 'train_progress', 'epoch': 2, 'batch': 200, 'batches': 417, 'time_group': 200, 'time_groups': 417, 'history_edges': 23657, 'pos_edges': 155, 'neg_edges': 155, 'loss_recent': 5.3821031653881075, 'elapsed_sec': 53.73547477275133, 'avg_sec_per_batch': 0.2686773738637567, 'cuda_allocated_mb': 114, 'cuda_reserved_mb': 1362, 'cuda_max_allocated_mb': 1135}
{'event': 'train_progress', 'epoch': 2, 'batch': 300, 'batches': 417, 'time_group': 300, 'time_groups': 417, 'history_edges': 35272, 'pos_edges': 144, 'neg_edges': 144, 'loss_recent': 4.8425231969356535, 'elapsed_sec': 80.25144444406033, 'avg_sec_per_batch': 0.26750481481353444, 'cuda_allocated_mb': 114, 'cuda_reserved_mb': 1362, 'cuda_max_allocated_mb': 1135}
