
$ /root/miniconda3/bin/python -u scripts/search_hparams.py --config configs/auto_target/ssptgfm_search_icews05_15_struct_history_fastscan.yaml --output results/auto_target_struct_residual_v1/search_icews05_15_struct_history_fastscan --resume
runtime_device=cuda
cuda_device=Tesla V100-PCIE-32GB
{'event': 'candidate_seed_start', 'candidate': 'struct_history_fastscan_h96_r12_a12_p4x4_l1_neg1_lr0p001_hp0p35_freq40_sr0p25_sa0p1_rl0p05_m0_bpr', 'seed': 1, 'device': 'cuda', 'node_text_device': 'cuda:0'}
{'event': 'train_seed_start', 'seed': 1, 'train_edges': 50000, 'val_edges': 60324, 'test_edges': 74087, 'num_nodes': 10488, 'num_relations': 251}
{'event': 'train_seed_tensors_ready', 'seed': 1, 'elapsed_sec': 0.024587448686361313, 'cuda_allocated_mb': 28, 'cuda_reserved_mb': 44, 'cuda_max_allocated_mb': 28}
{'event': 'train_known_facts_ready', 'seed': 1, 'scope': 'train', 'edges': 50000, 'elapsed_sec': 0.030503425747156143}
{'event': 'train_known_facts_ready', 'seed': 1, 'scope': 'train_val', 'edges': 110324, 'elapsed_sec': 0.04032404348254204}
{'event': 'train_sampler_ready', 'seed': 1, 'elapsed_sec': 0.04561137408018112}
{'event': 'val_sampler_ready', 'seed': 1, 'elapsed_sec': 0.05085983872413635}
{'event': 'epoch_start', 'epoch': 1, 'epochs': 2, 'batches': 417, 'time_groups': 417}
{'event': 'train_time_group', 'epoch': 1, 'time_group': 1, 'time_groups': 417, 'batch': 0, 'batches': 417, 'time_value': 0.0, 'group_batches': 1, 'history_edges': 0, 'elapsed_sec': 0.053736861795186996, 'cuda_allocated_mb': 29, 'cuda_reserved_mb': 44, 'cuda_max_allocated_mb': 29}
{'event': 'train_progress', 'epoch': 1, 'batch': 1, 'batches': 417, 'time_group': 1, 'time_groups': 417, 'history_edges': 0, 'pos_edges': 41, 'neg_edges': 41, 'loss_recent': 3.159850835800171, 'elapsed_sec': 1.2212036028504372, 'avg_sec_per_batch': 1.2212036028504372, 'cuda_allocated_mb': 108, 'cuda_reserved_mb': 200, 'cuda_max_allocated_mb': 196}
{'event': 'train_progress', 'epoch': 1, 'batch': 100, 'batches': 417, 'time_group': 100, 'time_groups': 417, 'history_edges': 10987, 'pos_edges': 87, 'neg_edges': 87, 'loss_recent': 6.520763924121857, 'elapsed_sec': 42.67483447492123, 'avg_sec_per_batch': 0.42674834474921225, 'cuda_allocated_mb': 111, 'cuda_reserved_mb': 556, 'cuda_max_allocated_mb': 510}
{'event': 'train_progress', 'epoch': 1, 'batch': 200, 'batches': 417, 'time_group': 200, 'time_groups': 417, 'history_edges': 23657, 'pos_edges': 155, 'neg_edges': 155, 'loss_recent': 6.433557770252228, 'elapsed_sec': 88.16562459617853, 'avg_sec_per_batch': 0.44082812298089263, 'cuda_allocated_mb': 114, 'cuda_reserved_mb': 796, 'cuda_max_allocated_mb': 717}
{'event': 'train_progress', 'epoch': 1, 'batch': 300, 'batches': 417, 'time_group': 300, 'time_groups': 417, 'history_edges': 35272, 'pos_edges': 144, 'neg_edges': 144, 'loss_recent': 5.642894283533097, 'elapsed_sec': 133.48678210005164, 'avg_sec_per_batch': 0.4449559403335055, 'cuda_allocated_mb': 114, 'cuda_reserved_mb': 1016, 'cuda_max_allocated_mb': 905}
{'event': 'train_progress', 'epoch': 1, 'batch': 400, 'batches': 417, 'time_group': 400, 'time_groups': 417, 'history_edges': 47880, 'pos_edges': 85, 'neg_edges': 85, 'loss_recent': 5.735779079198838, 'elapsed_sec': 181.9167631044984, 'avg_sec_per_batch': 0.45479190776124595, 'cuda_allocated_mb': 112, 'cuda_reserved_mb': 1236, 'cuda_max_allocated_mb': 1100}
{'event': 'train_time_group', 'epoch': 1, 'time_group': 417, 'time_groups': 417, 'batch': 416, 'batches': 417, 'time_value': 416.0, 'group_batches': 1, 'history_edges': 49871, 'elapsed_sec': 189.04071663320065, 'cuda_allocated_mb': 107, 'cuda_reserved_mb': 1256, 'cuda_max_allocated_mb': 1132}
{'event': 'train_progress', 'epoch': 1, 'batch': 417, 'batches': 417, 'time_group': 417, 'time_groups': 417, 'history_edges': 49871, 'pos_edges': 129, 'neg_edges': 129, 'loss_recent': 5.6632882392406465, 'elapsed_sec': 189.48779629915953, 'avg_sec_per_batch': 0.4544071853696871, 'cuda_allocated_mb': 114, 'cuda_reserved_mb': 1256, 'cuda_max_allocated_mb': 1136}
{'event': 'validation_start', 'epoch': 1}
{'event': 'validation_ranking_start', 'epoch': 1, 'max_edges': 20}

$ /root/miniconda3/bin/python -u scripts/search_hparams.py --config configs/auto_target/ssptgfm_search_icews05_15_struct_history_fastscan.yaml --output results/auto_target_struct_micro_v2/search_icews05_15_struct_history_fastscan --resume
runtime_device=cuda
cuda_device=Tesla V100-PCIE-32GB
{'event': 'candidate_seed_start', 'candidate': 'struct_history_fastscan_h96_r12_a12_p4x4_l1_neg1_lr0p001_hp0p35_freq40_sr0p25_sa0p1_rl0p05_m0_bpr', 'seed': 1, 'device': 'cuda', 'node_text_device': 'cuda:0'}
{'event': 'train_seed_start', 'seed': 1, 'train_edges': 12000, 'val_edges': 60324, 'test_edges': 74087, 'num_nodes': 10488, 'num_relations': 251}
{'event': 'train_seed_tensors_ready', 'seed': 1, 'elapsed_sec': 0.01084977388381958, 'cuda_allocated_mb': 28, 'cuda_reserved_mb': 44, 'cuda_max_allocated_mb': 28}
{'event': 'train_known_facts_ready', 'seed': 1, 'scope': 'train', 'edges': 12000, 'elapsed_sec': 0.013586565852165222}
{'event': 'train_known_facts_ready', 'seed': 1, 'scope': 'train_val', 'edges': 72324, 'elapsed_sec': 0.020382191985845566}
{'event': 'train_sampler_ready', 'seed': 1, 'elapsed_sec': 0.023780252784490585}
{'event': 'val_sampler_ready', 'seed': 1, 'elapsed_sec': 0.026875093579292297}
{'event': 'epoch_start', 'epoch': 1, 'epochs': 1, 'batches': 106, 'time_groups': 106}
{'event': 'train_time_group', 'epoch': 1, 'time_group': 1, 'time_groups': 106, 'batch': 0, 'batches': 106, 'time_value': 0.0, 'group_batches': 1, 'history_edges': 0, 'elapsed_sec': 0.018398355692625046, 'cuda_allocated_mb': 28, 'cuda_reserved_mb': 44, 'cuda_max_allocated_mb': 28}
{'event': 'train_progress', 'epoch': 1, 'batch': 1, 'batches': 106, 'time_group': 1, 'time_groups': 106, 'history_edges': 0, 'pos_edges': 41, 'neg_edges': 41, 'loss_recent': 3.159850835800171, 'elapsed_sec': 0.917114894837141, 'avg_sec_per_batch': 0.917114894837141, 'cuda_allocated_mb': 107, 'cuda_reserved_mb': 200, 'cuda_max_allocated_mb': 195}
{'event': 'train_progress', 'epoch': 1, 'batch': 100, 'batches': 106, 'time_group': 100, 'time_groups': 106, 'history_edges': 10987, 'pos_edges': 87, 'neg_edges': 87, 'loss_recent': 6.5207639908790584, 'elapsed_sec': 27.466173373162746, 'avg_sec_per_batch': 0.27466173373162744, 'cuda_allocated_mb': 110, 'cuda_reserved_mb': 554, 'cuda_max_allocated_mb': 509}
{'event': 'train_time_group', 'epoch': 1, 'time_group': 106, 'time_groups': 106, 'batch': 105, 'batches': 106, 'time_value': 105.0, 'group_batches': 1, 'history_edges': 11977, 'elapsed_sec': 28.8195939399302, 'cuda_allocated_mb': 106, 'cuda_reserved_mb': 574, 'cuda_max_allocated_mb': 528}
{'event': 'train_progress', 'epoch': 1, 'batch': 106, 'batches': 106, 'time_group': 106, 'time_groups': 106, 'history_edges': 11977, 'pos_edges': 23, 'neg_edges': 23, 'loss_recent': 6.662605469226837, 'elapsed_sec': 28.967966735363007, 'avg_sec_per_batch': 0.2732827050505944, 'cuda_allocated_mb': 108, 'cuda_reserved_mb': 574, 'cuda_max_allocated_mb': 528}
{'event': 'validation_start', 'epoch': 1}
{'event': 'validation_ranking_start', 'epoch': 1, 'max_edges': 3}
{'event': 'epoch_end', 'epoch': 1, 'early_stop_metric': 'val_composite', 'val_score': 0.20255301167020556, 'val_auc': 0.6602783203125, 'val_ap': 0.5177592447725881, 'val_ndcg': 0.8822368828113307, 'val_mrr': 0.006639128468289593, 'val_hits@1': 0.0, 'val_hits@10': 0.0, 'val_hits@50': 0.16666666666666666, 'val_hits@100': 0.3333333333333333, 'elapsed_sec': 49.555597595870495}
{'candidate': 'struct_history_fastscan_h96_r12_a12_p4x4_l1_neg1_lr0p001_hp0p35_freq40_sr0p25_sa0p1_rl0p05_m0_bpr', 'seed': 1, 'composite': nan, 'val_auc': 0.6602783203125, 'val_ap': 0.5177592447725881, 'val_ndcg': 0.8822368828113307, 'val_mrr': 0.006639128468289593, 'val_hits@1': 0.0, 'val_hits@10': 0.0, 'val_hits@50': 0.16666666666666666, 'val_hits@100': 0.3333333333333333, 'train_loss': 6.585788911243655, 'train_lp': 0.4432180767070572, 'train_align': 1164.1576392695588, 'train_kl': 2675.2562958339477, 'train_ood_reg': 0.23536787055573374, 'train_meta': 0.43736547579602253, 'train_struct_aux': 0.5183489304387344, 'train_weighted_align': 5.820788083773739, 'train_weighted_kl': 0.26752562184800516, 'train_weighted_ood_reg': 0.00023536788140981511, 'train_weighted_meta': 0.002186827334127266, 'train_weighted_struct_aux': 0.05183489392247965, 'train_rank': 0.2977804386953138, 'train_weighted_rank': 0.014889022194833125}
{'event': 'candidate_summary', 'candidate': 'struct_history_fastscan_h96_r12_a12_p4x4_l1_neg1_lr0p001_hp0p35_freq40_sr0p25_sa0p1_rl0p05_m0_bpr', 'score': 0.20255301167020556, 'passes_metric_minima': True, 'means': {'val_auc': 0.6602783203125, 'val_ap': 0.5177592447725881, 'val_mrr': 0.006639128468289593, 'val_hits@10': 0.0, 'val_ndcg': 0.8822368828113307}, 'seeds_completed': 1}
{'event': 'candidate_seed_start', 'candidate': 'struct_history_fastscan_h96_r12_a12_p4x4_l1_neg1_lr0p001_hp0p35_freq40_sr0p5_sa0p1_rl0p05_m0_bpr', 'seed': 1, 'device': 'cuda', 'node_text_device': 'cuda:0'}
{'event': 'train_seed_start', 'seed': 1, 'train_edges': 12000, 'val_edges': 60324, 'test_edges': 74087, 'num_nodes': 10488, 'num_relations': 251}
{'event': 'train_seed_tensors_ready', 'seed': 1, 'elapsed_sec': 0.010569699108600616, 'cuda_allocated_mb': 44, 'cuda_reserved_mb': 64, 'cuda_max_allocated_mb': 528}
{'event': 'train_known_facts_ready', 'seed': 1, 'scope': 'train', 'edges': 12000, 'elapsed_sec': 0.013133063912391663}
{'event': 'train_known_facts_ready', 'seed': 1, 'scope': 'train_val', 'edges': 72324, 'elapsed_sec': 0.020778711885213852}
{'event': 'train_sampler_ready', 'seed': 1, 'elapsed_sec': 0.02455153688788414}
{'event': 'val_sampler_ready', 'seed': 1, 'elapsed_sec': 0.027890712022781372}
{'event': 'epoch_start', 'epoch': 1, 'epochs': 1, 'batches': 106, 'time_groups': 106}
{'event': 'train_time_group', 'epoch': 1, 'time_group': 1, 'time_groups': 106, 'batch': 0, 'batches': 106, 'time_value': 0.0, 'group_batches': 1, 'history_edges': 0, 'elapsed_sec': 0.009086836129426956, 'cuda_allocated_mb': 45, 'cuda_reserved_mb': 64, 'cuda_max_allocated_mb': 528}
{'event': 'train_progress', 'epoch': 1, 'batch': 1, 'batches': 106, 'time_group': 1, 'time_groups': 106, 'history_edges': 0, 'pos_edges': 41, 'neg_edges': 41, 'loss_recent': 3.161104202270508, 'elapsed_sec': 0.17657830566167831, 'avg_sec_per_batch': 0.17657830566167831, 'cuda_allocated_mb': 107, 'cuda_reserved_mb': 220, 'cuda_max_allocated_mb': 528}
{'event': 'train_progress', 'epoch': 1, 'batch': 100, 'batches': 106, 'time_group': 100, 'time_groups': 106, 'history_edges': 10987, 'pos_edges': 87, 'neg_edges': 87, 'loss_recent': 6.513908247947693, 'elapsed_sec': 26.592538371682167, 'avg_sec_per_batch': 0.2659253837168217, 'cuda_allocated_mb': 110, 'cuda_reserved_mb': 554, 'cuda_max_allocated_mb': 528}
{'event': 'train_time_group', 'epoch': 1, 'time_group': 106, 'time_groups': 106, 'batch': 105, 'batches': 106, 'time_value': 105.0, 'group_batches': 1, 'history_edges': 11977, 'elapsed_sec': 28.21944049373269, 'cuda_allocated_mb': 106, 'cuda_reserved_mb': 574, 'cuda_max_allocated_mb': 528}
{'event': 'train_progress', 'epoch': 1, 'batch': 106, 'batches': 106, 'time_group': 106, 'time_groups': 106, 'history_edges': 11977, 'pos_edges': 23, 'neg_edges': 23, 'loss_recent': 6.657011497020721, 'elapsed_sec': 28.39767574518919, 'avg_sec_per_batch': 0.26790260136970934, 'cuda_allocated_mb': 108, 'cuda_reserved_mb': 574, 'cuda_max_allocated_mb': 528}
{'event': 'validation_start', 'epoch': 1}
{'event': 'validation_ranking_start', 'epoch': 1, 'max_edges': 3}

$ /root/miniconda3/bin/python -u scripts/search_hparams.py --config configs/auto_target/ssptgfm_search_icews05_15_struct_history_fastscan.yaml --output results/auto_target_struct_micro_v3/search_icews05_15_struct_history_fastscan --resume
runtime_device=cuda
cuda_device=Tesla V100-PCIE-32GB
{'event': 'candidate_seed_start', 'candidate': 'struct_history_fastscan_h96_r12_a12_p4x4_l1_neg1_lr0p001_hp0p35_freq40_sr0p25_sa0p1_rl0p05_m0_bpr', 'seed': 1, 'device': 'cuda', 'node_text_device': 'cuda:0'}
{'event': 'train_seed_start', 'seed': 1, 'train_edges': 12000, 'val_edges': 60324, 'test_edges': 74087, 'num_nodes': 10488, 'num_relations': 251}
{'event': 'train_seed_tensors_ready', 'seed': 1, 'elapsed_sec': 0.012187998741865158, 'cuda_allocated_mb': 28, 'cuda_reserved_mb': 44, 'cuda_max_allocated_mb': 28}
{'event': 'train_known_facts_ready', 'seed': 1, 'scope': 'train', 'edges': 12000, 'elapsed_sec': 0.014639638364315033}
{'event': 'train_known_facts_ready', 'seed': 1, 'scope': 'train_val', 'edges': 72324, 'elapsed_sec': 0.021396134048700333}
{'event': 'train_sampler_ready', 'seed': 1, 'elapsed_sec': 0.02480093389749527}
{'event': 'val_sampler_ready', 'seed': 1, 'elapsed_sec': 0.02798411250114441}
{'event': 'epoch_start', 'epoch': 1, 'epochs': 1, 'batches': 106, 'time_groups': 106}
{'event': 'train_time_group', 'epoch': 1, 'time_group': 1, 'time_groups': 106, 'batch': 0, 'batches': 106, 'time_value': 0.0, 'group_batches': 1, 'history_edges': 0, 'elapsed_sec': 0.016181793063879013, 'cuda_allocated_mb': 28, 'cuda_reserved_mb': 44, 'cuda_max_allocated_mb': 28}
{'event': 'train_progress', 'epoch': 1, 'batch': 1, 'batches': 106, 'time_group': 1, 'time_groups': 106, 'history_edges': 0, 'pos_edges': 41, 'neg_edges': 41, 'loss_recent': 3.159874200820923, 'elapsed_sec': 0.9609824977815151, 'avg_sec_per_batch': 0.9609824977815151, 'cuda_allocated_mb': 107, 'cuda_reserved_mb': 200, 'cuda_max_allocated_mb': 195}
{'event': 'train_progress', 'epoch': 1, 'batch': 100, 'batches': 106, 'time_group': 100, 'time_groups': 106, 'history_edges': 10987, 'pos_edges': 87, 'neg_edges': 87, 'loss_recent': 6.5383547186851505, 'elapsed_sec': 27.202431794255972, 'avg_sec_per_batch': 0.2720243179425597, 'cuda_allocated_mb': 110, 'cuda_reserved_mb': 554, 'cuda_max_allocated_mb': 509}
{'event': 'train_time_group', 'epoch': 1, 'time_group': 106, 'time_groups': 106, 'batch': 105, 'batches': 106, 'time_value': 105.0, 'group_batches': 1, 'history_edges': 11977, 'elapsed_sec': 28.5131863579154, 'cuda_allocated_mb': 106, 'cuda_reserved_mb': 574, 'cuda_max_allocated_mb': 528}
{'event': 'train_progress', 'epoch': 1, 'batch': 106, 'batches': 106, 'time_group': 106, 'time_groups': 106, 'history_edges': 11977, 'pos_edges': 23, 'neg_edges': 23, 'loss_recent': 6.680852465629577, 'elapsed_sec': 28.66784480959177, 'avg_sec_per_batch': 0.27045136612822424, 'cuda_allocated_mb': 108, 'cuda_reserved_mb': 574, 'cuda_max_allocated_mb': 528}
{'event': 'validation_start', 'epoch': 1}
{'event': 'validation_ranking_start', 'epoch': 1, 'max_edges': 3}
{'event': 'epoch_end', 'epoch': 1, 'early_stop_metric': 'val_composite', 'val_score': 0.2265787793703795, 'val_auc': 0.7233683268229167, 'val_ap': 0.6386318195982033, 'val_ndcg': 0.9184514475192793, 'val_mrr': 0.0050371733410458945, 'val_hits@1': 0.0, 'val_hits@10': 0.0, 'val_hits@50': 0.0, 'val_hits@100': 0.16666666666666666, 'elapsed_sec': 49.58787992969155}
{'candidate': 'struct_history_fastscan_h96_r12_a12_p4x4_l1_neg1_lr0p001_hp0p35_freq40_sr0p25_sa0p1_rl0p05_m0_bpr', 'seed': 1, 'composite': nan, 'val_auc': 0.7233683268229167, 'val_ap': 0.6386318195982033, 'val_ndcg': 0.9184514475192793, 'val_mrr': 0.0050371733410458945, 'val_hits@1': 0.0, 'val_hits@10': 0.0, 'val_hits@50': 0.0, 'val_hits@100': 0.16666666666666666, 'train_loss': 6.6030734102681, 'train_lp': 0.46200027485501094, 'train_align': 1163.8215542199478, 'train_kl': 2676.5390601967865, 'train_ood_reg': 0.2349487436267565, 'train_meta': 0.46420381513406644, 'train_struct_aux': 0.5175568946408775, 'train_weighted_align': 5.819107648898971, 'train_weighted_kl': 0.2676538995133256, 'train_weighted_ood_reg': 0.00023494875412719885, 'train_weighted_meta': 0.002321019022174197, 'train_weighted_struct_aux': 0.05175569059573255, 'train_rank': 0.31484211081603786, 'train_weighted_rank': 0.015742105775609402}
{'event': 'candidate_summary', 'candidate': 'struct_history_fastscan_h96_r12_a12_p4x4_l1_neg1_lr0p001_hp0p35_freq40_sr0p25_sa0p1_rl0p05_m0_bpr', 'score': 0.2265787793703795, 'passes_metric_minima': True, 'means': {'val_auc': 0.7233683268229167, 'val_ap': 0.6386318195982033, 'val_mrr': 0.0050371733410458945, 'val_hits@10': 0.0, 'val_ndcg': 0.9184514475192793}, 'seeds_completed': 1}
{'event': 'candidate_seed_start', 'candidate': 'struct_history_fastscan_h96_r12_a12_p4x4_l1_neg1_lr0p001_hp0p35_freq40_sr0p5_sa0p1_rl0p05_m0_bpr', 'seed': 1, 'device': 'cuda', 'node_text_device': 'cuda:0'}
{'event': 'train_seed_start', 'seed': 1, 'train_edges': 12000, 'val_edges': 60324, 'test_edges': 74087, 'num_nodes': 10488, 'num_relations': 251}
{'event': 'train_seed_tensors_ready', 'seed': 1, 'elapsed_sec': 0.022881384938955307, 'cuda_allocated_mb': 44, 'cuda_reserved_mb': 64, 'cuda_max_allocated_mb': 528}
{'event': 'train_known_facts_ready', 'seed': 1, 'scope': 'train', 'edges': 12000, 'elapsed_sec': 0.025381743907928467}
{'event': 'train_known_facts_ready', 'seed': 1, 'scope': 'train_val', 'edges': 72324, 'elapsed_sec': 0.03324288874864578}
{'event': 'train_sampler_ready', 'seed': 1, 'elapsed_sec': 0.03679473325610161}
{'event': 'val_sampler_ready', 'seed': 1, 'elapsed_sec': 0.04008302465081215}
{'event': 'epoch_start', 'epoch': 1, 'epochs': 1, 'batches': 106, 'time_groups': 106}
{'event': 'train_time_group', 'epoch': 1, 'time_group': 1, 'time_groups': 106, 'batch': 0, 'batches': 106, 'time_value': 0.0, 'group_batches': 1, 'history_edges': 0, 'elapsed_sec': 0.009230736643075943, 'cuda_allocated_mb': 45, 'cuda_reserved_mb': 64, 'cuda_max_allocated_mb': 528}
{'event': 'train_progress', 'epoch': 1, 'batch': 1, 'batches': 106, 'time_group': 1, 'time_groups': 106, 'history_edges': 0, 'pos_edges': 41, 'neg_edges': 41, 'loss_recent': 3.1611528396606445, 'elapsed_sec': 0.18282197043299675, 'avg_sec_per_batch': 0.18282197043299675, 'cuda_allocated_mb': 107, 'cuda_reserved_mb': 220, 'cuda_max_allocated_mb': 528}
{'event': 'train_progress', 'epoch': 1, 'batch': 100, 'batches': 106, 'time_group': 100, 'time_groups': 106, 'history_edges': 10987, 'pos_edges': 87, 'neg_edges': 87, 'loss_recent': 6.530279722213745, 'elapsed_sec': 26.30246375128627, 'avg_sec_per_batch': 0.2630246375128627, 'cuda_allocated_mb': 110, 'cuda_reserved_mb': 554, 'cuda_max_allocated_mb': 528}
{'event': 'train_time_group', 'epoch': 1, 'time_group': 106, 'time_groups': 106, 'batch': 105, 'batches': 106, 'time_value': 105.0, 'group_batches': 1, 'history_edges': 11977, 'elapsed_sec': 27.91286415234208, 'cuda_allocated_mb': 106, 'cuda_reserved_mb': 574, 'cuda_max_allocated_mb': 528}
{'event': 'train_progress', 'epoch': 1, 'batch': 106, 'batches': 106, 'time_group': 106, 'time_groups': 106, 'history_edges': 11977, 'pos_edges': 23, 'neg_edges': 23, 'loss_recent': 6.67243943810463, 'elapsed_sec': 28.07077829912305, 'avg_sec_per_batch': 0.26481866319927405, 'cuda_allocated_mb': 108, 'cuda_reserved_mb': 574, 'cuda_max_allocated_mb': 528}
{'event': 'validation_start', 'epoch': 1}
{'event': 'validation_ranking_start', 'epoch': 1, 'max_edges': 3}
{'event': 'epoch_end', 'epoch': 1, 'early_stop_metric': 'val_composite', 'val_score': 0.2319029616850206, 'val_auc': 0.7514851888020833, 'val_ap': 0.6541918699001251, 'val_ndcg': 0.92362590572935, 'val_mrr': 0.006976965794477561, 'val_hits@1': 0.0, 'val_hits@10': 0.0, 'val_hits@50': 0.16666666666666666, 'val_hits@100': 0.3333333333333333, 'elapsed_sec': 48.64765993133187}
{'candidate': 'struct_history_fastscan_h96_r12_a12_p4x4_l1_neg1_lr0p001_hp0p35_freq40_sr0p5_sa0p1_rl0p05_m0_bpr', 'seed': 1, 'composite': nan, 'val_auc': 0.7514851888020833, 'val_ap': 0.6541918699001251, 'val_ndcg': 0.92362590572935, 'val_mrr': 0.006976965794477561, 'val_hits@1': 0.0, 'val_hits@10': 0.0, 'val_hits@50': 0.16666666666666666, 'val_hits@100': 0.3333333333333333, 'train_loss': 6.595136337685135, 'train_lp': 0.45471943085486033, 'train_align': 1163.6147132729584, 'train_kl': 2675.218812186763, 'train_ood_reg': 0.2353592578251407, 'train_meta': 0.45783164640361407, 'train_struct_aux': 0.5229707427744595, 'train_weighted_align': 5.818073418905151, 'train_weighted_kl': 0.2675218749791384, 'train_weighted_ood_reg': 0.00023535926832338655, 'train_weighted_meta': 0.002289158180092444, 'train_weighted_struct_aux': 0.05229707524391278, 'train_rank': 0.3042224521379707, 'train_weighted_rank': 0.015211122879266457}
{'event': 'candidate_summary', 'candidate': 'struct_history_fastscan_h96_r12_a12_p4x4_l1_neg1_lr0p001_hp0p35_freq40_sr0p5_sa0p1_rl0p05_m0_bpr', 'score': 0.2319029616850206, 'passes_metric_minima': True, 'means': {'val_auc': 0.7514851888020833, 'val_ap': 0.6541918699001251, 'val_mrr': 0.006976965794477561, 'val_hits@10': 0.0, 'val_ndcg': 0.92362590572935}, 'seeds_completed': 1}
