runtime_device=cuda
cuda_device=Tesla V100-PCIE-32GB
{'event': 'seed_start', 'dataset': 'icews14', 'ablation': 'full', 'seed': 5, 'device': 'cuda', 'node_text_device': 'cuda:0'}
{'event': 'train_seed_start', 'seed': 5, 'train_edges': 61760, 'val_edges': 14592, 'test_edges': 14378, 'num_nodes': 7128, 'num_relations': 230}
{'event': 'train_seed_tensors_ready', 'seed': 5, 'elapsed_sec': 0.008146990090608597, 'cuda_allocated_mb': 22, 'cuda_reserved_mb': 24, 'cuda_max_allocated_mb': 22}
{'event': 'train_known_facts_ready', 'seed': 5, 'scope': 'train', 'edges': 61760, 'elapsed_sec': 0.014680165797472}
{'event': 'train_known_facts_ready', 'seed': 5, 'scope': 'train_val', 'edges': 76352, 'elapsed_sec': 0.021005995571613312}
{'event': 'train_sampler_ready', 'seed': 5, 'elapsed_sec': 0.1031874567270279}
{'event': 'val_sampler_ready', 'seed': 5, 'elapsed_sec': 0.18311535939574242}
{'event': 'epoch_start', 'epoch': 1, 'epochs': 24, 'batches': 255, 'time_groups': 255}
{'event': 'train_time_group', 'epoch': 1, 'time_group': 1, 'time_groups': 255, 'batch': 0, 'batches': 255, 'time_value': 1388534400.0, 'group_batches': 1, 'history_edges': 0, 'elapsed_sec': 0.14996786415576935, 'cuda_allocated_mb': 23, 'cuda_reserved_mb': 26, 'cuda_max_allocated_mb': 23}
{'event': 'train_progress', 'epoch': 1, 'batch': 1, 'batches': 255, 'time_group': 1, 'time_groups': 255, 'history_edges': 0, 'pos_edges': 113, 'neg_edges': 113, 'loss_recent': 7.983128547668457, 'elapsed_sec': 1.3290180154144764, 'avg_sec_per_batch': 1.3290180154144764, 'cuda_allocated_mb': 93, 'cuda_reserved_mb': 176, 'cuda_max_allocated_mb': 161}
{'event': 'train_progress', 'epoch': 1, 'batch': 100, 'batches': 255, 'time_group': 100, 'time_groups': 255, 'history_edges': 23816, 'pos_edges': 259, 'neg_edges': 259, 'loss_recent': 14.632302923202515, 'elapsed_sec': 27.372625328600407, 'avg_sec_per_batch': 0.2737262532860041, 'cuda_allocated_mb': 99, 'cuda_reserved_mb': 752, 'cuda_max_allocated_mb': 660}
{'event': 'train_progress', 'epoch': 1, 'batch': 200, 'batches': 255, 'time_group': 200, 'time_groups': 255, 'history_edges': 48751, 'pos_edges': 162, 'neg_edges': 162, 'loss_recent': 13.559129519462585, 'elapsed_sec': 55.63623279705644, 'avg_sec_per_batch': 0.2781811639852822, 'cuda_allocated_mb': 96, 'cuda_reserved_mb': 1192, 'cuda_max_allocated_mb': 1067}
{'event': 'train_time_group', 'epoch': 1, 'time_group': 255, 'time_groups': 255, 'batch': 254, 'batches': 255, 'time_value': 1410480000.0, 'group_batches': 1, 'history_edges': 61439, 'elapsed_sec': 71.08994249254465, 'cuda_allocated_mb': 89, 'cuda_reserved_mb': 1432, 'cuda_max_allocated_mb': 1291}
{'event': 'train_progress', 'epoch': 1, 'batch': 255, 'batches': 255, 'time_group': 255, 'time_groups': 255, 'history_edges': 61439, 'pos_edges': 321, 'neg_edges': 321, 'loss_recent': 12.65552254676819, 'elapsed_sec': 71.40027259662747, 'avg_sec_per_batch': 0.2800010690063823, 'cuda_allocated_mb': 101, 'cuda_reserved_mb': 1432, 'cuda_max_allocated_mb': 1291}
{'event': 'validation_start', 'epoch': 1}
{'event': 'validation_ranking_start', 'epoch': 1, 'max_edges': 100}
{'event': 'epoch_end', 'epoch': 1, 'early_stop_metric': 'val_composite', 'val_score': 0.5240909050096316, 'val_auc': 0.9035157878731316, 'val_ap': 0.6674532348178625, 'val_ndcg': 0.9437759256885573, 'val_mrr': 0.34283907564887983, 'val_hits@1': 0.245, 'val_hits@10': 0.565, 'val_hits@50': 0.77, 'val_hits@100': 0.835, 'elapsed_sec': 218.84872401878238}
{'event': 'epoch_start', 'epoch': 2, 'epochs': 24, 'batches': 255, 'time_groups': 255}
{'event': 'train_time_group', 'epoch': 2, 'time_group': 1, 'time_groups': 255, 'batch': 0, 'batches': 255, 'time_value': 1388534400.0, 'group_batches': 1, 'history_edges': 0, 'elapsed_sec': 0.04383669048547745, 'cuda_allocated_mb': 89, 'cuda_reserved_mb': 1526, 'cuda_max_allocated_mb': 1291}
{'event': 'train_progress', 'epoch': 2, 'batch': 1, 'batches': 255, 'time_group': 1, 'time_groups': 255, 'history_edges': 0, 'pos_edges': 113, 'neg_edges': 113, 'loss_recent': 9.106803894042969, 'elapsed_sec': 0.22432002797722816, 'avg_sec_per_batch': 0.22432002797722816, 'cuda_allocated_mb': 94, 'cuda_reserved_mb': 1526, 'cuda_max_allocated_mb': 1291}
{'event': 'train_progress', 'epoch': 2, 'batch': 100, 'batches': 255, 'time_group': 100, 'time_groups': 255, 'history_edges': 23816, 'pos_edges': 259, 'neg_edges': 259, 'loss_recent': 12.402174615859986, 'elapsed_sec': 27.17625405266881, 'avg_sec_per_batch': 0.2717625405266881, 'cuda_allocated_mb': 98, 'cuda_reserved_mb': 1526, 'cuda_max_allocated_mb': 1291}
{'event': 'train_progress', 'epoch': 2, 'batch': 200, 'batches': 255, 'time_group': 200, 'time_groups': 255, 'history_edges': 48751, 'pos_edges': 162, 'neg_edges': 162, 'loss_recent': 11.427770638465882, 'elapsed_sec': 56.55792996659875, 'avg_sec_per_batch': 0.28278964983299376, 'cuda_allocated_mb': 96, 'cuda_reserved_mb': 1526, 'cuda_max_allocated_mb': 1291}
{'event': 'train_time_group', 'epoch': 2, 'time_group': 255, 'time_groups': 255, 'batch': 254, 'batches': 255, 'time_value': 1410480000.0, 'group_batches': 1, 'history_edges': 61439, 'elapsed_sec': 72.70836525410414, 'cuda_allocated_mb': 89, 'cuda_reserved_mb': 1526, 'cuda_max_allocated_mb': 1291}
{'event': 'train_progress', 'epoch': 2, 'batch': 255, 'batches': 255, 'time_group': 255, 'time_groups': 255, 'history_edges': 61439, 'pos_edges': 321, 'neg_edges': 321, 'loss_recent': 10.74865939617157, 'elapsed_sec': 73.01374620571733, 'avg_sec_per_batch': 0.2863284164930091, 'cuda_allocated_mb': 101, 'cuda_reserved_mb': 1526, 'cuda_max_allocated_mb': 1291}
{'event': 'validation_start', 'epoch': 2}
{'event': 'validation_ranking_start', 'epoch': 2, 'max_edges': 100}
{'event': 'epoch_end', 'epoch': 2, 'early_stop_metric': 'val_composite', 'val_score': 0.5384074423666675, 'val_auc': 0.9203084022472658, 'val_ap': 0.7036179322592289, 'val_ndcg': 0.9513919297816799, 'val_mrr': 0.3454202788745038, 'val_hits@1': 0.235, 'val_hits@10': 0.595, 'val_hits@50': 0.78, 'val_hits@100': 0.84, 'elapsed_sec': 221.42385363951325}
{'event': 'epoch_start', 'epoch': 3, 'epochs': 24, 'batches': 255, 'time_groups': 255}
{'event': 'train_time_group', 'epoch': 3, 'time_group': 1, 'time_groups': 255, 'batch': 0, 'batches': 255, 'time_value': 1388534400.0, 'group_batches': 1, 'history_edges': 0, 'elapsed_sec': 0.050640661269426346, 'cuda_allocated_mb': 89, 'cuda_reserved_mb': 1526, 'cuda_max_allocated_mb': 1291}
{'event': 'train_progress', 'epoch': 3, 'batch': 1, 'batches': 255, 'time_group': 1, 'time_groups': 255, 'history_edges': 0, 'pos_edges': 113, 'neg_edges': 113, 'loss_recent': 8.610544204711914, 'elapsed_sec': 0.23806459084153175, 'avg_sec_per_batch': 0.23806459084153175, 'cuda_allocated_mb': 94, 'cuda_reserved_mb': 1526, 'cuda_max_allocated_mb': 1291}
{'event': 'train_progress', 'epoch': 3, 'batch': 100, 'batches': 255, 'time_group': 100, 'time_groups': 255, 'history_edges': 23816, 'pos_edges': 259, 'neg_edges': 259, 'loss_recent': 10.835007529258728, 'elapsed_sec': 27.238546434789896, 'avg_sec_per_batch': 0.27238546434789895, 'cuda_allocated_mb': 99, 'cuda_reserved_mb': 1526, 'cuda_max_allocated_mb': 1291}
{'event': 'train_progress', 'epoch': 3, 'batch': 200, 'batches': 255, 'time_group': 200, 'time_groups': 255, 'history_edges': 48751, 'pos_edges': 162, 'neg_edges': 162, 'loss_recent': 9.82276072025299, 'elapsed_sec': 56.17555019259453, 'avg_sec_per_batch': 0.2808777509629726, 'cuda_allocated_mb': 96, 'cuda_reserved_mb': 1526, 'cuda_max_allocated_mb': 1291}
{'event': 'train_time_group', 'epoch': 3, 'time_group': 255, 'time_groups': 255, 'batch': 254, 'batches': 255, 'time_value': 1410480000.0, 'group_batches': 1, 'history_edges': 61439, 'elapsed_sec': 71.96375661715865, 'cuda_allocated_mb': 89, 'cuda_reserved_mb': 1526, 'cuda_max_allocated_mb': 1291}
{'event': 'train_progress', 'epoch': 3, 'batch': 255, 'batches': 255, 'time_group': 255, 'time_groups': 255, 'history_edges': 61439, 'pos_edges': 321, 'neg_edges': 321, 'loss_recent': 9.273198444843292, 'elapsed_sec': 72.26916672289371, 'avg_sec_per_batch': 0.28340849695252435, 'cuda_allocated_mb': 101, 'cuda_reserved_mb': 1526, 'cuda_max_allocated_mb': 1291}
{'event': 'validation_start', 'epoch': 3}
{'event': 'validation_ranking_start', 'epoch': 3, 'max_edges': 100}
{'event': 'epoch_end', 'epoch': 3, 'early_stop_metric': 'val_composite', 'val_score': 0.536801975628776, 'val_auc': 0.9233324951096731, 'val_ap': 0.7085305284981747, 'val_ndcg': 0.9525104584497531, 'val_mrr': 0.3442094515071817, 'val_hits@1': 0.23, 'val_hits@10': 0.585, 'val_hits@50': 0.78, 'val_hits@100': 0.815, 'elapsed_sec': 219.79827612265944}
{'event': 'epoch_start', 'epoch': 4, 'epochs': 24, 'batches': 255, 'time_groups': 255}
{'event': 'train_time_group', 'epoch': 4, 'time_group': 1, 'time_groups': 255, 'batch': 0, 'batches': 255, 'time_value': 1388534400.0, 'group_batches': 1, 'history_edges': 0, 'elapsed_sec': 0.0431668721139431, 'cuda_allocated_mb': 89, 'cuda_reserved_mb': 1526, 'cuda_max_allocated_mb': 1291}
{'event': 'train_progress', 'epoch': 4, 'batch': 1, 'batches': 255, 'time_group': 1, 'time_groups': 255, 'history_edges': 0, 'pos_edges': 113, 'neg_edges': 113, 'loss_recent': 9.15168571472168, 'elapsed_sec': 0.22235951572656631, 'avg_sec_per_batch': 0.22235951572656631, 'cuda_allocated_mb': 93, 'cuda_reserved_mb': 1526, 'cuda_max_allocated_mb': 1291}
{'event': 'train_progress', 'epoch': 4, 'batch': 100, 'batches': 255, 'time_group': 100, 'time_groups': 255, 'history_edges': 23816, 'pos_edges': 259, 'neg_edges': 259, 'loss_recent': 9.625550351142884, 'elapsed_sec': 26.21193927153945, 'avg_sec_per_batch': 0.2621193927153945, 'cuda_allocated_mb': 99, 'cuda_reserved_mb': 1526, 'cuda_max_allocated_mb': 1291}
{'event': 'train_progress', 'epoch': 4, 'batch': 200, 'batches': 255, 'time_group': 200, 'time_groups': 255, 'history_edges': 48751, 'pos_edges': 162, 'neg_edges': 162, 'loss_recent': 8.699092190265656, 'elapsed_sec': 55.65393824875355, 'avg_sec_per_batch': 0.2782696912437677, 'cuda_allocated_mb': 96, 'cuda_reserved_mb': 1526, 'cuda_max_allocated_mb': 1291}
{'event': 'train_time_group', 'epoch': 4, 'time_group': 255, 'time_groups': 255, 'batch': 254, 'batches': 255, 'time_value': 1410480000.0, 'group_batches': 1, 'history_edges': 61439, 'elapsed_sec': 71.92654364556074, 'cuda_allocated_mb': 89, 'cuda_reserved_mb': 1526, 'cuda_max_allocated_mb': 1291}
{'event': 'train_progress', 'epoch': 4, 'batch': 255, 'batches': 255, 'time_group': 255, 'time_groups': 255, 'history_edges': 61439, 'pos_edges': 321, 'neg_edges': 321, 'loss_recent': 8.260534706115722, 'elapsed_sec': 72.24566099792719, 'avg_sec_per_batch': 0.28331631763893017, 'cuda_allocated_mb': 101, 'cuda_reserved_mb': 1526, 'cuda_max_allocated_mb': 1291}
{'event': 'validation_start', 'epoch': 4}
{'event': 'validation_ranking_start', 'epoch': 4, 'max_edges': 100}
{'event': 'epoch_end', 'epoch': 4, 'early_stop_metric': 'val_composite', 'val_score': 0.5316202944714824, 'val_auc': 0.9201646671782424, 'val_ap': 0.7038492922688678, 'val_ndcg': 0.9512332760541017, 'val_mrr': 0.3418226793336599, 'val_hits@1': 0.235, 'val_hits@10': 0.57, 'val_hits@50': 0.77, 'val_hits@100': 0.815, 'elapsed_sec': 218.6287297308445}
{'event': 'epoch_start', 'epoch': 5, 'epochs': 24, 'batches': 255, 'time_groups': 255}
{'event': 'train_time_group', 'epoch': 5, 'time_group': 1, 'time_groups': 255, 'batch': 0, 'batches': 255, 'time_value': 1388534400.0, 'group_batches': 1, 'history_edges': 0, 'elapsed_sec': 0.045399200171232224, 'cuda_allocated_mb': 89, 'cuda_reserved_mb': 1526, 'cuda_max_allocated_mb': 1291}
{'event': 'train_progress', 'epoch': 5, 'batch': 1, 'batches': 255, 'time_group': 1, 'time_groups': 255, 'history_edges': 0, 'pos_edges': 113, 'neg_edges': 113, 'loss_recent': 9.630233764648438, 'elapsed_sec': 0.22951068356633186, 'avg_sec_per_batch': 0.22951068356633186, 'cuda_allocated_mb': 94, 'cuda_reserved_mb': 1526, 'cuda_max_allocated_mb': 1291}
{'event': 'train_progress', 'epoch': 5, 'batch': 100, 'batches': 255, 'time_group': 100, 'time_groups': 255, 'history_edges': 23816, 'pos_edges': 259, 'neg_edges': 259, 'loss_recent': 8.72895723581314, 'elapsed_sec': 28.15008806437254, 'avg_sec_per_batch': 0.2815008806437254, 'cuda_allocated_mb': 99, 'cuda_reserved_mb': 1526, 'cuda_max_allocated_mb': 1291}
{'event': 'train_progress', 'epoch': 5, 'batch': 200, 'batches': 255, 'time_group': 200, 'time_groups': 255, 'history_edges': 48751, 'pos_edges': 162, 'neg_edges': 162, 'loss_recent': 7.897719378471375, 'elapsed_sec': 57.801478527486324, 'avg_sec_per_batch': 0.28900739263743164, 'cuda_allocated_mb': 96, 'cuda_reserved_mb': 1526, 'cuda_max_allocated_mb': 1291}
{'event': 'train_time_group', 'epoch': 5, 'time_group': 255, 'time_groups': 255, 'batch': 254, 'batches': 255, 'time_value': 1410480000.0, 'group_batches': 1, 'history_edges': 61439, 'elapsed_sec': 73.93111302703619, 'cuda_allocated_mb': 89, 'cuda_reserved_mb': 1526, 'cuda_max_allocated_mb': 1291}
{'event': 'train_progress', 'epoch': 5, 'batch': 255, 'batches': 255, 'time_group': 255, 'time_groups': 255, 'history_edges': 61439, 'pos_edges': 321, 'neg_edges': 321, 'loss_recent': 7.5416943550109865, 'elapsed_sec': 74.24955885857344, 'avg_sec_per_batch': 0.2911747406218566, 'cuda_allocated_mb': 101, 'cuda_reserved_mb': 1526, 'cuda_max_allocated_mb': 1291}
{'event': 'validation_start', 'epoch': 5}
{'event': 'validation_ranking_start', 'epoch': 5, 'max_edges': 100}
{'event': 'epoch_end', 'epoch': 5, 'early_stop_metric': 'val_composite', 'val_score': 0.5250090161523012, 'val_auc': 0.9211090066286922, 'val_ap': 0.7080028554049331, 'val_ndcg': 0.9520005402588534, 'val_mrr': 0.3351061669684826, 'val_hits@1': 0.22, 'val_hits@10': 0.55, 'val_hits@50': 0.78, 'val_hits@100': 0.825, 'elapsed_sec': 221.859302315861}
{'event': 'epoch_start', 'epoch': 6, 'epochs': 24, 'batches': 255, 'time_groups': 255}
{'event': 'train_time_group', 'epoch': 6, 'time_group': 1, 'time_groups': 255, 'batch': 0, 'batches': 255, 'time_value': 1388534400.0, 'group_batches': 1, 'history_edges': 0, 'elapsed_sec': 0.04438994452357292, 'cuda_allocated_mb': 89, 'cuda_reserved_mb': 1526, 'cuda_max_allocated_mb': 1291}
{'event': 'train_progress', 'epoch': 6, 'batch': 1, 'batches': 255, 'time_group': 1, 'time_groups': 255, 'history_edges': 0, 'pos_edges': 113, 'neg_edges': 113, 'loss_recent': 10.647065162658691, 'elapsed_sec': 0.26348231732845306, 'avg_sec_per_batch': 0.26348231732845306, 'cuda_allocated_mb': 93, 'cuda_reserved_mb': 1526, 'cuda_max_allocated_mb': 1291}
{'event': 'train_progress', 'epoch': 6, 'batch': 100, 'batches': 255, 'time_group': 100, 'time_groups': 255, 'history_edges': 23816, 'pos_edges': 259, 'neg_edges': 259, 'loss_recent': 8.048843605518341, 'elapsed_sec': 27.1370707526803, 'avg_sec_per_batch': 0.27137070752680303, 'cuda_allocated_mb': 99, 'cuda_reserved_mb': 1526, 'cuda_max_allocated_mb': 1291}
{'event': 'train_progress', 'epoch': 6, 'batch': 200, 'batches': 255, 'time_group': 200, 'time_groups': 255, 'history_edges': 48751, 'pos_edges': 162, 'neg_edges': 162, 'loss_recent': 7.364299516677857, 'elapsed_sec': 55.85481046885252, 'avg_sec_per_batch': 0.2792740523442626, 'cuda_allocated_mb': 96, 'cuda_reserved_mb': 1526, 'cuda_max_allocated_mb': 1291}
{'event': 'train_time_group', 'epoch': 6, 'time_group': 255, 'time_groups': 255, 'batch': 254, 'batches': 255, 'time_value': 1410480000.0, 'group_batches': 1, 'history_edges': 61439, 'elapsed_sec': 71.6675241664052, 'cuda_allocated_mb': 89, 'cuda_reserved_mb': 1526, 'cuda_max_allocated_mb': 1291}
{'event': 'train_progress', 'epoch': 6, 'batch': 255, 'batches': 255, 'time_group': 255, 'time_groups': 255, 'history_edges': 61439, 'pos_edges': 321, 'neg_edges': 321, 'loss_recent': 7.05721344947815, 'elapsed_sec': 71.97544681280851, 'avg_sec_per_batch': 0.28225665416787654, 'cuda_allocated_mb': 101, 'cuda_reserved_mb': 1526, 'cuda_max_allocated_mb': 1291}
{'event': 'validation_start', 'epoch': 6}
{'event': 'validation_ranking_start', 'epoch': 6, 'max_edges': 100}
{'event': 'epoch_end', 'epoch': 6, 'early_stop_metric': 'val_composite', 'val_score': 0.5284415183339557, 'val_auc': 0.9211749241277966, 'val_ap': 0.7124601672432207, 'val_ndcg': 0.9529749053852663, 'val_mrr': 0.33443251300511223, 'val_hits@1': 0.22, 'val_hits@10': 0.565, 'val_hits@50': 0.79, 'val_hits@100': 0.82, 'elapsed_sec': 218.878876876086}
{'event': 'epoch_start', 'epoch': 7, 'epochs': 24, 'batches': 255, 'time_groups': 255}
{'event': 'train_time_group', 'epoch': 7, 'time_group': 1, 'time_groups': 255, 'batch': 0, 'batches': 255, 'time_value': 1388534400.0, 'group_batches': 1, 'history_edges': 0, 'elapsed_sec': 0.041600290685892105, 'cuda_allocated_mb': 89, 'cuda_reserved_mb': 1526, 'cuda_max_allocated_mb': 1291}
{'event': 'train_progress', 'epoch': 7, 'batch': 1, 'batches': 255, 'time_group': 1, 'time_groups': 255, 'history_edges': 0, 'pos_edges': 113, 'neg_edges': 113, 'loss_recent': 12.25601863861084, 'elapsed_sec': 0.21268857643008232, 'avg_sec_per_batch': 0.21268857643008232, 'cuda_allocated_mb': 93, 'cuda_reserved_mb': 1526, 'cuda_max_allocated_mb': 1291}
{'event': 'train_progress', 'epoch': 7, 'batch': 100, 'batches': 255, 'time_group': 100, 'time_groups': 255, 'history_edges': 23816, 'pos_edges': 259, 'neg_edges': 259, 'loss_recent': 7.597873039245606, 'elapsed_sec': 26.396543715149164, 'avg_sec_per_batch': 0.2639654371514916, 'cuda_allocated_mb': 99, 'cuda_reserved_mb': 1526, 'cuda_max_allocated_mb': 1291}
{'event': 'train_progress', 'epoch': 7, 'batch': 200, 'batches': 255, 'time_group': 200, 'time_groups': 255, 'history_edges': 48751, 'pos_edges': 162, 'neg_edges': 162, 'loss_recent': 7.012779753208161, 'elapsed_sec': 55.467390939593315, 'avg_sec_per_batch': 0.2773369546979666, 'cuda_allocated_mb': 96, 'cuda_reserved_mb': 1526, 'cuda_max_allocated_mb': 1291}
{'event': 'train_time_group', 'epoch': 7, 'time_group': 255, 'time_groups': 255, 'batch': 254, 'batches': 255, 'time_value': 1410480000.0, 'group_batches': 1, 'history_edges': 61439, 'elapsed_sec': 71.85643282160163, 'cuda_allocated_mb': 89, 'cuda_reserved_mb': 1526, 'cuda_max_allocated_mb': 1291}
{'event': 'train_progress', 'epoch': 7, 'batch': 255, 'batches': 255, 'time_group': 255, 'time_groups': 255, 'history_edges': 61439, 'pos_edges': 321, 'neg_edges': 321, 'loss_recent': 6.756313464641571, 'elapsed_sec': 72.17568017542362, 'avg_sec_per_batch': 0.28304188304087696, 'cuda_allocated_mb': 101, 'cuda_reserved_mb': 1526, 'cuda_max_allocated_mb': 1291}
{'event': 'validation_start', 'epoch': 7}
{'event': 'validation_ranking_start', 'epoch': 7, 'max_edges': 100}
{'event': 'epoch_end', 'epoch': 7, 'early_stop_metric': 'val_composite', 'val_score': 0.5294021674774427, 'val_auc': 0.9190184890310301, 'val_ap': 0.7103983294300524, 'val_ndcg': 0.952377214236545, 'val_mrr': 0.3333075443754578, 'val_hits@1': 0.215, 'val_hits@10': 0.575, 'val_hits@50': 0.77, 'val_hits@100': 0.825, 'elapsed_sec': 218.90654493123293}
{'dataset': 'icews14', 'method': 'ssptgfm', 'scenario': 'standard', 'ablation': 'full', 'few_shot_ratio': 1.0, 'seed': 5, 'train_edges': 61760, 'val_edges': 14592, 'test_edges': 14378, 'params_trainable': 2947251, 'params_total': 2947300, 'rough_forward_flops': 2792030208, 'train_eval_time_sec': 1948.8938672430813, 'allocated_mb': 49.5400390625, 'reserved_mb': 1526.0, 'max_allocated_mb': 1291.9462890625, 'val_auc': 0.9203084019654786, 'val_ap': 0.7036179321382265, 'val_ndcg': 0.9513919298454353, 'val_mrr': 0.3454202788745038, 'val_hits@1': 0.235, 'val_hits@10': 0.595, 'val_hits@50': 0.78, 'val_hits@100': 0.84, 'train_loss': 11.543621833651674, 'train_lp': 0.3615525086136425, 'train_align': 2094.963794663373, 'train_kl': 7046.268337354473, 'train_ood_reg': 0.19715841728098252, 'train_meta': 0.36033105952482597, 'train_struct_aux': 0.6249306409966712, 'train_weighted_align': 10.474818744846418, 'train_weighted_kl': 0.7046268146412046, 'train_weighted_ood_reg': 0.00019715842665355725, 'train_weighted_meta': 0.0018016552594809921, 'train_weighted_struct_aux': 0.0006249306697795606, 'train_rank': 0.16634625814416829, 'train_weighted_rank': 0.00016634626630476822, 'test_auc': 0.9322283561338834, 'test_ap': 0.7175553408414512, 'test_ndcg': 0.9554917055834057, 'test_mrr': 0.4242822443017858, 'test_hits@1': 0.294, 'test_hits@10': 0.66, 'test_hits@50': 0.81, 'test_hits@100': 0.844}
