runtime_device=cuda
cuda_device=Tesla V100-PCIE-32GB
{'event': 'seed_start', 'dataset': 'icews14', 'ablation': 'full', 'seed': 4, 'device': 'cuda', 'node_text_device': 'cuda:0'}
{'event': 'train_seed_start', 'seed': 4, 'train_edges': 61760, 'val_edges': 14592, 'test_edges': 14378, 'num_nodes': 7128, 'num_relations': 230}
{'event': 'train_seed_tensors_ready', 'seed': 4, 'elapsed_sec': 0.009862873703241348, 'cuda_allocated_mb': 22, 'cuda_reserved_mb': 24, 'cuda_max_allocated_mb': 22}
{'event': 'train_known_facts_ready', 'seed': 4, 'scope': 'train', 'edges': 61760, 'elapsed_sec': 0.017044033855199814}
{'event': 'train_known_facts_ready', 'seed': 4, 'scope': 'train_val', 'edges': 76352, 'elapsed_sec': 0.02366235852241516}
{'event': 'train_sampler_ready', 'seed': 4, 'elapsed_sec': 0.1111467257142067}
{'event': 'val_sampler_ready', 'seed': 4, 'elapsed_sec': 0.19670255854725838}
{'event': 'epoch_start', 'epoch': 1, 'epochs': 24, 'batches': 255, 'time_groups': 255}
{'event': 'train_time_group', 'epoch': 1, 'time_group': 1, 'time_groups': 255, 'batch': 0, 'batches': 255, 'time_value': 1388534400.0, 'group_batches': 1, 'history_edges': 0, 'elapsed_sec': 0.19770940765738487, 'cuda_allocated_mb': 23, 'cuda_reserved_mb': 26, 'cuda_max_allocated_mb': 23}
{'event': 'train_progress', 'epoch': 1, 'batch': 1, 'batches': 255, 'time_group': 1, 'time_groups': 255, 'history_edges': 0, 'pos_edges': 113, 'neg_edges': 113, 'loss_recent': 8.130084037780762, 'elapsed_sec': 1.5660298988223076, 'avg_sec_per_batch': 1.5660298988223076, 'cuda_allocated_mb': 93, 'cuda_reserved_mb': 176, 'cuda_max_allocated_mb': 161}
{'event': 'train_progress', 'epoch': 1, 'batch': 100, 'batches': 255, 'time_group': 100, 'time_groups': 255, 'history_edges': 23816, 'pos_edges': 259, 'neg_edges': 259, 'loss_recent': 14.678373975753784, 'elapsed_sec': 41.50361070409417, 'avg_sec_per_batch': 0.41503610704094174, 'cuda_allocated_mb': 99, 'cuda_reserved_mb': 752, 'cuda_max_allocated_mb': 659}
{'event': 'train_progress', 'epoch': 1, 'batch': 200, 'batches': 255, 'time_group': 200, 'time_groups': 255, 'history_edges': 48751, 'pos_edges': 162, 'neg_edges': 162, 'loss_recent': 13.469355297088622, 'elapsed_sec': 84.00464107841253, 'avg_sec_per_batch': 0.42002320539206267, 'cuda_allocated_mb': 96, 'cuda_reserved_mb': 1192, 'cuda_max_allocated_mb': 1068}
{'event': 'train_time_group', 'epoch': 1, 'time_group': 255, 'time_groups': 255, 'batch': 254, 'batches': 255, 'time_value': 1410480000.0, 'group_batches': 1, 'history_edges': 61439, 'elapsed_sec': 107.20455816760659, 'cuda_allocated_mb': 89, 'cuda_reserved_mb': 1432, 'cuda_max_allocated_mb': 1291}
{'event': 'train_progress', 'epoch': 1, 'batch': 255, 'batches': 255, 'time_group': 255, 'time_groups': 255, 'history_edges': 61439, 'pos_edges': 321, 'neg_edges': 321, 'loss_recent': 12.569082522392273, 'elapsed_sec': 107.68273824453354, 'avg_sec_per_batch': 0.42228524801777856, 'cuda_allocated_mb': 101, 'cuda_reserved_mb': 1432, 'cuda_max_allocated_mb': 1291}
{'event': 'validation_start', 'epoch': 1}
{'event': 'validation_ranking_start', 'epoch': 1, 'max_edges': 100}
{'event': 'epoch_end', 'epoch': 1, 'early_stop_metric': 'val_composite', 'val_score': 0.5262787265178897, 'val_auc': 0.9091513816713737, 'val_ap': 0.6720136622002364, 'val_ndcg': 0.9456729150575841, 'val_mrr': 0.34890363319705414, 'val_hits@1': 0.255, 'val_hits@10': 0.555, 'val_hits@50': 0.77, 'val_hits@100': 0.825, 'elapsed_sec': 284.16778191924095}
{'event': 'epoch_start', 'epoch': 2, 'epochs': 24, 'batches': 255, 'time_groups': 255}
{'event': 'train_time_group', 'epoch': 2, 'time_group': 1, 'time_groups': 255, 'batch': 0, 'batches': 255, 'time_value': 1388534400.0, 'group_batches': 1, 'history_edges': 0, 'elapsed_sec': 0.04545048996806145, 'cuda_allocated_mb': 89, 'cuda_reserved_mb': 1524, 'cuda_max_allocated_mb': 1291}
{'event': 'train_progress', 'epoch': 2, 'batch': 1, 'batches': 255, 'time_group': 1, 'time_groups': 255, 'history_edges': 0, 'pos_edges': 113, 'neg_edges': 113, 'loss_recent': 9.25586986541748, 'elapsed_sec': 0.3381022922694683, 'avg_sec_per_batch': 0.3381022922694683, 'cuda_allocated_mb': 93, 'cuda_reserved_mb': 1524, 'cuda_max_allocated_mb': 1291}
{'event': 'train_progress', 'epoch': 2, 'batch': 100, 'batches': 255, 'time_group': 100, 'time_groups': 255, 'history_edges': 23816, 'pos_edges': 259, 'neg_edges': 259, 'loss_recent': 12.377665410041809, 'elapsed_sec': 40.2312374599278, 'avg_sec_per_batch': 0.402312374599278, 'cuda_allocated_mb': 99, 'cuda_reserved_mb': 1524, 'cuda_max_allocated_mb': 1291}
{'event': 'train_progress', 'epoch': 2, 'batch': 200, 'batches': 255, 'time_group': 200, 'time_groups': 255, 'history_edges': 48751, 'pos_edges': 162, 'neg_edges': 162, 'loss_recent': 11.409381632804871, 'elapsed_sec': 83.02773728594184, 'avg_sec_per_batch': 0.4151386864297092, 'cuda_allocated_mb': 96, 'cuda_reserved_mb': 1524, 'cuda_max_allocated_mb': 1291}
{'event': 'train_time_group', 'epoch': 2, 'time_group': 255, 'time_groups': 255, 'batch': 254, 'batches': 255, 'time_value': 1410480000.0, 'group_batches': 1, 'history_edges': 61439, 'elapsed_sec': 107.16963717713952, 'cuda_allocated_mb': 89, 'cuda_reserved_mb': 1524, 'cuda_max_allocated_mb': 1292}
{'event': 'train_progress', 'epoch': 2, 'batch': 255, 'batches': 255, 'time_group': 255, 'time_groups': 255, 'history_edges': 61439, 'pos_edges': 321, 'neg_edges': 321, 'loss_recent': 10.744565806388856, 'elapsed_sec': 107.61439688876271, 'avg_sec_per_batch': 0.42201724270103025, 'cuda_allocated_mb': 101, 'cuda_reserved_mb': 1524, 'cuda_max_allocated_mb': 1292}
{'event': 'validation_start', 'epoch': 2}
{'event': 'validation_ranking_start', 'epoch': 2, 'max_edges': 100}
{'event': 'epoch_end', 'epoch': 2, 'early_stop_metric': 'val_composite', 'val_score': 0.5294133734320768, 'val_auc': 0.9214884649566153, 'val_ap': 0.6999619342649219, 'val_ndcg': 0.951341288809913, 'val_mrr': 0.3364210623270329, 'val_hits@1': 0.235, 'val_hits@10': 0.575, 'val_hits@50': 0.74, 'val_hits@100': 0.8, 'elapsed_sec': 280.6005506552756}
{'event': 'epoch_start', 'epoch': 3, 'epochs': 24, 'batches': 255, 'time_groups': 255}
{'event': 'train_time_group', 'epoch': 3, 'time_group': 1, 'time_groups': 255, 'batch': 0, 'batches': 255, 'time_value': 1388534400.0, 'group_batches': 1, 'history_edges': 0, 'elapsed_sec': 0.045984897762537, 'cuda_allocated_mb': 89, 'cuda_reserved_mb': 1524, 'cuda_max_allocated_mb': 1292}
{'event': 'train_progress', 'epoch': 3, 'batch': 1, 'batches': 255, 'time_group': 1, 'time_groups': 255, 'history_edges': 0, 'pos_edges': 113, 'neg_edges': 113, 'loss_recent': 8.550732612609863, 'elapsed_sec': 0.25570404529571533, 'avg_sec_per_batch': 0.25570404529571533, 'cuda_allocated_mb': 94, 'cuda_reserved_mb': 1524, 'cuda_max_allocated_mb': 1292}
{'event': 'train_progress', 'epoch': 3, 'batch': 100, 'batches': 255, 'time_group': 100, 'time_groups': 255, 'history_edges': 23816, 'pos_edges': 259, 'neg_edges': 259, 'loss_recent': 10.94658564567566, 'elapsed_sec': 41.83786619454622, 'avg_sec_per_batch': 0.41837866194546225, 'cuda_allocated_mb': 99, 'cuda_reserved_mb': 1524, 'cuda_max_allocated_mb': 1292}
{'event': 'train_progress', 'epoch': 3, 'batch': 200, 'batches': 255, 'time_group': 200, 'time_groups': 255, 'history_edges': 48751, 'pos_edges': 162, 'neg_edges': 162, 'loss_recent': 9.919379391670226, 'elapsed_sec': 85.90004108846188, 'avg_sec_per_batch': 0.4295002054423094, 'cuda_allocated_mb': 96, 'cuda_reserved_mb': 1524, 'cuda_max_allocated_mb': 1292}
{'event': 'train_time_group', 'epoch': 3, 'time_group': 255, 'time_groups': 255, 'batch': 254, 'batches': 255, 'time_value': 1410480000.0, 'group_batches': 1, 'history_edges': 61439, 'elapsed_sec': 109.98129952698946, 'cuda_allocated_mb': 89, 'cuda_reserved_mb': 1524, 'cuda_max_allocated_mb': 1292}
{'event': 'train_progress', 'epoch': 3, 'batch': 255, 'batches': 255, 'time_group': 255, 'time_groups': 255, 'history_edges': 61439, 'pos_edges': 321, 'neg_edges': 321, 'loss_recent': 9.348531999588012, 'elapsed_sec': 110.41140197962523, 'avg_sec_per_batch': 0.43298589011617733, 'cuda_allocated_mb': 101, 'cuda_reserved_mb': 1524, 'cuda_max_allocated_mb': 1292}
{'event': 'validation_start', 'epoch': 3}
{'event': 'validation_ranking_start', 'epoch': 3, 'max_edges': 100}
{'event': 'epoch_end', 'epoch': 3, 'early_stop_metric': 'val_composite', 'val_score': 0.5224106659028149, 'val_auc': 0.9259216450426754, 'val_ap': 0.7061194068277107, 'val_ndcg': 0.9528192329388222, 'val_mrr': 0.3298294986652847, 'val_hits@1': 0.22, 'val_hits@10': 0.55, 'val_hits@50': 0.755, 'val_hits@100': 0.8, 'elapsed_sec': 291.2606739625335}
{'event': 'epoch_start', 'epoch': 4, 'epochs': 24, 'batches': 255, 'time_groups': 255}
{'event': 'train_time_group', 'epoch': 4, 'time_group': 1, 'time_groups': 255, 'batch': 0, 'batches': 255, 'time_value': 1388534400.0, 'group_batches': 1, 'history_edges': 0, 'elapsed_sec': 0.04194553941488266, 'cuda_allocated_mb': 89, 'cuda_reserved_mb': 1524, 'cuda_max_allocated_mb': 1292}
{'event': 'train_progress', 'epoch': 4, 'batch': 1, 'batches': 255, 'time_group': 1, 'time_groups': 255, 'history_edges': 0, 'pos_edges': 113, 'neg_edges': 113, 'loss_recent': 8.736115455627441, 'elapsed_sec': 0.32274460420012474, 'avg_sec_per_batch': 0.32274460420012474, 'cuda_allocated_mb': 94, 'cuda_reserved_mb': 1524, 'cuda_max_allocated_mb': 1292}
{'event': 'train_progress', 'epoch': 4, 'batch': 100, 'batches': 255, 'time_group': 100, 'time_groups': 255, 'history_edges': 23816, 'pos_edges': 259, 'neg_edges': 259, 'loss_recent': 9.72761611700058, 'elapsed_sec': 40.17156019434333, 'avg_sec_per_batch': 0.4017156019434333, 'cuda_allocated_mb': 99, 'cuda_reserved_mb': 1524, 'cuda_max_allocated_mb': 1292}
{'event': 'train_progress', 'epoch': 4, 'batch': 200, 'batches': 255, 'time_group': 200, 'time_groups': 255, 'history_edges': 48751, 'pos_edges': 162, 'neg_edges': 162, 'loss_recent': 8.76453776359558, 'elapsed_sec': 83.52345529198647, 'avg_sec_per_batch': 0.41761727645993235, 'cuda_allocated_mb': 96, 'cuda_reserved_mb': 1524, 'cuda_max_allocated_mb': 1292}
{'event': 'train_time_group', 'epoch': 4, 'time_group': 255, 'time_groups': 255, 'batch': 254, 'batches': 255, 'time_value': 1410480000.0, 'group_batches': 1, 'history_edges': 61439, 'elapsed_sec': 107.02870658040047, 'cuda_allocated_mb': 89, 'cuda_reserved_mb': 1524, 'cuda_max_allocated_mb': 1292}
{'event': 'train_progress', 'epoch': 4, 'batch': 255, 'batches': 255, 'time_group': 255, 'time_groups': 255, 'history_edges': 61439, 'pos_edges': 321, 'neg_edges': 321, 'loss_recent': 8.310400700569152, 'elapsed_sec': 107.34486676007509, 'avg_sec_per_batch': 0.42096026180421603, 'cuda_allocated_mb': 101, 'cuda_reserved_mb': 1524, 'cuda_max_allocated_mb': 1292}
{'event': 'validation_start', 'epoch': 4}
{'event': 'validation_ranking_start', 'epoch': 4, 'max_edges': 100}
{'event': 'epoch_end', 'epoch': 4, 'early_stop_metric': 'val_composite', 'val_score': 0.5200497132964436, 'val_auc': 0.9241367970117609, 'val_ap': 0.706567703272998, 'val_ndcg': 0.9526530570848114, 'val_mrr': 0.32718482449284947, 'val_hits@1': 0.22, 'val_hits@10': 0.545, 'val_hits@50': 0.78, 'val_hits@100': 0.81, 'elapsed_sec': 275.08401146158576}
{'event': 'epoch_start', 'epoch': 5, 'epochs': 24, 'batches': 255, 'time_groups': 255}
{'event': 'train_time_group', 'epoch': 5, 'time_group': 1, 'time_groups': 255, 'batch': 0, 'batches': 255, 'time_value': 1388534400.0, 'group_batches': 1, 'history_edges': 0, 'elapsed_sec': 0.05400826036930084, 'cuda_allocated_mb': 89, 'cuda_reserved_mb': 1524, 'cuda_max_allocated_mb': 1292}
{'event': 'train_progress', 'epoch': 5, 'batch': 1, 'batches': 255, 'time_group': 1, 'time_groups': 255, 'history_edges': 0, 'pos_edges': 113, 'neg_edges': 113, 'loss_recent': 9.837478637695312, 'elapsed_sec': 0.30857086554169655, 'avg_sec_per_batch': 0.30857086554169655, 'cuda_allocated_mb': 94, 'cuda_reserved_mb': 1524, 'cuda_max_allocated_mb': 1292}
{'event': 'train_progress', 'epoch': 5, 'batch': 100, 'batches': 255, 'time_group': 100, 'time_groups': 255, 'history_edges': 23816, 'pos_edges': 259, 'neg_edges': 259, 'loss_recent': 8.799105610847473, 'elapsed_sec': 40.30042139068246, 'avg_sec_per_batch': 0.4030042139068246, 'cuda_allocated_mb': 99, 'cuda_reserved_mb': 1524, 'cuda_max_allocated_mb': 1292}
{'event': 'train_progress', 'epoch': 5, 'batch': 200, 'batches': 255, 'time_group': 200, 'time_groups': 255, 'history_edges': 48751, 'pos_edges': 162, 'neg_edges': 162, 'loss_recent': 7.984774832725525, 'elapsed_sec': 84.2607699893415, 'avg_sec_per_batch': 0.4213038499467075, 'cuda_allocated_mb': 96, 'cuda_reserved_mb': 1524, 'cuda_max_allocated_mb': 1292}
{'event': 'train_time_group', 'epoch': 5, 'time_group': 255, 'time_groups': 255, 'batch': 254, 'batches': 255, 'time_value': 1410480000.0, 'group_batches': 1, 'history_edges': 61439, 'elapsed_sec': 107.78588785603642, 'cuda_allocated_mb': 89, 'cuda_reserved_mb': 1524, 'cuda_max_allocated_mb': 1292}
{'event': 'train_progress', 'epoch': 5, 'batch': 255, 'batches': 255, 'time_group': 255, 'time_groups': 255, 'history_edges': 61439, 'pos_edges': 321, 'neg_edges': 321, 'loss_recent': 7.6155658936500545, 'elapsed_sec': 108.10691113770008, 'avg_sec_per_batch': 0.4239486711282356, 'cuda_allocated_mb': 100, 'cuda_reserved_mb': 1524, 'cuda_max_allocated_mb': 1292}
{'event': 'validation_start', 'epoch': 5}
{'event': 'validation_ranking_start', 'epoch': 5, 'max_edges': 100}
{'event': 'epoch_end', 'epoch': 5, 'early_stop_metric': 'val_composite', 'val_score': 0.5153542246996676, 'val_auc': 0.920328341337599, 'val_ap': 0.7016850729274952, 'val_ndcg': 0.9514733057216046, 'val_mrr': 0.32387543224300586, 'val_hits@1': 0.22, 'val_hits@10': 0.535, 'val_hits@50': 0.755, 'val_hits@100': 0.795, 'elapsed_sec': 285.54367972910404}
{'event': 'epoch_start', 'epoch': 6, 'epochs': 24, 'batches': 255, 'time_groups': 255}
{'event': 'train_time_group', 'epoch': 6, 'time_group': 1, 'time_groups': 255, 'batch': 0, 'batches': 255, 'time_value': 1388534400.0, 'group_batches': 1, 'history_edges': 0, 'elapsed_sec': 0.04593469202518463, 'cuda_allocated_mb': 89, 'cuda_reserved_mb': 1524, 'cuda_max_allocated_mb': 1292}
{'event': 'train_progress', 'epoch': 6, 'batch': 1, 'batches': 255, 'time_group': 1, 'time_groups': 255, 'history_edges': 0, 'pos_edges': 113, 'neg_edges': 113, 'loss_recent': 10.342369079589844, 'elapsed_sec': 0.333157192915678, 'avg_sec_per_batch': 0.333157192915678, 'cuda_allocated_mb': 94, 'cuda_reserved_mb': 1524, 'cuda_max_allocated_mb': 1292}
{'event': 'train_progress', 'epoch': 6, 'batch': 100, 'batches': 255, 'time_group': 100, 'time_groups': 255, 'history_edges': 23816, 'pos_edges': 259, 'neg_edges': 259, 'loss_recent': 8.142537763118744, 'elapsed_sec': 40.07712370529771, 'avg_sec_per_batch': 0.40077123705297707, 'cuda_allocated_mb': 99, 'cuda_reserved_mb': 1524, 'cuda_max_allocated_mb': 1292}
{'event': 'train_progress', 'epoch': 6, 'batch': 200, 'batches': 255, 'time_group': 200, 'time_groups': 255, 'history_edges': 48751, 'pos_edges': 162, 'neg_edges': 162, 'loss_recent': 7.398425827026367, 'elapsed_sec': 83.43310707807541, 'avg_sec_per_batch': 0.41716553539037704, 'cuda_allocated_mb': 96, 'cuda_reserved_mb': 1524, 'cuda_max_allocated_mb': 1292}
{'event': 'train_time_group', 'epoch': 6, 'time_group': 255, 'time_groups': 255, 'batch': 254, 'batches': 255, 'time_value': 1410480000.0, 'group_batches': 1, 'history_edges': 61439, 'elapsed_sec': 106.76736730709672, 'cuda_allocated_mb': 89, 'cuda_reserved_mb': 1524, 'cuda_max_allocated_mb': 1292}
{'event': 'train_progress', 'epoch': 6, 'batch': 255, 'batches': 255, 'time_group': 255, 'time_groups': 255, 'history_edges': 61439, 'pos_edges': 321, 'neg_edges': 321, 'loss_recent': 7.099669420719147, 'elapsed_sec': 107.08038303256035, 'avg_sec_per_batch': 0.41992307071592294, 'cuda_allocated_mb': 101, 'cuda_reserved_mb': 1524, 'cuda_max_allocated_mb': 1292}
{'event': 'validation_start', 'epoch': 6}
{'event': 'validation_ranking_start', 'epoch': 6, 'max_edges': 100}
{'event': 'epoch_end', 'epoch': 6, 'early_stop_metric': 'val_composite', 'val_score': 0.5134526400060245, 'val_auc': 0.9211102677213482, 'val_ap': 0.7052423277871198, 'val_ndcg': 0.9520782845209984, 'val_mrr': 0.3228058979995787, 'val_hits@1': 0.215, 'val_hits@10': 0.525, 'val_hits@50': 0.755, 'val_hits@100': 0.805, 'elapsed_sec': 287.82828937098384}
{'event': 'epoch_start', 'epoch': 7, 'epochs': 24, 'batches': 255, 'time_groups': 255}
{'event': 'train_time_group', 'epoch': 7, 'time_group': 1, 'time_groups': 255, 'batch': 0, 'batches': 255, 'time_value': 1388534400.0, 'group_batches': 1, 'history_edges': 0, 'elapsed_sec': 0.044212210923433304, 'cuda_allocated_mb': 89, 'cuda_reserved_mb': 1524, 'cuda_max_allocated_mb': 1292}
{'event': 'train_progress', 'epoch': 7, 'batch': 1, 'batches': 255, 'time_group': 1, 'time_groups': 255, 'history_edges': 0, 'pos_edges': 113, 'neg_edges': 113, 'loss_recent': 11.695011138916016, 'elapsed_sec': 0.321917537599802, 'avg_sec_per_batch': 0.321917537599802, 'cuda_allocated_mb': 94, 'cuda_reserved_mb': 1524, 'cuda_max_allocated_mb': 1292}
{'event': 'train_progress', 'epoch': 7, 'batch': 100, 'batches': 255, 'time_group': 100, 'time_groups': 255, 'history_edges': 23816, 'pos_edges': 259, 'neg_edges': 259, 'loss_recent': 7.648308336734772, 'elapsed_sec': 41.32712876051664, 'avg_sec_per_batch': 0.41327128760516646, 'cuda_allocated_mb': 99, 'cuda_reserved_mb': 1524, 'cuda_max_allocated_mb': 1292}
{'event': 'train_progress', 'epoch': 7, 'batch': 200, 'batches': 255, 'time_group': 200, 'time_groups': 255, 'history_edges': 48751, 'pos_edges': 162, 'neg_edges': 162, 'loss_recent': 7.053842947483063, 'elapsed_sec': 84.79788802564144, 'avg_sec_per_batch': 0.4239894401282072, 'cuda_allocated_mb': 96, 'cuda_reserved_mb': 1524, 'cuda_max_allocated_mb': 1292}
{'event': 'train_time_group', 'epoch': 7, 'time_group': 255, 'time_groups': 255, 'batch': 254, 'batches': 255, 'time_value': 1410480000.0, 'group_batches': 1, 'history_edges': 61439, 'elapsed_sec': 109.13006510958076, 'cuda_allocated_mb': 89, 'cuda_reserved_mb': 1524, 'cuda_max_allocated_mb': 1292}
{'event': 'train_progress', 'epoch': 7, 'batch': 255, 'batches': 255, 'time_group': 255, 'time_groups': 255, 'history_edges': 61439, 'pos_edges': 321, 'neg_edges': 321, 'loss_recent': 6.7877578449249265, 'elapsed_sec': 109.44830747693777, 'avg_sec_per_batch': 0.4292090489291677, 'cuda_allocated_mb': 101, 'cuda_reserved_mb': 1524, 'cuda_max_allocated_mb': 1292}
{'event': 'validation_start', 'epoch': 7}
{'event': 'validation_ranking_start', 'epoch': 7, 'max_edges': 100}
{'event': 'epoch_end', 'epoch': 7, 'early_stop_metric': 'val_composite', 'val_score': 0.5089643918608404, 'val_auc': 0.9205586568140257, 'val_ap': 0.7070825551504312, 'val_ndcg': 0.95232209402536, 'val_mrr': 0.31528373269007676, 'val_hits@1': 0.205, 'val_hits@10': 0.52, 'val_hits@50': 0.755, 'val_hits@100': 0.795, 'elapsed_sec': 274.82061517983675}
{'dataset': 'icews14', 'method': 'ssptgfm', 'scenario': 'standard', 'ablation': 'full', 'few_shot_ratio': 1.0, 'seed': 4, 'train_edges': 61760, 'val_edges': 14592, 'test_edges': 14378, 'params_trainable': 2947251, 'params_total': 2947300, 'rough_forward_flops': 2792030208, 'train_eval_time_sec': 2462.8474986366928, 'allocated_mb': 49.5400390625, 'reserved_mb': 1524.0, 'max_allocated_mb': 1292.0283203125, 'val_auc': 0.9214884643930404, 'val_ap': 0.6999619395473875, 'val_ndcg': 0.951341288141175, 'val_mrr': 0.3364210623270329, 'val_hits@1': 0.235, 'val_hits@10': 0.575, 'val_hits@50': 0.74, 'val_hits@100': 0.8, 'train_loss': 11.52319844937792, 'train_lp': 0.36013082721654105, 'train_align': 2093.662562231924, 'train_kl': 6922.566300934436, 'train_ood_reg': 0.1970788034738279, 'train_meta': 0.35204515071476206, 'train_struct_aux': 0.5411170951291626, 'train_weighted_align': 10.468312565485636, 'train_weighted_kl': 0.6922566138061823, 'train_weighted_ood_reg': 0.00019707881306827652, 'train_weighted_meta': 0.0017602257085872779, 'train_weighted_struct_aux': 0.0005411171212828919, 'train_rank': 0.16776652907331785, 'train_weighted_rank': 0.00016776653674063639, 'test_auc': 0.9330132381814453, 'test_ap': 0.7231057375654868, 'test_ndcg': 0.9563975561071988, 'test_mrr': 0.417711511028059, 'test_hits@1': 0.288, 'test_hits@10': 0.654, 'test_hits@50': 0.808, 'test_hits@100': 0.85}
