
$ /root/miniconda3/bin/python -u scripts/search_hparams.py --config configs/auto_target/ssptgfm_search_icews14_struct_history_fastscan.yaml --output results/auto_target_struct_micro_v2/search_icews14_struct_history_fastscan --resume
runtime_device=cuda
cuda_device=Tesla V100-PCIE-32GB
{'event': 'candidate_seed_start', 'candidate': 'struct_history_fastscan_h96_r12_a12_p4x4_l1_neg1_lr0p001_hp0p35_freq40_sr0p25_sa0p1_rl0p05_m0_bpr', 'seed': 1, 'device': 'cuda', 'node_text_device': 'cuda:0'}
{'event': 'train_seed_start', 'seed': 1, 'train_edges': 12000, 'val_edges': 14592, 'test_edges': 14378, 'num_nodes': 7128, 'num_relations': 230}
{'event': 'train_seed_tensors_ready', 'seed': 1, 'elapsed_sec': 0.012877076864242554, 'cuda_allocated_mb': 21, 'cuda_reserved_mb': 24, 'cuda_max_allocated_mb': 21}
{'event': 'train_known_facts_ready', 'seed': 1, 'scope': 'train', 'edges': 12000, 'elapsed_sec': 0.016547791659832}
{'event': 'train_known_facts_ready', 'seed': 1, 'scope': 'train_val', 'edges': 26592, 'elapsed_sec': 0.019799690693616867}
{'event': 'train_sampler_ready', 'seed': 1, 'elapsed_sec': 0.024652712047100067}
{'event': 'val_sampler_ready', 'seed': 1, 'elapsed_sec': 0.02894749864935875}
{'event': 'epoch_start', 'epoch': 1, 'epochs': 1, 'batches': 53, 'time_groups': 53}
{'event': 'train_time_group', 'epoch': 1, 'time_group': 1, 'time_groups': 53, 'batch': 0, 'batches': 53, 'time_value': 1388534400.0, 'group_batches': 1, 'history_edges': 0, 'elapsed_sec': 0.016457650810480118, 'cuda_allocated_mb': 21, 'cuda_reserved_mb': 24, 'cuda_max_allocated_mb': 21}
{'event': 'train_progress', 'epoch': 1, 'batch': 1, 'batches': 53, 'time_group': 1, 'time_groups': 53, 'history_edges': 0, 'pos_edges': 113, 'neg_edges': 113, 'loss_recent': 1286538.375, 'elapsed_sec': 1.086085818707943, 'avg_sec_per_batch': 1.086085818707943, 'cuda_allocated_mb': 89, 'cuda_reserved_mb': 174, 'cuda_max_allocated_mb': 159}
{'event': 'train_time_group', 'epoch': 1, 'time_group': 53, 'time_groups': 53, 'batch': 52, 'batches': 53, 'time_value': 1393027200.0, 'group_batches': 1, 'history_edges': 11959, 'elapsed_sec': 21.28990975394845, 'cuda_allocated_mb': 86, 'cuda_reserved_mb': 528, 'cuda_max_allocated_mb': 466}
{'event': 'train_progress', 'epoch': 1, 'batch': 53, 'batches': 53, 'time_group': 53, 'time_groups': 53, 'history_edges': 11959, 'pos_edges': 41, 'neg_edges': 41, 'loss_recent': 280581.5149063974, 'elapsed_sec': 21.488883670419455, 'avg_sec_per_batch': 0.4054506352909331, 'cuda_allocated_mb': 89, 'cuda_reserved_mb': 528, 'cuda_max_allocated_mb': 466}
{'event': 'validation_start', 'epoch': 1}
{'event': 'validation_ranking_start', 'epoch': 1, 'max_edges': 3}
{'event': 'epoch_end', 'epoch': 1, 'early_stop_metric': 'val_composite', 'val_score': 0.3133581857387982, 'val_auc': 0.7126871744791666, 'val_ap': 0.6026549826465146, 'val_ndcg': 0.9079118878364653, 'val_mrr': 0.08460798333493845, 'val_hits@1': 0.0, 'val_hits@10': 0.3333333333333333, 'val_hits@50': 0.5, 'val_hits@100': 0.6666666666666666, 'elapsed_sec': 36.81310210004449}
{'candidate': 'struct_history_fastscan_h96_r12_a12_p4x4_l1_neg1_lr0p001_hp0p35_freq40_sr0p25_sa0p1_rl0p05_m0_bpr', 'seed': 1, 'composite': nan, 'val_auc': 0.7126871744791666, 'val_ap': 0.6026549826465146, 'val_ndcg': 0.9079118878364653, 'val_mrr': 0.08460798333493845, 'val_hits@1': 0.0, 'val_hits@10': 0.3333333333333333, 'val_hits@50': 0.5, 'val_hits@100': 0.6666666666666666, 'train_loss': 280581.5149063974, 'train_lp': 197049.2933303545, 'train_align': 2703.05266412699, 'train_kl': 11061.938057377653, 'train_ood_reg': 0.2327004589562146, 'train_meta': 198414.7559791421, 'train_struct_aux': 825255.2645378832, 'train_weighted_align': 13.515263058104605, 'train_weighted_kl': 1.1061937814613558, 'train_weighted_ood_reg': 0.0002327004704571698, 'train_weighted_meta': 992.0737556781409, 'train_weighted_struct_aux': 82525.52789076319, 'train_rank': 119503.14215154693, 'train_weighted_rank': 5975.157178084594}
{'event': 'candidate_summary', 'candidate': 'struct_history_fastscan_h96_r12_a12_p4x4_l1_neg1_lr0p001_hp0p35_freq40_sr0p25_sa0p1_rl0p05_m0_bpr', 'score': 0.3133581857387982, 'passes_metric_minima': True, 'means': {'val_auc': 0.7126871744791666, 'val_ap': 0.6026549826465146, 'val_mrr': 0.08460798333493845, 'val_hits@10': 0.3333333333333333, 'val_ndcg': 0.9079118878364653}, 'seeds_completed': 1}
{'event': 'candidate_seed_start', 'candidate': 'struct_history_fastscan_h96_r12_a12_p4x4_l1_neg1_lr0p001_hp0p35_freq40_sr0p5_sa0p1_rl0p05_m0_bpr', 'seed': 1, 'device': 'cuda', 'node_text_device': 'cuda:0'}
{'event': 'train_seed_start', 'seed': 1, 'train_edges': 12000, 'val_edges': 14592, 'test_edges': 14378, 'num_nodes': 7128, 'num_relations': 230}
{'event': 'train_seed_tensors_ready', 'seed': 1, 'elapsed_sec': 0.01706291362643242, 'cuda_allocated_mb': 37, 'cuda_reserved_mb': 64, 'cuda_max_allocated_mb': 466}
{'event': 'train_known_facts_ready', 'seed': 1, 'scope': 'train', 'edges': 12000, 'elapsed_sec': 0.01957610994577408}
{'event': 'train_known_facts_ready', 'seed': 1, 'scope': 'train_val', 'edges': 26592, 'elapsed_sec': 0.022634368389844894}
{'event': 'train_sampler_ready', 'seed': 1, 'elapsed_sec': 0.025770653039216995}
{'event': 'val_sampler_ready', 'seed': 1, 'elapsed_sec': 0.028617676347494125}
{'event': 'epoch_start', 'epoch': 1, 'epochs': 1, 'batches': 53, 'time_groups': 53}
{'event': 'train_time_group', 'epoch': 1, 'time_group': 1, 'time_groups': 53, 'batch': 0, 'batches': 53, 'time_value': 1388534400.0, 'group_batches': 1, 'history_edges': 0, 'elapsed_sec': 0.0056426264345645905, 'cuda_allocated_mb': 38, 'cuda_reserved_mb': 64, 'cuda_max_allocated_mb': 466}
{'event': 'train_progress', 'epoch': 1, 'batch': 1, 'batches': 53, 'time_group': 1, 'time_groups': 53, 'history_edges': 0, 'pos_edges': 113, 'neg_edges': 113, 'loss_recent': 2206797.25, 'elapsed_sec': 0.27447134628891945, 'avg_sec_per_batch': 0.27447134628891945, 'cuda_allocated_mb': 89, 'cuda_reserved_mb': 174, 'cuda_max_allocated_mb': 466}
{'event': 'train_time_group', 'epoch': 1, 'time_group': 53, 'time_groups': 53, 'batch': 52, 'batches': 53, 'time_value': 1393027200.0, 'group_batches': 1, 'history_edges': 11959, 'elapsed_sec': 19.618027929216623, 'cuda_allocated_mb': 86, 'cuda_reserved_mb': 528, 'cuda_max_allocated_mb': 466}
{'event': 'train_progress', 'epoch': 1, 'batch': 53, 'batches': 53, 'time_group': 53, 'time_groups': 53, 'history_edges': 11959, 'pos_edges': 41, 'neg_edges': 41, 'loss_recent': 487675.71945017687, 'elapsed_sec': 19.83921095356345, 'avg_sec_per_batch': 0.3743247349728953, 'cuda_allocated_mb': 89, 'cuda_reserved_mb': 528, 'cuda_max_allocated_mb': 466}
{'event': 'validation_start', 'epoch': 1}
{'event': 'validation_ranking_start', 'epoch': 1, 'max_edges': 3}
{'event': 'epoch_end', 'epoch': 1, 'early_stop_metric': 'val_composite', 'val_score': 0.2547062789569187, 'val_auc': 0.66485595703125, 'val_ap': 0.5714951813134606, 'val_ndcg': 0.8984168160966257, 'val_mrr': 0.037995495088499205, 'val_hits@1': 0.0, 'val_hits@10': 0.16666666666666666, 'val_hits@50': 0.3333333333333333, 'val_hits@100': 0.3333333333333333, 'elapsed_sec': 33.99161731824279}
{'candidate': 'struct_history_fastscan_h96_r12_a12_p4x4_l1_neg1_lr0p001_hp0p35_freq40_sr0p5_sa0p1_rl0p05_m0_bpr', 'seed': 1, 'composite': nan, 'val_auc': 0.66485595703125, 'val_ap': 0.5714951813134606, 'val_ndcg': 0.8984168160966257, 'val_mrr': 0.037995495088499205, 'val_hits@1': 0.0, 'val_hits@10': 0.16666666666666666, 'val_hits@50': 0.3333333333333333, 'val_hits@100': 0.3333333333333333, 'train_loss': 487675.71945017687, 'train_lp': 403155.43256191036, 'train_align': 2703.275628431788, 'train_kl': 11085.899883918042, 'train_ood_reg': 0.23269845123560923, 'train_meta': 405882.62712816923, 'train_struct_aux': 824762.4726193986, 'train_weighted_align': 13.516377763928107, 'train_weighted_kl': 1.1085899618436705, 'train_weighted_ood_reg': 0.00023269846146917498, 'train_weighted_meta': 2029.4130746733467, 'train_weighted_struct_aux': 82476.24931133918, 'train_rank': 245376.47055610508, 'train_weighted_rank': 12268.823761524018}
{'event': 'candidate_summary', 'candidate': 'struct_history_fastscan_h96_r12_a12_p4x4_l1_neg1_lr0p001_hp0p35_freq40_sr0p5_sa0p1_rl0p05_m0_bpr', 'score': 0.2547062789569187, 'passes_metric_minima': True, 'means': {'val_auc': 0.66485595703125, 'val_ap': 0.5714951813134606, 'val_mrr': 0.037995495088499205, 'val_hits@10': 0.16666666666666666, 'val_ndcg': 0.8984168160966257}, 'seeds_completed': 1}

$ /root/miniconda3/bin/python -u scripts/search_hparams.py --config configs/auto_target/ssptgfm_search_icews14_struct_history_fastscan.yaml --output results/auto_target_struct_micro_v3/search_icews14_struct_history_fastscan --resume
runtime_device=cuda
cuda_device=Tesla V100-PCIE-32GB
{'event': 'candidate_seed_start', 'candidate': 'struct_history_fastscan_h96_r12_a12_p4x4_l1_neg1_lr0p001_hp0p35_freq40_sr0p25_sa0p1_rl0p05_m0_bpr', 'seed': 1, 'device': 'cuda', 'node_text_device': 'cuda:0'}
{'event': 'train_seed_start', 'seed': 1, 'train_edges': 12000, 'val_edges': 14592, 'test_edges': 14378, 'num_nodes': 7128, 'num_relations': 230}
{'event': 'train_seed_tensors_ready', 'seed': 1, 'elapsed_sec': 0.007934056222438812, 'cuda_allocated_mb': 21, 'cuda_reserved_mb': 24, 'cuda_max_allocated_mb': 21}
{'event': 'train_known_facts_ready', 'seed': 1, 'scope': 'train', 'edges': 12000, 'elapsed_sec': 0.010489441454410553}
{'event': 'train_known_facts_ready', 'seed': 1, 'scope': 'train_val', 'edges': 26592, 'elapsed_sec': 0.013111688196659088}
{'event': 'train_sampler_ready', 'seed': 1, 'elapsed_sec': 0.01640498638153076}
{'event': 'val_sampler_ready', 'seed': 1, 'elapsed_sec': 0.01929609477519989}
{'event': 'epoch_start', 'epoch': 1, 'epochs': 1, 'batches': 53, 'time_groups': 53}
{'event': 'train_time_group', 'epoch': 1, 'time_group': 1, 'time_groups': 53, 'batch': 0, 'batches': 53, 'time_value': 1388534400.0, 'group_batches': 1, 'history_edges': 0, 'elapsed_sec': 0.015949435532093048, 'cuda_allocated_mb': 21, 'cuda_reserved_mb': 24, 'cuda_max_allocated_mb': 21}
{'event': 'train_progress', 'epoch': 1, 'batch': 1, 'batches': 53, 'time_group': 1, 'time_groups': 53, 'history_edges': 0, 'pos_edges': 113, 'neg_edges': 113, 'loss_recent': 8.19408893585205, 'elapsed_sec': 1.052745670080185, 'avg_sec_per_batch': 1.052745670080185, 'cuda_allocated_mb': 89, 'cuda_reserved_mb': 174, 'cuda_max_allocated_mb': 159}
{'event': 'train_time_group', 'epoch': 1, 'time_group': 53, 'time_groups': 53, 'batch': 52, 'batches': 53, 'time_value': 1393027200.0, 'group_batches': 1, 'history_edges': 11959, 'elapsed_sec': 21.25583041831851, 'cuda_allocated_mb': 86, 'cuda_reserved_mb': 528, 'cuda_max_allocated_mb': 466}
{'event': 'train_progress', 'epoch': 1, 'batch': 53, 'batches': 53, 'time_group': 53, 'time_groups': 53, 'history_edges': 11959, 'pos_edges': 41, 'neg_edges': 41, 'loss_recent': 14.418884079411345, 'elapsed_sec': 21.42365376651287, 'avg_sec_per_batch': 0.4042198823870353, 'cuda_allocated_mb': 89, 'cuda_reserved_mb': 528, 'cuda_max_allocated_mb': 466}
{'event': 'validation_start', 'epoch': 1}
{'event': 'validation_ranking_start', 'epoch': 1, 'max_edges': 3}
{'event': 'epoch_end', 'epoch': 1, 'early_stop_metric': 'val_composite', 'val_score': 0.5176295953508483, 'val_auc': 0.8099568684895835, 'val_ap': 0.7195321071489371, 'val_ndcg': 0.9392364057365233, 'val_mrr': 0.3641423550552296, 'val_hits@1': 0.3333333333333333, 'val_hits@10': 0.5, 'val_hits@50': 0.5, 'val_hits@100': 0.8333333333333334, 'elapsed_sec': 36.60142855718732}
{'candidate': 'struct_history_fastscan_h96_r12_a12_p4x4_l1_neg1_lr0p001_hp0p35_freq40_sr0p25_sa0p1_rl0p05_m0_bpr', 'seed': 1, 'composite': nan, 'val_auc': 0.8099568684895835, 'val_ap': 0.7195321071489371, 'val_ndcg': 0.9392364057365233, 'val_mrr': 0.3641423550552296, 'val_hits@1': 0.3333333333333333, 'val_hits@10': 0.5, 'val_hits@50': 0.5, 'val_hits@100': 0.8333333333333334, 'train_loss': 14.418884079411345, 'train_lp': 0.5331446871442614, 'train_align': 2652.502865773327, 'train_kl': 5604.064950619104, 'train_ood_reg': 0.23201350586594277, 'train_meta': 0.5269778871311331, 'train_struct_aux': 0.5995197875319787, 'train_weighted_align': 13.262514060398317, 'train_weighted_kl': 0.5604064792113485, 'train_weighted_ood_reg': 0.00023201351709672654, 'train_weighted_meta': 0.0026348893693208977, 'train_weighted_struct_aux': 0.05995197980752531, 'train_rank': 0.4045477886244936, 'train_weighted_rank': 0.02022738967371999}
{'event': 'candidate_summary', 'candidate': 'struct_history_fastscan_h96_r12_a12_p4x4_l1_neg1_lr0p001_hp0p35_freq40_sr0p25_sa0p1_rl0p05_m0_bpr', 'score': 0.5176295953508483, 'passes_metric_minima': True, 'means': {'val_auc': 0.8099568684895835, 'val_ap': 0.7195321071489371, 'val_mrr': 0.3641423550552296, 'val_hits@10': 0.5, 'val_ndcg': 0.9392364057365233}, 'seeds_completed': 1}
{'event': 'candidate_seed_start', 'candidate': 'struct_history_fastscan_h96_r12_a12_p4x4_l1_neg1_lr0p001_hp0p35_freq40_sr0p5_sa0p1_rl0p05_m0_bpr', 'seed': 1, 'device': 'cuda', 'node_text_device': 'cuda:0'}
{'event': 'train_seed_start', 'seed': 1, 'train_edges': 12000, 'val_edges': 14592, 'test_edges': 14378, 'num_nodes': 7128, 'num_relations': 230}
{'event': 'train_seed_tensors_ready', 'seed': 1, 'elapsed_sec': 0.016378607600927353, 'cuda_allocated_mb': 37, 'cuda_reserved_mb': 64, 'cuda_max_allocated_mb': 466}
{'event': 'train_known_facts_ready', 'seed': 1, 'scope': 'train', 'edges': 12000, 'elapsed_sec': 0.019060339778661728}
{'event': 'train_known_facts_ready', 'seed': 1, 'scope': 'train_val', 'edges': 26592, 'elapsed_sec': 0.02228127419948578}
{'event': 'train_sampler_ready', 'seed': 1, 'elapsed_sec': 0.025604374706745148}
{'event': 'val_sampler_ready', 'seed': 1, 'elapsed_sec': 0.02839575707912445}
{'event': 'epoch_start', 'epoch': 1, 'epochs': 1, 'batches': 53, 'time_groups': 53}
{'event': 'train_time_group', 'epoch': 1, 'time_group': 1, 'time_groups': 53, 'batch': 0, 'batches': 53, 'time_value': 1388534400.0, 'group_batches': 1, 'history_edges': 0, 'elapsed_sec': 0.005871843546628952, 'cuda_allocated_mb': 38, 'cuda_reserved_mb': 64, 'cuda_max_allocated_mb': 466}
{'event': 'train_progress', 'epoch': 1, 'batch': 1, 'batches': 53, 'time_group': 1, 'time_groups': 53, 'history_edges': 0, 'pos_edges': 113, 'neg_edges': 113, 'loss_recent': 8.195226669311523, 'elapsed_sec': 0.2788836173713207, 'avg_sec_per_batch': 0.2788836173713207, 'cuda_allocated_mb': 89, 'cuda_reserved_mb': 174, 'cuda_max_allocated_mb': 466}
{'event': 'train_time_group', 'epoch': 1, 'time_group': 53, 'time_groups': 53, 'batch': 52, 'batches': 53, 'time_value': 1393027200.0, 'group_batches': 1, 'history_edges': 11959, 'elapsed_sec': 20.64707614481449, 'cuda_allocated_mb': 86, 'cuda_reserved_mb': 528, 'cuda_max_allocated_mb': 466}
{'event': 'train_progress', 'epoch': 1, 'batch': 53, 'batches': 53, 'time_group': 53, 'time_groups': 53, 'history_edges': 11959, 'pos_edges': 41, 'neg_edges': 41, 'loss_recent': 14.413561677033046, 'elapsed_sec': 20.8707508854568, 'avg_sec_per_batch': 0.3937877525557887, 'cuda_allocated_mb': 89, 'cuda_reserved_mb': 528, 'cuda_max_allocated_mb': 466}
{'event': 'validation_start', 'epoch': 1}
{'event': 'validation_ranking_start', 'epoch': 1, 'max_edges': 3}
{'event': 'epoch_end', 'epoch': 1, 'early_stop_metric': 'val_composite', 'val_score': 0.5169384071898019, 'val_auc': 0.8093668619791666, 'val_ap': 0.7231415435337044, 'val_ndcg': 0.9400854536571345, 'val_mrr': 0.36180052217286257, 'val_hits@1': 0.3333333333333333, 'val_hits@10': 0.5, 'val_hits@50': 0.6666666666666666, 'val_hits@100': 0.8333333333333334, 'elapsed_sec': 36.17983116209507}
{'candidate': 'struct_history_fastscan_h96_r12_a12_p4x4_l1_neg1_lr0p001_hp0p35_freq40_sr0p5_sa0p1_rl0p05_m0_bpr', 'seed': 1, 'composite': nan, 'val_auc': 0.8093668619791666, 'val_ap': 0.7231415435337044, 'val_ndcg': 0.9400854536571345, 'val_mrr': 0.36180052217286257, 'val_hits@1': 0.3333333333333333, 'val_hits@10': 0.5, 'val_hits@50': 0.6666666666666666, 'val_hits@100': 0.8333333333333334, 'train_loss': 14.413561677033046, 'train_lp': 0.5280082102091808, 'train_align': 2652.4439933345, 'train_kl': 5602.87912044885, 'train_ood_reg': 0.23221402601251062, 'train_meta': 0.5222375938352549, 'train_struct_aux': 0.6020225854414814, 'train_weighted_align': 13.262219653939301, 'train_weighted_kl': 0.5602878985821076, 'train_weighted_ood_reg': 0.00023221403699728467, 'train_weighted_meta': 0.002611187914878411, 'train_weighted_struct_aux': 0.06020225964064868, 'train_rank': 0.39510648542979976, 'train_weighted_rank': 0.019755324559672823}
{'event': 'candidate_summary', 'candidate': 'struct_history_fastscan_h96_r12_a12_p4x4_l1_neg1_lr0p001_hp0p35_freq40_sr0p5_sa0p1_rl0p05_m0_bpr', 'score': 0.5169384071898019, 'passes_metric_minima': True, 'means': {'val_auc': 0.8093668619791666, 'val_ap': 0.7231415435337044, 'val_mrr': 0.36180052217286257, 'val_hits@10': 0.5, 'val_ndcg': 0.9400854536571345}, 'seeds_completed': 1}
