
$ /root/miniconda3/bin/python -u scripts/search_hparams.py --config configs/auto_target/ssptgfm_search_tgb_yago_rankloss_micro_fastscan.yaml --output results/auto_target_tgb_yago_rankloss_micro/search_tgb_yago_rankloss_micro_fastscan --resume
runtime_device=cuda
cuda_device=Tesla V100-PCIE-32GB
{'event': 'candidate_seed_start', 'candidate': 'rankloss_micro_fastscan_h96_r12_a12_p4x4_l1_neg1_lr0p001_rl0p1_m0p75', 'seed': 1, 'device': 'cuda', 'node_text_device': 'cuda:0'}
{'event': 'train_seed_start', 'seed': 1, 'train_edges': 10000, 'val_edges': 39046, 'test_edges': 40052, 'num_nodes': 10585, 'num_relations': 20}
{'event': 'train_seed_tensors_ready', 'seed': 1, 'elapsed_sec': 0.03437662869691849, 'cuda_allocated_mb': 21, 'cuda_reserved_mb': 22, 'cuda_max_allocated_mb': 21}
{'event': 'train_known_facts_ready', 'seed': 1, 'scope': 'train', 'edges': 10000, 'elapsed_sec': 0.03641999140381813}
{'event': 'train_known_facts_ready', 'seed': 1, 'scope': 'train_val', 'edges': 49046, 'elapsed_sec': 0.04036780446767807}
{'event': 'train_sampler_ready', 'seed': 1, 'elapsed_sec': 0.043529246002435684}
{'event': 'val_sampler_ready', 'seed': 1, 'elapsed_sec': 0.0462559312582016}
{'event': 'epoch_start', 'epoch': 1, 'epochs': 1, 'batches': 23, 'time_groups': 23}
{'event': 'train_time_group', 'epoch': 1, 'time_group': 1, 'time_groups': 23, 'batch': 0, 'batches': 23, 'time_value': 0.0, 'group_batches': 1, 'history_edges': 0, 'elapsed_sec': 0.011717896908521652, 'cuda_allocated_mb': 21, 'cuda_reserved_mb': 24, 'cuda_max_allocated_mb': 21}
{'event': 'train_progress', 'epoch': 1, 'batch': 1, 'batches': 23, 'time_group': 1, 'time_groups': 23, 'history_edges': 0, 'pos_edges': 942, 'neg_edges': 942, 'loss_recent': 62.11015701293945, 'elapsed_sec': 2.5811434276401997, 'avg_sec_per_batch': 2.5811434276401997, 'cuda_allocated_mb': 123, 'cuda_reserved_mb': 388, 'cuda_max_allocated_mb': 350}
{'event': 'train_time_group', 'epoch': 1, 'time_group': 23, 'time_groups': 23, 'batch': 22, 'batches': 23, 'time_value': 22.0, 'group_batches': 1, 'history_edges': 9596, 'elapsed_sec': 8.585427280515432, 'cuda_allocated_mb': 78, 'cuda_reserved_mb': 568, 'cuda_max_allocated_mb': 507}
{'event': 'train_progress', 'epoch': 1, 'batch': 23, 'batches': 23, 'time_group': 23, 'time_groups': 23, 'history_edges': 9596, 'pos_edges': 404, 'neg_edges': 404, 'loss_recent': 25.98659772458284, 'elapsed_sec': 8.850981574505568, 'avg_sec_per_batch': 0.38482528584806813, 'cuda_allocated_mb': 99, 'cuda_reserved_mb': 568, 'cuda_max_allocated_mb': 507}
{'event': 'validation_start', 'epoch': 1}
{'event': 'validation_ranking_start', 'epoch': 1, 'max_edges': 3}
{'event': 'epoch_end', 'epoch': 1, 'early_stop_metric': 'val_composite', 'val_score': 0.13018878518097204, 'val_auc': 0.5346476236979166, 'val_ap': 0.39552984225781246, 'val_ndcg': 0.8341821784993372, 'val_mrr': 0.0003738486189312593, 'val_hits@1': 0.0, 'val_hits@10': 0.0, 'val_hits@50': 0.0, 'val_hits@100': 0.0, 'elapsed_sec': 17.409726470708847}
{'candidate': 'rankloss_micro_fastscan_h96_r12_a12_p4x4_l1_neg1_lr0p001_rl0p1_m0p75', 'seed': 1, 'composite': nan, 'val_auc': 0.5346476236979166, 'val_ap': 0.39552984225781246, 'val_ndcg': 0.8341821784993372, 'val_mrr': 0.0003738486189312593, 'val_hits@1': 0.0, 'val_hits@10': 0.0, 'val_hits@50': 0.0, 'val_hits@100': 0.0, 'train_loss': 25.98659772458284, 'train_lp': 0.5827418708282969, 'train_align': 4831.40869140625, 'train_kl': 12437.702551800272, 'train_ood_reg': 0.2309907862673635, 'train_meta': 0.5624493749245353, 'train_weighted_align': 24.157042959462043, 'train_weighted_kl': 1.2437702261883279, 'train_weighted_ood_reg': 0.00023099079882503366, 'train_weighted_meta': 0.0028122468072030206, 'train_rank': 0.3797705170253049, 'train_weighted_rank': 0.03797705258931155}
{'event': 'candidate_summary', 'candidate': 'rankloss_micro_fastscan_h96_r12_a12_p4x4_l1_neg1_lr0p001_rl0p1_m0p75', 'score': 0.13018878518097204, 'passes_metric_minima': True, 'means': {'val_auc': 0.5346476236979166, 'val_ap': 0.39552984225781246, 'val_mrr': 0.0003738486189312593, 'val_hits@10': 0.0, 'val_ndcg': 0.8341821784993372}, 'seeds_completed': 1}
{'event': 'candidate_seed_start', 'candidate': 'rankloss_micro_fastscan_h96_r12_a12_p4x4_l1_neg1_lr0p001_rl0p2_m0p5', 'seed': 1, 'device': 'cuda', 'node_text_device': 'cuda:0'}
{'event': 'train_seed_start', 'seed': 1, 'train_edges': 10000, 'val_edges': 39046, 'test_edges': 40052, 'num_nodes': 10585, 'num_relations': 20}
{'event': 'train_seed_tensors_ready', 'seed': 1, 'elapsed_sec': 0.004731029272079468, 'cuda_allocated_mb': 37, 'cuda_reserved_mb': 62, 'cuda_max_allocated_mb': 507}
{'event': 'train_known_facts_ready', 'seed': 1, 'scope': 'train', 'edges': 10000, 'elapsed_sec': 0.00672188401222229}
{'event': 'train_known_facts_ready', 'seed': 1, 'scope': 'train_val', 'edges': 49046, 'elapsed_sec': 0.010754287242889404}
{'event': 'train_sampler_ready', 'seed': 1, 'elapsed_sec': 0.014062732458114624}
{'event': 'val_sampler_ready', 'seed': 1, 'elapsed_sec': 0.016868479549884796}
{'event': 'epoch_start', 'epoch': 1, 'epochs': 1, 'batches': 23, 'time_groups': 23}
{'event': 'train_time_group', 'epoch': 1, 'time_group': 1, 'time_groups': 23, 'batch': 0, 'batches': 23, 'time_value': 0.0, 'group_batches': 1, 'history_edges': 0, 'elapsed_sec': 0.004735786467790604, 'cuda_allocated_mb': 37, 'cuda_reserved_mb': 64, 'cuda_max_allocated_mb': 507}
{'event': 'train_progress', 'epoch': 1, 'batch': 1, 'batches': 23, 'time_group': 1, 'time_groups': 23, 'history_edges': 0, 'pos_edges': 942, 'neg_edges': 942, 'loss_recent': 62.11015701293945, 'elapsed_sec': 0.4435669369995594, 'avg_sec_per_batch': 0.4435669369995594, 'cuda_allocated_mb': 123, 'cuda_reserved_mb': 388, 'cuda_max_allocated_mb': 507}
{'event': 'train_time_group', 'epoch': 1, 'time_group': 23, 'time_groups': 23, 'batch': 22, 'batches': 23, 'time_value': 22.0, 'group_batches': 1, 'history_edges': 9596, 'elapsed_sec': 6.299272395670414, 'cuda_allocated_mb': 78, 'cuda_reserved_mb': 568, 'cuda_max_allocated_mb': 507}
{'event': 'train_progress', 'epoch': 1, 'batch': 23, 'batches': 23, 'time_group': 23, 'time_groups': 23, 'history_edges': 9596, 'pos_edges': 404, 'neg_edges': 404, 'loss_recent': 25.991875689962637, 'elapsed_sec': 6.5636613965034485, 'avg_sec_per_batch': 0.2853765824566717, 'cuda_allocated_mb': 99, 'cuda_reserved_mb': 568, 'cuda_max_allocated_mb': 507}
{'event': 'validation_start', 'epoch': 1}
{'event': 'validation_ranking_start', 'epoch': 1, 'max_edges': 3}
{'event': 'epoch_end', 'epoch': 1, 'early_stop_metric': 'val_composite', 'val_score': 0.13006561193057675, 'val_auc': 0.5338541666666666, 'val_ap': 0.3945258518735842, 'val_ndcg': 0.8338098670392429, 'val_mrr': 0.00037946328519988917, 'val_hits@1': 0.0, 'val_hits@10': 0.0, 'val_hits@50': 0.0, 'val_hits@100': 0.0, 'elapsed_sec': 14.762379102408886}
{'candidate': 'rankloss_micro_fastscan_h96_r12_a12_p4x4_l1_neg1_lr0p001_rl0p2_m0p5', 'seed': 1, 'composite': nan, 'val_auc': 0.5338541666666666, 'val_ap': 0.3945258518735842, 'val_ndcg': 0.8338098670392429, 'val_mrr': 0.00037946328519988917, 'val_hits@1': 0.0, 'val_hits@10': 0.0, 'val_hits@50': 0.0, 'val_hits@100': 0.0, 'train_loss': 25.991875689962637, 'train_lp': 0.5862396216910818, 'train_align': 4831.451808763587, 'train_kl': 12453.082710597826, 'train_ood_reg': 0.23130006375520126, 'train_meta': 0.567672373160072, 'train_weighted_align': 24.15725857278575, 'train_weighted_kl': 1.2453082307525303, 'train_weighted_ood_reg': 0.00023130007384284198, 'train_weighted_meta': 0.0028383617805640983, 'train_rank': 0.22098732545323993, 'train_weighted_rank': 0.04419746602197056}
{'event': 'candidate_summary', 'candidate': 'rankloss_micro_fastscan_h96_r12_a12_p4x4_l1_neg1_lr0p001_rl0p2_m0p5', 'score': 0.13006561193057675, 'passes_metric_minima': True, 'means': {'val_auc': 0.5338541666666666, 'val_ap': 0.3945258518735842, 'val_mrr': 0.00037946328519988917, 'val_hits@10': 0.0, 'val_ndcg': 0.8338098670392429}, 'seeds_completed': 1}
