runtime_device=cuda
cuda_device=Tesla V100-PCIE-32GB
{'event': 'seed_start', 'dataset': 'tkgl-yago', 'ablation': 'full', 'seed': 3, 'device': 'cuda', 'node_text_device': 'cuda:0'}
{'event': 'train_seed_start', 'seed': 3, 'train_edges': 323080, 'val_edges': 39046, 'test_edges': 40052, 'num_nodes': 10585, 'num_relations': 20}
{'event': 'train_seed_tensors_ready', 'seed': 3, 'elapsed_sec': 0.011750590056180954, 'cuda_allocated_mb': 22, 'cuda_reserved_mb': 24, 'cuda_max_allocated_mb': 22}
{'event': 'train_known_facts_ready', 'seed': 3, 'scope': 'train', 'edges': 323080, 'elapsed_sec': 0.07043855264782906}
{'event': 'train_known_facts_ready', 'seed': 3, 'scope': 'train_val', 'edges': 362126, 'elapsed_sec': 0.12473324686288834}
{'event': 'train_sampler_ready', 'seed': 3, 'elapsed_sec': 0.2160765901207924}
{'event': 'val_sampler_ready', 'seed': 3, 'elapsed_sec': 0.31728871539235115}
{'event': 'epoch_start', 'epoch': 1, 'epochs': 24, 'batches': 195, 'time_groups': 178}
{'event': 'train_time_group', 'epoch': 1, 'time_group': 1, 'time_groups': 178, 'batch': 0, 'batches': 195, 'time_value': 0.0, 'group_batches': 1, 'history_edges': 0, 'elapsed_sec': 0.03388695418834686, 'cuda_allocated_mb': 30, 'cuda_reserved_mb': 44, 'cuda_max_allocated_mb': 30}
{'event': 'train_progress', 'epoch': 1, 'batch': 1, 'batches': 195, 'time_group': 1, 'time_groups': 178, 'history_edges': 0, 'pos_edges': 942, 'neg_edges': 942, 'loss_recent': 61.10873794555664, 'elapsed_sec': 2.214660480618477, 'avg_sec_per_batch': 2.214660480618477, 'cuda_allocated_mb': 133, 'cuda_reserved_mb': 388, 'cuda_max_allocated_mb': 360}
{'event': 'train_progress', 'epoch': 1, 'batch': 100, 'batches': 195, 'time_group': 100, 'time_groups': 178, 'history_edges': 64610, 'pos_edges': 1538, 'neg_edges': 1538, 'loss_recent': 37.0376083946228, 'elapsed_sec': 87.91849287226796, 'avg_sec_per_batch': 0.8791849287226796, 'cuda_allocated_mb': 154, 'cuda_reserved_mb': 1762, 'cuda_max_allocated_mb': 1635}
{'event': 'train_progress', 'epoch': 1, 'batch': 150, 'batches': 195, 'time_group': 150, 'time_groups': 178, 'history_edges': 185678, 'pos_edges': 3266, 'neg_edges': 3266, 'loss_recent': 88.02422973632812, 'elapsed_sec': 209.42368067801, 'avg_sec_per_batch': 1.3961578711867333, 'cuda_allocated_mb': 219, 'cuda_reserved_mb': 4132, 'cuda_max_allocated_mb': 4027}
{'event': 'train_progress', 'epoch': 1, 'batch': 191, 'batches': 195, 'time_group': 176, 'time_groups': 178, 'history_edges': 301798, 'pos_edges': 2738, 'neg_edges': 2738, 'loss_recent': 136.26795417785644, 'elapsed_sec': 330.68569061532617, 'avg_sec_per_batch': 1.7313386943210793, 'cuda_allocated_mb': 220, 'cuda_reserved_mb': 6258, 'cuda_max_allocated_mb': 6159}
{'event': 'train_time_group', 'epoch': 1, 'time_group': 178, 'time_groups': 178, 'batch': 193, 'batches': 195, 'time_value': 177.0, 'group_batches': 2, 'history_edges': 315692, 'elapsed_sec': 337.91229704767466, 'cuda_allocated_mb': 91, 'cuda_reserved_mb': 6358, 'cuda_max_allocated_mb': 6267}
{'event': 'train_progress', 'epoch': 1, 'batch': 195, 'batches': 195, 'time_group': 178, 'time_groups': 178, 'history_edges': 315692, 'pos_edges': 3292, 'neg_edges': 3292, 'loss_recent': 141.66566841125487, 'elapsed_sec': 345.0866826623678, 'avg_sec_per_batch': 1.7696752957044504, 'cuda_allocated_mb': 220, 'cuda_reserved_mb': 6478, 'cuda_max_allocated_mb': 6387}
{'event': 'validation_start', 'epoch': 1}
{'event': 'validation_ranking_start', 'epoch': 1, 'max_edges': 75}
{'event': 'epoch_end', 'epoch': 1, 'early_stop_metric': 'val_composite', 'val_score': 0.8983900898973353, 'val_auc': 0.9401230789561278, 'val_ap': 0.8631638674586262, 'val_ndcg': 0.9811437179754998, 'val_mrr': 0.8822566347330367, 'val_hits@1': 0.86, 'val_hits@10': 0.9133333333333333, 'val_hits@50': 0.9133333333333333, 'val_hits@100': 0.9133333333333333, 'elapsed_sec': 527.9946736097336}
{'event': 'epoch_start', 'epoch': 2, 'epochs': 24, 'batches': 195, 'time_groups': 178}
{'event': 'train_time_group', 'epoch': 2, 'time_group': 1, 'time_groups': 178, 'batch': 0, 'batches': 195, 'time_value': 0.0, 'group_batches': 1, 'history_edges': 0, 'elapsed_sec': 0.05680697411298752, 'cuda_allocated_mb': 91, 'cuda_reserved_mb': 6562, 'cuda_max_allocated_mb': 6387}
{'event': 'train_progress', 'epoch': 2, 'batch': 1, 'batches': 195, 'time_group': 1, 'time_groups': 178, 'history_edges': 0, 'pos_edges': 942, 'neg_edges': 942, 'loss_recent': 60.17307662963867, 'elapsed_sec': 1.0787142403423786, 'avg_sec_per_batch': 1.0787142403423786, 'cuda_allocated_mb': 136, 'cuda_reserved_mb': 6562, 'cuda_max_allocated_mb': 6387}
{'event': 'train_progress', 'epoch': 2, 'batch': 100, 'batches': 195, 'time_group': 100, 'time_groups': 178, 'history_edges': 64610, 'pos_edges': 1538, 'neg_edges': 1538, 'loss_recent': 30.95524076461792, 'elapsed_sec': 78.76252596825361, 'avg_sec_per_batch': 0.7876252596825362, 'cuda_allocated_mb': 156, 'cuda_reserved_mb': 6562, 'cuda_max_allocated_mb': 6387}
{'event': 'train_progress', 'epoch': 2, 'batch': 151, 'batches': 195, 'time_group': 151, 'time_groups': 178, 'history_edges': 188944, 'pos_edges': 3386, 'neg_edges': 3386, 'loss_recent': 76.27044271469116, 'elapsed_sec': 198.89408302679658, 'avg_sec_per_batch': 1.3171793577933548, 'cuda_allocated_mb': 219, 'cuda_reserved_mb': 6562, 'cuda_max_allocated_mb': 6387}
{'event': 'train_time_group', 'epoch': 2, 'time_group': 178, 'time_groups': 178, 'batch': 193, 'batches': 195, 'time_value': 177.0, 'group_batches': 2, 'history_edges': 315692, 'elapsed_sec': 309.8950620479882, 'cuda_allocated_mb': 91, 'cuda_reserved_mb': 6562, 'cuda_max_allocated_mb': 6387}
{'event': 'train_progress', 'epoch': 2, 'batch': 195, 'batches': 195, 'time_group': 178, 'time_groups': 178, 'history_edges': 315692, 'pos_edges': 3292, 'neg_edges': 3292, 'loss_recent': 120.33141714811325, 'elapsed_sec': 313.65385913848877, 'avg_sec_per_batch': 1.608481328915327, 'cuda_allocated_mb': 220, 'cuda_reserved_mb': 6562, 'cuda_max_allocated_mb': 6387}
{'event': 'validation_start', 'epoch': 2}
{'event': 'validation_ranking_start', 'epoch': 2, 'max_edges': 75}
{'event': 'epoch_end', 'epoch': 2, 'early_stop_metric': 'val_composite', 'val_score': 0.8967944317476467, 'val_auc': 0.941461609442836, 'val_ap': 0.8659898749949552, 'val_ndcg': 0.9816164683252817, 'val_mrr': 0.8806557797208004, 'val_hits@1': 0.86, 'val_hits@10': 0.9066666666666666, 'val_hits@50': 0.9133333333333333, 'val_hits@100': 0.9133333333333333, 'elapsed_sec': 511.403451051563}
{'event': 'epoch_start', 'epoch': 3, 'epochs': 24, 'batches': 195, 'time_groups': 178}
{'event': 'train_time_group', 'epoch': 3, 'time_group': 1, 'time_groups': 178, 'batch': 0, 'batches': 195, 'time_value': 0.0, 'group_batches': 1, 'history_edges': 0, 'elapsed_sec': 0.07624217867851257, 'cuda_allocated_mb': 91, 'cuda_reserved_mb': 6562, 'cuda_max_allocated_mb': 6387}
{'event': 'train_progress', 'epoch': 3, 'batch': 1, 'batches': 195, 'time_group': 1, 'time_groups': 178, 'history_edges': 0, 'pos_edges': 942, 'neg_edges': 942, 'loss_recent': 64.58248138427734, 'elapsed_sec': 1.0928635895252228, 'avg_sec_per_batch': 1.0928635895252228, 'cuda_allocated_mb': 135, 'cuda_reserved_mb': 6562, 'cuda_max_allocated_mb': 6387}
{'event': 'train_progress', 'epoch': 3, 'batch': 100, 'batches': 195, 'time_group': 100, 'time_groups': 178, 'history_edges': 64610, 'pos_edges': 1538, 'neg_edges': 1538, 'loss_recent': 26.692673778533937, 'elapsed_sec': 77.61348640173674, 'avg_sec_per_batch': 0.7761348640173673, 'cuda_allocated_mb': 155, 'cuda_reserved_mb': 6562, 'cuda_max_allocated_mb': 6387}
{'event': 'train_progress', 'epoch': 3, 'batch': 153, 'batches': 195, 'time_group': 153, 'time_groups': 178, 'history_edges': 195742, 'pos_edges': 3424, 'neg_edges': 3424, 'loss_recent': 68.32739461898804, 'elapsed_sec': 197.92504727095366, 'avg_sec_per_batch': 1.2936277599408736, 'cuda_allocated_mb': 219, 'cuda_reserved_mb': 6562, 'cuda_max_allocated_mb': 6387}
{'event': 'train_time_group', 'epoch': 3, 'time_group': 178, 'time_groups': 178, 'batch': 193, 'batches': 195, 'time_value': 177.0, 'group_batches': 2, 'history_edges': 315692, 'elapsed_sec': 295.65583854168653, 'cuda_allocated_mb': 91, 'cuda_reserved_mb': 6562, 'cuda_max_allocated_mb': 6387}
{'event': 'train_progress', 'epoch': 3, 'batch': 195, 'batches': 195, 'time_group': 178, 'time_groups': 178, 'history_edges': 315692, 'pos_edges': 3292, 'neg_edges': 3292, 'loss_recent': 105.63024035811424, 'elapsed_sec': 301.1382266692817, 'avg_sec_per_batch': 1.5442985983040087, 'cuda_allocated_mb': 220, 'cuda_reserved_mb': 6562, 'cuda_max_allocated_mb': 6387}
{'event': 'validation_start', 'epoch': 3}
{'event': 'validation_ranking_start', 'epoch': 3, 'max_edges': 75}
{'event': 'epoch_end', 'epoch': 3, 'early_stop_metric': 'val_composite', 'val_score': 0.8966549938504277, 'val_auc': 0.9423014475649402, 'val_ap': 0.8667029324721656, 'val_ndcg': 0.9817402905355233, 'val_mrr': 0.8800542384289404, 'val_hits@1': 0.86, 'val_hits@10': 0.9066666666666666, 'val_hits@50': 0.9066666666666666, 'val_hits@100': 0.9066666666666666, 'elapsed_sec': 466.964528542012}
{'event': 'epoch_start', 'epoch': 4, 'epochs': 24, 'batches': 195, 'time_groups': 178}
{'event': 'train_time_group', 'epoch': 4, 'time_group': 1, 'time_groups': 178, 'batch': 0, 'batches': 195, 'time_value': 0.0, 'group_batches': 1, 'history_edges': 0, 'elapsed_sec': 0.24779897183179855, 'cuda_allocated_mb': 91, 'cuda_reserved_mb': 6562, 'cuda_max_allocated_mb': 6387}
{'event': 'train_progress', 'epoch': 4, 'batch': 1, 'batches': 195, 'time_group': 1, 'time_groups': 178, 'history_edges': 0, 'pos_edges': 942, 'neg_edges': 942, 'loss_recent': 71.88047790527344, 'elapsed_sec': 1.2197563387453556, 'avg_sec_per_batch': 1.2197563387453556, 'cuda_allocated_mb': 136, 'cuda_reserved_mb': 6562, 'cuda_max_allocated_mb': 6387}
{'event': 'train_progress', 'epoch': 4, 'batch': 100, 'batches': 195, 'time_group': 100, 'time_groups': 178, 'history_edges': 64610, 'pos_edges': 1538, 'neg_edges': 1538, 'loss_recent': 24.025803260803222, 'elapsed_sec': 77.51598504930735, 'avg_sec_per_batch': 0.7751598504930735, 'cuda_allocated_mb': 155, 'cuda_reserved_mb': 6562, 'cuda_max_allocated_mb': 6387}
{'event': 'train_progress', 'epoch': 4, 'batch': 153, 'batches': 195, 'time_group': 153, 'time_groups': 178, 'history_edges': 195742, 'pos_edges': 3424, 'neg_edges': 3424, 'loss_recent': 62.49129899978638, 'elapsed_sec': 199.20505245029926, 'avg_sec_per_batch': 1.301993806864701, 'cuda_allocated_mb': 220, 'cuda_reserved_mb': 6562, 'cuda_max_allocated_mb': 6387}
{'event': 'train_time_group', 'epoch': 4, 'time_group': 178, 'time_groups': 178, 'batch': 193, 'batches': 195, 'time_value': 177.0, 'group_batches': 2, 'history_edges': 315692, 'elapsed_sec': 294.02774491533637, 'cuda_allocated_mb': 91, 'cuda_reserved_mb': 6562, 'cuda_max_allocated_mb': 6387}
{'event': 'train_progress', 'epoch': 4, 'batch': 195, 'batches': 195, 'time_group': 178, 'time_groups': 178, 'history_edges': 315692, 'pos_edges': 3292, 'neg_edges': 3292, 'loss_recent': 97.92259495973587, 'elapsed_sec': 299.19504744187, 'avg_sec_per_batch': 1.5343335766249742, 'cuda_allocated_mb': 220, 'cuda_reserved_mb': 6562, 'cuda_max_allocated_mb': 6387}
{'event': 'validation_start', 'epoch': 4}
{'event': 'validation_ranking_start', 'epoch': 4, 'max_edges': 75}
{'event': 'epoch_end', 'epoch': 4, 'early_stop_metric': 'val_composite', 'val_score': 0.899216770927085, 'val_auc': 0.9447585799185385, 'val_ap': 0.873689214736711, 'val_ndcg': 0.9827556039677552, 'val_mrr': 0.8826331319810848, 'val_hits@1': 0.86, 'val_hits@10': 0.9066666666666666, 'val_hits@50': 0.9133333333333333, 'val_hits@100': 0.92, 'elapsed_sec': 461.0882849805057}
{'event': 'epoch_start', 'epoch': 5, 'epochs': 24, 'batches': 195, 'time_groups': 178}
{'event': 'train_time_group', 'epoch': 5, 'time_group': 1, 'time_groups': 178, 'batch': 0, 'batches': 195, 'time_value': 0.0, 'group_batches': 1, 'history_edges': 0, 'elapsed_sec': 0.0575709342956543, 'cuda_allocated_mb': 91, 'cuda_reserved_mb': 6562, 'cuda_max_allocated_mb': 6387}
{'event': 'train_progress', 'epoch': 5, 'batch': 1, 'batches': 195, 'time_group': 1, 'time_groups': 178, 'history_edges': 0, 'pos_edges': 942, 'neg_edges': 942, 'loss_recent': 81.86442565917969, 'elapsed_sec': 1.1286494508385658, 'avg_sec_per_batch': 1.1286494508385658, 'cuda_allocated_mb': 135, 'cuda_reserved_mb': 6562, 'cuda_max_allocated_mb': 6387}
{'event': 'train_progress', 'epoch': 5, 'batch': 100, 'batches': 195, 'time_group': 100, 'time_groups': 178, 'history_edges': 64610, 'pos_edges': 1538, 'neg_edges': 1538, 'loss_recent': 22.4955553150177, 'elapsed_sec': 75.81826041266322, 'avg_sec_per_batch': 0.7581826041266322, 'cuda_allocated_mb': 154, 'cuda_reserved_mb': 6562, 'cuda_max_allocated_mb': 6387}
{'event': 'train_progress', 'epoch': 5, 'batch': 153, 'batches': 195, 'time_group': 153, 'time_groups': 178, 'history_edges': 195742, 'pos_edges': 3424, 'neg_edges': 3424, 'loss_recent': 59.433891410827634, 'elapsed_sec': 198.50118694454432, 'avg_sec_per_batch': 1.2973933787225118, 'cuda_allocated_mb': 220, 'cuda_reserved_mb': 6562, 'cuda_max_allocated_mb': 6387}
{'event': 'train_time_group', 'epoch': 5, 'time_group': 178, 'time_groups': 178, 'batch': 193, 'batches': 195, 'time_value': 177.0, 'group_batches': 2, 'history_edges': 315692, 'elapsed_sec': 294.5616777725518, 'cuda_allocated_mb': 91, 'cuda_reserved_mb': 6562, 'cuda_max_allocated_mb': 6387}
{'event': 'train_progress', 'epoch': 5, 'batch': 195, 'batches': 195, 'time_group': 178, 'time_groups': 178, 'history_edges': 315692, 'pos_edges': 3292, 'neg_edges': 3292, 'loss_recent': 94.42334844350815, 'elapsed_sec': 298.1874735839665, 'avg_sec_per_batch': 1.5291665311998281, 'cuda_allocated_mb': 220, 'cuda_reserved_mb': 6562, 'cuda_max_allocated_mb': 6387}
{'event': 'validation_start', 'epoch': 5}
{'event': 'validation_ranking_start', 'epoch': 5, 'max_edges': 75}
{'event': 'epoch_end', 'epoch': 5, 'early_stop_metric': 'val_composite', 'val_score': 0.8987706038396612, 'val_auc': 0.946228911764767, 'val_ap': 0.874876669945877, 'val_ndcg': 0.9830112307287799, 'val_mrr': 0.8811864027066603, 'val_hits@1': 0.86, 'val_hits@10': 0.9066666666666666, 'val_hits@50': 0.9066666666666666, 'val_hits@100': 0.9066666666666666, 'elapsed_sec': 459.6466613151133}
{'event': 'epoch_start', 'epoch': 6, 'epochs': 24, 'batches': 195, 'time_groups': 178}
{'event': 'train_time_group', 'epoch': 6, 'time_group': 1, 'time_groups': 178, 'batch': 0, 'batches': 195, 'time_value': 0.0, 'group_batches': 1, 'history_edges': 0, 'elapsed_sec': 0.05917050689458847, 'cuda_allocated_mb': 91, 'cuda_reserved_mb': 6562, 'cuda_max_allocated_mb': 6387}
{'event': 'train_progress', 'epoch': 6, 'batch': 1, 'batches': 195, 'time_group': 1, 'time_groups': 178, 'history_edges': 0, 'pos_edges': 942, 'neg_edges': 942, 'loss_recent': 94.1897964477539, 'elapsed_sec': 0.9898896403610706, 'avg_sec_per_batch': 0.9898896403610706, 'cuda_allocated_mb': 135, 'cuda_reserved_mb': 6562, 'cuda_max_allocated_mb': 6387}
{'event': 'train_progress', 'epoch': 6, 'batch': 100, 'batches': 195, 'time_group': 100, 'time_groups': 178, 'history_edges': 64610, 'pos_edges': 1538, 'neg_edges': 1538, 'loss_recent': 21.788542442321777, 'elapsed_sec': 76.33700140193105, 'avg_sec_per_batch': 0.7633700140193105, 'cuda_allocated_mb': 156, 'cuda_reserved_mb': 6562, 'cuda_max_allocated_mb': 6387}
{'event': 'train_progress', 'epoch': 6, 'batch': 153, 'batches': 195, 'time_group': 153, 'time_groups': 178, 'history_edges': 195742, 'pos_edges': 3424, 'neg_edges': 3424, 'loss_recent': 58.091030540466306, 'elapsed_sec': 198.0670442506671, 'avg_sec_per_batch': 1.294555844775602, 'cuda_allocated_mb': 220, 'cuda_reserved_mb': 6562, 'cuda_max_allocated_mb': 6387}
{'event': 'train_time_group', 'epoch': 6, 'time_group': 178, 'time_groups': 178, 'batch': 193, 'batches': 195, 'time_value': 177.0, 'group_batches': 2, 'history_edges': 315692, 'elapsed_sec': 293.24286694824696, 'cuda_allocated_mb': 91, 'cuda_reserved_mb': 6562, 'cuda_max_allocated_mb': 6387}
{'event': 'train_progress', 'epoch': 6, 'batch': 195, 'batches': 195, 'time_group': 178, 'time_groups': 178, 'history_edges': 315692, 'pos_edges': 3292, 'neg_edges': 3292, 'loss_recent': 92.56722044825554, 'elapsed_sec': 299.8994034305215, 'avg_sec_per_batch': 1.5379456586180589, 'cuda_allocated_mb': 220, 'cuda_reserved_mb': 6562, 'cuda_max_allocated_mb': 6387}
{'event': 'validation_start', 'epoch': 6}
{'event': 'validation_ranking_start', 'epoch': 6, 'max_edges': 75}
{'event': 'epoch_end', 'epoch': 6, 'early_stop_metric': 'val_composite', 'val_score': 0.8996827438606964, 'val_auc': 0.9477663224270831, 'val_ap': 0.8800038554623165, 'val_ndcg': 0.9837478327642242, 'val_mrr': 0.881171465620478, 'val_hits@1': 0.86, 'val_hits@10': 0.9066666666666666, 'val_hits@50': 0.9066666666666666, 'val_hits@100': 0.9066666666666666, 'elapsed_sec': 463.2898428477347}
{'event': 'epoch_start', 'epoch': 7, 'epochs': 24, 'batches': 195, 'time_groups': 178}
{'event': 'train_time_group', 'epoch': 7, 'time_group': 1, 'time_groups': 178, 'batch': 0, 'batches': 195, 'time_value': 0.0, 'group_batches': 1, 'history_edges': 0, 'elapsed_sec': 0.05769108980894089, 'cuda_allocated_mb': 91, 'cuda_reserved_mb': 6562, 'cuda_max_allocated_mb': 6387}
{'event': 'train_progress', 'epoch': 7, 'batch': 1, 'batches': 195, 'time_group': 1, 'time_groups': 178, 'history_edges': 0, 'pos_edges': 942, 'neg_edges': 942, 'loss_recent': 104.44576263427734, 'elapsed_sec': 1.0381909385323524, 'avg_sec_per_batch': 1.0381909385323524, 'cuda_allocated_mb': 136, 'cuda_reserved_mb': 6562, 'cuda_max_allocated_mb': 6387}
{'event': 'train_progress', 'epoch': 7, 'batch': 100, 'batches': 195, 'time_group': 100, 'time_groups': 178, 'history_edges': 64610, 'pos_edges': 1538, 'neg_edges': 1538, 'loss_recent': 21.242422676086427, 'elapsed_sec': 75.201665494591, 'avg_sec_per_batch': 0.75201665494591, 'cuda_allocated_mb': 155, 'cuda_reserved_mb': 6562, 'cuda_max_allocated_mb': 6387}
{'event': 'train_progress', 'epoch': 7, 'batch': 153, 'batches': 195, 'time_group': 153, 'time_groups': 178, 'history_edges': 195742, 'pos_edges': 3424, 'neg_edges': 3424, 'loss_recent': 56.563536958694456, 'elapsed_sec': 196.56364500522614, 'avg_sec_per_batch': 1.2847297059165106, 'cuda_allocated_mb': 219, 'cuda_reserved_mb': 6562, 'cuda_max_allocated_mb': 6387}
{'event': 'train_time_group', 'epoch': 7, 'time_group': 178, 'time_groups': 178, 'batch': 193, 'batches': 195, 'time_value': 177.0, 'group_batches': 2, 'history_edges': 315692, 'elapsed_sec': 291.2134011462331, 'cuda_allocated_mb': 91, 'cuda_reserved_mb': 6562, 'cuda_max_allocated_mb': 6387}
{'event': 'train_progress', 'epoch': 7, 'batch': 195, 'batches': 195, 'time_group': 178, 'time_groups': 178, 'history_edges': 315692, 'pos_edges': 3292, 'neg_edges': 3292, 'loss_recent': 90.31683401465416, 'elapsed_sec': 297.8360110297799, 'avg_sec_per_batch': 1.5273641591270766, 'cuda_allocated_mb': 220, 'cuda_reserved_mb': 6562, 'cuda_max_allocated_mb': 6387}
{'event': 'validation_start', 'epoch': 7}
{'event': 'validation_ranking_start', 'epoch': 7, 'max_edges': 75}
{'event': 'epoch_end', 'epoch': 7, 'early_stop_metric': 'val_composite', 'val_score': 0.9030468179309687, 'val_auc': 0.9493759864438214, 'val_ap': 0.8855935976121614, 'val_ndcg': 0.9845105808872663, 'val_mrr': 0.8832425084231204, 'val_hits@1': 0.86, 'val_hits@10': 0.9133333333333333, 'val_hits@50': 0.92, 'val_hits@100': 0.92, 'elapsed_sec': 467.885068718344}
{'event': 'epoch_start', 'epoch': 8, 'epochs': 24, 'batches': 195, 'time_groups': 178}
{'event': 'train_time_group', 'epoch': 8, 'time_group': 1, 'time_groups': 178, 'batch': 0, 'batches': 195, 'time_value': 0.0, 'group_batches': 1, 'history_edges': 0, 'elapsed_sec': 0.057713739573955536, 'cuda_allocated_mb': 91, 'cuda_reserved_mb': 6562, 'cuda_max_allocated_mb': 6387}
{'event': 'train_progress', 'epoch': 8, 'batch': 1, 'batches': 195, 'time_group': 1, 'time_groups': 178, 'history_edges': 0, 'pos_edges': 942, 'neg_edges': 942, 'loss_recent': 118.16863250732422, 'elapsed_sec': 1.0226813592016697, 'avg_sec_per_batch': 1.0226813592016697, 'cuda_allocated_mb': 135, 'cuda_reserved_mb': 6562, 'cuda_max_allocated_mb': 6387}
{'event': 'train_progress', 'epoch': 8, 'batch': 100, 'batches': 195, 'time_group': 100, 'time_groups': 178, 'history_edges': 64610, 'pos_edges': 1538, 'neg_edges': 1538, 'loss_recent': 20.840933570861818, 'elapsed_sec': 75.49293277040124, 'avg_sec_per_batch': 0.7549293277040124, 'cuda_allocated_mb': 155, 'cuda_reserved_mb': 6562, 'cuda_max_allocated_mb': 6387}
{'event': 'train_progress', 'epoch': 8, 'batch': 154, 'batches': 195, 'time_group': 154, 'time_groups': 178, 'history_edges': 199166, 'pos_edges': 3524, 'neg_edges': 3524, 'loss_recent': 56.53003977775574, 'elapsed_sec': 197.13075483590364, 'avg_sec_per_batch': 1.2800698365967769, 'cuda_allocated_mb': 220, 'cuda_reserved_mb': 6562, 'cuda_max_allocated_mb': 6387}
{'event': 'train_time_group', 'epoch': 8, 'time_group': 178, 'time_groups': 178, 'batch': 193, 'batches': 195, 'time_value': 177.0, 'group_batches': 2, 'history_edges': 315692, 'elapsed_sec': 292.1713721640408, 'cuda_allocated_mb': 91, 'cuda_reserved_mb': 6562, 'cuda_max_allocated_mb': 6387}
{'event': 'train_progress', 'epoch': 8, 'batch': 195, 'batches': 195, 'time_group': 178, 'time_groups': 178, 'history_edges': 315692, 'pos_edges': 3292, 'neg_edges': 3292, 'loss_recent': 89.04387814998627, 'elapsed_sec': 296.01975809410214, 'avg_sec_per_batch': 1.518050041508216, 'cuda_allocated_mb': 220, 'cuda_reserved_mb': 6562, 'cuda_max_allocated_mb': 6387}
{'event': 'validation_start', 'epoch': 8}
{'event': 'validation_ranking_start', 'epoch': 8, 'max_edges': 75}
{'event': 'epoch_end', 'epoch': 8, 'early_stop_metric': 'val_composite', 'val_score': 0.9044462818320804, 'val_auc': 0.9494530386618353, 'val_ap': 0.8861070087476309, 'val_ndcg': 0.9845448612539516, 'val_mrr': 0.8832061849228976, 'val_hits@1': 0.86, 'val_hits@10': 0.92, 'val_hits@50': 0.92, 'val_hits@100': 0.92, 'elapsed_sec': 462.62646098807454}
{'event': 'epoch_start', 'epoch': 9, 'epochs': 24, 'batches': 195, 'time_groups': 178}
{'event': 'train_time_group', 'epoch': 9, 'time_group': 1, 'time_groups': 178, 'batch': 0, 'batches': 195, 'time_value': 0.0, 'group_batches': 1, 'history_edges': 0, 'elapsed_sec': 0.0583634227514267, 'cuda_allocated_mb': 91, 'cuda_reserved_mb': 6562, 'cuda_max_allocated_mb': 6387}
{'event': 'train_progress', 'epoch': 9, 'batch': 1, 'batches': 195, 'time_group': 1, 'time_groups': 178, 'history_edges': 0, 'pos_edges': 942, 'neg_edges': 942, 'loss_recent': 130.25245666503906, 'elapsed_sec': 1.0278179161250591, 'avg_sec_per_batch': 1.0278179161250591, 'cuda_allocated_mb': 134, 'cuda_reserved_mb': 6562, 'cuda_max_allocated_mb': 6387}
{'event': 'train_progress', 'epoch': 9, 'batch': 100, 'batches': 195, 'time_group': 100, 'time_groups': 178, 'history_edges': 64610, 'pos_edges': 1538, 'neg_edges': 1538, 'loss_recent': 20.664616680145265, 'elapsed_sec': 77.17524772137403, 'avg_sec_per_batch': 0.7717524772137403, 'cuda_allocated_mb': 155, 'cuda_reserved_mb': 6562, 'cuda_max_allocated_mb': 6387}
{'event': 'train_progress', 'epoch': 9, 'batch': 153, 'batches': 195, 'time_group': 153, 'time_groups': 178, 'history_edges': 195742, 'pos_edges': 3424, 'neg_edges': 3424, 'loss_recent': 55.181028604507446, 'elapsed_sec': 199.04683567211032, 'avg_sec_per_batch': 1.3009597102752308, 'cuda_allocated_mb': 219, 'cuda_reserved_mb': 6562, 'cuda_max_allocated_mb': 6387}
{'event': 'train_time_group', 'epoch': 9, 'time_group': 178, 'time_groups': 178, 'batch': 193, 'batches': 195, 'time_value': 177.0, 'group_batches': 2, 'history_edges': 315692, 'elapsed_sec': 294.22848607227206, 'cuda_allocated_mb': 91, 'cuda_reserved_mb': 6562, 'cuda_max_allocated_mb': 6387}
{'event': 'train_progress', 'epoch': 9, 'batch': 195, 'batches': 195, 'time_group': 178, 'time_groups': 178, 'history_edges': 315692, 'pos_edges': 3292, 'neg_edges': 3292, 'loss_recent': 88.57101828932763, 'elapsed_sec': 297.9669150747359, 'avg_sec_per_batch': 1.5280354619217225, 'cuda_allocated_mb': 220, 'cuda_reserved_mb': 6562, 'cuda_max_allocated_mb': 6387}
{'event': 'validation_start', 'epoch': 9}
{'event': 'validation_ranking_start', 'epoch': 9, 'max_edges': 75}
{'event': 'epoch_end', 'epoch': 9, 'early_stop_metric': 'val_composite', 'val_score': 0.9018813368883999, 'val_auc': 0.9508777869448027, 'val_ap': 0.8899232937796974, 'val_ndcg': 0.9850303156634463, 'val_mrr': 0.8820251771490542, 'val_hits@1': 0.86, 'val_hits@10': 0.9066666666666666, 'val_hits@50': 0.92, 'val_hits@100': 0.92, 'elapsed_sec': 459.74575989693403}
{'event': 'epoch_start', 'epoch': 10, 'epochs': 24, 'batches': 195, 'time_groups': 178}
{'event': 'train_time_group', 'epoch': 10, 'time_group': 1, 'time_groups': 178, 'batch': 0, 'batches': 195, 'time_value': 0.0, 'group_batches': 1, 'history_edges': 0, 'elapsed_sec': 0.05789901688694954, 'cuda_allocated_mb': 91, 'cuda_reserved_mb': 6562, 'cuda_max_allocated_mb': 6387}
{'event': 'train_progress', 'epoch': 10, 'batch': 1, 'batches': 195, 'time_group': 1, 'time_groups': 178, 'history_edges': 0, 'pos_edges': 942, 'neg_edges': 942, 'loss_recent': 145.57533264160156, 'elapsed_sec': 1.0743634663522243, 'avg_sec_per_batch': 1.0743634663522243, 'cuda_allocated_mb': 136, 'cuda_reserved_mb': 6562, 'cuda_max_allocated_mb': 6387}
{'event': 'train_progress', 'epoch': 10, 'batch': 100, 'batches': 195, 'time_group': 100, 'time_groups': 178, 'history_edges': 64610, 'pos_edges': 1538, 'neg_edges': 1538, 'loss_recent': 20.68253465652466, 'elapsed_sec': 75.45806730538607, 'avg_sec_per_batch': 0.7545806730538607, 'cuda_allocated_mb': 153, 'cuda_reserved_mb': 6562, 'cuda_max_allocated_mb': 6387}
{'event': 'train_progress', 'epoch': 10, 'batch': 153, 'batches': 195, 'time_group': 153, 'time_groups': 178, 'history_edges': 195742, 'pos_edges': 3424, 'neg_edges': 3424, 'loss_recent': 54.88557030677796, 'elapsed_sec': 196.22965249046683, 'avg_sec_per_batch': 1.2825467483037047, 'cuda_allocated_mb': 219, 'cuda_reserved_mb': 6562, 'cuda_max_allocated_mb': 6387}
{'event': 'train_time_group', 'epoch': 10, 'time_group': 178, 'time_groups': 178, 'batch': 193, 'batches': 195, 'time_value': 177.0, 'group_batches': 2, 'history_edges': 315692, 'elapsed_sec': 296.00324637815356, 'cuda_allocated_mb': 91, 'cuda_reserved_mb': 6562, 'cuda_max_allocated_mb': 6387}
{'event': 'train_progress', 'epoch': 10, 'batch': 195, 'batches': 195, 'time_group': 178, 'time_groups': 178, 'history_edges': 315692, 'pos_edges': 3292, 'neg_edges': 3292, 'loss_recent': 88.18224520802498, 'elapsed_sec': 299.56897946819663, 'avg_sec_per_batch': 1.5362511767599827, 'cuda_allocated_mb': 220, 'cuda_reserved_mb': 6562, 'cuda_max_allocated_mb': 6387}
{'event': 'validation_start', 'epoch': 10}
{'event': 'validation_ranking_start', 'epoch': 10, 'max_edges': 75}
{'event': 'epoch_end', 'epoch': 10, 'early_stop_metric': 'val_composite', 'val_score': 0.9024529508557795, 'val_auc': 0.9513060758292362, 'val_ap': 0.8903249721357376, 'val_ndcg': 0.9851200212041974, 'val_mrr': 0.882987131580408, 'val_hits@1': 0.86, 'val_hits@10': 0.9066666666666666, 'val_hits@50': 0.92, 'val_hits@100': 0.92, 'elapsed_sec': 458.6126905865967}
{'event': 'epoch_start', 'epoch': 11, 'epochs': 24, 'batches': 195, 'time_groups': 178}
{'event': 'train_time_group', 'epoch': 11, 'time_group': 1, 'time_groups': 178, 'batch': 0, 'batches': 195, 'time_value': 0.0, 'group_batches': 1, 'history_edges': 0, 'elapsed_sec': 0.053921837359666824, 'cuda_allocated_mb': 91, 'cuda_reserved_mb': 6562, 'cuda_max_allocated_mb': 6387}
{'event': 'train_progress', 'epoch': 11, 'batch': 1, 'batches': 195, 'time_group': 1, 'time_groups': 178, 'history_edges': 0, 'pos_edges': 942, 'neg_edges': 942, 'loss_recent': 160.85391235351562, 'elapsed_sec': 1.0600202344357967, 'avg_sec_per_batch': 1.0600202344357967, 'cuda_allocated_mb': 135, 'cuda_reserved_mb': 6562, 'cuda_max_allocated_mb': 6387}
{'event': 'train_progress', 'epoch': 11, 'batch': 100, 'batches': 195, 'time_group': 100, 'time_groups': 178, 'history_edges': 64610, 'pos_edges': 1538, 'neg_edges': 1538, 'loss_recent': 20.798101387023927, 'elapsed_sec': 79.07922299578786, 'avg_sec_per_batch': 0.7907922299578786, 'cuda_allocated_mb': 155, 'cuda_reserved_mb': 6562, 'cuda_max_allocated_mb': 6387}
{'event': 'train_progress', 'epoch': 11, 'batch': 151, 'batches': 195, 'time_group': 151, 'time_groups': 178, 'history_edges': 188944, 'pos_edges': 3386, 'neg_edges': 3386, 'loss_recent': 52.95179229736328, 'elapsed_sec': 201.16015619784594, 'avg_sec_per_batch': 1.332186464886397, 'cuda_allocated_mb': 219, 'cuda_reserved_mb': 6562, 'cuda_max_allocated_mb': 6387}
{'event': 'train_time_group', 'epoch': 11, 'time_group': 178, 'time_groups': 178, 'batch': 193, 'batches': 195, 'time_value': 177.0, 'group_batches': 2, 'history_edges': 315692, 'elapsed_sec': 309.29154942557216, 'cuda_allocated_mb': 91, 'cuda_reserved_mb': 6562, 'cuda_max_allocated_mb': 6387}
{'event': 'train_progress', 'epoch': 11, 'batch': 195, 'batches': 195, 'time_group': 178, 'time_groups': 178, 'history_edges': 315692, 'pos_edges': 3292, 'neg_edges': 3292, 'loss_recent': 88.01625240445136, 'elapsed_sec': 312.8482293970883, 'avg_sec_per_batch': 1.6043498943440424, 'cuda_allocated_mb': 220, 'cuda_reserved_mb': 6562, 'cuda_max_allocated_mb': 6387}
{'event': 'validation_start', 'epoch': 11}
{'event': 'validation_ranking_start', 'epoch': 11, 'max_edges': 75}
{'event': 'epoch_end', 'epoch': 11, 'early_stop_metric': 'val_composite', 'val_score': 0.9035427034453848, 'val_auc': 0.9515511305138227, 'val_ap': 0.889357333147356, 'val_ndcg': 0.985049179680401, 'val_mrr': 0.882779924625767, 'val_hits@1': 0.86, 'val_hits@10': 0.9133333333333333, 'val_hits@50': 0.92, 'val_hits@100': 0.92, 'elapsed_sec': 481.4422113932669}
{'event': 'epoch_start', 'epoch': 12, 'epochs': 24, 'batches': 195, 'time_groups': 178}
{'event': 'train_time_group', 'epoch': 12, 'time_group': 1, 'time_groups': 178, 'batch': 0, 'batches': 195, 'time_value': 0.0, 'group_batches': 1, 'history_edges': 0, 'elapsed_sec': 0.057782772928476334, 'cuda_allocated_mb': 91, 'cuda_reserved_mb': 6562, 'cuda_max_allocated_mb': 6387}
{'event': 'train_progress', 'epoch': 12, 'batch': 1, 'batches': 195, 'time_group': 1, 'time_groups': 178, 'history_edges': 0, 'pos_edges': 942, 'neg_edges': 942, 'loss_recent': 174.7176513671875, 'elapsed_sec': 1.0273316241800785, 'avg_sec_per_batch': 1.0273316241800785, 'cuda_allocated_mb': 135, 'cuda_reserved_mb': 6562, 'cuda_max_allocated_mb': 6387}
{'event': 'train_progress', 'epoch': 12, 'batch': 100, 'batches': 195, 'time_group': 100, 'time_groups': 178, 'history_edges': 64610, 'pos_edges': 1538, 'neg_edges': 1538, 'loss_recent': 20.79983589172363, 'elapsed_sec': 79.98971464857459, 'avg_sec_per_batch': 0.799897146485746, 'cuda_allocated_mb': 156, 'cuda_reserved_mb': 6562, 'cuda_max_allocated_mb': 6387}
{'event': 'train_progress', 'epoch': 12, 'batch': 151, 'batches': 195, 'time_group': 151, 'time_groups': 178, 'history_edges': 188944, 'pos_edges': 3386, 'neg_edges': 3386, 'loss_recent': 52.73031394004822, 'elapsed_sec': 201.16893845051527, 'avg_sec_per_batch': 1.332244625500101, 'cuda_allocated_mb': 219, 'cuda_reserved_mb': 6562, 'cuda_max_allocated_mb': 6387}
{'event': 'train_time_group', 'epoch': 12, 'time_group': 178, 'time_groups': 178, 'batch': 193, 'batches': 195, 'time_value': 177.0, 'group_batches': 2, 'history_edges': 315692, 'elapsed_sec': 314.0652709491551, 'cuda_allocated_mb': 91, 'cuda_reserved_mb': 6562, 'cuda_max_allocated_mb': 6387}
{'event': 'train_progress', 'epoch': 12, 'batch': 195, 'batches': 195, 'time_group': 178, 'time_groups': 178, 'history_edges': 315692, 'pos_edges': 3292, 'neg_edges': 3292, 'loss_recent': 87.94842679977417, 'elapsed_sec': 317.9086173027754, 'avg_sec_per_batch': 1.6303006015526942, 'cuda_allocated_mb': 220, 'cuda_reserved_mb': 6562, 'cuda_max_allocated_mb': 6387}
{'event': 'validation_start', 'epoch': 12}
{'event': 'validation_ranking_start', 'epoch': 12, 'max_edges': 75}
{'event': 'epoch_end', 'epoch': 12, 'early_stop_metric': 'val_composite', 'val_score': 0.9086747298889031, 'val_auc': 0.9528895383774088, 'val_ap': 0.891319323799796, 'val_ndcg': 0.9853524921688043, 'val_mrr': 0.8922608770330324, 'val_hits@1': 0.8733333333333333, 'val_hits@10': 0.9133333333333333, 'val_hits@50': 0.9133333333333333, 'val_hits@100': 0.9133333333333333, 'elapsed_sec': 477.04560144245625}
{'event': 'epoch_start', 'epoch': 13, 'epochs': 24, 'batches': 195, 'time_groups': 178}
{'event': 'train_time_group', 'epoch': 13, 'time_group': 1, 'time_groups': 178, 'batch': 0, 'batches': 195, 'time_value': 0.0, 'group_batches': 1, 'history_edges': 0, 'elapsed_sec': 0.2270200103521347, 'cuda_allocated_mb': 91, 'cuda_reserved_mb': 6562, 'cuda_max_allocated_mb': 6387}
{'event': 'train_progress', 'epoch': 13, 'batch': 1, 'batches': 195, 'time_group': 1, 'time_groups': 178, 'history_edges': 0, 'pos_edges': 942, 'neg_edges': 942, 'loss_recent': 186.59005737304688, 'elapsed_sec': 1.2166355587542057, 'avg_sec_per_batch': 1.2166355587542057, 'cuda_allocated_mb': 135, 'cuda_reserved_mb': 6562, 'cuda_max_allocated_mb': 6387}
{'event': 'train_progress', 'epoch': 13, 'batch': 100, 'batches': 195, 'time_group': 100, 'time_groups': 178, 'history_edges': 64610, 'pos_edges': 1538, 'neg_edges': 1538, 'loss_recent': 20.90938980102539, 'elapsed_sec': 80.24668590351939, 'avg_sec_per_batch': 0.8024668590351939, 'cuda_allocated_mb': 154, 'cuda_reserved_mb': 6562, 'cuda_max_allocated_mb': 6387}
{'event': 'train_progress', 'epoch': 13, 'batch': 151, 'batches': 195, 'time_group': 151, 'time_groups': 178, 'history_edges': 188944, 'pos_edges': 3386, 'neg_edges': 3386, 'loss_recent': 52.779422206878664, 'elapsed_sec': 202.36183694005013, 'avg_sec_per_batch': 1.3401446154970207, 'cuda_allocated_mb': 219, 'cuda_reserved_mb': 6562, 'cuda_max_allocated_mb': 6387}
{'event': 'train_time_group', 'epoch': 13, 'time_group': 178, 'time_groups': 178, 'batch': 193, 'batches': 195, 'time_value': 177.0, 'group_batches': 2, 'history_edges': 315692, 'elapsed_sec': 316.0752212256193, 'cuda_allocated_mb': 91, 'cuda_reserved_mb': 6562, 'cuda_max_allocated_mb': 6387}
{'event': 'train_progress', 'epoch': 13, 'batch': 195, 'batches': 195, 'time_group': 178, 'time_groups': 178, 'history_edges': 315692, 'pos_edges': 3292, 'neg_edges': 3292, 'loss_recent': 87.8908492219448, 'elapsed_sec': 321.1877537891269, 'avg_sec_per_batch': 1.6471166860980866, 'cuda_allocated_mb': 220, 'cuda_reserved_mb': 6562, 'cuda_max_allocated_mb': 6387}
{'event': 'validation_start', 'epoch': 13}
{'event': 'validation_ranking_start', 'epoch': 13, 'max_edges': 75}
{'event': 'epoch_end', 'epoch': 13, 'early_stop_metric': 'val_composite', 'val_score': 0.9087356809830209, 'val_auc': 0.9543848707136706, 'val_ap': 0.8945117735828263, 'val_ndcg': 0.9858197021747938, 'val_mrr': 0.8911820690515349, 'val_hits@1': 0.8733333333333333, 'val_hits@10': 0.9133333333333333, 'val_hits@50': 0.9133333333333333, 'val_hits@100': 0.9133333333333333, 'elapsed_sec': 500.9051890037954}
{'event': 'epoch_start', 'epoch': 14, 'epochs': 24, 'batches': 195, 'time_groups': 178}
{'event': 'train_time_group', 'epoch': 14, 'time_group': 1, 'time_groups': 178, 'batch': 0, 'batches': 195, 'time_value': 0.0, 'group_batches': 1, 'history_edges': 0, 'elapsed_sec': 0.05626139044761658, 'cuda_allocated_mb': 91, 'cuda_reserved_mb': 6562, 'cuda_max_allocated_mb': 6387}
{'event': 'train_progress', 'epoch': 14, 'batch': 1, 'batches': 195, 'time_group': 1, 'time_groups': 178, 'history_edges': 0, 'pos_edges': 942, 'neg_edges': 942, 'loss_recent': 196.67579650878906, 'elapsed_sec': 1.0085902214050293, 'avg_sec_per_batch': 1.0085902214050293, 'cuda_allocated_mb': 135, 'cuda_reserved_mb': 6562, 'cuda_max_allocated_mb': 6387}
{'event': 'train_progress', 'epoch': 14, 'batch': 100, 'batches': 195, 'time_group': 100, 'time_groups': 178, 'history_edges': 64610, 'pos_edges': 1538, 'neg_edges': 1538, 'loss_recent': 20.94875126838684, 'elapsed_sec': 80.38321216031909, 'avg_sec_per_batch': 0.803832121603191, 'cuda_allocated_mb': 155, 'cuda_reserved_mb': 6562, 'cuda_max_allocated_mb': 6387}
{'event': 'train_progress', 'epoch': 14, 'batch': 149, 'batches': 195, 'time_group': 149, 'time_groups': 178, 'history_edges': 182428, 'pos_edges': 3250, 'neg_edges': 3250, 'loss_recent': 50.7256848526001, 'elapsed_sec': 202.15071515738964, 'avg_sec_per_batch': 1.3567162091099976, 'cuda_allocated_mb': 217, 'cuda_reserved_mb': 6562, 'cuda_max_allocated_mb': 6387}
{'event': 'train_progress', 'epoch': 14, 'batch': 193, 'batches': 195, 'time_group': 177, 'time_groups': 178, 'history_edges': 308632, 'pos_edges': 2964, 'neg_edges': 2964, 'loss_recent': 85.71543656468391, 'elapsed_sec': 323.67096231132746, 'avg_sec_per_batch': 1.6770516181934065, 'cuda_allocated_mb': 220, 'cuda_reserved_mb': 6562, 'cuda_max_allocated_mb': 6387}
{'event': 'train_time_group', 'epoch': 14, 'time_group': 178, 'time_groups': 178, 'batch': 193, 'batches': 195, 'time_value': 177.0, 'group_batches': 2, 'history_edges': 315692, 'elapsed_sec': 323.88246381282806, 'cuda_allocated_mb': 91, 'cuda_reserved_mb': 6562, 'cuda_max_allocated_mb': 6387}
{'event': 'train_progress', 'epoch': 14, 'batch': 195, 'batches': 195, 'time_group': 178, 'time_groups': 178, 'history_edges': 315692, 'pos_edges': 3292, 'neg_edges': 3292, 'loss_recent': 87.62397835850716, 'elapsed_sec': 330.3889453038573, 'avg_sec_per_batch': 1.6943022836095247, 'cuda_allocated_mb': 220, 'cuda_reserved_mb': 6562, 'cuda_max_allocated_mb': 6387}
{'event': 'validation_start', 'epoch': 14}
{'event': 'validation_ranking_start', 'epoch': 14, 'max_edges': 75}
{'event': 'epoch_end', 'epoch': 14, 'early_stop_metric': 'val_composite', 'val_score': 0.9054172828979223, 'val_auc': 0.9532125575907906, 'val_ap': 0.888046611324758, 'val_ndcg': 0.9850192411040456, 'val_mrr': 0.8867621450851956, 'val_hits@1': 0.8666666666666667, 'val_hits@10': 0.9133333333333333, 'val_hits@50': 0.9133333333333333, 'val_hits@100': 0.9133333333333333, 'elapsed_sec': 492.0898994393647}
{'event': 'epoch_start', 'epoch': 15, 'epochs': 24, 'batches': 195, 'time_groups': 178}
{'event': 'train_time_group', 'epoch': 15, 'time_group': 1, 'time_groups': 178, 'batch': 0, 'batches': 195, 'time_value': 0.0, 'group_batches': 1, 'history_edges': 0, 'elapsed_sec': 0.057375211268663406, 'cuda_allocated_mb': 91, 'cuda_reserved_mb': 6562, 'cuda_max_allocated_mb': 6387}
{'event': 'train_progress', 'epoch': 15, 'batch': 1, 'batches': 195, 'time_group': 1, 'time_groups': 178, 'history_edges': 0, 'pos_edges': 942, 'neg_edges': 942, 'loss_recent': 211.69631958007812, 'elapsed_sec': 0.5887730680406094, 'avg_sec_per_batch': 0.5887730680406094, 'cuda_allocated_mb': 136, 'cuda_reserved_mb': 6562, 'cuda_max_allocated_mb': 6387}
{'event': 'train_progress', 'epoch': 15, 'batch': 100, 'batches': 195, 'time_group': 100, 'time_groups': 178, 'history_edges': 64610, 'pos_edges': 1538, 'neg_edges': 1538, 'loss_recent': 21.031623554229736, 'elapsed_sec': 72.59167362377048, 'avg_sec_per_batch': 0.7259167362377048, 'cuda_allocated_mb': 156, 'cuda_reserved_mb': 6562, 'cuda_max_allocated_mb': 6387}
{'event': 'train_progress', 'epoch': 15, 'batch': 153, 'batches': 195, 'time_group': 153, 'time_groups': 178, 'history_edges': 195742, 'pos_edges': 3424, 'neg_edges': 3424, 'loss_recent': 54.34410256385803, 'elapsed_sec': 195.93901259079576, 'avg_sec_per_batch': 1.280647141116312, 'cuda_allocated_mb': 219, 'cuda_reserved_mb': 6562, 'cuda_max_allocated_mb': 6387}
{'event': 'train_time_group', 'epoch': 15, 'time_group': 178, 'time_groups': 178, 'batch': 193, 'batches': 195, 'time_value': 177.0, 'group_batches': 2, 'history_edges': 315692, 'elapsed_sec': 299.9017410837114, 'cuda_allocated_mb': 91, 'cuda_reserved_mb': 6562, 'cuda_max_allocated_mb': 6387}
{'event': 'train_progress', 'epoch': 15, 'batch': 195, 'batches': 195, 'time_group': 178, 'time_groups': 178, 'history_edges': 315692, 'pos_edges': 3292, 'neg_edges': 3292, 'loss_recent': 87.49769126653672, 'elapsed_sec': 306.03740456700325, 'avg_sec_per_batch': 1.5694225875230936, 'cuda_allocated_mb': 220, 'cuda_reserved_mb': 6562, 'cuda_max_allocated_mb': 6387}
{'event': 'validation_start', 'epoch': 15}
{'event': 'validation_ranking_start', 'epoch': 15, 'max_edges': 75}
{'event': 'epoch_end', 'epoch': 15, 'early_stop_metric': 'val_composite', 'val_score': 0.9116641078742276, 'val_auc': 0.956909853631768, 'val_ap': 0.8980541265167279, 'val_ndcg': 0.986380595621651, 'val_mrr': 0.8956115399725965, 'val_hits@1': 0.88, 'val_hits@10': 0.9133333333333333, 'val_hits@50': 0.9133333333333333, 'val_hits@100': 0.9133333333333333, 'elapsed_sec': 480.36097100004554}
{'event': 'epoch_start', 'epoch': 16, 'epochs': 24, 'batches': 195, 'time_groups': 178}
{'event': 'train_time_group', 'epoch': 16, 'time_group': 1, 'time_groups': 178, 'batch': 0, 'batches': 195, 'time_value': 0.0, 'group_batches': 1, 'history_edges': 0, 'elapsed_sec': 0.057971976697444916, 'cuda_allocated_mb': 91, 'cuda_reserved_mb': 6562, 'cuda_max_allocated_mb': 6387}
{'event': 'train_progress', 'epoch': 16, 'batch': 1, 'batches': 195, 'time_group': 1, 'time_groups': 178, 'history_edges': 0, 'pos_edges': 942, 'neg_edges': 942, 'loss_recent': 227.80886840820312, 'elapsed_sec': 0.6093015484511852, 'avg_sec_per_batch': 0.6093015484511852, 'cuda_allocated_mb': 136, 'cuda_reserved_mb': 6562, 'cuda_max_allocated_mb': 6387}
{'event': 'train_progress', 'epoch': 16, 'batch': 100, 'batches': 195, 'time_group': 100, 'time_groups': 178, 'history_edges': 64610, 'pos_edges': 1538, 'neg_edges': 1538, 'loss_recent': 21.217984161376954, 'elapsed_sec': 67.31261770427227, 'avg_sec_per_batch': 0.6731261770427227, 'cuda_allocated_mb': 155, 'cuda_reserved_mb': 6562, 'cuda_max_allocated_mb': 6387}
{'event': 'train_progress', 'epoch': 16, 'batch': 154, 'batches': 195, 'time_group': 154, 'time_groups': 178, 'history_edges': 199166, 'pos_edges': 3524, 'neg_edges': 3524, 'loss_recent': 55.36508214950562, 'elapsed_sec': 189.4160556420684, 'avg_sec_per_batch': 1.2299743872861584, 'cuda_allocated_mb': 220, 'cuda_reserved_mb': 6562, 'cuda_max_allocated_mb': 6387}
{'event': 'train_time_group', 'epoch': 16, 'time_group': 178, 'time_groups': 178, 'batch': 193, 'batches': 195, 'time_value': 177.0, 'group_batches': 2, 'history_edges': 315692, 'elapsed_sec': 288.2692648842931, 'cuda_allocated_mb': 91, 'cuda_reserved_mb': 6562, 'cuda_max_allocated_mb': 6387}
{'event': 'train_progress', 'epoch': 16, 'batch': 195, 'batches': 195, 'time_group': 178, 'time_groups': 178, 'history_edges': 315692, 'pos_edges': 3292, 'neg_edges': 3292, 'loss_recent': 87.5552077293396, 'elapsed_sec': 294.2308248691261, 'avg_sec_per_batch': 1.5088760249698774, 'cuda_allocated_mb': 220, 'cuda_reserved_mb': 6562, 'cuda_max_allocated_mb': 6387}
{'event': 'validation_start', 'epoch': 16}
{'event': 'validation_ranking_start', 'epoch': 16, 'max_edges': 75}
{'event': 'epoch_end', 'epoch': 16, 'early_stop_metric': 'val_composite', 'val_score': 0.9131299372738406, 'val_auc': 0.9583333195372754, 'val_ap': 0.8997687686259093, 'val_ndcg': 0.9866401203149433, 'val_mrr': 0.8978345546098592, 'val_hits@1': 0.8866666666666667, 'val_hits@10': 0.9133333333333333, 'val_hits@50': 0.9133333333333333, 'val_hits@100': 0.9133333333333333, 'elapsed_sec': 466.4059736318886}
{'event': 'epoch_start', 'epoch': 17, 'epochs': 24, 'batches': 195, 'time_groups': 178}
{'event': 'train_time_group', 'epoch': 17, 'time_group': 1, 'time_groups': 178, 'batch': 0, 'batches': 195, 'time_value': 0.0, 'group_batches': 1, 'history_edges': 0, 'elapsed_sec': 0.056787461042404175, 'cuda_allocated_mb': 91, 'cuda_reserved_mb': 6562, 'cuda_max_allocated_mb': 6387}
{'event': 'train_progress', 'epoch': 17, 'batch': 1, 'batches': 195, 'time_group': 1, 'time_groups': 178, 'history_edges': 0, 'pos_edges': 942, 'neg_edges': 942, 'loss_recent': 238.55650329589844, 'elapsed_sec': 0.6067173145711422, 'avg_sec_per_batch': 0.6067173145711422, 'cuda_allocated_mb': 134, 'cuda_reserved_mb': 6562, 'cuda_max_allocated_mb': 6387}
{'event': 'train_progress', 'epoch': 17, 'batch': 100, 'batches': 195, 'time_group': 100, 'time_groups': 178, 'history_edges': 64610, 'pos_edges': 1538, 'neg_edges': 1538, 'loss_recent': 21.31163727760315, 'elapsed_sec': 61.51242080703378, 'avg_sec_per_batch': 0.6151242080703377, 'cuda_allocated_mb': 154, 'cuda_reserved_mb': 6562, 'cuda_max_allocated_mb': 6387}
{'event': 'train_progress', 'epoch': 17, 'batch': 153, 'batches': 195, 'time_group': 153, 'time_groups': 178, 'history_edges': 195742, 'pos_edges': 3424, 'neg_edges': 3424, 'loss_recent': 54.39951681137085, 'elapsed_sec': 182.13780264556408, 'avg_sec_per_batch': 1.1904431545461704, 'cuda_allocated_mb': 219, 'cuda_reserved_mb': 6562, 'cuda_max_allocated_mb': 6387}
{'event': 'train_time_group', 'epoch': 17, 'time_group': 178, 'time_groups': 178, 'batch': 193, 'batches': 195, 'time_value': 177.0, 'group_batches': 2, 'history_edges': 315692, 'elapsed_sec': 284.96132296696305, 'cuda_allocated_mb': 91, 'cuda_reserved_mb': 6562, 'cuda_max_allocated_mb': 6387}
{'event': 'train_progress', 'epoch': 17, 'batch': 195, 'batches': 195, 'time_group': 178, 'time_groups': 178, 'history_edges': 315692, 'pos_edges': 3292, 'neg_edges': 3292, 'loss_recent': 87.48884968757629, 'elapsed_sec': 290.40754395723343, 'avg_sec_per_batch': 1.4892694561909408, 'cuda_allocated_mb': 220, 'cuda_reserved_mb': 6562, 'cuda_max_allocated_mb': 6388}
{'event': 'validation_start', 'epoch': 17}
{'event': 'validation_ranking_start', 'epoch': 17, 'max_edges': 75}
{'event': 'epoch_end', 'epoch': 17, 'early_stop_metric': 'val_composite', 'val_score': 0.9117327310681594, 'val_auc': 0.9569700146540895, 'val_ap': 0.8984542870550463, 'val_ndcg': 0.986411754865519, 'val_mrr': 0.8956164902479589, 'val_hits@1': 0.88, 'val_hits@10': 0.9133333333333333, 'val_hits@50': 0.9133333333333333, 'val_hits@100': 0.9133333333333333, 'elapsed_sec': 476.40771913155913}
{'event': 'epoch_start', 'epoch': 18, 'epochs': 24, 'batches': 195, 'time_groups': 178}
{'event': 'train_time_group', 'epoch': 18, 'time_group': 1, 'time_groups': 178, 'batch': 0, 'batches': 195, 'time_value': 0.0, 'group_batches': 1, 'history_edges': 0, 'elapsed_sec': 0.22526518628001213, 'cuda_allocated_mb': 91, 'cuda_reserved_mb': 6562, 'cuda_max_allocated_mb': 6388}
{'event': 'train_progress', 'epoch': 18, 'batch': 1, 'batches': 195, 'time_group': 1, 'time_groups': 178, 'history_edges': 0, 'pos_edges': 942, 'neg_edges': 942, 'loss_recent': 253.73280334472656, 'elapsed_sec': 0.7737799547612667, 'avg_sec_per_batch': 0.7737799547612667, 'cuda_allocated_mb': 135, 'cuda_reserved_mb': 6562, 'cuda_max_allocated_mb': 6388}
{'event': 'train_progress', 'epoch': 18, 'batch': 100, 'batches': 195, 'time_group': 100, 'time_groups': 178, 'history_edges': 64610, 'pos_edges': 1538, 'neg_edges': 1538, 'loss_recent': 21.40330277442932, 'elapsed_sec': 56.93099359795451, 'avg_sec_per_batch': 0.5693099359795452, 'cuda_allocated_mb': 155, 'cuda_reserved_mb': 6562, 'cuda_max_allocated_mb': 6388}
{'event': 'train_progress', 'epoch': 18, 'batch': 153, 'batches': 195, 'time_group': 153, 'time_groups': 178, 'history_edges': 195742, 'pos_edges': 3424, 'neg_edges': 3424, 'loss_recent': 54.41222667694092, 'elapsed_sec': 177.0939143039286, 'avg_sec_per_batch': 1.1574765640779647, 'cuda_allocated_mb': 219, 'cuda_reserved_mb': 6562, 'cuda_max_allocated_mb': 6388}
{'event': 'train_time_group', 'epoch': 18, 'time_group': 178, 'time_groups': 178, 'batch': 193, 'batches': 195, 'time_value': 177.0, 'group_batches': 2, 'history_edges': 315692, 'elapsed_sec': 281.02074003219604, 'cuda_allocated_mb': 91, 'cuda_reserved_mb': 6562, 'cuda_max_allocated_mb': 6388}
{'event': 'train_progress', 'epoch': 18, 'batch': 195, 'batches': 195, 'time_group': 178, 'time_groups': 178, 'history_edges': 315692, 'pos_edges': 3292, 'neg_edges': 3292, 'loss_recent': 87.572270591259, 'elapsed_sec': 287.41593197733164, 'avg_sec_per_batch': 1.4739278562940084, 'cuda_allocated_mb': 220, 'cuda_reserved_mb': 6562, 'cuda_max_allocated_mb': 6388}
{'event': 'validation_start', 'epoch': 18}
{'event': 'validation_ranking_start', 'epoch': 18, 'max_edges': 75}
{'event': 'epoch_end', 'epoch': 18, 'early_stop_metric': 'val_composite', 'val_score': 0.9128638289115518, 'val_auc': 0.9575093909699727, 'val_ap': 0.8984250279106696, 'val_ndcg': 0.9864294843103051, 'val_mrr': 0.897829980157511, 'val_hits@1': 0.8866666666666667, 'val_hits@10': 0.9133333333333333, 'val_hits@50': 0.9133333333333333, 'val_hits@100': 0.9133333333333333, 'elapsed_sec': 471.81753604114056}
{'event': 'epoch_start', 'epoch': 19, 'epochs': 24, 'batches': 195, 'time_groups': 178}
{'event': 'train_time_group', 'epoch': 19, 'time_group': 1, 'time_groups': 178, 'batch': 0, 'batches': 195, 'time_value': 0.0, 'group_batches': 1, 'history_edges': 0, 'elapsed_sec': 0.06115688756108284, 'cuda_allocated_mb': 91, 'cuda_reserved_mb': 6562, 'cuda_max_allocated_mb': 6388}
{'event': 'train_progress', 'epoch': 19, 'batch': 1, 'batches': 195, 'time_group': 1, 'time_groups': 178, 'history_edges': 0, 'pos_edges': 942, 'neg_edges': 942, 'loss_recent': 263.65338134765625, 'elapsed_sec': 0.6574333123862743, 'avg_sec_per_batch': 0.6574333123862743, 'cuda_allocated_mb': 135, 'cuda_reserved_mb': 6562, 'cuda_max_allocated_mb': 6388}
{'event': 'train_progress', 'epoch': 19, 'batch': 100, 'batches': 195, 'time_group': 100, 'time_groups': 178, 'history_edges': 64610, 'pos_edges': 1538, 'neg_edges': 1538, 'loss_recent': 21.525133590698243, 'elapsed_sec': 53.87986300513148, 'avg_sec_per_batch': 0.5387986300513148, 'cuda_allocated_mb': 154, 'cuda_reserved_mb': 6562, 'cuda_max_allocated_mb': 6388}
{'event': 'train_progress', 'epoch': 19, 'batch': 153, 'batches': 195, 'time_group': 153, 'time_groups': 178, 'history_edges': 195742, 'pos_edges': 3424, 'neg_edges': 3424, 'loss_recent': 54.35254839897156, 'elapsed_sec': 175.09367114305496, 'avg_sec_per_batch': 1.1444030793663722, 'cuda_allocated_mb': 220, 'cuda_reserved_mb': 6562, 'cuda_max_allocated_mb': 6388}
{'event': 'train_time_group', 'epoch': 19, 'time_group': 178, 'time_groups': 178, 'batch': 193, 'batches': 195, 'time_value': 177.0, 'group_batches': 2, 'history_edges': 315692, 'elapsed_sec': 278.21769408881664, 'cuda_allocated_mb': 91, 'cuda_reserved_mb': 6562, 'cuda_max_allocated_mb': 6388}
{'event': 'train_progress', 'epoch': 19, 'batch': 195, 'batches': 195, 'time_group': 178, 'time_groups': 178, 'history_edges': 315692, 'pos_edges': 3292, 'neg_edges': 3292, 'loss_recent': 87.37913038611413, 'elapsed_sec': 284.82405006513, 'avg_sec_per_batch': 1.4606361541801538, 'cuda_allocated_mb': 220, 'cuda_reserved_mb': 6562, 'cuda_max_allocated_mb': 6388}
{'event': 'validation_start', 'epoch': 19}
{'event': 'validation_ranking_start', 'epoch': 19, 'max_edges': 75}
{'event': 'epoch_end', 'epoch': 19, 'early_stop_metric': 'val_composite', 'val_score': 0.9159059034201588, 'val_auc': 0.9580398020893374, 'val_ap': 0.8998432241343259, 'val_ndcg': 0.9866234392938611, 'val_mrr': 0.9033968381989804, 'val_hits@1': 0.8933333333333333, 'val_hits@10': 0.9133333333333333, 'val_hits@50': 0.9133333333333333, 'val_hits@100': 0.9133333333333333, 'elapsed_sec': 461.04058719053864}
{'event': 'epoch_start', 'epoch': 20, 'epochs': 24, 'batches': 195, 'time_groups': 178}
{'event': 'train_time_group', 'epoch': 20, 'time_group': 1, 'time_groups': 178, 'batch': 0, 'batches': 195, 'time_value': 0.0, 'group_batches': 1, 'history_edges': 0, 'elapsed_sec': 0.05454143136739731, 'cuda_allocated_mb': 91, 'cuda_reserved_mb': 6562, 'cuda_max_allocated_mb': 6388}
{'event': 'train_progress', 'epoch': 20, 'batch': 1, 'batches': 195, 'time_group': 1, 'time_groups': 178, 'history_edges': 0, 'pos_edges': 942, 'neg_edges': 942, 'loss_recent': 273.2628173828125, 'elapsed_sec': 0.5815690904855728, 'avg_sec_per_batch': 0.5815690904855728, 'cuda_allocated_mb': 135, 'cuda_reserved_mb': 6562, 'cuda_max_allocated_mb': 6388}
{'event': 'train_progress', 'epoch': 20, 'batch': 100, 'batches': 195, 'time_group': 100, 'time_groups': 178, 'history_edges': 64610, 'pos_edges': 1538, 'neg_edges': 1538, 'loss_recent': 21.625895795822142, 'elapsed_sec': 49.26530169695616, 'avg_sec_per_batch': 0.4926530169695616, 'cuda_allocated_mb': 154, 'cuda_reserved_mb': 6562, 'cuda_max_allocated_mb': 6388}
{'event': 'train_progress', 'epoch': 20, 'batch': 153, 'batches': 195, 'time_group': 153, 'time_groups': 178, 'history_edges': 195742, 'pos_edges': 3424, 'neg_edges': 3424, 'loss_recent': 54.239431095123294, 'elapsed_sec': 172.29310891404748, 'avg_sec_per_batch': 1.1260987510722058, 'cuda_allocated_mb': 219, 'cuda_reserved_mb': 6562, 'cuda_max_allocated_mb': 6388}
{'event': 'train_time_group', 'epoch': 20, 'time_group': 178, 'time_groups': 178, 'batch': 193, 'batches': 195, 'time_value': 177.0, 'group_batches': 2, 'history_edges': 315692, 'elapsed_sec': 272.9951200746, 'cuda_allocated_mb': 91, 'cuda_reserved_mb': 6562, 'cuda_max_allocated_mb': 6388}
{'event': 'train_progress', 'epoch': 20, 'batch': 195, 'batches': 195, 'time_group': 178, 'time_groups': 178, 'history_edges': 315692, 'pos_edges': 3292, 'neg_edges': 3292, 'loss_recent': 87.46345395207405, 'elapsed_sec': 279.5375683121383, 'avg_sec_per_batch': 1.433525991344299, 'cuda_allocated_mb': 220, 'cuda_reserved_mb': 6562, 'cuda_max_allocated_mb': 6388}
{'event': 'validation_start', 'epoch': 20}
{'event': 'validation_ranking_start', 'epoch': 20, 'max_edges': 75}
{'event': 'epoch_end', 'epoch': 20, 'early_stop_metric': 'val_composite', 'val_score': 0.9132700860931606, 'val_auc': 0.9570440512746967, 'val_ap': 0.8941638332353239, 'val_ndcg': 0.9858961129035356, 'val_mrr': 0.900074061174214, 'val_hits@1': 0.8866666666666667, 'val_hits@10': 0.9133333333333333, 'val_hits@50': 0.9133333333333333, 'val_hits@100': 0.9133333333333333, 'elapsed_sec': 459.3501670025289}
{'event': 'epoch_start', 'epoch': 21, 'epochs': 24, 'batches': 195, 'time_groups': 178}
{'event': 'train_time_group', 'epoch': 21, 'time_group': 1, 'time_groups': 178, 'batch': 0, 'batches': 195, 'time_value': 0.0, 'group_batches': 1, 'history_edges': 0, 'elapsed_sec': 0.0555122010409832, 'cuda_allocated_mb': 91, 'cuda_reserved_mb': 6562, 'cuda_max_allocated_mb': 6388}
{'event': 'train_progress', 'epoch': 21, 'batch': 1, 'batches': 195, 'time_group': 1, 'time_groups': 178, 'history_edges': 0, 'pos_edges': 942, 'neg_edges': 942, 'loss_recent': 276.8430480957031, 'elapsed_sec': 0.5837671235203743, 'avg_sec_per_batch': 0.5837671235203743, 'cuda_allocated_mb': 135, 'cuda_reserved_mb': 6562, 'cuda_max_allocated_mb': 6388}
{'event': 'train_progress', 'epoch': 21, 'batch': 100, 'batches': 195, 'time_group': 100, 'time_groups': 178, 'history_edges': 64610, 'pos_edges': 1538, 'neg_edges': 1538, 'loss_recent': 21.60977777481079, 'elapsed_sec': 47.013278093189, 'avg_sec_per_batch': 0.47013278093189004, 'cuda_allocated_mb': 153, 'cuda_reserved_mb': 6562, 'cuda_max_allocated_mb': 6388}
{'event': 'train_progress', 'epoch': 21, 'batch': 153, 'batches': 195, 'time_group': 153, 'time_groups': 178, 'history_edges': 195742, 'pos_edges': 3424, 'neg_edges': 3424, 'loss_recent': 54.235847339630126, 'elapsed_sec': 167.43436258658767, 'avg_sec_per_batch': 1.094342239128024, 'cuda_allocated_mb': 220, 'cuda_reserved_mb': 6562, 'cuda_max_allocated_mb': 6388}
{'event': 'train_time_group', 'epoch': 21, 'time_group': 178, 'time_groups': 178, 'batch': 193, 'batches': 195, 'time_value': 177.0, 'group_batches': 2, 'history_edges': 315692, 'elapsed_sec': 269.2811558060348, 'cuda_allocated_mb': 91, 'cuda_reserved_mb': 6562, 'cuda_max_allocated_mb': 6388}
{'event': 'train_progress', 'epoch': 21, 'batch': 195, 'batches': 195, 'time_group': 178, 'time_groups': 178, 'history_edges': 315692, 'pos_edges': 3292, 'neg_edges': 3292, 'loss_recent': 87.35239568829536, 'elapsed_sec': 276.02794156968594, 'avg_sec_per_batch': 1.415527905485569, 'cuda_allocated_mb': 220, 'cuda_reserved_mb': 6562, 'cuda_max_allocated_mb': 6391}
{'event': 'validation_start', 'epoch': 21}
{'event': 'validation_ranking_start', 'epoch': 21, 'max_edges': 75}
{'event': 'epoch_end', 'epoch': 21, 'early_stop_metric': 'val_composite', 'val_score': 0.9139524725245766, 'val_auc': 0.9610595449052485, 'val_ap': 0.9038915000202278, 'val_ndcg': 0.9872958717756107, 'val_mrr': 0.8978390328641043, 'val_hits@1': 0.8866666666666667, 'val_hits@10': 0.9133333333333333, 'val_hits@50': 0.9133333333333333, 'val_hits@100': 0.9133333333333333, 'elapsed_sec': 455.84258664771914}
{'event': 'epoch_start', 'epoch': 22, 'epochs': 24, 'batches': 195, 'time_groups': 178}
{'event': 'train_time_group', 'epoch': 22, 'time_group': 1, 'time_groups': 178, 'batch': 0, 'batches': 195, 'time_value': 0.0, 'group_batches': 1, 'history_edges': 0, 'elapsed_sec': 0.05798187851905823, 'cuda_allocated_mb': 91, 'cuda_reserved_mb': 6562, 'cuda_max_allocated_mb': 6391}
{'event': 'train_progress', 'epoch': 22, 'batch': 1, 'batches': 195, 'time_group': 1, 'time_groups': 178, 'history_edges': 0, 'pos_edges': 942, 'neg_edges': 942, 'loss_recent': 300.6573791503906, 'elapsed_sec': 0.627041157335043, 'avg_sec_per_batch': 0.627041157335043, 'cuda_allocated_mb': 136, 'cuda_reserved_mb': 6562, 'cuda_max_allocated_mb': 6391}
{'event': 'train_progress', 'epoch': 22, 'batch': 100, 'batches': 195, 'time_group': 100, 'time_groups': 178, 'history_edges': 64610, 'pos_edges': 1538, 'neg_edges': 1538, 'loss_recent': 21.8562656211853, 'elapsed_sec': 47.24113742262125, 'avg_sec_per_batch': 0.4724113742262125, 'cuda_allocated_mb': 155, 'cuda_reserved_mb': 6562, 'cuda_max_allocated_mb': 6391}
{'event': 'train_progress', 'epoch': 22, 'batch': 155, 'batches': 195, 'time_group': 155, 'time_groups': 178, 'history_edges': 202690, 'pos_edges': 3572, 'neg_edges': 3572, 'loss_recent': 56.11976775169373, 'elapsed_sec': 169.88034969568253, 'avg_sec_per_batch': 1.0960022561011775, 'cuda_allocated_mb': 220, 'cuda_reserved_mb': 6562, 'cuda_max_allocated_mb': 6391}
{'event': 'train_time_group', 'epoch': 22, 'time_group': 178, 'time_groups': 178, 'batch': 193, 'batches': 195, 'time_value': 177.0, 'group_batches': 2, 'history_edges': 315692, 'elapsed_sec': 266.57138722762465, 'cuda_allocated_mb': 91, 'cuda_reserved_mb': 6562, 'cuda_max_allocated_mb': 6391}
{'event': 'train_progress', 'epoch': 22, 'batch': 195, 'batches': 195, 'time_group': 178, 'time_groups': 178, 'history_edges': 315692, 'pos_edges': 3292, 'neg_edges': 3292, 'loss_recent': 87.24337322711945, 'elapsed_sec': 271.96609919145703, 'avg_sec_per_batch': 1.3946979445715746, 'cuda_allocated_mb': 220, 'cuda_reserved_mb': 6562, 'cuda_max_allocated_mb': 6391}
{'event': 'validation_start', 'epoch': 22}
{'event': 'validation_ranking_start', 'epoch': 22, 'max_edges': 75}
{'event': 'epoch_end', 'epoch': 22, 'early_stop_metric': 'val_composite', 'val_score': 0.9142917717397373, 'val_auc': 0.961896162489617, 'val_ap': 0.9056988002503752, 'val_ndcg': 0.9875615946838195, 'val_mrr': 0.8978386348853032, 'val_hits@1': 0.8866666666666667, 'val_hits@10': 0.9133333333333333, 'val_hits@50': 0.9133333333333333, 'val_hits@100': 0.9133333333333333, 'elapsed_sec': 451.330046761781}
{'event': 'epoch_start', 'epoch': 23, 'epochs': 24, 'batches': 195, 'time_groups': 178}
{'event': 'train_time_group', 'epoch': 23, 'time_group': 1, 'time_groups': 178, 'batch': 0, 'batches': 195, 'time_value': 0.0, 'group_batches': 1, 'history_edges': 0, 'elapsed_sec': 0.057444486767053604, 'cuda_allocated_mb': 91, 'cuda_reserved_mb': 6562, 'cuda_max_allocated_mb': 6391}
{'event': 'train_progress', 'epoch': 23, 'batch': 1, 'batches': 195, 'time_group': 1, 'time_groups': 178, 'history_edges': 0, 'pos_edges': 942, 'neg_edges': 942, 'loss_recent': 305.7037048339844, 'elapsed_sec': 0.7950620912015438, 'avg_sec_per_batch': 0.7950620912015438, 'cuda_allocated_mb': 135, 'cuda_reserved_mb': 6562, 'cuda_max_allocated_mb': 6391}
{'event': 'train_progress', 'epoch': 23, 'batch': 100, 'batches': 195, 'time_group': 100, 'time_groups': 178, 'history_edges': 64610, 'pos_edges': 1538, 'neg_edges': 1538, 'loss_recent': 21.898174314498903, 'elapsed_sec': 47.54746314138174, 'avg_sec_per_batch': 0.4754746314138174, 'cuda_allocated_mb': 153, 'cuda_reserved_mb': 6562, 'cuda_max_allocated_mb': 6391}
{'event': 'train_progress', 'epoch': 23, 'batch': 156, 'batches': 195, 'time_group': 156, 'time_groups': 178, 'history_edges': 206262, 'pos_edges': 3638, 'neg_edges': 3638, 'loss_recent': 57.15505031585693, 'elapsed_sec': 168.13686158135533, 'avg_sec_per_batch': 1.0778003947522778, 'cuda_allocated_mb': 220, 'cuda_reserved_mb': 6562, 'cuda_max_allocated_mb': 6391}
{'event': 'train_time_group', 'epoch': 23, 'time_group': 178, 'time_groups': 178, 'batch': 193, 'batches': 195, 'time_value': 177.0, 'group_batches': 2, 'history_edges': 315692, 'elapsed_sec': 265.30222702398896, 'cuda_allocated_mb': 91, 'cuda_reserved_mb': 6562, 'cuda_max_allocated_mb': 6391}
{'event': 'train_progress', 'epoch': 23, 'batch': 195, 'batches': 195, 'time_group': 178, 'time_groups': 178, 'history_edges': 315692, 'pos_edges': 3292, 'neg_edges': 3292, 'loss_recent': 87.27540656208993, 'elapsed_sec': 272.6061959005892, 'avg_sec_per_batch': 1.3979804917978935, 'cuda_allocated_mb': 220, 'cuda_reserved_mb': 6562, 'cuda_max_allocated_mb': 6391}
{'event': 'validation_start', 'epoch': 23}
{'event': 'validation_ranking_start', 'epoch': 23, 'max_edges': 75}
{'event': 'epoch_end', 'epoch': 23, 'early_stop_metric': 'val_composite', 'val_score': 0.9117000714985246, 'val_auc': 0.9595239311849244, 'val_ap': 0.9021102819159896, 'val_ndcg': 0.9870189903662246, 'val_mrr': 0.8967442005638484, 'val_hits@1': 0.8866666666666667, 'val_hits@10': 0.9066666666666666, 'val_hits@50': 0.9066666666666666, 'val_hits@100': 0.9066666666666666, 'elapsed_sec': 456.6155777387321}
{'event': 'epoch_start', 'epoch': 24, 'epochs': 24, 'batches': 195, 'time_groups': 178}
{'event': 'train_time_group', 'epoch': 24, 'time_group': 1, 'time_groups': 178, 'batch': 0, 'batches': 195, 'time_value': 0.0, 'group_batches': 1, 'history_edges': 0, 'elapsed_sec': 0.05563487857580185, 'cuda_allocated_mb': 91, 'cuda_reserved_mb': 6562, 'cuda_max_allocated_mb': 6391}
{'event': 'train_progress', 'epoch': 24, 'batch': 1, 'batches': 195, 'time_group': 1, 'time_groups': 178, 'history_edges': 0, 'pos_edges': 942, 'neg_edges': 942, 'loss_recent': 309.9597473144531, 'elapsed_sec': 0.5580906681716442, 'avg_sec_per_batch': 0.5580906681716442, 'cuda_allocated_mb': 134, 'cuda_reserved_mb': 6562, 'cuda_max_allocated_mb': 6391}
{'event': 'train_progress', 'epoch': 24, 'batch': 100, 'batches': 195, 'time_group': 100, 'time_groups': 178, 'history_edges': 64610, 'pos_edges': 1538, 'neg_edges': 1538, 'loss_recent': 21.922730770111084, 'elapsed_sec': 46.997753255069256, 'avg_sec_per_batch': 0.4699775325506926, 'cuda_allocated_mb': 155, 'cuda_reserved_mb': 6562, 'cuda_max_allocated_mb': 6391}
{'event': 'train_progress', 'epoch': 24, 'batch': 157, 'batches': 195, 'time_group': 157, 'time_groups': 178, 'history_edges': 209900, 'pos_edges': 3694, 'neg_edges': 3694, 'loss_recent': 58.089966459274294, 'elapsed_sec': 168.72434060275555, 'avg_sec_per_batch': 1.0746773286799716, 'cuda_allocated_mb': 220, 'cuda_reserved_mb': 6562, 'cuda_max_allocated_mb': 6391}
{'event': 'train_time_group', 'epoch': 24, 'time_group': 178, 'time_groups': 178, 'batch': 193, 'batches': 195, 'time_value': 177.0, 'group_batches': 2, 'history_edges': 315692, 'elapsed_sec': 259.10355818271637, 'cuda_allocated_mb': 91, 'cuda_reserved_mb': 6562, 'cuda_max_allocated_mb': 6391}
{'event': 'train_progress', 'epoch': 24, 'batch': 195, 'batches': 195, 'time_group': 178, 'time_groups': 178, 'history_edges': 315692, 'pos_edges': 3292, 'neg_edges': 3292, 'loss_recent': 87.12844671010971, 'elapsed_sec': 265.3511695638299, 'avg_sec_per_batch': 1.360775228532461, 'cuda_allocated_mb': 220, 'cuda_reserved_mb': 6562, 'cuda_max_allocated_mb': 6391}
{'event': 'validation_start', 'epoch': 24}
{'event': 'validation_ranking_start', 'epoch': 24, 'max_edges': 75}
{'event': 'epoch_end', 'epoch': 24, 'early_stop_metric': 'val_composite', 'val_score': 0.9126916997413387, 'val_auc': 0.960233238288946, 'val_ap': 0.903281647067792, 'val_ndcg': 0.9871751835409299, 'val_mrr': 0.8956072114919258, 'val_hits@1': 0.88, 'val_hits@10': 0.9133333333333333, 'val_hits@50': 0.9133333333333333, 'val_hits@100': 0.9133333333333333, 'elapsed_sec': 450.2575096078217}
{'dataset': 'tkgl-yago', 'method': 'ssptgfm', 'scenario': 'label_split', 'ablation': 'full', 'few_shot_ratio': 1.0, 'seed': 3, 'train_edges': 323080, 'val_edges': 39046, 'test_edges': 40052, 'params_trainable': 1698115, 'params_total': 1698164, 'rough_forward_flops': 14125910016, 'train_eval_time_sec': 11724.812018785626, 'allocated_mb': 44.76611328125, 'reserved_mb': 6562.0, 'max_allocated_mb': 6391.3427734375, 'val_auc': 0.9580398019581545, 'val_ap': 0.899843223721053, 'val_ndcg': 0.9866234392703729, 'val_mrr': 0.9033968381989804, 'val_hits@1': 0.8933333333333333, 'val_hits@10': 0.9133333333333333, 'val_hits@50': 0.9133333333333333, 'val_hits@100': 0.9133333333333333, 'train_loss': 54.69006765500093, 'train_lp': 0.0723572421962252, 'train_align': 10675.261363024589, 'train_kl': 12404.18849788568, 'train_ood_reg': 0.20705461693115723, 'train_meta': 0.07385370928447325, 'train_struct_aux': 0.40821822671554026, 'train_weighted_align': 53.3763057806553, 'train_weighted_kl': 1.2404188308673791, 'train_weighted_ood_reg': 0.00020705462681153456, 'train_weighted_meta': 0.0003692685378979741, 'train_weighted_struct_aux': 0.00040821824685479394, 'train_rank': 0.023926615902485373, 'train_weighted_rank': 2.392661678921006e-05, 'test_auc': 0.9610068498076738, 'test_ap': 0.9215442006166429, 'test_ndcg': 0.9889552535425048, 'test_mrr': 0.8823009021890542, 'test_hits@1': 0.87, 'test_hits@10': 0.8966666666666666, 'test_hits@50': 0.9066666666666666, 'test_hits@100': 0.9133333333333333}
