
$ /root/miniconda3/bin/python -u scripts/search_hparams.py --config configs/auto_target/ssptgfm_search_yago15k_temporal_relation_entity_prior_unified_probe.yaml --output results/auto_target_rep_yago_probe_v1/search_yago15k_temporal_relation_entity_prior_unified_probe --resume
runtime_device=cuda
cuda_device=Tesla V100-PCIE-32GB
{'event': 'candidate_seed_start', 'candidate': 'relation_entity_prior_unified_probe_h96_r12_a12_p4x4_l1_neg1_lr0p001_hp0_sr0_sa0_rep16s0p1_rl0p05_m1_hinge', 'seed': 1, 'device': 'cuda', 'node_text_device': 'cuda:0'}
{'event': 'train_seed_start', 'seed': 1, 'train_edges': 3244, 'val_edges': 6738, 'test_edges': 26719, 'num_nodes': 4197, 'num_relations': 19}
{'event': 'train_seed_tensors_ready', 'seed': 1, 'elapsed_sec': 0.03040183335542679, 'cuda_allocated_mb': 10, 'cuda_reserved_mb': 24, 'cuda_max_allocated_mb': 10}
{'event': 'train_known_facts_ready', 'seed': 1, 'scope': 'train', 'edges': 3244, 'elapsed_sec': 0.033035337924957275}
{'event': 'train_known_facts_ready', 'seed': 1, 'scope': 'train_val', 'edges': 9982, 'elapsed_sec': 0.03486486151814461}
{'event': 'train_sampler_ready', 'seed': 1, 'elapsed_sec': 0.040957819670438766}
{'event': 'val_sampler_ready', 'seed': 1, 'elapsed_sec': 0.04445573687553406}
{'event': 'epoch_start', 'epoch': 1, 'epochs': 1, 'batches': 118, 'time_groups': 118}
{'event': 'train_time_group', 'epoch': 1, 'time_group': 1, 'time_groups': 118, 'batch': 0, 'batches': 118, 'time_value': 600.0, 'group_batches': 1, 'history_edges': 0, 'elapsed_sec': 0.030954059213399887, 'cuda_allocated_mb': 10, 'cuda_reserved_mb': 24, 'cuda_max_allocated_mb': 10}
{'event': 'train_progress', 'epoch': 1, 'batch': 1, 'batches': 118, 'time_group': 1, 'time_groups': 118, 'history_edges': 0, 'pos_edges': 1, 'neg_edges': 1, 'loss_recent': 0.6796319484710693, 'elapsed_sec': 1.2474190443754196, 'avg_sec_per_batch': 1.2474190443754196, 'cuda_allocated_mb': 46, 'cuda_reserved_mb': 92, 'cuda_max_allocated_mb': 81}
{'event': 'train_progress', 'epoch': 1, 'batch': 100, 'batches': 118, 'time_group': 100, 'time_groups': 118, 'history_edges': 2144, 'pos_edges': 38, 'neg_edges': 38, 'loss_recent': 1.7848848846554757, 'elapsed_sec': 22.345633272081614, 'avg_sec_per_batch': 0.22345633272081614, 'cuda_allocated_mb': 48, 'cuda_reserved_mb': 204, 'cuda_max_allocated_mb': 172}
{'event': 'train_time_group', 'epoch': 1, 'time_group': 118, 'time_groups': 118, 'batch': 117, 'batches': 118, 'time_value': 1966.0, 'group_batches': 1, 'history_edges': 3153, 'elapsed_sec': 27.04962459951639, 'cuda_allocated_mb': 47, 'cuda_reserved_mb': 224, 'cuda_max_allocated_mb': 192}
{'event': 'train_progress', 'epoch': 1, 'batch': 118, 'batches': 118, 'time_group': 118, 'time_groups': 118, 'history_edges': 3153, 'pos_edges': 91, 'neg_edges': 91, 'loss_recent': 2.3708608976006507, 'elapsed_sec': 27.466451685875654, 'avg_sec_per_batch': 0.23276653971081063, 'cuda_allocated_mb': 50, 'cuda_reserved_mb': 224, 'cuda_max_allocated_mb': 195}
{'event': 'validation_start', 'epoch': 1}
{'event': 'validation_ranking_start', 'epoch': 1, 'max_edges': 5}
{'event': 'epoch_end', 'epoch': 1, 'early_stop_metric': 'val_composite', 'val_score': 0.12361822857403246, 'val_auc': 0.6072967529296875, 'val_ap': 0.2488956356424081, 'val_ndcg': 0.7735470532383563, 'val_mrr': 0.011351475797523927, 'val_hits@1': 0.0, 'val_hits@10': 0.0, 'val_hits@50': 0.2, 'val_hits@100': 0.3, 'elapsed_sec': 32.567242316901684}
{'candidate': 'relation_entity_prior_unified_probe_h96_r12_a12_p4x4_l1_neg1_lr0p001_hp0_sr0_sa0_rep16s0p1_rl0p05_m1_hinge', 'seed': 1, 'composite': nan, 'val_auc': 0.6072967529296875, 'val_ap': 0.2488956356424081, 'val_ndcg': 0.7735470532383563, 'val_mrr': 0.011351475797523927, 'val_hits@1': 0.0, 'val_hits@10': 0.0, 'val_hits@50': 0.2, 'val_hits@100': 0.3, 'train_loss': 2.1206629096956577, 'train_lp': 0.4710037710808091, 'train_align': 311.7693547111447, 'train_kl': 882.2763408078986, 'train_ood_reg': 0.21777053063703797, 'train_meta': 0.4733934922112247, 'train_struct_aux': 0.0, 'train_weighted_align': 1.5588467455374362, 'train_weighted_kl': 0.08822763171362674, 'train_weighted_ood_reg': 0.00021777054076911723, 'train_weighted_meta': 0.0023669674072584325, 'train_weighted_struct_aux': 0.0, 'train_rank': 0.48087971079778874, 'train_weighted_rank': 0.024043986103221206}
{'event': 'candidate_summary', 'candidate': 'relation_entity_prior_unified_probe_h96_r12_a12_p4x4_l1_neg1_lr0p001_hp0_sr0_sa0_rep16s0p1_rl0p05_m1_hinge', 'score': 0.12361822857403246, 'passes_metric_minima': True, 'means': {'val_auc': 0.6072967529296875, 'val_ap': 0.2488956356424081, 'val_mrr': 0.011351475797523927, 'val_hits@10': 0.0, 'val_ndcg': 0.7735470532383563}, 'seeds_completed': 1}
{'event': 'candidate_seed_start', 'candidate': 'relation_entity_prior_unified_probe_h96_r12_a12_p4x4_l1_neg1_lr0p001_hp0_sr0_sa0_rep16s0p3_rl0p05_m1_hinge', 'seed': 1, 'device': 'cuda', 'node_text_device': 'cuda:0'}
{'event': 'train_seed_start', 'seed': 1, 'train_edges': 3244, 'val_edges': 6738, 'test_edges': 26719, 'num_nodes': 4197, 'num_relations': 19}
{'event': 'train_seed_tensors_ready', 'seed': 1, 'elapsed_sec': 0.01522667333483696, 'cuda_allocated_mb': 26, 'cuda_reserved_mb': 44, 'cuda_max_allocated_mb': 195}
{'event': 'train_known_facts_ready', 'seed': 1, 'scope': 'train', 'edges': 3244, 'elapsed_sec': 0.017049238085746765}
{'event': 'train_known_facts_ready', 'seed': 1, 'scope': 'train_val', 'edges': 9982, 'elapsed_sec': 0.018512364476919174}
{'event': 'train_sampler_ready', 'seed': 1, 'elapsed_sec': 0.02265283465385437}
{'event': 'val_sampler_ready', 'seed': 1, 'elapsed_sec': 0.02647438272833824}
{'event': 'epoch_start', 'epoch': 1, 'epochs': 1, 'batches': 118, 'time_groups': 118}
{'event': 'train_time_group', 'epoch': 1, 'time_group': 1, 'time_groups': 118, 'batch': 0, 'batches': 118, 'time_value': 600.0, 'group_batches': 1, 'history_edges': 0, 'elapsed_sec': 0.005943417549133301, 'cuda_allocated_mb': 26, 'cuda_reserved_mb': 44, 'cuda_max_allocated_mb': 195}
{'event': 'train_progress', 'epoch': 1, 'batch': 1, 'batches': 118, 'time_group': 1, 'time_groups': 118, 'history_edges': 0, 'pos_edges': 1, 'neg_edges': 1, 'loss_recent': 0.6797036528587341, 'elapsed_sec': 0.18062863126397133, 'avg_sec_per_batch': 0.18062863126397133, 'cuda_allocated_mb': 46, 'cuda_reserved_mb': 92, 'cuda_max_allocated_mb': 195}
{'event': 'train_progress', 'epoch': 1, 'batch': 100, 'batches': 118, 'time_group': 100, 'time_groups': 118, 'history_edges': 2144, 'pos_edges': 38, 'neg_edges': 38, 'loss_recent': 1.7849829950928688, 'elapsed_sec': 21.736091911792755, 'avg_sec_per_batch': 0.21736091911792754, 'cuda_allocated_mb': 48, 'cuda_reserved_mb': 204, 'cuda_max_allocated_mb': 195}
{'event': 'train_time_group', 'epoch': 1, 'time_group': 118, 'time_groups': 118, 'batch': 117, 'batches': 118, 'time_value': 1966.0, 'group_batches': 1, 'history_edges': 3153, 'elapsed_sec': 26.45101249963045, 'cuda_allocated_mb': 47, 'cuda_reserved_mb': 224, 'cuda_max_allocated_mb': 195}
{'event': 'train_progress', 'epoch': 1, 'batch': 118, 'batches': 118, 'time_group': 118, 'time_groups': 118, 'history_edges': 3153, 'pos_edges': 91, 'neg_edges': 91, 'loss_recent': 2.370955194532871, 'elapsed_sec': 26.763230100274086, 'avg_sec_per_batch': 0.22680703474808547, 'cuda_allocated_mb': 50, 'cuda_reserved_mb': 224, 'cuda_max_allocated_mb': 195}
{'event': 'validation_start', 'epoch': 1}
{'event': 'validation_ranking_start', 'epoch': 1, 'max_edges': 5}
{'event': 'epoch_end', 'epoch': 1, 'early_stop_metric': 'val_composite', 'val_score': 0.12366631306618847, 'val_auc': 0.6076873779296875, 'val_ap': 0.24912658525416542, 'val_ndcg': 0.7736729285464958, 'val_mrr': 0.011361177385647523, 'val_hits@1': 0.0, 'val_hits@10': 0.0, 'val_hits@50': 0.2, 'val_hits@100': 0.3, 'elapsed_sec': 31.884193167090416}
{'candidate': 'relation_entity_prior_unified_probe_h96_r12_a12_p4x4_l1_neg1_lr0p001_hp0_sr0_sa0_rep16s0p3_rl0p05_m1_hinge', 'seed': 1, 'composite': nan, 'val_auc': 0.6076873779296875, 'val_ap': 0.24912658525416542, 'val_ndcg': 0.7736729285464958, 'val_mrr': 0.011361177385647523, 'val_hits@1': 0.0, 'val_hits@10': 0.0, 'val_hits@50': 0.2, 'val_hits@100': 0.3, 'train_loss': 2.12074945665012, 'train_lp': 0.471086061985816, 'train_align': 311.76423395488223, 'train_kl': 882.5731077032574, 'train_ood_reg': 0.21777247069245678, 'train_meta': 0.47343273984931283, 'train_struct_aux': 0.0, 'train_weighted_align': 1.5588211323908072, 'train_weighted_kl': 0.08825730857186777, 'train_weighted_ood_reg': 0.00021777248110669523, 'train_weighted_meta': 0.002367163650687563, 'train_weighted_struct_aux': 0.0, 'train_rank': 0.48093536439335954, 'train_weighted_rank': 0.024046768658790515}
{'event': 'candidate_summary', 'candidate': 'relation_entity_prior_unified_probe_h96_r12_a12_p4x4_l1_neg1_lr0p001_hp0_sr0_sa0_rep16s0p3_rl0p05_m1_hinge', 'score': 0.12366631306618847, 'passes_metric_minima': True, 'means': {'val_auc': 0.6076873779296875, 'val_ap': 0.24912658525416542, 'val_mrr': 0.011361177385647523, 'val_hits@10': 0.0, 'val_ndcg': 0.7736729285464958}, 'seeds_completed': 1}
{'event': 'candidate_seed_start', 'candidate': 'relation_entity_prior_unified_probe_h96_r12_a12_p4x4_l1_neg1_lr0p001_hp0_sr0_sa0_rep16s0p7_rl0p05_m1_hinge', 'seed': 1, 'device': 'cuda', 'node_text_device': 'cuda:0'}
{'event': 'train_seed_start', 'seed': 1, 'train_edges': 3244, 'val_edges': 6738, 'test_edges': 26719, 'num_nodes': 4197, 'num_relations': 19}
{'event': 'train_seed_tensors_ready', 'seed': 1, 'elapsed_sec': 0.020279627293348312, 'cuda_allocated_mb': 26, 'cuda_reserved_mb': 44, 'cuda_max_allocated_mb': 195}
{'event': 'train_known_facts_ready', 'seed': 1, 'scope': 'train', 'edges': 3244, 'elapsed_sec': 0.02189476042985916}
{'event': 'train_known_facts_ready', 'seed': 1, 'scope': 'train_val', 'edges': 9982, 'elapsed_sec': 0.02320878952741623}
{'event': 'train_sampler_ready', 'seed': 1, 'elapsed_sec': 0.02715882658958435}
{'event': 'val_sampler_ready', 'seed': 1, 'elapsed_sec': 0.03086729347705841}
{'event': 'epoch_start', 'epoch': 1, 'epochs': 1, 'batches': 118, 'time_groups': 118}
{'event': 'train_time_group', 'epoch': 1, 'time_group': 1, 'time_groups': 118, 'batch': 0, 'batches': 118, 'time_value': 600.0, 'group_batches': 1, 'history_edges': 0, 'elapsed_sec': 0.005794156342744827, 'cuda_allocated_mb': 26, 'cuda_reserved_mb': 44, 'cuda_max_allocated_mb': 195}
{'event': 'train_progress', 'epoch': 1, 'batch': 1, 'batches': 118, 'time_group': 1, 'time_groups': 118, 'history_edges': 0, 'pos_edges': 1, 'neg_edges': 1, 'loss_recent': 0.6798469424247742, 'elapsed_sec': 0.14299818500876427, 'avg_sec_per_batch': 0.14299818500876427, 'cuda_allocated_mb': 46, 'cuda_reserved_mb': 92, 'cuda_max_allocated_mb': 195}
{'event': 'train_progress', 'epoch': 1, 'batch': 100, 'batches': 118, 'time_group': 100, 'time_groups': 118, 'history_edges': 2144, 'pos_edges': 38, 'neg_edges': 38, 'loss_recent': 1.785001377761364, 'elapsed_sec': 17.687292207032442, 'avg_sec_per_batch': 0.17687292207032443, 'cuda_allocated_mb': 48, 'cuda_reserved_mb': 204, 'cuda_max_allocated_mb': 195}
{'event': 'train_time_group', 'epoch': 1, 'time_group': 118, 'time_groups': 118, 'batch': 117, 'batches': 118, 'time_value': 1966.0, 'group_batches': 1, 'history_edges': 3153, 'elapsed_sec': 20.984425850212574, 'cuda_allocated_mb': 47, 'cuda_reserved_mb': 224, 'cuda_max_allocated_mb': 195}
{'event': 'train_progress', 'epoch': 1, 'batch': 118, 'batches': 118, 'time_group': 118, 'time_groups': 118, 'history_edges': 3153, 'pos_edges': 91, 'neg_edges': 91, 'loss_recent': 2.3709220710396766, 'elapsed_sec': 21.204941626638174, 'avg_sec_per_batch': 0.17970289514100146, 'cuda_allocated_mb': 50, 'cuda_reserved_mb': 224, 'cuda_max_allocated_mb': 195}
{'event': 'validation_start', 'epoch': 1}
{'event': 'validation_ranking_start', 'epoch': 1, 'max_edges': 5}
{'event': 'epoch_end', 'epoch': 1, 'early_stop_metric': 'val_composite', 'val_score': 0.12366854042156981, 'val_auc': 0.6078155517578125, 'val_ap': 0.24917463514192006, 'val_ndcg': 0.7736785644323102, 'val_mrr': 0.011350941612114678, 'val_hits@1': 0.0, 'val_hits@10': 0.0, 'val_hits@50': 0.2, 'val_hits@100': 0.3, 'elapsed_sec': 24.84312802925706}
{'candidate': 'relation_entity_prior_unified_probe_h96_r12_a12_p4x4_l1_neg1_lr0p001_hp0_sr0_sa0_rep16s0p7_rl0p05_m1_hinge', 'seed': 1, 'composite': nan, 'val_auc': 0.6078155517578125, 'val_ap': 0.24917463514192006, 'val_ndcg': 0.7736785644323102, 'val_mrr': 0.011350941612114678, 'val_hits@1': 0.0, 'val_hits@10': 0.0, 'val_hits@50': 0.2, 'val_hits@100': 0.3, 'train_loss': 2.1207356268571593, 'train_lp': 0.47110107427431364, 'train_align': 311.7568012738632, 'train_kl': 882.6542999138267, 'train_ood_reg': 0.21777430467181286, 'train_meta': 0.4734730164252095, 'train_struct_aux': 0.0, 'train_weighted_align': 1.5587839744116923, 'train_weighted_kl': 0.08826542721856069, 'train_weighted_ood_reg': 0.00021777431440137137, 'train_weighted_meta': 0.002367365024283418, 'train_weighted_struct_aux': 0.0, 'train_rank': 0.4809957933059688, 'train_weighted_rank': 0.024049790076895665}
{'event': 'candidate_summary', 'candidate': 'relation_entity_prior_unified_probe_h96_r12_a12_p4x4_l1_neg1_lr0p001_hp0_sr0_sa0_rep16s0p7_rl0p05_m1_hinge', 'score': 0.12366854042156981, 'passes_metric_minima': True, 'means': {'val_auc': 0.6078155517578125, 'val_ap': 0.24917463514192006, 'val_mrr': 0.011350941612114678, 'val_hits@10': 0.0, 'val_ndcg': 0.7736785644323102}, 'seeds_completed': 1}
{'event': 'candidate_seed_start', 'candidate': 'relation_entity_prior_unified_probe_h96_r12_a12_p4x4_l1_neg1_lr0p001_hp0_sr0_sa0_rep32s0p1_rl0p05_m1_hinge', 'seed': 1, 'device': 'cuda', 'node_text_device': 'cuda:0'}
{'event': 'train_seed_start', 'seed': 1, 'train_edges': 3244, 'val_edges': 6738, 'test_edges': 26719, 'num_nodes': 4197, 'num_relations': 19}
{'event': 'train_seed_tensors_ready', 'seed': 1, 'elapsed_sec': 0.00831538438796997, 'cuda_allocated_mb': 26, 'cuda_reserved_mb': 44, 'cuda_max_allocated_mb': 195}
{'event': 'train_known_facts_ready', 'seed': 1, 'scope': 'train', 'edges': 3244, 'elapsed_sec': 0.009819567203521729}
{'event': 'train_known_facts_ready', 'seed': 1, 'scope': 'train_val', 'edges': 9982, 'elapsed_sec': 0.011077094823122025}
{'event': 'train_sampler_ready', 'seed': 1, 'elapsed_sec': 0.01500089094042778}
{'event': 'val_sampler_ready', 'seed': 1, 'elapsed_sec': 0.01881401240825653}
{'event': 'epoch_start', 'epoch': 1, 'epochs': 1, 'batches': 118, 'time_groups': 118}
{'event': 'train_time_group', 'epoch': 1, 'time_group': 1, 'time_groups': 118, 'batch': 0, 'batches': 118, 'time_value': 600.0, 'group_batches': 1, 'history_edges': 0, 'elapsed_sec': 0.005554094910621643, 'cuda_allocated_mb': 27, 'cuda_reserved_mb': 44, 'cuda_max_allocated_mb': 195}
{'event': 'train_progress', 'epoch': 1, 'batch': 1, 'batches': 118, 'time_group': 1, 'time_groups': 118, 'history_edges': 0, 'pos_edges': 1, 'neg_edges': 1, 'loss_recent': 0.6794726252555847, 'elapsed_sec': 0.1332579255104065, 'avg_sec_per_batch': 0.1332579255104065, 'cuda_allocated_mb': 48, 'cuda_reserved_mb': 94, 'cuda_max_allocated_mb': 195}
{'event': 'train_progress', 'epoch': 1, 'batch': 100, 'batches': 118, 'time_group': 100, 'time_groups': 118, 'history_edges': 2144, 'pos_edges': 38, 'neg_edges': 38, 'loss_recent': 1.7848858121037483, 'elapsed_sec': 17.64771681278944, 'avg_sec_per_batch': 0.1764771681278944, 'cuda_allocated_mb': 51, 'cuda_reserved_mb': 206, 'cuda_max_allocated_mb': 195}
{'event': 'train_time_group', 'epoch': 1, 'time_group': 118, 'time_groups': 118, 'batch': 117, 'batches': 118, 'time_value': 1966.0, 'group_batches': 1, 'history_edges': 3153, 'elapsed_sec': 21.040317330509424, 'cuda_allocated_mb': 49, 'cuda_reserved_mb': 226, 'cuda_max_allocated_mb': 195}
{'event': 'train_progress', 'epoch': 1, 'batch': 118, 'batches': 118, 'time_group': 118, 'time_groups': 118, 'history_edges': 3153, 'pos_edges': 91, 'neg_edges': 91, 'loss_recent': 2.3708896639943124, 'elapsed_sec': 21.251983802765608, 'avg_sec_per_batch': 0.180101557650556, 'cuda_allocated_mb': 52, 'cuda_reserved_mb': 226, 'cuda_max_allocated_mb': 197}
{'event': 'validation_start', 'epoch': 1}
{'event': 'validation_ranking_start', 'epoch': 1, 'max_edges': 5}
{'event': 'epoch_end', 'epoch': 1, 'early_stop_metric': 'val_composite', 'val_score': 0.12362088739618055, 'val_auc': 0.607330322265625, 'val_ap': 0.24889839529358143, 'val_ndcg': 0.7735510854763689, 'val_mrr': 0.011352681032748026, 'val_hits@1': 0.0, 'val_hits@10': 0.0, 'val_hits@50': 0.2, 'val_hits@100': 0.3, 'elapsed_sec': 24.90398070588708}
{'candidate': 'relation_entity_prior_unified_probe_h96_r12_a12_p4x4_l1_neg1_lr0p001_hp0_sr0_sa0_rep32s0p1_rl0p05_m1_hinge', 'seed': 1, 'composite': nan, 'val_auc': 0.607330322265625, 'val_ap': 0.24889839529358143, 'val_ndcg': 0.7735510854763689, 'val_mrr': 0.011352681032748026, 'val_hits@1': 0.0, 'val_hits@10': 0.0, 'val_hits@50': 0.2, 'val_hits@100': 0.3, 'train_loss': 2.1206853473085467, 'train_lp': 0.4710149699348514, 'train_align': 311.77308613971127, 'train_kl': 882.2015297453282, 'train_ood_reg': 0.2177712059879707, 'train_meta': 0.47340587229799413, 'train_struct_aux': 0.0, 'train_weighted_align': 1.5588653953272407, 'train_weighted_kl': 0.08822015089267013, 'train_weighted_ood_reg': 0.00021777121607664089, 'train_weighted_meta': 0.002367029312339027, 'train_weighted_struct_aux': 0.0, 'train_rank': 0.4808647011296224, 'train_weighted_rank': 0.0240432355598294}
{'event': 'candidate_summary', 'candidate': 'relation_entity_prior_unified_probe_h96_r12_a12_p4x4_l1_neg1_lr0p001_hp0_sr0_sa0_rep32s0p1_rl0p05_m1_hinge', 'score': 0.12362088739618055, 'passes_metric_minima': True, 'means': {'val_auc': 0.607330322265625, 'val_ap': 0.24889839529358143, 'val_mrr': 0.011352681032748026, 'val_hits@10': 0.0, 'val_ndcg': 0.7735510854763689}, 'seeds_completed': 1}
{'event': 'candidate_seed_start', 'candidate': 'relation_entity_prior_unified_probe_h96_r12_a12_p4x4_l1_neg1_lr0p001_hp0_sr0_sa0_rep32s0p3_rl0p05_m1_hinge', 'seed': 1, 'device': 'cuda', 'node_text_device': 'cuda:0'}
{'event': 'train_seed_start', 'seed': 1, 'train_edges': 3244, 'val_edges': 6738, 'test_edges': 26719, 'num_nodes': 4197, 'num_relations': 19}
{'event': 'train_seed_tensors_ready', 'seed': 1, 'elapsed_sec': 0.005412053316831589, 'cuda_allocated_mb': 26, 'cuda_reserved_mb': 44, 'cuda_max_allocated_mb': 197}
{'event': 'train_known_facts_ready', 'seed': 1, 'scope': 'train', 'edges': 3244, 'elapsed_sec': 0.006928537040948868}
{'event': 'train_known_facts_ready', 'seed': 1, 'scope': 'train_val', 'edges': 9982, 'elapsed_sec': 0.008139286190271378}
{'event': 'train_sampler_ready', 'seed': 1, 'elapsed_sec': 0.012109249830245972}
{'event': 'val_sampler_ready', 'seed': 1, 'elapsed_sec': 0.015843410044908524}
{'event': 'epoch_start', 'epoch': 1, 'epochs': 1, 'batches': 118, 'time_groups': 118}
{'event': 'train_time_group', 'epoch': 1, 'time_group': 1, 'time_groups': 118, 'batch': 0, 'batches': 118, 'time_value': 600.0, 'group_batches': 1, 'history_edges': 0, 'elapsed_sec': 0.005859024822711945, 'cuda_allocated_mb': 27, 'cuda_reserved_mb': 44, 'cuda_max_allocated_mb': 197}
{'event': 'train_progress', 'epoch': 1, 'batch': 1, 'batches': 118, 'time_group': 1, 'time_groups': 118, 'history_edges': 0, 'pos_edges': 1, 'neg_edges': 1, 'loss_recent': 0.6792256236076355, 'elapsed_sec': 0.14321475103497505, 'avg_sec_per_batch': 0.14321475103497505, 'cuda_allocated_mb': 48, 'cuda_reserved_mb': 94, 'cuda_max_allocated_mb': 197}
{'event': 'train_progress', 'epoch': 1, 'batch': 100, 'batches': 118, 'time_group': 100, 'time_groups': 118, 'history_edges': 2144, 'pos_edges': 38, 'neg_edges': 38, 'loss_recent': 1.7848903784155845, 'elapsed_sec': 16.497926358133554, 'avg_sec_per_batch': 0.16497926358133555, 'cuda_allocated_mb': 51, 'cuda_reserved_mb': 206, 'cuda_max_allocated_mb': 197}
{'event': 'train_time_group', 'epoch': 1, 'time_group': 118, 'time_groups': 118, 'batch': 117, 'batches': 118, 'time_value': 1966.0, 'group_batches': 1, 'history_edges': 3153, 'elapsed_sec': 19.881232786923647, 'cuda_allocated_mb': 49, 'cuda_reserved_mb': 226, 'cuda_max_allocated_mb': 197}
{'event': 'train_progress', 'epoch': 1, 'batch': 118, 'batches': 118, 'time_group': 118, 'time_groups': 118, 'history_edges': 3153, 'pos_edges': 91, 'neg_edges': 91, 'loss_recent': 2.370850269496441, 'elapsed_sec': 20.158847011625767, 'avg_sec_per_batch': 0.17083768653920142, 'cuda_allocated_mb': 52, 'cuda_reserved_mb': 226, 'cuda_max_allocated_mb': 197}
{'event': 'validation_start', 'epoch': 1}
{'event': 'validation_ranking_start', 'epoch': 1, 'max_edges': 5}
{'event': 'epoch_end', 'epoch': 1, 'early_stop_metric': 'val_composite', 'val_score': 0.12364146343335755, 'val_auc': 0.6075592041015625, 'val_ap': 0.2490885999037587, 'val_ndcg': 0.7736446164559491, 'val_mrr': 0.01133760907979777, 'val_hits@1': 0.0, 'val_hits@10': 0.0, 'val_hits@50': 0.2, 'val_hits@100': 0.3, 'elapsed_sec': 25.22833786532283}
{'candidate': 'relation_entity_prior_unified_probe_h96_r12_a12_p4x4_l1_neg1_lr0p001_hp0_sr0_sa0_rep32s0p3_rl0p05_m1_hinge', 'seed': 1, 'composite': nan, 'val_auc': 0.6075592041015625, 'val_ap': 0.2490885999037587, 'val_ndcg': 0.7736446164559491, 'val_mrr': 0.01133760907979777, 'val_hits@1': 0.0, 'val_hits@10': 0.0, 'val_hits@50': 0.2, 'val_hits@100': 0.3, 'train_loss': 2.120655218170861, 'train_lp': 0.4710121134580192, 'train_align': 311.76438426567336, 'train_kl': 882.3633069183867, 'train_ood_reg': 0.2177745352609683, 'train_meta': 0.473420645094524, 'train_struct_aux': 0.0, 'train_weighted_align': 1.558821885578208, 'train_weighted_kl': 0.0882363285814112, 'train_weighted_ood_reg': 0.00021777454562883793, 'train_weighted_meta': 0.002367103173421159, 'train_weighted_struct_aux': 0.0, 'train_rank': 0.48088033014308595, 'train_weighted_rank': 0.024044016839332594}
{'event': 'candidate_summary', 'candidate': 'relation_entity_prior_unified_probe_h96_r12_a12_p4x4_l1_neg1_lr0p001_hp0_sr0_sa0_rep32s0p3_rl0p05_m1_hinge', 'score': 0.12364146343335755, 'passes_metric_minima': True, 'means': {'val_auc': 0.6075592041015625, 'val_ap': 0.2490885999037587, 'val_mrr': 0.01133760907979777, 'val_hits@10': 0.0, 'val_ndcg': 0.7736446164559491}, 'seeds_completed': 1}
{'event': 'candidate_seed_start', 'candidate': 'relation_entity_prior_unified_probe_h96_r12_a12_p4x4_l1_neg1_lr0p001_hp0_sr0_sa0_rep32s0p7_rl0p05_m1_hinge', 'seed': 1, 'device': 'cuda', 'node_text_device': 'cuda:0'}
{'event': 'train_seed_start', 'seed': 1, 'train_edges': 3244, 'val_edges': 6738, 'test_edges': 26719, 'num_nodes': 4197, 'num_relations': 19}
{'event': 'train_seed_tensors_ready', 'seed': 1, 'elapsed_sec': 0.04053683206439018, 'cuda_allocated_mb': 26, 'cuda_reserved_mb': 44, 'cuda_max_allocated_mb': 197}
{'event': 'train_known_facts_ready', 'seed': 1, 'scope': 'train', 'edges': 3244, 'elapsed_sec': 0.04215267300605774}
{'event': 'train_known_facts_ready', 'seed': 1, 'scope': 'train_val', 'edges': 9982, 'elapsed_sec': 0.043607477098703384}
{'event': 'train_sampler_ready', 'seed': 1, 'elapsed_sec': 0.04768291115760803}
{'event': 'val_sampler_ready', 'seed': 1, 'elapsed_sec': 0.051691632717847824}
{'event': 'epoch_start', 'epoch': 1, 'epochs': 1, 'batches': 118, 'time_groups': 118}
{'event': 'train_time_group', 'epoch': 1, 'time_group': 1, 'time_groups': 118, 'batch': 0, 'batches': 118, 'time_value': 600.0, 'group_batches': 1, 'history_edges': 0, 'elapsed_sec': 0.005033228546380997, 'cuda_allocated_mb': 27, 'cuda_reserved_mb': 44, 'cuda_max_allocated_mb': 197}
{'event': 'train_progress', 'epoch': 1, 'batch': 1, 'batches': 118, 'time_group': 1, 'time_groups': 118, 'history_edges': 0, 'pos_edges': 1, 'neg_edges': 1, 'loss_recent': 0.6787320375442505, 'elapsed_sec': 0.203252661973238, 'avg_sec_per_batch': 0.203252661973238, 'cuda_allocated_mb': 48, 'cuda_reserved_mb': 94, 'cuda_max_allocated_mb': 197}
{'event': 'train_progress', 'epoch': 1, 'batch': 100, 'batches': 118, 'time_group': 100, 'time_groups': 118, 'history_edges': 2144, 'pos_edges': 38, 'neg_edges': 38, 'loss_recent': 1.7847750702500342, 'elapsed_sec': 21.72314989566803, 'avg_sec_per_batch': 0.21723149895668029, 'cuda_allocated_mb': 51, 'cuda_reserved_mb': 206, 'cuda_max_allocated_mb': 197}
{'event': 'train_time_group', 'epoch': 1, 'time_group': 118, 'time_groups': 118, 'batch': 117, 'batches': 118, 'time_value': 1966.0, 'group_batches': 1, 'history_edges': 3153, 'elapsed_sec': 26.499091420322657, 'cuda_allocated_mb': 49, 'cuda_reserved_mb': 226, 'cuda_max_allocated_mb': 197}
{'event': 'train_progress', 'epoch': 1, 'batch': 118, 'batches': 118, 'time_group': 118, 'time_groups': 118, 'history_edges': 3153, 'pos_edges': 91, 'neg_edges': 91, 'loss_recent': 2.370630662739277, 'elapsed_sec': 26.83584340661764, 'avg_sec_per_batch': 0.22742240175099696, 'cuda_allocated_mb': 52, 'cuda_reserved_mb': 226, 'cuda_max_allocated_mb': 197}
{'event': 'validation_start', 'epoch': 1}
{'event': 'validation_ranking_start', 'epoch': 1, 'max_edges': 5}
{'event': 'epoch_end', 'epoch': 1, 'early_stop_metric': 'val_composite', 'val_score': 0.12356859915565734, 'val_auc': 0.6073791503906251, 'val_ap': 0.24870906859032552, 'val_ndcg': 0.7733327902057552, 'val_mrr': 0.011318725812963358, 'val_hits@1': 0.0, 'val_hits@10': 0.0, 'val_hits@50': 0.2, 'val_hits@100': 0.3, 'elapsed_sec': 31.630267340689898}
{'candidate': 'relation_entity_prior_unified_probe_h96_r12_a12_p4x4_l1_neg1_lr0p001_hp0_sr0_sa0_rep32s0p7_rl0p05_m1_hinge', 'seed': 1, 'composite': nan, 'val_auc': 0.6073791503906251, 'val_ap': 0.24870906859032552, 'val_ndcg': 0.7733327902057552, 'val_mrr': 0.011318725812963358, 'val_hits@1': 0.0, 'val_hits@10': 0.0, 'val_hits@50': 0.2, 'val_hits@100': 0.3, 'train_loss': 2.1204735235137453, 'train_lp': 0.47091135193230743, 'train_align': 311.75067658343556, 'train_kl': 882.2395865230237, 'train_ood_reg': 0.2177779122681941, 'train_meta': 0.4734156686749499, 'train_struct_aux': 0.0, 'train_weighted_align': 1.5587533535041167, 'train_weighted_kl': 0.08822395608334219, 'train_weighted_ood_reg': 0.00021777792278306274, 'train_weighted_meta': 0.0023670782896461186, 'train_weighted_struct_aux': 0.0, 'train_rank': 0.480915054079082, 'train_weighted_rank': 0.02404575306385503}
{'event': 'candidate_summary', 'candidate': 'relation_entity_prior_unified_probe_h96_r12_a12_p4x4_l1_neg1_lr0p001_hp0_sr0_sa0_rep32s0p7_rl0p05_m1_hinge', 'score': 0.12356859915565734, 'passes_metric_minima': True, 'means': {'val_auc': 0.6073791503906251, 'val_ap': 0.24870906859032552, 'val_mrr': 0.011318725812963358, 'val_hits@10': 0.0, 'val_ndcg': 0.7733327902057552}, 'seeds_completed': 1}
{'event': 'candidate_seed_start', 'candidate': 'relation_entity_prior_unified_probe_h96_r12_a12_p4x4_l1_neg1_lr0p001_hp0_sr0_sa0_rep16s0p1_rl0p1_m0p75_hinge', 'seed': 1, 'device': 'cuda', 'node_text_device': 'cuda:0'}
{'event': 'train_seed_start', 'seed': 1, 'train_edges': 3244, 'val_edges': 6738, 'test_edges': 26719, 'num_nodes': 4197, 'num_relations': 19}
{'event': 'train_seed_tensors_ready', 'seed': 1, 'elapsed_sec': 0.0060934461653232574, 'cuda_allocated_mb': 26, 'cuda_reserved_mb': 44, 'cuda_max_allocated_mb': 197}
{'event': 'train_known_facts_ready', 'seed': 1, 'scope': 'train', 'edges': 3244, 'elapsed_sec': 0.007933661341667175}
{'event': 'train_known_facts_ready', 'seed': 1, 'scope': 'train_val', 'edges': 9982, 'elapsed_sec': 0.009217284619808197}
{'event': 'train_sampler_ready', 'seed': 1, 'elapsed_sec': 0.013564884662628174}
{'event': 'val_sampler_ready', 'seed': 1, 'elapsed_sec': 0.017460864037275314}
{'event': 'epoch_start', 'epoch': 1, 'epochs': 1, 'batches': 118, 'time_groups': 118}
{'event': 'train_time_group', 'epoch': 1, 'time_group': 1, 'time_groups': 118, 'batch': 0, 'batches': 118, 'time_value': 600.0, 'group_batches': 1, 'history_edges': 0, 'elapsed_sec': 0.007869437336921692, 'cuda_allocated_mb': 26, 'cuda_reserved_mb': 44, 'cuda_max_allocated_mb': 197}
{'event': 'train_progress', 'epoch': 1, 'batch': 1, 'batches': 118, 'time_group': 1, 'time_groups': 118, 'history_edges': 0, 'pos_edges': 1, 'neg_edges': 1, 'loss_recent': 0.6796319484710693, 'elapsed_sec': 0.18822556361556053, 'avg_sec_per_batch': 0.18822556361556053, 'cuda_allocated_mb': 46, 'cuda_reserved_mb': 92, 'cuda_max_allocated_mb': 197}
{'event': 'train_progress', 'epoch': 1, 'batch': 100, 'batches': 118, 'time_group': 100, 'time_groups': 118, 'history_edges': 2144, 'pos_edges': 38, 'neg_edges': 38, 'loss_recent': 1.7824787229299546, 'elapsed_sec': 21.46232158690691, 'avg_sec_per_batch': 0.2146232158690691, 'cuda_allocated_mb': 48, 'cuda_reserved_mb': 204, 'cuda_max_allocated_mb': 197}
{'event': 'train_time_group', 'epoch': 1, 'time_group': 118, 'time_groups': 118, 'batch': 117, 'batches': 118, 'time_value': 1966.0, 'group_batches': 1, 'history_edges': 3153, 'elapsed_sec': 25.977279502898455, 'cuda_allocated_mb': 47, 'cuda_reserved_mb': 224, 'cuda_max_allocated_mb': 197}
{'event': 'train_progress', 'epoch': 1, 'batch': 118, 'batches': 118, 'time_group': 118, 'time_groups': 118, 'history_edges': 3153, 'pos_edges': 91, 'neg_edges': 91, 'loss_recent': 2.3684020602703093, 'elapsed_sec': 26.36361062899232, 'avg_sec_per_batch': 0.22342042905925694, 'cuda_allocated_mb': 50, 'cuda_reserved_mb': 224, 'cuda_max_allocated_mb': 197}
{'event': 'validation_start', 'epoch': 1}
{'event': 'validation_ranking_start', 'epoch': 1, 'max_edges': 5}
{'event': 'epoch_end', 'epoch': 1, 'early_stop_metric': 'val_composite', 'val_score': 0.12500510071509063, 'val_auc': 0.6141632080078125, 'val_ap': 0.25439218497815697, 'val_ndcg': 0.7767298044963152, 'val_mrr': 0.012100098139447069, 'val_hits@1': 0.0, 'val_hits@10': 0.0, 'val_hits@50': 0.2, 'val_hits@100': 0.4, 'elapsed_sec': 31.38433015346527}
{'candidate': 'relation_entity_prior_unified_probe_h96_r12_a12_p4x4_l1_neg1_lr0p001_hp0_sr0_sa0_rep16s0p1_rl0p1_m0p75_hinge', 'seed': 1, 'composite': nan, 'val_auc': 0.6141632080078124, 'val_ap': 0.25439218497815697, 'val_ndcg': 0.7767298044963152, 'val_mrr': 0.012100098139447069, 'val_hits@1': 0.0, 'val_hits@10': 0.0, 'val_hits@50': 0.2, 'val_hits@100': 0.4, 'train_loss': 2.118516317363513, 'train_lp': 0.4677902751807439, 'train_align': 312.05949391955033, 'train_kl': 878.5044988211939, 'train_ood_reg': 0.2177174048403562, 'train_meta': 0.472085744837078, 'train_struct_aux': 0.0, 'train_weighted_align': 1.5602974318820289, 'train_weighted_kl': 0.08785044807561879, 'train_weighted_ood_reg': 0.00021771741554957926, 'train_weighted_meta': 0.0023604286800067618, 'train_weighted_struct_aux': 0.0, 'train_rank': 0.3525189520096627, 'train_weighted_rank': 0.03525189593655326}
{'event': 'candidate_summary', 'candidate': 'relation_entity_prior_unified_probe_h96_r12_a12_p4x4_l1_neg1_lr0p001_hp0_sr0_sa0_rep16s0p1_rl0p1_m0p75_hinge', 'score': 0.12500510071509063, 'passes_metric_minima': True, 'means': {'val_auc': 0.6141632080078124, 'val_ap': 0.25439218497815697, 'val_mrr': 0.012100098139447069, 'val_hits@10': 0.0, 'val_ndcg': 0.7767298044963152}, 'seeds_completed': 1}
{'event': 'candidate_seed_start', 'candidate': 'relation_entity_prior_unified_probe_h96_r12_a12_p4x4_l1_neg1_lr0p001_hp0_sr0_sa0_rep16s0p3_rl0p1_m0p75_hinge', 'seed': 1, 'device': 'cuda', 'node_text_device': 'cuda:0'}
{'event': 'train_seed_start', 'seed': 1, 'train_edges': 3244, 'val_edges': 6738, 'test_edges': 26719, 'num_nodes': 4197, 'num_relations': 19}
{'event': 'train_seed_tensors_ready', 'seed': 1, 'elapsed_sec': 0.030667506158351898, 'cuda_allocated_mb': 26, 'cuda_reserved_mb': 44, 'cuda_max_allocated_mb': 197}
{'event': 'train_known_facts_ready', 'seed': 1, 'scope': 'train', 'edges': 3244, 'elapsed_sec': 0.03239152207970619}
{'event': 'train_known_facts_ready', 'seed': 1, 'scope': 'train_val', 'edges': 9982, 'elapsed_sec': 0.033782750368118286}
{'event': 'train_sampler_ready', 'seed': 1, 'elapsed_sec': 0.03798113763332367}
{'event': 'val_sampler_ready', 'seed': 1, 'elapsed_sec': 0.04190777614712715}
{'event': 'epoch_start', 'epoch': 1, 'epochs': 1, 'batches': 118, 'time_groups': 118}
{'event': 'train_time_group', 'epoch': 1, 'time_group': 1, 'time_groups': 118, 'batch': 0, 'batches': 118, 'time_value': 600.0, 'group_batches': 1, 'history_edges': 0, 'elapsed_sec': 0.006699748337268829, 'cuda_allocated_mb': 26, 'cuda_reserved_mb': 44, 'cuda_max_allocated_mb': 197}
{'event': 'train_progress', 'epoch': 1, 'batch': 1, 'batches': 118, 'time_group': 1, 'time_groups': 118, 'history_edges': 0, 'pos_edges': 1, 'neg_edges': 1, 'loss_recent': 0.6797036528587341, 'elapsed_sec': 0.15970603004097939, 'avg_sec_per_batch': 0.15970603004097939, 'cuda_allocated_mb': 46, 'cuda_reserved_mb': 92, 'cuda_max_allocated_mb': 197}
{'event': 'train_progress', 'epoch': 1, 'batch': 100, 'batches': 118, 'time_group': 100, 'time_groups': 118, 'history_edges': 2144, 'pos_edges': 38, 'neg_edges': 38, 'loss_recent': 1.7825510913133622, 'elapsed_sec': 17.696757800877094, 'avg_sec_per_batch': 0.17696757800877094, 'cuda_allocated_mb': 48, 'cuda_reserved_mb': 204, 'cuda_max_allocated_mb': 197}
{'event': 'train_time_group', 'epoch': 1, 'time_group': 118, 'time_groups': 118, 'batch': 117, 'batches': 118, 'time_value': 1966.0, 'group_batches': 1, 'history_edges': 3153, 'elapsed_sec': 20.98914259299636, 'cuda_allocated_mb': 47, 'cuda_reserved_mb': 224, 'cuda_max_allocated_mb': 197}
{'event': 'train_progress', 'epoch': 1, 'batch': 118, 'batches': 118, 'time_group': 118, 'time_groups': 118, 'history_edges': 3153, 'pos_edges': 91, 'neg_edges': 91, 'loss_recent': 2.3684925091266633, 'elapsed_sec': 21.20135860145092, 'avg_sec_per_batch': 0.1796725305207705, 'cuda_allocated_mb': 50, 'cuda_reserved_mb': 224, 'cuda_max_allocated_mb': 197}
{'event': 'validation_start', 'epoch': 1}
{'event': 'validation_ranking_start', 'epoch': 1, 'max_edges': 5}
{'event': 'epoch_end', 'epoch': 1, 'early_stop_metric': 'val_composite', 'val_score': 0.12494886516244841, 'val_auc': 0.6136749267578125, 'val_ap': 0.254117486921533, 'val_ndcg': 0.776629354494051, 'val_mrr': 0.01208368294748195, 'val_hits@1': 0.0, 'val_hits@10': 0.0, 'val_hits@50': 0.2, 'val_hits@100': 0.3, 'elapsed_sec': 24.87411443889141}
{'candidate': 'relation_entity_prior_unified_probe_h96_r12_a12_p4x4_l1_neg1_lr0p001_hp0_sr0_sa0_rep16s0p3_rl0p1_m0p75_hinge', 'seed': 1, 'composite': nan, 'val_auc': 0.6136749267578125, 'val_ap': 0.254117486921533, 'val_ndcg': 0.776629354494051, 'val_mrr': 0.01208368294748195, 'val_hits@1': 0.0, 'val_hits@10': 0.0, 'val_hits@50': 0.2, 'val_hits@100': 0.3, 'train_loss': 2.118599766896943, 'train_lp': 0.4678658682663562, 'train_align': 312.0620991921021, 'train_kl': 878.4505961143365, 'train_ood_reg': 0.2177170246081837, 'train_meta': 0.47213348771555946, 'train_struct_aux': 0.0, 'train_weighted_align': 1.5603104573358797, 'train_weighted_kl': 0.08784505718198242, 'train_weighted_ood_reg': 0.0002177170348566783, 'train_weighted_meta': 0.002360667379758463, 'train_weighted_struct_aux': 0.0, 'train_rank': 0.35253286107553766, 'train_weighted_rank': 0.03525328664089379}
{'event': 'candidate_summary', 'candidate': 'relation_entity_prior_unified_probe_h96_r12_a12_p4x4_l1_neg1_lr0p001_hp0_sr0_sa0_rep16s0p3_rl0p1_m0p75_hinge', 'score': 0.12494886516244841, 'passes_metric_minima': True, 'means': {'val_auc': 0.6136749267578125, 'val_ap': 0.254117486921533, 'val_mrr': 0.01208368294748195, 'val_hits@10': 0.0, 'val_ndcg': 0.776629354494051}, 'seeds_completed': 1}
{'event': 'candidate_seed_start', 'candidate': 'relation_entity_prior_unified_probe_h96_r12_a12_p4x4_l1_neg1_lr0p001_hp0_sr0_sa0_rep16s0p7_rl0p1_m0p75_hinge', 'seed': 1, 'device': 'cuda', 'node_text_device': 'cuda:0'}
{'event': 'train_seed_start', 'seed': 1, 'train_edges': 3244, 'val_edges': 6738, 'test_edges': 26719, 'num_nodes': 4197, 'num_relations': 19}
{'event': 'train_seed_tensors_ready', 'seed': 1, 'elapsed_sec': 0.0058617256581783295, 'cuda_allocated_mb': 26, 'cuda_reserved_mb': 44, 'cuda_max_allocated_mb': 197}
{'event': 'train_known_facts_ready', 'seed': 1, 'scope': 'train', 'edges': 3244, 'elapsed_sec': 0.007587064057588577}
{'event': 'train_known_facts_ready', 'seed': 1, 'scope': 'train_val', 'edges': 9982, 'elapsed_sec': 0.008972126990556717}
{'event': 'train_sampler_ready', 'seed': 1, 'elapsed_sec': 0.013403750956058502}
{'event': 'val_sampler_ready', 'seed': 1, 'elapsed_sec': 0.017238687723875046}
{'event': 'epoch_start', 'epoch': 1, 'epochs': 1, 'batches': 118, 'time_groups': 118}
{'event': 'train_time_group', 'epoch': 1, 'time_group': 1, 'time_groups': 118, 'batch': 0, 'batches': 118, 'time_value': 600.0, 'group_batches': 1, 'history_edges': 0, 'elapsed_sec': 0.005655761808156967, 'cuda_allocated_mb': 26, 'cuda_reserved_mb': 44, 'cuda_max_allocated_mb': 197}
{'event': 'train_progress', 'epoch': 1, 'batch': 1, 'batches': 118, 'time_group': 1, 'time_groups': 118, 'history_edges': 0, 'pos_edges': 1, 'neg_edges': 1, 'loss_recent': 0.6798469424247742, 'elapsed_sec': 0.1906956322491169, 'avg_sec_per_batch': 0.1906956322491169, 'cuda_allocated_mb': 46, 'cuda_reserved_mb': 92, 'cuda_max_allocated_mb': 197}
