runtime_device=cuda
cuda_device=Tesla V100-PCIE-32GB
{'event': 'seed_start', 'dataset': 'icews14', 'ablation': 'full', 'seed': 5, 'device': 'cuda', 'node_text_device': 'cuda:0'}
{'event': 'train_seed_start', 'seed': 5, 'train_edges': 61760, 'val_edges': 14592, 'test_edges': 14378, 'num_nodes': 7128, 'num_relations': 230}
{'event': 'train_seed_tensors_ready', 'seed': 5, 'elapsed_sec': 0.009920358657836914, 'cuda_allocated_mb': 28, 'cuda_reserved_mb': 44, 'cuda_max_allocated_mb': 28}
{'event': 'train_known_facts_ready', 'seed': 5, 'scope': 'train', 'edges': 61760, 'elapsed_sec': 0.016674790531396866}
{'event': 'train_known_facts_ready', 'seed': 5, 'scope': 'train_val', 'edges': 76352, 'elapsed_sec': 0.02342473343014717}
{'event': 'train_sampler_ready', 'seed': 5, 'elapsed_sec': 0.11602108925580978}
{'event': 'val_sampler_ready', 'seed': 5, 'elapsed_sec': 0.19404740631580353}
{'event': 'epoch_start', 'epoch': 1, 'epochs': 24, 'batches': 255, 'time_groups': 255}
{'event': 'train_time_group', 'epoch': 1, 'time_group': 1, 'time_groups': 255, 'batch': 0, 'batches': 255, 'time_value': 1388534400.0, 'group_batches': 1, 'history_edges': 0, 'elapsed_sec': 0.170341357588768, 'cuda_allocated_mb': 30, 'cuda_reserved_mb': 46, 'cuda_max_allocated_mb': 30}
{'event': 'train_progress', 'epoch': 1, 'batch': 1, 'batches': 255, 'time_group': 1, 'time_groups': 255, 'history_edges': 0, 'pos_edges': 113, 'neg_edges': 113, 'loss_recent': 71.3536148071289, 'elapsed_sec': 1.2299386747181416, 'avg_sec_per_batch': 1.2299386747181416, 'cuda_allocated_mb': 122, 'cuda_reserved_mb': 236, 'cuda_max_allocated_mb': 212}
{'event': 'train_progress', 'epoch': 1, 'batch': 100, 'batches': 255, 'time_group': 100, 'time_groups': 255, 'history_edges': 23816, 'pos_edges': 259, 'neg_edges': 259, 'loss_recent': 137.84949913024903, 'elapsed_sec': 26.975972317159176, 'avg_sec_per_batch': 0.26975972317159175, 'cuda_allocated_mb': 130, 'cuda_reserved_mb': 962, 'cuda_max_allocated_mb': 879}
{'event': 'train_progress', 'epoch': 1, 'batch': 200, 'batches': 255, 'time_group': 200, 'time_groups': 255, 'history_edges': 48751, 'pos_edges': 162, 'neg_edges': 162, 'loss_recent': 124.95670108795166, 'elapsed_sec': 55.36626444756985, 'avg_sec_per_batch': 0.27683132223784923, 'cuda_allocated_mb': 127, 'cuda_reserved_mb': 1582, 'cuda_max_allocated_mb': 1445}
{'event': 'train_time_group', 'epoch': 1, 'time_group': 255, 'time_groups': 255, 'batch': 254, 'batches': 255, 'time_value': 1410480000.0, 'group_batches': 1, 'history_edges': 61439, 'elapsed_sec': 71.09698938578367, 'cuda_allocated_mb': 120, 'cuda_reserved_mb': 1882, 'cuda_max_allocated_mb': 1756}
{'event': 'train_progress', 'epoch': 1, 'batch': 255, 'batches': 255, 'time_group': 255, 'time_groups': 255, 'history_edges': 61439, 'pos_edges': 321, 'neg_edges': 321, 'loss_recent': 115.6933708190918, 'elapsed_sec': 71.40720574185252, 'avg_sec_per_batch': 0.28002825781118634, 'cuda_allocated_mb': 132, 'cuda_reserved_mb': 1882, 'cuda_max_allocated_mb': 1756}
{'event': 'validation_start', 'epoch': 1}
{'event': 'validation_ranking_start', 'epoch': 1, 'max_edges': 100}
{'event': 'epoch_end', 'epoch': 1, 'early_stop_metric': 'val_composite', 'val_score': 0.5146132351180412, 'val_auc': 0.9048698858775958, 'val_ap': 0.6729403695182055, 'val_ndcg': 0.9449575390885409, 'val_mrr': 0.33186586297515325, 'val_hits@1': 0.23, 'val_hits@10': 0.54, 'val_hits@50': 0.765, 'val_hits@100': 0.8, 'elapsed_sec': 204.9261072576046}
{'event': 'epoch_start', 'epoch': 2, 'epochs': 24, 'batches': 255, 'time_groups': 255}
{'event': 'train_time_group', 'epoch': 2, 'time_group': 1, 'time_groups': 255, 'batch': 0, 'batches': 255, 'time_value': 1388534400.0, 'group_batches': 1, 'history_edges': 0, 'elapsed_sec': 0.04124526306986809, 'cuda_allocated_mb': 120, 'cuda_reserved_mb': 1968, 'cuda_max_allocated_mb': 1756}
{'event': 'train_progress', 'epoch': 2, 'batch': 1, 'batches': 255, 'time_group': 1, 'time_groups': 255, 'history_edges': 0, 'pos_edges': 113, 'neg_edges': 113, 'loss_recent': 67.60395812988281, 'elapsed_sec': 0.21860574185848236, 'avg_sec_per_batch': 0.21860574185848236, 'cuda_allocated_mb': 124, 'cuda_reserved_mb': 1968, 'cuda_max_allocated_mb': 1756}
{'event': 'train_progress', 'epoch': 2, 'batch': 100, 'batches': 255, 'time_group': 100, 'time_groups': 255, 'history_edges': 23816, 'pos_edges': 259, 'neg_edges': 259, 'loss_recent': 111.89368392944336, 'elapsed_sec': 27.08203736692667, 'avg_sec_per_batch': 0.2708203736692667, 'cuda_allocated_mb': 129, 'cuda_reserved_mb': 1968, 'cuda_max_allocated_mb': 1756}
{'event': 'train_progress', 'epoch': 2, 'batch': 200, 'batches': 255, 'time_group': 200, 'time_groups': 255, 'history_edges': 48751, 'pos_edges': 162, 'neg_edges': 162, 'loss_recent': 101.3331502532959, 'elapsed_sec': 57.25022329390049, 'avg_sec_per_batch': 0.28625111646950246, 'cuda_allocated_mb': 127, 'cuda_reserved_mb': 1968, 'cuda_max_allocated_mb': 1756}
{'event': 'train_time_group', 'epoch': 2, 'time_group': 255, 'time_groups': 255, 'batch': 254, 'batches': 255, 'time_value': 1410480000.0, 'group_batches': 1, 'history_edges': 61439, 'elapsed_sec': 73.80203949287534, 'cuda_allocated_mb': 120, 'cuda_reserved_mb': 1988, 'cuda_max_allocated_mb': 1756}
{'event': 'train_progress', 'epoch': 2, 'batch': 255, 'batches': 255, 'time_group': 255, 'time_groups': 255, 'history_edges': 61439, 'pos_edges': 321, 'neg_edges': 321, 'loss_recent': 94.21728630065918, 'elapsed_sec': 74.14762565121055, 'avg_sec_per_batch': 0.29077500255376687, 'cuda_allocated_mb': 132, 'cuda_reserved_mb': 1988, 'cuda_max_allocated_mb': 1756}
{'event': 'validation_start', 'epoch': 2}
{'event': 'validation_ranking_start', 'epoch': 2, 'max_edges': 100}
{'event': 'epoch_end', 'epoch': 2, 'early_stop_metric': 'val_composite', 'val_score': 0.5258120806448867, 'val_auc': 0.9133754581112097, 'val_ap': 0.6912859156918658, 'val_ndcg': 0.9489880742297128, 'val_mrr': 0.3411032259251502, 'val_hits@1': 0.24, 'val_hits@10': 0.555, 'val_hits@50': 0.76, 'val_hits@100': 0.8, 'elapsed_sec': 208.221692468971}
{'event': 'epoch_start', 'epoch': 3, 'epochs': 24, 'batches': 255, 'time_groups': 255}
{'event': 'train_time_group', 'epoch': 3, 'time_group': 1, 'time_groups': 255, 'batch': 0, 'batches': 255, 'time_value': 1388534400.0, 'group_batches': 1, 'history_edges': 0, 'elapsed_sec': 0.049459412693977356, 'cuda_allocated_mb': 120, 'cuda_reserved_mb': 1988, 'cuda_max_allocated_mb': 1756}
{'event': 'train_progress', 'epoch': 3, 'batch': 1, 'batches': 255, 'time_group': 1, 'time_groups': 255, 'history_edges': 0, 'pos_edges': 113, 'neg_edges': 113, 'loss_recent': 68.01734161376953, 'elapsed_sec': 0.2535117268562317, 'avg_sec_per_batch': 0.2535117268562317, 'cuda_allocated_mb': 124, 'cuda_reserved_mb': 1988, 'cuda_max_allocated_mb': 1756}
{'event': 'train_progress', 'epoch': 3, 'batch': 100, 'batches': 255, 'time_group': 100, 'time_groups': 255, 'history_edges': 23816, 'pos_edges': 259, 'neg_edges': 259, 'loss_recent': 93.62599285125732, 'elapsed_sec': 27.639588866382837, 'avg_sec_per_batch': 0.27639588866382836, 'cuda_allocated_mb': 130, 'cuda_reserved_mb': 1988, 'cuda_max_allocated_mb': 1756}
{'event': 'train_progress', 'epoch': 3, 'batch': 200, 'batches': 255, 'time_group': 200, 'time_groups': 255, 'history_edges': 48751, 'pos_edges': 162, 'neg_edges': 162, 'loss_recent': 83.34763919830323, 'elapsed_sec': 59.236841551959515, 'avg_sec_per_batch': 0.2961842077597976, 'cuda_allocated_mb': 127, 'cuda_reserved_mb': 1988, 'cuda_max_allocated_mb': 1756}
{'event': 'train_time_group', 'epoch': 3, 'time_group': 255, 'time_groups': 255, 'batch': 254, 'batches': 255, 'time_value': 1410480000.0, 'group_batches': 1, 'history_edges': 61439, 'elapsed_sec': 76.6034693568945, 'cuda_allocated_mb': 120, 'cuda_reserved_mb': 1988, 'cuda_max_allocated_mb': 1757}
{'event': 'train_progress', 'epoch': 3, 'batch': 255, 'batches': 255, 'time_group': 255, 'time_groups': 255, 'history_edges': 61439, 'pos_edges': 321, 'neg_edges': 321, 'loss_recent': 78.06833614349365, 'elapsed_sec': 76.91784373670816, 'avg_sec_per_batch': 0.30163860288905164, 'cuda_allocated_mb': 132, 'cuda_reserved_mb': 1988, 'cuda_max_allocated_mb': 1757}
{'event': 'validation_start', 'epoch': 3}
{'event': 'validation_ranking_start', 'epoch': 3, 'max_edges': 100}
{'event': 'epoch_end', 'epoch': 3, 'early_stop_metric': 'val_composite', 'val_score': 0.5185644859339256, 'val_auc': 0.9173715369640478, 'val_ap': 0.7012976979765064, 'val_ndcg': 0.9510279634705566, 'val_mrr': 0.322796916084383, 'val_hits@1': 0.225, 'val_hits@10': 0.555, 'val_hits@50': 0.775, 'val_hits@100': 0.815, 'elapsed_sec': 215.01949632167816}
{'event': 'epoch_start', 'epoch': 4, 'epochs': 24, 'batches': 255, 'time_groups': 255}
{'event': 'train_time_group', 'epoch': 4, 'time_group': 1, 'time_groups': 255, 'batch': 0, 'batches': 255, 'time_value': 1388534400.0, 'group_batches': 1, 'history_edges': 0, 'elapsed_sec': 0.25851013883948326, 'cuda_allocated_mb': 120, 'cuda_reserved_mb': 1988, 'cuda_max_allocated_mb': 1757}
{'event': 'train_progress', 'epoch': 4, 'batch': 1, 'batches': 255, 'time_group': 1, 'time_groups': 255, 'history_edges': 0, 'pos_edges': 113, 'neg_edges': 113, 'loss_recent': 72.22810363769531, 'elapsed_sec': 0.4613723084330559, 'avg_sec_per_batch': 0.4613723084330559, 'cuda_allocated_mb': 124, 'cuda_reserved_mb': 1988, 'cuda_max_allocated_mb': 1757}
{'event': 'train_progress', 'epoch': 4, 'batch': 100, 'batches': 255, 'time_group': 100, 'time_groups': 255, 'history_edges': 23816, 'pos_edges': 259, 'neg_edges': 259, 'loss_recent': 80.66436616897583, 'elapsed_sec': 29.163053818047047, 'avg_sec_per_batch': 0.29163053818047047, 'cuda_allocated_mb': 130, 'cuda_reserved_mb': 1988, 'cuda_max_allocated_mb': 1757}
{'event': 'train_progress', 'epoch': 4, 'batch': 200, 'batches': 255, 'time_group': 200, 'time_groups': 255, 'history_edges': 48751, 'pos_edges': 162, 'neg_edges': 162, 'loss_recent': 72.54177198410034, 'elapsed_sec': 61.29519532993436, 'avg_sec_per_batch': 0.3064759766496718, 'cuda_allocated_mb': 127, 'cuda_reserved_mb': 1988, 'cuda_max_allocated_mb': 1757}
{'event': 'train_time_group', 'epoch': 4, 'time_group': 255, 'time_groups': 255, 'batch': 254, 'batches': 255, 'time_value': 1410480000.0, 'group_batches': 1, 'history_edges': 61439, 'elapsed_sec': 78.74652061611414, 'cuda_allocated_mb': 120, 'cuda_reserved_mb': 1988, 'cuda_max_allocated_mb': 1757}
{'event': 'train_progress', 'epoch': 4, 'batch': 255, 'batches': 255, 'time_group': 255, 'time_groups': 255, 'history_edges': 61439, 'pos_edges': 321, 'neg_edges': 321, 'loss_recent': 68.62281581878662, 'elapsed_sec': 79.0717700086534, 'avg_sec_per_batch': 0.31008537258295454, 'cuda_allocated_mb': 131, 'cuda_reserved_mb': 1988, 'cuda_max_allocated_mb': 1757}
{'event': 'validation_start', 'epoch': 4}
{'event': 'validation_ranking_start', 'epoch': 4, 'max_edges': 100}
{'event': 'epoch_end', 'epoch': 4, 'early_stop_metric': 'val_composite', 'val_score': 0.5138903058745429, 'val_auc': 0.9192130113990904, 'val_ap': 0.7058480541463563, 'val_ndcg': 0.9520128166643358, 'val_mrr': 0.3117023310324026, 'val_hits@1': 0.2, 'val_hits@10': 0.555, 'val_hits@50': 0.74, 'val_hits@100': 0.79, 'elapsed_sec': 214.67659760266542}
{'event': 'epoch_start', 'epoch': 5, 'epochs': 24, 'batches': 255, 'time_groups': 255}
{'event': 'train_time_group', 'epoch': 5, 'time_group': 1, 'time_groups': 255, 'batch': 0, 'batches': 255, 'time_value': 1388534400.0, 'group_batches': 1, 'history_edges': 0, 'elapsed_sec': 0.0449545793235302, 'cuda_allocated_mb': 120, 'cuda_reserved_mb': 1988, 'cuda_max_allocated_mb': 1757}
{'event': 'train_progress', 'epoch': 5, 'batch': 1, 'batches': 255, 'time_group': 1, 'time_groups': 255, 'history_edges': 0, 'pos_edges': 113, 'neg_edges': 113, 'loss_recent': 78.2197494506836, 'elapsed_sec': 0.22685636207461357, 'avg_sec_per_batch': 0.22685636207461357, 'cuda_allocated_mb': 124, 'cuda_reserved_mb': 1988, 'cuda_max_allocated_mb': 1757}
{'event': 'train_progress', 'epoch': 5, 'batch': 100, 'batches': 255, 'time_group': 100, 'time_groups': 255, 'history_edges': 23816, 'pos_edges': 259, 'neg_edges': 259, 'loss_recent': 72.60633836746216, 'elapsed_sec': 28.047430347651243, 'avg_sec_per_batch': 0.2804743034765124, 'cuda_allocated_mb': 130, 'cuda_reserved_mb': 1988, 'cuda_max_allocated_mb': 1757}
{'event': 'train_progress', 'epoch': 5, 'batch': 200, 'batches': 255, 'time_group': 200, 'time_groups': 255, 'history_edges': 48751, 'pos_edges': 162, 'neg_edges': 162, 'loss_recent': 65.83537191390991, 'elapsed_sec': 57.57324792072177, 'avg_sec_per_batch': 0.28786623960360885, 'cuda_allocated_mb': 127, 'cuda_reserved_mb': 1988, 'cuda_max_allocated_mb': 1757}
{'event': 'train_time_group', 'epoch': 5, 'time_group': 255, 'time_groups': 255, 'batch': 254, 'batches': 255, 'time_value': 1410480000.0, 'group_batches': 1, 'history_edges': 61439, 'elapsed_sec': 73.95303337275982, 'cuda_allocated_mb': 120, 'cuda_reserved_mb': 1988, 'cuda_max_allocated_mb': 1757}
{'event': 'train_progress', 'epoch': 5, 'batch': 255, 'batches': 255, 'time_group': 255, 'time_groups': 255, 'history_edges': 61439, 'pos_edges': 321, 'neg_edges': 321, 'loss_recent': 62.764810943603514, 'elapsed_sec': 74.26798392832279, 'avg_sec_per_batch': 0.2912469957973443, 'cuda_allocated_mb': 132, 'cuda_reserved_mb': 1988, 'cuda_max_allocated_mb': 1757}
{'event': 'validation_start', 'epoch': 5}
{'event': 'validation_ranking_start', 'epoch': 5, 'max_edges': 100}
{'event': 'epoch_end', 'epoch': 5, 'early_stop_metric': 'val_composite', 'val_score': 0.512833510604864, 'val_auc': 0.9200134221925557, 'val_ap': 0.708548485940463, 'val_ndcg': 0.9525050365357942, 'val_mrr': 0.3086001259011747, 'val_hits@1': 0.2, 'val_hits@10': 0.555, 'val_hits@50': 0.74, 'val_hits@100': 0.815, 'elapsed_sec': 212.66413447260857}
{'event': 'epoch_start', 'epoch': 6, 'epochs': 24, 'batches': 255, 'time_groups': 255}
{'event': 'train_time_group', 'epoch': 6, 'time_group': 1, 'time_groups': 255, 'batch': 0, 'batches': 255, 'time_value': 1388534400.0, 'group_batches': 1, 'history_edges': 0, 'elapsed_sec': 0.04636257514357567, 'cuda_allocated_mb': 120, 'cuda_reserved_mb': 1988, 'cuda_max_allocated_mb': 1757}
{'event': 'train_progress', 'epoch': 6, 'batch': 1, 'batches': 255, 'time_group': 1, 'time_groups': 255, 'history_edges': 0, 'pos_edges': 113, 'neg_edges': 113, 'loss_recent': 89.93391418457031, 'elapsed_sec': 0.24196066334843636, 'avg_sec_per_batch': 0.24196066334843636, 'cuda_allocated_mb': 124, 'cuda_reserved_mb': 1988, 'cuda_max_allocated_mb': 1757}
{'event': 'train_progress', 'epoch': 6, 'batch': 100, 'batches': 255, 'time_group': 100, 'time_groups': 255, 'history_edges': 23816, 'pos_edges': 259, 'neg_edges': 259, 'loss_recent': 66.87617588043213, 'elapsed_sec': 28.37012829259038, 'avg_sec_per_batch': 0.2837012829259038, 'cuda_allocated_mb': 130, 'cuda_reserved_mb': 1988, 'cuda_max_allocated_mb': 1757}
{'event': 'train_progress', 'epoch': 6, 'batch': 200, 'batches': 255, 'time_group': 200, 'time_groups': 255, 'history_edges': 48751, 'pos_edges': 162, 'neg_edges': 162, 'loss_recent': 61.64941946029663, 'elapsed_sec': 58.81025545671582, 'avg_sec_per_batch': 0.2940512772835791, 'cuda_allocated_mb': 127, 'cuda_reserved_mb': 1988, 'cuda_max_allocated_mb': 1757}
{'event': 'train_time_group', 'epoch': 6, 'time_group': 255, 'time_groups': 255, 'batch': 254, 'batches': 255, 'time_value': 1410480000.0, 'group_batches': 1, 'history_edges': 61439, 'elapsed_sec': 75.98078969493508, 'cuda_allocated_mb': 120, 'cuda_reserved_mb': 1988, 'cuda_max_allocated_mb': 1757}
{'event': 'train_progress', 'epoch': 6, 'batch': 255, 'batches': 255, 'time_group': 255, 'time_groups': 255, 'history_edges': 61439, 'pos_edges': 321, 'neg_edges': 321, 'loss_recent': 59.10608409881592, 'elapsed_sec': 76.3219232596457, 'avg_sec_per_batch': 0.29930165984174784, 'cuda_allocated_mb': 132, 'cuda_reserved_mb': 1988, 'cuda_max_allocated_mb': 1757}
{'event': 'validation_start', 'epoch': 6}
{'event': 'validation_ranking_start', 'epoch': 6, 'max_edges': 100}
{'event': 'epoch_end', 'epoch': 6, 'early_stop_metric': 'val_composite', 'val_score': 0.5116208835767732, 'val_auc': 0.9200264166318002, 'val_ap': 0.7060062384077987, 'val_ndcg': 0.9521701756812884, 'val_mrr': 0.30900321883176907, 'val_hits@1': 0.205, 'val_hits@10': 0.55, 'val_hits@50': 0.765, 'val_hits@100': 0.81, 'elapsed_sec': 211.51379235461354}
{'event': 'epoch_start', 'epoch': 7, 'epochs': 24, 'batches': 255, 'time_groups': 255}
{'event': 'train_time_group', 'epoch': 7, 'time_group': 1, 'time_groups': 255, 'batch': 0, 'batches': 255, 'time_value': 1388534400.0, 'group_batches': 1, 'history_edges': 0, 'elapsed_sec': 0.040836263447999954, 'cuda_allocated_mb': 120, 'cuda_reserved_mb': 1988, 'cuda_max_allocated_mb': 1757}
{'event': 'train_progress', 'epoch': 7, 'batch': 1, 'batches': 255, 'time_group': 1, 'time_groups': 255, 'history_edges': 0, 'pos_edges': 113, 'neg_edges': 113, 'loss_recent': 104.78207397460938, 'elapsed_sec': 0.2261473312973976, 'avg_sec_per_batch': 0.2261473312973976, 'cuda_allocated_mb': 124, 'cuda_reserved_mb': 1988, 'cuda_max_allocated_mb': 1757}
{'event': 'train_progress', 'epoch': 7, 'batch': 100, 'batches': 255, 'time_group': 100, 'time_groups': 255, 'history_edges': 23816, 'pos_edges': 259, 'neg_edges': 259, 'loss_recent': 63.15414228439331, 'elapsed_sec': 28.618653398007154, 'avg_sec_per_batch': 0.28618653398007154, 'cuda_allocated_mb': 130, 'cuda_reserved_mb': 1988, 'cuda_max_allocated_mb': 1757}
{'event': 'train_progress', 'epoch': 7, 'batch': 200, 'batches': 255, 'time_group': 200, 'time_groups': 255, 'history_edges': 48751, 'pos_edges': 162, 'neg_edges': 162, 'loss_recent': 58.925967388153076, 'elapsed_sec': 59.332933466881514, 'avg_sec_per_batch': 0.29666466733440755, 'cuda_allocated_mb': 127, 'cuda_reserved_mb': 1988, 'cuda_max_allocated_mb': 1757}
{'event': 'train_time_group', 'epoch': 7, 'time_group': 255, 'time_groups': 255, 'batch': 254, 'batches': 255, 'time_value': 1410480000.0, 'group_batches': 1, 'history_edges': 61439, 'elapsed_sec': 76.60341251268983, 'cuda_allocated_mb': 120, 'cuda_reserved_mb': 1988, 'cuda_max_allocated_mb': 1757}
{'event': 'train_progress', 'epoch': 7, 'batch': 255, 'batches': 255, 'time_group': 255, 'time_groups': 255, 'history_edges': 61439, 'pos_edges': 321, 'neg_edges': 321, 'loss_recent': 56.69666608810425, 'elapsed_sec': 76.93117867037654, 'avg_sec_per_batch': 0.3016908967465747, 'cuda_allocated_mb': 132, 'cuda_reserved_mb': 1988, 'cuda_max_allocated_mb': 1757}
{'event': 'validation_start', 'epoch': 7}
{'event': 'validation_ranking_start', 'epoch': 7, 'max_edges': 100}
{'event': 'epoch_end', 'epoch': 7, 'early_stop_metric': 'val_composite', 'val_score': 0.49314523436024543, 'val_auc': 0.9183287912018301, 'val_ap': 0.704959920656866, 'val_ndcg': 0.9517746449759171, 'val_mrr': 0.28461468440806464, 'val_hits@1': 0.18, 'val_hits@10': 0.52, 'val_hits@50': 0.76, 'val_hits@100': 0.8, 'elapsed_sec': 217.10082406550646}
{'dataset': 'icews14', 'method': 'ssptgfm', 'scenario': 'standard', 'ablation': 'full', 'few_shot_ratio': 1.0, 'seed': 5, 'train_edges': 61760, 'val_edges': 14592, 'test_edges': 14378, 'params_trainable': 4627730, 'params_total': 4627743, 'rough_forward_flops': 4794548224, 'train_eval_time_sec': 1883.957274504006, 'allocated_mb': 62.34765625, 'reserved_mb': 1988.0, 'max_allocated_mb': 1757.42578125, 'val_auc': 0.913375458299068, 'val_ap': 0.6912859182930492, 'val_ndcg': 0.9489880743204648, 'val_mrr': 0.3411032259251502, 'val_hits@1': 0.24, 'val_hits@10': 0.555, 'val_hits@50': 0.76, 'val_hits@100': 0.8, 'train_loss': 102.73594349879845, 'train_lp': 0.3841064652975868, 'train_align': 1892.5602151309743, 'train_kl': 15441.313625919118, 'train_ood_reg': 0.22745126100147472, 'train_meta': 0.37912948201684393, 'train_struct_aux': 1.0450247368391823, 'train_weighted_align': 94.6280122794357, 'train_weighted_kl': 7.720657178467396, 'train_weighted_ood_reg': 0.0002274512717335978, 'train_weighted_meta': 0.0018956473664444523, 'train_weighted_struct_aux': 0.001045024787605393, 'train_rank': 0.17581076193966116, 'train_weighted_rank': 0.00017581077006659197, 'test_auc': 0.9242128155910289, 'test_ap': 0.7061850291137206, 'test_ndcg': 0.9527698438166586, 'test_mrr': 0.4322977923874911, 'test_hits@1': 0.316, 'test_hits@10': 0.648, 'test_hits@50': 0.776, 'test_hits@100': 0.824}
