
$ /root/miniconda3/bin/python -u scripts/search_hparams.py --config configs/auto_target/ssptgfm_search_yago15k_temporal_history_popularity_tinysearch.yaml --output results/auto_target_tiny_yago15k/search_yago15k_temporal_history_popularity_tinysearch --resume
runtime_device=cuda
cuda_device=Tesla V100-PCIE-32GB
{'event': 'candidate_seed_start', 'candidate': 'history_popularity_tinysearch_h96_r12_a12_p4x4_l1_neg1_lr0p001_hp0p5_freq40_rl0_m1_hinge', 'seed': 1, 'device': 'cuda', 'node_text_device': 'cuda:0'}
{'event': 'train_seed_start', 'seed': 1, 'train_edges': 3244, 'val_edges': 6738, 'test_edges': 26719, 'num_nodes': 4197, 'num_relations': 19}
{'event': 'train_seed_tensors_ready', 'seed': 1, 'elapsed_sec': 0.004187282174825668, 'cuda_allocated_mb': 9, 'cuda_reserved_mb': 22, 'cuda_max_allocated_mb': 9}
{'event': 'train_known_facts_ready', 'seed': 1, 'scope': 'train', 'edges': 3244, 'elapsed_sec': 0.005864553153514862}
{'event': 'train_known_facts_ready', 'seed': 1, 'scope': 'train_val', 'edges': 9982, 'elapsed_sec': 0.007043890655040741}
{'event': 'train_sampler_ready', 'seed': 1, 'elapsed_sec': 0.008674226701259613}
{'event': 'val_sampler_ready', 'seed': 1, 'elapsed_sec': 0.010032184422016144}
{'event': 'epoch_start', 'epoch': 1, 'epochs': 1, 'batches': 118, 'time_groups': 118}
{'event': 'train_time_group', 'epoch': 1, 'time_group': 1, 'time_groups': 118, 'batch': 0, 'batches': 118, 'time_value': 600.0, 'group_batches': 1, 'history_edges': 0, 'elapsed_sec': 0.018711943179368973, 'cuda_allocated_mb': 9, 'cuda_reserved_mb': 24, 'cuda_max_allocated_mb': 9}
{'event': 'train_progress', 'epoch': 1, 'batch': 1, 'batches': 118, 'time_group': 1, 'time_groups': 118, 'history_edges': 0, 'pos_edges': 1, 'neg_edges': 1, 'loss_recent': 0.6795961260795593, 'elapsed_sec': 0.8891314454376698, 'avg_sec_per_batch': 0.8891314454376698, 'cuda_allocated_mb': 44, 'cuda_reserved_mb': 88, 'cuda_max_allocated_mb': 80}
{'event': 'train_progress', 'epoch': 1, 'batch': 100, 'batches': 118, 'time_group': 100, 'time_groups': 118, 'history_edges': 2144, 'pos_edges': 38, 'neg_edges': 38, 'loss_recent': 1.780453433394432, 'elapsed_sec': 14.33030403405428, 'avg_sec_per_batch': 0.14330304034054278, 'cuda_allocated_mb': 46, 'cuda_reserved_mb': 202, 'cuda_max_allocated_mb': 169}
{'event': 'train_time_group', 'epoch': 1, 'time_group': 118, 'time_groups': 118, 'batch': 117, 'batches': 118, 'time_value': 1966.0, 'group_batches': 1, 'history_edges': 3153, 'elapsed_sec': 17.027778282761574, 'cuda_allocated_mb': 45, 'cuda_reserved_mb': 222, 'cuda_max_allocated_mb': 189}
{'event': 'train_progress', 'epoch': 1, 'batch': 118, 'batches': 118, 'time_group': 118, 'time_groups': 118, 'history_edges': 3153, 'pos_edges': 91, 'neg_edges': 91, 'loss_recent': 2.3643823981285097, 'elapsed_sec': 17.211484633386135, 'avg_sec_per_batch': 0.1458600392659842, 'cuda_allocated_mb': 47, 'cuda_reserved_mb': 222, 'cuda_max_allocated_mb': 192}
{'event': 'validation_start', 'epoch': 1}
{'event': 'epoch_end', 'epoch': 1, 'early_stop_metric': 'val_composite', 'val_score': 0.6607825015178936, 'val_auc': 0.8239280700683594, 'val_ap': 0.6009687815596547, 'val_ndcg': 0.9218226614947952, 'elapsed_sec': 17.982284609228373}
{'candidate': 'history_popularity_tinysearch_h96_r12_a12_p4x4_l1_neg1_lr0p001_hp0p5_freq40_rl0_m1_hinge', 'seed': 1, 'composite': nan, 'val_auc': 0.8239280700683594, 'val_ap': 0.6009687815596547, 'val_ndcg': 0.9218226614947952, 'train_loss': 2.113903526027324, 'train_lp': 0.4693359486379866, 'train_align': 310.53770927857545, 'train_kl': 892.9178274768894, 'train_ood_reg': 0.2179996198264219, 'train_meta': 0.47385693246782834, 'train_weighted_align': 1.5526885169053104, 'train_weighted_kl': 0.08929178038596224, 'train_weighted_ood_reg': 0.00021799963021402295, 'train_weighted_meta': 0.002369284609350439}
{'event': 'candidate_summary', 'candidate': 'history_popularity_tinysearch_h96_r12_a12_p4x4_l1_neg1_lr0p001_hp0p5_freq40_rl0_m1_hinge', 'score': 0.6607825015178936, 'passes_metric_minima': True, 'means': {'val_auc': 0.8239280700683594, 'val_ap': 0.6009687815596547, 'val_mrr': nan, 'val_hits@10': nan, 'val_ndcg': 0.9218226614947952}, 'seeds_completed': 1}
{'event': 'candidate_seed_start', 'candidate': 'history_popularity_tinysearch_h96_r12_a12_p4x4_l1_neg1_lr0p001_hp0p5_hybrid40_rl0_m1_hinge', 'seed': 1, 'device': 'cuda', 'node_text_device': 'cuda:0'}
{'event': 'train_seed_start', 'seed': 1, 'train_edges': 3244, 'val_edges': 6738, 'test_edges': 26719, 'num_nodes': 4197, 'num_relations': 19}
{'event': 'train_seed_tensors_ready', 'seed': 1, 'elapsed_sec': 0.004202794283628464, 'cuda_allocated_mb': 25, 'cuda_reserved_mb': 42, 'cuda_max_allocated_mb': 192}
{'event': 'train_known_facts_ready', 'seed': 1, 'scope': 'train', 'edges': 3244, 'elapsed_sec': 0.005767766386270523}
{'event': 'train_known_facts_ready', 'seed': 1, 'scope': 'train_val', 'edges': 9982, 'elapsed_sec': 0.006925217807292938}
{'event': 'train_sampler_ready', 'seed': 1, 'elapsed_sec': 0.008552543818950653}
{'event': 'val_sampler_ready', 'seed': 1, 'elapsed_sec': 0.010011523962020874}
{'event': 'epoch_start', 'epoch': 1, 'epochs': 1, 'batches': 118, 'time_groups': 118}
{'event': 'train_time_group', 'epoch': 1, 'time_group': 1, 'time_groups': 118, 'batch': 0, 'batches': 118, 'time_value': 600.0, 'group_batches': 1, 'history_edges': 0, 'elapsed_sec': 0.005390189588069916, 'cuda_allocated_mb': 25, 'cuda_reserved_mb': 44, 'cuda_max_allocated_mb': 192}
{'event': 'train_progress', 'epoch': 1, 'batch': 1, 'batches': 118, 'time_group': 1, 'time_groups': 118, 'history_edges': 0, 'pos_edges': 1, 'neg_edges': 1, 'loss_recent': 0.6795961260795593, 'elapsed_sec': 0.11674641072750092, 'avg_sec_per_batch': 0.11674641072750092, 'cuda_allocated_mb': 44, 'cuda_reserved_mb': 88, 'cuda_max_allocated_mb': 192}
{'event': 'train_progress', 'epoch': 1, 'batch': 100, 'batches': 118, 'time_group': 100, 'time_groups': 118, 'history_edges': 2144, 'pos_edges': 38, 'neg_edges': 38, 'loss_recent': 1.755717508494854, 'elapsed_sec': 13.408342901617289, 'avg_sec_per_batch': 0.13408342901617287, 'cuda_allocated_mb': 46, 'cuda_reserved_mb': 202, 'cuda_max_allocated_mb': 192}
{'event': 'train_time_group', 'epoch': 1, 'time_group': 118, 'time_groups': 118, 'batch': 117, 'batches': 118, 'time_value': 1966.0, 'group_batches': 1, 'history_edges': 3153, 'elapsed_sec': 16.1647117882967, 'cuda_allocated_mb': 45, 'cuda_reserved_mb': 222, 'cuda_max_allocated_mb': 192}
{'event': 'train_progress', 'epoch': 1, 'batch': 118, 'batches': 118, 'time_group': 118, 'time_groups': 118, 'history_edges': 3153, 'pos_edges': 91, 'neg_edges': 91, 'loss_recent': 2.3387524357438085, 'elapsed_sec': 16.341944225132465, 'avg_sec_per_batch': 0.1384910527553599, 'cuda_allocated_mb': 47, 'cuda_reserved_mb': 222, 'cuda_max_allocated_mb': 192}
{'event': 'validation_start', 'epoch': 1}
{'event': 'epoch_end', 'epoch': 1, 'early_stop_metric': 'val_composite', 'val_score': 0.6560473058087812, 'val_auc': 0.8003326416015625, 'val_ap': 0.6043931193260642, 'val_ndcg': 0.9199362085583085, 'elapsed_sec': 17.080563761293888}
{'candidate': 'history_popularity_tinysearch_h96_r12_a12_p4x4_l1_neg1_lr0p001_hp0p5_hybrid40_rl0_m1_hinge', 'seed': 1, 'composite': nan, 'val_auc': 0.8003326416015625, 'val_ap': 0.6043931193260642, 'val_ndcg': 0.9199362085583085, 'train_loss': 2.0895405277862387, 'train_lp': 0.45097348535970105, 'train_align': 309.51545054831746, 'train_kl': 884.9496083017123, 'train_ood_reg': 0.21868711482670347, 'train_meta': 0.45523657586614963, 'train_weighted_align': 1.5475772249007251, 'train_weighted_kl': 0.08849495845467989, 'train_weighted_ood_reg': 0.00021868712533663928, 'train_weighted_meta': 0.002276182828532232}
{'event': 'candidate_summary', 'candidate': 'history_popularity_tinysearch_h96_r12_a12_p4x4_l1_neg1_lr0p001_hp0p5_hybrid40_rl0_m1_hinge', 'score': 0.6560473058087812, 'passes_metric_minima': True, 'means': {'val_auc': 0.8003326416015625, 'val_ap': 0.6043931193260642, 'val_mrr': nan, 'val_hits@10': nan, 'val_ndcg': 0.9199362085583085}, 'seeds_completed': 1}
{'event': 'candidate_seed_start', 'candidate': 'history_popularity_tinysearch_h96_r12_a12_p4x4_l1_neg1_lr0p001_hp0p8_freq40_rl0_m1_hinge', 'seed': 1, 'device': 'cuda', 'node_text_device': 'cuda:0'}
{'event': 'train_seed_start', 'seed': 1, 'train_edges': 3244, 'val_edges': 6738, 'test_edges': 26719, 'num_nodes': 4197, 'num_relations': 19}
{'event': 'train_seed_tensors_ready', 'seed': 1, 'elapsed_sec': 0.004166450351476669, 'cuda_allocated_mb': 25, 'cuda_reserved_mb': 42, 'cuda_max_allocated_mb': 192}
{'event': 'train_known_facts_ready', 'seed': 1, 'scope': 'train', 'edges': 3244, 'elapsed_sec': 0.005761381238698959}
{'event': 'train_known_facts_ready', 'seed': 1, 'scope': 'train_val', 'edges': 9982, 'elapsed_sec': 0.006922606378793716}
{'event': 'train_sampler_ready', 'seed': 1, 'elapsed_sec': 0.008451465517282486}
{'event': 'val_sampler_ready', 'seed': 1, 'elapsed_sec': 0.009887635707855225}
{'event': 'epoch_start', 'epoch': 1, 'epochs': 1, 'batches': 118, 'time_groups': 118}
{'event': 'train_time_group', 'epoch': 1, 'time_group': 1, 'time_groups': 118, 'batch': 0, 'batches': 118, 'time_value': 600.0, 'group_batches': 1, 'history_edges': 0, 'elapsed_sec': 0.005164287984371185, 'cuda_allocated_mb': 25, 'cuda_reserved_mb': 44, 'cuda_max_allocated_mb': 192}
{'event': 'train_progress', 'epoch': 1, 'batch': 1, 'batches': 118, 'time_group': 1, 'time_groups': 118, 'history_edges': 0, 'pos_edges': 1, 'neg_edges': 1, 'loss_recent': 0.6795961260795593, 'elapsed_sec': 0.12046588584780693, 'avg_sec_per_batch': 0.12046588584780693, 'cuda_allocated_mb': 44, 'cuda_reserved_mb': 88, 'cuda_max_allocated_mb': 192}
{'event': 'train_progress', 'epoch': 1, 'batch': 100, 'batches': 118, 'time_group': 100, 'time_groups': 118, 'history_edges': 2144, 'pos_edges': 38, 'neg_edges': 38, 'loss_recent': 1.775624960064888, 'elapsed_sec': 13.254442684352398, 'avg_sec_per_batch': 0.13254442684352397, 'cuda_allocated_mb': 46, 'cuda_reserved_mb': 202, 'cuda_max_allocated_mb': 192}
{'event': 'train_time_group', 'epoch': 1, 'time_group': 118, 'time_groups': 118, 'batch': 117, 'batches': 118, 'time_value': 1966.0, 'group_batches': 1, 'history_edges': 3153, 'elapsed_sec': 15.946456398814917, 'cuda_allocated_mb': 45, 'cuda_reserved_mb': 222, 'cuda_max_allocated_mb': 192}
{'event': 'train_progress', 'epoch': 1, 'batch': 118, 'batches': 118, 'time_group': 118, 'time_groups': 118, 'history_edges': 3153, 'pos_edges': 91, 'neg_edges': 91, 'loss_recent': 2.3594896960258485, 'elapsed_sec': 16.13836607709527, 'avg_sec_per_batch': 0.13676581421267178, 'cuda_allocated_mb': 47, 'cuda_reserved_mb': 222, 'cuda_max_allocated_mb': 192}
{'event': 'validation_start', 'epoch': 1}
{'event': 'epoch_end', 'epoch': 1, 'early_stop_metric': 'val_composite', 'val_score': 0.661340473529436, 'val_auc': 0.8200309753417969, 'val_ap': 0.6042669352554333, 'val_ndcg': 0.9220630441452089, 'elapsed_sec': 16.933294113725424}
{'candidate': 'history_popularity_tinysearch_h96_r12_a12_p4x4_l1_neg1_lr0p001_hp0p8_freq40_rl0_m1_hinge', 'seed': 1, 'composite': nan, 'val_auc': 0.8200309753417969, 'val_ap': 0.6042669352554333, 'val_ndcg': 0.9220630441452089, 'train_loss': 2.108998478974326, 'train_lp': 0.46561765885454115, 'train_align': 310.24577618857563, 'train_kl': 895.8103392649505, 'train_ood_reg': 0.21809118076906367, 'train_meta': 0.4705706180657371, 'train_weighted_align': 1.5512288539291565, 'train_weighted_kl': 0.08958103184162056, 'train_weighted_ood_reg': 0.00021809119037135457, 'train_weighted_meta': 0.0023528530493761427}
{'event': 'candidate_summary', 'candidate': 'history_popularity_tinysearch_h96_r12_a12_p4x4_l1_neg1_lr0p001_hp0p8_freq40_rl0_m1_hinge', 'score': 0.661340473529436, 'passes_metric_minima': True, 'means': {'val_auc': 0.8200309753417969, 'val_ap': 0.6042669352554333, 'val_mrr': nan, 'val_hits@10': nan, 'val_ndcg': 0.9220630441452089}, 'seeds_completed': 1}
{'event': 'candidate_seed_start', 'candidate': 'history_popularity_tinysearch_h96_r12_a12_p4x4_l1_neg1_lr0p001_hp0p8_hybrid40_rl0_m1_hinge', 'seed': 1, 'device': 'cuda', 'node_text_device': 'cuda:0'}
{'event': 'train_seed_start', 'seed': 1, 'train_edges': 3244, 'val_edges': 6738, 'test_edges': 26719, 'num_nodes': 4197, 'num_relations': 19}
{'event': 'train_seed_tensors_ready', 'seed': 1, 'elapsed_sec': 0.004462335258722305, 'cuda_allocated_mb': 25, 'cuda_reserved_mb': 42, 'cuda_max_allocated_mb': 192}
{'event': 'train_known_facts_ready', 'seed': 1, 'scope': 'train', 'edges': 3244, 'elapsed_sec': 0.006075844168663025}
{'event': 'train_known_facts_ready', 'seed': 1, 'scope': 'train_val', 'edges': 9982, 'elapsed_sec': 0.007359247654676437}
{'event': 'train_sampler_ready', 'seed': 1, 'elapsed_sec': 0.008931588381528854}
{'event': 'val_sampler_ready', 'seed': 1, 'elapsed_sec': 0.010434027761220932}
{'event': 'epoch_start', 'epoch': 1, 'epochs': 1, 'batches': 118, 'time_groups': 118}
{'event': 'train_time_group', 'epoch': 1, 'time_group': 1, 'time_groups': 118, 'batch': 0, 'batches': 118, 'time_value': 600.0, 'group_batches': 1, 'history_edges': 0, 'elapsed_sec': 0.00478455051779747, 'cuda_allocated_mb': 25, 'cuda_reserved_mb': 44, 'cuda_max_allocated_mb': 192}
{'event': 'train_progress', 'epoch': 1, 'batch': 1, 'batches': 118, 'time_group': 1, 'time_groups': 118, 'history_edges': 0, 'pos_edges': 1, 'neg_edges': 1, 'loss_recent': 0.6795961260795593, 'elapsed_sec': 0.11160799860954285, 'avg_sec_per_batch': 0.11160799860954285, 'cuda_allocated_mb': 44, 'cuda_reserved_mb': 88, 'cuda_max_allocated_mb': 192}
{'event': 'train_progress', 'epoch': 1, 'batch': 100, 'batches': 118, 'time_group': 100, 'time_groups': 118, 'history_edges': 2144, 'pos_edges': 38, 'neg_edges': 38, 'loss_recent': 1.7417252835631372, 'elapsed_sec': 13.558252457529306, 'avg_sec_per_batch': 0.13558252457529307, 'cuda_allocated_mb': 46, 'cuda_reserved_mb': 202, 'cuda_max_allocated_mb': 192}
{'event': 'train_time_group', 'epoch': 1, 'time_group': 118, 'time_groups': 118, 'batch': 117, 'batches': 118, 'time_value': 1966.0, 'group_batches': 1, 'history_edges': 3153, 'elapsed_sec': 16.224511317908764, 'cuda_allocated_mb': 45, 'cuda_reserved_mb': 222, 'cuda_max_allocated_mb': 192}
{'event': 'train_progress', 'epoch': 1, 'batch': 118, 'batches': 118, 'time_group': 118, 'time_groups': 118, 'history_edges': 3153, 'pos_edges': 91, 'neg_edges': 91, 'loss_recent': 2.324513722360134, 'elapsed_sec': 16.402659878134727, 'avg_sec_per_batch': 0.13900559218758243, 'cuda_allocated_mb': 47, 'cuda_reserved_mb': 222, 'cuda_max_allocated_mb': 192}
{'event': 'validation_start', 'epoch': 1}
{'event': 'epoch_end', 'epoch': 1, 'early_stop_metric': 'val_composite', 'val_score': 0.6490551287114066, 'val_auc': 0.7899345397949219, 'val_ap': 0.5992193561345549, 'val_ndcg': 0.909613917510632, 'elapsed_sec': 17.213155832141638}
{'candidate': 'history_popularity_tinysearch_h96_r12_a12_p4x4_l1_neg1_lr0p001_hp0p8_hybrid40_rl0_m1_hinge', 'seed': 1, 'composite': nan, 'val_auc': 0.7899345397949219, 'val_ap': 0.5992193561345549, 'val_ndcg': 0.909613917510632, 'train_loss': 2.075669139876204, 'train_lp': 0.4402785979337611, 'train_align': 309.00696216801464, 'train_kl': 879.0703018317788, 'train_ood_reg': 0.2193334819906849, 'train_meta': 0.4458772224389901, 'train_weighted_align': 1.5450347784543568, 'train_weighted_kl': 0.08790702778072554, 'train_weighted_ood_reg': 0.0002193334926772168, 'train_weighted_meta': 0.0022293860690867514}
{'event': 'candidate_summary', 'candidate': 'history_popularity_tinysearch_h96_r12_a12_p4x4_l1_neg1_lr0p001_hp0p8_hybrid40_rl0_m1_hinge', 'score': 0.6490551287114066, 'passes_metric_minima': True, 'means': {'val_auc': 0.7899345397949219, 'val_ap': 0.5992193561345549, 'val_mrr': nan, 'val_hits@10': nan, 'val_ndcg': 0.909613917510632}, 'seeds_completed': 1}
