runtime_device=cuda
cuda_device=Tesla V100-PCIE-32GB
{'event': 'seed_start', 'dataset': 'tkgl-yago', 'ablation': 'full', 'seed': 1, 'device': 'cuda', 'node_text_device': 'cuda:0'}
{'event': 'train_seed_start', 'seed': 1, 'train_edges': 323080, 'val_edges': 39046, 'test_edges': 40052, 'num_nodes': 10585, 'num_relations': 20}
{'event': 'train_seed_tensors_ready', 'seed': 1, 'elapsed_sec': 0.011731799691915512, 'cuda_allocated_mb': 22, 'cuda_reserved_mb': 24, 'cuda_max_allocated_mb': 22}
{'event': 'train_known_facts_ready', 'seed': 1, 'scope': 'train', 'edges': 323080, 'elapsed_sec': 0.055625759065151215}
{'event': 'train_known_facts_ready', 'seed': 1, 'scope': 'train_val', 'edges': 362126, 'elapsed_sec': 0.11317889392375946}
{'event': 'train_sampler_ready', 'seed': 1, 'elapsed_sec': 0.21327966451644897}
{'event': 'val_sampler_ready', 'seed': 1, 'elapsed_sec': 0.30731453746557236}
{'event': 'epoch_start', 'epoch': 1, 'epochs': 24, 'batches': 195, 'time_groups': 178}
{'event': 'train_time_group', 'epoch': 1, 'time_group': 1, 'time_groups': 178, 'batch': 0, 'batches': 195, 'time_value': 0.0, 'group_batches': 1, 'history_edges': 0, 'elapsed_sec': 0.041040994226932526, 'cuda_allocated_mb': 30, 'cuda_reserved_mb': 44, 'cuda_max_allocated_mb': 30}
{'event': 'train_progress', 'epoch': 1, 'batch': 1, 'batches': 195, 'time_group': 1, 'time_groups': 178, 'history_edges': 0, 'pos_edges': 942, 'neg_edges': 942, 'loss_recent': 62.110843658447266, 'elapsed_sec': 2.165710687637329, 'avg_sec_per_batch': 2.165710687637329, 'cuda_allocated_mb': 134, 'cuda_reserved_mb': 390, 'cuda_max_allocated_mb': 362}
{'event': 'train_progress', 'epoch': 1, 'batch': 100, 'batches': 195, 'time_group': 100, 'time_groups': 178, 'history_edges': 64610, 'pos_edges': 1538, 'neg_edges': 1538, 'loss_recent': 36.914214763641354, 'elapsed_sec': 85.90448088571429, 'avg_sec_per_batch': 0.859044808857143, 'cuda_allocated_mb': 156, 'cuda_reserved_mb': 1760, 'cuda_max_allocated_mb': 1637}
{'event': 'train_progress', 'epoch': 1, 'batch': 151, 'batches': 195, 'time_group': 151, 'time_groups': 178, 'history_edges': 188944, 'pos_edges': 3386, 'neg_edges': 3386, 'loss_recent': 89.38362155914307, 'elapsed_sec': 209.3014895580709, 'avg_sec_per_batch': 1.3861025798547741, 'cuda_allocated_mb': 220, 'cuda_reserved_mb': 4172, 'cuda_max_allocated_mb': 4108}
{'event': 'train_progress', 'epoch': 1, 'batch': 192, 'batches': 195, 'time_group': 177, 'time_groups': 178, 'history_edges': 308632, 'pos_edges': 4096, 'neg_edges': 4096, 'loss_recent': 138.15193258047103, 'elapsed_sec': 330.4754194878042, 'avg_sec_per_batch': 1.7212261431656468, 'cuda_allocated_mb': 220, 'cuda_reserved_mb': 6360, 'cuda_max_allocated_mb': 6264}
{'event': 'train_time_group', 'epoch': 1, 'time_group': 178, 'time_groups': 178, 'batch': 193, 'batches': 195, 'time_value': 177.0, 'group_batches': 2, 'history_edges': 315692, 'elapsed_sec': 333.6373986452818, 'cuda_allocated_mb': 91, 'cuda_reserved_mb': 6360, 'cuda_max_allocated_mb': 6264}
{'event': 'train_progress', 'epoch': 1, 'batch': 195, 'batches': 195, 'time_group': 178, 'time_groups': 178, 'history_edges': 315692, 'pos_edges': 3292, 'neg_edges': 3292, 'loss_recent': 142.04822194814682, 'elapsed_sec': 341.0911672897637, 'avg_sec_per_batch': 1.7491854732808394, 'cuda_allocated_mb': 221, 'cuda_reserved_mb': 6480, 'cuda_max_allocated_mb': 6378}
{'event': 'validation_start', 'epoch': 1}
{'event': 'validation_ranking_start', 'epoch': 1, 'max_edges': 75}
{'event': 'epoch_end', 'epoch': 1, 'early_stop_metric': 'val_composite', 'val_score': 0.8993894024067771, 'val_auc': 0.9420503749350032, 'val_ap': 0.8683860299956814, 'val_ndcg': 0.9819637828532866, 'val_mrr': 0.8823318684173588, 'val_hits@1': 0.86, 'val_hits@10': 0.9133333333333333, 'val_hits@50': 0.9133333333333333, 'val_hits@100': 0.92, 'elapsed_sec': 541.6868593394756}
{'event': 'epoch_start', 'epoch': 2, 'epochs': 24, 'batches': 195, 'time_groups': 178}
{'event': 'train_time_group', 'epoch': 2, 'time_group': 1, 'time_groups': 178, 'batch': 0, 'batches': 195, 'time_value': 0.0, 'group_batches': 1, 'history_edges': 0, 'elapsed_sec': 0.06405893713235855, 'cuda_allocated_mb': 91, 'cuda_reserved_mb': 6564, 'cuda_max_allocated_mb': 6378}
{'event': 'train_progress', 'epoch': 2, 'batch': 1, 'batches': 195, 'time_group': 1, 'time_groups': 178, 'history_edges': 0, 'pos_edges': 942, 'neg_edges': 942, 'loss_recent': 60.78395080566406, 'elapsed_sec': 1.1085503585636616, 'avg_sec_per_batch': 1.1085503585636616, 'cuda_allocated_mb': 135, 'cuda_reserved_mb': 6564, 'cuda_max_allocated_mb': 6378}
{'event': 'train_progress', 'epoch': 2, 'batch': 100, 'batches': 195, 'time_group': 100, 'time_groups': 178, 'history_edges': 64610, 'pos_edges': 1538, 'neg_edges': 1538, 'loss_recent': 31.30311637878418, 'elapsed_sec': 83.15857043489814, 'avg_sec_per_batch': 0.8315857043489814, 'cuda_allocated_mb': 154, 'cuda_reserved_mb': 6564, 'cuda_max_allocated_mb': 6378}
{'event': 'train_progress', 'epoch': 2, 'batch': 149, 'batches': 195, 'time_group': 149, 'time_groups': 178, 'history_edges': 182428, 'pos_edges': 3250, 'neg_edges': 3250, 'loss_recent': 74.65346584320068, 'elapsed_sec': 203.58678760379553, 'avg_sec_per_batch': 1.3663542792201042, 'cuda_allocated_mb': 219, 'cuda_reserved_mb': 6564, 'cuda_max_allocated_mb': 6378}
{'event': 'train_time_group', 'epoch': 2, 'time_group': 178, 'time_groups': 178, 'batch': 193, 'batches': 195, 'time_value': 177.0, 'group_batches': 2, 'history_edges': 315692, 'elapsed_sec': 319.8746841326356, 'cuda_allocated_mb': 91, 'cuda_reserved_mb': 6564, 'cuda_max_allocated_mb': 6378}
{'event': 'train_progress', 'epoch': 2, 'batch': 195, 'batches': 195, 'time_group': 178, 'time_groups': 178, 'history_edges': 315692, 'pos_edges': 3292, 'neg_edges': 3292, 'loss_recent': 121.48865669250489, 'elapsed_sec': 325.6725049242377, 'avg_sec_per_batch': 1.6701154098678859, 'cuda_allocated_mb': 220, 'cuda_reserved_mb': 6564, 'cuda_max_allocated_mb': 6385}
{'event': 'validation_start', 'epoch': 2}
{'event': 'validation_ranking_start', 'epoch': 2, 'max_edges': 75}
{'event': 'epoch_end', 'epoch': 2, 'early_stop_metric': 'val_composite', 'val_score': 0.89923382971373, 'val_auc': 0.9412758165880698, 'val_ap': 0.8643562215526175, 'val_ndcg': 0.9813749692439272, 'val_mrr': 0.8834248841207493, 'val_hits@1': 0.86, 'val_hits@10': 0.9133333333333333, 'val_hits@50': 0.9133333333333333, 'val_hits@100': 0.92, 'elapsed_sec': 514.3142059743404}
{'event': 'epoch_start', 'epoch': 3, 'epochs': 24, 'batches': 195, 'time_groups': 178}
{'event': 'train_time_group', 'epoch': 3, 'time_group': 1, 'time_groups': 178, 'batch': 0, 'batches': 195, 'time_value': 0.0, 'group_batches': 1, 'history_edges': 0, 'elapsed_sec': 0.06281990930438042, 'cuda_allocated_mb': 91, 'cuda_reserved_mb': 6564, 'cuda_max_allocated_mb': 6385}
{'event': 'train_progress', 'epoch': 3, 'batch': 1, 'batches': 195, 'time_group': 1, 'time_groups': 178, 'history_edges': 0, 'pos_edges': 942, 'neg_edges': 942, 'loss_recent': 63.90126419067383, 'elapsed_sec': 1.0815171375870705, 'avg_sec_per_batch': 1.0815171375870705, 'cuda_allocated_mb': 135, 'cuda_reserved_mb': 6564, 'cuda_max_allocated_mb': 6385}
{'event': 'train_progress', 'epoch': 3, 'batch': 100, 'batches': 195, 'time_group': 100, 'time_groups': 178, 'history_edges': 64610, 'pos_edges': 1538, 'neg_edges': 1538, 'loss_recent': 26.739542245864868, 'elapsed_sec': 82.60767138004303, 'avg_sec_per_batch': 0.8260767138004304, 'cuda_allocated_mb': 153, 'cuda_reserved_mb': 6564, 'cuda_max_allocated_mb': 6385}
{'event': 'train_progress', 'epoch': 3, 'batch': 150, 'batches': 195, 'time_group': 150, 'time_groups': 178, 'history_edges': 185678, 'pos_edges': 3266, 'neg_edges': 3266, 'loss_recent': 65.15385004043578, 'elapsed_sec': 205.68132311105728, 'avg_sec_per_batch': 1.3712088207403819, 'cuda_allocated_mb': 218, 'cuda_reserved_mb': 6564, 'cuda_max_allocated_mb': 6385}
{'event': 'train_time_group', 'epoch': 3, 'time_group': 178, 'time_groups': 178, 'batch': 193, 'batches': 195, 'time_value': 177.0, 'group_batches': 2, 'history_edges': 315692, 'elapsed_sec': 320.02788373455405, 'cuda_allocated_mb': 91, 'cuda_reserved_mb': 6564, 'cuda_max_allocated_mb': 6385}
{'event': 'train_progress', 'epoch': 3, 'batch': 195, 'batches': 195, 'time_group': 178, 'time_groups': 178, 'history_edges': 315692, 'pos_edges': 3292, 'neg_edges': 3292, 'loss_recent': 105.78846859812737, 'elapsed_sec': 325.29778998345137, 'avg_sec_per_batch': 1.66819379478693, 'cuda_allocated_mb': 220, 'cuda_reserved_mb': 6564, 'cuda_max_allocated_mb': 6385}
{'event': 'validation_start', 'epoch': 3}
{'event': 'validation_ranking_start', 'epoch': 3, 'max_edges': 75}
{'event': 'epoch_end', 'epoch': 3, 'early_stop_metric': 'val_composite', 'val_score': 0.8996866666996556, 'val_auc': 0.9440032444759731, 'val_ap': 0.8706103077294092, 'val_ndcg': 0.9823899029080387, 'val_mrr': 0.8819786027179501, 'val_hits@1': 0.86, 'val_hits@10': 0.9133333333333333, 'val_hits@50': 0.9133333333333333, 'val_hits@100': 0.9133333333333333, 'elapsed_sec': 508.831460788846}
{'event': 'epoch_start', 'epoch': 4, 'epochs': 24, 'batches': 195, 'time_groups': 178}
{'event': 'train_time_group', 'epoch': 4, 'time_group': 1, 'time_groups': 178, 'batch': 0, 'batches': 195, 'time_value': 0.0, 'group_batches': 1, 'history_edges': 0, 'elapsed_sec': 0.05850544944405556, 'cuda_allocated_mb': 91, 'cuda_reserved_mb': 6564, 'cuda_max_allocated_mb': 6385}
{'event': 'train_progress', 'epoch': 4, 'batch': 1, 'batches': 195, 'time_group': 1, 'time_groups': 178, 'history_edges': 0, 'pos_edges': 942, 'neg_edges': 942, 'loss_recent': 69.78915405273438, 'elapsed_sec': 1.0849173329770565, 'avg_sec_per_batch': 1.0849173329770565, 'cuda_allocated_mb': 135, 'cuda_reserved_mb': 6564, 'cuda_max_allocated_mb': 6385}
{'event': 'train_progress', 'epoch': 4, 'batch': 100, 'batches': 195, 'time_group': 100, 'time_groups': 178, 'history_edges': 64610, 'pos_edges': 1538, 'neg_edges': 1538, 'loss_recent': 23.860630760192873, 'elapsed_sec': 81.61635789647698, 'avg_sec_per_batch': 0.8161635789647699, 'cuda_allocated_mb': 154, 'cuda_reserved_mb': 6564, 'cuda_max_allocated_mb': 6385}
{'event': 'train_progress', 'epoch': 4, 'batch': 153, 'batches': 195, 'time_group': 153, 'time_groups': 178, 'history_edges': 195742, 'pos_edges': 3424, 'neg_edges': 3424, 'loss_recent': 62.05273462295532, 'elapsed_sec': 205.33973478898406, 'avg_sec_per_batch': 1.3420897698626408, 'cuda_allocated_mb': 219, 'cuda_reserved_mb': 6564, 'cuda_max_allocated_mb': 6385}
{'event': 'train_time_group', 'epoch': 4, 'time_group': 178, 'time_groups': 178, 'batch': 193, 'batches': 195, 'time_value': 177.0, 'group_batches': 2, 'history_edges': 315692, 'elapsed_sec': 303.7480505183339, 'cuda_allocated_mb': 91, 'cuda_reserved_mb': 6564, 'cuda_max_allocated_mb': 6385}
{'event': 'train_progress', 'epoch': 4, 'batch': 195, 'batches': 195, 'time_group': 178, 'time_groups': 178, 'history_edges': 315692, 'pos_edges': 3292, 'neg_edges': 3292, 'loss_recent': 96.90998872160911, 'elapsed_sec': 307.53890868648887, 'avg_sec_per_batch': 1.577122608648661, 'cuda_allocated_mb': 220, 'cuda_reserved_mb': 6564, 'cuda_max_allocated_mb': 6385}
{'event': 'validation_start', 'epoch': 4}
{'event': 'validation_ranking_start', 'epoch': 4, 'max_edges': 75}
{'event': 'epoch_end', 'epoch': 4, 'early_stop_metric': 'val_composite', 'val_score': 0.9013344781361196, 'val_auc': 0.9465523076367629, 'val_ap': 0.8773252623249436, 'val_ndcg': 0.9834129297227042, 'val_mrr': 0.8828002275332054, 'val_hits@1': 0.86, 'val_hits@10': 0.9133333333333333, 'val_hits@50': 0.9133333333333333, 'val_hits@100': 0.9133333333333333, 'elapsed_sec': 491.08632349967957}
{'event': 'epoch_start', 'epoch': 5, 'epochs': 24, 'batches': 195, 'time_groups': 178}
{'event': 'train_time_group', 'epoch': 5, 'time_group': 1, 'time_groups': 178, 'batch': 0, 'batches': 195, 'time_value': 0.0, 'group_batches': 1, 'history_edges': 0, 'elapsed_sec': 0.06171514838933945, 'cuda_allocated_mb': 91, 'cuda_reserved_mb': 6564, 'cuda_max_allocated_mb': 6385}
{'event': 'train_progress', 'epoch': 5, 'batch': 1, 'batches': 195, 'time_group': 1, 'time_groups': 178, 'history_edges': 0, 'pos_edges': 942, 'neg_edges': 942, 'loss_recent': 80.6634292602539, 'elapsed_sec': 1.047594953328371, 'avg_sec_per_batch': 1.047594953328371, 'cuda_allocated_mb': 135, 'cuda_reserved_mb': 6564, 'cuda_max_allocated_mb': 6385}
{'event': 'train_progress', 'epoch': 5, 'batch': 100, 'batches': 195, 'time_group': 100, 'time_groups': 178, 'history_edges': 64610, 'pos_edges': 1538, 'neg_edges': 1538, 'loss_recent': 22.155420694351196, 'elapsed_sec': 75.63096765428782, 'avg_sec_per_batch': 0.7563096765428782, 'cuda_allocated_mb': 154, 'cuda_reserved_mb': 6564, 'cuda_max_allocated_mb': 6385}
{'event': 'train_progress', 'epoch': 5, 'batch': 151, 'batches': 195, 'time_group': 151, 'time_groups': 178, 'history_edges': 188944, 'pos_edges': 3386, 'neg_edges': 3386, 'loss_recent': 56.4157720375061, 'elapsed_sec': 199.2352648563683, 'avg_sec_per_batch': 1.3194388401083994, 'cuda_allocated_mb': 219, 'cuda_reserved_mb': 6564, 'cuda_max_allocated_mb': 6385}
{'event': 'train_time_group', 'epoch': 5, 'time_group': 178, 'time_groups': 178, 'batch': 193, 'batches': 195, 'time_value': 177.0, 'group_batches': 2, 'history_edges': 315692, 'elapsed_sec': 308.4416230916977, 'cuda_allocated_mb': 91, 'cuda_reserved_mb': 6564, 'cuda_max_allocated_mb': 6385}
{'event': 'train_progress', 'epoch': 5, 'batch': 195, 'batches': 195, 'time_group': 178, 'time_groups': 178, 'history_edges': 315692, 'pos_edges': 3292, 'neg_edges': 3292, 'loss_recent': 92.48095083475113, 'elapsed_sec': 312.1901264153421, 'avg_sec_per_batch': 1.6009750072581646, 'cuda_allocated_mb': 220, 'cuda_reserved_mb': 6564, 'cuda_max_allocated_mb': 6385}
{'event': 'validation_start', 'epoch': 5}
{'event': 'validation_ranking_start', 'epoch': 5, 'max_edges': 75}
{'event': 'epoch_end', 'epoch': 5, 'early_stop_metric': 'val_composite', 'val_score': 0.902437697288195, 'val_auc': 0.9479257089385459, 'val_ap': 0.8819097430281947, 'val_ndcg': 0.9840330531791173, 'val_mrr': 0.8833699568049203, 'val_hits@1': 0.86, 'val_hits@10': 0.9133333333333333, 'val_hits@50': 0.9133333333333333, 'val_hits@100': 0.9133333333333333, 'elapsed_sec': 498.7117973677814}
{'event': 'epoch_start', 'epoch': 6, 'epochs': 24, 'batches': 195, 'time_groups': 178}
{'event': 'train_time_group', 'epoch': 6, 'time_group': 1, 'time_groups': 178, 'batch': 0, 'batches': 195, 'time_value': 0.0, 'group_batches': 1, 'history_edges': 0, 'elapsed_sec': 0.060264695435762405, 'cuda_allocated_mb': 91, 'cuda_reserved_mb': 6564, 'cuda_max_allocated_mb': 6385}
{'event': 'train_progress', 'epoch': 6, 'batch': 1, 'batches': 195, 'time_group': 1, 'time_groups': 178, 'history_edges': 0, 'pos_edges': 942, 'neg_edges': 942, 'loss_recent': 92.54492950439453, 'elapsed_sec': 1.0425971448421478, 'avg_sec_per_batch': 1.0425971448421478, 'cuda_allocated_mb': 135, 'cuda_reserved_mb': 6564, 'cuda_max_allocated_mb': 6385}
{'event': 'train_progress', 'epoch': 6, 'batch': 100, 'batches': 195, 'time_group': 100, 'time_groups': 178, 'history_edges': 64610, 'pos_edges': 1538, 'neg_edges': 1538, 'loss_recent': 21.32043270111084, 'elapsed_sec': 77.12255689501762, 'avg_sec_per_batch': 0.7712255689501762, 'cuda_allocated_mb': 155, 'cuda_reserved_mb': 6564, 'cuda_max_allocated_mb': 6385}
{'event': 'train_progress', 'epoch': 6, 'batch': 152, 'batches': 195, 'time_group': 152, 'time_groups': 178, 'history_edges': 192330, 'pos_edges': 3412, 'neg_edges': 3412, 'loss_recent': 55.76574549674988, 'elapsed_sec': 198.84350503608584, 'avg_sec_per_batch': 1.3081809541847753, 'cuda_allocated_mb': 219, 'cuda_reserved_mb': 6564, 'cuda_max_allocated_mb': 6385}
{'event': 'train_time_group', 'epoch': 6, 'time_group': 178, 'time_groups': 178, 'batch': 193, 'batches': 195, 'time_value': 177.0, 'group_batches': 2, 'history_edges': 315692, 'elapsed_sec': 304.0076897107065, 'cuda_allocated_mb': 91, 'cuda_reserved_mb': 6564, 'cuda_max_allocated_mb': 6385}
{'event': 'train_progress', 'epoch': 6, 'batch': 195, 'batches': 195, 'time_group': 178, 'time_groups': 178, 'history_edges': 315692, 'pos_edges': 3292, 'neg_edges': 3292, 'loss_recent': 90.62044615387917, 'elapsed_sec': 307.9078271947801, 'avg_sec_per_batch': 1.5790144984347698, 'cuda_allocated_mb': 220, 'cuda_reserved_mb': 6564, 'cuda_max_allocated_mb': 6385}
{'event': 'validation_start', 'epoch': 6}
{'event': 'validation_ranking_start', 'epoch': 6, 'max_edges': 75}
{'event': 'epoch_end', 'epoch': 6, 'early_stop_metric': 'val_composite', 'val_score': 0.9022148038561439, 'val_auc': 0.948712198820263, 'val_ap': 0.8837468397100472, 'val_ndcg': 0.9842628082242214, 'val_mrr': 0.88224844093907, 'val_hits@1': 0.86, 'val_hits@10': 0.9133333333333333, 'val_hits@50': 0.9133333333333333, 'val_hits@100': 0.9133333333333333, 'elapsed_sec': 487.36091228201985}
{'event': 'epoch_start', 'epoch': 7, 'epochs': 24, 'batches': 195, 'time_groups': 178}
{'event': 'train_time_group', 'epoch': 7, 'time_group': 1, 'time_groups': 178, 'batch': 0, 'batches': 195, 'time_value': 0.0, 'group_batches': 1, 'history_edges': 0, 'elapsed_sec': 0.0556914284825325, 'cuda_allocated_mb': 91, 'cuda_reserved_mb': 6564, 'cuda_max_allocated_mb': 6385}
{'event': 'train_progress', 'epoch': 7, 'batch': 1, 'batches': 195, 'time_group': 1, 'time_groups': 178, 'history_edges': 0, 'pos_edges': 942, 'neg_edges': 942, 'loss_recent': 105.58920288085938, 'elapsed_sec': 1.0145180597901344, 'avg_sec_per_batch': 1.0145180597901344, 'cuda_allocated_mb': 135, 'cuda_reserved_mb': 6564, 'cuda_max_allocated_mb': 6385}
{'event': 'train_progress', 'epoch': 7, 'batch': 100, 'batches': 195, 'time_group': 100, 'time_groups': 178, 'history_edges': 64610, 'pos_edges': 1538, 'neg_edges': 1538, 'loss_recent': 20.88399670600891, 'elapsed_sec': 79.43425976112485, 'avg_sec_per_batch': 0.7943425976112485, 'cuda_allocated_mb': 154, 'cuda_reserved_mb': 6564, 'cuda_max_allocated_mb': 6385}
{'event': 'train_progress', 'epoch': 7, 'batch': 152, 'batches': 195, 'time_group': 152, 'time_groups': 178, 'history_edges': 192330, 'pos_edges': 3412, 'neg_edges': 3412, 'loss_recent': 54.9470028591156, 'elapsed_sec': 199.52204167097807, 'avg_sec_per_batch': 1.3126450109932768, 'cuda_allocated_mb': 219, 'cuda_reserved_mb': 6564, 'cuda_max_allocated_mb': 6385}
{'event': 'train_time_group', 'epoch': 7, 'time_group': 178, 'time_groups': 178, 'batch': 193, 'batches': 195, 'time_value': 177.0, 'group_batches': 2, 'history_edges': 315692, 'elapsed_sec': 317.99233520403504, 'cuda_allocated_mb': 91, 'cuda_reserved_mb': 6564, 'cuda_max_allocated_mb': 6385}
{'event': 'train_progress', 'epoch': 7, 'batch': 195, 'batches': 195, 'time_group': 178, 'time_groups': 178, 'history_edges': 315692, 'pos_edges': 3292, 'neg_edges': 3292, 'loss_recent': 89.60659439563752, 'elapsed_sec': 322.68688091635704, 'avg_sec_per_batch': 1.6548045175197796, 'cuda_allocated_mb': 220, 'cuda_reserved_mb': 6564, 'cuda_max_allocated_mb': 6385}
{'event': 'validation_start', 'epoch': 7}
{'event': 'validation_ranking_start', 'epoch': 7, 'max_edges': 75}
{'event': 'epoch_end', 'epoch': 7, 'early_stop_metric': 'val_composite', 'val_score': 0.9037496995157832, 'val_auc': 0.9506730657238499, 'val_ap': 0.8888624985335855, 'val_ndcg': 0.9849826876980194, 'val_mrr': 0.8834434720261686, 'val_hits@1': 0.86, 'val_hits@10': 0.9133333333333333, 'val_hits@50': 0.9133333333333333, 'val_hits@100': 0.92, 'elapsed_sec': 511.86457032337785}
{'event': 'epoch_start', 'epoch': 8, 'epochs': 24, 'batches': 195, 'time_groups': 178}
{'event': 'train_time_group', 'epoch': 8, 'time_group': 1, 'time_groups': 178, 'batch': 0, 'batches': 195, 'time_value': 0.0, 'group_batches': 1, 'history_edges': 0, 'elapsed_sec': 0.33061308786273, 'cuda_allocated_mb': 91, 'cuda_reserved_mb': 6564, 'cuda_max_allocated_mb': 6385}
{'event': 'train_progress', 'epoch': 8, 'batch': 1, 'batches': 195, 'time_group': 1, 'time_groups': 178, 'history_edges': 0, 'pos_edges': 942, 'neg_edges': 942, 'loss_recent': 118.08610534667969, 'elapsed_sec': 1.3483533784747124, 'avg_sec_per_batch': 1.3483533784747124, 'cuda_allocated_mb': 135, 'cuda_reserved_mb': 6564, 'cuda_max_allocated_mb': 6385}
{'event': 'train_progress', 'epoch': 8, 'batch': 100, 'batches': 195, 'time_group': 100, 'time_groups': 178, 'history_edges': 64610, 'pos_edges': 1538, 'neg_edges': 1538, 'loss_recent': 20.765940847396852, 'elapsed_sec': 79.88925583660603, 'avg_sec_per_batch': 0.7988925583660602, 'cuda_allocated_mb': 153, 'cuda_reserved_mb': 6564, 'cuda_max_allocated_mb': 6385}
{'event': 'train_progress', 'epoch': 8, 'batch': 150, 'batches': 195, 'time_group': 150, 'time_groups': 178, 'history_edges': 185678, 'pos_edges': 3266, 'neg_edges': 3266, 'loss_recent': 52.57468309402466, 'elapsed_sec': 201.46693728491664, 'avg_sec_per_batch': 1.3431129152327776, 'cuda_allocated_mb': 219, 'cuda_reserved_mb': 6564, 'cuda_max_allocated_mb': 6385}
{'event': 'train_time_group', 'epoch': 8, 'time_group': 178, 'time_groups': 178, 'batch': 193, 'batches': 195, 'time_value': 177.0, 'group_batches': 2, 'history_edges': 315692, 'elapsed_sec': 314.17876302078366, 'cuda_allocated_mb': 91, 'cuda_reserved_mb': 6564, 'cuda_max_allocated_mb': 6385}
{'event': 'train_progress', 'epoch': 8, 'batch': 195, 'batches': 195, 'time_group': 178, 'time_groups': 178, 'history_edges': 315692, 'pos_edges': 3292, 'neg_edges': 3292, 'loss_recent': 88.94812213540077, 'elapsed_sec': 320.6255777217448, 'avg_sec_per_batch': 1.6442337319063836, 'cuda_allocated_mb': 220, 'cuda_reserved_mb': 6564, 'cuda_max_allocated_mb': 6386}
{'event': 'validation_start', 'epoch': 8}
{'event': 'validation_ranking_start', 'epoch': 8, 'max_edges': 75}
{'event': 'epoch_end', 'epoch': 8, 'early_stop_metric': 'val_composite', 'val_score': 0.9062743108062459, 'val_auc': 0.9512305918360027, 'val_ap': 0.8905636830214116, 'val_ndcg': 0.9851370615575694, 'val_mrr': 0.8878957118776207, 'val_hits@1': 0.8666666666666667, 'val_hits@10': 0.9133333333333333, 'val_hits@50': 0.9133333333333333, 'val_hits@100': 0.92, 'elapsed_sec': 495.76707892119884}
{'event': 'epoch_start', 'epoch': 9, 'epochs': 24, 'batches': 195, 'time_groups': 178}
{'event': 'train_time_group', 'epoch': 9, 'time_group': 1, 'time_groups': 178, 'batch': 0, 'batches': 195, 'time_value': 0.0, 'group_batches': 1, 'history_edges': 0, 'elapsed_sec': 0.05435152351856232, 'cuda_allocated_mb': 91, 'cuda_reserved_mb': 6564, 'cuda_max_allocated_mb': 6386}
{'event': 'train_progress', 'epoch': 9, 'batch': 1, 'batches': 195, 'time_group': 1, 'time_groups': 178, 'history_edges': 0, 'pos_edges': 942, 'neg_edges': 942, 'loss_recent': 131.80760192871094, 'elapsed_sec': 1.0963590890169144, 'avg_sec_per_batch': 1.0963590890169144, 'cuda_allocated_mb': 135, 'cuda_reserved_mb': 6564, 'cuda_max_allocated_mb': 6386}
{'event': 'train_progress', 'epoch': 9, 'batch': 100, 'batches': 195, 'time_group': 100, 'time_groups': 178, 'history_edges': 64610, 'pos_edges': 1538, 'neg_edges': 1538, 'loss_recent': 20.688508567810057, 'elapsed_sec': 76.39584742113948, 'avg_sec_per_batch': 0.7639584742113947, 'cuda_allocated_mb': 154, 'cuda_reserved_mb': 6564, 'cuda_max_allocated_mb': 6386}
{'event': 'train_progress', 'epoch': 9, 'batch': 153, 'batches': 195, 'time_group': 153, 'time_groups': 178, 'history_edges': 195742, 'pos_edges': 3424, 'neg_edges': 3424, 'loss_recent': 55.01447185516358, 'elapsed_sec': 196.78549183905125, 'avg_sec_per_batch': 1.286179685222557, 'cuda_allocated_mb': 219, 'cuda_reserved_mb': 6564, 'cuda_max_allocated_mb': 6386}
{'event': 'train_time_group', 'epoch': 9, 'time_group': 178, 'time_groups': 178, 'batch': 193, 'batches': 195, 'time_value': 177.0, 'group_batches': 2, 'history_edges': 315692, 'elapsed_sec': 291.63993648439646, 'cuda_allocated_mb': 91, 'cuda_reserved_mb': 6564, 'cuda_max_allocated_mb': 6386}
{'event': 'train_progress', 'epoch': 9, 'batch': 195, 'batches': 195, 'time_group': 178, 'time_groups': 178, 'history_edges': 315692, 'pos_edges': 3292, 'neg_edges': 3292, 'loss_recent': 88.36158187747002, 'elapsed_sec': 297.3492223806679, 'avg_sec_per_batch': 1.5248678070803483, 'cuda_allocated_mb': 220, 'cuda_reserved_mb': 6564, 'cuda_max_allocated_mb': 6386}
{'event': 'validation_start', 'epoch': 9}
{'event': 'validation_ranking_start', 'epoch': 9, 'max_edges': 75}
{'event': 'epoch_end', 'epoch': 9, 'early_stop_metric': 'val_composite', 'val_score': 0.904702180221284, 'val_auc': 0.9520495900945485, 'val_ap': 0.8909934004017279, 'val_ndcg': 0.9852206947988927, 'val_mrr': 0.8845239090194829, 'val_hits@1': 0.86, 'val_hits@10': 0.9133333333333333, 'val_hits@50': 0.9133333333333333, 'val_hits@100': 0.9133333333333333, 'elapsed_sec': 453.1470440328121}
{'event': 'epoch_start', 'epoch': 10, 'epochs': 24, 'batches': 195, 'time_groups': 178}
{'event': 'train_time_group', 'epoch': 10, 'time_group': 1, 'time_groups': 178, 'batch': 0, 'batches': 195, 'time_value': 0.0, 'group_batches': 1, 'history_edges': 0, 'elapsed_sec': 0.05926046147942543, 'cuda_allocated_mb': 91, 'cuda_reserved_mb': 6564, 'cuda_max_allocated_mb': 6386}
{'event': 'train_progress', 'epoch': 10, 'batch': 1, 'batches': 195, 'time_group': 1, 'time_groups': 178, 'history_edges': 0, 'pos_edges': 942, 'neg_edges': 942, 'loss_recent': 150.90782165527344, 'elapsed_sec': 1.0601845681667328, 'avg_sec_per_batch': 1.0601845681667328, 'cuda_allocated_mb': 136, 'cuda_reserved_mb': 6564, 'cuda_max_allocated_mb': 6386}
{'event': 'train_progress', 'epoch': 10, 'batch': 100, 'batches': 195, 'time_group': 100, 'time_groups': 178, 'history_edges': 64610, 'pos_edges': 1538, 'neg_edges': 1538, 'loss_recent': 20.770234031677248, 'elapsed_sec': 77.64223755523562, 'avg_sec_per_batch': 0.7764223755523563, 'cuda_allocated_mb': 154, 'cuda_reserved_mb': 6564, 'cuda_max_allocated_mb': 6386}
{'event': 'train_progress', 'epoch': 10, 'batch': 153, 'batches': 195, 'time_group': 153, 'time_groups': 178, 'history_edges': 195742, 'pos_edges': 3424, 'neg_edges': 3424, 'loss_recent': 54.84320122718811, 'elapsed_sec': 198.09093050658703, 'avg_sec_per_batch': 1.29471196409534, 'cuda_allocated_mb': 219, 'cuda_reserved_mb': 6564, 'cuda_max_allocated_mb': 6386}
{'event': 'train_time_group', 'epoch': 10, 'time_group': 178, 'time_groups': 178, 'batch': 193, 'batches': 195, 'time_value': 177.0, 'group_batches': 2, 'history_edges': 315692, 'elapsed_sec': 292.4408489950001, 'cuda_allocated_mb': 91, 'cuda_reserved_mb': 6564, 'cuda_max_allocated_mb': 6386}
{'event': 'train_progress', 'epoch': 10, 'batch': 195, 'batches': 195, 'time_group': 178, 'time_groups': 178, 'history_edges': 315692, 'pos_edges': 3292, 'neg_edges': 3292, 'loss_recent': 88.19115966200829, 'elapsed_sec': 297.6173886694014, 'avg_sec_per_batch': 1.5262430188174432, 'cuda_allocated_mb': 220, 'cuda_reserved_mb': 6564, 'cuda_max_allocated_mb': 6393}
{'event': 'validation_start', 'epoch': 10}
{'event': 'validation_ranking_start', 'epoch': 10, 'max_edges': 75}
{'event': 'epoch_end', 'epoch': 10, 'early_stop_metric': 'val_composite', 'val_score': 0.9038141717594391, 'val_auc': 0.9524685863501952, 'val_ap': 0.8922275020428742, 'val_ndcg': 0.9854152190506933, 'val_mrr': 0.8822968571275245, 'val_hits@1': 0.86, 'val_hits@10': 0.9133333333333333, 'val_hits@50': 0.9133333333333333, 'val_hits@100': 0.9133333333333333, 'elapsed_sec': 474.90577867627144}
{'event': 'epoch_start', 'epoch': 11, 'epochs': 24, 'batches': 195, 'time_groups': 178}
{'event': 'train_time_group', 'epoch': 11, 'time_group': 1, 'time_groups': 178, 'batch': 0, 'batches': 195, 'time_value': 0.0, 'group_batches': 1, 'history_edges': 0, 'elapsed_sec': 0.2231212593615055, 'cuda_allocated_mb': 91, 'cuda_reserved_mb': 6564, 'cuda_max_allocated_mb': 6393}
{'event': 'train_progress', 'epoch': 11, 'batch': 1, 'batches': 195, 'time_group': 1, 'time_groups': 178, 'history_edges': 0, 'pos_edges': 942, 'neg_edges': 942, 'loss_recent': 167.61244201660156, 'elapsed_sec': 1.2340806312859058, 'avg_sec_per_batch': 1.2340806312859058, 'cuda_allocated_mb': 136, 'cuda_reserved_mb': 6564, 'cuda_max_allocated_mb': 6393}
{'event': 'train_progress', 'epoch': 11, 'batch': 100, 'batches': 195, 'time_group': 100, 'time_groups': 178, 'history_edges': 64610, 'pos_edges': 1538, 'neg_edges': 1538, 'loss_recent': 20.863822298049925, 'elapsed_sec': 77.13438813388348, 'avg_sec_per_batch': 0.7713438813388348, 'cuda_allocated_mb': 157, 'cuda_reserved_mb': 6564, 'cuda_max_allocated_mb': 6393}
{'event': 'train_progress', 'epoch': 11, 'batch': 154, 'batches': 195, 'time_group': 154, 'time_groups': 178, 'history_edges': 199166, 'pos_edges': 3524, 'neg_edges': 3524, 'loss_recent': 55.78106174468994, 'elapsed_sec': 200.07646571099758, 'avg_sec_per_batch': 1.2991978292921922, 'cuda_allocated_mb': 219, 'cuda_reserved_mb': 6564, 'cuda_max_allocated_mb': 6393}
{'event': 'train_time_group', 'epoch': 11, 'time_group': 178, 'time_groups': 178, 'batch': 193, 'batches': 195, 'time_value': 177.0, 'group_batches': 2, 'history_edges': 315692, 'elapsed_sec': 293.1755485907197, 'cuda_allocated_mb': 91, 'cuda_reserved_mb': 6564, 'cuda_max_allocated_mb': 6393}
{'event': 'train_progress', 'epoch': 11, 'batch': 195, 'batches': 195, 'time_group': 178, 'time_groups': 178, 'history_edges': 315692, 'pos_edges': 3292, 'neg_edges': 3292, 'loss_recent': 87.98572917938232, 'elapsed_sec': 298.0250654965639, 'avg_sec_per_batch': 1.5283336692131482, 'cuda_allocated_mb': 220, 'cuda_reserved_mb': 6564, 'cuda_max_allocated_mb': 6393}
{'event': 'validation_start', 'epoch': 11}
{'event': 'validation_ranking_start', 'epoch': 11, 'max_edges': 75}
{'event': 'epoch_end', 'epoch': 11, 'early_stop_metric': 'val_composite', 'val_score': 0.9062477377639371, 'val_auc': 0.9537024228943644, 'val_ap': 0.8930697972515346, 'val_ndcg': 0.9855782401050608, 'val_mrr': 0.8867553127086318, 'val_hits@1': 0.8666666666666667, 'val_hits@10': 0.9133333333333333, 'val_hits@50': 0.9133333333333333, 'val_hits@100': 0.9133333333333333, 'elapsed_sec': 453.2556357495487}
{'event': 'epoch_start', 'epoch': 12, 'epochs': 24, 'batches': 195, 'time_groups': 178}
{'event': 'train_time_group', 'epoch': 12, 'time_group': 1, 'time_groups': 178, 'batch': 0, 'batches': 195, 'time_value': 0.0, 'group_batches': 1, 'history_edges': 0, 'elapsed_sec': 0.055454228073358536, 'cuda_allocated_mb': 91, 'cuda_reserved_mb': 6564, 'cuda_max_allocated_mb': 6393}
{'event': 'train_progress', 'epoch': 12, 'batch': 1, 'batches': 195, 'time_group': 1, 'time_groups': 178, 'history_edges': 0, 'pos_edges': 942, 'neg_edges': 942, 'loss_recent': 176.48489379882812, 'elapsed_sec': 1.055656984448433, 'avg_sec_per_batch': 1.055656984448433, 'cuda_allocated_mb': 135, 'cuda_reserved_mb': 6564, 'cuda_max_allocated_mb': 6393}
{'event': 'train_progress', 'epoch': 12, 'batch': 100, 'batches': 195, 'time_group': 100, 'time_groups': 178, 'history_edges': 64610, 'pos_edges': 1538, 'neg_edges': 1538, 'loss_recent': 20.84859016418457, 'elapsed_sec': 76.3925909884274, 'avg_sec_per_batch': 0.763925909884274, 'cuda_allocated_mb': 155, 'cuda_reserved_mb': 6564, 'cuda_max_allocated_mb': 6393}
{'event': 'train_progress', 'epoch': 12, 'batch': 152, 'batches': 195, 'time_group': 152, 'time_groups': 178, 'history_edges': 192330, 'pos_edges': 3412, 'neg_edges': 3412, 'loss_recent': 53.71461581230164, 'elapsed_sec': 197.6607988998294, 'avg_sec_per_batch': 1.3003999927620356, 'cuda_allocated_mb': 219, 'cuda_reserved_mb': 6564, 'cuda_max_allocated_mb': 6393}
{'event': 'train_time_group', 'epoch': 12, 'time_group': 178, 'time_groups': 178, 'batch': 193, 'batches': 195, 'time_value': 177.0, 'group_batches': 2, 'history_edges': 315692, 'elapsed_sec': 298.89124051481485, 'cuda_allocated_mb': 91, 'cuda_reserved_mb': 6564, 'cuda_max_allocated_mb': 6393}
{'event': 'train_progress', 'epoch': 12, 'batch': 195, 'batches': 195, 'time_group': 178, 'time_groups': 178, 'history_edges': 315692, 'pos_edges': 3292, 'neg_edges': 3292, 'loss_recent': 87.87450357317924, 'elapsed_sec': 305.09782821685076, 'avg_sec_per_batch': 1.5646042472659014, 'cuda_allocated_mb': 220, 'cuda_reserved_mb': 6564, 'cuda_max_allocated_mb': 6393}
{'event': 'validation_start', 'epoch': 12}
{'event': 'validation_ranking_start', 'epoch': 12, 'max_edges': 75}
{'event': 'epoch_end', 'epoch': 12, 'early_stop_metric': 'val_composite', 'val_score': 0.9061857398735155, 'val_auc': 0.9507990768057688, 'val_ap': 0.8834486279901178, 'val_ndcg': 0.9842499101807636, 'val_mrr': 0.8900736682999327, 'val_hits@1': 0.8733333333333333, 'val_hits@10': 0.9133333333333333, 'val_hits@50': 0.9133333333333333, 'val_hits@100': 0.9133333333333333, 'elapsed_sec': 461.8579144887626}
{'event': 'epoch_start', 'epoch': 13, 'epochs': 24, 'batches': 195, 'time_groups': 178}
{'event': 'train_time_group', 'epoch': 13, 'time_group': 1, 'time_groups': 178, 'batch': 0, 'batches': 195, 'time_value': 0.0, 'group_batches': 1, 'history_edges': 0, 'elapsed_sec': 0.060203198343515396, 'cuda_allocated_mb': 91, 'cuda_reserved_mb': 6564, 'cuda_max_allocated_mb': 6393}
{'event': 'train_progress', 'epoch': 13, 'batch': 1, 'batches': 195, 'time_group': 1, 'time_groups': 178, 'history_edges': 0, 'pos_edges': 942, 'neg_edges': 942, 'loss_recent': 189.39559936523438, 'elapsed_sec': 1.0708395168185234, 'avg_sec_per_batch': 1.0708395168185234, 'cuda_allocated_mb': 135, 'cuda_reserved_mb': 6564, 'cuda_max_allocated_mb': 6393}
{'event': 'train_progress', 'epoch': 13, 'batch': 100, 'batches': 195, 'time_group': 100, 'time_groups': 178, 'history_edges': 64610, 'pos_edges': 1538, 'neg_edges': 1538, 'loss_recent': 20.976169767379762, 'elapsed_sec': 78.03140846639872, 'avg_sec_per_batch': 0.7803140846639871, 'cuda_allocated_mb': 156, 'cuda_reserved_mb': 6564, 'cuda_max_allocated_mb': 6393}
{'event': 'train_progress', 'epoch': 13, 'batch': 152, 'batches': 195, 'time_group': 152, 'time_groups': 178, 'history_edges': 192330, 'pos_edges': 3412, 'neg_edges': 3412, 'loss_recent': 53.70310975074768, 'elapsed_sec': 200.80556768923998, 'avg_sec_per_batch': 1.3210892611134208, 'cuda_allocated_mb': 219, 'cuda_reserved_mb': 6564, 'cuda_max_allocated_mb': 6393}
{'event': 'train_time_group', 'epoch': 13, 'time_group': 178, 'time_groups': 178, 'batch': 193, 'batches': 195, 'time_value': 177.0, 'group_batches': 2, 'history_edges': 315692, 'elapsed_sec': 300.4890998378396, 'cuda_allocated_mb': 91, 'cuda_reserved_mb': 6564, 'cuda_max_allocated_mb': 6393}
{'event': 'train_progress', 'epoch': 13, 'batch': 195, 'batches': 195, 'time_group': 178, 'time_groups': 178, 'history_edges': 315692, 'pos_edges': 3292, 'neg_edges': 3292, 'loss_recent': 87.8380027961731, 'elapsed_sec': 307.52897680178285, 'avg_sec_per_batch': 1.5770716759065786, 'cuda_allocated_mb': 220, 'cuda_reserved_mb': 6564, 'cuda_max_allocated_mb': 6393}
{'event': 'validation_start', 'epoch': 13}
{'event': 'validation_ranking_start', 'epoch': 13, 'max_edges': 75}
{'event': 'epoch_end', 'epoch': 13, 'early_stop_metric': 'val_composite', 'val_score': 0.9071057511812177, 'val_auc': 0.956279145522153, 'val_ap': 0.8973515065054296, 'val_ndcg': 0.9862611885277839, 'val_mrr': 0.8867925648197011, 'val_hits@1': 0.8666666666666667, 'val_hits@10': 0.9133333333333333, 'val_hits@50': 0.9133333333333333, 'val_hits@100': 0.9133333333333333, 'elapsed_sec': 470.3766103312373}
{'event': 'epoch_start', 'epoch': 14, 'epochs': 24, 'batches': 195, 'time_groups': 178}
{'event': 'train_time_group', 'epoch': 14, 'time_group': 1, 'time_groups': 178, 'batch': 0, 'batches': 195, 'time_value': 0.0, 'group_batches': 1, 'history_edges': 0, 'elapsed_sec': 0.25841066613793373, 'cuda_allocated_mb': 91, 'cuda_reserved_mb': 6564, 'cuda_max_allocated_mb': 6393}
{'event': 'train_progress', 'epoch': 14, 'batch': 1, 'batches': 195, 'time_group': 1, 'time_groups': 178, 'history_edges': 0, 'pos_edges': 942, 'neg_edges': 942, 'loss_recent': 200.00758361816406, 'elapsed_sec': 1.2888563610613346, 'avg_sec_per_batch': 1.2888563610613346, 'cuda_allocated_mb': 135, 'cuda_reserved_mb': 6564, 'cuda_max_allocated_mb': 6393}
{'event': 'train_progress', 'epoch': 14, 'batch': 100, 'batches': 195, 'time_group': 100, 'time_groups': 178, 'history_edges': 64610, 'pos_edges': 1538, 'neg_edges': 1538, 'loss_recent': 20.951155920028686, 'elapsed_sec': 77.2086899727583, 'avg_sec_per_batch': 0.7720868997275829, 'cuda_allocated_mb': 153, 'cuda_reserved_mb': 6564, 'cuda_max_allocated_mb': 6393}
{'event': 'train_progress', 'epoch': 14, 'batch': 152, 'batches': 195, 'time_group': 152, 'time_groups': 178, 'history_edges': 192330, 'pos_edges': 3412, 'neg_edges': 3412, 'loss_recent': 53.725885763168336, 'elapsed_sec': 199.15552354231477, 'avg_sec_per_batch': 1.3102337075152288, 'cuda_allocated_mb': 220, 'cuda_reserved_mb': 6564, 'cuda_max_allocated_mb': 6393}
{'event': 'train_time_group', 'epoch': 14, 'time_group': 178, 'time_groups': 178, 'batch': 193, 'batches': 195, 'time_value': 177.0, 'group_batches': 2, 'history_edges': 315692, 'elapsed_sec': 299.68288480490446, 'cuda_allocated_mb': 91, 'cuda_reserved_mb': 6564, 'cuda_max_allocated_mb': 6393}
{'event': 'train_progress', 'epoch': 14, 'batch': 195, 'batches': 195, 'time_group': 178, 'time_groups': 178, 'history_edges': 315692, 'pos_edges': 3292, 'neg_edges': 3292, 'loss_recent': 88.06224337697029, 'elapsed_sec': 303.31908729299903, 'avg_sec_per_batch': 1.5554824989384566, 'cuda_allocated_mb': 220, 'cuda_reserved_mb': 6564, 'cuda_max_allocated_mb': 6393}
{'event': 'validation_start', 'epoch': 14}
{'event': 'validation_ranking_start', 'epoch': 14, 'max_edges': 75}
{'event': 'epoch_end', 'epoch': 14, 'early_stop_metric': 'val_composite', 'val_score': 0.9087916804669838, 'val_auc': 0.9563418149235857, 'val_ap': 0.8972659049535383, 'val_ndcg': 0.986257222512474, 'val_mrr': 0.890184630119719, 'val_hits@1': 0.8733333333333333, 'val_hits@10': 0.9133333333333333, 'val_hits@50': 0.9133333333333333, 'val_hits@100': 0.92, 'elapsed_sec': 462.5935711339116}
{'event': 'epoch_start', 'epoch': 15, 'epochs': 24, 'batches': 195, 'time_groups': 178}
{'event': 'train_time_group', 'epoch': 15, 'time_group': 1, 'time_groups': 178, 'batch': 0, 'batches': 195, 'time_value': 0.0, 'group_batches': 1, 'history_edges': 0, 'elapsed_sec': 0.05668576806783676, 'cuda_allocated_mb': 91, 'cuda_reserved_mb': 6564, 'cuda_max_allocated_mb': 6393}
{'event': 'train_progress', 'epoch': 15, 'batch': 1, 'batches': 195, 'time_group': 1, 'time_groups': 178, 'history_edges': 0, 'pos_edges': 942, 'neg_edges': 942, 'loss_recent': 209.6949005126953, 'elapsed_sec': 0.8901786059141159, 'avg_sec_per_batch': 0.8901786059141159, 'cuda_allocated_mb': 135, 'cuda_reserved_mb': 6564, 'cuda_max_allocated_mb': 6393}
{'event': 'train_progress', 'epoch': 15, 'batch': 100, 'batches': 195, 'time_group': 100, 'time_groups': 178, 'history_edges': 64610, 'pos_edges': 1538, 'neg_edges': 1538, 'loss_recent': 21.056842527389527, 'elapsed_sec': 76.68518890067935, 'avg_sec_per_batch': 0.7668518890067935, 'cuda_allocated_mb': 155, 'cuda_reserved_mb': 6564, 'cuda_max_allocated_mb': 6393}
{'event': 'train_progress', 'epoch': 15, 'batch': 150, 'batches': 195, 'time_group': 150, 'time_groups': 178, 'history_edges': 185678, 'pos_edges': 3266, 'neg_edges': 3266, 'loss_recent': 51.600444898605346, 'elapsed_sec': 196.69764125347137, 'avg_sec_per_batch': 1.311317608356476, 'cuda_allocated_mb': 219, 'cuda_reserved_mb': 6564, 'cuda_max_allocated_mb': 6393}
{'event': 'train_time_group', 'epoch': 15, 'time_group': 178, 'time_groups': 178, 'batch': 193, 'batches': 195, 'time_value': 177.0, 'group_batches': 2, 'history_edges': 315692, 'elapsed_sec': 307.65482603013515, 'cuda_allocated_mb': 91, 'cuda_reserved_mb': 6564, 'cuda_max_allocated_mb': 6393}
{'event': 'train_progress', 'epoch': 15, 'batch': 195, 'batches': 195, 'time_group': 178, 'time_groups': 178, 'history_edges': 315692, 'pos_edges': 3292, 'neg_edges': 3292, 'loss_recent': 87.57379160284997, 'elapsed_sec': 311.35382157191634, 'avg_sec_per_batch': 1.5966862644713657, 'cuda_allocated_mb': 220, 'cuda_reserved_mb': 6564, 'cuda_max_allocated_mb': 6393}
{'event': 'validation_start', 'epoch': 15}
{'event': 'validation_ranking_start', 'epoch': 15, 'max_edges': 75}
{'event': 'epoch_end', 'epoch': 15, 'early_stop_metric': 'val_composite', 'val_score': 0.9082741698392528, 'val_auc': 0.9562361476702634, 'val_ap': 0.8943155464225301, 'val_ndcg': 0.9859056479161501, 'val_mrr': 0.890115598068157, 'val_hits@1': 0.8733333333333333, 'val_hits@10': 0.9133333333333333, 'val_hits@50': 0.9133333333333333, 'val_hits@100': 0.9133333333333333, 'elapsed_sec': 473.02557906880975}
{'event': 'epoch_start', 'epoch': 16, 'epochs': 24, 'batches': 195, 'time_groups': 178}
{'event': 'train_time_group', 'epoch': 16, 'time_group': 1, 'time_groups': 178, 'batch': 0, 'batches': 195, 'time_value': 0.0, 'group_batches': 1, 'history_edges': 0, 'elapsed_sec': 0.05590954050421715, 'cuda_allocated_mb': 91, 'cuda_reserved_mb': 6564, 'cuda_max_allocated_mb': 6393}
{'event': 'train_progress', 'epoch': 16, 'batch': 1, 'batches': 195, 'time_group': 1, 'time_groups': 178, 'history_edges': 0, 'pos_edges': 942, 'neg_edges': 942, 'loss_recent': 223.3649444580078, 'elapsed_sec': 1.0781519152224064, 'avg_sec_per_batch': 1.0781519152224064, 'cuda_allocated_mb': 135, 'cuda_reserved_mb': 6564, 'cuda_max_allocated_mb': 6393}
{'event': 'train_progress', 'epoch': 16, 'batch': 100, 'batches': 195, 'time_group': 100, 'time_groups': 178, 'history_edges': 64610, 'pos_edges': 1538, 'neg_edges': 1538, 'loss_recent': 21.151100854873658, 'elapsed_sec': 78.13642153143883, 'avg_sec_per_batch': 0.7813642153143883, 'cuda_allocated_mb': 154, 'cuda_reserved_mb': 6564, 'cuda_max_allocated_mb': 6393}
{'event': 'train_progress', 'epoch': 16, 'batch': 152, 'batches': 195, 'time_group': 152, 'time_groups': 178, 'history_edges': 192330, 'pos_edges': 3412, 'neg_edges': 3412, 'loss_recent': 53.5635440826416, 'elapsed_sec': 200.41959250718355, 'avg_sec_per_batch': 1.318549950705155, 'cuda_allocated_mb': 219, 'cuda_reserved_mb': 6564, 'cuda_max_allocated_mb': 6393}
{'event': 'train_time_group', 'epoch': 16, 'time_group': 178, 'time_groups': 178, 'batch': 193, 'batches': 195, 'time_value': 177.0, 'group_batches': 2, 'history_edges': 315692, 'elapsed_sec': 306.01067170128226, 'cuda_allocated_mb': 91, 'cuda_reserved_mb': 6564, 'cuda_max_allocated_mb': 6393}
{'event': 'train_progress', 'epoch': 16, 'batch': 195, 'batches': 195, 'time_group': 178, 'time_groups': 178, 'history_edges': 315692, 'pos_edges': 3292, 'neg_edges': 3292, 'loss_recent': 87.51675493597985, 'elapsed_sec': 309.6745617724955, 'avg_sec_per_batch': 1.5880746757563873, 'cuda_allocated_mb': 220, 'cuda_reserved_mb': 6564, 'cuda_max_allocated_mb': 6393}
{'event': 'validation_start', 'epoch': 16}
{'event': 'validation_ranking_start', 'epoch': 16, 'max_edges': 75}
{'event': 'epoch_end', 'epoch': 16, 'early_stop_metric': 'val_composite', 'val_score': 0.9116989072221876, 'val_auc': 0.9593975335400902, 'val_ap': 0.9007423879586999, 'val_ndcg': 0.9868494162505643, 'val_mrr': 0.8945321281193098, 'val_hits@1': 0.88, 'val_hits@10': 0.9133333333333333, 'val_hits@50': 0.9133333333333333, 'val_hits@100': 0.9133333333333333, 'elapsed_sec': 465.30882212147117}
{'event': 'epoch_start', 'epoch': 17, 'epochs': 24, 'batches': 195, 'time_groups': 178}
{'event': 'train_time_group', 'epoch': 17, 'time_group': 1, 'time_groups': 178, 'batch': 0, 'batches': 195, 'time_value': 0.0, 'group_batches': 1, 'history_edges': 0, 'elapsed_sec': 0.057187654078006744, 'cuda_allocated_mb': 91, 'cuda_reserved_mb': 6564, 'cuda_max_allocated_mb': 6393}
{'event': 'train_progress', 'epoch': 17, 'batch': 1, 'batches': 195, 'time_group': 1, 'time_groups': 178, 'history_edges': 0, 'pos_edges': 942, 'neg_edges': 942, 'loss_recent': 238.21322631835938, 'elapsed_sec': 1.0919331908226013, 'avg_sec_per_batch': 1.0919331908226013, 'cuda_allocated_mb': 135, 'cuda_reserved_mb': 6564, 'cuda_max_allocated_mb': 6393}
{'event': 'train_progress', 'epoch': 17, 'batch': 100, 'batches': 195, 'time_group': 100, 'time_groups': 178, 'history_edges': 64610, 'pos_edges': 1538, 'neg_edges': 1538, 'loss_recent': 21.302904176712037, 'elapsed_sec': 77.86367076635361, 'avg_sec_per_batch': 0.7786367076635361, 'cuda_allocated_mb': 155, 'cuda_reserved_mb': 6564, 'cuda_max_allocated_mb': 6393}
{'event': 'train_progress', 'epoch': 17, 'batch': 152, 'batches': 195, 'time_group': 152, 'time_groups': 178, 'history_edges': 192330, 'pos_edges': 3412, 'neg_edges': 3412, 'loss_recent': 53.382148027420044, 'elapsed_sec': 200.15521226078272, 'avg_sec_per_batch': 1.3168106069788337, 'cuda_allocated_mb': 219, 'cuda_reserved_mb': 6564, 'cuda_max_allocated_mb': 6393}
{'event': 'train_time_group', 'epoch': 17, 'time_group': 178, 'time_groups': 178, 'batch': 193, 'batches': 195, 'time_value': 177.0, 'group_batches': 2, 'history_edges': 315692, 'elapsed_sec': 305.0982017181814, 'cuda_allocated_mb': 91, 'cuda_reserved_mb': 6564, 'cuda_max_allocated_mb': 6393}
{'event': 'train_progress', 'epoch': 17, 'batch': 195, 'batches': 195, 'time_group': 178, 'time_groups': 178, 'history_edges': 315692, 'pos_edges': 3292, 'neg_edges': 3292, 'loss_recent': 87.41979735851288, 'elapsed_sec': 308.71563724800944, 'avg_sec_per_batch': 1.5831571140923562, 'cuda_allocated_mb': 220, 'cuda_reserved_mb': 6564, 'cuda_max_allocated_mb': 6393}
{'event': 'validation_start', 'epoch': 17}
{'event': 'validation_ranking_start', 'epoch': 17, 'max_edges': 75}
{'event': 'epoch_end', 'epoch': 17, 'early_stop_metric': 'val_composite', 'val_score': 0.9144836960447484, 'val_auc': 0.960040434730196, 'val_ap': 0.9040643647940646, 'val_ndcg': 0.9872326225813934, 'val_mrr': 0.898964181328646, 'val_hits@1': 0.8866666666666667, 'val_hits@10': 0.9133333333333333, 'val_hits@50': 0.9133333333333333, 'val_hits@100': 0.9133333333333333, 'elapsed_sec': 464.5105617530644}
{'event': 'epoch_start', 'epoch': 18, 'epochs': 24, 'batches': 195, 'time_groups': 178}
{'event': 'train_time_group', 'epoch': 18, 'time_group': 1, 'time_groups': 178, 'batch': 0, 'batches': 195, 'time_value': 0.0, 'group_batches': 1, 'history_edges': 0, 'elapsed_sec': 0.05645664036273956, 'cuda_allocated_mb': 91, 'cuda_reserved_mb': 6564, 'cuda_max_allocated_mb': 6393}
{'event': 'train_progress', 'epoch': 18, 'batch': 1, 'batches': 195, 'time_group': 1, 'time_groups': 178, 'history_edges': 0, 'pos_edges': 942, 'neg_edges': 942, 'loss_recent': 249.63494873046875, 'elapsed_sec': 1.095767755061388, 'avg_sec_per_batch': 1.095767755061388, 'cuda_allocated_mb': 136, 'cuda_reserved_mb': 6564, 'cuda_max_allocated_mb': 6393}
{'event': 'train_progress', 'epoch': 18, 'batch': 100, 'batches': 195, 'time_group': 100, 'time_groups': 178, 'history_edges': 64610, 'pos_edges': 1538, 'neg_edges': 1538, 'loss_recent': 21.415445432662963, 'elapsed_sec': 78.3370273001492, 'avg_sec_per_batch': 0.783370273001492, 'cuda_allocated_mb': 154, 'cuda_reserved_mb': 6564, 'cuda_max_allocated_mb': 6393}
{'event': 'train_progress', 'epoch': 18, 'batch': 151, 'batches': 195, 'time_group': 151, 'time_groups': 178, 'history_edges': 188944, 'pos_edges': 3386, 'neg_edges': 3386, 'loss_recent': 52.53306323051453, 'elapsed_sec': 198.37328970059752, 'avg_sec_per_batch': 1.3137303953681956, 'cuda_allocated_mb': 219, 'cuda_reserved_mb': 6564, 'cuda_max_allocated_mb': 6393}
{'event': 'train_time_group', 'epoch': 18, 'time_group': 178, 'time_groups': 178, 'batch': 193, 'batches': 195, 'time_value': 177.0, 'group_batches': 2, 'history_edges': 315692, 'elapsed_sec': 305.34836004301906, 'cuda_allocated_mb': 91, 'cuda_reserved_mb': 6564, 'cuda_max_allocated_mb': 6393}
{'event': 'train_progress', 'epoch': 18, 'batch': 195, 'batches': 195, 'time_group': 178, 'time_groups': 178, 'history_edges': 315692, 'pos_edges': 3292, 'neg_edges': 3292, 'loss_recent': 87.46975349903107, 'elapsed_sec': 308.8743702918291, 'avg_sec_per_batch': 1.5839711297016876, 'cuda_allocated_mb': 220, 'cuda_reserved_mb': 6564, 'cuda_max_allocated_mb': 6393}
{'event': 'validation_start', 'epoch': 18}
{'event': 'validation_ranking_start', 'epoch': 18, 'max_edges': 75}
{'event': 'epoch_end', 'epoch': 18, 'early_stop_metric': 'val_composite', 'val_score': 0.9145344173306024, 'val_auc': 0.9621490020206847, 'val_ap': 0.9036615867741503, 'val_ndcg': 0.9873466666659552, 'val_mrr': 0.8989527917603668, 'val_hits@1': 0.8866666666666667, 'val_hits@10': 0.9133333333333333, 'val_hits@50': 0.9133333333333333, 'val_hits@100': 0.9133333333333333, 'elapsed_sec': 471.7119534239173}
{'event': 'epoch_start', 'epoch': 19, 'epochs': 24, 'batches': 195, 'time_groups': 178}
{'event': 'train_time_group', 'epoch': 19, 'time_group': 1, 'time_groups': 178, 'batch': 0, 'batches': 195, 'time_value': 0.0, 'group_batches': 1, 'history_edges': 0, 'elapsed_sec': 0.05529676750302315, 'cuda_allocated_mb': 91, 'cuda_reserved_mb': 6564, 'cuda_max_allocated_mb': 6393}
{'event': 'train_progress', 'epoch': 19, 'batch': 1, 'batches': 195, 'time_group': 1, 'time_groups': 178, 'history_edges': 0, 'pos_edges': 942, 'neg_edges': 942, 'loss_recent': 256.43182373046875, 'elapsed_sec': 1.046234868466854, 'avg_sec_per_batch': 1.046234868466854, 'cuda_allocated_mb': 137, 'cuda_reserved_mb': 6564, 'cuda_max_allocated_mb': 6393}
{'event': 'train_progress', 'epoch': 19, 'batch': 100, 'batches': 195, 'time_group': 100, 'time_groups': 178, 'history_edges': 64610, 'pos_edges': 1538, 'neg_edges': 1538, 'loss_recent': 21.47526921272278, 'elapsed_sec': 78.33574656024575, 'avg_sec_per_batch': 0.7833574656024576, 'cuda_allocated_mb': 154, 'cuda_reserved_mb': 6564, 'cuda_max_allocated_mb': 6393}
{'event': 'train_progress', 'epoch': 19, 'batch': 152, 'batches': 195, 'time_group': 152, 'time_groups': 178, 'history_edges': 192330, 'pos_edges': 3412, 'neg_edges': 3412, 'loss_recent': 53.34394606590271, 'elapsed_sec': 198.8559203185141, 'avg_sec_per_batch': 1.308262633674435, 'cuda_allocated_mb': 219, 'cuda_reserved_mb': 6564, 'cuda_max_allocated_mb': 6393}
{'event': 'train_time_group', 'epoch': 19, 'time_group': 178, 'time_groups': 178, 'batch': 193, 'batches': 195, 'time_value': 177.0, 'group_batches': 2, 'history_edges': 315692, 'elapsed_sec': 300.6684156283736, 'cuda_allocated_mb': 91, 'cuda_reserved_mb': 6564, 'cuda_max_allocated_mb': 6393}
{'event': 'train_progress', 'epoch': 19, 'batch': 195, 'batches': 195, 'time_group': 178, 'time_groups': 178, 'history_edges': 315692, 'pos_edges': 3292, 'neg_edges': 3292, 'loss_recent': 87.30355017900467, 'elapsed_sec': 304.4789202362299, 'avg_sec_per_batch': 1.5614303601857944, 'cuda_allocated_mb': 220, 'cuda_reserved_mb': 6564, 'cuda_max_allocated_mb': 6393}
{'event': 'validation_start', 'epoch': 19}
{'event': 'validation_ranking_start', 'epoch': 19, 'max_edges': 75}
{'event': 'epoch_end', 'epoch': 19, 'early_stop_metric': 'val_composite', 'val_score': 0.9160108394038514, 'val_auc': 0.9601988942384039, 'val_ap': 0.9048699877669983, 'val_ndcg': 0.9873319551483204, 'val_mrr': 0.9017410686907654, 'val_hits@1': 0.8933333333333333, 'val_hits@10': 0.9133333333333333, 'val_hits@50': 0.9133333333333333, 'val_hits@100': 0.9133333333333333, 'elapsed_sec': 458.6653229929507}
{'event': 'epoch_start', 'epoch': 20, 'epochs': 24, 'batches': 195, 'time_groups': 178}
{'event': 'train_time_group', 'epoch': 20, 'time_group': 1, 'time_groups': 178, 'batch': 0, 'batches': 195, 'time_value': 0.0, 'group_batches': 1, 'history_edges': 0, 'elapsed_sec': 0.2191844880580902, 'cuda_allocated_mb': 91, 'cuda_reserved_mb': 6564, 'cuda_max_allocated_mb': 6393}
{'event': 'train_progress', 'epoch': 20, 'batch': 1, 'batches': 195, 'time_group': 1, 'time_groups': 178, 'history_edges': 0, 'pos_edges': 942, 'neg_edges': 942, 'loss_recent': 270.5421447753906, 'elapsed_sec': 1.2675876878201962, 'avg_sec_per_batch': 1.2675876878201962, 'cuda_allocated_mb': 135, 'cuda_reserved_mb': 6564, 'cuda_max_allocated_mb': 6393}
{'event': 'train_progress', 'epoch': 20, 'batch': 100, 'batches': 195, 'time_group': 100, 'time_groups': 178, 'history_edges': 64610, 'pos_edges': 1538, 'neg_edges': 1538, 'loss_recent': 21.63361382484436, 'elapsed_sec': 77.96067455410957, 'avg_sec_per_batch': 0.7796067455410958, 'cuda_allocated_mb': 155, 'cuda_reserved_mb': 6564, 'cuda_max_allocated_mb': 6393}
{'event': 'train_progress', 'epoch': 20, 'batch': 151, 'batches': 195, 'time_group': 151, 'time_groups': 178, 'history_edges': 188944, 'pos_edges': 3386, 'neg_edges': 3386, 'loss_recent': 52.39201536178589, 'elapsed_sec': 198.30535684153438, 'avg_sec_per_batch': 1.3132805088843336, 'cuda_allocated_mb': 219, 'cuda_reserved_mb': 6564, 'cuda_max_allocated_mb': 6393}
{'event': 'train_time_group', 'epoch': 20, 'time_group': 178, 'time_groups': 178, 'batch': 193, 'batches': 195, 'time_value': 177.0, 'group_batches': 2, 'history_edges': 315692, 'elapsed_sec': 302.69121189787984, 'cuda_allocated_mb': 91, 'cuda_reserved_mb': 6564, 'cuda_max_allocated_mb': 6393}
{'event': 'train_progress', 'epoch': 20, 'batch': 195, 'batches': 195, 'time_group': 178, 'time_groups': 178, 'history_edges': 315692, 'pos_edges': 3292, 'neg_edges': 3292, 'loss_recent': 87.28044326424599, 'elapsed_sec': 306.5338595882058, 'avg_sec_per_batch': 1.5719685107087478, 'cuda_allocated_mb': 221, 'cuda_reserved_mb': 6564, 'cuda_max_allocated_mb': 6393}
{'event': 'validation_start', 'epoch': 20}
{'event': 'validation_ranking_start', 'epoch': 20, 'max_edges': 75}
{'event': 'epoch_end', 'epoch': 20, 'early_stop_metric': 'val_composite', 'val_score': 0.9145120592426806, 'val_auc': 0.9604306998209609, 'val_ap': 0.9041614971304021, 'val_ndcg': 0.9872139102595111, 'val_mrr': 0.898956483978909, 'val_hits@1': 0.8866666666666667, 'val_hits@10': 0.9133333333333333, 'val_hits@50': 0.9133333333333333, 'val_hits@100': 0.9133333333333333, 'elapsed_sec': 460.2715930119157}
{'event': 'epoch_start', 'epoch': 21, 'epochs': 24, 'batches': 195, 'time_groups': 178}
{'event': 'train_time_group', 'epoch': 21, 'time_group': 1, 'time_groups': 178, 'batch': 0, 'batches': 195, 'time_value': 0.0, 'group_batches': 1, 'history_edges': 0, 'elapsed_sec': 0.054743554443120956, 'cuda_allocated_mb': 91, 'cuda_reserved_mb': 6564, 'cuda_max_allocated_mb': 6393}
{'event': 'train_progress', 'epoch': 21, 'batch': 1, 'batches': 195, 'time_group': 1, 'time_groups': 178, 'history_edges': 0, 'pos_edges': 942, 'neg_edges': 942, 'loss_recent': 282.7210388183594, 'elapsed_sec': 1.0747287049889565, 'avg_sec_per_batch': 1.0747287049889565, 'cuda_allocated_mb': 136, 'cuda_reserved_mb': 6564, 'cuda_max_allocated_mb': 6393}
{'event': 'train_progress', 'epoch': 21, 'batch': 100, 'batches': 195, 'time_group': 100, 'time_groups': 178, 'history_edges': 64610, 'pos_edges': 1538, 'neg_edges': 1538, 'loss_recent': 21.685482330322266, 'elapsed_sec': 78.69967860355973, 'avg_sec_per_batch': 0.7869967860355973, 'cuda_allocated_mb': 155, 'cuda_reserved_mb': 6564, 'cuda_max_allocated_mb': 6393}
{'event': 'train_progress', 'epoch': 21, 'batch': 151, 'batches': 195, 'time_group': 151, 'time_groups': 178, 'history_edges': 188944, 'pos_edges': 3386, 'neg_edges': 3386, 'loss_recent': 52.39097602844238, 'elapsed_sec': 199.80315175279975, 'avg_sec_per_batch': 1.3231996804821176, 'cuda_allocated_mb': 219, 'cuda_reserved_mb': 6564, 'cuda_max_allocated_mb': 6393}
{'event': 'train_time_group', 'epoch': 21, 'time_group': 178, 'time_groups': 178, 'batch': 193, 'batches': 195, 'time_value': 177.0, 'group_batches': 2, 'history_edges': 315692, 'elapsed_sec': 306.557773899287, 'cuda_allocated_mb': 91, 'cuda_reserved_mb': 6564, 'cuda_max_allocated_mb': 6393}
{'event': 'train_progress', 'epoch': 21, 'batch': 195, 'batches': 195, 'time_group': 178, 'time_groups': 178, 'history_edges': 315692, 'pos_edges': 3292, 'neg_edges': 3292, 'loss_recent': 87.27831412911415, 'elapsed_sec': 310.1896469555795, 'avg_sec_per_batch': 1.5907161382337411, 'cuda_allocated_mb': 220, 'cuda_reserved_mb': 6564, 'cuda_max_allocated_mb': 6393}
{'event': 'validation_start', 'epoch': 21}
{'event': 'validation_ranking_start', 'epoch': 21, 'max_edges': 75}
{'event': 'epoch_end', 'epoch': 21, 'early_stop_metric': 'val_composite', 'val_score': 0.9128687326341791, 'val_auc': 0.9608186438944486, 'val_ap': 0.9041436194054324, 'val_ndcg': 0.9873016927224996, 'val_mrr': 0.8956188431794504, 'val_hits@1': 0.88, 'val_hits@10': 0.9133333333333333, 'val_hits@50': 0.9133333333333333, 'val_hits@100': 0.9133333333333333, 'elapsed_sec': 470.34552600234747}
{'event': 'epoch_start', 'epoch': 22, 'epochs': 24, 'batches': 195, 'time_groups': 178}
{'event': 'train_time_group', 'epoch': 22, 'time_group': 1, 'time_groups': 178, 'batch': 0, 'batches': 195, 'time_value': 0.0, 'group_batches': 1, 'history_edges': 0, 'elapsed_sec': 0.059776052832603455, 'cuda_allocated_mb': 91, 'cuda_reserved_mb': 6564, 'cuda_max_allocated_mb': 6393}
{'event': 'train_progress', 'epoch': 22, 'batch': 1, 'batches': 195, 'time_group': 1, 'time_groups': 178, 'history_edges': 0, 'pos_edges': 942, 'neg_edges': 942, 'loss_recent': 291.989501953125, 'elapsed_sec': 1.0652418360114098, 'avg_sec_per_batch': 1.0652418360114098, 'cuda_allocated_mb': 135, 'cuda_reserved_mb': 6564, 'cuda_max_allocated_mb': 6393}
{'event': 'train_progress', 'epoch': 22, 'batch': 100, 'batches': 195, 'time_group': 100, 'time_groups': 178, 'history_edges': 64610, 'pos_edges': 1538, 'neg_edges': 1538, 'loss_recent': 21.794476737976073, 'elapsed_sec': 77.19866390526295, 'avg_sec_per_batch': 0.7719866390526294, 'cuda_allocated_mb': 155, 'cuda_reserved_mb': 6564, 'cuda_max_allocated_mb': 6393}
{'event': 'train_progress', 'epoch': 22, 'batch': 153, 'batches': 195, 'time_group': 153, 'time_groups': 178, 'history_edges': 195742, 'pos_edges': 3424, 'neg_edges': 3424, 'loss_recent': 54.13931861877441, 'elapsed_sec': 198.31466706842184, 'avg_sec_per_batch': 1.2961742945648487, 'cuda_allocated_mb': 220, 'cuda_reserved_mb': 6564, 'cuda_max_allocated_mb': 6393}
{'event': 'train_time_group', 'epoch': 22, 'time_group': 178, 'time_groups': 178, 'batch': 193, 'batches': 195, 'time_value': 177.0, 'group_batches': 2, 'history_edges': 315692, 'elapsed_sec': 296.78413969650865, 'cuda_allocated_mb': 91, 'cuda_reserved_mb': 6564, 'cuda_max_allocated_mb': 6393}
{'event': 'train_progress', 'epoch': 22, 'batch': 195, 'batches': 195, 'time_group': 178, 'time_groups': 178, 'history_edges': 315692, 'pos_edges': 3292, 'neg_edges': 3292, 'loss_recent': 87.28026027798653, 'elapsed_sec': 300.49033473059535, 'avg_sec_per_batch': 1.5409760755415147, 'cuda_allocated_mb': 220, 'cuda_reserved_mb': 6564, 'cuda_max_allocated_mb': 6393}
{'event': 'validation_start', 'epoch': 22}
{'event': 'validation_ranking_start', 'epoch': 22, 'max_edges': 75}
{'event': 'epoch_end', 'epoch': 22, 'early_stop_metric': 'val_composite', 'val_score': 0.9150429954043436, 'val_auc': 0.9624500707113334, 'val_ap': 0.9067475498380503, 'val_ndcg': 0.9876760070837659, 'val_mrr': 0.8989481840360521, 'val_hits@1': 0.8866666666666667, 'val_hits@10': 0.9133333333333333, 'val_hits@50': 0.9133333333333333, 'val_hits@100': 0.9133333333333333, 'elapsed_sec': 454.98576775193214}
{'event': 'epoch_start', 'epoch': 23, 'epochs': 24, 'batches': 195, 'time_groups': 178}
{'event': 'train_time_group', 'epoch': 23, 'time_group': 1, 'time_groups': 178, 'batch': 0, 'batches': 195, 'time_value': 0.0, 'group_batches': 1, 'history_edges': 0, 'elapsed_sec': 0.05710715800523758, 'cuda_allocated_mb': 91, 'cuda_reserved_mb': 6564, 'cuda_max_allocated_mb': 6393}
{'event': 'train_progress', 'epoch': 23, 'batch': 1, 'batches': 195, 'time_group': 1, 'time_groups': 178, 'history_edges': 0, 'pos_edges': 942, 'neg_edges': 942, 'loss_recent': 303.0703430175781, 'elapsed_sec': 1.0596991144120693, 'avg_sec_per_batch': 1.0596991144120693, 'cuda_allocated_mb': 135, 'cuda_reserved_mb': 6564, 'cuda_max_allocated_mb': 6393}
{'event': 'train_progress', 'epoch': 23, 'batch': 100, 'batches': 195, 'time_group': 100, 'time_groups': 178, 'history_edges': 64610, 'pos_edges': 1538, 'neg_edges': 1538, 'loss_recent': 21.851176137924195, 'elapsed_sec': 77.79159436747432, 'avg_sec_per_batch': 0.7779159436747431, 'cuda_allocated_mb': 154, 'cuda_reserved_mb': 6564, 'cuda_max_allocated_mb': 6393}
{'event': 'train_progress', 'epoch': 23, 'batch': 152, 'batches': 195, 'time_group': 152, 'time_groups': 178, 'history_edges': 192330, 'pos_edges': 3412, 'neg_edges': 3412, 'loss_recent': 53.28067760467529, 'elapsed_sec': 200.8726827353239, 'avg_sec_per_batch': 1.3215308074692362, 'cuda_allocated_mb': 219, 'cuda_reserved_mb': 6564, 'cuda_max_allocated_mb': 6393}
{'event': 'train_time_group', 'epoch': 23, 'time_group': 178, 'time_groups': 178, 'batch': 193, 'batches': 195, 'time_value': 177.0, 'group_batches': 2, 'history_edges': 315692, 'elapsed_sec': 302.9144378453493, 'cuda_allocated_mb': 91, 'cuda_reserved_mb': 6564, 'cuda_max_allocated_mb': 6393}
{'event': 'train_progress', 'epoch': 23, 'batch': 195, 'batches': 195, 'time_group': 178, 'time_groups': 178, 'history_edges': 315692, 'pos_edges': 3292, 'neg_edges': 3292, 'loss_recent': 87.43809327602386, 'elapsed_sec': 306.5760393626988, 'avg_sec_per_batch': 1.5721848172446091, 'cuda_allocated_mb': 220, 'cuda_reserved_mb': 6564, 'cuda_max_allocated_mb': 6393}
{'event': 'validation_start', 'epoch': 23}
{'event': 'validation_ranking_start', 'epoch': 23, 'max_edges': 75}
{'event': 'epoch_end', 'epoch': 23, 'early_stop_metric': 'val_composite', 'val_score': 0.9149343220809679, 'val_auc': 0.9603582595310489, 'val_ap': 0.9068214828733616, 'val_ndcg': 0.9875359507340847, 'val_mrr': 0.8989458498666724, 'val_hits@1': 0.8866666666666667, 'val_hits@10': 0.9133333333333333, 'val_hits@50': 0.9133333333333333, 'val_hits@100': 0.9133333333333333, 'elapsed_sec': 464.192487642169}
{'event': 'epoch_start', 'epoch': 24, 'epochs': 24, 'batches': 195, 'time_groups': 178}
{'event': 'train_time_group', 'epoch': 24, 'time_group': 1, 'time_groups': 178, 'batch': 0, 'batches': 195, 'time_value': 0.0, 'group_batches': 1, 'history_edges': 0, 'elapsed_sec': 0.05769183859229088, 'cuda_allocated_mb': 91, 'cuda_reserved_mb': 6564, 'cuda_max_allocated_mb': 6393}
{'event': 'train_progress', 'epoch': 24, 'batch': 1, 'batches': 195, 'time_group': 1, 'time_groups': 178, 'history_edges': 0, 'pos_edges': 942, 'neg_edges': 942, 'loss_recent': 314.14459228515625, 'elapsed_sec': 1.0848531909286976, 'avg_sec_per_batch': 1.0848531909286976, 'cuda_allocated_mb': 136, 'cuda_reserved_mb': 6564, 'cuda_max_allocated_mb': 6393}
{'event': 'train_progress', 'epoch': 24, 'batch': 100, 'batches': 195, 'time_group': 100, 'time_groups': 178, 'history_edges': 64610, 'pos_edges': 1538, 'neg_edges': 1538, 'loss_recent': 22.009469804763793, 'elapsed_sec': 77.64144974946976, 'avg_sec_per_batch': 0.7764144974946976, 'cuda_allocated_mb': 155, 'cuda_reserved_mb': 6564, 'cuda_max_allocated_mb': 6393}
{'event': 'train_progress', 'epoch': 24, 'batch': 151, 'batches': 195, 'time_group': 151, 'time_groups': 178, 'history_edges': 188944, 'pos_edges': 3386, 'neg_edges': 3386, 'loss_recent': 52.43956398010254, 'elapsed_sec': 198.39153497293591, 'avg_sec_per_batch': 1.3138512249863306, 'cuda_allocated_mb': 219, 'cuda_reserved_mb': 6564, 'cuda_max_allocated_mb': 6393}
{'event': 'train_time_group', 'epoch': 24, 'time_group': 178, 'time_groups': 178, 'batch': 193, 'batches': 195, 'time_value': 177.0, 'group_batches': 2, 'history_edges': 315692, 'elapsed_sec': 303.6781020388007, 'cuda_allocated_mb': 91, 'cuda_reserved_mb': 6564, 'cuda_max_allocated_mb': 6393}
{'event': 'train_progress', 'epoch': 24, 'batch': 195, 'batches': 195, 'time_group': 178, 'time_groups': 178, 'history_edges': 315692, 'pos_edges': 3292, 'neg_edges': 3292, 'loss_recent': 87.27883861899376, 'elapsed_sec': 307.3062833659351, 'avg_sec_per_batch': 1.5759296582868465, 'cuda_allocated_mb': 220, 'cuda_reserved_mb': 6564, 'cuda_max_allocated_mb': 6393}
{'event': 'validation_start', 'epoch': 24}
{'event': 'validation_ranking_start', 'epoch': 24, 'max_edges': 75}
{'event': 'epoch_end', 'epoch': 24, 'early_stop_metric': 'val_composite', 'val_score': 0.9152392100908044, 'val_auc': 0.962844072904904, 'val_ap': 0.9078236734412022, 'val_ndcg': 0.9878203030078699, 'val_mrr': 0.8989495169238503, 'val_hits@1': 0.8866666666666667, 'val_hits@10': 0.9133333333333333, 'val_hits@50': 0.9133333333333333, 'val_hits@100': 0.9133333333333333, 'elapsed_sec': 464.72231474146247}
{'dataset': 'tkgl-yago', 'method': 'ssptgfm', 'scenario': 'label_split', 'ablation': 'full', 'few_shot_ratio': 1.0, 'seed': 1, 'train_edges': 323080, 'val_edges': 39046, 'test_edges': 40052, 'params_trainable': 1698115, 'params_total': 1698164, 'rough_forward_flops': 14125910016, 'train_eval_time_sec': 11871.852324083447, 'allocated_mb': 44.76611328125, 'reserved_mb': 6564.0, 'max_allocated_mb': 6393.51318359375, 'val_auc': 0.9601988938776513, 'val_ap': 0.9048699874918373, 'val_ndcg': 0.9873319550539449, 'val_mrr': 0.9017410686907654, 'val_hits@1': 0.8933333333333333, 'val_hits@10': 0.9133333333333333, 'val_hits@50': 0.9133333333333333, 'val_hits@100': 0.9133333333333333, 'train_loss': 54.63068464352534, 'train_lp': 0.06870621453302028, 'train_align': 10672.803760939378, 'train_kl': 11968.727644739396, 'train_ood_reg': 0.2314602453739215, 'train_meta': 0.08590105670942322, 'train_struct_aux': 0.4265327070768063, 'train_weighted_align': 53.36401762778942, 'train_weighted_kl': 1.196872695413633, 'train_weighted_ood_reg': 0.00023146025629009669, 'train_weighted_meta': 0.000429505272227478, 'train_weighted_struct_aux': 0.00042653272714979277, 'train_rank': 0.02438760347222575, 'train_weighted_rank': 2.4387604744683464e-05, 'test_auc': 0.962194182361442, 'test_ap': 0.9240276385759724, 'test_ndcg': 0.989312999944682, 'test_mrr': 0.8813956777874955, 'test_hits@1': 0.8666666666666667, 'test_hits@10': 0.8966666666666666, 'test_hits@50': 0.91, 'test_hits@100': 0.9133333333333333}
