
$ /root/miniconda3/bin/python -u scripts/search_hparams.py --config configs/auto_target/ssptgfm_search_tgb_smallpedia_struct_history_role64_mlp_rankloss_probe.yaml --output results/auto_target_role64_probe_v1/search_tgb_smallpedia_struct_history_role64_mlp_rankloss_probe --resume
runtime_device=cuda
cuda_device=Tesla V100-PCIE-32GB
{'event': 'candidate_seed_start', 'candidate': 'struct_history_role64_mlp_rankloss_probe_h96_r12_a12_p4x4_l1_neg1_lr0p001_hp0p25_sr0_sa0_rl0p05_m1_hinge', 'seed': 1, 'device': 'cuda', 'node_text_device': 'cuda:0'}
{'event': 'train_seed_start', 'seed': 1, 'train_edges': 50000, 'val_edges': 162066, 'test_edges': 163172, 'num_nodes': 47433, 'num_relations': 566}
{'event': 'train_seed_tensors_ready', 'seed': 1, 'elapsed_sec': 0.01558590680360794, 'cuda_allocated_mb': 105, 'cuda_reserved_mb': 126, 'cuda_max_allocated_mb': 105}
{'event': 'train_known_facts_ready', 'seed': 1, 'scope': 'train', 'edges': 50000, 'elapsed_sec': 0.020881004631519318}
{'event': 'train_known_facts_ready', 'seed': 1, 'scope': 'train_val', 'edges': 212066, 'elapsed_sec': 0.037768326699733734}
{'event': 'train_sampler_ready', 'seed': 1, 'elapsed_sec': 0.18968496844172478}
{'event': 'val_sampler_ready', 'seed': 1, 'elapsed_sec': 0.31423765793442726}
{'event': 'epoch_start', 'epoch': 1, 'epochs': 1, 'batches': 156, 'time_groups': 98}
{'event': 'train_time_group', 'epoch': 1, 'time_group': 1, 'time_groups': 98, 'batch': 0, 'batches': 156, 'time_value': 1900.0, 'group_batches': 1, 'history_edges': 0, 'elapsed_sec': 0.30446192994713783, 'cuda_allocated_mb': 107, 'cuda_reserved_mb': 126, 'cuda_max_allocated_mb': 107}
{'event': 'train_progress', 'epoch': 1, 'batch': 1, 'batches': 156, 'time_group': 1, 'time_groups': 98, 'history_edges': 0, 'pos_edges': 252, 'neg_edges': 252, 'loss_recent': 22.978485107421875, 'elapsed_sec': 1.4573926888406277, 'avg_sec_per_batch': 1.4573926888406277, 'cuda_allocated_mb': 393, 'cuda_reserved_mb': 858, 'cuda_max_allocated_mb': 836}
{'event': 'train_progress', 'epoch': 1, 'batch': 100, 'batches': 156, 'time_group': 70, 'time_groups': 98, 'history_edges': 30867, 'pos_edges': 92, 'neg_edges': 92, 'loss_recent': 27.924508236646652, 'elapsed_sec': 74.59941839799285, 'avg_sec_per_batch': 0.7459941839799284, 'cuda_allocated_mb': 466, 'cuda_reserved_mb': 2022, 'cuda_max_allocated_mb': 1927}
{'event': 'train_time_group', 'epoch': 1, 'time_group': 98, 'time_groups': 98, 'batch': 154, 'batches': 156, 'time_value': 1997.0, 'group_batches': 2, 'history_edges': 49206, 'elapsed_sec': 116.72267838194966, 'cuda_allocated_mb': 334, 'cuda_reserved_mb': 2326, 'cuda_max_allocated_mb': 2214}
{'event': 'train_progress', 'epoch': 1, 'batch': 156, 'batches': 156, 'time_group': 98, 'time_groups': 98, 'history_edges': 49206, 'pos_edges': 282, 'neg_edges': 282, 'loss_recent': 29.13943660378456, 'elapsed_sec': 118.37740517780185, 'avg_sec_per_batch': 0.7588295203705246, 'cuda_allocated_mb': 467, 'cuda_reserved_mb': 2326, 'cuda_max_allocated_mb': 2226}
{'event': 'validation_start', 'epoch': 1}
{'event': 'validation_ranking_start', 'epoch': 1, 'max_edges': 5}
{'event': 'epoch_end', 'epoch': 1, 'early_stop_metric': 'val_composite', 'val_score': 0.26835702076544166, 'val_auc': 0.7232757568359375, 'val_ap': 0.4837349962949047, 'val_ndcg': 0.880395728138851, 'val_mrr': 0.11012904671107249, 'val_hits@1': 0.1, 'val_hits@10': 0.2, 'val_hits@50': 0.2, 'val_hits@100': 0.2, 'elapsed_sec': 380.10451117902994}

$ /root/miniconda3/bin/python -u scripts/search_hparams.py --config configs/auto_target/ssptgfm_search_tgb_smallpedia_struct_history_role64_mlp_rankloss_probe.yaml --output results/auto_target_role64_probe_v1/search_tgb_smallpedia_struct_history_role64_mlp_rankloss_probe --resume
runtime_device=cuda
cuda_device=Tesla V100-PCIE-32GB
{'event': 'candidate_seed_start', 'candidate': 'struct_history_role64_mlp_rankloss_probe_h96_r12_a12_p4x4_l1_neg1_lr0p001_hp0p25_sr0_sa0_rl0p05_m1_hinge', 'seed': 1, 'device': 'cuda', 'node_text_device': 'cuda:0'}
{'event': 'train_seed_start', 'seed': 1, 'train_edges': 50000, 'val_edges': 162066, 'test_edges': 163172, 'num_nodes': 47433, 'num_relations': 566}
{'event': 'train_seed_tensors_ready', 'seed': 1, 'elapsed_sec': 0.02506960555911064, 'cuda_allocated_mb': 105, 'cuda_reserved_mb': 126, 'cuda_max_allocated_mb': 105}
{'event': 'train_known_facts_ready', 'seed': 1, 'scope': 'train', 'edges': 50000, 'elapsed_sec': 0.029939014464616776}
{'event': 'train_known_facts_ready', 'seed': 1, 'scope': 'train_val', 'edges': 212066, 'elapsed_sec': 0.04671260342001915}
{'event': 'train_sampler_ready', 'seed': 1, 'elapsed_sec': 0.163435660302639}
{'event': 'val_sampler_ready', 'seed': 1, 'elapsed_sec': 0.2790079899132252}
{'event': 'epoch_start', 'epoch': 1, 'epochs': 1, 'batches': 156, 'time_groups': 98}
{'event': 'train_time_group', 'epoch': 1, 'time_group': 1, 'time_groups': 98, 'batch': 0, 'batches': 156, 'time_value': 1900.0, 'group_batches': 1, 'history_edges': 0, 'elapsed_sec': 0.23199154064059258, 'cuda_allocated_mb': 107, 'cuda_reserved_mb': 126, 'cuda_max_allocated_mb': 107}
{'event': 'train_progress', 'epoch': 1, 'batch': 1, 'batches': 156, 'time_group': 1, 'time_groups': 98, 'history_edges': 0, 'pos_edges': 252, 'neg_edges': 252, 'loss_recent': 22.978485107421875, 'elapsed_sec': 1.6438972651958466, 'avg_sec_per_batch': 1.6438972651958466, 'cuda_allocated_mb': 393, 'cuda_reserved_mb': 858, 'cuda_max_allocated_mb': 836}
{'event': 'train_progress', 'epoch': 1, 'batch': 100, 'batches': 156, 'time_group': 70, 'time_groups': 98, 'history_edges': 30867, 'pos_edges': 92, 'neg_edges': 92, 'loss_recent': 27.924508078694345, 'elapsed_sec': 71.17888712137938, 'avg_sec_per_batch': 0.7117888712137938, 'cuda_allocated_mb': 466, 'cuda_reserved_mb': 2022, 'cuda_max_allocated_mb': 1927}
{'event': 'train_time_group', 'epoch': 1, 'time_group': 98, 'time_groups': 98, 'batch': 154, 'batches': 156, 'time_value': 1997.0, 'group_batches': 2, 'history_edges': 49206, 'elapsed_sec': 110.0988504961133, 'cuda_allocated_mb': 334, 'cuda_reserved_mb': 2326, 'cuda_max_allocated_mb': 2214}
{'event': 'train_progress', 'epoch': 1, 'batch': 156, 'batches': 156, 'time_group': 98, 'time_groups': 98, 'history_edges': 49206, 'pos_edges': 282, 'neg_edges': 282, 'loss_recent': 29.13943670153618, 'elapsed_sec': 111.6568407677114, 'avg_sec_per_batch': 0.7157489792802013, 'cuda_allocated_mb': 467, 'cuda_reserved_mb': 2326, 'cuda_max_allocated_mb': 2226}
{'event': 'validation_start', 'epoch': 1}
{'event': 'validation_ranking_start', 'epoch': 1, 'max_edges': 5}
{'event': 'epoch_end', 'epoch': 1, 'early_stop_metric': 'val_composite', 'val_score': 0.26835702076544166, 'val_auc': 0.7232757568359375, 'val_ap': 0.4837349962949047, 'val_ndcg': 0.880395728138851, 'val_mrr': 0.11012904671107249, 'val_hits@1': 0.1, 'val_hits@10': 0.2, 'val_hits@50': 0.2, 'val_hits@100': 0.2, 'elapsed_sec': 143.02207766100764}
{'candidate': 'struct_history_role64_mlp_rankloss_probe_h96_r12_a12_p4x4_l1_neg1_lr0p001_hp0p25_sr0_sa0_rl0p05_m1_hinge', 'seed': 1, 'composite': nan, 'val_auc': 0.7232757568359375, 'val_ap': 0.4837349962949047, 'val_ndcg': 0.880395728138851, 'val_mrr': 0.11012904671107249, 'val_hits@1': 0.1, 'val_hits@10': 0.2, 'val_hits@50': 0.2, 'val_hits@100': 0.2, 'train_loss': 29.165496482681004, 'train_lp': 0.44223599498852706, 'train_align': 5689.214469640683, 'train_kl': 2747.7981687264564, 'train_ood_reg': 0.2109597065509894, 'train_meta': 0.4395860048154226, 'train_struct_aux': 0.0, 'train_weighted_align': 28.44607169735126, 'train_weighted_kl': 0.27477980973699, 'train_weighted_ood_reg': 0.00021095971589182646, 'train_weighted_meta': 0.0021979299717946933, 'train_weighted_struct_aux': 0.0, 'train_rank': 0.3684125981078698, 'train_weighted_rank': 0.018420630236132406}
{'event': 'candidate_summary', 'candidate': 'struct_history_role64_mlp_rankloss_probe_h96_r12_a12_p4x4_l1_neg1_lr0p001_hp0p25_sr0_sa0_rl0p05_m1_hinge', 'score': 0.26835702076544166, 'passes_metric_minima': True, 'means': {'val_auc': 0.7232757568359375, 'val_ap': 0.4837349962949047, 'val_mrr': 0.11012904671107249, 'val_hits@10': 0.2, 'val_ndcg': 0.880395728138851}, 'seeds_completed': 1}
{'event': 'candidate_seed_start', 'candidate': 'struct_history_role64_mlp_rankloss_probe_h96_r12_a12_p4x4_l1_neg1_lr0p001_hp0p25_sr0_sa0_rl0p1_m0p75_hinge', 'seed': 1, 'device': 'cuda', 'node_text_device': 'cuda:0'}
{'event': 'train_seed_start', 'seed': 1, 'train_edges': 50000, 'val_edges': 162066, 'test_edges': 163172, 'num_nodes': 47433, 'num_relations': 566}
{'event': 'train_seed_tensors_ready', 'seed': 1, 'elapsed_sec': 0.0202835313975811, 'cuda_allocated_mb': 122, 'cuda_reserved_mb': 146, 'cuda_max_allocated_mb': 2226}
{'event': 'train_known_facts_ready', 'seed': 1, 'scope': 'train', 'edges': 50000, 'elapsed_sec': 0.026174403727054596}
{'event': 'train_known_facts_ready', 'seed': 1, 'scope': 'train_val', 'edges': 212066, 'elapsed_sec': 0.04703803360462189}
{'event': 'train_sampler_ready', 'seed': 1, 'elapsed_sec': 0.16727212071418762}
{'event': 'val_sampler_ready', 'seed': 1, 'elapsed_sec': 0.2852357402443886}
{'event': 'epoch_start', 'epoch': 1, 'epochs': 1, 'batches': 156, 'time_groups': 98}
{'event': 'train_time_group', 'epoch': 1, 'time_group': 1, 'time_groups': 98, 'batch': 0, 'batches': 156, 'time_value': 1900.0, 'group_batches': 1, 'history_edges': 0, 'elapsed_sec': 0.019276726990938187, 'cuda_allocated_mb': 123, 'cuda_reserved_mb': 146, 'cuda_max_allocated_mb': 2226}
{'event': 'train_progress', 'epoch': 1, 'batch': 1, 'batches': 156, 'time_group': 1, 'time_groups': 98, 'history_edges': 0, 'pos_edges': 252, 'neg_edges': 252, 'loss_recent': 22.978485107421875, 'elapsed_sec': 0.303997952491045, 'avg_sec_per_batch': 0.303997952491045, 'cuda_allocated_mb': 393, 'cuda_reserved_mb': 858, 'cuda_max_allocated_mb': 2226}
{'event': 'train_progress', 'epoch': 1, 'batch': 100, 'batches': 156, 'time_group': 70, 'time_groups': 98, 'history_edges': 30867, 'pos_edges': 92, 'neg_edges': 92, 'loss_recent': 27.925002875328065, 'elapsed_sec': 69.5734021179378, 'avg_sec_per_batch': 0.695734021179378, 'cuda_allocated_mb': 466, 'cuda_reserved_mb': 2022, 'cuda_max_allocated_mb': 2226}
{'event': 'train_time_group', 'epoch': 1, 'time_group': 98, 'time_groups': 98, 'batch': 154, 'batches': 156, 'time_value': 1997.0, 'group_batches': 2, 'history_edges': 49206, 'elapsed_sec': 111.80475038290024, 'cuda_allocated_mb': 334, 'cuda_reserved_mb': 2306, 'cuda_max_allocated_mb': 2226}
{'event': 'train_progress', 'epoch': 1, 'batch': 156, 'batches': 156, 'time_group': 98, 'time_groups': 98, 'history_edges': 49206, 'pos_edges': 282, 'neg_edges': 282, 'loss_recent': 29.140498253107072, 'elapsed_sec': 113.47890957444906, 'avg_sec_per_batch': 0.7274289075285196, 'cuda_allocated_mb': 467, 'cuda_reserved_mb': 2346, 'cuda_max_allocated_mb': 2226}
{'event': 'validation_start', 'epoch': 1}
{'event': 'validation_ranking_start', 'epoch': 1, 'max_edges': 5}
{'event': 'epoch_end', 'epoch': 1, 'early_stop_metric': 'val_composite', 'val_score': 0.24709851292637736, 'val_auc': 0.7187896728515626, 'val_ap': 0.4797223414620651, 'val_ndcg': 0.8789960220890098, 'val_mrr': 0.10921552646633029, 'val_hits@1': 0.1, 'val_hits@10': 0.1, 'val_hits@50': 0.2, 'val_hits@100': 0.2, 'elapsed_sec': 144.83511915802956}
{'candidate': 'struct_history_role64_mlp_rankloss_probe_h96_r12_a12_p4x4_l1_neg1_lr0p001_hp0p25_sr0_sa0_rl0p1_m0p75_hinge', 'seed': 1, 'composite': nan, 'val_auc': 0.7187896728515626, 'val_ap': 0.4797223414620651, 'val_ndcg': 0.8789960220890098, 'val_mrr': 0.10921552646633029, 'val_hits@1': 0.1, 'val_hits@10': 0.1, 'val_hits@50': 0.2, 'val_hits@100': 0.2, 'train_loss': 29.16635830891438, 'train_lp': 0.4430844659606616, 'train_align': 5689.206632901461, 'train_kl': 2748.200210516269, 'train_ood_reg': 0.211070236009665, 'train_meta': 0.4419988128476036, 'train_struct_aux': 0.0, 'train_weighted_align': 28.44603261590386, 'train_weighted_kl': 0.274820015251932, 'train_weighted_ood_reg': 0.0002110702456169141, 'train_weighted_meta': 0.00220999402238074, 'train_weighted_struct_aux': 0.0, 'train_rank': 0.2632225710803118, 'train_weighted_rank': 0.02632225752593233}
{'event': 'candidate_summary', 'candidate': 'struct_history_role64_mlp_rankloss_probe_h96_r12_a12_p4x4_l1_neg1_lr0p001_hp0p25_sr0_sa0_rl0p1_m0p75_hinge', 'score': 0.24709851292637736, 'passes_metric_minima': True, 'means': {'val_auc': 0.7187896728515626, 'val_ap': 0.4797223414620651, 'val_mrr': 0.10921552646633029, 'val_hits@10': 0.1, 'val_ndcg': 0.8789960220890098}, 'seeds_completed': 1}
{'event': 'candidate_seed_start', 'candidate': 'struct_history_role64_mlp_rankloss_probe_h96_r12_a12_p4x4_l1_neg1_lr0p001_hp0p5_sr0_sa0_rl0p05_m1_hinge', 'seed': 1, 'device': 'cuda', 'node_text_device': 'cuda:0'}
{'event': 'train_seed_start', 'seed': 1, 'train_edges': 50000, 'val_edges': 162066, 'test_edges': 163172, 'num_nodes': 47433, 'num_relations': 566}
{'event': 'train_seed_tensors_ready', 'seed': 1, 'elapsed_sec': 0.017051279544830322, 'cuda_allocated_mb': 122, 'cuda_reserved_mb': 146, 'cuda_max_allocated_mb': 2226}
{'event': 'train_known_facts_ready', 'seed': 1, 'scope': 'train', 'edges': 50000, 'elapsed_sec': 0.022492747753858566}
{'event': 'train_known_facts_ready', 'seed': 1, 'scope': 'train_val', 'edges': 212066, 'elapsed_sec': 0.041956786066293716}
{'event': 'train_sampler_ready', 'seed': 1, 'elapsed_sec': 0.16351231187582016}
{'event': 'val_sampler_ready', 'seed': 1, 'elapsed_sec': 0.28237006813287735}
{'event': 'epoch_start', 'epoch': 1, 'epochs': 1, 'batches': 156, 'time_groups': 98}
{'event': 'train_time_group', 'epoch': 1, 'time_group': 1, 'time_groups': 98, 'batch': 0, 'batches': 156, 'time_value': 1900.0, 'group_batches': 1, 'history_edges': 0, 'elapsed_sec': 0.021808188408613205, 'cuda_allocated_mb': 123, 'cuda_reserved_mb': 146, 'cuda_max_allocated_mb': 2226}
{'event': 'train_progress', 'epoch': 1, 'batch': 1, 'batches': 156, 'time_group': 1, 'time_groups': 98, 'history_edges': 0, 'pos_edges': 252, 'neg_edges': 252, 'loss_recent': 22.9918212890625, 'elapsed_sec': 0.33399250730872154, 'avg_sec_per_batch': 0.33399250730872154, 'cuda_allocated_mb': 393, 'cuda_reserved_mb': 858, 'cuda_max_allocated_mb': 2226}
{'event': 'train_progress', 'epoch': 1, 'batch': 100, 'batches': 156, 'time_group': 70, 'time_groups': 98, 'history_edges': 30867, 'pos_edges': 92, 'neg_edges': 92, 'loss_recent': 27.91977235674858, 'elapsed_sec': 67.22955871000886, 'avg_sec_per_batch': 0.6722955871000886, 'cuda_allocated_mb': 466, 'cuda_reserved_mb': 2022, 'cuda_max_allocated_mb': 2226}
{'event': 'train_time_group', 'epoch': 1, 'time_group': 98, 'time_groups': 98, 'batch': 154, 'batches': 156, 'time_value': 1997.0, 'group_batches': 2, 'history_edges': 49206, 'elapsed_sec': 108.85397054255009, 'cuda_allocated_mb': 334, 'cuda_reserved_mb': 2306, 'cuda_max_allocated_mb': 2226}
{'event': 'train_progress', 'epoch': 1, 'batch': 156, 'batches': 156, 'time_group': 98, 'time_groups': 98, 'history_edges': 49206, 'pos_edges': 282, 'neg_edges': 282, 'loss_recent': 29.137122871875764, 'elapsed_sec': 110.48704075068235, 'avg_sec_per_batch': 0.7082502612223228, 'cuda_allocated_mb': 467, 'cuda_reserved_mb': 2346, 'cuda_max_allocated_mb': 2226}
{'event': 'validation_start', 'epoch': 1}
{'event': 'validation_ranking_start', 'epoch': 1, 'max_edges': 5}
{'event': 'epoch_end', 'epoch': 1, 'early_stop_metric': 'val_composite', 'val_score': 0.24351983257595633, 'val_auc': 0.7134613037109375, 'val_ap': 0.4643963817201651, 'val_ndcg': 0.8738077711357852, 'val_mrr': 0.10728663735387249, 'val_hits@1': 0.1, 'val_hits@10': 0.1, 'val_hits@50': 0.2, 'val_hits@100': 0.2, 'elapsed_sec': 146.31012614443898}
{'candidate': 'struct_history_role64_mlp_rankloss_probe_h96_r12_a12_p4x4_l1_neg1_lr0p001_hp0p5_sr0_sa0_rl0p05_m1_hinge', 'seed': 1, 'composite': nan, 'val_auc': 0.7134613037109375, 'val_ap': 0.4643963817201651, 'val_ndcg': 0.8738077711357852, 'val_mrr': 0.10728663737829258, 'val_hits@1': 0.1, 'val_hits@10': 0.1, 'val_hits@50': 0.2, 'val_hits@100': 0.2, 'train_loss': 29.1612119605908, 'train_lp': 0.4371429538497558, 'train_align': 5689.241279602051, 'train_kl': 2754.9015090587814, 'train_ood_reg': 0.21190937875937194, 'train_meta': 0.4322082981085166, 'train_struct_aux': 0.0, 'train_weighted_align': 28.44620579457245, 'train_weighted_kl': 0.2754901450866899, 'train_weighted_ood_reg': 0.00021190938880467095, 'train_weighted_meta': 0.002161041442051124, 'train_weighted_struct_aux': 0.0, 'train_rank': 0.3573217284029875, 'train_weighted_rank': 0.017866086728202227}
{'event': 'candidate_summary', 'candidate': 'struct_history_role64_mlp_rankloss_probe_h96_r12_a12_p4x4_l1_neg1_lr0p001_hp0p5_sr0_sa0_rl0p05_m1_hinge', 'score': 0.2435198325893874, 'passes_metric_minima': True, 'means': {'val_auc': 0.7134613037109375, 'val_ap': 0.4643963817201651, 'val_mrr': 0.10728663737829258, 'val_hits@10': 0.1, 'val_ndcg': 0.8738077711357852}, 'seeds_completed': 1}
{'event': 'candidate_seed_start', 'candidate': 'struct_history_role64_mlp_rankloss_probe_h96_r12_a12_p4x4_l1_neg1_lr0p001_hp0p5_sr0_sa0_rl0p1_m0p75_hinge', 'seed': 1, 'device': 'cuda', 'node_text_device': 'cuda:0'}
{'event': 'train_seed_start', 'seed': 1, 'train_edges': 50000, 'val_edges': 162066, 'test_edges': 163172, 'num_nodes': 47433, 'num_relations': 566}
{'event': 'train_seed_tensors_ready', 'seed': 1, 'elapsed_sec': 0.03613637387752533, 'cuda_allocated_mb': 122, 'cuda_reserved_mb': 146, 'cuda_max_allocated_mb': 2226}
{'event': 'train_known_facts_ready', 'seed': 1, 'scope': 'train', 'edges': 50000, 'elapsed_sec': 0.042077191174030304}
{'event': 'train_known_facts_ready', 'seed': 1, 'scope': 'train_val', 'edges': 212066, 'elapsed_sec': 0.0642685741186142}
{'event': 'train_sampler_ready', 'seed': 1, 'elapsed_sec': 0.19235802069306374}
{'event': 'val_sampler_ready', 'seed': 1, 'elapsed_sec': 0.3109375536441803}
{'event': 'epoch_start', 'epoch': 1, 'epochs': 1, 'batches': 156, 'time_groups': 98}
{'event': 'train_time_group', 'epoch': 1, 'time_group': 1, 'time_groups': 98, 'batch': 0, 'batches': 156, 'time_value': 1900.0, 'group_batches': 1, 'history_edges': 0, 'elapsed_sec': 0.019465282559394836, 'cuda_allocated_mb': 123, 'cuda_reserved_mb': 146, 'cuda_max_allocated_mb': 2226}
{'event': 'train_progress', 'epoch': 1, 'batch': 1, 'batches': 156, 'time_group': 1, 'time_groups': 98, 'history_edges': 0, 'pos_edges': 252, 'neg_edges': 252, 'loss_recent': 22.9918212890625, 'elapsed_sec': 0.7397037893533707, 'avg_sec_per_batch': 0.7397037893533707, 'cuda_allocated_mb': 393, 'cuda_reserved_mb': 858, 'cuda_max_allocated_mb': 2226}
