runtime_device=cuda
cuda_device=Tesla V100-PCIE-32GB
{'event': 'seed_start', 'dataset': 'icews14', 'ablation': 'full', 'seed': 2, 'device': 'cuda', 'node_text_device': 'cuda:0'}
{'event': 'train_seed_start', 'seed': 2, 'train_edges': 61760, 'val_edges': 14592, 'test_edges': 14378, 'num_nodes': 7128, 'num_relations': 230}
{'event': 'train_seed_tensors_ready', 'seed': 2, 'elapsed_sec': 0.020058520138263702, 'cuda_allocated_mb': 22, 'cuda_reserved_mb': 24, 'cuda_max_allocated_mb': 22}
{'event': 'train_known_facts_ready', 'seed': 2, 'scope': 'train', 'edges': 61760, 'elapsed_sec': 0.030824560672044754}
{'event': 'train_known_facts_ready', 'seed': 2, 'scope': 'train_val', 'edges': 76352, 'elapsed_sec': 0.03763063997030258}
{'event': 'train_sampler_ready', 'seed': 2, 'elapsed_sec': 0.14613809809088707}
{'event': 'val_sampler_ready', 'seed': 2, 'elapsed_sec': 0.23168013989925385}
{'event': 'epoch_start', 'epoch': 1, 'epochs': 24, 'batches': 255, 'time_groups': 255}
{'event': 'train_time_group', 'epoch': 1, 'time_group': 1, 'time_groups': 255, 'batch': 0, 'batches': 255, 'time_value': 1388534400.0, 'group_batches': 1, 'history_edges': 0, 'elapsed_sec': 0.19135545939207077, 'cuda_allocated_mb': 23, 'cuda_reserved_mb': 26, 'cuda_max_allocated_mb': 23}
{'event': 'train_progress', 'epoch': 1, 'batch': 1, 'batches': 255, 'time_group': 1, 'time_groups': 255, 'history_edges': 0, 'pos_edges': 113, 'neg_edges': 113, 'loss_recent': 8.040328025817871, 'elapsed_sec': 1.2204764485359192, 'avg_sec_per_batch': 1.2204764485359192, 'cuda_allocated_mb': 93, 'cuda_reserved_mb': 176, 'cuda_max_allocated_mb': 161}
{'event': 'train_progress', 'epoch': 1, 'batch': 100, 'batches': 255, 'time_group': 100, 'time_groups': 255, 'history_edges': 23816, 'pos_edges': 259, 'neg_edges': 259, 'loss_recent': 14.60696340560913, 'elapsed_sec': 42.37747276201844, 'avg_sec_per_batch': 0.4237747276201844, 'cuda_allocated_mb': 99, 'cuda_reserved_mb': 752, 'cuda_max_allocated_mb': 659}
{'event': 'train_progress', 'epoch': 1, 'batch': 200, 'batches': 255, 'time_group': 200, 'time_groups': 255, 'history_edges': 48751, 'pos_edges': 162, 'neg_edges': 162, 'loss_recent': 13.472936720848084, 'elapsed_sec': 86.39879645779729, 'avg_sec_per_batch': 0.43199398228898644, 'cuda_allocated_mb': 96, 'cuda_reserved_mb': 1192, 'cuda_max_allocated_mb': 1067}
{'event': 'train_time_group', 'epoch': 1, 'time_group': 255, 'time_groups': 255, 'batch': 254, 'batches': 255, 'time_value': 1410480000.0, 'group_batches': 1, 'history_edges': 61439, 'elapsed_sec': 109.74794036522508, 'cuda_allocated_mb': 89, 'cuda_reserved_mb': 1432, 'cuda_max_allocated_mb': 1291}
{'event': 'train_progress', 'epoch': 1, 'batch': 255, 'batches': 255, 'time_group': 255, 'time_groups': 255, 'history_edges': 61439, 'pos_edges': 321, 'neg_edges': 321, 'loss_recent': 12.581398124694823, 'elapsed_sec': 110.19432642683387, 'avg_sec_per_batch': 0.4321346134385642, 'cuda_allocated_mb': 101, 'cuda_reserved_mb': 1432, 'cuda_max_allocated_mb': 1291}
{'event': 'validation_start', 'epoch': 1}
{'event': 'validation_ranking_start', 'epoch': 1, 'max_edges': 100}
{'event': 'epoch_end', 'epoch': 1, 'early_stop_metric': 'val_composite', 'val_score': 0.5286737278328403, 'val_auc': 0.9068073011347242, 'val_ap': 0.6731261443265066, 'val_ndcg': 0.9453921412387449, 'val_mrr': 0.34765045400650735, 'val_hits@1': 0.25, 'val_hits@10': 0.57, 'val_hits@50': 0.8, 'val_hits@100': 0.835, 'elapsed_sec': 298.53799418732524}
{'event': 'epoch_start', 'epoch': 2, 'epochs': 24, 'batches': 255, 'time_groups': 255}
{'event': 'train_time_group', 'epoch': 2, 'time_group': 1, 'time_groups': 255, 'batch': 0, 'batches': 255, 'time_value': 1388534400.0, 'group_batches': 1, 'history_edges': 0, 'elapsed_sec': 0.052331335842609406, 'cuda_allocated_mb': 89, 'cuda_reserved_mb': 1524, 'cuda_max_allocated_mb': 1291}
{'event': 'train_progress', 'epoch': 2, 'batch': 1, 'batches': 255, 'time_group': 1, 'time_groups': 255, 'history_edges': 0, 'pos_edges': 113, 'neg_edges': 113, 'loss_recent': 9.089938163757324, 'elapsed_sec': 0.24631508812308311, 'avg_sec_per_batch': 0.24631508812308311, 'cuda_allocated_mb': 94, 'cuda_reserved_mb': 1524, 'cuda_max_allocated_mb': 1291}
{'event': 'train_progress', 'epoch': 2, 'batch': 100, 'batches': 255, 'time_group': 100, 'time_groups': 255, 'history_edges': 23816, 'pos_edges': 259, 'neg_edges': 259, 'loss_recent': 12.336912002563476, 'elapsed_sec': 40.634731728583574, 'avg_sec_per_batch': 0.40634731728583573, 'cuda_allocated_mb': 99, 'cuda_reserved_mb': 1524, 'cuda_max_allocated_mb': 1291}
{'event': 'train_progress', 'epoch': 2, 'batch': 200, 'batches': 255, 'time_group': 200, 'time_groups': 255, 'history_edges': 48751, 'pos_edges': 162, 'neg_edges': 162, 'loss_recent': 11.400106253623962, 'elapsed_sec': 83.75217375904322, 'avg_sec_per_batch': 0.41876086879521607, 'cuda_allocated_mb': 96, 'cuda_reserved_mb': 1524, 'cuda_max_allocated_mb': 1291}
{'event': 'train_time_group', 'epoch': 2, 'time_group': 255, 'time_groups': 255, 'batch': 254, 'batches': 255, 'time_value': 1410480000.0, 'group_batches': 1, 'history_edges': 61439, 'elapsed_sec': 107.48746640235186, 'cuda_allocated_mb': 89, 'cuda_reserved_mb': 1544, 'cuda_max_allocated_mb': 1291}
{'event': 'train_progress', 'epoch': 2, 'batch': 255, 'batches': 255, 'time_group': 255, 'time_groups': 255, 'history_edges': 61439, 'pos_edges': 321, 'neg_edges': 321, 'loss_recent': 10.75135880470276, 'elapsed_sec': 107.93183283507824, 'avg_sec_per_batch': 0.4232620895493264, 'cuda_allocated_mb': 100, 'cuda_reserved_mb': 1544, 'cuda_max_allocated_mb': 1291}
{'event': 'validation_start', 'epoch': 2}
{'event': 'validation_ranking_start', 'epoch': 2, 'max_edges': 100}
{'event': 'epoch_end', 'epoch': 2, 'early_stop_metric': 'val_composite', 'val_score': 0.5351895185746858, 'val_auc': 0.9209703195935288, 'val_ap': 0.7018617253480692, 'val_ndcg': 0.951561252749244, 'val_mrr': 0.34941123703574917, 'val_hits@1': 0.25, 'val_hits@10': 0.57, 'val_hits@50': 0.75, 'val_hits@100': 0.81, 'elapsed_sec': 282.1612278185785}
{'event': 'epoch_start', 'epoch': 3, 'epochs': 24, 'batches': 255, 'time_groups': 255}
{'event': 'train_time_group', 'epoch': 3, 'time_group': 1, 'time_groups': 255, 'batch': 0, 'batches': 255, 'time_value': 1388534400.0, 'group_batches': 1, 'history_edges': 0, 'elapsed_sec': 0.0449552983045578, 'cuda_allocated_mb': 89, 'cuda_reserved_mb': 1544, 'cuda_max_allocated_mb': 1291}
{'event': 'train_progress', 'epoch': 3, 'batch': 1, 'batches': 255, 'time_group': 1, 'time_groups': 255, 'history_edges': 0, 'pos_edges': 113, 'neg_edges': 113, 'loss_recent': 8.429543495178223, 'elapsed_sec': 0.2427915520966053, 'avg_sec_per_batch': 0.2427915520966053, 'cuda_allocated_mb': 94, 'cuda_reserved_mb': 1544, 'cuda_max_allocated_mb': 1291}
{'event': 'train_progress', 'epoch': 3, 'batch': 100, 'batches': 255, 'time_group': 100, 'time_groups': 255, 'history_edges': 23816, 'pos_edges': 259, 'neg_edges': 259, 'loss_recent': 10.858822913169861, 'elapsed_sec': 39.13984567299485, 'avg_sec_per_batch': 0.3913984567299485, 'cuda_allocated_mb': 98, 'cuda_reserved_mb': 1544, 'cuda_max_allocated_mb': 1291}
{'event': 'train_progress', 'epoch': 3, 'batch': 200, 'batches': 255, 'time_group': 200, 'time_groups': 255, 'history_edges': 48751, 'pos_edges': 162, 'neg_edges': 162, 'loss_recent': 9.83227566242218, 'elapsed_sec': 82.9619716592133, 'avg_sec_per_batch': 0.41480985829606654, 'cuda_allocated_mb': 96, 'cuda_reserved_mb': 1544, 'cuda_max_allocated_mb': 1291}
{'event': 'train_time_group', 'epoch': 3, 'time_group': 255, 'time_groups': 255, 'batch': 254, 'batches': 255, 'time_value': 1410480000.0, 'group_batches': 1, 'history_edges': 61439, 'elapsed_sec': 106.60561239346862, 'cuda_allocated_mb': 89, 'cuda_reserved_mb': 1544, 'cuda_max_allocated_mb': 1292}
{'event': 'train_progress', 'epoch': 3, 'batch': 255, 'batches': 255, 'time_group': 255, 'time_groups': 255, 'history_edges': 61439, 'pos_edges': 321, 'neg_edges': 321, 'loss_recent': 9.277343530654907, 'elapsed_sec': 107.18913169950247, 'avg_sec_per_batch': 0.4203495360764803, 'cuda_allocated_mb': 101, 'cuda_reserved_mb': 1544, 'cuda_max_allocated_mb': 1292}
{'event': 'validation_start', 'epoch': 3}
{'event': 'validation_ranking_start', 'epoch': 3, 'max_edges': 100}
{'event': 'epoch_end', 'epoch': 3, 'early_stop_metric': 'val_composite', 'val_score': 0.5264072729207292, 'val_auc': 0.9256222987857443, 'val_ap': 0.7102410290560421, 'val_ndcg': 0.9533422008605541, 'val_mrr': 0.3305115670739607, 'val_hits@1': 0.22, 'val_hits@10': 0.565, 'val_hits@50': 0.755, 'val_hits@100': 0.805, 'elapsed_sec': 296.8034950681031}
{'event': 'epoch_start', 'epoch': 4, 'epochs': 24, 'batches': 255, 'time_groups': 255}
{'event': 'train_time_group', 'epoch': 4, 'time_group': 1, 'time_groups': 255, 'batch': 0, 'batches': 255, 'time_value': 1388534400.0, 'group_batches': 1, 'history_edges': 0, 'elapsed_sec': 0.044609759002923965, 'cuda_allocated_mb': 89, 'cuda_reserved_mb': 1546, 'cuda_max_allocated_mb': 1292}
{'event': 'train_progress', 'epoch': 4, 'batch': 1, 'batches': 255, 'time_group': 1, 'time_groups': 255, 'history_edges': 0, 'pos_edges': 113, 'neg_edges': 113, 'loss_recent': 8.701688766479492, 'elapsed_sec': 0.2519387751817703, 'avg_sec_per_batch': 0.2519387751817703, 'cuda_allocated_mb': 93, 'cuda_reserved_mb': 1546, 'cuda_max_allocated_mb': 1292}
{'event': 'train_progress', 'epoch': 4, 'batch': 100, 'batches': 255, 'time_group': 100, 'time_groups': 255, 'history_edges': 23816, 'pos_edges': 259, 'neg_edges': 259, 'loss_recent': 9.629273817539215, 'elapsed_sec': 38.589271012693644, 'avg_sec_per_batch': 0.38589271012693643, 'cuda_allocated_mb': 99, 'cuda_reserved_mb': 1546, 'cuda_max_allocated_mb': 1292}
{'event': 'train_progress', 'epoch': 4, 'batch': 200, 'batches': 255, 'time_group': 200, 'time_groups': 255, 'history_edges': 48751, 'pos_edges': 162, 'neg_edges': 162, 'loss_recent': 8.721186797618866, 'elapsed_sec': 81.95837070047855, 'avg_sec_per_batch': 0.4097918535023928, 'cuda_allocated_mb': 96, 'cuda_reserved_mb': 1546, 'cuda_max_allocated_mb': 1292}
{'event': 'train_time_group', 'epoch': 4, 'time_group': 255, 'time_groups': 255, 'batch': 254, 'batches': 255, 'time_value': 1410480000.0, 'group_batches': 1, 'history_edges': 61439, 'elapsed_sec': 105.28275784105062, 'cuda_allocated_mb': 89, 'cuda_reserved_mb': 1546, 'cuda_max_allocated_mb': 1292}
{'event': 'train_progress', 'epoch': 4, 'batch': 255, 'batches': 255, 'time_group': 255, 'time_groups': 255, 'history_edges': 61439, 'pos_edges': 321, 'neg_edges': 321, 'loss_recent': 8.265952558517457, 'elapsed_sec': 105.80105647072196, 'avg_sec_per_batch': 0.4149061038067528, 'cuda_allocated_mb': 100, 'cuda_reserved_mb': 1546, 'cuda_max_allocated_mb': 1292}
{'event': 'validation_start', 'epoch': 4}
{'event': 'validation_ranking_start', 'epoch': 4, 'max_edges': 100}
{'event': 'epoch_end', 'epoch': 4, 'early_stop_metric': 'val_composite', 'val_score': 0.52118360071354, 'val_auc': 0.9217987902151984, 'val_ap': 0.7037493363163525, 'val_ndcg': 0.9519775501379835, 'val_mrr': 0.3266670114830576, 'val_hits@1': 0.225, 'val_hits@10': 0.555, 'val_hits@50': 0.735, 'val_hits@100': 0.785, 'elapsed_sec': 287.2088016755879}
{'event': 'epoch_start', 'epoch': 5, 'epochs': 24, 'batches': 255, 'time_groups': 255}
{'event': 'train_time_group', 'epoch': 5, 'time_group': 1, 'time_groups': 255, 'batch': 0, 'batches': 255, 'time_value': 1388534400.0, 'group_batches': 1, 'history_edges': 0, 'elapsed_sec': 0.04523986205458641, 'cuda_allocated_mb': 89, 'cuda_reserved_mb': 1546, 'cuda_max_allocated_mb': 1292}
{'event': 'train_progress', 'epoch': 5, 'batch': 1, 'batches': 255, 'time_group': 1, 'time_groups': 255, 'history_edges': 0, 'pos_edges': 113, 'neg_edges': 113, 'loss_recent': 9.671673774719238, 'elapsed_sec': 0.2936742790043354, 'avg_sec_per_batch': 0.2936742790043354, 'cuda_allocated_mb': 93, 'cuda_reserved_mb': 1546, 'cuda_max_allocated_mb': 1292}
{'event': 'train_progress', 'epoch': 5, 'batch': 100, 'batches': 255, 'time_group': 100, 'time_groups': 255, 'history_edges': 23816, 'pos_edges': 259, 'neg_edges': 259, 'loss_recent': 8.744497194290162, 'elapsed_sec': 37.79089592769742, 'avg_sec_per_batch': 0.3779089592769742, 'cuda_allocated_mb': 99, 'cuda_reserved_mb': 1546, 'cuda_max_allocated_mb': 1292}
{'event': 'train_progress', 'epoch': 5, 'batch': 200, 'batches': 255, 'time_group': 200, 'time_groups': 255, 'history_edges': 48751, 'pos_edges': 162, 'neg_edges': 162, 'loss_recent': 7.925562250614166, 'elapsed_sec': 81.33959221467376, 'avg_sec_per_batch': 0.4066979610733688, 'cuda_allocated_mb': 96, 'cuda_reserved_mb': 1546, 'cuda_max_allocated_mb': 1292}
{'event': 'train_time_group', 'epoch': 5, 'time_group': 255, 'time_groups': 255, 'batch': 254, 'batches': 255, 'time_value': 1410480000.0, 'group_batches': 1, 'history_edges': 61439, 'elapsed_sec': 104.43253882974386, 'cuda_allocated_mb': 89, 'cuda_reserved_mb': 1546, 'cuda_max_allocated_mb': 1292}
{'event': 'train_progress', 'epoch': 5, 'batch': 255, 'batches': 255, 'time_group': 255, 'time_groups': 255, 'history_edges': 61439, 'pos_edges': 321, 'neg_edges': 321, 'loss_recent': 7.551698410511017, 'elapsed_sec': 104.92941557988524, 'avg_sec_per_batch': 0.4114879042348441, 'cuda_allocated_mb': 101, 'cuda_reserved_mb': 1546, 'cuda_max_allocated_mb': 1292}
{'event': 'validation_start', 'epoch': 5}
{'event': 'validation_ranking_start', 'epoch': 5, 'max_edges': 100}
{'event': 'epoch_end', 'epoch': 5, 'early_stop_metric': 'val_composite', 'val_score': 0.5192449277427006, 'val_auc': 0.9199141179557653, 'val_ap': 0.7030485422682764, 'val_ndcg': 0.9516926805771437, 'val_mrr': 0.325245344893913, 'val_hits@1': 0.215, 'val_hits@10': 0.55, 'val_hits@50': 0.755, 'val_hits@100': 0.8, 'elapsed_sec': 287.21879540011287}
{'event': 'epoch_start', 'epoch': 6, 'epochs': 24, 'batches': 255, 'time_groups': 255}
{'event': 'train_time_group', 'epoch': 6, 'time_group': 1, 'time_groups': 255, 'batch': 0, 'batches': 255, 'time_value': 1388534400.0, 'group_batches': 1, 'history_edges': 0, 'elapsed_sec': 0.043169066309928894, 'cuda_allocated_mb': 89, 'cuda_reserved_mb': 1546, 'cuda_max_allocated_mb': 1292}
{'event': 'train_progress', 'epoch': 6, 'batch': 1, 'batches': 255, 'time_group': 1, 'time_groups': 255, 'history_edges': 0, 'pos_edges': 113, 'neg_edges': 113, 'loss_recent': 10.32938003540039, 'elapsed_sec': 0.24665168300271034, 'avg_sec_per_batch': 0.24665168300271034, 'cuda_allocated_mb': 94, 'cuda_reserved_mb': 1546, 'cuda_max_allocated_mb': 1292}
{'event': 'train_progress', 'epoch': 6, 'batch': 100, 'batches': 255, 'time_group': 100, 'time_groups': 255, 'history_edges': 23816, 'pos_edges': 259, 'neg_edges': 259, 'loss_recent': 8.05902412891388, 'elapsed_sec': 36.5669956356287, 'avg_sec_per_batch': 0.365669956356287, 'cuda_allocated_mb': 99, 'cuda_reserved_mb': 1546, 'cuda_max_allocated_mb': 1292}
{'event': 'train_progress', 'epoch': 6, 'batch': 200, 'batches': 255, 'time_group': 200, 'time_groups': 255, 'history_edges': 48751, 'pos_edges': 162, 'neg_edges': 162, 'loss_recent': 7.370509238243103, 'elapsed_sec': 79.92577449977398, 'avg_sec_per_batch': 0.3996288724988699, 'cuda_allocated_mb': 96, 'cuda_reserved_mb': 1546, 'cuda_max_allocated_mb': 1292}
{'event': 'train_time_group', 'epoch': 6, 'time_group': 255, 'time_groups': 255, 'batch': 254, 'batches': 255, 'time_value': 1410480000.0, 'group_batches': 1, 'history_edges': 61439, 'elapsed_sec': 103.84103713184595, 'cuda_allocated_mb': 89, 'cuda_reserved_mb': 1546, 'cuda_max_allocated_mb': 1292}
{'event': 'train_progress', 'epoch': 6, 'batch': 255, 'batches': 255, 'time_group': 255, 'time_groups': 255, 'history_edges': 61439, 'pos_edges': 321, 'neg_edges': 321, 'loss_recent': 7.058332040309906, 'elapsed_sec': 104.28151444345713, 'avg_sec_per_batch': 0.40894711546453777, 'cuda_allocated_mb': 101, 'cuda_reserved_mb': 1546, 'cuda_max_allocated_mb': 1292}
{'event': 'validation_start', 'epoch': 6}
{'event': 'validation_ranking_start', 'epoch': 6, 'max_edges': 100}
{'event': 'epoch_end', 'epoch': 6, 'early_stop_metric': 'val_composite', 'val_score': 0.518458653883971, 'val_auc': 0.9214909027935579, 'val_ap': 0.7092024137831058, 'val_ndcg': 0.9527574609049869, 'val_mrr': 0.3214560011726571, 'val_hits@1': 0.205, 'val_hits@10': 0.55, 'val_hits@50': 0.75, 'val_hits@100': 0.805, 'elapsed_sec': 289.9589427411556}
{'event': 'epoch_start', 'epoch': 7, 'epochs': 24, 'batches': 255, 'time_groups': 255}
{'event': 'train_time_group', 'epoch': 7, 'time_group': 1, 'time_groups': 255, 'batch': 0, 'batches': 255, 'time_value': 1388534400.0, 'group_batches': 1, 'history_edges': 0, 'elapsed_sec': 0.044273655861616135, 'cuda_allocated_mb': 89, 'cuda_reserved_mb': 1546, 'cuda_max_allocated_mb': 1292}
{'event': 'train_progress', 'epoch': 7, 'batch': 1, 'batches': 255, 'time_group': 1, 'time_groups': 255, 'history_edges': 0, 'pos_edges': 113, 'neg_edges': 113, 'loss_recent': 11.725924491882324, 'elapsed_sec': 0.24302802607417107, 'avg_sec_per_batch': 0.24302802607417107, 'cuda_allocated_mb': 93, 'cuda_reserved_mb': 1546, 'cuda_max_allocated_mb': 1292}
{'event': 'train_progress', 'epoch': 7, 'batch': 100, 'batches': 255, 'time_group': 100, 'time_groups': 255, 'history_edges': 23816, 'pos_edges': 259, 'neg_edges': 259, 'loss_recent': 7.589890179634094, 'elapsed_sec': 35.74196329340339, 'avg_sec_per_batch': 0.3574196329340339, 'cuda_allocated_mb': 99, 'cuda_reserved_mb': 1546, 'cuda_max_allocated_mb': 1292}
{'event': 'train_progress', 'epoch': 7, 'batch': 200, 'batches': 255, 'time_group': 200, 'time_groups': 255, 'history_edges': 48751, 'pos_edges': 162, 'neg_edges': 162, 'loss_recent': 7.020002546310425, 'elapsed_sec': 78.79039084911346, 'avg_sec_per_batch': 0.39395195424556734, 'cuda_allocated_mb': 96, 'cuda_reserved_mb': 1546, 'cuda_max_allocated_mb': 1292}
{'event': 'train_time_group', 'epoch': 7, 'time_group': 255, 'time_groups': 255, 'batch': 254, 'batches': 255, 'time_value': 1410480000.0, 'group_batches': 1, 'history_edges': 61439, 'elapsed_sec': 102.43423141911626, 'cuda_allocated_mb': 89, 'cuda_reserved_mb': 1546, 'cuda_max_allocated_mb': 1292}
{'event': 'train_progress', 'epoch': 7, 'batch': 255, 'batches': 255, 'time_group': 255, 'time_groups': 255, 'history_edges': 61439, 'pos_edges': 321, 'neg_edges': 321, 'loss_recent': 6.759651050567627, 'elapsed_sec': 102.93443554639816, 'avg_sec_per_batch': 0.40366445312313004, 'cuda_allocated_mb': 101, 'cuda_reserved_mb': 1546, 'cuda_max_allocated_mb': 1292}
{'event': 'validation_start', 'epoch': 7}
{'event': 'validation_ranking_start', 'epoch': 7, 'max_edges': 100}
{'event': 'epoch_end', 'epoch': 7, 'early_stop_metric': 'val_composite', 'val_score': 0.5237084363025978, 'val_auc': 0.91925537438127, 'val_ap': 0.7075318190209365, 'val_ndcg': 0.9522618024313853, 'val_mrr': 0.33277942897451057, 'val_hits@1': 0.225, 'val_hits@10': 0.55, 'val_hits@50': 0.755, 'val_hits@100': 0.795, 'elapsed_sec': 283.9876528829336}
{'dataset': 'icews14', 'method': 'ssptgfm', 'scenario': 'standard', 'ablation': 'full', 'few_shot_ratio': 1.0, 'seed': 2, 'train_edges': 61760, 'val_edges': 14592, 'test_edges': 14378, 'params_trainable': 2947251, 'params_total': 2947300, 'rough_forward_flops': 2792030208, 'train_eval_time_sec': 2498.745646432042, 'allocated_mb': 49.5400390625, 'reserved_mb': 1546.0, 'max_allocated_mb': 1292.0556640625, 'val_auc': 0.9209703194995997, 'val_ap': 0.7018617216408785, 'val_ndcg': 0.9515612525452206, 'val_mrr': 0.34941123703574917, 'val_hits@1': 0.25, 'val_hits@10': 0.57, 'val_hits@50': 0.75, 'val_hits@100': 0.81, 'train_loss': 11.501839897679348, 'train_lp': 0.3581982925826428, 'train_align': 2083.8803509880513, 'train_kl': 7217.25388805913, 'train_ood_reg': 0.19745175020367492, 'train_meta': 0.3515319128246868, 'train_struct_aux': 0.5595635753051907, 'train_weighted_align': 10.419401516633876, 'train_weighted_kl': 0.7217253707203211, 'train_weighted_ood_reg': 0.00019745175931009228, 'train_weighted_meta': 0.0017576595250170166, 'train_weighted_struct_aux': 0.0005595636026198775, 'train_rank': 0.16503326859252127, 'train_weighted_rank': 0.00016503327662540672, 'test_auc': 0.9327819004905041, 'test_ap': 0.7217637839208487, 'test_ndcg': 0.9562926794038957, 'test_mrr': 0.4248737623809682, 'test_hits@1': 0.294, 'test_hits@10': 0.662, 'test_hits@50': 0.81, 'test_hits@100': 0.852}
