runtime_device=cuda
cuda_device=Tesla V100-PCIE-32GB
{'event': 'seed_start', 'dataset': 'yago15k-temporal', 'ablation': 'full', 'seed': 1, 'device': 'cuda', 'node_text_device': 'cuda:0'}
{'event': 'train_seed_start', 'seed': 1, 'train_edges': 3244, 'val_edges': 6738, 'test_edges': 26719, 'num_nodes': 4197, 'num_relations': 19}
{'event': 'train_seed_tensors_ready', 'seed': 1, 'elapsed_sec': 0.006274279206991196, 'cuda_allocated_mb': 11, 'cuda_reserved_mb': 24, 'cuda_max_allocated_mb': 11}
{'event': 'train_known_facts_ready', 'seed': 1, 'scope': 'train', 'edges': 3244, 'elapsed_sec': 0.00838572159409523}
{'event': 'train_known_facts_ready', 'seed': 1, 'scope': 'train_val', 'edges': 9982, 'elapsed_sec': 0.00963146984577179}
{'event': 'train_sampler_ready', 'seed': 1, 'elapsed_sec': 0.013659864664077759}
{'event': 'val_sampler_ready', 'seed': 1, 'elapsed_sec': 0.017365727573633194}
{'event': 'epoch_start', 'epoch': 1, 'epochs': 24, 'batches': 118, 'time_groups': 118}
{'event': 'train_time_group', 'epoch': 1, 'time_group': 1, 'time_groups': 118, 'batch': 0, 'batches': 118, 'time_value': 600.0, 'group_batches': 1, 'history_edges': 0, 'elapsed_sec': 0.01629801094532013, 'cuda_allocated_mb': 11, 'cuda_reserved_mb': 24, 'cuda_max_allocated_mb': 11}
{'event': 'train_progress', 'epoch': 1, 'batch': 1, 'batches': 118, 'time_group': 1, 'time_groups': 118, 'history_edges': 0, 'pos_edges': 1, 'neg_edges': 1, 'loss_recent': 0.7604079842567444, 'elapsed_sec': 1.2184666730463505, 'avg_sec_per_batch': 1.2184666730463505, 'cuda_allocated_mb': 55, 'cuda_reserved_mb': 116, 'cuda_max_allocated_mb': 103}
{'event': 'train_progress', 'epoch': 1, 'batch': 100, 'batches': 118, 'time_group': 100, 'time_groups': 118, 'history_edges': 2144, 'pos_edges': 38, 'neg_edges': 38, 'loss_recent': 2.832255354821682, 'elapsed_sec': 55.4840175062418, 'avg_sec_per_batch': 0.554840175062418, 'cuda_allocated_mb': 64, 'cuda_reserved_mb': 1154, 'cuda_max_allocated_mb': 1063}
{'event': 'train_time_group', 'epoch': 1, 'time_group': 118, 'time_groups': 118, 'batch': 117, 'batches': 118, 'time_value': 1966.0, 'group_batches': 1, 'history_edges': 3153, 'elapsed_sec': 71.73203003779054, 'cuda_allocated_mb': 56, 'cuda_reserved_mb': 1194, 'cuda_max_allocated_mb': 1098}
{'event': 'train_progress', 'epoch': 1, 'batch': 118, 'batches': 118, 'time_group': 118, 'time_groups': 118, 'history_edges': 3153, 'pos_edges': 91, 'neg_edges': 91, 'loss_recent': 3.8403411129117013, 'elapsed_sec': 72.83851836249232, 'avg_sec_per_batch': 0.6172755793431552, 'cuda_allocated_mb': 63, 'cuda_reserved_mb': 1194, 'cuda_max_allocated_mb': 1101}
{'event': 'validation_start', 'epoch': 1}
{'event': 'validation_ranking_start', 'epoch': 1, 'max_edges': 150}
{'event': 'epoch_end', 'epoch': 1, 'early_stop_metric': 'val_composite', 'val_score': 0.26513293932369203, 'val_auc': 0.5926602021328156, 'val_ap': 0.13556649617314717, 'val_ndcg': 0.7918937344633515, 'val_mrr': 0.139951162689488, 'val_hits@1': 0.06666666666666667, 'val_hits@10': 0.33, 'val_hits@50': 0.48, 'val_hits@100': 0.59, 'elapsed_sec': 150.51912513002753}
{'event': 'epoch_start', 'epoch': 2, 'epochs': 24, 'batches': 118, 'time_groups': 118}
{'event': 'train_time_group', 'epoch': 2, 'time_group': 1, 'time_groups': 118, 'batch': 0, 'batches': 118, 'time_value': 600.0, 'group_batches': 1, 'history_edges': 0, 'elapsed_sec': 0.009776998311281204, 'cuda_allocated_mb': 56, 'cuda_reserved_mb': 1220, 'cuda_max_allocated_mb': 1101}
{'event': 'train_progress', 'epoch': 2, 'batch': 1, 'batches': 118, 'time_group': 1, 'time_groups': 118, 'history_edges': 0, 'pos_edges': 1, 'neg_edges': 1, 'loss_recent': 0.6400114297866821, 'elapsed_sec': 0.24056411162018776, 'avg_sec_per_batch': 0.24056411162018776, 'cuda_allocated_mb': 56, 'cuda_reserved_mb': 1220, 'cuda_max_allocated_mb': 1101}
{'event': 'train_progress', 'epoch': 2, 'batch': 100, 'batches': 118, 'time_group': 100, 'time_groups': 118, 'history_edges': 2144, 'pos_edges': 38, 'neg_edges': 38, 'loss_recent': 2.3678694379329683, 'elapsed_sec': 52.23073235154152, 'avg_sec_per_batch': 0.5223073235154152, 'cuda_allocated_mb': 64, 'cuda_reserved_mb': 1220, 'cuda_max_allocated_mb': 1101}
{'event': 'train_time_group', 'epoch': 2, 'time_group': 118, 'time_groups': 118, 'batch': 117, 'batches': 118, 'time_value': 1966.0, 'group_batches': 1, 'history_edges': 3153, 'elapsed_sec': 68.73046592622995, 'cuda_allocated_mb': 56, 'cuda_reserved_mb': 1220, 'cuda_max_allocated_mb': 1101}
{'event': 'train_progress', 'epoch': 2, 'batch': 118, 'batches': 118, 'time_group': 118, 'time_groups': 118, 'history_edges': 3153, 'pos_edges': 91, 'neg_edges': 91, 'loss_recent': 3.132635296583176, 'elapsed_sec': 69.79352045804262, 'avg_sec_per_batch': 0.5914705123562934, 'cuda_allocated_mb': 64, 'cuda_reserved_mb': 1220, 'cuda_max_allocated_mb': 1101}
{'event': 'validation_start', 'epoch': 2}
{'event': 'validation_ranking_start', 'epoch': 2, 'max_edges': 150}
{'event': 'epoch_end', 'epoch': 2, 'early_stop_metric': 'val_composite', 'val_score': 0.26789310870374533, 'val_auc': 0.5780638155705456, 'val_ap': 0.13993448833989075, 'val_ndcg': 0.7968774571913297, 'val_mrr': 0.14062399791020289, 'val_hits@1': 0.06333333333333334, 'val_hits@10': 0.34, 'val_hits@50': 0.52, 'val_hits@100': 0.64, 'elapsed_sec': 145.73138235136867}
{'event': 'epoch_start', 'epoch': 3, 'epochs': 24, 'batches': 118, 'time_groups': 118}
{'event': 'train_time_group', 'epoch': 3, 'time_group': 1, 'time_groups': 118, 'batch': 0, 'batches': 118, 'time_value': 600.0, 'group_batches': 1, 'history_edges': 0, 'elapsed_sec': 0.010414868593215942, 'cuda_allocated_mb': 56, 'cuda_reserved_mb': 1220, 'cuda_max_allocated_mb': 1101}
{'event': 'train_progress', 'epoch': 3, 'batch': 1, 'batches': 118, 'time_group': 1, 'time_groups': 118, 'history_edges': 0, 'pos_edges': 1, 'neg_edges': 1, 'loss_recent': 0.4815213978290558, 'elapsed_sec': 0.20290587097406387, 'avg_sec_per_batch': 0.20290587097406387, 'cuda_allocated_mb': 56, 'cuda_reserved_mb': 1220, 'cuda_max_allocated_mb': 1101}
{'event': 'train_progress', 'epoch': 3, 'batch': 100, 'batches': 118, 'time_group': 100, 'time_groups': 118, 'history_edges': 2144, 'pos_edges': 38, 'neg_edges': 38, 'loss_recent': 1.982739593088627, 'elapsed_sec': 52.31005060300231, 'avg_sec_per_batch': 0.5231005060300231, 'cuda_allocated_mb': 64, 'cuda_reserved_mb': 1220, 'cuda_max_allocated_mb': 1101}
{'event': 'train_time_group', 'epoch': 3, 'time_group': 118, 'time_groups': 118, 'batch': 117, 'batches': 118, 'time_value': 1966.0, 'group_batches': 1, 'history_edges': 3153, 'elapsed_sec': 68.56153635308146, 'cuda_allocated_mb': 56, 'cuda_reserved_mb': 1220, 'cuda_max_allocated_mb': 1101}
{'event': 'train_progress', 'epoch': 3, 'batch': 118, 'batches': 118, 'time_group': 118, 'time_groups': 118, 'history_edges': 3153, 'pos_edges': 91, 'neg_edges': 91, 'loss_recent': 2.5501442939043044, 'elapsed_sec': 69.7615253739059, 'avg_sec_per_batch': 0.5911993675754738, 'cuda_allocated_mb': 64, 'cuda_reserved_mb': 1220, 'cuda_max_allocated_mb': 1101}
{'event': 'validation_start', 'epoch': 3}
{'event': 'validation_ranking_start', 'epoch': 3, 'max_edges': 150}
{'event': 'epoch_end', 'epoch': 3, 'early_stop_metric': 'val_composite', 'val_score': 0.2813757117126234, 'val_auc': 0.5914905403103974, 'val_ap': 0.15084553940866458, 'val_ndcg': 0.8038732175615949, 'val_mrr': 0.15357406405928864, 'val_hits@1': 0.06333333333333334, 'val_hits@10': 0.36, 'val_hits@50': 0.52, 'val_hits@100': 0.63, 'elapsed_sec': 146.58663186058402}
{'event': 'epoch_start', 'epoch': 4, 'epochs': 24, 'batches': 118, 'time_groups': 118}
{'event': 'train_time_group', 'epoch': 4, 'time_group': 1, 'time_groups': 118, 'batch': 0, 'batches': 118, 'time_value': 600.0, 'group_batches': 1, 'history_edges': 0, 'elapsed_sec': 0.009550526738166809, 'cuda_allocated_mb': 56, 'cuda_reserved_mb': 1220, 'cuda_max_allocated_mb': 1101}
{'event': 'train_progress', 'epoch': 4, 'batch': 1, 'batches': 118, 'time_group': 1, 'time_groups': 118, 'history_edges': 0, 'pos_edges': 1, 'neg_edges': 1, 'loss_recent': 0.26815083622932434, 'elapsed_sec': 0.26097339764237404, 'avg_sec_per_batch': 0.26097339764237404, 'cuda_allocated_mb': 56, 'cuda_reserved_mb': 1220, 'cuda_max_allocated_mb': 1101}
{'event': 'train_progress', 'epoch': 4, 'batch': 100, 'batches': 118, 'time_group': 100, 'time_groups': 118, 'history_edges': 2144, 'pos_edges': 38, 'neg_edges': 38, 'loss_recent': 1.6332149143144488, 'elapsed_sec': 51.974560886621475, 'avg_sec_per_batch': 0.5197456088662148, 'cuda_allocated_mb': 64, 'cuda_reserved_mb': 1220, 'cuda_max_allocated_mb': 1101}
{'event': 'train_time_group', 'epoch': 4, 'time_group': 118, 'time_groups': 118, 'batch': 117, 'batches': 118, 'time_value': 1966.0, 'group_batches': 1, 'history_edges': 3153, 'elapsed_sec': 68.20510641857982, 'cuda_allocated_mb': 56, 'cuda_reserved_mb': 1220, 'cuda_max_allocated_mb': 1101}
{'event': 'train_progress', 'epoch': 4, 'batch': 118, 'batches': 118, 'time_group': 118, 'time_groups': 118, 'history_edges': 3153, 'pos_edges': 91, 'neg_edges': 91, 'loss_recent': 2.1614754817634823, 'elapsed_sec': 69.29960830137134, 'avg_sec_per_batch': 0.5872848161133164, 'cuda_allocated_mb': 64, 'cuda_reserved_mb': 1220, 'cuda_max_allocated_mb': 1101}
{'event': 'validation_start', 'epoch': 4}
{'event': 'validation_ranking_start', 'epoch': 4, 'max_edges': 150}
{'event': 'epoch_end', 'epoch': 4, 'early_stop_metric': 'val_composite', 'val_score': 0.2894136607393688, 'val_auc': 0.5920764637171225, 'val_ap': 0.15267370372655256, 'val_ndcg': 0.8048894380924878, 'val_mrr': 0.15817300970389528, 'val_hits@1': 0.07, 'val_hits@10': 0.38666666666666666, 'val_hits@50': 0.52, 'val_hits@100': 0.6166666666666667, 'elapsed_sec': 145.87537996843457}
{'event': 'epoch_start', 'epoch': 5, 'epochs': 24, 'batches': 118, 'time_groups': 118}
{'event': 'train_time_group', 'epoch': 5, 'time_group': 1, 'time_groups': 118, 'batch': 0, 'batches': 118, 'time_value': 600.0, 'group_batches': 1, 'history_edges': 0, 'elapsed_sec': 0.009851854294538498, 'cuda_allocated_mb': 56, 'cuda_reserved_mb': 1220, 'cuda_max_allocated_mb': 1101}
{'event': 'train_progress', 'epoch': 5, 'batch': 1, 'batches': 118, 'time_group': 1, 'time_groups': 118, 'history_edges': 0, 'pos_edges': 1, 'neg_edges': 1, 'loss_recent': 0.12004891782999039, 'elapsed_sec': 0.2130701206624508, 'avg_sec_per_batch': 0.2130701206624508, 'cuda_allocated_mb': 56, 'cuda_reserved_mb': 1220, 'cuda_max_allocated_mb': 1101}
{'event': 'train_progress', 'epoch': 5, 'batch': 100, 'batches': 118, 'time_group': 100, 'time_groups': 118, 'history_edges': 2144, 'pos_edges': 38, 'neg_edges': 38, 'loss_recent': 1.6787022701837122, 'elapsed_sec': 52.398185681551695, 'avg_sec_per_batch': 0.5239818568155169, 'cuda_allocated_mb': 64, 'cuda_reserved_mb': 1220, 'cuda_max_allocated_mb': 1101}
{'event': 'train_time_group', 'epoch': 5, 'time_group': 118, 'time_groups': 118, 'batch': 117, 'batches': 118, 'time_value': 1966.0, 'group_batches': 1, 'history_edges': 3153, 'elapsed_sec': 67.95768463984132, 'cuda_allocated_mb': 56, 'cuda_reserved_mb': 1220, 'cuda_max_allocated_mb': 1101}
{'event': 'train_progress', 'epoch': 5, 'batch': 118, 'batches': 118, 'time_group': 118, 'time_groups': 118, 'history_edges': 3153, 'pos_edges': 91, 'neg_edges': 91, 'loss_recent': 2.143270850405097, 'elapsed_sec': 69.23358375579119, 'avg_sec_per_batch': 0.586725286066027, 'cuda_allocated_mb': 64, 'cuda_reserved_mb': 1220, 'cuda_max_allocated_mb': 1101}
{'event': 'validation_start', 'epoch': 5}
{'event': 'validation_ranking_start', 'epoch': 5, 'max_edges': 150}
{'event': 'epoch_end', 'epoch': 5, 'early_stop_metric': 'val_composite', 'val_score': 0.29804522537316525, 'val_auc': 0.5854613516054971, 'val_ap': 0.15213252140167727, 'val_ndcg': 0.8044875841496204, 'val_mrr': 0.1723403756686868, 'val_hits@1': 0.08333333333333333, 'val_hits@10': 0.39666666666666667, 'val_hits@50': 0.5033333333333333, 'val_hits@100': 0.6166666666666667, 'elapsed_sec': 150.01536904275417}
{'event': 'epoch_start', 'epoch': 6, 'epochs': 24, 'batches': 118, 'time_groups': 118}
{'event': 'train_time_group', 'epoch': 6, 'time_group': 1, 'time_groups': 118, 'batch': 0, 'batches': 118, 'time_value': 600.0, 'group_batches': 1, 'history_edges': 0, 'elapsed_sec': 0.009743798524141312, 'cuda_allocated_mb': 56, 'cuda_reserved_mb': 1220, 'cuda_max_allocated_mb': 1101}
{'event': 'train_progress', 'epoch': 6, 'batch': 1, 'batches': 118, 'time_group': 1, 'time_groups': 118, 'history_edges': 0, 'pos_edges': 1, 'neg_edges': 1, 'loss_recent': 0.7387472987174988, 'elapsed_sec': 0.2487247958779335, 'avg_sec_per_batch': 0.2487247958779335, 'cuda_allocated_mb': 56, 'cuda_reserved_mb': 1220, 'cuda_max_allocated_mb': 1101}
{'event': 'train_progress', 'epoch': 6, 'batch': 100, 'batches': 118, 'time_group': 100, 'time_groups': 118, 'history_edges': 2144, 'pos_edges': 38, 'neg_edges': 38, 'loss_recent': 1.5813179493322969, 'elapsed_sec': 52.826264303177595, 'avg_sec_per_batch': 0.528262643031776, 'cuda_allocated_mb': 64, 'cuda_reserved_mb': 1220, 'cuda_max_allocated_mb': 1101}
{'event': 'train_time_group', 'epoch': 6, 'time_group': 118, 'time_groups': 118, 'batch': 117, 'batches': 118, 'time_value': 1966.0, 'group_batches': 1, 'history_edges': 3153, 'elapsed_sec': 68.43547799810767, 'cuda_allocated_mb': 56, 'cuda_reserved_mb': 1220, 'cuda_max_allocated_mb': 1101}
{'event': 'train_progress', 'epoch': 6, 'batch': 118, 'batches': 118, 'time_group': 118, 'time_groups': 118, 'history_edges': 3153, 'pos_edges': 91, 'neg_edges': 91, 'loss_recent': 1.9898782055824995, 'elapsed_sec': 69.49878592416644, 'avg_sec_per_batch': 0.5889727620692071, 'cuda_allocated_mb': 64, 'cuda_reserved_mb': 1220, 'cuda_max_allocated_mb': 1101}
{'event': 'validation_start', 'epoch': 6}
{'event': 'validation_ranking_start', 'epoch': 6, 'max_edges': 150}
{'event': 'epoch_end', 'epoch': 6, 'early_stop_metric': 'val_composite', 'val_score': 0.2933015428917429, 'val_auc': 0.5745555261286601, 'val_ap': 0.15155813209135272, 'val_ndcg': 0.8039521924989591, 'val_mrr': 0.16822298837675537, 'val_hits@1': 0.07333333333333333, 'val_hits@10': 0.38666666666666666, 'val_hits@50': 0.5133333333333333, 'val_hits@100': 0.6, 'elapsed_sec': 144.0471759364009}
{'event': 'epoch_start', 'epoch': 7, 'epochs': 24, 'batches': 118, 'time_groups': 118}
{'event': 'train_time_group', 'epoch': 7, 'time_group': 1, 'time_groups': 118, 'batch': 0, 'batches': 118, 'time_value': 600.0, 'group_batches': 1, 'history_edges': 0, 'elapsed_sec': 0.008661013096570969, 'cuda_allocated_mb': 56, 'cuda_reserved_mb': 1220, 'cuda_max_allocated_mb': 1101}
{'event': 'train_progress', 'epoch': 7, 'batch': 1, 'batches': 118, 'time_group': 1, 'time_groups': 118, 'history_edges': 0, 'pos_edges': 1, 'neg_edges': 1, 'loss_recent': 0.07166443765163422, 'elapsed_sec': 0.21032780781388283, 'avg_sec_per_batch': 0.21032780781388283, 'cuda_allocated_mb': 56, 'cuda_reserved_mb': 1220, 'cuda_max_allocated_mb': 1101}
{'event': 'train_progress', 'epoch': 7, 'batch': 100, 'batches': 118, 'time_group': 100, 'time_groups': 118, 'history_edges': 2144, 'pos_edges': 38, 'neg_edges': 38, 'loss_recent': 1.4354020899161697, 'elapsed_sec': 53.3974473439157, 'avg_sec_per_batch': 0.533974473439157, 'cuda_allocated_mb': 64, 'cuda_reserved_mb': 1220, 'cuda_max_allocated_mb': 1101}
{'event': 'train_time_group', 'epoch': 7, 'time_group': 118, 'time_groups': 118, 'batch': 117, 'batches': 118, 'time_value': 1966.0, 'group_batches': 1, 'history_edges': 3153, 'elapsed_sec': 69.2781358845532, 'cuda_allocated_mb': 56, 'cuda_reserved_mb': 1220, 'cuda_max_allocated_mb': 1101}
{'event': 'train_progress', 'epoch': 7, 'batch': 118, 'batches': 118, 'time_group': 118, 'time_groups': 118, 'history_edges': 3153, 'pos_edges': 91, 'neg_edges': 91, 'loss_recent': 1.8150827189907432, 'elapsed_sec': 70.52019813284278, 'avg_sec_per_batch': 0.5976287977359558, 'cuda_allocated_mb': 64, 'cuda_reserved_mb': 1220, 'cuda_max_allocated_mb': 1101}
{'event': 'validation_start', 'epoch': 7}
{'event': 'validation_ranking_start', 'epoch': 7, 'max_edges': 150}
{'event': 'epoch_end', 'epoch': 7, 'early_stop_metric': 'val_composite', 'val_score': 0.28686419292225923, 'val_auc': 0.563538443419437, 'val_ap': 0.14332136061313927, 'val_ndcg': 0.7993361846948429, 'val_mrr': 0.1651775630463311, 'val_hits@1': 0.08, 'val_hits@10': 0.37333333333333335, 'val_hits@50': 0.4533333333333333, 'val_hits@100': 0.54, 'elapsed_sec': 146.02953692525625}
{'event': 'epoch_start', 'epoch': 8, 'epochs': 24, 'batches': 118, 'time_groups': 118}
{'event': 'train_time_group', 'epoch': 8, 'time_group': 1, 'time_groups': 118, 'batch': 0, 'batches': 118, 'time_value': 600.0, 'group_batches': 1, 'history_edges': 0, 'elapsed_sec': 0.009459439665079117, 'cuda_allocated_mb': 56, 'cuda_reserved_mb': 1220, 'cuda_max_allocated_mb': 1101}
{'event': 'train_progress', 'epoch': 8, 'batch': 1, 'batches': 118, 'time_group': 1, 'time_groups': 118, 'history_edges': 0, 'pos_edges': 1, 'neg_edges': 1, 'loss_recent': 0.06921856850385666, 'elapsed_sec': 0.25053825229406357, 'avg_sec_per_batch': 0.25053825229406357, 'cuda_allocated_mb': 56, 'cuda_reserved_mb': 1220, 'cuda_max_allocated_mb': 1101}
{'event': 'train_progress', 'epoch': 8, 'batch': 100, 'batches': 118, 'time_group': 100, 'time_groups': 118, 'history_edges': 2144, 'pos_edges': 38, 'neg_edges': 38, 'loss_recent': 1.2944769464060664, 'elapsed_sec': 52.06449721753597, 'avg_sec_per_batch': 0.5206449721753598, 'cuda_allocated_mb': 64, 'cuda_reserved_mb': 1220, 'cuda_max_allocated_mb': 1101}
{'event': 'train_time_group', 'epoch': 8, 'time_group': 118, 'time_groups': 118, 'batch': 117, 'batches': 118, 'time_value': 1966.0, 'group_batches': 1, 'history_edges': 3153, 'elapsed_sec': 69.09782497957349, 'cuda_allocated_mb': 56, 'cuda_reserved_mb': 1220, 'cuda_max_allocated_mb': 1101}
{'event': 'train_progress', 'epoch': 8, 'batch': 118, 'batches': 118, 'time_group': 118, 'time_groups': 118, 'history_edges': 3153, 'pos_edges': 91, 'neg_edges': 91, 'loss_recent': 1.723765288926661, 'elapsed_sec': 70.2159956805408, 'avg_sec_per_batch': 0.5950508108520407, 'cuda_allocated_mb': 64, 'cuda_reserved_mb': 1220, 'cuda_max_allocated_mb': 1101}
{'event': 'validation_start', 'epoch': 8}
{'event': 'validation_ranking_start', 'epoch': 8, 'max_edges': 150}
{'event': 'epoch_end', 'epoch': 8, 'early_stop_metric': 'val_composite', 'val_score': 0.2927762436385946, 'val_auc': 0.5811189693696857, 'val_ap': 0.15319905822363006, 'val_ndcg': 0.8047805621444528, 'val_mrr': 0.16852476044424095, 'val_hits@1': 0.07333333333333333, 'val_hits@10': 0.38, 'val_hits@50': 0.4766666666666667, 'val_hits@100': 0.5733333333333334, 'elapsed_sec': 149.2281106673181}
{'event': 'epoch_start', 'epoch': 9, 'epochs': 24, 'batches': 118, 'time_groups': 118}
{'event': 'train_time_group', 'epoch': 9, 'time_group': 1, 'time_groups': 118, 'batch': 0, 'batches': 118, 'time_value': 600.0, 'group_batches': 1, 'history_edges': 0, 'elapsed_sec': 0.008584901690483093, 'cuda_allocated_mb': 56, 'cuda_reserved_mb': 1220, 'cuda_max_allocated_mb': 1101}
{'event': 'train_progress', 'epoch': 9, 'batch': 1, 'batches': 118, 'time_group': 1, 'time_groups': 118, 'history_edges': 0, 'pos_edges': 1, 'neg_edges': 1, 'loss_recent': 0.11673928797245026, 'elapsed_sec': 0.1943863220512867, 'avg_sec_per_batch': 0.1943863220512867, 'cuda_allocated_mb': 56, 'cuda_reserved_mb': 1220, 'cuda_max_allocated_mb': 1101}
{'event': 'train_progress', 'epoch': 9, 'batch': 100, 'batches': 118, 'time_group': 100, 'time_groups': 118, 'history_edges': 2144, 'pos_edges': 38, 'neg_edges': 38, 'loss_recent': 1.3275883697718383, 'elapsed_sec': 52.900993175804615, 'avg_sec_per_batch': 0.5290099317580461, 'cuda_allocated_mb': 64, 'cuda_reserved_mb': 1220, 'cuda_max_allocated_mb': 1101}
{'event': 'train_time_group', 'epoch': 9, 'time_group': 118, 'time_groups': 118, 'batch': 117, 'batches': 118, 'time_value': 1966.0, 'group_batches': 1, 'history_edges': 3153, 'elapsed_sec': 68.21540774777532, 'cuda_allocated_mb': 56, 'cuda_reserved_mb': 1220, 'cuda_max_allocated_mb': 1101}
{'event': 'train_progress', 'epoch': 9, 'batch': 118, 'batches': 118, 'time_group': 118, 'time_groups': 118, 'history_edges': 3153, 'pos_edges': 91, 'neg_edges': 91, 'loss_recent': 1.718511097803712, 'elapsed_sec': 69.27872906625271, 'avg_sec_per_batch': 0.5871078734428196, 'cuda_allocated_mb': 64, 'cuda_reserved_mb': 1220, 'cuda_max_allocated_mb': 1101}
{'event': 'validation_start', 'epoch': 9}
{'event': 'validation_ranking_start', 'epoch': 9, 'max_edges': 150}
{'event': 'epoch_end', 'epoch': 9, 'early_stop_metric': 'val_composite', 'val_score': 0.290127696301892, 'val_auc': 0.569354182508953, 'val_ap': 0.13920128422611905, 'val_ndcg': 0.7965473501356156, 'val_mrr': 0.16491678572459642, 'val_hits@1': 0.07, 'val_hits@10': 0.3933333333333333, 'val_hits@50': 0.49333333333333335, 'val_hits@100': 0.5633333333333334, 'elapsed_sec': 146.34721463546157}
{'event': 'epoch_start', 'epoch': 10, 'epochs': 24, 'batches': 118, 'time_groups': 118}
{'event': 'train_time_group', 'epoch': 10, 'time_group': 1, 'time_groups': 118, 'batch': 0, 'batches': 118, 'time_value': 600.0, 'group_batches': 1, 'history_edges': 0, 'elapsed_sec': 0.009065408259630203, 'cuda_allocated_mb': 56, 'cuda_reserved_mb': 1220, 'cuda_max_allocated_mb': 1101}
{'event': 'train_progress', 'epoch': 10, 'batch': 1, 'batches': 118, 'time_group': 1, 'time_groups': 118, 'history_edges': 0, 'pos_edges': 1, 'neg_edges': 1, 'loss_recent': 0.04732900112867355, 'elapsed_sec': 0.1917886734008789, 'avg_sec_per_batch': 0.1917886734008789, 'cuda_allocated_mb': 56, 'cuda_reserved_mb': 1220, 'cuda_max_allocated_mb': 1101}
{'event': 'train_progress', 'epoch': 10, 'batch': 100, 'batches': 118, 'time_group': 100, 'time_groups': 118, 'history_edges': 2144, 'pos_edges': 38, 'neg_edges': 38, 'loss_recent': 1.1878367529809475, 'elapsed_sec': 52.65553553402424, 'avg_sec_per_batch': 0.5265553553402423, 'cuda_allocated_mb': 64, 'cuda_reserved_mb': 1220, 'cuda_max_allocated_mb': 1101}
{'event': 'train_time_group', 'epoch': 10, 'time_group': 118, 'time_groups': 118, 'batch': 117, 'batches': 118, 'time_value': 1966.0, 'group_batches': 1, 'history_edges': 3153, 'elapsed_sec': 68.87251663580537, 'cuda_allocated_mb': 56, 'cuda_reserved_mb': 1220, 'cuda_max_allocated_mb': 1101}
{'event': 'train_progress', 'epoch': 10, 'batch': 118, 'batches': 118, 'time_group': 118, 'time_groups': 118, 'history_edges': 3153, 'pos_edges': 91, 'neg_edges': 91, 'loss_recent': 1.5386559765040875, 'elapsed_sec': 70.12387906014919, 'avg_sec_per_batch': 0.5942701615266881, 'cuda_allocated_mb': 64, 'cuda_reserved_mb': 1220, 'cuda_max_allocated_mb': 1101}
{'event': 'validation_start', 'epoch': 10}
{'event': 'validation_ranking_start', 'epoch': 10, 'max_edges': 150}
{'event': 'epoch_end', 'epoch': 10, 'early_stop_metric': 'val_composite', 'val_score': 0.2926178893773386, 'val_auc': 0.5589978646558407, 'val_ap': 0.1428640346827048, 'val_ndcg': 0.7989434872918548, 'val_mrr': 0.1733547510925775, 'val_hits@1': 0.08, 'val_hits@10': 0.38333333333333336, 'val_hits@50': 0.47333333333333333, 'val_hits@100': 0.5266666666666666, 'elapsed_sec': 147.6728768646717}
{'dataset': 'yago15k-temporal', 'method': 'ssptgfm', 'scenario': 'standard', 'ablation': 'full', 'few_shot_ratio': 1.0, 'seed': 1, 'train_edges': 3244, 'val_edges': 6738, 'test_edges': 26719, 'params_trainable': 1416722, 'params_total': 1416735, 'rough_forward_flops': 384237568, 'train_eval_time_sec': 1719.727048303932, 'allocated_mb': 33.2470703125, 'reserved_mb': 1220.0, 'max_allocated_mb': 1101.61767578125, 'val_auc': 0.585461353808109, 'val_ap': 0.152132524374391, 'val_ndcg': 0.8044875855701914, 'val_mrr': 0.1723403756686868, 'val_hits@1': 0.08333333333333333, 'val_hits@10': 0.39666666666666667, 'val_hits@50': 0.5033333333333333, 'val_hits@100': 0.6166666666666667, 'train_loss': 1.9416834331449058, 'train_lp': 0.6480143825756386, 'train_align': 107.72422178847305, 'train_kl': 2124.0542460942675, 'train_ood_reg': 0.22120818028510628, 'train_meta': 0.5810211155754987, 'train_struct_aux': 0.8951154938441211, 'train_weighted_align': 1.0772421966815935, 'train_weighted_kl': 0.21240541806160393, 'train_weighted_ood_reg': 0.000221208190388575, 'train_weighted_meta': 0.0029051055364118575, 'train_weighted_struct_aux': 0.0008951155367698046, 'train_rank': 0.5130325122653461, 'train_weighted_rank': 0.005130325035921312, 'train_candidate_rank': 3.0364811347434455, 'train_weighted_candidate_rank': 0.1518240598313041, 'test_auc': 0.6017083942774282, 'test_ap': 0.16811980129663615, 'test_ndcg': 0.833985703177538, 'test_mrr': 0.12812079997612866, 'test_hits@1': 0.051666666666666666, 'test_hits@10': 0.26666666666666666, 'test_hits@50': 0.5, 'test_hits@100': 0.6266666666666667}
