runtime_device=cuda
cuda_device=Tesla V100-PCIE-32GB
/root/autodl-tmp/data/scripts/run_ssptgfm.py:91: DeprecationWarning: numpy.core.numeric is deprecated and has been renamed to numpy._core.numeric. The numpy._core namespace contains private NumPy internals and its use is discouraged, as NumPy internals can change without warning in any release. In practice, most real-world usage of numpy.core is to access functionality in the public NumPy API. If that is the case, use the public NumPy API. If not, you are using NumPy internals. If you would still like to access an internal attribute, use numpy._core.numeric._frombuffer.
  payload = pickle.load(f)
{'event': 'seed_start', 'dataset': 'tkgl-yago', 'ablation': 'full', 'seed': 1, 'device': 'cuda', 'node_text_device': 'cuda:0'}
{'event': 'train_seed_start', 'seed': 1, 'train_edges': 323080, 'val_edges': 39046, 'test_edges': 40052, 'num_nodes': 10585, 'num_relations': 20}
{'event': 'train_seed_tensors_ready', 'seed': 1, 'elapsed_sec': 0.0066932737827301025, 'cuda_allocated_mb': 24, 'cuda_reserved_mb': 44, 'cuda_max_allocated_mb': 24}
{'event': 'train_known_facts_ready', 'seed': 1, 'scope': 'train', 'edges': 323080, 'elapsed_sec': 0.03928840905427933}
{'event': 'train_known_facts_ready', 'seed': 1, 'scope': 'train_val', 'edges': 362126, 'elapsed_sec': 0.08772233128547668}
{'event': 'train_sampler_ready', 'seed': 1, 'elapsed_sec': 0.1779734455049038}
{'event': 'val_sampler_ready', 'seed': 1, 'elapsed_sec': 0.2791043817996979}
{'event': 'epoch_start', 'epoch': 1, 'epochs': 20, 'batches': 718, 'time_groups': 178}
{'event': 'train_time_group', 'epoch': 1, 'time_group': 1, 'time_groups': 178, 'batch': 0, 'batches': 718, 'time_value': 0.0, 'group_batches': 2, 'history_edges': 0, 'elapsed_sec': 0.03852478042244911, 'cuda_allocated_mb': 32, 'cuda_reserved_mb': 44, 'cuda_max_allocated_mb': 32}
{'event': 'train_progress', 'epoch': 1, 'batch': 1, 'batches': 718, 'time_group': 1, 'time_groups': 178, 'history_edges': 0, 'pos_edges': 512, 'neg_edges': 2048, 'loss_recent': 171.1800079345703, 'elapsed_sec': 2.0165416412055492, 'avg_sec_per_batch': 2.0165416412055492, 'cuda_allocated_mb': 157, 'cuda_reserved_mb': 972, 'cuda_max_allocated_mb': 947}
{'event': 'train_progress', 'epoch': 1, 'batch': 100, 'batches': 718, 'time_group': 69, 'time_groups': 178, 'history_edges': 33644, 'pos_edges': 86, 'neg_edges': 344, 'loss_recent': 73.49000253021717, 'elapsed_sec': 71.9332357198, 'avg_sec_per_batch': 0.7193323571979999, 'cuda_allocated_mb': 158, 'cuda_reserved_mb': 1880, 'cuda_max_allocated_mb': 1788}
{'event': 'train_progress', 'epoch': 1, 'batch': 200, 'batches': 718, 'time_group': 106, 'time_groups': 178, 'history_edges': 74226, 'pos_edges': 106, 'neg_edges': 424, 'loss_recent': 93.57071482427418, 'elapsed_sec': 153.54644177481532, 'avg_sec_per_batch': 0.7677322088740766, 'cuda_allocated_mb': 208, 'cuda_reserved_mb': 2784, 'cuda_max_allocated_mb': 2705}
{'event': 'train_progress', 'epoch': 1, 'batch': 300, 'batches': 718, 'time_group': 128, 'time_groups': 178, 'history_edges': 120770, 'pos_edges': 512, 'neg_edges': 2048, 'loss_recent': 97.42586428582668, 'elapsed_sec': 241.03467053547502, 'avg_sec_per_batch': 0.8034489017849167, 'cuda_allocated_mb': 188, 'cuda_reserved_mb': 3802, 'cuda_max_allocated_mb': 3680}
{'event': 'train_progress', 'epoch': 1, 'batch': 400, 'batches': 718, 'time_group': 144, 'time_groups': 178, 'history_edges': 166402, 'pos_edges': 512, 'neg_edges': 2048, 'loss_recent': 94.54081618785858, 'elapsed_sec': 331.5513208806515, 'avg_sec_per_batch': 0.8288783022016287, 'cuda_allocated_mb': 236, 'cuda_reserved_mb': 4782, 'cuda_max_allocated_mb': 4700}
{'event': 'train_progress', 'epoch': 1, 'batch': 500, 'batches': 718, 'time_group': 158, 'time_groups': 178, 'history_edges': 213594, 'pos_edges': 512, 'neg_edges': 2048, 'loss_recent': 92.54763580322266, 'elapsed_sec': 425.28815035521984, 'avg_sec_per_batch': 0.8505763007104397, 'cuda_allocated_mb': 236, 'cuda_reserved_mb': 5782, 'cuda_max_allocated_mb': 5703}
{'event': 'train_progress', 'epoch': 1, 'batch': 600, 'batches': 718, 'time_group': 169, 'time_groups': 178, 'history_edges': 260784, 'pos_edges': 512, 'neg_edges': 2048, 'loss_recent': 98.00459071159362, 'elapsed_sec': 522.4544563889503, 'avg_sec_per_batch': 0.8707574273149172, 'cuda_allocated_mb': 238, 'cuda_reserved_mb': 6862, 'cuda_max_allocated_mb': 6706}
{'event': 'train_progress', 'epoch': 1, 'batch': 700, 'batches': 718, 'time_group': 177, 'time_groups': 178, 'history_edges': 308632, 'pos_edges': 512, 'neg_edges': 2048, 'loss_recent': 95.95553950786591, 'elapsed_sec': 621.8958147503436, 'avg_sec_per_batch': 0.8884225925004908, 'cuda_allocated_mb': 239, 'cuda_reserved_mb': 7822, 'cuda_max_allocated_mb': 7725}
{'event': 'train_time_group', 'epoch': 1, 'time_group': 178, 'time_groups': 178, 'batch': 703, 'batches': 718, 'time_value': 177.0, 'group_batches': 15, 'history_edges': 315692, 'elapsed_sec': 624.8647427074611, 'cuda_allocated_mb': 106, 'cuda_reserved_mb': 7830, 'cuda_max_allocated_mb': 7726}
{'event': 'train_progress', 'epoch': 1, 'batch': 718, 'batches': 718, 'time_group': 178, 'time_groups': 178, 'history_edges': 315692, 'pos_edges': 220, 'neg_edges': 880, 'loss_recent': 95.60318607330322, 'elapsed_sec': 639.9904135540128, 'avg_sec_per_batch': 0.8913515509108813, 'cuda_allocated_mb': 241, 'cuda_reserved_mb': 7970, 'cuda_max_allocated_mb': 7876}
{'event': 'validation_start', 'epoch': 1}
{'event': 'validation_tgb_ranking_start', 'epoch': 1, 'max_edges': 128}
{'event': 'epoch_end', 'epoch': 1, 'early_stop_metric': 'val_tgb_mrr', 'val_score': 0.6737230859917744, 'val_auc': 0.955328369140625, 'val_ap': 0.8852963452919391, 'val_ndcg': 0.9760977501846505, 'val_tgb_mrr': 0.6737230859917744, 'val_tgb_hits@10': 0.734375, 'elapsed_sec': 718.9359419308603}
{'event': 'epoch_start', 'epoch': 2, 'epochs': 20, 'batches': 718, 'time_groups': 178}
{'event': 'train_time_group', 'epoch': 2, 'time_group': 1, 'time_groups': 178, 'batch': 0, 'batches': 718, 'time_value': 0.0, 'group_batches': 2, 'history_edges': 0, 'elapsed_sec': 0.06471583992242813, 'cuda_allocated_mb': 105, 'cuda_reserved_mb': 7970, 'cuda_max_allocated_mb': 7876}
{'event': 'train_progress', 'epoch': 2, 'batch': 1, 'batches': 718, 'time_group': 1, 'time_groups': 178, 'history_edges': 0, 'pos_edges': 512, 'neg_edges': 2048, 'loss_recent': 200.51043701171875, 'elapsed_sec': 1.0766846165060997, 'avg_sec_per_batch': 1.0766846165060997, 'cuda_allocated_mb': 156, 'cuda_reserved_mb': 7970, 'cuda_max_allocated_mb': 7876}
{'event': 'train_progress', 'epoch': 2, 'batch': 100, 'batches': 718, 'time_group': 69, 'time_groups': 178, 'history_edges': 33644, 'pos_edges': 86, 'neg_edges': 344, 'loss_recent': 46.51644069053233, 'elapsed_sec': 70.31476875394583, 'avg_sec_per_batch': 0.7031476875394582, 'cuda_allocated_mb': 156, 'cuda_reserved_mb': 7970, 'cuda_max_allocated_mb': 7876}
{'event': 'train_progress', 'epoch': 2, 'batch': 200, 'batches': 718, 'time_group': 106, 'time_groups': 178, 'history_edges': 74226, 'pos_edges': 106, 'neg_edges': 424, 'loss_recent': 63.63800480782986, 'elapsed_sec': 152.8385755866766, 'avg_sec_per_batch': 0.764192877933383, 'cuda_allocated_mb': 208, 'cuda_reserved_mb': 7970, 'cuda_max_allocated_mb': 7876}
{'event': 'train_progress', 'epoch': 2, 'batch': 300, 'batches': 718, 'time_group': 128, 'time_groups': 178, 'history_edges': 120770, 'pos_edges': 512, 'neg_edges': 2048, 'loss_recent': 74.78575650513172, 'elapsed_sec': 242.15758796408772, 'avg_sec_per_batch': 0.8071919598802925, 'cuda_allocated_mb': 188, 'cuda_reserved_mb': 7970, 'cuda_max_allocated_mb': 7876}
{'event': 'train_progress', 'epoch': 2, 'batch': 400, 'batches': 718, 'time_group': 144, 'time_groups': 178, 'history_edges': 166402, 'pos_edges': 512, 'neg_edges': 2048, 'loss_recent': 79.78984291553498, 'elapsed_sec': 334.6761529110372, 'avg_sec_per_batch': 0.8366903822775931, 'cuda_allocated_mb': 236, 'cuda_reserved_mb': 7970, 'cuda_max_allocated_mb': 7876}
{'event': 'train_progress', 'epoch': 2, 'batch': 500, 'batches': 718, 'time_group': 158, 'time_groups': 178, 'history_edges': 213594, 'pos_edges': 512, 'neg_edges': 2048, 'loss_recent': 81.10501332759857, 'elapsed_sec': 428.7093603424728, 'avg_sec_per_batch': 0.8574187206849456, 'cuda_allocated_mb': 236, 'cuda_reserved_mb': 7970, 'cuda_max_allocated_mb': 7876}
{'event': 'train_progress', 'epoch': 2, 'batch': 600, 'batches': 718, 'time_group': 169, 'time_groups': 178, 'history_edges': 260784, 'pos_edges': 512, 'neg_edges': 2048, 'loss_recent': 85.82264769554138, 'elapsed_sec': 527.3323773182929, 'avg_sec_per_batch': 0.878887295530488, 'cuda_allocated_mb': 238, 'cuda_reserved_mb': 7970, 'cuda_max_allocated_mb': 7876}
{'event': 'train_progress', 'epoch': 2, 'batch': 700, 'batches': 718, 'time_group': 177, 'time_groups': 178, 'history_edges': 308632, 'pos_edges': 512, 'neg_edges': 2048, 'loss_recent': 87.74571382761002, 'elapsed_sec': 628.1379250027239, 'avg_sec_per_batch': 0.8973398928610342, 'cuda_allocated_mb': 239, 'cuda_reserved_mb': 7970, 'cuda_max_allocated_mb': 7876}
{'event': 'train_time_group', 'epoch': 2, 'time_group': 178, 'time_groups': 178, 'batch': 703, 'batches': 718, 'time_value': 177.0, 'group_batches': 15, 'history_edges': 315692, 'elapsed_sec': 631.340414583683, 'cuda_allocated_mb': 106, 'cuda_reserved_mb': 7970, 'cuda_max_allocated_mb': 7876}
{'event': 'train_progress', 'epoch': 2, 'batch': 718, 'batches': 718, 'time_group': 178, 'time_groups': 178, 'history_edges': 315692, 'pos_edges': 220, 'neg_edges': 880, 'loss_recent': 87.90370162963868, 'elapsed_sec': 646.4576625190675, 'avg_sec_per_batch': 0.9003588614471693, 'cuda_allocated_mb': 241, 'cuda_reserved_mb': 7970, 'cuda_max_allocated_mb': 7876}
{'event': 'validation_start', 'epoch': 2}
{'event': 'validation_tgb_ranking_start', 'epoch': 2, 'max_edges': 128}
{'event': 'epoch_end', 'epoch': 2, 'early_stop_metric': 'val_tgb_mrr', 'val_score': 0.6779550867243344, 'val_auc': 0.9516418457031249, 'val_ap': 0.8693261362054341, 'val_ndcg': 0.9725064962090737, 'val_tgb_mrr': 0.6779550867243344, 'val_tgb_hits@10': 0.7421875, 'elapsed_sec': 727.0312105901539}
{'event': 'epoch_start', 'epoch': 3, 'epochs': 20, 'batches': 718, 'time_groups': 178}
{'event': 'train_time_group', 'epoch': 3, 'time_group': 1, 'time_groups': 178, 'batch': 0, 'batches': 718, 'time_value': 0.0, 'group_batches': 2, 'history_edges': 0, 'elapsed_sec': 0.07170606404542923, 'cuda_allocated_mb': 105, 'cuda_reserved_mb': 7970, 'cuda_max_allocated_mb': 7876}
{'event': 'train_progress', 'epoch': 3, 'batch': 1, 'batches': 718, 'time_group': 1, 'time_groups': 178, 'history_edges': 0, 'pos_edges': 512, 'neg_edges': 2048, 'loss_recent': 257.8371887207031, 'elapsed_sec': 1.116818431764841, 'avg_sec_per_batch': 1.116818431764841, 'cuda_allocated_mb': 157, 'cuda_reserved_mb': 7970, 'cuda_max_allocated_mb': 7876}
{'event': 'train_progress', 'epoch': 3, 'batch': 100, 'batches': 718, 'time_group': 69, 'time_groups': 178, 'history_edges': 33644, 'pos_edges': 86, 'neg_edges': 344, 'loss_recent': 43.7636267420277, 'elapsed_sec': 70.37228471040726, 'avg_sec_per_batch': 0.7037228471040726, 'cuda_allocated_mb': 157, 'cuda_reserved_mb': 7970, 'cuda_max_allocated_mb': 7876}
{'event': 'train_progress', 'epoch': 3, 'batch': 200, 'batches': 718, 'time_group': 106, 'time_groups': 178, 'history_edges': 74226, 'pos_edges': 106, 'neg_edges': 424, 'loss_recent': 58.97120254993439, 'elapsed_sec': 153.7522111609578, 'avg_sec_per_batch': 0.768761055804789, 'cuda_allocated_mb': 207, 'cuda_reserved_mb': 7970, 'cuda_max_allocated_mb': 7876}
{'event': 'train_progress', 'epoch': 3, 'batch': 300, 'batches': 718, 'time_group': 128, 'time_groups': 178, 'history_edges': 120770, 'pos_edges': 512, 'neg_edges': 2048, 'loss_recent': 70.92298087477684, 'elapsed_sec': 242.1076416745782, 'avg_sec_per_batch': 0.807025472248594, 'cuda_allocated_mb': 189, 'cuda_reserved_mb': 7970, 'cuda_max_allocated_mb': 7876}
{'event': 'train_progress', 'epoch': 3, 'batch': 400, 'batches': 718, 'time_group': 144, 'time_groups': 178, 'history_edges': 166402, 'pos_edges': 512, 'neg_edges': 2048, 'loss_recent': 76.48399260044098, 'elapsed_sec': 336.5990356579423, 'avg_sec_per_batch': 0.8414975891448557, 'cuda_allocated_mb': 236, 'cuda_reserved_mb': 7970, 'cuda_max_allocated_mb': 7876}
{'event': 'train_progress', 'epoch': 3, 'batch': 500, 'batches': 718, 'time_group': 158, 'time_groups': 178, 'history_edges': 213594, 'pos_edges': 512, 'neg_edges': 2048, 'loss_recent': 78.06876247406007, 'elapsed_sec': 432.95305647328496, 'avg_sec_per_batch': 0.8659061129465699, 'cuda_allocated_mb': 236, 'cuda_reserved_mb': 7970, 'cuda_max_allocated_mb': 7876}
{'event': 'train_progress', 'epoch': 3, 'batch': 600, 'batches': 718, 'time_group': 169, 'time_groups': 178, 'history_edges': 260784, 'pos_edges': 512, 'neg_edges': 2048, 'loss_recent': 83.10689900875091, 'elapsed_sec': 532.8587590530515, 'avg_sec_per_batch': 0.8880979317550858, 'cuda_allocated_mb': 238, 'cuda_reserved_mb': 7970, 'cuda_max_allocated_mb': 7876}
{'event': 'train_progress', 'epoch': 3, 'batch': 700, 'batches': 718, 'time_group': 177, 'time_groups': 178, 'history_edges': 308632, 'pos_edges': 512, 'neg_edges': 2048, 'loss_recent': 85.51856316804886, 'elapsed_sec': 633.8282273672521, 'avg_sec_per_batch': 0.9054688962389316, 'cuda_allocated_mb': 239, 'cuda_reserved_mb': 7970, 'cuda_max_allocated_mb': 7876}
{'event': 'train_time_group', 'epoch': 3, 'time_group': 178, 'time_groups': 178, 'batch': 703, 'batches': 718, 'time_value': 177.0, 'group_batches': 15, 'history_edges': 315692, 'elapsed_sec': 637.0843834765255, 'cuda_allocated_mb': 106, 'cuda_reserved_mb': 7970, 'cuda_max_allocated_mb': 7876}
{'event': 'train_progress', 'epoch': 3, 'batch': 718, 'batches': 718, 'time_group': 178, 'time_groups': 178, 'history_edges': 315692, 'pos_edges': 220, 'neg_edges': 880, 'loss_recent': 85.86298431396484, 'elapsed_sec': 652.1934509649873, 'avg_sec_per_batch': 0.9083474247423221, 'cuda_allocated_mb': 241, 'cuda_reserved_mb': 7970, 'cuda_max_allocated_mb': 7876}
{'event': 'validation_start', 'epoch': 3}
{'event': 'validation_tgb_ranking_start', 'epoch': 3, 'max_edges': 128}
{'event': 'epoch_end', 'epoch': 3, 'early_stop_metric': 'val_tgb_mrr', 'val_score': 0.6737737014409168, 'val_auc': 0.9452270507812499, 'val_ap': 0.8585145293992035, 'val_ndcg': 0.9695743201716457, 'val_tgb_mrr': 0.6737737014409168, 'val_tgb_hits@10': 0.7421875, 'elapsed_sec': 732.511098165065}
{'event': 'epoch_start', 'epoch': 4, 'epochs': 20, 'batches': 718, 'time_groups': 178}
{'event': 'train_time_group', 'epoch': 4, 'time_group': 1, 'time_groups': 178, 'batch': 0, 'batches': 718, 'time_value': 0.0, 'group_batches': 2, 'history_edges': 0, 'elapsed_sec': 0.06244427338242531, 'cuda_allocated_mb': 105, 'cuda_reserved_mb': 7970, 'cuda_max_allocated_mb': 7876}
{'event': 'train_progress', 'epoch': 4, 'batch': 1, 'batches': 718, 'time_group': 1, 'time_groups': 178, 'history_edges': 0, 'pos_edges': 512, 'neg_edges': 2048, 'loss_recent': 322.6954040527344, 'elapsed_sec': 0.9142046868801117, 'avg_sec_per_batch': 0.9142046868801117, 'cuda_allocated_mb': 158, 'cuda_reserved_mb': 7970, 'cuda_max_allocated_mb': 7876}
{'event': 'train_progress', 'epoch': 4, 'batch': 100, 'batches': 718, 'time_group': 69, 'time_groups': 178, 'history_edges': 33644, 'pos_edges': 86, 'neg_edges': 344, 'loss_recent': 43.370035910345614, 'elapsed_sec': 71.60742184519768, 'avg_sec_per_batch': 0.7160742184519768, 'cuda_allocated_mb': 157, 'cuda_reserved_mb': 7970, 'cuda_max_allocated_mb': 7876}
{'event': 'train_progress', 'epoch': 4, 'batch': 200, 'batches': 718, 'time_group': 106, 'time_groups': 178, 'history_edges': 74226, 'pos_edges': 106, 'neg_edges': 424, 'loss_recent': 57.1021455989033, 'elapsed_sec': 155.97976794093847, 'avg_sec_per_batch': 0.7798988397046923, 'cuda_allocated_mb': 208, 'cuda_reserved_mb': 7970, 'cuda_max_allocated_mb': 7876}
{'event': 'train_progress', 'epoch': 4, 'batch': 300, 'batches': 718, 'time_group': 128, 'time_groups': 178, 'history_edges': 120770, 'pos_edges': 512, 'neg_edges': 2048, 'loss_recent': 69.32368619054556, 'elapsed_sec': 246.57576785981655, 'avg_sec_per_batch': 0.8219192261993885, 'cuda_allocated_mb': 188, 'cuda_reserved_mb': 7970, 'cuda_max_allocated_mb': 7876}
{'event': 'train_progress', 'epoch': 4, 'batch': 400, 'batches': 718, 'time_group': 144, 'time_groups': 178, 'history_edges': 166402, 'pos_edges': 512, 'neg_edges': 2048, 'loss_recent': 75.0705847299099, 'elapsed_sec': 340.06058544293046, 'avg_sec_per_batch': 0.8501514636073262, 'cuda_allocated_mb': 236, 'cuda_reserved_mb': 7970, 'cuda_max_allocated_mb': 7876}
{'event': 'train_progress', 'epoch': 4, 'batch': 500, 'batches': 718, 'time_group': 158, 'time_groups': 178, 'history_edges': 213594, 'pos_edges': 512, 'neg_edges': 2048, 'loss_recent': 76.50990450382233, 'elapsed_sec': 434.66938269510865, 'avg_sec_per_batch': 0.8693387653902173, 'cuda_allocated_mb': 236, 'cuda_reserved_mb': 7970, 'cuda_max_allocated_mb': 7876}
{'event': 'train_progress', 'epoch': 4, 'batch': 600, 'batches': 718, 'time_group': 169, 'time_groups': 178, 'history_edges': 260784, 'pos_edges': 512, 'neg_edges': 2048, 'loss_recent': 81.65651680469513, 'elapsed_sec': 533.1182892136276, 'avg_sec_per_batch': 0.8885304820227127, 'cuda_allocated_mb': 238, 'cuda_reserved_mb': 7970, 'cuda_max_allocated_mb': 7876}
{'event': 'train_progress', 'epoch': 4, 'batch': 700, 'batches': 718, 'time_group': 177, 'time_groups': 178, 'history_edges': 308632, 'pos_edges': 512, 'neg_edges': 2048, 'loss_recent': 84.33906551122665, 'elapsed_sec': 633.5308578424156, 'avg_sec_per_batch': 0.9050440826320223, 'cuda_allocated_mb': 239, 'cuda_reserved_mb': 7970, 'cuda_max_allocated_mb': 7876}
{'event': 'train_time_group', 'epoch': 4, 'time_group': 178, 'time_groups': 178, 'batch': 703, 'batches': 718, 'time_value': 177.0, 'group_batches': 15, 'history_edges': 315692, 'elapsed_sec': 636.7421873211861, 'cuda_allocated_mb': 106, 'cuda_reserved_mb': 7970, 'cuda_max_allocated_mb': 7876}
{'event': 'train_progress', 'epoch': 4, 'batch': 718, 'batches': 718, 'time_group': 178, 'time_groups': 178, 'history_edges': 315692, 'pos_edges': 220, 'neg_edges': 880, 'loss_recent': 84.70041049957275, 'elapsed_sec': 651.6135779693723, 'avg_sec_per_batch': 0.9075398021857553, 'cuda_allocated_mb': 241, 'cuda_reserved_mb': 7970, 'cuda_max_allocated_mb': 7876}
{'event': 'validation_start', 'epoch': 4}
{'event': 'validation_tgb_ranking_start', 'epoch': 4, 'max_edges': 128}
{'event': 'epoch_end', 'epoch': 4, 'early_stop_metric': 'val_tgb_mrr', 'val_score': 0.684547914603709, 'val_auc': 0.948004150390625, 'val_ap': 0.8609899877255649, 'val_ndcg': 0.9705221442959233, 'val_tgb_mrr': 0.684547914603709, 'val_tgb_hits@10': 0.734375, 'elapsed_sec': 733.911818638444}
{'event': 'epoch_start', 'epoch': 5, 'epochs': 20, 'batches': 718, 'time_groups': 178}
{'event': 'train_time_group', 'epoch': 5, 'time_group': 1, 'time_groups': 178, 'batch': 0, 'batches': 718, 'time_value': 0.0, 'group_batches': 2, 'history_edges': 0, 'elapsed_sec': 0.07072698697447777, 'cuda_allocated_mb': 105, 'cuda_reserved_mb': 7970, 'cuda_max_allocated_mb': 7876}
{'event': 'train_progress', 'epoch': 5, 'batch': 1, 'batches': 718, 'time_group': 1, 'time_groups': 178, 'history_edges': 0, 'pos_edges': 512, 'neg_edges': 2048, 'loss_recent': 393.5229797363281, 'elapsed_sec': 1.1609605513513088, 'avg_sec_per_batch': 1.1609605513513088, 'cuda_allocated_mb': 160, 'cuda_reserved_mb': 7970, 'cuda_max_allocated_mb': 7876}
{'event': 'train_progress', 'epoch': 5, 'batch': 100, 'batches': 718, 'time_group': 69, 'time_groups': 178, 'history_edges': 33644, 'pos_edges': 86, 'neg_edges': 344, 'loss_recent': 43.99808941990137, 'elapsed_sec': 72.46226478368044, 'avg_sec_per_batch': 0.7246226478368044, 'cuda_allocated_mb': 157, 'cuda_reserved_mb': 7970, 'cuda_max_allocated_mb': 7876}
{'event': 'train_progress', 'epoch': 5, 'batch': 200, 'batches': 718, 'time_group': 106, 'time_groups': 178, 'history_edges': 74226, 'pos_edges': 106, 'neg_edges': 424, 'loss_recent': 56.17302465900779, 'elapsed_sec': 158.24537596851587, 'avg_sec_per_batch': 0.7912268798425793, 'cuda_allocated_mb': 208, 'cuda_reserved_mb': 7970, 'cuda_max_allocated_mb': 7876}
{'event': 'train_progress', 'epoch': 5, 'batch': 300, 'batches': 718, 'time_group': 128, 'time_groups': 178, 'history_edges': 120770, 'pos_edges': 512, 'neg_edges': 2048, 'loss_recent': 68.49692247211934, 'elapsed_sec': 247.72505504637957, 'avg_sec_per_batch': 0.8257501834879318, 'cuda_allocated_mb': 190, 'cuda_reserved_mb': 7970, 'cuda_max_allocated_mb': 7876}
{'event': 'train_progress', 'epoch': 5, 'batch': 400, 'batches': 718, 'time_group': 144, 'time_groups': 178, 'history_edges': 166402, 'pos_edges': 512, 'neg_edges': 2048, 'loss_recent': 74.07408422946929, 'elapsed_sec': 342.1081173159182, 'avg_sec_per_batch': 0.8552702932897955, 'cuda_allocated_mb': 236, 'cuda_reserved_mb': 7970, 'cuda_max_allocated_mb': 7876}
{'event': 'train_progress', 'epoch': 5, 'batch': 500, 'batches': 718, 'time_group': 158, 'time_groups': 178, 'history_edges': 213594, 'pos_edges': 512, 'neg_edges': 2048, 'loss_recent': 75.67665546417237, 'elapsed_sec': 435.733248218894, 'avg_sec_per_batch': 0.8714664964377881, 'cuda_allocated_mb': 236, 'cuda_reserved_mb': 7970, 'cuda_max_allocated_mb': 7876}
{'event': 'train_progress', 'epoch': 5, 'batch': 600, 'batches': 718, 'time_group': 169, 'time_groups': 178, 'history_edges': 260784, 'pos_edges': 512, 'neg_edges': 2048, 'loss_recent': 80.9181811618805, 'elapsed_sec': 534.8496729768813, 'avg_sec_per_batch': 0.8914161216281354, 'cuda_allocated_mb': 238, 'cuda_reserved_mb': 7970, 'cuda_max_allocated_mb': 7876}
{'event': 'train_progress', 'epoch': 5, 'batch': 700, 'batches': 718, 'time_group': 177, 'time_groups': 178, 'history_edges': 308632, 'pos_edges': 512, 'neg_edges': 2048, 'loss_recent': 83.58059161424637, 'elapsed_sec': 634.540959097445, 'avg_sec_per_batch': 0.9064870844249214, 'cuda_allocated_mb': 240, 'cuda_reserved_mb': 7970, 'cuda_max_allocated_mb': 7876}
{'event': 'train_time_group', 'epoch': 5, 'time_group': 178, 'time_groups': 178, 'batch': 703, 'batches': 718, 'time_value': 177.0, 'group_batches': 15, 'history_edges': 315692, 'elapsed_sec': 637.5337567701936, 'cuda_allocated_mb': 106, 'cuda_reserved_mb': 7970, 'cuda_max_allocated_mb': 7876}
{'event': 'train_progress', 'epoch': 5, 'batch': 718, 'batches': 718, 'time_group': 178, 'time_groups': 178, 'history_edges': 315692, 'pos_edges': 220, 'neg_edges': 880, 'loss_recent': 83.90953533172608, 'elapsed_sec': 653.5401592664421, 'avg_sec_per_batch': 0.910223063045184, 'cuda_allocated_mb': 241, 'cuda_reserved_mb': 7970, 'cuda_max_allocated_mb': 7876}
{'event': 'validation_start', 'epoch': 5}
{'event': 'validation_tgb_ranking_start', 'epoch': 5, 'max_edges': 128}
{'event': 'epoch_end', 'epoch': 5, 'early_stop_metric': 'val_tgb_mrr', 'val_score': 0.676803915056742, 'val_auc': 0.9424072265625002, 'val_ap': 0.8531967184230093, 'val_ndcg': 0.9681652410967588, 'val_tgb_mrr': 0.676803915056742, 'val_tgb_hits@10': 0.7421875, 'elapsed_sec': 736.5289446040988}
{'event': 'epoch_start', 'epoch': 6, 'epochs': 20, 'batches': 718, 'time_groups': 178}
{'event': 'train_time_group', 'epoch': 6, 'time_group': 1, 'time_groups': 178, 'batch': 0, 'batches': 718, 'time_value': 0.0, 'group_batches': 2, 'history_edges': 0, 'elapsed_sec': 0.06461848691105843, 'cuda_allocated_mb': 105, 'cuda_reserved_mb': 7970, 'cuda_max_allocated_mb': 7876}
{'event': 'train_progress', 'epoch': 6, 'batch': 1, 'batches': 718, 'time_group': 1, 'time_groups': 178, 'history_edges': 0, 'pos_edges': 512, 'neg_edges': 2048, 'loss_recent': 473.2836608886719, 'elapsed_sec': 0.9279349111020565, 'avg_sec_per_batch': 0.9279349111020565, 'cuda_allocated_mb': 156, 'cuda_reserved_mb': 7970, 'cuda_max_allocated_mb': 7876}
{'event': 'train_progress', 'epoch': 6, 'batch': 100, 'batches': 718, 'time_group': 69, 'time_groups': 178, 'history_edges': 33644, 'pos_edges': 86, 'neg_edges': 344, 'loss_recent': 44.92693555384874, 'elapsed_sec': 70.10575424134731, 'avg_sec_per_batch': 0.7010575424134732, 'cuda_allocated_mb': 156, 'cuda_reserved_mb': 7970, 'cuda_max_allocated_mb': 7876}
{'event': 'train_progress', 'epoch': 6, 'batch': 200, 'batches': 718, 'time_group': 106, 'time_groups': 178, 'history_edges': 74226, 'pos_edges': 106, 'neg_edges': 424, 'loss_recent': 55.72145883224905, 'elapsed_sec': 153.74243753403425, 'avg_sec_per_batch': 0.7687121876701712, 'cuda_allocated_mb': 207, 'cuda_reserved_mb': 7970, 'cuda_max_allocated_mb': 7876}
{'event': 'train_progress', 'epoch': 6, 'batch': 300, 'batches': 718, 'time_group': 128, 'time_groups': 178, 'history_edges': 120770, 'pos_edges': 512, 'neg_edges': 2048, 'loss_recent': 67.84332944512367, 'elapsed_sec': 242.69039488956332, 'avg_sec_per_batch': 0.8089679829652111, 'cuda_allocated_mb': 191, 'cuda_reserved_mb': 7970, 'cuda_max_allocated_mb': 7876}
{'event': 'train_progress', 'epoch': 6, 'batch': 400, 'batches': 718, 'time_group': 144, 'time_groups': 178, 'history_edges': 166402, 'pos_edges': 512, 'neg_edges': 2048, 'loss_recent': 73.5506626188755, 'elapsed_sec': 334.53281519189477, 'avg_sec_per_batch': 0.8363320379797369, 'cuda_allocated_mb': 236, 'cuda_reserved_mb': 7970, 'cuda_max_allocated_mb': 7876}
{'event': 'train_progress', 'epoch': 6, 'batch': 500, 'batches': 718, 'time_group': 158, 'time_groups': 178, 'history_edges': 213594, 'pos_edges': 512, 'neg_edges': 2048, 'loss_recent': 75.11503890991212, 'elapsed_sec': 427.3342996351421, 'avg_sec_per_batch': 0.8546685992702842, 'cuda_allocated_mb': 236, 'cuda_reserved_mb': 7970, 'cuda_max_allocated_mb': 7876}
{'event': 'train_progress', 'epoch': 6, 'batch': 600, 'batches': 718, 'time_group': 169, 'time_groups': 178, 'history_edges': 260784, 'pos_edges': 512, 'neg_edges': 2048, 'loss_recent': 80.42210657596588, 'elapsed_sec': 524.937909360975, 'avg_sec_per_batch': 0.8748965156016251, 'cuda_allocated_mb': 237, 'cuda_reserved_mb': 7970, 'cuda_max_allocated_mb': 7876}
{'event': 'train_progress', 'epoch': 6, 'batch': 700, 'batches': 718, 'time_group': 177, 'time_groups': 178, 'history_edges': 308632, 'pos_edges': 512, 'neg_edges': 2048, 'loss_recent': 83.08818637609482, 'elapsed_sec': 623.8436242602766, 'avg_sec_per_batch': 0.8912051775146808, 'cuda_allocated_mb': 239, 'cuda_reserved_mb': 7970, 'cuda_max_allocated_mb': 7876}
{'event': 'train_time_group', 'epoch': 6, 'time_group': 178, 'time_groups': 178, 'batch': 703, 'batches': 718, 'time_value': 177.0, 'group_batches': 15, 'history_edges': 315692, 'elapsed_sec': 627.1325154677033, 'cuda_allocated_mb': 106, 'cuda_reserved_mb': 7970, 'cuda_max_allocated_mb': 7876}
{'event': 'train_progress', 'epoch': 6, 'batch': 718, 'batches': 718, 'time_group': 178, 'time_groups': 178, 'history_edges': 315692, 'pos_edges': 220, 'neg_edges': 880, 'loss_recent': 83.47947206497193, 'elapsed_sec': 642.0805683322251, 'avg_sec_per_batch': 0.8942626299891714, 'cuda_allocated_mb': 241, 'cuda_reserved_mb': 7970, 'cuda_max_allocated_mb': 7877}
{'event': 'validation_start', 'epoch': 6}
{'event': 'validation_tgb_ranking_start', 'epoch': 6, 'max_edges': 128}
{'event': 'epoch_end', 'epoch': 6, 'early_stop_metric': 'val_tgb_mrr', 'val_score': 0.6851061655594111, 'val_auc': 0.942413330078125, 'val_ap': 0.8539582830894422, 'val_ndcg': 0.9683032946263024, 'val_tgb_mrr': 0.6851061655594111, 'val_tgb_hits@10': 0.7421875, 'elapsed_sec': 723.4384866766632}
{'event': 'epoch_start', 'epoch': 7, 'epochs': 20, 'batches': 718, 'time_groups': 178}
{'event': 'train_time_group', 'epoch': 7, 'time_group': 1, 'time_groups': 178, 'batch': 0, 'batches': 718, 'time_value': 0.0, 'group_batches': 2, 'history_edges': 0, 'elapsed_sec': 0.06198747828602791, 'cuda_allocated_mb': 105, 'cuda_reserved_mb': 7970, 'cuda_max_allocated_mb': 7877}
{'event': 'train_progress', 'epoch': 7, 'batch': 1, 'batches': 718, 'time_group': 1, 'time_groups': 178, 'history_edges': 0, 'pos_edges': 512, 'neg_edges': 2048, 'loss_recent': 553.4735107421875, 'elapsed_sec': 0.9145740754902363, 'avg_sec_per_batch': 0.9145740754902363, 'cuda_allocated_mb': 158, 'cuda_reserved_mb': 7970, 'cuda_max_allocated_mb': 7877}
{'event': 'train_progress', 'epoch': 7, 'batch': 100, 'batches': 718, 'time_group': 69, 'time_groups': 178, 'history_edges': 33644, 'pos_edges': 86, 'neg_edges': 344, 'loss_recent': 46.25529031686485, 'elapsed_sec': 70.63747047260404, 'avg_sec_per_batch': 0.7063747047260404, 'cuda_allocated_mb': 156, 'cuda_reserved_mb': 7970, 'cuda_max_allocated_mb': 7877}
{'event': 'train_progress', 'epoch': 7, 'batch': 200, 'batches': 718, 'time_group': 106, 'time_groups': 178, 'history_edges': 74226, 'pos_edges': 106, 'neg_edges': 424, 'loss_recent': 55.43113236900419, 'elapsed_sec': 155.1170752607286, 'avg_sec_per_batch': 0.775585376303643, 'cuda_allocated_mb': 208, 'cuda_reserved_mb': 7970, 'cuda_max_allocated_mb': 7877}
{'event': 'train_progress', 'epoch': 7, 'batch': 300, 'batches': 718, 'time_group': 128, 'time_groups': 178, 'history_edges': 120770, 'pos_edges': 512, 'neg_edges': 2048, 'loss_recent': 67.64988783448935, 'elapsed_sec': 245.77812580019236, 'avg_sec_per_batch': 0.8192604193339745, 'cuda_allocated_mb': 190, 'cuda_reserved_mb': 7970, 'cuda_max_allocated_mb': 7877}
{'event': 'train_progress', 'epoch': 7, 'batch': 400, 'batches': 718, 'time_group': 144, 'time_groups': 178, 'history_edges': 166402, 'pos_edges': 512, 'neg_edges': 2048, 'loss_recent': 73.24264550447464, 'elapsed_sec': 339.8277858607471, 'avg_sec_per_batch': 0.8495694646518678, 'cuda_allocated_mb': 236, 'cuda_reserved_mb': 7970, 'cuda_max_allocated_mb': 7877}
{'event': 'train_progress', 'epoch': 7, 'batch': 500, 'batches': 718, 'time_group': 158, 'time_groups': 178, 'history_edges': 213594, 'pos_edges': 512, 'neg_edges': 2048, 'loss_recent': 74.90868038654327, 'elapsed_sec': 432.76558198034763, 'avg_sec_per_batch': 0.8655311639606953, 'cuda_allocated_mb': 236, 'cuda_reserved_mb': 7970, 'cuda_max_allocated_mb': 7877}
{'event': 'train_progress', 'epoch': 7, 'batch': 600, 'batches': 718, 'time_group': 169, 'time_groups': 178, 'history_edges': 260784, 'pos_edges': 512, 'neg_edges': 2048, 'loss_recent': 80.16859807014465, 'elapsed_sec': 530.5303780026734, 'avg_sec_per_batch': 0.8842172966711224, 'cuda_allocated_mb': 237, 'cuda_reserved_mb': 7970, 'cuda_max_allocated_mb': 7877}
{'event': 'train_progress', 'epoch': 7, 'batch': 700, 'batches': 718, 'time_group': 177, 'time_groups': 178, 'history_edges': 308632, 'pos_edges': 512, 'neg_edges': 2048, 'loss_recent': 83.03286032438278, 'elapsed_sec': 631.3345632888377, 'avg_sec_per_batch': 0.9019065189840538, 'cuda_allocated_mb': 239, 'cuda_reserved_mb': 7970, 'cuda_max_allocated_mb': 7877}
{'event': 'train_time_group', 'epoch': 7, 'time_group': 178, 'time_groups': 178, 'batch': 703, 'batches': 718, 'time_value': 177.0, 'group_batches': 15, 'history_edges': 315692, 'elapsed_sec': 634.5600856691599, 'cuda_allocated_mb': 106, 'cuda_reserved_mb': 7970, 'cuda_max_allocated_mb': 7877}
{'event': 'train_progress', 'epoch': 7, 'batch': 718, 'batches': 718, 'time_group': 178, 'time_groups': 178, 'history_edges': 315692, 'pos_edges': 220, 'neg_edges': 880, 'loss_recent': 83.30449577331542, 'elapsed_sec': 649.5320747792721, 'avg_sec_per_batch': 0.9046407726730809, 'cuda_allocated_mb': 241, 'cuda_reserved_mb': 7970, 'cuda_max_allocated_mb': 7877}
{'event': 'validation_start', 'epoch': 7}
{'event': 'validation_tgb_ranking_start', 'epoch': 7, 'max_edges': 128}
{'event': 'epoch_end', 'epoch': 7, 'early_stop_metric': 'val_tgb_mrr', 'val_score': 0.6870688063442942, 'val_auc': 0.9453002929687501, 'val_ap': 0.8550989514342726, 'val_ndcg': 0.9688759215267819, 'val_tgb_mrr': 0.6870688063442942, 'val_tgb_hits@10': 0.7421875, 'elapsed_sec': 730.2405984774232}
{'event': 'epoch_start', 'epoch': 8, 'epochs': 20, 'batches': 718, 'time_groups': 178}
{'event': 'train_time_group', 'epoch': 8, 'time_group': 1, 'time_groups': 178, 'batch': 0, 'batches': 718, 'time_value': 0.0, 'group_batches': 2, 'history_edges': 0, 'elapsed_sec': 0.062391139566898346, 'cuda_allocated_mb': 105, 'cuda_reserved_mb': 7970, 'cuda_max_allocated_mb': 7877}
{'event': 'train_progress', 'epoch': 8, 'batch': 1, 'batches': 718, 'time_group': 1, 'time_groups': 178, 'history_edges': 0, 'pos_edges': 512, 'neg_edges': 2048, 'loss_recent': 655.9825439453125, 'elapsed_sec': 0.909071572124958, 'avg_sec_per_batch': 0.909071572124958, 'cuda_allocated_mb': 158, 'cuda_reserved_mb': 7970, 'cuda_max_allocated_mb': 7877}
{'event': 'train_progress', 'epoch': 8, 'batch': 100, 'batches': 718, 'time_group': 69, 'time_groups': 178, 'history_edges': 33644, 'pos_edges': 86, 'neg_edges': 344, 'loss_recent': 48.11065694849938, 'elapsed_sec': 70.32758031412959, 'avg_sec_per_batch': 0.7032758031412959, 'cuda_allocated_mb': 157, 'cuda_reserved_mb': 7970, 'cuda_max_allocated_mb': 7877}
{'event': 'train_progress', 'epoch': 8, 'batch': 200, 'batches': 718, 'time_group': 106, 'time_groups': 178, 'history_edges': 74226, 'pos_edges': 106, 'neg_edges': 424, 'loss_recent': 55.13362315453589, 'elapsed_sec': 154.07038421183825, 'avg_sec_per_batch': 0.7703519210591913, 'cuda_allocated_mb': 208, 'cuda_reserved_mb': 7970, 'cuda_max_allocated_mb': 7877}
{'event': 'train_progress', 'epoch': 8, 'batch': 300, 'batches': 718, 'time_group': 128, 'time_groups': 178, 'history_edges': 120770, 'pos_edges': 512, 'neg_edges': 2048, 'loss_recent': 67.4536246162653, 'elapsed_sec': 241.2820600606501, 'avg_sec_per_batch': 0.8042735335355004, 'cuda_allocated_mb': 188, 'cuda_reserved_mb': 7970, 'cuda_max_allocated_mb': 7877}
{'event': 'train_progress', 'epoch': 8, 'batch': 400, 'batches': 718, 'time_group': 144, 'time_groups': 178, 'history_edges': 166402, 'pos_edges': 512, 'neg_edges': 2048, 'loss_recent': 73.21909471631051, 'elapsed_sec': 334.56023409962654, 'avg_sec_per_batch': 0.8364005852490664, 'cuda_allocated_mb': 236, 'cuda_reserved_mb': 7970, 'cuda_max_allocated_mb': 7877}
{'event': 'train_progress', 'epoch': 8, 'batch': 500, 'batches': 718, 'time_group': 158, 'time_groups': 178, 'history_edges': 213594, 'pos_edges': 512, 'neg_edges': 2048, 'loss_recent': 74.62509136199951, 'elapsed_sec': 428.5390702113509, 'avg_sec_per_batch': 0.8570781404227018, 'cuda_allocated_mb': 236, 'cuda_reserved_mb': 7970, 'cuda_max_allocated_mb': 7877}
{'event': 'train_progress', 'epoch': 8, 'batch': 600, 'batches': 718, 'time_group': 169, 'time_groups': 178, 'history_edges': 260784, 'pos_edges': 512, 'neg_edges': 2048, 'loss_recent': 79.93597844600677, 'elapsed_sec': 527.1288606822491, 'avg_sec_per_batch': 0.8785481011370818, 'cuda_allocated_mb': 238, 'cuda_reserved_mb': 7970, 'cuda_max_allocated_mb': 7877}
{'event': 'train_progress', 'epoch': 8, 'batch': 700, 'batches': 718, 'time_group': 177, 'time_groups': 178, 'history_edges': 308632, 'pos_edges': 512, 'neg_edges': 2048, 'loss_recent': 82.73122423410416, 'elapsed_sec': 630.3887416794896, 'avg_sec_per_batch': 0.9005553452564138, 'cuda_allocated_mb': 239, 'cuda_reserved_mb': 7970, 'cuda_max_allocated_mb': 7877}
{'event': 'train_time_group', 'epoch': 8, 'time_group': 178, 'time_groups': 178, 'batch': 703, 'batches': 718, 'time_value': 177.0, 'group_batches': 15, 'history_edges': 315692, 'elapsed_sec': 633.431270327419, 'cuda_allocated_mb': 106, 'cuda_reserved_mb': 7970, 'cuda_max_allocated_mb': 7877}
{'event': 'train_progress', 'epoch': 8, 'batch': 718, 'batches': 718, 'time_group': 178, 'time_groups': 178, 'history_edges': 315692, 'pos_edges': 220, 'neg_edges': 880, 'loss_recent': 83.12561183929444, 'elapsed_sec': 648.7666688598692, 'avg_sec_per_batch': 0.9035747477156953, 'cuda_allocated_mb': 241, 'cuda_reserved_mb': 7970, 'cuda_max_allocated_mb': 7877}
{'event': 'validation_start', 'epoch': 8}
{'event': 'validation_tgb_ranking_start', 'epoch': 8, 'max_edges': 128}
{'event': 'epoch_end', 'epoch': 8, 'early_stop_metric': 'val_tgb_mrr', 'val_score': 0.686046551879189, 'val_auc': 0.948052978515625, 'val_ap': 0.8578999345907711, 'val_ndcg': 0.9697291335686851, 'val_tgb_mrr': 0.686046551879189, 'val_tgb_hits@10': 0.7421875, 'elapsed_sec': 729.3979632630944}
{'event': 'epoch_start', 'epoch': 9, 'epochs': 20, 'batches': 718, 'time_groups': 178}
{'event': 'train_time_group', 'epoch': 9, 'time_group': 1, 'time_groups': 178, 'batch': 0, 'batches': 718, 'time_value': 0.0, 'group_batches': 2, 'history_edges': 0, 'elapsed_sec': 0.2492947168648243, 'cuda_allocated_mb': 105, 'cuda_reserved_mb': 7970, 'cuda_max_allocated_mb': 7877}
{'event': 'train_progress', 'epoch': 9, 'batch': 1, 'batches': 718, 'time_group': 1, 'time_groups': 178, 'history_edges': 0, 'pos_edges': 512, 'neg_edges': 2048, 'loss_recent': 763.9769897460938, 'elapsed_sec': 1.085316851735115, 'avg_sec_per_batch': 1.085316851735115, 'cuda_allocated_mb': 157, 'cuda_reserved_mb': 7970, 'cuda_max_allocated_mb': 7877}
{'event': 'train_progress', 'epoch': 9, 'batch': 100, 'batches': 718, 'time_group': 69, 'time_groups': 178, 'history_edges': 33644, 'pos_edges': 86, 'neg_edges': 344, 'loss_recent': 49.88756932865828, 'elapsed_sec': 74.30828099325299, 'avg_sec_per_batch': 0.74308280993253, 'cuda_allocated_mb': 157, 'cuda_reserved_mb': 7970, 'cuda_max_allocated_mb': 7877}
{'event': 'train_progress', 'epoch': 9, 'batch': 200, 'batches': 718, 'time_group': 106, 'time_groups': 178, 'history_edges': 74226, 'pos_edges': 106, 'neg_edges': 424, 'loss_recent': 54.968016244769096, 'elapsed_sec': 159.359928060323, 'avg_sec_per_batch': 0.796799640301615, 'cuda_allocated_mb': 208, 'cuda_reserved_mb': 7970, 'cuda_max_allocated_mb': 7877}
{'event': 'train_progress', 'epoch': 9, 'batch': 300, 'batches': 718, 'time_group': 128, 'time_groups': 178, 'history_edges': 120770, 'pos_edges': 512, 'neg_edges': 2048, 'loss_recent': 67.20103858858347, 'elapsed_sec': 248.7083591595292, 'avg_sec_per_batch': 0.8290278638650974, 'cuda_allocated_mb': 189, 'cuda_reserved_mb': 7970, 'cuda_max_allocated_mb': 7877}
{'event': 'train_progress', 'epoch': 9, 'batch': 400, 'batches': 718, 'time_group': 144, 'time_groups': 178, 'history_edges': 166402, 'pos_edges': 512, 'neg_edges': 2048, 'loss_recent': 72.88694658517838, 'elapsed_sec': 343.21506917849183, 'avg_sec_per_batch': 0.8580376729462296, 'cuda_allocated_mb': 236, 'cuda_reserved_mb': 7970, 'cuda_max_allocated_mb': 7877}
{'event': 'train_progress', 'epoch': 9, 'batch': 500, 'batches': 718, 'time_group': 158, 'time_groups': 178, 'history_edges': 213594, 'pos_edges': 512, 'neg_edges': 2048, 'loss_recent': 74.72564985752106, 'elapsed_sec': 438.7490944080055, 'avg_sec_per_batch': 0.8774981888160109, 'cuda_allocated_mb': 236, 'cuda_reserved_mb': 7970, 'cuda_max_allocated_mb': 7877}
{'event': 'train_progress', 'epoch': 9, 'batch': 600, 'batches': 718, 'time_group': 169, 'time_groups': 178, 'history_edges': 260784, 'pos_edges': 512, 'neg_edges': 2048, 'loss_recent': 79.63001411914826, 'elapsed_sec': 538.7427744120359, 'avg_sec_per_batch': 0.8979046240200599, 'cuda_allocated_mb': 237, 'cuda_reserved_mb': 7970, 'cuda_max_allocated_mb': 7877}
{'event': 'train_progress', 'epoch': 9, 'batch': 700, 'batches': 718, 'time_group': 177, 'time_groups': 178, 'history_edges': 308632, 'pos_edges': 512, 'neg_edges': 2048, 'loss_recent': 82.61339201927186, 'elapsed_sec': 640.432777505368, 'avg_sec_per_batch': 0.9149039678648114, 'cuda_allocated_mb': 239, 'cuda_reserved_mb': 7970, 'cuda_max_allocated_mb': 7877}
{'event': 'train_time_group', 'epoch': 9, 'time_group': 178, 'time_groups': 178, 'batch': 703, 'batches': 718, 'time_value': 177.0, 'group_batches': 15, 'history_edges': 315692, 'elapsed_sec': 643.6647493429482, 'cuda_allocated_mb': 106, 'cuda_reserved_mb': 7970, 'cuda_max_allocated_mb': 7877}
{'event': 'train_progress', 'epoch': 9, 'batch': 718, 'batches': 718, 'time_group': 178, 'time_groups': 178, 'history_edges': 315692, 'pos_edges': 220, 'neg_edges': 880, 'loss_recent': 82.97703050613403, 'elapsed_sec': 658.8519944101572, 'avg_sec_per_batch': 0.9176211621311382, 'cuda_allocated_mb': 241, 'cuda_reserved_mb': 7970, 'cuda_max_allocated_mb': 7877}
{'event': 'validation_start', 'epoch': 9}
{'event': 'validation_tgb_ranking_start', 'epoch': 9, 'max_edges': 128}
{'event': 'epoch_end', 'epoch': 9, 'early_stop_metric': 'val_tgb_mrr', 'val_score': 0.6929939776953262, 'val_auc': 0.944232177734375, 'val_ap': 0.8577120960094613, 'val_ndcg': 0.9694005538763186, 'val_tgb_mrr': 0.6929939776953262, 'val_tgb_hits@10': 0.7421875, 'elapsed_sec': 740.2458662204444}
{'event': 'epoch_start', 'epoch': 10, 'epochs': 20, 'batches': 718, 'time_groups': 178}
{'event': 'train_time_group', 'epoch': 10, 'time_group': 1, 'time_groups': 178, 'batch': 0, 'batches': 718, 'time_value': 0.0, 'group_batches': 2, 'history_edges': 0, 'elapsed_sec': 0.06372766196727753, 'cuda_allocated_mb': 105, 'cuda_reserved_mb': 7970, 'cuda_max_allocated_mb': 7877}
{'event': 'train_progress', 'epoch': 10, 'batch': 1, 'batches': 718, 'time_group': 1, 'time_groups': 178, 'history_edges': 0, 'pos_edges': 512, 'neg_edges': 2048, 'loss_recent': 852.1221313476562, 'elapsed_sec': 0.9069022834300995, 'avg_sec_per_batch': 0.9069022834300995, 'cuda_allocated_mb': 156, 'cuda_reserved_mb': 7970, 'cuda_max_allocated_mb': 7877}
{'event': 'train_progress', 'epoch': 10, 'batch': 100, 'batches': 718, 'time_group': 69, 'time_groups': 178, 'history_edges': 33644, 'pos_edges': 86, 'neg_edges': 344, 'loss_recent': 51.544801769796756, 'elapsed_sec': 70.99200889840722, 'avg_sec_per_batch': 0.7099200889840722, 'cuda_allocated_mb': 156, 'cuda_reserved_mb': 7970, 'cuda_max_allocated_mb': 7877}
{'event': 'train_progress', 'epoch': 10, 'batch': 200, 'batches': 718, 'time_group': 106, 'time_groups': 178, 'history_edges': 74226, 'pos_edges': 106, 'neg_edges': 424, 'loss_recent': 54.87095279555768, 'elapsed_sec': 154.7307446822524, 'avg_sec_per_batch': 0.773653723411262, 'cuda_allocated_mb': 207, 'cuda_reserved_mb': 7970, 'cuda_max_allocated_mb': 7877}
{'event': 'train_progress', 'epoch': 10, 'batch': 300, 'batches': 718, 'time_group': 128, 'time_groups': 178, 'history_edges': 120770, 'pos_edges': 512, 'neg_edges': 2048, 'loss_recent': 67.2985195082426, 'elapsed_sec': 242.49401661008596, 'avg_sec_per_batch': 0.8083133887002866, 'cuda_allocated_mb': 187, 'cuda_reserved_mb': 7970, 'cuda_max_allocated_mb': 7877}
{'event': 'train_progress', 'epoch': 10, 'batch': 400, 'batches': 718, 'time_group': 144, 'time_groups': 178, 'history_edges': 166402, 'pos_edges': 512, 'neg_edges': 2048, 'loss_recent': 73.00293865203858, 'elapsed_sec': 334.8325704969466, 'avg_sec_per_batch': 0.8370814262423665, 'cuda_allocated_mb': 236, 'cuda_reserved_mb': 7970, 'cuda_max_allocated_mb': 7877}
{'event': 'train_progress', 'epoch': 10, 'batch': 500, 'batches': 718, 'time_group': 158, 'time_groups': 178, 'history_edges': 213594, 'pos_edges': 512, 'neg_edges': 2048, 'loss_recent': 74.52988042831421, 'elapsed_sec': 428.4983139447868, 'avg_sec_per_batch': 0.8569966278895735, 'cuda_allocated_mb': 236, 'cuda_reserved_mb': 7970, 'cuda_max_allocated_mb': 7877}
{'event': 'train_progress', 'epoch': 10, 'batch': 600, 'batches': 718, 'time_group': 169, 'time_groups': 178, 'history_edges': 260784, 'pos_edges': 512, 'neg_edges': 2048, 'loss_recent': 79.55648836612701, 'elapsed_sec': 528.4114677682519, 'avg_sec_per_batch': 0.8806857796137532, 'cuda_allocated_mb': 238, 'cuda_reserved_mb': 7970, 'cuda_max_allocated_mb': 7877}
{'event': 'train_progress', 'epoch': 10, 'batch': 700, 'batches': 718, 'time_group': 177, 'time_groups': 178, 'history_edges': 308632, 'pos_edges': 512, 'neg_edges': 2048, 'loss_recent': 82.56388933897018, 'elapsed_sec': 630.5553424209356, 'avg_sec_per_batch': 0.9007933463156224, 'cuda_allocated_mb': 240, 'cuda_reserved_mb': 7970, 'cuda_max_allocated_mb': 7877}
{'event': 'train_time_group', 'epoch': 10, 'time_group': 178, 'time_groups': 178, 'batch': 703, 'batches': 718, 'time_value': 177.0, 'group_batches': 15, 'history_edges': 315692, 'elapsed_sec': 633.7547161765397, 'cuda_allocated_mb': 106, 'cuda_reserved_mb': 7970, 'cuda_max_allocated_mb': 7877}
{'event': 'train_progress', 'epoch': 10, 'batch': 718, 'batches': 718, 'time_group': 178, 'time_groups': 178, 'history_edges': 315692, 'pos_edges': 220, 'neg_edges': 880, 'loss_recent': 82.86050834655762, 'elapsed_sec': 648.9167379885912, 'avg_sec_per_batch': 0.9037837576442774, 'cuda_allocated_mb': 241, 'cuda_reserved_mb': 7970, 'cuda_max_allocated_mb': 7877}
{'event': 'validation_start', 'epoch': 10}
{'event': 'validation_tgb_ranking_start', 'epoch': 10, 'max_edges': 128}
{'event': 'epoch_end', 'epoch': 10, 'early_stop_metric': 'val_tgb_mrr', 'val_score': 0.6895526377720556, 'val_auc': 0.94638671875, 'val_ap': 0.8599013165516142, 'val_ndcg': 0.9699634204198848, 'val_tgb_mrr': 0.6895526377720556, 'val_tgb_hits@10': 0.7421875, 'elapsed_sec': 732.7141030579805}
{'event': 'epoch_start', 'epoch': 11, 'epochs': 20, 'batches': 718, 'time_groups': 178}
{'event': 'train_time_group', 'epoch': 11, 'time_group': 1, 'time_groups': 178, 'batch': 0, 'batches': 718, 'time_value': 0.0, 'group_batches': 2, 'history_edges': 0, 'elapsed_sec': 0.06210798770189285, 'cuda_allocated_mb': 105, 'cuda_reserved_mb': 7970, 'cuda_max_allocated_mb': 7877}
{'event': 'train_progress', 'epoch': 11, 'batch': 1, 'batches': 718, 'time_group': 1, 'time_groups': 178, 'history_edges': 0, 'pos_edges': 512, 'neg_edges': 2048, 'loss_recent': 914.1935424804688, 'elapsed_sec': 0.895055465400219, 'avg_sec_per_batch': 0.895055465400219, 'cuda_allocated_mb': 156, 'cuda_reserved_mb': 7970, 'cuda_max_allocated_mb': 7877}
{'event': 'train_progress', 'epoch': 11, 'batch': 100, 'batches': 718, 'time_group': 69, 'time_groups': 178, 'history_edges': 33644, 'pos_edges': 86, 'neg_edges': 344, 'loss_recent': 52.83995994582772, 'elapsed_sec': 71.82064943388104, 'avg_sec_per_batch': 0.7182064943388105, 'cuda_allocated_mb': 157, 'cuda_reserved_mb': 7970, 'cuda_max_allocated_mb': 7877}
{'event': 'train_progress', 'epoch': 11, 'batch': 200, 'batches': 718, 'time_group': 106, 'time_groups': 178, 'history_edges': 74226, 'pos_edges': 106, 'neg_edges': 424, 'loss_recent': 54.88925913818181, 'elapsed_sec': 158.3406195268035, 'avg_sec_per_batch': 0.7917030976340175, 'cuda_allocated_mb': 208, 'cuda_reserved_mb': 7970, 'cuda_max_allocated_mb': 7877}
{'event': 'train_progress', 'epoch': 11, 'batch': 300, 'batches': 718, 'time_group': 128, 'time_groups': 178, 'history_edges': 120770, 'pos_edges': 512, 'neg_edges': 2048, 'loss_recent': 67.10708070576192, 'elapsed_sec': 246.47987201064825, 'avg_sec_per_batch': 0.8215995733688275, 'cuda_allocated_mb': 190, 'cuda_reserved_mb': 7970, 'cuda_max_allocated_mb': 7877}
{'event': 'train_progress', 'epoch': 11, 'batch': 400, 'batches': 718, 'time_group': 144, 'time_groups': 178, 'history_edges': 166402, 'pos_edges': 512, 'neg_edges': 2048, 'loss_recent': 72.90750637769699, 'elapsed_sec': 339.11915515363216, 'avg_sec_per_batch': 0.8477978878840804, 'cuda_allocated_mb': 236, 'cuda_reserved_mb': 7970, 'cuda_max_allocated_mb': 7877}
{'event': 'train_progress', 'epoch': 11, 'batch': 500, 'batches': 718, 'time_group': 158, 'time_groups': 178, 'history_edges': 213594, 'pos_edges': 512, 'neg_edges': 2048, 'loss_recent': 74.52094993591308, 'elapsed_sec': 432.6532475948334, 'avg_sec_per_batch': 0.8653064951896667, 'cuda_allocated_mb': 236, 'cuda_reserved_mb': 7970, 'cuda_max_allocated_mb': 7877}
{'event': 'train_progress', 'epoch': 11, 'batch': 600, 'batches': 718, 'time_group': 169, 'time_groups': 178, 'history_edges': 260784, 'pos_edges': 512, 'neg_edges': 2048, 'loss_recent': 79.70728976726532, 'elapsed_sec': 530.3691027238965, 'avg_sec_per_batch': 0.8839485045398275, 'cuda_allocated_mb': 237, 'cuda_reserved_mb': 7970, 'cuda_max_allocated_mb': 7877}
{'event': 'train_progress', 'epoch': 11, 'batch': 700, 'batches': 718, 'time_group': 177, 'time_groups': 178, 'history_edges': 308632, 'pos_edges': 512, 'neg_edges': 2048, 'loss_recent': 82.53888498544693, 'elapsed_sec': 632.5065308138728, 'avg_sec_per_batch': 0.9035807583055326, 'cuda_allocated_mb': 239, 'cuda_reserved_mb': 7970, 'cuda_max_allocated_mb': 7877}
{'event': 'train_time_group', 'epoch': 11, 'time_group': 178, 'time_groups': 178, 'batch': 703, 'batches': 718, 'time_value': 177.0, 'group_batches': 15, 'history_edges': 315692, 'elapsed_sec': 635.7972929775715, 'cuda_allocated_mb': 106, 'cuda_reserved_mb': 7970, 'cuda_max_allocated_mb': 7877}
{'event': 'train_progress', 'epoch': 11, 'batch': 718, 'batches': 718, 'time_group': 178, 'time_groups': 178, 'history_edges': 315692, 'pos_edges': 220, 'neg_edges': 880, 'loss_recent': 82.80632141113281, 'elapsed_sec': 650.9293897822499, 'avg_sec_per_batch': 0.9065868938471447, 'cuda_allocated_mb': 241, 'cuda_reserved_mb': 7970, 'cuda_max_allocated_mb': 7877}
{'event': 'validation_start', 'epoch': 11}
{'event': 'validation_tgb_ranking_start', 'epoch': 11, 'max_edges': 128}
{'event': 'epoch_end', 'epoch': 11, 'early_stop_metric': 'val_tgb_mrr', 'val_score': 0.6999534932799945, 'val_auc': 0.949658203125, 'val_ap': 0.8623795556965851, 'val_ndcg': 0.9707502023662864, 'val_tgb_mrr': 0.6999534932799945, 'val_tgb_hits@10': 0.75, 'elapsed_sec': 734.411447327584}
{'event': 'epoch_start', 'epoch': 12, 'epochs': 20, 'batches': 718, 'time_groups': 178}
{'event': 'train_time_group', 'epoch': 12, 'time_group': 1, 'time_groups': 178, 'batch': 0, 'batches': 718, 'time_value': 0.0, 'group_batches': 2, 'history_edges': 0, 'elapsed_sec': 0.06852608174085617, 'cuda_allocated_mb': 105, 'cuda_reserved_mb': 7970, 'cuda_max_allocated_mb': 7877}
{'event': 'train_progress', 'epoch': 12, 'batch': 1, 'batches': 718, 'time_group': 1, 'time_groups': 178, 'history_edges': 0, 'pos_edges': 512, 'neg_edges': 2048, 'loss_recent': 1017.6564331054688, 'elapsed_sec': 0.9729901812970638, 'avg_sec_per_batch': 0.9729901812970638, 'cuda_allocated_mb': 158, 'cuda_reserved_mb': 7970, 'cuda_max_allocated_mb': 7877}
{'event': 'train_progress', 'epoch': 12, 'batch': 100, 'batches': 718, 'time_group': 69, 'time_groups': 178, 'history_edges': 33644, 'pos_edges': 86, 'neg_edges': 344, 'loss_recent': 54.34805038396269, 'elapsed_sec': 74.50789259746671, 'avg_sec_per_batch': 0.7450789259746671, 'cuda_allocated_mb': 158, 'cuda_reserved_mb': 7970, 'cuda_max_allocated_mb': 7877}
{'event': 'train_progress', 'epoch': 12, 'batch': 200, 'batches': 718, 'time_group': 106, 'time_groups': 178, 'history_edges': 74226, 'pos_edges': 106, 'neg_edges': 424, 'loss_recent': 54.85685540407896, 'elapsed_sec': 161.9334629289806, 'avg_sec_per_batch': 0.8096673146449029, 'cuda_allocated_mb': 209, 'cuda_reserved_mb': 7970, 'cuda_max_allocated_mb': 7877}
{'event': 'train_progress', 'epoch': 12, 'batch': 300, 'batches': 718, 'time_group': 128, 'time_groups': 178, 'history_edges': 120770, 'pos_edges': 512, 'neg_edges': 2048, 'loss_recent': 67.01836114436388, 'elapsed_sec': 252.63971896097064, 'avg_sec_per_batch': 0.8421323965365688, 'cuda_allocated_mb': 190, 'cuda_reserved_mb': 7970, 'cuda_max_allocated_mb': 7877}
{'event': 'train_progress', 'epoch': 12, 'batch': 400, 'batches': 718, 'time_group': 144, 'time_groups': 178, 'history_edges': 166402, 'pos_edges': 512, 'neg_edges': 2048, 'loss_recent': 72.67966496706009, 'elapsed_sec': 350.0125829279423, 'avg_sec_per_batch': 0.8750314573198557, 'cuda_allocated_mb': 236, 'cuda_reserved_mb': 7970, 'cuda_max_allocated_mb': 7877}
{'event': 'train_progress', 'epoch': 12, 'batch': 500, 'batches': 718, 'time_group': 158, 'time_groups': 178, 'history_edges': 213594, 'pos_edges': 512, 'neg_edges': 2048, 'loss_recent': 74.33288081645965, 'elapsed_sec': 446.55382692068815, 'avg_sec_per_batch': 0.8931076538413764, 'cuda_allocated_mb': 236, 'cuda_reserved_mb': 7970, 'cuda_max_allocated_mb': 7877}
{'event': 'train_progress', 'epoch': 12, 'batch': 600, 'batches': 718, 'time_group': 169, 'time_groups': 178, 'history_edges': 260784, 'pos_edges': 512, 'neg_edges': 2048, 'loss_recent': 79.6621793270111, 'elapsed_sec': 548.3447085432708, 'avg_sec_per_batch': 0.9139078475721181, 'cuda_allocated_mb': 238, 'cuda_reserved_mb': 7970, 'cuda_max_allocated_mb': 7877}
{'event': 'train_progress', 'epoch': 12, 'batch': 700, 'batches': 718, 'time_group': 177, 'time_groups': 178, 'history_edges': 308632, 'pos_edges': 512, 'neg_edges': 2048, 'loss_recent': 82.6302499461174, 'elapsed_sec': 651.3802779465914, 'avg_sec_per_batch': 0.9305432542094163, 'cuda_allocated_mb': 240, 'cuda_reserved_mb': 7970, 'cuda_max_allocated_mb': 7877}
{'event': 'train_time_group', 'epoch': 12, 'time_group': 178, 'time_groups': 178, 'batch': 703, 'batches': 718, 'time_value': 177.0, 'group_batches': 15, 'history_edges': 315692, 'elapsed_sec': 654.8463010452688, 'cuda_allocated_mb': 106, 'cuda_reserved_mb': 7970, 'cuda_max_allocated_mb': 7877}
{'event': 'train_progress', 'epoch': 12, 'batch': 718, 'batches': 718, 'time_group': 178, 'time_groups': 178, 'history_edges': 315692, 'pos_edges': 220, 'neg_edges': 880, 'loss_recent': 82.98843235015869, 'elapsed_sec': 670.6831698082387, 'avg_sec_per_batch': 0.9340991222955971, 'cuda_allocated_mb': 241, 'cuda_reserved_mb': 7970, 'cuda_max_allocated_mb': 7877}
{'event': 'validation_start', 'epoch': 12}
{'event': 'validation_tgb_ranking_start', 'epoch': 12, 'max_edges': 128}
{'event': 'epoch_end', 'epoch': 12, 'early_stop_metric': 'val_tgb_mrr', 'val_score': 0.696186254181072, 'val_auc': 0.9501525878906251, 'val_ap': 0.8663155732038819, 'val_ndcg': 0.9716356031063704, 'val_tgb_mrr': 0.696186254181072, 'val_tgb_hits@10': 0.75, 'elapsed_sec': 754.7251725532115}
{'event': 'epoch_start', 'epoch': 13, 'epochs': 20, 'batches': 718, 'time_groups': 178}
{'event': 'train_time_group', 'epoch': 13, 'time_group': 1, 'time_groups': 178, 'batch': 0, 'batches': 718, 'time_value': 0.0, 'group_batches': 2, 'history_edges': 0, 'elapsed_sec': 0.06197553873062134, 'cuda_allocated_mb': 105, 'cuda_reserved_mb': 7970, 'cuda_max_allocated_mb': 7877}
{'event': 'train_progress', 'epoch': 13, 'batch': 1, 'batches': 718, 'time_group': 1, 'time_groups': 178, 'history_edges': 0, 'pos_edges': 512, 'neg_edges': 2048, 'loss_recent': 1082.872314453125, 'elapsed_sec': 0.9326518923044205, 'avg_sec_per_batch': 0.9326518923044205, 'cuda_allocated_mb': 157, 'cuda_reserved_mb': 7970, 'cuda_max_allocated_mb': 7877}
{'event': 'train_progress', 'epoch': 13, 'batch': 100, 'batches': 718, 'time_group': 69, 'time_groups': 178, 'history_edges': 33644, 'pos_edges': 86, 'neg_edges': 344, 'loss_recent': 55.455693772193044, 'elapsed_sec': 72.23761896416545, 'avg_sec_per_batch': 0.7223761896416545, 'cuda_allocated_mb': 157, 'cuda_reserved_mb': 7970, 'cuda_max_allocated_mb': 7877}
{'event': 'train_progress', 'epoch': 13, 'batch': 200, 'batches': 718, 'time_group': 106, 'time_groups': 178, 'history_edges': 74226, 'pos_edges': 106, 'neg_edges': 424, 'loss_recent': 54.89940494924784, 'elapsed_sec': 158.75489845126867, 'avg_sec_per_batch': 0.7937744922563433, 'cuda_allocated_mb': 208, 'cuda_reserved_mb': 7970, 'cuda_max_allocated_mb': 7877}
{'event': 'train_progress', 'epoch': 13, 'batch': 300, 'batches': 718, 'time_group': 128, 'time_groups': 178, 'history_edges': 120770, 'pos_edges': 512, 'neg_edges': 2048, 'loss_recent': 67.04925837427378, 'elapsed_sec': 248.74547593668103, 'avg_sec_per_batch': 0.8291515864556035, 'cuda_allocated_mb': 190, 'cuda_reserved_mb': 7970, 'cuda_max_allocated_mb': 7877}
{'event': 'train_progress', 'epoch': 13, 'batch': 400, 'batches': 718, 'time_group': 144, 'time_groups': 178, 'history_edges': 166402, 'pos_edges': 512, 'neg_edges': 2048, 'loss_recent': 72.88454819202423, 'elapsed_sec': 343.90314599871635, 'avg_sec_per_batch': 0.8597578649967909, 'cuda_allocated_mb': 236, 'cuda_reserved_mb': 7970, 'cuda_max_allocated_mb': 7877}
{'event': 'train_progress', 'epoch': 13, 'batch': 500, 'batches': 718, 'time_group': 158, 'time_groups': 178, 'history_edges': 213594, 'pos_edges': 512, 'neg_edges': 2048, 'loss_recent': 74.39151294231415, 'elapsed_sec': 440.7183666266501, 'avg_sec_per_batch': 0.8814367332533002, 'cuda_allocated_mb': 236, 'cuda_reserved_mb': 7970, 'cuda_max_allocated_mb': 7877}
{'event': 'train_progress', 'epoch': 13, 'batch': 600, 'batches': 718, 'time_group': 169, 'time_groups': 178, 'history_edges': 260784, 'pos_edges': 512, 'neg_edges': 2048, 'loss_recent': 79.43499047279357, 'elapsed_sec': 541.5564912967384, 'avg_sec_per_batch': 0.9025941521612306, 'cuda_allocated_mb': 238, 'cuda_reserved_mb': 7970, 'cuda_max_allocated_mb': 7877}
{'event': 'train_progress', 'epoch': 13, 'batch': 700, 'batches': 718, 'time_group': 177, 'time_groups': 178, 'history_edges': 308632, 'pos_edges': 512, 'neg_edges': 2048, 'loss_recent': 82.48658190011979, 'elapsed_sec': 645.5772569999099, 'avg_sec_per_batch': 0.9222532242855855, 'cuda_allocated_mb': 239, 'cuda_reserved_mb': 7970, 'cuda_max_allocated_mb': 7877}
{'event': 'train_time_group', 'epoch': 13, 'time_group': 178, 'time_groups': 178, 'batch': 703, 'batches': 718, 'time_value': 177.0, 'group_batches': 15, 'history_edges': 315692, 'elapsed_sec': 648.9024964012206, 'cuda_allocated_mb': 106, 'cuda_reserved_mb': 7970, 'cuda_max_allocated_mb': 7877}
{'event': 'train_progress', 'epoch': 13, 'batch': 718, 'batches': 718, 'time_group': 178, 'time_groups': 178, 'history_edges': 315692, 'pos_edges': 220, 'neg_edges': 880, 'loss_recent': 82.82551416397095, 'elapsed_sec': 664.505013205111, 'avg_sec_per_batch': 0.9254944473608788, 'cuda_allocated_mb': 241, 'cuda_reserved_mb': 7970, 'cuda_max_allocated_mb': 7877}
{'event': 'validation_start', 'epoch': 13}
{'event': 'validation_tgb_ranking_start', 'epoch': 13, 'max_edges': 128}
{'event': 'epoch_end', 'epoch': 13, 'early_stop_metric': 'val_tgb_mrr', 'val_score': 0.6960418621234208, 'val_auc': 0.9503417968750001, 'val_ap': 0.8671100220402078, 'val_ndcg': 0.9717771850795053, 'val_tgb_mrr': 0.6960418621234208, 'val_tgb_hits@10': 0.75, 'elapsed_sec': 747.1608575284481}
{'event': 'epoch_start', 'epoch': 14, 'epochs': 20, 'batches': 718, 'time_groups': 178}
{'event': 'train_time_group', 'epoch': 14, 'time_group': 1, 'time_groups': 178, 'batch': 0, 'batches': 718, 'time_value': 0.0, 'group_batches': 2, 'history_edges': 0, 'elapsed_sec': 0.09803573787212372, 'cuda_allocated_mb': 105, 'cuda_reserved_mb': 7970, 'cuda_max_allocated_mb': 7877}
{'event': 'train_progress', 'epoch': 14, 'batch': 1, 'batches': 718, 'time_group': 1, 'time_groups': 178, 'history_edges': 0, 'pos_edges': 512, 'neg_edges': 2048, 'loss_recent': 1149.804443359375, 'elapsed_sec': 0.9528391100466251, 'avg_sec_per_batch': 0.9528391100466251, 'cuda_allocated_mb': 156, 'cuda_reserved_mb': 7970, 'cuda_max_allocated_mb': 7877}
{'event': 'train_progress', 'epoch': 14, 'batch': 100, 'batches': 718, 'time_group': 69, 'time_groups': 178, 'history_edges': 33644, 'pos_edges': 86, 'neg_edges': 344, 'loss_recent': 56.64664331641048, 'elapsed_sec': 75.15852643921971, 'avg_sec_per_batch': 0.7515852643921971, 'cuda_allocated_mb': 156, 'cuda_reserved_mb': 7970, 'cuda_max_allocated_mb': 7877}
{'event': 'train_progress', 'epoch': 14, 'batch': 200, 'batches': 718, 'time_group': 106, 'time_groups': 178, 'history_edges': 74226, 'pos_edges': 106, 'neg_edges': 424, 'loss_recent': 54.935733658596874, 'elapsed_sec': 160.8364116474986, 'avg_sec_per_batch': 0.804182058237493, 'cuda_allocated_mb': 207, 'cuda_reserved_mb': 7970, 'cuda_max_allocated_mb': 7877}
{'event': 'train_progress', 'epoch': 14, 'batch': 300, 'batches': 718, 'time_group': 128, 'time_groups': 178, 'history_edges': 120770, 'pos_edges': 512, 'neg_edges': 2048, 'loss_recent': 66.93932670891284, 'elapsed_sec': 252.1064228825271, 'avg_sec_per_batch': 0.840354742941757, 'cuda_allocated_mb': 189, 'cuda_reserved_mb': 7970, 'cuda_max_allocated_mb': 7877}
{'event': 'train_progress', 'epoch': 14, 'batch': 400, 'batches': 718, 'time_group': 144, 'time_groups': 178, 'history_edges': 166402, 'pos_edges': 512, 'neg_edges': 2048, 'loss_recent': 72.72119044065475, 'elapsed_sec': 347.9132794290781, 'avg_sec_per_batch': 0.8697831985726953, 'cuda_allocated_mb': 236, 'cuda_reserved_mb': 7970, 'cuda_max_allocated_mb': 7877}
{'event': 'train_progress', 'epoch': 14, 'batch': 500, 'batches': 718, 'time_group': 158, 'time_groups': 178, 'history_edges': 213594, 'pos_edges': 512, 'neg_edges': 2048, 'loss_recent': 74.11506532669067, 'elapsed_sec': 444.69390577450395, 'avg_sec_per_batch': 0.8893878115490079, 'cuda_allocated_mb': 236, 'cuda_reserved_mb': 7970, 'cuda_max_allocated_mb': 7877}
{'event': 'train_progress', 'epoch': 14, 'batch': 600, 'batches': 718, 'time_group': 169, 'time_groups': 178, 'history_edges': 260784, 'pos_edges': 512, 'neg_edges': 2048, 'loss_recent': 79.58597033500672, 'elapsed_sec': 544.5551456026733, 'avg_sec_per_batch': 0.9075919093377888, 'cuda_allocated_mb': 238, 'cuda_reserved_mb': 7970, 'cuda_max_allocated_mb': 7877}
{'event': 'train_progress', 'epoch': 14, 'batch': 700, 'batches': 718, 'time_group': 177, 'time_groups': 178, 'history_edges': 308632, 'pos_edges': 512, 'neg_edges': 2048, 'loss_recent': 82.48666369915009, 'elapsed_sec': 648.0687783583999, 'avg_sec_per_batch': 0.9258125405119998, 'cuda_allocated_mb': 239, 'cuda_reserved_mb': 7970, 'cuda_max_allocated_mb': 7877}
{'event': 'train_time_group', 'epoch': 14, 'time_group': 178, 'time_groups': 178, 'batch': 703, 'batches': 718, 'time_value': 177.0, 'group_batches': 15, 'history_edges': 315692, 'elapsed_sec': 651.4688688144088, 'cuda_allocated_mb': 106, 'cuda_reserved_mb': 7970, 'cuda_max_allocated_mb': 7877}
{'event': 'train_progress', 'epoch': 14, 'batch': 718, 'batches': 718, 'time_group': 178, 'time_groups': 178, 'history_edges': 315692, 'pos_edges': 220, 'neg_edges': 880, 'loss_recent': 82.85114902496338, 'elapsed_sec': 666.8477167114615, 'avg_sec_per_batch': 0.928757265614849, 'cuda_allocated_mb': 241, 'cuda_reserved_mb': 7970, 'cuda_max_allocated_mb': 7877}
{'event': 'validation_start', 'epoch': 14}
{'event': 'validation_tgb_ranking_start', 'epoch': 14, 'max_edges': 128}
{'event': 'epoch_end', 'epoch': 14, 'early_stop_metric': 'val_tgb_mrr', 'val_score': 0.6951756777085174, 'val_auc': 0.95084228515625, 'val_ap': 0.8669221192094104, 'val_ndcg': 0.971796420063082, 'val_tgb_mrr': 0.6951756777085174, 'val_tgb_hits@10': 0.75, 'elapsed_sec': 747.7608683817089}
{'event': 'epoch_start', 'epoch': 15, 'epochs': 20, 'batches': 718, 'time_groups': 178}
{'event': 'train_time_group', 'epoch': 15, 'time_group': 1, 'time_groups': 178, 'batch': 0, 'batches': 718, 'time_value': 0.0, 'group_batches': 2, 'history_edges': 0, 'elapsed_sec': 0.06232829391956329, 'cuda_allocated_mb': 105, 'cuda_reserved_mb': 7970, 'cuda_max_allocated_mb': 7877}
{'event': 'train_progress', 'epoch': 15, 'batch': 1, 'batches': 718, 'time_group': 1, 'time_groups': 178, 'history_edges': 0, 'pos_edges': 512, 'neg_edges': 2048, 'loss_recent': 1166.581787109375, 'elapsed_sec': 0.9120143838226795, 'avg_sec_per_batch': 0.9120143838226795, 'cuda_allocated_mb': 157, 'cuda_reserved_mb': 7970, 'cuda_max_allocated_mb': 7877}
{'event': 'train_progress', 'epoch': 15, 'batch': 100, 'batches': 718, 'time_group': 69, 'time_groups': 178, 'history_edges': 33644, 'pos_edges': 86, 'neg_edges': 344, 'loss_recent': 57.12291981685907, 'elapsed_sec': 73.40156542137265, 'avg_sec_per_batch': 0.7340156542137265, 'cuda_allocated_mb': 155, 'cuda_reserved_mb': 7970, 'cuda_max_allocated_mb': 7877}
{'event': 'train_progress', 'epoch': 15, 'batch': 200, 'batches': 718, 'time_group': 106, 'time_groups': 178, 'history_edges': 74226, 'pos_edges': 106, 'neg_edges': 424, 'loss_recent': 54.83847983445972, 'elapsed_sec': 157.9945000447333, 'avg_sec_per_batch': 0.7899725002236664, 'cuda_allocated_mb': 207, 'cuda_reserved_mb': 7970, 'cuda_max_allocated_mb': 7877}
{'event': 'train_progress', 'epoch': 15, 'batch': 300, 'batches': 718, 'time_group': 128, 'time_groups': 178, 'history_edges': 120770, 'pos_edges': 512, 'neg_edges': 2048, 'loss_recent': 66.97540826499463, 'elapsed_sec': 248.1222900748253, 'avg_sec_per_batch': 0.8270743002494176, 'cuda_allocated_mb': 189, 'cuda_reserved_mb': 7970, 'cuda_max_allocated_mb': 7877}
{'event': 'train_progress', 'epoch': 15, 'batch': 400, 'batches': 718, 'time_group': 144, 'time_groups': 178, 'history_edges': 166402, 'pos_edges': 512, 'neg_edges': 2048, 'loss_recent': 72.53660267353058, 'elapsed_sec': 340.25747284665704, 'avg_sec_per_batch': 0.8506436821166425, 'cuda_allocated_mb': 236, 'cuda_reserved_mb': 7970, 'cuda_max_allocated_mb': 7877}
{'event': 'train_progress', 'epoch': 15, 'batch': 500, 'batches': 718, 'time_group': 158, 'time_groups': 178, 'history_edges': 213594, 'pos_edges': 512, 'neg_edges': 2048, 'loss_recent': 74.37716180324554, 'elapsed_sec': 435.9113855175674, 'avg_sec_per_batch': 0.8718227710351348, 'cuda_allocated_mb': 236, 'cuda_reserved_mb': 7970, 'cuda_max_allocated_mb': 7877}
{'event': 'train_progress', 'epoch': 15, 'batch': 600, 'batches': 718, 'time_group': 169, 'time_groups': 178, 'history_edges': 260784, 'pos_edges': 512, 'neg_edges': 2048, 'loss_recent': 79.46447791576385, 'elapsed_sec': 534.276171002537, 'avg_sec_per_batch': 0.8904602850042284, 'cuda_allocated_mb': 238, 'cuda_reserved_mb': 7970, 'cuda_max_allocated_mb': 7877}
{'event': 'train_progress', 'epoch': 15, 'batch': 700, 'batches': 718, 'time_group': 177, 'time_groups': 178, 'history_edges': 308632, 'pos_edges': 512, 'neg_edges': 2048, 'loss_recent': 82.38479707479478, 'elapsed_sec': 635.5957778841257, 'avg_sec_per_batch': 0.9079939684058939, 'cuda_allocated_mb': 239, 'cuda_reserved_mb': 7970, 'cuda_max_allocated_mb': 7877}
{'event': 'train_time_group', 'epoch': 15, 'time_group': 178, 'time_groups': 178, 'batch': 703, 'batches': 718, 'time_value': 177.0, 'group_batches': 15, 'history_edges': 315692, 'elapsed_sec': 638.7641256041825, 'cuda_allocated_mb': 106, 'cuda_reserved_mb': 7970, 'cuda_max_allocated_mb': 7877}
{'event': 'train_progress', 'epoch': 15, 'batch': 718, 'batches': 718, 'time_group': 178, 'time_groups': 178, 'history_edges': 315692, 'pos_edges': 220, 'neg_edges': 880, 'loss_recent': 82.76055931091308, 'elapsed_sec': 653.6491420045495, 'avg_sec_per_batch': 0.910374849588509, 'cuda_allocated_mb': 241, 'cuda_reserved_mb': 7970, 'cuda_max_allocated_mb': 7877}
{'event': 'validation_start', 'epoch': 15}
{'event': 'validation_tgb_ranking_start', 'epoch': 15, 'max_edges': 128}
{'event': 'epoch_end', 'epoch': 15, 'early_stop_metric': 'val_tgb_mrr', 'val_score': 0.6960570105349706, 'val_auc': 0.9484374999999999, 'val_ap': 0.8631071979668907, 'val_ndcg': 0.9707734737007595, 'val_tgb_mrr': 0.6960570105349706, 'val_tgb_hits@10': 0.75, 'elapsed_sec': 732.6425907500088}
{'event': 'epoch_start', 'epoch': 16, 'epochs': 20, 'batches': 718, 'time_groups': 178}
{'event': 'train_time_group', 'epoch': 16, 'time_group': 1, 'time_groups': 178, 'batch': 0, 'batches': 718, 'time_value': 0.0, 'group_batches': 2, 'history_edges': 0, 'elapsed_sec': 0.0640622042119503, 'cuda_allocated_mb': 105, 'cuda_reserved_mb': 7970, 'cuda_max_allocated_mb': 7877}
{'event': 'train_progress', 'epoch': 16, 'batch': 1, 'batches': 718, 'time_group': 1, 'time_groups': 178, 'history_edges': 0, 'pos_edges': 512, 'neg_edges': 2048, 'loss_recent': 1237.240966796875, 'elapsed_sec': 0.9728684648871422, 'avg_sec_per_batch': 0.9728684648871422, 'cuda_allocated_mb': 159, 'cuda_reserved_mb': 7970, 'cuda_max_allocated_mb': 7877}
{'event': 'train_progress', 'epoch': 16, 'batch': 100, 'batches': 718, 'time_group': 69, 'time_groups': 178, 'history_edges': 33644, 'pos_edges': 86, 'neg_edges': 344, 'loss_recent': 58.148918462768194, 'elapsed_sec': 72.38924417644739, 'avg_sec_per_batch': 0.7238924417644739, 'cuda_allocated_mb': 156, 'cuda_reserved_mb': 7970, 'cuda_max_allocated_mb': 7877}
{'event': 'train_progress', 'epoch': 16, 'batch': 200, 'batches': 718, 'time_group': 106, 'time_groups': 178, 'history_edges': 74226, 'pos_edges': 106, 'neg_edges': 424, 'loss_recent': 54.844413481354714, 'elapsed_sec': 155.05493764951825, 'avg_sec_per_batch': 0.7752746882475913, 'cuda_allocated_mb': 206, 'cuda_reserved_mb': 7970, 'cuda_max_allocated_mb': 7877}
{'event': 'train_progress', 'epoch': 16, 'batch': 300, 'batches': 718, 'time_group': 128, 'time_groups': 178, 'history_edges': 120770, 'pos_edges': 512, 'neg_edges': 2048, 'loss_recent': 67.00421563029289, 'elapsed_sec': 245.78614326938987, 'avg_sec_per_batch': 0.8192871442312996, 'cuda_allocated_mb': 187, 'cuda_reserved_mb': 7970, 'cuda_max_allocated_mb': 7877}
{'event': 'train_progress', 'epoch': 16, 'batch': 400, 'batches': 718, 'time_group': 144, 'time_groups': 178, 'history_edges': 166402, 'pos_edges': 512, 'neg_edges': 2048, 'loss_recent': 72.57599153637887, 'elapsed_sec': 338.91334984079003, 'avg_sec_per_batch': 0.8472833746019751, 'cuda_allocated_mb': 236, 'cuda_reserved_mb': 7970, 'cuda_max_allocated_mb': 7877}
{'event': 'train_progress', 'epoch': 16, 'batch': 500, 'batches': 718, 'time_group': 158, 'time_groups': 178, 'history_edges': 213594, 'pos_edges': 512, 'neg_edges': 2048, 'loss_recent': 74.36043865203857, 'elapsed_sec': 435.4572866372764, 'avg_sec_per_batch': 0.8709145732745528, 'cuda_allocated_mb': 236, 'cuda_reserved_mb': 7970, 'cuda_max_allocated_mb': 7877}
{'event': 'train_progress', 'epoch': 16, 'batch': 600, 'batches': 718, 'time_group': 169, 'time_groups': 178, 'history_edges': 260784, 'pos_edges': 512, 'neg_edges': 2048, 'loss_recent': 79.61159021377563, 'elapsed_sec': 533.954616766423, 'avg_sec_per_batch': 0.8899243612773716, 'cuda_allocated_mb': 238, 'cuda_reserved_mb': 7970, 'cuda_max_allocated_mb': 7877}
{'event': 'train_progress', 'epoch': 16, 'batch': 700, 'batches': 718, 'time_group': 177, 'time_groups': 178, 'history_edges': 308632, 'pos_edges': 512, 'neg_edges': 2048, 'loss_recent': 82.43513880729675, 'elapsed_sec': 636.1995237469673, 'avg_sec_per_batch': 0.9088564624956675, 'cuda_allocated_mb': 240, 'cuda_reserved_mb': 7970, 'cuda_max_allocated_mb': 7877}
{'event': 'train_time_group', 'epoch': 16, 'time_group': 178, 'time_groups': 178, 'batch': 703, 'batches': 718, 'time_value': 177.0, 'group_batches': 15, 'history_edges': 315692, 'elapsed_sec': 639.4013900645077, 'cuda_allocated_mb': 106, 'cuda_reserved_mb': 7970, 'cuda_max_allocated_mb': 7877}
{'event': 'train_progress', 'epoch': 16, 'batch': 718, 'batches': 718, 'time_group': 178, 'time_groups': 178, 'history_edges': 315692, 'pos_edges': 220, 'neg_edges': 880, 'loss_recent': 82.71091371536255, 'elapsed_sec': 654.4758525975049, 'avg_sec_per_batch': 0.9115262570995889, 'cuda_allocated_mb': 241, 'cuda_reserved_mb': 7970, 'cuda_max_allocated_mb': 7877}
{'event': 'validation_start', 'epoch': 16}
{'event': 'validation_tgb_ranking_start', 'epoch': 16, 'max_edges': 128}
{'event': 'epoch_end', 'epoch': 16, 'early_stop_metric': 'val_tgb_mrr', 'val_score': 0.7009613638941787, 'val_auc': 0.94854736328125, 'val_ap': 0.8648576939478283, 'val_ndcg': 0.971079344574268, 'val_tgb_mrr': 0.7009613638941787, 'val_tgb_hits@10': 0.75, 'elapsed_sec': 735.1509712040424}
{'event': 'epoch_start', 'epoch': 17, 'epochs': 20, 'batches': 718, 'time_groups': 178}
{'event': 'train_time_group', 'epoch': 17, 'time_group': 1, 'time_groups': 178, 'batch': 0, 'batches': 718, 'time_value': 0.0, 'group_batches': 2, 'history_edges': 0, 'elapsed_sec': 0.06337916478514671, 'cuda_allocated_mb': 105, 'cuda_reserved_mb': 7970, 'cuda_max_allocated_mb': 7877}
{'event': 'train_progress', 'epoch': 17, 'batch': 1, 'batches': 718, 'time_group': 1, 'time_groups': 178, 'history_edges': 0, 'pos_edges': 512, 'neg_edges': 2048, 'loss_recent': 1274.616943359375, 'elapsed_sec': 1.1278882510960102, 'avg_sec_per_batch': 1.1278882510960102, 'cuda_allocated_mb': 158, 'cuda_reserved_mb': 7970, 'cuda_max_allocated_mb': 7877}
{'event': 'train_progress', 'epoch': 17, 'batch': 100, 'batches': 718, 'time_group': 69, 'time_groups': 178, 'history_edges': 33644, 'pos_edges': 86, 'neg_edges': 344, 'loss_recent': 58.77759498372674, 'elapsed_sec': 73.30066964030266, 'avg_sec_per_batch': 0.7330066964030266, 'cuda_allocated_mb': 156, 'cuda_reserved_mb': 7970, 'cuda_max_allocated_mb': 7877}
{'event': 'train_progress', 'epoch': 17, 'batch': 200, 'batches': 718, 'time_group': 106, 'time_groups': 178, 'history_edges': 74226, 'pos_edges': 106, 'neg_edges': 424, 'loss_recent': 54.700345698818566, 'elapsed_sec': 158.28167935460806, 'avg_sec_per_batch': 0.7914083967730403, 'cuda_allocated_mb': 207, 'cuda_reserved_mb': 7970, 'cuda_max_allocated_mb': 7877}
{'event': 'train_progress', 'epoch': 17, 'batch': 300, 'batches': 718, 'time_group': 128, 'time_groups': 178, 'history_edges': 120770, 'pos_edges': 512, 'neg_edges': 2048, 'loss_recent': 66.9509099277854, 'elapsed_sec': 248.81761330366135, 'avg_sec_per_batch': 0.8293920443455378, 'cuda_allocated_mb': 189, 'cuda_reserved_mb': 7970, 'cuda_max_allocated_mb': 7877}
{'event': 'train_progress', 'epoch': 17, 'batch': 400, 'batches': 718, 'time_group': 144, 'time_groups': 178, 'history_edges': 166402, 'pos_edges': 512, 'neg_edges': 2048, 'loss_recent': 72.6478019964695, 'elapsed_sec': 342.65630228817463, 'avg_sec_per_batch': 0.8566407557204365, 'cuda_allocated_mb': 236, 'cuda_reserved_mb': 7970, 'cuda_max_allocated_mb': 7877}
{'event': 'train_progress', 'epoch': 17, 'batch': 500, 'batches': 718, 'time_group': 158, 'time_groups': 178, 'history_edges': 213594, 'pos_edges': 512, 'neg_edges': 2048, 'loss_recent': 74.30164542198182, 'elapsed_sec': 437.62248086184263, 'avg_sec_per_batch': 0.8752449617236853, 'cuda_allocated_mb': 236, 'cuda_reserved_mb': 7970, 'cuda_max_allocated_mb': 7877}
{'event': 'train_progress', 'epoch': 17, 'batch': 600, 'batches': 718, 'time_group': 169, 'time_groups': 178, 'history_edges': 260784, 'pos_edges': 512, 'neg_edges': 2048, 'loss_recent': 79.44349313735962, 'elapsed_sec': 535.2768555544317, 'avg_sec_per_batch': 0.8921280925907195, 'cuda_allocated_mb': 238, 'cuda_reserved_mb': 7970, 'cuda_max_allocated_mb': 7877}
{'event': 'train_progress', 'epoch': 17, 'batch': 700, 'batches': 718, 'time_group': 177, 'time_groups': 178, 'history_edges': 308632, 'pos_edges': 512, 'neg_edges': 2048, 'loss_recent': 82.38469461917877, 'elapsed_sec': 637.5487937368453, 'avg_sec_per_batch': 0.9107839910526361, 'cuda_allocated_mb': 239, 'cuda_reserved_mb': 7970, 'cuda_max_allocated_mb': 7877}
{'event': 'train_time_group', 'epoch': 17, 'time_group': 178, 'time_groups': 178, 'batch': 703, 'batches': 718, 'time_value': 177.0, 'group_batches': 15, 'history_edges': 315692, 'elapsed_sec': 640.7287738211453, 'cuda_allocated_mb': 106, 'cuda_reserved_mb': 7970, 'cuda_max_allocated_mb': 7877}
{'event': 'train_progress', 'epoch': 17, 'batch': 718, 'batches': 718, 'time_group': 178, 'time_groups': 178, 'history_edges': 315692, 'pos_edges': 220, 'neg_edges': 880, 'loss_recent': 82.61585662841797, 'elapsed_sec': 655.4535874091089, 'avg_sec_per_batch': 0.9128880047480625, 'cuda_allocated_mb': 241, 'cuda_reserved_mb': 7970, 'cuda_max_allocated_mb': 7877}
{'event': 'validation_start', 'epoch': 17}
{'event': 'validation_tgb_ranking_start', 'epoch': 17, 'max_edges': 128}
{'event': 'epoch_end', 'epoch': 17, 'early_stop_metric': 'val_tgb_mrr', 'val_score': 0.6914655016279263, 'val_auc': 0.9487731933593749, 'val_ap': 0.8678756408413486, 'val_ndcg': 0.9718422946629667, 'val_tgb_mrr': 0.6914655016279263, 'val_tgb_hits@10': 0.7421875, 'elapsed_sec': 735.531355291605}
{'event': 'epoch_start', 'epoch': 18, 'epochs': 20, 'batches': 718, 'time_groups': 178}
{'event': 'train_time_group', 'epoch': 18, 'time_group': 1, 'time_groups': 178, 'batch': 0, 'batches': 718, 'time_value': 0.0, 'group_batches': 2, 'history_edges': 0, 'elapsed_sec': 0.0627184808254242, 'cuda_allocated_mb': 105, 'cuda_reserved_mb': 7970, 'cuda_max_allocated_mb': 7877}
{'event': 'train_progress', 'epoch': 18, 'batch': 1, 'batches': 718, 'time_group': 1, 'time_groups': 178, 'history_edges': 0, 'pos_edges': 512, 'neg_edges': 2048, 'loss_recent': 1329.73681640625, 'elapsed_sec': 1.0953927114605904, 'avg_sec_per_batch': 1.0953927114605904, 'cuda_allocated_mb': 156, 'cuda_reserved_mb': 7970, 'cuda_max_allocated_mb': 7877}
{'event': 'train_progress', 'epoch': 18, 'batch': 100, 'batches': 718, 'time_group': 69, 'time_groups': 178, 'history_edges': 33644, 'pos_edges': 86, 'neg_edges': 344, 'loss_recent': 59.987188734263185, 'elapsed_sec': 71.83271952345967, 'avg_sec_per_batch': 0.7183271952345968, 'cuda_allocated_mb': 158, 'cuda_reserved_mb': 7970, 'cuda_max_allocated_mb': 7877}
{'event': 'train_progress', 'epoch': 18, 'batch': 200, 'batches': 718, 'time_group': 106, 'time_groups': 178, 'history_edges': 74226, 'pos_edges': 106, 'neg_edges': 424, 'loss_recent': 54.727703345827756, 'elapsed_sec': 155.71195477619767, 'avg_sec_per_batch': 0.7785597738809884, 'cuda_allocated_mb': 207, 'cuda_reserved_mb': 7970, 'cuda_max_allocated_mb': 7877}
{'event': 'train_progress', 'epoch': 18, 'batch': 300, 'batches': 718, 'time_group': 128, 'time_groups': 178, 'history_edges': 120770, 'pos_edges': 512, 'neg_edges': 2048, 'loss_recent': 66.9006698742509, 'elapsed_sec': 245.65776986256242, 'avg_sec_per_batch': 0.818859232875208, 'cuda_allocated_mb': 188, 'cuda_reserved_mb': 7970, 'cuda_max_allocated_mb': 7877}
{'event': 'train_progress', 'epoch': 18, 'batch': 400, 'batches': 718, 'time_group': 144, 'time_groups': 178, 'history_edges': 166402, 'pos_edges': 512, 'neg_edges': 2048, 'loss_recent': 72.69877404808999, 'elapsed_sec': 338.3175789527595, 'avg_sec_per_batch': 0.8457939473818987, 'cuda_allocated_mb': 236, 'cuda_reserved_mb': 7970, 'cuda_max_allocated_mb': 7877}
{'event': 'train_progress', 'epoch': 18, 'batch': 500, 'batches': 718, 'time_group': 158, 'time_groups': 178, 'history_edges': 213594, 'pos_edges': 512, 'neg_edges': 2048, 'loss_recent': 74.05662911891937, 'elapsed_sec': 433.1336198076606, 'avg_sec_per_batch': 0.8662672396153211, 'cuda_allocated_mb': 236, 'cuda_reserved_mb': 7970, 'cuda_max_allocated_mb': 7877}
{'event': 'train_progress', 'epoch': 18, 'batch': 600, 'batches': 718, 'time_group': 169, 'time_groups': 178, 'history_edges': 260784, 'pos_edges': 512, 'neg_edges': 2048, 'loss_recent': 79.4756533908844, 'elapsed_sec': 531.8092766739428, 'avg_sec_per_batch': 0.8863487944565713, 'cuda_allocated_mb': 238, 'cuda_reserved_mb': 7970, 'cuda_max_allocated_mb': 7877}
{'event': 'train_progress', 'epoch': 18, 'batch': 700, 'batches': 718, 'time_group': 177, 'time_groups': 178, 'history_edges': 308632, 'pos_edges': 512, 'neg_edges': 2048, 'loss_recent': 82.47951092004776, 'elapsed_sec': 633.6553226970136, 'avg_sec_per_batch': 0.9052218895671623, 'cuda_allocated_mb': 239, 'cuda_reserved_mb': 7970, 'cuda_max_allocated_mb': 7877}
{'event': 'train_time_group', 'epoch': 18, 'time_group': 178, 'time_groups': 178, 'batch': 703, 'batches': 718, 'time_value': 177.0, 'group_batches': 15, 'history_edges': 315692, 'elapsed_sec': 637.0349060855806, 'cuda_allocated_mb': 106, 'cuda_reserved_mb': 7970, 'cuda_max_allocated_mb': 7877}
{'event': 'train_progress', 'epoch': 18, 'batch': 718, 'batches': 718, 'time_group': 178, 'time_groups': 178, 'history_edges': 315692, 'pos_edges': 220, 'neg_edges': 880, 'loss_recent': 82.74252439498902, 'elapsed_sec': 652.2221792563796, 'avg_sec_per_batch': 0.9083874362902223, 'cuda_allocated_mb': 241, 'cuda_reserved_mb': 7970, 'cuda_max_allocated_mb': 7877}
{'event': 'validation_start', 'epoch': 18}
{'event': 'validation_tgb_ranking_start', 'epoch': 18, 'max_edges': 128}
{'event': 'epoch_end', 'epoch': 18, 'early_stop_metric': 'val_tgb_mrr', 'val_score': 0.7050281758906141, 'val_auc': 0.950384521484375, 'val_ap': 0.8707569762381562, 'val_ndcg': 0.9725535293422595, 'val_tgb_mrr': 0.7050281758906141, 'val_tgb_hits@10': 0.7421875, 'elapsed_sec': 733.4385286830366}
{'event': 'epoch_start', 'epoch': 19, 'epochs': 20, 'batches': 718, 'time_groups': 178}
{'event': 'train_time_group', 'epoch': 19, 'time_group': 1, 'time_groups': 178, 'batch': 0, 'batches': 718, 'time_value': 0.0, 'group_batches': 2, 'history_edges': 0, 'elapsed_sec': 0.06393003091216087, 'cuda_allocated_mb': 105, 'cuda_reserved_mb': 7970, 'cuda_max_allocated_mb': 7877}
{'event': 'train_progress', 'epoch': 19, 'batch': 1, 'batches': 718, 'time_group': 1, 'time_groups': 178, 'history_edges': 0, 'pos_edges': 512, 'neg_edges': 2048, 'loss_recent': 1301.1346435546875, 'elapsed_sec': 0.9391448609530926, 'avg_sec_per_batch': 0.9391448609530926, 'cuda_allocated_mb': 157, 'cuda_reserved_mb': 7970, 'cuda_max_allocated_mb': 7877}
{'event': 'train_progress', 'epoch': 19, 'batch': 100, 'batches': 718, 'time_group': 69, 'time_groups': 178, 'history_edges': 33644, 'pos_edges': 86, 'neg_edges': 344, 'loss_recent': 59.783582158181815, 'elapsed_sec': 72.36083397641778, 'avg_sec_per_batch': 0.7236083397641778, 'cuda_allocated_mb': 157, 'cuda_reserved_mb': 7970, 'cuda_max_allocated_mb': 7877}
{'event': 'train_progress', 'epoch': 19, 'batch': 200, 'batches': 718, 'time_group': 106, 'time_groups': 178, 'history_edges': 74226, 'pos_edges': 106, 'neg_edges': 424, 'loss_recent': 54.65453127481043, 'elapsed_sec': 157.43445255234838, 'avg_sec_per_batch': 0.7871722627617419, 'cuda_allocated_mb': 207, 'cuda_reserved_mb': 7970, 'cuda_max_allocated_mb': 7877}
{'event': 'train_progress', 'epoch': 19, 'batch': 300, 'batches': 718, 'time_group': 128, 'time_groups': 178, 'history_edges': 120770, 'pos_edges': 512, 'neg_edges': 2048, 'loss_recent': 66.81499888598918, 'elapsed_sec': 246.79735823720694, 'avg_sec_per_batch': 0.8226578607906898, 'cuda_allocated_mb': 188, 'cuda_reserved_mb': 7970, 'cuda_max_allocated_mb': 7877}
{'event': 'train_progress', 'epoch': 19, 'batch': 400, 'batches': 718, 'time_group': 144, 'time_groups': 178, 'history_edges': 166402, 'pos_edges': 512, 'neg_edges': 2048, 'loss_recent': 72.5901640689373, 'elapsed_sec': 339.3099126294255, 'avg_sec_per_batch': 0.8482747815735638, 'cuda_allocated_mb': 236, 'cuda_reserved_mb': 7970, 'cuda_max_allocated_mb': 7877}
{'event': 'train_progress', 'epoch': 19, 'batch': 500, 'batches': 718, 'time_group': 158, 'time_groups': 178, 'history_edges': 213594, 'pos_edges': 512, 'neg_edges': 2048, 'loss_recent': 74.1038408279419, 'elapsed_sec': 433.36065266653895, 'avg_sec_per_batch': 0.8667213053330779, 'cuda_allocated_mb': 236, 'cuda_reserved_mb': 7970, 'cuda_max_allocated_mb': 7877}
{'event': 'train_progress', 'epoch': 19, 'batch': 600, 'batches': 718, 'time_group': 169, 'time_groups': 178, 'history_edges': 260784, 'pos_edges': 512, 'neg_edges': 2048, 'loss_recent': 79.38659100532531, 'elapsed_sec': 532.1016290523112, 'avg_sec_per_batch': 0.8868360484205187, 'cuda_allocated_mb': 238, 'cuda_reserved_mb': 7970, 'cuda_max_allocated_mb': 7877}
{'event': 'train_progress', 'epoch': 19, 'batch': 700, 'batches': 718, 'time_group': 177, 'time_groups': 178, 'history_edges': 308632, 'pos_edges': 512, 'neg_edges': 2048, 'loss_recent': 82.37259263277053, 'elapsed_sec': 632.5457496531308, 'avg_sec_per_batch': 0.9036367852187582, 'cuda_allocated_mb': 239, 'cuda_reserved_mb': 7970, 'cuda_max_allocated_mb': 7877}
{'event': 'train_time_group', 'epoch': 19, 'time_group': 178, 'time_groups': 178, 'batch': 703, 'batches': 718, 'time_value': 177.0, 'group_batches': 15, 'history_edges': 315692, 'elapsed_sec': 635.6969378627837, 'cuda_allocated_mb': 106, 'cuda_reserved_mb': 7970, 'cuda_max_allocated_mb': 7877}
{'event': 'train_progress', 'epoch': 19, 'batch': 718, 'batches': 718, 'time_group': 178, 'time_groups': 178, 'history_edges': 315692, 'pos_edges': 220, 'neg_edges': 880, 'loss_recent': 82.66942869186401, 'elapsed_sec': 651.0518312640488, 'avg_sec_per_batch': 0.9067574251588424, 'cuda_allocated_mb': 241, 'cuda_reserved_mb': 7970, 'cuda_max_allocated_mb': 7877}
{'event': 'validation_start', 'epoch': 19}
{'event': 'validation_tgb_ranking_start', 'epoch': 19, 'max_edges': 128}
{'event': 'epoch_end', 'epoch': 19, 'early_stop_metric': 'val_tgb_mrr', 'val_score': 0.7000459462383304, 'val_auc': 0.94959716796875, 'val_ap': 0.8663356822111326, 'val_ndcg': 0.9715004280775268, 'val_tgb_mrr': 0.7000459462383304, 'val_tgb_hits@10': 0.75, 'elapsed_sec': 730.9176022447646}
{'event': 'epoch_start', 'epoch': 20, 'epochs': 20, 'batches': 718, 'time_groups': 178}
{'event': 'train_time_group', 'epoch': 20, 'time_group': 1, 'time_groups': 178, 'batch': 0, 'batches': 718, 'time_value': 0.0, 'group_batches': 2, 'history_edges': 0, 'elapsed_sec': 0.061150699853897095, 'cuda_allocated_mb': 105, 'cuda_reserved_mb': 7970, 'cuda_max_allocated_mb': 7877}
{'event': 'train_progress', 'epoch': 20, 'batch': 1, 'batches': 718, 'time_group': 1, 'time_groups': 178, 'history_edges': 0, 'pos_edges': 512, 'neg_edges': 2048, 'loss_recent': 1391.03662109375, 'elapsed_sec': 0.9254561774432659, 'avg_sec_per_batch': 0.9254561774432659, 'cuda_allocated_mb': 157, 'cuda_reserved_mb': 7970, 'cuda_max_allocated_mb': 7877}
{'event': 'train_progress', 'epoch': 20, 'batch': 100, 'batches': 718, 'time_group': 69, 'time_groups': 178, 'history_edges': 33644, 'pos_edges': 86, 'neg_edges': 344, 'loss_recent': 61.351746239531785, 'elapsed_sec': 71.864353466779, 'avg_sec_per_batch': 0.71864353466779, 'cuda_allocated_mb': 157, 'cuda_reserved_mb': 7970, 'cuda_max_allocated_mb': 7877}
{'event': 'train_progress', 'epoch': 20, 'batch': 200, 'batches': 718, 'time_group': 106, 'time_groups': 178, 'history_edges': 74226, 'pos_edges': 106, 'neg_edges': 424, 'loss_recent': 54.812857293225825, 'elapsed_sec': 157.48212503641844, 'avg_sec_per_batch': 0.7874106251820921, 'cuda_allocated_mb': 206, 'cuda_reserved_mb': 7970, 'cuda_max_allocated_mb': 7877}
{'event': 'train_progress', 'epoch': 20, 'batch': 300, 'batches': 718, 'time_group': 128, 'time_groups': 178, 'history_edges': 120770, 'pos_edges': 512, 'neg_edges': 2048, 'loss_recent': 66.83107821077108, 'elapsed_sec': 247.10997927188873, 'avg_sec_per_batch': 0.8236999309062958, 'cuda_allocated_mb': 189, 'cuda_reserved_mb': 7970, 'cuda_max_allocated_mb': 7877}
{'event': 'train_progress', 'epoch': 20, 'batch': 400, 'batches': 718, 'time_group': 144, 'time_groups': 178, 'history_edges': 166402, 'pos_edges': 512, 'neg_edges': 2048, 'loss_recent': 72.39932549357414, 'elapsed_sec': 340.8860080242157, 'avg_sec_per_batch': 0.8522150200605393, 'cuda_allocated_mb': 236, 'cuda_reserved_mb': 7970, 'cuda_max_allocated_mb': 7877}
{'event': 'train_progress', 'epoch': 20, 'batch': 500, 'batches': 718, 'time_group': 158, 'time_groups': 178, 'history_edges': 213594, 'pos_edges': 512, 'neg_edges': 2048, 'loss_recent': 74.21558723926545, 'elapsed_sec': 435.51596346497536, 'avg_sec_per_batch': 0.8710319269299507, 'cuda_allocated_mb': 236, 'cuda_reserved_mb': 7970, 'cuda_max_allocated_mb': 7877}
{'event': 'train_progress', 'epoch': 20, 'batch': 600, 'batches': 718, 'time_group': 169, 'time_groups': 178, 'history_edges': 260784, 'pos_edges': 512, 'neg_edges': 2048, 'loss_recent': 79.67542765617371, 'elapsed_sec': 535.3582487925887, 'avg_sec_per_batch': 0.8922637479876478, 'cuda_allocated_mb': 238, 'cuda_reserved_mb': 7970, 'cuda_max_allocated_mb': 7877}
{'event': 'train_progress', 'epoch': 20, 'batch': 700, 'batches': 718, 'time_group': 177, 'time_groups': 178, 'history_edges': 308632, 'pos_edges': 512, 'neg_edges': 2048, 'loss_recent': 82.39979987621308, 'elapsed_sec': 636.5700027868152, 'avg_sec_per_batch': 0.9093857182668789, 'cuda_allocated_mb': 239, 'cuda_reserved_mb': 7970, 'cuda_max_allocated_mb': 7877}
{'event': 'train_time_group', 'epoch': 20, 'time_group': 178, 'time_groups': 178, 'batch': 703, 'batches': 718, 'time_value': 177.0, 'group_batches': 15, 'history_edges': 315692, 'elapsed_sec': 639.8529649935663, 'cuda_allocated_mb': 106, 'cuda_reserved_mb': 7970, 'cuda_max_allocated_mb': 7877}
{'event': 'train_progress', 'epoch': 20, 'batch': 718, 'batches': 718, 'time_group': 178, 'time_groups': 178, 'history_edges': 315692, 'pos_edges': 220, 'neg_edges': 880, 'loss_recent': 82.73564319610595, 'elapsed_sec': 654.9830060303211, 'avg_sec_per_batch': 0.9122325989280239, 'cuda_allocated_mb': 241, 'cuda_reserved_mb': 7970, 'cuda_max_allocated_mb': 7877}
{'event': 'validation_start', 'epoch': 20}
{'event': 'validation_tgb_ranking_start', 'epoch': 20, 'max_edges': 128}
{'event': 'epoch_end', 'epoch': 20, 'early_stop_metric': 'val_tgb_mrr', 'val_score': 0.7018385436219602, 'val_auc': 0.9494262695312501, 'val_ap': 0.8690421320664364, 'val_ndcg': 0.9720051559802514, 'val_tgb_mrr': 0.7018385436219602, 'val_tgb_hits@10': 0.7421875, 'elapsed_sec': 735.1950688101351}
{'dataset': 'tkgl-yago', 'method': 'ssptgfm', 'scenario': 'label_split', 'ablation': 'full', 'few_shot_ratio': 1.0, 'seed': 1, 'train_edges': 323080, 'val_edges': 39046, 'test_edges': 40052, 'params_trainable': 2247826, 'params_total': 2247839, 'rough_forward_flops': 24174428160, 'train_eval_time_sec': 15002.518864076585, 'allocated_mb': 48.94677734375, 'reserved_mb': 7970.0, 'max_allocated_mb': 7877.58740234375, 'val_auc': 0.950384521484375, 'val_ap': 0.8707569762381562, 'val_ndcg': 0.9725535293422595, 'val_tgb_mrr': 0.7050281758906141, 'val_tgb_hits@10': 0.7421875, 'train_loss': 70.3049137061799, 'train_lp': 0.08529175127362561, 'train_align': 6694.917447788635, 'train_kl': 32694.15449275678, 'train_ood_reg': 0.1580513360025491, 'train_meta': 0.17488161275193376, 'train_struct_aux': 0.0, 'train_weighted_align': 66.94917283173972, 'train_weighted_kl': 3.2694153451360113, 'train_weighted_ood_reg': 0.00015805134357846262, 'train_weighted_meta': 0.0008744080452203157, 'train_weighted_struct_aux': 0.0, 'train_rank': 0.0723319592403345, 'train_weighted_rank': 0.0007233195753774987, 'train_candidate_rank': 0.46892638753766175, 'train_weighted_candidate_rank': 0.02344631976799827, 'test_auc': 0.9621929076466049, 'test_ap': 0.9122050880198265, 'test_ndcg': 0.9879671121703677, 'test_tgb_mrr': 0.9024756985644258, 'test_tgb_hits@10': 0.9140625}
