
$ /root/miniconda3/bin/python -u scripts/search_hparams.py --config configs/auto_target/ssptgfm_search_yago15k_temporal_struct_history_role64_rankloss_probe.yaml --output results/auto_target_role64_yago_probe_v1/search_yago15k_temporal_struct_history_role64_rankloss_probe --resume
runtime_device=cuda
cuda_device=Tesla V100-PCIE-32GB
{'event': 'candidate_seed_start', 'candidate': 'struct_history_role64_rankloss_probe_h96_r12_a12_p4x4_l1_neg1_lr0p001_hp0p5_role64_sr0_sa0_rl0p05_m1_hinge', 'seed': 1, 'device': 'cuda', 'node_text_device': 'cuda:0'}
{'event': 'train_seed_start', 'seed': 1, 'train_edges': 3244, 'val_edges': 6738, 'test_edges': 26719, 'num_nodes': 4197, 'num_relations': 19}
{'event': 'train_seed_tensors_ready', 'seed': 1, 'elapsed_sec': 0.007643617689609528, 'cuda_allocated_mb': 9, 'cuda_reserved_mb': 22, 'cuda_max_allocated_mb': 9}
{'event': 'train_known_facts_ready', 'seed': 1, 'scope': 'train', 'edges': 3244, 'elapsed_sec': 0.009274173527956009}
{'event': 'train_known_facts_ready', 'seed': 1, 'scope': 'train_val', 'edges': 9982, 'elapsed_sec': 0.010609220713376999}
{'event': 'train_sampler_ready', 'seed': 1, 'elapsed_sec': 0.014431145042181015}
{'event': 'val_sampler_ready', 'seed': 1, 'elapsed_sec': 0.018046241253614426}
{'event': 'epoch_start', 'epoch': 1, 'epochs': 1, 'batches': 118, 'time_groups': 118}
{'event': 'train_time_group', 'epoch': 1, 'time_group': 1, 'time_groups': 118, 'batch': 0, 'batches': 118, 'time_value': 600.0, 'group_batches': 1, 'history_edges': 0, 'elapsed_sec': 0.01990237832069397, 'cuda_allocated_mb': 9, 'cuda_reserved_mb': 24, 'cuda_max_allocated_mb': 9}
{'event': 'train_progress', 'epoch': 1, 'batch': 1, 'batches': 118, 'time_group': 1, 'time_groups': 118, 'history_edges': 0, 'pos_edges': 1, 'neg_edges': 1, 'loss_recent': 0.6956480741500854, 'elapsed_sec': 1.1831992417573929, 'avg_sec_per_batch': 1.1831992417573929, 'cuda_allocated_mb': 44, 'cuda_reserved_mb': 90, 'cuda_max_allocated_mb': 80}
{'event': 'train_progress', 'epoch': 1, 'batch': 100, 'batches': 118, 'time_group': 100, 'time_groups': 118, 'history_edges': 2144, 'pos_edges': 38, 'neg_edges': 38, 'loss_recent': 1.7819878309965134, 'elapsed_sec': 20.641212712973356, 'avg_sec_per_batch': 0.20641212712973356, 'cuda_allocated_mb': 46, 'cuda_reserved_mb': 202, 'cuda_max_allocated_mb': 169}
{'event': 'train_time_group', 'epoch': 1, 'time_group': 118, 'time_groups': 118, 'batch': 117, 'batches': 118, 'time_value': 1966.0, 'group_batches': 1, 'history_edges': 3153, 'elapsed_sec': 24.907590847462416, 'cuda_allocated_mb': 45, 'cuda_reserved_mb': 222, 'cuda_max_allocated_mb': 189}
{'event': 'train_progress', 'epoch': 1, 'batch': 118, 'batches': 118, 'time_group': 118, 'time_groups': 118, 'history_edges': 3153, 'pos_edges': 91, 'neg_edges': 91, 'loss_recent': 2.355568301677704, 'elapsed_sec': 25.198631074279547, 'avg_sec_per_batch': 0.21354772096847074, 'cuda_allocated_mb': 48, 'cuda_reserved_mb': 222, 'cuda_max_allocated_mb': 192}
{'event': 'validation_start', 'epoch': 1}
{'event': 'validation_ranking_start', 'epoch': 1, 'max_edges': 5}
{'event': 'epoch_end', 'epoch': 1, 'early_stop_metric': 'val_composite', 'val_score': 0.13464154058875197, 'val_auc': 0.61951904296875, 'val_ap': 0.26002947857099423, 'val_ndcg': 0.7805743585198204, 'val_mrr': 0.01235453821670566, 'val_hits@1': 0.0, 'val_hits@10': 0.0, 'val_hits@50': 0.2, 'val_hits@100': 0.4, 'elapsed_sec': 29.86820926144719}
{'candidate': 'struct_history_role64_rankloss_probe_h96_r12_a12_p4x4_l1_neg1_lr0p001_hp0p5_role64_sr0_sa0_rl0p05_m1_hinge', 'seed': 1, 'composite': nan, 'val_auc': 0.61951904296875, 'val_ap': 0.26002947857099423, 'val_ndcg': 0.7805743585198204, 'val_mrr': 0.01235453821670566, 'val_hits@1': 0.0, 'val_hits@10': 0.0, 'val_hits@50': 0.2, 'val_hits@100': 0.4, 'train_loss': 2.112427882723889, 'train_lp': 0.46973987896058517, 'train_align': 310.4387490890794, 'train_kl': 878.9018206192276, 'train_ood_reg': 0.2218894282892599, 'train_meta': 0.4764499910554643, 'train_struct_aux': 0.0, 'train_weighted_align': 1.552193702727367, 'train_weighted_kl': 0.08789017928716869, 'train_weighted_ood_reg': 0.00022188943928656152, 'train_weighted_meta': 0.0023822499074335843, 'train_weighted_struct_aux': 0.0, 'train_rank': 0.4060513349723513, 'train_weighted_rank': 0.020302567115523144}
{'event': 'candidate_summary', 'candidate': 'struct_history_role64_rankloss_probe_h96_r12_a12_p4x4_l1_neg1_lr0p001_hp0p5_role64_sr0_sa0_rl0p05_m1_hinge', 'score': 0.13464154058875197, 'passes_metric_minima': True, 'means': {'val_auc': 0.61951904296875, 'val_ap': 0.26002947857099423, 'val_mrr': 0.01235453821670566, 'val_hits@10': 0.0, 'val_ndcg': 0.7805743585198204}, 'seeds_completed': 1}
{'event': 'candidate_seed_start', 'candidate': 'struct_history_role64_rankloss_probe_h96_r12_a12_p4x4_l1_neg1_lr0p001_hp0p5_role64_sr0_sa0_rl0p1_m0p75_hinge', 'seed': 1, 'device': 'cuda', 'node_text_device': 'cuda:0'}
{'event': 'train_seed_start', 'seed': 1, 'train_edges': 3244, 'val_edges': 6738, 'test_edges': 26719, 'num_nodes': 4197, 'num_relations': 19}
{'event': 'train_seed_tensors_ready', 'seed': 1, 'elapsed_sec': 0.009963061660528183, 'cuda_allocated_mb': 25, 'cuda_reserved_mb': 42, 'cuda_max_allocated_mb': 192}
{'event': 'train_known_facts_ready', 'seed': 1, 'scope': 'train', 'edges': 3244, 'elapsed_sec': 0.011574435979127884}
{'event': 'train_known_facts_ready', 'seed': 1, 'scope': 'train_val', 'edges': 9982, 'elapsed_sec': 0.012807309627532959}
{'event': 'train_sampler_ready', 'seed': 1, 'elapsed_sec': 0.016716834157705307}
{'event': 'val_sampler_ready', 'seed': 1, 'elapsed_sec': 0.020446401089429855}
{'event': 'epoch_start', 'epoch': 1, 'epochs': 1, 'batches': 118, 'time_groups': 118}
{'event': 'train_time_group', 'epoch': 1, 'time_group': 1, 'time_groups': 118, 'batch': 0, 'batches': 118, 'time_value': 600.0, 'group_batches': 1, 'history_edges': 0, 'elapsed_sec': 0.005650628358125687, 'cuda_allocated_mb': 26, 'cuda_reserved_mb': 44, 'cuda_max_allocated_mb': 192}
{'event': 'train_progress', 'epoch': 1, 'batch': 1, 'batches': 118, 'time_group': 1, 'time_groups': 118, 'history_edges': 0, 'pos_edges': 1, 'neg_edges': 1, 'loss_recent': 0.6956480741500854, 'elapsed_sec': 0.12186802551150322, 'avg_sec_per_batch': 0.12186802551150322, 'cuda_allocated_mb': 44, 'cuda_reserved_mb': 90, 'cuda_max_allocated_mb': 192}
{'event': 'train_progress', 'epoch': 1, 'batch': 100, 'batches': 118, 'time_group': 100, 'time_groups': 118, 'history_edges': 2144, 'pos_edges': 38, 'neg_edges': 38, 'loss_recent': 1.783327977359295, 'elapsed_sec': 19.77471935003996, 'avg_sec_per_batch': 0.1977471935003996, 'cuda_allocated_mb': 46, 'cuda_reserved_mb': 202, 'cuda_max_allocated_mb': 192}
{'event': 'train_time_group', 'epoch': 1, 'time_group': 118, 'time_groups': 118, 'batch': 117, 'batches': 118, 'time_value': 1966.0, 'group_batches': 1, 'history_edges': 3153, 'elapsed_sec': 24.28977870196104, 'cuda_allocated_mb': 45, 'cuda_reserved_mb': 222, 'cuda_max_allocated_mb': 192}
{'event': 'train_progress', 'epoch': 1, 'batch': 118, 'batches': 118, 'time_group': 118, 'time_groups': 118, 'history_edges': 3153, 'pos_edges': 91, 'neg_edges': 91, 'loss_recent': 2.3576714435219763, 'elapsed_sec': 24.74028730392456, 'avg_sec_per_batch': 0.20966345172817424, 'cuda_allocated_mb': 48, 'cuda_reserved_mb': 222, 'cuda_max_allocated_mb': 192}
{'event': 'validation_start', 'epoch': 1}
{'event': 'validation_ranking_start', 'epoch': 1, 'max_edges': 5}
{'event': 'epoch_end', 'epoch': 1, 'early_stop_metric': 'val_composite', 'val_score': 0.13466739645758152, 'val_auc': 0.6190704345703125, 'val_ap': 0.25979843906208, 'val_ndcg': 0.7804021664157369, 'val_mrr': 0.012507734711725222, 'val_hits@1': 0.0, 'val_hits@10': 0.0, 'val_hits@50': 0.2, 'val_hits@100': 0.4, 'elapsed_sec': 30.415881868451834}
{'candidate': 'struct_history_role64_rankloss_probe_h96_r12_a12_p4x4_l1_neg1_lr0p001_hp0p5_role64_sr0_sa0_rl0p1_m0p75_hinge', 'seed': 1, 'composite': nan, 'val_auc': 0.6190704345703125, 'val_ap': 0.25979843906208, 'val_ndcg': 0.7804021664157369, 'val_mrr': 0.012507734711725222, 'val_hits@1': 0.0, 'val_hits@10': 0.0, 'val_hits@50': 0.2, 'val_hits@100': 0.4, 'train_loss': 2.1142897381115766, 'train_lp': 0.46991693695723, 'train_align': 310.73997140334825, 'train_kl': 880.7164733369472, 'train_ood_reg': 0.2216348637968807, 'train_meta': 0.47594109003953006, 'train_struct_aux': 0.0, 'train_weighted_align': 1.5536998235699484, 'train_weighted_kl': 0.08807164497705082, 'train_weighted_ood_reg': 0.00022163487412430092, 'train_weighted_meta': 0.002379705394436684, 'train_weighted_struct_aux': 0.0, 'train_rank': 0.28318778553314633, 'train_weighted_rank': 0.028318778964911855}
{'event': 'candidate_summary', 'candidate': 'struct_history_role64_rankloss_probe_h96_r12_a12_p4x4_l1_neg1_lr0p001_hp0p5_role64_sr0_sa0_rl0p1_m0p75_hinge', 'score': 0.13466739645758152, 'passes_metric_minima': True, 'means': {'val_auc': 0.6190704345703125, 'val_ap': 0.25979843906208, 'val_mrr': 0.012507734711725222, 'val_hits@10': 0.0, 'val_ndcg': 0.7804021664157369}, 'seeds_completed': 1}
{'event': 'candidate_seed_start', 'candidate': 'struct_history_role64_rankloss_probe_h96_r12_a12_p4x4_l1_neg1_lr0p001_hp0p5_role64_sr0_sa0_rl0p2_m0p5_hinge', 'seed': 1, 'device': 'cuda', 'node_text_device': 'cuda:0'}
{'event': 'train_seed_start', 'seed': 1, 'train_edges': 3244, 'val_edges': 6738, 'test_edges': 26719, 'num_nodes': 4197, 'num_relations': 19}
{'event': 'train_seed_tensors_ready', 'seed': 1, 'elapsed_sec': 0.023878272622823715, 'cuda_allocated_mb': 25, 'cuda_reserved_mb': 42, 'cuda_max_allocated_mb': 192}
{'event': 'train_known_facts_ready', 'seed': 1, 'scope': 'train', 'edges': 3244, 'elapsed_sec': 0.02555939182639122}
{'event': 'train_known_facts_ready', 'seed': 1, 'scope': 'train_val', 'edges': 9982, 'elapsed_sec': 0.026795431971549988}
{'event': 'train_sampler_ready', 'seed': 1, 'elapsed_sec': 0.030672043561935425}
{'event': 'val_sampler_ready', 'seed': 1, 'elapsed_sec': 0.034322332590818405}
{'event': 'epoch_start', 'epoch': 1, 'epochs': 1, 'batches': 118, 'time_groups': 118}
{'event': 'train_time_group', 'epoch': 1, 'time_group': 1, 'time_groups': 118, 'batch': 0, 'batches': 118, 'time_value': 600.0, 'group_batches': 1, 'history_edges': 0, 'elapsed_sec': 0.0052850693464279175, 'cuda_allocated_mb': 26, 'cuda_reserved_mb': 44, 'cuda_max_allocated_mb': 192}
{'event': 'train_progress', 'epoch': 1, 'batch': 1, 'batches': 118, 'time_group': 1, 'time_groups': 118, 'history_edges': 0, 'pos_edges': 1, 'neg_edges': 1, 'loss_recent': 0.6956480741500854, 'elapsed_sec': 0.1381021961569786, 'avg_sec_per_batch': 0.1381021961569786, 'cuda_allocated_mb': 44, 'cuda_reserved_mb': 90, 'cuda_max_allocated_mb': 192}
{'event': 'train_progress', 'epoch': 1, 'batch': 100, 'batches': 118, 'time_group': 100, 'time_groups': 118, 'history_edges': 2144, 'pos_edges': 38, 'neg_edges': 38, 'loss_recent': 1.7841665577888488, 'elapsed_sec': 27.12906054407358, 'avg_sec_per_batch': 0.2712906054407358, 'cuda_allocated_mb': 46, 'cuda_reserved_mb': 202, 'cuda_max_allocated_mb': 192}
{'event': 'train_time_group', 'epoch': 1, 'time_group': 118, 'time_groups': 118, 'batch': 117, 'batches': 118, 'time_value': 1966.0, 'group_batches': 1, 'history_edges': 3153, 'elapsed_sec': 33.63456028699875, 'cuda_allocated_mb': 45, 'cuda_reserved_mb': 222, 'cuda_max_allocated_mb': 192}
{'event': 'train_progress', 'epoch': 1, 'batch': 118, 'batches': 118, 'time_group': 118, 'time_groups': 118, 'history_edges': 3153, 'pos_edges': 91, 'neg_edges': 91, 'loss_recent': 2.359533623456955, 'elapsed_sec': 34.17764649167657, 'avg_sec_per_batch': 0.28964107196336075, 'cuda_allocated_mb': 48, 'cuda_reserved_mb': 222, 'cuda_max_allocated_mb': 192}
{'event': 'validation_start', 'epoch': 1}
{'event': 'validation_ranking_start', 'epoch': 1, 'max_edges': 5}
{'event': 'epoch_end', 'epoch': 1, 'early_stop_metric': 'val_composite', 'val_score': 0.13630361410782435, 'val_auc': 0.6227752685546875, 'val_ap': 0.2652847677861976, 'val_ndcg': 0.7845142272890662, 'val_mrr': 0.013335929432606159, 'val_hits@1': 0.0, 'val_hits@10': 0.0, 'val_hits@50': 0.2, 'val_hits@100': 0.4, 'elapsed_sec': 40.35100405663252}
{'candidate': 'struct_history_role64_rankloss_probe_h96_r12_a12_p4x4_l1_neg1_lr0p001_hp0p5_role64_sr0_sa0_rl0p2_m0p5_hinge', 'seed': 1, 'composite': nan, 'val_auc': 0.6227752685546875, 'val_ap': 0.2652847677861976, 'val_ndcg': 0.7845142272890662, 'val_mrr': 0.013335929432606159, 'val_hits@1': 0.0, 'val_hits@10': 0.0, 'val_hits@50': 0.2, 'val_hits@100': 0.4, 'train_loss': 2.1157579684661605, 'train_lp': 0.46997924502623284, 'train_align': 311.00009752734235, 'train_kl': 881.8016646433684, 'train_ood_reg': 0.22165675473920368, 'train_meta': 0.47529077454138613, 'train_struct_aux': 0.0, 'train_weighted_align': 1.5550004564841293, 'train_weighted_kl': 0.0881801638120817, 'train_weighted_ood_reg': 0.00022165676501433571, 'train_weighted_meta': 0.0023764538201572517, 'train_weighted_struct_aux': 0.0, 'train_rank': 0.17760541896193716, 'train_weighted_rank': 0.03552108438551363}
{'event': 'candidate_summary', 'candidate': 'struct_history_role64_rankloss_probe_h96_r12_a12_p4x4_l1_neg1_lr0p001_hp0p5_role64_sr0_sa0_rl0p2_m0p5_hinge', 'score': 0.13630361410782435, 'passes_metric_minima': True, 'means': {'val_auc': 0.6227752685546875, 'val_ap': 0.2652847677861976, 'val_mrr': 0.013335929432606159, 'val_hits@10': 0.0, 'val_ndcg': 0.7845142272890662}, 'seeds_completed': 1}
{'event': 'candidate_seed_start', 'candidate': 'struct_history_role64_rankloss_probe_h96_r12_a12_p4x4_l1_neg1_lr0p001_hp1_role64_sr0_sa0_rl0p05_m1_hinge', 'seed': 1, 'device': 'cuda', 'node_text_device': 'cuda:0'}
{'event': 'train_seed_start', 'seed': 1, 'train_edges': 3244, 'val_edges': 6738, 'test_edges': 26719, 'num_nodes': 4197, 'num_relations': 19}
{'event': 'train_seed_tensors_ready', 'seed': 1, 'elapsed_sec': 0.017228204756975174, 'cuda_allocated_mb': 25, 'cuda_reserved_mb': 42, 'cuda_max_allocated_mb': 192}
{'event': 'train_known_facts_ready', 'seed': 1, 'scope': 'train', 'edges': 3244, 'elapsed_sec': 0.018871329724788666}
{'event': 'train_known_facts_ready', 'seed': 1, 'scope': 'train_val', 'edges': 9982, 'elapsed_sec': 0.02006213366985321}
{'event': 'train_sampler_ready', 'seed': 1, 'elapsed_sec': 0.023903992027044296}
{'event': 'val_sampler_ready', 'seed': 1, 'elapsed_sec': 0.02760489657521248}
{'event': 'epoch_start', 'epoch': 1, 'epochs': 1, 'batches': 118, 'time_groups': 118}
{'event': 'train_time_group', 'epoch': 1, 'time_group': 1, 'time_groups': 118, 'batch': 0, 'batches': 118, 'time_value': 600.0, 'group_batches': 1, 'history_edges': 0, 'elapsed_sec': 0.005474478006362915, 'cuda_allocated_mb': 26, 'cuda_reserved_mb': 44, 'cuda_max_allocated_mb': 192}
{'event': 'train_progress', 'epoch': 1, 'batch': 1, 'batches': 118, 'time_group': 1, 'time_groups': 118, 'history_edges': 0, 'pos_edges': 1, 'neg_edges': 1, 'loss_recent': 0.7299877405166626, 'elapsed_sec': 0.17115183174610138, 'avg_sec_per_batch': 0.17115183174610138, 'cuda_allocated_mb': 44, 'cuda_reserved_mb': 90, 'cuda_max_allocated_mb': 192}
