runtime_device=cuda
cuda_device=Tesla V100-PCIE-32GB
{'event': 'seed_start', 'dataset': 'icews14', 'ablation': 'full', 'seed': 2, 'device': 'cuda', 'node_text_device': 'cuda:0'}
{'event': 'train_seed_start', 'seed': 2, 'train_edges': 61760, 'val_edges': 14592, 'test_edges': 14378, 'num_nodes': 7128, 'num_relations': 230}
{'event': 'train_seed_tensors_ready', 'seed': 2, 'elapsed_sec': 0.013624146580696106, 'cuda_allocated_mb': 28, 'cuda_reserved_mb': 44, 'cuda_max_allocated_mb': 28}
{'event': 'train_known_facts_ready', 'seed': 2, 'scope': 'train', 'edges': 61760, 'elapsed_sec': 0.020578715950250626}
{'event': 'train_known_facts_ready', 'seed': 2, 'scope': 'train_val', 'edges': 76352, 'elapsed_sec': 0.02722664177417755}
{'event': 'train_sampler_ready', 'seed': 2, 'elapsed_sec': 0.20371291786432266}
{'event': 'val_sampler_ready', 'seed': 2, 'elapsed_sec': 0.34328844770789146}
{'event': 'epoch_start', 'epoch': 1, 'epochs': 24, 'batches': 255, 'time_groups': 255}
{'event': 'train_time_group', 'epoch': 1, 'time_group': 1, 'time_groups': 255, 'batch': 0, 'batches': 255, 'time_value': 1388534400.0, 'group_batches': 1, 'history_edges': 0, 'elapsed_sec': 0.17815928533673286, 'cuda_allocated_mb': 30, 'cuda_reserved_mb': 46, 'cuda_max_allocated_mb': 30}
{'event': 'train_progress', 'epoch': 1, 'batch': 1, 'batches': 255, 'time_group': 1, 'time_groups': 255, 'history_edges': 0, 'pos_edges': 113, 'neg_edges': 113, 'loss_recent': 72.21179962158203, 'elapsed_sec': 1.3591543845832348, 'avg_sec_per_batch': 1.3591543845832348, 'cuda_allocated_mb': 123, 'cuda_reserved_mb': 238, 'cuda_max_allocated_mb': 212}
{'event': 'train_progress', 'epoch': 1, 'batch': 100, 'batches': 255, 'time_group': 100, 'time_groups': 255, 'history_edges': 23816, 'pos_edges': 259, 'neg_edges': 259, 'loss_recent': 137.71914531707765, 'elapsed_sec': 42.617574736475945, 'avg_sec_per_batch': 0.42617574736475944, 'cuda_allocated_mb': 130, 'cuda_reserved_mb': 962, 'cuda_max_allocated_mb': 879}
{'event': 'train_progress', 'epoch': 1, 'batch': 200, 'batches': 255, 'time_group': 200, 'time_groups': 255, 'history_edges': 48751, 'pos_edges': 162, 'neg_edges': 162, 'loss_recent': 125.11269458770752, 'elapsed_sec': 86.24394019320607, 'avg_sec_per_batch': 0.43121970096603035, 'cuda_allocated_mb': 127, 'cuda_reserved_mb': 1582, 'cuda_max_allocated_mb': 1445}
{'event': 'train_time_group', 'epoch': 1, 'time_group': 255, 'time_groups': 255, 'batch': 254, 'batches': 255, 'time_value': 1410480000.0, 'group_batches': 1, 'history_edges': 61439, 'elapsed_sec': 111.99548575282097, 'cuda_allocated_mb': 120, 'cuda_reserved_mb': 1882, 'cuda_max_allocated_mb': 1757}
{'event': 'train_progress', 'epoch': 1, 'batch': 255, 'batches': 255, 'time_group': 255, 'time_groups': 255, 'history_edges': 61439, 'pos_edges': 321, 'neg_edges': 321, 'loss_recent': 115.61920837402344, 'elapsed_sec': 112.55265096575022, 'avg_sec_per_batch': 0.4413829449637263, 'cuda_allocated_mb': 131, 'cuda_reserved_mb': 1882, 'cuda_max_allocated_mb': 1757}
{'event': 'validation_start', 'epoch': 1}
{'event': 'validation_ranking_start', 'epoch': 1, 'max_edges': 100}
{'event': 'epoch_end', 'epoch': 1, 'early_stop_metric': 'val_composite', 'val_score': 0.5266271713679818, 'val_auc': 0.9021265303123618, 'val_ap': 0.6627499067938517, 'val_ndcg': 0.9430007169448585, 'val_mrr': 0.3596165742776001, 'val_hits@1': 0.28, 'val_hits@10': 0.54, 'val_hits@50': 0.74, 'val_hits@100': 0.785, 'elapsed_sec': 290.48145523294806}
{'event': 'epoch_start', 'epoch': 2, 'epochs': 24, 'batches': 255, 'time_groups': 255}
{'event': 'train_time_group', 'epoch': 2, 'time_group': 1, 'time_groups': 255, 'batch': 0, 'batches': 255, 'time_value': 1388534400.0, 'group_batches': 1, 'history_edges': 0, 'elapsed_sec': 0.04440978541970253, 'cuda_allocated_mb': 120, 'cuda_reserved_mb': 1968, 'cuda_max_allocated_mb': 1757}
{'event': 'train_progress', 'epoch': 2, 'batch': 1, 'batches': 255, 'time_group': 1, 'time_groups': 255, 'history_edges': 0, 'pos_edges': 113, 'neg_edges': 113, 'loss_recent': 68.34514617919922, 'elapsed_sec': 0.33786407113075256, 'avg_sec_per_batch': 0.33786407113075256, 'cuda_allocated_mb': 124, 'cuda_reserved_mb': 1968, 'cuda_max_allocated_mb': 1757}
{'event': 'train_progress', 'epoch': 2, 'batch': 100, 'batches': 255, 'time_group': 100, 'time_groups': 255, 'history_edges': 23816, 'pos_edges': 259, 'neg_edges': 259, 'loss_recent': 111.97514526367188, 'elapsed_sec': 41.754684902727604, 'avg_sec_per_batch': 0.417546849027276, 'cuda_allocated_mb': 130, 'cuda_reserved_mb': 1968, 'cuda_max_allocated_mb': 1757}
{'event': 'train_progress', 'epoch': 2, 'batch': 200, 'batches': 255, 'time_group': 200, 'time_groups': 255, 'history_edges': 48751, 'pos_edges': 162, 'neg_edges': 162, 'loss_recent': 101.2008239364624, 'elapsed_sec': 86.69620609283447, 'avg_sec_per_batch': 0.43348103046417236, 'cuda_allocated_mb': 127, 'cuda_reserved_mb': 1968, 'cuda_max_allocated_mb': 1757}
{'event': 'train_time_group', 'epoch': 2, 'time_group': 255, 'time_groups': 255, 'batch': 254, 'batches': 255, 'time_value': 1410480000.0, 'group_batches': 1, 'history_edges': 61439, 'elapsed_sec': 109.9141796156764, 'cuda_allocated_mb': 120, 'cuda_reserved_mb': 1988, 'cuda_max_allocated_mb': 1757}
{'event': 'train_progress', 'epoch': 2, 'batch': 255, 'batches': 255, 'time_group': 255, 'time_groups': 255, 'history_edges': 61439, 'pos_edges': 321, 'neg_edges': 321, 'loss_recent': 94.1169429397583, 'elapsed_sec': 110.23904720321298, 'avg_sec_per_batch': 0.43230998903220774, 'cuda_allocated_mb': 131, 'cuda_reserved_mb': 1988, 'cuda_max_allocated_mb': 1757}
{'event': 'validation_start', 'epoch': 2}
{'event': 'validation_ranking_start', 'epoch': 2, 'max_edges': 100}
{'event': 'epoch_end', 'epoch': 2, 'early_stop_metric': 'val_composite', 'val_score': 0.5258482580063248, 'val_auc': 0.9125959281416518, 'val_ap': 0.6843105542209891, 'val_ndcg': 0.9475957904600792, 'val_mrr': 0.35362459884017183, 'val_hits@1': 0.265, 'val_hits@10': 0.53, 'val_hits@50': 0.745, 'val_hits@100': 0.78, 'elapsed_sec': 279.5571543611586}
{'event': 'epoch_start', 'epoch': 3, 'epochs': 24, 'batches': 255, 'time_groups': 255}
{'event': 'train_time_group', 'epoch': 3, 'time_group': 1, 'time_groups': 255, 'batch': 0, 'batches': 255, 'time_value': 1388534400.0, 'group_batches': 1, 'history_edges': 0, 'elapsed_sec': 0.04437994956970215, 'cuda_allocated_mb': 120, 'cuda_reserved_mb': 1988, 'cuda_max_allocated_mb': 1757}
{'event': 'train_progress', 'epoch': 3, 'batch': 1, 'batches': 255, 'time_group': 1, 'time_groups': 255, 'history_edges': 0, 'pos_edges': 113, 'neg_edges': 113, 'loss_recent': 67.78538513183594, 'elapsed_sec': 0.3398848585784435, 'avg_sec_per_batch': 0.3398848585784435, 'cuda_allocated_mb': 124, 'cuda_reserved_mb': 1988, 'cuda_max_allocated_mb': 1757}
{'event': 'train_progress', 'epoch': 3, 'batch': 100, 'batches': 255, 'time_group': 100, 'time_groups': 255, 'history_edges': 23816, 'pos_edges': 259, 'neg_edges': 259, 'loss_recent': 94.00797080993652, 'elapsed_sec': 41.36149777844548, 'avg_sec_per_batch': 0.41361497778445483, 'cuda_allocated_mb': 129, 'cuda_reserved_mb': 1988, 'cuda_max_allocated_mb': 1757}
{'event': 'train_progress', 'epoch': 3, 'batch': 200, 'batches': 255, 'time_group': 200, 'time_groups': 255, 'history_edges': 48751, 'pos_edges': 162, 'neg_edges': 162, 'loss_recent': 83.26020401000977, 'elapsed_sec': 86.81146795675159, 'avg_sec_per_batch': 0.43405733978375793, 'cuda_allocated_mb': 127, 'cuda_reserved_mb': 1988, 'cuda_max_allocated_mb': 1757}
{'event': 'train_time_group', 'epoch': 3, 'time_group': 255, 'time_groups': 255, 'batch': 254, 'batches': 255, 'time_value': 1410480000.0, 'group_batches': 1, 'history_edges': 61439, 'elapsed_sec': 109.95920068770647, 'cuda_allocated_mb': 120, 'cuda_reserved_mb': 1988, 'cuda_max_allocated_mb': 1757}
{'event': 'train_progress', 'epoch': 3, 'batch': 255, 'batches': 255, 'time_group': 255, 'time_groups': 255, 'history_edges': 61439, 'pos_edges': 321, 'neg_edges': 321, 'loss_recent': 77.97427949905395, 'elapsed_sec': 110.28896697238088, 'avg_sec_per_batch': 0.4325057528328662, 'cuda_allocated_mb': 132, 'cuda_reserved_mb': 1988, 'cuda_max_allocated_mb': 1757}
{'event': 'validation_start', 'epoch': 3}
{'event': 'validation_ranking_start', 'epoch': 3, 'max_edges': 100}
{'event': 'epoch_end', 'epoch': 3, 'early_stop_metric': 'val_composite', 'val_score': 0.5256007698547834, 'val_auc': 0.9163403252683517, 'val_ap': 0.6973654324088225, 'val_ndcg': 0.9502010449091297, 'val_mrr': 0.34031766847825895, 'val_hits@1': 0.245, 'val_hits@10': 0.55, 'val_hits@50': 0.76, 'val_hits@100': 0.78, 'elapsed_sec': 278.3669548071921}
{'event': 'epoch_start', 'epoch': 4, 'epochs': 24, 'batches': 255, 'time_groups': 255}
{'event': 'train_time_group', 'epoch': 4, 'time_group': 1, 'time_groups': 255, 'batch': 0, 'batches': 255, 'time_value': 1388534400.0, 'group_batches': 1, 'history_edges': 0, 'elapsed_sec': 0.05493641272187233, 'cuda_allocated_mb': 120, 'cuda_reserved_mb': 1988, 'cuda_max_allocated_mb': 1757}
{'event': 'train_progress', 'epoch': 4, 'batch': 1, 'batches': 255, 'time_group': 1, 'time_groups': 255, 'history_edges': 0, 'pos_edges': 113, 'neg_edges': 113, 'loss_recent': 72.0552978515625, 'elapsed_sec': 0.33112556859850883, 'avg_sec_per_batch': 0.33112556859850883, 'cuda_allocated_mb': 124, 'cuda_reserved_mb': 1988, 'cuda_max_allocated_mb': 1757}
{'event': 'train_progress', 'epoch': 4, 'batch': 100, 'batches': 255, 'time_group': 100, 'time_groups': 255, 'history_edges': 23816, 'pos_edges': 259, 'neg_edges': 259, 'loss_recent': 80.75003747940063, 'elapsed_sec': 41.96635419502854, 'avg_sec_per_batch': 0.41966354195028543, 'cuda_allocated_mb': 130, 'cuda_reserved_mb': 1988, 'cuda_max_allocated_mb': 1757}
{'event': 'train_progress', 'epoch': 4, 'batch': 200, 'batches': 255, 'time_group': 200, 'time_groups': 255, 'history_edges': 48751, 'pos_edges': 162, 'neg_edges': 162, 'loss_recent': 72.67821830749511, 'elapsed_sec': 86.6249984242022, 'avg_sec_per_batch': 0.433124992121011, 'cuda_allocated_mb': 127, 'cuda_reserved_mb': 1988, 'cuda_max_allocated_mb': 1757}
{'event': 'train_time_group', 'epoch': 4, 'time_group': 255, 'time_groups': 255, 'batch': 254, 'batches': 255, 'time_value': 1410480000.0, 'group_batches': 1, 'history_edges': 61439, 'elapsed_sec': 110.10353897884488, 'cuda_allocated_mb': 120, 'cuda_reserved_mb': 1988, 'cuda_max_allocated_mb': 1757}
{'event': 'train_progress', 'epoch': 4, 'batch': 255, 'batches': 255, 'time_group': 255, 'time_groups': 255, 'history_edges': 61439, 'pos_edges': 321, 'neg_edges': 321, 'loss_recent': 68.80282978057862, 'elapsed_sec': 110.4272156022489, 'avg_sec_per_batch': 0.43304790432254475, 'cuda_allocated_mb': 131, 'cuda_reserved_mb': 1988, 'cuda_max_allocated_mb': 1757}
{'event': 'validation_start', 'epoch': 4}
{'event': 'validation_ranking_start', 'epoch': 4, 'max_edges': 100}
{'event': 'epoch_end', 'epoch': 4, 'early_stop_metric': 'val_composite', 'val_score': 0.5323926062190276, 'val_auc': 0.9176830651731482, 'val_ap': 0.6982791540929731, 'val_ndcg': 0.950663703986479, 'val_mrr': 0.34940041889555273, 'val_hits@1': 0.265, 'val_hits@10': 0.56, 'val_hits@50': 0.755, 'val_hits@100': 0.805, 'elapsed_sec': 272.75266160443425}
{'event': 'epoch_start', 'epoch': 5, 'epochs': 24, 'batches': 255, 'time_groups': 255}
{'event': 'train_time_group', 'epoch': 5, 'time_group': 1, 'time_groups': 255, 'batch': 0, 'batches': 255, 'time_value': 1388534400.0, 'group_batches': 1, 'history_edges': 0, 'elapsed_sec': 0.04315660521388054, 'cuda_allocated_mb': 120, 'cuda_reserved_mb': 1988, 'cuda_max_allocated_mb': 1757}
{'event': 'train_progress', 'epoch': 5, 'batch': 1, 'batches': 255, 'time_group': 1, 'time_groups': 255, 'history_edges': 0, 'pos_edges': 113, 'neg_edges': 113, 'loss_recent': 82.39984130859375, 'elapsed_sec': 0.3455464132130146, 'avg_sec_per_batch': 0.3455464132130146, 'cuda_allocated_mb': 124, 'cuda_reserved_mb': 1988, 'cuda_max_allocated_mb': 1757}
{'event': 'train_progress', 'epoch': 5, 'batch': 100, 'batches': 255, 'time_group': 100, 'time_groups': 255, 'history_edges': 23816, 'pos_edges': 259, 'neg_edges': 259, 'loss_recent': 72.71039760589599, 'elapsed_sec': 40.97304913774133, 'avg_sec_per_batch': 0.4097304913774133, 'cuda_allocated_mb': 130, 'cuda_reserved_mb': 1988, 'cuda_max_allocated_mb': 1757}
{'event': 'train_progress', 'epoch': 5, 'batch': 200, 'batches': 255, 'time_group': 200, 'time_groups': 255, 'history_edges': 48751, 'pos_edges': 162, 'neg_edges': 162, 'loss_recent': 66.35268165588379, 'elapsed_sec': 85.6803582906723, 'avg_sec_per_batch': 0.4284017914533615, 'cuda_allocated_mb': 127, 'cuda_reserved_mb': 1988, 'cuda_max_allocated_mb': 1757}
{'event': 'train_time_group', 'epoch': 5, 'time_group': 255, 'time_groups': 255, 'batch': 254, 'batches': 255, 'time_value': 1410480000.0, 'group_batches': 1, 'history_edges': 61439, 'elapsed_sec': 109.05113376304507, 'cuda_allocated_mb': 120, 'cuda_reserved_mb': 1988, 'cuda_max_allocated_mb': 1757}
{'event': 'train_progress', 'epoch': 5, 'batch': 255, 'batches': 255, 'time_group': 255, 'time_groups': 255, 'history_edges': 61439, 'pos_edges': 321, 'neg_edges': 321, 'loss_recent': 63.43510501861572, 'elapsed_sec': 109.38539336249232, 'avg_sec_per_batch': 0.4289623269117346, 'cuda_allocated_mb': 132, 'cuda_reserved_mb': 1988, 'cuda_max_allocated_mb': 1757}
{'event': 'validation_start', 'epoch': 5}
{'event': 'validation_ranking_start', 'epoch': 5, 'max_edges': 100}
{'event': 'epoch_end', 'epoch': 5, 'early_stop_metric': 'val_composite', 'val_score': 0.5319447814837798, 'val_auc': 0.9142194534353418, 'val_ap': 0.6971135466113167, 'val_ndcg': 0.9500753197213515, 'val_mrr': 0.34531848969636014, 'val_hits@1': 0.25, 'val_hits@10': 0.57, 'val_hits@50': 0.76, 'val_hits@100': 0.805, 'elapsed_sec': 271.83510902523994}
{'event': 'epoch_start', 'epoch': 6, 'epochs': 24, 'batches': 255, 'time_groups': 255}
{'event': 'train_time_group', 'epoch': 6, 'time_group': 1, 'time_groups': 255, 'batch': 0, 'batches': 255, 'time_value': 1388534400.0, 'group_batches': 1, 'history_edges': 0, 'elapsed_sec': 0.04824913293123245, 'cuda_allocated_mb': 120, 'cuda_reserved_mb': 1988, 'cuda_max_allocated_mb': 1757}
{'event': 'train_progress', 'epoch': 6, 'batch': 1, 'batches': 255, 'time_group': 1, 'time_groups': 255, 'history_edges': 0, 'pos_edges': 113, 'neg_edges': 113, 'loss_recent': 93.88703918457031, 'elapsed_sec': 0.36236507818102837, 'avg_sec_per_batch': 0.36236507818102837, 'cuda_allocated_mb': 125, 'cuda_reserved_mb': 1988, 'cuda_max_allocated_mb': 1757}
{'event': 'train_progress', 'epoch': 6, 'batch': 100, 'batches': 255, 'time_group': 100, 'time_groups': 255, 'history_edges': 23816, 'pos_edges': 259, 'neg_edges': 259, 'loss_recent': 67.51531896591186, 'elapsed_sec': 42.734524603933096, 'avg_sec_per_batch': 0.42734524603933094, 'cuda_allocated_mb': 130, 'cuda_reserved_mb': 1988, 'cuda_max_allocated_mb': 1757}
{'event': 'train_progress', 'epoch': 6, 'batch': 200, 'batches': 255, 'time_group': 200, 'time_groups': 255, 'history_edges': 48751, 'pos_edges': 162, 'neg_edges': 162, 'loss_recent': 62.72705186843872, 'elapsed_sec': 87.85621954873204, 'avg_sec_per_batch': 0.4392810977436602, 'cuda_allocated_mb': 127, 'cuda_reserved_mb': 1988, 'cuda_max_allocated_mb': 1757}
{'event': 'train_time_group', 'epoch': 6, 'time_group': 255, 'time_groups': 255, 'batch': 254, 'batches': 255, 'time_value': 1410480000.0, 'group_batches': 1, 'history_edges': 61439, 'elapsed_sec': 111.5255261734128, 'cuda_allocated_mb': 120, 'cuda_reserved_mb': 1988, 'cuda_max_allocated_mb': 1757}
{'event': 'train_progress', 'epoch': 6, 'batch': 255, 'batches': 255, 'time_group': 255, 'time_groups': 255, 'history_edges': 61439, 'pos_edges': 321, 'neg_edges': 321, 'loss_recent': 60.332350730895996, 'elapsed_sec': 112.11371083185077, 'avg_sec_per_batch': 0.4396616111052971, 'cuda_allocated_mb': 132, 'cuda_reserved_mb': 1988, 'cuda_max_allocated_mb': 1757}
{'event': 'validation_start', 'epoch': 6}
{'event': 'validation_ranking_start', 'epoch': 6, 'max_edges': 100}
{'event': 'epoch_end', 'epoch': 6, 'early_stop_metric': 'val_composite', 'val_score': 0.5233335136875165, 'val_auc': 0.9145334608102071, 'val_ap': 0.696282039302153, 'val_ndcg': 0.9499907997609021, 'val_mrr': 0.33033090955118594, 'val_hits@1': 0.235, 'val_hits@10': 0.565, 'val_hits@50': 0.765, 'val_hits@100': 0.805, 'elapsed_sec': 278.84303138777614}
{'event': 'epoch_start', 'epoch': 7, 'epochs': 24, 'batches': 255, 'time_groups': 255}
{'event': 'train_time_group', 'epoch': 7, 'time_group': 1, 'time_groups': 255, 'batch': 0, 'batches': 255, 'time_value': 1388534400.0, 'group_batches': 1, 'history_edges': 0, 'elapsed_sec': 0.05912254750728607, 'cuda_allocated_mb': 120, 'cuda_reserved_mb': 1988, 'cuda_max_allocated_mb': 1757}
{'event': 'train_progress', 'epoch': 7, 'batch': 1, 'batches': 255, 'time_group': 1, 'time_groups': 255, 'history_edges': 0, 'pos_edges': 113, 'neg_edges': 113, 'loss_recent': 110.30885314941406, 'elapsed_sec': 0.36898568645119667, 'avg_sec_per_batch': 0.36898568645119667, 'cuda_allocated_mb': 124, 'cuda_reserved_mb': 1988, 'cuda_max_allocated_mb': 1757}
{'event': 'train_progress', 'epoch': 7, 'batch': 100, 'batches': 255, 'time_group': 100, 'time_groups': 255, 'history_edges': 23816, 'pos_edges': 259, 'neg_edges': 259, 'loss_recent': 64.03059562683106, 'elapsed_sec': 43.12948199734092, 'avg_sec_per_batch': 0.4312948199734092, 'cuda_allocated_mb': 130, 'cuda_reserved_mb': 1988, 'cuda_max_allocated_mb': 1757}
{'event': 'train_progress', 'epoch': 7, 'batch': 200, 'batches': 255, 'time_group': 200, 'time_groups': 255, 'history_edges': 48751, 'pos_edges': 162, 'neg_edges': 162, 'loss_recent': 60.716494445800784, 'elapsed_sec': 90.56688123941422, 'avg_sec_per_batch': 0.45283440619707105, 'cuda_allocated_mb': 127, 'cuda_reserved_mb': 1988, 'cuda_max_allocated_mb': 1757}
{'event': 'train_time_group', 'epoch': 7, 'time_group': 255, 'time_groups': 255, 'batch': 254, 'batches': 255, 'time_value': 1410480000.0, 'group_batches': 1, 'history_edges': 61439, 'elapsed_sec': 115.5903661288321, 'cuda_allocated_mb': 120, 'cuda_reserved_mb': 1988, 'cuda_max_allocated_mb': 1757}
{'event': 'train_progress', 'epoch': 7, 'batch': 255, 'batches': 255, 'time_group': 255, 'time_groups': 255, 'history_edges': 61439, 'pos_edges': 321, 'neg_edges': 321, 'loss_recent': 58.66196113586426, 'elapsed_sec': 116.15120453387499, 'avg_sec_per_batch': 0.45549491974068623, 'cuda_allocated_mb': 131, 'cuda_reserved_mb': 1988, 'cuda_max_allocated_mb': 1757}
{'event': 'validation_start', 'epoch': 7}
{'event': 'validation_ranking_start', 'epoch': 7, 'max_edges': 100}
{'event': 'epoch_end', 'epoch': 7, 'early_stop_metric': 'val_composite', 'val_score': 0.5184746802411508, 'val_auc': 0.9182014606695389, 'val_ap': 0.7011640888959081, 'val_ndcg': 0.9511378587745809, 'val_mrr': 0.3225524159916591, 'val_hits@1': 0.225, 'val_hits@10': 0.555, 'val_hits@50': 0.755, 'val_hits@100': 0.795, 'elapsed_sec': 296.0853747278452}
{'event': 'epoch_start', 'epoch': 8, 'epochs': 24, 'batches': 255, 'time_groups': 255}
{'event': 'train_time_group', 'epoch': 8, 'time_group': 1, 'time_groups': 255, 'batch': 0, 'batches': 255, 'time_value': 1388534400.0, 'group_batches': 1, 'history_edges': 0, 'elapsed_sec': 0.049659326672554016, 'cuda_allocated_mb': 120, 'cuda_reserved_mb': 1988, 'cuda_max_allocated_mb': 1757}
{'event': 'train_progress', 'epoch': 8, 'batch': 1, 'batches': 255, 'time_group': 1, 'time_groups': 255, 'history_edges': 0, 'pos_edges': 113, 'neg_edges': 113, 'loss_recent': 129.80813598632812, 'elapsed_sec': 0.3393338844180107, 'avg_sec_per_batch': 0.3393338844180107, 'cuda_allocated_mb': 124, 'cuda_reserved_mb': 1988, 'cuda_max_allocated_mb': 1757}
{'event': 'train_progress', 'epoch': 8, 'batch': 100, 'batches': 255, 'time_group': 100, 'time_groups': 255, 'history_edges': 23816, 'pos_edges': 259, 'neg_edges': 259, 'loss_recent': 61.81398498535156, 'elapsed_sec': 43.51692118123174, 'avg_sec_per_batch': 0.4351692118123174, 'cuda_allocated_mb': 130, 'cuda_reserved_mb': 1988, 'cuda_max_allocated_mb': 1757}
{'event': 'train_progress', 'epoch': 8, 'batch': 200, 'batches': 255, 'time_group': 200, 'time_groups': 255, 'history_edges': 48751, 'pos_edges': 162, 'neg_edges': 162, 'loss_recent': 59.576402282714845, 'elapsed_sec': 89.70776274055243, 'avg_sec_per_batch': 0.4485388137027621, 'cuda_allocated_mb': 127, 'cuda_reserved_mb': 1988, 'cuda_max_allocated_mb': 1757}
{'event': 'train_time_group', 'epoch': 8, 'time_group': 255, 'time_groups': 255, 'batch': 254, 'batches': 255, 'time_value': 1410480000.0, 'group_batches': 1, 'history_edges': 61439, 'elapsed_sec': 114.07039774954319, 'cuda_allocated_mb': 120, 'cuda_reserved_mb': 1988, 'cuda_max_allocated_mb': 1757}
{'event': 'train_progress', 'epoch': 8, 'batch': 255, 'batches': 255, 'time_group': 255, 'time_groups': 255, 'history_edges': 61439, 'pos_edges': 321, 'neg_edges': 321, 'loss_recent': 57.74369436264038, 'elapsed_sec': 114.63289909437299, 'avg_sec_per_batch': 0.449540780762247, 'cuda_allocated_mb': 131, 'cuda_reserved_mb': 1988, 'cuda_max_allocated_mb': 1757}
{'event': 'validation_start', 'epoch': 8}
{'event': 'validation_ranking_start', 'epoch': 8, 'max_edges': 100}
{'event': 'epoch_end', 'epoch': 8, 'early_stop_metric': 'val_composite', 'val_score': 0.530470903098063, 'val_auc': 0.9179844935573627, 'val_ap': 0.7037779061550935, 'val_ndcg': 0.9515131871066016, 'val_mrr': 0.33770734757254145, 'val_hits@1': 0.245, 'val_hits@10': 0.575, 'val_hits@50': 0.755, 'val_hits@100': 0.8, 'elapsed_sec': 282.043435882777}
{'event': 'epoch_start', 'epoch': 9, 'epochs': 24, 'batches': 255, 'time_groups': 255}
{'event': 'train_time_group', 'epoch': 9, 'time_group': 1, 'time_groups': 255, 'batch': 0, 'batches': 255, 'time_value': 1388534400.0, 'group_batches': 1, 'history_edges': 0, 'elapsed_sec': 0.04568078741431236, 'cuda_allocated_mb': 120, 'cuda_reserved_mb': 1988, 'cuda_max_allocated_mb': 1757}
{'event': 'train_progress', 'epoch': 9, 'batch': 1, 'batches': 255, 'time_group': 1, 'time_groups': 255, 'history_edges': 0, 'pos_edges': 113, 'neg_edges': 113, 'loss_recent': 152.26451110839844, 'elapsed_sec': 0.30862440913915634, 'avg_sec_per_batch': 0.30862440913915634, 'cuda_allocated_mb': 124, 'cuda_reserved_mb': 1988, 'cuda_max_allocated_mb': 1757}
{'event': 'train_progress', 'epoch': 9, 'batch': 100, 'batches': 255, 'time_group': 100, 'time_groups': 255, 'history_edges': 23816, 'pos_edges': 259, 'neg_edges': 259, 'loss_recent': 60.30992309570313, 'elapsed_sec': 43.60613942891359, 'avg_sec_per_batch': 0.43606139428913593, 'cuda_allocated_mb': 130, 'cuda_reserved_mb': 1988, 'cuda_max_allocated_mb': 1757}
{'event': 'train_progress', 'epoch': 9, 'batch': 200, 'batches': 255, 'time_group': 200, 'time_groups': 255, 'history_edges': 48751, 'pos_edges': 162, 'neg_edges': 162, 'loss_recent': 58.781866226196286, 'elapsed_sec': 89.8593805283308, 'avg_sec_per_batch': 0.449296902641654, 'cuda_allocated_mb': 127, 'cuda_reserved_mb': 1988, 'cuda_max_allocated_mb': 1757}
{'event': 'train_time_group', 'epoch': 9, 'time_group': 255, 'time_groups': 255, 'batch': 254, 'batches': 255, 'time_value': 1410480000.0, 'group_batches': 1, 'history_edges': 61439, 'elapsed_sec': 113.86773096770048, 'cuda_allocated_mb': 120, 'cuda_reserved_mb': 1988, 'cuda_max_allocated_mb': 1757}
{'event': 'train_progress', 'epoch': 9, 'batch': 255, 'batches': 255, 'time_group': 255, 'time_groups': 255, 'history_edges': 61439, 'pos_edges': 321, 'neg_edges': 321, 'loss_recent': 57.11929443359375, 'elapsed_sec': 114.25944191589952, 'avg_sec_per_batch': 0.44807624280744907, 'cuda_allocated_mb': 131, 'cuda_reserved_mb': 1988, 'cuda_max_allocated_mb': 1757}
{'event': 'validation_start', 'epoch': 9}
{'event': 'validation_ranking_start', 'epoch': 9, 'max_edges': 100}
{'event': 'epoch_end', 'epoch': 9, 'early_stop_metric': 'val_composite', 'val_score': 0.5287073625052894, 'val_auc': 0.9180306155837914, 'val_ap': 0.7048932776415665, 'val_ndcg': 0.9517074308891533, 'val_mrr': 0.3378021939818991, 'val_hits@1': 0.25, 'val_hits@10': 0.565, 'val_hits@50': 0.755, 'val_hits@100': 0.79, 'elapsed_sec': 286.7057100087404}
{'dataset': 'icews14', 'method': 'ssptgfm', 'scenario': 'standard', 'ablation': 'full', 'few_shot_ratio': 1.0, 'seed': 2, 'train_edges': 61760, 'val_edges': 14592, 'test_edges': 14378, 'params_trainable': 4627730, 'params_total': 4627743, 'rough_forward_flops': 4794548224, 'train_eval_time_sec': 3000.5332329645753, 'allocated_mb': 62.34765625, 'reserved_mb': 1988.0, 'max_allocated_mb': 1757.53515625, 'val_auc': 0.9176830651731482, 'val_ap': 0.6982791560673693, 'val_ndcg': 0.9506637052194554, 'val_mrr': 0.34940041889555273, 'val_hits@1': 0.265, 'val_hits@10': 0.56, 'val_hits@50': 0.755, 'val_hits@100': 0.805, 'train_loss': 74.25337819866105, 'train_lp': 0.3435381329527088, 'train_align': 1367.031663602941, 'train_kl': 11110.93010301777, 'train_ood_reg': 0.20307047127508648, 'train_meta': 0.32647616448355654, 'train_struct_aux': 0.9547145046439826, 'train_weighted_align': 68.3515843410118, 'train_weighted_kl': 5.5554653205123605, 'train_weighted_ood_reg': 0.00020307048124617295, 'train_weighted_meta': 0.001632380787757974, 'train_weighted_struct_aux': 0.0009547145506504047, 'train_rank': 0.1689987602917587, 'train_weighted_rank': 0.0001689987686119161, 'test_auc': 0.9309270251468599, 'test_ap': 0.7178468169750443, 'test_ndcg': 0.9554757579860441, 'test_mrr': 0.4310785511429771, 'test_hits@1': 0.324, 'test_hits@10': 0.644, 'test_hits@50': 0.8, 'test_hits@100': 0.842}
