runtime_device=cuda
cuda_device=Tesla V100-PCIE-32GB
{'event': 'seed_start', 'dataset': 'yago15k-temporal', 'ablation': 'full', 'seed': 2, 'device': 'cuda', 'node_text_device': 'cuda:0'}
{'event': 'train_seed_start', 'seed': 2, 'train_edges': 3244, 'val_edges': 6738, 'test_edges': 26719, 'num_nodes': 4197, 'num_relations': 19}
{'event': 'train_seed_tensors_ready', 'seed': 2, 'elapsed_sec': 0.006059959530830383, 'cuda_allocated_mb': 11, 'cuda_reserved_mb': 24, 'cuda_max_allocated_mb': 11}
{'event': 'train_known_facts_ready', 'seed': 2, 'scope': 'train', 'edges': 3244, 'elapsed_sec': 0.008200127631425858}
{'event': 'train_known_facts_ready', 'seed': 2, 'scope': 'train_val', 'edges': 9982, 'elapsed_sec': 0.009431034326553345}
{'event': 'train_sampler_ready', 'seed': 2, 'elapsed_sec': 0.015608597546815872}
{'event': 'val_sampler_ready', 'seed': 2, 'elapsed_sec': 0.019214026629924774}
{'event': 'epoch_start', 'epoch': 1, 'epochs': 24, 'batches': 118, 'time_groups': 118}
{'event': 'train_time_group', 'epoch': 1, 'time_group': 1, 'time_groups': 118, 'batch': 0, 'batches': 118, 'time_value': 600.0, 'group_batches': 1, 'history_edges': 0, 'elapsed_sec': 0.017420202493667603, 'cuda_allocated_mb': 11, 'cuda_reserved_mb': 24, 'cuda_max_allocated_mb': 11}
{'event': 'train_progress', 'epoch': 1, 'batch': 1, 'batches': 118, 'time_group': 1, 'time_groups': 118, 'history_edges': 0, 'pos_edges': 1, 'neg_edges': 1, 'loss_recent': 0.8087629079818726, 'elapsed_sec': 1.185701459646225, 'avg_sec_per_batch': 1.185701459646225, 'cuda_allocated_mb': 55, 'cuda_reserved_mb': 116, 'cuda_max_allocated_mb': 103}
{'event': 'train_progress', 'epoch': 1, 'batch': 100, 'batches': 118, 'time_group': 100, 'time_groups': 118, 'history_edges': 2144, 'pos_edges': 38, 'neg_edges': 38, 'loss_recent': 2.8887482848763466, 'elapsed_sec': 54.381552323699, 'avg_sec_per_batch': 0.54381552323699, 'cuda_allocated_mb': 64, 'cuda_reserved_mb': 1154, 'cuda_max_allocated_mb': 1063}
{'event': 'train_time_group', 'epoch': 1, 'time_group': 118, 'time_groups': 118, 'batch': 117, 'batches': 118, 'time_value': 1966.0, 'group_batches': 1, 'history_edges': 3153, 'elapsed_sec': 70.48327185958624, 'cuda_allocated_mb': 56, 'cuda_reserved_mb': 1194, 'cuda_max_allocated_mb': 1098}
{'event': 'train_progress', 'epoch': 1, 'batch': 118, 'batches': 118, 'time_group': 118, 'time_groups': 118, 'history_edges': 3153, 'pos_edges': 91, 'neg_edges': 91, 'loss_recent': 3.909932331740856, 'elapsed_sec': 71.56999538838863, 'avg_sec_per_batch': 0.6065253846473613, 'cuda_allocated_mb': 64, 'cuda_reserved_mb': 1194, 'cuda_max_allocated_mb': 1101}
{'event': 'validation_start', 'epoch': 1}
{'event': 'validation_ranking_start', 'epoch': 1, 'max_edges': 150}
{'event': 'epoch_end', 'epoch': 1, 'early_stop_metric': 'val_composite', 'val_score': 0.24212176628886564, 'val_auc': 0.604684065715015, 'val_ap': 0.13589381097174863, 'val_ndcg': 0.788911126823588, 'val_mrr': 0.1252247573499876, 'val_hits@1': 0.056666666666666664, 'val_hits@10': 0.25, 'val_hits@50': 0.5066666666666667, 'val_hits@100': 0.62, 'elapsed_sec': 148.7031197734177}
{'event': 'epoch_start', 'epoch': 2, 'epochs': 24, 'batches': 118, 'time_groups': 118}
{'event': 'train_time_group', 'epoch': 2, 'time_group': 1, 'time_groups': 118, 'batch': 0, 'batches': 118, 'time_value': 600.0, 'group_batches': 1, 'history_edges': 0, 'elapsed_sec': 0.0095159150660038, 'cuda_allocated_mb': 56, 'cuda_reserved_mb': 1220, 'cuda_max_allocated_mb': 1101}
{'event': 'train_progress', 'epoch': 2, 'batch': 1, 'batches': 118, 'time_group': 1, 'time_groups': 118, 'history_edges': 0, 'pos_edges': 1, 'neg_edges': 1, 'loss_recent': 0.812873363494873, 'elapsed_sec': 0.20467057824134827, 'avg_sec_per_batch': 0.20467057824134827, 'cuda_allocated_mb': 56, 'cuda_reserved_mb': 1220, 'cuda_max_allocated_mb': 1101}
{'event': 'train_progress', 'epoch': 2, 'batch': 100, 'batches': 118, 'time_group': 100, 'time_groups': 118, 'history_edges': 2144, 'pos_edges': 38, 'neg_edges': 38, 'loss_recent': 2.3905767023563387, 'elapsed_sec': 52.09275358170271, 'avg_sec_per_batch': 0.5209275358170271, 'cuda_allocated_mb': 64, 'cuda_reserved_mb': 1220, 'cuda_max_allocated_mb': 1101}
{'event': 'train_time_group', 'epoch': 2, 'time_group': 118, 'time_groups': 118, 'batch': 117, 'batches': 118, 'time_value': 1966.0, 'group_batches': 1, 'history_edges': 3153, 'elapsed_sec': 68.10999704152346, 'cuda_allocated_mb': 56, 'cuda_reserved_mb': 1220, 'cuda_max_allocated_mb': 1101}
{'event': 'train_progress', 'epoch': 2, 'batch': 118, 'batches': 118, 'time_group': 118, 'time_groups': 118, 'history_edges': 3153, 'pos_edges': 91, 'neg_edges': 91, 'loss_recent': 3.1393873608112335, 'elapsed_sec': 69.28850906342268, 'avg_sec_per_batch': 0.5871907547747685, 'cuda_allocated_mb': 64, 'cuda_reserved_mb': 1220, 'cuda_max_allocated_mb': 1101}
{'event': 'validation_start', 'epoch': 2}
{'event': 'validation_ranking_start', 'epoch': 2, 'max_edges': 150}
{'event': 'epoch_end', 'epoch': 2, 'early_stop_metric': 'val_composite', 'val_score': 0.24731531953351016, 'val_auc': 0.5962995833274964, 'val_ap': 0.13539838612519833, 'val_ndcg': 0.7893416612673477, 'val_mrr': 0.13117949930990824, 'val_hits@1': 0.06333333333333334, 'val_hits@10': 0.2633333333333333, 'val_hits@50': 0.52, 'val_hits@100': 0.63, 'elapsed_sec': 145.53257248923182}
{'event': 'epoch_start', 'epoch': 3, 'epochs': 24, 'batches': 118, 'time_groups': 118}
{'event': 'train_time_group', 'epoch': 3, 'time_group': 1, 'time_groups': 118, 'batch': 0, 'batches': 118, 'time_value': 600.0, 'group_batches': 1, 'history_edges': 0, 'elapsed_sec': 0.009708866477012634, 'cuda_allocated_mb': 56, 'cuda_reserved_mb': 1220, 'cuda_max_allocated_mb': 1101}
{'event': 'train_progress', 'epoch': 3, 'batch': 1, 'batches': 118, 'time_group': 1, 'time_groups': 118, 'history_edges': 0, 'pos_edges': 1, 'neg_edges': 1, 'loss_recent': 0.7028668522834778, 'elapsed_sec': 0.191205944865942, 'avg_sec_per_batch': 0.191205944865942, 'cuda_allocated_mb': 56, 'cuda_reserved_mb': 1220, 'cuda_max_allocated_mb': 1101}
{'event': 'train_progress', 'epoch': 3, 'batch': 100, 'batches': 118, 'time_group': 100, 'time_groups': 118, 'history_edges': 2144, 'pos_edges': 38, 'neg_edges': 38, 'loss_recent': 2.0593290503323076, 'elapsed_sec': 52.683843452483416, 'avg_sec_per_batch': 0.5268384345248341, 'cuda_allocated_mb': 64, 'cuda_reserved_mb': 1220, 'cuda_max_allocated_mb': 1101}
{'event': 'train_time_group', 'epoch': 3, 'time_group': 118, 'time_groups': 118, 'batch': 117, 'batches': 118, 'time_value': 1966.0, 'group_batches': 1, 'history_edges': 3153, 'elapsed_sec': 68.51350599527359, 'cuda_allocated_mb': 56, 'cuda_reserved_mb': 1220, 'cuda_max_allocated_mb': 1101}
{'event': 'train_progress', 'epoch': 3, 'batch': 118, 'batches': 118, 'time_group': 118, 'time_groups': 118, 'history_edges': 3153, 'pos_edges': 91, 'neg_edges': 91, 'loss_recent': 2.6161320120096208, 'elapsed_sec': 69.63915739953518, 'avg_sec_per_batch': 0.5901623508435184, 'cuda_allocated_mb': 63, 'cuda_reserved_mb': 1220, 'cuda_max_allocated_mb': 1101}
{'event': 'validation_start', 'epoch': 3}
{'event': 'validation_ranking_start', 'epoch': 3, 'max_edges': 150}
{'event': 'epoch_end', 'epoch': 3, 'early_stop_metric': 'val_composite', 'val_score': 0.2576376493389223, 'val_auc': 0.6031795551182049, 'val_ap': 0.139903420688589, 'val_ndcg': 0.7926155249543307, 'val_mrr': 0.13846321196858127, 'val_hits@1': 0.07, 'val_hits@10': 0.29, 'val_hits@50': 0.56, 'val_hits@100': 0.6633333333333333, 'elapsed_sec': 146.4625003002584}
{'event': 'epoch_start', 'epoch': 4, 'epochs': 24, 'batches': 118, 'time_groups': 118}
{'event': 'train_time_group', 'epoch': 4, 'time_group': 1, 'time_groups': 118, 'batch': 0, 'batches': 118, 'time_value': 600.0, 'group_batches': 1, 'history_edges': 0, 'elapsed_sec': 0.009227611124515533, 'cuda_allocated_mb': 56, 'cuda_reserved_mb': 1220, 'cuda_max_allocated_mb': 1101}
{'event': 'train_progress', 'epoch': 4, 'batch': 1, 'batches': 118, 'time_group': 1, 'time_groups': 118, 'history_edges': 0, 'pos_edges': 1, 'neg_edges': 1, 'loss_recent': 0.9165075421333313, 'elapsed_sec': 0.18689962476491928, 'avg_sec_per_batch': 0.18689962476491928, 'cuda_allocated_mb': 56, 'cuda_reserved_mb': 1220, 'cuda_max_allocated_mb': 1101}
{'event': 'train_progress', 'epoch': 4, 'batch': 100, 'batches': 118, 'time_group': 100, 'time_groups': 118, 'history_edges': 2144, 'pos_edges': 38, 'neg_edges': 38, 'loss_recent': 1.6889408350363373, 'elapsed_sec': 52.247417230159044, 'avg_sec_per_batch': 0.5224741723015904, 'cuda_allocated_mb': 64, 'cuda_reserved_mb': 1220, 'cuda_max_allocated_mb': 1101}
{'event': 'train_time_group', 'epoch': 4, 'time_group': 118, 'time_groups': 118, 'batch': 117, 'batches': 118, 'time_value': 1966.0, 'group_batches': 1, 'history_edges': 3153, 'elapsed_sec': 67.98545590043068, 'cuda_allocated_mb': 56, 'cuda_reserved_mb': 1220, 'cuda_max_allocated_mb': 1101}
{'event': 'train_progress', 'epoch': 4, 'batch': 118, 'batches': 118, 'time_group': 118, 'time_groups': 118, 'history_edges': 3153, 'pos_edges': 91, 'neg_edges': 91, 'loss_recent': 2.193613151498139, 'elapsed_sec': 69.21655159816146, 'avg_sec_per_batch': 0.586580945747131, 'cuda_allocated_mb': 64, 'cuda_reserved_mb': 1220, 'cuda_max_allocated_mb': 1101}
{'event': 'validation_start', 'epoch': 4}
{'event': 'validation_ranking_start', 'epoch': 4, 'max_edges': 150}
{'event': 'epoch_end', 'epoch': 4, 'early_stop_metric': 'val_composite', 'val_score': 0.26562930042352356, 'val_auc': 0.6057841250005176, 'val_ap': 0.14596963603939261, 'val_ndcg': 0.7981028760248876, 'val_mrr': 0.14060205566353334, 'val_hits@1': 0.07, 'val_hits@10': 0.31666666666666665, 'val_hits@50': 0.5533333333333333, 'val_hits@100': 0.6633333333333333, 'elapsed_sec': 146.70759838446975}
{'event': 'epoch_start', 'epoch': 5, 'epochs': 24, 'batches': 118, 'time_groups': 118}
{'event': 'train_time_group', 'epoch': 5, 'time_group': 1, 'time_groups': 118, 'batch': 0, 'batches': 118, 'time_value': 600.0, 'group_batches': 1, 'history_edges': 0, 'elapsed_sec': 0.01139078289270401, 'cuda_allocated_mb': 56, 'cuda_reserved_mb': 1220, 'cuda_max_allocated_mb': 1101}
{'event': 'train_progress', 'epoch': 5, 'batch': 1, 'batches': 118, 'time_group': 1, 'time_groups': 118, 'history_edges': 0, 'pos_edges': 1, 'neg_edges': 1, 'loss_recent': 0.6338146924972534, 'elapsed_sec': 0.1974899061024189, 'avg_sec_per_batch': 0.1974899061024189, 'cuda_allocated_mb': 56, 'cuda_reserved_mb': 1220, 'cuda_max_allocated_mb': 1101}
{'event': 'train_progress', 'epoch': 5, 'batch': 100, 'batches': 118, 'time_group': 100, 'time_groups': 118, 'history_edges': 2144, 'pos_edges': 38, 'neg_edges': 38, 'loss_recent': 1.6425548515841364, 'elapsed_sec': 52.72799181193113, 'avg_sec_per_batch': 0.5272799181193113, 'cuda_allocated_mb': 64, 'cuda_reserved_mb': 1220, 'cuda_max_allocated_mb': 1101}
{'event': 'train_time_group', 'epoch': 5, 'time_group': 118, 'time_groups': 118, 'batch': 117, 'batches': 118, 'time_value': 1966.0, 'group_batches': 1, 'history_edges': 3153, 'elapsed_sec': 68.58053525537252, 'cuda_allocated_mb': 56, 'cuda_reserved_mb': 1220, 'cuda_max_allocated_mb': 1101}
{'event': 'train_progress', 'epoch': 5, 'batch': 118, 'batches': 118, 'time_group': 118, 'time_groups': 118, 'history_edges': 3153, 'pos_edges': 91, 'neg_edges': 91, 'loss_recent': 2.0967427868768573, 'elapsed_sec': 69.41434529423714, 'avg_sec_per_batch': 0.5882571635104842, 'cuda_allocated_mb': 64, 'cuda_reserved_mb': 1220, 'cuda_max_allocated_mb': 1101}
{'event': 'validation_start', 'epoch': 5}
{'event': 'validation_ranking_start', 'epoch': 5, 'max_edges': 150}
{'event': 'epoch_end', 'epoch': 5, 'early_stop_metric': 'val_composite', 'val_score': 0.28136952327154363, 'val_auc': 0.5997235567847892, 'val_ap': 0.14768390741955695, 'val_ndcg': 0.801596203257245, 'val_mrr': 0.1501422779872922, 'val_hits@1': 0.07, 'val_hits@10': 0.37, 'val_hits@50': 0.53, 'val_hits@100': 0.6333333333333333, 'elapsed_sec': 150.50257120653987}
{'event': 'epoch_start', 'epoch': 6, 'epochs': 24, 'batches': 118, 'time_groups': 118}
{'event': 'train_time_group', 'epoch': 6, 'time_group': 1, 'time_groups': 118, 'batch': 0, 'batches': 118, 'time_value': 600.0, 'group_batches': 1, 'history_edges': 0, 'elapsed_sec': 0.009890072047710419, 'cuda_allocated_mb': 56, 'cuda_reserved_mb': 1220, 'cuda_max_allocated_mb': 1101}
{'event': 'train_progress', 'epoch': 6, 'batch': 1, 'batches': 118, 'time_group': 1, 'time_groups': 118, 'history_edges': 0, 'pos_edges': 1, 'neg_edges': 1, 'loss_recent': 0.7878759503364563, 'elapsed_sec': 0.2447032518684864, 'avg_sec_per_batch': 0.2447032518684864, 'cuda_allocated_mb': 56, 'cuda_reserved_mb': 1220, 'cuda_max_allocated_mb': 1101}
{'event': 'train_progress', 'epoch': 6, 'batch': 100, 'batches': 118, 'time_group': 100, 'time_groups': 118, 'history_edges': 2144, 'pos_edges': 38, 'neg_edges': 38, 'loss_recent': 1.521372670866549, 'elapsed_sec': 51.70768957212567, 'avg_sec_per_batch': 0.5170768957212567, 'cuda_allocated_mb': 64, 'cuda_reserved_mb': 1220, 'cuda_max_allocated_mb': 1101}
{'event': 'train_time_group', 'epoch': 6, 'time_group': 118, 'time_groups': 118, 'batch': 117, 'batches': 118, 'time_value': 1966.0, 'group_batches': 1, 'history_edges': 3153, 'elapsed_sec': 67.15624069422483, 'cuda_allocated_mb': 56, 'cuda_reserved_mb': 1220, 'cuda_max_allocated_mb': 1101}
{'event': 'train_progress', 'epoch': 6, 'batch': 118, 'batches': 118, 'time_group': 118, 'time_groups': 118, 'history_edges': 3153, 'pos_edges': 91, 'neg_edges': 91, 'loss_recent': 1.9946675268933176, 'elapsed_sec': 68.26362108066678, 'avg_sec_per_batch': 0.5785052633954811, 'cuda_allocated_mb': 64, 'cuda_reserved_mb': 1220, 'cuda_max_allocated_mb': 1101}
{'event': 'validation_start', 'epoch': 6}
{'event': 'validation_ranking_start', 'epoch': 6, 'max_edges': 150}
{'event': 'epoch_end', 'epoch': 6, 'early_stop_metric': 'val_composite', 'val_score': 0.29605052486898287, 'val_auc': 0.6039387778287901, 'val_ap': 0.14882072119539783, 'val_ndcg': 0.8013161568187929, 'val_mrr': 0.1641310575660421, 'val_hits@1': 0.07333333333333333, 'val_hits@10': 0.4066666666666667, 'val_hits@50': 0.5066666666666667, 'val_hits@100': 0.6266666666666667, 'elapsed_sec': 144.1367624476552}
{'event': 'epoch_start', 'epoch': 7, 'epochs': 24, 'batches': 118, 'time_groups': 118}
{'event': 'train_time_group', 'epoch': 7, 'time_group': 1, 'time_groups': 118, 'batch': 0, 'batches': 118, 'time_value': 600.0, 'group_batches': 1, 'history_edges': 0, 'elapsed_sec': 0.00999031588435173, 'cuda_allocated_mb': 56, 'cuda_reserved_mb': 1220, 'cuda_max_allocated_mb': 1101}
{'event': 'train_progress', 'epoch': 7, 'batch': 1, 'batches': 118, 'time_group': 1, 'time_groups': 118, 'history_edges': 0, 'pos_edges': 1, 'neg_edges': 1, 'loss_recent': 0.41626790165901184, 'elapsed_sec': 0.1958702877163887, 'avg_sec_per_batch': 0.1958702877163887, 'cuda_allocated_mb': 56, 'cuda_reserved_mb': 1220, 'cuda_max_allocated_mb': 1101}
{'event': 'train_progress', 'epoch': 7, 'batch': 100, 'batches': 118, 'time_group': 100, 'time_groups': 118, 'history_edges': 2144, 'pos_edges': 38, 'neg_edges': 38, 'loss_recent': 1.5035937076061965, 'elapsed_sec': 52.8367252536118, 'avg_sec_per_batch': 0.528367252536118, 'cuda_allocated_mb': 64, 'cuda_reserved_mb': 1220, 'cuda_max_allocated_mb': 1101}
{'event': 'train_time_group', 'epoch': 7, 'time_group': 118, 'time_groups': 118, 'batch': 117, 'batches': 118, 'time_value': 1966.0, 'group_batches': 1, 'history_edges': 3153, 'elapsed_sec': 68.8639245480299, 'cuda_allocated_mb': 56, 'cuda_reserved_mb': 1220, 'cuda_max_allocated_mb': 1101}
{'event': 'train_progress', 'epoch': 7, 'batch': 118, 'batches': 118, 'time_group': 118, 'time_groups': 118, 'history_edges': 3153, 'pos_edges': 91, 'neg_edges': 91, 'loss_recent': 1.8766871679201722, 'elapsed_sec': 70.19239956140518, 'avg_sec_per_batch': 0.5948508437407218, 'cuda_allocated_mb': 64, 'cuda_reserved_mb': 1220, 'cuda_max_allocated_mb': 1101}
{'event': 'validation_start', 'epoch': 7}
{'event': 'validation_ranking_start', 'epoch': 7, 'max_edges': 150}
{'event': 'epoch_end', 'epoch': 7, 'early_stop_metric': 'val_composite', 'val_score': 0.30177127814607235, 'val_auc': 0.6014059965757313, 'val_ap': 0.1485287316021408, 'val_ndcg': 0.8000421448947417, 'val_mrr': 0.17616824150831442, 'val_hits@1': 0.07666666666666666, 'val_hits@10': 0.4066666666666667, 'val_hits@50': 0.5066666666666667, 'val_hits@100': 0.5666666666666667, 'elapsed_sec': 146.1476355046034}
{'event': 'epoch_start', 'epoch': 8, 'epochs': 24, 'batches': 118, 'time_groups': 118}
{'event': 'train_time_group', 'epoch': 8, 'time_group': 1, 'time_groups': 118, 'batch': 0, 'batches': 118, 'time_value': 600.0, 'group_batches': 1, 'history_edges': 0, 'elapsed_sec': 0.009488731622695923, 'cuda_allocated_mb': 56, 'cuda_reserved_mb': 1220, 'cuda_max_allocated_mb': 1101}
{'event': 'train_progress', 'epoch': 8, 'batch': 1, 'batches': 118, 'time_group': 1, 'time_groups': 118, 'history_edges': 0, 'pos_edges': 1, 'neg_edges': 1, 'loss_recent': 0.37299129366874695, 'elapsed_sec': 0.19235637038946152, 'avg_sec_per_batch': 0.19235637038946152, 'cuda_allocated_mb': 56, 'cuda_reserved_mb': 1220, 'cuda_max_allocated_mb': 1101}
{'event': 'train_progress', 'epoch': 8, 'batch': 100, 'batches': 118, 'time_group': 100, 'time_groups': 118, 'history_edges': 2144, 'pos_edges': 38, 'neg_edges': 38, 'loss_recent': 1.3548160009272396, 'elapsed_sec': 52.8066414706409, 'avg_sec_per_batch': 0.528066414706409, 'cuda_allocated_mb': 64, 'cuda_reserved_mb': 1220, 'cuda_max_allocated_mb': 1101}
{'event': 'train_time_group', 'epoch': 8, 'time_group': 118, 'time_groups': 118, 'batch': 117, 'batches': 118, 'time_value': 1966.0, 'group_batches': 1, 'history_edges': 3153, 'elapsed_sec': 69.91756390035152, 'cuda_allocated_mb': 56, 'cuda_reserved_mb': 1220, 'cuda_max_allocated_mb': 1101}
{'event': 'train_progress', 'epoch': 8, 'batch': 118, 'batches': 118, 'time_group': 118, 'time_groups': 118, 'history_edges': 3153, 'pos_edges': 91, 'neg_edges': 91, 'loss_recent': 1.6905325991660356, 'elapsed_sec': 70.79279904440045, 'avg_sec_per_batch': 0.5999389749525462, 'cuda_allocated_mb': 64, 'cuda_reserved_mb': 1220, 'cuda_max_allocated_mb': 1101}
{'event': 'validation_start', 'epoch': 8}
{'event': 'validation_ranking_start', 'epoch': 8, 'max_edges': 150}
{'event': 'epoch_end', 'epoch': 8, 'early_stop_metric': 'val_composite', 'val_score': 0.3055915293246493, 'val_auc': 0.6041784109934653, 'val_ap': 0.14866424144648802, 'val_ndcg': 0.7999998879637387, 'val_mrr': 0.18483263418992452, 'val_hits@1': 0.08, 'val_hits@10': 0.4033333333333333, 'val_hits@50': 0.51, 'val_hits@100': 0.5833333333333334, 'elapsed_sec': 150.40615593269467}
{'event': 'epoch_start', 'epoch': 9, 'epochs': 24, 'batches': 118, 'time_groups': 118}
{'event': 'train_time_group', 'epoch': 9, 'time_group': 1, 'time_groups': 118, 'batch': 0, 'batches': 118, 'time_value': 600.0, 'group_batches': 1, 'history_edges': 0, 'elapsed_sec': 0.00847695767879486, 'cuda_allocated_mb': 56, 'cuda_reserved_mb': 1220, 'cuda_max_allocated_mb': 1101}
{'event': 'train_progress', 'epoch': 9, 'batch': 1, 'batches': 118, 'time_group': 1, 'time_groups': 118, 'history_edges': 0, 'pos_edges': 1, 'neg_edges': 1, 'loss_recent': 0.44539549946784973, 'elapsed_sec': 0.19722753390669823, 'avg_sec_per_batch': 0.19722753390669823, 'cuda_allocated_mb': 56, 'cuda_reserved_mb': 1220, 'cuda_max_allocated_mb': 1101}
{'event': 'train_progress', 'epoch': 9, 'batch': 100, 'batches': 118, 'time_group': 100, 'time_groups': 118, 'history_edges': 2144, 'pos_edges': 38, 'neg_edges': 38, 'loss_recent': 1.2034076321311296, 'elapsed_sec': 53.32171043381095, 'avg_sec_per_batch': 0.5332171043381095, 'cuda_allocated_mb': 64, 'cuda_reserved_mb': 1220, 'cuda_max_allocated_mb': 1101}
{'event': 'train_time_group', 'epoch': 9, 'time_group': 118, 'time_groups': 118, 'batch': 117, 'batches': 118, 'time_value': 1966.0, 'group_batches': 1, 'history_edges': 3153, 'elapsed_sec': 68.61508273333311, 'cuda_allocated_mb': 56, 'cuda_reserved_mb': 1220, 'cuda_max_allocated_mb': 1101}
{'event': 'train_progress', 'epoch': 9, 'batch': 118, 'batches': 118, 'time_group': 118, 'time_groups': 118, 'history_edges': 3153, 'pos_edges': 91, 'neg_edges': 91, 'loss_recent': 1.6151405604183673, 'elapsed_sec': 69.58379484713078, 'avg_sec_per_batch': 0.5896931766705998, 'cuda_allocated_mb': 64, 'cuda_reserved_mb': 1220, 'cuda_max_allocated_mb': 1101}
{'event': 'validation_start', 'epoch': 9}
{'event': 'validation_ranking_start', 'epoch': 9, 'max_edges': 150}
{'event': 'epoch_end', 'epoch': 9, 'early_stop_metric': 'val_composite', 'val_score': 0.3063144967147172, 'val_auc': 0.5945638149978665, 'val_ap': 0.15171793501264522, 'val_ndcg': 0.8043569046050049, 'val_mrr': 0.18678585050485325, 'val_hits@1': 0.07666666666666666, 'val_hits@10': 0.4, 'val_hits@50': 0.49, 'val_hits@100': 0.5466666666666666, 'elapsed_sec': 146.68001908808947}
{'event': 'epoch_start', 'epoch': 10, 'epochs': 24, 'batches': 118, 'time_groups': 118}
{'event': 'train_time_group', 'epoch': 10, 'time_group': 1, 'time_groups': 118, 'batch': 0, 'batches': 118, 'time_value': 600.0, 'group_batches': 1, 'history_edges': 0, 'elapsed_sec': 0.008853919804096222, 'cuda_allocated_mb': 56, 'cuda_reserved_mb': 1220, 'cuda_max_allocated_mb': 1101}
{'event': 'train_progress', 'epoch': 10, 'batch': 1, 'batches': 118, 'time_group': 1, 'time_groups': 118, 'history_edges': 0, 'pos_edges': 1, 'neg_edges': 1, 'loss_recent': 0.31801122426986694, 'elapsed_sec': 0.24248246103525162, 'avg_sec_per_batch': 0.24248246103525162, 'cuda_allocated_mb': 56, 'cuda_reserved_mb': 1220, 'cuda_max_allocated_mb': 1101}
{'event': 'train_progress', 'epoch': 10, 'batch': 100, 'batches': 118, 'time_group': 100, 'time_groups': 118, 'history_edges': 2144, 'pos_edges': 38, 'neg_edges': 38, 'loss_recent': 1.3098119652085005, 'elapsed_sec': 52.5628515817225, 'avg_sec_per_batch': 0.525628515817225, 'cuda_allocated_mb': 64, 'cuda_reserved_mb': 1220, 'cuda_max_allocated_mb': 1101}
{'event': 'train_time_group', 'epoch': 10, 'time_group': 118, 'time_groups': 118, 'batch': 117, 'batches': 118, 'time_value': 1966.0, 'group_batches': 1, 'history_edges': 3153, 'elapsed_sec': 69.25959095731378, 'cuda_allocated_mb': 56, 'cuda_reserved_mb': 1220, 'cuda_max_allocated_mb': 1101}
{'event': 'train_progress', 'epoch': 10, 'batch': 118, 'batches': 118, 'time_group': 118, 'time_groups': 118, 'history_edges': 3153, 'pos_edges': 91, 'neg_edges': 91, 'loss_recent': 1.6561047414131462, 'elapsed_sec': 70.47261222451925, 'avg_sec_per_batch': 0.5972255273264343, 'cuda_allocated_mb': 64, 'cuda_reserved_mb': 1220, 'cuda_max_allocated_mb': 1101}
{'event': 'validation_start', 'epoch': 10}
{'event': 'validation_ranking_start', 'epoch': 10, 'max_edges': 150}
{'event': 'epoch_end', 'epoch': 10, 'early_stop_metric': 'val_composite', 'val_score': 0.30917013972844337, 'val_auc': 0.5916026532575176, 'val_ap': 0.1507241820285132, 'val_ndcg': 0.8036600314995742, 'val_mrr': 0.19856408655599944, 'val_hits@1': 0.10333333333333333, 'val_hits@10': 0.38666666666666666, 'val_hits@50': 0.4766666666666667, 'val_hits@100': 0.53, 'elapsed_sec': 146.94501445442438}
{'event': 'epoch_start', 'epoch': 11, 'epochs': 24, 'batches': 118, 'time_groups': 118}
{'event': 'train_time_group', 'epoch': 11, 'time_group': 1, 'time_groups': 118, 'batch': 0, 'batches': 118, 'time_value': 600.0, 'group_batches': 1, 'history_edges': 0, 'elapsed_sec': 0.009388528764247894, 'cuda_allocated_mb': 56, 'cuda_reserved_mb': 1220, 'cuda_max_allocated_mb': 1101}
{'event': 'train_progress', 'epoch': 11, 'batch': 1, 'batches': 118, 'time_group': 1, 'time_groups': 118, 'history_edges': 0, 'pos_edges': 1, 'neg_edges': 1, 'loss_recent': 0.09554384648799896, 'elapsed_sec': 0.24640042334794998, 'avg_sec_per_batch': 0.24640042334794998, 'cuda_allocated_mb': 56, 'cuda_reserved_mb': 1220, 'cuda_max_allocated_mb': 1101}
{'event': 'train_progress', 'epoch': 11, 'batch': 100, 'batches': 118, 'time_group': 100, 'time_groups': 118, 'history_edges': 2144, 'pos_edges': 38, 'neg_edges': 38, 'loss_recent': 1.169993372987956, 'elapsed_sec': 46.98902637138963, 'avg_sec_per_batch': 0.46989026371389625, 'cuda_allocated_mb': 64, 'cuda_reserved_mb': 1220, 'cuda_max_allocated_mb': 1101}
{'event': 'train_time_group', 'epoch': 11, 'time_group': 118, 'time_groups': 118, 'batch': 117, 'batches': 118, 'time_value': 1966.0, 'group_batches': 1, 'history_edges': 3153, 'elapsed_sec': 60.822114791721106, 'cuda_allocated_mb': 56, 'cuda_reserved_mb': 1220, 'cuda_max_allocated_mb': 1101}
{'event': 'train_progress', 'epoch': 11, 'batch': 118, 'batches': 118, 'time_group': 118, 'time_groups': 118, 'history_edges': 3153, 'pos_edges': 91, 'neg_edges': 91, 'loss_recent': 1.5573808595724403, 'elapsed_sec': 61.686118230223656, 'avg_sec_per_batch': 0.5227637138154547, 'cuda_allocated_mb': 64, 'cuda_reserved_mb': 1220, 'cuda_max_allocated_mb': 1101}
{'event': 'validation_start', 'epoch': 11}
{'event': 'validation_ranking_start', 'epoch': 11, 'max_edges': 150}
{'event': 'epoch_end', 'epoch': 11, 'early_stop_metric': 'val_composite', 'val_score': 0.3100197963573341, 'val_auc': 0.5917148058516526, 'val_ap': 0.1489835306901103, 'val_ndcg': 0.802618832063742, 'val_mrr': 0.19698261984305485, 'val_hits@1': 0.09333333333333334, 'val_hits@10': 0.39666666666666667, 'val_hits@50': 0.45, 'val_hits@100': 0.51, 'elapsed_sec': 131.74116345122457}
{'event': 'epoch_start', 'epoch': 12, 'epochs': 24, 'batches': 118, 'time_groups': 118}
{'event': 'train_time_group', 'epoch': 12, 'time_group': 1, 'time_groups': 118, 'batch': 0, 'batches': 118, 'time_value': 600.0, 'group_batches': 1, 'history_edges': 0, 'elapsed_sec': 0.008703432977199554, 'cuda_allocated_mb': 56, 'cuda_reserved_mb': 1220, 'cuda_max_allocated_mb': 1101}
{'event': 'train_progress', 'epoch': 12, 'batch': 1, 'batches': 118, 'time_group': 1, 'time_groups': 118, 'history_edges': 0, 'pos_edges': 1, 'neg_edges': 1, 'loss_recent': 0.07700157910585403, 'elapsed_sec': 0.20232481136918068, 'avg_sec_per_batch': 0.20232481136918068, 'cuda_allocated_mb': 56, 'cuda_reserved_mb': 1220, 'cuda_max_allocated_mb': 1101}
{'event': 'train_progress', 'epoch': 12, 'batch': 100, 'batches': 118, 'time_group': 100, 'time_groups': 118, 'history_edges': 2144, 'pos_edges': 38, 'neg_edges': 38, 'loss_recent': 1.1404143445007504, 'elapsed_sec': 43.12026298418641, 'avg_sec_per_batch': 0.4312026298418641, 'cuda_allocated_mb': 64, 'cuda_reserved_mb': 1220, 'cuda_max_allocated_mb': 1101}
{'event': 'train_time_group', 'epoch': 12, 'time_group': 118, 'time_groups': 118, 'batch': 117, 'batches': 118, 'time_value': 1966.0, 'group_batches': 1, 'history_edges': 3153, 'elapsed_sec': 56.80929684266448, 'cuda_allocated_mb': 56, 'cuda_reserved_mb': 1220, 'cuda_max_allocated_mb': 1101}
{'event': 'train_progress', 'epoch': 12, 'batch': 118, 'batches': 118, 'time_group': 118, 'time_groups': 118, 'history_edges': 3153, 'pos_edges': 91, 'neg_edges': 91, 'loss_recent': 1.4774434350803494, 'elapsed_sec': 57.638685051351786, 'avg_sec_per_batch': 0.48846343263857445, 'cuda_allocated_mb': 63, 'cuda_reserved_mb': 1220, 'cuda_max_allocated_mb': 1101}
{'event': 'validation_start', 'epoch': 12}
{'event': 'validation_ranking_start', 'epoch': 12, 'max_edges': 150}
{'event': 'epoch_end', 'epoch': 12, 'early_stop_metric': 'val_composite', 'val_score': 0.30877522942871444, 'val_auc': 0.5889899237993188, 'val_ap': 0.1444254100620572, 'val_ndcg': 0.8000375450646459, 'val_mrr': 0.19664966777928403, 'val_hits@1': 0.09333333333333334, 'val_hits@10': 0.39666666666666667, 'val_hits@50': 0.44333333333333336, 'val_hits@100': 0.49, 'elapsed_sec': 127.63642324879766}
{'event': 'epoch_start', 'epoch': 13, 'epochs': 24, 'batches': 118, 'time_groups': 118}
{'event': 'train_time_group', 'epoch': 13, 'time_group': 1, 'time_groups': 118, 'batch': 0, 'batches': 118, 'time_value': 600.0, 'group_batches': 1, 'history_edges': 0, 'elapsed_sec': 0.009038951247930527, 'cuda_allocated_mb': 56, 'cuda_reserved_mb': 1220, 'cuda_max_allocated_mb': 1101}
{'event': 'train_progress', 'epoch': 13, 'batch': 1, 'batches': 118, 'time_group': 1, 'time_groups': 118, 'history_edges': 0, 'pos_edges': 1, 'neg_edges': 1, 'loss_recent': 0.14774587750434875, 'elapsed_sec': 0.23579229041934013, 'avg_sec_per_batch': 0.23579229041934013, 'cuda_allocated_mb': 56, 'cuda_reserved_mb': 1220, 'cuda_max_allocated_mb': 1101}
{'event': 'train_progress', 'epoch': 13, 'batch': 100, 'batches': 118, 'time_group': 100, 'time_groups': 118, 'history_edges': 2144, 'pos_edges': 38, 'neg_edges': 38, 'loss_recent': 1.0142968362383544, 'elapsed_sec': 51.094216872006655, 'avg_sec_per_batch': 0.5109421687200666, 'cuda_allocated_mb': 64, 'cuda_reserved_mb': 1220, 'cuda_max_allocated_mb': 1101}
{'event': 'train_time_group', 'epoch': 13, 'time_group': 118, 'time_groups': 118, 'batch': 117, 'batches': 118, 'time_value': 1966.0, 'group_batches': 1, 'history_edges': 3153, 'elapsed_sec': 66.84151161834598, 'cuda_allocated_mb': 56, 'cuda_reserved_mb': 1220, 'cuda_max_allocated_mb': 1101}
{'event': 'train_progress', 'epoch': 13, 'batch': 118, 'batches': 118, 'time_group': 118, 'time_groups': 118, 'history_edges': 3153, 'pos_edges': 91, 'neg_edges': 91, 'loss_recent': 1.425934937056154, 'elapsed_sec': 67.75793221592903, 'avg_sec_per_batch': 0.5742197645417715, 'cuda_allocated_mb': 64, 'cuda_reserved_mb': 1220, 'cuda_max_allocated_mb': 1101}
{'event': 'validation_start', 'epoch': 13}
{'event': 'validation_ranking_start', 'epoch': 13, 'max_edges': 150}
{'event': 'epoch_end', 'epoch': 13, 'early_stop_metric': 'val_composite', 'val_score': 0.3069569724138407, 'val_auc': 0.5828505285079215, 'val_ap': 0.13740999156352895, 'val_ndcg': 0.7957535902828197, 'val_mrr': 0.19792184311793326, 'val_hits@1': 0.09666666666666666, 'val_hits@10': 0.3933333333333333, 'val_hits@50': 0.45, 'val_hits@100': 0.49, 'elapsed_sec': 142.76121244952083}
{'event': 'epoch_start', 'epoch': 14, 'epochs': 24, 'batches': 118, 'time_groups': 118}
{'event': 'train_time_group', 'epoch': 14, 'time_group': 1, 'time_groups': 118, 'batch': 0, 'batches': 118, 'time_value': 600.0, 'group_batches': 1, 'history_edges': 0, 'elapsed_sec': 0.01205819845199585, 'cuda_allocated_mb': 56, 'cuda_reserved_mb': 1220, 'cuda_max_allocated_mb': 1101}
{'event': 'train_progress', 'epoch': 14, 'batch': 1, 'batches': 118, 'time_group': 1, 'time_groups': 118, 'history_edges': 0, 'pos_edges': 1, 'neg_edges': 1, 'loss_recent': 0.08039592951536179, 'elapsed_sec': 0.24917985126376152, 'avg_sec_per_batch': 0.24917985126376152, 'cuda_allocated_mb': 56, 'cuda_reserved_mb': 1220, 'cuda_max_allocated_mb': 1101}
{'event': 'train_progress', 'epoch': 14, 'batch': 100, 'batches': 118, 'time_group': 100, 'time_groups': 118, 'history_edges': 2144, 'pos_edges': 38, 'neg_edges': 38, 'loss_recent': 1.1180765325855464, 'elapsed_sec': 51.078464180231094, 'avg_sec_per_batch': 0.510784641802311, 'cuda_allocated_mb': 64, 'cuda_reserved_mb': 1220, 'cuda_max_allocated_mb': 1101}
{'event': 'train_time_group', 'epoch': 14, 'time_group': 118, 'time_groups': 118, 'batch': 117, 'batches': 118, 'time_value': 1966.0, 'group_batches': 1, 'history_edges': 3153, 'elapsed_sec': 67.01704696565866, 'cuda_allocated_mb': 56, 'cuda_reserved_mb': 1220, 'cuda_max_allocated_mb': 1101}
{'event': 'train_progress', 'epoch': 14, 'batch': 118, 'batches': 118, 'time_group': 118, 'time_groups': 118, 'history_edges': 3153, 'pos_edges': 91, 'neg_edges': 91, 'loss_recent': 1.3971932161971927, 'elapsed_sec': 68.00726035609841, 'avg_sec_per_batch': 0.57633271488219, 'cuda_allocated_mb': 64, 'cuda_reserved_mb': 1220, 'cuda_max_allocated_mb': 1101}
{'event': 'validation_start', 'epoch': 14}
{'event': 'validation_ranking_start', 'epoch': 14, 'max_edges': 150}
{'event': 'epoch_end', 'epoch': 14, 'early_stop_metric': 'val_composite', 'val_score': 0.31586332755858104, 'val_auc': 0.5804434965724274, 'val_ap': 0.14095139999678305, 'val_ndcg': 0.7976617132599408, 'val_mrr': 0.20786454280889624, 'val_hits@1': 0.09666666666666666, 'val_hits@10': 0.41, 'val_hits@50': 0.45666666666666667, 'val_hits@100': 0.49333333333333335, 'elapsed_sec': 141.65755229070783}
{'event': 'epoch_start', 'epoch': 15, 'epochs': 24, 'batches': 118, 'time_groups': 118}
{'event': 'train_time_group', 'epoch': 15, 'time_group': 1, 'time_groups': 118, 'batch': 0, 'batches': 118, 'time_value': 600.0, 'group_batches': 1, 'history_edges': 0, 'elapsed_sec': 0.009803052991628647, 'cuda_allocated_mb': 56, 'cuda_reserved_mb': 1220, 'cuda_max_allocated_mb': 1101}
{'event': 'train_progress', 'epoch': 15, 'batch': 1, 'batches': 118, 'time_group': 1, 'time_groups': 118, 'history_edges': 0, 'pos_edges': 1, 'neg_edges': 1, 'loss_recent': 0.0836670771241188, 'elapsed_sec': 0.1993309035897255, 'avg_sec_per_batch': 0.1993309035897255, 'cuda_allocated_mb': 56, 'cuda_reserved_mb': 1220, 'cuda_max_allocated_mb': 1101}
{'event': 'train_progress', 'epoch': 15, 'batch': 100, 'batches': 118, 'time_group': 100, 'time_groups': 118, 'history_edges': 2144, 'pos_edges': 38, 'neg_edges': 38, 'loss_recent': 1.044350107619539, 'elapsed_sec': 51.54083677008748, 'avg_sec_per_batch': 0.5154083677008748, 'cuda_allocated_mb': 64, 'cuda_reserved_mb': 1220, 'cuda_max_allocated_mb': 1101}
{'event': 'train_time_group', 'epoch': 15, 'time_group': 118, 'time_groups': 118, 'batch': 117, 'batches': 118, 'time_value': 1966.0, 'group_batches': 1, 'history_edges': 3153, 'elapsed_sec': 67.449693094939, 'cuda_allocated_mb': 56, 'cuda_reserved_mb': 1220, 'cuda_max_allocated_mb': 1101}
{'event': 'train_progress', 'epoch': 15, 'batch': 118, 'batches': 118, 'time_group': 118, 'time_groups': 118, 'history_edges': 3153, 'pos_edges': 91, 'neg_edges': 91, 'loss_recent': 1.381062840372324, 'elapsed_sec': 68.33909473568201, 'avg_sec_per_batch': 0.579144870641373, 'cuda_allocated_mb': 63, 'cuda_reserved_mb': 1220, 'cuda_max_allocated_mb': 1101}
{'event': 'validation_start', 'epoch': 15}
{'event': 'validation_ranking_start', 'epoch': 15, 'max_edges': 150}
{'event': 'epoch_end', 'epoch': 15, 'early_stop_metric': 'val_composite', 'val_score': 0.3150060875960775, 'val_auc': 0.5805569575180476, 'val_ap': 0.13834593382058744, 'val_ndcg': 0.7961651185028639, 'val_mrr': 0.21388634226026787, 'val_hits@1': 0.11, 'val_hits@10': 0.3933333333333333, 'val_hits@50': 0.4266666666666667, 'val_hits@100': 0.45666666666666667, 'elapsed_sec': 142.4820343479514}
{'event': 'epoch_start', 'epoch': 16, 'epochs': 24, 'batches': 118, 'time_groups': 118}
{'event': 'train_time_group', 'epoch': 16, 'time_group': 1, 'time_groups': 118, 'batch': 0, 'batches': 118, 'time_value': 600.0, 'group_batches': 1, 'history_edges': 0, 'elapsed_sec': 0.008899152278900146, 'cuda_allocated_mb': 56, 'cuda_reserved_mb': 1220, 'cuda_max_allocated_mb': 1101}
{'event': 'train_progress', 'epoch': 16, 'batch': 1, 'batches': 118, 'time_group': 1, 'time_groups': 118, 'history_edges': 0, 'pos_edges': 1, 'neg_edges': 1, 'loss_recent': 0.09009334444999695, 'elapsed_sec': 0.22801385074853897, 'avg_sec_per_batch': 0.22801385074853897, 'cuda_allocated_mb': 56, 'cuda_reserved_mb': 1220, 'cuda_max_allocated_mb': 1101}
{'event': 'train_progress', 'epoch': 16, 'batch': 100, 'batches': 118, 'time_group': 100, 'time_groups': 118, 'history_edges': 2144, 'pos_edges': 38, 'neg_edges': 38, 'loss_recent': 0.9923292425926775, 'elapsed_sec': 50.393378894776106, 'avg_sec_per_batch': 0.5039337889477611, 'cuda_allocated_mb': 64, 'cuda_reserved_mb': 1220, 'cuda_max_allocated_mb': 1101}
{'event': 'train_time_group', 'epoch': 16, 'time_group': 118, 'time_groups': 118, 'batch': 117, 'batches': 118, 'time_value': 1966.0, 'group_batches': 1, 'history_edges': 3153, 'elapsed_sec': 66.00142000615597, 'cuda_allocated_mb': 56, 'cuda_reserved_mb': 1220, 'cuda_max_allocated_mb': 1101}
{'event': 'train_progress', 'epoch': 16, 'batch': 118, 'batches': 118, 'time_group': 118, 'time_groups': 118, 'history_edges': 3153, 'pos_edges': 91, 'neg_edges': 91, 'loss_recent': 1.3074298481829465, 'elapsed_sec': 67.18451254069805, 'avg_sec_per_batch': 0.5693602757686276, 'cuda_allocated_mb': 64, 'cuda_reserved_mb': 1220, 'cuda_max_allocated_mb': 1101}
{'event': 'validation_start', 'epoch': 16}
{'event': 'validation_ranking_start', 'epoch': 16, 'max_edges': 150}
{'event': 'epoch_end', 'epoch': 16, 'early_stop_metric': 'val_composite', 'val_score': 0.30909915491324025, 'val_auc': 0.5743909348510563, 'val_ap': 0.13606826228054789, 'val_ndcg': 0.7945416273447661, 'val_mrr': 0.20769707885492392, 'val_hits@1': 0.10666666666666667, 'val_hits@10': 0.38333333333333336, 'val_hits@50': 0.43, 'val_hits@100': 0.4633333333333333, 'elapsed_sec': 142.83806905895472}
{'event': 'epoch_start', 'epoch': 17, 'epochs': 24, 'batches': 118, 'time_groups': 118}
{'event': 'train_time_group', 'epoch': 17, 'time_group': 1, 'time_groups': 118, 'batch': 0, 'batches': 118, 'time_value': 600.0, 'group_batches': 1, 'history_edges': 0, 'elapsed_sec': 0.008600283414125443, 'cuda_allocated_mb': 56, 'cuda_reserved_mb': 1220, 'cuda_max_allocated_mb': 1101}
{'event': 'train_progress', 'epoch': 17, 'batch': 1, 'batches': 118, 'time_group': 1, 'time_groups': 118, 'history_edges': 0, 'pos_edges': 1, 'neg_edges': 1, 'loss_recent': 0.6859129071235657, 'elapsed_sec': 0.19649817049503326, 'avg_sec_per_batch': 0.19649817049503326, 'cuda_allocated_mb': 56, 'cuda_reserved_mb': 1220, 'cuda_max_allocated_mb': 1101}
{'event': 'train_progress', 'epoch': 17, 'batch': 100, 'batches': 118, 'time_group': 100, 'time_groups': 118, 'history_edges': 2144, 'pos_edges': 38, 'neg_edges': 38, 'loss_recent': 1.1523497065715491, 'elapsed_sec': 50.97987623140216, 'avg_sec_per_batch': 0.5097987623140215, 'cuda_allocated_mb': 64, 'cuda_reserved_mb': 1220, 'cuda_max_allocated_mb': 1101}
{'event': 'train_time_group', 'epoch': 17, 'time_group': 118, 'time_groups': 118, 'batch': 117, 'batches': 118, 'time_value': 1966.0, 'group_batches': 1, 'history_edges': 3153, 'elapsed_sec': 66.66288750618696, 'cuda_allocated_mb': 56, 'cuda_reserved_mb': 1220, 'cuda_max_allocated_mb': 1101}
{'event': 'train_progress', 'epoch': 17, 'batch': 118, 'batches': 118, 'time_group': 118, 'time_groups': 118, 'history_edges': 3153, 'pos_edges': 91, 'neg_edges': 91, 'loss_recent': 1.4082668547704815, 'elapsed_sec': 67.86858309805393, 'avg_sec_per_batch': 0.575157483881813, 'cuda_allocated_mb': 63, 'cuda_reserved_mb': 1220, 'cuda_max_allocated_mb': 1101}
{'event': 'validation_start', 'epoch': 17}
{'event': 'validation_ranking_start', 'epoch': 17, 'max_edges': 150}
{'event': 'epoch_end', 'epoch': 17, 'early_stop_metric': 'val_composite', 'val_score': 0.312990513911372, 'val_auc': 0.5664214664003444, 'val_ap': 0.13109186524577934, 'val_ndcg': 0.7914242682644992, 'val_mrr': 0.21039313462274256, 'val_hits@1': 0.10666666666666667, 'val_hits@10': 0.4033333333333333, 'val_hits@50': 0.4266666666666667, 'val_hits@100': 0.4533333333333333, 'elapsed_sec': 141.93028150498867}
{'event': 'epoch_start', 'epoch': 18, 'epochs': 24, 'batches': 118, 'time_groups': 118}
{'event': 'train_time_group', 'epoch': 18, 'time_group': 1, 'time_groups': 118, 'batch': 0, 'batches': 118, 'time_value': 600.0, 'group_batches': 1, 'history_edges': 0, 'elapsed_sec': 0.008039835840463638, 'cuda_allocated_mb': 56, 'cuda_reserved_mb': 1220, 'cuda_max_allocated_mb': 1101}
{'event': 'train_progress', 'epoch': 18, 'batch': 1, 'batches': 118, 'time_group': 1, 'time_groups': 118, 'history_edges': 0, 'pos_edges': 1, 'neg_edges': 1, 'loss_recent': 1.5602526664733887, 'elapsed_sec': 0.2304827868938446, 'avg_sec_per_batch': 0.2304827868938446, 'cuda_allocated_mb': 56, 'cuda_reserved_mb': 1220, 'cuda_max_allocated_mb': 1101}
{'event': 'train_progress', 'epoch': 18, 'batch': 100, 'batches': 118, 'time_group': 100, 'time_groups': 118, 'history_edges': 2144, 'pos_edges': 38, 'neg_edges': 38, 'loss_recent': 1.008691193703562, 'elapsed_sec': 50.810424260795116, 'avg_sec_per_batch': 0.5081042426079512, 'cuda_allocated_mb': 64, 'cuda_reserved_mb': 1220, 'cuda_max_allocated_mb': 1101}
{'event': 'train_time_group', 'epoch': 18, 'time_group': 118, 'time_groups': 118, 'batch': 117, 'batches': 118, 'time_value': 1966.0, 'group_batches': 1, 'history_edges': 3153, 'elapsed_sec': 66.43114491179585, 'cuda_allocated_mb': 56, 'cuda_reserved_mb': 1220, 'cuda_max_allocated_mb': 1101}
{'event': 'train_progress', 'epoch': 18, 'batch': 118, 'batches': 118, 'time_group': 118, 'time_groups': 118, 'history_edges': 3153, 'pos_edges': 91, 'neg_edges': 91, 'loss_recent': 1.2892416243255138, 'elapsed_sec': 67.53521683067083, 'avg_sec_per_batch': 0.5723323460226342, 'cuda_allocated_mb': 63, 'cuda_reserved_mb': 1220, 'cuda_max_allocated_mb': 1101}
{'event': 'validation_start', 'epoch': 18}
{'event': 'validation_ranking_start', 'epoch': 18, 'max_edges': 150}
{'event': 'epoch_end', 'epoch': 18, 'early_stop_metric': 'val_composite', 'val_score': 0.3162627336078059, 'val_auc': 0.5724944958930539, 'val_ap': 0.13832330218082517, 'val_ndcg': 0.79620411406234, 'val_mrr': 0.21320487082625747, 'val_hits@1': 0.11, 'val_hits@10': 0.4033333333333333, 'val_hits@50': 0.45666666666666667, 'val_hits@100': 0.5033333333333333, 'elapsed_sec': 141.50335778295994}
{'event': 'epoch_start', 'epoch': 19, 'epochs': 24, 'batches': 118, 'time_groups': 118}
{'event': 'train_time_group', 'epoch': 19, 'time_group': 1, 'time_groups': 118, 'batch': 0, 'batches': 118, 'time_value': 600.0, 'group_batches': 1, 'history_edges': 0, 'elapsed_sec': 0.008159644901752472, 'cuda_allocated_mb': 56, 'cuda_reserved_mb': 1220, 'cuda_max_allocated_mb': 1101}
{'event': 'train_progress', 'epoch': 19, 'batch': 1, 'batches': 118, 'time_group': 1, 'time_groups': 118, 'history_edges': 0, 'pos_edges': 1, 'neg_edges': 1, 'loss_recent': 1.1598080396652222, 'elapsed_sec': 0.23458398133516312, 'avg_sec_per_batch': 0.23458398133516312, 'cuda_allocated_mb': 56, 'cuda_reserved_mb': 1220, 'cuda_max_allocated_mb': 1101}
{'event': 'train_progress', 'epoch': 19, 'batch': 100, 'batches': 118, 'time_group': 100, 'time_groups': 118, 'history_edges': 2144, 'pos_edges': 38, 'neg_edges': 38, 'loss_recent': 1.0912968027684837, 'elapsed_sec': 50.45718612894416, 'avg_sec_per_batch': 0.5045718612894415, 'cuda_allocated_mb': 64, 'cuda_reserved_mb': 1220, 'cuda_max_allocated_mb': 1101}
{'event': 'train_time_group', 'epoch': 19, 'time_group': 118, 'time_groups': 118, 'batch': 117, 'batches': 118, 'time_value': 1966.0, 'group_batches': 1, 'history_edges': 3153, 'elapsed_sec': 66.05028809607029, 'cuda_allocated_mb': 56, 'cuda_reserved_mb': 1220, 'cuda_max_allocated_mb': 1101}
{'event': 'train_progress', 'epoch': 19, 'batch': 118, 'batches': 118, 'time_group': 118, 'time_groups': 118, 'history_edges': 3153, 'pos_edges': 91, 'neg_edges': 91, 'loss_recent': 1.3535718228202314, 'elapsed_sec': 67.1919605024159, 'avg_sec_per_batch': 0.5694233940882703, 'cuda_allocated_mb': 64, 'cuda_reserved_mb': 1220, 'cuda_max_allocated_mb': 1101}
{'event': 'validation_start', 'epoch': 19}
{'event': 'validation_ranking_start', 'epoch': 19, 'max_edges': 150}
{'event': 'epoch_end', 'epoch': 19, 'early_stop_metric': 'val_composite', 'val_score': 0.312065335693901, 'val_auc': 0.5833995779883652, 'val_ap': 0.14315177070957064, 'val_ndcg': 0.7991014920970376, 'val_mrr': 0.2016915506233534, 'val_hits@1': 0.09666666666666666, 'val_hits@10': 0.4033333333333333, 'val_hits@50': 0.47333333333333333, 'val_hits@100': 0.49333333333333335, 'elapsed_sec': 141.31974758580327}
{'event': 'epoch_start', 'epoch': 20, 'epochs': 24, 'batches': 118, 'time_groups': 118}
{'event': 'train_time_group', 'epoch': 20, 'time_group': 1, 'time_groups': 118, 'batch': 0, 'batches': 118, 'time_value': 600.0, 'group_batches': 1, 'history_edges': 0, 'elapsed_sec': 0.009306352585554123, 'cuda_allocated_mb': 56, 'cuda_reserved_mb': 1220, 'cuda_max_allocated_mb': 1101}
{'event': 'train_progress', 'epoch': 20, 'batch': 1, 'batches': 118, 'time_group': 1, 'time_groups': 118, 'history_edges': 0, 'pos_edges': 1, 'neg_edges': 1, 'loss_recent': 0.09964335709810257, 'elapsed_sec': 0.24057483673095703, 'avg_sec_per_batch': 0.24057483673095703, 'cuda_allocated_mb': 56, 'cuda_reserved_mb': 1220, 'cuda_max_allocated_mb': 1101}
{'event': 'train_progress', 'epoch': 20, 'batch': 100, 'batches': 118, 'time_group': 100, 'time_groups': 118, 'history_edges': 2144, 'pos_edges': 38, 'neg_edges': 38, 'loss_recent': 0.994620900945738, 'elapsed_sec': 50.80566318333149, 'avg_sec_per_batch': 0.5080566318333148, 'cuda_allocated_mb': 64, 'cuda_reserved_mb': 1220, 'cuda_max_allocated_mb': 1101}
{'event': 'train_time_group', 'epoch': 20, 'time_group': 118, 'time_groups': 118, 'batch': 117, 'batches': 118, 'time_value': 1966.0, 'group_batches': 1, 'history_edges': 3153, 'elapsed_sec': 66.52329636365175, 'cuda_allocated_mb': 56, 'cuda_reserved_mb': 1220, 'cuda_max_allocated_mb': 1101}
{'event': 'train_progress', 'epoch': 20, 'batch': 118, 'batches': 118, 'time_group': 118, 'time_groups': 118, 'history_edges': 3153, 'pos_edges': 91, 'neg_edges': 91, 'loss_recent': 1.3275887200795113, 'elapsed_sec': 67.56442358717322, 'avg_sec_per_batch': 0.5725798609082476, 'cuda_allocated_mb': 64, 'cuda_reserved_mb': 1220, 'cuda_max_allocated_mb': 1101}
{'event': 'validation_start', 'epoch': 20}
{'event': 'validation_ranking_start', 'epoch': 20, 'max_edges': 150}
{'event': 'epoch_end', 'epoch': 20, 'early_stop_metric': 'val_composite', 'val_score': 0.30849112329484124, 'val_auc': 0.576835635855738, 'val_ap': 0.1411770664392844, 'val_ndcg': 0.7980868518208457, 'val_mrr': 0.20132819270815414, 'val_hits@1': 0.1, 'val_hits@10': 0.39, 'val_hits@50': 0.4533333333333333, 'val_hits@100': 0.49666666666666665, 'elapsed_sec': 142.48718990013003}
{'event': 'epoch_start', 'epoch': 21, 'epochs': 24, 'batches': 118, 'time_groups': 118}
{'event': 'train_time_group', 'epoch': 21, 'time_group': 1, 'time_groups': 118, 'batch': 0, 'batches': 118, 'time_value': 600.0, 'group_batches': 1, 'history_edges': 0, 'elapsed_sec': 0.007993746548891068, 'cuda_allocated_mb': 56, 'cuda_reserved_mb': 1220, 'cuda_max_allocated_mb': 1101}
{'event': 'train_progress', 'epoch': 21, 'batch': 1, 'batches': 118, 'time_group': 1, 'time_groups': 118, 'history_edges': 0, 'pos_edges': 1, 'neg_edges': 1, 'loss_recent': 0.08841365575790405, 'elapsed_sec': 0.2317998670041561, 'avg_sec_per_batch': 0.2317998670041561, 'cuda_allocated_mb': 56, 'cuda_reserved_mb': 1220, 'cuda_max_allocated_mb': 1101}
{'event': 'train_progress', 'epoch': 21, 'batch': 100, 'batches': 118, 'time_group': 100, 'time_groups': 118, 'history_edges': 2144, 'pos_edges': 38, 'neg_edges': 38, 'loss_recent': 1.047052969839424, 'elapsed_sec': 49.97208580747247, 'avg_sec_per_batch': 0.49972085807472466, 'cuda_allocated_mb': 64, 'cuda_reserved_mb': 1220, 'cuda_max_allocated_mb': 1101}
{'event': 'train_time_group', 'epoch': 21, 'time_group': 118, 'time_groups': 118, 'batch': 117, 'batches': 118, 'time_value': 1966.0, 'group_batches': 1, 'history_edges': 3153, 'elapsed_sec': 65.32399275898933, 'cuda_allocated_mb': 56, 'cuda_reserved_mb': 1220, 'cuda_max_allocated_mb': 1101}
{'event': 'train_progress', 'epoch': 21, 'batch': 118, 'batches': 118, 'time_group': 118, 'time_groups': 118, 'history_edges': 3153, 'pos_edges': 91, 'neg_edges': 91, 'loss_recent': 1.3370104020275175, 'elapsed_sec': 66.59806467592716, 'avg_sec_per_batch': 0.5643903786095522, 'cuda_allocated_mb': 64, 'cuda_reserved_mb': 1220, 'cuda_max_allocated_mb': 1101}
{'event': 'validation_start', 'epoch': 21}
{'event': 'validation_ranking_start', 'epoch': 21, 'max_edges': 150}
{'event': 'epoch_end', 'epoch': 21, 'early_stop_metric': 'val_composite', 'val_score': 0.317242197240336, 'val_auc': 0.5765223561586483, 'val_ap': 0.1403823420835003, 'val_ndcg': 0.7977826063065867, 'val_mrr': 0.21382760164510628, 'val_hits@1': 0.11, 'val_hits@10': 0.4033333333333333, 'val_hits@50': 0.47, 'val_hits@100': 0.5, 'elapsed_sec': 140.3548580929637}
{'event': 'epoch_start', 'epoch': 22, 'epochs': 24, 'batches': 118, 'time_groups': 118}
{'event': 'train_time_group', 'epoch': 22, 'time_group': 1, 'time_groups': 118, 'batch': 0, 'batches': 118, 'time_value': 600.0, 'group_batches': 1, 'history_edges': 0, 'elapsed_sec': 0.008801762014627457, 'cuda_allocated_mb': 56, 'cuda_reserved_mb': 1220, 'cuda_max_allocated_mb': 1101}
{'event': 'train_progress', 'epoch': 22, 'batch': 1, 'batches': 118, 'time_group': 1, 'time_groups': 118, 'history_edges': 0, 'pos_edges': 1, 'neg_edges': 1, 'loss_recent': 1.6994636058807373, 'elapsed_sec': 0.20156152173876762, 'avg_sec_per_batch': 0.20156152173876762, 'cuda_allocated_mb': 56, 'cuda_reserved_mb': 1220, 'cuda_max_allocated_mb': 1101}
{'event': 'train_progress', 'epoch': 22, 'batch': 100, 'batches': 118, 'time_group': 100, 'time_groups': 118, 'history_edges': 2144, 'pos_edges': 38, 'neg_edges': 38, 'loss_recent': 1.0102971575129778, 'elapsed_sec': 50.77875955030322, 'avg_sec_per_batch': 0.5077875955030322, 'cuda_allocated_mb': 64, 'cuda_reserved_mb': 1220, 'cuda_max_allocated_mb': 1101}
{'event': 'train_time_group', 'epoch': 22, 'time_group': 118, 'time_groups': 118, 'batch': 117, 'batches': 118, 'time_value': 1966.0, 'group_batches': 1, 'history_edges': 3153, 'elapsed_sec': 66.0280131585896, 'cuda_allocated_mb': 56, 'cuda_reserved_mb': 1220, 'cuda_max_allocated_mb': 1101}
{'event': 'train_progress', 'epoch': 22, 'batch': 118, 'batches': 118, 'time_group': 118, 'time_groups': 118, 'history_edges': 3153, 'pos_edges': 91, 'neg_edges': 91, 'loss_recent': 1.2977603150345385, 'elapsed_sec': 67.1950998455286, 'avg_sec_per_batch': 0.5694499986909204, 'cuda_allocated_mb': 63, 'cuda_reserved_mb': 1220, 'cuda_max_allocated_mb': 1101}
{'event': 'validation_start', 'epoch': 22}
{'event': 'validation_ranking_start', 'epoch': 22, 'max_edges': 150}
{'event': 'epoch_end', 'epoch': 22, 'early_stop_metric': 'val_composite', 'val_score': 0.32037584385825785, 'val_auc': 0.5783734290200817, 'val_ap': 0.1407671730512314, 'val_ndcg': 0.7980891227251216, 'val_mrr': 0.21706636835411378, 'val_hits@1': 0.11, 'val_hits@10': 0.41, 'val_hits@50': 0.47, 'val_hits@100': 0.5, 'elapsed_sec': 141.98944222554564}
{'event': 'epoch_start', 'epoch': 23, 'epochs': 24, 'batches': 118, 'time_groups': 118}
{'event': 'train_time_group', 'epoch': 23, 'time_group': 1, 'time_groups': 118, 'batch': 0, 'batches': 118, 'time_value': 600.0, 'group_batches': 1, 'history_edges': 0, 'elapsed_sec': 0.007919587194919586, 'cuda_allocated_mb': 56, 'cuda_reserved_mb': 1220, 'cuda_max_allocated_mb': 1101}
{'event': 'train_progress', 'epoch': 23, 'batch': 1, 'batches': 118, 'time_group': 1, 'time_groups': 118, 'history_edges': 0, 'pos_edges': 1, 'neg_edges': 1, 'loss_recent': 0.20476266741752625, 'elapsed_sec': 0.22370083257555962, 'avg_sec_per_batch': 0.22370083257555962, 'cuda_allocated_mb': 56, 'cuda_reserved_mb': 1220, 'cuda_max_allocated_mb': 1101}
{'event': 'train_progress', 'epoch': 23, 'batch': 100, 'batches': 118, 'time_group': 100, 'time_groups': 118, 'history_edges': 2144, 'pos_edges': 38, 'neg_edges': 38, 'loss_recent': 1.1355591457057743, 'elapsed_sec': 51.19494112953544, 'avg_sec_per_batch': 0.5119494112953543, 'cuda_allocated_mb': 64, 'cuda_reserved_mb': 1220, 'cuda_max_allocated_mb': 1101}
{'event': 'train_time_group', 'epoch': 23, 'time_group': 118, 'time_groups': 118, 'batch': 117, 'batches': 118, 'time_value': 1966.0, 'group_batches': 1, 'history_edges': 3153, 'elapsed_sec': 67.06634886190295, 'cuda_allocated_mb': 56, 'cuda_reserved_mb': 1220, 'cuda_max_allocated_mb': 1101}
{'event': 'train_progress', 'epoch': 23, 'batch': 118, 'batches': 118, 'time_group': 118, 'time_groups': 118, 'history_edges': 3153, 'pos_edges': 91, 'neg_edges': 91, 'loss_recent': 1.453032436966896, 'elapsed_sec': 68.32162563875318, 'avg_sec_per_batch': 0.5789968274470608, 'cuda_allocated_mb': 64, 'cuda_reserved_mb': 1220, 'cuda_max_allocated_mb': 1101}
{'event': 'validation_start', 'epoch': 23}
{'event': 'validation_ranking_start', 'epoch': 23, 'max_edges': 150}
{'event': 'epoch_end', 'epoch': 23, 'early_stop_metric': 'val_composite', 'val_score': 0.31252322175725467, 'val_auc': 0.5813272857979723, 'val_ap': 0.14348806302140404, 'val_ndcg': 0.7995121850305338, 'val_mrr': 0.20663152568885076, 'val_hits@1': 0.10666666666666667, 'val_hits@10': 0.3933333333333333, 'val_hits@50': 0.45666666666666667, 'val_hits@100': 0.5066666666666667, 'elapsed_sec': 142.73237304016948}
{'event': 'epoch_start', 'epoch': 24, 'epochs': 24, 'batches': 118, 'time_groups': 118}
{'event': 'train_time_group', 'epoch': 24, 'time_group': 1, 'time_groups': 118, 'batch': 0, 'batches': 118, 'time_value': 600.0, 'group_batches': 1, 'history_edges': 0, 'elapsed_sec': 0.00835065171122551, 'cuda_allocated_mb': 56, 'cuda_reserved_mb': 1220, 'cuda_max_allocated_mb': 1101}
{'event': 'train_progress', 'epoch': 24, 'batch': 1, 'batches': 118, 'time_group': 1, 'time_groups': 118, 'history_edges': 0, 'pos_edges': 1, 'neg_edges': 1, 'loss_recent': 0.10543224215507507, 'elapsed_sec': 0.20752443745732307, 'avg_sec_per_batch': 0.20752443745732307, 'cuda_allocated_mb': 56, 'cuda_reserved_mb': 1220, 'cuda_max_allocated_mb': 1101}
{'event': 'train_progress', 'epoch': 24, 'batch': 100, 'batches': 118, 'time_group': 100, 'time_groups': 118, 'history_edges': 2144, 'pos_edges': 38, 'neg_edges': 38, 'loss_recent': 1.0250042071659118, 'elapsed_sec': 49.832903213799, 'avg_sec_per_batch': 0.49832903213799, 'cuda_allocated_mb': 64, 'cuda_reserved_mb': 1220, 'cuda_max_allocated_mb': 1101}
{'event': 'train_time_group', 'epoch': 24, 'time_group': 118, 'time_groups': 118, 'batch': 117, 'batches': 118, 'time_value': 1966.0, 'group_batches': 1, 'history_edges': 3153, 'elapsed_sec': 64.69008990749717, 'cuda_allocated_mb': 56, 'cuda_reserved_mb': 1220, 'cuda_max_allocated_mb': 1101}
{'event': 'train_progress', 'epoch': 24, 'batch': 118, 'batches': 118, 'time_group': 118, 'time_groups': 118, 'history_edges': 3153, 'pos_edges': 91, 'neg_edges': 91, 'loss_recent': 1.2801585797313602, 'elapsed_sec': 65.57845894619823, 'avg_sec_per_batch': 0.5557496520864257, 'cuda_allocated_mb': 64, 'cuda_reserved_mb': 1220, 'cuda_max_allocated_mb': 1101}
{'event': 'validation_start', 'epoch': 24}
{'event': 'validation_ranking_start', 'epoch': 24, 'max_edges': 150}
{'event': 'epoch_end', 'epoch': 24, 'early_stop_metric': 'val_composite', 'val_score': 0.31819144473253924, 'val_auc': 0.5864107434246968, 'val_ap': 0.1455149803816874, 'val_ndcg': 0.8008186088095798, 'val_mrr': 0.20725693257952, 'val_hits@1': 0.09666666666666666, 'val_hits@10': 0.4166666666666667, 'val_hits@50': 0.46, 'val_hits@100': 0.5066666666666667, 'elapsed_sec': 139.60100729763508}
{'dataset': 'yago15k-temporal', 'method': 'ssptgfm', 'scenario': 'standard', 'ablation': 'full', 'few_shot_ratio': 1.0, 'seed': 2, 'train_edges': 3244, 'val_edges': 6738, 'test_edges': 26719, 'params_trainable': 1416722, 'params_total': 1416735, 'rough_forward_flops': 384237568, 'train_eval_time_sec': 3677.516798045486, 'allocated_mb': 33.2470703125, 'reserved_mb': 1220.0, 'max_allocated_mb': 1101.68212890625, 'val_auc': 0.5783734334253056, 'val_ap': 0.14076717564720592, 'val_ndcg': 0.7980891254796819, 'val_mrr': 0.21706636835411378, 'val_hits@1': 0.11, 'val_hits@10': 0.41, 'val_hits@50': 0.47, 'val_hits@100': 0.5, 'train_loss': 1.1955742318640952, 'train_lp': 0.4211279563017492, 'train_align': 71.10402047817232, 'train_kl': 606.9890339414952, 'train_ood_reg': 0.23747224575382167, 'train_meta': 0.3356321995701623, 'train_struct_aux': 0.7915528965776949, 'train_weighted_align': 0.7110401901102751, 'train_weighted_kl': 0.06069890167800931, 'train_weighted_ood_reg': 0.00023747225744862868, 'train_weighted_meta': 0.0016781609689632525, 'train_weighted_struct_aux': 0.0007915529332747686, 'train_rank': 0.20217844923648376, 'train_weighted_rank': 0.002021784442903598, 'train_candidate_rank': 1.9663242017546332, 'train_weighted_candidate_rank': 0.09831621200898734, 'test_auc': 0.5867149495127265, 'test_ap': 0.1472814713784954, 'test_ndcg': 0.8250524594295411, 'test_mrr': 0.16200440030508295, 'test_hits@1': 0.08, 'test_hits@10': 0.31666666666666665, 'test_hits@50': 0.4816666666666667, 'test_hits@100': 0.52}
