
$ /root/miniconda3/bin/python -u scripts/search_hparams.py --config configs/auto_target/ssptgfm_search_icews14_global_relpop_rep_enhanced_probe.yaml --output results/global_relpop_rep_enhanced_phase1/search_icews14_global_relpop_rep_enhanced_probe --resume
runtime_device=cuda
cuda_device=Tesla V100-PCIE-32GB
{'event': 'candidate_seed_start', 'candidate': 'global_relpop_rep_enhanced_probe_h96_r12_a12_p4x4_l1_neg1_lr0p001_hp1_relpopfix48_sr0p01_sa0p001_rep8s0p02_rl0p001_m0_bpr', 'seed': 1, 'device': 'cuda', 'node_text_device': 'cuda:0'}
{'event': 'train_seed_start', 'seed': 1, 'train_edges': 50000, 'val_edges': 14592, 'test_edges': 14378, 'num_nodes': 7128, 'num_relations': 230}
{'event': 'train_seed_tensors_ready', 'seed': 1, 'elapsed_sec': 0.007757879793643951, 'cuda_allocated_mb': 22, 'cuda_reserved_mb': 24, 'cuda_max_allocated_mb': 22}
{'event': 'train_known_facts_ready', 'seed': 1, 'scope': 'train', 'edges': 50000, 'elapsed_sec': 0.013873215764760971}
{'event': 'train_known_facts_ready', 'seed': 1, 'scope': 'train_val', 'edges': 64592, 'elapsed_sec': 0.019484229385852814}
{'event': 'train_sampler_ready', 'seed': 1, 'elapsed_sec': 0.08978783339262009}
{'event': 'val_sampler_ready', 'seed': 1, 'elapsed_sec': 0.15814891085028648}
{'event': 'epoch_start', 'epoch': 1, 'epochs': 3, 'batches': 255, 'time_groups': 255}
{'event': 'train_time_group', 'epoch': 1, 'time_group': 1, 'time_groups': 255, 'batch': 0, 'batches': 255, 'time_value': 1388534400.0, 'group_batches': 1, 'history_edges': 0, 'elapsed_sec': 0.02425515279173851, 'cuda_allocated_mb': 23, 'cuda_reserved_mb': 26, 'cuda_max_allocated_mb': 23}
{'event': 'train_progress', 'epoch': 1, 'batch': 1, 'batches': 255, 'time_group': 1, 'time_groups': 255, 'history_edges': 0, 'pos_edges': 92, 'neg_edges': 92, 'loss_recent': 6.851006984710693, 'elapsed_sec': 1.1408472955226898, 'avg_sec_per_batch': 1.1408472955226898, 'cuda_allocated_mb': 92, 'cuda_reserved_mb': 172, 'cuda_max_allocated_mb': 158}
{'event': 'train_progress', 'epoch': 1, 'batch': 100, 'batches': 255, 'time_group': 100, 'time_groups': 255, 'history_edges': 19281, 'pos_edges': 210, 'neg_edges': 210, 'loss_recent': 12.21201669692993, 'elapsed_sec': 25.25360992923379, 'avg_sec_per_batch': 0.2525360992923379, 'cuda_allocated_mb': 97, 'cuda_reserved_mb': 668, 'cuda_max_allocated_mb': 578}
{'event': 'train_progress', 'epoch': 1, 'batch': 200, 'batches': 255, 'time_group': 200, 'time_groups': 255, 'history_edges': 39468, 'pos_edges': 131, 'neg_edges': 131, 'loss_recent': 11.217254071235656, 'elapsed_sec': 50.66226087510586, 'avg_sec_per_batch': 0.2533113043755293, 'cuda_allocated_mb': 95, 'cuda_reserved_mb': 1028, 'cuda_max_allocated_mb': 909}
{'event': 'train_time_group', 'epoch': 1, 'time_group': 255, 'time_groups': 255, 'batch': 254, 'batches': 255, 'time_value': 1410480000.0, 'group_batches': 1, 'history_edges': 49740, 'elapsed_sec': 64.63834819197655, 'cuda_allocated_mb': 89, 'cuda_reserved_mb': 1228, 'cuda_max_allocated_mb': 1085}
{'event': 'train_progress', 'epoch': 1, 'batch': 255, 'batches': 255, 'time_group': 255, 'time_groups': 255, 'history_edges': 49740, 'pos_edges': 260, 'neg_edges': 260, 'loss_recent': 10.457845730781555, 'elapsed_sec': 64.90793934836984, 'avg_sec_per_batch': 0.2545409386210582, 'cuda_allocated_mb': 99, 'cuda_reserved_mb': 1228, 'cuda_max_allocated_mb': 1085}
{'event': 'validation_start', 'epoch': 1}
{'event': 'validation_ranking_start', 'epoch': 1, 'max_edges': 30}
{'event': 'epoch_end', 'epoch': 1, 'early_stop_metric': 'val_composite', 'val_score': 0.5649572068799376, 'val_auc': 0.907876205444336, 'val_ap': 0.7664955565760682, 'val_ndcg': 0.9545323592232925, 'val_mrr': 0.3916049877312958, 'val_hits@1': 0.2833333333333333, 'val_hits@10': 0.5666666666666667, 'val_hits@50': 0.8, 'val_hits@100': 0.85, 'elapsed_sec': 93.52231070026755}
{'event': 'epoch_start', 'epoch': 2, 'epochs': 3, 'batches': 255, 'time_groups': 255}
{'event': 'train_time_group', 'epoch': 2, 'time_group': 1, 'time_groups': 255, 'batch': 0, 'batches': 255, 'time_value': 1388534400.0, 'group_batches': 1, 'history_edges': 0, 'elapsed_sec': 0.03326059505343437, 'cuda_allocated_mb': 89, 'cuda_reserved_mb': 1254, 'cuda_max_allocated_mb': 1085}
{'event': 'train_progress', 'epoch': 2, 'batch': 1, 'batches': 255, 'time_group': 1, 'time_groups': 255, 'history_edges': 0, 'pos_edges': 92, 'neg_edges': 92, 'loss_recent': 7.432236194610596, 'elapsed_sec': 0.19942853599786758, 'avg_sec_per_batch': 0.19942853599786758, 'cuda_allocated_mb': 93, 'cuda_reserved_mb': 1254, 'cuda_max_allocated_mb': 1085}
{'event': 'train_progress', 'epoch': 2, 'batch': 100, 'batches': 255, 'time_group': 100, 'time_groups': 255, 'history_edges': 19281, 'pos_edges': 210, 'neg_edges': 210, 'loss_recent': 10.306182079315185, 'elapsed_sec': 23.369490891695023, 'avg_sec_per_batch': 0.23369490891695022, 'cuda_allocated_mb': 97, 'cuda_reserved_mb': 1254, 'cuda_max_allocated_mb': 1085}
{'event': 'train_progress', 'epoch': 2, 'batch': 200, 'batches': 255, 'time_group': 200, 'time_groups': 255, 'history_edges': 39468, 'pos_edges': 131, 'neg_edges': 131, 'loss_recent': 9.579911198616028, 'elapsed_sec': 49.117766849696636, 'avg_sec_per_batch': 0.24558883424848318, 'cuda_allocated_mb': 95, 'cuda_reserved_mb': 1254, 'cuda_max_allocated_mb': 1085}
{'event': 'train_time_group', 'epoch': 2, 'time_group': 255, 'time_groups': 255, 'batch': 254, 'batches': 255, 'time_value': 1410480000.0, 'group_batches': 1, 'history_edges': 49740, 'elapsed_sec': 63.505418218672276, 'cuda_allocated_mb': 89, 'cuda_reserved_mb': 1254, 'cuda_max_allocated_mb': 1085}
{'event': 'train_progress', 'epoch': 2, 'batch': 255, 'batches': 255, 'time_group': 255, 'time_groups': 255, 'history_edges': 49740, 'pos_edges': 260, 'neg_edges': 260, 'loss_recent': 9.0371036195755, 'elapsed_sec': 63.78930537030101, 'avg_sec_per_batch': 0.25015413870706277, 'cuda_allocated_mb': 99, 'cuda_reserved_mb': 1254, 'cuda_max_allocated_mb': 1085}
{'event': 'validation_start', 'epoch': 2}
{'event': 'validation_ranking_start', 'epoch': 2, 'max_edges': 30}
{'event': 'epoch_end', 'epoch': 2, 'early_stop_metric': 'val_composite', 'val_score': 0.5661841942458151, 'val_auc': 0.9207279205322266, 'val_ap': 0.7962542941320971, 'val_ndcg': 0.9608563540965938, 'val_mrr': 0.3759147040461263, 'val_hits@1': 0.26666666666666666, 'val_hits@10': 0.5833333333333334, 'val_hits@50': 0.8166666666666667, 'val_hits@100': 0.8666666666666667, 'elapsed_sec': 92.80790789052844}
{'event': 'epoch_start', 'epoch': 3, 'epochs': 3, 'batches': 255, 'time_groups': 255}
{'event': 'train_time_group', 'epoch': 3, 'time_group': 1, 'time_groups': 255, 'batch': 0, 'batches': 255, 'time_value': 1388534400.0, 'group_batches': 1, 'history_edges': 0, 'elapsed_sec': 0.03495984897017479, 'cuda_allocated_mb': 89, 'cuda_reserved_mb': 1254, 'cuda_max_allocated_mb': 1085}
{'event': 'train_progress', 'epoch': 3, 'batch': 1, 'batches': 255, 'time_group': 1, 'time_groups': 255, 'history_edges': 0, 'pos_edges': 92, 'neg_edges': 92, 'loss_recent': 7.1006059646606445, 'elapsed_sec': 0.20441970601677895, 'avg_sec_per_batch': 0.20441970601677895, 'cuda_allocated_mb': 93, 'cuda_reserved_mb': 1254, 'cuda_max_allocated_mb': 1085}
{'event': 'train_progress', 'epoch': 3, 'batch': 100, 'batches': 255, 'time_group': 100, 'time_groups': 255, 'history_edges': 19281, 'pos_edges': 210, 'neg_edges': 210, 'loss_recent': 9.193528618812561, 'elapsed_sec': 23.466756150126457, 'avg_sec_per_batch': 0.23466756150126458, 'cuda_allocated_mb': 97, 'cuda_reserved_mb': 1254, 'cuda_max_allocated_mb': 1085}
{'event': 'train_progress', 'epoch': 3, 'batch': 200, 'batches': 255, 'time_group': 200, 'time_groups': 255, 'history_edges': 39468, 'pos_edges': 131, 'neg_edges': 131, 'loss_recent': 8.396360766887664, 'elapsed_sec': 48.3216938637197, 'avg_sec_per_batch': 0.2416084693185985, 'cuda_allocated_mb': 95, 'cuda_reserved_mb': 1254, 'cuda_max_allocated_mb': 1085}
{'event': 'train_time_group', 'epoch': 3, 'time_group': 255, 'time_groups': 255, 'batch': 254, 'batches': 255, 'time_value': 1410480000.0, 'group_batches': 1, 'history_edges': 49740, 'elapsed_sec': 62.49941123276949, 'cuda_allocated_mb': 89, 'cuda_reserved_mb': 1254, 'cuda_max_allocated_mb': 1085}
{'event': 'train_progress', 'epoch': 3, 'batch': 255, 'batches': 255, 'time_group': 255, 'time_groups': 255, 'history_edges': 49740, 'pos_edges': 260, 'neg_edges': 260, 'loss_recent': 7.90524855852127, 'elapsed_sec': 62.77604252845049, 'avg_sec_per_batch': 0.24618055893509996, 'cuda_allocated_mb': 99, 'cuda_reserved_mb': 1254, 'cuda_max_allocated_mb': 1085}
{'event': 'validation_start', 'epoch': 3}
{'event': 'validation_ranking_start', 'epoch': 3, 'max_edges': 30}
{'event': 'epoch_end', 'epoch': 3, 'early_stop_metric': 'val_composite', 'val_score': 0.5620452465673363, 'val_auc': 0.9227447509765624, 'val_ap': 0.7990089455109954, 'val_ndcg': 0.9614026345035658, 'val_mrr': 0.3731661408163379, 'val_hits@1': 0.25, 'val_hits@10': 0.5666666666666667, 'val_hits@50': 0.8, 'val_hits@100': 0.8333333333333334, 'elapsed_sec': 92.03576320037246}
{'candidate': 'global_relpop_rep_enhanced_probe_h96_r12_a12_p4x4_l1_neg1_lr0p001_hp1_relpopfix48_sr0p01_sa0p001_rep8s0p02_rl0p001_m0_bpr', 'seed': 1, 'composite': nan, 'val_auc': 0.9207279205322266, 'val_ap': 0.7962542941320971, 'val_ndcg': 0.9608563540965938, 'val_mrr': 0.3759147040461263, 'val_hits@1': 0.26666666666666666, 'val_hits@10': 0.5833333333333334, 'val_hits@50': 0.8166666666666667, 'val_hits@100': 0.8666666666666667, 'train_loss': 9.64829766703587, 'train_lp': 0.36617973107917634, 'train_align': 1742.9005653530944, 'train_kl': 5646.758664598652, 'train_ood_reg': 0.22196436904224695, 'train_meta': 0.3629965303283112, 'train_struct_aux': 0.9025252275607165, 'train_weighted_align': 8.714502644071391, 'train_weighted_kl': 0.5646758535329033, 'train_weighted_ood_reg': 0.00022196437953514797, 'train_weighted_meta': 0.0018149826100424809, 'train_weighted_struct_aux': 0.0009025252703805546, 'train_rank': 0.1705496625865207, 'train_weighted_rank': 0.00017054967090599331}
{'event': 'candidate_summary', 'candidate': 'global_relpop_rep_enhanced_probe_h96_r12_a12_p4x4_l1_neg1_lr0p001_hp1_relpopfix48_sr0p01_sa0p001_rep8s0p02_rl0p001_m0_bpr', 'score': 0.5661841942458151, 'passes_metric_minima': True, 'means': {'val_auc': 0.9207279205322266, 'val_ap': 0.7962542941320971, 'val_mrr': 0.3759147040461263, 'val_hits@10': 0.5833333333333334, 'val_ndcg': 0.9608563540965938}, 'seeds_completed': 1}
{'event': 'candidate_seed_start', 'candidate': 'global_relpop_rep_enhanced_probe_h96_r12_a12_p4x4_l1_neg1_lr0p001_hp1_relpopfix48_sr0p01_sa0p001_rep8s0p05_rl0p001_m0_bpr', 'seed': 1, 'device': 'cuda', 'node_text_device': 'cuda:0'}
{'event': 'train_seed_start', 'seed': 1, 'train_edges': 50000, 'val_edges': 14592, 'test_edges': 14378, 'num_nodes': 7128, 'num_relations': 230}
{'event': 'train_seed_tensors_ready', 'seed': 1, 'elapsed_sec': 0.008436504751443863, 'cuda_allocated_mb': 38, 'cuda_reserved_mb': 64, 'cuda_max_allocated_mb': 1085}
{'event': 'train_known_facts_ready', 'seed': 1, 'scope': 'train', 'edges': 50000, 'elapsed_sec': 0.01399262621998787}
{'event': 'train_known_facts_ready', 'seed': 1, 'scope': 'train_val', 'edges': 64592, 'elapsed_sec': 0.021293532103300095}
{'event': 'train_sampler_ready', 'seed': 1, 'elapsed_sec': 0.09170565381646156}
{'event': 'val_sampler_ready', 'seed': 1, 'elapsed_sec': 0.16256334632635117}
{'event': 'epoch_start', 'epoch': 1, 'epochs': 3, 'batches': 255, 'time_groups': 255}
{'event': 'train_time_group', 'epoch': 1, 'time_group': 1, 'time_groups': 255, 'batch': 0, 'batches': 255, 'time_value': 1388534400.0, 'group_batches': 1, 'history_edges': 0, 'elapsed_sec': 0.013236157596111298, 'cuda_allocated_mb': 39, 'cuda_reserved_mb': 66, 'cuda_max_allocated_mb': 1085}
{'event': 'train_progress', 'epoch': 1, 'batch': 1, 'batches': 255, 'time_group': 1, 'time_groups': 255, 'history_edges': 0, 'pos_edges': 92, 'neg_edges': 92, 'loss_recent': 6.8510050773620605, 'elapsed_sec': 0.185389693826437, 'avg_sec_per_batch': 0.185389693826437, 'cuda_allocated_mb': 92, 'cuda_reserved_mb': 172, 'cuda_max_allocated_mb': 1085}
{'event': 'train_progress', 'epoch': 1, 'batch': 100, 'batches': 255, 'time_group': 100, 'time_groups': 255, 'history_edges': 19281, 'pos_edges': 210, 'neg_edges': 210, 'loss_recent': 12.212015981674194, 'elapsed_sec': 24.051478069275618, 'avg_sec_per_batch': 0.24051478069275617, 'cuda_allocated_mb': 97, 'cuda_reserved_mb': 668, 'cuda_max_allocated_mb': 1085}
{'event': 'train_progress', 'epoch': 1, 'batch': 200, 'batches': 255, 'time_group': 200, 'time_groups': 255, 'history_edges': 39468, 'pos_edges': 131, 'neg_edges': 131, 'loss_recent': 11.217266530990601, 'elapsed_sec': 49.82388689741492, 'avg_sec_per_batch': 0.2491194344870746, 'cuda_allocated_mb': 95, 'cuda_reserved_mb': 1028, 'cuda_max_allocated_mb': 1085}
{'event': 'train_time_group', 'epoch': 1, 'time_group': 255, 'time_groups': 255, 'batch': 254, 'batches': 255, 'time_value': 1410480000.0, 'group_batches': 1, 'history_edges': 49740, 'elapsed_sec': 64.09943117573857, 'cuda_allocated_mb': 89, 'cuda_reserved_mb': 1208, 'cuda_max_allocated_mb': 1085}
{'event': 'train_progress', 'epoch': 1, 'batch': 255, 'batches': 255, 'time_group': 255, 'time_groups': 255, 'history_edges': 49740, 'pos_edges': 260, 'neg_edges': 260, 'loss_recent': 10.457904424667358, 'elapsed_sec': 64.38206166401505, 'avg_sec_per_batch': 0.2524786731922159, 'cuda_allocated_mb': 99, 'cuda_reserved_mb': 1208, 'cuda_max_allocated_mb': 1085}
{'event': 'validation_start', 'epoch': 1}
{'event': 'validation_ranking_start', 'epoch': 1, 'max_edges': 30}
{'event': 'epoch_end', 'epoch': 1, 'early_stop_metric': 'val_composite', 'val_score': 0.5649380982776274, 'val_auc': 0.907851791381836, 'val_ap': 0.7664000822153461, 'val_ndcg': 0.9545130190452418, 'val_mrr': 0.39160172227675244, 'val_hits@1': 0.2833333333333333, 'val_hits@10': 0.5666666666666667, 'val_hits@50': 0.8, 'val_hits@100': 0.85, 'elapsed_sec': 92.91990844160318}
{'event': 'epoch_start', 'epoch': 2, 'epochs': 3, 'batches': 255, 'time_groups': 255}
{'event': 'train_time_group', 'epoch': 2, 'time_group': 1, 'time_groups': 255, 'batch': 0, 'batches': 255, 'time_value': 1388534400.0, 'group_batches': 1, 'history_edges': 0, 'elapsed_sec': 0.035251256078481674, 'cuda_allocated_mb': 89, 'cuda_reserved_mb': 1234, 'cuda_max_allocated_mb': 1085}
{'event': 'train_progress', 'epoch': 2, 'batch': 1, 'batches': 255, 'time_group': 1, 'time_groups': 255, 'history_edges': 0, 'pos_edges': 92, 'neg_edges': 92, 'loss_recent': 7.432188034057617, 'elapsed_sec': 0.19911624491214752, 'avg_sec_per_batch': 0.19911624491214752, 'cuda_allocated_mb': 93, 'cuda_reserved_mb': 1234, 'cuda_max_allocated_mb': 1085}
{'event': 'train_progress', 'epoch': 2, 'batch': 100, 'batches': 255, 'time_group': 100, 'time_groups': 255, 'history_edges': 19281, 'pos_edges': 210, 'neg_edges': 210, 'loss_recent': 10.306321225166322, 'elapsed_sec': 23.54248322173953, 'avg_sec_per_batch': 0.2354248322173953, 'cuda_allocated_mb': 97, 'cuda_reserved_mb': 1234, 'cuda_max_allocated_mb': 1085}
{'event': 'train_progress', 'epoch': 2, 'batch': 200, 'batches': 255, 'time_group': 200, 'time_groups': 255, 'history_edges': 39468, 'pos_edges': 131, 'neg_edges': 131, 'loss_recent': 9.580188994407655, 'elapsed_sec': 49.53580641373992, 'avg_sec_per_batch': 0.2476790320686996, 'cuda_allocated_mb': 95, 'cuda_reserved_mb': 1234, 'cuda_max_allocated_mb': 1085}
{'event': 'train_time_group', 'epoch': 2, 'time_group': 255, 'time_groups': 255, 'batch': 254, 'batches': 255, 'time_value': 1410480000.0, 'group_batches': 1, 'history_edges': 49740, 'elapsed_sec': 64.08140520378947, 'cuda_allocated_mb': 89, 'cuda_reserved_mb': 1234, 'cuda_max_allocated_mb': 1085}
{'event': 'train_progress', 'epoch': 2, 'batch': 255, 'batches': 255, 'time_group': 255, 'time_groups': 255, 'history_edges': 49740, 'pos_edges': 260, 'neg_edges': 260, 'loss_recent': 9.037346615791321, 'elapsed_sec': 64.38950926065445, 'avg_sec_per_batch': 0.25250787945354686, 'cuda_allocated_mb': 99, 'cuda_reserved_mb': 1234, 'cuda_max_allocated_mb': 1085}
{'event': 'validation_start', 'epoch': 2}
{'event': 'validation_ranking_start', 'epoch': 2, 'max_edges': 30}
{'event': 'epoch_end', 'epoch': 2, 'early_stop_metric': 'val_composite', 'val_score': 0.5661402906194936, 'val_auc': 0.9207324981689452, 'val_ap': 0.7961859956847098, 'val_ndcg': 0.9608426962819447, 'val_mrr': 0.37584966012695725, 'val_hits@1': 0.26666666666666666, 'val_hits@10': 0.5833333333333334, 'val_hits@50': 0.8166666666666667, 'val_hits@100': 0.8666666666666667, 'elapsed_sec': 93.76542303338647}
{'event': 'epoch_start', 'epoch': 3, 'epochs': 3, 'batches': 255, 'time_groups': 255}
{'event': 'train_time_group', 'epoch': 3, 'time_group': 1, 'time_groups': 255, 'batch': 0, 'batches': 255, 'time_value': 1388534400.0, 'group_batches': 1, 'history_edges': 0, 'elapsed_sec': 0.03794125095009804, 'cuda_allocated_mb': 89, 'cuda_reserved_mb': 1234, 'cuda_max_allocated_mb': 1085}
{'event': 'train_progress', 'epoch': 3, 'batch': 1, 'batches': 255, 'time_group': 1, 'time_groups': 255, 'history_edges': 0, 'pos_edges': 92, 'neg_edges': 92, 'loss_recent': 7.098666667938232, 'elapsed_sec': 0.2142210192978382, 'avg_sec_per_batch': 0.2142210192978382, 'cuda_allocated_mb': 93, 'cuda_reserved_mb': 1234, 'cuda_max_allocated_mb': 1085}
{'event': 'train_progress', 'epoch': 3, 'batch': 100, 'batches': 255, 'time_group': 100, 'time_groups': 255, 'history_edges': 19281, 'pos_edges': 210, 'neg_edges': 210, 'loss_recent': 9.193510570526122, 'elapsed_sec': 24.08353815227747, 'avg_sec_per_batch': 0.2408353815227747, 'cuda_allocated_mb': 97, 'cuda_reserved_mb': 1234, 'cuda_max_allocated_mb': 1085}
{'event': 'train_progress', 'epoch': 3, 'batch': 200, 'batches': 255, 'time_group': 200, 'time_groups': 255, 'history_edges': 39468, 'pos_edges': 131, 'neg_edges': 131, 'loss_recent': 8.396499416828156, 'elapsed_sec': 49.5822709351778, 'avg_sec_per_batch': 0.247911354675889, 'cuda_allocated_mb': 95, 'cuda_reserved_mb': 1234, 'cuda_max_allocated_mb': 1085}
{'event': 'train_time_group', 'epoch': 3, 'time_group': 255, 'time_groups': 255, 'batch': 254, 'batches': 255, 'time_value': 1410480000.0, 'group_batches': 1, 'history_edges': 49740, 'elapsed_sec': 63.49974398314953, 'cuda_allocated_mb': 89, 'cuda_reserved_mb': 1234, 'cuda_max_allocated_mb': 1085}
{'event': 'train_progress', 'epoch': 3, 'batch': 255, 'batches': 255, 'time_group': 255, 'time_groups': 255, 'history_edges': 49740, 'pos_edges': 260, 'neg_edges': 260, 'loss_recent': 7.9052982521057125, 'elapsed_sec': 63.77304624393582, 'avg_sec_per_batch': 0.2500903774271993, 'cuda_allocated_mb': 99, 'cuda_reserved_mb': 1234, 'cuda_max_allocated_mb': 1085}
{'event': 'validation_start', 'epoch': 3}
{'event': 'validation_ranking_start', 'epoch': 3, 'max_edges': 30}
{'event': 'epoch_end', 'epoch': 3, 'early_stop_metric': 'val_composite', 'val_score': 0.5620578680632243, 'val_auc': 0.922789001464844, 'val_ap': 0.7989941762850864, 'val_ndcg': 0.9614035573057751, 'val_mrr': 0.3731912049666167, 'val_hits@1': 0.25, 'val_hits@10': 0.5666666666666667, 'val_hits@50': 0.8, 'val_hits@100': 0.8333333333333334, 'elapsed_sec': 92.40635611861944}
{'candidate': 'global_relpop_rep_enhanced_probe_h96_r12_a12_p4x4_l1_neg1_lr0p001_hp1_relpopfix48_sr0p01_sa0p001_rep8s0p05_rl0p001_m0_bpr', 'seed': 1, 'composite': nan, 'val_auc': 0.9207324981689452, 'val_ap': 0.7961859956847098, 'val_ndcg': 0.9608426962819447, 'val_mrr': 0.37584966012695725, 'val_hits@1': 0.26666666666666666, 'val_hits@10': 0.5833333333333334, 'val_hits@50': 0.8166666666666667, 'val_hits@100': 0.8666666666666667, 'train_loss': 9.648504707860011, 'train_lp': 0.36635166803995767, 'train_align': 1742.9073033949908, 'train_kl': 5646.756277765012, 'train_ood_reg': 0.22196205293431, 'train_meta': 0.36312367562569825, 'train_struct_aux': 0.9035491503921209, 'train_weighted_align': 8.714536317189534, 'train_weighted_kl': 0.5646756131275027, 'train_weighted_ood_reg': 0.00022196206315557528, 'train_weighted_meta': 0.0018156183375657407, 'train_weighted_struct_aux': 0.0009035491918706718, 'train_rank': 0.17060181200504304, 'train_weighted_rank': 0.00017060182011953336}
{'event': 'candidate_summary', 'candidate': 'global_relpop_rep_enhanced_probe_h96_r12_a12_p4x4_l1_neg1_lr0p001_hp1_relpopfix48_sr0p01_sa0p001_rep8s0p05_rl0p001_m0_bpr', 'score': 0.5661402906194936, 'passes_metric_minima': True, 'means': {'val_auc': 0.9207324981689452, 'val_ap': 0.7961859956847098, 'val_mrr': 0.37584966012695725, 'val_hits@10': 0.5833333333333334, 'val_ndcg': 0.9608426962819447}, 'seeds_completed': 1}
{'event': 'candidate_seed_start', 'candidate': 'global_relpop_rep_enhanced_probe_h96_r12_a12_p4x4_l1_neg1_lr0p001_hp1_relpopfix48_sr0p01_sa0p001_rep16s0p02_rl0p001_m0_bpr', 'seed': 1, 'device': 'cuda', 'node_text_device': 'cuda:0'}
{'event': 'train_seed_start', 'seed': 1, 'train_edges': 50000, 'val_edges': 14592, 'test_edges': 14378, 'num_nodes': 7128, 'num_relations': 230}
{'event': 'train_seed_tensors_ready', 'seed': 1, 'elapsed_sec': 0.007978357374668121, 'cuda_allocated_mb': 38, 'cuda_reserved_mb': 64, 'cuda_max_allocated_mb': 1085}
{'event': 'train_known_facts_ready', 'seed': 1, 'scope': 'train', 'edges': 50000, 'elapsed_sec': 0.013678181916475296}
{'event': 'train_known_facts_ready', 'seed': 1, 'scope': 'train_val', 'edges': 64592, 'elapsed_sec': 0.019716165959835052}
{'event': 'train_sampler_ready', 'seed': 1, 'elapsed_sec': 0.09160272032022476}
{'event': 'val_sampler_ready', 'seed': 1, 'elapsed_sec': 0.16214874386787415}
{'event': 'epoch_start', 'epoch': 1, 'epochs': 3, 'batches': 255, 'time_groups': 255}
{'event': 'train_time_group', 'epoch': 1, 'time_group': 1, 'time_groups': 255, 'batch': 0, 'batches': 255, 'time_value': 1388534400.0, 'group_batches': 1, 'history_edges': 0, 'elapsed_sec': 0.01321353018283844, 'cuda_allocated_mb': 40, 'cuda_reserved_mb': 66, 'cuda_max_allocated_mb': 1085}
{'event': 'train_progress', 'epoch': 1, 'batch': 1, 'batches': 255, 'time_group': 1, 'time_groups': 255, 'history_edges': 0, 'pos_edges': 92, 'neg_edges': 92, 'loss_recent': 6.85100793838501, 'elapsed_sec': 0.18286948651075363, 'avg_sec_per_batch': 0.18286948651075363, 'cuda_allocated_mb': 93, 'cuda_reserved_mb': 172, 'cuda_max_allocated_mb': 1085}
{'event': 'train_progress', 'epoch': 1, 'batch': 100, 'batches': 255, 'time_group': 100, 'time_groups': 255, 'history_edges': 19281, 'pos_edges': 210, 'neg_edges': 210, 'loss_recent': 12.212010755538941, 'elapsed_sec': 23.928777273744345, 'avg_sec_per_batch': 0.23928777273744345, 'cuda_allocated_mb': 99, 'cuda_reserved_mb': 670, 'cuda_max_allocated_mb': 1085}
{'event': 'train_progress', 'epoch': 1, 'batch': 200, 'batches': 255, 'time_group': 200, 'time_groups': 255, 'history_edges': 39468, 'pos_edges': 131, 'neg_edges': 131, 'loss_recent': 11.217054610252381, 'elapsed_sec': 49.8236742913723, 'avg_sec_per_batch': 0.2491183714568615, 'cuda_allocated_mb': 96, 'cuda_reserved_mb': 1030, 'cuda_max_allocated_mb': 1085}
{'event': 'train_time_group', 'epoch': 1, 'time_group': 255, 'time_groups': 255, 'batch': 254, 'batches': 255, 'time_value': 1410480000.0, 'group_batches': 1, 'history_edges': 49740, 'elapsed_sec': 64.28489936515689, 'cuda_allocated_mb': 91, 'cuda_reserved_mb': 1210, 'cuda_max_allocated_mb': 1087}
{'event': 'train_progress', 'epoch': 1, 'batch': 255, 'batches': 255, 'time_group': 255, 'time_groups': 255, 'history_edges': 49740, 'pos_edges': 260, 'neg_edges': 260, 'loss_recent': 10.457273230552673, 'elapsed_sec': 64.57750774919987, 'avg_sec_per_batch': 0.25324512842823477, 'cuda_allocated_mb': 101, 'cuda_reserved_mb': 1210, 'cuda_max_allocated_mb': 1087}
{'event': 'validation_start', 'epoch': 1}
{'event': 'validation_ranking_start', 'epoch': 1, 'max_edges': 30}
{'event': 'epoch_end', 'epoch': 1, 'early_stop_metric': 'val_composite', 'val_score': 0.5676980509404927, 'val_auc': 0.9080776214599608, 'val_ap': 0.7671854233642499, 'val_ndcg': 0.9546712424007566, 'val_mrr': 0.3901651309122297, 'val_hits@1': 0.2833333333333333, 'val_hits@10': 0.5833333333333334, 'val_hits@50': 0.8, 'val_hits@100': 0.85, 'elapsed_sec': 93.32047943770885}
{'event': 'epoch_start', 'epoch': 2, 'epochs': 3, 'batches': 255, 'time_groups': 255}
{'event': 'train_time_group', 'epoch': 2, 'time_group': 1, 'time_groups': 255, 'batch': 0, 'batches': 255, 'time_value': 1388534400.0, 'group_batches': 1, 'history_edges': 0, 'elapsed_sec': 0.035755518823862076, 'cuda_allocated_mb': 91, 'cuda_reserved_mb': 1236, 'cuda_max_allocated_mb': 1087}
{'event': 'train_progress', 'epoch': 2, 'batch': 1, 'batches': 255, 'time_group': 1, 'time_groups': 255, 'history_edges': 0, 'pos_edges': 92, 'neg_edges': 92, 'loss_recent': 7.431668758392334, 'elapsed_sec': 0.2505097948014736, 'avg_sec_per_batch': 0.2505097948014736, 'cuda_allocated_mb': 95, 'cuda_reserved_mb': 1236, 'cuda_max_allocated_mb': 1087}
{'event': 'train_progress', 'epoch': 2, 'batch': 100, 'batches': 255, 'time_group': 100, 'time_groups': 255, 'history_edges': 19281, 'pos_edges': 210, 'neg_edges': 210, 'loss_recent': 10.303822622299194, 'elapsed_sec': 23.538579165935516, 'avg_sec_per_batch': 0.23538579165935516, 'cuda_allocated_mb': 99, 'cuda_reserved_mb': 1236, 'cuda_max_allocated_mb': 1087}
{'event': 'train_progress', 'epoch': 2, 'batch': 200, 'batches': 255, 'time_group': 200, 'time_groups': 255, 'history_edges': 39468, 'pos_edges': 131, 'neg_edges': 131, 'loss_recent': 9.575362629890442, 'elapsed_sec': 49.03380684554577, 'avg_sec_per_batch': 0.24516903422772884, 'cuda_allocated_mb': 97, 'cuda_reserved_mb': 1236, 'cuda_max_allocated_mb': 1087}
{'event': 'train_time_group', 'epoch': 2, 'time_group': 255, 'time_groups': 255, 'batch': 254, 'batches': 255, 'time_value': 1410480000.0, 'group_batches': 1, 'history_edges': 49740, 'elapsed_sec': 63.29381924495101, 'cuda_allocated_mb': 91, 'cuda_reserved_mb': 1236, 'cuda_max_allocated_mb': 1087}
{'event': 'train_progress', 'epoch': 2, 'batch': 255, 'batches': 255, 'time_group': 255, 'time_groups': 255, 'history_edges': 49740, 'pos_edges': 260, 'neg_edges': 260, 'loss_recent': 9.032156901359558, 'elapsed_sec': 63.574843131005764, 'avg_sec_per_batch': 0.24931311031766967, 'cuda_allocated_mb': 101, 'cuda_reserved_mb': 1236, 'cuda_max_allocated_mb': 1087}
{'event': 'validation_start', 'epoch': 2}
{'event': 'validation_ranking_start', 'epoch': 2, 'max_edges': 30}
{'event': 'epoch_end', 'epoch': 2, 'early_stop_metric': 'val_composite', 'val_score': 0.5663780390638722, 'val_auc': 0.9206962585449219, 'val_ap': 0.7967637811990036, 'val_ndcg': 0.9609515797259036, 'val_mrr': 0.3761336686350371, 'val_hits@1': 0.26666666666666666, 'val_hits@10': 0.5833333333333334, 'val_hits@50': 0.8166666666666667, 'val_hits@100': 0.8666666666666667, 'elapsed_sec': 92.60950234904885}
{'event': 'epoch_start', 'epoch': 3, 'epochs': 3, 'batches': 255, 'time_groups': 255}
{'event': 'train_time_group', 'epoch': 3, 'time_group': 1, 'time_groups': 255, 'batch': 0, 'batches': 255, 'time_value': 1388534400.0, 'group_batches': 1, 'history_edges': 0, 'elapsed_sec': 0.03857896476984024, 'cuda_allocated_mb': 91, 'cuda_reserved_mb': 1236, 'cuda_max_allocated_mb': 1087}
{'event': 'train_progress', 'epoch': 3, 'batch': 1, 'batches': 255, 'time_group': 1, 'time_groups': 255, 'history_edges': 0, 'pos_edges': 92, 'neg_edges': 92, 'loss_recent': 7.1299591064453125, 'elapsed_sec': 0.20878902450203896, 'avg_sec_per_batch': 0.20878902450203896, 'cuda_allocated_mb': 95, 'cuda_reserved_mb': 1236, 'cuda_max_allocated_mb': 1087}
{'event': 'train_progress', 'epoch': 3, 'batch': 100, 'batches': 255, 'time_group': 100, 'time_groups': 255, 'history_edges': 19281, 'pos_edges': 210, 'neg_edges': 210, 'loss_recent': 9.187453439235687, 'elapsed_sec': 24.065481450408697, 'avg_sec_per_batch': 0.24065481450408696, 'cuda_allocated_mb': 99, 'cuda_reserved_mb': 1236, 'cuda_max_allocated_mb': 1087}
{'event': 'train_progress', 'epoch': 3, 'batch': 200, 'batches': 255, 'time_group': 200, 'time_groups': 255, 'history_edges': 39468, 'pos_edges': 131, 'neg_edges': 131, 'loss_recent': 8.3878182721138, 'elapsed_sec': 49.86142971366644, 'avg_sec_per_batch': 0.2493071485683322, 'cuda_allocated_mb': 97, 'cuda_reserved_mb': 1236, 'cuda_max_allocated_mb': 1087}
{'event': 'train_time_group', 'epoch': 3, 'time_group': 255, 'time_groups': 255, 'batch': 254, 'batches': 255, 'time_value': 1410480000.0, 'group_batches': 1, 'history_edges': 49740, 'elapsed_sec': 63.69784791022539, 'cuda_allocated_mb': 91, 'cuda_reserved_mb': 1236, 'cuda_max_allocated_mb': 1087}
{'event': 'train_progress', 'epoch': 3, 'batch': 255, 'batches': 255, 'time_group': 255, 'time_groups': 255, 'history_edges': 49740, 'pos_edges': 260, 'neg_edges': 260, 'loss_recent': 7.8968154811859135, 'elapsed_sec': 63.9743787124753, 'avg_sec_per_batch': 0.25087991651951097, 'cuda_allocated_mb': 100, 'cuda_reserved_mb': 1236, 'cuda_max_allocated_mb': 1087}
{'event': 'validation_start', 'epoch': 3}
{'event': 'validation_ranking_start', 'epoch': 3, 'max_edges': 30}
{'event': 'epoch_end', 'epoch': 3, 'early_stop_metric': 'val_composite', 'val_score': 0.5619429859731, 'val_auc': 0.9210975646972656, 'val_ap': 0.7986522189254834, 'val_ndcg': 0.9611984801314544, 'val_mrr': 0.3732741871058708, 'val_hits@1': 0.25, 'val_hits@10': 0.5666666666666667, 'val_hits@50': 0.8, 'val_hits@100': 0.8333333333333334, 'elapsed_sec': 92.69733124226332}
{'candidate': 'global_relpop_rep_enhanced_probe_h96_r12_a12_p4x4_l1_neg1_lr0p001_hp1_relpopfix48_sr0p01_sa0p001_rep16s0p02_rl0p001_m0_bpr', 'seed': 1, 'composite': nan, 'val_auc': 0.9080776214599608, 'val_ap': 0.7671854233642499, 'val_ndcg': 0.9546712424007566, 'val_mrr': 0.3901651309122297, 'val_hits@1': 0.2833333333333333, 'val_hits@10': 0.5833333333333334, 'val_hits@50': 0.8, 'val_hits@100': 0.85, 'train_loss': 11.324647783765606, 'train_lp': 0.4087396532881494, 'train_align': 2096.790494073606, 'train_kl': 4290.370677274816, 'train_ood_reg': 0.2310221261253544, 'train_meta': 0.412704422193415, 'train_struct_aux': 0.6242344097763884, 'train_weighted_align': 10.483952230565688, 'train_weighted_kl': 0.42903705736001335, 'train_weighted_ood_reg': 0.00023102213727885527, 'train_weighted_meta': 0.002063522065587926, 'train_weighted_struct_aux': 0.0006242344393303581, 'train_rank': 0.19910720055009803, 'train_weighted_rank': 0.00019910721029565835}
{'event': 'candidate_summary', 'candidate': 'global_relpop_rep_enhanced_probe_h96_r12_a12_p4x4_l1_neg1_lr0p001_hp1_relpopfix48_sr0p01_sa0p001_rep16s0p02_rl0p001_m0_bpr', 'score': 0.5676980509404927, 'passes_metric_minima': True, 'means': {'val_auc': 0.9080776214599608, 'val_ap': 0.7671854233642499, 'val_mrr': 0.3901651309122297, 'val_hits@10': 0.5833333333333334, 'val_ndcg': 0.9546712424007566}, 'seeds_completed': 1}
{'event': 'candidate_seed_start', 'candidate': 'global_relpop_rep_enhanced_probe_h96_r12_a12_p4x4_l1_neg1_lr0p001_hp1_relpopfix48_sr0p01_sa0p001_rep16s0p05_rl0p001_m0_bpr', 'seed': 1, 'device': 'cuda', 'node_text_device': 'cuda:0'}
{'event': 'train_seed_start', 'seed': 1, 'train_edges': 50000, 'val_edges': 14592, 'test_edges': 14378, 'num_nodes': 7128, 'num_relations': 230}
{'event': 'train_seed_tensors_ready', 'seed': 1, 'elapsed_sec': 0.007893852889537811, 'cuda_allocated_mb': 38, 'cuda_reserved_mb': 64, 'cuda_max_allocated_mb': 1087}
{'event': 'train_known_facts_ready', 'seed': 1, 'scope': 'train', 'edges': 50000, 'elapsed_sec': 0.013867344707250595}
{'event': 'train_known_facts_ready', 'seed': 1, 'scope': 'train_val', 'edges': 64592, 'elapsed_sec': 0.021607626229524612}
{'event': 'train_sampler_ready', 'seed': 1, 'elapsed_sec': 0.09270013496279716}
{'event': 'val_sampler_ready', 'seed': 1, 'elapsed_sec': 0.16176918148994446}
{'event': 'epoch_start', 'epoch': 1, 'epochs': 3, 'batches': 255, 'time_groups': 255}
{'event': 'train_time_group', 'epoch': 1, 'time_group': 1, 'time_groups': 255, 'batch': 0, 'batches': 255, 'time_value': 1388534400.0, 'group_batches': 1, 'history_edges': 0, 'elapsed_sec': 0.013001859188079834, 'cuda_allocated_mb': 40, 'cuda_reserved_mb': 66, 'cuda_max_allocated_mb': 1087}
{'event': 'train_progress', 'epoch': 1, 'batch': 1, 'batches': 255, 'time_group': 1, 'time_groups': 255, 'history_edges': 0, 'pos_edges': 92, 'neg_edges': 92, 'loss_recent': 6.851006984710693, 'elapsed_sec': 0.17959851771593094, 'avg_sec_per_batch': 0.17959851771593094, 'cuda_allocated_mb': 93, 'cuda_reserved_mb': 172, 'cuda_max_allocated_mb': 1087}
{'event': 'train_progress', 'epoch': 1, 'batch': 100, 'batches': 255, 'time_group': 100, 'time_groups': 255, 'history_edges': 19281, 'pos_edges': 210, 'neg_edges': 210, 'loss_recent': 12.212009129524231, 'elapsed_sec': 23.785260695964098, 'avg_sec_per_batch': 0.23785260695964097, 'cuda_allocated_mb': 99, 'cuda_reserved_mb': 670, 'cuda_max_allocated_mb': 1087}
{'event': 'train_progress', 'epoch': 1, 'batch': 200, 'batches': 255, 'time_group': 200, 'time_groups': 255, 'history_edges': 39468, 'pos_edges': 131, 'neg_edges': 131, 'loss_recent': 11.217082991600037, 'elapsed_sec': 49.533603709191084, 'avg_sec_per_batch': 0.2476680185459554, 'cuda_allocated_mb': 96, 'cuda_reserved_mb': 1030, 'cuda_max_allocated_mb': 1087}
{'event': 'train_time_group', 'epoch': 1, 'time_group': 255, 'time_groups': 255, 'batch': 254, 'batches': 255, 'time_value': 1410480000.0, 'group_batches': 1, 'history_edges': 49740, 'elapsed_sec': 63.78983557596803, 'cuda_allocated_mb': 91, 'cuda_reserved_mb': 1210, 'cuda_max_allocated_mb': 1087}
{'event': 'train_progress', 'epoch': 1, 'batch': 255, 'batches': 255, 'time_group': 255, 'time_groups': 255, 'history_edges': 49740, 'pos_edges': 260, 'neg_edges': 260, 'loss_recent': 10.457368445396423, 'elapsed_sec': 64.07196297869086, 'avg_sec_per_batch': 0.25126259991643474, 'cuda_allocated_mb': 101, 'cuda_reserved_mb': 1210, 'cuda_max_allocated_mb': 1087}
{'event': 'validation_start', 'epoch': 1}
{'event': 'validation_ranking_start', 'epoch': 1, 'max_edges': 30}
{'event': 'epoch_end', 'epoch': 1, 'early_stop_metric': 'val_composite', 'val_score': 0.567670067292364, 'val_auc': 0.9080615997314455, 'val_ap': 0.7670950704556031, 'val_ndcg': 0.9546541588502262, 'val_mrr': 0.3901412883715239, 'val_hits@1': 0.2833333333333333, 'val_hits@10': 0.5833333333333334, 'val_hits@50': 0.8, 'val_hits@100': 0.85, 'elapsed_sec': 92.59376708418131}
{'event': 'epoch_start', 'epoch': 2, 'epochs': 3, 'batches': 255, 'time_groups': 255}
{'event': 'train_time_group', 'epoch': 2, 'time_group': 1, 'time_groups': 255, 'batch': 0, 'batches': 255, 'time_value': 1388534400.0, 'group_batches': 1, 'history_edges': 0, 'elapsed_sec': 0.033902816474437714, 'cuda_allocated_mb': 91, 'cuda_reserved_mb': 1236, 'cuda_max_allocated_mb': 1087}
{'event': 'train_progress', 'epoch': 2, 'batch': 1, 'batches': 255, 'time_group': 1, 'time_groups': 255, 'history_edges': 0, 'pos_edges': 92, 'neg_edges': 92, 'loss_recent': 7.431735038757324, 'elapsed_sec': 0.1999700330197811, 'avg_sec_per_batch': 0.1999700330197811, 'cuda_allocated_mb': 95, 'cuda_reserved_mb': 1236, 'cuda_max_allocated_mb': 1087}
{'event': 'train_progress', 'epoch': 2, 'batch': 100, 'batches': 255, 'time_group': 100, 'time_groups': 255, 'history_edges': 19281, 'pos_edges': 210, 'neg_edges': 210, 'loss_recent': 10.3040300989151, 'elapsed_sec': 23.19705769047141, 'avg_sec_per_batch': 0.23197057690471412, 'cuda_allocated_mb': 99, 'cuda_reserved_mb': 1236, 'cuda_max_allocated_mb': 1087}
{'event': 'train_progress', 'epoch': 2, 'batch': 200, 'batches': 255, 'time_group': 200, 'time_groups': 255, 'history_edges': 39468, 'pos_edges': 131, 'neg_edges': 131, 'loss_recent': 9.575679178237914, 'elapsed_sec': 48.20398636162281, 'avg_sec_per_batch': 0.24101993180811404, 'cuda_allocated_mb': 97, 'cuda_reserved_mb': 1236, 'cuda_max_allocated_mb': 1087}
{'event': 'train_time_group', 'epoch': 2, 'time_group': 255, 'time_groups': 255, 'batch': 254, 'batches': 255, 'time_value': 1410480000.0, 'group_batches': 1, 'history_edges': 49740, 'elapsed_sec': 62.036951307207346, 'cuda_allocated_mb': 91, 'cuda_reserved_mb': 1236, 'cuda_max_allocated_mb': 1087}
{'event': 'train_progress', 'epoch': 2, 'batch': 255, 'batches': 255, 'time_group': 255, 'time_groups': 255, 'history_edges': 49740, 'pos_edges': 260, 'neg_edges': 260, 'loss_recent': 9.032370235919952, 'elapsed_sec': 62.32068054750562, 'avg_sec_per_batch': 0.24439482567649262, 'cuda_allocated_mb': 101, 'cuda_reserved_mb': 1236, 'cuda_max_allocated_mb': 1087}
{'event': 'validation_start', 'epoch': 2}
{'event': 'validation_ranking_start', 'epoch': 2, 'max_edges': 30}
{'event': 'epoch_end', 'epoch': 2, 'early_stop_metric': 'val_composite', 'val_score': 0.5663844434873662, 'val_auc': 0.9207359313964845, 'val_ap': 0.7968243324818894, 'val_ndcg': 0.9609646477417962, 'val_mrr': 0.3761217312088245, 'val_hits@1': 0.26666666666666666, 'val_hits@10': 0.5833333333333334, 'val_hits@50': 0.8166666666666667, 'val_hits@100': 0.8666666666666667, 'elapsed_sec': 91.52106674388051}
{'event': 'epoch_start', 'epoch': 3, 'epochs': 3, 'batches': 255, 'time_groups': 255}
{'event': 'train_time_group', 'epoch': 3, 'time_group': 1, 'time_groups': 255, 'batch': 0, 'batches': 255, 'time_value': 1388534400.0, 'group_batches': 1, 'history_edges': 0, 'elapsed_sec': 0.03601919859647751, 'cuda_allocated_mb': 91, 'cuda_reserved_mb': 1236, 'cuda_max_allocated_mb': 1087}
{'event': 'train_progress', 'epoch': 3, 'batch': 1, 'batches': 255, 'time_group': 1, 'time_groups': 255, 'history_edges': 0, 'pos_edges': 92, 'neg_edges': 92, 'loss_recent': 7.127697944641113, 'elapsed_sec': 0.20675019919872284, 'avg_sec_per_batch': 0.20675019919872284, 'cuda_allocated_mb': 95, 'cuda_reserved_mb': 1236, 'cuda_max_allocated_mb': 1087}
{'event': 'train_progress', 'epoch': 3, 'batch': 100, 'batches': 255, 'time_group': 100, 'time_groups': 255, 'history_edges': 19281, 'pos_edges': 210, 'neg_edges': 210, 'loss_recent': 9.187325727939605, 'elapsed_sec': 24.32851790636778, 'avg_sec_per_batch': 0.24328517906367778, 'cuda_allocated_mb': 99, 'cuda_reserved_mb': 1236, 'cuda_max_allocated_mb': 1087}
{'event': 'train_progress', 'epoch': 3, 'batch': 200, 'batches': 255, 'time_group': 200, 'time_groups': 255, 'history_edges': 39468, 'pos_edges': 131, 'neg_edges': 131, 'loss_recent': 8.387802708148957, 'elapsed_sec': 50.289850767701864, 'avg_sec_per_batch': 0.2514492538385093, 'cuda_allocated_mb': 97, 'cuda_reserved_mb': 1236, 'cuda_max_allocated_mb': 1087}
{'event': 'train_time_group', 'epoch': 3, 'time_group': 255, 'time_groups': 255, 'batch': 254, 'batches': 255, 'time_value': 1410480000.0, 'group_batches': 1, 'history_edges': 49740, 'elapsed_sec': 64.95986421406269, 'cuda_allocated_mb': 91, 'cuda_reserved_mb': 1236, 'cuda_max_allocated_mb': 1087}
{'event': 'train_progress', 'epoch': 3, 'batch': 255, 'batches': 255, 'time_group': 255, 'time_groups': 255, 'history_edges': 49740, 'pos_edges': 260, 'neg_edges': 260, 'loss_recent': 7.896658492088318, 'elapsed_sec': 65.26072666421533, 'avg_sec_per_batch': 0.2559244182910405, 'cuda_allocated_mb': 100, 'cuda_reserved_mb': 1236, 'cuda_max_allocated_mb': 1087}
{'event': 'validation_start', 'epoch': 3}
{'event': 'validation_ranking_start', 'epoch': 3, 'max_edges': 30}
{'event': 'epoch_end', 'epoch': 3, 'early_stop_metric': 'val_composite', 'val_score': 0.5619928309911553, 'val_auc': 0.9210590362548828, 'val_ap': 0.7986964122189549, 'val_ndcg': 0.9612055585620599, 'val_mrr': 0.3733630563120572, 'val_hits@1': 0.25, 'val_hits@10': 0.5666666666666667, 'val_hits@50': 0.8, 'val_hits@100': 0.8333333333333334, 'elapsed_sec': 96.53925413265824}
{'candidate': 'global_relpop_rep_enhanced_probe_h96_r12_a12_p4x4_l1_neg1_lr0p001_hp1_relpopfix48_sr0p01_sa0p001_rep16s0p05_rl0p001_m0_bpr', 'seed': 1, 'composite': nan, 'val_auc': 0.9080615997314455, 'val_ap': 0.7670950704556031, 'val_ndcg': 0.9546541588502262, 'val_mrr': 0.3901412883715239, 'val_hits@1': 0.2833333333333333, 'val_hits@10': 0.5833333333333334, 'val_hits@50': 0.8, 'val_hits@100': 0.85, 'train_loss': 11.324685695124607, 'train_lp': 0.40877529558013465, 'train_align': 2096.7908940333946, 'train_kl': 4290.370910883885, 'train_ood_reg': 0.23102210088103425, 'train_meta': 0.41273845375752916, 'train_struct_aux': 0.6243329952744877, 'train_weighted_align': 10.483954243566476, 'train_weighted_kl': 0.429037080617512, 'train_weighted_ood_reg': 0.00023102211188433656, 'train_weighted_meta': 0.0020636922237006767, 'train_weighted_struct_aux': 0.0006243330247325859, 'train_rank': 0.19910886576947043, 'train_weighted_rank': 0.00019910887487782804}
{'event': 'candidate_summary', 'candidate': 'global_relpop_rep_enhanced_probe_h96_r12_a12_p4x4_l1_neg1_lr0p001_hp1_relpopfix48_sr0p01_sa0p001_rep16s0p05_rl0p001_m0_bpr', 'score': 0.567670067292364, 'passes_metric_minima': True, 'means': {'val_auc': 0.9080615997314455, 'val_ap': 0.7670950704556031, 'val_mrr': 0.3901412883715239, 'val_hits@10': 0.5833333333333334, 'val_ndcg': 0.9546541588502262}, 'seeds_completed': 1}
