
$ /root/miniconda3/bin/python -u scripts/search_hparams.py --config configs/auto_target/ssptgfm_search_icews14_rankloss_micro_fastscan.yaml --output results/auto_target_icews14_rankloss_micro/search_icews14_rankloss_micro_fastscan --resume
runtime_device=cuda
cuda_device=Tesla V100-PCIE-32GB
{'event': 'candidate_seed_start', 'candidate': 'rankloss_micro_fastscan_h96_r12_a12_p4x4_l1_neg1_lr0p001_rl0p1_m0p75', 'seed': 1, 'device': 'cuda', 'node_text_device': 'cuda:0'}
{'event': 'train_seed_start', 'seed': 1, 'train_edges': 10000, 'val_edges': 14592, 'test_edges': 14378, 'num_nodes': 7128, 'num_relations': 230}
{'event': 'train_seed_tensors_ready', 'seed': 1, 'elapsed_sec': 0.0076573193073272705, 'cuda_allocated_mb': 21, 'cuda_reserved_mb': 24, 'cuda_max_allocated_mb': 21}
{'event': 'train_known_facts_ready', 'seed': 1, 'scope': 'train', 'edges': 10000, 'elapsed_sec': 0.010396275669336319}
{'event': 'train_known_facts_ready', 'seed': 1, 'scope': 'train_val', 'edges': 24592, 'elapsed_sec': 0.012840434908866882}
{'event': 'train_sampler_ready', 'seed': 1, 'elapsed_sec': 0.015731625258922577}
{'event': 'val_sampler_ready', 'seed': 1, 'elapsed_sec': 0.018192999064922333}
{'event': 'epoch_start', 'epoch': 1, 'epochs': 1, 'batches': 45, 'time_groups': 45}
{'event': 'train_time_group', 'epoch': 1, 'time_group': 1, 'time_groups': 45, 'batch': 0, 'batches': 45, 'time_value': 1388534400.0, 'group_batches': 1, 'history_edges': 0, 'elapsed_sec': 0.015930257737636566, 'cuda_allocated_mb': 21, 'cuda_reserved_mb': 24, 'cuda_max_allocated_mb': 21}
{'event': 'train_progress', 'epoch': 1, 'batch': 1, 'batches': 45, 'time_group': 1, 'time_groups': 45, 'history_edges': 0, 'pos_edges': 113, 'neg_edges': 113, 'loss_recent': 8.123932838439941, 'elapsed_sec': 1.1138322278857231, 'avg_sec_per_batch': 1.1138322278857231, 'cuda_allocated_mb': 89, 'cuda_reserved_mb': 172, 'cuda_max_allocated_mb': 158}
{'event': 'train_time_group', 'epoch': 1, 'time_group': 45, 'time_groups': 45, 'batch': 44, 'batches': 45, 'time_value': 1392336000.0, 'group_batches': 1, 'history_edges': 9722, 'elapsed_sec': 11.074641812592745, 'cuda_allocated_mb': 86, 'cuda_reserved_mb': 468, 'cuda_max_allocated_mb': 425}
{'event': 'train_progress', 'epoch': 1, 'batch': 45, 'batches': 45, 'time_group': 45, 'time_groups': 45, 'history_edges': 9722, 'pos_edges': 278, 'neg_edges': 278, 'loss_recent': 14.371159744262695, 'elapsed_sec': 11.311404753476381, 'avg_sec_per_batch': 0.2513645500772529, 'cuda_allocated_mb': 95, 'cuda_reserved_mb': 468, 'cuda_max_allocated_mb': 428}
{'event': 'validation_start', 'epoch': 1}
{'event': 'validation_ranking_start', 'epoch': 1, 'max_edges': 3}
{'event': 'epoch_end', 'epoch': 1, 'early_stop_metric': 'val_composite', 'val_score': 0.2258741279290244, 'val_auc': 0.8204752604166666, 'val_ap': 0.6907183623452423, 'val_ndcg': 0.9216741651003679, 'val_mrr': 0.05925766230603643, 'val_hits@1': 0.0, 'val_hits@10': 0.16666666666666666, 'val_hits@50': 0.3333333333333333, 'val_hits@100': 0.6666666666666666, 'elapsed_sec': 17.766915701329708}
{'candidate': 'rankloss_micro_fastscan_h96_r12_a12_p4x4_l1_neg1_lr0p001_rl0p1_m0p75', 'seed': 1, 'composite': nan, 'val_auc': 0.8204752604166666, 'val_ap': 0.6907183623452423, 'val_ndcg': 0.9216741651003679, 'val_mrr': 0.05925766230603643, 'val_hits@1': 0.0, 'val_hits@10': 0.16666666666666666, 'val_hits@50': 0.3333333333333333, 'val_hits@100': 0.6666666666666666, 'train_loss': 14.371159744262695, 'train_lp': 0.5986252049605052, 'train_align': 2632.331277126736, 'train_kl': 6076.644813368055, 'train_ood_reg': 0.23145595424705082, 'train_meta': 0.5964686638779111, 'train_weighted_align': 13.161656188964844, 'train_weighted_kl': 0.6076644672287835, 'train_weighted_ood_reg': 0.00023145596529098434, 'train_weighted_meta': 0.002982343234018319, 'train_rank': 0.47937400771511923, 'train_weighted_rank': 0.047937401880820595}
{'event': 'candidate_summary', 'candidate': 'rankloss_micro_fastscan_h96_r12_a12_p4x4_l1_neg1_lr0p001_rl0p1_m0p75', 'score': 0.2258741279290244, 'passes_metric_minima': True, 'means': {'val_auc': 0.8204752604166666, 'val_ap': 0.6907183623452423, 'val_mrr': 0.05925766230603643, 'val_hits@10': 0.16666666666666666, 'val_ndcg': 0.9216741651003679}, 'seeds_completed': 1}
{'event': 'candidate_seed_start', 'candidate': 'rankloss_micro_fastscan_h96_r12_a12_p4x4_l1_neg1_lr0p001_rl0p2_m0p5', 'seed': 1, 'device': 'cuda', 'node_text_device': 'cuda:0'}
{'event': 'train_seed_start', 'seed': 1, 'train_edges': 10000, 'val_edges': 14592, 'test_edges': 14378, 'num_nodes': 7128, 'num_relations': 230}
{'event': 'train_seed_tensors_ready', 'seed': 1, 'elapsed_sec': 0.007880233228206635, 'cuda_allocated_mb': 37, 'cuda_reserved_mb': 64, 'cuda_max_allocated_mb': 428}
{'event': 'train_known_facts_ready', 'seed': 1, 'scope': 'train', 'edges': 10000, 'elapsed_sec': 0.010193374007940292}
{'event': 'train_known_facts_ready', 'seed': 1, 'scope': 'train_val', 'edges': 24592, 'elapsed_sec': 0.01331586018204689}
{'event': 'train_sampler_ready', 'seed': 1, 'elapsed_sec': 0.016475088894367218}
{'event': 'val_sampler_ready', 'seed': 1, 'elapsed_sec': 0.019053377211093903}
{'event': 'epoch_start', 'epoch': 1, 'epochs': 1, 'batches': 45, 'time_groups': 45}
{'event': 'train_time_group', 'epoch': 1, 'time_group': 1, 'time_groups': 45, 'batch': 0, 'batches': 45, 'time_value': 1388534400.0, 'group_batches': 1, 'history_edges': 0, 'elapsed_sec': 0.005553118884563446, 'cuda_allocated_mb': 38, 'cuda_reserved_mb': 64, 'cuda_max_allocated_mb': 428}
{'event': 'train_progress', 'epoch': 1, 'batch': 1, 'batches': 45, 'time_group': 1, 'time_groups': 45, 'history_edges': 0, 'pos_edges': 113, 'neg_edges': 113, 'loss_recent': 8.123932838439941, 'elapsed_sec': 0.17542704567313194, 'avg_sec_per_batch': 0.17542704567313194, 'cuda_allocated_mb': 89, 'cuda_reserved_mb': 172, 'cuda_max_allocated_mb': 428}
{'event': 'train_time_group', 'epoch': 1, 'time_group': 45, 'time_groups': 45, 'batch': 44, 'batches': 45, 'time_value': 1392336000.0, 'group_batches': 1, 'history_edges': 9722, 'elapsed_sec': 9.933789677917957, 'cuda_allocated_mb': 86, 'cuda_reserved_mb': 468, 'cuda_max_allocated_mb': 428}
{'event': 'train_progress', 'epoch': 1, 'batch': 45, 'batches': 45, 'time_group': 45, 'time_groups': 45, 'history_edges': 9722, 'pos_edges': 278, 'neg_edges': 278, 'loss_recent': 14.373959657880995, 'elapsed_sec': 10.17182082310319, 'avg_sec_per_batch': 0.22604046273562645, 'cuda_allocated_mb': 95, 'cuda_reserved_mb': 468, 'cuda_max_allocated_mb': 428}
{'event': 'validation_start', 'epoch': 1}
{'event': 'validation_ranking_start', 'epoch': 1, 'max_edges': 3}
{'event': 'epoch_end', 'epoch': 1, 'early_stop_metric': 'val_composite', 'val_score': 0.2351550633443268, 'val_auc': 0.8201904296875, 'val_ap': 0.6918685629625421, 'val_ndcg': 0.9184104673317803, 'val_mrr': 0.07292057187425706, 'val_hits@1': 0.0, 'val_hits@10': 0.16666666666666666, 'val_hits@50': 0.3333333333333333, 'val_hits@100': 0.5, 'elapsed_sec': 16.66131591796875}
{'candidate': 'rankloss_micro_fastscan_h96_r12_a12_p4x4_l1_neg1_lr0p001_rl0p2_m0p5', 'seed': 1, 'composite': nan, 'val_auc': 0.8201904296875, 'val_ap': 0.6918685629625421, 'val_ndcg': 0.9184104673317803, 'val_mrr': 0.07292057187425706, 'val_hits@1': 0.0, 'val_hits@10': 0.16666666666666666, 'val_hits@50': 0.3333333333333333, 'val_hits@100': 0.5, 'train_loss': 14.373959657880995, 'train_lp': 0.6009553048345778, 'train_align': 2632.3652180989584, 'train_kl': 6079.493785264757, 'train_ood_reg': 0.2314464592271381, 'train_meta': 0.5995735539330377, 'train_weighted_align': 13.1618257522583, 'train_weighted_kl': 0.6079493645164702, 'train_weighted_ood_reg': 0.0002314464703279858, 'train_weighted_meta': 0.002997867695780264, 'train_rank': 0.30041749344931706, 'train_weighted_rank': 0.060083499509427284}
{'event': 'candidate_summary', 'candidate': 'rankloss_micro_fastscan_h96_r12_a12_p4x4_l1_neg1_lr0p001_rl0p2_m0p5', 'score': 0.2351550633443268, 'passes_metric_minima': True, 'means': {'val_auc': 0.8201904296875, 'val_ap': 0.6918685629625421, 'val_mrr': 0.07292057187425706, 'val_hits@10': 0.16666666666666666, 'val_ndcg': 0.9184104673317803}, 'seeds_completed': 1}
