runtime_device=cuda
cuda_device=Tesla V100-PCIE-32GB
{'event': 'seed_start', 'dataset': 'yago15k-temporal', 'ablation': 'full', 'seed': 5, 'device': 'cuda', 'node_text_device': 'cuda:0'}
{'event': 'train_seed_start', 'seed': 5, 'train_edges': 3244, 'val_edges': 6738, 'test_edges': 26719, 'num_nodes': 4197, 'num_relations': 19}
{'event': 'train_seed_tensors_ready', 'seed': 5, 'elapsed_sec': 0.00974050909280777, 'cuda_allocated_mb': 11, 'cuda_reserved_mb': 24, 'cuda_max_allocated_mb': 11}
{'event': 'train_known_facts_ready', 'seed': 5, 'scope': 'train', 'edges': 3244, 'elapsed_sec': 0.012891154736280441}
{'event': 'train_known_facts_ready', 'seed': 5, 'scope': 'train_val', 'edges': 9982, 'elapsed_sec': 0.014408167451620102}
{'event': 'train_sampler_ready', 'seed': 5, 'elapsed_sec': 0.021443471312522888}
{'event': 'val_sampler_ready', 'seed': 5, 'elapsed_sec': 0.028017651289701462}
{'event': 'epoch_start', 'epoch': 1, 'epochs': 24, 'batches': 118, 'time_groups': 118}
{'event': 'train_time_group', 'epoch': 1, 'time_group': 1, 'time_groups': 118, 'batch': 0, 'batches': 118, 'time_value': 600.0, 'group_batches': 1, 'history_edges': 0, 'elapsed_sec': 0.01679059863090515, 'cuda_allocated_mb': 11, 'cuda_reserved_mb': 24, 'cuda_max_allocated_mb': 11}
{'event': 'train_progress', 'epoch': 1, 'batch': 1, 'batches': 118, 'time_group': 1, 'time_groups': 118, 'history_edges': 0, 'pos_edges': 1, 'neg_edges': 1, 'loss_recent': 0.737413227558136, 'elapsed_sec': 1.2216357812285423, 'avg_sec_per_batch': 1.2216357812285423, 'cuda_allocated_mb': 55, 'cuda_reserved_mb': 116, 'cuda_max_allocated_mb': 103}
{'event': 'train_progress', 'epoch': 1, 'batch': 100, 'batches': 118, 'time_group': 100, 'time_groups': 118, 'history_edges': 2144, 'pos_edges': 38, 'neg_edges': 38, 'loss_recent': 2.8119599360227583, 'elapsed_sec': 50.947957172989845, 'avg_sec_per_batch': 0.5094795717298984, 'cuda_allocated_mb': 64, 'cuda_reserved_mb': 1154, 'cuda_max_allocated_mb': 1063}
{'event': 'train_time_group', 'epoch': 1, 'time_group': 118, 'time_groups': 118, 'batch': 117, 'batches': 118, 'time_value': 1966.0, 'group_batches': 1, 'history_edges': 3153, 'elapsed_sec': 66.55947995185852, 'cuda_allocated_mb': 56, 'cuda_reserved_mb': 1194, 'cuda_max_allocated_mb': 1098}
{'event': 'train_progress', 'epoch': 1, 'batch': 118, 'batches': 118, 'time_group': 118, 'time_groups': 118, 'history_edges': 3153, 'pos_edges': 91, 'neg_edges': 91, 'loss_recent': 3.7998828053474427, 'elapsed_sec': 67.39218111336231, 'avg_sec_per_batch': 0.5711201789267992, 'cuda_allocated_mb': 64, 'cuda_reserved_mb': 1194, 'cuda_max_allocated_mb': 1101}
{'event': 'validation_start', 'epoch': 1}
{'event': 'validation_ranking_start', 'epoch': 1, 'max_edges': 150}
{'event': 'epoch_end', 'epoch': 1, 'early_stop_metric': 'val_composite', 'val_score': 0.24854889631368493, 'val_auc': 0.583045607238523, 'val_ap': 0.13325886872786724, 'val_ndcg': 0.789627141136627, 'val_mrr': 0.13022347639116527, 'val_hits@1': 0.06333333333333334, 'val_hits@10': 0.27666666666666667, 'val_hits@50': 0.4533333333333333, 'val_hits@100': 0.52, 'elapsed_sec': 141.09477961435914}
{'event': 'epoch_start', 'epoch': 2, 'epochs': 24, 'batches': 118, 'time_groups': 118}
{'event': 'train_time_group', 'epoch': 2, 'time_group': 1, 'time_groups': 118, 'batch': 0, 'batches': 118, 'time_value': 600.0, 'group_batches': 1, 'history_edges': 0, 'elapsed_sec': 0.008244547992944717, 'cuda_allocated_mb': 56, 'cuda_reserved_mb': 1220, 'cuda_max_allocated_mb': 1101}
{'event': 'train_progress', 'epoch': 2, 'batch': 1, 'batches': 118, 'time_group': 1, 'time_groups': 118, 'history_edges': 0, 'pos_edges': 1, 'neg_edges': 1, 'loss_recent': 0.9459261894226074, 'elapsed_sec': 0.23758693039417267, 'avg_sec_per_batch': 0.23758693039417267, 'cuda_allocated_mb': 56, 'cuda_reserved_mb': 1220, 'cuda_max_allocated_mb': 1101}
{'event': 'train_progress', 'epoch': 2, 'batch': 100, 'batches': 118, 'time_group': 100, 'time_groups': 118, 'history_edges': 2144, 'pos_edges': 38, 'neg_edges': 38, 'loss_recent': 2.316221810132265, 'elapsed_sec': 50.41177425906062, 'avg_sec_per_batch': 0.5041177425906063, 'cuda_allocated_mb': 64, 'cuda_reserved_mb': 1220, 'cuda_max_allocated_mb': 1101}
{'event': 'train_time_group', 'epoch': 2, 'time_group': 118, 'time_groups': 118, 'batch': 117, 'batches': 118, 'time_value': 1966.0, 'group_batches': 1, 'history_edges': 3153, 'elapsed_sec': 66.36358614638448, 'cuda_allocated_mb': 56, 'cuda_reserved_mb': 1220, 'cuda_max_allocated_mb': 1101}
{'event': 'train_progress', 'epoch': 2, 'batch': 118, 'batches': 118, 'time_group': 118, 'time_groups': 118, 'history_edges': 3153, 'pos_edges': 91, 'neg_edges': 91, 'loss_recent': 3.072862742692232, 'elapsed_sec': 67.40141143649817, 'avg_sec_per_batch': 0.5711984020042218, 'cuda_allocated_mb': 64, 'cuda_reserved_mb': 1220, 'cuda_max_allocated_mb': 1101}
{'event': 'validation_start', 'epoch': 2}
{'event': 'validation_ranking_start', 'epoch': 2, 'max_edges': 150}
{'event': 'epoch_end', 'epoch': 2, 'early_stop_metric': 'val_composite', 'val_score': 0.25586191164718225, 'val_auc': 0.5804882877872835, 'val_ap': 0.1365829716319892, 'val_ndcg': 0.7940425664770384, 'val_mrr': 0.13789158973063176, 'val_hits@1': 0.07, 'val_hits@10': 0.29, 'val_hits@50': 0.49, 'val_hits@100': 0.59, 'elapsed_sec': 139.635216999799}
{'event': 'epoch_start', 'epoch': 3, 'epochs': 24, 'batches': 118, 'time_groups': 118}
{'event': 'train_time_group', 'epoch': 3, 'time_group': 1, 'time_groups': 118, 'batch': 0, 'batches': 118, 'time_value': 600.0, 'group_batches': 1, 'history_edges': 0, 'elapsed_sec': 0.008033014833927155, 'cuda_allocated_mb': 56, 'cuda_reserved_mb': 1220, 'cuda_max_allocated_mb': 1101}
{'event': 'train_progress', 'epoch': 3, 'batch': 1, 'batches': 118, 'time_group': 1, 'time_groups': 118, 'history_edges': 0, 'pos_edges': 1, 'neg_edges': 1, 'loss_recent': 0.42149731516838074, 'elapsed_sec': 0.17913660779595375, 'avg_sec_per_batch': 0.17913660779595375, 'cuda_allocated_mb': 56, 'cuda_reserved_mb': 1220, 'cuda_max_allocated_mb': 1101}
{'event': 'train_progress', 'epoch': 3, 'batch': 100, 'batches': 118, 'time_group': 100, 'time_groups': 118, 'history_edges': 2144, 'pos_edges': 38, 'neg_edges': 38, 'loss_recent': 1.964725706130266, 'elapsed_sec': 51.08189592510462, 'avg_sec_per_batch': 0.5108189592510461, 'cuda_allocated_mb': 64, 'cuda_reserved_mb': 1220, 'cuda_max_allocated_mb': 1101}
{'event': 'train_time_group', 'epoch': 3, 'time_group': 118, 'time_groups': 118, 'batch': 117, 'batches': 118, 'time_value': 1966.0, 'group_batches': 1, 'history_edges': 3153, 'elapsed_sec': 66.89873515069485, 'cuda_allocated_mb': 56, 'cuda_reserved_mb': 1220, 'cuda_max_allocated_mb': 1101}
{'event': 'train_progress', 'epoch': 3, 'batch': 118, 'batches': 118, 'time_group': 118, 'time_groups': 118, 'history_edges': 3153, 'pos_edges': 91, 'neg_edges': 91, 'loss_recent': 2.5274148316681386, 'elapsed_sec': 67.92294379323721, 'avg_sec_per_batch': 0.5756181677392984, 'cuda_allocated_mb': 64, 'cuda_reserved_mb': 1220, 'cuda_max_allocated_mb': 1101}
{'event': 'validation_start', 'epoch': 3}
{'event': 'validation_ranking_start', 'epoch': 3, 'max_edges': 150}
{'event': 'epoch_end', 'epoch': 3, 'early_stop_metric': 'val_composite', 'val_score': 0.28472665810868625, 'val_auc': 0.5992750080813831, 'val_ap': 0.14612988898889273, 'val_ndcg': 0.7998938267860997, 'val_mrr': 0.15504141668867974, 'val_hits@1': 0.07, 'val_hits@10': 0.37666666666666665, 'val_hits@50': 0.52, 'val_hits@100': 0.6633333333333333, 'elapsed_sec': 141.77219129353762}
{'event': 'epoch_start', 'epoch': 4, 'epochs': 24, 'batches': 118, 'time_groups': 118}
{'event': 'train_time_group', 'epoch': 4, 'time_group': 1, 'time_groups': 118, 'batch': 0, 'batches': 118, 'time_value': 600.0, 'group_batches': 1, 'history_edges': 0, 'elapsed_sec': 0.0077696070075035095, 'cuda_allocated_mb': 56, 'cuda_reserved_mb': 1220, 'cuda_max_allocated_mb': 1101}
{'event': 'train_progress', 'epoch': 4, 'batch': 1, 'batches': 118, 'time_group': 1, 'time_groups': 118, 'history_edges': 0, 'pos_edges': 1, 'neg_edges': 1, 'loss_recent': 0.6071199774742126, 'elapsed_sec': 0.17725681141018867, 'avg_sec_per_batch': 0.17725681141018867, 'cuda_allocated_mb': 56, 'cuda_reserved_mb': 1220, 'cuda_max_allocated_mb': 1101}
{'event': 'train_progress', 'epoch': 4, 'batch': 100, 'batches': 118, 'time_group': 100, 'time_groups': 118, 'history_edges': 2144, 'pos_edges': 38, 'neg_edges': 38, 'loss_recent': 1.7726341468840838, 'elapsed_sec': 50.47662974521518, 'avg_sec_per_batch': 0.5047662974521517, 'cuda_allocated_mb': 64, 'cuda_reserved_mb': 1220, 'cuda_max_allocated_mb': 1101}
{'event': 'train_time_group', 'epoch': 4, 'time_group': 118, 'time_groups': 118, 'batch': 117, 'batches': 118, 'time_value': 1966.0, 'group_batches': 1, 'history_edges': 3153, 'elapsed_sec': 66.2923962622881, 'cuda_allocated_mb': 56, 'cuda_reserved_mb': 1220, 'cuda_max_allocated_mb': 1101}
{'event': 'train_progress', 'epoch': 4, 'batch': 118, 'batches': 118, 'time_group': 118, 'time_groups': 118, 'history_edges': 3153, 'pos_edges': 91, 'neg_edges': 91, 'loss_recent': 2.264940852895379, 'elapsed_sec': 67.37309573963284, 'avg_sec_per_batch': 0.5709584384714648, 'cuda_allocated_mb': 64, 'cuda_reserved_mb': 1220, 'cuda_max_allocated_mb': 1101}
{'event': 'validation_start', 'epoch': 4}
{'event': 'validation_ranking_start', 'epoch': 4, 'max_edges': 150}
{'event': 'epoch_end', 'epoch': 4, 'early_stop_metric': 'val_composite', 'val_score': 0.29231329528205363, 'val_auc': 0.589879919985276, 'val_ap': 0.14753292832798734, 'val_ndcg': 0.800847019357307, 'val_mrr': 0.1612093161957221, 'val_hits@1': 0.07333333333333333, 'val_hits@10': 0.4, 'val_hits@50': 0.51, 'val_hits@100': 0.65, 'elapsed_sec': 142.32125160843134}
{'event': 'epoch_start', 'epoch': 5, 'epochs': 24, 'batches': 118, 'time_groups': 118}
{'event': 'train_time_group', 'epoch': 5, 'time_group': 1, 'time_groups': 118, 'batch': 0, 'batches': 118, 'time_value': 600.0, 'group_batches': 1, 'history_edges': 0, 'elapsed_sec': 0.009309396147727966, 'cuda_allocated_mb': 56, 'cuda_reserved_mb': 1220, 'cuda_max_allocated_mb': 1101}
{'event': 'train_progress', 'epoch': 5, 'batch': 1, 'batches': 118, 'time_group': 1, 'time_groups': 118, 'history_edges': 0, 'pos_edges': 1, 'neg_edges': 1, 'loss_recent': 0.2142983227968216, 'elapsed_sec': 0.23067425191402435, 'avg_sec_per_batch': 0.23067425191402435, 'cuda_allocated_mb': 56, 'cuda_reserved_mb': 1220, 'cuda_max_allocated_mb': 1101}
{'event': 'train_progress', 'epoch': 5, 'batch': 100, 'batches': 118, 'time_group': 100, 'time_groups': 118, 'history_edges': 2144, 'pos_edges': 38, 'neg_edges': 38, 'loss_recent': 1.6509923759475351, 'elapsed_sec': 51.50998128578067, 'avg_sec_per_batch': 0.5150998128578067, 'cuda_allocated_mb': 64, 'cuda_reserved_mb': 1220, 'cuda_max_allocated_mb': 1101}
{'event': 'train_time_group', 'epoch': 5, 'time_group': 118, 'time_groups': 118, 'batch': 117, 'batches': 118, 'time_value': 1966.0, 'group_batches': 1, 'history_edges': 3153, 'elapsed_sec': 67.3788254223764, 'cuda_allocated_mb': 56, 'cuda_reserved_mb': 1220, 'cuda_max_allocated_mb': 1101}
{'event': 'train_progress', 'epoch': 5, 'batch': 118, 'batches': 118, 'time_group': 118, 'time_groups': 118, 'history_edges': 3153, 'pos_edges': 91, 'neg_edges': 91, 'loss_recent': 2.125041237436235, 'elapsed_sec': 68.27540890872478, 'avg_sec_per_batch': 0.5786051602434303, 'cuda_allocated_mb': 64, 'cuda_reserved_mb': 1220, 'cuda_max_allocated_mb': 1101}
{'event': 'validation_start', 'epoch': 5}
{'event': 'validation_ranking_start', 'epoch': 5, 'max_edges': 150}
{'event': 'epoch_end', 'epoch': 5, 'early_stop_metric': 'val_composite', 'val_score': 0.2953733976959193, 'val_auc': 0.5795442692398813, 'val_ap': 0.14898008533498372, 'val_ndcg': 0.8009269112264286, 'val_mrr': 0.17057962728873632, 'val_hits@1': 0.07333333333333333, 'val_hits@10': 0.3933333333333333, 'val_hits@50': 0.4766666666666667, 'val_hits@100': 0.5933333333333334, 'elapsed_sec': 143.8123842291534}
{'event': 'epoch_start', 'epoch': 6, 'epochs': 24, 'batches': 118, 'time_groups': 118}
{'event': 'train_time_group', 'epoch': 6, 'time_group': 1, 'time_groups': 118, 'batch': 0, 'batches': 118, 'time_value': 600.0, 'group_batches': 1, 'history_edges': 0, 'elapsed_sec': 0.00831344723701477, 'cuda_allocated_mb': 56, 'cuda_reserved_mb': 1220, 'cuda_max_allocated_mb': 1101}
{'event': 'train_progress', 'epoch': 6, 'batch': 1, 'batches': 118, 'time_group': 1, 'time_groups': 118, 'history_edges': 0, 'pos_edges': 1, 'neg_edges': 1, 'loss_recent': 0.42854151129722595, 'elapsed_sec': 0.2038101889193058, 'avg_sec_per_batch': 0.2038101889193058, 'cuda_allocated_mb': 56, 'cuda_reserved_mb': 1220, 'cuda_max_allocated_mb': 1101}
{'event': 'train_progress', 'epoch': 6, 'batch': 100, 'batches': 118, 'time_group': 100, 'time_groups': 118, 'history_edges': 2144, 'pos_edges': 38, 'neg_edges': 38, 'loss_recent': 1.5169581177830695, 'elapsed_sec': 55.518446020781994, 'avg_sec_per_batch': 0.55518446020782, 'cuda_allocated_mb': 64, 'cuda_reserved_mb': 1220, 'cuda_max_allocated_mb': 1101}
{'event': 'train_time_group', 'epoch': 6, 'time_group': 118, 'time_groups': 118, 'batch': 117, 'batches': 118, 'time_value': 1966.0, 'group_batches': 1, 'history_edges': 3153, 'elapsed_sec': 71.9046383164823, 'cuda_allocated_mb': 56, 'cuda_reserved_mb': 1220, 'cuda_max_allocated_mb': 1101}
{'event': 'train_progress', 'epoch': 6, 'batch': 118, 'batches': 118, 'time_group': 118, 'time_groups': 118, 'history_edges': 3153, 'pos_edges': 91, 'neg_edges': 91, 'loss_recent': 1.9163117938488723, 'elapsed_sec': 72.82814029604197, 'avg_sec_per_batch': 0.6171876296274743, 'cuda_allocated_mb': 63, 'cuda_reserved_mb': 1220, 'cuda_max_allocated_mb': 1101}
{'event': 'validation_start', 'epoch': 6}
{'event': 'validation_ranking_start', 'epoch': 6, 'max_edges': 150}
{'event': 'epoch_end', 'epoch': 6, 'early_stop_metric': 'val_composite', 'val_score': 0.29245600954113454, 'val_auc': 0.5689995895212412, 'val_ap': 0.1445500824132525, 'val_ndcg': 0.7994538619881401, 'val_mrr': 0.16742292967520792, 'val_hits@1': 0.07333333333333333, 'val_hits@10': 0.3933333333333333, 'val_hits@50': 0.47333333333333333, 'val_hits@100': 0.5533333333333333, 'elapsed_sec': 150.02187978103757}
{'event': 'epoch_start', 'epoch': 7, 'epochs': 24, 'batches': 118, 'time_groups': 118}
{'event': 'train_time_group', 'epoch': 7, 'time_group': 1, 'time_groups': 118, 'batch': 0, 'batches': 118, 'time_value': 600.0, 'group_batches': 1, 'history_edges': 0, 'elapsed_sec': 0.007965244352817535, 'cuda_allocated_mb': 56, 'cuda_reserved_mb': 1220, 'cuda_max_allocated_mb': 1101}
{'event': 'train_progress', 'epoch': 7, 'batch': 1, 'batches': 118, 'time_group': 1, 'time_groups': 118, 'history_edges': 0, 'pos_edges': 1, 'neg_edges': 1, 'loss_recent': 0.34917518496513367, 'elapsed_sec': 0.19220539554953575, 'avg_sec_per_batch': 0.19220539554953575, 'cuda_allocated_mb': 56, 'cuda_reserved_mb': 1220, 'cuda_max_allocated_mb': 1101}
{'event': 'train_progress', 'epoch': 7, 'batch': 100, 'batches': 118, 'time_group': 100, 'time_groups': 118, 'history_edges': 2144, 'pos_edges': 38, 'neg_edges': 38, 'loss_recent': 1.5312411293759942, 'elapsed_sec': 46.66062167286873, 'avg_sec_per_batch': 0.4666062167286873, 'cuda_allocated_mb': 64, 'cuda_reserved_mb': 1220, 'cuda_max_allocated_mb': 1101}
{'event': 'train_time_group', 'epoch': 7, 'time_group': 118, 'time_groups': 118, 'batch': 117, 'batches': 118, 'time_value': 1966.0, 'group_batches': 1, 'history_edges': 3153, 'elapsed_sec': 60.272704757750034, 'cuda_allocated_mb': 56, 'cuda_reserved_mb': 1220, 'cuda_max_allocated_mb': 1101}
{'event': 'train_progress', 'epoch': 7, 'batch': 118, 'batches': 118, 'time_group': 118, 'time_groups': 118, 'history_edges': 3153, 'pos_edges': 91, 'neg_edges': 91, 'loss_recent': 1.864191039837897, 'elapsed_sec': 61.124161291867495, 'avg_sec_per_batch': 0.518001366880233, 'cuda_allocated_mb': 63, 'cuda_reserved_mb': 1220, 'cuda_max_allocated_mb': 1101}
{'event': 'validation_start', 'epoch': 7}
{'event': 'validation_ranking_start', 'epoch': 7, 'max_edges': 150}
{'event': 'epoch_end', 'epoch': 7, 'early_stop_metric': 'val_composite', 'val_score': 0.3030191585146511, 'val_auc': 0.5717339361970284, 'val_ap': 0.14756913894184073, 'val_ndcg': 0.8011174917190149, 'val_mrr': 0.18437068338324408, 'val_hits@1': 0.08666666666666667, 'val_hits@10': 0.4, 'val_hits@50': 0.5, 'val_hits@100': 0.59, 'elapsed_sec': 130.43610735237598}
{'event': 'epoch_start', 'epoch': 8, 'epochs': 24, 'batches': 118, 'time_groups': 118}
{'event': 'train_time_group', 'epoch': 8, 'time_group': 1, 'time_groups': 118, 'batch': 0, 'batches': 118, 'time_value': 600.0, 'group_batches': 1, 'history_edges': 0, 'elapsed_sec': 0.008286908268928528, 'cuda_allocated_mb': 56, 'cuda_reserved_mb': 1220, 'cuda_max_allocated_mb': 1101}
{'event': 'train_progress', 'epoch': 8, 'batch': 1, 'batches': 118, 'time_group': 1, 'time_groups': 118, 'history_edges': 0, 'pos_edges': 1, 'neg_edges': 1, 'loss_recent': 1.2347335815429688, 'elapsed_sec': 0.1843097023665905, 'avg_sec_per_batch': 0.1843097023665905, 'cuda_allocated_mb': 56, 'cuda_reserved_mb': 1220, 'cuda_max_allocated_mb': 1101}
{'event': 'train_progress', 'epoch': 8, 'batch': 100, 'batches': 118, 'time_group': 100, 'time_groups': 118, 'history_edges': 2144, 'pos_edges': 38, 'neg_edges': 38, 'loss_recent': 1.390976721663028, 'elapsed_sec': 42.80476523190737, 'avg_sec_per_batch': 0.42804765231907366, 'cuda_allocated_mb': 64, 'cuda_reserved_mb': 1220, 'cuda_max_allocated_mb': 1101}
{'event': 'train_time_group', 'epoch': 8, 'time_group': 118, 'time_groups': 118, 'batch': 117, 'batches': 118, 'time_value': 1966.0, 'group_batches': 1, 'history_edges': 3153, 'elapsed_sec': 56.39800659194589, 'cuda_allocated_mb': 56, 'cuda_reserved_mb': 1220, 'cuda_max_allocated_mb': 1101}
{'event': 'train_progress', 'epoch': 8, 'batch': 118, 'batches': 118, 'time_group': 118, 'time_groups': 118, 'history_edges': 3153, 'pos_edges': 91, 'neg_edges': 91, 'loss_recent': 1.7566851582936942, 'elapsed_sec': 57.38440282642841, 'avg_sec_per_batch': 0.48630849852905433, 'cuda_allocated_mb': 64, 'cuda_reserved_mb': 1220, 'cuda_max_allocated_mb': 1101}
{'event': 'validation_start', 'epoch': 8}
{'event': 'validation_ranking_start', 'epoch': 8, 'max_edges': 150}
{'event': 'epoch_end', 'epoch': 8, 'early_stop_metric': 'val_composite', 'val_score': 0.29656183028419963, 'val_auc': 0.5503539553315587, 'val_ap': 0.14130711268752785, 'val_ndcg': 0.7976993947112366, 'val_mrr': 0.1828229189534044, 'val_hits@1': 0.08333333333333333, 'val_hits@10': 0.38333333333333336, 'val_hits@50': 0.44666666666666666, 'val_hits@100': 0.5333333333333333, 'elapsed_sec': 126.83083518594503}
{'event': 'epoch_start', 'epoch': 9, 'epochs': 24, 'batches': 118, 'time_groups': 118}
{'event': 'train_time_group', 'epoch': 9, 'time_group': 1, 'time_groups': 118, 'batch': 0, 'batches': 118, 'time_value': 600.0, 'group_batches': 1, 'history_edges': 0, 'elapsed_sec': 0.011175520718097687, 'cuda_allocated_mb': 56, 'cuda_reserved_mb': 1220, 'cuda_max_allocated_mb': 1101}
{'event': 'train_progress', 'epoch': 9, 'batch': 1, 'batches': 118, 'time_group': 1, 'time_groups': 118, 'history_edges': 0, 'pos_edges': 1, 'neg_edges': 1, 'loss_recent': 0.14675427973270416, 'elapsed_sec': 0.18444985896348953, 'avg_sec_per_batch': 0.18444985896348953, 'cuda_allocated_mb': 56, 'cuda_reserved_mb': 1220, 'cuda_max_allocated_mb': 1101}
{'event': 'train_progress', 'epoch': 9, 'batch': 100, 'batches': 118, 'time_group': 100, 'time_groups': 118, 'history_edges': 2144, 'pos_edges': 38, 'neg_edges': 38, 'loss_recent': 1.3902214129269124, 'elapsed_sec': 41.93129502236843, 'avg_sec_per_batch': 0.4193129502236843, 'cuda_allocated_mb': 64, 'cuda_reserved_mb': 1220, 'cuda_max_allocated_mb': 1101}
{'event': 'train_time_group', 'epoch': 9, 'time_group': 118, 'time_groups': 118, 'batch': 117, 'batches': 118, 'time_value': 1966.0, 'group_batches': 1, 'history_edges': 3153, 'elapsed_sec': 54.97645132243633, 'cuda_allocated_mb': 56, 'cuda_reserved_mb': 1220, 'cuda_max_allocated_mb': 1101}
{'event': 'train_progress', 'epoch': 9, 'batch': 118, 'batches': 118, 'time_group': 118, 'time_groups': 118, 'history_edges': 3153, 'pos_edges': 91, 'neg_edges': 91, 'loss_recent': 1.7077448382228613, 'elapsed_sec': 55.759018912911415, 'avg_sec_per_batch': 0.47253405858399505, 'cuda_allocated_mb': 63, 'cuda_reserved_mb': 1220, 'cuda_max_allocated_mb': 1101}
{'event': 'validation_start', 'epoch': 9}
{'event': 'validation_ranking_start', 'epoch': 9, 'max_edges': 150}
{'event': 'epoch_end', 'epoch': 9, 'early_stop_metric': 'val_composite', 'val_score': 0.3023978102155378, 'val_auc': 0.55399344555553, 'val_ap': 0.1451191021044193, 'val_ndcg': 0.7999121647902399, 'val_mrr': 0.18987811228614884, 'val_hits@1': 0.08666666666666667, 'val_hits@10': 0.39, 'val_hits@50': 0.48333333333333334, 'val_hits@100': 0.5266666666666666, 'elapsed_sec': 121.45268734917045}
{'event': 'epoch_start', 'epoch': 10, 'epochs': 24, 'batches': 118, 'time_groups': 118}
{'event': 'train_time_group', 'epoch': 10, 'time_group': 1, 'time_groups': 118, 'batch': 0, 'batches': 118, 'time_value': 600.0, 'group_batches': 1, 'history_edges': 0, 'elapsed_sec': 0.008980710059404373, 'cuda_allocated_mb': 56, 'cuda_reserved_mb': 1220, 'cuda_max_allocated_mb': 1101}
{'event': 'train_progress', 'epoch': 10, 'batch': 1, 'batches': 118, 'time_group': 1, 'time_groups': 118, 'history_edges': 0, 'pos_edges': 1, 'neg_edges': 1, 'loss_recent': 1.4592071771621704, 'elapsed_sec': 0.17873864993453026, 'avg_sec_per_batch': 0.17873864993453026, 'cuda_allocated_mb': 56, 'cuda_reserved_mb': 1220, 'cuda_max_allocated_mb': 1101}
{'event': 'train_progress', 'epoch': 10, 'batch': 100, 'batches': 118, 'time_group': 100, 'time_groups': 118, 'history_edges': 2144, 'pos_edges': 38, 'neg_edges': 38, 'loss_recent': 1.2932871798425913, 'elapsed_sec': 40.98130701109767, 'avg_sec_per_batch': 0.4098130701109767, 'cuda_allocated_mb': 64, 'cuda_reserved_mb': 1220, 'cuda_max_allocated_mb': 1101}
{'event': 'train_time_group', 'epoch': 10, 'time_group': 118, 'time_groups': 118, 'batch': 117, 'batches': 118, 'time_value': 1966.0, 'group_batches': 1, 'history_edges': 3153, 'elapsed_sec': 54.02792004495859, 'cuda_allocated_mb': 56, 'cuda_reserved_mb': 1220, 'cuda_max_allocated_mb': 1101}
{'event': 'train_progress', 'epoch': 10, 'batch': 118, 'batches': 118, 'time_group': 118, 'time_groups': 118, 'history_edges': 3153, 'pos_edges': 91, 'neg_edges': 91, 'loss_recent': 1.6526286874338985, 'elapsed_sec': 54.99280158057809, 'avg_sec_per_batch': 0.46604069136083126, 'cuda_allocated_mb': 64, 'cuda_reserved_mb': 1220, 'cuda_max_allocated_mb': 1101}
{'event': 'validation_start', 'epoch': 10}
{'event': 'validation_ranking_start', 'epoch': 10, 'max_edges': 150}
{'event': 'epoch_end', 'epoch': 10, 'early_stop_metric': 'val_composite', 'val_score': 0.29906397964665743, 'val_auc': 0.5556734151171953, 'val_ap': 0.14498692648765749, 'val_ndcg': 0.7997682193869543, 'val_mrr': 0.18577756262457398, 'val_hits@1': 0.08333333333333333, 'val_hits@10': 0.38333333333333336, 'val_hits@50': 0.5, 'val_hits@100': 0.5666666666666667, 'elapsed_sec': 121.07752749696374}
{'event': 'epoch_start', 'epoch': 11, 'epochs': 24, 'batches': 118, 'time_groups': 118}
{'event': 'train_time_group', 'epoch': 11, 'time_group': 1, 'time_groups': 118, 'batch': 0, 'batches': 118, 'time_value': 600.0, 'group_batches': 1, 'history_edges': 0, 'elapsed_sec': 0.007813174277544022, 'cuda_allocated_mb': 56, 'cuda_reserved_mb': 1220, 'cuda_max_allocated_mb': 1101}
{'event': 'train_progress', 'epoch': 11, 'batch': 1, 'batches': 118, 'time_group': 1, 'time_groups': 118, 'history_edges': 0, 'pos_edges': 1, 'neg_edges': 1, 'loss_recent': 0.6548717021942139, 'elapsed_sec': 0.17553351074457169, 'avg_sec_per_batch': 0.17553351074457169, 'cuda_allocated_mb': 56, 'cuda_reserved_mb': 1220, 'cuda_max_allocated_mb': 1101}
{'event': 'train_progress', 'epoch': 11, 'batch': 100, 'batches': 118, 'time_group': 100, 'time_groups': 118, 'history_edges': 2144, 'pos_edges': 38, 'neg_edges': 38, 'loss_recent': 1.3860104703344405, 'elapsed_sec': 40.93363396078348, 'avg_sec_per_batch': 0.40933633960783483, 'cuda_allocated_mb': 64, 'cuda_reserved_mb': 1220, 'cuda_max_allocated_mb': 1101}
{'event': 'train_time_group', 'epoch': 11, 'time_group': 118, 'time_groups': 118, 'batch': 117, 'batches': 118, 'time_value': 1966.0, 'group_batches': 1, 'history_edges': 3153, 'elapsed_sec': 54.01436968892813, 'cuda_allocated_mb': 56, 'cuda_reserved_mb': 1220, 'cuda_max_allocated_mb': 1101}
{'event': 'train_progress', 'epoch': 11, 'batch': 118, 'batches': 118, 'time_group': 118, 'time_groups': 118, 'history_edges': 3153, 'pos_edges': 91, 'neg_edges': 91, 'loss_recent': 1.602522796820849, 'elapsed_sec': 54.82135869935155, 'avg_sec_per_batch': 0.464587785587725, 'cuda_allocated_mb': 64, 'cuda_reserved_mb': 1220, 'cuda_max_allocated_mb': 1101}
{'event': 'validation_start', 'epoch': 11}
{'event': 'validation_ranking_start', 'epoch': 11, 'max_edges': 150}
{'event': 'epoch_end', 'epoch': 11, 'early_stop_metric': 'val_composite', 'val_score': 0.30259404096307513, 'val_auc': 0.5598672741294154, 'val_ap': 0.14571839559456273, 'val_ndcg': 0.8002791925477829, 'val_mrr': 0.18809666399195005, 'val_hits@1': 0.08333333333333333, 'val_hits@10': 0.3933333333333333, 'val_hits@50': 0.48, 'val_hits@100': 0.5466666666666666, 'elapsed_sec': 122.74310917407274}
{'event': 'epoch_start', 'epoch': 12, 'epochs': 24, 'batches': 118, 'time_groups': 118}
{'event': 'train_time_group', 'epoch': 12, 'time_group': 1, 'time_groups': 118, 'batch': 0, 'batches': 118, 'time_value': 600.0, 'group_batches': 1, 'history_edges': 0, 'elapsed_sec': 0.008967328816652298, 'cuda_allocated_mb': 56, 'cuda_reserved_mb': 1220, 'cuda_max_allocated_mb': 1101}
{'event': 'train_progress', 'epoch': 12, 'batch': 1, 'batches': 118, 'time_group': 1, 'time_groups': 118, 'history_edges': 0, 'pos_edges': 1, 'neg_edges': 1, 'loss_recent': 1.1002039909362793, 'elapsed_sec': 0.1846562772989273, 'avg_sec_per_batch': 0.1846562772989273, 'cuda_allocated_mb': 56, 'cuda_reserved_mb': 1220, 'cuda_max_allocated_mb': 1101}
{'event': 'train_progress', 'epoch': 12, 'batch': 100, 'batches': 118, 'time_group': 100, 'time_groups': 118, 'history_edges': 2144, 'pos_edges': 38, 'neg_edges': 38, 'loss_recent': 1.1269081585668028, 'elapsed_sec': 41.70266957208514, 'avg_sec_per_batch': 0.41702669572085144, 'cuda_allocated_mb': 64, 'cuda_reserved_mb': 1220, 'cuda_max_allocated_mb': 1101}
{'event': 'train_time_group', 'epoch': 12, 'time_group': 118, 'time_groups': 118, 'batch': 117, 'batches': 118, 'time_value': 1966.0, 'group_batches': 1, 'history_edges': 3153, 'elapsed_sec': 55.00955708697438, 'cuda_allocated_mb': 56, 'cuda_reserved_mb': 1220, 'cuda_max_allocated_mb': 1101}
{'event': 'train_progress', 'epoch': 12, 'batch': 118, 'batches': 118, 'time_group': 118, 'time_groups': 118, 'history_edges': 3153, 'pos_edges': 91, 'neg_edges': 91, 'loss_recent': 1.5065380202978849, 'elapsed_sec': 55.939681097865105, 'avg_sec_per_batch': 0.47406509404970426, 'cuda_allocated_mb': 63, 'cuda_reserved_mb': 1220, 'cuda_max_allocated_mb': 1101}
{'event': 'validation_start', 'epoch': 12}
{'event': 'validation_ranking_start', 'epoch': 12, 'max_edges': 150}
{'event': 'epoch_end', 'epoch': 12, 'early_stop_metric': 'val_composite', 'val_score': 0.30454187914752734, 'val_auc': 0.5450498334340808, 'val_ap': 0.13598317411597213, 'val_ndcg': 0.7946712893923663, 'val_mrr': 0.1948495648383817, 'val_hits@1': 0.09333333333333334, 'val_hits@10': 0.4, 'val_hits@50': 0.47, 'val_hits@100': 0.5366666666666666, 'elapsed_sec': 121.37488314509392}
{'event': 'epoch_start', 'epoch': 13, 'epochs': 24, 'batches': 118, 'time_groups': 118}
{'event': 'train_time_group', 'epoch': 13, 'time_group': 1, 'time_groups': 118, 'batch': 0, 'batches': 118, 'time_value': 600.0, 'group_batches': 1, 'history_edges': 0, 'elapsed_sec': 0.008598219603300095, 'cuda_allocated_mb': 56, 'cuda_reserved_mb': 1220, 'cuda_max_allocated_mb': 1101}
{'event': 'train_progress', 'epoch': 13, 'batch': 1, 'batches': 118, 'time_group': 1, 'time_groups': 118, 'history_edges': 0, 'pos_edges': 1, 'neg_edges': 1, 'loss_recent': 0.09961198270320892, 'elapsed_sec': 0.177818451076746, 'avg_sec_per_batch': 0.177818451076746, 'cuda_allocated_mb': 56, 'cuda_reserved_mb': 1220, 'cuda_max_allocated_mb': 1101}
{'event': 'train_progress', 'epoch': 13, 'batch': 100, 'batches': 118, 'time_group': 100, 'time_groups': 118, 'history_edges': 2144, 'pos_edges': 38, 'neg_edges': 38, 'loss_recent': 1.1899912323337047, 'elapsed_sec': 41.38882430642843, 'avg_sec_per_batch': 0.41388824306428434, 'cuda_allocated_mb': 64, 'cuda_reserved_mb': 1220, 'cuda_max_allocated_mb': 1101}
{'event': 'train_time_group', 'epoch': 13, 'time_group': 118, 'time_groups': 118, 'batch': 117, 'batches': 118, 'time_value': 1966.0, 'group_batches': 1, 'history_edges': 3153, 'elapsed_sec': 54.49785798788071, 'cuda_allocated_mb': 56, 'cuda_reserved_mb': 1220, 'cuda_max_allocated_mb': 1101}
{'event': 'train_progress', 'epoch': 13, 'batch': 118, 'batches': 118, 'time_group': 118, 'time_groups': 118, 'history_edges': 3153, 'pos_edges': 91, 'neg_edges': 91, 'loss_recent': 1.5240479828044773, 'elapsed_sec': 55.29051351547241, 'avg_sec_per_batch': 0.4685636738599357, 'cuda_allocated_mb': 64, 'cuda_reserved_mb': 1220, 'cuda_max_allocated_mb': 1101}
{'event': 'validation_start', 'epoch': 13}
{'event': 'validation_ranking_start', 'epoch': 13, 'max_edges': 150}
{'event': 'epoch_end', 'epoch': 13, 'early_stop_metric': 'val_composite', 'val_score': 0.30941883558346167, 'val_auc': 0.5557326048062226, 'val_ap': 0.14717506447901044, 'val_ndcg': 0.801222946679006, 'val_mrr': 0.19886730200679667, 'val_hits@1': 0.09333333333333334, 'val_hits@10': 0.4, 'val_hits@50': 0.51, 'val_hits@100': 0.5633333333333334, 'elapsed_sec': 121.88793106004596}
{'event': 'epoch_start', 'epoch': 14, 'epochs': 24, 'batches': 118, 'time_groups': 118}
{'event': 'train_time_group', 'epoch': 14, 'time_group': 1, 'time_groups': 118, 'batch': 0, 'batches': 118, 'time_value': 600.0, 'group_batches': 1, 'history_edges': 0, 'elapsed_sec': 0.008295070379972458, 'cuda_allocated_mb': 56, 'cuda_reserved_mb': 1220, 'cuda_max_allocated_mb': 1101}
{'event': 'train_progress', 'epoch': 14, 'batch': 1, 'batches': 118, 'time_group': 1, 'time_groups': 118, 'history_edges': 0, 'pos_edges': 1, 'neg_edges': 1, 'loss_recent': 0.07172559946775436, 'elapsed_sec': 0.17474579811096191, 'avg_sec_per_batch': 0.17474579811096191, 'cuda_allocated_mb': 56, 'cuda_reserved_mb': 1220, 'cuda_max_allocated_mb': 1101}
{'event': 'train_progress', 'epoch': 14, 'batch': 100, 'batches': 118, 'time_group': 100, 'time_groups': 118, 'history_edges': 2144, 'pos_edges': 38, 'neg_edges': 38, 'loss_recent': 1.0748299014382063, 'elapsed_sec': 41.098830960690975, 'avg_sec_per_batch': 0.41098830960690974, 'cuda_allocated_mb': 64, 'cuda_reserved_mb': 1220, 'cuda_max_allocated_mb': 1101}
{'event': 'train_time_group', 'epoch': 14, 'time_group': 118, 'time_groups': 118, 'batch': 117, 'batches': 118, 'time_value': 1966.0, 'group_batches': 1, 'history_edges': 3153, 'elapsed_sec': 53.996455896645784, 'cuda_allocated_mb': 56, 'cuda_reserved_mb': 1220, 'cuda_max_allocated_mb': 1101}
{'event': 'train_progress', 'epoch': 14, 'batch': 118, 'batches': 118, 'time_group': 118, 'time_groups': 118, 'history_edges': 3153, 'pos_edges': 91, 'neg_edges': 91, 'loss_recent': 1.3815140042454004, 'elapsed_sec': 54.7869528234005, 'avg_sec_per_batch': 0.46429621036780083, 'cuda_allocated_mb': 63, 'cuda_reserved_mb': 1220, 'cuda_max_allocated_mb': 1101}
{'event': 'validation_start', 'epoch': 14}
{'event': 'validation_ranking_start', 'epoch': 14, 'max_edges': 150}
{'event': 'epoch_end', 'epoch': 14, 'early_stop_metric': 'val_composite', 'val_score': 0.31398064055879304, 'val_auc': 0.5612147197735785, 'val_ap': 0.15014574551735854, 'val_ndcg': 0.8023117783629518, 'val_mrr': 0.20500039647909693, 'val_hits@1': 0.09666666666666666, 'val_hits@10': 0.4033333333333333, 'val_hits@50': 0.49666666666666665, 'val_hits@100': 0.5733333333333334, 'elapsed_sec': 120.082246016711}
{'event': 'epoch_start', 'epoch': 15, 'epochs': 24, 'batches': 118, 'time_groups': 118}
{'event': 'train_time_group', 'epoch': 15, 'time_group': 1, 'time_groups': 118, 'batch': 0, 'batches': 118, 'time_value': 600.0, 'group_batches': 1, 'history_edges': 0, 'elapsed_sec': 0.008152063935995102, 'cuda_allocated_mb': 56, 'cuda_reserved_mb': 1220, 'cuda_max_allocated_mb': 1101}
{'event': 'train_progress', 'epoch': 15, 'batch': 1, 'batches': 118, 'time_group': 1, 'time_groups': 118, 'history_edges': 0, 'pos_edges': 1, 'neg_edges': 1, 'loss_recent': 0.12569434940814972, 'elapsed_sec': 0.17978443205356598, 'avg_sec_per_batch': 0.17978443205356598, 'cuda_allocated_mb': 56, 'cuda_reserved_mb': 1220, 'cuda_max_allocated_mb': 1101}
{'event': 'train_progress', 'epoch': 15, 'batch': 100, 'batches': 118, 'time_group': 100, 'time_groups': 118, 'history_edges': 2144, 'pos_edges': 38, 'neg_edges': 38, 'loss_recent': 1.219889320936054, 'elapsed_sec': 41.89076195657253, 'avg_sec_per_batch': 0.4189076195657253, 'cuda_allocated_mb': 64, 'cuda_reserved_mb': 1220, 'cuda_max_allocated_mb': 1101}
{'event': 'train_time_group', 'epoch': 15, 'time_group': 118, 'time_groups': 118, 'batch': 117, 'batches': 118, 'time_value': 1966.0, 'group_batches': 1, 'history_edges': 3153, 'elapsed_sec': 55.15403776988387, 'cuda_allocated_mb': 56, 'cuda_reserved_mb': 1220, 'cuda_max_allocated_mb': 1101}
{'event': 'train_progress', 'epoch': 15, 'batch': 118, 'batches': 118, 'time_group': 118, 'time_groups': 118, 'history_edges': 3153, 'pos_edges': 91, 'neg_edges': 91, 'loss_recent': 1.44298462504521, 'elapsed_sec': 55.959892459213734, 'avg_sec_per_batch': 0.47423637677299774, 'cuda_allocated_mb': 63, 'cuda_reserved_mb': 1220, 'cuda_max_allocated_mb': 1101}
{'event': 'validation_start', 'epoch': 15}
{'event': 'validation_ranking_start', 'epoch': 15, 'max_edges': 150}
{'event': 'epoch_end', 'epoch': 15, 'early_stop_metric': 'val_composite', 'val_score': 0.3098908365064225, 'val_auc': 0.5547151390627851, 'val_ap': 0.14695011540139935, 'val_ndcg': 0.800915089697573, 'val_mrr': 0.20137543987996548, 'val_hits@1': 0.09333333333333334, 'val_hits@10': 0.39666666666666667, 'val_hits@50': 0.49333333333333335, 'val_hits@100': 0.5566666666666666, 'elapsed_sec': 121.39169384166598}
{'event': 'epoch_start', 'epoch': 16, 'epochs': 24, 'batches': 118, 'time_groups': 118}
{'event': 'train_time_group', 'epoch': 16, 'time_group': 1, 'time_groups': 118, 'batch': 0, 'batches': 118, 'time_value': 600.0, 'group_batches': 1, 'history_edges': 0, 'elapsed_sec': 0.00946803018450737, 'cuda_allocated_mb': 56, 'cuda_reserved_mb': 1220, 'cuda_max_allocated_mb': 1101}
{'event': 'train_progress', 'epoch': 16, 'batch': 1, 'batches': 118, 'time_group': 1, 'time_groups': 118, 'history_edges': 0, 'pos_edges': 1, 'neg_edges': 1, 'loss_recent': 0.11269780993461609, 'elapsed_sec': 0.17851629853248596, 'avg_sec_per_batch': 0.17851629853248596, 'cuda_allocated_mb': 56, 'cuda_reserved_mb': 1220, 'cuda_max_allocated_mb': 1101}
{'event': 'train_progress', 'epoch': 16, 'batch': 100, 'batches': 118, 'time_group': 100, 'time_groups': 118, 'history_edges': 2144, 'pos_edges': 38, 'neg_edges': 38, 'loss_recent': 1.151891322694719, 'elapsed_sec': 40.70965715125203, 'avg_sec_per_batch': 0.4070965715125203, 'cuda_allocated_mb': 64, 'cuda_reserved_mb': 1220, 'cuda_max_allocated_mb': 1101}
{'event': 'train_time_group', 'epoch': 16, 'time_group': 118, 'time_groups': 118, 'batch': 117, 'batches': 118, 'time_value': 1966.0, 'group_batches': 1, 'history_edges': 3153, 'elapsed_sec': 53.973327435553074, 'cuda_allocated_mb': 56, 'cuda_reserved_mb': 1220, 'cuda_max_allocated_mb': 1101}
{'event': 'train_progress', 'epoch': 16, 'batch': 118, 'batches': 118, 'time_group': 118, 'time_groups': 118, 'history_edges': 3153, 'pos_edges': 91, 'neg_edges': 91, 'loss_recent': 1.3767927856743336, 'elapsed_sec': 54.95047376304865, 'avg_sec_per_batch': 0.4656819810427852, 'cuda_allocated_mb': 64, 'cuda_reserved_mb': 1220, 'cuda_max_allocated_mb': 1101}
{'event': 'validation_start', 'epoch': 16}
{'event': 'validation_ranking_start', 'epoch': 16, 'max_edges': 150}
{'event': 'epoch_end', 'epoch': 16, 'early_stop_metric': 'val_composite', 'val_score': 0.3140161478024436, 'val_auc': 0.5566184545752259, 'val_ap': 0.15003534653267553, 'val_ndcg': 0.8026907393122331, 'val_mrr': 0.20548836499178189, 'val_hits@1': 0.09666666666666666, 'val_hits@10': 0.4033333333333333, 'val_hits@50': 0.5066666666666667, 'val_hits@100': 0.54, 'elapsed_sec': 123.36708011850715}
{'event': 'epoch_start', 'epoch': 17, 'epochs': 24, 'batches': 118, 'time_groups': 118}
{'event': 'train_time_group', 'epoch': 17, 'time_group': 1, 'time_groups': 118, 'batch': 0, 'batches': 118, 'time_value': 600.0, 'group_batches': 1, 'history_edges': 0, 'elapsed_sec': 0.008416026830673218, 'cuda_allocated_mb': 56, 'cuda_reserved_mb': 1220, 'cuda_max_allocated_mb': 1101}
{'event': 'train_progress', 'epoch': 17, 'batch': 1, 'batches': 118, 'time_group': 1, 'time_groups': 118, 'history_edges': 0, 'pos_edges': 1, 'neg_edges': 1, 'loss_recent': 0.09110138565301895, 'elapsed_sec': 0.1804269291460514, 'avg_sec_per_batch': 0.1804269291460514, 'cuda_allocated_mb': 56, 'cuda_reserved_mb': 1220, 'cuda_max_allocated_mb': 1101}
{'event': 'train_progress', 'epoch': 17, 'batch': 100, 'batches': 118, 'time_group': 100, 'time_groups': 118, 'history_edges': 2144, 'pos_edges': 38, 'neg_edges': 38, 'loss_recent': 0.9581042096018791, 'elapsed_sec': 41.528120920062065, 'avg_sec_per_batch': 0.41528120920062067, 'cuda_allocated_mb': 64, 'cuda_reserved_mb': 1220, 'cuda_max_allocated_mb': 1101}
{'event': 'train_time_group', 'epoch': 17, 'time_group': 118, 'time_groups': 118, 'batch': 117, 'batches': 118, 'time_value': 1966.0, 'group_batches': 1, 'history_edges': 3153, 'elapsed_sec': 54.57708226144314, 'cuda_allocated_mb': 56, 'cuda_reserved_mb': 1220, 'cuda_max_allocated_mb': 1101}
{'event': 'train_progress', 'epoch': 17, 'batch': 118, 'batches': 118, 'time_group': 118, 'time_groups': 118, 'history_edges': 3153, 'pos_edges': 91, 'neg_edges': 91, 'loss_recent': 1.3158592568710445, 'elapsed_sec': 55.40414825826883, 'avg_sec_per_batch': 0.46952668015482063, 'cuda_allocated_mb': 64, 'cuda_reserved_mb': 1220, 'cuda_max_allocated_mb': 1101}
{'event': 'validation_start', 'epoch': 17}
{'event': 'validation_ranking_start', 'epoch': 17, 'max_edges': 150}
{'event': 'epoch_end', 'epoch': 17, 'early_stop_metric': 'val_composite', 'val_score': 0.31280195605246924, 'val_auc': 0.5506474236356648, 'val_ap': 0.14684271960182504, 'val_ndcg': 0.8010313184876744, 'val_mrr': 0.2089467568299563, 'val_hits@1': 0.10333333333333333, 'val_hits@10': 0.3933333333333333, 'val_hits@50': 0.48333333333333334, 'val_hits@100': 0.5433333333333333, 'elapsed_sec': 121.55772325396538}
{'event': 'epoch_start', 'epoch': 18, 'epochs': 24, 'batches': 118, 'time_groups': 118}
{'event': 'train_time_group', 'epoch': 18, 'time_group': 1, 'time_groups': 118, 'batch': 0, 'batches': 118, 'time_value': 600.0, 'group_batches': 1, 'history_edges': 0, 'elapsed_sec': 0.009125374257564545, 'cuda_allocated_mb': 56, 'cuda_reserved_mb': 1220, 'cuda_max_allocated_mb': 1101}
{'event': 'train_progress', 'epoch': 18, 'batch': 1, 'batches': 118, 'time_group': 1, 'time_groups': 118, 'history_edges': 0, 'pos_edges': 1, 'neg_edges': 1, 'loss_recent': 0.15303774178028107, 'elapsed_sec': 0.18260570615530014, 'avg_sec_per_batch': 0.18260570615530014, 'cuda_allocated_mb': 56, 'cuda_reserved_mb': 1220, 'cuda_max_allocated_mb': 1101}
{'event': 'train_progress', 'epoch': 18, 'batch': 100, 'batches': 118, 'time_group': 100, 'time_groups': 118, 'history_edges': 2144, 'pos_edges': 38, 'neg_edges': 38, 'loss_recent': 1.0145265677571296, 'elapsed_sec': 42.72152241319418, 'avg_sec_per_batch': 0.4272152241319418, 'cuda_allocated_mb': 64, 'cuda_reserved_mb': 1220, 'cuda_max_allocated_mb': 1101}
{'event': 'train_time_group', 'epoch': 18, 'time_group': 118, 'time_groups': 118, 'batch': 117, 'batches': 118, 'time_value': 1966.0, 'group_batches': 1, 'history_edges': 3153, 'elapsed_sec': 56.3167380951345, 'cuda_allocated_mb': 56, 'cuda_reserved_mb': 1220, 'cuda_max_allocated_mb': 1101}
{'event': 'train_progress', 'epoch': 18, 'batch': 118, 'batches': 118, 'time_group': 118, 'time_groups': 118, 'history_edges': 3153, 'pos_edges': 91, 'neg_edges': 91, 'loss_recent': 1.3255151018314064, 'elapsed_sec': 57.29418199509382, 'avg_sec_per_batch': 0.4855439152126595, 'cuda_allocated_mb': 64, 'cuda_reserved_mb': 1220, 'cuda_max_allocated_mb': 1101}
{'event': 'validation_start', 'epoch': 18}
{'event': 'validation_ranking_start', 'epoch': 18, 'max_edges': 150}
{'event': 'epoch_end', 'epoch': 18, 'early_stop_metric': 'val_composite', 'val_score': 0.31406366746469705, 'val_auc': 0.5514878940924274, 'val_ap': 0.148089268344827, 'val_ndcg': 0.8016966633187118, 'val_mrr': 0.2108790990196276, 'val_hits@1': 0.10666666666666667, 'val_hits@10': 0.3933333333333333, 'val_hits@50': 0.5, 'val_hits@100': 0.5433333333333333, 'elapsed_sec': 125.5548619069159}
{'event': 'epoch_start', 'epoch': 19, 'epochs': 24, 'batches': 118, 'time_groups': 118}
{'event': 'train_time_group', 'epoch': 19, 'time_group': 1, 'time_groups': 118, 'batch': 0, 'batches': 118, 'time_value': 600.0, 'group_batches': 1, 'history_edges': 0, 'elapsed_sec': 0.008019734174013138, 'cuda_allocated_mb': 56, 'cuda_reserved_mb': 1220, 'cuda_max_allocated_mb': 1101}
{'event': 'train_progress', 'epoch': 19, 'batch': 1, 'batches': 118, 'time_group': 1, 'time_groups': 118, 'history_edges': 0, 'pos_edges': 1, 'neg_edges': 1, 'loss_recent': 0.06663478910923004, 'elapsed_sec': 0.18983491137623787, 'avg_sec_per_batch': 0.18983491137623787, 'cuda_allocated_mb': 56, 'cuda_reserved_mb': 1220, 'cuda_max_allocated_mb': 1101}
{'event': 'train_progress', 'epoch': 19, 'batch': 100, 'batches': 118, 'time_group': 100, 'time_groups': 118, 'history_edges': 2144, 'pos_edges': 38, 'neg_edges': 38, 'loss_recent': 1.1046132828528061, 'elapsed_sec': 42.40433585271239, 'avg_sec_per_batch': 0.42404335852712394, 'cuda_allocated_mb': 64, 'cuda_reserved_mb': 1220, 'cuda_max_allocated_mb': 1101}
{'event': 'train_time_group', 'epoch': 19, 'time_group': 118, 'time_groups': 118, 'batch': 117, 'batches': 118, 'time_value': 1966.0, 'group_batches': 1, 'history_edges': 3153, 'elapsed_sec': 55.67641756311059, 'cuda_allocated_mb': 56, 'cuda_reserved_mb': 1220, 'cuda_max_allocated_mb': 1101}
{'event': 'train_progress', 'epoch': 19, 'batch': 118, 'batches': 118, 'time_group': 118, 'time_groups': 118, 'history_edges': 3153, 'pos_edges': 91, 'neg_edges': 91, 'loss_recent': 1.3466767939552664, 'elapsed_sec': 56.45875221118331, 'avg_sec_per_batch': 0.47846400178968906, 'cuda_allocated_mb': 63, 'cuda_reserved_mb': 1220, 'cuda_max_allocated_mb': 1101}
{'event': 'validation_start', 'epoch': 19}
{'event': 'validation_ranking_start', 'epoch': 19, 'max_edges': 150}
{'event': 'epoch_end', 'epoch': 19, 'early_stop_metric': 'val_composite', 'val_score': 0.3144124404504096, 'val_auc': 0.5492522749236772, 'val_ap': 0.14657434464126673, 'val_ndcg': 0.800670810848543, 'val_mrr': 0.21112652117969616, 'val_hits@1': 0.10666666666666667, 'val_hits@10': 0.39666666666666667, 'val_hits@50': 0.47, 'val_hits@100': 0.52, 'elapsed_sec': 124.65084022656083}
{'event': 'epoch_start', 'epoch': 20, 'epochs': 24, 'batches': 118, 'time_groups': 118}
{'event': 'train_time_group', 'epoch': 20, 'time_group': 1, 'time_groups': 118, 'batch': 0, 'batches': 118, 'time_value': 600.0, 'group_batches': 1, 'history_edges': 0, 'elapsed_sec': 0.009123429656028748, 'cuda_allocated_mb': 56, 'cuda_reserved_mb': 1220, 'cuda_max_allocated_mb': 1101}
{'event': 'train_progress', 'epoch': 20, 'batch': 1, 'batches': 118, 'time_group': 1, 'time_groups': 118, 'history_edges': 0, 'pos_edges': 1, 'neg_edges': 1, 'loss_recent': 0.09474882483482361, 'elapsed_sec': 0.18786749616265297, 'avg_sec_per_batch': 0.18786749616265297, 'cuda_allocated_mb': 56, 'cuda_reserved_mb': 1220, 'cuda_max_allocated_mb': 1101}
{'event': 'train_progress', 'epoch': 20, 'batch': 100, 'batches': 118, 'time_group': 100, 'time_groups': 118, 'history_edges': 2144, 'pos_edges': 38, 'neg_edges': 38, 'loss_recent': 1.2553820347692817, 'elapsed_sec': 42.397804975509644, 'avg_sec_per_batch': 0.42397804975509645, 'cuda_allocated_mb': 64, 'cuda_reserved_mb': 1220, 'cuda_max_allocated_mb': 1101}
{'event': 'train_time_group', 'epoch': 20, 'time_group': 118, 'time_groups': 118, 'batch': 117, 'batches': 118, 'time_value': 1966.0, 'group_batches': 1, 'history_edges': 3153, 'elapsed_sec': 55.554598685353994, 'cuda_allocated_mb': 56, 'cuda_reserved_mb': 1220, 'cuda_max_allocated_mb': 1101}
{'event': 'train_progress', 'epoch': 20, 'batch': 118, 'batches': 118, 'time_group': 118, 'time_groups': 118, 'history_edges': 3153, 'pos_edges': 91, 'neg_edges': 91, 'loss_recent': 1.5067852748185395, 'elapsed_sec': 56.5354923568666, 'avg_sec_per_batch': 0.47911434200734404, 'cuda_allocated_mb': 64, 'cuda_reserved_mb': 1220, 'cuda_max_allocated_mb': 1101}
{'event': 'validation_start', 'epoch': 20}
{'event': 'validation_ranking_start', 'epoch': 20, 'max_edges': 150}
{'event': 'epoch_end', 'epoch': 20, 'early_stop_metric': 'val_composite', 'val_score': 0.31761283143608166, 'val_auc': 0.5570632885736158, 'val_ap': 0.14791412269955867, 'val_ndcg': 0.8017200339283311, 'val_mrr': 0.21213442375260128, 'val_hits@1': 0.09666666666666666, 'val_hits@10': 0.4066666666666667, 'val_hits@50': 0.49333333333333335, 'val_hits@100': 0.5533333333333333, 'elapsed_sec': 123.65744853392243}
{'event': 'epoch_start', 'epoch': 21, 'epochs': 24, 'batches': 118, 'time_groups': 118}
{'event': 'train_time_group', 'epoch': 21, 'time_group': 1, 'time_groups': 118, 'batch': 0, 'batches': 118, 'time_value': 600.0, 'group_batches': 1, 'history_edges': 0, 'elapsed_sec': 0.008152887225151062, 'cuda_allocated_mb': 56, 'cuda_reserved_mb': 1220, 'cuda_max_allocated_mb': 1101}
{'event': 'train_progress', 'epoch': 21, 'batch': 1, 'batches': 118, 'time_group': 1, 'time_groups': 118, 'history_edges': 0, 'pos_edges': 1, 'neg_edges': 1, 'loss_recent': 2.2040212154388428, 'elapsed_sec': 0.17959075793623924, 'avg_sec_per_batch': 0.17959075793623924, 'cuda_allocated_mb': 56, 'cuda_reserved_mb': 1220, 'cuda_max_allocated_mb': 1101}
{'event': 'train_progress', 'epoch': 21, 'batch': 100, 'batches': 118, 'time_group': 100, 'time_groups': 118, 'history_edges': 2144, 'pos_edges': 38, 'neg_edges': 38, 'loss_recent': 1.1300034866388886, 'elapsed_sec': 42.370815727859735, 'avg_sec_per_batch': 0.42370815727859734, 'cuda_allocated_mb': 64, 'cuda_reserved_mb': 1220, 'cuda_max_allocated_mb': 1101}
{'event': 'train_time_group', 'epoch': 21, 'time_group': 118, 'time_groups': 118, 'batch': 117, 'batches': 118, 'time_value': 1966.0, 'group_batches': 1, 'history_edges': 3153, 'elapsed_sec': 55.77689611911774, 'cuda_allocated_mb': 56, 'cuda_reserved_mb': 1220, 'cuda_max_allocated_mb': 1101}
{'event': 'train_progress', 'epoch': 21, 'batch': 118, 'batches': 118, 'time_group': 118, 'time_groups': 118, 'history_edges': 3153, 'pos_edges': 91, 'neg_edges': 91, 'loss_recent': 1.4046076367981732, 'elapsed_sec': 56.777525678277016, 'avg_sec_per_batch': 0.48116547184980524, 'cuda_allocated_mb': 64, 'cuda_reserved_mb': 1220, 'cuda_max_allocated_mb': 1101}
{'event': 'validation_start', 'epoch': 21}
{'event': 'validation_ranking_start', 'epoch': 21, 'max_edges': 150}
{'event': 'epoch_end', 'epoch': 21, 'early_stop_metric': 'val_composite', 'val_score': 0.32159763462804114, 'val_auc': 0.5584066781079141, 'val_ap': 0.14844791764728554, 'val_ndcg': 0.8017435952304892, 'val_mrr': 0.22247150710500732, 'val_hits@1': 0.12333333333333334, 'val_hits@10': 0.4, 'val_hits@50': 0.4633333333333333, 'val_hits@100': 0.52, 'elapsed_sec': 124.66088879480958}
{'event': 'epoch_start', 'epoch': 22, 'epochs': 24, 'batches': 118, 'time_groups': 118}
{'event': 'train_time_group', 'epoch': 22, 'time_group': 1, 'time_groups': 118, 'batch': 0, 'batches': 118, 'time_value': 600.0, 'group_batches': 1, 'history_edges': 0, 'elapsed_sec': 0.007894683629274368, 'cuda_allocated_mb': 56, 'cuda_reserved_mb': 1220, 'cuda_max_allocated_mb': 1101}
{'event': 'train_progress', 'epoch': 22, 'batch': 1, 'batches': 118, 'time_group': 1, 'time_groups': 118, 'history_edges': 0, 'pos_edges': 1, 'neg_edges': 1, 'loss_recent': 0.11602279543876648, 'elapsed_sec': 0.17677980288863182, 'avg_sec_per_batch': 0.17677980288863182, 'cuda_allocated_mb': 56, 'cuda_reserved_mb': 1220, 'cuda_max_allocated_mb': 1101}
{'event': 'train_progress', 'epoch': 22, 'batch': 100, 'batches': 118, 'time_group': 100, 'time_groups': 118, 'history_edges': 2144, 'pos_edges': 38, 'neg_edges': 38, 'loss_recent': 1.1423769668489694, 'elapsed_sec': 41.64808289706707, 'avg_sec_per_batch': 0.4164808289706707, 'cuda_allocated_mb': 64, 'cuda_reserved_mb': 1220, 'cuda_max_allocated_mb': 1101}
{'event': 'train_time_group', 'epoch': 22, 'time_group': 118, 'time_groups': 118, 'batch': 117, 'batches': 118, 'time_value': 1966.0, 'group_batches': 1, 'history_edges': 3153, 'elapsed_sec': 54.78242866322398, 'cuda_allocated_mb': 56, 'cuda_reserved_mb': 1220, 'cuda_max_allocated_mb': 1101}
{'event': 'train_progress', 'epoch': 22, 'batch': 118, 'batches': 118, 'time_group': 118, 'time_groups': 118, 'history_edges': 3153, 'pos_edges': 91, 'neg_edges': 91, 'loss_recent': 1.4257285037264227, 'elapsed_sec': 55.58741936087608, 'avg_sec_per_batch': 0.4710798250921702, 'cuda_allocated_mb': 63, 'cuda_reserved_mb': 1220, 'cuda_max_allocated_mb': 1101}
{'event': 'validation_start', 'epoch': 22}
{'event': 'validation_ranking_start', 'epoch': 22, 'max_edges': 150}
{'event': 'epoch_end', 'epoch': 22, 'early_stop_metric': 'val_composite', 'val_score': 0.32281347028531515, 'val_auc': 0.562100105892771, 'val_ap': 0.15124563793926038, 'val_ndcg': 0.8035548132145532, 'val_mrr': 0.22066560928999773, 'val_hits@1': 0.11, 'val_hits@10': 0.4066666666666667, 'val_hits@50': 0.47, 'val_hits@100': 0.53, 'elapsed_sec': 123.53248739615083}
{'event': 'epoch_start', 'epoch': 23, 'epochs': 24, 'batches': 118, 'time_groups': 118}
{'event': 'train_time_group', 'epoch': 23, 'time_group': 1, 'time_groups': 118, 'batch': 0, 'batches': 118, 'time_value': 600.0, 'group_batches': 1, 'history_edges': 0, 'elapsed_sec': 0.009159315377473831, 'cuda_allocated_mb': 56, 'cuda_reserved_mb': 1220, 'cuda_max_allocated_mb': 1101}
{'event': 'train_progress', 'epoch': 23, 'batch': 1, 'batches': 118, 'time_group': 1, 'time_groups': 118, 'history_edges': 0, 'pos_edges': 1, 'neg_edges': 1, 'loss_recent': 0.25958192348480225, 'elapsed_sec': 0.19603533670306206, 'avg_sec_per_batch': 0.19603533670306206, 'cuda_allocated_mb': 56, 'cuda_reserved_mb': 1220, 'cuda_max_allocated_mb': 1101}
{'event': 'train_progress', 'epoch': 23, 'batch': 100, 'batches': 118, 'time_group': 100, 'time_groups': 118, 'history_edges': 2144, 'pos_edges': 38, 'neg_edges': 38, 'loss_recent': 0.9602668055566028, 'elapsed_sec': 42.37556917592883, 'avg_sec_per_batch': 0.4237556917592883, 'cuda_allocated_mb': 64, 'cuda_reserved_mb': 1220, 'cuda_max_allocated_mb': 1101}
{'event': 'train_time_group', 'epoch': 23, 'time_group': 118, 'time_groups': 118, 'batch': 117, 'batches': 118, 'time_value': 1966.0, 'group_batches': 1, 'history_edges': 3153, 'elapsed_sec': 55.67010685428977, 'cuda_allocated_mb': 56, 'cuda_reserved_mb': 1220, 'cuda_max_allocated_mb': 1101}
{'event': 'train_progress', 'epoch': 23, 'batch': 118, 'batches': 118, 'time_group': 118, 'time_groups': 118, 'history_edges': 3153, 'pos_edges': 91, 'neg_edges': 91, 'loss_recent': 1.256457805298269, 'elapsed_sec': 56.508175514638424, 'avg_sec_per_batch': 0.4788828433443934, 'cuda_allocated_mb': 63, 'cuda_reserved_mb': 1220, 'cuda_max_allocated_mb': 1101}
{'event': 'validation_start', 'epoch': 23}
{'event': 'validation_ranking_start', 'epoch': 23, 'max_edges': 150}
{'event': 'epoch_end', 'epoch': 23, 'early_stop_metric': 'val_composite', 'val_score': 0.32052074547964576, 'val_auc': 0.5587625541170738, 'val_ap': 0.15213972065297818, 'val_ndcg': 0.8039876396673121, 'val_mrr': 0.2147257914182282, 'val_hits@1': 0.10666666666666667, 'val_hits@10': 0.41, 'val_hits@50': 0.4633333333333333, 'val_hits@100': 0.52, 'elapsed_sec': 121.99423129484057}
{'event': 'epoch_start', 'epoch': 24, 'epochs': 24, 'batches': 118, 'time_groups': 118}
{'event': 'train_time_group', 'epoch': 24, 'time_group': 1, 'time_groups': 118, 'batch': 0, 'batches': 118, 'time_value': 600.0, 'group_batches': 1, 'history_edges': 0, 'elapsed_sec': 0.009140625596046448, 'cuda_allocated_mb': 56, 'cuda_reserved_mb': 1220, 'cuda_max_allocated_mb': 1101}
{'event': 'train_progress', 'epoch': 24, 'batch': 1, 'batches': 118, 'time_group': 1, 'time_groups': 118, 'history_edges': 0, 'pos_edges': 1, 'neg_edges': 1, 'loss_recent': 0.09603265672922134, 'elapsed_sec': 0.17799178883433342, 'avg_sec_per_batch': 0.17799178883433342, 'cuda_allocated_mb': 56, 'cuda_reserved_mb': 1220, 'cuda_max_allocated_mb': 1101}
{'event': 'train_progress', 'epoch': 24, 'batch': 100, 'batches': 118, 'time_group': 100, 'time_groups': 118, 'history_edges': 2144, 'pos_edges': 38, 'neg_edges': 38, 'loss_recent': 0.9460677909245715, 'elapsed_sec': 41.19790284335613, 'avg_sec_per_batch': 0.4119790284335613, 'cuda_allocated_mb': 64, 'cuda_reserved_mb': 1220, 'cuda_max_allocated_mb': 1101}
{'event': 'train_time_group', 'epoch': 24, 'time_group': 118, 'time_groups': 118, 'batch': 117, 'batches': 118, 'time_value': 1966.0, 'group_batches': 1, 'history_edges': 3153, 'elapsed_sec': 54.394697312265635, 'cuda_allocated_mb': 56, 'cuda_reserved_mb': 1220, 'cuda_max_allocated_mb': 1101}
{'event': 'train_progress', 'epoch': 24, 'batch': 118, 'batches': 118, 'time_group': 118, 'time_groups': 118, 'history_edges': 3153, 'pos_edges': 91, 'neg_edges': 91, 'loss_recent': 1.2389865020290016, 'elapsed_sec': 55.19866029545665, 'avg_sec_per_batch': 0.467785256741158, 'cuda_allocated_mb': 64, 'cuda_reserved_mb': 1220, 'cuda_max_allocated_mb': 1101}
{'event': 'validation_start', 'epoch': 24}
{'event': 'validation_ranking_start', 'epoch': 24, 'max_edges': 150}
{'event': 'epoch_end', 'epoch': 24, 'early_stop_metric': 'val_composite', 'val_score': 0.3201647616034282, 'val_auc': 0.5592852471431903, 'val_ap': 0.1493439282688477, 'val_ndcg': 0.802446205721525, 'val_mrr': 0.21777524553424474, 'val_hits@1': 0.11666666666666667, 'val_hits@10': 0.4033333333333333, 'val_hits@50': 0.4533333333333333, 'val_hits@100': 0.49666666666666665, 'elapsed_sec': 121.21228589862585}
{'dataset': 'yago15k-temporal', 'method': 'ssptgfm', 'scenario': 'standard', 'ablation': 'full', 'few_shot_ratio': 1.0, 'seed': 5, 'train_edges': 3244, 'val_edges': 6738, 'test_edges': 26719, 'params_trainable': 1416722, 'params_total': 1416735, 'rough_forward_flops': 384237568, 'train_eval_time_sec': 3300.8675466291606, 'allocated_mb': 33.2470703125, 'reserved_mb': 1220.0, 'max_allocated_mb': 1101.64111328125, 'val_auc': 0.562100109196689, 'val_ap': 0.15124564090307221, 'val_ndcg': 0.8035548143103906, 'val_mrr': 0.22066560928999773, 'val_hits@1': 0.11, 'val_hits@10': 0.4066666666666667, 'val_hits@50': 0.47, 'val_hits@100': 0.53, 'train_loss': 1.2968504623967712, 'train_lp': 0.5085228929399176, 'train_align': 71.72477759206194, 'train_kl': 679.3084353754076, 'train_ood_reg': 0.19531380094714085, 'train_meta': 0.4025784245928119, 'train_struct_aux': 0.940758144741945, 'train_weighted_align': 0.7172477633393394, 'train_weighted_kl': 0.06793084173952624, 'train_weighted_ood_reg': 0.00019531381104123715, 'train_weighted_meta': 0.002012892066729537, 'train_weighted_struct_aux': 0.0009407581890808754, 'train_rank': 0.28894392838792066, 'train_weighted_rank': 0.0028894392085466246, 'train_candidate_rank': 2.0265368668325303, 'train_weighted_candidate_rank': 0.10132684505767464, 'test_auc': 0.5679128006507858, 'test_ap': 0.15767553673710988, 'test_ndcg': 0.8296569689695298, 'test_mrr': 0.14996779843840055, 'test_hits@1': 0.06, 'test_hits@10': 0.325, 'test_hits@50': 0.5, 'test_hits@100': 0.5633333333333334}
