runtime_device=cuda
cuda_device=Tesla V100-PCIE-32GB
{'event': 'seed_start', 'dataset': 'tkgl-yago', 'ablation': 'full', 'seed': 4, 'device': 'cuda', 'node_text_device': 'cuda:0'}
{'event': 'train_seed_start', 'seed': 4, 'train_edges': 323080, 'val_edges': 39046, 'test_edges': 40052, 'num_nodes': 10585, 'num_relations': 20}
{'event': 'train_seed_tensors_ready', 'seed': 4, 'elapsed_sec': 0.005978424102067947, 'cuda_allocated_mb': 22, 'cuda_reserved_mb': 24, 'cuda_max_allocated_mb': 22}
{'event': 'train_known_facts_ready', 'seed': 4, 'scope': 'train', 'edges': 323080, 'elapsed_sec': 0.045265644788742065}
{'event': 'train_known_facts_ready', 'seed': 4, 'scope': 'train_val', 'edges': 362126, 'elapsed_sec': 0.09526464715600014}
{'event': 'train_sampler_ready', 'seed': 4, 'elapsed_sec': 0.1951957382261753}
{'event': 'val_sampler_ready', 'seed': 4, 'elapsed_sec': 0.28364208713173866}
{'event': 'epoch_start', 'epoch': 1, 'epochs': 24, 'batches': 195, 'time_groups': 178}
{'event': 'train_time_group', 'epoch': 1, 'time_group': 1, 'time_groups': 178, 'batch': 0, 'batches': 195, 'time_value': 0.0, 'group_batches': 1, 'history_edges': 0, 'elapsed_sec': 0.03483651950955391, 'cuda_allocated_mb': 30, 'cuda_reserved_mb': 44, 'cuda_max_allocated_mb': 30}
{'event': 'train_progress', 'epoch': 1, 'batch': 1, 'batches': 195, 'time_group': 1, 'time_groups': 178, 'history_edges': 0, 'pos_edges': 942, 'neg_edges': 942, 'loss_recent': 61.41074752807617, 'elapsed_sec': 2.2571044117212296, 'avg_sec_per_batch': 2.2571044117212296, 'cuda_allocated_mb': 134, 'cuda_reserved_mb': 390, 'cuda_max_allocated_mb': 361}
{'event': 'train_progress', 'epoch': 1, 'batch': 100, 'batches': 195, 'time_group': 100, 'time_groups': 178, 'history_edges': 64610, 'pos_edges': 1538, 'neg_edges': 1538, 'loss_recent': 37.0377943611145, 'elapsed_sec': 87.8693051636219, 'avg_sec_per_batch': 0.878693051636219, 'cuda_allocated_mb': 155, 'cuda_reserved_mb': 1760, 'cuda_max_allocated_mb': 1637}
{'event': 'train_progress', 'epoch': 1, 'batch': 150, 'batches': 195, 'time_group': 150, 'time_groups': 178, 'history_edges': 185678, 'pos_edges': 3266, 'neg_edges': 3266, 'loss_recent': 87.98484548568726, 'elapsed_sec': 209.67622907459736, 'avg_sec_per_batch': 1.3978415271639824, 'cuda_allocated_mb': 219, 'cuda_reserved_mb': 4092, 'cuda_max_allocated_mb': 4029}
{'event': 'train_progress', 'epoch': 1, 'batch': 191, 'batches': 195, 'time_group': 176, 'time_groups': 178, 'history_edges': 301798, 'pos_edges': 2738, 'neg_edges': 2738, 'loss_recent': 136.37628365278243, 'elapsed_sec': 330.5555288903415, 'avg_sec_per_batch': 1.7306572193211598, 'cuda_allocated_mb': 220, 'cuda_reserved_mb': 6258, 'cuda_max_allocated_mb': 6158}
{'event': 'train_time_group', 'epoch': 1, 'time_group': 178, 'time_groups': 178, 'batch': 193, 'batches': 195, 'time_value': 177.0, 'group_batches': 2, 'history_edges': 315692, 'elapsed_sec': 338.1125926077366, 'cuda_allocated_mb': 91, 'cuda_reserved_mb': 6358, 'cuda_max_allocated_mb': 6276}
{'event': 'train_progress', 'epoch': 1, 'batch': 195, 'batches': 195, 'time_group': 178, 'time_groups': 178, 'history_edges': 315692, 'pos_edges': 3292, 'neg_edges': 3292, 'loss_recent': 141.81514221906662, 'elapsed_sec': 345.3525842092931, 'avg_sec_per_batch': 1.7710388933809904, 'cuda_allocated_mb': 220, 'cuda_reserved_mb': 6478, 'cuda_max_allocated_mb': 6389}
{'event': 'validation_start', 'epoch': 1}
{'event': 'validation_ranking_start', 'epoch': 1, 'max_edges': 75}
{'event': 'epoch_end', 'epoch': 1, 'early_stop_metric': 'val_composite', 'val_score': 0.8997175531741779, 'val_auc': 0.9432392033820585, 'val_ap': 0.8690841685595634, 'val_ndcg': 0.9821710330136975, 'val_mrr': 0.882618395506208, 'val_hits@1': 0.86, 'val_hits@10': 0.9133333333333333, 'val_hits@50': 0.92, 'val_hits@100': 0.92, 'elapsed_sec': 521.3581372648478}
{'event': 'epoch_start', 'epoch': 2, 'epochs': 24, 'batches': 195, 'time_groups': 178}
{'event': 'train_time_group', 'epoch': 2, 'time_group': 1, 'time_groups': 178, 'batch': 0, 'batches': 195, 'time_value': 0.0, 'group_batches': 1, 'history_edges': 0, 'elapsed_sec': 0.06203209236264229, 'cuda_allocated_mb': 91, 'cuda_reserved_mb': 6562, 'cuda_max_allocated_mb': 6389}
{'event': 'train_progress', 'epoch': 2, 'batch': 1, 'batches': 195, 'time_group': 1, 'time_groups': 178, 'history_edges': 0, 'pos_edges': 942, 'neg_edges': 942, 'loss_recent': 60.1693115234375, 'elapsed_sec': 0.6321685686707497, 'avg_sec_per_batch': 0.6321685686707497, 'cuda_allocated_mb': 135, 'cuda_reserved_mb': 6562, 'cuda_max_allocated_mb': 6389}
{'event': 'train_progress', 'epoch': 2, 'batch': 100, 'batches': 195, 'time_group': 100, 'time_groups': 178, 'history_edges': 64610, 'pos_edges': 1538, 'neg_edges': 1538, 'loss_recent': 31.180718574523926, 'elapsed_sec': 76.54786467179656, 'avg_sec_per_batch': 0.7654786467179656, 'cuda_allocated_mb': 156, 'cuda_reserved_mb': 6562, 'cuda_max_allocated_mb': 6389}
{'event': 'train_progress', 'epoch': 2, 'batch': 153, 'batches': 195, 'time_group': 153, 'time_groups': 178, 'history_edges': 195742, 'pos_edges': 3424, 'neg_edges': 3424, 'loss_recent': 79.21725601196289, 'elapsed_sec': 198.63149934634566, 'avg_sec_per_batch': 1.2982450937669652, 'cuda_allocated_mb': 219, 'cuda_reserved_mb': 6562, 'cuda_max_allocated_mb': 6389}
{'event': 'train_time_group', 'epoch': 2, 'time_group': 178, 'time_groups': 178, 'batch': 193, 'batches': 195, 'time_value': 177.0, 'group_batches': 2, 'history_edges': 315692, 'elapsed_sec': 302.95261138677597, 'cuda_allocated_mb': 91, 'cuda_reserved_mb': 6562, 'cuda_max_allocated_mb': 6389}
{'event': 'train_progress', 'epoch': 2, 'batch': 195, 'batches': 195, 'time_group': 178, 'time_groups': 178, 'history_edges': 315692, 'pos_edges': 3292, 'neg_edges': 3292, 'loss_recent': 120.82673107147217, 'elapsed_sec': 309.1507585681975, 'avg_sec_per_batch': 1.5853885054779357, 'cuda_allocated_mb': 220, 'cuda_reserved_mb': 6562, 'cuda_max_allocated_mb': 6389}
{'event': 'validation_start', 'epoch': 2}
{'event': 'validation_ranking_start', 'epoch': 2, 'max_edges': 75}
{'event': 'epoch_end', 'epoch': 2, 'early_stop_metric': 'val_composite', 'val_score': 0.8999054116502603, 'val_auc': 0.9423833941804198, 'val_ap': 0.8682366186843066, 'val_ndcg': 0.9819897264979202, 'val_mrr': 0.8833702196442692, 'val_hits@1': 0.86, 'val_hits@10': 0.9133333333333333, 'val_hits@50': 0.9133333333333333, 'val_hits@100': 0.9133333333333333, 'elapsed_sec': 496.76660530641675}
{'event': 'epoch_start', 'epoch': 3, 'epochs': 24, 'batches': 195, 'time_groups': 178}
{'event': 'train_time_group', 'epoch': 3, 'time_group': 1, 'time_groups': 178, 'batch': 0, 'batches': 195, 'time_value': 0.0, 'group_batches': 1, 'history_edges': 0, 'elapsed_sec': 0.05744566023349762, 'cuda_allocated_mb': 91, 'cuda_reserved_mb': 6562, 'cuda_max_allocated_mb': 6389}
{'event': 'train_progress', 'epoch': 3, 'batch': 1, 'batches': 195, 'time_group': 1, 'time_groups': 178, 'history_edges': 0, 'pos_edges': 942, 'neg_edges': 942, 'loss_recent': 64.60076904296875, 'elapsed_sec': 0.6031467691063881, 'avg_sec_per_batch': 0.6031467691063881, 'cuda_allocated_mb': 135, 'cuda_reserved_mb': 6562, 'cuda_max_allocated_mb': 6389}
{'event': 'train_progress', 'epoch': 3, 'batch': 100, 'batches': 195, 'time_group': 100, 'time_groups': 178, 'history_edges': 64610, 'pos_edges': 1538, 'neg_edges': 1538, 'loss_recent': 26.72779056549072, 'elapsed_sec': 67.86183131113648, 'avg_sec_per_batch': 0.6786183131113649, 'cuda_allocated_mb': 154, 'cuda_reserved_mb': 6562, 'cuda_max_allocated_mb': 6389}
{'event': 'train_progress', 'epoch': 3, 'batch': 153, 'batches': 195, 'time_group': 153, 'time_groups': 178, 'history_edges': 195742, 'pos_edges': 3424, 'neg_edges': 3424, 'loss_recent': 68.34947406768799, 'elapsed_sec': 189.43886708840728, 'avg_sec_per_batch': 1.23816252998959, 'cuda_allocated_mb': 219, 'cuda_reserved_mb': 6562, 'cuda_max_allocated_mb': 6389}
{'event': 'train_time_group', 'epoch': 3, 'time_group': 178, 'time_groups': 178, 'batch': 193, 'batches': 195, 'time_value': 177.0, 'group_batches': 2, 'history_edges': 315692, 'elapsed_sec': 292.72748067229986, 'cuda_allocated_mb': 91, 'cuda_reserved_mb': 6562, 'cuda_max_allocated_mb': 6389}
{'event': 'train_progress', 'epoch': 3, 'batch': 195, 'batches': 195, 'time_group': 178, 'time_groups': 178, 'history_edges': 315692, 'pos_edges': 3292, 'neg_edges': 3292, 'loss_recent': 105.73704319238662, 'elapsed_sec': 298.7213391549885, 'avg_sec_per_batch': 1.5319043033589155, 'cuda_allocated_mb': 220, 'cuda_reserved_mb': 6562, 'cuda_max_allocated_mb': 6389}
{'event': 'validation_start', 'epoch': 3}
{'event': 'validation_ranking_start', 'epoch': 3, 'max_edges': 75}
{'event': 'epoch_end', 'epoch': 3, 'early_stop_metric': 'val_composite', 'val_score': 0.898849810928851, 'val_auc': 0.9439179384001726, 'val_ap': 0.8694644883741218, 'val_ndcg': 0.9822264711489853, 'val_mrr': 0.8806898539423177, 'val_hits@1': 0.86, 'val_hits@10': 0.9133333333333333, 'val_hits@50': 0.9133333333333333, 'val_hits@100': 0.9133333333333333, 'elapsed_sec': 460.34155236184597}
{'event': 'epoch_start', 'epoch': 4, 'epochs': 24, 'batches': 195, 'time_groups': 178}
{'event': 'train_time_group', 'epoch': 4, 'time_group': 1, 'time_groups': 178, 'batch': 0, 'batches': 195, 'time_value': 0.0, 'group_batches': 1, 'history_edges': 0, 'elapsed_sec': 0.06056671589612961, 'cuda_allocated_mb': 91, 'cuda_reserved_mb': 6562, 'cuda_max_allocated_mb': 6389}
{'event': 'train_progress', 'epoch': 4, 'batch': 1, 'batches': 195, 'time_group': 1, 'time_groups': 178, 'history_edges': 0, 'pos_edges': 942, 'neg_edges': 942, 'loss_recent': 72.21007537841797, 'elapsed_sec': 0.600240059196949, 'avg_sec_per_batch': 0.600240059196949, 'cuda_allocated_mb': 134, 'cuda_reserved_mb': 6562, 'cuda_max_allocated_mb': 6389}
{'event': 'train_progress', 'epoch': 4, 'batch': 100, 'batches': 195, 'time_group': 100, 'time_groups': 178, 'history_edges': 64610, 'pos_edges': 1538, 'neg_edges': 1538, 'loss_recent': 24.071022310256957, 'elapsed_sec': 62.127799581736326, 'avg_sec_per_batch': 0.6212779958173633, 'cuda_allocated_mb': 155, 'cuda_reserved_mb': 6562, 'cuda_max_allocated_mb': 6389}
{'event': 'train_progress', 'epoch': 4, 'batch': 153, 'batches': 195, 'time_group': 153, 'time_groups': 178, 'history_edges': 195742, 'pos_edges': 3424, 'neg_edges': 3424, 'loss_recent': 62.79988775253296, 'elapsed_sec': 183.40876676142216, 'avg_sec_per_batch': 1.1987501095517787, 'cuda_allocated_mb': 219, 'cuda_reserved_mb': 6562, 'cuda_max_allocated_mb': 6389}
{'event': 'train_time_group', 'epoch': 4, 'time_group': 178, 'time_groups': 178, 'batch': 193, 'batches': 195, 'time_value': 177.0, 'group_batches': 2, 'history_edges': 315692, 'elapsed_sec': 285.66317569091916, 'cuda_allocated_mb': 91, 'cuda_reserved_mb': 6562, 'cuda_max_allocated_mb': 6389}
{'event': 'train_progress', 'epoch': 4, 'batch': 195, 'batches': 195, 'time_group': 178, 'time_groups': 178, 'history_edges': 315692, 'pos_edges': 3292, 'neg_edges': 3292, 'loss_recent': 98.55582031965255, 'elapsed_sec': 291.3682974651456, 'avg_sec_per_batch': 1.4941963972571568, 'cuda_allocated_mb': 220, 'cuda_reserved_mb': 6562, 'cuda_max_allocated_mb': 6389}
{'event': 'validation_start', 'epoch': 4}
{'event': 'validation_ranking_start', 'epoch': 4, 'max_edges': 75}
{'event': 'epoch_end', 'epoch': 4, 'early_stop_metric': 'val_composite', 'val_score': 0.8976827692036558, 'val_auc': 0.945014403136797, 'val_ap': 0.8721785847673746, 'val_ndcg': 0.9826504916898308, 'val_mrr': 0.8800137576587866, 'val_hits@1': 0.86, 'val_hits@10': 0.9066666666666666, 'val_hits@50': 0.9066666666666666, 'val_hits@100': 0.9066666666666666, 'elapsed_sec': 458.3472143188119}
{'event': 'epoch_start', 'epoch': 5, 'epochs': 24, 'batches': 195, 'time_groups': 178}
{'event': 'train_time_group', 'epoch': 5, 'time_group': 1, 'time_groups': 178, 'batch': 0, 'batches': 195, 'time_value': 0.0, 'group_batches': 1, 'history_edges': 0, 'elapsed_sec': 0.057390496134757996, 'cuda_allocated_mb': 91, 'cuda_reserved_mb': 6562, 'cuda_max_allocated_mb': 6389}
{'event': 'train_progress', 'epoch': 5, 'batch': 1, 'batches': 195, 'time_group': 1, 'time_groups': 178, 'history_edges': 0, 'pos_edges': 942, 'neg_edges': 942, 'loss_recent': 80.730224609375, 'elapsed_sec': 0.5993087254464626, 'avg_sec_per_batch': 0.5993087254464626, 'cuda_allocated_mb': 135, 'cuda_reserved_mb': 6562, 'cuda_max_allocated_mb': 6389}
{'event': 'train_progress', 'epoch': 5, 'batch': 100, 'batches': 195, 'time_group': 100, 'time_groups': 178, 'history_edges': 64610, 'pos_edges': 1538, 'neg_edges': 1538, 'loss_recent': 22.592231512069702, 'elapsed_sec': 59.74089206755161, 'avg_sec_per_batch': 0.5974089206755161, 'cuda_allocated_mb': 155, 'cuda_reserved_mb': 6562, 'cuda_max_allocated_mb': 6389}
{'event': 'train_progress', 'epoch': 5, 'batch': 152, 'batches': 195, 'time_group': 152, 'time_groups': 178, 'history_edges': 192330, 'pos_edges': 3412, 'neg_edges': 3412, 'loss_recent': 58.57116954803467, 'elapsed_sec': 180.25612553954124, 'avg_sec_per_batch': 1.1858955627601397, 'cuda_allocated_mb': 219, 'cuda_reserved_mb': 6562, 'cuda_max_allocated_mb': 6389}
{'event': 'train_time_group', 'epoch': 5, 'time_group': 178, 'time_groups': 178, 'batch': 193, 'batches': 195, 'time_value': 177.0, 'group_batches': 2, 'history_edges': 315692, 'elapsed_sec': 286.78990848734975, 'cuda_allocated_mb': 91, 'cuda_reserved_mb': 6562, 'cuda_max_allocated_mb': 6389}
{'event': 'train_progress', 'epoch': 5, 'batch': 195, 'batches': 195, 'time_group': 178, 'time_groups': 178, 'history_edges': 315692, 'pos_edges': 3292, 'neg_edges': 3292, 'loss_recent': 94.06230162143707, 'elapsed_sec': 292.844262290746, 'avg_sec_per_batch': 1.5017654476448512, 'cuda_allocated_mb': 220, 'cuda_reserved_mb': 6562, 'cuda_max_allocated_mb': 6389}
{'event': 'validation_start', 'epoch': 5}
{'event': 'validation_ranking_start', 'epoch': 5, 'max_edges': 75}
{'event': 'epoch_end', 'epoch': 5, 'early_stop_metric': 'val_composite', 'val_score': 0.901928325907372, 'val_auc': 0.9469474335421967, 'val_ap': 0.8770937703413875, 'val_ndcg': 0.983348544293793, 'val_mrr': 0.884030735166016, 'val_hits@1': 0.86, 'val_hits@10': 0.9133333333333333, 'val_hits@50': 0.9266666666666666, 'val_hits@100': 0.9266666666666666, 'elapsed_sec': 461.01143630966544}
{'event': 'epoch_start', 'epoch': 6, 'epochs': 24, 'batches': 195, 'time_groups': 178}
{'event': 'train_time_group', 'epoch': 6, 'time_group': 1, 'time_groups': 178, 'batch': 0, 'batches': 195, 'time_value': 0.0, 'group_batches': 1, 'history_edges': 0, 'elapsed_sec': 0.058036819100379944, 'cuda_allocated_mb': 91, 'cuda_reserved_mb': 6562, 'cuda_max_allocated_mb': 6389}
{'event': 'train_progress', 'epoch': 6, 'batch': 1, 'batches': 195, 'time_group': 1, 'time_groups': 178, 'history_edges': 0, 'pos_edges': 942, 'neg_edges': 942, 'loss_recent': 93.04936981201172, 'elapsed_sec': 0.6302745714783669, 'avg_sec_per_batch': 0.6302745714783669, 'cuda_allocated_mb': 134, 'cuda_reserved_mb': 6562, 'cuda_max_allocated_mb': 6389}
{'event': 'train_progress', 'epoch': 6, 'batch': 100, 'batches': 195, 'time_group': 100, 'time_groups': 178, 'history_edges': 64610, 'pos_edges': 1538, 'neg_edges': 1538, 'loss_recent': 21.62413775444031, 'elapsed_sec': 61.963972471654415, 'avg_sec_per_batch': 0.6196397247165442, 'cuda_allocated_mb': 155, 'cuda_reserved_mb': 6562, 'cuda_max_allocated_mb': 6389}
{'event': 'train_progress', 'epoch': 6, 'batch': 152, 'batches': 195, 'time_group': 152, 'time_groups': 178, 'history_edges': 192330, 'pos_edges': 3412, 'neg_edges': 3412, 'loss_recent': 56.31430166244507, 'elapsed_sec': 182.38432566076517, 'avg_sec_per_batch': 1.1998968793471392, 'cuda_allocated_mb': 219, 'cuda_reserved_mb': 6562, 'cuda_max_allocated_mb': 6389}
{'event': 'train_time_group', 'epoch': 6, 'time_group': 178, 'time_groups': 178, 'batch': 193, 'batches': 195, 'time_value': 177.0, 'group_batches': 2, 'history_edges': 315692, 'elapsed_sec': 288.7265325523913, 'cuda_allocated_mb': 91, 'cuda_reserved_mb': 6562, 'cuda_max_allocated_mb': 6389}
{'event': 'train_progress', 'epoch': 6, 'batch': 195, 'batches': 195, 'time_group': 178, 'time_groups': 178, 'history_edges': 315692, 'pos_edges': 3292, 'neg_edges': 3292, 'loss_recent': 91.1979548227787, 'elapsed_sec': 295.1963009350002, 'avg_sec_per_batch': 1.5138271842820523, 'cuda_allocated_mb': 220, 'cuda_reserved_mb': 6562, 'cuda_max_allocated_mb': 6390}
{'event': 'validation_start', 'epoch': 6}
{'event': 'validation_ranking_start', 'epoch': 6, 'max_edges': 75}
{'event': 'epoch_end', 'epoch': 6, 'early_stop_metric': 'val_composite', 'val_score': 0.9022376158359888, 'val_auc': 0.9475866685338002, 'val_ap': 0.8807772205232196, 'val_ndcg': 0.9837889088613657, 'val_mrr': 0.8833922835560253, 'val_hits@1': 0.86, 'val_hits@10': 0.9133333333333333, 'val_hits@50': 0.9133333333333333, 'val_hits@100': 0.9133333333333333, 'elapsed_sec': 463.9924862496555}
{'event': 'epoch_start', 'epoch': 7, 'epochs': 24, 'batches': 195, 'time_groups': 178}
{'event': 'train_time_group', 'epoch': 7, 'time_group': 1, 'time_groups': 178, 'batch': 0, 'batches': 195, 'time_value': 0.0, 'group_batches': 1, 'history_edges': 0, 'elapsed_sec': 0.055167414247989655, 'cuda_allocated_mb': 91, 'cuda_reserved_mb': 6562, 'cuda_max_allocated_mb': 6390}
{'event': 'train_progress', 'epoch': 7, 'batch': 1, 'batches': 195, 'time_group': 1, 'time_groups': 178, 'history_edges': 0, 'pos_edges': 942, 'neg_edges': 942, 'loss_recent': 103.1470947265625, 'elapsed_sec': 0.6193936541676521, 'avg_sec_per_batch': 0.6193936541676521, 'cuda_allocated_mb': 134, 'cuda_reserved_mb': 6562, 'cuda_max_allocated_mb': 6390}
{'event': 'train_progress', 'epoch': 7, 'batch': 100, 'batches': 195, 'time_group': 100, 'time_groups': 178, 'history_edges': 64610, 'pos_edges': 1538, 'neg_edges': 1538, 'loss_recent': 20.999604625701906, 'elapsed_sec': 62.58354038000107, 'avg_sec_per_batch': 0.6258354038000107, 'cuda_allocated_mb': 155, 'cuda_reserved_mb': 6562, 'cuda_max_allocated_mb': 6390}
{'event': 'train_progress', 'epoch': 7, 'batch': 153, 'batches': 195, 'time_group': 153, 'time_groups': 178, 'history_edges': 195742, 'pos_edges': 3424, 'neg_edges': 3424, 'loss_recent': 56.00275949478149, 'elapsed_sec': 184.68426218628883, 'avg_sec_per_batch': 1.2070866809561362, 'cuda_allocated_mb': 219, 'cuda_reserved_mb': 6562, 'cuda_max_allocated_mb': 6390}
{'event': 'train_time_group', 'epoch': 7, 'time_group': 178, 'time_groups': 178, 'batch': 193, 'batches': 195, 'time_value': 177.0, 'group_batches': 2, 'history_edges': 315692, 'elapsed_sec': 287.3578794263303, 'cuda_allocated_mb': 91, 'cuda_reserved_mb': 6562, 'cuda_max_allocated_mb': 6390}
{'event': 'train_progress', 'epoch': 7, 'batch': 195, 'batches': 195, 'time_group': 178, 'time_groups': 178, 'history_edges': 315692, 'pos_edges': 3292, 'neg_edges': 3292, 'loss_recent': 89.63642207503318, 'elapsed_sec': 292.8397792689502, 'avg_sec_per_batch': 1.5017424577894882, 'cuda_allocated_mb': 220, 'cuda_reserved_mb': 6562, 'cuda_max_allocated_mb': 6390}
{'event': 'validation_start', 'epoch': 7}
{'event': 'validation_ranking_start', 'epoch': 7, 'max_edges': 75}
{'event': 'epoch_end', 'epoch': 7, 'early_stop_metric': 'val_composite', 'val_score': 0.9004468617237571, 'val_auc': 0.9485990212860596, 'val_ap': 0.8849133582003984, 'val_ndcg': 0.9843783155815803, 'val_mrr': 0.8810174840758058, 'val_hits@1': 0.86, 'val_hits@10': 0.9066666666666666, 'val_hits@50': 0.9133333333333333, 'val_hits@100': 0.92, 'elapsed_sec': 468.55405969172716}
{'event': 'epoch_start', 'epoch': 8, 'epochs': 24, 'batches': 195, 'time_groups': 178}
{'event': 'train_time_group', 'epoch': 8, 'time_group': 1, 'time_groups': 178, 'batch': 0, 'batches': 195, 'time_value': 0.0, 'group_batches': 1, 'history_edges': 0, 'elapsed_sec': 0.05580044910311699, 'cuda_allocated_mb': 91, 'cuda_reserved_mb': 6562, 'cuda_max_allocated_mb': 6390}
{'event': 'train_progress', 'epoch': 8, 'batch': 1, 'batches': 195, 'time_group': 1, 'time_groups': 178, 'history_edges': 0, 'pos_edges': 942, 'neg_edges': 942, 'loss_recent': 118.6571273803711, 'elapsed_sec': 0.6292275115847588, 'avg_sec_per_batch': 0.6292275115847588, 'cuda_allocated_mb': 134, 'cuda_reserved_mb': 6562, 'cuda_max_allocated_mb': 6390}
{'event': 'train_progress', 'epoch': 8, 'batch': 100, 'batches': 195, 'time_group': 100, 'time_groups': 178, 'history_edges': 64610, 'pos_edges': 1538, 'neg_edges': 1538, 'loss_recent': 20.78102997779846, 'elapsed_sec': 63.65256058424711, 'avg_sec_per_batch': 0.6365256058424711, 'cuda_allocated_mb': 155, 'cuda_reserved_mb': 6562, 'cuda_max_allocated_mb': 6390}
{'event': 'train_progress', 'epoch': 8, 'batch': 153, 'batches': 195, 'time_group': 153, 'time_groups': 178, 'history_edges': 195742, 'pos_edges': 3424, 'neg_edges': 3424, 'loss_recent': 55.52215077400208, 'elapsed_sec': 186.1074469536543, 'avg_sec_per_batch': 1.216388542180747, 'cuda_allocated_mb': 220, 'cuda_reserved_mb': 6562, 'cuda_max_allocated_mb': 6390}
{'event': 'train_time_group', 'epoch': 8, 'time_group': 178, 'time_groups': 178, 'batch': 193, 'batches': 195, 'time_value': 177.0, 'group_batches': 2, 'history_edges': 315692, 'elapsed_sec': 290.77994298934937, 'cuda_allocated_mb': 91, 'cuda_reserved_mb': 6562, 'cuda_max_allocated_mb': 6390}
{'event': 'train_progress', 'epoch': 8, 'batch': 195, 'batches': 195, 'time_group': 178, 'time_groups': 178, 'history_edges': 315692, 'pos_edges': 3292, 'neg_edges': 3292, 'loss_recent': 88.93926055669785, 'elapsed_sec': 296.6379797756672, 'avg_sec_per_batch': 1.5212204091059855, 'cuda_allocated_mb': 220, 'cuda_reserved_mb': 6562, 'cuda_max_allocated_mb': 6390}
{'event': 'validation_start', 'epoch': 8}
{'event': 'validation_ranking_start', 'epoch': 8, 'max_edges': 75}
{'event': 'epoch_end', 'epoch': 8, 'early_stop_metric': 'val_composite', 'val_score': 0.8999820664497808, 'val_auc': 0.9482097384920998, 'val_ap': 0.8834860980262316, 'val_ndcg': 0.9840943745841967, 'val_mrr': 0.8806117880589761, 'val_hits@1': 0.86, 'val_hits@10': 0.9066666666666666, 'val_hits@50': 0.92, 'val_hits@100': 0.92, 'elapsed_sec': 464.5176585689187}
{'event': 'epoch_start', 'epoch': 9, 'epochs': 24, 'batches': 195, 'time_groups': 178}
{'event': 'train_time_group', 'epoch': 9, 'time_group': 1, 'time_groups': 178, 'batch': 0, 'batches': 195, 'time_value': 0.0, 'group_batches': 1, 'history_edges': 0, 'elapsed_sec': 0.22467856854200363, 'cuda_allocated_mb': 91, 'cuda_reserved_mb': 6562, 'cuda_max_allocated_mb': 6390}
{'event': 'train_progress', 'epoch': 9, 'batch': 1, 'batches': 195, 'time_group': 1, 'time_groups': 178, 'history_edges': 0, 'pos_edges': 942, 'neg_edges': 942, 'loss_recent': 132.38787841796875, 'elapsed_sec': 0.7617354057729244, 'avg_sec_per_batch': 0.7617354057729244, 'cuda_allocated_mb': 135, 'cuda_reserved_mb': 6562, 'cuda_max_allocated_mb': 6390}
{'event': 'train_progress', 'epoch': 9, 'batch': 100, 'batches': 195, 'time_group': 100, 'time_groups': 178, 'history_edges': 64610, 'pos_edges': 1538, 'neg_edges': 1538, 'loss_recent': 20.7078311252594, 'elapsed_sec': 62.63970936462283, 'avg_sec_per_batch': 0.6263970936462283, 'cuda_allocated_mb': 154, 'cuda_reserved_mb': 6562, 'cuda_max_allocated_mb': 6390}
{'event': 'train_progress', 'epoch': 9, 'batch': 152, 'batches': 195, 'time_group': 152, 'time_groups': 178, 'history_edges': 192330, 'pos_edges': 3412, 'neg_edges': 3412, 'loss_recent': 54.228152418136595, 'elapsed_sec': 183.55159544944763, 'avg_sec_per_batch': 1.2075762858516292, 'cuda_allocated_mb': 219, 'cuda_reserved_mb': 6562, 'cuda_max_allocated_mb': 6390}
{'event': 'train_time_group', 'epoch': 9, 'time_group': 178, 'time_groups': 178, 'batch': 193, 'batches': 195, 'time_value': 177.0, 'group_batches': 2, 'history_edges': 315692, 'elapsed_sec': 289.87583131715655, 'cuda_allocated_mb': 91, 'cuda_reserved_mb': 6562, 'cuda_max_allocated_mb': 6390}
{'event': 'train_progress', 'epoch': 9, 'batch': 195, 'batches': 195, 'time_group': 178, 'time_groups': 178, 'history_edges': 315692, 'pos_edges': 3292, 'neg_edges': 3292, 'loss_recent': 88.57313816189766, 'elapsed_sec': 296.09229213371873, 'avg_sec_per_batch': 1.5184220109421473, 'cuda_allocated_mb': 220, 'cuda_reserved_mb': 6562, 'cuda_max_allocated_mb': 6390}
{'event': 'validation_start', 'epoch': 9}
{'event': 'validation_ranking_start', 'epoch': 9, 'max_edges': 75}
{'event': 'epoch_end', 'epoch': 9, 'early_stop_metric': 'val_composite', 'val_score': 0.9010232770075345, 'val_auc': 0.9495240128855722, 'val_ap': 0.8865667441670785, 'val_ndcg': 0.984579633573207, 'val_mrr': 0.8815415360950803, 'val_hits@1': 0.86, 'val_hits@10': 0.9066666666666666, 'val_hits@50': 0.9133333333333333, 'val_hits@100': 0.9133333333333333, 'elapsed_sec': 467.9485205747187}
{'event': 'epoch_start', 'epoch': 10, 'epochs': 24, 'batches': 195, 'time_groups': 178}
{'event': 'train_time_group', 'epoch': 10, 'time_group': 1, 'time_groups': 178, 'batch': 0, 'batches': 195, 'time_value': 0.0, 'group_batches': 1, 'history_edges': 0, 'elapsed_sec': 0.05803631991147995, 'cuda_allocated_mb': 91, 'cuda_reserved_mb': 6562, 'cuda_max_allocated_mb': 6390}
{'event': 'train_progress', 'epoch': 10, 'batch': 1, 'batches': 195, 'time_group': 1, 'time_groups': 178, 'history_edges': 0, 'pos_edges': 942, 'neg_edges': 942, 'loss_recent': 146.8010711669922, 'elapsed_sec': 0.6163181960582733, 'avg_sec_per_batch': 0.6163181960582733, 'cuda_allocated_mb': 134, 'cuda_reserved_mb': 6562, 'cuda_max_allocated_mb': 6390}
{'event': 'train_progress', 'epoch': 10, 'batch': 100, 'batches': 195, 'time_group': 100, 'time_groups': 178, 'history_edges': 64610, 'pos_edges': 1538, 'neg_edges': 1538, 'loss_recent': 20.712022008895875, 'elapsed_sec': 69.84395398572087, 'avg_sec_per_batch': 0.6984395398572087, 'cuda_allocated_mb': 155, 'cuda_reserved_mb': 6562, 'cuda_max_allocated_mb': 6390}
{'event': 'train_progress', 'epoch': 10, 'batch': 152, 'batches': 195, 'time_group': 152, 'time_groups': 178, 'history_edges': 192330, 'pos_edges': 3412, 'neg_edges': 3412, 'loss_recent': 53.96854260444641, 'elapsed_sec': 191.70076237618923, 'avg_sec_per_batch': 1.2611892261591398, 'cuda_allocated_mb': 219, 'cuda_reserved_mb': 6562, 'cuda_max_allocated_mb': 6390}
{'event': 'train_time_group', 'epoch': 10, 'time_group': 178, 'time_groups': 178, 'batch': 193, 'batches': 195, 'time_value': 177.0, 'group_batches': 2, 'history_edges': 315692, 'elapsed_sec': 301.8759287893772, 'cuda_allocated_mb': 91, 'cuda_reserved_mb': 6562, 'cuda_max_allocated_mb': 6390}
{'event': 'train_progress', 'epoch': 10, 'batch': 195, 'batches': 195, 'time_group': 178, 'time_groups': 178, 'history_edges': 315692, 'pos_edges': 3292, 'neg_edges': 3292, 'loss_recent': 88.2099555361271, 'elapsed_sec': 307.0156487412751, 'avg_sec_per_batch': 1.5744392243142311, 'cuda_allocated_mb': 220, 'cuda_reserved_mb': 6562, 'cuda_max_allocated_mb': 6390}
{'event': 'validation_start', 'epoch': 10}
{'event': 'validation_ranking_start', 'epoch': 10, 'max_edges': 75}
{'event': 'epoch_end', 'epoch': 10, 'early_stop_metric': 'val_composite', 'val_score': 0.9029600229906273, 'val_auc': 0.9511767518568905, 'val_ap': 0.887763374090835, 'val_ndcg': 0.9848485647140695, 'val_mrr': 0.8848369789588344, 'val_hits@1': 0.8666666666666667, 'val_hits@10': 0.9066666666666666, 'val_hits@50': 0.9133333333333333, 'val_hits@100': 0.9133333333333333, 'elapsed_sec': 470.1289534494281}
{'event': 'epoch_start', 'epoch': 11, 'epochs': 24, 'batches': 195, 'time_groups': 178}
{'event': 'train_time_group', 'epoch': 11, 'time_group': 1, 'time_groups': 178, 'batch': 0, 'batches': 195, 'time_value': 0.0, 'group_batches': 1, 'history_edges': 0, 'elapsed_sec': 0.06679997593164444, 'cuda_allocated_mb': 91, 'cuda_reserved_mb': 6562, 'cuda_max_allocated_mb': 6390}
{'event': 'train_progress', 'epoch': 11, 'batch': 1, 'batches': 195, 'time_group': 1, 'time_groups': 178, 'history_edges': 0, 'pos_edges': 942, 'neg_edges': 942, 'loss_recent': 161.1919403076172, 'elapsed_sec': 0.6581842266023159, 'avg_sec_per_batch': 0.6581842266023159, 'cuda_allocated_mb': 135, 'cuda_reserved_mb': 6562, 'cuda_max_allocated_mb': 6390}
{'event': 'train_progress', 'epoch': 11, 'batch': 100, 'batches': 195, 'time_group': 100, 'time_groups': 178, 'history_edges': 64610, 'pos_edges': 1538, 'neg_edges': 1538, 'loss_recent': 20.75737448692322, 'elapsed_sec': 77.21246921643615, 'avg_sec_per_batch': 0.7721246921643615, 'cuda_allocated_mb': 155, 'cuda_reserved_mb': 6562, 'cuda_max_allocated_mb': 6390}
{'event': 'train_progress', 'epoch': 11, 'batch': 151, 'batches': 195, 'time_group': 151, 'time_groups': 178, 'history_edges': 188944, 'pos_edges': 3386, 'neg_edges': 3386, 'loss_recent': 52.91781385421753, 'elapsed_sec': 198.71146952360868, 'avg_sec_per_batch': 1.3159699968450906, 'cuda_allocated_mb': 219, 'cuda_reserved_mb': 6562, 'cuda_max_allocated_mb': 6390}
{'event': 'train_time_group', 'epoch': 11, 'time_group': 178, 'time_groups': 178, 'batch': 193, 'batches': 195, 'time_value': 177.0, 'group_batches': 2, 'history_edges': 315692, 'elapsed_sec': 307.0630897320807, 'cuda_allocated_mb': 91, 'cuda_reserved_mb': 6562, 'cuda_max_allocated_mb': 6390}
{'event': 'train_progress', 'epoch': 11, 'batch': 195, 'batches': 195, 'time_group': 178, 'time_groups': 178, 'history_edges': 315692, 'pos_edges': 3292, 'neg_edges': 3292, 'loss_recent': 88.12417921185494, 'elapsed_sec': 313.6633265018463, 'avg_sec_per_batch': 1.6085298794966478, 'cuda_allocated_mb': 220, 'cuda_reserved_mb': 6562, 'cuda_max_allocated_mb': 6390}
{'event': 'validation_start', 'epoch': 11}
{'event': 'validation_ranking_start', 'epoch': 11, 'max_edges': 75}
{'event': 'epoch_end', 'epoch': 11, 'early_stop_metric': 'val_composite', 'val_score': 0.9031612866226697, 'val_auc': 0.9505974532042683, 'val_ap': 0.8888430539121612, 'val_ndcg': 0.9849299353839747, 'val_mrr': 0.8822905913411361, 'val_hits@1': 0.86, 'val_hits@10': 0.9133333333333333, 'val_hits@50': 0.9133333333333333, 'val_hits@100': 0.9133333333333333, 'elapsed_sec': 484.01619359105825}
{'event': 'epoch_start', 'epoch': 12, 'epochs': 24, 'batches': 195, 'time_groups': 178}
{'event': 'train_time_group', 'epoch': 12, 'time_group': 1, 'time_groups': 178, 'batch': 0, 'batches': 195, 'time_value': 0.0, 'group_batches': 1, 'history_edges': 0, 'elapsed_sec': 0.07546622306108475, 'cuda_allocated_mb': 91, 'cuda_reserved_mb': 6562, 'cuda_max_allocated_mb': 6390}
{'event': 'train_progress', 'epoch': 12, 'batch': 1, 'batches': 195, 'time_group': 1, 'time_groups': 178, 'history_edges': 0, 'pos_edges': 942, 'neg_edges': 942, 'loss_recent': 176.039306640625, 'elapsed_sec': 0.6541081964969635, 'avg_sec_per_batch': 0.6541081964969635, 'cuda_allocated_mb': 135, 'cuda_reserved_mb': 6562, 'cuda_max_allocated_mb': 6390}
{'event': 'train_progress', 'epoch': 12, 'batch': 100, 'batches': 195, 'time_group': 100, 'time_groups': 178, 'history_edges': 64610, 'pos_edges': 1538, 'neg_edges': 1538, 'loss_recent': 20.83728970527649, 'elapsed_sec': 78.60330059751868, 'avg_sec_per_batch': 0.7860330059751868, 'cuda_allocated_mb': 155, 'cuda_reserved_mb': 6562, 'cuda_max_allocated_mb': 6390}
{'event': 'train_progress', 'epoch': 12, 'batch': 151, 'batches': 195, 'time_group': 151, 'time_groups': 178, 'history_edges': 188944, 'pos_edges': 3386, 'neg_edges': 3386, 'loss_recent': 52.754873533248904, 'elapsed_sec': 198.81449266523123, 'avg_sec_per_batch': 1.316652269306167, 'cuda_allocated_mb': 219, 'cuda_reserved_mb': 6562, 'cuda_max_allocated_mb': 6390}
{'event': 'train_time_group', 'epoch': 12, 'time_group': 178, 'time_groups': 178, 'batch': 193, 'batches': 195, 'time_value': 177.0, 'group_batches': 2, 'history_edges': 315692, 'elapsed_sec': 310.8601891323924, 'cuda_allocated_mb': 91, 'cuda_reserved_mb': 6562, 'cuda_max_allocated_mb': 6390}
{'event': 'train_progress', 'epoch': 12, 'batch': 195, 'batches': 195, 'time_group': 178, 'time_groups': 178, 'history_edges': 315692, 'pos_edges': 3292, 'neg_edges': 3292, 'loss_recent': 88.02433816432954, 'elapsed_sec': 317.9115286320448, 'avg_sec_per_batch': 1.6303155314463835, 'cuda_allocated_mb': 220, 'cuda_reserved_mb': 6562, 'cuda_max_allocated_mb': 6390}
{'event': 'validation_start', 'epoch': 12}
{'event': 'validation_ranking_start', 'epoch': 12, 'max_edges': 75}
{'event': 'epoch_end', 'epoch': 12, 'early_stop_metric': 'val_composite', 'val_score': 0.9008875092813194, 'val_auc': 0.9499149174596905, 'val_ap': 0.8857789608342881, 'val_ndcg': 0.9844794469890558, 'val_mrr': 0.8814872825019053, 'val_hits@1': 0.86, 'val_hits@10': 0.9066666666666666, 'val_hits@50': 0.9133333333333333, 'val_hits@100': 0.9133333333333333, 'elapsed_sec': 479.3926261998713}
{'event': 'epoch_start', 'epoch': 13, 'epochs': 24, 'batches': 195, 'time_groups': 178}
{'event': 'train_time_group', 'epoch': 13, 'time_group': 1, 'time_groups': 178, 'batch': 0, 'batches': 195, 'time_value': 0.0, 'group_batches': 1, 'history_edges': 0, 'elapsed_sec': 0.06009072810411453, 'cuda_allocated_mb': 91, 'cuda_reserved_mb': 6562, 'cuda_max_allocated_mb': 6390}
{'event': 'train_progress', 'epoch': 13, 'batch': 1, 'batches': 195, 'time_group': 1, 'time_groups': 178, 'history_edges': 0, 'pos_edges': 942, 'neg_edges': 942, 'loss_recent': 190.14219665527344, 'elapsed_sec': 0.6623454913496971, 'avg_sec_per_batch': 0.6623454913496971, 'cuda_allocated_mb': 135, 'cuda_reserved_mb': 6562, 'cuda_max_allocated_mb': 6390}
{'event': 'train_progress', 'epoch': 13, 'batch': 100, 'batches': 195, 'time_group': 100, 'time_groups': 178, 'history_edges': 64610, 'pos_edges': 1538, 'neg_edges': 1538, 'loss_recent': 20.906169090270996, 'elapsed_sec': 80.25508956238627, 'avg_sec_per_batch': 0.8025508956238627, 'cuda_allocated_mb': 156, 'cuda_reserved_mb': 6562, 'cuda_max_allocated_mb': 6390}
{'event': 'train_progress', 'epoch': 13, 'batch': 151, 'batches': 195, 'time_group': 151, 'time_groups': 178, 'history_edges': 188944, 'pos_edges': 3386, 'neg_edges': 3386, 'loss_recent': 52.58763994216919, 'elapsed_sec': 200.86632846668363, 'avg_sec_per_batch': 1.330240585872077, 'cuda_allocated_mb': 219, 'cuda_reserved_mb': 6562, 'cuda_max_allocated_mb': 6390}
{'event': 'train_time_group', 'epoch': 13, 'time_group': 178, 'time_groups': 178, 'batch': 193, 'batches': 195, 'time_value': 177.0, 'group_batches': 2, 'history_edges': 315692, 'elapsed_sec': 314.1595705486834, 'cuda_allocated_mb': 91, 'cuda_reserved_mb': 6562, 'cuda_max_allocated_mb': 6390}
{'event': 'train_progress', 'epoch': 13, 'batch': 195, 'batches': 195, 'time_group': 178, 'time_groups': 178, 'history_edges': 315692, 'pos_edges': 3292, 'neg_edges': 3292, 'loss_recent': 87.59826171517372, 'elapsed_sec': 320.73849185556173, 'avg_sec_per_batch': 1.6448127787464704, 'cuda_allocated_mb': 220, 'cuda_reserved_mb': 6562, 'cuda_max_allocated_mb': 6390}
{'event': 'validation_start', 'epoch': 13}
{'event': 'validation_ranking_start', 'epoch': 13, 'max_edges': 75}
{'event': 'epoch_end', 'epoch': 13, 'early_stop_metric': 'val_composite', 'val_score': 0.9072568690417956, 'val_auc': 0.9501562139210404, 'val_ap': 0.8867823585885567, 'val_ndcg': 0.9846687899728003, 'val_mrr': 0.8911963177870267, 'val_hits@1': 0.8733333333333333, 'val_hits@10': 0.9133333333333333, 'val_hits@50': 0.9133333333333333, 'val_hits@100': 0.9133333333333333, 'elapsed_sec': 501.6319953687489}
{'event': 'epoch_start', 'epoch': 14, 'epochs': 24, 'batches': 195, 'time_groups': 178}
{'event': 'train_time_group', 'epoch': 14, 'time_group': 1, 'time_groups': 178, 'batch': 0, 'batches': 195, 'time_value': 0.0, 'group_batches': 1, 'history_edges': 0, 'elapsed_sec': 0.2648194096982479, 'cuda_allocated_mb': 91, 'cuda_reserved_mb': 6562, 'cuda_max_allocated_mb': 6390}
{'event': 'train_progress', 'epoch': 14, 'batch': 1, 'batches': 195, 'time_group': 1, 'time_groups': 178, 'history_edges': 0, 'pos_edges': 942, 'neg_edges': 942, 'loss_recent': 205.17213439941406, 'elapsed_sec': 0.8915835656225681, 'avg_sec_per_batch': 0.8915835656225681, 'cuda_allocated_mb': 136, 'cuda_reserved_mb': 6562, 'cuda_max_allocated_mb': 6390}
{'event': 'train_progress', 'epoch': 14, 'batch': 100, 'batches': 195, 'time_group': 100, 'time_groups': 178, 'history_edges': 64610, 'pos_edges': 1538, 'neg_edges': 1538, 'loss_recent': 21.049082193374634, 'elapsed_sec': 84.59068957343698, 'avg_sec_per_batch': 0.8459068957343697, 'cuda_allocated_mb': 155, 'cuda_reserved_mb': 6562, 'cuda_max_allocated_mb': 6390}
{'event': 'train_progress', 'epoch': 14, 'batch': 148, 'batches': 195, 'time_group': 148, 'time_groups': 178, 'history_edges': 179194, 'pos_edges': 3234, 'neg_edges': 3234, 'loss_recent': 49.85610845565796, 'elapsed_sec': 206.23621373996139, 'avg_sec_per_batch': 1.3934879306754149, 'cuda_allocated_mb': 218, 'cuda_reserved_mb': 6562, 'cuda_max_allocated_mb': 6390}
{'event': 'train_progress', 'epoch': 14, 'batch': 190, 'batches': 195, 'time_group': 176, 'time_groups': 178, 'history_edges': 301798, 'pos_edges': 4096, 'neg_edges': 4096, 'loss_recent': 83.2090581381321, 'elapsed_sec': 328.16350147128105, 'avg_sec_per_batch': 1.7271763235330582, 'cuda_allocated_mb': 220, 'cuda_reserved_mb': 6562, 'cuda_max_allocated_mb': 6390}
{'event': 'train_time_group', 'epoch': 14, 'time_group': 178, 'time_groups': 178, 'batch': 193, 'batches': 195, 'time_value': 177.0, 'group_batches': 2, 'history_edges': 315692, 'elapsed_sec': 335.0645221956074, 'cuda_allocated_mb': 91, 'cuda_reserved_mb': 6562, 'cuda_max_allocated_mb': 6390}
{'event': 'train_progress', 'epoch': 14, 'batch': 195, 'batches': 195, 'time_group': 178, 'time_groups': 178, 'history_edges': 315692, 'pos_edges': 3292, 'neg_edges': 3292, 'loss_recent': 87.71690180420876, 'elapsed_sec': 339.09844858571887, 'avg_sec_per_batch': 1.7389664030036864, 'cuda_allocated_mb': 220, 'cuda_reserved_mb': 6562, 'cuda_max_allocated_mb': 6390}
{'event': 'validation_start', 'epoch': 14}
{'event': 'validation_ranking_start', 'epoch': 14, 'max_edges': 75}
{'event': 'epoch_end', 'epoch': 14, 'early_stop_metric': 'val_composite', 'val_score': 0.9085253195398973, 'val_auc': 0.9532331489285346, 'val_ap': 0.8959540360311781, 'val_ndcg': 0.9858855298587249, 'val_mrr': 0.8904306740725093, 'val_hits@1': 0.8733333333333333, 'val_hits@10': 0.9133333333333333, 'val_hits@50': 0.92, 'val_hits@100': 0.92, 'elapsed_sec': 501.4286483787}
{'event': 'epoch_start', 'epoch': 15, 'epochs': 24, 'batches': 195, 'time_groups': 178}
{'event': 'train_time_group', 'epoch': 15, 'time_group': 1, 'time_groups': 178, 'batch': 0, 'batches': 195, 'time_value': 0.0, 'group_batches': 1, 'history_edges': 0, 'elapsed_sec': 0.05815509706735611, 'cuda_allocated_mb': 91, 'cuda_reserved_mb': 6562, 'cuda_max_allocated_mb': 6390}
{'event': 'train_progress', 'epoch': 15, 'batch': 1, 'batches': 195, 'time_group': 1, 'time_groups': 178, 'history_edges': 0, 'pos_edges': 942, 'neg_edges': 942, 'loss_recent': 221.92759704589844, 'elapsed_sec': 0.8363487310707569, 'avg_sec_per_batch': 0.8363487310707569, 'cuda_allocated_mb': 134, 'cuda_reserved_mb': 6562, 'cuda_max_allocated_mb': 6390}
{'event': 'train_progress', 'epoch': 15, 'batch': 100, 'batches': 195, 'time_group': 100, 'time_groups': 178, 'history_edges': 64610, 'pos_edges': 1538, 'neg_edges': 1538, 'loss_recent': 21.15574622154236, 'elapsed_sec': 80.34555446356535, 'avg_sec_per_batch': 0.8034555446356535, 'cuda_allocated_mb': 155, 'cuda_reserved_mb': 6562, 'cuda_max_allocated_mb': 6390}
{'event': 'train_progress', 'epoch': 15, 'batch': 151, 'batches': 195, 'time_group': 151, 'time_groups': 178, 'history_edges': 188944, 'pos_edges': 3386, 'neg_edges': 3386, 'loss_recent': 52.547779369354245, 'elapsed_sec': 201.29464038461447, 'avg_sec_per_batch': 1.3330770886398309, 'cuda_allocated_mb': 219, 'cuda_reserved_mb': 6562, 'cuda_max_allocated_mb': 6390}
{'event': 'train_time_group', 'epoch': 15, 'time_group': 178, 'time_groups': 178, 'batch': 193, 'batches': 195, 'time_value': 177.0, 'group_batches': 2, 'history_edges': 315692, 'elapsed_sec': 311.83344722911716, 'cuda_allocated_mb': 91, 'cuda_reserved_mb': 6562, 'cuda_max_allocated_mb': 6390}
{'event': 'train_progress', 'epoch': 15, 'batch': 195, 'batches': 195, 'time_group': 178, 'time_groups': 178, 'history_edges': 315692, 'pos_edges': 3292, 'neg_edges': 3292, 'loss_recent': 87.67383168816566, 'elapsed_sec': 316.0408463291824, 'avg_sec_per_batch': 1.620722288867602, 'cuda_allocated_mb': 220, 'cuda_reserved_mb': 6562, 'cuda_max_allocated_mb': 6390}
{'event': 'validation_start', 'epoch': 15}
{'event': 'validation_ranking_start', 'epoch': 15, 'max_edges': 75}
{'event': 'epoch_end', 'epoch': 15, 'early_stop_metric': 'val_composite', 'val_score': 0.9074840759424816, 'val_auc': 0.9541655075573112, 'val_ap': 0.8968401975974383, 'val_ndcg': 0.9860585327422496, 'val_mrr': 0.887954501968217, 'val_hits@1': 0.8666666666666667, 'val_hits@10': 0.9133333333333333, 'val_hits@50': 0.9133333333333333, 'val_hits@100': 0.92, 'elapsed_sec': 489.18753250315785}
{'event': 'epoch_start', 'epoch': 16, 'epochs': 24, 'batches': 195, 'time_groups': 178}
{'event': 'train_time_group', 'epoch': 16, 'time_group': 1, 'time_groups': 178, 'batch': 0, 'batches': 195, 'time_value': 0.0, 'group_batches': 1, 'history_edges': 0, 'elapsed_sec': 0.05635272338986397, 'cuda_allocated_mb': 91, 'cuda_reserved_mb': 6562, 'cuda_max_allocated_mb': 6390}
{'event': 'train_progress', 'epoch': 16, 'batch': 1, 'batches': 195, 'time_group': 1, 'time_groups': 178, 'history_edges': 0, 'pos_edges': 942, 'neg_edges': 942, 'loss_recent': 233.0465850830078, 'elapsed_sec': 1.051287341862917, 'avg_sec_per_batch': 1.051287341862917, 'cuda_allocated_mb': 135, 'cuda_reserved_mb': 6562, 'cuda_max_allocated_mb': 6390}
{'event': 'train_progress', 'epoch': 16, 'batch': 100, 'batches': 195, 'time_group': 100, 'time_groups': 178, 'history_edges': 64610, 'pos_edges': 1538, 'neg_edges': 1538, 'loss_recent': 21.261738185882567, 'elapsed_sec': 79.20482810586691, 'avg_sec_per_batch': 0.7920482810586691, 'cuda_allocated_mb': 154, 'cuda_reserved_mb': 6562, 'cuda_max_allocated_mb': 6390}
{'event': 'train_progress', 'epoch': 16, 'batch': 152, 'batches': 195, 'time_group': 152, 'time_groups': 178, 'history_edges': 192330, 'pos_edges': 3412, 'neg_edges': 3412, 'loss_recent': 53.37279767036438, 'elapsed_sec': 199.44363172352314, 'avg_sec_per_batch': 1.3121291560758102, 'cuda_allocated_mb': 219, 'cuda_reserved_mb': 6562, 'cuda_max_allocated_mb': 6390}
{'event': 'train_time_group', 'epoch': 16, 'time_group': 178, 'time_groups': 178, 'batch': 193, 'batches': 195, 'time_value': 177.0, 'group_batches': 2, 'history_edges': 315692, 'elapsed_sec': 301.3804193548858, 'cuda_allocated_mb': 91, 'cuda_reserved_mb': 6562, 'cuda_max_allocated_mb': 6390}
{'event': 'train_progress', 'epoch': 16, 'batch': 195, 'batches': 195, 'time_group': 178, 'time_groups': 178, 'history_edges': 315692, 'pos_edges': 3292, 'neg_edges': 3292, 'loss_recent': 87.46798593401908, 'elapsed_sec': 305.25579833984375, 'avg_sec_per_batch': 1.5654143504607372, 'cuda_allocated_mb': 220, 'cuda_reserved_mb': 6562, 'cuda_max_allocated_mb': 6390}
{'event': 'validation_start', 'epoch': 16}
{'event': 'validation_ranking_start', 'epoch': 16, 'max_edges': 75}
{'event': 'epoch_end', 'epoch': 16, 'early_stop_metric': 'val_composite', 'val_score': 0.9088448085948054, 'val_auc': 0.9535830803260961, 'val_ap': 0.8953379148955788, 'val_ndcg': 0.9858170033893738, 'val_mrr': 0.8912332006771195, 'val_hits@1': 0.8733333333333333, 'val_hits@10': 0.9133333333333333, 'val_hits@50': 0.9133333333333333, 'val_hits@100': 0.9133333333333333, 'elapsed_sec': 474.4047589637339}
{'event': 'epoch_start', 'epoch': 17, 'epochs': 24, 'batches': 195, 'time_groups': 178}
{'event': 'train_time_group', 'epoch': 17, 'time_group': 1, 'time_groups': 178, 'batch': 0, 'batches': 195, 'time_value': 0.0, 'group_batches': 1, 'history_edges': 0, 'elapsed_sec': 0.05584703013300896, 'cuda_allocated_mb': 91, 'cuda_reserved_mb': 6562, 'cuda_max_allocated_mb': 6390}
{'event': 'train_progress', 'epoch': 17, 'batch': 1, 'batches': 195, 'time_group': 1, 'time_groups': 178, 'history_edges': 0, 'pos_edges': 942, 'neg_edges': 942, 'loss_recent': 243.07400512695312, 'elapsed_sec': 1.0226481966674328, 'avg_sec_per_batch': 1.0226481966674328, 'cuda_allocated_mb': 135, 'cuda_reserved_mb': 6562, 'cuda_max_allocated_mb': 6390}
{'event': 'train_progress', 'epoch': 17, 'batch': 100, 'batches': 195, 'time_group': 100, 'time_groups': 178, 'history_edges': 64610, 'pos_edges': 1538, 'neg_edges': 1538, 'loss_recent': 21.372636041641236, 'elapsed_sec': 78.04520907253027, 'avg_sec_per_batch': 0.7804520907253027, 'cuda_allocated_mb': 154, 'cuda_reserved_mb': 6562, 'cuda_max_allocated_mb': 6390}
{'event': 'train_progress', 'epoch': 17, 'batch': 152, 'batches': 195, 'time_group': 152, 'time_groups': 178, 'history_edges': 192330, 'pos_edges': 3412, 'neg_edges': 3412, 'loss_recent': 53.565527324676516, 'elapsed_sec': 198.9657972753048, 'avg_sec_per_batch': 1.3089855083901631, 'cuda_allocated_mb': 219, 'cuda_reserved_mb': 6562, 'cuda_max_allocated_mb': 6390}
{'event': 'train_time_group', 'epoch': 17, 'time_group': 178, 'time_groups': 178, 'batch': 193, 'batches': 195, 'time_value': 177.0, 'group_batches': 2, 'history_edges': 315692, 'elapsed_sec': 299.3827191926539, 'cuda_allocated_mb': 91, 'cuda_reserved_mb': 6562, 'cuda_max_allocated_mb': 6390}
{'event': 'train_progress', 'epoch': 17, 'batch': 195, 'batches': 195, 'time_group': 178, 'time_groups': 178, 'history_edges': 315692, 'pos_edges': 3292, 'neg_edges': 3292, 'loss_recent': 87.691667137146, 'elapsed_sec': 304.6138355024159, 'avg_sec_per_batch': 1.5621222333457225, 'cuda_allocated_mb': 220, 'cuda_reserved_mb': 6562, 'cuda_max_allocated_mb': 6390}
{'event': 'validation_start', 'epoch': 17}
{'event': 'validation_ranking_start', 'epoch': 17, 'max_edges': 75}
{'event': 'epoch_end', 'epoch': 17, 'early_stop_metric': 'val_composite', 'val_score': 0.9123081665831011, 'val_auc': 0.9554481325589284, 'val_ap': 0.8955702826374445, 'val_ndcg': 0.9859607653679087, 'val_mrr': 0.8978749487121608, 'val_hits@1': 0.8866666666666667, 'val_hits@10': 0.9133333333333333, 'val_hits@50': 0.9133333333333333, 'val_hits@100': 0.9133333333333333, 'elapsed_sec': 484.65818268433213}
{'event': 'epoch_start', 'epoch': 18, 'epochs': 24, 'batches': 195, 'time_groups': 178}
{'event': 'train_time_group', 'epoch': 18, 'time_group': 1, 'time_groups': 178, 'batch': 0, 'batches': 195, 'time_value': 0.0, 'group_batches': 1, 'history_edges': 0, 'elapsed_sec': 0.05659617483615875, 'cuda_allocated_mb': 91, 'cuda_reserved_mb': 6562, 'cuda_max_allocated_mb': 6390}
{'event': 'train_progress', 'epoch': 18, 'batch': 1, 'batches': 195, 'time_group': 1, 'time_groups': 178, 'history_edges': 0, 'pos_edges': 942, 'neg_edges': 942, 'loss_recent': 252.45651245117188, 'elapsed_sec': 1.0948243588209152, 'avg_sec_per_batch': 1.0948243588209152, 'cuda_allocated_mb': 135, 'cuda_reserved_mb': 6562, 'cuda_max_allocated_mb': 6390}
{'event': 'train_progress', 'epoch': 18, 'batch': 100, 'batches': 195, 'time_group': 100, 'time_groups': 178, 'history_edges': 64610, 'pos_edges': 1538, 'neg_edges': 1538, 'loss_recent': 21.432133665084837, 'elapsed_sec': 76.42313289642334, 'avg_sec_per_batch': 0.7642313289642334, 'cuda_allocated_mb': 154, 'cuda_reserved_mb': 6562, 'cuda_max_allocated_mb': 6390}
{'event': 'train_progress', 'epoch': 18, 'batch': 152, 'batches': 195, 'time_group': 152, 'time_groups': 178, 'history_edges': 192330, 'pos_edges': 3412, 'neg_edges': 3412, 'loss_recent': 53.37455973625183, 'elapsed_sec': 197.4048878401518, 'avg_sec_per_batch': 1.2987163673694198, 'cuda_allocated_mb': 219, 'cuda_reserved_mb': 6562, 'cuda_max_allocated_mb': 6390}
{'event': 'train_time_group', 'epoch': 18, 'time_group': 178, 'time_groups': 178, 'batch': 193, 'batches': 195, 'time_value': 177.0, 'group_batches': 2, 'history_edges': 315692, 'elapsed_sec': 295.7029419094324, 'cuda_allocated_mb': 91, 'cuda_reserved_mb': 6562, 'cuda_max_allocated_mb': 6390}
{'event': 'train_progress', 'epoch': 18, 'batch': 195, 'batches': 195, 'time_group': 178, 'time_groups': 178, 'history_edges': 315692, 'pos_edges': 3292, 'neg_edges': 3292, 'loss_recent': 87.37865061044693, 'elapsed_sec': 300.42186219990253, 'avg_sec_per_batch': 1.5406249343584746, 'cuda_allocated_mb': 220, 'cuda_reserved_mb': 6562, 'cuda_max_allocated_mb': 6390}
{'event': 'validation_start', 'epoch': 18}
{'event': 'validation_ranking_start', 'epoch': 18, 'max_edges': 75}
{'event': 'epoch_end', 'epoch': 18, 'early_stop_metric': 'val_composite', 'val_score': 0.9102326205678336, 'val_auc': 0.954153518695644, 'val_ap': 0.8934714369140521, 'val_ndcg': 0.9856511213821737, 'val_mrr': 0.8945449005821191, 'val_hits@1': 0.88, 'val_hits@10': 0.9133333333333333, 'val_hits@50': 0.9133333333333333, 'val_hits@100': 0.9133333333333333, 'elapsed_sec': 477.42720621824265}
{'event': 'epoch_start', 'epoch': 19, 'epochs': 24, 'batches': 195, 'time_groups': 178}
{'event': 'train_time_group', 'epoch': 19, 'time_group': 1, 'time_groups': 178, 'batch': 0, 'batches': 195, 'time_value': 0.0, 'group_batches': 1, 'history_edges': 0, 'elapsed_sec': 0.057481590658426285, 'cuda_allocated_mb': 91, 'cuda_reserved_mb': 6562, 'cuda_max_allocated_mb': 6390}
{'event': 'train_progress', 'epoch': 19, 'batch': 1, 'batches': 195, 'time_group': 1, 'time_groups': 178, 'history_edges': 0, 'pos_edges': 942, 'neg_edges': 942, 'loss_recent': 261.3429870605469, 'elapsed_sec': 1.2205654345452785, 'avg_sec_per_batch': 1.2205654345452785, 'cuda_allocated_mb': 136, 'cuda_reserved_mb': 6562, 'cuda_max_allocated_mb': 6390}
{'event': 'train_progress', 'epoch': 19, 'batch': 100, 'batches': 195, 'time_group': 100, 'time_groups': 178, 'history_edges': 64610, 'pos_edges': 1538, 'neg_edges': 1538, 'loss_recent': 21.488452529907228, 'elapsed_sec': 76.16421748697758, 'avg_sec_per_batch': 0.7616421748697758, 'cuda_allocated_mb': 155, 'cuda_reserved_mb': 6562, 'cuda_max_allocated_mb': 6390}
{'event': 'train_progress', 'epoch': 19, 'batch': 153, 'batches': 195, 'time_group': 153, 'time_groups': 178, 'history_edges': 195742, 'pos_edges': 3424, 'neg_edges': 3424, 'loss_recent': 54.26079200744629, 'elapsed_sec': 199.0171270929277, 'avg_sec_per_batch': 1.300765536555083, 'cuda_allocated_mb': 219, 'cuda_reserved_mb': 6562, 'cuda_max_allocated_mb': 6390}
{'event': 'train_time_group', 'epoch': 19, 'time_group': 178, 'time_groups': 178, 'batch': 193, 'batches': 195, 'time_value': 177.0, 'group_batches': 2, 'history_edges': 315692, 'elapsed_sec': 293.1331340037286, 'cuda_allocated_mb': 91, 'cuda_reserved_mb': 6562, 'cuda_max_allocated_mb': 6390}
{'event': 'train_progress', 'epoch': 19, 'batch': 195, 'batches': 195, 'time_group': 178, 'time_groups': 178, 'history_edges': 315692, 'pos_edges': 3292, 'neg_edges': 3292, 'loss_recent': 87.31601682186127, 'elapsed_sec': 296.7646754719317, 'avg_sec_per_batch': 1.5218701306252906, 'cuda_allocated_mb': 220, 'cuda_reserved_mb': 6562, 'cuda_max_allocated_mb': 6390}
{'event': 'validation_start', 'epoch': 19}
{'event': 'validation_ranking_start', 'epoch': 19, 'max_edges': 75}
{'event': 'epoch_end', 'epoch': 19, 'early_stop_metric': 'val_composite', 'val_score': 0.9134108830195707, 'val_auc': 0.9566342399467583, 'val_ap': 0.8984193020681926, 'val_ndcg': 0.9863657459540364, 'val_mrr': 0.8990260688998671, 'val_hits@1': 0.8866666666666667, 'val_hits@10': 0.9133333333333333, 'val_hits@50': 0.9133333333333333, 'val_hits@100': 0.9133333333333333, 'elapsed_sec': 466.5430997312069}
{'event': 'epoch_start', 'epoch': 20, 'epochs': 24, 'batches': 195, 'time_groups': 178}
{'event': 'train_time_group', 'epoch': 20, 'time_group': 1, 'time_groups': 178, 'batch': 0, 'batches': 195, 'time_value': 0.0, 'group_batches': 1, 'history_edges': 0, 'elapsed_sec': 0.07470362260937691, 'cuda_allocated_mb': 91, 'cuda_reserved_mb': 6562, 'cuda_max_allocated_mb': 6390}
{'event': 'train_progress', 'epoch': 20, 'batch': 1, 'batches': 195, 'time_group': 1, 'time_groups': 178, 'history_edges': 0, 'pos_edges': 942, 'neg_edges': 942, 'loss_recent': 276.4537048339844, 'elapsed_sec': 1.107618048787117, 'avg_sec_per_batch': 1.107618048787117, 'cuda_allocated_mb': 135, 'cuda_reserved_mb': 6562, 'cuda_max_allocated_mb': 6390}
{'event': 'train_progress', 'epoch': 20, 'batch': 100, 'batches': 195, 'time_group': 100, 'time_groups': 178, 'history_edges': 64610, 'pos_edges': 1538, 'neg_edges': 1538, 'loss_recent': 21.62458673477173, 'elapsed_sec': 76.70052871108055, 'avg_sec_per_batch': 0.7670052871108055, 'cuda_allocated_mb': 155, 'cuda_reserved_mb': 6562, 'cuda_max_allocated_mb': 6390}
{'event': 'train_progress', 'epoch': 20, 'batch': 152, 'batches': 195, 'time_group': 152, 'time_groups': 178, 'history_edges': 192330, 'pos_edges': 3412, 'neg_edges': 3412, 'loss_recent': 53.35347599029541, 'elapsed_sec': 197.89284591004252, 'avg_sec_per_batch': 1.301926617829227, 'cuda_allocated_mb': 220, 'cuda_reserved_mb': 6562, 'cuda_max_allocated_mb': 6390}
{'event': 'train_time_group', 'epoch': 20, 'time_group': 178, 'time_groups': 178, 'batch': 193, 'batches': 195, 'time_value': 177.0, 'group_batches': 2, 'history_edges': 315692, 'elapsed_sec': 293.25582617521286, 'cuda_allocated_mb': 91, 'cuda_reserved_mb': 6562, 'cuda_max_allocated_mb': 6390}
{'event': 'train_progress', 'epoch': 20, 'batch': 195, 'batches': 195, 'time_group': 178, 'time_groups': 178, 'history_edges': 315692, 'pos_edges': 3292, 'neg_edges': 3292, 'loss_recent': 87.42806134462357, 'elapsed_sec': 297.016141820699, 'avg_sec_per_batch': 1.5231597016446101, 'cuda_allocated_mb': 220, 'cuda_reserved_mb': 6562, 'cuda_max_allocated_mb': 6390}
{'event': 'validation_start', 'epoch': 20}
{'event': 'validation_ranking_start', 'epoch': 20, 'max_edges': 75}
{'event': 'epoch_end', 'epoch': 20, 'early_stop_metric': 'val_composite', 'val_score': 0.9140709016563722, 'val_auc': 0.9578085129734633, 'val_ap': 0.9021316109445946, 'val_ndcg': 0.9868777680833279, 'val_mrr': 0.8990125817820206, 'val_hits@1': 0.8866666666666667, 'val_hits@10': 0.9133333333333333, 'val_hits@50': 0.9133333333333333, 'val_hits@100': 0.9133333333333333, 'elapsed_sec': 464.8565707169473}
{'event': 'epoch_start', 'epoch': 21, 'epochs': 24, 'batches': 195, 'time_groups': 178}
{'event': 'train_time_group', 'epoch': 21, 'time_group': 1, 'time_groups': 178, 'batch': 0, 'batches': 195, 'time_value': 0.0, 'group_batches': 1, 'history_edges': 0, 'elapsed_sec': 0.07020692899823189, 'cuda_allocated_mb': 91, 'cuda_reserved_mb': 6562, 'cuda_max_allocated_mb': 6390}
{'event': 'train_progress', 'epoch': 21, 'batch': 1, 'batches': 195, 'time_group': 1, 'time_groups': 178, 'history_edges': 0, 'pos_edges': 942, 'neg_edges': 942, 'loss_recent': 288.9424133300781, 'elapsed_sec': 0.6687605381011963, 'avg_sec_per_batch': 0.6687605381011963, 'cuda_allocated_mb': 135, 'cuda_reserved_mb': 6562, 'cuda_max_allocated_mb': 6390}
{'event': 'train_progress', 'epoch': 21, 'batch': 100, 'batches': 195, 'time_group': 100, 'time_groups': 178, 'history_edges': 64610, 'pos_edges': 1538, 'neg_edges': 1538, 'loss_recent': 21.755378313064575, 'elapsed_sec': 78.63192394003272, 'avg_sec_per_batch': 0.7863192394003272, 'cuda_allocated_mb': 154, 'cuda_reserved_mb': 6562, 'cuda_max_allocated_mb': 6390}
{'event': 'train_progress', 'epoch': 21, 'batch': 152, 'batches': 195, 'time_group': 152, 'time_groups': 178, 'history_edges': 192330, 'pos_edges': 3412, 'neg_edges': 3412, 'loss_recent': 53.3181610584259, 'elapsed_sec': 199.5441431030631, 'avg_sec_per_batch': 1.312790415151731, 'cuda_allocated_mb': 219, 'cuda_reserved_mb': 6562, 'cuda_max_allocated_mb': 6390}
{'event': 'train_time_group', 'epoch': 21, 'time_group': 178, 'time_groups': 178, 'batch': 193, 'batches': 195, 'time_value': 177.0, 'group_batches': 2, 'history_edges': 315692, 'elapsed_sec': 291.5417173989117, 'cuda_allocated_mb': 91, 'cuda_reserved_mb': 6562, 'cuda_max_allocated_mb': 6390}
{'event': 'train_progress', 'epoch': 21, 'batch': 195, 'batches': 195, 'time_group': 178, 'time_groups': 178, 'history_edges': 315692, 'pos_edges': 3292, 'neg_edges': 3292, 'loss_recent': 87.32291125535966, 'elapsed_sec': 296.55844239518046, 'avg_sec_per_batch': 1.5208125251034896, 'cuda_allocated_mb': 220, 'cuda_reserved_mb': 6562, 'cuda_max_allocated_mb': 6390}
{'event': 'validation_start', 'epoch': 21}
{'event': 'validation_ranking_start', 'epoch': 21, 'max_edges': 75}
{'event': 'epoch_end', 'epoch': 21, 'early_stop_metric': 'val_composite', 'val_score': 0.9089194354960213, 'val_auc': 0.9579733252383227, 'val_ap': 0.901119349029773, 'val_ndcg': 0.9867560999789263, 'val_mrr': 0.88902118043016, 'val_hits@1': 0.8666666666666667, 'val_hits@10': 0.9133333333333333, 'val_hits@50': 0.9133333333333333, 'val_hits@100': 0.9133333333333333, 'elapsed_sec': 464.5917670354247}
{'event': 'epoch_start', 'epoch': 22, 'epochs': 24, 'batches': 195, 'time_groups': 178}
{'event': 'train_time_group', 'epoch': 22, 'time_group': 1, 'time_groups': 178, 'batch': 0, 'batches': 195, 'time_value': 0.0, 'group_batches': 1, 'history_edges': 0, 'elapsed_sec': 0.05847369506955147, 'cuda_allocated_mb': 91, 'cuda_reserved_mb': 6562, 'cuda_max_allocated_mb': 6390}
{'event': 'train_progress', 'epoch': 22, 'batch': 1, 'batches': 195, 'time_group': 1, 'time_groups': 178, 'history_edges': 0, 'pos_edges': 942, 'neg_edges': 942, 'loss_recent': 297.3517761230469, 'elapsed_sec': 1.2263463214039803, 'avg_sec_per_batch': 1.2263463214039803, 'cuda_allocated_mb': 134, 'cuda_reserved_mb': 6562, 'cuda_max_allocated_mb': 6390}
{'event': 'train_progress', 'epoch': 22, 'batch': 100, 'batches': 195, 'time_group': 100, 'time_groups': 178, 'history_edges': 64610, 'pos_edges': 1538, 'neg_edges': 1538, 'loss_recent': 21.85886130332947, 'elapsed_sec': 79.55333013832569, 'avg_sec_per_batch': 0.795533301383257, 'cuda_allocated_mb': 155, 'cuda_reserved_mb': 6562, 'cuda_max_allocated_mb': 6390}
{'event': 'train_progress', 'epoch': 22, 'batch': 152, 'batches': 195, 'time_group': 152, 'time_groups': 178, 'history_edges': 192330, 'pos_edges': 3412, 'neg_edges': 3412, 'loss_recent': 53.289523658752444, 'elapsed_sec': 199.67220310866833, 'avg_sec_per_batch': 1.3136329151886075, 'cuda_allocated_mb': 220, 'cuda_reserved_mb': 6562, 'cuda_max_allocated_mb': 6390}
{'event': 'train_time_group', 'epoch': 22, 'time_group': 178, 'time_groups': 178, 'batch': 193, 'batches': 195, 'time_value': 177.0, 'group_batches': 2, 'history_edges': 315692, 'elapsed_sec': 290.1519935168326, 'cuda_allocated_mb': 91, 'cuda_reserved_mb': 6562, 'cuda_max_allocated_mb': 6390}
{'event': 'train_progress', 'epoch': 22, 'batch': 195, 'batches': 195, 'time_group': 178, 'time_groups': 178, 'history_edges': 315692, 'pos_edges': 3292, 'neg_edges': 3292, 'loss_recent': 87.32904368400574, 'elapsed_sec': 296.02970364689827, 'avg_sec_per_batch': 1.518101044343068, 'cuda_allocated_mb': 220, 'cuda_reserved_mb': 6562, 'cuda_max_allocated_mb': 6390}
{'event': 'validation_start', 'epoch': 22}
{'event': 'validation_ranking_start', 'epoch': 22, 'max_edges': 75}
{'event': 'epoch_end', 'epoch': 22, 'early_stop_metric': 'val_composite', 'val_score': 0.9114230695363429, 'val_auc': 0.9570416098972008, 'val_ap': 0.9010367005802848, 'val_ndcg': 0.9866729394137934, 'val_mrr': 0.8968297133594548, 'val_hits@1': 0.8866666666666667, 'val_hits@10': 0.9066666666666666, 'val_hits@50': 0.9066666666666666, 'val_hits@100': 0.9133333333333333, 'elapsed_sec': 459.66427006945014}
{'event': 'epoch_start', 'epoch': 23, 'epochs': 24, 'batches': 195, 'time_groups': 178}
{'event': 'train_time_group', 'epoch': 23, 'time_group': 1, 'time_groups': 178, 'batch': 0, 'batches': 195, 'time_value': 0.0, 'group_batches': 1, 'history_edges': 0, 'elapsed_sec': 0.06416315957903862, 'cuda_allocated_mb': 91, 'cuda_reserved_mb': 6562, 'cuda_max_allocated_mb': 6390}
{'event': 'train_progress', 'epoch': 23, 'batch': 1, 'batches': 195, 'time_group': 1, 'time_groups': 178, 'history_edges': 0, 'pos_edges': 942, 'neg_edges': 942, 'loss_recent': 309.9909362792969, 'elapsed_sec': 0.630740512162447, 'avg_sec_per_batch': 0.630740512162447, 'cuda_allocated_mb': 136, 'cuda_reserved_mb': 6562, 'cuda_max_allocated_mb': 6390}
{'event': 'train_progress', 'epoch': 23, 'batch': 100, 'batches': 195, 'time_group': 100, 'time_groups': 178, 'history_edges': 64610, 'pos_edges': 1538, 'neg_edges': 1538, 'loss_recent': 21.949894313812255, 'elapsed_sec': 76.87612646818161, 'avg_sec_per_batch': 0.768761264681816, 'cuda_allocated_mb': 155, 'cuda_reserved_mb': 6562, 'cuda_max_allocated_mb': 6390}
{'event': 'train_progress', 'epoch': 23, 'batch': 151, 'batches': 195, 'time_group': 151, 'time_groups': 178, 'history_edges': 188944, 'pos_edges': 3386, 'neg_edges': 3386, 'loss_recent': 52.377891817092895, 'elapsed_sec': 197.84450728818774, 'avg_sec_per_batch': 1.310228525087336, 'cuda_allocated_mb': 219, 'cuda_reserved_mb': 6562, 'cuda_max_allocated_mb': 6390}
{'event': 'train_time_group', 'epoch': 23, 'time_group': 178, 'time_groups': 178, 'batch': 193, 'batches': 195, 'time_value': 177.0, 'group_batches': 2, 'history_edges': 315692, 'elapsed_sec': 291.9957363680005, 'cuda_allocated_mb': 91, 'cuda_reserved_mb': 6562, 'cuda_max_allocated_mb': 6390}
{'event': 'train_progress', 'epoch': 23, 'batch': 195, 'batches': 195, 'time_group': 178, 'time_groups': 178, 'history_edges': 315692, 'pos_edges': 3292, 'neg_edges': 3292, 'loss_recent': 87.3706257045269, 'elapsed_sec': 297.40301766619086, 'avg_sec_per_batch': 1.5251436803394403, 'cuda_allocated_mb': 220, 'cuda_reserved_mb': 6562, 'cuda_max_allocated_mb': 6390}
{'event': 'validation_start', 'epoch': 23}
{'event': 'validation_ranking_start', 'epoch': 23, 'max_edges': 75}
{'event': 'epoch_end', 'epoch': 23, 'early_stop_metric': 'val_composite', 'val_score': 0.9138396321156677, 'val_auc': 0.9580852615864657, 'val_ap': 0.9034869308466983, 'val_ndcg': 0.9869992510896722, 'val_mrr': 0.8980914752674115, 'val_hits@1': 0.8866666666666667, 'val_hits@10': 0.9133333333333333, 'val_hits@50': 0.9133333333333333, 'val_hits@100': 0.9133333333333333, 'elapsed_sec': 460.897194635123}
{'event': 'epoch_start', 'epoch': 24, 'epochs': 24, 'batches': 195, 'time_groups': 178}
{'event': 'train_time_group', 'epoch': 24, 'time_group': 1, 'time_groups': 178, 'batch': 0, 'batches': 195, 'time_value': 0.0, 'group_batches': 1, 'history_edges': 0, 'elapsed_sec': 0.05776580423116684, 'cuda_allocated_mb': 91, 'cuda_reserved_mb': 6562, 'cuda_max_allocated_mb': 6390}
{'event': 'train_progress', 'epoch': 24, 'batch': 1, 'batches': 195, 'time_group': 1, 'time_groups': 178, 'history_edges': 0, 'pos_edges': 942, 'neg_edges': 942, 'loss_recent': 319.3319091796875, 'elapsed_sec': 1.2606303244829178, 'avg_sec_per_batch': 1.2606303244829178, 'cuda_allocated_mb': 135, 'cuda_reserved_mb': 6562, 'cuda_max_allocated_mb': 6390}
{'event': 'train_progress', 'epoch': 24, 'batch': 100, 'batches': 195, 'time_group': 100, 'time_groups': 178, 'history_edges': 64610, 'pos_edges': 1538, 'neg_edges': 1538, 'loss_recent': 22.11648983001709, 'elapsed_sec': 78.19028629362583, 'avg_sec_per_batch': 0.7819028629362583, 'cuda_allocated_mb': 154, 'cuda_reserved_mb': 6562, 'cuda_max_allocated_mb': 6390}
{'event': 'train_progress', 'epoch': 24, 'batch': 152, 'batches': 195, 'time_group': 152, 'time_groups': 178, 'history_edges': 192330, 'pos_edges': 3412, 'neg_edges': 3412, 'loss_recent': 53.451789960861205, 'elapsed_sec': 198.23196549341083, 'avg_sec_per_batch': 1.3041576677198081, 'cuda_allocated_mb': 219, 'cuda_reserved_mb': 6562, 'cuda_max_allocated_mb': 6390}
{'event': 'train_time_group', 'epoch': 24, 'time_group': 178, 'time_groups': 178, 'batch': 193, 'batches': 195, 'time_value': 177.0, 'group_batches': 2, 'history_edges': 315692, 'elapsed_sec': 289.4187443293631, 'cuda_allocated_mb': 91, 'cuda_reserved_mb': 6562, 'cuda_max_allocated_mb': 6390}
{'event': 'train_progress', 'epoch': 24, 'batch': 195, 'batches': 195, 'time_group': 178, 'time_groups': 178, 'history_edges': 315692, 'pos_edges': 3292, 'neg_edges': 3292, 'loss_recent': 87.42544412374497, 'elapsed_sec': 293.29210079088807, 'avg_sec_per_batch': 1.5040620553378876, 'cuda_allocated_mb': 220, 'cuda_reserved_mb': 6562, 'cuda_max_allocated_mb': 6390}
{'event': 'validation_start', 'epoch': 24}
{'event': 'validation_ranking_start', 'epoch': 24, 'max_edges': 75}
{'event': 'epoch_end', 'epoch': 24, 'early_stop_metric': 'val_composite', 'val_score': 0.9161266159154929, 'val_auc': 0.9604224773486594, 'val_ap': 0.9037394637092357, 'val_ndcg': 0.9872214772176509, 'val_mrr': 0.9023115162064855, 'val_hits@1': 0.8933333333333333, 'val_hits@10': 0.9133333333333333, 'val_hits@50': 0.9133333333333333, 'val_hits@100': 0.9133333333333333, 'elapsed_sec': 455.6390640921891}
{'dataset': 'tkgl-yago', 'method': 'ssptgfm', 'scenario': 'label_split', 'ablation': 'full', 'few_shot_ratio': 1.0, 'seed': 4, 'train_edges': 323080, 'val_edges': 39046, 'test_edges': 40052, 'params_trainable': 1698115, 'params_total': 1698164, 'rough_forward_flops': 14125910016, 'train_eval_time_sec': 11813.249966736883, 'allocated_mb': 44.76611328125, 'reserved_mb': 6562.0, 'max_allocated_mb': 6390.21728515625, 'val_auc': 0.9604224772830681, 'val_ap': 0.9037394635402262, 'val_ndcg': 0.9872214772106314, 'val_mrr': 0.9023115162064855, 'val_hits@1': 0.8933333333333333, 'val_hits@10': 0.9133333333333333, 'val_hits@50': 0.9133333333333333, 'val_hits@100': 0.9133333333333333, 'train_loss': 55.01014802272503, 'train_lp': 0.0678015217399941, 'train_align': 10673.716776373447, 'train_kl': 15728.14817727896, 'train_ood_reg': 0.21150291432172824, 'train_meta': 0.06716587829609919, 'train_struct_aux': 0.401237685749164, 'train_weighted_align': 53.36858289486322, 'train_weighted_kl': 1.5728148222471086, 'train_weighted_ood_reg': 0.00021150292401822906, 'train_weighted_meta': 0.0003358293861494461, 'train_weighted_struct_aux': 0.00040123770524634237, 'train_rank': 0.021886034564933, 'train_weighted_rank': 2.1886035827743072e-05, 'test_auc': 0.962423225150608, 'test_ap': 0.9232099344852331, 'test_ndcg': 0.9892226955589534, 'test_mrr': 0.8822276032272119, 'test_hits@1': 0.87, 'test_hits@10': 0.8966666666666666, 'test_hits@50': 0.9066666666666666, 'test_hits@100': 0.91}
