runtime_device=cuda
cuda_device=Tesla V100-PCIE-32GB
/root/autodl-tmp/data/scripts/run_ssptgfm.py:91: DeprecationWarning: numpy.core.numeric is deprecated and has been renamed to numpy._core.numeric. The numpy._core namespace contains private NumPy internals and its use is discouraged, as NumPy internals can change without warning in any release. In practice, most real-world usage of numpy.core is to access functionality in the public NumPy API. If that is the case, use the public NumPy API. If not, you are using NumPy internals. If you would still like to access an internal attribute, use numpy._core.numeric._frombuffer.
  payload = pickle.load(f)
{'event': 'seed_start', 'dataset': 'tkgl-yago', 'ablation': 'full', 'seed': 4, 'device': 'cuda', 'node_text_device': 'cuda:0'}
{'event': 'train_seed_start', 'seed': 4, 'train_edges': 323080, 'val_edges': 39046, 'test_edges': 40052, 'num_nodes': 10585, 'num_relations': 20}
{'event': 'train_seed_tensors_ready', 'seed': 4, 'elapsed_sec': 0.021797440946102142, 'cuda_allocated_mb': 24, 'cuda_reserved_mb': 44, 'cuda_max_allocated_mb': 24}
{'event': 'train_known_facts_ready', 'seed': 4, 'scope': 'train', 'edges': 323080, 'elapsed_sec': 0.06275305896997452}
{'event': 'train_known_facts_ready', 'seed': 4, 'scope': 'train_val', 'edges': 362126, 'elapsed_sec': 0.10651666298508644}
{'event': 'train_sampler_ready', 'seed': 4, 'elapsed_sec': 0.19550170004367828}
{'event': 'val_sampler_ready', 'seed': 4, 'elapsed_sec': 0.273698054254055}
{'event': 'epoch_start', 'epoch': 1, 'epochs': 20, 'batches': 718, 'time_groups': 178}
{'event': 'train_time_group', 'epoch': 1, 'time_group': 1, 'time_groups': 178, 'batch': 0, 'batches': 718, 'time_value': 0.0, 'group_batches': 2, 'history_edges': 0, 'elapsed_sec': 0.03517802059650421, 'cuda_allocated_mb': 32, 'cuda_reserved_mb': 44, 'cuda_max_allocated_mb': 32}
{'event': 'train_progress', 'epoch': 1, 'batch': 1, 'batches': 718, 'time_group': 1, 'time_groups': 178, 'history_edges': 0, 'pos_edges': 512, 'neg_edges': 2048, 'loss_recent': 170.79933166503906, 'elapsed_sec': 1.9439223036170006, 'avg_sec_per_batch': 1.9439223036170006, 'cuda_allocated_mb': 155, 'cuda_reserved_mb': 970, 'cuda_max_allocated_mb': 946}
{'event': 'train_progress', 'epoch': 1, 'batch': 100, 'batches': 718, 'time_group': 69, 'time_groups': 178, 'history_edges': 33644, 'pos_edges': 86, 'neg_edges': 344, 'loss_recent': 73.52518953174352, 'elapsed_sec': 70.32466476410627, 'avg_sec_per_batch': 0.7032466476410627, 'cuda_allocated_mb': 155, 'cuda_reserved_mb': 1880, 'cuda_max_allocated_mb': 1786}
{'event': 'train_progress', 'epoch': 1, 'batch': 200, 'batches': 718, 'time_group': 106, 'time_groups': 178, 'history_edges': 74226, 'pos_edges': 106, 'neg_edges': 424, 'loss_recent': 93.56248505234718, 'elapsed_sec': 153.55770081281662, 'avg_sec_per_batch': 0.767788504064083, 'cuda_allocated_mb': 206, 'cuda_reserved_mb': 2784, 'cuda_max_allocated_mb': 2703}
{'event': 'train_progress', 'epoch': 1, 'batch': 300, 'batches': 718, 'time_group': 128, 'time_groups': 178, 'history_edges': 120770, 'pos_edges': 512, 'neg_edges': 2048, 'loss_recent': 97.05196059823037, 'elapsed_sec': 239.95989153906703, 'avg_sec_per_batch': 0.7998663051302234, 'cuda_allocated_mb': 191, 'cuda_reserved_mb': 3800, 'cuda_max_allocated_mb': 3683}
{'event': 'train_progress', 'epoch': 1, 'batch': 400, 'batches': 718, 'time_group': 144, 'time_groups': 178, 'history_edges': 166402, 'pos_edges': 512, 'neg_edges': 2048, 'loss_recent': 94.23177104949951, 'elapsed_sec': 330.68871315941215, 'avg_sec_per_batch': 0.8267217828985304, 'cuda_allocated_mb': 236, 'cuda_reserved_mb': 4780, 'cuda_max_allocated_mb': 4699}
{'event': 'train_progress', 'epoch': 1, 'batch': 500, 'batches': 718, 'time_group': 158, 'time_groups': 178, 'history_edges': 213594, 'pos_edges': 512, 'neg_edges': 2048, 'loss_recent': 91.85930418014526, 'elapsed_sec': 422.685072850436, 'avg_sec_per_batch': 0.845370145700872, 'cuda_allocated_mb': 236, 'cuda_reserved_mb': 5780, 'cuda_max_allocated_mb': 5701}
{'event': 'train_progress', 'epoch': 1, 'batch': 600, 'batches': 718, 'time_group': 169, 'time_groups': 178, 'history_edges': 260784, 'pos_edges': 512, 'neg_edges': 2048, 'loss_recent': 97.19480507850648, 'elapsed_sec': 518.9369666315615, 'avg_sec_per_batch': 0.8648949443859358, 'cuda_allocated_mb': 238, 'cuda_reserved_mb': 6880, 'cuda_max_allocated_mb': 6708}
{'event': 'train_progress', 'epoch': 1, 'batch': 700, 'batches': 718, 'time_group': 177, 'time_groups': 178, 'history_edges': 308632, 'pos_edges': 512, 'neg_edges': 2048, 'loss_recent': 95.32577647686004, 'elapsed_sec': 618.152985714376, 'avg_sec_per_batch': 0.8830756938776799, 'cuda_allocated_mb': 239, 'cuda_reserved_mb': 7800, 'cuda_max_allocated_mb': 7725}
{'event': 'train_time_group', 'epoch': 1, 'time_group': 178, 'time_groups': 178, 'batch': 703, 'batches': 718, 'time_value': 177.0, 'group_batches': 15, 'history_edges': 315692, 'elapsed_sec': 621.1509630195796, 'cuda_allocated_mb': 106, 'cuda_reserved_mb': 7830, 'cuda_max_allocated_mb': 7725}
{'event': 'train_progress', 'epoch': 1, 'batch': 718, 'batches': 718, 'time_group': 178, 'time_groups': 178, 'history_edges': 315692, 'pos_edges': 220, 'neg_edges': 880, 'loss_recent': 94.77614570617676, 'elapsed_sec': 635.9668426215649, 'avg_sec_per_batch': 0.8857476916734887, 'cuda_allocated_mb': 241, 'cuda_reserved_mb': 7970, 'cuda_max_allocated_mb': 7876}
{'event': 'validation_start', 'epoch': 1}
{'event': 'validation_tgb_ranking_start', 'epoch': 1, 'max_edges': 128}
{'event': 'epoch_end', 'epoch': 1, 'early_stop_metric': 'val_tgb_mrr', 'val_score': 0.6710869950178164, 'val_auc': 0.9428955078124999, 'val_ap': 0.8594761799962708, 'val_ndcg': 0.9696057395772267, 'val_tgb_mrr': 0.6710869950178164, 'val_tgb_hits@10': 0.734375, 'elapsed_sec': 714.8552763052285}
{'event': 'epoch_start', 'epoch': 2, 'epochs': 20, 'batches': 718, 'time_groups': 178}
{'event': 'train_time_group', 'epoch': 2, 'time_group': 1, 'time_groups': 178, 'batch': 0, 'batches': 718, 'time_value': 0.0, 'group_batches': 2, 'history_edges': 0, 'elapsed_sec': 0.061238329857587814, 'cuda_allocated_mb': 105, 'cuda_reserved_mb': 7970, 'cuda_max_allocated_mb': 7876}
{'event': 'train_progress', 'epoch': 2, 'batch': 1, 'batches': 718, 'time_group': 1, 'time_groups': 178, 'history_edges': 0, 'pos_edges': 512, 'neg_edges': 2048, 'loss_recent': 196.38294982910156, 'elapsed_sec': 0.9057326130568981, 'avg_sec_per_batch': 0.9057326130568981, 'cuda_allocated_mb': 157, 'cuda_reserved_mb': 7970, 'cuda_max_allocated_mb': 7876}
{'event': 'train_progress', 'epoch': 2, 'batch': 100, 'batches': 718, 'time_group': 69, 'time_groups': 178, 'history_edges': 33644, 'pos_edges': 86, 'neg_edges': 344, 'loss_recent': 46.166109406836334, 'elapsed_sec': 70.90589334443212, 'avg_sec_per_batch': 0.7090589334443211, 'cuda_allocated_mb': 157, 'cuda_reserved_mb': 7970, 'cuda_max_allocated_mb': 7876}
{'event': 'train_progress', 'epoch': 2, 'batch': 200, 'batches': 718, 'time_group': 106, 'time_groups': 178, 'history_edges': 74226, 'pos_edges': 106, 'neg_edges': 424, 'loss_recent': 62.79876388389617, 'elapsed_sec': 153.201871201396, 'avg_sec_per_batch': 0.76600935600698, 'cuda_allocated_mb': 207, 'cuda_reserved_mb': 7970, 'cuda_max_allocated_mb': 7876}
{'event': 'train_progress', 'epoch': 2, 'batch': 300, 'batches': 718, 'time_group': 128, 'time_groups': 178, 'history_edges': 120770, 'pos_edges': 512, 'neg_edges': 2048, 'loss_recent': 73.83378517746925, 'elapsed_sec': 240.66943004354835, 'avg_sec_per_batch': 0.8022314334784945, 'cuda_allocated_mb': 189, 'cuda_reserved_mb': 7970, 'cuda_max_allocated_mb': 7876}
{'event': 'train_progress', 'epoch': 2, 'batch': 400, 'batches': 718, 'time_group': 144, 'time_groups': 178, 'history_edges': 166402, 'pos_edges': 512, 'neg_edges': 2048, 'loss_recent': 78.60755930662155, 'elapsed_sec': 331.21674639731646, 'avg_sec_per_batch': 0.8280418659932911, 'cuda_allocated_mb': 236, 'cuda_reserved_mb': 7970, 'cuda_max_allocated_mb': 7876}
{'event': 'train_progress', 'epoch': 2, 'batch': 500, 'batches': 718, 'time_group': 158, 'time_groups': 178, 'history_edges': 213594, 'pos_edges': 512, 'neg_edges': 2048, 'loss_recent': 80.10577983856201, 'elapsed_sec': 424.39989541098475, 'avg_sec_per_batch': 0.8487997908219695, 'cuda_allocated_mb': 236, 'cuda_reserved_mb': 7970, 'cuda_max_allocated_mb': 7876}
{'event': 'train_progress', 'epoch': 2, 'batch': 600, 'batches': 718, 'time_group': 169, 'time_groups': 178, 'history_edges': 260784, 'pos_edges': 512, 'neg_edges': 2048, 'loss_recent': 84.64406545162201, 'elapsed_sec': 520.4284362196922, 'avg_sec_per_batch': 0.8673807270328204, 'cuda_allocated_mb': 237, 'cuda_reserved_mb': 7970, 'cuda_max_allocated_mb': 7876}
{'event': 'train_progress', 'epoch': 2, 'batch': 700, 'batches': 718, 'time_group': 177, 'time_groups': 178, 'history_edges': 308632, 'pos_edges': 512, 'neg_edges': 2048, 'loss_recent': 86.45129194021224, 'elapsed_sec': 620.2038871236145, 'avg_sec_per_batch': 0.8860055530337351, 'cuda_allocated_mb': 239, 'cuda_reserved_mb': 7970, 'cuda_max_allocated_mb': 7876}
{'event': 'train_time_group', 'epoch': 2, 'time_group': 178, 'time_groups': 178, 'batch': 703, 'batches': 718, 'time_value': 177.0, 'group_batches': 15, 'history_edges': 315692, 'elapsed_sec': 623.3107917197049, 'cuda_allocated_mb': 106, 'cuda_reserved_mb': 7970, 'cuda_max_allocated_mb': 7876}
{'event': 'train_progress', 'epoch': 2, 'batch': 718, 'batches': 718, 'time_group': 178, 'time_groups': 178, 'history_edges': 315692, 'pos_edges': 220, 'neg_edges': 880, 'loss_recent': 86.62915912628173, 'elapsed_sec': 637.9447241388261, 'avg_sec_per_batch': 0.8885024013075573, 'cuda_allocated_mb': 241, 'cuda_reserved_mb': 7970, 'cuda_max_allocated_mb': 7876}
{'event': 'validation_start', 'epoch': 2}
{'event': 'validation_tgb_ranking_start', 'epoch': 2, 'max_edges': 128}
{'event': 'epoch_end', 'epoch': 2, 'early_stop_metric': 'val_tgb_mrr', 'val_score': 0.6834980087242044, 'val_auc': 0.9599792480468751, 'val_ap': 0.8875991909135692, 'val_ndcg': 0.97715682017704, 'val_tgb_mrr': 0.6834980087242044, 'val_tgb_hits@10': 0.7421875, 'elapsed_sec': 717.5422329455614}
{'event': 'epoch_start', 'epoch': 3, 'epochs': 20, 'batches': 718, 'time_groups': 178}
{'event': 'train_time_group', 'epoch': 3, 'time_group': 1, 'time_groups': 178, 'batch': 0, 'batches': 718, 'time_value': 0.0, 'group_batches': 2, 'history_edges': 0, 'elapsed_sec': 0.06072653457522392, 'cuda_allocated_mb': 105, 'cuda_reserved_mb': 7970, 'cuda_max_allocated_mb': 7876}
{'event': 'train_progress', 'epoch': 3, 'batch': 1, 'batches': 718, 'time_group': 1, 'time_groups': 178, 'history_edges': 0, 'pos_edges': 512, 'neg_edges': 2048, 'loss_recent': 256.7167663574219, 'elapsed_sec': 0.919510155916214, 'avg_sec_per_batch': 0.919510155916214, 'cuda_allocated_mb': 157, 'cuda_reserved_mb': 7970, 'cuda_max_allocated_mb': 7876}
{'event': 'train_progress', 'epoch': 3, 'batch': 100, 'batches': 718, 'time_group': 69, 'time_groups': 178, 'history_edges': 33644, 'pos_edges': 86, 'neg_edges': 344, 'loss_recent': 43.16551602421328, 'elapsed_sec': 71.0670160613954, 'avg_sec_per_batch': 0.710670160613954, 'cuda_allocated_mb': 157, 'cuda_reserved_mb': 7970, 'cuda_max_allocated_mb': 7876}
{'event': 'train_progress', 'epoch': 3, 'batch': 200, 'batches': 718, 'time_group': 106, 'time_groups': 178, 'history_edges': 74226, 'pos_edges': 106, 'neg_edges': 424, 'loss_recent': 57.99231751803309, 'elapsed_sec': 153.0644834935665, 'avg_sec_per_batch': 0.7653224174678326, 'cuda_allocated_mb': 206, 'cuda_reserved_mb': 7970, 'cuda_max_allocated_mb': 7876}
{'event': 'train_progress', 'epoch': 3, 'batch': 300, 'batches': 718, 'time_group': 128, 'time_groups': 178, 'history_edges': 120770, 'pos_edges': 512, 'neg_edges': 2048, 'loss_recent': 69.62775980174541, 'elapsed_sec': 241.42966259643435, 'avg_sec_per_batch': 0.8047655419881146, 'cuda_allocated_mb': 188, 'cuda_reserved_mb': 7970, 'cuda_max_allocated_mb': 7876}
{'event': 'train_progress', 'epoch': 3, 'batch': 400, 'batches': 718, 'time_group': 144, 'time_groups': 178, 'history_edges': 166402, 'pos_edges': 512, 'neg_edges': 2048, 'loss_recent': 75.25771646499634, 'elapsed_sec': 332.3460410051048, 'avg_sec_per_batch': 0.8308651025127619, 'cuda_allocated_mb': 236, 'cuda_reserved_mb': 7970, 'cuda_max_allocated_mb': 7876}
{'event': 'train_progress', 'epoch': 3, 'batch': 500, 'batches': 718, 'time_group': 158, 'time_groups': 178, 'history_edges': 213594, 'pos_edges': 512, 'neg_edges': 2048, 'loss_recent': 76.52127533912659, 'elapsed_sec': 426.14741284772754, 'avg_sec_per_batch': 0.8522948256954551, 'cuda_allocated_mb': 236, 'cuda_reserved_mb': 7970, 'cuda_max_allocated_mb': 7876}
{'event': 'train_progress', 'epoch': 3, 'batch': 600, 'batches': 718, 'time_group': 169, 'time_groups': 178, 'history_edges': 260784, 'pos_edges': 512, 'neg_edges': 2048, 'loss_recent': 81.4021239233017, 'elapsed_sec': 522.256095778197, 'avg_sec_per_batch': 0.8704268262969951, 'cuda_allocated_mb': 238, 'cuda_reserved_mb': 7970, 'cuda_max_allocated_mb': 7876}
{'event': 'train_progress', 'epoch': 3, 'batch': 700, 'batches': 718, 'time_group': 177, 'time_groups': 178, 'history_edges': 308632, 'pos_edges': 512, 'neg_edges': 2048, 'loss_recent': 83.70797034025192, 'elapsed_sec': 621.4576227255166, 'avg_sec_per_batch': 0.887796603893595, 'cuda_allocated_mb': 239, 'cuda_reserved_mb': 7970, 'cuda_max_allocated_mb': 7876}
{'event': 'train_time_group', 'epoch': 3, 'time_group': 178, 'time_groups': 178, 'batch': 703, 'batches': 718, 'time_value': 177.0, 'group_batches': 15, 'history_edges': 315692, 'elapsed_sec': 624.5760375373065, 'cuda_allocated_mb': 106, 'cuda_reserved_mb': 7970, 'cuda_max_allocated_mb': 7876}
{'event': 'train_progress', 'epoch': 3, 'batch': 718, 'batches': 718, 'time_group': 178, 'time_groups': 178, 'history_edges': 315692, 'pos_edges': 220, 'neg_edges': 880, 'loss_recent': 84.15736091613769, 'elapsed_sec': 639.1504153162241, 'avg_sec_per_batch': 0.8901816369306742, 'cuda_allocated_mb': 241, 'cuda_reserved_mb': 7970, 'cuda_max_allocated_mb': 7876}
{'event': 'validation_start', 'epoch': 3}
{'event': 'validation_tgb_ranking_start', 'epoch': 3, 'max_edges': 128}
{'event': 'epoch_end', 'epoch': 3, 'early_stop_metric': 'val_tgb_mrr', 'val_score': 0.6826111266159933, 'val_auc': 0.9518798828125, 'val_ap': 0.8704616116608377, 'val_ndcg': 0.9728028966225227, 'val_tgb_mrr': 0.6826111266159933, 'val_tgb_hits@10': 0.7421875, 'elapsed_sec': 720.8567571416497}
{'event': 'epoch_start', 'epoch': 4, 'epochs': 20, 'batches': 718, 'time_groups': 178}
{'event': 'train_time_group', 'epoch': 4, 'time_group': 1, 'time_groups': 178, 'batch': 0, 'batches': 718, 'time_value': 0.0, 'group_batches': 2, 'history_edges': 0, 'elapsed_sec': 0.06591269373893738, 'cuda_allocated_mb': 105, 'cuda_reserved_mb': 7970, 'cuda_max_allocated_mb': 7876}
{'event': 'train_progress', 'epoch': 4, 'batch': 1, 'batches': 718, 'time_group': 1, 'time_groups': 178, 'history_edges': 0, 'pos_edges': 512, 'neg_edges': 2048, 'loss_recent': 312.4073486328125, 'elapsed_sec': 0.9844354279339314, 'avg_sec_per_batch': 0.9844354279339314, 'cuda_allocated_mb': 156, 'cuda_reserved_mb': 7970, 'cuda_max_allocated_mb': 7876}
{'event': 'train_progress', 'epoch': 4, 'batch': 100, 'batches': 718, 'time_group': 69, 'time_groups': 178, 'history_edges': 33644, 'pos_edges': 86, 'neg_edges': 344, 'loss_recent': 42.68903543267399, 'elapsed_sec': 73.03996443748474, 'avg_sec_per_batch': 0.7303996443748474, 'cuda_allocated_mb': 156, 'cuda_reserved_mb': 7970, 'cuda_max_allocated_mb': 7876}
{'event': 'train_progress', 'epoch': 4, 'batch': 200, 'batches': 718, 'time_group': 106, 'time_groups': 178, 'history_edges': 74226, 'pos_edges': 106, 'neg_edges': 424, 'loss_recent': 56.12716997213661, 'elapsed_sec': 157.2716644331813, 'avg_sec_per_batch': 0.7863583221659064, 'cuda_allocated_mb': 206, 'cuda_reserved_mb': 7970, 'cuda_max_allocated_mb': 7876}
{'event': 'train_progress', 'epoch': 4, 'batch': 300, 'batches': 718, 'time_group': 128, 'time_groups': 178, 'history_edges': 120770, 'pos_edges': 512, 'neg_edges': 2048, 'loss_recent': 68.09003551453353, 'elapsed_sec': 246.24854984134436, 'avg_sec_per_batch': 0.8208284994711479, 'cuda_allocated_mb': 189, 'cuda_reserved_mb': 7970, 'cuda_max_allocated_mb': 7876}
{'event': 'train_progress', 'epoch': 4, 'batch': 400, 'batches': 718, 'time_group': 144, 'time_groups': 178, 'history_edges': 166402, 'pos_edges': 512, 'neg_edges': 2048, 'loss_recent': 73.7087888598442, 'elapsed_sec': 338.1254199706018, 'avg_sec_per_batch': 0.8453135499265045, 'cuda_allocated_mb': 236, 'cuda_reserved_mb': 7970, 'cuda_max_allocated_mb': 7876}
{'event': 'train_progress', 'epoch': 4, 'batch': 500, 'batches': 718, 'time_group': 158, 'time_groups': 178, 'history_edges': 213594, 'pos_edges': 512, 'neg_edges': 2048, 'loss_recent': 75.16264861106873, 'elapsed_sec': 431.35622975975275, 'avg_sec_per_batch': 0.8627124595195055, 'cuda_allocated_mb': 236, 'cuda_reserved_mb': 7970, 'cuda_max_allocated_mb': 7876}
{'event': 'train_progress', 'epoch': 4, 'batch': 600, 'batches': 718, 'time_group': 169, 'time_groups': 178, 'history_edges': 260784, 'pos_edges': 512, 'neg_edges': 2048, 'loss_recent': 79.94323112487793, 'elapsed_sec': 529.1912599168718, 'avg_sec_per_batch': 0.8819854331947863, 'cuda_allocated_mb': 237, 'cuda_reserved_mb': 7970, 'cuda_max_allocated_mb': 7876}
{'event': 'train_progress', 'epoch': 4, 'batch': 700, 'batches': 718, 'time_group': 177, 'time_groups': 178, 'history_edges': 308632, 'pos_edges': 512, 'neg_edges': 2048, 'loss_recent': 82.42780790328979, 'elapsed_sec': 627.7707479074597, 'avg_sec_per_batch': 0.8968153541535139, 'cuda_allocated_mb': 239, 'cuda_reserved_mb': 7970, 'cuda_max_allocated_mb': 7876}
{'event': 'train_time_group', 'epoch': 4, 'time_group': 178, 'time_groups': 178, 'batch': 703, 'batches': 718, 'time_value': 177.0, 'group_batches': 15, 'history_edges': 315692, 'elapsed_sec': 630.9718885272741, 'cuda_allocated_mb': 106, 'cuda_reserved_mb': 7970, 'cuda_max_allocated_mb': 7876}
{'event': 'train_progress', 'epoch': 4, 'batch': 718, 'batches': 718, 'time_group': 178, 'time_groups': 178, 'history_edges': 315692, 'pos_edges': 220, 'neg_edges': 880, 'loss_recent': 82.8017995262146, 'elapsed_sec': 645.8547959774733, 'avg_sec_per_batch': 0.8995192144533054, 'cuda_allocated_mb': 241, 'cuda_reserved_mb': 7970, 'cuda_max_allocated_mb': 7876}
{'event': 'validation_start', 'epoch': 4}
{'event': 'validation_tgb_ranking_start', 'epoch': 4, 'max_edges': 128}
{'event': 'epoch_end', 'epoch': 4, 'early_stop_metric': 'val_tgb_mrr', 'val_score': 0.6817036090360276, 'val_auc': 0.94901123046875, 'val_ap': 0.8618877567706331, 'val_ndcg': 0.9707438151246665, 'val_tgb_mrr': 0.6817036090360276, 'val_tgb_hits@10': 0.7421875, 'elapsed_sec': 726.591582082212}
{'event': 'epoch_start', 'epoch': 5, 'epochs': 20, 'batches': 718, 'time_groups': 178}
{'event': 'train_time_group', 'epoch': 5, 'time_group': 1, 'time_groups': 178, 'batch': 0, 'batches': 718, 'time_value': 0.0, 'group_batches': 2, 'history_edges': 0, 'elapsed_sec': 0.06101743504405022, 'cuda_allocated_mb': 105, 'cuda_reserved_mb': 7970, 'cuda_max_allocated_mb': 7876}
{'event': 'train_progress', 'epoch': 5, 'batch': 1, 'batches': 718, 'time_group': 1, 'time_groups': 178, 'history_edges': 0, 'pos_edges': 512, 'neg_edges': 2048, 'loss_recent': 385.19451904296875, 'elapsed_sec': 0.9050739668309689, 'avg_sec_per_batch': 0.9050739668309689, 'cuda_allocated_mb': 157, 'cuda_reserved_mb': 7970, 'cuda_max_allocated_mb': 7876}
{'event': 'train_progress', 'epoch': 5, 'batch': 100, 'batches': 718, 'time_group': 69, 'time_groups': 178, 'history_edges': 33644, 'pos_edges': 86, 'neg_edges': 344, 'loss_recent': 42.860459279045465, 'elapsed_sec': 71.09812114015222, 'avg_sec_per_batch': 0.7109812114015222, 'cuda_allocated_mb': 155, 'cuda_reserved_mb': 7970, 'cuda_max_allocated_mb': 7876}
{'event': 'train_progress', 'epoch': 5, 'batch': 200, 'batches': 718, 'time_group': 106, 'time_groups': 178, 'history_edges': 74226, 'pos_edges': 106, 'neg_edges': 424, 'loss_recent': 54.94841132542118, 'elapsed_sec': 157.4960043206811, 'avg_sec_per_batch': 0.7874800216034055, 'cuda_allocated_mb': 208, 'cuda_reserved_mb': 7970, 'cuda_max_allocated_mb': 7876}
{'event': 'train_progress', 'epoch': 5, 'batch': 300, 'batches': 718, 'time_group': 128, 'time_groups': 178, 'history_edges': 120770, 'pos_edges': 512, 'neg_edges': 2048, 'loss_recent': 66.98016299664974, 'elapsed_sec': 245.40672712028027, 'avg_sec_per_batch': 0.8180224237342676, 'cuda_allocated_mb': 189, 'cuda_reserved_mb': 7970, 'cuda_max_allocated_mb': 7876}
{'event': 'train_progress', 'epoch': 5, 'batch': 400, 'batches': 718, 'time_group': 144, 'time_groups': 178, 'history_edges': 166402, 'pos_edges': 512, 'neg_edges': 2048, 'loss_recent': 72.58616557359696, 'elapsed_sec': 337.1705883592367, 'avg_sec_per_batch': 0.8429264708980918, 'cuda_allocated_mb': 236, 'cuda_reserved_mb': 7970, 'cuda_max_allocated_mb': 7876}
{'event': 'train_progress', 'epoch': 5, 'batch': 500, 'batches': 718, 'time_group': 158, 'time_groups': 178, 'history_edges': 213594, 'pos_edges': 512, 'neg_edges': 2048, 'loss_recent': 73.91960804462433, 'elapsed_sec': 429.69048115983605, 'avg_sec_per_batch': 0.8593809623196721, 'cuda_allocated_mb': 236, 'cuda_reserved_mb': 7970, 'cuda_max_allocated_mb': 7876}
{'event': 'train_progress', 'epoch': 5, 'batch': 600, 'batches': 718, 'time_group': 169, 'time_groups': 178, 'history_edges': 260784, 'pos_edges': 512, 'neg_edges': 2048, 'loss_recent': 79.18495755672456, 'elapsed_sec': 526.4183939695358, 'avg_sec_per_batch': 0.8773639899492264, 'cuda_allocated_mb': 237, 'cuda_reserved_mb': 7970, 'cuda_max_allocated_mb': 7876}
{'event': 'train_progress', 'epoch': 5, 'batch': 700, 'batches': 718, 'time_group': 177, 'time_groups': 178, 'history_edges': 308632, 'pos_edges': 512, 'neg_edges': 2048, 'loss_recent': 81.90584993362427, 'elapsed_sec': 625.83208687976, 'avg_sec_per_batch': 0.8940458383996572, 'cuda_allocated_mb': 239, 'cuda_reserved_mb': 7970, 'cuda_max_allocated_mb': 7876}
{'event': 'train_time_group', 'epoch': 5, 'time_group': 178, 'time_groups': 178, 'batch': 703, 'batches': 718, 'time_value': 177.0, 'group_batches': 15, 'history_edges': 315692, 'elapsed_sec': 628.9862177781761, 'cuda_allocated_mb': 106, 'cuda_reserved_mb': 7970, 'cuda_max_allocated_mb': 7876}
{'event': 'train_progress', 'epoch': 5, 'batch': 718, 'batches': 718, 'time_group': 178, 'time_groups': 178, 'history_edges': 315692, 'pos_edges': 220, 'neg_edges': 880, 'loss_recent': 82.20832494735718, 'elapsed_sec': 645.1538224965334, 'avg_sec_per_batch': 0.8985429282681524, 'cuda_allocated_mb': 241, 'cuda_reserved_mb': 7970, 'cuda_max_allocated_mb': 7876}
{'event': 'validation_start', 'epoch': 5}
{'event': 'validation_tgb_ranking_start', 'epoch': 5, 'max_edges': 128}
{'event': 'epoch_end', 'epoch': 5, 'early_stop_metric': 'val_tgb_mrr', 'val_score': 0.6715380190722765, 'val_auc': 0.952972412109375, 'val_ap': 0.8654523162573009, 'val_ndcg': 0.9718722551649039, 'val_tgb_mrr': 0.6715380190722765, 'val_tgb_hits@10': 0.7421875, 'elapsed_sec': 726.1336647421122}
{'event': 'epoch_start', 'epoch': 6, 'epochs': 20, 'batches': 718, 'time_groups': 178}
{'event': 'train_time_group', 'epoch': 6, 'time_group': 1, 'time_groups': 178, 'batch': 0, 'batches': 718, 'time_value': 0.0, 'group_batches': 2, 'history_edges': 0, 'elapsed_sec': 0.0632535070180893, 'cuda_allocated_mb': 105, 'cuda_reserved_mb': 7970, 'cuda_max_allocated_mb': 7876}
{'event': 'train_progress', 'epoch': 6, 'batch': 1, 'batches': 718, 'time_group': 1, 'time_groups': 178, 'history_edges': 0, 'pos_edges': 512, 'neg_edges': 2048, 'loss_recent': 460.0150451660156, 'elapsed_sec': 1.0729890130460262, 'avg_sec_per_batch': 1.0729890130460262, 'cuda_allocated_mb': 158, 'cuda_reserved_mb': 7970, 'cuda_max_allocated_mb': 7876}
{'event': 'train_progress', 'epoch': 6, 'batch': 100, 'batches': 718, 'time_group': 69, 'time_groups': 178, 'history_edges': 33644, 'pos_edges': 86, 'neg_edges': 344, 'loss_recent': 43.93428390398621, 'elapsed_sec': 70.19185303524137, 'avg_sec_per_batch': 0.7019185303524137, 'cuda_allocated_mb': 156, 'cuda_reserved_mb': 7970, 'cuda_max_allocated_mb': 7876}
{'event': 'train_progress', 'epoch': 6, 'batch': 200, 'batches': 718, 'time_group': 106, 'time_groups': 178, 'history_edges': 74226, 'pos_edges': 106, 'neg_edges': 424, 'loss_recent': 54.40283996105194, 'elapsed_sec': 153.1224327646196, 'avg_sec_per_batch': 0.7656121638230979, 'cuda_allocated_mb': 207, 'cuda_reserved_mb': 7970, 'cuda_max_allocated_mb': 7876}
{'event': 'train_progress', 'epoch': 6, 'batch': 300, 'batches': 718, 'time_group': 128, 'time_groups': 178, 'history_edges': 120770, 'pos_edges': 512, 'neg_edges': 2048, 'loss_recent': 66.26952913284302, 'elapsed_sec': 240.4054963812232, 'avg_sec_per_batch': 0.8013516546040773, 'cuda_allocated_mb': 188, 'cuda_reserved_mb': 7970, 'cuda_max_allocated_mb': 7876}
{'event': 'train_progress', 'epoch': 6, 'batch': 400, 'batches': 718, 'time_group': 144, 'time_groups': 178, 'history_edges': 166402, 'pos_edges': 512, 'neg_edges': 2048, 'loss_recent': 71.92263768076897, 'elapsed_sec': 332.0987504608929, 'avg_sec_per_batch': 0.8302468761522322, 'cuda_allocated_mb': 236, 'cuda_reserved_mb': 7970, 'cuda_max_allocated_mb': 7876}
{'event': 'train_progress', 'epoch': 6, 'batch': 500, 'batches': 718, 'time_group': 158, 'time_groups': 178, 'history_edges': 213594, 'pos_edges': 512, 'neg_edges': 2048, 'loss_recent': 73.57295865535735, 'elapsed_sec': 425.4711022526026, 'avg_sec_per_batch': 0.8509422045052052, 'cuda_allocated_mb': 236, 'cuda_reserved_mb': 7970, 'cuda_max_allocated_mb': 7876}
{'event': 'train_progress', 'epoch': 6, 'batch': 600, 'batches': 718, 'time_group': 169, 'time_groups': 178, 'history_edges': 260784, 'pos_edges': 512, 'neg_edges': 2048, 'loss_recent': 78.53155049800873, 'elapsed_sec': 522.1671412289143, 'avg_sec_per_batch': 0.8702785687148571, 'cuda_allocated_mb': 237, 'cuda_reserved_mb': 7970, 'cuda_max_allocated_mb': 7876}
{'event': 'train_progress', 'epoch': 6, 'batch': 700, 'batches': 718, 'time_group': 177, 'time_groups': 178, 'history_edges': 308632, 'pos_edges': 512, 'neg_edges': 2048, 'loss_recent': 81.36992114543915, 'elapsed_sec': 622.160373095423, 'avg_sec_per_batch': 0.8888005329934614, 'cuda_allocated_mb': 239, 'cuda_reserved_mb': 7970, 'cuda_max_allocated_mb': 7876}
{'event': 'train_time_group', 'epoch': 6, 'time_group': 178, 'time_groups': 178, 'batch': 703, 'batches': 718, 'time_value': 177.0, 'group_batches': 15, 'history_edges': 315692, 'elapsed_sec': 625.307102240622, 'cuda_allocated_mb': 106, 'cuda_reserved_mb': 7970, 'cuda_max_allocated_mb': 7876}
{'event': 'train_progress', 'epoch': 6, 'batch': 718, 'batches': 718, 'time_group': 178, 'time_groups': 178, 'history_edges': 315692, 'pos_edges': 220, 'neg_edges': 880, 'loss_recent': 81.72612468719483, 'elapsed_sec': 640.3874390088022, 'avg_sec_per_batch': 0.8919045111543206, 'cuda_allocated_mb': 241, 'cuda_reserved_mb': 7970, 'cuda_max_allocated_mb': 7876}
{'event': 'validation_start', 'epoch': 6}
{'event': 'validation_tgb_ranking_start', 'epoch': 6, 'max_edges': 128}
{'event': 'epoch_end', 'epoch': 6, 'early_stop_metric': 'val_tgb_mrr', 'val_score': 0.680290996949074, 'val_auc': 0.9510620117187499, 'val_ap': 0.8676752372779301, 'val_ndcg': 0.9720894896880635, 'val_tgb_mrr': 0.680290996949074, 'val_tgb_hits@10': 0.7421875, 'elapsed_sec': 719.2815352939069}
{'event': 'epoch_start', 'epoch': 7, 'epochs': 20, 'batches': 718, 'time_groups': 178}
{'event': 'train_time_group', 'epoch': 7, 'time_group': 1, 'time_groups': 178, 'batch': 0, 'batches': 718, 'time_value': 0.0, 'group_batches': 2, 'history_edges': 0, 'elapsed_sec': 0.06123189628124237, 'cuda_allocated_mb': 105, 'cuda_reserved_mb': 7970, 'cuda_max_allocated_mb': 7876}
{'event': 'train_progress', 'epoch': 7, 'batch': 1, 'batches': 718, 'time_group': 1, 'time_groups': 178, 'history_edges': 0, 'pos_edges': 512, 'neg_edges': 2048, 'loss_recent': 548.3580322265625, 'elapsed_sec': 0.9104005135595798, 'avg_sec_per_batch': 0.9104005135595798, 'cuda_allocated_mb': 156, 'cuda_reserved_mb': 7970, 'cuda_max_allocated_mb': 7876}
{'event': 'train_progress', 'epoch': 7, 'batch': 100, 'batches': 718, 'time_group': 69, 'time_groups': 178, 'history_edges': 33644, 'pos_edges': 86, 'neg_edges': 344, 'loss_recent': 45.20960890131071, 'elapsed_sec': 71.85608437657356, 'avg_sec_per_batch': 0.7185608437657356, 'cuda_allocated_mb': 157, 'cuda_reserved_mb': 7970, 'cuda_max_allocated_mb': 7876}
{'event': 'train_progress', 'epoch': 7, 'batch': 200, 'batches': 718, 'time_group': 106, 'time_groups': 178, 'history_edges': 74226, 'pos_edges': 106, 'neg_edges': 424, 'loss_recent': 54.02485307322815, 'elapsed_sec': 154.608734279871, 'avg_sec_per_batch': 0.7730436713993549, 'cuda_allocated_mb': 208, 'cuda_reserved_mb': 7970, 'cuda_max_allocated_mb': 7876}
{'event': 'train_progress', 'epoch': 7, 'batch': 300, 'batches': 718, 'time_group': 128, 'time_groups': 178, 'history_edges': 120770, 'pos_edges': 512, 'neg_edges': 2048, 'loss_recent': 65.969295758605, 'elapsed_sec': 243.06584899500012, 'avg_sec_per_batch': 0.8102194966500004, 'cuda_allocated_mb': 188, 'cuda_reserved_mb': 7970, 'cuda_max_allocated_mb': 7876}
{'event': 'train_progress', 'epoch': 7, 'batch': 400, 'batches': 718, 'time_group': 144, 'time_groups': 178, 'history_edges': 166402, 'pos_edges': 512, 'neg_edges': 2048, 'loss_recent': 71.4768183040619, 'elapsed_sec': 333.38861418142915, 'avg_sec_per_batch': 0.8334715354535729, 'cuda_allocated_mb': 236, 'cuda_reserved_mb': 7970, 'cuda_max_allocated_mb': 7876}
{'event': 'train_progress', 'epoch': 7, 'batch': 500, 'batches': 718, 'time_group': 158, 'time_groups': 178, 'history_edges': 213594, 'pos_edges': 512, 'neg_edges': 2048, 'loss_recent': 73.18634796619415, 'elapsed_sec': 426.9226964302361, 'avg_sec_per_batch': 0.8538453928604722, 'cuda_allocated_mb': 236, 'cuda_reserved_mb': 7970, 'cuda_max_allocated_mb': 7876}
{'event': 'train_progress', 'epoch': 7, 'batch': 600, 'batches': 718, 'time_group': 169, 'time_groups': 178, 'history_edges': 260784, 'pos_edges': 512, 'neg_edges': 2048, 'loss_recent': 78.13642381191254, 'elapsed_sec': 522.7700858078897, 'avg_sec_per_batch': 0.8712834763464828, 'cuda_allocated_mb': 237, 'cuda_reserved_mb': 7970, 'cuda_max_allocated_mb': 7876}
{'event': 'train_progress', 'epoch': 7, 'batch': 700, 'batches': 718, 'time_group': 177, 'time_groups': 178, 'history_edges': 308632, 'pos_edges': 512, 'neg_edges': 2048, 'loss_recent': 80.92587568759919, 'elapsed_sec': 622.4334823712707, 'avg_sec_per_batch': 0.8891906891018152, 'cuda_allocated_mb': 239, 'cuda_reserved_mb': 7970, 'cuda_max_allocated_mb': 7876}
{'event': 'train_time_group', 'epoch': 7, 'time_group': 178, 'time_groups': 178, 'batch': 703, 'batches': 718, 'time_value': 177.0, 'group_batches': 15, 'history_edges': 315692, 'elapsed_sec': 625.40184231475, 'cuda_allocated_mb': 106, 'cuda_reserved_mb': 7970, 'cuda_max_allocated_mb': 7876}
{'event': 'train_progress', 'epoch': 7, 'batch': 718, 'batches': 718, 'time_group': 178, 'time_groups': 178, 'history_edges': 315692, 'pos_edges': 220, 'neg_edges': 880, 'loss_recent': 81.2820262336731, 'elapsed_sec': 640.208656847477, 'avg_sec_per_batch': 0.8916555109296337, 'cuda_allocated_mb': 241, 'cuda_reserved_mb': 7970, 'cuda_max_allocated_mb': 7876}
{'event': 'validation_start', 'epoch': 7}
{'event': 'validation_tgb_ranking_start', 'epoch': 7, 'max_edges': 128}
{'event': 'epoch_end', 'epoch': 7, 'early_stop_metric': 'val_tgb_mrr', 'val_score': 0.6820800690543702, 'val_auc': 0.949932861328125, 'val_ap': 0.8632956534277585, 'val_ndcg': 0.9711166399770376, 'val_tgb_mrr': 0.6820800690543702, 'val_tgb_hits@10': 0.7421875, 'elapsed_sec': 718.7586899213493}
{'dataset': 'tkgl-yago', 'method': 'ssptgfm', 'scenario': 'label_split', 'ablation': 'full', 'few_shot_ratio': 1.0, 'seed': 4, 'train_edges': 323080, 'val_edges': 39046, 'test_edges': 40052, 'params_trainable': 2247826, 'params_total': 2247839, 'rough_forward_flops': 24174428160, 'train_eval_time_sec': 5348.000075485557, 'allocated_mb': 48.94677734375, 'reserved_mb': 7970.0, 'max_allocated_mb': 7876.99365234375, 'val_auc': 0.9599792480468751, 'val_ap': 0.8875991909135692, 'val_ndcg': 0.97715682017704, 'val_tgb_mrr': 0.6834980087242044, 'val_tgb_hits@10': 0.7421875, 'train_loss': 73.49915927923531, 'train_lp': 0.10297729430013611, 'train_align': 7084.028485241374, 'train_kl': 25547.128301083874, 'train_ood_reg': 0.21927994601739814, 'train_meta': 0.1931516728842822, 'train_struct_aux': 0.0, 'train_weighted_align': 70.84028321844694, 'train_weighted_kl': 2.554712765463589, 'train_weighted_ood_reg': 0.00021927995643494807, 'train_weighted_meta': 0.0009657583428586358, 'train_weighted_struct_aux': 0.0, 'train_rank': 0.08024496751205412, 'train_weighted_rank': 0.0008024496570905047, 'train_candidate_rank': 0.5337498384296606, 'train_weighted_candidate_rank': 0.02668749243011982, 'test_auc': 0.9609622285857606, 'test_ap': 0.920364583111719, 'test_ndcg': 0.9889838110782329, 'test_tgb_mrr': 0.8815696537773527, 'test_tgb_hits@10': 0.90625}
