
$ /root/miniconda3/bin/python -u scripts/search_hparams.py --config configs/auto_target/ssptgfm_search_tgb_yago_struct_residual_fastscan.yaml --output results/auto_target_struct_micro_v3/search_tgb_yago_struct_residual_fastscan --resume
runtime_device=cuda
cuda_device=Tesla V100-PCIE-32GB
{'event': 'candidate_seed_start', 'candidate': 'struct_residual_fastscan_h96_r12_a12_p4x4_l1_neg1_lr0p001_sr0p35_sa0p1_rl0p05_m0_bpr', 'seed': 1, 'device': 'cuda', 'node_text_device': 'cuda:0'}
{'event': 'train_seed_start', 'seed': 1, 'train_edges': 12000, 'val_edges': 39046, 'test_edges': 40052, 'num_nodes': 10585, 'num_relations': 20}
{'event': 'train_seed_tensors_ready', 'seed': 1, 'elapsed_sec': 0.0051205456256866455, 'cuda_allocated_mb': 21, 'cuda_reserved_mb': 22, 'cuda_max_allocated_mb': 21}
{'event': 'train_known_facts_ready', 'seed': 1, 'scope': 'train', 'edges': 12000, 'elapsed_sec': 0.0071024224162101746}
{'event': 'train_known_facts_ready', 'seed': 1, 'scope': 'train_val', 'edges': 51046, 'elapsed_sec': 0.01086433231830597}
{'event': 'train_sampler_ready', 'seed': 1, 'elapsed_sec': 0.014416225254535675}
{'event': 'val_sampler_ready', 'seed': 1, 'elapsed_sec': 0.017412077635526657}
{'event': 'epoch_start', 'epoch': 1, 'epochs': 1, 'batches': 28, 'time_groups': 28}
{'event': 'train_time_group', 'epoch': 1, 'time_group': 1, 'time_groups': 28, 'batch': 0, 'batches': 28, 'time_value': 0.0, 'group_batches': 1, 'history_edges': 0, 'elapsed_sec': 0.012182921171188354, 'cuda_allocated_mb': 21, 'cuda_reserved_mb': 24, 'cuda_max_allocated_mb': 21}
{'event': 'train_progress', 'epoch': 1, 'batch': 1, 'batches': 28, 'time_group': 1, 'time_groups': 28, 'history_edges': 0, 'pos_edges': 942, 'neg_edges': 942, 'loss_recent': 62.179805755615234, 'elapsed_sec': 1.9092322438955307, 'avg_sec_per_batch': 1.9092322438955307, 'cuda_allocated_mb': 123, 'cuda_reserved_mb': 390, 'cuda_max_allocated_mb': 352}
{'event': 'train_time_group', 'epoch': 1, 'time_group': 28, 'time_groups': 28, 'batch': 27, 'batches': 28, 'time_value': 27.0, 'group_batches': 1, 'history_edges': 11902, 'elapsed_sec': 15.736383069306612, 'cuda_allocated_mb': 78, 'cuda_reserved_mb': 610, 'cuda_max_allocated_mb': 550}
{'event': 'train_progress', 'epoch': 1, 'batch': 28, 'batches': 28, 'time_group': 28, 'time_groups': 28, 'history_edges': 11902, 'pos_edges': 98, 'neg_edges': 98, 'loss_recent': 25.510688287871226, 'elapsed_sec': 15.992180109024048, 'avg_sec_per_batch': 0.5711492896080017, 'cuda_allocated_mb': 84, 'cuda_reserved_mb': 610, 'cuda_max_allocated_mb': 550}
{'event': 'validation_start', 'epoch': 1}
{'event': 'validation_ranking_start', 'epoch': 1, 'max_edges': 3}
{'event': 'epoch_end', 'epoch': 1, 'early_stop_metric': 'val_composite', 'val_score': 0.11992673784778812, 'val_auc': 0.5296630859375, 'val_ap': 0.3968833674992547, 'val_ndcg': 0.8345590322455264, 'val_mrr': 0.0003626168237187799, 'val_hits@1': 0.0, 'val_hits@10': 0.0, 'val_hits@50': 0.0, 'val_hits@100': 0.0, 'elapsed_sec': 34.0514223203063}
{'candidate': 'struct_residual_fastscan_h96_r12_a12_p4x4_l1_neg1_lr0p001_sr0p35_sa0p1_rl0p05_m0_bpr', 'seed': 1, 'composite': nan, 'val_auc': 0.5296630859375, 'val_ap': 0.3968833674992547, 'val_ndcg': 0.8345590322455264, 'val_mrr': 0.0003626168237187799, 'val_hits@1': 0.0, 'val_hits@10': 0.0, 'val_hits@50': 0.0, 'val_hits@100': 0.0, 'train_loss': 25.510688287871226, 'train_lp': 0.5234360609735761, 'train_align': 4761.756517682757, 'train_kl': 11127.617379324776, 'train_ood_reg': 0.2309732133788722, 'train_meta': 0.4962255284190178, 'train_struct_aux': 0.6299632106508527, 'train_weighted_align': 23.808781964438303, 'train_weighted_kl': 1.112761702388525, 'train_weighted_ood_reg': 0.0002309732247210507, 'train_weighted_meta': 0.002481127592285962, 'train_weighted_struct_aux': 0.06299632215606314, 'train_rank': 0.4029315090073006, 'train_weighted_rank': 0.02014657562332494}
{'event': 'candidate_summary', 'candidate': 'struct_residual_fastscan_h96_r12_a12_p4x4_l1_neg1_lr0p001_sr0p35_sa0p1_rl0p05_m0_bpr', 'score': 0.11992673784778812, 'passes_metric_minima': True, 'means': {'val_auc': 0.5296630859375, 'val_ap': 0.3968833674992547, 'val_mrr': 0.0003626168237187799, 'val_hits@10': 0.0, 'val_ndcg': 0.8345590322455264}, 'seeds_completed': 1}
{'event': 'candidate_seed_start', 'candidate': 'struct_residual_fastscan_h128_r16_a16_p4x4_l1_neg1_lr0p0007_sr0p35_sa0p1_rl0p05_m0_bpr', 'seed': 1, 'device': 'cuda', 'node_text_device': 'cuda:0'}
{'event': 'train_seed_start', 'seed': 1, 'train_edges': 12000, 'val_edges': 39046, 'test_edges': 40052, 'num_nodes': 10585, 'num_relations': 20}
{'event': 'train_seed_tensors_ready', 'seed': 1, 'elapsed_sec': 0.015712622553110123, 'cuda_allocated_mb': 40, 'cuda_reserved_mb': 64, 'cuda_max_allocated_mb': 550}
{'event': 'train_known_facts_ready', 'seed': 1, 'scope': 'train', 'edges': 12000, 'elapsed_sec': 0.018061231821775436}
{'event': 'train_known_facts_ready', 'seed': 1, 'scope': 'train_val', 'edges': 51046, 'elapsed_sec': 0.022142771631479263}
{'event': 'train_sampler_ready', 'seed': 1, 'elapsed_sec': 0.025596074759960175}
{'event': 'val_sampler_ready', 'seed': 1, 'elapsed_sec': 0.0286002978682518}
{'event': 'epoch_start', 'epoch': 1, 'epochs': 1, 'batches': 28, 'time_groups': 28}
{'event': 'train_time_group', 'epoch': 1, 'time_group': 1, 'time_groups': 28, 'batch': 0, 'batches': 28, 'time_value': 0.0, 'group_batches': 1, 'history_edges': 0, 'elapsed_sec': 0.005121000111103058, 'cuda_allocated_mb': 40, 'cuda_reserved_mb': 64, 'cuda_max_allocated_mb': 550}
{'event': 'train_progress', 'epoch': 1, 'batch': 1, 'batches': 28, 'time_group': 1, 'time_groups': 28, 'history_edges': 0, 'pos_edges': 942, 'neg_edges': 942, 'loss_recent': 63.02660369873047, 'elapsed_sec': 1.1556860879063606, 'avg_sec_per_batch': 1.1556860879063606, 'cuda_allocated_mb': 141, 'cuda_reserved_mb': 484, 'cuda_max_allocated_mb': 550}
{'event': 'train_time_group', 'epoch': 1, 'time_group': 28, 'time_groups': 28, 'batch': 27, 'batches': 28, 'time_value': 27.0, 'group_batches': 1, 'history_edges': 11902, 'elapsed_sec': 14.640379071235657, 'cuda_allocated_mb': 97, 'cuda_reserved_mb': 804, 'cuda_max_allocated_mb': 726}
{'event': 'train_progress', 'epoch': 1, 'batch': 28, 'batches': 28, 'time_group': 28, 'time_groups': 28, 'history_edges': 11902, 'pos_edges': 98, 'neg_edges': 98, 'loss_recent': 25.69744324684143, 'elapsed_sec': 14.908292938023806, 'avg_sec_per_batch': 0.5324390335008502, 'cuda_allocated_mb': 103, 'cuda_reserved_mb': 804, 'cuda_max_allocated_mb': 726}
{'event': 'validation_start', 'epoch': 1}
{'event': 'validation_ranking_start', 'epoch': 1, 'max_edges': 3}
{'event': 'epoch_end', 'epoch': 1, 'early_stop_metric': 'val_composite', 'val_score': 0.12389543304125816, 'val_auc': 0.54217529296875, 'val_ap': 0.4144975538976679, 'val_ndcg': 0.8428292699437575, 'val_mrr': 0.002616573250313106, 'val_hits@1': 0.0, 'val_hits@10': 0.0, 'val_hits@50': 0.0, 'val_hits@100': 0.16666666666666666, 'elapsed_sec': 32.96174244582653}
{'candidate': 'struct_residual_fastscan_h128_r16_a16_p4x4_l1_neg1_lr0p0007_sr0p35_sa0p1_rl0p05_m0_bpr', 'seed': 1, 'composite': nan, 'val_auc': 0.54217529296875, 'val_ap': 0.4144975538976679, 'val_ndcg': 0.8428292699437575, 'val_mrr': 0.002616573250313106, 'val_hits@1': 0.0, 'val_hits@10': 0.0, 'val_hits@50': 0.0, 'val_hits@100': 0.16666666666666666, 'train_loss': 25.69744324684143, 'train_lp': 0.32725052296050955, 'train_align': 4754.375087193081, 'train_kl': 15254.134817940849, 'train_ood_reg': 0.22105875504868372, 'train_meta': 0.3166584343582924, 'train_struct_aux': 0.7110007341418948, 'train_weighted_align': 23.77187464918409, 'train_weighted_kl': 1.5254134450639998, 'train_weighted_ood_reg': 0.0002210587647693631, 'train_weighted_meta': 0.0015832921451094859, 'train_weighted_struct_aux': 0.07110007506396089, 'train_rank': 0.22109197692147323, 'train_weighted_rank': 0.011054599063105084}
{'event': 'candidate_summary', 'candidate': 'struct_residual_fastscan_h128_r16_a16_p4x4_l1_neg1_lr0p0007_sr0p35_sa0p1_rl0p05_m0_bpr', 'score': 0.12389543304125816, 'passes_metric_minima': True, 'means': {'val_auc': 0.54217529296875, 'val_ap': 0.4144975538976679, 'val_mrr': 0.002616573250313106, 'val_hits@10': 0.0, 'val_ndcg': 0.8428292699437575}, 'seeds_completed': 1}
