
$ /root/miniconda3/bin/python -u scripts/search_hparams.py --config configs/auto_target/ssptgfm_search_icews14_history_popularity_midscan.yaml --output results/auto_target_multi_sota_dry/search_icews14_history_popularity_midscan --resume
runtime_device=cuda
cuda_device=Tesla V100-PCIE-32GB
{'event': 'candidate_seed_start', 'candidate': 'history_popularity_midscan_h96_r12_a12_p4x4_l1_neg1_lr0p001_hp0p25_freq40_rl0_m1_hinge', 'seed': 1, 'device': 'cuda', 'node_text_device': 'cuda:0'}
{'event': 'train_seed_start', 'seed': 1, 'train_edges': 50000, 'val_edges': 14592, 'test_edges': 14378, 'num_nodes': 7128, 'num_relations': 230}
{'event': 'train_seed_tensors_ready', 'seed': 1, 'elapsed_sec': 0.007704511284828186, 'cuda_allocated_mb': 21, 'cuda_reserved_mb': 24, 'cuda_max_allocated_mb': 21}
{'event': 'train_known_facts_ready', 'seed': 1, 'scope': 'train', 'edges': 50000, 'elapsed_sec': 0.013389408588409424}
{'event': 'train_known_facts_ready', 'seed': 1, 'scope': 'train_val', 'edges': 64592, 'elapsed_sec': 0.01878369227051735}
{'event': 'train_sampler_ready', 'seed': 1, 'elapsed_sec': 0.0221966952085495}
{'event': 'val_sampler_ready', 'seed': 1, 'elapsed_sec': 0.02509017288684845}
{'event': 'epoch_start', 'epoch': 1, 'epochs': 3, 'batches': 205, 'time_groups': 205}
{'event': 'train_time_group', 'epoch': 1, 'time_group': 1, 'time_groups': 205, 'batch': 0, 'batches': 205, 'time_value': 1388534400.0, 'group_batches': 1, 'history_edges': 0, 'elapsed_sec': 0.024311542510986328, 'cuda_allocated_mb': 22, 'cuda_reserved_mb': 24, 'cuda_max_allocated_mb': 22}
{'event': 'train_progress', 'epoch': 1, 'batch': 1, 'batches': 205, 'time_group': 1, 'time_groups': 205, 'history_edges': 0, 'pos_edges': 113, 'neg_edges': 113, 'loss_recent': 8.123932838439941, 'elapsed_sec': 1.16520357131958, 'avg_sec_per_batch': 1.16520357131958, 'cuda_allocated_mb': 90, 'cuda_reserved_mb': 174, 'cuda_max_allocated_mb': 160}
{'event': 'train_progress', 'epoch': 1, 'batch': 100, 'batches': 205, 'time_group': 100, 'time_groups': 205, 'history_edges': 23816, 'pos_edges': 259, 'neg_edges': 259, 'loss_recent': 14.675005040168763, 'elapsed_sec': 27.425059512257576, 'avg_sec_per_batch': 0.27425059512257577, 'cuda_allocated_mb': 97, 'cuda_reserved_mb': 748, 'cuda_max_allocated_mb': 657}
{'event': 'train_progress', 'epoch': 1, 'batch': 200, 'batches': 205, 'time_group': 200, 'time_groups': 205, 'history_edges': 48751, 'pos_edges': 162, 'neg_edges': 162, 'loss_recent': 13.519280018806457, 'elapsed_sec': 55.98620466887951, 'avg_sec_per_batch': 0.27993102334439757, 'cuda_allocated_mb': 93, 'cuda_reserved_mb': 1188, 'cuda_max_allocated_mb': 1064}
{'event': 'train_time_group', 'epoch': 1, 'time_group': 205, 'time_groups': 205, 'batch': 204, 'batches': 205, 'time_value': 1406160000.0, 'group_batches': 1, 'history_edges': 49839, 'elapsed_sec': 57.12122279778123, 'cuda_allocated_mb': 87, 'cuda_reserved_mb': 1208, 'cuda_max_allocated_mb': 1080}
{'event': 'train_progress', 'epoch': 1, 'batch': 205, 'batches': 205, 'time_group': 205, 'time_groups': 205, 'history_edges': 49839, 'pos_edges': 161, 'neg_edges': 161, 'loss_recent': 13.43302649974823, 'elapsed_sec': 57.368354097008705, 'avg_sec_per_batch': 0.2798456297415059, 'cuda_allocated_mb': 95, 'cuda_reserved_mb': 1208, 'cuda_max_allocated_mb': 1080}
{'event': 'validation_start', 'epoch': 1}
{'event': 'validation_ranking_start', 'epoch': 1, 'max_edges': 20}
{'event': 'epoch_end', 'epoch': 1, 'early_stop_metric': 'val_composite', 'val_score': 0.5067189101107057, 'val_auc': 0.877841567993164, 'val_ap': 0.5585142598367304, 'val_ndcg': 0.8970369704856901, 'val_mrr': 0.34415845887872054, 'val_hits@1': 0.25, 'val_hits@10': 0.55, 'val_hits@50': 0.675, 'val_hits@100': 0.775, 'elapsed_sec': 126.48979410156608}
{'event': 'epoch_start', 'epoch': 2, 'epochs': 3, 'batches': 205, 'time_groups': 205}
{'event': 'train_time_group', 'epoch': 2, 'time_group': 1, 'time_groups': 205, 'batch': 0, 'batches': 205, 'time_value': 1388534400.0, 'group_batches': 1, 'history_edges': 0, 'elapsed_sec': 0.04473969340324402, 'cuda_allocated_mb': 87, 'cuda_reserved_mb': 1298, 'cuda_max_allocated_mb': 1080}
{'event': 'train_progress', 'epoch': 2, 'batch': 1, 'batches': 205, 'time_group': 1, 'time_groups': 205, 'history_edges': 0, 'pos_edges': 113, 'neg_edges': 113, 'loss_recent': 8.659255027770996, 'elapsed_sec': 0.2936975881457329, 'avg_sec_per_batch': 0.2936975881457329, 'cuda_allocated_mb': 91, 'cuda_reserved_mb': 1298, 'cuda_max_allocated_mb': 1080}
{'event': 'train_progress', 'epoch': 2, 'batch': 100, 'batches': 205, 'time_group': 100, 'time_groups': 205, 'history_edges': 23816, 'pos_edges': 259, 'neg_edges': 259, 'loss_recent': 12.625424060821533, 'elapsed_sec': 41.876778334379196, 'avg_sec_per_batch': 0.41876778334379194, 'cuda_allocated_mb': 97, 'cuda_reserved_mb': 1298, 'cuda_max_allocated_mb': 1080}
{'event': 'train_progress', 'epoch': 2, 'batch': 200, 'batches': 205, 'time_group': 200, 'time_groups': 205, 'history_edges': 48751, 'pos_edges': 162, 'neg_edges': 162, 'loss_recent': 11.842595705986023, 'elapsed_sec': 85.62935607135296, 'avg_sec_per_batch': 0.4281467803567648, 'cuda_allocated_mb': 94, 'cuda_reserved_mb': 1298, 'cuda_max_allocated_mb': 1080}
{'event': 'train_time_group', 'epoch': 2, 'time_group': 205, 'time_groups': 205, 'batch': 204, 'batches': 205, 'time_value': 1406160000.0, 'group_batches': 1, 'history_edges': 49839, 'elapsed_sec': 87.57827682048082, 'cuda_allocated_mb': 87, 'cuda_reserved_mb': 1298, 'cuda_max_allocated_mb': 1081}
{'event': 'train_progress', 'epoch': 2, 'batch': 205, 'batches': 205, 'time_group': 205, 'time_groups': 205, 'history_edges': 49839, 'pos_edges': 161, 'neg_edges': 161, 'loss_recent': 11.77843267917633, 'elapsed_sec': 87.89719243347645, 'avg_sec_per_batch': 0.4287667923584217, 'cuda_allocated_mb': 95, 'cuda_reserved_mb': 1298, 'cuda_max_allocated_mb': 1081}
{'event': 'validation_start', 'epoch': 2}
{'event': 'validation_ranking_start', 'epoch': 2, 'max_edges': 20}
{'event': 'epoch_end', 'epoch': 2, 'early_stop_metric': 'val_composite', 'val_score': 0.484905757757953, 'val_auc': 0.890167236328125, 'val_ap': 0.6210206788090878, 'val_ndcg': 0.9251136024553165, 'val_mrr': 0.3060407676450872, 'val_hits@1': 0.225, 'val_hits@10': 0.45, 'val_hits@50': 0.625, 'val_hits@100': 0.7, 'elapsed_sec': 182.45010725036263}
{'event': 'epoch_start', 'epoch': 3, 'epochs': 3, 'batches': 205, 'time_groups': 205}
{'event': 'train_time_group', 'epoch': 3, 'time_group': 1, 'time_groups': 205, 'batch': 0, 'batches': 205, 'time_value': 1388534400.0, 'group_batches': 1, 'history_edges': 0, 'elapsed_sec': 0.04532696306705475, 'cuda_allocated_mb': 87, 'cuda_reserved_mb': 1298, 'cuda_max_allocated_mb': 1081}
{'event': 'train_progress', 'epoch': 3, 'batch': 1, 'batches': 205, 'time_group': 1, 'time_groups': 205, 'history_edges': 0, 'pos_edges': 113, 'neg_edges': 113, 'loss_recent': 8.570571899414062, 'elapsed_sec': 0.34355592727661133, 'avg_sec_per_batch': 0.34355592727661133, 'cuda_allocated_mb': 91, 'cuda_reserved_mb': 1298, 'cuda_max_allocated_mb': 1081}
{'event': 'train_progress', 'epoch': 3, 'batch': 100, 'batches': 205, 'time_group': 100, 'time_groups': 205, 'history_edges': 23816, 'pos_edges': 259, 'neg_edges': 259, 'loss_recent': 11.411343259811401, 'elapsed_sec': 40.94365267083049, 'avg_sec_per_batch': 0.4094365267083049, 'cuda_allocated_mb': 97, 'cuda_reserved_mb': 1298, 'cuda_max_allocated_mb': 1081}
{'event': 'train_progress', 'epoch': 3, 'batch': 200, 'batches': 205, 'time_group': 200, 'time_groups': 205, 'history_edges': 48751, 'pos_edges': 162, 'neg_edges': 162, 'loss_recent': 10.513738288879395, 'elapsed_sec': 85.29351162910461, 'avg_sec_per_batch': 0.42646755814552306, 'cuda_allocated_mb': 94, 'cuda_reserved_mb': 1298, 'cuda_max_allocated_mb': 1081}
{'event': 'train_time_group', 'epoch': 3, 'time_group': 205, 'time_groups': 205, 'batch': 204, 'batches': 205, 'time_value': 1406160000.0, 'group_batches': 1, 'history_edges': 49839, 'elapsed_sec': 87.03962966799736, 'cuda_allocated_mb': 87, 'cuda_reserved_mb': 1298, 'cuda_max_allocated_mb': 1081}
{'event': 'train_progress', 'epoch': 3, 'batch': 205, 'batches': 205, 'time_group': 205, 'time_groups': 205, 'history_edges': 49839, 'pos_edges': 161, 'neg_edges': 161, 'loss_recent': 10.463664741516114, 'elapsed_sec': 87.40377528220415, 'avg_sec_per_batch': 0.4263598794253861, 'cuda_allocated_mb': 95, 'cuda_reserved_mb': 1298, 'cuda_max_allocated_mb': 1081}
{'event': 'validation_start', 'epoch': 3}
{'event': 'validation_ranking_start', 'epoch': 3, 'max_edges': 20}
