
$ /root/miniconda3/bin/python -u scripts/search_hparams.py --config configs/auto_target/ssptgfm_search_icews05_15_struct_residual_fastscan.yaml --output results/auto_target_struct_residual_v1/search_icews05_15_struct_residual_fastscan --resume
runtime_device=cuda
cuda_device=Tesla V100-PCIE-32GB
{'event': 'candidate_seed_start', 'candidate': 'struct_residual_fastscan_h96_r12_a12_p4x4_l1_neg1_lr0p001_sr0p15_sa0p1_rl0p05_m0_bpr', 'seed': 1, 'device': 'cuda', 'node_text_device': 'cuda:0'}
{'event': 'train_seed_start', 'seed': 1, 'train_edges': 50000, 'val_edges': 60324, 'test_edges': 74087, 'num_nodes': 10488, 'num_relations': 251}
{'event': 'train_seed_tensors_ready', 'seed': 1, 'elapsed_sec': 0.024025175720453262, 'cuda_allocated_mb': 28, 'cuda_reserved_mb': 44, 'cuda_max_allocated_mb': 28}
{'event': 'train_known_facts_ready', 'seed': 1, 'scope': 'train', 'edges': 50000, 'elapsed_sec': 0.029831871390342712}
{'event': 'train_known_facts_ready', 'seed': 1, 'scope': 'train_val', 'edges': 110324, 'elapsed_sec': 0.0398014560341835}
{'event': 'train_sampler_ready', 'seed': 1, 'elapsed_sec': 0.04531222581863403}
{'event': 'val_sampler_ready', 'seed': 1, 'elapsed_sec': 0.050812095403671265}
{'event': 'epoch_start', 'epoch': 1, 'epochs': 2, 'batches': 417, 'time_groups': 417}
{'event': 'train_time_group', 'epoch': 1, 'time_group': 1, 'time_groups': 417, 'batch': 0, 'batches': 417, 'time_value': 0.0, 'group_batches': 1, 'history_edges': 0, 'elapsed_sec': 0.030751246958971024, 'cuda_allocated_mb': 29, 'cuda_reserved_mb': 44, 'cuda_max_allocated_mb': 29}
{'event': 'train_progress', 'epoch': 1, 'batch': 1, 'batches': 417, 'time_group': 1, 'time_groups': 417, 'history_edges': 0, 'pos_edges': 41, 'neg_edges': 41, 'loss_recent': 3.1600921154022217, 'elapsed_sec': 1.156723216176033, 'avg_sec_per_batch': 1.156723216176033, 'cuda_allocated_mb': 108, 'cuda_reserved_mb': 200, 'cuda_max_allocated_mb': 196}
{'event': 'train_progress', 'epoch': 1, 'batch': 100, 'batches': 417, 'time_group': 100, 'time_groups': 417, 'history_edges': 10987, 'pos_edges': 87, 'neg_edges': 87, 'loss_recent': 6.548251593112946, 'elapsed_sec': 41.343538630753756, 'avg_sec_per_batch': 0.41343538630753757, 'cuda_allocated_mb': 111, 'cuda_reserved_mb': 554, 'cuda_max_allocated_mb': 510}
{'event': 'train_progress', 'epoch': 1, 'batch': 200, 'batches': 417, 'time_group': 200, 'time_groups': 417, 'history_edges': 23657, 'pos_edges': 155, 'neg_edges': 155, 'loss_recent': 6.42916389465332, 'elapsed_sec': 85.14956179261208, 'avg_sec_per_batch': 0.42574780896306036, 'cuda_allocated_mb': 114, 'cuda_reserved_mb': 794, 'cuda_max_allocated_mb': 717}
{'event': 'train_progress', 'epoch': 1, 'batch': 300, 'batches': 417, 'time_group': 300, 'time_groups': 417, 'history_edges': 35272, 'pos_edges': 144, 'neg_edges': 144, 'loss_recent': 5.61014794588089, 'elapsed_sec': 129.82069588080049, 'avg_sec_per_batch': 0.43273565293600164, 'cuda_allocated_mb': 114, 'cuda_reserved_mb': 1014, 'cuda_max_allocated_mb': 905}
{'event': 'train_progress', 'epoch': 1, 'batch': 400, 'batches': 417, 'time_group': 400, 'time_groups': 417, 'history_edges': 47880, 'pos_edges': 85, 'neg_edges': 85, 'loss_recent': 5.708247989416122, 'elapsed_sec': 176.71865153685212, 'avg_sec_per_batch': 0.4417966288421303, 'cuda_allocated_mb': 112, 'cuda_reserved_mb': 1234, 'cuda_max_allocated_mb': 1100}
{'event': 'train_time_group', 'epoch': 1, 'time_group': 417, 'time_groups': 417, 'batch': 416, 'batches': 417, 'time_value': 416.0, 'group_batches': 1, 'history_edges': 49871, 'elapsed_sec': 184.23969607427716, 'cuda_allocated_mb': 107, 'cuda_reserved_mb': 1254, 'cuda_max_allocated_mb': 1132}
{'event': 'train_progress', 'epoch': 1, 'batch': 417, 'batches': 417, 'time_group': 417, 'time_groups': 417, 'history_edges': 49871, 'pos_edges': 129, 'neg_edges': 129, 'loss_recent': 5.637422803640366, 'elapsed_sec': 184.76738176867366, 'avg_sec_per_batch': 0.4430872464476587, 'cuda_allocated_mb': 114, 'cuda_reserved_mb': 1254, 'cuda_max_allocated_mb': 1136}
{'event': 'validation_start', 'epoch': 1}
{'event': 'validation_ranking_start', 'epoch': 1, 'max_edges': 20}

$ /root/miniconda3/bin/python -u scripts/search_hparams.py --config configs/auto_target/ssptgfm_search_icews05_15_struct_residual_fastscan.yaml --output results/auto_target_struct_micro_v2/search_icews05_15_struct_residual_fastscan --resume
runtime_device=cuda
cuda_device=Tesla V100-PCIE-32GB
{'event': 'candidate_seed_start', 'candidate': 'struct_residual_fastscan_h96_r12_a12_p4x4_l1_neg1_lr0p001_sr0p35_sa0p1_rl0p05_m0_bpr', 'seed': 1, 'device': 'cuda', 'node_text_device': 'cuda:0'}
{'event': 'train_seed_start', 'seed': 1, 'train_edges': 12000, 'val_edges': 60324, 'test_edges': 74087, 'num_nodes': 10488, 'num_relations': 251}
{'event': 'train_seed_tensors_ready', 'seed': 1, 'elapsed_sec': 0.01084652915596962, 'cuda_allocated_mb': 28, 'cuda_reserved_mb': 44, 'cuda_max_allocated_mb': 28}
{'event': 'train_known_facts_ready', 'seed': 1, 'scope': 'train', 'edges': 12000, 'elapsed_sec': 0.013455074280500412}
{'event': 'train_known_facts_ready', 'seed': 1, 'scope': 'train_val', 'edges': 72324, 'elapsed_sec': 0.02035602182149887}
{'event': 'train_sampler_ready', 'seed': 1, 'elapsed_sec': 0.023769445717334747}
{'event': 'val_sampler_ready', 'seed': 1, 'elapsed_sec': 0.026895560324192047}
{'event': 'epoch_start', 'epoch': 1, 'epochs': 1, 'batches': 106, 'time_groups': 106}
{'event': 'train_time_group', 'epoch': 1, 'time_group': 1, 'time_groups': 106, 'batch': 0, 'batches': 106, 'time_value': 0.0, 'group_batches': 1, 'history_edges': 0, 'elapsed_sec': 0.15657030791044235, 'cuda_allocated_mb': 28, 'cuda_reserved_mb': 44, 'cuda_max_allocated_mb': 28}
{'event': 'train_progress', 'epoch': 1, 'batch': 1, 'batches': 106, 'time_group': 1, 'time_groups': 106, 'history_edges': 0, 'pos_edges': 41, 'neg_edges': 41, 'loss_recent': 3.161328077316284, 'elapsed_sec': 1.063841849565506, 'avg_sec_per_batch': 1.063841849565506, 'cuda_allocated_mb': 107, 'cuda_reserved_mb': 200, 'cuda_max_allocated_mb': 195}
{'event': 'train_progress', 'epoch': 1, 'batch': 100, 'batches': 106, 'time_group': 100, 'time_groups': 106, 'history_edges': 10987, 'pos_edges': 87, 'neg_edges': 87, 'loss_recent': 6.533990547657013, 'elapsed_sec': 26.55565245077014, 'avg_sec_per_batch': 0.2655565245077014, 'cuda_allocated_mb': 110, 'cuda_reserved_mb': 554, 'cuda_max_allocated_mb': 509}
{'event': 'train_time_group', 'epoch': 1, 'time_group': 106, 'time_groups': 106, 'batch': 105, 'batches': 106, 'time_value': 105.0, 'group_batches': 1, 'history_edges': 11977, 'elapsed_sec': 28.03866171091795, 'cuda_allocated_mb': 106, 'cuda_reserved_mb': 574, 'cuda_max_allocated_mb': 528}
{'event': 'train_progress', 'epoch': 1, 'batch': 106, 'batches': 106, 'time_group': 106, 'time_groups': 106, 'history_edges': 11977, 'pos_edges': 23, 'neg_edges': 23, 'loss_recent': 6.676185175180435, 'elapsed_sec': 28.218330267816782, 'avg_sec_per_batch': 0.2662106629039319, 'cuda_allocated_mb': 108, 'cuda_reserved_mb': 574, 'cuda_max_allocated_mb': 528}
{'event': 'validation_start', 'epoch': 1}
{'event': 'validation_ranking_start', 'epoch': 1, 'max_edges': 3}
{'event': 'epoch_end', 'epoch': 1, 'early_stop_metric': 'val_composite', 'val_score': 0.14324003475677388, 'val_auc': 0.6687825520833333, 'val_ap': 0.5255597140476037, 'val_ndcg': 0.8847058372976364, 'val_mrr': 0.005915304138421539, 'val_hits@1': 0.0, 'val_hits@10': 0.0, 'val_hits@50': 0.0, 'val_hits@100': 0.3333333333333333, 'elapsed_sec': 46.71719725802541}
{'candidate': 'struct_residual_fastscan_h96_r12_a12_p4x4_l1_neg1_lr0p001_sr0p35_sa0p1_rl0p05_m0_bpr', 'seed': 1, 'composite': nan, 'val_auc': 0.6687825520833333, 'val_ap': 0.5255597140476037, 'val_ndcg': 0.8847058372976364, 'val_mrr': 0.005915304138421539, 'val_hits@1': 0.0, 'val_hits@10': 0.0, 'val_hits@50': 0.0, 'val_hits@100': 0.3333333333333333, 'train_loss': 6.599574841418356, 'train_lp': 0.4487176235273199, 'train_align': 1164.2905964401532, 'train_kl': 2681.329018646816, 'train_ood_reg': 0.23520351145065055, 'train_meta': 0.4438255932533516, 'train_struct_aux': 0.5881720696980098, 'train_weighted_align': 5.821452866185386, 'train_weighted_kl': 0.26813289547725666, 'train_weighted_ood_reg': 0.00023520352219490615, 'train_weighted_meta': 0.0022191279117492434, 'train_weighted_struct_aux': 0.058817208147133294, 'train_rank': 0.30248184495095937, 'train_weighted_rank': 0.01512409255945317}
{'event': 'candidate_summary', 'candidate': 'struct_residual_fastscan_h96_r12_a12_p4x4_l1_neg1_lr0p001_sr0p35_sa0p1_rl0p05_m0_bpr', 'score': 0.14324003475677388, 'passes_metric_minima': True, 'means': {'val_auc': 0.6687825520833333, 'val_ap': 0.5255597140476037, 'val_mrr': 0.005915304138421539, 'val_hits@10': 0.0, 'val_ndcg': 0.8847058372976364}, 'seeds_completed': 1}
{'event': 'candidate_seed_start', 'candidate': 'struct_residual_fastscan_h128_r16_a16_p4x4_l1_neg1_lr0p0007_sr0p35_sa0p1_rl0p05_m0_bpr', 'seed': 1, 'device': 'cuda', 'node_text_device': 'cuda:0'}
{'event': 'train_seed_start', 'seed': 1, 'train_edges': 12000, 'val_edges': 60324, 'test_edges': 74087, 'num_nodes': 10488, 'num_relations': 251}
{'event': 'train_seed_tensors_ready', 'seed': 1, 'elapsed_sec': 0.019312184303998947, 'cuda_allocated_mb': 52, 'cuda_reserved_mb': 64, 'cuda_max_allocated_mb': 528}
{'event': 'train_known_facts_ready', 'seed': 1, 'scope': 'train', 'edges': 12000, 'elapsed_sec': 0.02195647358894348}
{'event': 'train_known_facts_ready', 'seed': 1, 'scope': 'train_val', 'edges': 72324, 'elapsed_sec': 0.029291339218616486}
{'event': 'train_sampler_ready', 'seed': 1, 'elapsed_sec': 0.032888393849134445}
{'event': 'val_sampler_ready', 'seed': 1, 'elapsed_sec': 0.03614328056573868}
{'event': 'epoch_start', 'epoch': 1, 'epochs': 1, 'batches': 106, 'time_groups': 106}
{'event': 'train_time_group', 'epoch': 1, 'time_group': 1, 'time_groups': 106, 'batch': 0, 'batches': 106, 'time_value': 0.0, 'group_batches': 1, 'history_edges': 0, 'elapsed_sec': 0.010666940361261368, 'cuda_allocated_mb': 52, 'cuda_reserved_mb': 66, 'cuda_max_allocated_mb': 528}
{'event': 'train_progress', 'epoch': 1, 'batch': 1, 'batches': 106, 'time_group': 1, 'time_groups': 106, 'history_edges': 0, 'pos_edges': 41, 'neg_edges': 41, 'loss_recent': 3.2901675701141357, 'elapsed_sec': 0.19124923273921013, 'avg_sec_per_batch': 0.19124923273921013, 'cuda_allocated_mb': 144, 'cuda_reserved_mb': 286, 'cuda_max_allocated_mb': 528}
{'event': 'train_progress', 'epoch': 1, 'batch': 100, 'batches': 106, 'time_group': 100, 'time_groups': 106, 'history_edges': 10987, 'pos_edges': 87, 'neg_edges': 87, 'loss_recent': 6.628557503223419, 'elapsed_sec': 25.66185027733445, 'avg_sec_per_batch': 0.2566185027733445, 'cuda_allocated_mb': 149, 'cuda_reserved_mb': 744, 'cuda_max_allocated_mb': 681}
{'event': 'train_time_group', 'epoch': 1, 'time_group': 106, 'time_groups': 106, 'batch': 105, 'batches': 106, 'time_value': 105.0, 'group_batches': 1, 'history_edges': 11977, 'elapsed_sec': 27.198444414883852, 'cuda_allocated_mb': 144, 'cuda_reserved_mb': 764, 'cuda_max_allocated_mb': 705}
{'event': 'train_progress', 'epoch': 1, 'batch': 106, 'batches': 106, 'time_group': 106, 'time_groups': 106, 'history_edges': 11977, 'pos_edges': 23, 'neg_edges': 23, 'loss_recent': 6.769165515899658, 'elapsed_sec': 27.382325883954763, 'avg_sec_per_batch': 0.2583238290939129, 'cuda_allocated_mb': 146, 'cuda_reserved_mb': 764, 'cuda_max_allocated_mb': 705}
{'event': 'validation_start', 'epoch': 1}
{'event': 'validation_ranking_start', 'epoch': 1, 'max_edges': 3}

$ /root/miniconda3/bin/python -u scripts/search_hparams.py --config configs/auto_target/ssptgfm_search_icews05_15_struct_residual_fastscan.yaml --output results/auto_target_struct_micro_v3/search_icews05_15_struct_residual_fastscan --resume
runtime_device=cuda
cuda_device=Tesla V100-PCIE-32GB
{'event': 'candidate_seed_start', 'candidate': 'struct_residual_fastscan_h96_r12_a12_p4x4_l1_neg1_lr0p001_sr0p35_sa0p1_rl0p05_m0_bpr', 'seed': 1, 'device': 'cuda', 'node_text_device': 'cuda:0'}
{'event': 'train_seed_start', 'seed': 1, 'train_edges': 12000, 'val_edges': 60324, 'test_edges': 74087, 'num_nodes': 10488, 'num_relations': 251}
{'event': 'train_seed_tensors_ready', 'seed': 1, 'elapsed_sec': 0.011245880275964737, 'cuda_allocated_mb': 28, 'cuda_reserved_mb': 44, 'cuda_max_allocated_mb': 28}
{'event': 'train_known_facts_ready', 'seed': 1, 'scope': 'train', 'edges': 12000, 'elapsed_sec': 0.01391579583287239}
{'event': 'train_known_facts_ready', 'seed': 1, 'scope': 'train_val', 'edges': 72324, 'elapsed_sec': 0.020855627954006195}
{'event': 'train_sampler_ready', 'seed': 1, 'elapsed_sec': 0.024411514401435852}
{'event': 'val_sampler_ready', 'seed': 1, 'elapsed_sec': 0.0276133194565773}
{'event': 'epoch_start', 'epoch': 1, 'epochs': 1, 'batches': 106, 'time_groups': 106}
{'event': 'train_time_group', 'epoch': 1, 'time_group': 1, 'time_groups': 106, 'batch': 0, 'batches': 106, 'time_value': 0.0, 'group_batches': 1, 'history_edges': 0, 'elapsed_sec': 0.01992174983024597, 'cuda_allocated_mb': 28, 'cuda_reserved_mb': 44, 'cuda_max_allocated_mb': 28}
{'event': 'train_progress', 'epoch': 1, 'batch': 1, 'batches': 106, 'time_group': 1, 'time_groups': 106, 'history_edges': 0, 'pos_edges': 41, 'neg_edges': 41, 'loss_recent': 3.1613359451293945, 'elapsed_sec': 0.9698445275425911, 'avg_sec_per_batch': 0.9698445275425911, 'cuda_allocated_mb': 107, 'cuda_reserved_mb': 200, 'cuda_max_allocated_mb': 195}
{'event': 'train_progress', 'epoch': 1, 'batch': 100, 'batches': 106, 'time_group': 100, 'time_groups': 106, 'history_edges': 10987, 'pos_edges': 87, 'neg_edges': 87, 'loss_recent': 6.558104631900787, 'elapsed_sec': 26.238508235663176, 'avg_sec_per_batch': 0.26238508235663177, 'cuda_allocated_mb': 110, 'cuda_reserved_mb': 554, 'cuda_max_allocated_mb': 509}
{'event': 'train_time_group', 'epoch': 1, 'time_group': 106, 'time_groups': 106, 'batch': 105, 'batches': 106, 'time_value': 105.0, 'group_batches': 1, 'history_edges': 11977, 'elapsed_sec': 27.73531161621213, 'cuda_allocated_mb': 106, 'cuda_reserved_mb': 574, 'cuda_max_allocated_mb': 528}
{'event': 'train_progress', 'epoch': 1, 'batch': 106, 'batches': 106, 'time_group': 106, 'time_groups': 106, 'history_edges': 11977, 'pos_edges': 23, 'neg_edges': 23, 'loss_recent': 6.700354157686234, 'elapsed_sec': 27.9114007987082, 'avg_sec_per_batch': 0.26331510187460566, 'cuda_allocated_mb': 108, 'cuda_reserved_mb': 574, 'cuda_max_allocated_mb': 528}
{'event': 'validation_start', 'epoch': 1}
{'event': 'validation_ranking_start', 'epoch': 1, 'max_edges': 3}
{'event': 'epoch_end', 'epoch': 1, 'early_stop_metric': 'val_composite', 'val_score': 0.15263157936577493, 'val_auc': 0.7165934244791666, 'val_ap': 0.6039712686963576, 'val_ndcg': 0.9042331867708455, 'val_mrr': 0.005341106369729061, 'val_hits@1': 0.0, 'val_hits@10': 0.0, 'val_hits@50': 0.0, 'val_hits@100': 0.3333333333333333, 'elapsed_sec': 46.62163419276476}
{'candidate': 'struct_residual_fastscan_h96_r12_a12_p4x4_l1_neg1_lr0p001_sr0p35_sa0p1_rl0p05_m0_bpr', 'seed': 1, 'composite': nan, 'val_auc': 0.7165934244791666, 'val_ap': 0.6039712686963576, 'val_ndcg': 0.9042331867708455, 'val_mrr': 0.005341106369729061, 'val_hits@1': 0.0, 'val_hits@10': 0.0, 'val_hits@50': 0.0, 'val_hits@100': 0.3333333333333333, 'train_loss': 6.622506979501472, 'train_lp': 0.47844557042391794, 'train_align': 1164.2771600687279, 'train_kl': 2684.936960472251, 'train_ood_reg': 0.2346632037803812, 'train_meta': 0.4818687677945731, 'train_struct_aux': 0.51537943518949, 'train_weighted_align': 5.821385692313032, 'train_weighted_kl': 0.26849369022924946, 'train_weighted_ood_reg': 0.00023466321438735458, 'train_weighted_meta': 0.0024093437930547087, 'train_weighted_struct_aux': 0.05153794447838698, 'train_rank': 0.3354465697874438, 'train_weighted_rank': 0.01677232877821398}
{'event': 'candidate_summary', 'candidate': 'struct_residual_fastscan_h96_r12_a12_p4x4_l1_neg1_lr0p001_sr0p35_sa0p1_rl0p05_m0_bpr', 'score': 0.15263157936577493, 'passes_metric_minima': True, 'means': {'val_auc': 0.7165934244791666, 'val_ap': 0.6039712686963576, 'val_mrr': 0.005341106369729061, 'val_hits@10': 0.0, 'val_ndcg': 0.9042331867708455}, 'seeds_completed': 1}
{'event': 'candidate_seed_start', 'candidate': 'struct_residual_fastscan_h128_r16_a16_p4x4_l1_neg1_lr0p0007_sr0p35_sa0p1_rl0p05_m0_bpr', 'seed': 1, 'device': 'cuda', 'node_text_device': 'cuda:0'}
{'event': 'train_seed_start', 'seed': 1, 'train_edges': 12000, 'val_edges': 60324, 'test_edges': 74087, 'num_nodes': 10488, 'num_relations': 251}
{'event': 'train_seed_tensors_ready', 'seed': 1, 'elapsed_sec': 0.015304837375879288, 'cuda_allocated_mb': 52, 'cuda_reserved_mb': 64, 'cuda_max_allocated_mb': 528}
{'event': 'train_known_facts_ready', 'seed': 1, 'scope': 'train', 'edges': 12000, 'elapsed_sec': 0.017980996519327164}
{'event': 'train_known_facts_ready', 'seed': 1, 'scope': 'train_val', 'edges': 72324, 'elapsed_sec': 0.024836938828229904}
{'event': 'train_sampler_ready', 'seed': 1, 'elapsed_sec': 0.028513837605714798}
{'event': 'val_sampler_ready', 'seed': 1, 'elapsed_sec': 0.03178985044360161}
{'event': 'epoch_start', 'epoch': 1, 'epochs': 1, 'batches': 106, 'time_groups': 106}
{'event': 'train_time_group', 'epoch': 1, 'time_group': 1, 'time_groups': 106, 'batch': 0, 'batches': 106, 'time_value': 0.0, 'group_batches': 1, 'history_edges': 0, 'elapsed_sec': 0.0076728276908397675, 'cuda_allocated_mb': 52, 'cuda_reserved_mb': 66, 'cuda_max_allocated_mb': 528}
{'event': 'train_progress', 'epoch': 1, 'batch': 1, 'batches': 106, 'time_group': 1, 'time_groups': 106, 'history_edges': 0, 'pos_edges': 41, 'neg_edges': 41, 'loss_recent': 3.2901687622070312, 'elapsed_sec': 0.14897273108363152, 'avg_sec_per_batch': 0.14897273108363152, 'cuda_allocated_mb': 144, 'cuda_reserved_mb': 286, 'cuda_max_allocated_mb': 528}
{'event': 'train_progress', 'epoch': 1, 'batch': 100, 'batches': 106, 'time_group': 100, 'time_groups': 106, 'history_edges': 10987, 'pos_edges': 87, 'neg_edges': 87, 'loss_recent': 6.6682364678382875, 'elapsed_sec': 25.515178717672825, 'avg_sec_per_batch': 0.25515178717672826, 'cuda_allocated_mb': 149, 'cuda_reserved_mb': 744, 'cuda_max_allocated_mb': 681}
{'event': 'train_time_group', 'epoch': 1, 'time_group': 106, 'time_groups': 106, 'batch': 105, 'batches': 106, 'time_value': 105.0, 'group_batches': 1, 'history_edges': 11977, 'elapsed_sec': 27.076312094926834, 'cuda_allocated_mb': 144, 'cuda_reserved_mb': 764, 'cuda_max_allocated_mb': 705}
{'event': 'train_progress', 'epoch': 1, 'batch': 106, 'batches': 106, 'time_group': 106, 'time_groups': 106, 'history_edges': 11977, 'pos_edges': 23, 'neg_edges': 23, 'loss_recent': 6.807965754270554, 'elapsed_sec': 27.258457481861115, 'avg_sec_per_batch': 0.2571552592628407, 'cuda_allocated_mb': 146, 'cuda_reserved_mb': 764, 'cuda_max_allocated_mb': 705}
{'event': 'validation_start', 'epoch': 1}
{'event': 'validation_ranking_start', 'epoch': 1, 'max_edges': 3}
{'event': 'epoch_end', 'epoch': 1, 'early_stop_metric': 'val_composite', 'val_score': 0.1541954705481146, 'val_auc': 0.7107137044270833, 'val_ap': 0.6170725828697845, 'val_ndcg': 0.9071422897560465, 'val_mrr': 0.0061769880015561255, 'val_hits@1': 0.0, 'val_hits@10': 0.0, 'val_hits@50': 0.0, 'val_hits@100': 0.16666666666666666, 'elapsed_sec': 44.497285429388285}
{'candidate': 'struct_residual_fastscan_h128_r16_a16_p4x4_l1_neg1_lr0p0007_sr0p35_sa0p1_rl0p05_m0_bpr', 'seed': 1, 'composite': nan, 'val_auc': 0.7107137044270833, 'val_ap': 0.6170725828697845, 'val_ndcg': 0.9071422897560465, 'val_mrr': 0.0061769880015561255, 'val_hits@1': 0.0, 'val_hits@10': 0.0, 'val_hits@50': 0.0, 'val_hits@100': 0.16666666666666666, 'train_loss': 6.730614870224359, 'train_lp': 0.5090328023399947, 'train_align': 1163.8350219726562, 'train_kl': 3476.0665070155883, 'train_ood_reg': 0.235798901263273, 'train_meta': 0.518362885587058, 'train_struct_aux': 0.5197288212629984, 'train_weighted_align': 5.819174985278328, 'train_weighted_kl': 0.34760664059024937, 'train_weighted_ood_reg': 0.00023579891257093482, 'train_weighted_meta': 0.0025918143664108904, 'train_weighted_struct_aux': 0.05197288308573781, 'train_rank': 0.37899773722549657, 'train_weighted_rank': 0.018949887152972085}
{'event': 'candidate_summary', 'candidate': 'struct_residual_fastscan_h128_r16_a16_p4x4_l1_neg1_lr0p0007_sr0p35_sa0p1_rl0p05_m0_bpr', 'score': 0.1541954705481146, 'passes_metric_minima': True, 'means': {'val_auc': 0.7107137044270833, 'val_ap': 0.6170725828697845, 'val_mrr': 0.0061769880015561255, 'val_hits@10': 0.0, 'val_ndcg': 0.9071422897560465}, 'seeds_completed': 1}
