runtime_device=cuda
cuda_device=Tesla V100-PCIE-32GB
{'event': 'seed_start', 'dataset': 'icews14', 'ablation': 'full', 'seed': 1, 'device': 'cuda', 'node_text_device': 'cuda:0'}
{'event': 'train_seed_start', 'seed': 1, 'train_edges': 61760, 'val_edges': 14592, 'test_edges': 14378, 'num_nodes': 7128, 'num_relations': 230}
{'event': 'train_seed_tensors_ready', 'seed': 1, 'elapsed_sec': 0.020183999091386795, 'cuda_allocated_mb': 22, 'cuda_reserved_mb': 24, 'cuda_max_allocated_mb': 22}
{'event': 'train_known_facts_ready', 'seed': 1, 'scope': 'train', 'edges': 61760, 'elapsed_sec': 0.02829200029373169}
{'event': 'train_known_facts_ready', 'seed': 1, 'scope': 'train_val', 'edges': 76352, 'elapsed_sec': 0.034665547311306}
{'event': 'train_sampler_ready', 'seed': 1, 'elapsed_sec': 0.12435142695903778}
{'event': 'val_sampler_ready', 'seed': 1, 'elapsed_sec': 0.204562958329916}
{'event': 'epoch_start', 'epoch': 1, 'epochs': 24, 'batches': 255, 'time_groups': 255}
{'event': 'train_time_group', 'epoch': 1, 'time_group': 1, 'time_groups': 255, 'batch': 0, 'batches': 255, 'time_value': 1388534400.0, 'group_batches': 1, 'history_edges': 0, 'elapsed_sec': 0.21839122846722603, 'cuda_allocated_mb': 23, 'cuda_reserved_mb': 26, 'cuda_max_allocated_mb': 23}
{'event': 'train_progress', 'epoch': 1, 'batch': 1, 'batches': 255, 'time_group': 1, 'time_groups': 255, 'history_edges': 0, 'pos_edges': 113, 'neg_edges': 113, 'loss_recent': 8.124715805053711, 'elapsed_sec': 1.2451315484941006, 'avg_sec_per_batch': 1.2451315484941006, 'cuda_allocated_mb': 93, 'cuda_reserved_mb': 176, 'cuda_max_allocated_mb': 161}
{'event': 'train_progress', 'epoch': 1, 'batch': 100, 'batches': 255, 'time_group': 100, 'time_groups': 255, 'history_edges': 23816, 'pos_edges': 259, 'neg_edges': 259, 'loss_recent': 14.646243824958802, 'elapsed_sec': 42.317552633583546, 'avg_sec_per_batch': 0.42317552633583544, 'cuda_allocated_mb': 99, 'cuda_reserved_mb': 752, 'cuda_max_allocated_mb': 660}
{'event': 'train_progress', 'epoch': 1, 'batch': 200, 'batches': 255, 'time_group': 200, 'time_groups': 255, 'history_edges': 48751, 'pos_edges': 162, 'neg_edges': 162, 'loss_recent': 13.503880934715271, 'elapsed_sec': 86.32732838019729, 'avg_sec_per_batch': 0.43163664190098644, 'cuda_allocated_mb': 96, 'cuda_reserved_mb': 1192, 'cuda_max_allocated_mb': 1067}
{'event': 'train_time_group', 'epoch': 1, 'time_group': 255, 'time_groups': 255, 'batch': 254, 'batches': 255, 'time_value': 1410480000.0, 'group_batches': 1, 'history_edges': 61439, 'elapsed_sec': 109.65148283168674, 'cuda_allocated_mb': 89, 'cuda_reserved_mb': 1432, 'cuda_max_allocated_mb': 1291}
{'event': 'train_progress', 'epoch': 1, 'batch': 255, 'batches': 255, 'time_group': 255, 'time_groups': 255, 'history_edges': 61439, 'pos_edges': 321, 'neg_edges': 321, 'loss_recent': 12.606353120803833, 'elapsed_sec': 110.1065556704998, 'avg_sec_per_batch': 0.43179041439411686, 'cuda_allocated_mb': 100, 'cuda_reserved_mb': 1432, 'cuda_max_allocated_mb': 1291}
{'event': 'validation_start', 'epoch': 1}
{'event': 'validation_ranking_start', 'epoch': 1, 'max_edges': 100}
{'event': 'epoch_end', 'epoch': 1, 'early_stop_metric': 'val_composite', 'val_score': 0.5300800895770725, 'val_auc': 0.9093720833122932, 'val_ap': 0.6792991999151695, 'val_ndcg': 0.9467656314628666, 'val_mrr': 0.3520800845557913, 'val_hits@1': 0.255, 'val_hits@10': 0.56, 'val_hits@50': 0.78, 'val_hits@100': 0.835, 'elapsed_sec': 300.104539193213}
{'event': 'epoch_start', 'epoch': 2, 'epochs': 24, 'batches': 255, 'time_groups': 255}
{'event': 'train_time_group', 'epoch': 2, 'time_group': 1, 'time_groups': 255, 'batch': 0, 'batches': 255, 'time_value': 1388534400.0, 'group_batches': 1, 'history_edges': 0, 'elapsed_sec': 0.04271339997649193, 'cuda_allocated_mb': 89, 'cuda_reserved_mb': 1524, 'cuda_max_allocated_mb': 1291}
{'event': 'train_progress', 'epoch': 2, 'batch': 1, 'batches': 255, 'time_group': 1, 'time_groups': 255, 'history_edges': 0, 'pos_edges': 113, 'neg_edges': 113, 'loss_recent': 8.810173988342285, 'elapsed_sec': 0.258989579975605, 'avg_sec_per_batch': 0.258989579975605, 'cuda_allocated_mb': 93, 'cuda_reserved_mb': 1524, 'cuda_max_allocated_mb': 1291}
{'event': 'train_progress', 'epoch': 2, 'batch': 100, 'batches': 255, 'time_group': 100, 'time_groups': 255, 'history_edges': 23816, 'pos_edges': 259, 'neg_edges': 259, 'loss_recent': 12.387783341407776, 'elapsed_sec': 40.59179015830159, 'avg_sec_per_batch': 0.40591790158301594, 'cuda_allocated_mb': 99, 'cuda_reserved_mb': 1524, 'cuda_max_allocated_mb': 1291}
{'event': 'train_progress', 'epoch': 2, 'batch': 200, 'batches': 255, 'time_group': 200, 'time_groups': 255, 'history_edges': 48751, 'pos_edges': 162, 'neg_edges': 162, 'loss_recent': 11.481606521606444, 'elapsed_sec': 84.56307593360543, 'avg_sec_per_batch': 0.4228153796680272, 'cuda_allocated_mb': 96, 'cuda_reserved_mb': 1524, 'cuda_max_allocated_mb': 1291}
{'event': 'train_time_group', 'epoch': 2, 'time_group': 255, 'time_groups': 255, 'batch': 254, 'batches': 255, 'time_value': 1410480000.0, 'group_batches': 1, 'history_edges': 61439, 'elapsed_sec': 107.95950704813004, 'cuda_allocated_mb': 89, 'cuda_reserved_mb': 1524, 'cuda_max_allocated_mb': 1291}
{'event': 'train_progress', 'epoch': 2, 'batch': 255, 'batches': 255, 'time_group': 255, 'time_groups': 255, 'history_edges': 61439, 'pos_edges': 321, 'neg_edges': 321, 'loss_recent': 10.812364745140076, 'elapsed_sec': 108.26853032410145, 'avg_sec_per_batch': 0.4245824718592214, 'cuda_allocated_mb': 100, 'cuda_reserved_mb': 1524, 'cuda_max_allocated_mb': 1291}
{'event': 'validation_start', 'epoch': 2}
{'event': 'validation_ranking_start', 'epoch': 2, 'max_edges': 100}
{'event': 'epoch_end', 'epoch': 2, 'early_stop_metric': 'val_composite', 'val_score': 0.5312639853287676, 'val_auc': 0.9224260954241932, 'val_ap': 0.7076697436887965, 'val_ndcg': 0.9526526524738247, 'val_mrr': 0.345453907513712, 'val_hits@1': 0.245, 'val_hits@10': 0.555, 'val_hits@50': 0.77, 'val_hits@100': 0.81, 'elapsed_sec': 285.07832146435976}
{'event': 'epoch_start', 'epoch': 3, 'epochs': 24, 'batches': 255, 'time_groups': 255}
{'event': 'train_time_group', 'epoch': 3, 'time_group': 1, 'time_groups': 255, 'batch': 0, 'batches': 255, 'time_value': 1388534400.0, 'group_batches': 1, 'history_edges': 0, 'elapsed_sec': 0.04377788305282593, 'cuda_allocated_mb': 89, 'cuda_reserved_mb': 1524, 'cuda_max_allocated_mb': 1291}
{'event': 'train_progress', 'epoch': 3, 'batch': 1, 'batches': 255, 'time_group': 1, 'time_groups': 255, 'history_edges': 0, 'pos_edges': 113, 'neg_edges': 113, 'loss_recent': 8.166098594665527, 'elapsed_sec': 0.29684600606560707, 'avg_sec_per_batch': 0.29684600606560707, 'cuda_allocated_mb': 94, 'cuda_reserved_mb': 1524, 'cuda_max_allocated_mb': 1291}
{'event': 'train_progress', 'epoch': 3, 'batch': 100, 'batches': 255, 'time_group': 100, 'time_groups': 255, 'history_edges': 23816, 'pos_edges': 259, 'neg_edges': 259, 'loss_recent': 10.965555090904235, 'elapsed_sec': 40.74413825199008, 'avg_sec_per_batch': 0.4074413825199008, 'cuda_allocated_mb': 99, 'cuda_reserved_mb': 1524, 'cuda_max_allocated_mb': 1291}
{'event': 'train_progress', 'epoch': 3, 'batch': 200, 'batches': 255, 'time_group': 200, 'time_groups': 255, 'history_edges': 48751, 'pos_edges': 162, 'neg_edges': 162, 'loss_recent': 9.949396147727967, 'elapsed_sec': 85.14940920844674, 'avg_sec_per_batch': 0.4257470460422337, 'cuda_allocated_mb': 96, 'cuda_reserved_mb': 1524, 'cuda_max_allocated_mb': 1291}
{'event': 'train_time_group', 'epoch': 3, 'time_group': 255, 'time_groups': 255, 'batch': 254, 'batches': 255, 'time_value': 1410480000.0, 'group_batches': 1, 'history_edges': 61439, 'elapsed_sec': 108.01580934971571, 'cuda_allocated_mb': 89, 'cuda_reserved_mb': 1524, 'cuda_max_allocated_mb': 1292}
{'event': 'train_progress', 'epoch': 3, 'batch': 255, 'batches': 255, 'time_group': 255, 'time_groups': 255, 'history_edges': 61439, 'pos_edges': 321, 'neg_edges': 321, 'loss_recent': 9.369319088459015, 'elapsed_sec': 108.52750726416707, 'avg_sec_per_batch': 0.425598067702616, 'cuda_allocated_mb': 101, 'cuda_reserved_mb': 1524, 'cuda_max_allocated_mb': 1292}
{'event': 'validation_start', 'epoch': 3}
{'event': 'validation_ranking_start', 'epoch': 3, 'max_edges': 100}
{'event': 'epoch_end', 'epoch': 3, 'early_stop_metric': 'val_composite', 'val_score': 0.5294671178792485, 'val_auc': 0.9252134319950008, 'val_ap': 0.7129980130614056, 'val_ndcg': 0.9538021470743814, 'val_mrr': 0.335753059225699, 'val_hits@1': 0.23, 'val_hits@10': 0.565, 'val_hits@50': 0.765, 'val_hits@100': 0.81, 'elapsed_sec': 298.16445058211684}
{'event': 'epoch_start', 'epoch': 4, 'epochs': 24, 'batches': 255, 'time_groups': 255}
{'event': 'train_time_group', 'epoch': 4, 'time_group': 1, 'time_groups': 255, 'batch': 0, 'batches': 255, 'time_value': 1388534400.0, 'group_batches': 1, 'history_edges': 0, 'elapsed_sec': 0.042569227516651154, 'cuda_allocated_mb': 89, 'cuda_reserved_mb': 1524, 'cuda_max_allocated_mb': 1292}
{'event': 'train_progress', 'epoch': 4, 'batch': 1, 'batches': 255, 'time_group': 1, 'time_groups': 255, 'history_edges': 0, 'pos_edges': 113, 'neg_edges': 113, 'loss_recent': 8.745226860046387, 'elapsed_sec': 0.3018345944583416, 'avg_sec_per_batch': 0.3018345944583416, 'cuda_allocated_mb': 94, 'cuda_reserved_mb': 1524, 'cuda_max_allocated_mb': 1292}
{'event': 'train_progress', 'epoch': 4, 'batch': 100, 'batches': 255, 'time_group': 100, 'time_groups': 255, 'history_edges': 23816, 'pos_edges': 259, 'neg_edges': 259, 'loss_recent': 9.717835092544556, 'elapsed_sec': 40.71060188859701, 'avg_sec_per_batch': 0.4071060188859701, 'cuda_allocated_mb': 99, 'cuda_reserved_mb': 1524, 'cuda_max_allocated_mb': 1292}
{'event': 'train_progress', 'epoch': 4, 'batch': 200, 'batches': 255, 'time_group': 200, 'time_groups': 255, 'history_edges': 48751, 'pos_edges': 162, 'neg_edges': 162, 'loss_recent': 8.766536273956298, 'elapsed_sec': 84.49817391112447, 'avg_sec_per_batch': 0.4224908695556223, 'cuda_allocated_mb': 96, 'cuda_reserved_mb': 1524, 'cuda_max_allocated_mb': 1292}
{'event': 'train_time_group', 'epoch': 4, 'time_group': 255, 'time_groups': 255, 'batch': 254, 'batches': 255, 'time_value': 1410480000.0, 'group_batches': 1, 'history_edges': 61439, 'elapsed_sec': 107.28189094364643, 'cuda_allocated_mb': 89, 'cuda_reserved_mb': 1524, 'cuda_max_allocated_mb': 1292}
{'event': 'train_progress', 'epoch': 4, 'batch': 255, 'batches': 255, 'time_group': 255, 'time_groups': 255, 'history_edges': 61439, 'pos_edges': 321, 'neg_edges': 321, 'loss_recent': 8.344856445789338, 'elapsed_sec': 107.85067062452435, 'avg_sec_per_batch': 0.42294380637068374, 'cuda_allocated_mb': 101, 'cuda_reserved_mb': 1524, 'cuda_max_allocated_mb': 1292}
{'event': 'validation_start', 'epoch': 4}
{'event': 'validation_ranking_start', 'epoch': 4, 'max_edges': 100}
{'event': 'epoch_end', 'epoch': 4, 'early_stop_metric': 'val_composite', 'val_score': 0.5221752467333552, 'val_auc': 0.9230014803608442, 'val_ap': 0.7116015858989102, 'val_ndcg': 0.9533390318490986, 'val_mrr': 0.3299020632911334, 'val_hits@1': 0.215, 'val_hits@10': 0.545, 'val_hits@50': 0.77, 'val_hits@100': 0.8, 'elapsed_sec': 289.21016918867826}
{'event': 'epoch_start', 'epoch': 5, 'epochs': 24, 'batches': 255, 'time_groups': 255}
{'event': 'train_time_group', 'epoch': 5, 'time_group': 1, 'time_groups': 255, 'batch': 0, 'batches': 255, 'time_value': 1388534400.0, 'group_batches': 1, 'history_edges': 0, 'elapsed_sec': 0.042463865131139755, 'cuda_allocated_mb': 89, 'cuda_reserved_mb': 1524, 'cuda_max_allocated_mb': 1292}
{'event': 'train_progress', 'epoch': 5, 'batch': 1, 'batches': 255, 'time_group': 1, 'time_groups': 255, 'history_edges': 0, 'pos_edges': 113, 'neg_edges': 113, 'loss_recent': 9.564212799072266, 'elapsed_sec': 0.27025382965803146, 'avg_sec_per_batch': 0.27025382965803146, 'cuda_allocated_mb': 93, 'cuda_reserved_mb': 1524, 'cuda_max_allocated_mb': 1292}
{'event': 'train_progress', 'epoch': 5, 'batch': 100, 'batches': 255, 'time_group': 100, 'time_groups': 255, 'history_edges': 23816, 'pos_edges': 259, 'neg_edges': 259, 'loss_recent': 8.821764059066773, 'elapsed_sec': 41.45520180463791, 'avg_sec_per_batch': 0.4145520180463791, 'cuda_allocated_mb': 99, 'cuda_reserved_mb': 1524, 'cuda_max_allocated_mb': 1292}
{'event': 'train_progress', 'epoch': 5, 'batch': 200, 'batches': 255, 'time_group': 200, 'time_groups': 255, 'history_edges': 48751, 'pos_edges': 162, 'neg_edges': 162, 'loss_recent': 8.00985003232956, 'elapsed_sec': 85.42693407461047, 'avg_sec_per_batch': 0.42713467037305236, 'cuda_allocated_mb': 96, 'cuda_reserved_mb': 1524, 'cuda_max_allocated_mb': 1292}
{'event': 'train_time_group', 'epoch': 5, 'time_group': 255, 'time_groups': 255, 'batch': 254, 'batches': 255, 'time_value': 1410480000.0, 'group_batches': 1, 'history_edges': 61439, 'elapsed_sec': 107.85113637149334, 'cuda_allocated_mb': 89, 'cuda_reserved_mb': 1524, 'cuda_max_allocated_mb': 1292}
{'event': 'train_progress', 'epoch': 5, 'batch': 255, 'batches': 255, 'time_group': 255, 'time_groups': 255, 'history_edges': 61439, 'pos_edges': 321, 'neg_edges': 321, 'loss_recent': 7.644502384662628, 'elapsed_sec': 108.18760888651013, 'avg_sec_per_batch': 0.42426513288827505, 'cuda_allocated_mb': 101, 'cuda_reserved_mb': 1544, 'cuda_max_allocated_mb': 1292}
{'event': 'validation_start', 'epoch': 5}
{'event': 'validation_ranking_start', 'epoch': 5, 'max_edges': 100}
{'event': 'epoch_end', 'epoch': 5, 'early_stop_metric': 'val_composite', 'val_score': 0.5227858666009244, 'val_auc': 0.9211808086006632, 'val_ap': 0.7076465766834814, 'val_ndcg': 0.9526163141114111, 'val_mrr': 0.3306364165144558, 'val_hits@1': 0.225, 'val_hits@10': 0.55, 'val_hits@50': 0.76, 'val_hits@100': 0.785, 'elapsed_sec': 290.25067757442594}
{'event': 'epoch_start', 'epoch': 6, 'epochs': 24, 'batches': 255, 'time_groups': 255}
{'event': 'train_time_group', 'epoch': 6, 'time_group': 1, 'time_groups': 255, 'batch': 0, 'batches': 255, 'time_value': 1388534400.0, 'group_batches': 1, 'history_edges': 0, 'elapsed_sec': 0.056594546884298325, 'cuda_allocated_mb': 89, 'cuda_reserved_mb': 1546, 'cuda_max_allocated_mb': 1292}
{'event': 'train_progress', 'epoch': 6, 'batch': 1, 'batches': 255, 'time_group': 1, 'time_groups': 255, 'history_edges': 0, 'pos_edges': 113, 'neg_edges': 113, 'loss_recent': 10.423251152038574, 'elapsed_sec': 0.33508770540356636, 'avg_sec_per_batch': 0.33508770540356636, 'cuda_allocated_mb': 94, 'cuda_reserved_mb': 1546, 'cuda_max_allocated_mb': 1292}
{'event': 'train_progress', 'epoch': 6, 'batch': 100, 'batches': 255, 'time_group': 100, 'time_groups': 255, 'history_edges': 23816, 'pos_edges': 259, 'neg_edges': 259, 'loss_recent': 8.169591364860535, 'elapsed_sec': 41.37891546264291, 'avg_sec_per_batch': 0.41378915462642907, 'cuda_allocated_mb': 99, 'cuda_reserved_mb': 1546, 'cuda_max_allocated_mb': 1292}
{'event': 'train_progress', 'epoch': 6, 'batch': 200, 'batches': 255, 'time_group': 200, 'time_groups': 255, 'history_edges': 48751, 'pos_edges': 162, 'neg_edges': 162, 'loss_recent': 7.503248870372772, 'elapsed_sec': 84.70109049230814, 'avg_sec_per_batch': 0.4235054524615407, 'cuda_allocated_mb': 96, 'cuda_reserved_mb': 1546, 'cuda_max_allocated_mb': 1292}
{'event': 'train_time_group', 'epoch': 6, 'time_group': 255, 'time_groups': 255, 'batch': 254, 'batches': 255, 'time_value': 1410480000.0, 'group_batches': 1, 'history_edges': 61439, 'elapsed_sec': 106.80685044825077, 'cuda_allocated_mb': 89, 'cuda_reserved_mb': 1546, 'cuda_max_allocated_mb': 1292}
{'event': 'train_progress', 'epoch': 6, 'batch': 255, 'batches': 255, 'time_group': 255, 'time_groups': 255, 'history_edges': 61439, 'pos_edges': 321, 'neg_edges': 321, 'loss_recent': 7.213889656066894, 'elapsed_sec': 107.17038746923208, 'avg_sec_per_batch': 0.4202760292911062, 'cuda_allocated_mb': 101, 'cuda_reserved_mb': 1546, 'cuda_max_allocated_mb': 1292}
{'event': 'validation_start', 'epoch': 6}
{'event': 'validation_ranking_start', 'epoch': 6, 'max_edges': 100}
{'event': 'epoch_end', 'epoch': 6, 'early_stop_metric': 'val_composite', 'val_score': 0.5245287607917786, 'val_auc': 0.919164480747682, 'val_ap': 0.7063958141115658, 'val_ndcg': 0.9521082024011404, 'val_mrr': 0.33480068879509095, 'val_hits@1': 0.23, 'val_hits@10': 0.55, 'val_hits@50': 0.77, 'val_hits@100': 0.805, 'elapsed_sec': 291.4311192519963}
{'event': 'epoch_start', 'epoch': 7, 'epochs': 24, 'batches': 255, 'time_groups': 255}
{'event': 'train_time_group', 'epoch': 7, 'time_group': 1, 'time_groups': 255, 'batch': 0, 'batches': 255, 'time_value': 1388534400.0, 'group_batches': 1, 'history_edges': 0, 'elapsed_sec': 0.053266480565071106, 'cuda_allocated_mb': 89, 'cuda_reserved_mb': 1546, 'cuda_max_allocated_mb': 1292}
{'event': 'train_progress', 'epoch': 7, 'batch': 1, 'batches': 255, 'time_group': 1, 'time_groups': 255, 'history_edges': 0, 'pos_edges': 113, 'neg_edges': 113, 'loss_recent': 11.914630889892578, 'elapsed_sec': 0.29988597333431244, 'avg_sec_per_batch': 0.29988597333431244, 'cuda_allocated_mb': 93, 'cuda_reserved_mb': 1546, 'cuda_max_allocated_mb': 1292}
{'event': 'train_progress', 'epoch': 7, 'batch': 100, 'batches': 255, 'time_group': 100, 'time_groups': 255, 'history_edges': 23816, 'pos_edges': 259, 'neg_edges': 259, 'loss_recent': 7.71555799484253, 'elapsed_sec': 40.949069537222385, 'avg_sec_per_batch': 0.4094906953722239, 'cuda_allocated_mb': 99, 'cuda_reserved_mb': 1546, 'cuda_max_allocated_mb': 1292}
{'event': 'train_progress', 'epoch': 7, 'batch': 200, 'batches': 255, 'time_group': 200, 'time_groups': 255, 'history_edges': 48751, 'pos_edges': 162, 'neg_edges': 162, 'loss_recent': 7.193058476448059, 'elapsed_sec': 83.90824833139777, 'avg_sec_per_batch': 0.41954124165698886, 'cuda_allocated_mb': 96, 'cuda_reserved_mb': 1546, 'cuda_max_allocated_mb': 1292}
{'event': 'train_time_group', 'epoch': 7, 'time_group': 255, 'time_groups': 255, 'batch': 254, 'batches': 255, 'time_value': 1410480000.0, 'group_batches': 1, 'history_edges': 61439, 'elapsed_sec': 106.16569340229034, 'cuda_allocated_mb': 89, 'cuda_reserved_mb': 1546, 'cuda_max_allocated_mb': 1292}
{'event': 'train_progress', 'epoch': 7, 'batch': 255, 'batches': 255, 'time_group': 255, 'time_groups': 255, 'history_edges': 61439, 'pos_edges': 321, 'neg_edges': 321, 'loss_recent': 6.952958655357361, 'elapsed_sec': 106.62585553526878, 'avg_sec_per_batch': 0.4181406099422305, 'cuda_allocated_mb': 101, 'cuda_reserved_mb': 1546, 'cuda_max_allocated_mb': 1292}
{'event': 'validation_start', 'epoch': 7}
{'event': 'validation_ranking_start', 'epoch': 7, 'max_edges': 100}
{'event': 'epoch_end', 'epoch': 7, 'early_stop_metric': 'val_composite', 'val_score': 0.5203770532260035, 'val_auc': 0.917016864751955, 'val_ap': 0.709577159821341, 'val_ndcg': 0.9523466059812002, 'val_mrr': 0.32970995083416893, 'val_hits@1': 0.22, 'val_hits@10': 0.54, 'val_hits@50': 0.77, 'val_hits@100': 0.81, 'elapsed_sec': 284.6868659555912}
{'dataset': 'icews14', 'method': 'ssptgfm', 'scenario': 'standard', 'ablation': 'full', 'few_shot_ratio': 1.0, 'seed': 1, 'train_edges': 61760, 'val_edges': 14592, 'test_edges': 14378, 'params_trainable': 2947251, 'params_total': 2947300, 'rough_forward_flops': 2792030208, 'train_eval_time_sec': 2513.352843295783, 'allocated_mb': 49.5400390625, 'reserved_mb': 1546.0, 'max_allocated_mb': 1292.0283203125, 'val_auc': 0.9224260943909726, 'val_ap': 0.7076697402996039, 'val_ndcg': 0.952652652044657, 'val_mrr': 0.345453907513712, 'val_hits@1': 0.245, 'val_hits@10': 0.555, 'val_hits@50': 0.77, 'val_hits@100': 0.81, 'train_loss': 11.570224169188855, 'train_lp': 0.35722103586383896, 'train_align': 2107.176462689568, 'train_kl': 6741.559963809743, 'train_ood_reg': 0.22338139736184887, 'train_meta': 0.35460532103099074, 'train_struct_aux': 0.9686894003082724, 'train_weighted_align': 10.535882054123224, 'train_weighted_kl': 0.6741559792967403, 'train_weighted_ood_reg': 0.0002233814076616374, 'train_weighted_meta': 0.0017730265670894262, 'train_weighted_struct_aux': 0.0009686894462599109, 'train_rank': 0.16796366937604604, 'train_weighted_rank': 0.000167963677328468, 'test_auc': 0.9350498578598031, 'test_ap': 0.7229191053517929, 'test_ndcg': 0.9566949444493975, 'test_mrr': 0.41448440659767494, 'test_hits@1': 0.286, 'test_hits@10': 0.654, 'test_hits@50': 0.792, 'test_hits@100': 0.844}
