runtime_device=cuda
cuda_device=Tesla V100-PCIE-32GB
{'event': 'seed_start', 'dataset': 'yago15k-temporal', 'ablation': 'full', 'seed': 2, 'device': 'cuda', 'node_text_device': 'cuda:0'}
{'event': 'train_seed_start', 'seed': 2, 'train_edges': 3244, 'val_edges': 6738, 'test_edges': 26719, 'num_nodes': 4197, 'num_relations': 19}
{'event': 'train_seed_tensors_ready', 'seed': 2, 'elapsed_sec': 0.009709835052490234, 'cuda_allocated_mb': 9, 'cuda_reserved_mb': 24, 'cuda_max_allocated_mb': 9}
{'event': 'train_known_facts_ready', 'seed': 2, 'scope': 'train', 'edges': 3244, 'elapsed_sec': 0.011649176478385925}
{'event': 'train_known_facts_ready', 'seed': 2, 'scope': 'train_val', 'edges': 9982, 'elapsed_sec': 0.01280711218714714}
{'event': 'train_sampler_ready', 'seed': 2, 'elapsed_sec': 0.01666795089840889}
{'event': 'val_sampler_ready', 'seed': 2, 'elapsed_sec': 0.02011524885892868}
{'event': 'epoch_start', 'epoch': 1, 'epochs': 24, 'batches': 118, 'time_groups': 118}
{'event': 'train_time_group', 'epoch': 1, 'time_group': 1, 'time_groups': 118, 'batch': 0, 'batches': 118, 'time_value': 600.0, 'group_batches': 1, 'history_edges': 0, 'elapsed_sec': 0.022300854325294495, 'cuda_allocated_mb': 10, 'cuda_reserved_mb': 24, 'cuda_max_allocated_mb': 10}
{'event': 'train_progress', 'epoch': 1, 'batch': 1, 'batches': 118, 'time_group': 1, 'time_groups': 118, 'history_edges': 0, 'pos_edges': 1, 'neg_edges': 1, 'loss_recent': 0.7559490203857422, 'elapsed_sec': 1.1805394887924194, 'avg_sec_per_batch': 1.1805394887924194, 'cuda_allocated_mb': 45, 'cuda_reserved_mb': 90, 'cuda_max_allocated_mb': 81}
{'event': 'train_progress', 'epoch': 1, 'batch': 100, 'batches': 118, 'time_group': 100, 'time_groups': 118, 'history_edges': 2144, 'pos_edges': 38, 'neg_edges': 38, 'loss_recent': 1.7623346672952176, 'elapsed_sec': 18.527657750993967, 'avg_sec_per_batch': 0.18527657750993967, 'cuda_allocated_mb': 47, 'cuda_reserved_mb': 202, 'cuda_max_allocated_mb': 171}
{'event': 'train_time_group', 'epoch': 1, 'time_group': 118, 'time_groups': 118, 'batch': 117, 'batches': 118, 'time_value': 1966.0, 'group_batches': 1, 'history_edges': 3153, 'elapsed_sec': 22.207551635801792, 'cuda_allocated_mb': 46, 'cuda_reserved_mb': 222, 'cuda_max_allocated_mb': 190}
{'event': 'train_progress', 'epoch': 1, 'batch': 118, 'batches': 118, 'time_group': 118, 'time_groups': 118, 'history_edges': 3153, 'pos_edges': 91, 'neg_edges': 91, 'loss_recent': 2.381675903648138, 'elapsed_sec': 22.44403127208352, 'avg_sec_per_batch': 0.19020365484816543, 'cuda_allocated_mb': 48, 'cuda_reserved_mb': 222, 'cuda_max_allocated_mb': 193}
{'event': 'validation_start', 'epoch': 1}
{'event': 'validation_ranking_start', 'epoch': 1, 'max_edges': 150}
{'event': 'epoch_end', 'epoch': 1, 'early_stop_metric': 'val_composite', 'val_score': 0.19289037738498424, 'val_auc': 0.6489797600668396, 'val_ap': 0.14244002504640627, 'val_ndcg': 0.7915436989673703, 'val_mrr': 0.06384203145588858, 'val_hits@1': 0.02666666666666667, 'val_hits@10': 0.14, 'val_hits@50': 0.37666666666666665, 'val_hits@100': 0.62, 'elapsed_sec': 109.79486730694771}
{'event': 'epoch_start', 'epoch': 2, 'epochs': 24, 'batches': 118, 'time_groups': 118}
{'event': 'train_time_group', 'epoch': 2, 'time_group': 1, 'time_groups': 118, 'batch': 0, 'batches': 118, 'time_value': 600.0, 'group_batches': 1, 'history_edges': 0, 'elapsed_sec': 0.008765220642089844, 'cuda_allocated_mb': 46, 'cuda_reserved_mb': 270, 'cuda_max_allocated_mb': 202}
{'event': 'train_progress', 'epoch': 2, 'batch': 1, 'batches': 118, 'time_group': 1, 'time_groups': 118, 'history_edges': 0, 'pos_edges': 1, 'neg_edges': 1, 'loss_recent': 0.8143643736839294, 'elapsed_sec': 0.13336007669568062, 'avg_sec_per_batch': 0.13336007669568062, 'cuda_allocated_mb': 46, 'cuda_reserved_mb': 270, 'cuda_max_allocated_mb': 202}
{'event': 'train_progress', 'epoch': 2, 'batch': 100, 'batches': 118, 'time_group': 100, 'time_groups': 118, 'history_edges': 2144, 'pos_edges': 38, 'neg_edges': 38, 'loss_recent': 1.628221414387226, 'elapsed_sec': 16.885197538882494, 'avg_sec_per_batch': 0.16885197538882493, 'cuda_allocated_mb': 47, 'cuda_reserved_mb': 270, 'cuda_max_allocated_mb': 202}
{'event': 'train_time_group', 'epoch': 2, 'time_group': 118, 'time_groups': 118, 'batch': 117, 'batches': 118, 'time_value': 1966.0, 'group_batches': 1, 'history_edges': 3153, 'elapsed_sec': 20.45169561728835, 'cuda_allocated_mb': 46, 'cuda_reserved_mb': 270, 'cuda_max_allocated_mb': 202}
{'event': 'train_progress', 'epoch': 2, 'batch': 118, 'batches': 118, 'time_group': 118, 'time_groups': 118, 'history_edges': 3153, 'pos_edges': 91, 'neg_edges': 91, 'loss_recent': 2.1736827713251112, 'elapsed_sec': 20.702579636126757, 'avg_sec_per_batch': 0.17544559013666744, 'cuda_allocated_mb': 48, 'cuda_reserved_mb': 270, 'cuda_max_allocated_mb': 202}
{'event': 'validation_start', 'epoch': 2}
{'event': 'validation_ranking_start', 'epoch': 2, 'max_edges': 150}
{'event': 'epoch_end', 'epoch': 2, 'early_stop_metric': 'val_composite', 'val_score': 0.25793181965125683, 'val_auc': 0.6837760285955417, 'val_ap': 0.1671470993586121, 'val_ndcg': 0.8078115111746277, 'val_mrr': 0.12911293773378366, 'val_hits@1': 0.06, 'val_hits@10': 0.26666666666666666, 'val_hits@50': 0.5, 'val_hits@100': 0.6266666666666667, 'elapsed_sec': 109.55054439976811}
{'event': 'epoch_start', 'epoch': 3, 'epochs': 24, 'batches': 118, 'time_groups': 118}
{'event': 'train_time_group', 'epoch': 3, 'time_group': 1, 'time_groups': 118, 'batch': 0, 'batches': 118, 'time_value': 600.0, 'group_batches': 1, 'history_edges': 0, 'elapsed_sec': 0.00807894766330719, 'cuda_allocated_mb': 46, 'cuda_reserved_mb': 270, 'cuda_max_allocated_mb': 202}
{'event': 'train_progress', 'epoch': 3, 'batch': 1, 'batches': 118, 'time_group': 1, 'time_groups': 118, 'history_edges': 0, 'pos_edges': 1, 'neg_edges': 1, 'loss_recent': 0.6003100872039795, 'elapsed_sec': 0.13202526420354843, 'avg_sec_per_batch': 0.13202526420354843, 'cuda_allocated_mb': 46, 'cuda_reserved_mb': 270, 'cuda_max_allocated_mb': 202}
{'event': 'train_progress', 'epoch': 3, 'batch': 100, 'batches': 118, 'time_group': 100, 'time_groups': 118, 'history_edges': 2144, 'pos_edges': 38, 'neg_edges': 38, 'loss_recent': 1.455576023682952, 'elapsed_sec': 16.61604766175151, 'avg_sec_per_batch': 0.1661604766175151, 'cuda_allocated_mb': 47, 'cuda_reserved_mb': 270, 'cuda_max_allocated_mb': 202}
{'event': 'train_time_group', 'epoch': 3, 'time_group': 118, 'time_groups': 118, 'batch': 117, 'batches': 118, 'time_value': 1966.0, 'group_batches': 1, 'history_edges': 3153, 'elapsed_sec': 20.23834567517042, 'cuda_allocated_mb': 46, 'cuda_reserved_mb': 270, 'cuda_max_allocated_mb': 202}
{'event': 'train_progress', 'epoch': 3, 'batch': 118, 'batches': 118, 'time_group': 118, 'time_groups': 118, 'history_edges': 3153, 'pos_edges': 91, 'neg_edges': 91, 'loss_recent': 2.003069008216262, 'elapsed_sec': 20.469661727547646, 'avg_sec_per_batch': 0.17347170955548852, 'cuda_allocated_mb': 48, 'cuda_reserved_mb': 270, 'cuda_max_allocated_mb': 202}
{'event': 'validation_start', 'epoch': 3}
{'event': 'validation_ranking_start', 'epoch': 3, 'max_edges': 150}
{'event': 'epoch_end', 'epoch': 3, 'early_stop_metric': 'val_composite', 'val_score': 0.2505607740528837, 'val_auc': 0.6104361999798946, 'val_ap': 0.1436789889386108, 'val_ndcg': 0.7953846092725458, 'val_mrr': 0.13123064290501876, 'val_hits@1': 0.06333333333333334, 'val_hits@10': 0.26666666666666666, 'val_hits@50': 0.5233333333333333, 'val_hits@100': 0.65, 'elapsed_sec': 109.92144933342934}
{'event': 'epoch_start', 'epoch': 4, 'epochs': 24, 'batches': 118, 'time_groups': 118}
{'event': 'train_time_group', 'epoch': 4, 'time_group': 1, 'time_groups': 118, 'batch': 0, 'batches': 118, 'time_value': 600.0, 'group_batches': 1, 'history_edges': 0, 'elapsed_sec': 0.007772400975227356, 'cuda_allocated_mb': 46, 'cuda_reserved_mb': 270, 'cuda_max_allocated_mb': 202}
{'event': 'train_progress', 'epoch': 4, 'batch': 1, 'batches': 118, 'time_group': 1, 'time_groups': 118, 'history_edges': 0, 'pos_edges': 1, 'neg_edges': 1, 'loss_recent': 0.05410635843873024, 'elapsed_sec': 0.12929848209023476, 'avg_sec_per_batch': 0.12929848209023476, 'cuda_allocated_mb': 46, 'cuda_reserved_mb': 270, 'cuda_max_allocated_mb': 202}
{'event': 'train_progress', 'epoch': 4, 'batch': 100, 'batches': 118, 'time_group': 100, 'time_groups': 118, 'history_edges': 2144, 'pos_edges': 38, 'neg_edges': 38, 'loss_recent': 1.3629265281371772, 'elapsed_sec': 17.013853207230568, 'avg_sec_per_batch': 0.17013853207230567, 'cuda_allocated_mb': 47, 'cuda_reserved_mb': 270, 'cuda_max_allocated_mb': 202}
{'event': 'train_time_group', 'epoch': 4, 'time_group': 118, 'time_groups': 118, 'batch': 117, 'batches': 118, 'time_value': 1966.0, 'group_batches': 1, 'history_edges': 3153, 'elapsed_sec': 20.729561310261488, 'cuda_allocated_mb': 46, 'cuda_reserved_mb': 270, 'cuda_max_allocated_mb': 202}
{'event': 'train_progress', 'epoch': 4, 'batch': 118, 'batches': 118, 'time_group': 118, 'time_groups': 118, 'history_edges': 3153, 'pos_edges': 91, 'neg_edges': 91, 'loss_recent': 1.885295988265425, 'elapsed_sec': 20.957703724503517, 'avg_sec_per_batch': 0.1776076586822332, 'cuda_allocated_mb': 48, 'cuda_reserved_mb': 270, 'cuda_max_allocated_mb': 202}
{'event': 'validation_start', 'epoch': 4}
{'event': 'validation_ranking_start', 'epoch': 4, 'max_edges': 150}
{'event': 'epoch_end', 'epoch': 4, 'early_stop_metric': 'val_composite', 'val_score': 0.25964874796812215, 'val_auc': 0.636070044513025, 'val_ap': 0.1519190911383389, 'val_ndcg': 0.8000224376592688, 'val_mrr': 0.13544360994491964, 'val_hits@1': 0.06333333333333334, 'val_hits@10': 0.2866666666666667, 'val_hits@50': 0.5233333333333333, 'val_hits@100': 0.63, 'elapsed_sec': 108.88269916921854}
{'event': 'epoch_start', 'epoch': 5, 'epochs': 24, 'batches': 118, 'time_groups': 118}
{'event': 'train_time_group', 'epoch': 5, 'time_group': 1, 'time_groups': 118, 'batch': 0, 'batches': 118, 'time_value': 600.0, 'group_batches': 1, 'history_edges': 0, 'elapsed_sec': 0.008424568921327591, 'cuda_allocated_mb': 46, 'cuda_reserved_mb': 270, 'cuda_max_allocated_mb': 202}
{'event': 'train_progress', 'epoch': 5, 'batch': 1, 'batches': 118, 'time_group': 1, 'time_groups': 118, 'history_edges': 0, 'pos_edges': 1, 'neg_edges': 1, 'loss_recent': 1.9490689039230347, 'elapsed_sec': 0.15135377645492554, 'avg_sec_per_batch': 0.15135377645492554, 'cuda_allocated_mb': 46, 'cuda_reserved_mb': 270, 'cuda_max_allocated_mb': 202}
{'event': 'train_progress', 'epoch': 5, 'batch': 100, 'batches': 118, 'time_group': 100, 'time_groups': 118, 'history_edges': 2144, 'pos_edges': 38, 'neg_edges': 38, 'loss_recent': 1.268651350159198, 'elapsed_sec': 16.58949137851596, 'avg_sec_per_batch': 0.16589491378515958, 'cuda_allocated_mb': 47, 'cuda_reserved_mb': 270, 'cuda_max_allocated_mb': 202}
{'event': 'train_time_group', 'epoch': 5, 'time_group': 118, 'time_groups': 118, 'batch': 117, 'batches': 118, 'time_value': 1966.0, 'group_batches': 1, 'history_edges': 3153, 'elapsed_sec': 20.09273938089609, 'cuda_allocated_mb': 46, 'cuda_reserved_mb': 270, 'cuda_max_allocated_mb': 202}
{'event': 'train_progress', 'epoch': 5, 'batch': 118, 'batches': 118, 'time_group': 118, 'time_groups': 118, 'history_edges': 3153, 'pos_edges': 91, 'neg_edges': 91, 'loss_recent': 1.7353206135518848, 'elapsed_sec': 20.355893712490797, 'avg_sec_per_batch': 0.17250757383466778, 'cuda_allocated_mb': 49, 'cuda_reserved_mb': 270, 'cuda_max_allocated_mb': 202}
{'event': 'validation_start', 'epoch': 5}
{'event': 'validation_ranking_start', 'epoch': 5, 'max_edges': 150}
{'event': 'epoch_end', 'epoch': 5, 'early_stop_metric': 'val_composite', 'val_score': 0.25251281908209433, 'val_auc': 0.6121605962241417, 'val_ap': 0.13963939753342827, 'val_ndcg': 0.7930870125335148, 'val_mrr': 0.13263369010837642, 'val_hits@1': 0.06333333333333334, 'val_hits@10': 0.27666666666666667, 'val_hits@50': 0.5233333333333333, 'val_hits@100': 0.63, 'elapsed_sec': 109.73937186598778}
{'event': 'epoch_start', 'epoch': 6, 'epochs': 24, 'batches': 118, 'time_groups': 118}
{'event': 'train_time_group', 'epoch': 6, 'time_group': 1, 'time_groups': 118, 'batch': 0, 'batches': 118, 'time_value': 600.0, 'group_batches': 1, 'history_edges': 0, 'elapsed_sec': 0.010107941925525665, 'cuda_allocated_mb': 46, 'cuda_reserved_mb': 270, 'cuda_max_allocated_mb': 202}
{'event': 'train_progress', 'epoch': 6, 'batch': 1, 'batches': 118, 'time_group': 1, 'time_groups': 118, 'history_edges': 0, 'pos_edges': 1, 'neg_edges': 1, 'loss_recent': 3.2466471195220947, 'elapsed_sec': 0.13246025517582893, 'avg_sec_per_batch': 0.13246025517582893, 'cuda_allocated_mb': 46, 'cuda_reserved_mb': 270, 'cuda_max_allocated_mb': 202}
{'event': 'train_progress', 'epoch': 6, 'batch': 100, 'batches': 118, 'time_group': 100, 'time_groups': 118, 'history_edges': 2144, 'pos_edges': 38, 'neg_edges': 38, 'loss_recent': 1.2429293435253204, 'elapsed_sec': 16.634973093867302, 'avg_sec_per_batch': 0.16634973093867303, 'cuda_allocated_mb': 47, 'cuda_reserved_mb': 270, 'cuda_max_allocated_mb': 202}
{'event': 'train_time_group', 'epoch': 6, 'time_group': 118, 'time_groups': 118, 'batch': 117, 'batches': 118, 'time_value': 1966.0, 'group_batches': 1, 'history_edges': 3153, 'elapsed_sec': 20.160440992563963, 'cuda_allocated_mb': 46, 'cuda_reserved_mb': 270, 'cuda_max_allocated_mb': 202}
{'event': 'train_progress', 'epoch': 6, 'batch': 118, 'batches': 118, 'time_group': 118, 'time_groups': 118, 'history_edges': 3153, 'pos_edges': 91, 'neg_edges': 91, 'loss_recent': 1.6638656452670693, 'elapsed_sec': 20.401357121765614, 'avg_sec_per_batch': 0.17289285696411538, 'cuda_allocated_mb': 48, 'cuda_reserved_mb': 270, 'cuda_max_allocated_mb': 202}
{'event': 'validation_start', 'epoch': 6}
{'event': 'validation_ranking_start', 'epoch': 6, 'max_edges': 150}
{'event': 'epoch_end', 'epoch': 6, 'early_stop_metric': 'val_composite', 'val_score': 0.25223333114982915, 'val_auc': 0.626898889363772, 'val_ap': 0.15255506798443758, 'val_ndcg': 0.8008851261467052, 'val_mrr': 0.1304998944052755, 'val_hits@1': 0.06333333333333334, 'val_hits@10': 0.2633333333333333, 'val_hits@50': 0.49, 'val_hits@100': 0.6266666666666667, 'elapsed_sec': 108.23699161037803}
{'event': 'epoch_start', 'epoch': 7, 'epochs': 24, 'batches': 118, 'time_groups': 118}
{'event': 'train_time_group', 'epoch': 7, 'time_group': 1, 'time_groups': 118, 'batch': 0, 'batches': 118, 'time_value': 600.0, 'group_batches': 1, 'history_edges': 0, 'elapsed_sec': 0.008893731981515884, 'cuda_allocated_mb': 46, 'cuda_reserved_mb': 270, 'cuda_max_allocated_mb': 202}
{'event': 'train_progress', 'epoch': 7, 'batch': 1, 'batches': 118, 'time_group': 1, 'time_groups': 118, 'history_edges': 0, 'pos_edges': 1, 'neg_edges': 1, 'loss_recent': 0.4369140863418579, 'elapsed_sec': 0.1304883174598217, 'avg_sec_per_batch': 0.1304883174598217, 'cuda_allocated_mb': 46, 'cuda_reserved_mb': 270, 'cuda_max_allocated_mb': 202}
{'event': 'train_progress', 'epoch': 7, 'batch': 100, 'batches': 118, 'time_group': 100, 'time_groups': 118, 'history_edges': 2144, 'pos_edges': 38, 'neg_edges': 38, 'loss_recent': 1.047983279293403, 'elapsed_sec': 17.29752091318369, 'avg_sec_per_batch': 0.1729752091318369, 'cuda_allocated_mb': 47, 'cuda_reserved_mb': 270, 'cuda_max_allocated_mb': 202}
{'event': 'train_time_group', 'epoch': 7, 'time_group': 118, 'time_groups': 118, 'batch': 117, 'batches': 118, 'time_value': 1966.0, 'group_batches': 1, 'history_edges': 3153, 'elapsed_sec': 20.952628437429667, 'cuda_allocated_mb': 46, 'cuda_reserved_mb': 270, 'cuda_max_allocated_mb': 202}
{'event': 'train_progress', 'epoch': 7, 'batch': 118, 'batches': 118, 'time_group': 118, 'time_groups': 118, 'history_edges': 3153, 'pos_edges': 91, 'neg_edges': 91, 'loss_recent': 1.5207810061704368, 'elapsed_sec': 21.12453255429864, 'avg_sec_per_batch': 0.17902146232456473, 'cuda_allocated_mb': 48, 'cuda_reserved_mb': 270, 'cuda_max_allocated_mb': 202}
{'event': 'validation_start', 'epoch': 7}
{'event': 'validation_ranking_start', 'epoch': 7, 'max_edges': 150}
{'event': 'epoch_end', 'epoch': 7, 'early_stop_metric': 'val_composite', 'val_score': 0.2508460137177954, 'val_auc': 0.6188316711983204, 'val_ap': 0.14970398690327855, 'val_ndcg': 0.7988311014320891, 'val_mrr': 0.13246477729169073, 'val_hits@1': 0.06666666666666667, 'val_hits@10': 0.25666666666666665, 'val_hits@50': 0.5033333333333333, 'val_hits@100': 0.6266666666666667, 'elapsed_sec': 107.65884665772319}
{'event': 'epoch_start', 'epoch': 8, 'epochs': 24, 'batches': 118, 'time_groups': 118}
{'event': 'train_time_group', 'epoch': 8, 'time_group': 1, 'time_groups': 118, 'batch': 0, 'batches': 118, 'time_value': 600.0, 'group_batches': 1, 'history_edges': 0, 'elapsed_sec': 0.00864916667342186, 'cuda_allocated_mb': 46, 'cuda_reserved_mb': 270, 'cuda_max_allocated_mb': 202}
{'event': 'train_progress', 'epoch': 8, 'batch': 1, 'batches': 118, 'time_group': 1, 'time_groups': 118, 'history_edges': 0, 'pos_edges': 1, 'neg_edges': 1, 'loss_recent': 1.1835167407989502, 'elapsed_sec': 0.12160027027130127, 'avg_sec_per_batch': 0.12160027027130127, 'cuda_allocated_mb': 46, 'cuda_reserved_mb': 270, 'cuda_max_allocated_mb': 202}
{'event': 'train_progress', 'epoch': 8, 'batch': 100, 'batches': 118, 'time_group': 100, 'time_groups': 118, 'history_edges': 2144, 'pos_edges': 38, 'neg_edges': 38, 'loss_recent': 1.0693646736536175, 'elapsed_sec': 16.340242214500904, 'avg_sec_per_batch': 0.16340242214500905, 'cuda_allocated_mb': 48, 'cuda_reserved_mb': 270, 'cuda_max_allocated_mb': 202}
{'event': 'train_time_group', 'epoch': 8, 'time_group': 118, 'time_groups': 118, 'batch': 117, 'batches': 118, 'time_value': 1966.0, 'group_batches': 1, 'history_edges': 3153, 'elapsed_sec': 19.84925914183259, 'cuda_allocated_mb': 46, 'cuda_reserved_mb': 270, 'cuda_max_allocated_mb': 202}
{'event': 'train_progress', 'epoch': 8, 'batch': 118, 'batches': 118, 'time_group': 118, 'time_groups': 118, 'history_edges': 3153, 'pos_edges': 91, 'neg_edges': 91, 'loss_recent': 1.5129171673487871, 'elapsed_sec': 20.080172762274742, 'avg_sec_per_batch': 0.17017095561249782, 'cuda_allocated_mb': 48, 'cuda_reserved_mb': 270, 'cuda_max_allocated_mb': 202}
{'event': 'validation_start', 'epoch': 8}
{'event': 'validation_ranking_start', 'epoch': 8, 'max_edges': 150}
{'event': 'epoch_end', 'epoch': 8, 'early_stop_metric': 'val_composite', 'val_score': 0.26379806459561683, 'val_auc': 0.6201270415899827, 'val_ap': 0.15229396300638232, 'val_ndcg': 0.7989185164681502, 'val_mrr': 0.13744486617002402, 'val_hits@1': 0.06666666666666667, 'val_hits@10': 0.30666666666666664, 'val_hits@50': 0.51, 'val_hits@100': 0.63, 'elapsed_sec': 108.26606045663357}
{'event': 'epoch_start', 'epoch': 9, 'epochs': 24, 'batches': 118, 'time_groups': 118}
{'event': 'train_time_group', 'epoch': 9, 'time_group': 1, 'time_groups': 118, 'batch': 0, 'batches': 118, 'time_value': 600.0, 'group_batches': 1, 'history_edges': 0, 'elapsed_sec': 0.00820639356970787, 'cuda_allocated_mb': 46, 'cuda_reserved_mb': 270, 'cuda_max_allocated_mb': 202}
{'event': 'train_progress', 'epoch': 9, 'batch': 1, 'batches': 118, 'time_group': 1, 'time_groups': 118, 'history_edges': 0, 'pos_edges': 1, 'neg_edges': 1, 'loss_recent': 0.34670117497444153, 'elapsed_sec': 0.12831784784793854, 'avg_sec_per_batch': 0.12831784784793854, 'cuda_allocated_mb': 46, 'cuda_reserved_mb': 270, 'cuda_max_allocated_mb': 202}
{'event': 'train_progress', 'epoch': 9, 'batch': 100, 'batches': 118, 'time_group': 100, 'time_groups': 118, 'history_edges': 2144, 'pos_edges': 38, 'neg_edges': 38, 'loss_recent': 0.9238898190949112, 'elapsed_sec': 16.239317536354065, 'avg_sec_per_batch': 0.16239317536354064, 'cuda_allocated_mb': 47, 'cuda_reserved_mb': 270, 'cuda_max_allocated_mb': 202}
{'event': 'train_time_group', 'epoch': 9, 'time_group': 118, 'time_groups': 118, 'batch': 117, 'batches': 118, 'time_value': 1966.0, 'group_batches': 1, 'history_edges': 3153, 'elapsed_sec': 19.878482185304165, 'cuda_allocated_mb': 46, 'cuda_reserved_mb': 270, 'cuda_max_allocated_mb': 202}
{'event': 'train_progress', 'epoch': 9, 'batch': 118, 'batches': 118, 'time_group': 118, 'time_groups': 118, 'history_edges': 3153, 'pos_edges': 91, 'neg_edges': 91, 'loss_recent': 1.3709228085633367, 'elapsed_sec': 20.10975468158722, 'avg_sec_per_batch': 0.1704216498439595, 'cuda_allocated_mb': 48, 'cuda_reserved_mb': 270, 'cuda_max_allocated_mb': 202}
{'event': 'validation_start', 'epoch': 9}
{'event': 'validation_ranking_start', 'epoch': 9, 'max_edges': 150}
{'event': 'epoch_end', 'epoch': 9, 'early_stop_metric': 'val_composite', 'val_score': 0.2612973942437216, 'val_auc': 0.6086632790935741, 'val_ap': 0.14742418042133645, 'val_ndcg': 0.7997026190928331, 'val_mrr': 0.13489401596645162, 'val_hits@1': 0.06666666666666667, 'val_hits@10': 0.30666666666666664, 'val_hits@50': 0.48, 'val_hits@100': 0.6233333333333333, 'elapsed_sec': 112.18363713100553}
{'event': 'epoch_start', 'epoch': 10, 'epochs': 24, 'batches': 118, 'time_groups': 118}
{'event': 'train_time_group', 'epoch': 10, 'time_group': 1, 'time_groups': 118, 'batch': 0, 'batches': 118, 'time_value': 600.0, 'group_batches': 1, 'history_edges': 0, 'elapsed_sec': 0.010795142501592636, 'cuda_allocated_mb': 46, 'cuda_reserved_mb': 270, 'cuda_max_allocated_mb': 202}
{'event': 'train_progress', 'epoch': 10, 'batch': 1, 'batches': 118, 'time_group': 1, 'time_groups': 118, 'history_edges': 0, 'pos_edges': 1, 'neg_edges': 1, 'loss_recent': 5.480744361877441, 'elapsed_sec': 0.13579511269927025, 'avg_sec_per_batch': 0.13579511269927025, 'cuda_allocated_mb': 46, 'cuda_reserved_mb': 270, 'cuda_max_allocated_mb': 202}
{'event': 'train_progress', 'epoch': 10, 'batch': 100, 'batches': 118, 'time_group': 100, 'time_groups': 118, 'history_edges': 2144, 'pos_edges': 38, 'neg_edges': 38, 'loss_recent': 0.9460938465408981, 'elapsed_sec': 17.008268263190985, 'avg_sec_per_batch': 0.17008268263190984, 'cuda_allocated_mb': 47, 'cuda_reserved_mb': 270, 'cuda_max_allocated_mb': 202}
{'event': 'train_time_group', 'epoch': 10, 'time_group': 118, 'time_groups': 118, 'batch': 117, 'batches': 118, 'time_value': 1966.0, 'group_batches': 1, 'history_edges': 3153, 'elapsed_sec': 20.755526565015316, 'cuda_allocated_mb': 46, 'cuda_reserved_mb': 270, 'cuda_max_allocated_mb': 202}
{'event': 'train_progress', 'epoch': 10, 'batch': 118, 'batches': 118, 'time_group': 118, 'time_groups': 118, 'history_edges': 3153, 'pos_edges': 91, 'neg_edges': 91, 'loss_recent': 1.3330437885131687, 'elapsed_sec': 20.99364783987403, 'avg_sec_per_batch': 0.17791226982944092, 'cuda_allocated_mb': 48, 'cuda_reserved_mb': 270, 'cuda_max_allocated_mb': 202}
{'event': 'validation_start', 'epoch': 10}
{'event': 'validation_ranking_start', 'epoch': 10, 'max_edges': 150}
{'event': 'epoch_end', 'epoch': 10, 'early_stop_metric': 'val_composite', 'val_score': 0.2582885547991853, 'val_auc': 0.6171419715984645, 'val_ap': 0.14609645614056652, 'val_ndcg': 0.7979540430586823, 'val_mrr': 0.1354431669846177, 'val_hits@1': 0.06666666666666667, 'val_hits@10': 0.29, 'val_hits@50': 0.4866666666666667, 'val_hits@100': 0.5933333333333334, 'elapsed_sec': 110.853964664042}
{'event': 'epoch_start', 'epoch': 11, 'epochs': 24, 'batches': 118, 'time_groups': 118}
{'event': 'train_time_group', 'epoch': 11, 'time_group': 1, 'time_groups': 118, 'batch': 0, 'batches': 118, 'time_value': 600.0, 'group_batches': 1, 'history_edges': 0, 'elapsed_sec': 0.008687011897563934, 'cuda_allocated_mb': 46, 'cuda_reserved_mb': 270, 'cuda_max_allocated_mb': 202}
{'event': 'train_progress', 'epoch': 11, 'batch': 1, 'batches': 118, 'time_group': 1, 'time_groups': 118, 'history_edges': 0, 'pos_edges': 1, 'neg_edges': 1, 'loss_recent': 0.1894991248846054, 'elapsed_sec': 0.13083773851394653, 'avg_sec_per_batch': 0.13083773851394653, 'cuda_allocated_mb': 46, 'cuda_reserved_mb': 270, 'cuda_max_allocated_mb': 202}
{'event': 'train_progress', 'epoch': 11, 'batch': 100, 'batches': 118, 'time_group': 100, 'time_groups': 118, 'history_edges': 2144, 'pos_edges': 38, 'neg_edges': 38, 'loss_recent': 0.8925747971702367, 'elapsed_sec': 16.580339416861534, 'avg_sec_per_batch': 0.16580339416861534, 'cuda_allocated_mb': 47, 'cuda_reserved_mb': 270, 'cuda_max_allocated_mb': 202}
{'event': 'train_time_group', 'epoch': 11, 'time_group': 118, 'time_groups': 118, 'batch': 117, 'batches': 118, 'time_value': 1966.0, 'group_batches': 1, 'history_edges': 3153, 'elapsed_sec': 20.25035059452057, 'cuda_allocated_mb': 46, 'cuda_reserved_mb': 270, 'cuda_max_allocated_mb': 202}
{'event': 'train_progress', 'epoch': 11, 'batch': 118, 'batches': 118, 'time_group': 118, 'time_groups': 118, 'history_edges': 3153, 'pos_edges': 91, 'neg_edges': 91, 'loss_recent': 1.2898065785039217, 'elapsed_sec': 20.49983173981309, 'avg_sec_per_batch': 0.17372738762553466, 'cuda_allocated_mb': 48, 'cuda_reserved_mb': 270, 'cuda_max_allocated_mb': 202}
{'event': 'validation_start', 'epoch': 11}
{'event': 'validation_ranking_start', 'epoch': 11, 'max_edges': 150}
{'event': 'epoch_end', 'epoch': 11, 'early_stop_metric': 'val_composite', 'val_score': 0.2580802102010119, 'val_auc': 0.6061610822084373, 'val_ap': 0.14530904830950786, 'val_ndcg': 0.7968791695304677, 'val_mrr': 0.13390909711556753, 'val_hits@1': 0.06666666666666667, 'val_hits@10': 0.2966666666666667, 'val_hits@50': 0.48, 'val_hits@100': 0.6066666666666667, 'elapsed_sec': 111.47397391498089}
{'event': 'epoch_start', 'epoch': 12, 'epochs': 24, 'batches': 118, 'time_groups': 118}
{'event': 'train_time_group', 'epoch': 12, 'time_group': 1, 'time_groups': 118, 'batch': 0, 'batches': 118, 'time_value': 600.0, 'group_batches': 1, 'history_edges': 0, 'elapsed_sec': 0.008435018360614777, 'cuda_allocated_mb': 46, 'cuda_reserved_mb': 270, 'cuda_max_allocated_mb': 202}
{'event': 'train_progress', 'epoch': 12, 'batch': 1, 'batches': 118, 'time_group': 1, 'time_groups': 118, 'history_edges': 0, 'pos_edges': 1, 'neg_edges': 1, 'loss_recent': 2.5021166801452637, 'elapsed_sec': 0.17801164835691452, 'avg_sec_per_batch': 0.17801164835691452, 'cuda_allocated_mb': 46, 'cuda_reserved_mb': 270, 'cuda_max_allocated_mb': 202}
{'event': 'train_progress', 'epoch': 12, 'batch': 100, 'batches': 118, 'time_group': 100, 'time_groups': 118, 'history_edges': 2144, 'pos_edges': 38, 'neg_edges': 38, 'loss_recent': 0.8878460722882301, 'elapsed_sec': 16.542586509138346, 'avg_sec_per_batch': 0.16542586509138346, 'cuda_allocated_mb': 47, 'cuda_reserved_mb': 270, 'cuda_max_allocated_mb': 202}
{'event': 'train_time_group', 'epoch': 12, 'time_group': 118, 'time_groups': 118, 'batch': 117, 'batches': 118, 'time_value': 1966.0, 'group_batches': 1, 'history_edges': 3153, 'elapsed_sec': 20.199471410363913, 'cuda_allocated_mb': 46, 'cuda_reserved_mb': 270, 'cuda_max_allocated_mb': 202}
{'event': 'train_progress', 'epoch': 12, 'batch': 118, 'batches': 118, 'time_group': 118, 'time_groups': 118, 'history_edges': 3153, 'pos_edges': 91, 'neg_edges': 91, 'loss_recent': 1.2498719062935562, 'elapsed_sec': 20.455686319619417, 'avg_sec_per_batch': 0.17335327389507982, 'cuda_allocated_mb': 49, 'cuda_reserved_mb': 270, 'cuda_max_allocated_mb': 202}
{'event': 'validation_start', 'epoch': 12}
{'event': 'validation_ranking_start', 'epoch': 12, 'max_edges': 150}
{'event': 'epoch_end', 'epoch': 12, 'early_stop_metric': 'val_composite', 'val_score': 0.2647464002568292, 'val_auc': 0.6341689051811688, 'val_ap': 0.15287948264018186, 'val_ndcg': 0.802547375801386, 'val_mrr': 0.13836925670987643, 'val_hits@1': 0.06666666666666667, 'val_hits@10': 0.30333333333333334, 'val_hits@50': 0.49, 'val_hits@100': 0.6233333333333333, 'elapsed_sec': 111.34099030867219}
{'event': 'epoch_start', 'epoch': 13, 'epochs': 24, 'batches': 118, 'time_groups': 118}
{'event': 'train_time_group', 'epoch': 13, 'time_group': 1, 'time_groups': 118, 'batch': 0, 'batches': 118, 'time_value': 600.0, 'group_batches': 1, 'history_edges': 0, 'elapsed_sec': 0.009077340364456177, 'cuda_allocated_mb': 46, 'cuda_reserved_mb': 270, 'cuda_max_allocated_mb': 202}
{'event': 'train_progress', 'epoch': 13, 'batch': 1, 'batches': 118, 'time_group': 1, 'time_groups': 118, 'history_edges': 0, 'pos_edges': 1, 'neg_edges': 1, 'loss_recent': 0.033196814358234406, 'elapsed_sec': 0.13109629601240158, 'avg_sec_per_batch': 0.13109629601240158, 'cuda_allocated_mb': 46, 'cuda_reserved_mb': 270, 'cuda_max_allocated_mb': 202}
{'event': 'train_progress', 'epoch': 13, 'batch': 100, 'batches': 118, 'time_group': 100, 'time_groups': 118, 'history_edges': 2144, 'pos_edges': 38, 'neg_edges': 38, 'loss_recent': 0.8550958452001214, 'elapsed_sec': 17.08436920493841, 'avg_sec_per_batch': 0.17084369204938413, 'cuda_allocated_mb': 47, 'cuda_reserved_mb': 270, 'cuda_max_allocated_mb': 202}
{'event': 'train_time_group', 'epoch': 13, 'time_group': 118, 'time_groups': 118, 'batch': 117, 'batches': 118, 'time_value': 1966.0, 'group_batches': 1, 'history_edges': 3153, 'elapsed_sec': 20.755677361041307, 'cuda_allocated_mb': 46, 'cuda_reserved_mb': 270, 'cuda_max_allocated_mb': 202}
{'event': 'train_progress', 'epoch': 13, 'batch': 118, 'batches': 118, 'time_group': 118, 'time_groups': 118, 'history_edges': 3153, 'pos_edges': 91, 'neg_edges': 91, 'loss_recent': 1.1770519117545337, 'elapsed_sec': 21.002518635243177, 'avg_sec_per_batch': 0.17798744606138286, 'cuda_allocated_mb': 48, 'cuda_reserved_mb': 270, 'cuda_max_allocated_mb': 202}
{'event': 'validation_start', 'epoch': 13}
{'event': 'validation_ranking_start', 'epoch': 13, 'max_edges': 150}
{'event': 'epoch_end', 'epoch': 13, 'early_stop_metric': 'val_composite', 'val_score': 0.26635194994522365, 'val_auc': 0.6573376349022715, 'val_ap': 0.15951212693097166, 'val_ndcg': 0.8042256556333454, 'val_mrr': 0.1369380338609262, 'val_hits@1': 0.06666666666666667, 'val_hits@10': 0.30333333333333334, 'val_hits@50': 0.49333333333333335, 'val_hits@100': 0.6366666666666667, 'elapsed_sec': 112.477589789778}
{'event': 'epoch_start', 'epoch': 14, 'epochs': 24, 'batches': 118, 'time_groups': 118}
{'event': 'train_time_group', 'epoch': 14, 'time_group': 1, 'time_groups': 118, 'batch': 0, 'batches': 118, 'time_value': 600.0, 'group_batches': 1, 'history_edges': 0, 'elapsed_sec': 0.0074072182178497314, 'cuda_allocated_mb': 46, 'cuda_reserved_mb': 270, 'cuda_max_allocated_mb': 202}
{'event': 'train_progress', 'epoch': 14, 'batch': 1, 'batches': 118, 'time_group': 1, 'time_groups': 118, 'history_edges': 0, 'pos_edges': 1, 'neg_edges': 1, 'loss_recent': 0.5648213028907776, 'elapsed_sec': 0.12372636422514915, 'avg_sec_per_batch': 0.12372636422514915, 'cuda_allocated_mb': 46, 'cuda_reserved_mb': 270, 'cuda_max_allocated_mb': 202}
{'event': 'train_progress', 'epoch': 14, 'batch': 100, 'batches': 118, 'time_group': 100, 'time_groups': 118, 'history_edges': 2144, 'pos_edges': 38, 'neg_edges': 38, 'loss_recent': 0.8639605754101649, 'elapsed_sec': 16.51464295759797, 'avg_sec_per_batch': 0.16514642957597972, 'cuda_allocated_mb': 47, 'cuda_reserved_mb': 270, 'cuda_max_allocated_mb': 202}
{'event': 'train_time_group', 'epoch': 14, 'time_group': 118, 'time_groups': 118, 'batch': 117, 'batches': 118, 'time_value': 1966.0, 'group_batches': 1, 'history_edges': 3153, 'elapsed_sec': 20.176517099142075, 'cuda_allocated_mb': 46, 'cuda_reserved_mb': 270, 'cuda_max_allocated_mb': 202}
{'event': 'train_progress', 'epoch': 14, 'batch': 118, 'batches': 118, 'time_group': 118, 'time_groups': 118, 'history_edges': 3153, 'pos_edges': 91, 'neg_edges': 91, 'loss_recent': 1.1410947972582652, 'elapsed_sec': 20.42929457128048, 'avg_sec_per_batch': 0.17312961501085153, 'cuda_allocated_mb': 48, 'cuda_reserved_mb': 270, 'cuda_max_allocated_mb': 202}
{'event': 'validation_start', 'epoch': 14}
{'event': 'validation_ranking_start', 'epoch': 14, 'max_edges': 150}
{'event': 'epoch_end', 'epoch': 14, 'early_stop_metric': 'val_composite', 'val_score': 0.26928907445672373, 'val_auc': 0.669275085613323, 'val_ap': 0.16546597362748877, 'val_ndcg': 0.8099560551617544, 'val_mrr': 0.13868630389818418, 'val_hits@1': 0.06666666666666667, 'val_hits@10': 0.30333333333333334, 'val_hits@50': 0.48333333333333334, 'val_hits@100': 0.63, 'elapsed_sec': 111.99365022033453}
{'event': 'epoch_start', 'epoch': 15, 'epochs': 24, 'batches': 118, 'time_groups': 118}
{'event': 'train_time_group', 'epoch': 15, 'time_group': 1, 'time_groups': 118, 'batch': 0, 'batches': 118, 'time_value': 600.0, 'group_batches': 1, 'history_edges': 0, 'elapsed_sec': 0.0079670250415802, 'cuda_allocated_mb': 46, 'cuda_reserved_mb': 270, 'cuda_max_allocated_mb': 202}
{'event': 'train_progress', 'epoch': 15, 'batch': 1, 'batches': 118, 'time_group': 1, 'time_groups': 118, 'history_edges': 0, 'pos_edges': 1, 'neg_edges': 1, 'loss_recent': 0.30120527744293213, 'elapsed_sec': 0.12437444925308228, 'avg_sec_per_batch': 0.12437444925308228, 'cuda_allocated_mb': 46, 'cuda_reserved_mb': 270, 'cuda_max_allocated_mb': 202}
{'event': 'train_progress', 'epoch': 15, 'batch': 100, 'batches': 118, 'time_group': 100, 'time_groups': 118, 'history_edges': 2144, 'pos_edges': 38, 'neg_edges': 38, 'loss_recent': 0.7297092349315062, 'elapsed_sec': 15.706653166562319, 'avg_sec_per_batch': 0.15706653166562318, 'cuda_allocated_mb': 47, 'cuda_reserved_mb': 270, 'cuda_max_allocated_mb': 202}
{'event': 'train_time_group', 'epoch': 15, 'time_group': 118, 'time_groups': 118, 'batch': 117, 'batches': 118, 'time_value': 1966.0, 'group_batches': 1, 'history_edges': 3153, 'elapsed_sec': 19.033159986138344, 'cuda_allocated_mb': 46, 'cuda_reserved_mb': 270, 'cuda_max_allocated_mb': 202}
{'event': 'train_progress', 'epoch': 15, 'batch': 118, 'batches': 118, 'time_group': 118, 'time_groups': 118, 'history_edges': 3153, 'pos_edges': 91, 'neg_edges': 91, 'loss_recent': 1.0932627642387525, 'elapsed_sec': 19.309730105102062, 'avg_sec_per_batch': 0.16364178055171238, 'cuda_allocated_mb': 49, 'cuda_reserved_mb': 270, 'cuda_max_allocated_mb': 202}
{'event': 'validation_start', 'epoch': 15}
{'event': 'validation_ranking_start', 'epoch': 15, 'max_edges': 150}
{'event': 'epoch_end', 'epoch': 15, 'early_stop_metric': 'val_composite', 'val_score': 0.2677123398214888, 'val_auc': 0.6618037323435324, 'val_ap': 0.16364917978540264, 'val_ndcg': 0.8092391818345146, 'val_mrr': 0.13563504943943394, 'val_hits@1': 0.06333333333333334, 'val_hits@10': 0.30666666666666664, 'val_hits@50': 0.4666666666666667, 'val_hits@100': 0.6066666666666667, 'elapsed_sec': 105.23737014830112}
{'event': 'epoch_start', 'epoch': 16, 'epochs': 24, 'batches': 118, 'time_groups': 118}
{'event': 'train_time_group', 'epoch': 16, 'time_group': 1, 'time_groups': 118, 'batch': 0, 'batches': 118, 'time_value': 600.0, 'group_batches': 1, 'history_edges': 0, 'elapsed_sec': 0.00871620699763298, 'cuda_allocated_mb': 46, 'cuda_reserved_mb': 270, 'cuda_max_allocated_mb': 202}
{'event': 'train_progress', 'epoch': 16, 'batch': 1, 'batches': 118, 'time_group': 1, 'time_groups': 118, 'history_edges': 0, 'pos_edges': 1, 'neg_edges': 1, 'loss_recent': 1.0967611074447632, 'elapsed_sec': 0.1416783109307289, 'avg_sec_per_batch': 0.1416783109307289, 'cuda_allocated_mb': 46, 'cuda_reserved_mb': 270, 'cuda_max_allocated_mb': 202}
{'event': 'train_progress', 'epoch': 16, 'batch': 100, 'batches': 118, 'time_group': 100, 'time_groups': 118, 'history_edges': 2144, 'pos_edges': 38, 'neg_edges': 38, 'loss_recent': 0.7233692968473769, 'elapsed_sec': 16.165155693888664, 'avg_sec_per_batch': 0.16165155693888664, 'cuda_allocated_mb': 47, 'cuda_reserved_mb': 270, 'cuda_max_allocated_mb': 202}
{'event': 'train_time_group', 'epoch': 16, 'time_group': 118, 'time_groups': 118, 'batch': 117, 'batches': 118, 'time_value': 1966.0, 'group_batches': 1, 'history_edges': 3153, 'elapsed_sec': 19.679985120892525, 'cuda_allocated_mb': 46, 'cuda_reserved_mb': 270, 'cuda_max_allocated_mb': 202}
{'event': 'train_progress', 'epoch': 16, 'batch': 118, 'batches': 118, 'time_group': 118, 'time_groups': 118, 'history_edges': 3153, 'pos_edges': 91, 'neg_edges': 91, 'loss_recent': 1.0852678776229732, 'elapsed_sec': 19.855493277311325, 'avg_sec_per_batch': 0.16826689218060445, 'cuda_allocated_mb': 49, 'cuda_reserved_mb': 270, 'cuda_max_allocated_mb': 202}
{'event': 'validation_start', 'epoch': 16}
{'event': 'validation_ranking_start', 'epoch': 16, 'max_edges': 150}
{'event': 'epoch_end', 'epoch': 16, 'early_stop_metric': 'val_composite', 'val_score': 0.26688169079842844, 'val_auc': 0.657239149515148, 'val_ap': 0.16089883421454013, 'val_ndcg': 0.8077040930109156, 'val_mrr': 0.13422899777879693, 'val_hits@1': 0.06333333333333334, 'val_hits@10': 0.31, 'val_hits@50': 0.48333333333333334, 'val_hits@100': 0.6166666666666667, 'elapsed_sec': 111.15666974708438}
{'event': 'epoch_start', 'epoch': 17, 'epochs': 24, 'batches': 118, 'time_groups': 118}
{'event': 'train_time_group', 'epoch': 17, 'time_group': 1, 'time_groups': 118, 'batch': 0, 'batches': 118, 'time_value': 600.0, 'group_batches': 1, 'history_edges': 0, 'elapsed_sec': 0.008431166410446167, 'cuda_allocated_mb': 46, 'cuda_reserved_mb': 270, 'cuda_max_allocated_mb': 202}
{'event': 'train_progress', 'epoch': 17, 'batch': 1, 'batches': 118, 'time_group': 1, 'time_groups': 118, 'history_edges': 0, 'pos_edges': 1, 'neg_edges': 1, 'loss_recent': 0.7887157797813416, 'elapsed_sec': 0.1243685856461525, 'avg_sec_per_batch': 0.1243685856461525, 'cuda_allocated_mb': 46, 'cuda_reserved_mb': 270, 'cuda_max_allocated_mb': 202}
{'event': 'train_progress', 'epoch': 17, 'batch': 100, 'batches': 118, 'time_group': 100, 'time_groups': 118, 'history_edges': 2144, 'pos_edges': 38, 'neg_edges': 38, 'loss_recent': 0.6631496605230496, 'elapsed_sec': 14.205247316509485, 'avg_sec_per_batch': 0.14205247316509484, 'cuda_allocated_mb': 47, 'cuda_reserved_mb': 270, 'cuda_max_allocated_mb': 202}
{'event': 'train_time_group', 'epoch': 17, 'time_group': 118, 'time_groups': 118, 'batch': 117, 'batches': 118, 'time_value': 1966.0, 'group_batches': 1, 'history_edges': 3153, 'elapsed_sec': 17.1854653917253, 'cuda_allocated_mb': 46, 'cuda_reserved_mb': 270, 'cuda_max_allocated_mb': 202}
{'event': 'train_progress', 'epoch': 17, 'batch': 118, 'batches': 118, 'time_group': 118, 'time_groups': 118, 'history_edges': 3153, 'pos_edges': 91, 'neg_edges': 91, 'loss_recent': 1.0148034414323046, 'elapsed_sec': 17.36591400578618, 'avg_sec_per_batch': 0.14716876276089982, 'cuda_allocated_mb': 48, 'cuda_reserved_mb': 270, 'cuda_max_allocated_mb': 202}
{'event': 'validation_start', 'epoch': 17}
{'event': 'validation_ranking_start', 'epoch': 17, 'max_edges': 150}
{'event': 'epoch_end', 'epoch': 17, 'early_stop_metric': 'val_composite', 'val_score': 0.27508521470688474, 'val_auc': 0.6843342949055965, 'val_ap': 0.17340920415865127, 'val_ndcg': 0.8140870623960907, 'val_mrr': 0.13889682619639634, 'val_hits@1': 0.06666666666666667, 'val_hits@10': 0.32, 'val_hits@50': 0.4533333333333333, 'val_hits@100': 0.58, 'elapsed_sec': 102.51523832976818}
{'event': 'epoch_start', 'epoch': 18, 'epochs': 24, 'batches': 118, 'time_groups': 118}
{'event': 'train_time_group', 'epoch': 18, 'time_group': 1, 'time_groups': 118, 'batch': 0, 'batches': 118, 'time_value': 600.0, 'group_batches': 1, 'history_edges': 0, 'elapsed_sec': 0.1509404107928276, 'cuda_allocated_mb': 46, 'cuda_reserved_mb': 270, 'cuda_max_allocated_mb': 202}
{'event': 'train_progress', 'epoch': 18, 'batch': 1, 'batches': 118, 'time_group': 1, 'time_groups': 118, 'history_edges': 0, 'pos_edges': 1, 'neg_edges': 1, 'loss_recent': 1.0648372173309326, 'elapsed_sec': 0.2665169797837734, 'avg_sec_per_batch': 0.2665169797837734, 'cuda_allocated_mb': 46, 'cuda_reserved_mb': 270, 'cuda_max_allocated_mb': 202}
{'event': 'train_progress', 'epoch': 18, 'batch': 100, 'batches': 118, 'time_group': 100, 'time_groups': 118, 'history_edges': 2144, 'pos_edges': 38, 'neg_edges': 38, 'loss_recent': 0.7306509077874943, 'elapsed_sec': 16.941478051245213, 'avg_sec_per_batch': 0.16941478051245212, 'cuda_allocated_mb': 47, 'cuda_reserved_mb': 270, 'cuda_max_allocated_mb': 202}
{'event': 'train_time_group', 'epoch': 18, 'time_group': 118, 'time_groups': 118, 'batch': 117, 'batches': 118, 'time_value': 1966.0, 'group_batches': 1, 'history_edges': 3153, 'elapsed_sec': 20.689532682299614, 'cuda_allocated_mb': 46, 'cuda_reserved_mb': 270, 'cuda_max_allocated_mb': 202}
{'event': 'train_progress', 'epoch': 18, 'batch': 118, 'batches': 118, 'time_group': 118, 'time_groups': 118, 'history_edges': 3153, 'pos_edges': 91, 'neg_edges': 91, 'loss_recent': 1.020784738366492, 'elapsed_sec': 20.94440358877182, 'avg_sec_per_batch': 0.1774949456675578, 'cuda_allocated_mb': 48, 'cuda_reserved_mb': 270, 'cuda_max_allocated_mb': 202}
{'event': 'validation_start', 'epoch': 18}
{'event': 'validation_ranking_start', 'epoch': 18, 'max_edges': 150}
{'event': 'epoch_end', 'epoch': 18, 'early_stop_metric': 'val_composite', 'val_score': 0.2766907882827093, 'val_auc': 0.6645207246399412, 'val_ap': 0.16288798781852146, 'val_ndcg': 0.8091470327198479, 'val_mrr': 0.1442337012118985, 'val_hits@1': 0.06666666666666667, 'val_hits@10': 0.33, 'val_hits@50': 0.49, 'val_hits@100': 0.6333333333333333, 'elapsed_sec': 113.68188944458961}
{'event': 'epoch_start', 'epoch': 19, 'epochs': 24, 'batches': 118, 'time_groups': 118}
{'event': 'train_time_group', 'epoch': 19, 'time_group': 1, 'time_groups': 118, 'batch': 0, 'batches': 118, 'time_value': 600.0, 'group_batches': 1, 'history_edges': 0, 'elapsed_sec': 0.008981354534626007, 'cuda_allocated_mb': 46, 'cuda_reserved_mb': 270, 'cuda_max_allocated_mb': 202}
{'event': 'train_progress', 'epoch': 19, 'batch': 1, 'batches': 118, 'time_group': 1, 'time_groups': 118, 'history_edges': 0, 'pos_edges': 1, 'neg_edges': 1, 'loss_recent': 0.039395712316036224, 'elapsed_sec': 0.14958806335926056, 'avg_sec_per_batch': 0.14958806335926056, 'cuda_allocated_mb': 46, 'cuda_reserved_mb': 270, 'cuda_max_allocated_mb': 202}
{'event': 'train_progress', 'epoch': 19, 'batch': 100, 'batches': 118, 'time_group': 100, 'time_groups': 118, 'history_edges': 2144, 'pos_edges': 38, 'neg_edges': 38, 'loss_recent': 0.7500742265954614, 'elapsed_sec': 17.956732157617807, 'avg_sec_per_batch': 0.17956732157617808, 'cuda_allocated_mb': 47, 'cuda_reserved_mb': 270, 'cuda_max_allocated_mb': 202}
{'event': 'train_time_group', 'epoch': 19, 'time_group': 118, 'time_groups': 118, 'batch': 117, 'batches': 118, 'time_value': 1966.0, 'group_batches': 1, 'history_edges': 3153, 'elapsed_sec': 21.593435630202293, 'cuda_allocated_mb': 46, 'cuda_reserved_mb': 270, 'cuda_max_allocated_mb': 202}
{'event': 'train_progress', 'epoch': 19, 'batch': 118, 'batches': 118, 'time_group': 118, 'time_groups': 118, 'history_edges': 3153, 'pos_edges': 91, 'neg_edges': 91, 'loss_recent': 1.0328034139843658, 'elapsed_sec': 21.77713505923748, 'avg_sec_per_batch': 0.18455199202743627, 'cuda_allocated_mb': 48, 'cuda_reserved_mb': 270, 'cuda_max_allocated_mb': 202}
{'event': 'validation_start', 'epoch': 19}
{'event': 'validation_ranking_start', 'epoch': 19, 'max_edges': 150}
{'event': 'epoch_end', 'epoch': 19, 'early_stop_metric': 'val_composite', 'val_score': 0.2803591999581092, 'val_auc': 0.6897771780506021, 'val_ap': 0.1738486157892518, 'val_ndcg': 0.8156504740425808, 'val_mrr': 0.1444560025658665, 'val_hits@1': 0.06666666666666667, 'val_hits@10': 0.33, 'val_hits@50': 0.4766666666666667, 'val_hits@100': 0.6133333333333333, 'elapsed_sec': 111.56960701569915}
{'event': 'epoch_start', 'epoch': 20, 'epochs': 24, 'batches': 118, 'time_groups': 118}
{'event': 'train_time_group', 'epoch': 20, 'time_group': 1, 'time_groups': 118, 'batch': 0, 'batches': 118, 'time_value': 600.0, 'group_batches': 1, 'history_edges': 0, 'elapsed_sec': 0.007858850061893463, 'cuda_allocated_mb': 46, 'cuda_reserved_mb': 270, 'cuda_max_allocated_mb': 202}
{'event': 'train_progress', 'epoch': 20, 'batch': 1, 'batches': 118, 'time_group': 1, 'time_groups': 118, 'history_edges': 0, 'pos_edges': 1, 'neg_edges': 1, 'loss_recent': 0.06936140358448029, 'elapsed_sec': 0.1414455659687519, 'avg_sec_per_batch': 0.1414455659687519, 'cuda_allocated_mb': 46, 'cuda_reserved_mb': 270, 'cuda_max_allocated_mb': 202}
{'event': 'train_progress', 'epoch': 20, 'batch': 100, 'batches': 118, 'time_group': 100, 'time_groups': 118, 'history_edges': 2144, 'pos_edges': 38, 'neg_edges': 38, 'loss_recent': 0.7350095096137375, 'elapsed_sec': 17.557530097663403, 'avg_sec_per_batch': 0.175575300976634, 'cuda_allocated_mb': 47, 'cuda_reserved_mb': 270, 'cuda_max_allocated_mb': 202}
{'event': 'train_time_group', 'epoch': 20, 'time_group': 118, 'time_groups': 118, 'batch': 117, 'batches': 118, 'time_value': 1966.0, 'group_batches': 1, 'history_edges': 3153, 'elapsed_sec': 21.133908946067095, 'cuda_allocated_mb': 46, 'cuda_reserved_mb': 270, 'cuda_max_allocated_mb': 202}
{'event': 'train_progress', 'epoch': 20, 'batch': 118, 'batches': 118, 'time_group': 118, 'time_groups': 118, 'history_edges': 3153, 'pos_edges': 91, 'neg_edges': 91, 'loss_recent': 1.0000359596824273, 'elapsed_sec': 21.3891724050045, 'avg_sec_per_batch': 0.18126417292376695, 'cuda_allocated_mb': 48, 'cuda_reserved_mb': 270, 'cuda_max_allocated_mb': 202}
{'event': 'validation_start', 'epoch': 20}
{'event': 'validation_ranking_start', 'epoch': 20, 'max_edges': 150}
{'event': 'epoch_end', 'epoch': 20, 'early_stop_metric': 'val_composite', 'val_score': 0.28240957291526, 'val_auc': 0.6995142866255378, 'val_ap': 0.17338217726094649, 'val_ndcg': 0.8154777734577899, 'val_mrr': 0.14375750929812414, 'val_hits@1': 0.06666666666666667, 'val_hits@10': 0.34, 'val_hits@50': 0.4866666666666667, 'val_hits@100': 0.6066666666666667, 'elapsed_sec': 112.60278061404824}
{'event': 'epoch_start', 'epoch': 21, 'epochs': 24, 'batches': 118, 'time_groups': 118}
{'event': 'train_time_group', 'epoch': 21, 'time_group': 1, 'time_groups': 118, 'batch': 0, 'batches': 118, 'time_value': 600.0, 'group_batches': 1, 'history_edges': 0, 'elapsed_sec': 0.008298680186271667, 'cuda_allocated_mb': 46, 'cuda_reserved_mb': 270, 'cuda_max_allocated_mb': 202}
{'event': 'train_progress', 'epoch': 21, 'batch': 1, 'batches': 118, 'time_group': 1, 'time_groups': 118, 'history_edges': 0, 'pos_edges': 1, 'neg_edges': 1, 'loss_recent': 0.0530049093067646, 'elapsed_sec': 0.14786946028470993, 'avg_sec_per_batch': 0.14786946028470993, 'cuda_allocated_mb': 46, 'cuda_reserved_mb': 270, 'cuda_max_allocated_mb': 202}
{'event': 'train_progress', 'epoch': 21, 'batch': 100, 'batches': 118, 'time_group': 100, 'time_groups': 118, 'history_edges': 2144, 'pos_edges': 38, 'neg_edges': 38, 'loss_recent': 0.6866838354663923, 'elapsed_sec': 17.582001868635416, 'avg_sec_per_batch': 0.17582001868635416, 'cuda_allocated_mb': 47, 'cuda_reserved_mb': 270, 'cuda_max_allocated_mb': 202}
{'event': 'train_time_group', 'epoch': 21, 'time_group': 118, 'time_groups': 118, 'batch': 117, 'batches': 118, 'time_value': 1966.0, 'group_batches': 1, 'history_edges': 3153, 'elapsed_sec': 21.12800097465515, 'cuda_allocated_mb': 46, 'cuda_reserved_mb': 270, 'cuda_max_allocated_mb': 202}
{'event': 'train_progress', 'epoch': 21, 'batch': 118, 'batches': 118, 'time_group': 118, 'time_groups': 118, 'history_edges': 3153, 'pos_edges': 91, 'neg_edges': 91, 'loss_recent': 0.9735240330407396, 'elapsed_sec': 21.38286316022277, 'avg_sec_per_batch': 0.18121070474765058, 'cuda_allocated_mb': 48, 'cuda_reserved_mb': 270, 'cuda_max_allocated_mb': 202}
{'event': 'validation_start', 'epoch': 21}
{'event': 'validation_ranking_start', 'epoch': 21, 'max_edges': 150}
{'event': 'epoch_end', 'epoch': 21, 'early_stop_metric': 'val_composite', 'val_score': 0.28542663094837395, 'val_auc': 0.7068409040629469, 'val_ap': 0.17024008714325697, 'val_ndcg': 0.8129467671873434, 'val_mrr': 0.14784112524334078, 'val_hits@1': 0.06666666666666667, 'val_hits@10': 0.3466666666666667, 'val_hits@50': 0.47, 'val_hits@100': 0.63, 'elapsed_sec': 111.17860363796353}
{'event': 'epoch_start', 'epoch': 22, 'epochs': 24, 'batches': 118, 'time_groups': 118}
{'event': 'train_time_group', 'epoch': 22, 'time_group': 1, 'time_groups': 118, 'batch': 0, 'batches': 118, 'time_value': 600.0, 'group_batches': 1, 'history_edges': 0, 'elapsed_sec': 0.007364973425865173, 'cuda_allocated_mb': 46, 'cuda_reserved_mb': 270, 'cuda_max_allocated_mb': 202}
{'event': 'train_progress', 'epoch': 22, 'batch': 1, 'batches': 118, 'time_group': 1, 'time_groups': 118, 'history_edges': 0, 'pos_edges': 1, 'neg_edges': 1, 'loss_recent': 0.4187341332435608, 'elapsed_sec': 0.1344928778707981, 'avg_sec_per_batch': 0.1344928778707981, 'cuda_allocated_mb': 46, 'cuda_reserved_mb': 270, 'cuda_max_allocated_mb': 202}
{'event': 'train_progress', 'epoch': 22, 'batch': 100, 'batches': 118, 'time_group': 100, 'time_groups': 118, 'history_edges': 2144, 'pos_edges': 38, 'neg_edges': 38, 'loss_recent': 0.6328915831167251, 'elapsed_sec': 17.761430364102125, 'avg_sec_per_batch': 0.17761430364102127, 'cuda_allocated_mb': 47, 'cuda_reserved_mb': 270, 'cuda_max_allocated_mb': 202}
{'event': 'train_time_group', 'epoch': 22, 'time_group': 118, 'time_groups': 118, 'batch': 117, 'batches': 118, 'time_value': 1966.0, 'group_batches': 1, 'history_edges': 3153, 'elapsed_sec': 21.409330524504185, 'cuda_allocated_mb': 46, 'cuda_reserved_mb': 270, 'cuda_max_allocated_mb': 202}
{'event': 'train_progress', 'epoch': 22, 'batch': 118, 'batches': 118, 'time_group': 118, 'time_groups': 118, 'history_edges': 3153, 'pos_edges': 91, 'neg_edges': 91, 'loss_recent': 0.9146918022353202, 'elapsed_sec': 21.678826607763767, 'avg_sec_per_batch': 0.18371886955732006, 'cuda_allocated_mb': 49, 'cuda_reserved_mb': 270, 'cuda_max_allocated_mb': 202}
{'event': 'validation_start', 'epoch': 22}
{'event': 'validation_ranking_start', 'epoch': 22, 'max_edges': 150}
{'event': 'epoch_end', 'epoch': 22, 'early_stop_metric': 'val_composite', 'val_score': 0.29052444317192094, 'val_auc': 0.7131112281138567, 'val_ap': 0.17193465041448344, 'val_ndcg': 0.8120274015566953, 'val_mrr': 0.1517518880967721, 'val_hits@1': 0.07, 'val_hits@10': 0.36, 'val_hits@50': 0.4766666666666667, 'val_hits@100': 0.6, 'elapsed_sec': 112.452263597399}
{'event': 'epoch_start', 'epoch': 23, 'epochs': 24, 'batches': 118, 'time_groups': 118}
{'event': 'train_time_group', 'epoch': 23, 'time_group': 1, 'time_groups': 118, 'batch': 0, 'batches': 118, 'time_value': 600.0, 'group_batches': 1, 'history_edges': 0, 'elapsed_sec': 0.14399778470396996, 'cuda_allocated_mb': 46, 'cuda_reserved_mb': 270, 'cuda_max_allocated_mb': 202}
{'event': 'train_progress', 'epoch': 23, 'batch': 1, 'batches': 118, 'time_group': 1, 'time_groups': 118, 'history_edges': 0, 'pos_edges': 1, 'neg_edges': 1, 'loss_recent': 0.757932722568512, 'elapsed_sec': 0.2684512808918953, 'avg_sec_per_batch': 0.2684512808918953, 'cuda_allocated_mb': 46, 'cuda_reserved_mb': 270, 'cuda_max_allocated_mb': 202}
{'event': 'train_progress', 'epoch': 23, 'batch': 100, 'batches': 118, 'time_group': 100, 'time_groups': 118, 'history_edges': 2144, 'pos_edges': 38, 'neg_edges': 38, 'loss_recent': 0.6284396058320999, 'elapsed_sec': 17.502886295318604, 'avg_sec_per_batch': 0.17502886295318604, 'cuda_allocated_mb': 47, 'cuda_reserved_mb': 270, 'cuda_max_allocated_mb': 202}
{'event': 'train_time_group', 'epoch': 23, 'time_group': 118, 'time_groups': 118, 'batch': 117, 'batches': 118, 'time_value': 1966.0, 'group_batches': 1, 'history_edges': 3153, 'elapsed_sec': 21.079414770007133, 'cuda_allocated_mb': 46, 'cuda_reserved_mb': 270, 'cuda_max_allocated_mb': 202}
{'event': 'train_progress', 'epoch': 23, 'batch': 118, 'batches': 118, 'time_group': 118, 'time_groups': 118, 'history_edges': 3153, 'pos_edges': 91, 'neg_edges': 91, 'loss_recent': 0.9099820371670648, 'elapsed_sec': 21.33583965525031, 'avg_sec_per_batch': 0.18081220046822297, 'cuda_allocated_mb': 48, 'cuda_reserved_mb': 270, 'cuda_max_allocated_mb': 202}
{'event': 'validation_start', 'epoch': 23}
{'event': 'validation_ranking_start', 'epoch': 23, 'max_edges': 150}
{'event': 'epoch_end', 'epoch': 23, 'early_stop_metric': 'val_composite', 'val_score': 0.2862138261549179, 'val_auc': 0.7119672531517394, 'val_ap': 0.1759977435617104, 'val_ndcg': 0.8168093356608737, 'val_mrr': 0.14773640346064074, 'val_hits@1': 0.06666666666666667, 'val_hits@10': 0.3433333333333333, 'val_hits@50': 0.47333333333333333, 'val_hits@100': 0.6166666666666667, 'elapsed_sec': 112.33942985907197}
{'event': 'epoch_start', 'epoch': 24, 'epochs': 24, 'batches': 118, 'time_groups': 118}
{'event': 'train_time_group', 'epoch': 24, 'time_group': 1, 'time_groups': 118, 'batch': 0, 'batches': 118, 'time_value': 600.0, 'group_batches': 1, 'history_edges': 0, 'elapsed_sec': 0.008369632065296173, 'cuda_allocated_mb': 46, 'cuda_reserved_mb': 270, 'cuda_max_allocated_mb': 202}
{'event': 'train_progress', 'epoch': 24, 'batch': 1, 'batches': 118, 'time_group': 1, 'time_groups': 118, 'history_edges': 0, 'pos_edges': 1, 'neg_edges': 1, 'loss_recent': 0.9675962328910828, 'elapsed_sec': 0.13568443432450294, 'avg_sec_per_batch': 0.13568443432450294, 'cuda_allocated_mb': 46, 'cuda_reserved_mb': 270, 'cuda_max_allocated_mb': 202}
{'event': 'train_progress', 'epoch': 24, 'batch': 100, 'batches': 118, 'time_group': 100, 'time_groups': 118, 'history_edges': 2144, 'pos_edges': 38, 'neg_edges': 38, 'loss_recent': 0.7009954931330867, 'elapsed_sec': 17.62795612961054, 'avg_sec_per_batch': 0.1762795612961054, 'cuda_allocated_mb': 47, 'cuda_reserved_mb': 270, 'cuda_max_allocated_mb': 202}
{'event': 'train_time_group', 'epoch': 24, 'time_group': 118, 'time_groups': 118, 'batch': 117, 'batches': 118, 'time_value': 1966.0, 'group_batches': 1, 'history_edges': 3153, 'elapsed_sec': 21.2192225754261, 'cuda_allocated_mb': 46, 'cuda_reserved_mb': 270, 'cuda_max_allocated_mb': 202}
{'event': 'train_progress', 'epoch': 24, 'batch': 118, 'batches': 118, 'time_group': 118, 'time_groups': 118, 'history_edges': 3153, 'pos_edges': 91, 'neg_edges': 91, 'loss_recent': 0.8544787951349281, 'elapsed_sec': 21.41752665862441, 'avg_sec_per_batch': 0.18150446320868144, 'cuda_allocated_mb': 48, 'cuda_reserved_mb': 270, 'cuda_max_allocated_mb': 202}
{'event': 'validation_start', 'epoch': 24}
{'event': 'validation_ranking_start', 'epoch': 24, 'max_edges': 150}
{'event': 'epoch_end', 'epoch': 24, 'early_stop_metric': 'val_composite', 'val_score': 0.28727335374818785, 'val_auc': 0.7008498392665972, 'val_ap': 0.17360283828412526, 'val_ndcg': 0.8155987927575187, 'val_mrr': 0.14792778019964128, 'val_hits@1': 0.06666666666666667, 'val_hits@10': 0.35333333333333333, 'val_hits@50': 0.44, 'val_hits@100': 0.6033333333333334, 'elapsed_sec': 110.52011690661311}
{'dataset': 'yago15k-temporal', 'method': 'ssptgfm', 'scenario': 'standard', 'ablation': 'full', 'few_shot_ratio': 1.0, 'seed': 2, 'train_edges': 3244, 'val_edges': 6738, 'test_edges': 26719, 'params_trainable': 974867, 'params_total': 974916, 'rough_forward_flops': 221349888, 'train_eval_time_sec': 2956.0104604400694, 'allocated_mb': 29.890625, 'reserved_mb': 270.0, 'max_allocated_mb': 202.76123046875, 'val_auc': 0.7131112303164686, 'val_ap': 0.17193465129386057, 'val_ndcg': 0.8120274019214734, 'val_mrr': 0.1517518880967721, 'val_hits@1': 0.07, 'val_hits@10': 0.36, 'val_hits@50': 0.4766666666666667, 'val_hits@100': 0.6, 'train_loss': 0.8083304270107489, 'train_lp': 0.10572110489587205, 'train_align': 123.76144071232717, 'train_kl': 814.2947566145557, 'train_ood_reg': 0.23630476275743065, 'train_meta': 0.15307276527375568, 'train_struct_aux': 1.3709813706414251, 'train_weighted_align': 0.6188071926767638, 'train_weighted_kl': 0.0814294737163868, 'train_weighted_ood_reg': 0.00023630477369159176, 'train_weighted_meta': 0.0007653638055579163, 'train_weighted_struct_aux': 0.0013709814404467208, 'train_rank': 0.014832999363388435, 'train_weighted_rank': 1.4833000026380906e-05, 'test_auc': 0.679747946099509, 'test_ap': 0.14100495441409655, 'test_ndcg': 0.8181245866842931, 'test_mrr': 0.12447288798580937, 'test_hits@1': 0.05333333333333334, 'test_hits@10': 0.255, 'test_hits@50': 0.4483333333333333, 'test_hits@100': 0.55}
