
$ /root/miniconda3/bin/python -u scripts/search_hparams.py --config configs/auto_target/ssptgfm_search_yago15k_temporal_history_decay_fastscan.yaml --output results/auto_target_fastscan_yago15k/search_yago15k_temporal_history_decay_fastscan --resume
runtime_device=cuda
cuda_device=Tesla V100-PCIE-32GB
{'event': 'candidate_seed_start', 'candidate': 'history_decay_fastscan_h128_r16_a16_p4x4_l1_neg2_lr0p001_hp0p25_decay_rank28_rl0_m1', 'seed': 1, 'device': 'cuda', 'node_text_device': 'cuda:0'}
{'event': 'train_seed_start', 'seed': 1, 'train_edges': 3244, 'val_edges': 6738, 'test_edges': 26719, 'num_nodes': 4197, 'num_relations': 19}
{'event': 'train_seed_tensors_ready', 'seed': 1, 'elapsed_sec': 0.005466721951961517, 'cuda_allocated_mb': 11, 'cuda_reserved_mb': 24, 'cuda_max_allocated_mb': 11}
{'event': 'train_known_facts_ready', 'seed': 1, 'scope': 'train', 'edges': 3244, 'elapsed_sec': 0.00705777108669281}
{'event': 'train_known_facts_ready', 'seed': 1, 'scope': 'train_val', 'edges': 9982, 'elapsed_sec': 0.008277025073766708}
{'event': 'train_sampler_ready', 'seed': 1, 'elapsed_sec': 0.009837701916694641}
{'event': 'val_sampler_ready', 'seed': 1, 'elapsed_sec': 0.011205911636352539}
{'event': 'epoch_start', 'epoch': 1, 'epochs': 1, 'batches': 118, 'time_groups': 118}
{'event': 'train_time_group', 'epoch': 1, 'time_group': 1, 'time_groups': 118, 'batch': 0, 'batches': 118, 'time_value': 600.0, 'group_batches': 1, 'history_edges': 0, 'elapsed_sec': 0.015916608273983, 'cuda_allocated_mb': 11, 'cuda_reserved_mb': 24, 'cuda_max_allocated_mb': 11}
{'event': 'train_progress', 'epoch': 1, 'batch': 1, 'batches': 118, 'time_group': 1, 'time_groups': 118, 'history_edges': 0, 'pos_edges': 1, 'neg_edges': 2, 'loss_recent': 0.7735781669616699, 'elapsed_sec': 1.0290620476007462, 'avg_sec_per_batch': 1.0290620476007462, 'cuda_allocated_mb': 53, 'cuda_reserved_mb': 114, 'cuda_max_allocated_mb': 101}
{'event': 'train_progress', 'epoch': 1, 'batch': 100, 'batches': 118, 'time_group': 100, 'time_groups': 118, 'history_edges': 2144, 'pos_edges': 38, 'neg_edges': 76, 'loss_recent': 2.4453888899087906, 'elapsed_sec': 29.85090084373951, 'avg_sec_per_batch': 0.2985090084373951, 'cuda_allocated_mb': 57, 'cuda_reserved_mb': 272, 'cuda_max_allocated_mb': 227}
{'event': 'train_time_group', 'epoch': 1, 'time_group': 118, 'time_groups': 118, 'batch': 117, 'batches': 118, 'time_value': 1966.0, 'group_batches': 1, 'history_edges': 3153, 'elapsed_sec': 38.060288455337286, 'cuda_allocated_mb': 56, 'cuda_reserved_mb': 292, 'cuda_max_allocated_mb': 257}
{'event': 'train_progress', 'epoch': 1, 'batch': 118, 'batches': 118, 'time_group': 118, 'time_groups': 118, 'history_edges': 3153, 'pos_edges': 91, 'neg_edges': 182, 'loss_recent': 3.362499205470085, 'elapsed_sec': 38.68649501353502, 'avg_sec_per_batch': 0.32785165265707644, 'cuda_allocated_mb': 59, 'cuda_reserved_mb': 292, 'cuda_max_allocated_mb': 262}
{'event': 'validation_start', 'epoch': 1}
{'event': 'validation_ranking_start', 'epoch': 1, 'max_edges': 20}

$ /root/miniconda3/bin/python -u scripts/search_hparams.py --config configs/auto_target/ssptgfm_search_yago15k_temporal_history_decay_fastscan.yaml --output results/auto_target_fastscan_yago15k_v2/search_yago15k_temporal_history_decay_fastscan --resume
runtime_device=cuda
cuda_device=Tesla V100-PCIE-32GB
{'event': 'candidate_seed_start', 'candidate': 'history_decay_fastscan_h128_r16_a16_p4x4_l1_neg2_lr0p001_hp0p25_decay_rank28_rl0_m1', 'seed': 1, 'device': 'cuda', 'node_text_device': 'cuda:0'}
{'event': 'train_seed_start', 'seed': 1, 'train_edges': 3244, 'val_edges': 6738, 'test_edges': 26719, 'num_nodes': 4197, 'num_relations': 19}
{'event': 'train_seed_tensors_ready', 'seed': 1, 'elapsed_sec': 0.005450822412967682, 'cuda_allocated_mb': 11, 'cuda_reserved_mb': 24, 'cuda_max_allocated_mb': 11}
{'event': 'train_known_facts_ready', 'seed': 1, 'scope': 'train', 'edges': 3244, 'elapsed_sec': 0.007275160402059555}
{'event': 'train_known_facts_ready', 'seed': 1, 'scope': 'train_val', 'edges': 9982, 'elapsed_sec': 0.00847427174448967}
{'event': 'train_sampler_ready', 'seed': 1, 'elapsed_sec': 0.010128546506166458}
{'event': 'val_sampler_ready', 'seed': 1, 'elapsed_sec': 0.011600848287343979}
{'event': 'epoch_start', 'epoch': 1, 'epochs': 1, 'batches': 118, 'time_groups': 118}
{'event': 'train_time_group', 'epoch': 1, 'time_group': 1, 'time_groups': 118, 'batch': 0, 'batches': 118, 'time_value': 600.0, 'group_batches': 1, 'history_edges': 0, 'elapsed_sec': 0.016736216843128204, 'cuda_allocated_mb': 11, 'cuda_reserved_mb': 24, 'cuda_max_allocated_mb': 11}
{'event': 'train_progress', 'epoch': 1, 'batch': 1, 'batches': 118, 'time_group': 1, 'time_groups': 118, 'history_edges': 0, 'pos_edges': 1, 'neg_edges': 2, 'loss_recent': 0.7735781669616699, 'elapsed_sec': 1.2002033777534962, 'avg_sec_per_batch': 1.2002033777534962, 'cuda_allocated_mb': 53, 'cuda_reserved_mb': 114, 'cuda_max_allocated_mb': 101}
{'event': 'train_progress', 'epoch': 1, 'batch': 100, 'batches': 118, 'time_group': 100, 'time_groups': 118, 'history_edges': 2144, 'pos_edges': 38, 'neg_edges': 76, 'loss_recent': 2.4453889629244805, 'elapsed_sec': 30.554020009934902, 'avg_sec_per_batch': 0.305540200099349, 'cuda_allocated_mb': 57, 'cuda_reserved_mb': 272, 'cuda_max_allocated_mb': 227}
{'event': 'train_time_group', 'epoch': 1, 'time_group': 118, 'time_groups': 118, 'batch': 117, 'batches': 118, 'time_value': 1966.0, 'group_batches': 1, 'history_edges': 3153, 'elapsed_sec': 38.70782193541527, 'cuda_allocated_mb': 56, 'cuda_reserved_mb': 292, 'cuda_max_allocated_mb': 257}
{'event': 'train_progress', 'epoch': 1, 'batch': 118, 'batches': 118, 'time_group': 118, 'time_groups': 118, 'history_edges': 3153, 'pos_edges': 91, 'neg_edges': 182, 'loss_recent': 3.3624992910027505, 'elapsed_sec': 39.34766124933958, 'avg_sec_per_batch': 0.33345475635033545, 'cuda_allocated_mb': 59, 'cuda_reserved_mb': 292, 'cuda_max_allocated_mb': 262}
{'event': 'validation_start', 'epoch': 1}
{'event': 'validation_ranking_start', 'epoch': 1, 'max_edges': 5}
{'event': 'epoch_end', 'epoch': 1, 'early_stop_metric': 'val_composite', 'val_score': 0.22449276158816484, 'val_auc': 0.8768585205078124, 'val_ap': 0.6567574370663447, 'val_ndcg': 0.8947942456250603, 'val_mrr': 0.054760770209929956, 'val_hits@1': 0.0, 'val_hits@10': 0.2, 'val_hits@50': 0.6, 'val_hits@100': 0.6, 'elapsed_sec': 86.47835022956133}
{'candidate': 'history_decay_fastscan_h128_r16_a16_p4x4_l1_neg2_lr0p001_hp0p25_decay_rank28_rl0_m1', 'seed': 1, 'composite': nan, 'val_auc': 0.8768585205078124, 'val_ap': 0.6567574370663447, 'val_ndcg': 0.8947942456250603, 'val_mrr': 0.054760770209929956, 'val_hits@1': 0.0, 'val_hits@10': 0.2, 'val_hits@50': 0.6, 'val_hits@100': 0.6, 'train_loss': 2.964664507467868, 'train_lp': 0.46872661351147343, 'train_align': 465.7859564150794, 'train_kl': 1643.2159587407516, 'train_ood_reg': 0.23678891777487124, 'train_meta': 0.4899531407123905, 'train_weighted_align': 2.328929737494406, 'train_weighted_kl': 0.16432159135938953, 'train_weighted_ood_reg': 0.00023678892898329896, 'train_weighted_meta': 0.002449765649867852}
{'event': 'candidate_seed_start', 'candidate': 'history_decay_fastscan_h128_r16_a16_p4x4_l1_neg2_lr0p001_hp0p25_decay_rank28_rl0_m1', 'seed': 2, 'device': 'cuda', 'node_text_device': 'cuda:0'}
{'event': 'train_seed_start', 'seed': 2, 'train_edges': 3244, 'val_edges': 6738, 'test_edges': 26719, 'num_nodes': 4197, 'num_relations': 19}
{'event': 'train_seed_tensors_ready', 'seed': 2, 'elapsed_sec': 0.033778004348278046, 'cuda_allocated_mb': 27, 'cuda_reserved_mb': 44, 'cuda_max_allocated_mb': 262}
{'event': 'train_known_facts_ready', 'seed': 2, 'scope': 'train', 'edges': 3244, 'elapsed_sec': 0.035656820982694626}
{'event': 'train_known_facts_ready', 'seed': 2, 'scope': 'train_val', 'edges': 9982, 'elapsed_sec': 0.036968767642974854}
{'event': 'train_sampler_ready', 'seed': 2, 'elapsed_sec': 0.038651712238788605}
{'event': 'val_sampler_ready', 'seed': 2, 'elapsed_sec': 0.040107496082782745}
{'event': 'epoch_start', 'epoch': 1, 'epochs': 1, 'batches': 118, 'time_groups': 118}
{'event': 'train_time_group', 'epoch': 1, 'time_group': 1, 'time_groups': 118, 'batch': 0, 'batches': 118, 'time_value': 600.0, 'group_batches': 1, 'history_edges': 0, 'elapsed_sec': 0.00522753968834877, 'cuda_allocated_mb': 27, 'cuda_reserved_mb': 44, 'cuda_max_allocated_mb': 262}
{'event': 'train_progress', 'epoch': 1, 'batch': 1, 'batches': 118, 'time_group': 1, 'time_groups': 118, 'history_edges': 0, 'pos_edges': 1, 'neg_edges': 2, 'loss_recent': 0.7282893657684326, 'elapsed_sec': 0.14815142005681992, 'avg_sec_per_batch': 0.14815142005681992, 'cuda_allocated_mb': 53, 'cuda_reserved_mb': 114, 'cuda_max_allocated_mb': 262}
{'event': 'train_progress', 'epoch': 1, 'batch': 100, 'batches': 118, 'time_group': 100, 'time_groups': 118, 'history_edges': 2144, 'pos_edges': 38, 'neg_edges': 76, 'loss_recent': 2.417290071249008, 'elapsed_sec': 32.31331406161189, 'avg_sec_per_batch': 0.3231331406161189, 'cuda_allocated_mb': 57, 'cuda_reserved_mb': 272, 'cuda_max_allocated_mb': 262}
{'event': 'train_time_group', 'epoch': 1, 'time_group': 118, 'time_groups': 118, 'batch': 117, 'batches': 118, 'time_value': 1966.0, 'group_batches': 1, 'history_edges': 3153, 'elapsed_sec': 41.434468775987625, 'cuda_allocated_mb': 56, 'cuda_reserved_mb': 292, 'cuda_max_allocated_mb': 262}
{'event': 'train_progress', 'epoch': 1, 'batch': 118, 'batches': 118, 'time_group': 118, 'time_groups': 118, 'history_edges': 3153, 'pos_edges': 91, 'neg_edges': 182, 'loss_recent': 3.3496922332048418, 'elapsed_sec': 42.03754620626569, 'avg_sec_per_batch': 0.3562503915785228, 'cuda_allocated_mb': 59, 'cuda_reserved_mb': 292, 'cuda_max_allocated_mb': 262}
{'event': 'validation_start', 'epoch': 1}
{'event': 'validation_ranking_start', 'epoch': 1, 'max_edges': 5}

$ /root/miniconda3/bin/python -u scripts/search_hparams.py --config configs/auto_target/ssptgfm_search_yago15k_temporal_history_decay_fastscan.yaml --output results/auto_target_yago15k_history_decay_fastscan/search_yago15k_temporal_history_decay_fastscan --resume
runtime_device=cuda
cuda_device=Tesla V100-PCIE-32GB
{'event': 'candidate_seed_start', 'candidate': 'history_decay_fastscan_h128_r16_a16_p4x4_l1_neg2_lr0p001_hp0p25_decay_rank28_rl0_m1', 'seed': 1, 'device': 'cuda', 'node_text_device': 'cuda:0'}
{'event': 'train_seed_start', 'seed': 1, 'train_edges': 3244, 'val_edges': 6738, 'test_edges': 26719, 'num_nodes': 4197, 'num_relations': 19}
{'event': 'train_seed_tensors_ready', 'seed': 1, 'elapsed_sec': 0.009151961654424667, 'cuda_allocated_mb': 11, 'cuda_reserved_mb': 24, 'cuda_max_allocated_mb': 11}
{'event': 'train_known_facts_ready', 'seed': 1, 'scope': 'train', 'edges': 3244, 'elapsed_sec': 0.01065026968717575}
{'event': 'train_known_facts_ready', 'seed': 1, 'scope': 'train_val', 'edges': 9982, 'elapsed_sec': 0.011953864246606827}
{'event': 'train_sampler_ready', 'seed': 1, 'elapsed_sec': 0.013806700706481934}
{'event': 'val_sampler_ready', 'seed': 1, 'elapsed_sec': 0.015419546514749527}
{'event': 'epoch_start', 'epoch': 1, 'epochs': 1, 'batches': 118, 'time_groups': 118}
{'event': 'train_time_group', 'epoch': 1, 'time_group': 1, 'time_groups': 118, 'batch': 0, 'batches': 118, 'time_value': 600.0, 'group_batches': 1, 'history_edges': 0, 'elapsed_sec': 0.01727347820997238, 'cuda_allocated_mb': 11, 'cuda_reserved_mb': 24, 'cuda_max_allocated_mb': 11}
{'event': 'train_progress', 'epoch': 1, 'batch': 1, 'batches': 118, 'time_group': 1, 'time_groups': 118, 'history_edges': 0, 'pos_edges': 1, 'neg_edges': 2, 'loss_recent': 0.7735781669616699, 'elapsed_sec': 1.0447830557823181, 'avg_sec_per_batch': 1.0447830557823181, 'cuda_allocated_mb': 53, 'cuda_reserved_mb': 114, 'cuda_max_allocated_mb': 101}
{'event': 'train_progress', 'epoch': 1, 'batch': 100, 'batches': 118, 'time_group': 100, 'time_groups': 118, 'history_edges': 2144, 'pos_edges': 38, 'neg_edges': 76, 'loss_recent': 2.4453889575600622, 'elapsed_sec': 23.26529947668314, 'avg_sec_per_batch': 0.2326529947668314, 'cuda_allocated_mb': 57, 'cuda_reserved_mb': 272, 'cuda_max_allocated_mb': 227}
{'event': 'train_time_group', 'epoch': 1, 'time_group': 118, 'time_groups': 118, 'batch': 117, 'batches': 118, 'time_value': 1966.0, 'group_batches': 1, 'history_edges': 3153, 'elapsed_sec': 28.69801915064454, 'cuda_allocated_mb': 56, 'cuda_reserved_mb': 292, 'cuda_max_allocated_mb': 257}
{'event': 'train_progress', 'epoch': 1, 'batch': 118, 'batches': 118, 'time_group': 118, 'time_groups': 118, 'history_edges': 3153, 'pos_edges': 91, 'neg_edges': 182, 'loss_recent': 3.3624993124604226, 'elapsed_sec': 29.069444835186005, 'avg_sec_per_batch': 0.24635122741683055, 'cuda_allocated_mb': 59, 'cuda_reserved_mb': 292, 'cuda_max_allocated_mb': 262}
{'event': 'validation_start', 'epoch': 1}
{'event': 'validation_ranking_start', 'epoch': 1, 'max_edges': 5}
{'event': 'epoch_end', 'epoch': 1, 'early_stop_metric': 'val_composite', 'val_score': 0.22449276158816484, 'val_auc': 0.8768585205078124, 'val_ap': 0.6567574370663447, 'val_ndcg': 0.8947942456250603, 'val_mrr': 0.054760770209929956, 'val_hits@1': 0.0, 'val_hits@10': 0.2, 'val_hits@50': 0.6, 'val_hits@100': 0.6, 'elapsed_sec': 50.86438887938857}
{'candidate': 'history_decay_fastscan_h128_r16_a16_p4x4_l1_neg2_lr0p001_hp0p25_decay_rank28_rl0_m1', 'seed': 1, 'composite': nan, 'val_auc': 0.8768585205078124, 'val_ap': 0.6567574370663447, 'val_ndcg': 0.8947942456250603, 'val_mrr': 0.054760770209929956, 'val_hits@1': 0.0, 'val_hits@10': 0.2, 'val_hits@50': 0.6, 'val_hits@100': 0.6, 'train_loss': 2.964664525147212, 'train_lp': 0.4687266151531268, 'train_align': 465.78595888210555, 'train_kl': 1643.2160007024215, 'train_ood_reg': 0.23678891827999535, 'train_meta': 0.489953148762806, 'train_weighted_align': 2.328929757746726, 'train_weighted_kl': 0.1643215952030683, 'train_weighted_ood_reg': 0.00023678892947658422, 'train_weighted_meta': 0.0024497656863709614}
{'event': 'candidate_summary', 'candidate': 'history_decay_fastscan_h128_r16_a16_p4x4_l1_neg2_lr0p001_hp0p25_decay_rank28_rl0_m1', 'score': 0.22449276158816484, 'passes_metric_minima': True, 'means': {'val_auc': 0.8768585205078124, 'val_ap': 0.6567574370663447, 'val_mrr': 0.054760770209929956, 'val_hits@10': 0.2, 'val_ndcg': 0.8947942456250603}, 'seeds_completed': 1}
{'event': 'candidate_seed_start', 'candidate': 'history_decay_fastscan_h128_r16_a16_p4x4_l1_neg2_lr0p001_hp0p25_decay_rank28_rl0p05_m1', 'seed': 1, 'device': 'cuda', 'node_text_device': 'cuda:0'}
{'event': 'train_seed_start', 'seed': 1, 'train_edges': 3244, 'val_edges': 6738, 'test_edges': 26719, 'num_nodes': 4197, 'num_relations': 19}
{'event': 'train_seed_tensors_ready', 'seed': 1, 'elapsed_sec': 0.021254003047943115, 'cuda_allocated_mb': 27, 'cuda_reserved_mb': 44, 'cuda_max_allocated_mb': 262}
{'event': 'train_known_facts_ready', 'seed': 1, 'scope': 'train', 'edges': 3244, 'elapsed_sec': 0.02295246347784996}
{'event': 'train_known_facts_ready', 'seed': 1, 'scope': 'train_val', 'edges': 9982, 'elapsed_sec': 0.02428695186972618}
{'event': 'train_sampler_ready', 'seed': 1, 'elapsed_sec': 0.02601597085595131}
{'event': 'val_sampler_ready', 'seed': 1, 'elapsed_sec': 0.027438662946224213}
{'event': 'epoch_start', 'epoch': 1, 'epochs': 1, 'batches': 118, 'time_groups': 118}
{'event': 'train_time_group', 'epoch': 1, 'time_group': 1, 'time_groups': 118, 'batch': 0, 'batches': 118, 'time_value': 600.0, 'group_batches': 1, 'history_edges': 0, 'elapsed_sec': 0.005565430968999863, 'cuda_allocated_mb': 27, 'cuda_reserved_mb': 44, 'cuda_max_allocated_mb': 262}
{'event': 'train_progress', 'epoch': 1, 'batch': 1, 'batches': 118, 'time_group': 1, 'time_groups': 118, 'history_edges': 0, 'pos_edges': 1, 'neg_edges': 2, 'loss_recent': 0.7735781669616699, 'elapsed_sec': 0.18442321568727493, 'avg_sec_per_batch': 0.18442321568727493, 'cuda_allocated_mb': 53, 'cuda_reserved_mb': 114, 'cuda_max_allocated_mb': 262}
{'event': 'train_progress', 'epoch': 1, 'batch': 100, 'batches': 118, 'time_group': 100, 'time_groups': 118, 'history_edges': 2144, 'pos_edges': 38, 'neg_edges': 76, 'loss_recent': 2.4295527048408987, 'elapsed_sec': 21.738433811813593, 'avg_sec_per_batch': 0.21738433811813593, 'cuda_allocated_mb': 57, 'cuda_reserved_mb': 272, 'cuda_max_allocated_mb': 262}
{'event': 'train_time_group', 'epoch': 1, 'time_group': 118, 'time_groups': 118, 'batch': 117, 'batches': 118, 'time_value': 1966.0, 'group_batches': 1, 'history_edges': 3153, 'elapsed_sec': 26.831176463514566, 'cuda_allocated_mb': 56, 'cuda_reserved_mb': 292, 'cuda_max_allocated_mb': 262}
{'event': 'train_progress', 'epoch': 1, 'batch': 118, 'batches': 118, 'time_group': 118, 'time_groups': 118, 'history_edges': 3153, 'pos_edges': 91, 'neg_edges': 182, 'loss_recent': 3.3427268154919147, 'elapsed_sec': 27.214231118559837, 'avg_sec_per_batch': 0.23062907727593082, 'cuda_allocated_mb': 59, 'cuda_reserved_mb': 292, 'cuda_max_allocated_mb': 262}
{'event': 'validation_start', 'epoch': 1}
{'event': 'validation_ranking_start', 'epoch': 1, 'max_edges': 5}
{'event': 'epoch_end', 'epoch': 1, 'early_stop_metric': 'val_composite', 'val_score': 0.23227750158993213, 'val_auc': 0.883392333984375, 'val_ap': 0.6724357491306993, 'val_ndcg': 0.9000606958730389, 'val_mrr': 0.06354289692410643, 'val_hits@1': 0.0, 'val_hits@10': 0.2, 'val_hits@50': 0.5, 'val_hits@100': 0.7, 'elapsed_sec': 49.482542127370834}
{'candidate': 'history_decay_fastscan_h128_r16_a16_p4x4_l1_neg2_lr0p001_hp0p25_decay_rank28_rl0p05_m1', 'seed': 1, 'composite': nan, 'val_auc': 0.883392333984375, 'val_ap': 0.6724357491306993, 'val_ndcg': 0.9000606958730389, 'val_mrr': 0.06354289692410643, 'val_hits@1': 0.0, 'val_hits@10': 0.2, 'val_hits@50': 0.5, 'val_hits@100': 0.7, 'train_loss': 2.947861271010617, 'train_lp': 0.4530265527003903, 'train_align': 465.5953942517103, 'train_kl': 1642.1435117559918, 'train_ood_reg': 0.23755509785171283, 'train_meta': 0.48117662685276086, 'train_weighted_align': 2.3279769198369173, 'train_weighted_kl': 0.1642143470235169, 'train_weighted_ood_reg': 0.00023755510902462402, 'train_weighted_meta': 0.002405883079780447, 'train_rank': 0.42899010207314614, 'train_weighted_rank': 0.021449505417584048}
{'event': 'candidate_summary', 'candidate': 'history_decay_fastscan_h128_r16_a16_p4x4_l1_neg2_lr0p001_hp0p25_decay_rank28_rl0p05_m1', 'score': 0.23227750158993213, 'passes_metric_minima': True, 'means': {'val_auc': 0.883392333984375, 'val_ap': 0.6724357491306993, 'val_mrr': 0.06354289692410643, 'val_hits@10': 0.2, 'val_ndcg': 0.9000606958730389}, 'seeds_completed': 1}
{'event': 'candidate_seed_start', 'candidate': 'history_decay_fastscan_h128_r16_a16_p4x4_l1_neg2_lr0p001_hp0p25_decay_h1_28_rl0_m1', 'seed': 1, 'device': 'cuda', 'node_text_device': 'cuda:0'}
{'event': 'train_seed_start', 'seed': 1, 'train_edges': 3244, 'val_edges': 6738, 'test_edges': 26719, 'num_nodes': 4197, 'num_relations': 19}
{'event': 'train_seed_tensors_ready', 'seed': 1, 'elapsed_sec': 0.02428290620446205, 'cuda_allocated_mb': 27, 'cuda_reserved_mb': 44, 'cuda_max_allocated_mb': 262}
{'event': 'train_known_facts_ready', 'seed': 1, 'scope': 'train', 'edges': 3244, 'elapsed_sec': 0.026035957038402557}
{'event': 'train_known_facts_ready', 'seed': 1, 'scope': 'train_val', 'edges': 9982, 'elapsed_sec': 0.02733195200562477}
{'event': 'train_sampler_ready', 'seed': 1, 'elapsed_sec': 0.029071830213069916}
{'event': 'val_sampler_ready', 'seed': 1, 'elapsed_sec': 0.030540183186531067}
{'event': 'epoch_start', 'epoch': 1, 'epochs': 1, 'batches': 118, 'time_groups': 118}
{'event': 'train_time_group', 'epoch': 1, 'time_group': 1, 'time_groups': 118, 'batch': 0, 'batches': 118, 'time_value': 600.0, 'group_batches': 1, 'history_edges': 0, 'elapsed_sec': 0.005559906363487244, 'cuda_allocated_mb': 27, 'cuda_reserved_mb': 44, 'cuda_max_allocated_mb': 262}
{'event': 'train_progress', 'epoch': 1, 'batch': 1, 'batches': 118, 'time_group': 1, 'time_groups': 118, 'history_edges': 0, 'pos_edges': 1, 'neg_edges': 2, 'loss_recent': 0.7735781669616699, 'elapsed_sec': 0.1351132169365883, 'avg_sec_per_batch': 0.1351132169365883, 'cuda_allocated_mb': 53, 'cuda_reserved_mb': 114, 'cuda_max_allocated_mb': 262}
{'event': 'train_progress', 'epoch': 1, 'batch': 100, 'batches': 118, 'time_group': 100, 'time_groups': 118, 'history_edges': 2144, 'pos_edges': 38, 'neg_edges': 76, 'loss_recent': 2.436676929742098, 'elapsed_sec': 21.95849720016122, 'avg_sec_per_batch': 0.2195849720016122, 'cuda_allocated_mb': 57, 'cuda_reserved_mb': 272, 'cuda_max_allocated_mb': 262}
{'event': 'train_time_group', 'epoch': 1, 'time_group': 118, 'time_groups': 118, 'batch': 117, 'batches': 118, 'time_value': 1966.0, 'group_batches': 1, 'history_edges': 3153, 'elapsed_sec': 27.283255774527788, 'cuda_allocated_mb': 56, 'cuda_reserved_mb': 292, 'cuda_max_allocated_mb': 262}
{'event': 'train_progress', 'epoch': 1, 'batch': 118, 'batches': 118, 'time_group': 118, 'time_groups': 118, 'history_edges': 3153, 'pos_edges': 91, 'neg_edges': 182, 'loss_recent': 3.347471647411585, 'elapsed_sec': 27.628034438937902, 'avg_sec_per_batch': 0.23413588507574493, 'cuda_allocated_mb': 59, 'cuda_reserved_mb': 292, 'cuda_max_allocated_mb': 262}
{'event': 'validation_start', 'epoch': 1}
{'event': 'validation_ranking_start', 'epoch': 1, 'max_edges': 5}
{'event': 'epoch_end', 'epoch': 1, 'early_stop_metric': 'val_composite', 'val_score': 0.2414383407409766, 'val_auc': 0.8737884521484375, 'val_ap': 0.6551099384895803, 'val_ndcg': 0.8952686203529763, 'val_mrr': 0.06495222739111152, 'val_hits@1': 0.0, 'val_hits@10': 0.3, 'val_hits@50': 0.5, 'val_hits@100': 0.6, 'elapsed_sec': 49.702635668218136}
{'candidate': 'history_decay_fastscan_h128_r16_a16_p4x4_l1_neg2_lr0p001_hp0p25_decay_h1_28_rl0_m1', 'seed': 1, 'composite': nan, 'val_auc': 0.8737884521484375, 'val_ap': 0.6551099384895803, 'val_ndcg': 0.8952686203529763, 'val_mrr': 0.06495222739111152, 'val_hits@1': 0.0, 'val_hits@10': 0.3, 'val_hits@50': 0.5, 'val_hits@100': 0.6, 'train_loss': 2.9524812886522986, 'train_lp': 0.4622852808590663, 'train_align': 465.0587561615443, 'train_kl': 1622.1144905736892, 'train_ood_reg': 0.23699613281730877, 'train_meta': 0.4907761110718978, 'train_weighted_align': 2.325293705482983, 'train_weighted_kl': 0.16221144456826783, 'train_weighted_ood_reg': 0.0002369961441865475, 'train_weighted_meta': 0.002453880503446148}
{'event': 'candidate_summary', 'candidate': 'history_decay_fastscan_h128_r16_a16_p4x4_l1_neg2_lr0p001_hp0p25_decay_h1_28_rl0_m1', 'score': 0.2414383407409766, 'passes_metric_minima': True, 'means': {'val_auc': 0.8737884521484375, 'val_ap': 0.6551099384895803, 'val_mrr': 0.06495222739111152, 'val_hits@10': 0.3, 'val_ndcg': 0.8952686203529763}, 'seeds_completed': 1}
{'event': 'candidate_seed_start', 'candidate': 'history_decay_fastscan_h128_r16_a16_p4x4_l1_neg2_lr0p001_hp0p25_decay_h1_28_rl0p05_m1', 'seed': 1, 'device': 'cuda', 'node_text_device': 'cuda:0'}
{'event': 'train_seed_start', 'seed': 1, 'train_edges': 3244, 'val_edges': 6738, 'test_edges': 26719, 'num_nodes': 4197, 'num_relations': 19}
{'event': 'train_seed_tensors_ready', 'seed': 1, 'elapsed_sec': 0.07772417739033699, 'cuda_allocated_mb': 27, 'cuda_reserved_mb': 44, 'cuda_max_allocated_mb': 262}
{'event': 'train_known_facts_ready', 'seed': 1, 'scope': 'train', 'edges': 3244, 'elapsed_sec': 0.08054690062999725}
{'event': 'train_known_facts_ready', 'seed': 1, 'scope': 'train_val', 'edges': 9982, 'elapsed_sec': 0.08199910447001457}
{'event': 'train_sampler_ready', 'seed': 1, 'elapsed_sec': 0.08472130820155144}
{'event': 'val_sampler_ready', 'seed': 1, 'elapsed_sec': 0.08693218976259232}
{'event': 'epoch_start', 'epoch': 1, 'epochs': 1, 'batches': 118, 'time_groups': 118}
{'event': 'train_time_group', 'epoch': 1, 'time_group': 1, 'time_groups': 118, 'batch': 0, 'batches': 118, 'time_value': 600.0, 'group_batches': 1, 'history_edges': 0, 'elapsed_sec': 0.008362621068954468, 'cuda_allocated_mb': 27, 'cuda_reserved_mb': 44, 'cuda_max_allocated_mb': 262}
{'event': 'train_progress', 'epoch': 1, 'batch': 1, 'batches': 118, 'time_group': 1, 'time_groups': 118, 'history_edges': 0, 'pos_edges': 1, 'neg_edges': 2, 'loss_recent': 0.7735781669616699, 'elapsed_sec': 0.3127865679562092, 'avg_sec_per_batch': 0.3127865679562092, 'cuda_allocated_mb': 53, 'cuda_reserved_mb': 114, 'cuda_max_allocated_mb': 262}
{'event': 'train_progress', 'epoch': 1, 'batch': 100, 'batches': 118, 'time_group': 100, 'time_groups': 118, 'history_edges': 2144, 'pos_edges': 38, 'neg_edges': 76, 'loss_recent': 2.433746664524078, 'elapsed_sec': 93.88675518333912, 'avg_sec_per_batch': 0.9388675518333912, 'cuda_allocated_mb': 57, 'cuda_reserved_mb': 272, 'cuda_max_allocated_mb': 262}
{'event': 'train_time_group', 'epoch': 1, 'time_group': 118, 'time_groups': 118, 'batch': 117, 'batches': 118, 'time_value': 1966.0, 'group_batches': 1, 'history_edges': 3153, 'elapsed_sec': 122.30196233466268, 'cuda_allocated_mb': 56, 'cuda_reserved_mb': 292, 'cuda_max_allocated_mb': 262}
{'event': 'train_progress', 'epoch': 1, 'batch': 118, 'batches': 118, 'time_group': 118, 'time_groups': 118, 'history_edges': 3153, 'pos_edges': 91, 'neg_edges': 182, 'loss_recent': 3.3475704127550125, 'elapsed_sec': 124.27936685457826, 'avg_sec_per_batch': 1.0532149733438836, 'cuda_allocated_mb': 59, 'cuda_reserved_mb': 292, 'cuda_max_allocated_mb': 262}
{'event': 'validation_start', 'epoch': 1}
{'event': 'validation_ranking_start', 'epoch': 1, 'max_edges': 5}
{'event': 'epoch_end', 'epoch': 1, 'early_stop_metric': 'val_composite', 'val_score': 0.2051575815972458, 'val_auc': 0.8856689453125, 'val_ap': 0.6728423092289909, 'val_ndcg': 0.8994434926660353, 'val_mrr': 0.038982385147953894, 'val_hits@1': 0.0, 'val_hits@10': 0.1, 'val_hits@50': 0.5, 'val_hits@100': 0.7, 'elapsed_sec': 243.80339634418488}
{'candidate': 'history_decay_fastscan_h128_r16_a16_p4x4_l1_neg2_lr0p001_hp0p25_decay_h1_28_rl0p05_m1', 'seed': 1, 'composite': nan, 'val_auc': 0.8856689453125, 'val_ap': 0.6728423092289909, 'val_ndcg': 0.8994434926660353, 'val_mrr': 0.038982385147953894, 'val_hits@1': 0.0, 'val_hits@10': 0.1, 'val_hits@50': 0.5, 'val_hits@100': 0.7, 'train_loss': 2.9525114883810786, 'train_lp': 0.4566082970823272, 'train_align': 465.6589269355192, 'train_kl': 1649.432314080707, 'train_ood_reg': 0.2376236281657623, 'train_meta': 0.4855532775932955, 'train_weighted_align': 2.328294585443149, 'train_weighted_kl': 0.1649432273707905, 'train_weighted_ood_reg': 0.00023762363929625096, 'train_weighted_meta': 0.002427766335300876, 'train_rank': 0.4458264267166792, 'train_weighted_rank': 0.022291321654693556}
{'event': 'candidate_summary', 'candidate': 'history_decay_fastscan_h128_r16_a16_p4x4_l1_neg2_lr0p001_hp0p25_decay_h1_28_rl0p05_m1', 'score': 0.2051575815972458, 'passes_metric_minima': True, 'means': {'val_auc': 0.8856689453125, 'val_ap': 0.6728423092289909, 'val_mrr': 0.038982385147953894, 'val_hits@10': 0.1, 'val_ndcg': 0.8994434926660353}, 'seeds_completed': 1}
{'event': 'candidate_seed_start', 'candidate': 'history_decay_fastscan_h128_r16_a16_p4x4_l1_neg2_lr0p001_hp0p5_decay_rank28_rl0_m1', 'seed': 1, 'device': 'cuda', 'node_text_device': 'cuda:0'}
{'event': 'train_seed_start', 'seed': 1, 'train_edges': 3244, 'val_edges': 6738, 'test_edges': 26719, 'num_nodes': 4197, 'num_relations': 19}
{'event': 'train_seed_tensors_ready', 'seed': 1, 'elapsed_sec': 0.06640679389238358, 'cuda_allocated_mb': 27, 'cuda_reserved_mb': 44, 'cuda_max_allocated_mb': 262}
{'event': 'train_known_facts_ready', 'seed': 1, 'scope': 'train', 'edges': 3244, 'elapsed_sec': 0.06826949864625931}
{'event': 'train_known_facts_ready', 'seed': 1, 'scope': 'train_val', 'edges': 9982, 'elapsed_sec': 0.06970418989658356}
{'event': 'train_sampler_ready', 'seed': 1, 'elapsed_sec': 0.07161872833967209}
{'event': 'val_sampler_ready', 'seed': 1, 'elapsed_sec': 0.07321799173951149}
{'event': 'epoch_start', 'epoch': 1, 'epochs': 1, 'batches': 118, 'time_groups': 118}
{'event': 'train_time_group', 'epoch': 1, 'time_group': 1, 'time_groups': 118, 'batch': 0, 'batches': 118, 'time_value': 600.0, 'group_batches': 1, 'history_edges': 0, 'elapsed_sec': 0.006961166858673096, 'cuda_allocated_mb': 27, 'cuda_reserved_mb': 44, 'cuda_max_allocated_mb': 262}
{'event': 'train_progress', 'epoch': 1, 'batch': 1, 'batches': 118, 'time_group': 1, 'time_groups': 118, 'history_edges': 0, 'pos_edges': 1, 'neg_edges': 2, 'loss_recent': 0.7735781669616699, 'elapsed_sec': 0.2456376664340496, 'avg_sec_per_batch': 0.2456376664340496, 'cuda_allocated_mb': 53, 'cuda_reserved_mb': 114, 'cuda_max_allocated_mb': 262}
{'event': 'train_progress', 'epoch': 1, 'batch': 100, 'batches': 118, 'time_group': 100, 'time_groups': 118, 'history_edges': 2144, 'pos_edges': 38, 'neg_edges': 76, 'loss_recent': 2.4167539501190185, 'elapsed_sec': 37.20194097608328, 'avg_sec_per_batch': 0.3720194097608328, 'cuda_allocated_mb': 57, 'cuda_reserved_mb': 272, 'cuda_max_allocated_mb': 262}
{'event': 'train_time_group', 'epoch': 1, 'time_group': 118, 'time_groups': 118, 'batch': 117, 'batches': 118, 'time_value': 1966.0, 'group_batches': 1, 'history_edges': 3153, 'elapsed_sec': 47.03687626123428, 'cuda_allocated_mb': 56, 'cuda_reserved_mb': 292, 'cuda_max_allocated_mb': 262}
{'event': 'train_progress', 'epoch': 1, 'batch': 118, 'batches': 118, 'time_group': 118, 'time_groups': 118, 'history_edges': 3153, 'pos_edges': 91, 'neg_edges': 182, 'loss_recent': 3.3261229211091994, 'elapsed_sec': 47.94698803126812, 'avg_sec_per_batch': 0.40633040704464507, 'cuda_allocated_mb': 59, 'cuda_reserved_mb': 292, 'cuda_max_allocated_mb': 262}
{'event': 'validation_start', 'epoch': 1}
{'event': 'validation_ranking_start', 'epoch': 1, 'max_edges': 5}
{'event': 'epoch_end', 'epoch': 1, 'early_stop_metric': 'val_composite', 'val_score': 0.25792430125716465, 'val_auc': 0.8698760986328125, 'val_ap': 0.6445694296537371, 'val_ndcg': 0.893483446710242, 'val_mrr': 0.08979097167401853, 'val_hits@1': 0.0, 'val_hits@10': 0.3, 'val_hits@50': 0.6, 'val_hits@100': 0.6, 'elapsed_sec': 104.12481930479407}
