
$ /root/miniconda3/bin/python -u scripts/search_hparams.py --config configs/auto_target/ssptgfm_search_tgb_yago_history_popularity_tinysearch.yaml --output results/auto_target_tiny_tgb_yago/search_tgb_yago_history_popularity_tinysearch --resume
runtime_device=cuda
cuda_device=Tesla V100-PCIE-32GB
{'event': 'candidate_seed_start', 'candidate': 'history_popularity_tinysearch_h96_r12_a12_p4x4_l1_neg1_lr0p001_hp0p5_freq40_rl0_m1_hinge', 'seed': 1, 'device': 'cuda', 'node_text_device': 'cuda:0'}
{'event': 'train_seed_start', 'seed': 1, 'train_edges': 20000, 'val_edges': 39046, 'test_edges': 40052, 'num_nodes': 10585, 'num_relations': 20}
{'event': 'train_seed_tensors_ready', 'seed': 1, 'elapsed_sec': 0.004800271242856979, 'cuda_allocated_mb': 21, 'cuda_reserved_mb': 22, 'cuda_max_allocated_mb': 21}
{'event': 'train_known_facts_ready', 'seed': 1, 'scope': 'train', 'edges': 20000, 'elapsed_sec': 0.007330387830734253}
{'event': 'train_known_facts_ready', 'seed': 1, 'scope': 'train_val', 'edges': 59046, 'elapsed_sec': 0.011390142142772675}
{'event': 'train_sampler_ready', 'seed': 1, 'elapsed_sec': 0.015177179127931595}
{'event': 'val_sampler_ready', 'seed': 1, 'elapsed_sec': 0.01851959526538849}
{'event': 'epoch_start', 'epoch': 1, 'epochs': 1, 'batches': 44, 'time_groups': 44}
{'event': 'train_time_group', 'epoch': 1, 'time_group': 1, 'time_groups': 44, 'batch': 0, 'batches': 44, 'time_value': 0.0, 'group_batches': 1, 'history_edges': 0, 'elapsed_sec': 0.016078177839517593, 'cuda_allocated_mb': 21, 'cuda_reserved_mb': 24, 'cuda_max_allocated_mb': 21}
{'event': 'train_progress', 'epoch': 1, 'batch': 1, 'batches': 44, 'time_group': 1, 'time_groups': 44, 'history_edges': 0, 'pos_edges': 942, 'neg_edges': 942, 'loss_recent': 62.11015701293945, 'elapsed_sec': 1.5120270811021328, 'avg_sec_per_batch': 1.5120270811021328, 'cuda_allocated_mb': 124, 'cuda_reserved_mb': 388, 'cuda_max_allocated_mb': 351}
{'event': 'train_time_group', 'epoch': 1, 'time_group': 44, 'time_groups': 44, 'batch': 43, 'batches': 44, 'time_value': 43.0, 'group_batches': 1, 'history_edges': 19988, 'elapsed_sec': 42.530359480530024, 'cuda_allocated_mb': 79, 'cuda_reserved_mb': 748, 'cuda_max_allocated_mb': 686}
{'event': 'train_progress', 'epoch': 1, 'batch': 44, 'batches': 44, 'time_group': 44, 'time_groups': 44, 'history_edges': 19988, 'pos_edges': 12, 'neg_edges': 12, 'loss_recent': 26.115992551500145, 'elapsed_sec': 42.707319386303425, 'avg_sec_per_batch': 0.9706208951432597, 'cuda_allocated_mb': 80, 'cuda_reserved_mb': 748, 'cuda_max_allocated_mb': 686}
{'event': 'validation_start', 'epoch': 1}
{'event': 'epoch_end', 'epoch': 1, 'early_stop_metric': 'val_composite', 'val_score': 0.4391543264565493, 'val_auc': 0.5523231506347657, 'val_ap': 0.3027532111050435, 'val_ndcg': 0.8241729690029412, 'elapsed_sec': 45.00129422917962}
{'candidate': 'history_popularity_tinysearch_h96_r12_a12_p4x4_l1_neg1_lr0p001_hp0p5_freq40_rl0_m1_hinge', 'seed': 1, 'composite': nan, 'val_auc': 0.5523231506347657, 'val_ap': 0.3027532111050435, 'val_ndcg': 0.8241729690029412, 'train_loss': 26.115992551500145, 'train_lp': 0.20805236155336554, 'train_align': 5005.375002080744, 'train_kl': 8798.465112512762, 'train_ood_reg': 0.23202073167670856, 'train_meta': 0.1974878196858547, 'train_weighted_align': 25.026874474503778, 'train_weighted_kl': 0.8798464894379404, 'train_weighted_ood_reg': 0.00023202074391354637, 'train_weighted_meta': 0.0009874390730560249}
{'event': 'candidate_summary', 'candidate': 'history_popularity_tinysearch_h96_r12_a12_p4x4_l1_neg1_lr0p001_hp0p5_freq40_rl0_m1_hinge', 'score': 0.4391543264565493, 'passes_metric_minima': True, 'means': {'val_auc': 0.5523231506347657, 'val_ap': 0.3027532111050435, 'val_mrr': nan, 'val_hits@10': nan, 'val_ndcg': 0.8241729690029412}, 'seeds_completed': 1}
{'event': 'candidate_seed_start', 'candidate': 'history_popularity_tinysearch_h96_r12_a12_p4x4_l1_neg1_lr0p001_hp0p5_hybrid40_rl0_m1_hinge', 'seed': 1, 'device': 'cuda', 'node_text_device': 'cuda:0'}
{'event': 'train_seed_start', 'seed': 1, 'train_edges': 20000, 'val_edges': 39046, 'test_edges': 40052, 'num_nodes': 10585, 'num_relations': 20}
{'event': 'train_seed_tensors_ready', 'seed': 1, 'elapsed_sec': 0.023392904549837112, 'cuda_allocated_mb': 37, 'cuda_reserved_mb': 62, 'cuda_max_allocated_mb': 686}
{'event': 'train_known_facts_ready', 'seed': 1, 'scope': 'train', 'edges': 20000, 'elapsed_sec': 0.026236653327941895}
{'event': 'train_known_facts_ready', 'seed': 1, 'scope': 'train_val', 'edges': 59046, 'elapsed_sec': 0.031702592968940735}
{'event': 'train_sampler_ready', 'seed': 1, 'elapsed_sec': 0.03550119698047638}
{'event': 'val_sampler_ready', 'seed': 1, 'elapsed_sec': 0.03883016109466553}
{'event': 'epoch_start', 'epoch': 1, 'epochs': 1, 'batches': 44, 'time_groups': 44}
{'event': 'train_time_group', 'epoch': 1, 'time_group': 1, 'time_groups': 44, 'batch': 0, 'batches': 44, 'time_value': 0.0, 'group_batches': 1, 'history_edges': 0, 'elapsed_sec': 0.005514997988939285, 'cuda_allocated_mb': 38, 'cuda_reserved_mb': 64, 'cuda_max_allocated_mb': 686}
{'event': 'train_progress', 'epoch': 1, 'batch': 1, 'batches': 44, 'time_group': 1, 'time_groups': 44, 'history_edges': 0, 'pos_edges': 942, 'neg_edges': 942, 'loss_recent': 62.11015701293945, 'elapsed_sec': 1.7330543510615826, 'avg_sec_per_batch': 1.7330543510615826, 'cuda_allocated_mb': 124, 'cuda_reserved_mb': 388, 'cuda_max_allocated_mb': 686}
{'event': 'train_time_group', 'epoch': 1, 'time_group': 44, 'time_groups': 44, 'batch': 43, 'batches': 44, 'time_value': 43.0, 'group_batches': 1, 'history_edges': 19988, 'elapsed_sec': 41.49303658306599, 'cuda_allocated_mb': 79, 'cuda_reserved_mb': 748, 'cuda_max_allocated_mb': 686}
{'event': 'train_progress', 'epoch': 1, 'batch': 44, 'batches': 44, 'time_group': 44, 'time_groups': 44, 'history_edges': 19988, 'pos_edges': 12, 'neg_edges': 12, 'loss_recent': 26.077592539516363, 'elapsed_sec': 41.648519814014435, 'avg_sec_per_batch': 0.9465572685003281, 'cuda_allocated_mb': 80, 'cuda_reserved_mb': 748, 'cuda_max_allocated_mb': 686}
{'event': 'validation_start', 'epoch': 1}
{'event': 'epoch_end', 'epoch': 1, 'early_stop_metric': 'val_composite', 'val_score': 0.4401696775720303, 'val_auc': 0.5535186767578125, 'val_ap': 0.3041248698951138, 'val_ndcg': 0.8246690846488797, 'elapsed_sec': 44.371562246233225}
{'candidate': 'history_popularity_tinysearch_h96_r12_a12_p4x4_l1_neg1_lr0p001_hp0p5_hybrid40_rl0_m1_hinge', 'seed': 1, 'composite': nan, 'val_auc': 0.5535186767578125, 'val_ap': 0.3041248698951138, 'val_ndcg': 0.8246690846488797, 'train_loss': 26.077592539516363, 'train_lp': 0.1696443667804653, 'train_align': 5005.5160799893465, 'train_kl': 8793.190443559126, 'train_ood_reg': 0.23314506391232664, 'train_meta': 0.16326292858205058, 'train_weighted_align': 25.027579697695646, 'train_weighted_kl': 0.8793190264312382, 'train_weighted_ood_reg': 0.0002331450751543426, 'train_weighted_meta': 0.0008163146148118275}
{'event': 'candidate_summary', 'candidate': 'history_popularity_tinysearch_h96_r12_a12_p4x4_l1_neg1_lr0p001_hp0p5_hybrid40_rl0_m1_hinge', 'score': 0.4401696775720303, 'passes_metric_minima': True, 'means': {'val_auc': 0.5535186767578125, 'val_ap': 0.3041248698951138, 'val_mrr': nan, 'val_hits@10': nan, 'val_ndcg': 0.8246690846488797}, 'seeds_completed': 1}
{'event': 'candidate_seed_start', 'candidate': 'history_popularity_tinysearch_h96_r12_a12_p4x4_l1_neg1_lr0p001_hp0p8_freq40_rl0_m1_hinge', 'seed': 1, 'device': 'cuda', 'node_text_device': 'cuda:0'}
{'event': 'train_seed_start', 'seed': 1, 'train_edges': 20000, 'val_edges': 39046, 'test_edges': 40052, 'num_nodes': 10585, 'num_relations': 20}
{'event': 'train_seed_tensors_ready', 'seed': 1, 'elapsed_sec': 0.009757764637470245, 'cuda_allocated_mb': 37, 'cuda_reserved_mb': 62, 'cuda_max_allocated_mb': 686}
{'event': 'train_known_facts_ready', 'seed': 1, 'scope': 'train', 'edges': 20000, 'elapsed_sec': 0.012244883924722672}
{'event': 'train_known_facts_ready', 'seed': 1, 'scope': 'train_val', 'edges': 59046, 'elapsed_sec': 0.01688149943947792}
{'event': 'train_sampler_ready', 'seed': 1, 'elapsed_sec': 0.020618975162506104}
{'event': 'val_sampler_ready', 'seed': 1, 'elapsed_sec': 0.024136271327733994}
{'event': 'epoch_start', 'epoch': 1, 'epochs': 1, 'batches': 44, 'time_groups': 44}
{'event': 'train_time_group', 'epoch': 1, 'time_group': 1, 'time_groups': 44, 'batch': 0, 'batches': 44, 'time_value': 0.0, 'group_batches': 1, 'history_edges': 0, 'elapsed_sec': 0.006699968129396439, 'cuda_allocated_mb': 38, 'cuda_reserved_mb': 64, 'cuda_max_allocated_mb': 686}
{'event': 'train_progress', 'epoch': 1, 'batch': 1, 'batches': 44, 'time_group': 1, 'time_groups': 44, 'history_edges': 0, 'pos_edges': 942, 'neg_edges': 942, 'loss_recent': 62.11015701293945, 'elapsed_sec': 1.7975769191980362, 'avg_sec_per_batch': 1.7975769191980362, 'cuda_allocated_mb': 124, 'cuda_reserved_mb': 388, 'cuda_max_allocated_mb': 686}
{'event': 'train_time_group', 'epoch': 1, 'time_group': 44, 'time_groups': 44, 'batch': 43, 'batches': 44, 'time_value': 43.0, 'group_batches': 1, 'history_edges': 19988, 'elapsed_sec': 41.957658011466265, 'cuda_allocated_mb': 79, 'cuda_reserved_mb': 748, 'cuda_max_allocated_mb': 686}
{'event': 'train_progress', 'epoch': 1, 'batch': 44, 'batches': 44, 'time_group': 44, 'time_groups': 44, 'history_edges': 19988, 'pos_edges': 12, 'neg_edges': 12, 'loss_recent': 26.056723586537622, 'elapsed_sec': 42.13803765550256, 'avg_sec_per_batch': 0.9576826739886944, 'cuda_allocated_mb': 80, 'cuda_reserved_mb': 748, 'cuda_max_allocated_mb': 686}
{'event': 'validation_start', 'epoch': 1}
{'event': 'epoch_end', 'epoch': 1, 'early_stop_metric': 'val_composite', 'val_score': 0.4435599465190372, 'val_auc': 0.5635482788085938, 'val_ap': 0.30572423795473397, 'val_ndcg': 0.8254848486862918, 'elapsed_sec': 44.74547968059778}
{'candidate': 'history_popularity_tinysearch_h96_r12_a12_p4x4_l1_neg1_lr0p001_hp0p8_freq40_rl0_m1_hinge', 'seed': 1, 'composite': nan, 'val_auc': 0.5635482788085938, 'val_ap': 0.30572423795473397, 'val_ndcg': 0.8254848486862918, 'train_loss': 26.056723586537622, 'train_lp': 0.1489778416739269, 'train_align': 5005.737702629783, 'train_kl': 8781.240687630394, 'train_ood_reg': 0.2334405014460737, 'train_meta': 0.14002489002252166, 'train_weighted_align': 25.02868799729781, 'train_weighted_kl': 0.8781240396201611, 'train_weighted_ood_reg': 0.0002334405124367384, 'train_weighted_meta': 0.0007001244263268414}
{'event': 'candidate_summary', 'candidate': 'history_popularity_tinysearch_h96_r12_a12_p4x4_l1_neg1_lr0p001_hp0p8_freq40_rl0_m1_hinge', 'score': 0.4435599465190372, 'passes_metric_minima': True, 'means': {'val_auc': 0.5635482788085938, 'val_ap': 0.30572423795473397, 'val_mrr': nan, 'val_hits@10': nan, 'val_ndcg': 0.8254848486862918}, 'seeds_completed': 1}
{'event': 'candidate_seed_start', 'candidate': 'history_popularity_tinysearch_h96_r12_a12_p4x4_l1_neg1_lr0p001_hp0p8_hybrid40_rl0_m1_hinge', 'seed': 1, 'device': 'cuda', 'node_text_device': 'cuda:0'}
{'event': 'train_seed_start', 'seed': 1, 'train_edges': 20000, 'val_edges': 39046, 'test_edges': 40052, 'num_nodes': 10585, 'num_relations': 20}
{'event': 'train_seed_tensors_ready', 'seed': 1, 'elapsed_sec': 0.004786916077136993, 'cuda_allocated_mb': 37, 'cuda_reserved_mb': 62, 'cuda_max_allocated_mb': 686}
{'event': 'train_known_facts_ready', 'seed': 1, 'scope': 'train', 'edges': 20000, 'elapsed_sec': 0.007154528051614761}
{'event': 'train_known_facts_ready', 'seed': 1, 'scope': 'train_val', 'edges': 59046, 'elapsed_sec': 0.011474672704935074}
{'event': 'train_sampler_ready', 'seed': 1, 'elapsed_sec': 0.015049785375595093}
{'event': 'val_sampler_ready', 'seed': 1, 'elapsed_sec': 0.01851918175816536}
{'event': 'epoch_start', 'epoch': 1, 'epochs': 1, 'batches': 44, 'time_groups': 44}
{'event': 'train_time_group', 'epoch': 1, 'time_group': 1, 'time_groups': 44, 'batch': 0, 'batches': 44, 'time_value': 0.0, 'group_batches': 1, 'history_edges': 0, 'elapsed_sec': 0.006179302930831909, 'cuda_allocated_mb': 38, 'cuda_reserved_mb': 64, 'cuda_max_allocated_mb': 686}
{'event': 'train_progress', 'epoch': 1, 'batch': 1, 'batches': 44, 'time_group': 1, 'time_groups': 44, 'history_edges': 0, 'pos_edges': 942, 'neg_edges': 942, 'loss_recent': 62.11015701293945, 'elapsed_sec': 1.3964128941297531, 'avg_sec_per_batch': 1.3964128941297531, 'cuda_allocated_mb': 124, 'cuda_reserved_mb': 388, 'cuda_max_allocated_mb': 686}
{'event': 'train_time_group', 'epoch': 1, 'time_group': 44, 'time_groups': 44, 'batch': 43, 'batches': 44, 'time_value': 43.0, 'group_batches': 1, 'history_edges': 19988, 'elapsed_sec': 40.3087502643466, 'cuda_allocated_mb': 79, 'cuda_reserved_mb': 748, 'cuda_max_allocated_mb': 686}
{'event': 'train_progress', 'epoch': 1, 'batch': 44, 'batches': 44, 'time_group': 44, 'time_groups': 44, 'history_edges': 19988, 'pos_edges': 12, 'neg_edges': 12, 'loss_recent': 26.054766629229892, 'elapsed_sec': 40.451997086405754, 'avg_sec_per_batch': 0.9193635701455853, 'cuda_allocated_mb': 80, 'cuda_reserved_mb': 748, 'cuda_max_allocated_mb': 686}
{'event': 'validation_start', 'epoch': 1}
{'event': 'epoch_end', 'epoch': 1, 'early_stop_metric': 'val_composite', 'val_score': 0.44288173218858784, 'val_auc': 0.5610374450683594, 'val_ap': 0.305643005508215, 'val_ndcg': 0.8254150922140063, 'elapsed_sec': 42.385532926768064}
{'candidate': 'history_popularity_tinysearch_h96_r12_a12_p4x4_l1_neg1_lr0p001_hp0p8_hybrid40_rl0_m1_hinge', 'seed': 1, 'composite': nan, 'val_auc': 0.5610374450683594, 'val_ap': 0.305643005508215, 'val_ndcg': 0.8254150922140063, 'train_loss': 26.054766629229892, 'train_lp': 0.14539059149948033, 'train_align': 5005.7591365467415, 'train_kl': 8796.460854963823, 'train_ood_reg': 0.23495109684088014, 'train_meta': 0.1400064366700297, 'train_weighted_align': 25.02879508246075, 'train_weighted_kl': 0.8796460532837294, 'train_weighted_ood_reg': 0.00023495110740027897, 'train_weighted_meta': 0.0007000321623887761}
{'event': 'candidate_summary', 'candidate': 'history_popularity_tinysearch_h96_r12_a12_p4x4_l1_neg1_lr0p001_hp0p8_hybrid40_rl0_m1_hinge', 'score': 0.44288173218858784, 'passes_metric_minima': True, 'means': {'val_auc': 0.5610374450683594, 'val_ap': 0.305643005508215, 'val_mrr': nan, 'val_hits@10': nan, 'val_ndcg': 0.8254150922140063}, 'seeds_completed': 1}
