runtime_device=cuda
cuda_device=Tesla V100-PCIE-32GB
{'event': 'seed_start', 'dataset': 'yago15k-temporal', 'ablation': 'full', 'seed': 3, 'device': 'cuda', 'node_text_device': 'cuda:0'}
{'event': 'train_seed_start', 'seed': 3, 'train_edges': 3244, 'val_edges': 6738, 'test_edges': 26719, 'num_nodes': 4197, 'num_relations': 19}
{'event': 'train_seed_tensors_ready', 'seed': 3, 'elapsed_sec': 0.012518681585788727, 'cuda_allocated_mb': 11, 'cuda_reserved_mb': 24, 'cuda_max_allocated_mb': 11}
{'event': 'train_known_facts_ready', 'seed': 3, 'scope': 'train', 'edges': 3244, 'elapsed_sec': 0.014676518738269806}
{'event': 'train_known_facts_ready', 'seed': 3, 'scope': 'train_val', 'edges': 9982, 'elapsed_sec': 0.01598777249455452}
{'event': 'train_sampler_ready', 'seed': 3, 'elapsed_sec': 0.02012176439166069}
{'event': 'val_sampler_ready', 'seed': 3, 'elapsed_sec': 0.023801296949386597}
{'event': 'epoch_start', 'epoch': 1, 'epochs': 24, 'batches': 118, 'time_groups': 118}
{'event': 'train_time_group', 'epoch': 1, 'time_group': 1, 'time_groups': 118, 'batch': 0, 'batches': 118, 'time_value': 600.0, 'group_batches': 1, 'history_edges': 0, 'elapsed_sec': 0.017107870429754257, 'cuda_allocated_mb': 11, 'cuda_reserved_mb': 24, 'cuda_max_allocated_mb': 11}
{'event': 'train_progress', 'epoch': 1, 'batch': 1, 'batches': 118, 'time_group': 1, 'time_groups': 118, 'history_edges': 0, 'pos_edges': 1, 'neg_edges': 1, 'loss_recent': 0.7266238927841187, 'elapsed_sec': 1.1674198359251022, 'avg_sec_per_batch': 1.1674198359251022, 'cuda_allocated_mb': 55, 'cuda_reserved_mb': 116, 'cuda_max_allocated_mb': 103}
{'event': 'train_progress', 'epoch': 1, 'batch': 100, 'batches': 118, 'time_group': 100, 'time_groups': 118, 'history_edges': 2144, 'pos_edges': 38, 'neg_edges': 38, 'loss_recent': 2.966743705868721, 'elapsed_sec': 52.83572390303016, 'avg_sec_per_batch': 0.5283572390303015, 'cuda_allocated_mb': 64, 'cuda_reserved_mb': 1154, 'cuda_max_allocated_mb': 1063}
{'event': 'train_time_group', 'epoch': 1, 'time_group': 118, 'time_groups': 118, 'batch': 117, 'batches': 118, 'time_value': 1966.0, 'group_batches': 1, 'history_edges': 3153, 'elapsed_sec': 68.58740336075425, 'cuda_allocated_mb': 56, 'cuda_reserved_mb': 1194, 'cuda_max_allocated_mb': 1098}
{'event': 'train_progress', 'epoch': 1, 'batch': 118, 'batches': 118, 'time_group': 118, 'time_groups': 118, 'history_edges': 3153, 'pos_edges': 91, 'neg_edges': 91, 'loss_recent': 3.9642677944898606, 'elapsed_sec': 69.6043062210083, 'avg_sec_per_batch': 0.5898670018729517, 'cuda_allocated_mb': 64, 'cuda_reserved_mb': 1194, 'cuda_max_allocated_mb': 1101}
{'event': 'validation_start', 'epoch': 1}
{'event': 'validation_ranking_start', 'epoch': 1, 'max_edges': 150}
{'event': 'epoch_end', 'epoch': 1, 'early_stop_metric': 'val_composite', 'val_score': 0.24955912912313077, 'val_auc': 0.6216372106968351, 'val_ap': 0.14326083258360806, 'val_ndcg': 0.7939509811205737, 'val_mrr': 0.1298527578440476, 'val_hits@1': 0.06333333333333334, 'val_hits@10': 0.2633333333333333, 'val_hits@50': 0.51, 'val_hits@100': 0.6, 'elapsed_sec': 144.92361230775714}
{'event': 'epoch_start', 'epoch': 2, 'epochs': 24, 'batches': 118, 'time_groups': 118}
{'event': 'train_time_group', 'epoch': 2, 'time_group': 1, 'time_groups': 118, 'batch': 0, 'batches': 118, 'time_value': 600.0, 'group_batches': 1, 'history_edges': 0, 'elapsed_sec': 0.008548740297555923, 'cuda_allocated_mb': 56, 'cuda_reserved_mb': 1220, 'cuda_max_allocated_mb': 1101}
{'event': 'train_progress', 'epoch': 2, 'batch': 1, 'batches': 118, 'time_group': 1, 'time_groups': 118, 'history_edges': 0, 'pos_edges': 1, 'neg_edges': 1, 'loss_recent': 0.6899622678756714, 'elapsed_sec': 0.1874820739030838, 'avg_sec_per_batch': 0.1874820739030838, 'cuda_allocated_mb': 56, 'cuda_reserved_mb': 1220, 'cuda_max_allocated_mb': 1101}
{'event': 'train_progress', 'epoch': 2, 'batch': 100, 'batches': 118, 'time_group': 100, 'time_groups': 118, 'history_edges': 2144, 'pos_edges': 38, 'neg_edges': 38, 'loss_recent': 2.354157149195671, 'elapsed_sec': 51.54963518306613, 'avg_sec_per_batch': 0.5154963518306613, 'cuda_allocated_mb': 64, 'cuda_reserved_mb': 1220, 'cuda_max_allocated_mb': 1101}
{'event': 'train_time_group', 'epoch': 2, 'time_group': 118, 'time_groups': 118, 'batch': 117, 'batches': 118, 'time_value': 1966.0, 'group_batches': 1, 'history_edges': 3153, 'elapsed_sec': 67.3310808390379, 'cuda_allocated_mb': 56, 'cuda_reserved_mb': 1220, 'cuda_max_allocated_mb': 1101}
{'event': 'train_progress', 'epoch': 2, 'batch': 118, 'batches': 118, 'time_group': 118, 'time_groups': 118, 'history_edges': 3153, 'pos_edges': 91, 'neg_edges': 91, 'loss_recent': 3.1392606845498086, 'elapsed_sec': 68.23605608195066, 'avg_sec_per_batch': 0.5782716617114463, 'cuda_allocated_mb': 64, 'cuda_reserved_mb': 1220, 'cuda_max_allocated_mb': 1101}
{'event': 'validation_start', 'epoch': 2}
{'event': 'validation_ranking_start', 'epoch': 2, 'max_edges': 150}
{'event': 'epoch_end', 'epoch': 2, 'early_stop_metric': 'val_composite', 'val_score': 0.25279268317516623, 'val_auc': 0.5752065036786703, 'val_ap': 0.13152152263485584, 'val_ndcg': 0.7888203812203145, 'val_mrr': 0.13617751628127908, 'val_hits@1': 0.06333333333333334, 'val_hits@10': 0.2866666666666667, 'val_hits@50': 0.49666666666666665, 'val_hits@100': 0.5833333333333334, 'elapsed_sec': 141.52159026265144}
{'event': 'epoch_start', 'epoch': 3, 'epochs': 24, 'batches': 118, 'time_groups': 118}
{'event': 'train_time_group', 'epoch': 3, 'time_group': 1, 'time_groups': 118, 'batch': 0, 'batches': 118, 'time_value': 600.0, 'group_batches': 1, 'history_edges': 0, 'elapsed_sec': 0.008295755833387375, 'cuda_allocated_mb': 56, 'cuda_reserved_mb': 1220, 'cuda_max_allocated_mb': 1101}
{'event': 'train_progress', 'epoch': 3, 'batch': 1, 'batches': 118, 'time_group': 1, 'time_groups': 118, 'history_edges': 0, 'pos_edges': 1, 'neg_edges': 1, 'loss_recent': 0.8005205988883972, 'elapsed_sec': 0.19142677634954453, 'avg_sec_per_batch': 0.19142677634954453, 'cuda_allocated_mb': 56, 'cuda_reserved_mb': 1220, 'cuda_max_allocated_mb': 1101}
{'event': 'train_progress', 'epoch': 3, 'batch': 100, 'batches': 118, 'time_group': 100, 'time_groups': 118, 'history_edges': 2144, 'pos_edges': 38, 'neg_edges': 38, 'loss_recent': 2.0043089501559734, 'elapsed_sec': 52.19892194494605, 'avg_sec_per_batch': 0.5219892194494605, 'cuda_allocated_mb': 64, 'cuda_reserved_mb': 1220, 'cuda_max_allocated_mb': 1101}
{'event': 'train_time_group', 'epoch': 3, 'time_group': 118, 'time_groups': 118, 'batch': 117, 'batches': 118, 'time_value': 1966.0, 'group_batches': 1, 'history_edges': 3153, 'elapsed_sec': 68.22751059383154, 'cuda_allocated_mb': 56, 'cuda_reserved_mb': 1220, 'cuda_max_allocated_mb': 1101}
{'event': 'train_progress', 'epoch': 3, 'batch': 118, 'batches': 118, 'time_group': 118, 'time_groups': 118, 'history_edges': 3153, 'pos_edges': 91, 'neg_edges': 91, 'loss_recent': 2.5941818283498286, 'elapsed_sec': 69.3794196844101, 'avg_sec_per_batch': 0.5879611837661872, 'cuda_allocated_mb': 64, 'cuda_reserved_mb': 1220, 'cuda_max_allocated_mb': 1101}
{'event': 'validation_start', 'epoch': 3}
{'event': 'validation_ranking_start', 'epoch': 3, 'max_edges': 150}
{'event': 'epoch_end', 'epoch': 3, 'early_stop_metric': 'val_composite', 'val_score': 0.2624427873513763, 'val_auc': 0.5961794881147501, 'val_ap': 0.13765666987061356, 'val_ndcg': 0.7929236418423995, 'val_mrr': 0.13738589656161365, 'val_hits@1': 0.06333333333333334, 'val_hits@10': 0.32, 'val_hits@50': 0.5066666666666667, 'val_hits@100': 0.5933333333333334, 'elapsed_sec': 143.9231784529984}
{'event': 'epoch_start', 'epoch': 4, 'epochs': 24, 'batches': 118, 'time_groups': 118}
{'event': 'train_time_group', 'epoch': 4, 'time_group': 1, 'time_groups': 118, 'batch': 0, 'batches': 118, 'time_value': 600.0, 'group_batches': 1, 'history_edges': 0, 'elapsed_sec': 0.008740246295928955, 'cuda_allocated_mb': 56, 'cuda_reserved_mb': 1220, 'cuda_max_allocated_mb': 1101}
{'event': 'train_progress', 'epoch': 4, 'batch': 1, 'batches': 118, 'time_group': 1, 'time_groups': 118, 'history_edges': 0, 'pos_edges': 1, 'neg_edges': 1, 'loss_recent': 0.9188974499702454, 'elapsed_sec': 0.1984853297472, 'avg_sec_per_batch': 0.1984853297472, 'cuda_allocated_mb': 56, 'cuda_reserved_mb': 1220, 'cuda_max_allocated_mb': 1101}
{'event': 'train_progress', 'epoch': 4, 'batch': 100, 'batches': 118, 'time_group': 100, 'time_groups': 118, 'history_edges': 2144, 'pos_edges': 38, 'neg_edges': 38, 'loss_recent': 1.7758303389512002, 'elapsed_sec': 50.64291275292635, 'avg_sec_per_batch': 0.5064291275292635, 'cuda_allocated_mb': 64, 'cuda_reserved_mb': 1220, 'cuda_max_allocated_mb': 1101}
{'event': 'train_time_group', 'epoch': 4, 'time_group': 118, 'time_groups': 118, 'batch': 117, 'batches': 118, 'time_value': 1966.0, 'group_batches': 1, 'history_edges': 3153, 'elapsed_sec': 67.06170233339071, 'cuda_allocated_mb': 56, 'cuda_reserved_mb': 1220, 'cuda_max_allocated_mb': 1101}
{'event': 'train_progress', 'epoch': 4, 'batch': 118, 'batches': 118, 'time_group': 118, 'time_groups': 118, 'history_edges': 3153, 'pos_edges': 91, 'neg_edges': 91, 'loss_recent': 2.2937122727930546, 'elapsed_sec': 67.93678679689765, 'avg_sec_per_batch': 0.5757354813296411, 'cuda_allocated_mb': 64, 'cuda_reserved_mb': 1220, 'cuda_max_allocated_mb': 1101}
{'event': 'validation_start', 'epoch': 4}
{'event': 'validation_ranking_start', 'epoch': 4, 'max_edges': 150}
{'event': 'epoch_end', 'epoch': 4, 'early_stop_metric': 'val_composite', 'val_score': 0.27453720973579143, 'val_auc': 0.5855402888117622, 'val_ap': 0.13857881796143975, 'val_ndcg': 0.7946990818535254, 'val_mrr': 0.1460069288312697, 'val_hits@1': 0.06666666666666667, 'val_hits@10': 0.36, 'val_hits@50': 0.49, 'val_hits@100': 0.56, 'elapsed_sec': 143.78860410302877}
{'event': 'epoch_start', 'epoch': 5, 'epochs': 24, 'batches': 118, 'time_groups': 118}
{'event': 'train_time_group', 'epoch': 5, 'time_group': 1, 'time_groups': 118, 'batch': 0, 'batches': 118, 'time_value': 600.0, 'group_batches': 1, 'history_edges': 0, 'elapsed_sec': 0.008226953446865082, 'cuda_allocated_mb': 56, 'cuda_reserved_mb': 1220, 'cuda_max_allocated_mb': 1101}
{'event': 'train_progress', 'epoch': 5, 'batch': 1, 'batches': 118, 'time_group': 1, 'time_groups': 118, 'history_edges': 0, 'pos_edges': 1, 'neg_edges': 1, 'loss_recent': 0.6942816972732544, 'elapsed_sec': 0.18241064250469208, 'avg_sec_per_batch': 0.18241064250469208, 'cuda_allocated_mb': 56, 'cuda_reserved_mb': 1220, 'cuda_max_allocated_mb': 1101}
{'event': 'train_progress', 'epoch': 5, 'batch': 100, 'batches': 118, 'time_group': 100, 'time_groups': 118, 'history_edges': 2144, 'pos_edges': 38, 'neg_edges': 38, 'loss_recent': 1.5646080716699362, 'elapsed_sec': 51.090226612985134, 'avg_sec_per_batch': 0.5109022661298513, 'cuda_allocated_mb': 64, 'cuda_reserved_mb': 1220, 'cuda_max_allocated_mb': 1101}
{'event': 'train_time_group', 'epoch': 5, 'time_group': 118, 'time_groups': 118, 'batch': 117, 'batches': 118, 'time_value': 1966.0, 'group_batches': 1, 'history_edges': 3153, 'elapsed_sec': 66.43110009655356, 'cuda_allocated_mb': 56, 'cuda_reserved_mb': 1220, 'cuda_max_allocated_mb': 1101}
{'event': 'train_progress', 'epoch': 5, 'batch': 118, 'batches': 118, 'time_group': 118, 'time_groups': 118, 'history_edges': 3153, 'pos_edges': 91, 'neg_edges': 91, 'loss_recent': 2.0237598378956316, 'elapsed_sec': 67.53018520027399, 'avg_sec_per_batch': 0.5722897050870677, 'cuda_allocated_mb': 64, 'cuda_reserved_mb': 1220, 'cuda_max_allocated_mb': 1101}
{'event': 'validation_start', 'epoch': 5}
{'event': 'validation_ranking_start', 'epoch': 5, 'max_edges': 150}
{'event': 'epoch_end', 'epoch': 5, 'early_stop_metric': 'val_composite', 'val_score': 0.2888643793357296, 'val_auc': 0.5830539650494825, 'val_ap': 0.13996135851775796, 'val_ndcg': 0.7970333033440281, 'val_mrr': 0.16469496060904465, 'val_hits@1': 0.07333333333333333, 'val_hits@10': 0.38333333333333336, 'val_hits@50': 0.49, 'val_hits@100': 0.54, 'elapsed_sec': 141.46432955935597}
{'event': 'epoch_start', 'epoch': 6, 'epochs': 24, 'batches': 118, 'time_groups': 118}
{'event': 'train_time_group', 'epoch': 6, 'time_group': 1, 'time_groups': 118, 'batch': 0, 'batches': 118, 'time_value': 600.0, 'group_batches': 1, 'history_edges': 0, 'elapsed_sec': 0.009475812315940857, 'cuda_allocated_mb': 56, 'cuda_reserved_mb': 1220, 'cuda_max_allocated_mb': 1101}
{'event': 'train_progress', 'epoch': 6, 'batch': 1, 'batches': 118, 'time_group': 1, 'time_groups': 118, 'history_edges': 0, 'pos_edges': 1, 'neg_edges': 1, 'loss_recent': 0.24456194043159485, 'elapsed_sec': 0.18852675706148148, 'avg_sec_per_batch': 0.18852675706148148, 'cuda_allocated_mb': 56, 'cuda_reserved_mb': 1220, 'cuda_max_allocated_mb': 1101}
{'event': 'train_progress', 'epoch': 6, 'batch': 100, 'batches': 118, 'time_group': 100, 'time_groups': 118, 'history_edges': 2144, 'pos_edges': 38, 'neg_edges': 38, 'loss_recent': 1.46068243175745, 'elapsed_sec': 50.372645135968924, 'avg_sec_per_batch': 0.5037264513596892, 'cuda_allocated_mb': 64, 'cuda_reserved_mb': 1220, 'cuda_max_allocated_mb': 1101}
{'event': 'train_time_group', 'epoch': 6, 'time_group': 118, 'time_groups': 118, 'batch': 117, 'batches': 118, 'time_value': 1966.0, 'group_batches': 1, 'history_edges': 3153, 'elapsed_sec': 65.4831581749022, 'cuda_allocated_mb': 56, 'cuda_reserved_mb': 1220, 'cuda_max_allocated_mb': 1101}
{'event': 'train_progress', 'epoch': 6, 'batch': 118, 'batches': 118, 'time_group': 118, 'time_groups': 118, 'history_edges': 3153, 'pos_edges': 91, 'neg_edges': 91, 'loss_recent': 1.9365054770559071, 'elapsed_sec': 66.6872530952096, 'avg_sec_per_batch': 0.5651462126712677, 'cuda_allocated_mb': 64, 'cuda_reserved_mb': 1220, 'cuda_max_allocated_mb': 1101}
{'event': 'validation_start', 'epoch': 6}
{'event': 'validation_ranking_start', 'epoch': 6, 'max_edges': 150}
{'event': 'epoch_end', 'epoch': 6, 'early_stop_metric': 'val_composite', 'val_score': 0.2903548898785472, 'val_auc': 0.5842280023604951, 'val_ap': 0.14055891289942254, 'val_ndcg': 0.7951971625993585, 'val_mrr': 0.16774653979801302, 'val_hits@1': 0.07, 'val_hits@10': 0.38333333333333336, 'val_hits@50': 0.49333333333333335, 'val_hits@100': 0.55, 'elapsed_sec': 140.72518906369805}
{'event': 'epoch_start', 'epoch': 7, 'epochs': 24, 'batches': 118, 'time_groups': 118}
{'event': 'train_time_group', 'epoch': 7, 'time_group': 1, 'time_groups': 118, 'batch': 0, 'batches': 118, 'time_value': 600.0, 'group_batches': 1, 'history_edges': 0, 'elapsed_sec': 0.009314104914665222, 'cuda_allocated_mb': 56, 'cuda_reserved_mb': 1220, 'cuda_max_allocated_mb': 1101}
{'event': 'train_progress', 'epoch': 7, 'batch': 1, 'batches': 118, 'time_group': 1, 'time_groups': 118, 'history_edges': 0, 'pos_edges': 1, 'neg_edges': 1, 'loss_recent': 0.07809450477361679, 'elapsed_sec': 0.18523219227790833, 'avg_sec_per_batch': 0.18523219227790833, 'cuda_allocated_mb': 56, 'cuda_reserved_mb': 1220, 'cuda_max_allocated_mb': 1101}
{'event': 'train_progress', 'epoch': 7, 'batch': 100, 'batches': 118, 'time_group': 100, 'time_groups': 118, 'history_edges': 2144, 'pos_edges': 38, 'neg_edges': 38, 'loss_recent': 1.4188493276573717, 'elapsed_sec': 50.07469919323921, 'avg_sec_per_batch': 0.5007469919323921, 'cuda_allocated_mb': 64, 'cuda_reserved_mb': 1220, 'cuda_max_allocated_mb': 1101}
{'event': 'train_time_group', 'epoch': 7, 'time_group': 118, 'time_groups': 118, 'batch': 117, 'batches': 118, 'time_value': 1966.0, 'group_batches': 1, 'history_edges': 3153, 'elapsed_sec': 65.88936236873269, 'cuda_allocated_mb': 56, 'cuda_reserved_mb': 1220, 'cuda_max_allocated_mb': 1101}
{'event': 'train_progress', 'epoch': 7, 'batch': 118, 'batches': 118, 'time_group': 118, 'time_groups': 118, 'history_edges': 3153, 'pos_edges': 91, 'neg_edges': 91, 'loss_recent': 1.8421007394231856, 'elapsed_sec': 67.14315297454596, 'avg_sec_per_batch': 0.5690097709707285, 'cuda_allocated_mb': 64, 'cuda_reserved_mb': 1220, 'cuda_max_allocated_mb': 1101}
{'event': 'validation_start', 'epoch': 7}
{'event': 'validation_ranking_start', 'epoch': 7, 'max_edges': 150}
{'event': 'epoch_end', 'epoch': 7, 'early_stop_metric': 'val_composite', 'val_score': 0.3013782364016695, 'val_auc': 0.5964599070444904, 'val_ap': 0.14918469136225665, 'val_ndcg': 0.8022181893452079, 'val_mrr': 0.18057810348783795, 'val_hits@1': 0.08333333333333333, 'val_hits@10': 0.3933333333333333, 'val_hits@50': 0.49666666666666665, 'val_hits@100': 0.57, 'elapsed_sec': 141.4698395654559}
{'event': 'epoch_start', 'epoch': 8, 'epochs': 24, 'batches': 118, 'time_groups': 118}
{'event': 'train_time_group', 'epoch': 8, 'time_group': 1, 'time_groups': 118, 'batch': 0, 'batches': 118, 'time_value': 600.0, 'group_batches': 1, 'history_edges': 0, 'elapsed_sec': 0.008043169975280762, 'cuda_allocated_mb': 56, 'cuda_reserved_mb': 1220, 'cuda_max_allocated_mb': 1101}
{'event': 'train_progress', 'epoch': 8, 'batch': 1, 'batches': 118, 'time_group': 1, 'time_groups': 118, 'history_edges': 0, 'pos_edges': 1, 'neg_edges': 1, 'loss_recent': 0.05220974609255791, 'elapsed_sec': 0.18675177171826363, 'avg_sec_per_batch': 0.18675177171826363, 'cuda_allocated_mb': 56, 'cuda_reserved_mb': 1220, 'cuda_max_allocated_mb': 1101}
{'event': 'train_progress', 'epoch': 8, 'batch': 100, 'batches': 118, 'time_group': 100, 'time_groups': 118, 'history_edges': 2144, 'pos_edges': 38, 'neg_edges': 38, 'loss_recent': 1.3197443275526166, 'elapsed_sec': 50.634500067681074, 'avg_sec_per_batch': 0.5063450006768108, 'cuda_allocated_mb': 64, 'cuda_reserved_mb': 1220, 'cuda_max_allocated_mb': 1101}
{'event': 'train_time_group', 'epoch': 8, 'time_group': 118, 'time_groups': 118, 'batch': 117, 'batches': 118, 'time_value': 1966.0, 'group_batches': 1, 'history_edges': 3153, 'elapsed_sec': 66.40368829295039, 'cuda_allocated_mb': 56, 'cuda_reserved_mb': 1220, 'cuda_max_allocated_mb': 1101}
{'event': 'train_progress', 'epoch': 8, 'batch': 118, 'batches': 118, 'time_group': 118, 'time_groups': 118, 'history_edges': 3153, 'pos_edges': 91, 'neg_edges': 91, 'loss_recent': 1.7296273516491056, 'elapsed_sec': 67.29436454549432, 'avg_sec_per_batch': 0.5702912249618163, 'cuda_allocated_mb': 64, 'cuda_reserved_mb': 1220, 'cuda_max_allocated_mb': 1101}
{'event': 'validation_start', 'epoch': 8}
{'event': 'validation_ranking_start', 'epoch': 8, 'max_edges': 150}
{'event': 'epoch_end', 'epoch': 8, 'early_stop_metric': 'val_composite', 'val_score': 0.3049676136692277, 'val_auc': 0.58576448276813, 'val_ap': 0.1428223261481466, 'val_ndcg': 0.7992483280482802, 'val_mrr': 0.18466241560754237, 'val_hits@1': 0.08, 'val_hits@10': 0.41, 'val_hits@50': 0.49666666666666665, 'val_hits@100': 0.56, 'elapsed_sec': 141.86312405392528}
{'event': 'epoch_start', 'epoch': 9, 'epochs': 24, 'batches': 118, 'time_groups': 118}
{'event': 'train_time_group', 'epoch': 9, 'time_group': 1, 'time_groups': 118, 'batch': 0, 'batches': 118, 'time_value': 600.0, 'group_batches': 1, 'history_edges': 0, 'elapsed_sec': 0.008601803332567215, 'cuda_allocated_mb': 56, 'cuda_reserved_mb': 1220, 'cuda_max_allocated_mb': 1101}
{'event': 'train_progress', 'epoch': 9, 'batch': 1, 'batches': 118, 'time_group': 1, 'time_groups': 118, 'history_edges': 0, 'pos_edges': 1, 'neg_edges': 1, 'loss_recent': 0.10356420278549194, 'elapsed_sec': 0.19908717274665833, 'avg_sec_per_batch': 0.19908717274665833, 'cuda_allocated_mb': 56, 'cuda_reserved_mb': 1220, 'cuda_max_allocated_mb': 1101}
{'event': 'train_progress', 'epoch': 9, 'batch': 100, 'batches': 118, 'time_group': 100, 'time_groups': 118, 'history_edges': 2144, 'pos_edges': 38, 'neg_edges': 38, 'loss_recent': 1.3895864038169383, 'elapsed_sec': 50.67972807958722, 'avg_sec_per_batch': 0.5067972807958722, 'cuda_allocated_mb': 64, 'cuda_reserved_mb': 1220, 'cuda_max_allocated_mb': 1101}
{'event': 'train_time_group', 'epoch': 9, 'time_group': 118, 'time_groups': 118, 'batch': 117, 'batches': 118, 'time_value': 1966.0, 'group_batches': 1, 'history_edges': 3153, 'elapsed_sec': 65.71267722174525, 'cuda_allocated_mb': 56, 'cuda_reserved_mb': 1220, 'cuda_max_allocated_mb': 1101}
{'event': 'train_progress', 'epoch': 9, 'batch': 118, 'batches': 118, 'time_group': 118, 'time_groups': 118, 'history_edges': 3153, 'pos_edges': 91, 'neg_edges': 91, 'loss_recent': 1.7096578384935857, 'elapsed_sec': 66.86510537937284, 'avg_sec_per_batch': 0.5666534354184138, 'cuda_allocated_mb': 64, 'cuda_reserved_mb': 1220, 'cuda_max_allocated_mb': 1101}
{'event': 'validation_start', 'epoch': 9}
{'event': 'validation_ranking_start', 'epoch': 9, 'max_edges': 150}
{'event': 'epoch_end', 'epoch': 9, 'early_stop_metric': 'val_composite', 'val_score': 0.30546338728831096, 'val_auc': 0.5889092586439963, 'val_ap': 0.14708437964003906, 'val_ndcg': 0.8018931386444601, 'val_mrr': 0.18753190709131848, 'val_hits@1': 0.08333333333333333, 'val_hits@10': 0.4, 'val_hits@50': 0.4766666666666667, 'val_hits@100': 0.55, 'elapsed_sec': 141.44937113299966}
{'event': 'epoch_start', 'epoch': 10, 'epochs': 24, 'batches': 118, 'time_groups': 118}
{'event': 'train_time_group', 'epoch': 10, 'time_group': 1, 'time_groups': 118, 'batch': 0, 'batches': 118, 'time_value': 600.0, 'group_batches': 1, 'history_edges': 0, 'elapsed_sec': 0.008412506431341171, 'cuda_allocated_mb': 56, 'cuda_reserved_mb': 1220, 'cuda_max_allocated_mb': 1101}
{'event': 'train_progress', 'epoch': 10, 'batch': 1, 'batches': 118, 'time_group': 1, 'time_groups': 118, 'history_edges': 0, 'pos_edges': 1, 'neg_edges': 1, 'loss_recent': 0.053365930914878845, 'elapsed_sec': 0.1899445541203022, 'avg_sec_per_batch': 0.1899445541203022, 'cuda_allocated_mb': 56, 'cuda_reserved_mb': 1220, 'cuda_max_allocated_mb': 1101}
{'event': 'train_progress', 'epoch': 10, 'batch': 100, 'batches': 118, 'time_group': 100, 'time_groups': 118, 'history_edges': 2144, 'pos_edges': 38, 'neg_edges': 38, 'loss_recent': 1.2794545534066857, 'elapsed_sec': 51.5147939696908, 'avg_sec_per_batch': 0.515147939696908, 'cuda_allocated_mb': 64, 'cuda_reserved_mb': 1220, 'cuda_max_allocated_mb': 1101}
{'event': 'train_time_group', 'epoch': 10, 'time_group': 118, 'time_groups': 118, 'batch': 117, 'batches': 118, 'time_value': 1966.0, 'group_batches': 1, 'history_edges': 3153, 'elapsed_sec': 66.81451623514295, 'cuda_allocated_mb': 56, 'cuda_reserved_mb': 1220, 'cuda_max_allocated_mb': 1101}
{'event': 'train_progress', 'epoch': 10, 'batch': 118, 'batches': 118, 'time_group': 118, 'time_groups': 118, 'history_edges': 3153, 'pos_edges': 91, 'neg_edges': 91, 'loss_recent': 1.6515969780273736, 'elapsed_sec': 67.66211126744747, 'avg_sec_per_batch': 0.573407722605487, 'cuda_allocated_mb': 64, 'cuda_reserved_mb': 1220, 'cuda_max_allocated_mb': 1101}
{'event': 'validation_start', 'epoch': 10}
{'event': 'validation_ranking_start', 'epoch': 10, 'max_edges': 150}
{'event': 'epoch_end', 'epoch': 10, 'early_stop_metric': 'val_composite', 'val_score': 0.30862778286488013, 'val_auc': 0.5992459192869599, 'val_ap': 0.15074419319700635, 'val_ndcg': 0.8014927697053995, 'val_mrr': 0.19180916190088235, 'val_hits@1': 0.08333333333333333, 'val_hits@10': 0.4, 'val_hits@50': 0.53, 'val_hits@100': 0.6033333333333334, 'elapsed_sec': 142.46986496448517}
{'event': 'epoch_start', 'epoch': 11, 'epochs': 24, 'batches': 118, 'time_groups': 118}
{'event': 'train_time_group', 'epoch': 11, 'time_group': 1, 'time_groups': 118, 'batch': 0, 'batches': 118, 'time_value': 600.0, 'group_batches': 1, 'history_edges': 0, 'elapsed_sec': 0.008766025304794312, 'cuda_allocated_mb': 56, 'cuda_reserved_mb': 1220, 'cuda_max_allocated_mb': 1101}
{'event': 'train_progress', 'epoch': 11, 'batch': 1, 'batches': 118, 'time_group': 1, 'time_groups': 118, 'history_edges': 0, 'pos_edges': 1, 'neg_edges': 1, 'loss_recent': 0.12757502496242523, 'elapsed_sec': 0.19647767022252083, 'avg_sec_per_batch': 0.19647767022252083, 'cuda_allocated_mb': 56, 'cuda_reserved_mb': 1220, 'cuda_max_allocated_mb': 1101}
{'event': 'train_progress', 'epoch': 11, 'batch': 100, 'batches': 118, 'time_group': 100, 'time_groups': 118, 'history_edges': 2144, 'pos_edges': 38, 'neg_edges': 38, 'loss_recent': 1.212416658308357, 'elapsed_sec': 50.363630440086126, 'avg_sec_per_batch': 0.5036363044008613, 'cuda_allocated_mb': 64, 'cuda_reserved_mb': 1220, 'cuda_max_allocated_mb': 1101}
{'event': 'train_time_group', 'epoch': 11, 'time_group': 118, 'time_groups': 118, 'batch': 117, 'batches': 118, 'time_value': 1966.0, 'group_batches': 1, 'history_edges': 3153, 'elapsed_sec': 66.11940716579556, 'cuda_allocated_mb': 56, 'cuda_reserved_mb': 1220, 'cuda_max_allocated_mb': 1101}
{'event': 'train_progress', 'epoch': 11, 'batch': 118, 'batches': 118, 'time_group': 118, 'time_groups': 118, 'history_edges': 3153, 'pos_edges': 91, 'neg_edges': 91, 'loss_recent': 1.5554376249015331, 'elapsed_sec': 67.0787375383079, 'avg_sec_per_batch': 0.5684638774432873, 'cuda_allocated_mb': 63, 'cuda_reserved_mb': 1220, 'cuda_max_allocated_mb': 1101}
{'event': 'validation_start', 'epoch': 11}
{'event': 'validation_ranking_start', 'epoch': 11, 'max_edges': 150}
{'event': 'epoch_end', 'epoch': 11, 'early_stop_metric': 'val_composite', 'val_score': 0.31378698241942476, 'val_auc': 0.5914586564014378, 'val_ap': 0.14832404215410372, 'val_ndcg': 0.8021036386485643, 'val_mrr': 0.2035101588227617, 'val_hits@1': 0.1, 'val_hits@10': 0.4, 'val_hits@50': 0.4866666666666667, 'val_hits@100': 0.5633333333333334, 'elapsed_sec': 141.69723223149776}
{'event': 'epoch_start', 'epoch': 12, 'epochs': 24, 'batches': 118, 'time_groups': 118}
{'event': 'train_time_group', 'epoch': 12, 'time_group': 1, 'time_groups': 118, 'batch': 0, 'batches': 118, 'time_value': 600.0, 'group_batches': 1, 'history_edges': 0, 'elapsed_sec': 0.008100610226392746, 'cuda_allocated_mb': 56, 'cuda_reserved_mb': 1220, 'cuda_max_allocated_mb': 1101}
{'event': 'train_progress', 'epoch': 12, 'batch': 1, 'batches': 118, 'time_group': 1, 'time_groups': 118, 'history_edges': 0, 'pos_edges': 1, 'neg_edges': 1, 'loss_recent': 0.7668508291244507, 'elapsed_sec': 0.19474595040082932, 'avg_sec_per_batch': 0.19474595040082932, 'cuda_allocated_mb': 56, 'cuda_reserved_mb': 1220, 'cuda_max_allocated_mb': 1101}
{'event': 'train_progress', 'epoch': 12, 'batch': 100, 'batches': 118, 'time_group': 100, 'time_groups': 118, 'history_edges': 2144, 'pos_edges': 38, 'neg_edges': 38, 'loss_recent': 1.16453300178051, 'elapsed_sec': 51.18463334813714, 'avg_sec_per_batch': 0.5118463334813714, 'cuda_allocated_mb': 64, 'cuda_reserved_mb': 1220, 'cuda_max_allocated_mb': 1101}
{'event': 'train_time_group', 'epoch': 12, 'time_group': 118, 'time_groups': 118, 'batch': 117, 'batches': 118, 'time_value': 1966.0, 'group_batches': 1, 'history_edges': 3153, 'elapsed_sec': 65.58163019269705, 'cuda_allocated_mb': 56, 'cuda_reserved_mb': 1220, 'cuda_max_allocated_mb': 1101}
{'event': 'train_progress', 'epoch': 12, 'batch': 118, 'batches': 118, 'time_group': 118, 'time_groups': 118, 'history_edges': 3153, 'pos_edges': 91, 'neg_edges': 91, 'loss_recent': 1.4936693248152733, 'elapsed_sec': 66.62722282484174, 'avg_sec_per_batch': 0.5646374815664554, 'cuda_allocated_mb': 64, 'cuda_reserved_mb': 1220, 'cuda_max_allocated_mb': 1101}
{'event': 'validation_start', 'epoch': 12}
{'event': 'validation_ranking_start', 'epoch': 12, 'max_edges': 150}
{'event': 'epoch_end', 'epoch': 12, 'early_stop_metric': 'val_composite', 'val_score': 0.30780578985632295, 'val_auc': 0.5882236318057514, 'val_ap': 0.14413301906178808, 'val_ndcg': 0.7981042015350746, 'val_mrr': 0.19659513717318608, 'val_hits@1': 0.09333333333333334, 'val_hits@10': 0.3933333333333333, 'val_hits@50': 0.49666666666666665, 'val_hits@100': 0.5366666666666666, 'elapsed_sec': 140.83967082947493}
{'event': 'epoch_start', 'epoch': 13, 'epochs': 24, 'batches': 118, 'time_groups': 118}
{'event': 'train_time_group', 'epoch': 13, 'time_group': 1, 'time_groups': 118, 'batch': 0, 'batches': 118, 'time_value': 600.0, 'group_batches': 1, 'history_edges': 0, 'elapsed_sec': 0.008204791694879532, 'cuda_allocated_mb': 56, 'cuda_reserved_mb': 1220, 'cuda_max_allocated_mb': 1101}
{'event': 'train_progress', 'epoch': 13, 'batch': 1, 'batches': 118, 'time_group': 1, 'time_groups': 118, 'history_edges': 0, 'pos_edges': 1, 'neg_edges': 1, 'loss_recent': 0.07670467346906662, 'elapsed_sec': 0.18979667872190475, 'avg_sec_per_batch': 0.18979667872190475, 'cuda_allocated_mb': 56, 'cuda_reserved_mb': 1220, 'cuda_max_allocated_mb': 1101}
{'event': 'train_progress', 'epoch': 13, 'batch': 100, 'batches': 118, 'time_group': 100, 'time_groups': 118, 'history_edges': 2144, 'pos_edges': 38, 'neg_edges': 38, 'loss_recent': 1.1947231164760888, 'elapsed_sec': 46.25113509595394, 'avg_sec_per_batch': 0.46251135095953944, 'cuda_allocated_mb': 64, 'cuda_reserved_mb': 1220, 'cuda_max_allocated_mb': 1101}
{'event': 'train_time_group', 'epoch': 13, 'time_group': 118, 'time_groups': 118, 'batch': 117, 'batches': 118, 'time_value': 1966.0, 'group_batches': 1, 'history_edges': 3153, 'elapsed_sec': 59.65353883057833, 'cuda_allocated_mb': 56, 'cuda_reserved_mb': 1220, 'cuda_max_allocated_mb': 1101}
{'event': 'train_progress', 'epoch': 13, 'batch': 118, 'batches': 118, 'time_group': 118, 'time_groups': 118, 'history_edges': 3153, 'pos_edges': 91, 'neg_edges': 91, 'loss_recent': 1.5283798855170607, 'elapsed_sec': 60.520664751529694, 'avg_sec_per_batch': 0.5128869894197432, 'cuda_allocated_mb': 64, 'cuda_reserved_mb': 1220, 'cuda_max_allocated_mb': 1101}
{'event': 'validation_start', 'epoch': 13}
{'event': 'validation_ranking_start', 'epoch': 13, 'max_edges': 150}
{'event': 'epoch_end', 'epoch': 13, 'early_stop_metric': 'val_composite', 'val_score': 0.3086731019921537, 'val_auc': 0.5890710493005342, 'val_ap': 0.1500926229779059, 'val_ndcg': 0.8029026606986598, 'val_mrr': 0.19683078002115018, 'val_hits@1': 0.09, 'val_hits@10': 0.39, 'val_hits@50': 0.4766666666666667, 'val_hits@100': 0.5266666666666666, 'elapsed_sec': 127.89315246418118}
{'event': 'epoch_start', 'epoch': 14, 'epochs': 24, 'batches': 118, 'time_groups': 118}
{'event': 'train_time_group', 'epoch': 14, 'time_group': 1, 'time_groups': 118, 'batch': 0, 'batches': 118, 'time_value': 600.0, 'group_batches': 1, 'history_edges': 0, 'elapsed_sec': 0.009078670293092728, 'cuda_allocated_mb': 56, 'cuda_reserved_mb': 1220, 'cuda_max_allocated_mb': 1101}
{'event': 'train_progress', 'epoch': 14, 'batch': 1, 'batches': 118, 'time_group': 1, 'time_groups': 118, 'history_edges': 0, 'pos_edges': 1, 'neg_edges': 1, 'loss_recent': 0.19507834315299988, 'elapsed_sec': 0.1888204626739025, 'avg_sec_per_batch': 0.1888204626739025, 'cuda_allocated_mb': 56, 'cuda_reserved_mb': 1220, 'cuda_max_allocated_mb': 1101}
{'event': 'train_progress', 'epoch': 14, 'batch': 100, 'batches': 118, 'time_group': 100, 'time_groups': 118, 'history_edges': 2144, 'pos_edges': 38, 'neg_edges': 38, 'loss_recent': 1.1344947346206755, 'elapsed_sec': 43.1951983012259, 'avg_sec_per_batch': 0.431951983012259, 'cuda_allocated_mb': 64, 'cuda_reserved_mb': 1220, 'cuda_max_allocated_mb': 1101}
{'event': 'train_time_group', 'epoch': 14, 'time_group': 118, 'time_groups': 118, 'batch': 117, 'batches': 118, 'time_value': 1966.0, 'group_batches': 1, 'history_edges': 3153, 'elapsed_sec': 56.92854090034962, 'cuda_allocated_mb': 56, 'cuda_reserved_mb': 1220, 'cuda_max_allocated_mb': 1101}
{'event': 'train_progress', 'epoch': 14, 'batch': 118, 'batches': 118, 'time_group': 118, 'time_groups': 118, 'history_edges': 3153, 'pos_edges': 91, 'neg_edges': 91, 'loss_recent': 1.465853385757655, 'elapsed_sec': 57.75992190092802, 'avg_sec_per_batch': 0.48949086356718663, 'cuda_allocated_mb': 63, 'cuda_reserved_mb': 1220, 'cuda_max_allocated_mb': 1101}
{'event': 'validation_start', 'epoch': 14}
{'event': 'validation_ranking_start', 'epoch': 14, 'max_edges': 150}
{'event': 'epoch_end', 'epoch': 14, 'early_stop_metric': 'val_composite', 'val_score': 0.3097182443992408, 'val_auc': 0.5798062919548013, 'val_ap': 0.14603377146178728, 'val_ndcg': 0.8008343421084226, 'val_mrr': 0.19881219307611409, 'val_hits@1': 0.09666666666666666, 'val_hits@10': 0.39666666666666667, 'val_hits@50': 0.45, 'val_hits@100': 0.5033333333333333, 'elapsed_sec': 126.09564001113176}
{'event': 'epoch_start', 'epoch': 15, 'epochs': 24, 'batches': 118, 'time_groups': 118}
{'event': 'train_time_group', 'epoch': 15, 'time_group': 1, 'time_groups': 118, 'batch': 0, 'batches': 118, 'time_value': 600.0, 'group_batches': 1, 'history_edges': 0, 'elapsed_sec': 0.008867714554071426, 'cuda_allocated_mb': 56, 'cuda_reserved_mb': 1220, 'cuda_max_allocated_mb': 1101}
{'event': 'train_progress', 'epoch': 15, 'batch': 1, 'batches': 118, 'time_group': 1, 'time_groups': 118, 'history_edges': 0, 'pos_edges': 1, 'neg_edges': 1, 'loss_recent': 0.07589644938707352, 'elapsed_sec': 0.24922452867031097, 'avg_sec_per_batch': 0.24922452867031097, 'cuda_allocated_mb': 56, 'cuda_reserved_mb': 1220, 'cuda_max_allocated_mb': 1101}
{'event': 'train_progress', 'epoch': 15, 'batch': 100, 'batches': 118, 'time_group': 100, 'time_groups': 118, 'history_edges': 2144, 'pos_edges': 38, 'neg_edges': 38, 'loss_recent': 1.0116256940923631, 'elapsed_sec': 51.33679838851094, 'avg_sec_per_batch': 0.5133679838851094, 'cuda_allocated_mb': 64, 'cuda_reserved_mb': 1220, 'cuda_max_allocated_mb': 1101}
{'event': 'train_time_group', 'epoch': 15, 'time_group': 118, 'time_groups': 118, 'batch': 117, 'batches': 118, 'time_value': 1966.0, 'group_batches': 1, 'history_edges': 3153, 'elapsed_sec': 67.78524244576693, 'cuda_allocated_mb': 56, 'cuda_reserved_mb': 1220, 'cuda_max_allocated_mb': 1101}
{'event': 'train_progress', 'epoch': 15, 'batch': 118, 'batches': 118, 'time_group': 118, 'time_groups': 118, 'history_edges': 3153, 'pos_edges': 91, 'neg_edges': 91, 'loss_recent': 1.3927840493991972, 'elapsed_sec': 69.00087935104966, 'avg_sec_per_batch': 0.5847532148394039, 'cuda_allocated_mb': 64, 'cuda_reserved_mb': 1220, 'cuda_max_allocated_mb': 1101}
{'event': 'validation_start', 'epoch': 15}
{'event': 'validation_ranking_start', 'epoch': 15, 'max_edges': 150}
{'event': 'epoch_end', 'epoch': 15, 'early_stop_metric': 'val_composite', 'val_score': 0.30997516631093114, 'val_auc': 0.582891556560299, 'val_ap': 0.15191891792295006, 'val_ndcg': 0.8042547447252711, 'val_mrr': 0.19923455264389317, 'val_hits@1': 0.09666666666666666, 'val_hits@10': 0.39, 'val_hits@50': 0.46, 'val_hits@100': 0.5033333333333333, 'elapsed_sec': 143.75517412275076}
{'event': 'epoch_start', 'epoch': 16, 'epochs': 24, 'batches': 118, 'time_groups': 118}
{'event': 'train_time_group', 'epoch': 16, 'time_group': 1, 'time_groups': 118, 'batch': 0, 'batches': 118, 'time_value': 600.0, 'group_batches': 1, 'history_edges': 0, 'elapsed_sec': 0.007783576846122742, 'cuda_allocated_mb': 56, 'cuda_reserved_mb': 1220, 'cuda_max_allocated_mb': 1101}
{'event': 'train_progress', 'epoch': 16, 'batch': 1, 'batches': 118, 'time_group': 1, 'time_groups': 118, 'history_edges': 0, 'pos_edges': 1, 'neg_edges': 1, 'loss_recent': 0.06751704216003418, 'elapsed_sec': 0.18585128337144852, 'avg_sec_per_batch': 0.18585128337144852, 'cuda_allocated_mb': 56, 'cuda_reserved_mb': 1220, 'cuda_max_allocated_mb': 1101}
{'event': 'train_progress', 'epoch': 16, 'batch': 100, 'batches': 118, 'time_group': 100, 'time_groups': 118, 'history_edges': 2144, 'pos_edges': 38, 'neg_edges': 38, 'loss_recent': 1.0013555629365145, 'elapsed_sec': 50.87123370170593, 'avg_sec_per_batch': 0.5087123370170593, 'cuda_allocated_mb': 64, 'cuda_reserved_mb': 1220, 'cuda_max_allocated_mb': 1101}
{'event': 'train_time_group', 'epoch': 16, 'time_group': 118, 'time_groups': 118, 'batch': 117, 'batches': 118, 'time_value': 1966.0, 'group_batches': 1, 'history_edges': 3153, 'elapsed_sec': 66.05996741354465, 'cuda_allocated_mb': 56, 'cuda_reserved_mb': 1220, 'cuda_max_allocated_mb': 1101}
{'event': 'train_progress', 'epoch': 16, 'batch': 118, 'batches': 118, 'time_group': 118, 'time_groups': 118, 'history_edges': 3153, 'pos_edges': 91, 'neg_edges': 91, 'loss_recent': 1.3860627257451414, 'elapsed_sec': 67.26585164293647, 'avg_sec_per_batch': 0.5700495901943768, 'cuda_allocated_mb': 63, 'cuda_reserved_mb': 1220, 'cuda_max_allocated_mb': 1101}
{'event': 'validation_start', 'epoch': 16}
{'event': 'validation_ranking_start', 'epoch': 16, 'max_edges': 150}
{'event': 'epoch_end', 'epoch': 16, 'early_stop_metric': 'val_composite', 'val_score': 0.3090661834646865, 'val_auc': 0.578144332049563, 'val_ap': 0.14890719505052483, 'val_ndcg': 0.8025953593156141, 'val_mrr': 0.20046003667946977, 'val_hits@1': 0.1, 'val_hits@10': 0.38666666666666666, 'val_hits@50': 0.45, 'val_hits@100': 0.49, 'elapsed_sec': 141.56343756243587}
{'dataset': 'yago15k-temporal', 'method': 'ssptgfm', 'scenario': 'standard', 'ablation': 'full', 'few_shot_ratio': 1.0, 'seed': 3, 'train_edges': 3244, 'val_edges': 6738, 'test_edges': 26719, 'params_trainable': 1416722, 'params_total': 1416735, 'rough_forward_flops': 384237568, 'train_eval_time_sec': 2488.7008057907224, 'allocated_mb': 33.2470703125, 'reserved_mb': 1220.0, 'max_allocated_mb': 1101.6455078125, 'val_auc': 0.591458651996214, 'val_ap': 0.1483240483189326, 'val_ndcg': 0.8021036361876703, 'val_mrr': 0.2035101588227617, 'val_hits@1': 0.1, 'val_hits@10': 0.4, 'val_hits@50': 0.4866666666666667, 'val_hits@100': 0.5633333333333334, 'train_loss': 1.417248232811058, 'train_lp': 0.47931165235951406, 'train_align': 83.1334131644502, 'train_kl': 1032.664627915722, 'train_ood_reg': 0.236323832581609, 'train_meta': 0.4683174712793755, 'train_struct_aux': 0.758089191004559, 'train_weighted_align': 0.8313341153163061, 'train_weighted_kl': 0.10326646011070174, 'train_weighted_ood_reg': 0.0002363238437298559, 'train_weighted_meta': 0.0023415873092103136, 'train_weighted_struct_aux': 0.0007580892282184587, 'train_rank': 0.37466045208324894, 'train_weighted_rank': 0.0037466044346421523, 'train_candidate_rank': 2.4241015537210564, 'train_weighted_candidate_rank': 0.12120507956840318, 'test_auc': 0.6068421790250033, 'test_ap': 0.16320462440049047, 'test_ndcg': 0.8323037757898565, 'test_mrr': 0.14408124755082755, 'test_hits@1': 0.06, 'test_hits@10': 0.30666666666666664, 'test_hits@50': 0.505, 'test_hits@100': 0.595}
