
$ /root/miniconda3/bin/python -u scripts/search_hparams.py --config configs/auto_target/ssptgfm_search_tgb_smallpedia_candidate_listwise_balanced_probe.yaml --output results/auto_target_candidate_listwise_balanced_probe_v1/search_tgb_smallpedia_candidate_listwise_balanced_probe --resume
runtime_device=cuda
cuda_device=Tesla V100-PCIE-32GB
{'event': 'candidate_seed_start', 'candidate': 'candidate_listwise_balanced_probe_h96_r12_a12_p4x4_l1_neg1_lr0p001_hp0p1_sr0_sa0_rl0p02_m0_bpr_crl0p005_cs8_both_cq16', 'seed': 1, 'device': 'cuda', 'node_text_device': 'cuda:0'}
{'event': 'train_seed_start', 'seed': 1, 'train_edges': 50000, 'val_edges': 162066, 'test_edges': 163172, 'num_nodes': 47433, 'num_relations': 566}
{'event': 'train_seed_tensors_ready', 'seed': 1, 'elapsed_sec': 0.014559265226125717, 'cuda_allocated_mb': 105, 'cuda_reserved_mb': 126, 'cuda_max_allocated_mb': 105}
{'event': 'train_known_facts_ready', 'seed': 1, 'scope': 'train', 'edges': 50000, 'elapsed_sec': 0.019956398755311966}
{'event': 'train_known_facts_ready', 'seed': 1, 'scope': 'train_val', 'edges': 212066, 'elapsed_sec': 0.035706229507923126}
{'event': 'train_sampler_ready', 'seed': 1, 'elapsed_sec': 0.16305183619260788}
{'event': 'val_sampler_ready', 'seed': 1, 'elapsed_sec': 0.3047368675470352}
{'event': 'epoch_start', 'epoch': 1, 'epochs': 1, 'batches': 156, 'time_groups': 98}
{'event': 'train_time_group', 'epoch': 1, 'time_group': 1, 'time_groups': 98, 'batch': 0, 'batches': 156, 'time_value': 1900.0, 'group_batches': 1, 'history_edges': 0, 'elapsed_sec': 0.032692089676856995, 'cuda_allocated_mb': 107, 'cuda_reserved_mb': 126, 'cuda_max_allocated_mb': 107}
{'event': 'train_progress', 'epoch': 1, 'batch': 1, 'batches': 156, 'time_group': 1, 'time_groups': 98, 'history_edges': 0, 'pos_edges': 252, 'neg_edges': 252, 'loss_recent': 21.90841293334961, 'elapsed_sec': 1.6091896556317806, 'avg_sec_per_batch': 1.6091896556317806, 'cuda_allocated_mb': 410, 'cuda_reserved_mb': 884, 'cuda_max_allocated_mb': 855}
{'event': 'train_progress', 'epoch': 1, 'batch': 100, 'batches': 156, 'time_group': 70, 'time_groups': 98, 'history_edges': 30867, 'pos_edges': 92, 'neg_edges': 92, 'loss_recent': 26.371450517177582, 'elapsed_sec': 54.39585845917463, 'avg_sec_per_batch': 0.5439585845917463, 'cuda_allocated_mb': 467, 'cuda_reserved_mb': 2032, 'cuda_max_allocated_mb': 1929}
{'event': 'train_time_group', 'epoch': 1, 'time_group': 98, 'time_groups': 98, 'batch': 154, 'batches': 156, 'time_value': 1997.0, 'group_batches': 2, 'history_edges': 49206, 'elapsed_sec': 85.46950362622738, 'cuda_allocated_mb': 334, 'cuda_reserved_mb': 2334, 'cuda_max_allocated_mb': 2213}
{'event': 'train_progress', 'epoch': 1, 'batch': 156, 'batches': 156, 'time_group': 98, 'time_groups': 98, 'history_edges': 49206, 'pos_edges': 282, 'neg_edges': 282, 'loss_recent': 27.956085147261618, 'elapsed_sec': 86.71278837695718, 'avg_sec_per_batch': 0.5558512075445973, 'cuda_allocated_mb': 467, 'cuda_reserved_mb': 2334, 'cuda_max_allocated_mb': 2226}
{'event': 'validation_start', 'epoch': 1}
{'event': 'validation_ranking_start', 'epoch': 1, 'max_edges': 5}
{'event': 'epoch_end', 'epoch': 1, 'early_stop_metric': 'val_composite', 'val_score': 0.31620976066563633, 'val_auc': 0.598712158203125, 'val_ap': 0.36793803101359634, 'val_ndcg': 0.8354965757446037, 'val_mrr': 0.15047924063843848, 'val_hits@1': 0.1, 'val_hits@10': 0.2, 'val_hits@50': 0.2, 'val_hits@100': 0.2, 'elapsed_sec': 124.69046803191304}
{'candidate': 'candidate_listwise_balanced_probe_h96_r12_a12_p4x4_l1_neg1_lr0p001_hp0p1_sr0_sa0_rl0p02_m0_bpr_crl0p005_cs8_both_cq16', 'seed': 1, 'composite': nan, 'val_auc': 0.598712158203125, 'val_ap': 0.36793803101359634, 'val_ndcg': 0.8354965757446037, 'val_mrr': 0.15047924063843848, 'val_hits@1': 0.1, 'val_hits@10': 0.2, 'val_hits@50': 0.2, 'val_hits@100': 0.2, 'train_loss': 27.78514371621303, 'train_lp': 0.494345900339958, 'train_align': 5409.478344238722, 'train_kl': 2405.8010742710185, 'train_ood_reg': 0.20888303592801094, 'train_meta': 0.5235694497823715, 'train_struct_aux': 0.0, 'train_weighted_align': 27.047391048513163, 'train_weighted_kl': 0.2405801019127606, 'train_weighted_ood_reg': 0.0002088830460240551, 'train_weighted_meta': 0.002617847191196723, 'train_weighted_struct_aux': 0.0, 'train_rank': 0.3586015557058347, 'train_weighted_rank': 0.007172030983313631, 'train_candidate_rank': 1.2113881411078649, 'train_weighted_candidate_rank': 0.006056940578557073}
{'event': 'candidate_summary', 'candidate': 'candidate_listwise_balanced_probe_h96_r12_a12_p4x4_l1_neg1_lr0p001_hp0p1_sr0_sa0_rl0p02_m0_bpr_crl0p005_cs8_both_cq16', 'score': 0.31620976066563633, 'passes_metric_minima': True, 'means': {'val_auc': 0.598712158203125, 'val_ap': 0.36793803101359634, 'val_mrr': 0.15047924063843848, 'val_hits@10': 0.2, 'val_ndcg': 0.8354965757446037}, 'seeds_completed': 1}
{'event': 'candidate_seed_start', 'candidate': 'candidate_listwise_balanced_probe_h96_r12_a12_p4x4_l1_neg1_lr0p001_hp0p1_sr0_sa0_rl0p02_m0_bpr_crl0p01_cs8_both_cq16', 'seed': 1, 'device': 'cuda', 'node_text_device': 'cuda:0'}
{'event': 'train_seed_start', 'seed': 1, 'train_edges': 50000, 'val_edges': 162066, 'test_edges': 163172, 'num_nodes': 47433, 'num_relations': 566}
{'event': 'train_seed_tensors_ready', 'seed': 1, 'elapsed_sec': 0.011697657406330109, 'cuda_allocated_mb': 122, 'cuda_reserved_mb': 146, 'cuda_max_allocated_mb': 2226}
{'event': 'train_known_facts_ready', 'seed': 1, 'scope': 'train', 'edges': 50000, 'elapsed_sec': 0.01824221760034561}
{'event': 'train_known_facts_ready', 'seed': 1, 'scope': 'train_val', 'edges': 212066, 'elapsed_sec': 0.06217627599835396}
{'event': 'train_sampler_ready', 'seed': 1, 'elapsed_sec': 0.19440874457359314}
{'event': 'val_sampler_ready', 'seed': 1, 'elapsed_sec': 0.317244291305542}
{'event': 'epoch_start', 'epoch': 1, 'epochs': 1, 'batches': 156, 'time_groups': 98}
{'event': 'train_time_group', 'epoch': 1, 'time_group': 1, 'time_groups': 98, 'batch': 0, 'batches': 156, 'time_value': 1900.0, 'group_batches': 1, 'history_edges': 0, 'elapsed_sec': 0.019656382501125336, 'cuda_allocated_mb': 123, 'cuda_reserved_mb': 146, 'cuda_max_allocated_mb': 2226}
{'event': 'train_progress', 'epoch': 1, 'batch': 1, 'batches': 156, 'time_group': 1, 'time_groups': 98, 'history_edges': 0, 'pos_edges': 252, 'neg_edges': 252, 'loss_recent': 21.90841293334961, 'elapsed_sec': 0.4228234067559242, 'avg_sec_per_batch': 0.4228234067559242, 'cuda_allocated_mb': 410, 'cuda_reserved_mb': 924, 'cuda_max_allocated_mb': 2226}
{'event': 'train_progress', 'epoch': 1, 'batch': 100, 'batches': 156, 'time_group': 70, 'time_groups': 98, 'history_edges': 30867, 'pos_edges': 92, 'neg_edges': 92, 'loss_recent': 26.371788318753243, 'elapsed_sec': 50.83560415357351, 'avg_sec_per_batch': 0.5083560415357351, 'cuda_allocated_mb': 467, 'cuda_reserved_mb': 2032, 'cuda_max_allocated_mb': 2226}
{'event': 'train_time_group', 'epoch': 1, 'time_group': 98, 'time_groups': 98, 'batch': 154, 'batches': 156, 'time_value': 1997.0, 'group_batches': 2, 'history_edges': 49206, 'elapsed_sec': 79.93390301615, 'cuda_allocated_mb': 334, 'cuda_reserved_mb': 2334, 'cuda_max_allocated_mb': 2226}
{'event': 'train_progress', 'epoch': 1, 'batch': 156, 'batches': 156, 'time_group': 98, 'time_groups': 98, 'history_edges': 49206, 'pos_edges': 282, 'neg_edges': 282, 'loss_recent': 27.956623311042787, 'elapsed_sec': 81.07794082164764, 'avg_sec_per_batch': 0.5197303898823566, 'cuda_allocated_mb': 467, 'cuda_reserved_mb': 2354, 'cuda_max_allocated_mb': 2226}
{'event': 'validation_start', 'epoch': 1}
{'event': 'validation_ranking_start', 'epoch': 1, 'max_edges': 5}
{'event': 'epoch_end', 'epoch': 1, 'early_stop_metric': 'val_composite', 'val_score': 0.3166206750489772, 'val_auc': 0.5998779296874999, 'val_ap': 0.36899812565927476, 'val_ndcg': 0.8360806902746523, 'val_mrr': 0.15053616171644524, 'val_hits@1': 0.1, 'val_hits@10': 0.2, 'val_hits@50': 0.2, 'val_hits@100': 0.2, 'elapsed_sec': 118.1627111248672}
{'candidate': 'candidate_listwise_balanced_probe_h96_r12_a12_p4x4_l1_neg1_lr0p001_hp0p1_sr0_sa0_rl0p02_m0_bpr_crl0p01_cs8_both_cq16', 'seed': 1, 'composite': nan, 'val_auc': 0.5998779296874999, 'val_ap': 0.36899812565927476, 'val_ndcg': 0.8360806902746523, 'val_mrr': 0.15053616171644524, 'val_hits@1': 0.1, 'val_hits@10': 0.2, 'val_hits@50': 0.2, 'val_hits@100': 0.2, 'train_loss': 27.78551569237159, 'train_lp': 0.4946322242418925, 'train_align': 5409.481281011533, 'train_kl': 2406.4946492818685, 'train_ood_reg': 0.20889434600487733, 'train_meta': 0.5238378186447498, 'train_struct_aux': 0.0, 'train_weighted_align': 27.047405799803062, 'train_weighted_kl': 0.2406494586783736, 'train_weighted_ood_reg': 0.00020889435612704032, 'train_weighted_meta': 0.002619189025538687, 'train_weighted_struct_aux': 0.0, 'train_rank': 0.35838702741341716, 'train_weighted_rank': 0.007167740386182395, 'train_candidate_rank': 1.2101806849241257, 'train_weighted_candidate_rank': 0.012101806592769347}
{'event': 'candidate_summary', 'candidate': 'candidate_listwise_balanced_probe_h96_r12_a12_p4x4_l1_neg1_lr0p001_hp0p1_sr0_sa0_rl0p02_m0_bpr_crl0p01_cs8_both_cq16', 'score': 0.3166206750489772, 'passes_metric_minima': True, 'means': {'val_auc': 0.5998779296874999, 'val_ap': 0.36899812565927476, 'val_mrr': 0.15053616171644524, 'val_hits@10': 0.2, 'val_ndcg': 0.8360806902746523}, 'seeds_completed': 1}
{'event': 'candidate_seed_start', 'candidate': 'candidate_listwise_balanced_probe_h96_r12_a12_p4x4_l1_neg1_lr0p001_hp0p1_sr0_sa0_rl0p02_m0_bpr_crl0p02_cs8_both_cq32', 'seed': 1, 'device': 'cuda', 'node_text_device': 'cuda:0'}
{'event': 'train_seed_start', 'seed': 1, 'train_edges': 50000, 'val_edges': 162066, 'test_edges': 163172, 'num_nodes': 47433, 'num_relations': 566}
{'event': 'train_seed_tensors_ready', 'seed': 1, 'elapsed_sec': 0.011521909385919571, 'cuda_allocated_mb': 122, 'cuda_reserved_mb': 146, 'cuda_max_allocated_mb': 2226}
{'event': 'train_known_facts_ready', 'seed': 1, 'scope': 'train', 'edges': 50000, 'elapsed_sec': 0.017780043184757233}
{'event': 'train_known_facts_ready', 'seed': 1, 'scope': 'train_val', 'edges': 212066, 'elapsed_sec': 0.0402432419359684}
{'event': 'train_sampler_ready', 'seed': 1, 'elapsed_sec': 0.16948257014155388}
{'event': 'val_sampler_ready', 'seed': 1, 'elapsed_sec': 0.2965116500854492}
{'event': 'epoch_start', 'epoch': 1, 'epochs': 1, 'batches': 156, 'time_groups': 98}
{'event': 'train_time_group', 'epoch': 1, 'time_group': 1, 'time_groups': 98, 'batch': 0, 'batches': 156, 'time_value': 1900.0, 'group_batches': 1, 'history_edges': 0, 'elapsed_sec': 0.019514456391334534, 'cuda_allocated_mb': 123, 'cuda_reserved_mb': 146, 'cuda_max_allocated_mb': 2226}
{'event': 'train_progress', 'epoch': 1, 'batch': 1, 'batches': 156, 'time_group': 1, 'time_groups': 98, 'history_edges': 0, 'pos_edges': 252, 'neg_edges': 252, 'loss_recent': 21.90841293334961, 'elapsed_sec': 0.4817834459245205, 'avg_sec_per_batch': 0.4817834459245205, 'cuda_allocated_mb': 428, 'cuda_reserved_mb': 994, 'cuda_max_allocated_mb': 2226}
{'event': 'train_progress', 'epoch': 1, 'batch': 100, 'batches': 156, 'time_group': 70, 'time_groups': 98, 'history_edges': 30867, 'pos_edges': 92, 'neg_edges': 92, 'loss_recent': 26.365257504582406, 'elapsed_sec': 58.08390386402607, 'avg_sec_per_batch': 0.5808390386402607, 'cuda_allocated_mb': 466, 'cuda_reserved_mb': 2164, 'cuda_max_allocated_mb': 2226}
{'event': 'train_time_group', 'epoch': 1, 'time_group': 98, 'time_groups': 98, 'batch': 154, 'batches': 156, 'time_value': 1997.0, 'group_batches': 2, 'history_edges': 49206, 'elapsed_sec': 91.1776232458651, 'cuda_allocated_mb': 334, 'cuda_reserved_mb': 2466, 'cuda_max_allocated_mb': 2292}
{'event': 'train_progress', 'epoch': 1, 'batch': 156, 'batches': 156, 'time_group': 98, 'time_groups': 98, 'history_edges': 49206, 'pos_edges': 282, 'neg_edges': 282, 'loss_recent': 27.953344854712487, 'elapsed_sec': 92.48097544535995, 'avg_sec_per_batch': 0.5928267656753843, 'cuda_allocated_mb': 467, 'cuda_reserved_mb': 2486, 'cuda_max_allocated_mb': 2304}
{'event': 'validation_start', 'epoch': 1}
{'event': 'validation_ranking_start', 'epoch': 1, 'max_edges': 5}
{'event': 'epoch_end', 'epoch': 1, 'early_stop_metric': 'val_composite', 'val_score': 0.316298342546806, 'val_auc': 0.5908447265625, 'val_ap': 0.3724499258170476, 'val_ndcg': 0.8368694244035709, 'val_mrr': 0.1500879578256889, 'val_hits@1': 0.1, 'val_hits@10': 0.2, 'val_hits@50': 0.2, 'val_hits@100': 0.2, 'elapsed_sec': 127.0773337110877}
{'candidate': 'candidate_listwise_balanced_probe_h96_r12_a12_p4x4_l1_neg1_lr0p001_hp0p1_sr0_sa0_rl0p02_m0_bpr_crl0p02_cs8_both_cq32', 'seed': 1, 'composite': nan, 'val_auc': 0.5908447265625, 'val_ap': 0.3724499258170476, 'val_ndcg': 0.8368694244035709, 'val_mrr': 0.1500879578256889, 'val_hits@1': 0.1, 'val_hits@10': 0.2, 'val_hits@50': 0.2, 'val_hits@100': 0.2, 'train_loss': 27.766037741150612, 'train_lp': 0.4943718608373251, 'train_align': 5405.740881412457, 'train_kl': 2402.421338324363, 'train_ood_reg': 0.20891023475008133, 'train_meta': 0.5022159569825118, 'train_struct_aux': 0.0, 'train_weighted_align': 27.028703754457336, 'train_weighted_kl': 0.24024212754440483, 'train_weighted_ood_reg': 0.00020891024411330596, 'train_weighted_meta': 0.002511079732451039, 'train_weighted_struct_aux': 0.0, 'train_rank': 0.3580963223790511, 'train_weighted_rank': 0.007161926290091987, 'train_candidate_rank': 1.235744052208387, 'train_weighted_candidate_rank': 0.02471488045576291}
{'event': 'candidate_summary', 'candidate': 'candidate_listwise_balanced_probe_h96_r12_a12_p4x4_l1_neg1_lr0p001_hp0p1_sr0_sa0_rl0p02_m0_bpr_crl0p02_cs8_both_cq32', 'score': 0.316298342546806, 'passes_metric_minima': True, 'means': {'val_auc': 0.5908447265625, 'val_ap': 0.3724499258170476, 'val_mrr': 0.1500879578256889, 'val_hits@10': 0.2, 'val_ndcg': 0.8368694244035709}, 'seeds_completed': 1}
{'event': 'candidate_seed_start', 'candidate': 'candidate_listwise_balanced_probe_h96_r12_a12_p4x4_l1_neg1_lr0p001_hp0p1_sr0_sa0_rl0p05_m0_bpr_crl0p005_cs8_both_cq16', 'seed': 1, 'device': 'cuda', 'node_text_device': 'cuda:0'}
{'event': 'train_seed_start', 'seed': 1, 'train_edges': 50000, 'val_edges': 162066, 'test_edges': 163172, 'num_nodes': 47433, 'num_relations': 566}
{'event': 'train_seed_tensors_ready', 'seed': 1, 'elapsed_sec': 0.011510934680700302, 'cuda_allocated_mb': 122, 'cuda_reserved_mb': 146, 'cuda_max_allocated_mb': 2304}
{'event': 'train_known_facts_ready', 'seed': 1, 'scope': 'train', 'edges': 50000, 'elapsed_sec': 0.017587866634130478}
{'event': 'train_known_facts_ready', 'seed': 1, 'scope': 'train_val', 'edges': 212066, 'elapsed_sec': 0.03901156410574913}
{'event': 'train_sampler_ready', 'seed': 1, 'elapsed_sec': 0.16973494365811348}
{'event': 'val_sampler_ready', 'seed': 1, 'elapsed_sec': 0.30895545706152916}
{'event': 'epoch_start', 'epoch': 1, 'epochs': 1, 'batches': 156, 'time_groups': 98}
{'event': 'train_time_group', 'epoch': 1, 'time_group': 1, 'time_groups': 98, 'batch': 0, 'batches': 156, 'time_value': 1900.0, 'group_batches': 1, 'history_edges': 0, 'elapsed_sec': 0.02389669045805931, 'cuda_allocated_mb': 123, 'cuda_reserved_mb': 146, 'cuda_max_allocated_mb': 2304}
{'event': 'train_progress', 'epoch': 1, 'batch': 1, 'batches': 156, 'time_group': 1, 'time_groups': 98, 'history_edges': 0, 'pos_edges': 252, 'neg_edges': 252, 'loss_recent': 21.90841293334961, 'elapsed_sec': 0.4350387677550316, 'avg_sec_per_batch': 0.4350387677550316, 'cuda_allocated_mb': 410, 'cuda_reserved_mb': 924, 'cuda_max_allocated_mb': 2304}
{'event': 'train_progress', 'epoch': 1, 'batch': 100, 'batches': 156, 'time_group': 70, 'time_groups': 98, 'history_edges': 30867, 'pos_edges': 92, 'neg_edges': 92, 'loss_recent': 26.371516024470328, 'elapsed_sec': 51.17721064761281, 'avg_sec_per_batch': 0.5117721064761281, 'cuda_allocated_mb': 467, 'cuda_reserved_mb': 2032, 'cuda_max_allocated_mb': 2304}
{'event': 'train_time_group', 'epoch': 1, 'time_group': 98, 'time_groups': 98, 'batch': 154, 'batches': 156, 'time_value': 1997.0, 'group_batches': 2, 'history_edges': 49206, 'elapsed_sec': 80.29680318757892, 'cuda_allocated_mb': 334, 'cuda_reserved_mb': 2334, 'cuda_max_allocated_mb': 2304}
{'event': 'train_progress', 'epoch': 1, 'batch': 156, 'batches': 156, 'time_group': 98, 'time_groups': 98, 'history_edges': 49206, 'pos_edges': 282, 'neg_edges': 282, 'loss_recent': 27.95642981886864, 'elapsed_sec': 81.49936030432582, 'avg_sec_per_batch': 0.5224317968226014, 'cuda_allocated_mb': 467, 'cuda_reserved_mb': 2354, 'cuda_max_allocated_mb': 2304}
{'event': 'validation_start', 'epoch': 1}
{'event': 'validation_ranking_start', 'epoch': 1, 'max_edges': 5}
{'event': 'epoch_end', 'epoch': 1, 'early_stop_metric': 'val_composite', 'val_score': 0.31696378637202083, 'val_auc': 0.6030670166015625, 'val_ap': 0.3686764810590646, 'val_ndcg': 0.8361985844480417, 'val_mrr': 0.15071888108392245, 'val_hits@1': 0.1, 'val_hits@10': 0.2, 'val_hits@50': 0.2, 'val_hits@100': 0.2, 'elapsed_sec': 115.77701661363244}
{'candidate': 'candidate_listwise_balanced_probe_h96_r12_a12_p4x4_l1_neg1_lr0p001_hp0p1_sr0_sa0_rl0p05_m0_bpr_crl0p005_cs8_both_cq16', 'seed': 1, 'composite': nan, 'val_auc': 0.6030670166015625, 'val_ap': 0.3686764810590646, 'val_ndcg': 0.8361985844480417, 'val_mrr': 0.15071888108392245, 'val_hits@1': 0.1, 'val_hits@10': 0.2, 'val_hits@50': 0.2, 'val_hits@100': 0.2, 'train_loss': 27.78538645345431, 'train_lp': 0.49455177554717433, 'train_align': 5409.480716301845, 'train_kl': 2406.0256180854944, 'train_ood_reg': 0.2089182487091957, 'train_meta': 0.5240391468963562, 'train_struct_aux': 0.0, 'train_weighted_align': 27.047402920965585, 'train_weighted_kl': 0.24060255628995572, 'train_weighted_ood_reg': 0.00020891825848733648, 'train_weighted_meta': 0.0026201956785278013, 'train_weighted_struct_aux': 0.0, 'train_rank': 0.3581965880898329, 'train_weighted_rank': 0.0179098297137385, 'train_candidate_rank': 1.2097481997349324, 'train_weighted_candidate_rank': 0.006048740850439152}
{'event': 'candidate_summary', 'candidate': 'candidate_listwise_balanced_probe_h96_r12_a12_p4x4_l1_neg1_lr0p001_hp0p1_sr0_sa0_rl0p05_m0_bpr_crl0p005_cs8_both_cq16', 'score': 0.31696378637202083, 'passes_metric_minima': True, 'means': {'val_auc': 0.6030670166015625, 'val_ap': 0.3686764810590646, 'val_mrr': 0.15071888108392245, 'val_hits@10': 0.2, 'val_ndcg': 0.8361985844480417}, 'seeds_completed': 1}
{'event': 'candidate_seed_start', 'candidate': 'candidate_listwise_balanced_probe_h96_r12_a12_p4x4_l1_neg1_lr0p001_hp0p1_sr0_sa0_rl0p05_m0_bpr_crl0p01_cs8_both_cq16', 'seed': 1, 'device': 'cuda', 'node_text_device': 'cuda:0'}
{'event': 'train_seed_start', 'seed': 1, 'train_edges': 50000, 'val_edges': 162066, 'test_edges': 163172, 'num_nodes': 47433, 'num_relations': 566}
{'event': 'train_seed_tensors_ready', 'seed': 1, 'elapsed_sec': 0.012236393988132477, 'cuda_allocated_mb': 122, 'cuda_reserved_mb': 146, 'cuda_max_allocated_mb': 2304}
{'event': 'train_known_facts_ready', 'seed': 1, 'scope': 'train', 'edges': 50000, 'elapsed_sec': 0.0180966854095459}
{'event': 'train_known_facts_ready', 'seed': 1, 'scope': 'train_val', 'edges': 212066, 'elapsed_sec': 0.03888561576604843}
{'event': 'train_sampler_ready', 'seed': 1, 'elapsed_sec': 0.16438093036413193}
{'event': 'val_sampler_ready', 'seed': 1, 'elapsed_sec': 0.29397523403167725}
{'event': 'epoch_start', 'epoch': 1, 'epochs': 1, 'batches': 156, 'time_groups': 98}
{'event': 'train_time_group', 'epoch': 1, 'time_group': 1, 'time_groups': 98, 'batch': 0, 'batches': 156, 'time_value': 1900.0, 'group_batches': 1, 'history_edges': 0, 'elapsed_sec': 0.01940786838531494, 'cuda_allocated_mb': 123, 'cuda_reserved_mb': 146, 'cuda_max_allocated_mb': 2304}
{'event': 'train_progress', 'epoch': 1, 'batch': 1, 'batches': 156, 'time_group': 1, 'time_groups': 98, 'history_edges': 0, 'pos_edges': 252, 'neg_edges': 252, 'loss_recent': 21.90841293334961, 'elapsed_sec': 0.45674602314829826, 'avg_sec_per_batch': 0.45674602314829826, 'cuda_allocated_mb': 410, 'cuda_reserved_mb': 924, 'cuda_max_allocated_mb': 2304}
{'event': 'train_progress', 'epoch': 1, 'batch': 100, 'batches': 156, 'time_group': 70, 'time_groups': 98, 'history_edges': 30867, 'pos_edges': 92, 'neg_edges': 92, 'loss_recent': 26.37180694580078, 'elapsed_sec': 51.4737333022058, 'avg_sec_per_batch': 0.514737333022058, 'cuda_allocated_mb': 467, 'cuda_reserved_mb': 2032, 'cuda_max_allocated_mb': 2304}
{'event': 'train_time_group', 'epoch': 1, 'time_group': 98, 'time_groups': 98, 'batch': 154, 'batches': 156, 'time_value': 1997.0, 'group_batches': 2, 'history_edges': 49206, 'elapsed_sec': 81.019197601825, 'cuda_allocated_mb': 334, 'cuda_reserved_mb': 2334, 'cuda_max_allocated_mb': 2304}
{'event': 'train_progress', 'epoch': 1, 'batch': 156, 'batches': 156, 'time_group': 98, 'time_groups': 98, 'history_edges': 49206, 'pos_edges': 282, 'neg_edges': 282, 'loss_recent': 27.956639441847802, 'elapsed_sec': 82.22253402322531, 'avg_sec_per_batch': 0.5270675257899058, 'cuda_allocated_mb': 467, 'cuda_reserved_mb': 2354, 'cuda_max_allocated_mb': 2304}
{'event': 'validation_start', 'epoch': 1}
{'event': 'validation_ranking_start', 'epoch': 1, 'max_edges': 5}
{'event': 'epoch_end', 'epoch': 1, 'early_stop_metric': 'val_composite', 'val_score': 0.31685403964328407, 'val_auc': 0.6000762939453125, 'val_ap': 0.36963880754440354, 'val_ndcg': 0.8364252807729293, 'val_mrr': 0.15065743014899804, 'val_hits@1': 0.1, 'val_hits@10': 0.2, 'val_hits@50': 0.2, 'val_hits@100': 0.2, 'elapsed_sec': 116.94531131908298}
{'candidate': 'candidate_listwise_balanced_probe_h96_r12_a12_p4x4_l1_neg1_lr0p001_hp0p1_sr0_sa0_rl0p05_m0_bpr_crl0p01_cs8_both_cq16', 'seed': 1, 'composite': nan, 'val_auc': 0.6000762939453125, 'val_ap': 0.36963880754440354, 'val_ndcg': 0.8364252807729293, 'val_mrr': 0.15065743014899804, 'val_hits@1': 0.1, 'val_hits@10': 0.2, 'val_hits@50': 0.2, 'val_hits@100': 0.2, 'train_loss': 27.785546348645138, 'train_lp': 0.4946791132291158, 'train_align': 5409.481134763131, 'train_kl': 2406.3215848161626, 'train_ood_reg': 0.20890653228912598, 'train_meta': 0.5242308816657617, 'train_struct_aux': 0.0, 'train_weighted_align': 27.047404944514618, 'train_weighted_kl': 0.2406321549224697, 'train_weighted_ood_reg': 0.0002089065423299475, 'train_weighted_meta': 0.0026211543493748954, 'train_weighted_struct_aux': 0.0, 'train_rank': 0.3579684793949127, 'train_weighted_rank': 0.017898424283768505, 'train_candidate_rank': 1.2083866729950294, 'train_weighted_candidate_rank': 0.012083866430494266}
{'event': 'candidate_summary', 'candidate': 'candidate_listwise_balanced_probe_h96_r12_a12_p4x4_l1_neg1_lr0p001_hp0p1_sr0_sa0_rl0p05_m0_bpr_crl0p01_cs8_both_cq16', 'score': 0.31685403964328407, 'passes_metric_minima': True, 'means': {'val_auc': 0.6000762939453125, 'val_ap': 0.36963880754440354, 'val_mrr': 0.15065743014899804, 'val_hits@10': 0.2, 'val_ndcg': 0.8364252807729293}, 'seeds_completed': 1}
{'event': 'candidate_seed_start', 'candidate': 'candidate_listwise_balanced_probe_h96_r12_a12_p4x4_l1_neg1_lr0p001_hp0p1_sr0_sa0_rl0p05_m0_bpr_crl0p02_cs8_both_cq32', 'seed': 1, 'device': 'cuda', 'node_text_device': 'cuda:0'}
{'event': 'train_seed_start', 'seed': 1, 'train_edges': 50000, 'val_edges': 162066, 'test_edges': 163172, 'num_nodes': 47433, 'num_relations': 566}
{'event': 'train_seed_tensors_ready', 'seed': 1, 'elapsed_sec': 0.010980002582073212, 'cuda_allocated_mb': 122, 'cuda_reserved_mb': 146, 'cuda_max_allocated_mb': 2304}
{'event': 'train_known_facts_ready', 'seed': 1, 'scope': 'train', 'edges': 50000, 'elapsed_sec': 0.01630949229001999}
{'event': 'train_known_facts_ready', 'seed': 1, 'scope': 'train_val', 'edges': 212066, 'elapsed_sec': 0.03485313057899475}
{'event': 'train_sampler_ready', 'seed': 1, 'elapsed_sec': 0.15905041247606277}
{'event': 'val_sampler_ready', 'seed': 1, 'elapsed_sec': 0.2860924229025841}
{'event': 'epoch_start', 'epoch': 1, 'epochs': 1, 'batches': 156, 'time_groups': 98}
{'event': 'train_time_group', 'epoch': 1, 'time_group': 1, 'time_groups': 98, 'batch': 0, 'batches': 156, 'time_value': 1900.0, 'group_batches': 1, 'history_edges': 0, 'elapsed_sec': 0.019189979881048203, 'cuda_allocated_mb': 123, 'cuda_reserved_mb': 146, 'cuda_max_allocated_mb': 2304}
{'event': 'train_progress', 'epoch': 1, 'batch': 1, 'batches': 156, 'time_group': 1, 'time_groups': 98, 'history_edges': 0, 'pos_edges': 252, 'neg_edges': 252, 'loss_recent': 21.90841293334961, 'elapsed_sec': 0.5043376497924328, 'avg_sec_per_batch': 0.5043376497924328, 'cuda_allocated_mb': 428, 'cuda_reserved_mb': 994, 'cuda_max_allocated_mb': 2304}
{'event': 'train_progress', 'epoch': 1, 'batch': 100, 'batches': 156, 'time_group': 70, 'time_groups': 98, 'history_edges': 30867, 'pos_edges': 92, 'neg_edges': 92, 'loss_recent': 26.365963080525397, 'elapsed_sec': 60.06753686442971, 'avg_sec_per_batch': 0.6006753686442972, 'cuda_allocated_mb': 466, 'cuda_reserved_mb': 2164, 'cuda_max_allocated_mb': 2304}
