
$ /root/miniconda3/bin/python -u scripts/search_hparams.py --config configs/auto_target/ssptgfm_search_icews14_global_unified_sota_probe.yaml --output results/global_unified_sota_phase1/search_icews14_global_unified_sota_probe --resume
runtime_device=cuda
cuda_device=Tesla V100-PCIE-32GB
{'event': 'candidate_seed_start', 'candidate': 'global_unified_sota_probe_h96_r12_a12_p4x4_l1_neg1_lr0p001_hp0p1_sr0p25_sa0p05_rl0p05_m0_bpr_crl0p005_cs8_both_cq16', 'seed': 1, 'device': 'cuda', 'node_text_device': 'cuda:0'}
{'event': 'train_seed_start', 'seed': 1, 'train_edges': 40000, 'val_edges': 14592, 'test_edges': 14378, 'num_nodes': 7128, 'num_relations': 230}
{'event': 'train_seed_tensors_ready', 'seed': 1, 'elapsed_sec': 0.007685162127017975, 'cuda_allocated_mb': 21, 'cuda_reserved_mb': 24, 'cuda_max_allocated_mb': 21}
{'event': 'train_known_facts_ready', 'seed': 1, 'scope': 'train', 'edges': 40000, 'elapsed_sec': 0.012661244720220566}
{'event': 'train_known_facts_ready', 'seed': 1, 'scope': 'train_val', 'edges': 54592, 'elapsed_sec': 0.017573360353708267}
{'event': 'train_sampler_ready', 'seed': 1, 'elapsed_sec': 0.07885577157139778}
{'event': 'val_sampler_ready', 'seed': 1, 'elapsed_sec': 0.1417330615222454}
{'event': 'epoch_start', 'epoch': 1, 'epochs': 2, 'batches': 255, 'time_groups': 255}
{'event': 'train_time_group', 'epoch': 1, 'time_group': 1, 'time_groups': 255, 'batch': 0, 'batches': 255, 'time_value': 1388534400.0, 'group_batches': 1, 'history_edges': 0, 'elapsed_sec': 0.021943669766187668, 'cuda_allocated_mb': 22, 'cuda_reserved_mb': 24, 'cuda_max_allocated_mb': 22}
{'event': 'train_progress', 'epoch': 1, 'batch': 1, 'batches': 255, 'time_group': 1, 'time_groups': 255, 'history_edges': 0, 'pos_edges': 73, 'neg_edges': 73, 'loss_recent': 5.30366325378418, 'elapsed_sec': 1.1494918465614319, 'avg_sec_per_batch': 1.1494918465614319, 'cuda_allocated_mb': 92, 'cuda_reserved_mb': 182, 'cuda_max_allocated_mb': 158}
{'event': 'train_progress', 'epoch': 1, 'batch': 100, 'batches': 255, 'time_group': 100, 'time_groups': 255, 'history_edges': 15425, 'pos_edges': 168, 'neg_edges': 168, 'loss_recent': 9.038191194534301, 'elapsed_sec': 34.17431065440178, 'avg_sec_per_batch': 0.3417431065440178, 'cuda_allocated_mb': 96, 'cuda_reserved_mb': 572, 'cuda_max_allocated_mb': 512}
{'event': 'train_progress', 'epoch': 1, 'batch': 200, 'batches': 255, 'time_group': 200, 'time_groups': 255, 'history_edges': 31574, 'pos_edges': 105, 'neg_edges': 105, 'loss_recent': 7.896908235549927, 'elapsed_sec': 69.5382106564939, 'avg_sec_per_batch': 0.3476910532824695, 'cuda_allocated_mb': 95, 'cuda_reserved_mb': 892, 'cuda_max_allocated_mb': 769}
{'event': 'train_time_group', 'epoch': 1, 'time_group': 255, 'time_groups': 255, 'batch': 254, 'batches': 255, 'time_value': 1410480000.0, 'group_batches': 1, 'history_edges': 39792, 'elapsed_sec': 88.16349758207798, 'cuda_allocated_mb': 87, 'cuda_reserved_mb': 1052, 'cuda_max_allocated_mb': 918}
{'event': 'train_progress', 'epoch': 1, 'batch': 255, 'batches': 255, 'time_group': 255, 'time_groups': 255, 'history_edges': 39792, 'pos_edges': 208, 'neg_edges': 208, 'loss_recent': 7.322238829135895, 'elapsed_sec': 88.52497252449393, 'avg_sec_per_batch': 0.3471567549980154, 'cuda_allocated_mb': 98, 'cuda_reserved_mb': 1052, 'cuda_max_allocated_mb': 918}
{'event': 'validation_start', 'epoch': 1}
{'event': 'validation_ranking_start', 'epoch': 1, 'max_edges': 20}
{'event': 'epoch_end', 'epoch': 1, 'early_stop_metric': 'val_composite', 'val_score': 0.4396284062075789, 'val_auc': 0.8857364654541016, 'val_ap': 0.7238314575682951, 'val_ndcg': 0.9434508641478278, 'val_mrr': 0.23484355576969346, 'val_hits@1': 0.175, 'val_hits@10': 0.375, 'val_hits@50': 0.475, 'val_hits@100': 0.525, 'elapsed_sec': 112.0629325658083}
{'event': 'epoch_start', 'epoch': 2, 'epochs': 2, 'batches': 255, 'time_groups': 255}
{'event': 'train_time_group', 'epoch': 2, 'time_group': 1, 'time_groups': 255, 'batch': 0, 'batches': 255, 'time_value': 1388534400.0, 'group_batches': 1, 'history_edges': 0, 'elapsed_sec': 0.042998652905225754, 'cuda_allocated_mb': 87, 'cuda_reserved_mb': 1074, 'cuda_max_allocated_mb': 918}
{'event': 'train_progress', 'epoch': 2, 'batch': 1, 'batches': 255, 'time_group': 1, 'time_groups': 255, 'history_edges': 0, 'pos_edges': 73, 'neg_edges': 73, 'loss_recent': 5.21539306640625, 'elapsed_sec': 0.29950619488954544, 'avg_sec_per_batch': 0.29950619488954544, 'cuda_allocated_mb': 93, 'cuda_reserved_mb': 1074, 'cuda_max_allocated_mb': 918}
{'event': 'train_progress', 'epoch': 2, 'batch': 100, 'batches': 255, 'time_group': 100, 'time_groups': 255, 'history_edges': 15425, 'pos_edges': 168, 'neg_edges': 168, 'loss_recent': 7.104243857860565, 'elapsed_sec': 32.360251784324646, 'avg_sec_per_batch': 0.32360251784324645, 'cuda_allocated_mb': 96, 'cuda_reserved_mb': 1074, 'cuda_max_allocated_mb': 918}
