runtime_device=cuda
cuda_device=Tesla V100-PCIE-32GB
{'event': 'seed_start', 'dataset': 'yago15k-temporal', 'ablation': 'full', 'seed': 4, 'device': 'cuda', 'node_text_device': 'cuda:0'}
{'event': 'train_seed_start', 'seed': 4, 'train_edges': 3244, 'val_edges': 6738, 'test_edges': 26719, 'num_nodes': 4197, 'num_relations': 19}
{'event': 'train_seed_tensors_ready', 'seed': 4, 'elapsed_sec': 0.006737910211086273, 'cuda_allocated_mb': 11, 'cuda_reserved_mb': 24, 'cuda_max_allocated_mb': 11}
{'event': 'train_known_facts_ready', 'seed': 4, 'scope': 'train', 'edges': 3244, 'elapsed_sec': 0.008728712797164917}
{'event': 'train_known_facts_ready', 'seed': 4, 'scope': 'train_val', 'edges': 9982, 'elapsed_sec': 0.009887248277664185}
{'event': 'train_sampler_ready', 'seed': 4, 'elapsed_sec': 0.013850774616003036}
{'event': 'val_sampler_ready', 'seed': 4, 'elapsed_sec': 0.017358161509037018}
{'event': 'epoch_start', 'epoch': 1, 'epochs': 24, 'batches': 118, 'time_groups': 118}
{'event': 'train_time_group', 'epoch': 1, 'time_group': 1, 'time_groups': 118, 'batch': 0, 'batches': 118, 'time_value': 600.0, 'group_batches': 1, 'history_edges': 0, 'elapsed_sec': 0.016044411808252335, 'cuda_allocated_mb': 11, 'cuda_reserved_mb': 24, 'cuda_max_allocated_mb': 11}
{'event': 'train_progress', 'epoch': 1, 'batch': 1, 'batches': 118, 'time_group': 1, 'time_groups': 118, 'history_edges': 0, 'pos_edges': 1, 'neg_edges': 1, 'loss_recent': 0.7452869415283203, 'elapsed_sec': 1.04261851683259, 'avg_sec_per_batch': 1.04261851683259, 'cuda_allocated_mb': 55, 'cuda_reserved_mb': 116, 'cuda_max_allocated_mb': 103}
{'event': 'train_progress', 'epoch': 1, 'batch': 100, 'batches': 118, 'time_group': 100, 'time_groups': 118, 'history_edges': 2144, 'pos_edges': 38, 'neg_edges': 38, 'loss_recent': 2.8733620497584345, 'elapsed_sec': 54.154426380991936, 'avg_sec_per_batch': 0.5415442638099194, 'cuda_allocated_mb': 64, 'cuda_reserved_mb': 1154, 'cuda_max_allocated_mb': 1063}
{'event': 'train_time_group', 'epoch': 1, 'time_group': 118, 'time_groups': 118, 'batch': 117, 'batches': 118, 'time_value': 1966.0, 'group_batches': 1, 'history_edges': 3153, 'elapsed_sec': 70.52980954945087, 'cuda_allocated_mb': 56, 'cuda_reserved_mb': 1194, 'cuda_max_allocated_mb': 1098}
{'event': 'train_progress', 'epoch': 1, 'batch': 118, 'batches': 118, 'time_group': 118, 'time_groups': 118, 'history_edges': 3153, 'pos_edges': 91, 'neg_edges': 91, 'loss_recent': 3.8059760409593584, 'elapsed_sec': 71.42654680460691, 'avg_sec_per_batch': 0.6053097186831095, 'cuda_allocated_mb': 64, 'cuda_reserved_mb': 1194, 'cuda_max_allocated_mb': 1101}
{'event': 'validation_start', 'epoch': 1}
{'event': 'validation_ranking_start', 'epoch': 1, 'max_edges': 150}
{'event': 'epoch_end', 'epoch': 1, 'early_stop_metric': 'val_composite', 'val_score': 0.29846449447361806, 'val_auc': 0.5990072365493317, 'val_ap': 0.14279824967545882, 'val_ndcg': 0.7983629824502918, 'val_mrr': 0.1798495272329403, 'val_hits@1': 0.07666666666666666, 'val_hits@10': 0.38666666666666666, 'val_hits@50': 0.48333333333333334, 'val_hits@100': 0.62, 'elapsed_sec': 147.90525396168232}
{'event': 'epoch_start', 'epoch': 2, 'epochs': 24, 'batches': 118, 'time_groups': 118}
{'event': 'train_time_group', 'epoch': 2, 'time_group': 1, 'time_groups': 118, 'batch': 0, 'batches': 118, 'time_value': 600.0, 'group_batches': 1, 'history_edges': 0, 'elapsed_sec': 0.007653824985027313, 'cuda_allocated_mb': 56, 'cuda_reserved_mb': 1220, 'cuda_max_allocated_mb': 1101}
{'event': 'train_progress', 'epoch': 2, 'batch': 1, 'batches': 118, 'time_group': 1, 'time_groups': 118, 'history_edges': 0, 'pos_edges': 1, 'neg_edges': 1, 'loss_recent': 0.7744117379188538, 'elapsed_sec': 0.1910511627793312, 'avg_sec_per_batch': 0.1910511627793312, 'cuda_allocated_mb': 56, 'cuda_reserved_mb': 1220, 'cuda_max_allocated_mb': 1101}
{'event': 'train_progress', 'epoch': 2, 'batch': 100, 'batches': 118, 'time_group': 100, 'time_groups': 118, 'history_edges': 2144, 'pos_edges': 38, 'neg_edges': 38, 'loss_recent': 2.3523903676867484, 'elapsed_sec': 51.01731213182211, 'avg_sec_per_batch': 0.5101731213182211, 'cuda_allocated_mb': 64, 'cuda_reserved_mb': 1220, 'cuda_max_allocated_mb': 1101}
{'event': 'train_time_group', 'epoch': 2, 'time_group': 118, 'time_groups': 118, 'batch': 117, 'batches': 118, 'time_value': 1966.0, 'group_batches': 1, 'history_edges': 3153, 'elapsed_sec': 66.63265146315098, 'cuda_allocated_mb': 56, 'cuda_reserved_mb': 1220, 'cuda_max_allocated_mb': 1101}
{'event': 'train_progress', 'epoch': 2, 'batch': 118, 'batches': 118, 'time_group': 118, 'time_groups': 118, 'history_edges': 3153, 'pos_edges': 91, 'neg_edges': 91, 'loss_recent': 3.0815493687987328, 'elapsed_sec': 67.60169143602252, 'avg_sec_per_batch': 0.5728956901357841, 'cuda_allocated_mb': 64, 'cuda_reserved_mb': 1220, 'cuda_max_allocated_mb': 1101}
{'event': 'validation_start', 'epoch': 2}
{'event': 'validation_ranking_start', 'epoch': 2, 'max_edges': 150}
{'event': 'epoch_end', 'epoch': 2, 'early_stop_metric': 'val_composite', 'val_score': 0.31309659230524783, 'val_auc': 0.5881756644244958, 'val_ap': 0.1478098220295509, 'val_ndcg': 0.8010961836410396, 'val_mrr': 0.20014676816430613, 'val_hits@1': 0.08666666666666667, 'val_hits@10': 0.4066666666666667, 'val_hits@50': 0.5166666666666667, 'val_hits@100': 0.6666666666666666, 'elapsed_sec': 141.6785224750638}
{'event': 'epoch_start', 'epoch': 3, 'epochs': 24, 'batches': 118, 'time_groups': 118}
{'event': 'train_time_group', 'epoch': 3, 'time_group': 1, 'time_groups': 118, 'batch': 0, 'batches': 118, 'time_value': 600.0, 'group_batches': 1, 'history_edges': 0, 'elapsed_sec': 0.008700992912054062, 'cuda_allocated_mb': 56, 'cuda_reserved_mb': 1220, 'cuda_max_allocated_mb': 1101}
{'event': 'train_progress', 'epoch': 3, 'batch': 1, 'batches': 118, 'time_group': 1, 'time_groups': 118, 'history_edges': 0, 'pos_edges': 1, 'neg_edges': 1, 'loss_recent': 0.9396522641181946, 'elapsed_sec': 0.23583261296153069, 'avg_sec_per_batch': 0.23583261296153069, 'cuda_allocated_mb': 56, 'cuda_reserved_mb': 1220, 'cuda_max_allocated_mb': 1101}
{'event': 'train_progress', 'epoch': 3, 'batch': 100, 'batches': 118, 'time_group': 100, 'time_groups': 118, 'history_edges': 2144, 'pos_edges': 38, 'neg_edges': 38, 'loss_recent': 2.023251949250698, 'elapsed_sec': 46.05282048508525, 'avg_sec_per_batch': 0.4605282048508525, 'cuda_allocated_mb': 64, 'cuda_reserved_mb': 1220, 'cuda_max_allocated_mb': 1101}
{'event': 'train_time_group', 'epoch': 3, 'time_group': 118, 'time_groups': 118, 'batch': 117, 'batches': 118, 'time_value': 1966.0, 'group_batches': 1, 'history_edges': 3153, 'elapsed_sec': 59.75919799506664, 'cuda_allocated_mb': 56, 'cuda_reserved_mb': 1220, 'cuda_max_allocated_mb': 1101}
{'event': 'train_progress', 'epoch': 3, 'batch': 118, 'batches': 118, 'time_group': 118, 'time_groups': 118, 'history_edges': 3153, 'pos_edges': 91, 'neg_edges': 91, 'loss_recent': 2.584693720340729, 'elapsed_sec': 60.75428727269173, 'avg_sec_per_batch': 0.5148668412939977, 'cuda_allocated_mb': 64, 'cuda_reserved_mb': 1220, 'cuda_max_allocated_mb': 1101}
{'event': 'validation_start', 'epoch': 3}
{'event': 'validation_ranking_start', 'epoch': 3, 'max_edges': 150}
{'event': 'epoch_end', 'epoch': 3, 'early_stop_metric': 'val_composite', 'val_score': 0.30379019681266456, 'val_auc': 0.5799175965433442, 'val_ap': 0.15012102487409928, 'val_ndcg': 0.8022775020249149, 'val_mrr': 0.18409682610378186, 'val_hits@1': 0.07333333333333333, 'val_hits@10': 0.4, 'val_hits@50': 0.5233333333333333, 'val_hits@100': 0.67, 'elapsed_sec': 128.59110443666577}
{'event': 'epoch_start', 'epoch': 4, 'epochs': 24, 'batches': 118, 'time_groups': 118}
{'event': 'train_time_group', 'epoch': 4, 'time_group': 1, 'time_groups': 118, 'batch': 0, 'batches': 118, 'time_value': 600.0, 'group_batches': 1, 'history_edges': 0, 'elapsed_sec': 0.0088714100420475, 'cuda_allocated_mb': 56, 'cuda_reserved_mb': 1220, 'cuda_max_allocated_mb': 1101}
{'event': 'train_progress', 'epoch': 4, 'batch': 1, 'batches': 118, 'time_group': 1, 'time_groups': 118, 'history_edges': 0, 'pos_edges': 1, 'neg_edges': 1, 'loss_recent': 1.1082642078399658, 'elapsed_sec': 0.18392707780003548, 'avg_sec_per_batch': 0.18392707780003548, 'cuda_allocated_mb': 56, 'cuda_reserved_mb': 1220, 'cuda_max_allocated_mb': 1101}
{'event': 'train_progress', 'epoch': 4, 'batch': 100, 'batches': 118, 'time_group': 100, 'time_groups': 118, 'history_edges': 2144, 'pos_edges': 38, 'neg_edges': 38, 'loss_recent': 1.8251052993535994, 'elapsed_sec': 42.61007834598422, 'avg_sec_per_batch': 0.4261007834598422, 'cuda_allocated_mb': 64, 'cuda_reserved_mb': 1220, 'cuda_max_allocated_mb': 1101}
{'event': 'train_time_group', 'epoch': 4, 'time_group': 118, 'time_groups': 118, 'batch': 117, 'batches': 118, 'time_value': 1966.0, 'group_batches': 1, 'history_edges': 3153, 'elapsed_sec': 56.17957221344113, 'cuda_allocated_mb': 56, 'cuda_reserved_mb': 1220, 'cuda_max_allocated_mb': 1101}
{'event': 'train_progress', 'epoch': 4, 'batch': 118, 'batches': 118, 'time_group': 118, 'time_groups': 118, 'history_edges': 3153, 'pos_edges': 91, 'neg_edges': 91, 'loss_recent': 2.3006068079173563, 'elapsed_sec': 57.17919351533055, 'avg_sec_per_batch': 0.4845694365705979, 'cuda_allocated_mb': 64, 'cuda_reserved_mb': 1220, 'cuda_max_allocated_mb': 1101}
{'event': 'validation_start', 'epoch': 4}
{'event': 'validation_ranking_start', 'epoch': 4, 'max_edges': 150}
{'event': 'epoch_end', 'epoch': 4, 'early_stop_metric': 'val_composite', 'val_score': 0.3058280670364871, 'val_auc': 0.5880378690222985, 'val_ap': 0.1517032890239428, 'val_ndcg': 0.8035311505677882, 'val_mrr': 0.1839684636833371, 'val_hits@1': 0.07333333333333333, 'val_hits@10': 0.4066666666666667, 'val_hits@50': 0.5633333333333334, 'val_hits@100': 0.67, 'elapsed_sec': 126.41014529019594}
{'event': 'epoch_start', 'epoch': 5, 'epochs': 24, 'batches': 118, 'time_groups': 118}
{'event': 'train_time_group', 'epoch': 5, 'time_group': 1, 'time_groups': 118, 'batch': 0, 'batches': 118, 'time_value': 600.0, 'group_batches': 1, 'history_edges': 0, 'elapsed_sec': 0.008266374468803406, 'cuda_allocated_mb': 56, 'cuda_reserved_mb': 1220, 'cuda_max_allocated_mb': 1101}
{'event': 'train_progress', 'epoch': 5, 'batch': 1, 'batches': 118, 'time_group': 1, 'time_groups': 118, 'history_edges': 0, 'pos_edges': 1, 'neg_edges': 1, 'loss_recent': 0.6762652397155762, 'elapsed_sec': 0.2563297525048256, 'avg_sec_per_batch': 0.2563297525048256, 'cuda_allocated_mb': 56, 'cuda_reserved_mb': 1220, 'cuda_max_allocated_mb': 1101}
{'event': 'train_progress', 'epoch': 5, 'batch': 100, 'batches': 118, 'time_group': 100, 'time_groups': 118, 'history_edges': 2144, 'pos_edges': 38, 'neg_edges': 38, 'loss_recent': 1.647532602995634, 'elapsed_sec': 50.54445980861783, 'avg_sec_per_batch': 0.5054445980861783, 'cuda_allocated_mb': 64, 'cuda_reserved_mb': 1220, 'cuda_max_allocated_mb': 1101}
{'event': 'train_time_group', 'epoch': 5, 'time_group': 118, 'time_groups': 118, 'batch': 117, 'batches': 118, 'time_value': 1966.0, 'group_batches': 1, 'history_edges': 3153, 'elapsed_sec': 66.56825964525342, 'cuda_allocated_mb': 56, 'cuda_reserved_mb': 1220, 'cuda_max_allocated_mb': 1101}
{'event': 'train_progress', 'epoch': 5, 'batch': 118, 'batches': 118, 'time_group': 118, 'time_groups': 118, 'history_edges': 3153, 'pos_edges': 91, 'neg_edges': 91, 'loss_recent': 2.107713606208563, 'elapsed_sec': 67.64657994359732, 'avg_sec_per_batch': 0.5732761012169264, 'cuda_allocated_mb': 64, 'cuda_reserved_mb': 1220, 'cuda_max_allocated_mb': 1101}
{'event': 'validation_start', 'epoch': 5}
{'event': 'validation_ranking_start', 'epoch': 5, 'max_edges': 150}
{'event': 'epoch_end', 'epoch': 5, 'early_stop_metric': 'val_composite', 'val_score': 0.3206382179108024, 'val_auc': 0.5793634590293477, 'val_ap': 0.14988692979443152, 'val_ndcg': 0.8027166749367742, 'val_mrr': 0.20449734265965241, 'val_hits@1': 0.09, 'val_hits@10': 0.43333333333333335, 'val_hits@50': 0.5433333333333333, 'val_hits@100': 0.6566666666666666, 'elapsed_sec': 138.93272100761533}
{'event': 'epoch_start', 'epoch': 6, 'epochs': 24, 'batches': 118, 'time_groups': 118}
{'event': 'train_time_group', 'epoch': 6, 'time_group': 1, 'time_groups': 118, 'batch': 0, 'batches': 118, 'time_value': 600.0, 'group_batches': 1, 'history_edges': 0, 'elapsed_sec': 0.009106911718845367, 'cuda_allocated_mb': 56, 'cuda_reserved_mb': 1220, 'cuda_max_allocated_mb': 1101}
{'event': 'train_progress', 'epoch': 6, 'batch': 1, 'batches': 118, 'time_group': 1, 'time_groups': 118, 'history_edges': 0, 'pos_edges': 1, 'neg_edges': 1, 'loss_recent': 2.0776877403259277, 'elapsed_sec': 0.23602105304598808, 'avg_sec_per_batch': 0.23602105304598808, 'cuda_allocated_mb': 56, 'cuda_reserved_mb': 1220, 'cuda_max_allocated_mb': 1101}
{'event': 'train_progress', 'epoch': 6, 'batch': 100, 'batches': 118, 'time_group': 100, 'time_groups': 118, 'history_edges': 2144, 'pos_edges': 38, 'neg_edges': 38, 'loss_recent': 1.6364574139378965, 'elapsed_sec': 50.74006498605013, 'avg_sec_per_batch': 0.5074006498605013, 'cuda_allocated_mb': 64, 'cuda_reserved_mb': 1220, 'cuda_max_allocated_mb': 1101}
{'event': 'train_time_group', 'epoch': 6, 'time_group': 118, 'time_groups': 118, 'batch': 117, 'batches': 118, 'time_value': 1966.0, 'group_batches': 1, 'history_edges': 3153, 'elapsed_sec': 65.97015003114939, 'cuda_allocated_mb': 56, 'cuda_reserved_mb': 1220, 'cuda_max_allocated_mb': 1101}
{'event': 'train_progress', 'epoch': 6, 'batch': 118, 'batches': 118, 'time_group': 118, 'time_groups': 118, 'history_edges': 3153, 'pos_edges': 91, 'neg_edges': 91, 'loss_recent': 2.010808682143688, 'elapsed_sec': 66.9342339783907, 'avg_sec_per_batch': 0.567239271003311, 'cuda_allocated_mb': 64, 'cuda_reserved_mb': 1220, 'cuda_max_allocated_mb': 1101}
{'event': 'validation_start', 'epoch': 6}
{'event': 'validation_ranking_start', 'epoch': 6, 'max_edges': 150}
{'event': 'epoch_end', 'epoch': 6, 'early_stop_metric': 'val_composite', 'val_score': 0.3073073569840782, 'val_auc': 0.5783605966029909, 'val_ap': 0.1498989810984742, 'val_ndcg': 0.8025379629922261, 'val_mrr': 0.18463470071320312, 'val_hits@1': 0.07333333333333333, 'val_hits@10': 0.4166666666666667, 'val_hits@50': 0.56, 'val_hits@100': 0.6566666666666666, 'elapsed_sec': 138.61472462117672}
{'event': 'epoch_start', 'epoch': 7, 'epochs': 24, 'batches': 118, 'time_groups': 118}
{'event': 'train_time_group', 'epoch': 7, 'time_group': 1, 'time_groups': 118, 'batch': 0, 'batches': 118, 'time_value': 600.0, 'group_batches': 1, 'history_edges': 0, 'elapsed_sec': 0.008225731551647186, 'cuda_allocated_mb': 56, 'cuda_reserved_mb': 1220, 'cuda_max_allocated_mb': 1101}
{'event': 'train_progress', 'epoch': 7, 'batch': 1, 'batches': 118, 'time_group': 1, 'time_groups': 118, 'history_edges': 0, 'pos_edges': 1, 'neg_edges': 1, 'loss_recent': 1.431341290473938, 'elapsed_sec': 0.18532411754131317, 'avg_sec_per_batch': 0.18532411754131317, 'cuda_allocated_mb': 56, 'cuda_reserved_mb': 1220, 'cuda_max_allocated_mb': 1101}
{'event': 'train_progress', 'epoch': 7, 'batch': 100, 'batches': 118, 'time_group': 100, 'time_groups': 118, 'history_edges': 2144, 'pos_edges': 38, 'neg_edges': 38, 'loss_recent': 1.4556799610704183, 'elapsed_sec': 50.31980647146702, 'avg_sec_per_batch': 0.5031980647146702, 'cuda_allocated_mb': 64, 'cuda_reserved_mb': 1220, 'cuda_max_allocated_mb': 1101}
{'event': 'train_time_group', 'epoch': 7, 'time_group': 118, 'time_groups': 118, 'batch': 117, 'batches': 118, 'time_value': 1966.0, 'group_batches': 1, 'history_edges': 3153, 'elapsed_sec': 66.58587910234928, 'cuda_allocated_mb': 56, 'cuda_reserved_mb': 1220, 'cuda_max_allocated_mb': 1101}
{'event': 'train_progress', 'epoch': 7, 'batch': 118, 'batches': 118, 'time_group': 118, 'time_groups': 118, 'history_edges': 3153, 'pos_edges': 91, 'neg_edges': 91, 'loss_recent': 1.8526642037928105, 'elapsed_sec': 67.70267889648676, 'avg_sec_per_batch': 0.5737515160719217, 'cuda_allocated_mb': 64, 'cuda_reserved_mb': 1220, 'cuda_max_allocated_mb': 1101}
{'event': 'validation_start', 'epoch': 7}
{'event': 'validation_ranking_start', 'epoch': 7, 'max_edges': 150}
{'event': 'epoch_end', 'epoch': 7, 'early_stop_metric': 'val_composite', 'val_score': 0.3044602932420739, 'val_auc': 0.5679903604451073, 'val_ap': 0.146316191717933, 'val_ndcg': 0.8003801362285057, 'val_mrr': 0.1894839990118893, 'val_hits@1': 0.08, 'val_hits@10': 0.39666666666666667, 'val_hits@50': 0.5133333333333333, 'val_hits@100': 0.6433333333333333, 'elapsed_sec': 140.3509869389236}
{'event': 'epoch_start', 'epoch': 8, 'epochs': 24, 'batches': 118, 'time_groups': 118}
{'event': 'train_time_group', 'epoch': 8, 'time_group': 1, 'time_groups': 118, 'batch': 0, 'batches': 118, 'time_value': 600.0, 'group_batches': 1, 'history_edges': 0, 'elapsed_sec': 0.008960004895925522, 'cuda_allocated_mb': 56, 'cuda_reserved_mb': 1220, 'cuda_max_allocated_mb': 1101}
{'event': 'train_progress', 'epoch': 8, 'batch': 1, 'batches': 118, 'time_group': 1, 'time_groups': 118, 'history_edges': 0, 'pos_edges': 1, 'neg_edges': 1, 'loss_recent': 0.5780366063117981, 'elapsed_sec': 0.19291987270116806, 'avg_sec_per_batch': 0.19291987270116806, 'cuda_allocated_mb': 56, 'cuda_reserved_mb': 1220, 'cuda_max_allocated_mb': 1101}
{'event': 'train_progress', 'epoch': 8, 'batch': 100, 'batches': 118, 'time_group': 100, 'time_groups': 118, 'history_edges': 2144, 'pos_edges': 38, 'neg_edges': 38, 'loss_recent': 1.4449477586522699, 'elapsed_sec': 49.94928642362356, 'avg_sec_per_batch': 0.4994928642362356, 'cuda_allocated_mb': 64, 'cuda_reserved_mb': 1220, 'cuda_max_allocated_mb': 1101}
{'event': 'train_time_group', 'epoch': 8, 'time_group': 118, 'time_groups': 118, 'batch': 117, 'batches': 118, 'time_value': 1966.0, 'group_batches': 1, 'history_edges': 3153, 'elapsed_sec': 65.04091234877706, 'cuda_allocated_mb': 56, 'cuda_reserved_mb': 1220, 'cuda_max_allocated_mb': 1101}
{'event': 'train_progress', 'epoch': 8, 'batch': 118, 'batches': 118, 'time_group': 118, 'time_groups': 118, 'history_edges': 3153, 'pos_edges': 91, 'neg_edges': 91, 'loss_recent': 1.770002851486206, 'elapsed_sec': 66.21415411308408, 'avg_sec_per_batch': 0.5611368992634244, 'cuda_allocated_mb': 64, 'cuda_reserved_mb': 1220, 'cuda_max_allocated_mb': 1101}
{'event': 'validation_start', 'epoch': 8}
{'event': 'validation_ranking_start', 'epoch': 8, 'max_edges': 150}
{'event': 'epoch_end', 'epoch': 8, 'early_stop_metric': 'val_composite', 'val_score': 0.3125897870870788, 'val_auc': 0.5865260567669481, 'val_ap': 0.15546436982127798, 'val_ndcg': 0.8057720257232763, 'val_mrr': 0.19606658573975744, 'val_hits@1': 0.08666666666666667, 'val_hits@10': 0.4066666666666667, 'val_hits@50': 0.5566666666666666, 'val_hits@100': 0.6633333333333333, 'elapsed_sec': 141.11214013025165}
{'event': 'epoch_start', 'epoch': 9, 'epochs': 24, 'batches': 118, 'time_groups': 118}
{'event': 'train_time_group', 'epoch': 9, 'time_group': 1, 'time_groups': 118, 'batch': 0, 'batches': 118, 'time_value': 600.0, 'group_batches': 1, 'history_edges': 0, 'elapsed_sec': 0.009355656802654266, 'cuda_allocated_mb': 56, 'cuda_reserved_mb': 1220, 'cuda_max_allocated_mb': 1101}
{'event': 'train_progress', 'epoch': 9, 'batch': 1, 'batches': 118, 'time_group': 1, 'time_groups': 118, 'history_edges': 0, 'pos_edges': 1, 'neg_edges': 1, 'loss_recent': 0.555391252040863, 'elapsed_sec': 0.22541999071836472, 'avg_sec_per_batch': 0.22541999071836472, 'cuda_allocated_mb': 56, 'cuda_reserved_mb': 1220, 'cuda_max_allocated_mb': 1101}
{'event': 'train_progress', 'epoch': 9, 'batch': 100, 'batches': 118, 'time_group': 100, 'time_groups': 118, 'history_edges': 2144, 'pos_edges': 38, 'neg_edges': 38, 'loss_recent': 1.3765866223350167, 'elapsed_sec': 50.834209237247705, 'avg_sec_per_batch': 0.5083420923724771, 'cuda_allocated_mb': 64, 'cuda_reserved_mb': 1220, 'cuda_max_allocated_mb': 1101}
{'event': 'train_time_group', 'epoch': 9, 'time_group': 118, 'time_groups': 118, 'batch': 117, 'batches': 118, 'time_value': 1966.0, 'group_batches': 1, 'history_edges': 3153, 'elapsed_sec': 65.97438954561949, 'cuda_allocated_mb': 56, 'cuda_reserved_mb': 1220, 'cuda_max_allocated_mb': 1101}
{'event': 'train_progress', 'epoch': 9, 'batch': 118, 'batches': 118, 'time_group': 118, 'time_groups': 118, 'history_edges': 3153, 'pos_edges': 91, 'neg_edges': 91, 'loss_recent': 1.759955552816391, 'elapsed_sec': 66.93003004416823, 'avg_sec_per_batch': 0.5672036444421037, 'cuda_allocated_mb': 64, 'cuda_reserved_mb': 1220, 'cuda_max_allocated_mb': 1101}
{'event': 'validation_start', 'epoch': 9}
{'event': 'validation_ranking_start', 'epoch': 9, 'max_edges': 150}
{'event': 'epoch_end', 'epoch': 9, 'early_stop_metric': 'val_composite', 'val_score': 0.3145331748779288, 'val_auc': 0.5767298708361934, 'val_ap': 0.1509879887837252, 'val_ndcg': 0.803033477433666, 'val_mrr': 0.20015693721705416, 'val_hits@1': 0.08666666666666667, 'val_hits@10': 0.41333333333333333, 'val_hits@50': 0.5433333333333333, 'val_hits@100': 0.65, 'elapsed_sec': 141.20558371022344}
{'event': 'epoch_start', 'epoch': 10, 'epochs': 24, 'batches': 118, 'time_groups': 118}
{'event': 'train_time_group', 'epoch': 10, 'time_group': 1, 'time_groups': 118, 'batch': 0, 'batches': 118, 'time_value': 600.0, 'group_batches': 1, 'history_edges': 0, 'elapsed_sec': 0.009520724415779114, 'cuda_allocated_mb': 56, 'cuda_reserved_mb': 1220, 'cuda_max_allocated_mb': 1101}
{'event': 'train_progress', 'epoch': 10, 'batch': 1, 'batches': 118, 'time_group': 1, 'time_groups': 118, 'history_edges': 0, 'pos_edges': 1, 'neg_edges': 1, 'loss_recent': 2.249666452407837, 'elapsed_sec': 0.20177768915891647, 'avg_sec_per_batch': 0.20177768915891647, 'cuda_allocated_mb': 56, 'cuda_reserved_mb': 1220, 'cuda_max_allocated_mb': 1101}
{'event': 'train_progress', 'epoch': 10, 'batch': 100, 'batches': 118, 'time_group': 100, 'time_groups': 118, 'history_edges': 2144, 'pos_edges': 38, 'neg_edges': 38, 'loss_recent': 1.351341799236834, 'elapsed_sec': 55.73824531584978, 'avg_sec_per_batch': 0.5573824531584978, 'cuda_allocated_mb': 64, 'cuda_reserved_mb': 1220, 'cuda_max_allocated_mb': 1101}
{'event': 'train_time_group', 'epoch': 10, 'time_group': 118, 'time_groups': 118, 'batch': 117, 'batches': 118, 'time_value': 1966.0, 'group_batches': 1, 'history_edges': 3153, 'elapsed_sec': 72.15430875122547, 'cuda_allocated_mb': 56, 'cuda_reserved_mb': 1220, 'cuda_max_allocated_mb': 1101}
{'event': 'train_progress', 'epoch': 10, 'batch': 118, 'batches': 118, 'time_group': 118, 'time_groups': 118, 'history_edges': 3153, 'pos_edges': 91, 'neg_edges': 91, 'loss_recent': 1.653617755845189, 'elapsed_sec': 73.06758496910334, 'avg_sec_per_batch': 0.6192168217720622, 'cuda_allocated_mb': 63, 'cuda_reserved_mb': 1220, 'cuda_max_allocated_mb': 1101}
{'event': 'validation_start', 'epoch': 10}
{'event': 'validation_ranking_start', 'epoch': 10, 'max_edges': 150}
{'event': 'epoch_end', 'epoch': 10, 'early_stop_metric': 'val_composite', 'val_score': 0.3193955340883343, 'val_auc': 0.571930284733406, 'val_ap': 0.1511453598920462, 'val_ndcg': 0.802857457720849, 'val_mrr': 0.20901627352487762, 'val_hits@1': 0.1, 'val_hits@10': 0.4166666666666667, 'val_hits@50': 0.5433333333333333, 'val_hits@100': 0.6666666666666666, 'elapsed_sec': 150.28729256242514}
{'dataset': 'yago15k-temporal', 'method': 'ssptgfm', 'scenario': 'standard', 'ablation': 'full', 'few_shot_ratio': 1.0, 'seed': 4, 'train_edges': 3244, 'val_edges': 6738, 'test_edges': 26719, 'params_trainable': 1416722, 'params_total': 1416735, 'rough_forward_flops': 384237568, 'train_eval_time_sec': 1640.2091712877154, 'allocated_mb': 33.2470703125, 'reserved_mb': 1220.0, 'max_allocated_mb': 1101.64990234375, 'val_auc': 0.579363451320206, 'val_ap': 0.14988692188201025, 'val_ndcg': 0.8027166696070736, 'val_mrr': 0.20449734184877152, 'val_hits@1': 0.09, 'val_hits@10': 0.43333333333333335, 'val_hits@50': 0.5433333333333333, 'val_hits@100': 0.6566666666666666, 'train_loss': 1.9103413369443456, 'train_lp': 0.6362169612893613, 'train_align': 106.06103624959113, 'train_kl': 2094.749260853913, 'train_ood_reg': 0.20974864798077084, 'train_meta': 0.6132837719603647, 'train_struct_aux': 0.7629549983194319, 'train_weighted_align': 1.0606103368908546, 'train_weighted_kl': 0.2094749196795589, 'train_weighted_ood_reg': 0.00020974865789975087, 'train_weighted_meta': 0.003066418780058561, 'train_weighted_struct_aux': 0.0007629550342799275, 'train_rank': 0.5245596500724293, 'train_weighted_rank': 0.005245596390883463, 'train_candidate_rank': 3.155297888979568, 'train_weighted_candidate_rank': 0.15776489784591338, 'test_auc': 0.5848198571350172, 'test_ap': 0.1525019366752296, 'test_ndcg': 0.825580109419473, 'test_mrr': 0.13713638681608795, 'test_hits@1': 0.058333333333333334, 'test_hits@10': 0.2733333333333333, 'test_hits@50': 0.5383333333333333, 'test_hits@100': 0.66}
