
$ /root/miniconda3/bin/python -u scripts/search_hparams.py --config configs/auto_target/ssptgfm_search_tgb_smallpedia_candidate_listwise_unified_probe.yaml --output results/auto_target_candidate_listwise_probe_v1/search_tgb_smallpedia_candidate_listwise_unified_probe --resume
runtime_device=cuda
cuda_device=Tesla V100-PCIE-32GB
{'event': 'candidate_seed_start', 'candidate': 'candidate_listwise_unified_probe_h96_r12_a12_p4x4_l1_neg1_lr0p001_hp0p25_sr0_sa0_rl0p05_m0_bpr_crl0p05_cs16_both', 'seed': 1, 'device': 'cuda', 'node_text_device': 'cuda:0'}
{'event': 'train_seed_start', 'seed': 1, 'train_edges': 50000, 'val_edges': 162066, 'test_edges': 163172, 'num_nodes': 47433, 'num_relations': 566}
{'event': 'train_seed_tensors_ready', 'seed': 1, 'elapsed_sec': 0.015962816774845123, 'cuda_allocated_mb': 105, 'cuda_reserved_mb': 126, 'cuda_max_allocated_mb': 105}
{'event': 'train_known_facts_ready', 'seed': 1, 'scope': 'train', 'edges': 50000, 'elapsed_sec': 0.021191492676734924}
{'event': 'train_known_facts_ready', 'seed': 1, 'scope': 'train_val', 'edges': 212066, 'elapsed_sec': 0.03996359184384346}
{'event': 'train_sampler_ready', 'seed': 1, 'elapsed_sec': 0.16255631297826767}
{'event': 'val_sampler_ready', 'seed': 1, 'elapsed_sec': 0.28185999020934105}
{'event': 'epoch_start', 'epoch': 1, 'epochs': 1, 'batches': 156, 'time_groups': 98}
{'event': 'train_time_group', 'epoch': 1, 'time_group': 1, 'time_groups': 98, 'batch': 0, 'batches': 156, 'time_value': 1900.0, 'group_batches': 1, 'history_edges': 0, 'elapsed_sec': 0.037649378180503845, 'cuda_allocated_mb': 107, 'cuda_reserved_mb': 126, 'cuda_max_allocated_mb': 107}
{'event': 'train_progress', 'epoch': 1, 'batch': 1, 'batches': 156, 'time_group': 1, 'time_groups': 98, 'history_edges': 0, 'pos_edges': 252, 'neg_edges': 252, 'loss_recent': 21.912513732910156, 'elapsed_sec': 3.2916094176471233, 'avg_sec_per_batch': 3.2916094176471233, 'cuda_allocated_mb': 462, 'cuda_reserved_mb': 1352, 'cuda_max_allocated_mb': 1317}
{'event': 'train_progress', 'epoch': 1, 'batch': 47, 'batches': 156, 'time_group': 43, 'time_groups': 98, 'history_edges': 15404, 'pos_edges': 31, 'neg_edges': 31, 'loss_recent': 27.95912165844694, 'elapsed_sec': 123.2987747117877, 'avg_sec_per_batch': 2.623378185357185, 'cuda_allocated_mb': 466, 'cuda_reserved_mb': 2822, 'cuda_max_allocated_mb': 2712}
{'event': 'train_progress', 'epoch': 1, 'batch': 100, 'batches': 156, 'time_group': 70, 'time_groups': 98, 'history_edges': 30867, 'pos_edges': 92, 'neg_edges': 92, 'loss_recent': 26.355069307982923, 'elapsed_sec': 239.80845250934362, 'avg_sec_per_batch': 2.398084525093436, 'cuda_allocated_mb': 466, 'cuda_reserved_mb': 3068, 'cuda_max_allocated_mb': 2961}
{'event': 'train_progress', 'epoch': 1, 'batch': 147, 'batches': 156, 'time_group': 94, 'time_groups': 98, 'history_edges': 46297, 'pos_edges': 512, 'neg_edges': 512, 'loss_recent': 27.125666653811933, 'elapsed_sec': 362.1276231110096, 'avg_sec_per_batch': 2.463453218442242, 'cuda_allocated_mb': 465, 'cuda_reserved_mb': 3328, 'cuda_max_allocated_mb': 3212}
{'event': 'train_time_group', 'epoch': 1, 'time_group': 98, 'time_groups': 98, 'batch': 154, 'batches': 156, 'time_value': 1997.0, 'group_batches': 2, 'history_edges': 49206, 'elapsed_sec': 382.01216365396976, 'cuda_allocated_mb': 334, 'cuda_reserved_mb': 3368, 'cuda_max_allocated_mb': 3247}
{'event': 'train_progress', 'epoch': 1, 'batch': 156, 'batches': 156, 'time_group': 98, 'time_groups': 98, 'history_edges': 49206, 'pos_edges': 282, 'neg_edges': 282, 'loss_recent': 27.9265441057086, 'elapsed_sec': 388.33354591205716, 'avg_sec_per_batch': 2.4893176020003662, 'cuda_allocated_mb': 468, 'cuda_reserved_mb': 3388, 'cuda_max_allocated_mb': 3260}
{'event': 'validation_start', 'epoch': 1}
{'event': 'validation_ranking_start', 'epoch': 1, 'max_edges': 5}
{'event': 'epoch_end', 'epoch': 1, 'early_stop_metric': 'val_composite', 'val_score': 0.25763831110871727, 'val_auc': 0.5879608154296875, 'val_ap': 0.36091824555294333, 'val_ndcg': 0.8322437449846815, 'val_mrr': 0.15038775687078237, 'val_hits@1': 0.1, 'val_hits@10': 0.2, 'val_hits@50': 0.2, 'val_hits@100': 0.2, 'elapsed_sec': 420.85236516594887}
{'candidate': 'candidate_listwise_unified_probe_h96_r12_a12_p4x4_l1_neg1_lr0p001_hp0p25_sr0_sa0_rl0p05_m0_bpr_crl0p05_cs16_both', 'seed': 1, 'composite': nan, 'val_auc': 0.5879608154296875, 'val_ap': 0.36091824555294333, 'val_ndcg': 0.8322437449846815, 'val_mrr': 0.15038775687078237, 'val_hits@1': 0.1, 'val_hits@10': 0.2, 'val_hits@50': 0.2, 'val_hits@100': 0.2, 'train_loss': 27.76576631783675, 'train_lp': 0.4883893084449646, 'train_align': 5406.829901389587, 'train_kl': 2405.433572292328, 'train_ood_reg': 0.20932492355887705, 'train_meta': 0.4950927782517213, 'train_struct_aux': 0.0, 'train_weighted_align': 27.03414893701959, 'train_weighted_kl': 0.24054335002736665, 'train_weighted_ood_reg': 0.00020932493395939207, 'train_weighted_meta': 0.0024754638404537663, 'train_weighted_struct_aux': 0.0, 'train_rank': 0.35262728253236186, 'train_weighted_rank': 0.017631364413178884, 'train_candidate_rank': 1.6223690463946416, 'train_weighted_candidate_rank': 0.08111845420148128}
{'event': 'candidate_summary', 'candidate': 'candidate_listwise_unified_probe_h96_r12_a12_p4x4_l1_neg1_lr0p001_hp0p25_sr0_sa0_rl0p05_m0_bpr_crl0p05_cs16_both', 'score': 0.25763831110871727, 'passes_metric_minima': True, 'means': {'val_auc': 0.5879608154296875, 'val_ap': 0.36091824555294333, 'val_mrr': 0.15038775687078237, 'val_hits@10': 0.2, 'val_ndcg': 0.8322437449846815}, 'seeds_completed': 1}
{'event': 'candidate_seed_start', 'candidate': 'candidate_listwise_unified_probe_h96_r12_a12_p4x4_l1_neg1_lr0p001_hp0p25_sr0_sa0_rl0p05_m0_bpr_crl0p1_cs16_both', 'seed': 1, 'device': 'cuda', 'node_text_device': 'cuda:0'}
{'event': 'train_seed_start', 'seed': 1, 'train_edges': 50000, 'val_edges': 162066, 'test_edges': 163172, 'num_nodes': 47433, 'num_relations': 566}
{'event': 'train_seed_tensors_ready', 'seed': 1, 'elapsed_sec': 0.012837905436754227, 'cuda_allocated_mb': 122, 'cuda_reserved_mb': 146, 'cuda_max_allocated_mb': 3260}
{'event': 'train_known_facts_ready', 'seed': 1, 'scope': 'train', 'edges': 50000, 'elapsed_sec': 0.019803442060947418}
{'event': 'train_known_facts_ready', 'seed': 1, 'scope': 'train_val', 'edges': 212066, 'elapsed_sec': 0.058288801461458206}
{'event': 'train_sampler_ready', 'seed': 1, 'elapsed_sec': 0.18439190089702606}
{'event': 'val_sampler_ready', 'seed': 1, 'elapsed_sec': 0.30723121017217636}
{'event': 'epoch_start', 'epoch': 1, 'epochs': 1, 'batches': 156, 'time_groups': 98}
{'event': 'train_time_group', 'epoch': 1, 'time_group': 1, 'time_groups': 98, 'batch': 0, 'batches': 156, 'time_value': 1900.0, 'group_batches': 1, 'history_edges': 0, 'elapsed_sec': 0.020698312669992447, 'cuda_allocated_mb': 123, 'cuda_reserved_mb': 146, 'cuda_max_allocated_mb': 3260}
{'event': 'train_progress', 'epoch': 1, 'batch': 1, 'batches': 156, 'time_group': 1, 'time_groups': 98, 'history_edges': 0, 'pos_edges': 252, 'neg_edges': 252, 'loss_recent': 21.912513732910156, 'elapsed_sec': 1.680722240358591, 'avg_sec_per_batch': 1.680722240358591, 'cuda_allocated_mb': 462, 'cuda_reserved_mb': 1352, 'cuda_max_allocated_mb': 3260}
{'event': 'train_progress', 'epoch': 1, 'batch': 48, 'batches': 156, 'time_group': 44, 'time_groups': 98, 'history_edges': 15947, 'pos_edges': 512, 'neg_edges': 512, 'loss_recent': 28.2934051156044, 'elapsed_sec': 124.59130593389273, 'avg_sec_per_batch': 2.5956522069560983, 'cuda_allocated_mb': 464, 'cuda_reserved_mb': 2842, 'cuda_max_allocated_mb': 3260}
{'event': 'train_progress', 'epoch': 1, 'batch': 100, 'batches': 156, 'time_group': 70, 'time_groups': 98, 'history_edges': 30867, 'pos_edges': 92, 'neg_edges': 92, 'loss_recent': 26.35776263356209, 'elapsed_sec': 239.4598451294005, 'avg_sec_per_batch': 2.394598451294005, 'cuda_allocated_mb': 466, 'cuda_reserved_mb': 3108, 'cuda_max_allocated_mb': 3260}
{'event': 'train_progress', 'epoch': 1, 'batch': 143, 'batches': 156, 'time_group': 92, 'time_groups': 98, 'history_edges': 44912, 'pos_edges': 512, 'neg_edges': 512, 'loss_recent': 26.64517602801323, 'elapsed_sec': 360.8482362702489, 'avg_sec_per_batch': 2.52341423965209, 'cuda_allocated_mb': 465, 'cuda_reserved_mb': 3328, 'cuda_max_allocated_mb': 3260}
{'event': 'train_time_group', 'epoch': 1, 'time_group': 98, 'time_groups': 98, 'batch': 154, 'batches': 156, 'time_value': 1997.0, 'group_batches': 2, 'history_edges': 49206, 'elapsed_sec': 394.63520032167435, 'cuda_allocated_mb': 334, 'cuda_reserved_mb': 3368, 'cuda_max_allocated_mb': 3260}
{'event': 'train_progress', 'epoch': 1, 'batch': 156, 'batches': 156, 'time_group': 98, 'time_groups': 98, 'history_edges': 49206, 'pos_edges': 282, 'neg_edges': 282, 'loss_recent': 27.928383311033247, 'elapsed_sec': 401.5606983229518, 'avg_sec_per_batch': 2.574107040531742, 'cuda_allocated_mb': 468, 'cuda_reserved_mb': 3388, 'cuda_max_allocated_mb': 3260}
{'event': 'validation_start', 'epoch': 1}
{'event': 'validation_ranking_start', 'epoch': 1, 'max_edges': 5}
{'event': 'epoch_end', 'epoch': 1, 'early_stop_metric': 'val_composite', 'val_score': 0.25760472511695953, 'val_auc': 0.591314697265625, 'val_ap': 0.35548036542701533, 'val_ndcg': 0.8305174727690995, 'val_mrr': 0.15092188390936073, 'val_hits@1': 0.1, 'val_hits@10': 0.2, 'val_hits@50': 0.2, 'val_hits@100': 0.2, 'elapsed_sec': 436.59720796346664}
{'candidate': 'candidate_listwise_unified_probe_h96_r12_a12_p4x4_l1_neg1_lr0p001_hp0p25_sr0_sa0_rl0p05_m0_bpr_crl0p1_cs16_both', 'seed': 1, 'composite': nan, 'val_auc': 0.591314697265625, 'val_ap': 0.35548036542701533, 'val_ndcg': 0.8305174727690995, 'val_mrr': 0.15092188390936073, 'val_hits@1': 0.1, 'val_hits@10': 0.2, 'val_hits@50': 0.2, 'val_hits@100': 0.2, 'train_loss': 27.768102826980446, 'train_lp': 0.4902362401286761, 'train_align': 5406.852746040393, 'train_kl': 2409.165625645564, 'train_ood_reg': 0.20927798174894774, 'train_meta': 0.495549400551961, 'train_struct_aux': 0.0, 'train_weighted_align': 27.03426312898787, 'train_weighted_kl': 0.2409165569544525, 'train_weighted_ood_reg': 0.0002092779921860291, 'train_weighted_meta': 0.0024777469501341097, 'train_weighted_struct_aux': 0.0, 'train_rank': 0.35031966282389104, 'train_weighted_rank': 0.017515983450441405, 'train_candidate_rank': 1.603657976939128, 'train_weighted_candidate_rank': 0.160365800301616}
{'event': 'candidate_summary', 'candidate': 'candidate_listwise_unified_probe_h96_r12_a12_p4x4_l1_neg1_lr0p001_hp0p25_sr0_sa0_rl0p05_m0_bpr_crl0p1_cs16_both', 'score': 0.25760472511695953, 'passes_metric_minima': True, 'means': {'val_auc': 0.591314697265625, 'val_ap': 0.35548036542701533, 'val_mrr': 0.15092188390936073, 'val_hits@10': 0.2, 'val_ndcg': 0.8305174727690995}, 'seeds_completed': 1}
{'event': 'candidate_seed_start', 'candidate': 'candidate_listwise_unified_probe_h96_r12_a12_p4x4_l1_neg1_lr0p001_hp0p25_sr0_sa0_rl0p05_m0_bpr_crl0p05_cs32_both', 'seed': 1, 'device': 'cuda', 'node_text_device': 'cuda:0'}
{'event': 'train_seed_start', 'seed': 1, 'train_edges': 50000, 'val_edges': 162066, 'test_edges': 163172, 'num_nodes': 47433, 'num_relations': 566}
{'event': 'train_seed_tensors_ready', 'seed': 1, 'elapsed_sec': 0.012930147349834442, 'cuda_allocated_mb': 122, 'cuda_reserved_mb': 146, 'cuda_max_allocated_mb': 3260}
{'event': 'train_known_facts_ready', 'seed': 1, 'scope': 'train', 'edges': 50000, 'elapsed_sec': 0.019095730036497116}
{'event': 'train_known_facts_ready', 'seed': 1, 'scope': 'train_val', 'edges': 212066, 'elapsed_sec': 0.04046524316072464}
{'event': 'train_sampler_ready', 'seed': 1, 'elapsed_sec': 0.17303910851478577}
{'event': 'val_sampler_ready', 'seed': 1, 'elapsed_sec': 0.30034081265330315}
{'event': 'epoch_start', 'epoch': 1, 'epochs': 1, 'batches': 156, 'time_groups': 98}
{'event': 'train_time_group', 'epoch': 1, 'time_group': 1, 'time_groups': 98, 'batch': 0, 'batches': 156, 'time_value': 1900.0, 'group_batches': 1, 'history_edges': 0, 'elapsed_sec': 0.02715820074081421, 'cuda_allocated_mb': 123, 'cuda_reserved_mb': 146, 'cuda_max_allocated_mb': 3260}
{'event': 'train_progress', 'epoch': 1, 'batch': 1, 'batches': 156, 'time_group': 1, 'time_groups': 98, 'history_edges': 0, 'pos_edges': 252, 'neg_edges': 252, 'loss_recent': 21.912513732910156, 'elapsed_sec': 2.979334782809019, 'avg_sec_per_batch': 2.979334782809019, 'cuda_allocated_mb': 462, 'cuda_reserved_mb': 1932, 'cuda_max_allocated_mb': 3260}
