
$ /root/miniconda3/bin/python -u scripts/search_hparams.py --config configs/auto_target/ssptgfm_search_yago15k_temporal_struct_history_rankloss_unified_probe.yaml --output results/auto_target_unified_rankloss_yago_probe_v1/search_yago15k_temporal_struct_history_rankloss_unified_probe --resume
runtime_device=cuda
cuda_device=Tesla V100-PCIE-32GB
{'event': 'candidate_seed_start', 'candidate': 'struct_history_rankloss_unified_probe_h96_r12_a12_p4x4_l1_neg1_lr0p001_hp0_sr0_sa0_rl0p1_m0p75_hinge', 'seed': 1, 'device': 'cuda', 'node_text_device': 'cuda:0'}
{'event': 'train_seed_start', 'seed': 1, 'train_edges': 3244, 'val_edges': 6738, 'test_edges': 26719, 'num_nodes': 4197, 'num_relations': 19}
{'event': 'train_seed_tensors_ready', 'seed': 1, 'elapsed_sec': 0.032012179493904114, 'cuda_allocated_mb': 9, 'cuda_reserved_mb': 22, 'cuda_max_allocated_mb': 9}
{'event': 'train_known_facts_ready', 'seed': 1, 'scope': 'train', 'edges': 3244, 'elapsed_sec': 0.0338660329580307}
{'event': 'train_known_facts_ready', 'seed': 1, 'scope': 'train_val', 'edges': 9982, 'elapsed_sec': 0.035099152475595474}
{'event': 'train_sampler_ready', 'seed': 1, 'elapsed_sec': 0.039015233516693115}
{'event': 'val_sampler_ready', 'seed': 1, 'elapsed_sec': 0.04256496578454971}
{'event': 'epoch_start', 'epoch': 1, 'epochs': 1, 'batches': 118, 'time_groups': 118}
{'event': 'train_time_group', 'epoch': 1, 'time_group': 1, 'time_groups': 118, 'batch': 0, 'batches': 118, 'time_value': 600.0, 'group_batches': 1, 'history_edges': 0, 'elapsed_sec': 0.02008068561553955, 'cuda_allocated_mb': 9, 'cuda_reserved_mb': 24, 'cuda_max_allocated_mb': 9}
{'event': 'train_progress', 'epoch': 1, 'batch': 1, 'batches': 118, 'time_group': 1, 'time_groups': 118, 'history_edges': 0, 'pos_edges': 1, 'neg_edges': 1, 'loss_recent': 0.6795961260795593, 'elapsed_sec': 1.262694850564003, 'avg_sec_per_batch': 1.262694850564003, 'cuda_allocated_mb': 44, 'cuda_reserved_mb': 90, 'cuda_max_allocated_mb': 80}
{'event': 'train_progress', 'epoch': 1, 'batch': 100, 'batches': 118, 'time_group': 100, 'time_groups': 118, 'history_edges': 2144, 'pos_edges': 38, 'neg_edges': 38, 'loss_recent': 1.7824790143966676, 'elapsed_sec': 21.098409332334995, 'avg_sec_per_batch': 0.21098409332334994, 'cuda_allocated_mb': 46, 'cuda_reserved_mb': 202, 'cuda_max_allocated_mb': 169}
{'event': 'train_time_group', 'epoch': 1, 'time_group': 118, 'time_groups': 118, 'batch': 117, 'batches': 118, 'time_value': 1966.0, 'group_batches': 1, 'history_edges': 3153, 'elapsed_sec': 25.36599850654602, 'cuda_allocated_mb': 45, 'cuda_reserved_mb': 222, 'cuda_max_allocated_mb': 189}
{'event': 'train_progress', 'epoch': 1, 'batch': 118, 'batches': 118, 'time_group': 118, 'time_groups': 118, 'history_edges': 3153, 'pos_edges': 91, 'neg_edges': 91, 'loss_recent': 2.3684103137254713, 'elapsed_sec': 25.726317945867777, 'avg_sec_per_batch': 0.21801964360904896, 'cuda_allocated_mb': 48, 'cuda_reserved_mb': 222, 'cuda_max_allocated_mb': 193}
{'event': 'validation_start', 'epoch': 1}
{'event': 'validation_ranking_start', 'epoch': 1, 'max_edges': 5}
{'event': 'epoch_end', 'epoch': 1, 'early_stop_metric': 'val_composite', 'val_score': 0.12499720491447036, 'val_auc': 0.6141357421875, 'val_ap': 0.254368371793319, 'val_ndcg': 0.776711549020007, 'val_mrr': 0.012094383898984675, 'val_hits@1': 0.0, 'val_hits@10': 0.0, 'val_hits@50': 0.2, 'val_hits@100': 0.4, 'elapsed_sec': 30.41660264506936}
{'candidate': 'struct_history_rankloss_unified_probe_h96_r12_a12_p4x4_l1_neg1_lr0p001_hp0_sr0_sa0_rl0p1_m0p75_hinge', 'seed': 1, 'composite': nan, 'val_auc': 0.6141357421875, 'val_ap': 0.254368371793319, 'val_ndcg': 0.776711549020007, 'val_mrr': 0.012094383898984675, 'val_hits@1': 0.0, 'val_hits@10': 0.0, 'val_hits@50': 0.2, 'val_hits@100': 0.4, 'train_loss': 2.1185201325659024, 'train_lp': 0.46779038529779954, 'train_align': 312.0604496871011, 'train_kl': 878.4938922170866, 'train_ood_reg': 0.21771728411569433, 'train_meta': 0.47208476331779514, 'train_struct_aux': 0.0, 'train_weighted_align': 1.5603022204191124, 'train_weighted_kl': 0.0878493868138136, 'train_weighted_ood_reg': 0.0002177172949413327, 'train_weighted_meta': 0.002360423764665769, 'train_weighted_struct_aux': 0.0, 'train_rank': 0.35250986290116937, 'train_weighted_rank': 0.03525098703872665}
{'event': 'candidate_summary', 'candidate': 'struct_history_rankloss_unified_probe_h96_r12_a12_p4x4_l1_neg1_lr0p001_hp0_sr0_sa0_rl0p1_m0p75_hinge', 'score': 0.12499720491447036, 'passes_metric_minima': True, 'means': {'val_auc': 0.6141357421875, 'val_ap': 0.254368371793319, 'val_mrr': 0.012094383898984675, 'val_hits@10': 0.0, 'val_ndcg': 0.776711549020007}, 'seeds_completed': 1}
{'event': 'candidate_seed_start', 'candidate': 'struct_history_rankloss_unified_probe_h96_r12_a12_p4x4_l1_neg1_lr0p001_hp0_sr0_sa0_rl0p2_m0p5_hinge', 'seed': 1, 'device': 'cuda', 'node_text_device': 'cuda:0'}
{'event': 'train_seed_start', 'seed': 1, 'train_edges': 3244, 'val_edges': 6738, 'test_edges': 26719, 'num_nodes': 4197, 'num_relations': 19}
{'event': 'train_seed_tensors_ready', 'seed': 1, 'elapsed_sec': 0.05009634420275688, 'cuda_allocated_mb': 25, 'cuda_reserved_mb': 42, 'cuda_max_allocated_mb': 193}
{'event': 'train_known_facts_ready', 'seed': 1, 'scope': 'train', 'edges': 3244, 'elapsed_sec': 0.051811594516038895}
{'event': 'train_known_facts_ready', 'seed': 1, 'scope': 'train_val', 'edges': 9982, 'elapsed_sec': 0.05301538482308388}
{'event': 'train_sampler_ready', 'seed': 1, 'elapsed_sec': 0.05719909816980362}
{'event': 'val_sampler_ready', 'seed': 1, 'elapsed_sec': 0.06089579686522484}
{'event': 'epoch_start', 'epoch': 1, 'epochs': 1, 'batches': 118, 'time_groups': 118}
{'event': 'train_time_group', 'epoch': 1, 'time_group': 1, 'time_groups': 118, 'batch': 0, 'batches': 118, 'time_value': 600.0, 'group_batches': 1, 'history_edges': 0, 'elapsed_sec': 0.004876952618360519, 'cuda_allocated_mb': 26, 'cuda_reserved_mb': 44, 'cuda_max_allocated_mb': 193}
{'event': 'train_progress', 'epoch': 1, 'batch': 1, 'batches': 118, 'time_group': 1, 'time_groups': 118, 'history_edges': 0, 'pos_edges': 1, 'neg_edges': 1, 'loss_recent': 0.6795961260795593, 'elapsed_sec': 0.1327214278280735, 'avg_sec_per_batch': 0.1327214278280735, 'cuda_allocated_mb': 44, 'cuda_reserved_mb': 90, 'cuda_max_allocated_mb': 193}
{'event': 'train_progress', 'epoch': 1, 'batch': 100, 'batches': 118, 'time_group': 100, 'time_groups': 118, 'history_edges': 2144, 'pos_edges': 38, 'neg_edges': 38, 'loss_recent': 1.7833996254205704, 'elapsed_sec': 15.913140092045069, 'avg_sec_per_batch': 0.1591314009204507, 'cuda_allocated_mb': 46, 'cuda_reserved_mb': 202, 'cuda_max_allocated_mb': 193}
{'event': 'train_time_group', 'epoch': 1, 'time_group': 118, 'time_groups': 118, 'batch': 117, 'batches': 118, 'time_value': 1966.0, 'group_batches': 1, 'history_edges': 3153, 'elapsed_sec': 18.924877606332302, 'cuda_allocated_mb': 45, 'cuda_reserved_mb': 222, 'cuda_max_allocated_mb': 193}
{'event': 'train_progress', 'epoch': 1, 'batch': 118, 'batches': 118, 'time_group': 118, 'time_groups': 118, 'history_edges': 3153, 'pos_edges': 91, 'neg_edges': 91, 'loss_recent': 2.3707298707962035, 'elapsed_sec': 19.115800257772207, 'avg_sec_per_batch': 0.161998307269256, 'cuda_allocated_mb': 48, 'cuda_reserved_mb': 222, 'cuda_max_allocated_mb': 193}
{'event': 'validation_start', 'epoch': 1}
{'event': 'validation_ranking_start', 'epoch': 1, 'max_edges': 5}
{'event': 'epoch_end', 'epoch': 1, 'early_stop_metric': 'val_composite', 'val_score': 0.12631593382502843, 'val_auc': 0.6207550048828124, 'val_ap': 0.2604342183556292, 'val_ndcg': 0.7803673412293731, 'val_mrr': 0.01261765549264654, 'val_hits@1': 0.0, 'val_hits@10': 0.0, 'val_hits@50': 0.2, 'val_hits@100': 0.4, 'elapsed_sec': 22.481319703161716}
{'candidate': 'struct_history_rankloss_unified_probe_h96_r12_a12_p4x4_l1_neg1_lr0p001_hp0_sr0_sa0_rl0p2_m0p5_hinge', 'seed': 1, 'composite': nan, 'val_auc': 0.6207550048828124, 'val_ap': 0.2604342183556292, 'val_ndcg': 0.7803673412293731, 'val_mrr': 0.01261765549264654, 'val_hits@1': 0.0, 'val_hits@10': 0.0, 'val_hits@50': 0.2, 'val_hits@100': 0.4, 'train_loss': 2.120450103181904, 'train_lp': 0.46728050999217113, 'train_align': 312.487429568323, 'train_kl': 881.5765687974833, 'train_ood_reg': 0.21774814454680783, 'train_meta': 0.47141625871092585, 'train_struct_aux': 0.0, 'train_weighted_align': 1.5624371144952158, 'train_weighted_kl': 0.08815765477937915, 'train_weighted_ood_reg': 0.00021774815412739417, 'train_weighted_meta': 0.002357081235859985, 'train_weighted_struct_aux': 0.0, 'train_rank': 0.23136400206456498, 'train_weighted_rank': 0.0462728010774669}
{'event': 'candidate_summary', 'candidate': 'struct_history_rankloss_unified_probe_h96_r12_a12_p4x4_l1_neg1_lr0p001_hp0_sr0_sa0_rl0p2_m0p5_hinge', 'score': 0.12631593382502843, 'passes_metric_minima': True, 'means': {'val_auc': 0.6207550048828124, 'val_ap': 0.2604342183556292, 'val_mrr': 0.01261765549264654, 'val_hits@10': 0.0, 'val_ndcg': 0.7803673412293731}, 'seeds_completed': 1}
{'event': 'candidate_seed_start', 'candidate': 'struct_history_rankloss_unified_probe_h96_r12_a12_p4x4_l1_neg1_lr0p001_hp0p02_sr0_sa0_rl0p1_m0p75_hinge', 'seed': 1, 'device': 'cuda', 'node_text_device': 'cuda:0'}
{'event': 'train_seed_start', 'seed': 1, 'train_edges': 3244, 'val_edges': 6738, 'test_edges': 26719, 'num_nodes': 4197, 'num_relations': 19}
{'event': 'train_seed_tensors_ready', 'seed': 1, 'elapsed_sec': 0.004475083202123642, 'cuda_allocated_mb': 25, 'cuda_reserved_mb': 42, 'cuda_max_allocated_mb': 193}
{'event': 'train_known_facts_ready', 'seed': 1, 'scope': 'train', 'edges': 3244, 'elapsed_sec': 0.006215307861566544}
{'event': 'train_known_facts_ready', 'seed': 1, 'scope': 'train_val', 'edges': 9982, 'elapsed_sec': 0.00740307942032814}
{'event': 'train_sampler_ready', 'seed': 1, 'elapsed_sec': 0.011402644217014313}
{'event': 'val_sampler_ready', 'seed': 1, 'elapsed_sec': 0.015009723603725433}
{'event': 'epoch_start', 'epoch': 1, 'epochs': 1, 'batches': 118, 'time_groups': 118}
{'event': 'train_time_group', 'epoch': 1, 'time_group': 1, 'time_groups': 118, 'batch': 0, 'batches': 118, 'time_value': 600.0, 'group_batches': 1, 'history_edges': 0, 'elapsed_sec': 0.00568622350692749, 'cuda_allocated_mb': 26, 'cuda_reserved_mb': 44, 'cuda_max_allocated_mb': 193}
{'event': 'train_progress', 'epoch': 1, 'batch': 1, 'batches': 118, 'time_group': 1, 'time_groups': 118, 'history_edges': 0, 'pos_edges': 1, 'neg_edges': 1, 'loss_recent': 0.6795961260795593, 'elapsed_sec': 0.12811170145869255, 'avg_sec_per_batch': 0.12811170145869255, 'cuda_allocated_mb': 44, 'cuda_reserved_mb': 90, 'cuda_max_allocated_mb': 193}
{'event': 'train_progress', 'epoch': 1, 'batch': 100, 'batches': 118, 'time_group': 100, 'time_groups': 118, 'history_edges': 2144, 'pos_edges': 38, 'neg_edges': 38, 'loss_recent': 1.7804597175121308, 'elapsed_sec': 14.525651384145021, 'avg_sec_per_batch': 0.14525651384145022, 'cuda_allocated_mb': 46, 'cuda_reserved_mb': 202, 'cuda_max_allocated_mb': 193}
{'event': 'train_time_group', 'epoch': 1, 'time_group': 118, 'time_groups': 118, 'batch': 117, 'batches': 118, 'time_value': 1966.0, 'group_batches': 1, 'history_edges': 3153, 'elapsed_sec': 17.4874403513968, 'cuda_allocated_mb': 45, 'cuda_reserved_mb': 222, 'cuda_max_allocated_mb': 193}
{'event': 'train_progress', 'epoch': 1, 'batch': 118, 'batches': 118, 'time_group': 118, 'time_groups': 118, 'history_edges': 3153, 'pos_edges': 91, 'neg_edges': 91, 'loss_recent': 2.3642575734853746, 'elapsed_sec': 17.78191925212741, 'avg_sec_per_batch': 0.15069423095023227, 'cuda_allocated_mb': 48, 'cuda_reserved_mb': 222, 'cuda_max_allocated_mb': 193}
{'event': 'validation_start', 'epoch': 1}
{'event': 'validation_ranking_start', 'epoch': 1, 'max_edges': 5}
{'event': 'epoch_end', 'epoch': 1, 'early_stop_metric': 'val_composite', 'val_score': 0.12525278947398155, 'val_auc': 0.6184661865234374, 'val_ap': 0.2556274146750665, 'val_ndcg': 0.7769385482189788, 'val_mrr': 0.012068777920390628, 'val_hits@1': 0.0, 'val_hits@10': 0.0, 'val_hits@50': 0.3, 'val_hits@100': 0.3, 'elapsed_sec': 20.989936094731092}
{'candidate': 'struct_history_rankloss_unified_probe_h96_r12_a12_p4x4_l1_neg1_lr0p001_hp0p02_sr0_sa0_rl0p1_m0p75_hinge', 'seed': 1, 'composite': nan, 'val_auc': 0.6184661865234374, 'val_ap': 0.2556274146750665, 'val_ndcg': 0.7769385482189788, 'val_mrr': 0.012068777920390628, 'val_hits@1': 0.0, 'val_hits@10': 0.0, 'val_hits@50': 0.3, 'val_hits@100': 0.3, 'train_loss': 2.114870355290882, 'train_lp': 0.46629981608208965, 'train_align': 311.5212269152625, 'train_kl': 883.9469226255255, 'train_ood_reg': 0.21781737597311956, 'train_meta': 0.47038793298652615, 'train_struct_aux': 0.0, 'train_weighted_align': 1.5576061010992124, 'train_weighted_kl': 0.08839469040365164, 'train_weighted_ood_reg': 0.00021781738634394892, 'train_weighted_meta': 0.0023519396054325625, 'train_weighted_struct_aux': 0.0, 'train_rank': 0.34747820401216967, 'train_weighted_rank': 0.03474782100263036}
{'event': 'candidate_summary', 'candidate': 'struct_history_rankloss_unified_probe_h96_r12_a12_p4x4_l1_neg1_lr0p001_hp0p02_sr0_sa0_rl0p1_m0p75_hinge', 'score': 0.12525278947398155, 'passes_metric_minima': True, 'means': {'val_auc': 0.6184661865234374, 'val_ap': 0.2556274146750665, 'val_mrr': 0.012068777920390628, 'val_hits@10': 0.0, 'val_ndcg': 0.7769385482189788}, 'seeds_completed': 1}
{'event': 'candidate_seed_start', 'candidate': 'struct_history_rankloss_unified_probe_h96_r12_a12_p4x4_l1_neg1_lr0p001_hp0p02_sr0_sa0_rl0p2_m0p5_hinge', 'seed': 1, 'device': 'cuda', 'node_text_device': 'cuda:0'}
{'event': 'train_seed_start', 'seed': 1, 'train_edges': 3244, 'val_edges': 6738, 'test_edges': 26719, 'num_nodes': 4197, 'num_relations': 19}
{'event': 'train_seed_tensors_ready', 'seed': 1, 'elapsed_sec': 0.006363961845636368, 'cuda_allocated_mb': 25, 'cuda_reserved_mb': 42, 'cuda_max_allocated_mb': 193}
{'event': 'train_known_facts_ready', 'seed': 1, 'scope': 'train', 'edges': 3244, 'elapsed_sec': 0.007937505841255188}
{'event': 'train_known_facts_ready', 'seed': 1, 'scope': 'train_val', 'edges': 9982, 'elapsed_sec': 0.009107869118452072}
{'event': 'train_sampler_ready', 'seed': 1, 'elapsed_sec': 0.012898217886686325}
{'event': 'val_sampler_ready', 'seed': 1, 'elapsed_sec': 0.01654243841767311}
{'event': 'epoch_start', 'epoch': 1, 'epochs': 1, 'batches': 118, 'time_groups': 118}
{'event': 'train_time_group', 'epoch': 1, 'time_group': 1, 'time_groups': 118, 'batch': 0, 'batches': 118, 'time_value': 600.0, 'group_batches': 1, 'history_edges': 0, 'elapsed_sec': 0.005457591265439987, 'cuda_allocated_mb': 26, 'cuda_reserved_mb': 44, 'cuda_max_allocated_mb': 193}
{'event': 'train_progress', 'epoch': 1, 'batch': 1, 'batches': 118, 'time_group': 1, 'time_groups': 118, 'history_edges': 0, 'pos_edges': 1, 'neg_edges': 1, 'loss_recent': 0.6795961260795593, 'elapsed_sec': 0.11854353919625282, 'avg_sec_per_batch': 0.11854353919625282, 'cuda_allocated_mb': 44, 'cuda_reserved_mb': 90, 'cuda_max_allocated_mb': 193}
{'event': 'train_progress', 'epoch': 1, 'batch': 100, 'batches': 118, 'time_group': 100, 'time_groups': 118, 'history_edges': 2144, 'pos_edges': 38, 'neg_edges': 38, 'loss_recent': 1.7804509881138801, 'elapsed_sec': 14.709802873432636, 'avg_sec_per_batch': 0.14709802873432637, 'cuda_allocated_mb': 46, 'cuda_reserved_mb': 202, 'cuda_max_allocated_mb': 193}
{'event': 'train_time_group', 'epoch': 1, 'time_group': 118, 'time_groups': 118, 'batch': 117, 'batches': 118, 'time_value': 1966.0, 'group_batches': 1, 'history_edges': 3153, 'elapsed_sec': 17.655033838003874, 'cuda_allocated_mb': 45, 'cuda_reserved_mb': 222, 'cuda_max_allocated_mb': 193}
{'event': 'train_progress', 'epoch': 1, 'batch': 118, 'batches': 118, 'time_group': 118, 'time_groups': 118, 'history_edges': 3153, 'pos_edges': 91, 'neg_edges': 91, 'loss_recent': 2.367105290591717, 'elapsed_sec': 17.854795712977648, 'avg_sec_per_batch': 0.15131182807608176, 'cuda_allocated_mb': 48, 'cuda_reserved_mb': 222, 'cuda_max_allocated_mb': 193}
{'event': 'validation_start', 'epoch': 1}
{'event': 'validation_ranking_start', 'epoch': 1, 'max_edges': 5}
{'event': 'epoch_end', 'epoch': 1, 'early_stop_metric': 'val_composite', 'val_score': 0.12683028723922377, 'val_auc': 0.625592041015625, 'val_ap': 0.26308007572211395, 'val_ndcg': 0.7816958440413714, 'val_mrr': 0.012664865566346415, 'val_hits@1': 0.0, 'val_hits@10': 0.0, 'val_hits@50': 0.2, 'val_hits@100': 0.4, 'elapsed_sec': 21.285763569176197}
{'candidate': 'struct_history_rankloss_unified_probe_h96_r12_a12_p4x4_l1_neg1_lr0p001_hp0p02_sr0_sa0_rl0p2_m0p5_hinge', 'seed': 1, 'composite': nan, 'val_auc': 0.625592041015625, 'val_ap': 0.26308007572211395, 'val_ndcg': 0.7816958440413714, 'val_mrr': 0.012664865566346415, 'val_hits@1': 0.0, 'val_hits@10': 0.0, 'val_hits@50': 0.2, 'val_hits@100': 0.4, 'train_loss': 2.1172503336506376, 'train_lp': 0.46534493780237135, 'train_align': 312.2461052082353, 'train_kl': 881.1155760813567, 'train_ood_reg': 0.2178286307696569, 'train_meta': 0.4691066469176341, 'train_struct_aux': 0.0, 'train_weighted_align': 1.5612304796843584, 'train_weighted_kl': 0.08811155566945672, 'train_weighted_ood_reg': 0.00021782864114048623, 'train_weighted_meta': 0.0023455331960329944, 'train_weighted_struct_aux': 0.0, 'train_rank': 0.22687724622566316, 'train_weighted_rank': 0.04537545006931365}
{'event': 'candidate_summary', 'candidate': 'struct_history_rankloss_unified_probe_h96_r12_a12_p4x4_l1_neg1_lr0p001_hp0p02_sr0_sa0_rl0p2_m0p5_hinge', 'score': 0.12683028723922377, 'passes_metric_minima': True, 'means': {'val_auc': 0.625592041015625, 'val_ap': 0.26308007572211395, 'val_mrr': 0.012664865566346415, 'val_hits@10': 0.0, 'val_ndcg': 0.7816958440413714}, 'seeds_completed': 1}
{'event': 'candidate_seed_start', 'candidate': 'struct_history_rankloss_unified_probe_h96_r12_a12_p4x4_l1_neg2_lr0p001_hp0_sr0_sa0_rl0p1_m0p75_hinge', 'seed': 1, 'device': 'cuda', 'node_text_device': 'cuda:0'}
{'event': 'train_seed_start', 'seed': 1, 'train_edges': 3244, 'val_edges': 6738, 'test_edges': 26719, 'num_nodes': 4197, 'num_relations': 19}
{'event': 'train_seed_tensors_ready', 'seed': 1, 'elapsed_sec': 0.015067853033542633, 'cuda_allocated_mb': 25, 'cuda_reserved_mb': 42, 'cuda_max_allocated_mb': 193}
{'event': 'train_known_facts_ready', 'seed': 1, 'scope': 'train', 'edges': 3244, 'elapsed_sec': 0.016726471483707428}
{'event': 'train_known_facts_ready', 'seed': 1, 'scope': 'train_val', 'edges': 9982, 'elapsed_sec': 0.01793299987912178}
{'event': 'train_sampler_ready', 'seed': 1, 'elapsed_sec': 0.02176963910460472}
{'event': 'val_sampler_ready', 'seed': 1, 'elapsed_sec': 0.025423254817724228}
{'event': 'epoch_start', 'epoch': 1, 'epochs': 1, 'batches': 118, 'time_groups': 118}
{'event': 'train_time_group', 'epoch': 1, 'time_group': 1, 'time_groups': 118, 'batch': 0, 'batches': 118, 'time_value': 600.0, 'group_batches': 1, 'history_edges': 0, 'elapsed_sec': 0.005283653736114502, 'cuda_allocated_mb': 26, 'cuda_reserved_mb': 44, 'cuda_max_allocated_mb': 193}
{'event': 'train_progress', 'epoch': 1, 'batch': 1, 'batches': 118, 'time_group': 1, 'time_groups': 118, 'history_edges': 0, 'pos_edges': 1, 'neg_edges': 2, 'loss_recent': 0.7218735218048096, 'elapsed_sec': 0.1283898502588272, 'avg_sec_per_batch': 0.1283898502588272, 'cuda_allocated_mb': 44, 'cuda_reserved_mb': 90, 'cuda_max_allocated_mb': 193}
{'event': 'train_progress', 'epoch': 1, 'batch': 100, 'batches': 118, 'time_group': 100, 'time_groups': 118, 'history_edges': 2144, 'pos_edges': 38, 'neg_edges': 76, 'loss_recent': 2.3795422491431237, 'elapsed_sec': 20.36283738166094, 'avg_sec_per_batch': 0.2036283738166094, 'cuda_allocated_mb': 47, 'cuda_reserved_mb': 206, 'cuda_max_allocated_mb': 193}
{'event': 'train_time_group', 'epoch': 1, 'time_group': 118, 'time_groups': 118, 'batch': 117, 'batches': 118, 'time_value': 1966.0, 'group_batches': 1, 'history_edges': 3153, 'elapsed_sec': 24.952095456421375, 'cuda_allocated_mb': 45, 'cuda_reserved_mb': 246, 'cuda_max_allocated_mb': 196}
{'event': 'train_progress', 'epoch': 1, 'batch': 118, 'batches': 118, 'time_group': 118, 'time_groups': 118, 'history_edges': 3153, 'pos_edges': 91, 'neg_edges': 182, 'loss_recent': 3.2775027415156366, 'elapsed_sec': 25.27364142984152, 'avg_sec_per_batch': 0.21418340194780947, 'cuda_allocated_mb': 48, 'cuda_reserved_mb': 246, 'cuda_max_allocated_mb': 199}
{'event': 'validation_start', 'epoch': 1}
{'event': 'validation_ranking_start', 'epoch': 1, 'max_edges': 5}
{'event': 'epoch_end', 'epoch': 1, 'early_stop_metric': 'val_composite', 'val_score': 0.12521124139225884, 'val_auc': 0.6170684814453125, 'val_ap': 0.2557217843210418, 'val_ndcg': 0.7787014809841033, 'val_mrr': 0.011798462865763687, 'val_hits@1': 0.0, 'val_hits@10': 0.0, 'val_hits@50': 0.3, 'val_hits@100': 0.6, 'elapsed_sec': 29.97407715767622}
{'candidate': 'struct_history_rankloss_unified_probe_h96_r12_a12_p4x4_l1_neg2_lr0p001_hp0_sr0_sa0_rl0p1_m0p75_hinge', 'seed': 1, 'composite': nan, 'val_auc': 0.6170684814453125, 'val_ap': 0.2557217843210418, 'val_ndcg': 0.7787014809841033, 'val_mrr': 0.011798462865763687, 'val_hits@1': 0.0, 'val_hits@10': 0.0, 'val_hits@50': 0.3, 'val_hits@100': 0.6, 'train_loss': 2.892533624323748, 'train_lp': 0.43534402498754404, 'train_align': 466.35812011815733, 'train_kl': 1228.6498277955136, 'train_ood_reg': 0.22268309317908044, 'train_meta': 0.462272950716443, 'train_struct_aux': 0.0, 'train_weighted_align': 2.331790550943401, 'train_weighted_kl': 0.12286497978493571, 'train_weighted_ood_reg': 0.00022268310407279218, 'train_weighted_meta': 0.0023113647056546187, 'train_weighted_struct_aux': 0.0, 'train_rank': 0.3502233203942493, 'train_weighted_rank': 0.0350223326349189}
{'event': 'candidate_summary', 'candidate': 'struct_history_rankloss_unified_probe_h96_r12_a12_p4x4_l1_neg2_lr0p001_hp0_sr0_sa0_rl0p1_m0p75_hinge', 'score': 0.12521124139225884, 'passes_metric_minima': True, 'means': {'val_auc': 0.6170684814453125, 'val_ap': 0.2557217843210418, 'val_mrr': 0.011798462865763687, 'val_hits@10': 0.0, 'val_ndcg': 0.7787014809841033}, 'seeds_completed': 1}
{'event': 'candidate_seed_start', 'candidate': 'struct_history_rankloss_unified_probe_h96_r12_a12_p4x4_l1_neg2_lr0p001_hp0_sr0_sa0_rl0p2_m0p5_hinge', 'seed': 1, 'device': 'cuda', 'node_text_device': 'cuda:0'}
{'event': 'train_seed_start', 'seed': 1, 'train_edges': 3244, 'val_edges': 6738, 'test_edges': 26719, 'num_nodes': 4197, 'num_relations': 19}
{'event': 'train_seed_tensors_ready', 'seed': 1, 'elapsed_sec': 0.014733277261257172, 'cuda_allocated_mb': 25, 'cuda_reserved_mb': 42, 'cuda_max_allocated_mb': 199}
{'event': 'train_known_facts_ready', 'seed': 1, 'scope': 'train', 'edges': 3244, 'elapsed_sec': 0.016354966908693314}
{'event': 'train_known_facts_ready', 'seed': 1, 'scope': 'train_val', 'edges': 9982, 'elapsed_sec': 0.01754552498459816}
{'event': 'train_sampler_ready', 'seed': 1, 'elapsed_sec': 0.021340973675251007}
{'event': 'val_sampler_ready', 'seed': 1, 'elapsed_sec': 0.024966441094875336}
{'event': 'epoch_start', 'epoch': 1, 'epochs': 1, 'batches': 118, 'time_groups': 118}
{'event': 'train_time_group', 'epoch': 1, 'time_group': 1, 'time_groups': 118, 'batch': 0, 'batches': 118, 'time_value': 600.0, 'group_batches': 1, 'history_edges': 0, 'elapsed_sec': 0.0053934939205646515, 'cuda_allocated_mb': 26, 'cuda_reserved_mb': 44, 'cuda_max_allocated_mb': 199}
{'event': 'train_progress', 'epoch': 1, 'batch': 1, 'batches': 118, 'time_group': 1, 'time_groups': 118, 'history_edges': 0, 'pos_edges': 1, 'neg_edges': 2, 'loss_recent': 0.7218735218048096, 'elapsed_sec': 0.1801426261663437, 'avg_sec_per_batch': 0.1801426261663437, 'cuda_allocated_mb': 44, 'cuda_reserved_mb': 90, 'cuda_max_allocated_mb': 199}
{'event': 'train_progress', 'epoch': 1, 'batch': 100, 'batches': 118, 'time_group': 100, 'time_groups': 118, 'history_edges': 2144, 'pos_edges': 38, 'neg_edges': 76, 'loss_recent': 2.3800763496756554, 'elapsed_sec': 21.012519612908363, 'avg_sec_per_batch': 0.21012519612908365, 'cuda_allocated_mb': 47, 'cuda_reserved_mb': 206, 'cuda_max_allocated_mb': 199}
{'event': 'train_time_group', 'epoch': 1, 'time_group': 118, 'time_groups': 118, 'batch': 117, 'batches': 118, 'time_value': 1966.0, 'group_batches': 1, 'history_edges': 3153, 'elapsed_sec': 25.88416276499629, 'cuda_allocated_mb': 45, 'cuda_reserved_mb': 246, 'cuda_max_allocated_mb': 199}
{'event': 'train_progress', 'epoch': 1, 'batch': 118, 'batches': 118, 'time_group': 118, 'time_groups': 118, 'history_edges': 3153, 'pos_edges': 91, 'neg_edges': 182, 'loss_recent': 3.2796742036938666, 'elapsed_sec': 26.209358993917704, 'avg_sec_per_batch': 0.2221132118128619, 'cuda_allocated_mb': 48, 'cuda_reserved_mb': 246, 'cuda_max_allocated_mb': 199}
{'event': 'validation_start', 'epoch': 1}
{'event': 'validation_ranking_start', 'epoch': 1, 'max_edges': 5}
{'event': 'epoch_end', 'epoch': 1, 'early_stop_metric': 'val_composite', 'val_score': 0.12611844209325318, 'val_auc': 0.6209625244140624, 'val_ap': 0.26026806358840715, 'val_ndcg': 0.781602402087151, 'val_mrr': 0.012102608213985755, 'val_hits@1': 0.0, 'val_hits@10': 0.0, 'val_hits@50': 0.3, 'val_hits@100': 0.6, 'elapsed_sec': 30.870218601077795}
{'candidate': 'struct_history_rankloss_unified_probe_h96_r12_a12_p4x4_l1_neg2_lr0p001_hp0_sr0_sa0_rl0p2_m0p5_hinge', 'seed': 1, 'composite': nan, 'val_auc': 0.6209625244140624, 'val_ap': 0.26026806358840715, 'val_ndcg': 0.781602402087151, 'val_mrr': 0.012102608213985755, 'val_hits@1': 0.0, 'val_hits@10': 0.0, 'val_hits@50': 0.3, 'val_hits@100': 0.6, 'train_loss': 2.894073743688858, 'train_lp': 0.43422523519750367, 'train_align': 466.6757049560547, 'train_kl': 1239.5234499785859, 'train_ood_reg': 0.22237756507376494, 'train_meta': 0.459065220239809, 'train_struct_aux': 0.0, 'train_weighted_align': 2.333378462783866, 'train_weighted_kl': 0.1239523415343236, 'train_weighted_ood_reg': 0.0002223775753903329, 'train_weighted_meta': 0.0022953260478847737, 'train_weighted_struct_aux': 0.0, 'train_rank': 0.23638126591883474, 'train_weighted_rank': 0.04727625381004191}
{'event': 'candidate_summary', 'candidate': 'struct_history_rankloss_unified_probe_h96_r12_a12_p4x4_l1_neg2_lr0p001_hp0_sr0_sa0_rl0p2_m0p5_hinge', 'score': 0.12611844209325318, 'passes_metric_minima': True, 'means': {'val_auc': 0.6209625244140624, 'val_ap': 0.26026806358840715, 'val_mrr': 0.012102608213985755, 'val_hits@10': 0.0, 'val_ndcg': 0.781602402087151}, 'seeds_completed': 1}
{'event': 'candidate_seed_start', 'candidate': 'struct_history_rankloss_unified_probe_h96_r12_a12_p4x4_l1_neg2_lr0p001_hp0p02_sr0_sa0_rl0p1_m0p75_hinge', 'seed': 1, 'device': 'cuda', 'node_text_device': 'cuda:0'}
{'event': 'train_seed_start', 'seed': 1, 'train_edges': 3244, 'val_edges': 6738, 'test_edges': 26719, 'num_nodes': 4197, 'num_relations': 19}
{'event': 'train_seed_tensors_ready', 'seed': 1, 'elapsed_sec': 0.014714650809764862, 'cuda_allocated_mb': 25, 'cuda_reserved_mb': 42, 'cuda_max_allocated_mb': 199}
{'event': 'train_known_facts_ready', 'seed': 1, 'scope': 'train', 'edges': 3244, 'elapsed_sec': 0.01634032279253006}
{'event': 'train_known_facts_ready', 'seed': 1, 'scope': 'train_val', 'edges': 9982, 'elapsed_sec': 0.017520349472761154}
{'event': 'train_sampler_ready', 'seed': 1, 'elapsed_sec': 0.021340157836675644}
{'event': 'val_sampler_ready', 'seed': 1, 'elapsed_sec': 0.024925556033849716}
{'event': 'epoch_start', 'epoch': 1, 'epochs': 1, 'batches': 118, 'time_groups': 118}
{'event': 'train_time_group', 'epoch': 1, 'time_group': 1, 'time_groups': 118, 'batch': 0, 'batches': 118, 'time_value': 600.0, 'group_batches': 1, 'history_edges': 0, 'elapsed_sec': 0.0052727945148944855, 'cuda_allocated_mb': 26, 'cuda_reserved_mb': 44, 'cuda_max_allocated_mb': 199}
{'event': 'train_progress', 'epoch': 1, 'batch': 1, 'batches': 118, 'time_group': 1, 'time_groups': 118, 'history_edges': 0, 'pos_edges': 1, 'neg_edges': 2, 'loss_recent': 0.7218735218048096, 'elapsed_sec': 0.13044733554124832, 'avg_sec_per_batch': 0.13044733554124832, 'cuda_allocated_mb': 44, 'cuda_reserved_mb': 90, 'cuda_max_allocated_mb': 199}
