runtime_device=cuda
cuda_device=Tesla V100-PCIE-32GB
/root/autodl-tmp/data/scripts/run_ssptgfm.py:91: DeprecationWarning: numpy.core.numeric is deprecated and has been renamed to numpy._core.numeric. The numpy._core namespace contains private NumPy internals and its use is discouraged, as NumPy internals can change without warning in any release. In practice, most real-world usage of numpy.core is to access functionality in the public NumPy API. If that is the case, use the public NumPy API. If not, you are using NumPy internals. If you would still like to access an internal attribute, use numpy._core.numeric._frombuffer.
  payload = pickle.load(f)
{'event': 'seed_start', 'dataset': 'tkgl-yago', 'ablation': 'full', 'seed': 5, 'device': 'cuda', 'node_text_device': 'cuda:0'}
{'event': 'train_seed_start', 'seed': 5, 'train_edges': 323080, 'val_edges': 39046, 'test_edges': 40052, 'num_nodes': 10585, 'num_relations': 20}
{'event': 'train_seed_tensors_ready', 'seed': 5, 'elapsed_sec': 0.006837945431470871, 'cuda_allocated_mb': 24, 'cuda_reserved_mb': 44, 'cuda_max_allocated_mb': 24}
{'event': 'train_known_facts_ready', 'seed': 5, 'scope': 'train', 'edges': 323080, 'elapsed_sec': 0.048589076846838}
{'event': 'train_known_facts_ready', 'seed': 5, 'scope': 'train_val', 'edges': 362126, 'elapsed_sec': 0.09081112965941429}
{'event': 'train_sampler_ready', 'seed': 5, 'elapsed_sec': 0.17671195417642593}
{'event': 'val_sampler_ready', 'seed': 5, 'elapsed_sec': 0.25451966002583504}
{'event': 'epoch_start', 'epoch': 1, 'epochs': 20, 'batches': 718, 'time_groups': 178}
{'event': 'train_time_group', 'epoch': 1, 'time_group': 1, 'time_groups': 178, 'batch': 0, 'batches': 718, 'time_value': 0.0, 'group_batches': 2, 'history_edges': 0, 'elapsed_sec': 0.03620315343141556, 'cuda_allocated_mb': 32, 'cuda_reserved_mb': 44, 'cuda_max_allocated_mb': 32}
{'event': 'train_progress', 'epoch': 1, 'batch': 1, 'batches': 718, 'time_group': 1, 'time_groups': 178, 'history_edges': 0, 'pos_edges': 512, 'neg_edges': 2048, 'loss_recent': 171.09095764160156, 'elapsed_sec': 1.977405071258545, 'avg_sec_per_batch': 1.977405071258545, 'cuda_allocated_mb': 157, 'cuda_reserved_mb': 972, 'cuda_max_allocated_mb': 947}
{'event': 'train_progress', 'epoch': 1, 'batch': 100, 'batches': 718, 'time_group': 69, 'time_groups': 178, 'history_edges': 33644, 'pos_edges': 86, 'neg_edges': 344, 'loss_recent': 73.61785884082317, 'elapsed_sec': 71.81532314419746, 'avg_sec_per_batch': 0.7181532314419746, 'cuda_allocated_mb': 158, 'cuda_reserved_mb': 1882, 'cuda_max_allocated_mb': 1788}
{'event': 'train_progress', 'epoch': 1, 'batch': 200, 'batches': 718, 'time_group': 106, 'time_groups': 178, 'history_edges': 74226, 'pos_edges': 106, 'neg_edges': 424, 'loss_recent': 93.74276056170464, 'elapsed_sec': 153.801319796592, 'avg_sec_per_batch': 0.76900659898296, 'cuda_allocated_mb': 207, 'cuda_reserved_mb': 2786, 'cuda_max_allocated_mb': 2705}
{'event': 'train_progress', 'epoch': 1, 'batch': 300, 'batches': 718, 'time_group': 128, 'time_groups': 178, 'history_edges': 120770, 'pos_edges': 512, 'neg_edges': 2048, 'loss_recent': 97.69542266190052, 'elapsed_sec': 241.80466309189796, 'avg_sec_per_batch': 0.8060155436396599, 'cuda_allocated_mb': 191, 'cuda_reserved_mb': 3802, 'cuda_max_allocated_mb': 3683}
{'event': 'train_progress', 'epoch': 1, 'batch': 400, 'batches': 718, 'time_group': 144, 'time_groups': 178, 'history_edges': 166402, 'pos_edges': 512, 'neg_edges': 2048, 'loss_recent': 95.2054603624344, 'elapsed_sec': 331.8528837375343, 'avg_sec_per_batch': 0.8296322093438357, 'cuda_allocated_mb': 236, 'cuda_reserved_mb': 4782, 'cuda_max_allocated_mb': 4699}
{'event': 'train_progress', 'epoch': 1, 'batch': 500, 'batches': 718, 'time_group': 158, 'time_groups': 178, 'history_edges': 213594, 'pos_edges': 512, 'neg_edges': 2048, 'loss_recent': 92.59600600242615, 'elapsed_sec': 425.20311779528856, 'avg_sec_per_batch': 0.8504062355905772, 'cuda_allocated_mb': 236, 'cuda_reserved_mb': 5782, 'cuda_max_allocated_mb': 5701}
{'event': 'train_progress', 'epoch': 1, 'batch': 600, 'batches': 718, 'time_group': 169, 'time_groups': 178, 'history_edges': 260784, 'pos_edges': 512, 'neg_edges': 2048, 'loss_recent': 97.80447528362274, 'elapsed_sec': 521.1862448863685, 'avg_sec_per_batch': 0.8686437414772809, 'cuda_allocated_mb': 238, 'cuda_reserved_mb': 6882, 'cuda_max_allocated_mb': 6707}
{'event': 'train_progress', 'epoch': 1, 'batch': 700, 'batches': 718, 'time_group': 177, 'time_groups': 178, 'history_edges': 308632, 'pos_edges': 512, 'neg_edges': 2048, 'loss_recent': 95.45454713344574, 'elapsed_sec': 621.5085918679833, 'avg_sec_per_batch': 0.8878694169542619, 'cuda_allocated_mb': 239, 'cuda_reserved_mb': 7822, 'cuda_max_allocated_mb': 7725}
{'event': 'train_time_group', 'epoch': 1, 'time_group': 178, 'time_groups': 178, 'batch': 703, 'batches': 718, 'time_value': 177.0, 'group_batches': 15, 'history_edges': 315692, 'elapsed_sec': 624.615715533495, 'cuda_allocated_mb': 106, 'cuda_reserved_mb': 7830, 'cuda_max_allocated_mb': 7726}
{'event': 'train_progress', 'epoch': 1, 'batch': 718, 'batches': 718, 'time_group': 178, 'time_groups': 178, 'history_edges': 315692, 'pos_edges': 220, 'neg_edges': 880, 'loss_recent': 95.01485462188721, 'elapsed_sec': 639.1780826151371, 'avg_sec_per_batch': 0.8902201707731715, 'cuda_allocated_mb': 241, 'cuda_reserved_mb': 7970, 'cuda_max_allocated_mb': 7876}
{'event': 'validation_start', 'epoch': 1}
{'event': 'validation_tgb_ranking_start', 'epoch': 1, 'max_edges': 128}
{'event': 'epoch_end', 'epoch': 1, 'early_stop_metric': 'val_tgb_mrr', 'val_score': 0.6568807510826802, 'val_auc': 0.9436279296875, 'val_ap': 0.8724660211568731, 'val_ndcg': 0.97224938058566, 'val_tgb_mrr': 0.6568807510826802, 'val_tgb_hits@10': 0.734375, 'elapsed_sec': 717.4911132864654}
{'event': 'epoch_start', 'epoch': 2, 'epochs': 20, 'batches': 718, 'time_groups': 178}
{'event': 'train_time_group', 'epoch': 2, 'time_group': 1, 'time_groups': 178, 'batch': 0, 'batches': 718, 'time_value': 0.0, 'group_batches': 2, 'history_edges': 0, 'elapsed_sec': 0.06137334927916527, 'cuda_allocated_mb': 105, 'cuda_reserved_mb': 7970, 'cuda_max_allocated_mb': 7876}
{'event': 'train_progress', 'epoch': 2, 'batch': 1, 'batches': 718, 'time_group': 1, 'time_groups': 178, 'history_edges': 0, 'pos_edges': 512, 'neg_edges': 2048, 'loss_recent': 194.89036560058594, 'elapsed_sec': 0.9116758480668068, 'avg_sec_per_batch': 0.9116758480668068, 'cuda_allocated_mb': 157, 'cuda_reserved_mb': 7970, 'cuda_max_allocated_mb': 7876}
{'event': 'train_progress', 'epoch': 2, 'batch': 100, 'batches': 718, 'time_group': 69, 'time_groups': 178, 'history_edges': 33644, 'pos_edges': 86, 'neg_edges': 344, 'loss_recent': 46.133988657407464, 'elapsed_sec': 71.21757702156901, 'avg_sec_per_batch': 0.7121757702156901, 'cuda_allocated_mb': 156, 'cuda_reserved_mb': 7970, 'cuda_max_allocated_mb': 7876}
{'event': 'train_progress', 'epoch': 2, 'batch': 200, 'batches': 718, 'time_group': 106, 'time_groups': 178, 'history_edges': 74226, 'pos_edges': 106, 'neg_edges': 424, 'loss_recent': 63.204645640999075, 'elapsed_sec': 152.7094824835658, 'avg_sec_per_batch': 0.7635474124178291, 'cuda_allocated_mb': 207, 'cuda_reserved_mb': 7970, 'cuda_max_allocated_mb': 7876}
{'event': 'train_progress', 'epoch': 2, 'batch': 300, 'batches': 718, 'time_group': 128, 'time_groups': 178, 'history_edges': 120770, 'pos_edges': 512, 'neg_edges': 2048, 'loss_recent': 74.10174592524767, 'elapsed_sec': 241.5048565901816, 'avg_sec_per_batch': 0.8050161886339386, 'cuda_allocated_mb': 189, 'cuda_reserved_mb': 7970, 'cuda_max_allocated_mb': 7876}
{'event': 'train_progress', 'epoch': 2, 'batch': 400, 'batches': 718, 'time_group': 144, 'time_groups': 178, 'history_edges': 166402, 'pos_edges': 512, 'neg_edges': 2048, 'loss_recent': 78.68199132919311, 'elapsed_sec': 331.72031961008906, 'avg_sec_per_batch': 0.8293007990252227, 'cuda_allocated_mb': 236, 'cuda_reserved_mb': 7970, 'cuda_max_allocated_mb': 7876}
{'event': 'train_progress', 'epoch': 2, 'batch': 500, 'batches': 718, 'time_group': 158, 'time_groups': 178, 'history_edges': 213594, 'pos_edges': 512, 'neg_edges': 2048, 'loss_recent': 79.93920935153962, 'elapsed_sec': 425.4407008886337, 'avg_sec_per_batch': 0.8508814017772675, 'cuda_allocated_mb': 236, 'cuda_reserved_mb': 7970, 'cuda_max_allocated_mb': 7876}
{'event': 'train_progress', 'epoch': 2, 'batch': 600, 'batches': 718, 'time_group': 169, 'time_groups': 178, 'history_edges': 260784, 'pos_edges': 512, 'neg_edges': 2048, 'loss_recent': 84.52094441890716, 'elapsed_sec': 521.6669564247131, 'avg_sec_per_batch': 0.8694449273745218, 'cuda_allocated_mb': 237, 'cuda_reserved_mb': 7970, 'cuda_max_allocated_mb': 7876}
{'event': 'train_progress', 'epoch': 2, 'batch': 700, 'batches': 718, 'time_group': 177, 'time_groups': 178, 'history_edges': 308632, 'pos_edges': 512, 'neg_edges': 2048, 'loss_recent': 86.24039249897004, 'elapsed_sec': 623.4036880731583, 'avg_sec_per_batch': 0.890576697247369, 'cuda_allocated_mb': 240, 'cuda_reserved_mb': 7970, 'cuda_max_allocated_mb': 7876}
{'event': 'train_time_group', 'epoch': 2, 'time_group': 178, 'time_groups': 178, 'batch': 703, 'batches': 718, 'time_value': 177.0, 'group_batches': 15, 'history_edges': 315692, 'elapsed_sec': 626.5341725498438, 'cuda_allocated_mb': 106, 'cuda_reserved_mb': 7970, 'cuda_max_allocated_mb': 7876}
{'event': 'train_progress', 'epoch': 2, 'batch': 718, 'batches': 718, 'time_group': 178, 'time_groups': 178, 'history_edges': 315692, 'pos_edges': 220, 'neg_edges': 880, 'loss_recent': 86.50288129806519, 'elapsed_sec': 641.3397334814072, 'avg_sec_per_batch': 0.893230826575776, 'cuda_allocated_mb': 241, 'cuda_reserved_mb': 7970, 'cuda_max_allocated_mb': 7876}
{'event': 'validation_start', 'epoch': 2}
{'event': 'validation_tgb_ranking_start', 'epoch': 2, 'max_edges': 128}
{'event': 'epoch_end', 'epoch': 2, 'early_stop_metric': 'val_tgb_mrr', 'val_score': 0.6754298442643979, 'val_auc': 0.95361328125, 'val_ap': 0.8785790657484568, 'val_ndcg': 0.9745844805097816, 'val_tgb_mrr': 0.6754298442643979, 'val_tgb_hits@10': 0.734375, 'elapsed_sec': 722.0238207727671}
{'event': 'epoch_start', 'epoch': 3, 'epochs': 20, 'batches': 718, 'time_groups': 178}
{'event': 'train_time_group', 'epoch': 3, 'time_group': 1, 'time_groups': 178, 'batch': 0, 'batches': 718, 'time_value': 0.0, 'group_batches': 2, 'history_edges': 0, 'elapsed_sec': 0.06225092336535454, 'cuda_allocated_mb': 105, 'cuda_reserved_mb': 7970, 'cuda_max_allocated_mb': 7876}
{'event': 'train_progress', 'epoch': 3, 'batch': 1, 'batches': 718, 'time_group': 1, 'time_groups': 178, 'history_edges': 0, 'pos_edges': 512, 'neg_edges': 2048, 'loss_recent': 251.34156799316406, 'elapsed_sec': 1.125925999134779, 'avg_sec_per_batch': 1.125925999134779, 'cuda_allocated_mb': 158, 'cuda_reserved_mb': 7970, 'cuda_max_allocated_mb': 7876}
{'event': 'train_progress', 'epoch': 3, 'batch': 100, 'batches': 718, 'time_group': 69, 'time_groups': 178, 'history_edges': 33644, 'pos_edges': 86, 'neg_edges': 344, 'loss_recent': 42.97295102290809, 'elapsed_sec': 71.36248319596052, 'avg_sec_per_batch': 0.7136248319596052, 'cuda_allocated_mb': 157, 'cuda_reserved_mb': 7970, 'cuda_max_allocated_mb': 7876}
{'event': 'train_progress', 'epoch': 3, 'batch': 200, 'batches': 718, 'time_group': 106, 'time_groups': 178, 'history_edges': 74226, 'pos_edges': 106, 'neg_edges': 424, 'loss_recent': 58.138595507107674, 'elapsed_sec': 153.8882900364697, 'avg_sec_per_batch': 0.7694414501823484, 'cuda_allocated_mb': 206, 'cuda_reserved_mb': 7970, 'cuda_max_allocated_mb': 7876}
{'event': 'train_progress', 'epoch': 3, 'batch': 300, 'batches': 718, 'time_group': 128, 'time_groups': 178, 'history_edges': 120770, 'pos_edges': 512, 'neg_edges': 2048, 'loss_recent': 69.73147322058678, 'elapsed_sec': 242.5089049860835, 'avg_sec_per_batch': 0.8083630166202783, 'cuda_allocated_mb': 189, 'cuda_reserved_mb': 7970, 'cuda_max_allocated_mb': 7876}
{'event': 'train_progress', 'epoch': 3, 'batch': 400, 'batches': 718, 'time_group': 144, 'time_groups': 178, 'history_edges': 166402, 'pos_edges': 512, 'neg_edges': 2048, 'loss_recent': 75.25516448140144, 'elapsed_sec': 333.3797945789993, 'avg_sec_per_batch': 0.8334494864474982, 'cuda_allocated_mb': 236, 'cuda_reserved_mb': 7970, 'cuda_max_allocated_mb': 7876}
{'event': 'train_progress', 'epoch': 3, 'batch': 500, 'batches': 718, 'time_group': 158, 'time_groups': 178, 'history_edges': 213594, 'pos_edges': 512, 'neg_edges': 2048, 'loss_recent': 76.76245923519134, 'elapsed_sec': 427.61611073464155, 'avg_sec_per_batch': 0.8552322214692831, 'cuda_allocated_mb': 236, 'cuda_reserved_mb': 7970, 'cuda_max_allocated_mb': 7876}
{'event': 'train_progress', 'epoch': 3, 'batch': 600, 'batches': 718, 'time_group': 169, 'time_groups': 178, 'history_edges': 260784, 'pos_edges': 512, 'neg_edges': 2048, 'loss_recent': 81.50792820453644, 'elapsed_sec': 524.7677420526743, 'avg_sec_per_batch': 0.8746129034211239, 'cuda_allocated_mb': 237, 'cuda_reserved_mb': 7970, 'cuda_max_allocated_mb': 7876}
{'event': 'train_progress', 'epoch': 3, 'batch': 700, 'batches': 718, 'time_group': 177, 'time_groups': 178, 'history_edges': 308632, 'pos_edges': 512, 'neg_edges': 2048, 'loss_recent': 83.89850897312164, 'elapsed_sec': 624.1695232354105, 'avg_sec_per_batch': 0.8916707474791578, 'cuda_allocated_mb': 239, 'cuda_reserved_mb': 7970, 'cuda_max_allocated_mb': 7876}
{'event': 'train_time_group', 'epoch': 3, 'time_group': 178, 'time_groups': 178, 'batch': 703, 'batches': 718, 'time_value': 177.0, 'group_batches': 15, 'history_edges': 315692, 'elapsed_sec': 627.3806219995022, 'cuda_allocated_mb': 106, 'cuda_reserved_mb': 7970, 'cuda_max_allocated_mb': 7876}
{'event': 'train_progress', 'epoch': 3, 'batch': 718, 'batches': 718, 'time_group': 178, 'time_groups': 178, 'history_edges': 315692, 'pos_edges': 220, 'neg_edges': 880, 'loss_recent': 84.12305879592896, 'elapsed_sec': 642.087027285248, 'avg_sec_per_batch': 0.8942716257454708, 'cuda_allocated_mb': 241, 'cuda_reserved_mb': 7970, 'cuda_max_allocated_mb': 7876}
{'event': 'validation_start', 'epoch': 3}
{'event': 'validation_tgb_ranking_start', 'epoch': 3, 'max_edges': 128}
{'event': 'epoch_end', 'epoch': 3, 'early_stop_metric': 'val_tgb_mrr', 'val_score': 0.7013417375231636, 'val_auc': 0.9539001464843749, 'val_ap': 0.8704728586210234, 'val_ndcg': 0.9729446608680569, 'val_tgb_mrr': 0.7013417375231636, 'val_tgb_hits@10': 0.7421875, 'elapsed_sec': 723.5692728385329}
{'event': 'epoch_start', 'epoch': 4, 'epochs': 20, 'batches': 718, 'time_groups': 178}
{'event': 'train_time_group', 'epoch': 4, 'time_group': 1, 'time_groups': 178, 'batch': 0, 'batches': 718, 'time_value': 0.0, 'group_batches': 2, 'history_edges': 0, 'elapsed_sec': 0.06105097755789757, 'cuda_allocated_mb': 105, 'cuda_reserved_mb': 7970, 'cuda_max_allocated_mb': 7876}
{'event': 'train_progress', 'epoch': 4, 'batch': 1, 'batches': 718, 'time_group': 1, 'time_groups': 178, 'history_edges': 0, 'pos_edges': 512, 'neg_edges': 2048, 'loss_recent': 313.8224182128906, 'elapsed_sec': 0.9085509330034256, 'avg_sec_per_batch': 0.9085509330034256, 'cuda_allocated_mb': 157, 'cuda_reserved_mb': 7970, 'cuda_max_allocated_mb': 7876}
{'event': 'train_progress', 'epoch': 4, 'batch': 100, 'batches': 718, 'time_group': 69, 'time_groups': 178, 'history_edges': 33644, 'pos_edges': 86, 'neg_edges': 344, 'loss_recent': 42.53341115733608, 'elapsed_sec': 70.24864840880036, 'avg_sec_per_batch': 0.7024864840880036, 'cuda_allocated_mb': 156, 'cuda_reserved_mb': 7970, 'cuda_max_allocated_mb': 7876}
{'event': 'train_progress', 'epoch': 4, 'batch': 200, 'batches': 718, 'time_group': 106, 'time_groups': 178, 'history_edges': 74226, 'pos_edges': 106, 'neg_edges': 424, 'loss_recent': 55.86752608889714, 'elapsed_sec': 153.3756164908409, 'avg_sec_per_batch': 0.7668780824542045, 'cuda_allocated_mb': 206, 'cuda_reserved_mb': 7970, 'cuda_max_allocated_mb': 7876}
{'event': 'train_progress', 'epoch': 4, 'batch': 300, 'batches': 718, 'time_group': 128, 'time_groups': 178, 'history_edges': 120770, 'pos_edges': 512, 'neg_edges': 2048, 'loss_recent': 68.08683291643858, 'elapsed_sec': 241.18633025884628, 'avg_sec_per_batch': 0.8039544341961543, 'cuda_allocated_mb': 188, 'cuda_reserved_mb': 7970, 'cuda_max_allocated_mb': 7876}
{'event': 'train_progress', 'epoch': 4, 'batch': 400, 'batches': 718, 'time_group': 144, 'time_groups': 178, 'history_edges': 166402, 'pos_edges': 512, 'neg_edges': 2048, 'loss_recent': 73.70960102558136, 'elapsed_sec': 332.9375654272735, 'avg_sec_per_batch': 0.8323439135681838, 'cuda_allocated_mb': 236, 'cuda_reserved_mb': 7970, 'cuda_max_allocated_mb': 7876}
{'event': 'train_progress', 'epoch': 4, 'batch': 500, 'batches': 718, 'time_group': 158, 'time_groups': 178, 'history_edges': 213594, 'pos_edges': 512, 'neg_edges': 2048, 'loss_recent': 75.1066476392746, 'elapsed_sec': 425.80368162691593, 'avg_sec_per_batch': 0.8516073632538319, 'cuda_allocated_mb': 236, 'cuda_reserved_mb': 7970, 'cuda_max_allocated_mb': 7876}
{'event': 'train_progress', 'epoch': 4, 'batch': 600, 'batches': 718, 'time_group': 169, 'time_groups': 178, 'history_edges': 260784, 'pos_edges': 512, 'neg_edges': 2048, 'loss_recent': 79.9649083852768, 'elapsed_sec': 522.8030666895211, 'avg_sec_per_batch': 0.8713384444825352, 'cuda_allocated_mb': 238, 'cuda_reserved_mb': 7970, 'cuda_max_allocated_mb': 7876}
{'event': 'train_progress', 'epoch': 4, 'batch': 700, 'batches': 718, 'time_group': 177, 'time_groups': 178, 'history_edges': 308632, 'pos_edges': 512, 'neg_edges': 2048, 'loss_recent': 82.46161240100861, 'elapsed_sec': 621.6918296925724, 'avg_sec_per_batch': 0.8881311852751034, 'cuda_allocated_mb': 239, 'cuda_reserved_mb': 7970, 'cuda_max_allocated_mb': 7876}
{'event': 'train_time_group', 'epoch': 4, 'time_group': 178, 'time_groups': 178, 'batch': 703, 'batches': 718, 'time_value': 177.0, 'group_batches': 15, 'history_edges': 315692, 'elapsed_sec': 624.91315196082, 'cuda_allocated_mb': 106, 'cuda_reserved_mb': 7970, 'cuda_max_allocated_mb': 7876}
{'event': 'train_progress', 'epoch': 4, 'batch': 718, 'batches': 718, 'time_group': 178, 'time_groups': 178, 'history_edges': 315692, 'pos_edges': 220, 'neg_edges': 880, 'loss_recent': 82.76714782714843, 'elapsed_sec': 639.8761009797454, 'avg_sec_per_batch': 0.891192341197417, 'cuda_allocated_mb': 241, 'cuda_reserved_mb': 7970, 'cuda_max_allocated_mb': 7876}
{'event': 'validation_start', 'epoch': 4}
{'event': 'validation_tgb_ranking_start', 'epoch': 4, 'max_edges': 128}
{'event': 'epoch_end', 'epoch': 4, 'early_stop_metric': 'val_tgb_mrr', 'val_score': 0.696029816522957, 'val_auc': 0.9560974121093749, 'val_ap': 0.874074672101397, 'val_ndcg': 0.9738780021764144, 'val_tgb_mrr': 0.696029816522957, 'val_tgb_hits@10': 0.7421875, 'elapsed_sec': 719.8133608996868}
{'event': 'epoch_start', 'epoch': 5, 'epochs': 20, 'batches': 718, 'time_groups': 178}
{'event': 'train_time_group', 'epoch': 5, 'time_group': 1, 'time_groups': 178, 'batch': 0, 'batches': 718, 'time_value': 0.0, 'group_batches': 2, 'history_edges': 0, 'elapsed_sec': 0.061390165239572525, 'cuda_allocated_mb': 105, 'cuda_reserved_mb': 7970, 'cuda_max_allocated_mb': 7876}
{'event': 'train_progress', 'epoch': 5, 'batch': 1, 'batches': 718, 'time_group': 1, 'time_groups': 178, 'history_edges': 0, 'pos_edges': 512, 'neg_edges': 2048, 'loss_recent': 381.46954345703125, 'elapsed_sec': 0.9004160724580288, 'avg_sec_per_batch': 0.9004160724580288, 'cuda_allocated_mb': 158, 'cuda_reserved_mb': 7970, 'cuda_max_allocated_mb': 7876}
{'event': 'train_progress', 'epoch': 5, 'batch': 100, 'batches': 718, 'time_group': 69, 'time_groups': 178, 'history_edges': 33644, 'pos_edges': 86, 'neg_edges': 344, 'loss_recent': 42.78142134618014, 'elapsed_sec': 70.71915681287646, 'avg_sec_per_batch': 0.7071915681287646, 'cuda_allocated_mb': 157, 'cuda_reserved_mb': 7970, 'cuda_max_allocated_mb': 7876}
{'event': 'train_progress', 'epoch': 5, 'batch': 200, 'batches': 718, 'time_group': 106, 'time_groups': 178, 'history_edges': 74226, 'pos_edges': 106, 'neg_edges': 424, 'loss_recent': 54.89179569125176, 'elapsed_sec': 154.32227105647326, 'avg_sec_per_batch': 0.7716113552823662, 'cuda_allocated_mb': 206, 'cuda_reserved_mb': 7970, 'cuda_max_allocated_mb': 7876}
{'event': 'train_progress', 'epoch': 5, 'batch': 300, 'batches': 718, 'time_group': 128, 'time_groups': 178, 'history_edges': 120770, 'pos_edges': 512, 'neg_edges': 2048, 'loss_recent': 66.91006486952305, 'elapsed_sec': 241.84984674304724, 'avg_sec_per_batch': 0.8061661558101575, 'cuda_allocated_mb': 188, 'cuda_reserved_mb': 7970, 'cuda_max_allocated_mb': 7876}
{'event': 'train_progress', 'epoch': 5, 'batch': 400, 'batches': 718, 'time_group': 144, 'time_groups': 178, 'history_edges': 166402, 'pos_edges': 512, 'neg_edges': 2048, 'loss_recent': 72.63067750215531, 'elapsed_sec': 333.6769213192165, 'avg_sec_per_batch': 0.8341923032980412, 'cuda_allocated_mb': 236, 'cuda_reserved_mb': 7970, 'cuda_max_allocated_mb': 7876}
{'event': 'train_progress', 'epoch': 5, 'batch': 500, 'batches': 718, 'time_group': 158, 'time_groups': 178, 'history_edges': 213594, 'pos_edges': 512, 'neg_edges': 2048, 'loss_recent': 74.17183334827423, 'elapsed_sec': 427.08692675083876, 'avg_sec_per_batch': 0.8541738535016775, 'cuda_allocated_mb': 236, 'cuda_reserved_mb': 7970, 'cuda_max_allocated_mb': 7876}
{'event': 'train_progress', 'epoch': 5, 'batch': 600, 'batches': 718, 'time_group': 169, 'time_groups': 178, 'history_edges': 260784, 'pos_edges': 512, 'neg_edges': 2048, 'loss_recent': 79.08705059528351, 'elapsed_sec': 523.6422994956374, 'avg_sec_per_batch': 0.8727371658260623, 'cuda_allocated_mb': 238, 'cuda_reserved_mb': 7970, 'cuda_max_allocated_mb': 7876}
{'event': 'train_progress', 'epoch': 5, 'batch': 700, 'batches': 718, 'time_group': 177, 'time_groups': 178, 'history_edges': 308632, 'pos_edges': 512, 'neg_edges': 2048, 'loss_recent': 81.59168976545334, 'elapsed_sec': 622.7362580485642, 'avg_sec_per_batch': 0.8896232257836632, 'cuda_allocated_mb': 240, 'cuda_reserved_mb': 7970, 'cuda_max_allocated_mb': 7876}
{'event': 'train_time_group', 'epoch': 5, 'time_group': 178, 'time_groups': 178, 'batch': 703, 'batches': 718, 'time_value': 177.0, 'group_batches': 15, 'history_edges': 315692, 'elapsed_sec': 625.9394883289933, 'cuda_allocated_mb': 106, 'cuda_reserved_mb': 7970, 'cuda_max_allocated_mb': 7876}
{'event': 'train_progress', 'epoch': 5, 'batch': 718, 'batches': 718, 'time_group': 178, 'time_groups': 178, 'history_edges': 315692, 'pos_edges': 220, 'neg_edges': 880, 'loss_recent': 81.92636730194091, 'elapsed_sec': 640.9229780882597, 'avg_sec_per_batch': 0.8926503873095539, 'cuda_allocated_mb': 241, 'cuda_reserved_mb': 7970, 'cuda_max_allocated_mb': 7876}
{'event': 'validation_start', 'epoch': 5}
{'event': 'validation_tgb_ranking_start', 'epoch': 5, 'max_edges': 128}
{'event': 'epoch_end', 'epoch': 5, 'early_stop_metric': 'val_tgb_mrr', 'val_score': 0.7043137751154455, 'val_auc': 0.9590393066406249, 'val_ap': 0.8774385037224164, 'val_ndcg': 0.9747581921417255, 'val_tgb_mrr': 0.7043137751154455, 'val_tgb_hits@10': 0.75, 'elapsed_sec': 720.2168678194284}
{'event': 'epoch_start', 'epoch': 6, 'epochs': 20, 'batches': 718, 'time_groups': 178}
{'event': 'train_time_group', 'epoch': 6, 'time_group': 1, 'time_groups': 178, 'batch': 0, 'batches': 718, 'time_value': 0.0, 'group_batches': 2, 'history_edges': 0, 'elapsed_sec': 0.05988980457186699, 'cuda_allocated_mb': 105, 'cuda_reserved_mb': 7970, 'cuda_max_allocated_mb': 7876}
{'event': 'train_progress', 'epoch': 6, 'batch': 1, 'batches': 718, 'time_group': 1, 'time_groups': 178, 'history_edges': 0, 'pos_edges': 512, 'neg_edges': 2048, 'loss_recent': 455.3912048339844, 'elapsed_sec': 0.8803928084671497, 'avg_sec_per_batch': 0.8803928084671497, 'cuda_allocated_mb': 155, 'cuda_reserved_mb': 7970, 'cuda_max_allocated_mb': 7876}
{'event': 'train_progress', 'epoch': 6, 'batch': 100, 'batches': 718, 'time_group': 69, 'time_groups': 178, 'history_edges': 33644, 'pos_edges': 86, 'neg_edges': 344, 'loss_recent': 43.82684004638344, 'elapsed_sec': 71.06704638898373, 'avg_sec_per_batch': 0.7106704638898372, 'cuda_allocated_mb': 156, 'cuda_reserved_mb': 7970, 'cuda_max_allocated_mb': 7876}
{'event': 'train_progress', 'epoch': 6, 'batch': 200, 'batches': 718, 'time_group': 106, 'time_groups': 178, 'history_edges': 74226, 'pos_edges': 106, 'neg_edges': 424, 'loss_recent': 54.39663114307448, 'elapsed_sec': 154.11715606972575, 'avg_sec_per_batch': 0.7705857803486288, 'cuda_allocated_mb': 208, 'cuda_reserved_mb': 7970, 'cuda_max_allocated_mb': 7876}
{'event': 'train_progress', 'epoch': 6, 'batch': 300, 'batches': 718, 'time_group': 128, 'time_groups': 178, 'history_edges': 120770, 'pos_edges': 512, 'neg_edges': 2048, 'loss_recent': 66.24974812209607, 'elapsed_sec': 242.0022433437407, 'avg_sec_per_batch': 0.8066741444791357, 'cuda_allocated_mb': 188, 'cuda_reserved_mb': 7970, 'cuda_max_allocated_mb': 7876}
{'event': 'train_progress', 'epoch': 6, 'batch': 400, 'batches': 718, 'time_group': 144, 'time_groups': 178, 'history_edges': 166402, 'pos_edges': 512, 'neg_edges': 2048, 'loss_recent': 72.01456964731216, 'elapsed_sec': 333.1336856633425, 'avg_sec_per_batch': 0.8328342141583562, 'cuda_allocated_mb': 236, 'cuda_reserved_mb': 7970, 'cuda_max_allocated_mb': 7876}
{'event': 'train_progress', 'epoch': 6, 'batch': 500, 'batches': 718, 'time_group': 158, 'time_groups': 178, 'history_edges': 213594, 'pos_edges': 512, 'neg_edges': 2048, 'loss_recent': 73.49772237300873, 'elapsed_sec': 426.3478512503207, 'avg_sec_per_batch': 0.8526957025006413, 'cuda_allocated_mb': 236, 'cuda_reserved_mb': 7970, 'cuda_max_allocated_mb': 7876}
{'event': 'train_progress', 'epoch': 6, 'batch': 600, 'batches': 718, 'time_group': 169, 'time_groups': 178, 'history_edges': 260784, 'pos_edges': 512, 'neg_edges': 2048, 'loss_recent': 78.35887457370758, 'elapsed_sec': 522.8136315122247, 'avg_sec_per_batch': 0.8713560525203744, 'cuda_allocated_mb': 238, 'cuda_reserved_mb': 7970, 'cuda_max_allocated_mb': 7876}
{'event': 'train_progress', 'epoch': 6, 'batch': 700, 'batches': 718, 'time_group': 177, 'time_groups': 178, 'history_edges': 308632, 'pos_edges': 512, 'neg_edges': 2048, 'loss_recent': 81.28208159923554, 'elapsed_sec': 622.6372769698501, 'avg_sec_per_batch': 0.889481824242643, 'cuda_allocated_mb': 239, 'cuda_reserved_mb': 7970, 'cuda_max_allocated_mb': 7876}
{'event': 'train_time_group', 'epoch': 6, 'time_group': 178, 'time_groups': 178, 'batch': 703, 'batches': 718, 'time_value': 177.0, 'group_batches': 15, 'history_edges': 315692, 'elapsed_sec': 625.7966027222574, 'cuda_allocated_mb': 106, 'cuda_reserved_mb': 7970, 'cuda_max_allocated_mb': 7876}
{'event': 'train_progress', 'epoch': 6, 'batch': 718, 'batches': 718, 'time_group': 178, 'time_groups': 178, 'history_edges': 315692, 'pos_edges': 220, 'neg_edges': 880, 'loss_recent': 81.53981887817383, 'elapsed_sec': 640.5281179659069, 'avg_sec_per_batch': 0.8921004428494524, 'cuda_allocated_mb': 241, 'cuda_reserved_mb': 7970, 'cuda_max_allocated_mb': 7876}
{'event': 'validation_start', 'epoch': 6}
{'event': 'validation_tgb_ranking_start', 'epoch': 6, 'max_edges': 128}
{'event': 'epoch_end', 'epoch': 6, 'early_stop_metric': 'val_tgb_mrr', 'val_score': 0.7044203715638482, 'val_auc': 0.9544921875, 'val_ap': 0.8736376186632495, 'val_ndcg': 0.9735984398240828, 'val_tgb_mrr': 0.7044203715638482, 'val_tgb_hits@10': 0.7421875, 'elapsed_sec': 718.0818615742028}
{'event': 'epoch_start', 'epoch': 7, 'epochs': 20, 'batches': 718, 'time_groups': 178}
{'event': 'train_time_group', 'epoch': 7, 'time_group': 1, 'time_groups': 178, 'batch': 0, 'batches': 718, 'time_value': 0.0, 'group_batches': 2, 'history_edges': 0, 'elapsed_sec': 0.06454351916909218, 'cuda_allocated_mb': 105, 'cuda_reserved_mb': 7970, 'cuda_max_allocated_mb': 7876}
{'event': 'train_progress', 'epoch': 7, 'batch': 1, 'batches': 718, 'time_group': 1, 'time_groups': 178, 'history_edges': 0, 'pos_edges': 512, 'neg_edges': 2048, 'loss_recent': 550.0596313476562, 'elapsed_sec': 0.9167918302118778, 'avg_sec_per_batch': 0.9167918302118778, 'cuda_allocated_mb': 157, 'cuda_reserved_mb': 7970, 'cuda_max_allocated_mb': 7876}
{'event': 'train_progress', 'epoch': 7, 'batch': 100, 'batches': 718, 'time_group': 69, 'time_groups': 178, 'history_edges': 33644, 'pos_edges': 86, 'neg_edges': 344, 'loss_recent': 45.26152071718126, 'elapsed_sec': 71.3955508954823, 'avg_sec_per_batch': 0.7139555089548231, 'cuda_allocated_mb': 156, 'cuda_reserved_mb': 7970, 'cuda_max_allocated_mb': 7876}
{'event': 'train_progress', 'epoch': 7, 'batch': 200, 'batches': 718, 'time_group': 106, 'time_groups': 178, 'history_edges': 74226, 'pos_edges': 106, 'neg_edges': 424, 'loss_recent': 54.081159521210935, 'elapsed_sec': 154.1085827499628, 'avg_sec_per_batch': 0.770542913749814, 'cuda_allocated_mb': 207, 'cuda_reserved_mb': 7970, 'cuda_max_allocated_mb': 7876}
{'event': 'train_progress', 'epoch': 7, 'batch': 300, 'batches': 718, 'time_group': 128, 'time_groups': 178, 'history_edges': 120770, 'pos_edges': 512, 'neg_edges': 2048, 'loss_recent': 66.12618506789208, 'elapsed_sec': 242.19227950274944, 'avg_sec_per_batch': 0.8073075983424981, 'cuda_allocated_mb': 189, 'cuda_reserved_mb': 7970, 'cuda_max_allocated_mb': 7876}
{'event': 'train_progress', 'epoch': 7, 'batch': 400, 'batches': 718, 'time_group': 144, 'time_groups': 178, 'history_edges': 166402, 'pos_edges': 512, 'neg_edges': 2048, 'loss_recent': 71.73000035881996, 'elapsed_sec': 332.6914058625698, 'avg_sec_per_batch': 0.8317285146564245, 'cuda_allocated_mb': 236, 'cuda_reserved_mb': 7970, 'cuda_max_allocated_mb': 7876}
{'event': 'train_progress', 'epoch': 7, 'batch': 500, 'batches': 718, 'time_group': 158, 'time_groups': 178, 'history_edges': 213594, 'pos_edges': 512, 'neg_edges': 2048, 'loss_recent': 73.10099288463593, 'elapsed_sec': 426.2900807932019, 'avg_sec_per_batch': 0.8525801615864038, 'cuda_allocated_mb': 236, 'cuda_reserved_mb': 7970, 'cuda_max_allocated_mb': 7876}
{'event': 'train_progress', 'epoch': 7, 'batch': 600, 'batches': 718, 'time_group': 169, 'time_groups': 178, 'history_edges': 260784, 'pos_edges': 512, 'neg_edges': 2048, 'loss_recent': 78.19799851417541, 'elapsed_sec': 521.3837920874357, 'avg_sec_per_batch': 0.8689729868123929, 'cuda_allocated_mb': 238, 'cuda_reserved_mb': 7970, 'cuda_max_allocated_mb': 7876}
{'event': 'train_progress', 'epoch': 7, 'batch': 700, 'batches': 718, 'time_group': 177, 'time_groups': 178, 'history_edges': 308632, 'pos_edges': 512, 'neg_edges': 2048, 'loss_recent': 81.28361304759979, 'elapsed_sec': 620.9471210613847, 'avg_sec_per_batch': 0.8870673158019781, 'cuda_allocated_mb': 239, 'cuda_reserved_mb': 7970, 'cuda_max_allocated_mb': 7876}
{'event': 'train_time_group', 'epoch': 7, 'time_group': 178, 'time_groups': 178, 'batch': 703, 'batches': 718, 'time_value': 177.0, 'group_batches': 15, 'history_edges': 315692, 'elapsed_sec': 624.0455269254744, 'cuda_allocated_mb': 106, 'cuda_reserved_mb': 7970, 'cuda_max_allocated_mb': 7876}
{'event': 'train_progress', 'epoch': 7, 'batch': 718, 'batches': 718, 'time_group': 178, 'time_groups': 178, 'history_edges': 315692, 'pos_edges': 220, 'neg_edges': 880, 'loss_recent': 81.58756298065185, 'elapsed_sec': 638.6371464282274, 'avg_sec_per_batch': 0.8894667777551915, 'cuda_allocated_mb': 241, 'cuda_reserved_mb': 7970, 'cuda_max_allocated_mb': 7876}
{'event': 'validation_start', 'epoch': 7}
{'event': 'validation_tgb_ranking_start', 'epoch': 7, 'max_edges': 128}
{'event': 'epoch_end', 'epoch': 7, 'early_stop_metric': 'val_tgb_mrr', 'val_score': 0.7006017388030771, 'val_auc': 0.955224609375, 'val_ap': 0.8742979632538911, 'val_ndcg': 0.9738353025696979, 'val_tgb_mrr': 0.7006017388030771, 'val_tgb_hits@10': 0.7421875, 'elapsed_sec': 716.4264927171171}
{'event': 'epoch_start', 'epoch': 8, 'epochs': 20, 'batches': 718, 'time_groups': 178}
{'event': 'train_time_group', 'epoch': 8, 'time_group': 1, 'time_groups': 178, 'batch': 0, 'batches': 718, 'time_value': 0.0, 'group_batches': 2, 'history_edges': 0, 'elapsed_sec': 0.06351140514016151, 'cuda_allocated_mb': 105, 'cuda_reserved_mb': 7970, 'cuda_max_allocated_mb': 7876}
{'event': 'train_progress', 'epoch': 8, 'batch': 1, 'batches': 718, 'time_group': 1, 'time_groups': 178, 'history_edges': 0, 'pos_edges': 512, 'neg_edges': 2048, 'loss_recent': 648.8690185546875, 'elapsed_sec': 1.0944063290953636, 'avg_sec_per_batch': 1.0944063290953636, 'cuda_allocated_mb': 157, 'cuda_reserved_mb': 7970, 'cuda_max_allocated_mb': 7876}
{'event': 'train_progress', 'epoch': 8, 'batch': 100, 'batches': 718, 'time_group': 69, 'time_groups': 178, 'history_edges': 33644, 'pos_edges': 86, 'neg_edges': 344, 'loss_recent': 46.78364254467189, 'elapsed_sec': 71.44505631178617, 'avg_sec_per_batch': 0.7144505631178617, 'cuda_allocated_mb': 157, 'cuda_reserved_mb': 7970, 'cuda_max_allocated_mb': 7876}
{'event': 'train_progress', 'epoch': 8, 'batch': 200, 'batches': 718, 'time_group': 106, 'time_groups': 178, 'history_edges': 74226, 'pos_edges': 106, 'neg_edges': 424, 'loss_recent': 53.890051279962066, 'elapsed_sec': 153.31580840051174, 'avg_sec_per_batch': 0.7665790420025587, 'cuda_allocated_mb': 207, 'cuda_reserved_mb': 7970, 'cuda_max_allocated_mb': 7876}
{'event': 'train_progress', 'epoch': 8, 'batch': 300, 'batches': 718, 'time_group': 128, 'time_groups': 178, 'history_edges': 120770, 'pos_edges': 512, 'neg_edges': 2048, 'loss_recent': 65.90556349933148, 'elapsed_sec': 242.36864641308784, 'avg_sec_per_batch': 0.8078954880436261, 'cuda_allocated_mb': 189, 'cuda_reserved_mb': 7970, 'cuda_max_allocated_mb': 7876}
{'event': 'train_progress', 'epoch': 8, 'batch': 400, 'batches': 718, 'time_group': 144, 'time_groups': 178, 'history_edges': 166402, 'pos_edges': 512, 'neg_edges': 2048, 'loss_recent': 71.41767618894578, 'elapsed_sec': 332.7257066592574, 'avg_sec_per_batch': 0.8318142666481435, 'cuda_allocated_mb': 236, 'cuda_reserved_mb': 7970, 'cuda_max_allocated_mb': 7876}
{'event': 'train_progress', 'epoch': 8, 'batch': 500, 'batches': 718, 'time_group': 158, 'time_groups': 178, 'history_edges': 213594, 'pos_edges': 512, 'neg_edges': 2048, 'loss_recent': 72.83829308509827, 'elapsed_sec': 427.0128991641104, 'avg_sec_per_batch': 0.8540257983282209, 'cuda_allocated_mb': 236, 'cuda_reserved_mb': 7970, 'cuda_max_allocated_mb': 7876}
{'event': 'train_progress', 'epoch': 8, 'batch': 600, 'batches': 718, 'time_group': 169, 'time_groups': 178, 'history_edges': 260784, 'pos_edges': 512, 'neg_edges': 2048, 'loss_recent': 78.14771849632263, 'elapsed_sec': 524.1907436661422, 'avg_sec_per_batch': 0.8736512394435704, 'cuda_allocated_mb': 238, 'cuda_reserved_mb': 7970, 'cuda_max_allocated_mb': 7876}
{'event': 'train_progress', 'epoch': 8, 'batch': 700, 'batches': 718, 'time_group': 177, 'time_groups': 178, 'history_edges': 308632, 'pos_edges': 512, 'neg_edges': 2048, 'loss_recent': 80.98311103343964, 'elapsed_sec': 623.1669950895011, 'avg_sec_per_batch': 0.8902385644135731, 'cuda_allocated_mb': 239, 'cuda_reserved_mb': 7970, 'cuda_max_allocated_mb': 7876}
{'event': 'train_time_group', 'epoch': 8, 'time_group': 178, 'time_groups': 178, 'batch': 703, 'batches': 718, 'time_value': 177.0, 'group_batches': 15, 'history_edges': 315692, 'elapsed_sec': 626.3381143249571, 'cuda_allocated_mb': 106, 'cuda_reserved_mb': 7970, 'cuda_max_allocated_mb': 7876}
{'event': 'train_progress', 'epoch': 8, 'batch': 718, 'batches': 718, 'time_group': 178, 'time_groups': 178, 'history_edges': 315692, 'pos_edges': 220, 'neg_edges': 880, 'loss_recent': 81.37483558654785, 'elapsed_sec': 641.0258595198393, 'avg_sec_per_batch': 0.8927936762114753, 'cuda_allocated_mb': 241, 'cuda_reserved_mb': 7970, 'cuda_max_allocated_mb': 7876}
{'event': 'validation_start', 'epoch': 8}
{'event': 'validation_tgb_ranking_start', 'epoch': 8, 'max_edges': 128}
{'event': 'epoch_end', 'epoch': 8, 'early_stop_metric': 'val_tgb_mrr', 'val_score': 0.7053822813842707, 'val_auc': 0.9576293945312501, 'val_ap': 0.8770482037753392, 'val_ndcg': 0.974562544322852, 'val_tgb_mrr': 0.7053822813842707, 'val_tgb_hits@10': 0.7421875, 'elapsed_sec': 720.806354533881}
{'event': 'epoch_start', 'epoch': 9, 'epochs': 20, 'batches': 718, 'time_groups': 178}
{'event': 'train_time_group', 'epoch': 9, 'time_group': 1, 'time_groups': 178, 'batch': 0, 'batches': 718, 'time_value': 0.0, 'group_batches': 2, 'history_edges': 0, 'elapsed_sec': 0.06410494074225426, 'cuda_allocated_mb': 105, 'cuda_reserved_mb': 7970, 'cuda_max_allocated_mb': 7876}
{'event': 'train_progress', 'epoch': 9, 'batch': 1, 'batches': 718, 'time_group': 1, 'time_groups': 178, 'history_edges': 0, 'pos_edges': 512, 'neg_edges': 2048, 'loss_recent': 735.5242919921875, 'elapsed_sec': 0.9118388406932354, 'avg_sec_per_batch': 0.9118388406932354, 'cuda_allocated_mb': 158, 'cuda_reserved_mb': 7970, 'cuda_max_allocated_mb': 7876}
{'event': 'train_progress', 'epoch': 9, 'batch': 100, 'batches': 718, 'time_group': 69, 'time_groups': 178, 'history_edges': 33644, 'pos_edges': 86, 'neg_edges': 344, 'loss_recent': 48.36497857823968, 'elapsed_sec': 70.50682498887181, 'avg_sec_per_batch': 0.7050682498887181, 'cuda_allocated_mb': 158, 'cuda_reserved_mb': 7970, 'cuda_max_allocated_mb': 7876}
{'event': 'train_progress', 'epoch': 9, 'batch': 200, 'batches': 718, 'time_group': 106, 'time_groups': 178, 'history_edges': 74226, 'pos_edges': 106, 'neg_edges': 424, 'loss_recent': 53.68597661860287, 'elapsed_sec': 153.55889488756657, 'avg_sec_per_batch': 0.7677944744378329, 'cuda_allocated_mb': 208, 'cuda_reserved_mb': 7970, 'cuda_max_allocated_mb': 7876}
{'event': 'train_progress', 'epoch': 9, 'batch': 300, 'batches': 718, 'time_group': 128, 'time_groups': 178, 'history_edges': 120770, 'pos_edges': 512, 'neg_edges': 2048, 'loss_recent': 65.6033222770691, 'elapsed_sec': 240.8021340109408, 'avg_sec_per_batch': 0.8026737800364693, 'cuda_allocated_mb': 189, 'cuda_reserved_mb': 7970, 'cuda_max_allocated_mb': 7876}
{'event': 'train_progress', 'epoch': 9, 'batch': 400, 'batches': 718, 'time_group': 144, 'time_groups': 178, 'history_edges': 166402, 'pos_edges': 512, 'neg_edges': 2048, 'loss_recent': 71.4985998249054, 'elapsed_sec': 332.2768577001989, 'avg_sec_per_batch': 0.8306921442504972, 'cuda_allocated_mb': 236, 'cuda_reserved_mb': 7970, 'cuda_max_allocated_mb': 7876}
{'event': 'train_progress', 'epoch': 9, 'batch': 500, 'batches': 718, 'time_group': 158, 'time_groups': 178, 'history_edges': 213594, 'pos_edges': 512, 'neg_edges': 2048, 'loss_recent': 72.68389059066773, 'elapsed_sec': 425.0611925497651, 'avg_sec_per_batch': 0.8501223850995302, 'cuda_allocated_mb': 236, 'cuda_reserved_mb': 7970, 'cuda_max_allocated_mb': 7876}
{'event': 'train_progress', 'epoch': 9, 'batch': 600, 'batches': 718, 'time_group': 169, 'time_groups': 178, 'history_edges': 260784, 'pos_edges': 512, 'neg_edges': 2048, 'loss_recent': 77.83424806118012, 'elapsed_sec': 522.2091364227235, 'avg_sec_per_batch': 0.8703485607045393, 'cuda_allocated_mb': 238, 'cuda_reserved_mb': 7970, 'cuda_max_allocated_mb': 7876}
{'event': 'train_progress', 'epoch': 9, 'batch': 700, 'batches': 718, 'time_group': 177, 'time_groups': 178, 'history_edges': 308632, 'pos_edges': 512, 'neg_edges': 2048, 'loss_recent': 80.62926397323608, 'elapsed_sec': 621.0668561384082, 'avg_sec_per_batch': 0.8872383659120117, 'cuda_allocated_mb': 239, 'cuda_reserved_mb': 7970, 'cuda_max_allocated_mb': 7876}
{'event': 'train_time_group', 'epoch': 9, 'time_group': 178, 'time_groups': 178, 'batch': 703, 'batches': 718, 'time_value': 177.0, 'group_batches': 15, 'history_edges': 315692, 'elapsed_sec': 624.2332150749862, 'cuda_allocated_mb': 106, 'cuda_reserved_mb': 7970, 'cuda_max_allocated_mb': 7876}
{'event': 'train_progress', 'epoch': 9, 'batch': 718, 'batches': 718, 'time_group': 178, 'time_groups': 178, 'history_edges': 315692, 'pos_edges': 220, 'neg_edges': 880, 'loss_recent': 80.9188945198059, 'elapsed_sec': 639.077703461051, 'avg_sec_per_batch': 0.8900803669373969, 'cuda_allocated_mb': 241, 'cuda_reserved_mb': 7970, 'cuda_max_allocated_mb': 7876}
{'event': 'validation_start', 'epoch': 9}
{'event': 'validation_tgb_ranking_start', 'epoch': 9, 'max_edges': 128}
{'event': 'epoch_end', 'epoch': 9, 'early_stop_metric': 'val_tgb_mrr', 'val_score': 0.7053837494500224, 'val_auc': 0.9550292968749999, 'val_ap': 0.8752301705833194, 'val_ndcg': 0.973865485240731, 'val_tgb_mrr': 0.7053837494500224, 'val_tgb_hits@10': 0.7421875, 'elapsed_sec': 718.503308404237}
{'event': 'epoch_start', 'epoch': 10, 'epochs': 20, 'batches': 718, 'time_groups': 178}
{'event': 'train_time_group', 'epoch': 10, 'time_group': 1, 'time_groups': 178, 'batch': 0, 'batches': 718, 'time_value': 0.0, 'group_batches': 2, 'history_edges': 0, 'elapsed_sec': 0.061710257083177567, 'cuda_allocated_mb': 105, 'cuda_reserved_mb': 7970, 'cuda_max_allocated_mb': 7876}
{'event': 'train_progress', 'epoch': 10, 'batch': 1, 'batches': 718, 'time_group': 1, 'time_groups': 178, 'history_edges': 0, 'pos_edges': 512, 'neg_edges': 2048, 'loss_recent': 859.6052856445312, 'elapsed_sec': 0.9070818647742271, 'avg_sec_per_batch': 0.9070818647742271, 'cuda_allocated_mb': 158, 'cuda_reserved_mb': 7970, 'cuda_max_allocated_mb': 7876}
{'event': 'train_progress', 'epoch': 10, 'batch': 100, 'batches': 718, 'time_group': 69, 'time_groups': 178, 'history_edges': 33644, 'pos_edges': 86, 'neg_edges': 344, 'loss_recent': 50.484503657966854, 'elapsed_sec': 69.91972113773227, 'avg_sec_per_batch': 0.6991972113773227, 'cuda_allocated_mb': 157, 'cuda_reserved_mb': 7970, 'cuda_max_allocated_mb': 7876}
{'event': 'train_progress', 'epoch': 10, 'batch': 200, 'batches': 718, 'time_group': 106, 'time_groups': 178, 'history_edges': 74226, 'pos_edges': 106, 'neg_edges': 424, 'loss_recent': 53.62652278235182, 'elapsed_sec': 152.5064680315554, 'avg_sec_per_batch': 0.762532340157777, 'cuda_allocated_mb': 208, 'cuda_reserved_mb': 7970, 'cuda_max_allocated_mb': 7876}
{'event': 'train_progress', 'epoch': 10, 'batch': 300, 'batches': 718, 'time_group': 128, 'time_groups': 178, 'history_edges': 120770, 'pos_edges': 512, 'neg_edges': 2048, 'loss_recent': 65.44034183532, 'elapsed_sec': 239.71546798571944, 'avg_sec_per_batch': 0.7990515599523982, 'cuda_allocated_mb': 188, 'cuda_reserved_mb': 7970, 'cuda_max_allocated_mb': 7876}
{'event': 'train_progress', 'epoch': 10, 'batch': 400, 'batches': 718, 'time_group': 144, 'time_groups': 178, 'history_edges': 166402, 'pos_edges': 512, 'neg_edges': 2048, 'loss_recent': 71.03521215200425, 'elapsed_sec': 331.43199372291565, 'avg_sec_per_batch': 0.8285799843072891, 'cuda_allocated_mb': 236, 'cuda_reserved_mb': 7970, 'cuda_max_allocated_mb': 7876}
{'event': 'train_progress', 'epoch': 10, 'batch': 500, 'batches': 718, 'time_group': 158, 'time_groups': 178, 'history_edges': 213594, 'pos_edges': 512, 'neg_edges': 2048, 'loss_recent': 72.68109782218933, 'elapsed_sec': 424.325019787997, 'avg_sec_per_batch': 0.848650039575994, 'cuda_allocated_mb': 236, 'cuda_reserved_mb': 7970, 'cuda_max_allocated_mb': 7876}
{'event': 'train_progress', 'epoch': 10, 'batch': 600, 'batches': 718, 'time_group': 169, 'time_groups': 178, 'history_edges': 260784, 'pos_edges': 512, 'neg_edges': 2048, 'loss_recent': 77.75317448616028, 'elapsed_sec': 521.6962056048214, 'avg_sec_per_batch': 0.8694936760080357, 'cuda_allocated_mb': 238, 'cuda_reserved_mb': 7970, 'cuda_max_allocated_mb': 7876}
{'event': 'train_progress', 'epoch': 10, 'batch': 700, 'batches': 718, 'time_group': 177, 'time_groups': 178, 'history_edges': 308632, 'pos_edges': 512, 'neg_edges': 2048, 'loss_recent': 80.67541744470596, 'elapsed_sec': 620.9540058635175, 'avg_sec_per_batch': 0.8870771512335964, 'cuda_allocated_mb': 239, 'cuda_reserved_mb': 7970, 'cuda_max_allocated_mb': 7876}
{'event': 'train_time_group', 'epoch': 10, 'time_group': 178, 'time_groups': 178, 'batch': 703, 'batches': 718, 'time_value': 177.0, 'group_batches': 15, 'history_edges': 315692, 'elapsed_sec': 623.9461574368179, 'cuda_allocated_mb': 106, 'cuda_reserved_mb': 7970, 'cuda_max_allocated_mb': 7876}
{'event': 'train_progress', 'epoch': 10, 'batch': 718, 'batches': 718, 'time_group': 178, 'time_groups': 178, 'history_edges': 315692, 'pos_edges': 220, 'neg_edges': 880, 'loss_recent': 80.97814399719238, 'elapsed_sec': 639.0415805131197, 'avg_sec_per_batch': 0.8900300564249578, 'cuda_allocated_mb': 241, 'cuda_reserved_mb': 7970, 'cuda_max_allocated_mb': 7877}
{'event': 'validation_start', 'epoch': 10}
{'event': 'validation_tgb_ranking_start', 'epoch': 10, 'max_edges': 128}
{'event': 'epoch_end', 'epoch': 10, 'early_stop_metric': 'val_tgb_mrr', 'val_score': 0.701949083892105, 'val_auc': 0.958782958984375, 'val_ap': 0.8819492958132423, 'val_ndcg': 0.9756392888483614, 'val_tgb_mrr': 0.701949083892105, 'val_tgb_hits@10': 0.7421875, 'elapsed_sec': 718.5903392657638}
{'event': 'epoch_start', 'epoch': 11, 'epochs': 20, 'batches': 718, 'time_groups': 178}
{'event': 'train_time_group', 'epoch': 11, 'time_group': 1, 'time_groups': 178, 'batch': 0, 'batches': 718, 'time_value': 0.0, 'group_batches': 2, 'history_edges': 0, 'elapsed_sec': 0.06218414753675461, 'cuda_allocated_mb': 105, 'cuda_reserved_mb': 7970, 'cuda_max_allocated_mb': 7877}
{'event': 'train_progress', 'epoch': 11, 'batch': 1, 'batches': 718, 'time_group': 1, 'time_groups': 178, 'history_edges': 0, 'pos_edges': 512, 'neg_edges': 2048, 'loss_recent': 902.7885131835938, 'elapsed_sec': 0.9084365181624889, 'avg_sec_per_batch': 0.9084365181624889, 'cuda_allocated_mb': 157, 'cuda_reserved_mb': 7970, 'cuda_max_allocated_mb': 7877}
{'event': 'train_progress', 'epoch': 11, 'batch': 100, 'batches': 718, 'time_group': 69, 'time_groups': 178, 'history_edges': 33644, 'pos_edges': 86, 'neg_edges': 344, 'loss_recent': 51.533425992131235, 'elapsed_sec': 69.8611422330141, 'avg_sec_per_batch': 0.6986114223301411, 'cuda_allocated_mb': 157, 'cuda_reserved_mb': 7970, 'cuda_max_allocated_mb': 7877}
{'event': 'train_progress', 'epoch': 11, 'batch': 200, 'batches': 718, 'time_group': 106, 'time_groups': 178, 'history_edges': 74226, 'pos_edges': 106, 'neg_edges': 424, 'loss_recent': 53.44273462094367, 'elapsed_sec': 152.71046981588006, 'avg_sec_per_batch': 0.7635523490794003, 'cuda_allocated_mb': 208, 'cuda_reserved_mb': 7970, 'cuda_max_allocated_mb': 7877}
{'event': 'train_progress', 'epoch': 11, 'batch': 300, 'batches': 718, 'time_group': 128, 'time_groups': 178, 'history_edges': 120770, 'pos_edges': 512, 'neg_edges': 2048, 'loss_recent': 65.42456732988357, 'elapsed_sec': 240.25443525984883, 'avg_sec_per_batch': 0.8008481175328295, 'cuda_allocated_mb': 188, 'cuda_reserved_mb': 7970, 'cuda_max_allocated_mb': 7877}
{'event': 'train_progress', 'epoch': 11, 'batch': 400, 'batches': 718, 'time_group': 144, 'time_groups': 178, 'history_edges': 166402, 'pos_edges': 512, 'neg_edges': 2048, 'loss_recent': 71.1166403079033, 'elapsed_sec': 331.41852585971355, 'avg_sec_per_batch': 0.8285463146492839, 'cuda_allocated_mb': 236, 'cuda_reserved_mb': 7970, 'cuda_max_allocated_mb': 7877}
{'event': 'train_progress', 'epoch': 11, 'batch': 500, 'batches': 718, 'time_group': 158, 'time_groups': 178, 'history_edges': 213594, 'pos_edges': 512, 'neg_edges': 2048, 'loss_recent': 72.51641734600067, 'elapsed_sec': 424.89798455685377, 'avg_sec_per_batch': 0.8497959691137076, 'cuda_allocated_mb': 236, 'cuda_reserved_mb': 7970, 'cuda_max_allocated_mb': 7877}
{'event': 'train_progress', 'epoch': 11, 'batch': 600, 'batches': 718, 'time_group': 169, 'time_groups': 178, 'history_edges': 260784, 'pos_edges': 512, 'neg_edges': 2048, 'loss_recent': 77.533411693573, 'elapsed_sec': 521.7599388621747, 'avg_sec_per_batch': 0.8695998981036246, 'cuda_allocated_mb': 238, 'cuda_reserved_mb': 7970, 'cuda_max_allocated_mb': 7877}
{'event': 'train_progress', 'epoch': 11, 'batch': 700, 'batches': 718, 'time_group': 177, 'time_groups': 178, 'history_edges': 308632, 'pos_edges': 512, 'neg_edges': 2048, 'loss_recent': 80.48611397743225, 'elapsed_sec': 621.2528625614941, 'avg_sec_per_batch': 0.8875040893735631, 'cuda_allocated_mb': 239, 'cuda_reserved_mb': 7970, 'cuda_max_allocated_mb': 7877}
{'event': 'train_time_group', 'epoch': 11, 'time_group': 178, 'time_groups': 178, 'batch': 703, 'batches': 718, 'time_value': 177.0, 'group_batches': 15, 'history_edges': 315692, 'elapsed_sec': 624.4178774096072, 'cuda_allocated_mb': 106, 'cuda_reserved_mb': 7970, 'cuda_max_allocated_mb': 7877}
{'event': 'train_progress', 'epoch': 11, 'batch': 718, 'batches': 718, 'time_group': 178, 'time_groups': 178, 'history_edges': 315692, 'pos_edges': 220, 'neg_edges': 880, 'loss_recent': 80.85242191314697, 'elapsed_sec': 639.2705564908683, 'avg_sec_per_batch': 0.8903489644719614, 'cuda_allocated_mb': 241, 'cuda_reserved_mb': 7970, 'cuda_max_allocated_mb': 7877}
{'event': 'validation_start', 'epoch': 11}
{'event': 'validation_tgb_ranking_start', 'epoch': 11, 'max_edges': 128}
{'event': 'epoch_end', 'epoch': 11, 'early_stop_metric': 'val_tgb_mrr', 'val_score': 0.7063912311863716, 'val_auc': 0.9585327148437501, 'val_ap': 0.8814536736084482, 'val_ndcg': 0.9755252528289394, 'val_tgb_mrr': 0.7063912311863716, 'val_tgb_hits@10': 0.7421875, 'elapsed_sec': 718.4675751700997}
{'event': 'epoch_start', 'epoch': 12, 'epochs': 20, 'batches': 718, 'time_groups': 178}
{'event': 'train_time_group', 'epoch': 12, 'time_group': 1, 'time_groups': 178, 'batch': 0, 'batches': 718, 'time_value': 0.0, 'group_batches': 2, 'history_edges': 0, 'elapsed_sec': 0.061886925250291824, 'cuda_allocated_mb': 105, 'cuda_reserved_mb': 7970, 'cuda_max_allocated_mb': 7877}
{'event': 'train_progress', 'epoch': 12, 'batch': 1, 'batches': 718, 'time_group': 1, 'time_groups': 178, 'history_edges': 0, 'pos_edges': 512, 'neg_edges': 2048, 'loss_recent': 1014.7496948242188, 'elapsed_sec': 0.9083432145416737, 'avg_sec_per_batch': 0.9083432145416737, 'cuda_allocated_mb': 157, 'cuda_reserved_mb': 7970, 'cuda_max_allocated_mb': 7877}
{'event': 'train_progress', 'epoch': 12, 'batch': 100, 'batches': 718, 'time_group': 69, 'time_groups': 178, 'history_edges': 33644, 'pos_edges': 86, 'neg_edges': 344, 'loss_recent': 53.56072314504534, 'elapsed_sec': 71.5612010397017, 'avg_sec_per_batch': 0.715612010397017, 'cuda_allocated_mb': 155, 'cuda_reserved_mb': 7970, 'cuda_max_allocated_mb': 7877}
{'event': 'train_progress', 'epoch': 12, 'batch': 200, 'batches': 718, 'time_group': 106, 'time_groups': 178, 'history_edges': 74226, 'pos_edges': 106, 'neg_edges': 424, 'loss_recent': 53.433027319461104, 'elapsed_sec': 153.83657713234425, 'avg_sec_per_batch': 0.7691828856617212, 'cuda_allocated_mb': 206, 'cuda_reserved_mb': 7970, 'cuda_max_allocated_mb': 7877}
{'event': 'train_progress', 'epoch': 12, 'batch': 300, 'batches': 718, 'time_group': 128, 'time_groups': 178, 'history_edges': 120770, 'pos_edges': 512, 'neg_edges': 2048, 'loss_recent': 65.31658646434545, 'elapsed_sec': 242.37054215744138, 'avg_sec_per_batch': 0.8079018071914713, 'cuda_allocated_mb': 189, 'cuda_reserved_mb': 7970, 'cuda_max_allocated_mb': 7877}
{'event': 'train_progress', 'epoch': 12, 'batch': 400, 'batches': 718, 'time_group': 144, 'time_groups': 178, 'history_edges': 166402, 'pos_edges': 512, 'neg_edges': 2048, 'loss_recent': 71.08143683075905, 'elapsed_sec': 332.45420126244426, 'avg_sec_per_batch': 0.8311355031561106, 'cuda_allocated_mb': 236, 'cuda_reserved_mb': 7970, 'cuda_max_allocated_mb': 7877}
{'event': 'train_progress', 'epoch': 12, 'batch': 500, 'batches': 718, 'time_group': 158, 'time_groups': 178, 'history_edges': 213594, 'pos_edges': 512, 'neg_edges': 2048, 'loss_recent': 72.59170672416687, 'elapsed_sec': 426.1266901642084, 'avg_sec_per_batch': 0.8522533803284168, 'cuda_allocated_mb': 236, 'cuda_reserved_mb': 7970, 'cuda_max_allocated_mb': 7877}
{'event': 'train_progress', 'epoch': 12, 'batch': 600, 'batches': 718, 'time_group': 169, 'time_groups': 178, 'history_edges': 260784, 'pos_edges': 512, 'neg_edges': 2048, 'loss_recent': 77.55062963962556, 'elapsed_sec': 522.5230586230755, 'avg_sec_per_batch': 0.8708717643717925, 'cuda_allocated_mb': 238, 'cuda_reserved_mb': 7970, 'cuda_max_allocated_mb': 7877}
{'event': 'train_progress', 'epoch': 12, 'batch': 700, 'batches': 718, 'time_group': 177, 'time_groups': 178, 'history_edges': 308632, 'pos_edges': 512, 'neg_edges': 2048, 'loss_recent': 80.40232311010361, 'elapsed_sec': 622.7032690458, 'avg_sec_per_batch': 0.889576098636857, 'cuda_allocated_mb': 239, 'cuda_reserved_mb': 7970, 'cuda_max_allocated_mb': 7877}
{'event': 'train_time_group', 'epoch': 12, 'time_group': 178, 'time_groups': 178, 'batch': 703, 'batches': 718, 'time_value': 177.0, 'group_batches': 15, 'history_edges': 315692, 'elapsed_sec': 625.9142880290747, 'cuda_allocated_mb': 106, 'cuda_reserved_mb': 7970, 'cuda_max_allocated_mb': 7877}
{'event': 'train_progress', 'epoch': 12, 'batch': 718, 'batches': 718, 'time_group': 178, 'time_groups': 178, 'history_edges': 315692, 'pos_edges': 220, 'neg_edges': 880, 'loss_recent': 80.70715259552001, 'elapsed_sec': 640.6612545624375, 'avg_sec_per_batch': 0.8922858698641192, 'cuda_allocated_mb': 241, 'cuda_reserved_mb': 7970, 'cuda_max_allocated_mb': 7877}
{'event': 'validation_start', 'epoch': 12}
{'event': 'validation_tgb_ranking_start', 'epoch': 12, 'max_edges': 128}
{'event': 'epoch_end', 'epoch': 12, 'early_stop_metric': 'val_tgb_mrr', 'val_score': 0.7021186720935277, 'val_auc': 0.9572753906249999, 'val_ap': 0.8801066305749689, 'val_ndcg': 0.975032121967433, 'val_tgb_mrr': 0.7021186720935277, 'val_tgb_hits@10': 0.7421875, 'elapsed_sec': 718.8015860840678}
{'event': 'epoch_start', 'epoch': 13, 'epochs': 20, 'batches': 718, 'time_groups': 178}
{'event': 'train_time_group', 'epoch': 13, 'time_group': 1, 'time_groups': 178, 'batch': 0, 'batches': 718, 'time_value': 0.0, 'group_batches': 2, 'history_edges': 0, 'elapsed_sec': 0.06340088322758675, 'cuda_allocated_mb': 105, 'cuda_reserved_mb': 7970, 'cuda_max_allocated_mb': 7877}
{'event': 'train_progress', 'epoch': 13, 'batch': 1, 'batches': 718, 'time_group': 1, 'time_groups': 178, 'history_edges': 0, 'pos_edges': 512, 'neg_edges': 2048, 'loss_recent': 1058.88525390625, 'elapsed_sec': 1.0904769636690617, 'avg_sec_per_batch': 1.0904769636690617, 'cuda_allocated_mb': 158, 'cuda_reserved_mb': 7970, 'cuda_max_allocated_mb': 7877}
{'event': 'train_progress', 'epoch': 13, 'batch': 100, 'batches': 718, 'time_group': 69, 'time_groups': 178, 'history_edges': 33644, 'pos_edges': 86, 'neg_edges': 344, 'loss_recent': 54.45840193381533, 'elapsed_sec': 71.46297925338149, 'avg_sec_per_batch': 0.7146297925338149, 'cuda_allocated_mb': 155, 'cuda_reserved_mb': 7970, 'cuda_max_allocated_mb': 7877}
{'event': 'train_progress', 'epoch': 13, 'batch': 200, 'batches': 718, 'time_group': 106, 'time_groups': 178, 'history_edges': 74226, 'pos_edges': 106, 'neg_edges': 424, 'loss_recent': 53.51929982470349, 'elapsed_sec': 153.5115851983428, 'avg_sec_per_batch': 0.767557925991714, 'cuda_allocated_mb': 207, 'cuda_reserved_mb': 7970, 'cuda_max_allocated_mb': 7877}
{'event': 'train_progress', 'epoch': 13, 'batch': 300, 'batches': 718, 'time_group': 128, 'time_groups': 178, 'history_edges': 120770, 'pos_edges': 512, 'neg_edges': 2048, 'loss_recent': 65.57503137767316, 'elapsed_sec': 241.5698423460126, 'avg_sec_per_batch': 0.805232807820042, 'cuda_allocated_mb': 189, 'cuda_reserved_mb': 7970, 'cuda_max_allocated_mb': 7877}
{'event': 'train_progress', 'epoch': 13, 'batch': 400, 'batches': 718, 'time_group': 144, 'time_groups': 178, 'history_edges': 166402, 'pos_edges': 512, 'neg_edges': 2048, 'loss_recent': 70.93045225381852, 'elapsed_sec': 331.4534063413739, 'avg_sec_per_batch': 0.8286335158534348, 'cuda_allocated_mb': 236, 'cuda_reserved_mb': 7970, 'cuda_max_allocated_mb': 7877}
{'event': 'train_progress', 'epoch': 13, 'batch': 500, 'batches': 718, 'time_group': 158, 'time_groups': 178, 'history_edges': 213594, 'pos_edges': 512, 'neg_edges': 2048, 'loss_recent': 72.59629248142242, 'elapsed_sec': 424.8809561468661, 'avg_sec_per_batch': 0.8497619122937322, 'cuda_allocated_mb': 236, 'cuda_reserved_mb': 7970, 'cuda_max_allocated_mb': 7877}
{'event': 'train_progress', 'epoch': 13, 'batch': 600, 'batches': 718, 'time_group': 169, 'time_groups': 178, 'history_edges': 260784, 'pos_edges': 512, 'neg_edges': 2048, 'loss_recent': 77.7250346326828, 'elapsed_sec': 520.1570612341166, 'avg_sec_per_batch': 0.8669284353901943, 'cuda_allocated_mb': 238, 'cuda_reserved_mb': 7970, 'cuda_max_allocated_mb': 7877}
{'event': 'train_progress', 'epoch': 13, 'batch': 700, 'batches': 718, 'time_group': 177, 'time_groups': 178, 'history_edges': 308632, 'pos_edges': 512, 'neg_edges': 2048, 'loss_recent': 80.43875128984452, 'elapsed_sec': 619.0975216366351, 'avg_sec_per_batch': 0.8844250309094787, 'cuda_allocated_mb': 239, 'cuda_reserved_mb': 7970, 'cuda_max_allocated_mb': 7877}
{'event': 'train_time_group', 'epoch': 13, 'time_group': 178, 'time_groups': 178, 'batch': 703, 'batches': 718, 'time_value': 177.0, 'group_batches': 15, 'history_edges': 315692, 'elapsed_sec': 622.2021218799055, 'cuda_allocated_mb': 106, 'cuda_reserved_mb': 7970, 'cuda_max_allocated_mb': 7877}
{'event': 'train_progress', 'epoch': 13, 'batch': 718, 'batches': 718, 'time_group': 178, 'time_groups': 178, 'history_edges': 315692, 'pos_edges': 220, 'neg_edges': 880, 'loss_recent': 80.74528730392456, 'elapsed_sec': 636.736914653331, 'avg_sec_per_batch': 0.8868202153946115, 'cuda_allocated_mb': 241, 'cuda_reserved_mb': 7970, 'cuda_max_allocated_mb': 7877}
{'event': 'validation_start', 'epoch': 13}
{'event': 'validation_tgb_ranking_start', 'epoch': 13, 'max_edges': 128}
{'event': 'epoch_end', 'epoch': 13, 'early_stop_metric': 'val_tgb_mrr', 'val_score': 0.7051907963369309, 'val_auc': 0.9537475585937499, 'val_ap': 0.8772150023616349, 'val_ndcg': 0.9742299059885905, 'val_tgb_mrr': 0.7051907963369309, 'val_tgb_hits@10': 0.7421875, 'elapsed_sec': 714.8331234119833}
{'event': 'epoch_start', 'epoch': 14, 'epochs': 20, 'batches': 718, 'time_groups': 178}
{'event': 'train_time_group', 'epoch': 14, 'time_group': 1, 'time_groups': 178, 'batch': 0, 'batches': 718, 'time_value': 0.0, 'group_batches': 2, 'history_edges': 0, 'elapsed_sec': 0.05954616516828537, 'cuda_allocated_mb': 105, 'cuda_reserved_mb': 7970, 'cuda_max_allocated_mb': 7877}
{'event': 'train_progress', 'epoch': 14, 'batch': 1, 'batches': 718, 'time_group': 1, 'time_groups': 178, 'history_edges': 0, 'pos_edges': 512, 'neg_edges': 2048, 'loss_recent': 1125.78173828125, 'elapsed_sec': 0.9223350547254086, 'avg_sec_per_batch': 0.9223350547254086, 'cuda_allocated_mb': 157, 'cuda_reserved_mb': 7970, 'cuda_max_allocated_mb': 7877}
{'event': 'train_progress', 'epoch': 14, 'batch': 100, 'batches': 718, 'time_group': 69, 'time_groups': 178, 'history_edges': 33644, 'pos_edges': 86, 'neg_edges': 344, 'loss_recent': 55.44577650684863, 'elapsed_sec': 69.68215845525265, 'avg_sec_per_batch': 0.6968215845525265, 'cuda_allocated_mb': 157, 'cuda_reserved_mb': 7970, 'cuda_max_allocated_mb': 7877}
{'event': 'train_progress', 'epoch': 14, 'batch': 200, 'batches': 718, 'time_group': 106, 'time_groups': 178, 'history_edges': 74226, 'pos_edges': 106, 'neg_edges': 424, 'loss_recent': 53.42753382228315, 'elapsed_sec': 151.89437886327505, 'avg_sec_per_batch': 0.7594718943163753, 'cuda_allocated_mb': 207, 'cuda_reserved_mb': 7970, 'cuda_max_allocated_mb': 7877}
{'event': 'train_progress', 'epoch': 14, 'batch': 300, 'batches': 718, 'time_group': 128, 'time_groups': 178, 'history_edges': 120770, 'pos_edges': 512, 'neg_edges': 2048, 'loss_recent': 65.14545361071825, 'elapsed_sec': 239.71722016111016, 'avg_sec_per_batch': 0.7990574005370339, 'cuda_allocated_mb': 189, 'cuda_reserved_mb': 7970, 'cuda_max_allocated_mb': 7877}
{'event': 'train_progress', 'epoch': 14, 'batch': 400, 'batches': 718, 'time_group': 144, 'time_groups': 178, 'history_edges': 166402, 'pos_edges': 512, 'neg_edges': 2048, 'loss_recent': 71.04097836256027, 'elapsed_sec': 330.2288229241967, 'avg_sec_per_batch': 0.8255720573104918, 'cuda_allocated_mb': 236, 'cuda_reserved_mb': 7970, 'cuda_max_allocated_mb': 7877}
{'event': 'train_progress', 'epoch': 14, 'batch': 500, 'batches': 718, 'time_group': 158, 'time_groups': 178, 'history_edges': 213594, 'pos_edges': 512, 'neg_edges': 2048, 'loss_recent': 72.35505995750427, 'elapsed_sec': 422.76184169203043, 'avg_sec_per_batch': 0.8455236833840608, 'cuda_allocated_mb': 236, 'cuda_reserved_mb': 7970, 'cuda_max_allocated_mb': 7877}
{'event': 'train_progress', 'epoch': 14, 'batch': 600, 'batches': 718, 'time_group': 169, 'time_groups': 178, 'history_edges': 260784, 'pos_edges': 512, 'neg_edges': 2048, 'loss_recent': 77.51583488464355, 'elapsed_sec': 519.6383941955864, 'avg_sec_per_batch': 0.8660639903259774, 'cuda_allocated_mb': 237, 'cuda_reserved_mb': 7970, 'cuda_max_allocated_mb': 7877}
{'event': 'train_progress', 'epoch': 14, 'batch': 700, 'batches': 718, 'time_group': 177, 'time_groups': 178, 'history_edges': 308632, 'pos_edges': 512, 'neg_edges': 2048, 'loss_recent': 80.6196450805664, 'elapsed_sec': 618.296360809356, 'avg_sec_per_batch': 0.8832805154419371, 'cuda_allocated_mb': 239, 'cuda_reserved_mb': 7970, 'cuda_max_allocated_mb': 7877}
{'event': 'train_time_group', 'epoch': 14, 'time_group': 178, 'time_groups': 178, 'batch': 703, 'batches': 718, 'time_value': 177.0, 'group_batches': 15, 'history_edges': 315692, 'elapsed_sec': 621.3945170231164, 'cuda_allocated_mb': 106, 'cuda_reserved_mb': 7970, 'cuda_max_allocated_mb': 7877}
{'event': 'train_progress', 'epoch': 14, 'batch': 718, 'batches': 718, 'time_group': 178, 'time_groups': 178, 'history_edges': 315692, 'pos_edges': 220, 'neg_edges': 880, 'loss_recent': 80.96309682846069, 'elapsed_sec': 635.924212615937, 'avg_sec_per_batch': 0.8856883184065975, 'cuda_allocated_mb': 242, 'cuda_reserved_mb': 7970, 'cuda_max_allocated_mb': 7877}
{'event': 'validation_start', 'epoch': 14}
{'event': 'validation_tgb_ranking_start', 'epoch': 14, 'max_edges': 128}
{'event': 'epoch_end', 'epoch': 14, 'early_stop_metric': 'val_tgb_mrr', 'val_score': 0.6981618046397313, 'val_auc': 0.9542785644531251, 'val_ap': 0.878062808559726, 'val_ndcg': 0.9744355516191021, 'val_tgb_mrr': 0.6981618046397313, 'val_tgb_hits@10': 0.7421875, 'elapsed_sec': 714.4246188290417}
{'event': 'epoch_start', 'epoch': 15, 'epochs': 20, 'batches': 718, 'time_groups': 178}
{'event': 'train_time_group', 'epoch': 15, 'time_group': 1, 'time_groups': 178, 'batch': 0, 'batches': 718, 'time_value': 0.0, 'group_batches': 2, 'history_edges': 0, 'elapsed_sec': 0.06171536445617676, 'cuda_allocated_mb': 105, 'cuda_reserved_mb': 7970, 'cuda_max_allocated_mb': 7877}
{'event': 'train_progress', 'epoch': 15, 'batch': 1, 'batches': 718, 'time_group': 1, 'time_groups': 178, 'history_edges': 0, 'pos_edges': 512, 'neg_edges': 2048, 'loss_recent': 1195.0628662109375, 'elapsed_sec': 0.9129663109779358, 'avg_sec_per_batch': 0.9129663109779358, 'cuda_allocated_mb': 158, 'cuda_reserved_mb': 7970, 'cuda_max_allocated_mb': 7877}
{'event': 'train_progress', 'epoch': 15, 'batch': 100, 'batches': 718, 'time_group': 69, 'time_groups': 178, 'history_edges': 33644, 'pos_edges': 86, 'neg_edges': 344, 'loss_recent': 56.79889210319146, 'elapsed_sec': 70.17565210908651, 'avg_sec_per_batch': 0.7017565210908652, 'cuda_allocated_mb': 156, 'cuda_reserved_mb': 7970, 'cuda_max_allocated_mb': 7877}
{'event': 'train_progress', 'epoch': 15, 'batch': 200, 'batches': 718, 'time_group': 106, 'time_groups': 178, 'history_edges': 74226, 'pos_edges': 106, 'neg_edges': 424, 'loss_recent': 53.36333671452478, 'elapsed_sec': 153.04058745875955, 'avg_sec_per_batch': 0.7652029372937977, 'cuda_allocated_mb': 207, 'cuda_reserved_mb': 7970, 'cuda_max_allocated_mb': 7877}
{'event': 'train_progress', 'epoch': 15, 'batch': 300, 'batches': 718, 'time_group': 128, 'time_groups': 178, 'history_edges': 120770, 'pos_edges': 512, 'neg_edges': 2048, 'loss_recent': 65.2788843625784, 'elapsed_sec': 240.36331563815475, 'avg_sec_per_batch': 0.8012110521271825, 'cuda_allocated_mb': 189, 'cuda_reserved_mb': 7970, 'cuda_max_allocated_mb': 7877}
{'event': 'train_progress', 'epoch': 15, 'batch': 400, 'batches': 718, 'time_group': 144, 'time_groups': 178, 'history_edges': 166402, 'pos_edges': 512, 'neg_edges': 2048, 'loss_recent': 70.94877034544945, 'elapsed_sec': 331.5071848370135, 'avg_sec_per_batch': 0.8287679620925337, 'cuda_allocated_mb': 236, 'cuda_reserved_mb': 7970, 'cuda_max_allocated_mb': 7877}
{'event': 'train_progress', 'epoch': 15, 'batch': 500, 'batches': 718, 'time_group': 158, 'time_groups': 178, 'history_edges': 213594, 'pos_edges': 512, 'neg_edges': 2048, 'loss_recent': 72.49308282375335, 'elapsed_sec': 423.71314131468534, 'avg_sec_per_batch': 0.8474262826293707, 'cuda_allocated_mb': 236, 'cuda_reserved_mb': 7970, 'cuda_max_allocated_mb': 7877}
{'event': 'train_progress', 'epoch': 15, 'batch': 600, 'batches': 718, 'time_group': 169, 'time_groups': 178, 'history_edges': 260784, 'pos_edges': 512, 'neg_edges': 2048, 'loss_recent': 77.67285343170165, 'elapsed_sec': 520.3682438693941, 'avg_sec_per_batch': 0.8672804064489901, 'cuda_allocated_mb': 238, 'cuda_reserved_mb': 7970, 'cuda_max_allocated_mb': 7877}
{'event': 'train_progress', 'epoch': 15, 'batch': 700, 'batches': 718, 'time_group': 177, 'time_groups': 178, 'history_edges': 308632, 'pos_edges': 512, 'neg_edges': 2048, 'loss_recent': 80.79413989782333, 'elapsed_sec': 618.4325396902859, 'avg_sec_per_batch': 0.8834750567004085, 'cuda_allocated_mb': 239, 'cuda_reserved_mb': 7970, 'cuda_max_allocated_mb': 7877}
{'event': 'train_time_group', 'epoch': 15, 'time_group': 178, 'time_groups': 178, 'batch': 703, 'batches': 718, 'time_value': 177.0, 'group_batches': 15, 'history_edges': 315692, 'elapsed_sec': 621.5635051168501, 'cuda_allocated_mb': 106, 'cuda_reserved_mb': 7970, 'cuda_max_allocated_mb': 7877}
{'event': 'train_progress', 'epoch': 15, 'batch': 718, 'batches': 718, 'time_group': 178, 'time_groups': 178, 'history_edges': 315692, 'pos_edges': 220, 'neg_edges': 880, 'loss_recent': 80.89274976730347, 'elapsed_sec': 636.4085296355188, 'avg_sec_per_batch': 0.8863628546455693, 'cuda_allocated_mb': 241, 'cuda_reserved_mb': 7970, 'cuda_max_allocated_mb': 7877}
{'event': 'validation_start', 'epoch': 15}
{'event': 'validation_tgb_ranking_start', 'epoch': 15, 'max_edges': 128}
{'event': 'epoch_end', 'epoch': 15, 'early_stop_metric': 'val_tgb_mrr', 'val_score': 0.7026256115985308, 'val_auc': 0.95379638671875, 'val_ap': 0.8729320634027373, 'val_ndcg': 0.9733840601342323, 'val_tgb_mrr': 0.7026256115985308, 'val_tgb_hits@10': 0.7421875, 'elapsed_sec': 715.4848753325641}
{'event': 'epoch_start', 'epoch': 16, 'epochs': 20, 'batches': 718, 'time_groups': 178}
{'event': 'train_time_group', 'epoch': 16, 'time_group': 1, 'time_groups': 178, 'batch': 0, 'batches': 718, 'time_value': 0.0, 'group_batches': 2, 'history_edges': 0, 'elapsed_sec': 0.05964631214737892, 'cuda_allocated_mb': 105, 'cuda_reserved_mb': 7970, 'cuda_max_allocated_mb': 7877}
{'event': 'train_progress', 'epoch': 16, 'batch': 1, 'batches': 718, 'time_group': 1, 'time_groups': 178, 'history_edges': 0, 'pos_edges': 512, 'neg_edges': 2048, 'loss_recent': 1198.514404296875, 'elapsed_sec': 0.9095231518149376, 'avg_sec_per_batch': 0.9095231518149376, 'cuda_allocated_mb': 157, 'cuda_reserved_mb': 7970, 'cuda_max_allocated_mb': 7877}
{'event': 'train_progress', 'epoch': 16, 'batch': 100, 'batches': 718, 'time_group': 69, 'time_groups': 178, 'history_edges': 33644, 'pos_edges': 86, 'neg_edges': 344, 'loss_recent': 56.56630810823292, 'elapsed_sec': 69.96079774573445, 'avg_sec_per_batch': 0.6996079774573445, 'cuda_allocated_mb': 157, 'cuda_reserved_mb': 7970, 'cuda_max_allocated_mb': 7877}
{'event': 'train_progress', 'epoch': 16, 'batch': 200, 'batches': 718, 'time_group': 106, 'time_groups': 178, 'history_edges': 74226, 'pos_edges': 106, 'neg_edges': 424, 'loss_recent': 53.259384084511545, 'elapsed_sec': 153.14058693870902, 'avg_sec_per_batch': 0.7657029346935451, 'cuda_allocated_mb': 207, 'cuda_reserved_mb': 7970, 'cuda_max_allocated_mb': 7877}
{'event': 'train_progress', 'epoch': 16, 'batch': 300, 'batches': 718, 'time_group': 128, 'time_groups': 178, 'history_edges': 120770, 'pos_edges': 512, 'neg_edges': 2048, 'loss_recent': 65.18016098439693, 'elapsed_sec': 239.59968772903085, 'avg_sec_per_batch': 0.7986656257634361, 'cuda_allocated_mb': 189, 'cuda_reserved_mb': 7970, 'cuda_max_allocated_mb': 7877}
{'event': 'train_progress', 'epoch': 16, 'batch': 400, 'batches': 718, 'time_group': 144, 'time_groups': 178, 'history_edges': 166402, 'pos_edges': 512, 'neg_edges': 2048, 'loss_recent': 70.83248756408692, 'elapsed_sec': 330.56073477491736, 'avg_sec_per_batch': 0.8264018369372934, 'cuda_allocated_mb': 236, 'cuda_reserved_mb': 7970, 'cuda_max_allocated_mb': 7877}
{'event': 'train_progress', 'epoch': 16, 'batch': 500, 'batches': 718, 'time_group': 158, 'time_groups': 178, 'history_edges': 213594, 'pos_edges': 512, 'neg_edges': 2048, 'loss_recent': 72.29649350643157, 'elapsed_sec': 422.6790058799088, 'avg_sec_per_batch': 0.8453580117598176, 'cuda_allocated_mb': 236, 'cuda_reserved_mb': 7970, 'cuda_max_allocated_mb': 7877}
{'event': 'train_progress', 'epoch': 16, 'batch': 600, 'batches': 718, 'time_group': 169, 'time_groups': 178, 'history_edges': 260784, 'pos_edges': 512, 'neg_edges': 2048, 'loss_recent': 77.60165378570557, 'elapsed_sec': 518.9716739989817, 'avg_sec_per_batch': 0.8649527899983028, 'cuda_allocated_mb': 237, 'cuda_reserved_mb': 7970, 'cuda_max_allocated_mb': 7877}
{'event': 'train_progress', 'epoch': 16, 'batch': 700, 'batches': 718, 'time_group': 177, 'time_groups': 178, 'history_edges': 308632, 'pos_edges': 512, 'neg_edges': 2048, 'loss_recent': 80.40426681995392, 'elapsed_sec': 617.7040139213204, 'avg_sec_per_batch': 0.8824343056018863, 'cuda_allocated_mb': 240, 'cuda_reserved_mb': 7970, 'cuda_max_allocated_mb': 7877}
{'event': 'train_time_group', 'epoch': 16, 'time_group': 178, 'time_groups': 178, 'batch': 703, 'batches': 718, 'time_value': 177.0, 'group_batches': 15, 'history_edges': 315692, 'elapsed_sec': 620.8983728028834, 'cuda_allocated_mb': 106, 'cuda_reserved_mb': 7970, 'cuda_max_allocated_mb': 7877}
{'event': 'train_progress', 'epoch': 16, 'batch': 718, 'batches': 718, 'time_group': 178, 'time_groups': 178, 'history_edges': 315692, 'pos_edges': 220, 'neg_edges': 880, 'loss_recent': 80.7509920501709, 'elapsed_sec': 635.7470092996955, 'avg_sec_per_batch': 0.8854415171304951, 'cuda_allocated_mb': 241, 'cuda_reserved_mb': 7970, 'cuda_max_allocated_mb': 7877}
{'event': 'validation_start', 'epoch': 16}
{'event': 'validation_tgb_ranking_start', 'epoch': 16, 'max_edges': 128}
{'event': 'epoch_end', 'epoch': 16, 'early_stop_metric': 'val_tgb_mrr', 'val_score': 0.7028663429095541, 'val_auc': 0.954058837890625, 'val_ap': 0.8757912221706008, 'val_ndcg': 0.9738987339155878, 'val_tgb_mrr': 0.7028663429095541, 'val_tgb_hits@10': 0.75, 'elapsed_sec': 713.5074413158}
{'dataset': 'tkgl-yago', 'method': 'ssptgfm', 'scenario': 'label_split', 'ablation': 'full', 'few_shot_ratio': 1.0, 'seed': 5, 'train_edges': 323080, 'val_edges': 39046, 'test_edges': 40052, 'params_trainable': 2247826, 'params_total': 2247839, 'rough_forward_flops': 24174428160, 'train_eval_time_sec': 11792.369482442737, 'allocated_mb': 48.94677734375, 'reserved_mb': 7970.0, 'max_allocated_mb': 7877.12890625, 'val_auc': 0.9585327148437501, 'val_ap': 0.8814536736084482, 'val_ndcg': 0.9755252528289394, 'val_tgb_mrr': 0.7063912644374196, 'val_tgb_hits@10': 0.7421875, 'train_loss': 67.72181534780641, 'train_lp': 0.08624901313506246, 'train_align': 6540.5181779111, 'train_kl': 22292.104265786813, 'train_ood_reg': 0.22805026817994198, 'train_meta': 0.18941548538371897, 'train_struct_aux': 0.0, 'train_weighted_align': 65.40518028020838, 'train_weighted_kl': 2.229210357419909, 'train_weighted_ood_reg': 0.00022805027910482274, 'train_weighted_meta': 0.000947077404536452, 'train_weighted_struct_aux': 0.0, 'train_rank': 0.07341511857684341, 'train_weighted_rank': 0.0007341511677637629, 'train_candidate_rank': 0.4641178686605022, 'train_weighted_candidate_rank': 0.02320589383230756, 'test_auc': 0.9633697044236978, 'test_ap': 0.9151471419145324, 'test_ndcg': 0.9884409514719051, 'test_tgb_mrr': 0.8991670602138494, 'test_tgb_hits@10': 0.91015625}
