
$ /root/miniconda3/bin/python -u scripts/search_hparams.py --config configs/auto_target/ssptgfm_search_yago15k_temporal_struct_history_role64_mlp_rankloss_probe.yaml --output results/auto_target_role64_yago_probe_v1/search_yago15k_temporal_struct_history_role64_mlp_rankloss_probe --resume
runtime_device=cuda
cuda_device=Tesla V100-PCIE-32GB
{'event': 'candidate_seed_start', 'candidate': 'struct_history_role64_mlp_rankloss_probe_h96_r12_a12_p4x4_l1_neg1_lr0p001_hp0p25_sr0_sa0_rl0p05_m1_hinge', 'seed': 1, 'device': 'cuda', 'node_text_device': 'cuda:0'}
{'event': 'train_seed_start', 'seed': 1, 'train_edges': 3244, 'val_edges': 6738, 'test_edges': 26719, 'num_nodes': 4197, 'num_relations': 19}
{'event': 'train_seed_tensors_ready', 'seed': 1, 'elapsed_sec': 0.010357677936553955, 'cuda_allocated_mb': 9, 'cuda_reserved_mb': 22, 'cuda_max_allocated_mb': 9}
{'event': 'train_known_facts_ready', 'seed': 1, 'scope': 'train', 'edges': 3244, 'elapsed_sec': 0.01213337853550911}
{'event': 'train_known_facts_ready', 'seed': 1, 'scope': 'train_val', 'edges': 9982, 'elapsed_sec': 0.013363342732191086}
{'event': 'train_sampler_ready', 'seed': 1, 'elapsed_sec': 0.01721080392599106}
{'event': 'val_sampler_ready', 'seed': 1, 'elapsed_sec': 0.02077486738562584}
{'event': 'epoch_start', 'epoch': 1, 'epochs': 1, 'batches': 118, 'time_groups': 118}
{'event': 'train_time_group', 'epoch': 1, 'time_group': 1, 'time_groups': 118, 'batch': 0, 'batches': 118, 'time_value': 600.0, 'group_batches': 1, 'history_edges': 0, 'elapsed_sec': 0.017526671290397644, 'cuda_allocated_mb': 9, 'cuda_reserved_mb': 24, 'cuda_max_allocated_mb': 9}
{'event': 'train_progress', 'epoch': 1, 'batch': 1, 'batches': 118, 'time_group': 1, 'time_groups': 118, 'history_edges': 0, 'pos_edges': 1, 'neg_edges': 1, 'loss_recent': 0.6793205142021179, 'elapsed_sec': 1.2055567689239979, 'avg_sec_per_batch': 1.2055567689239979, 'cuda_allocated_mb': 44, 'cuda_reserved_mb': 90, 'cuda_max_allocated_mb': 80}
{'event': 'train_progress', 'epoch': 1, 'batch': 100, 'batches': 118, 'time_group': 100, 'time_groups': 118, 'history_edges': 2144, 'pos_edges': 38, 'neg_edges': 38, 'loss_recent': 1.7578474006056786, 'elapsed_sec': 20.877119697630405, 'avg_sec_per_batch': 0.20877119697630406, 'cuda_allocated_mb': 46, 'cuda_reserved_mb': 202, 'cuda_max_allocated_mb': 170}
{'event': 'train_time_group', 'epoch': 1, 'time_group': 118, 'time_groups': 118, 'batch': 117, 'batches': 118, 'time_value': 1966.0, 'group_batches': 1, 'history_edges': 3153, 'elapsed_sec': 25.127781745046377, 'cuda_allocated_mb': 45, 'cuda_reserved_mb': 222, 'cuda_max_allocated_mb': 190}
{'event': 'train_progress', 'epoch': 1, 'batch': 118, 'batches': 118, 'time_group': 118, 'time_groups': 118, 'history_edges': 3153, 'pos_edges': 91, 'neg_edges': 91, 'loss_recent': 2.340859858095646, 'elapsed_sec': 25.439072389155626, 'avg_sec_per_batch': 0.21558535923013242, 'cuda_allocated_mb': 48, 'cuda_reserved_mb': 222, 'cuda_max_allocated_mb': 193}
{'event': 'validation_start', 'epoch': 1}
{'event': 'validation_ranking_start', 'epoch': 1, 'max_edges': 5}
{'event': 'epoch_end', 'epoch': 1, 'early_stop_metric': 'val_composite', 'val_score': 0.13446429520758776, 'val_auc': 0.623516845703125, 'val_ap': 0.2599523402160494, 'val_ndcg': 0.7797608051105134, 'val_mrr': 0.011978960908212275, 'val_hits@1': 0.0, 'val_hits@10': 0.0, 'val_hits@50': 0.3, 'val_hits@100': 0.4, 'elapsed_sec': 30.036349575966597}
{'candidate': 'struct_history_role64_mlp_rankloss_probe_h96_r12_a12_p4x4_l1_neg1_lr0p001_hp0p25_sr0_sa0_rl0p05_m1_hinge', 'seed': 1, 'composite': nan, 'val_auc': 0.623516845703125, 'val_ap': 0.2599523402160494, 'val_ndcg': 0.7797608051105134, 'val_mrr': 0.011978960908212275, 'val_hits@1': 0.0, 'val_hits@10': 0.0, 'val_hits@50': 0.3, 'val_hits@100': 0.4, 'train_loss': 2.092485495290514, 'train_lp': 0.45001289021160645, 'train_align': 310.480484887705, 'train_kl': 875.8173540406308, 'train_ood_reg': 0.2175159747317686, 'train_meta': 0.4541960671796637, 'train_struct_aux': 0.0, 'train_weighted_align': 1.5524023865760004, 'train_weighted_kl': 0.08758173287072676, 'train_weighted_ood_reg': 0.0002175159855958832, 'train_weighted_meta': 0.00227098029562651, 'train_weighted_struct_aux': 0.0, 'train_rank': 0.4180239476687748, 'train_weighted_rank': 0.02090119770625695}
{'event': 'candidate_summary', 'candidate': 'struct_history_role64_mlp_rankloss_probe_h96_r12_a12_p4x4_l1_neg1_lr0p001_hp0p25_sr0_sa0_rl0p05_m1_hinge', 'score': 0.13446429520758776, 'passes_metric_minima': True, 'means': {'val_auc': 0.623516845703125, 'val_ap': 0.2599523402160494, 'val_mrr': 0.011978960908212275, 'val_hits@10': 0.0, 'val_ndcg': 0.7797608051105134}, 'seeds_completed': 1}
{'event': 'candidate_seed_start', 'candidate': 'struct_history_role64_mlp_rankloss_probe_h96_r12_a12_p4x4_l1_neg1_lr0p001_hp0p25_sr0_sa0_rl0p1_m0p75_hinge', 'seed': 1, 'device': 'cuda', 'node_text_device': 'cuda:0'}
{'event': 'train_seed_start', 'seed': 1, 'train_edges': 3244, 'val_edges': 6738, 'test_edges': 26719, 'num_nodes': 4197, 'num_relations': 19}
{'event': 'train_seed_tensors_ready', 'seed': 1, 'elapsed_sec': 0.019253462553024292, 'cuda_allocated_mb': 25, 'cuda_reserved_mb': 42, 'cuda_max_allocated_mb': 193}
{'event': 'train_known_facts_ready', 'seed': 1, 'scope': 'train', 'edges': 3244, 'elapsed_sec': 0.02083420753479004}
{'event': 'train_known_facts_ready', 'seed': 1, 'scope': 'train_val', 'edges': 9982, 'elapsed_sec': 0.022037610411643982}
{'event': 'train_sampler_ready', 'seed': 1, 'elapsed_sec': 0.02587614580988884}
{'event': 'val_sampler_ready', 'seed': 1, 'elapsed_sec': 0.02952597662806511}
{'event': 'epoch_start', 'epoch': 1, 'epochs': 1, 'batches': 118, 'time_groups': 118}
{'event': 'train_time_group', 'epoch': 1, 'time_group': 1, 'time_groups': 118, 'batch': 0, 'batches': 118, 'time_value': 600.0, 'group_batches': 1, 'history_edges': 0, 'elapsed_sec': 0.005386821925640106, 'cuda_allocated_mb': 26, 'cuda_reserved_mb': 44, 'cuda_max_allocated_mb': 193}
{'event': 'train_progress', 'epoch': 1, 'batch': 1, 'batches': 118, 'time_group': 1, 'time_groups': 118, 'history_edges': 0, 'pos_edges': 1, 'neg_edges': 1, 'loss_recent': 0.6793205142021179, 'elapsed_sec': 0.13786781206727028, 'avg_sec_per_batch': 0.13786781206727028, 'cuda_allocated_mb': 44, 'cuda_reserved_mb': 90, 'cuda_max_allocated_mb': 193}
{'event': 'train_progress', 'epoch': 1, 'batch': 100, 'batches': 118, 'time_group': 100, 'time_groups': 118, 'history_edges': 2144, 'pos_edges': 38, 'neg_edges': 38, 'loss_recent': 1.75732401907444, 'elapsed_sec': 19.913866106420755, 'avg_sec_per_batch': 0.19913866106420755, 'cuda_allocated_mb': 46, 'cuda_reserved_mb': 202, 'cuda_max_allocated_mb': 193}
{'event': 'train_time_group', 'epoch': 1, 'time_group': 118, 'time_groups': 118, 'batch': 117, 'batches': 118, 'time_value': 1966.0, 'group_batches': 1, 'history_edges': 3153, 'elapsed_sec': 24.66460110247135, 'cuda_allocated_mb': 45, 'cuda_reserved_mb': 222, 'cuda_max_allocated_mb': 193}
{'event': 'train_progress', 'epoch': 1, 'batch': 118, 'batches': 118, 'time_group': 118, 'time_groups': 118, 'history_edges': 3153, 'pos_edges': 91, 'neg_edges': 91, 'loss_recent': 2.34068130671978, 'elapsed_sec': 24.969808731228113, 'avg_sec_per_batch': 0.21160854856972977, 'cuda_allocated_mb': 48, 'cuda_reserved_mb': 222, 'cuda_max_allocated_mb': 193}
{'event': 'validation_start', 'epoch': 1}
{'event': 'validation_ranking_start', 'epoch': 1, 'max_edges': 5}
{'event': 'epoch_end', 'epoch': 1, 'early_stop_metric': 'val_composite', 'val_score': 0.13731507097451942, 'val_auc': 0.631793212890625, 'val_ap': 0.2659382072645661, 'val_ndcg': 0.7830692655209122, 'val_mrr': 0.014803205752657336, 'val_hits@1': 0.0, 'val_hits@10': 0.0, 'val_hits@50': 0.4, 'val_hits@100': 0.4, 'elapsed_sec': 30.650691490620375}
{'candidate': 'struct_history_role64_mlp_rankloss_probe_h96_r12_a12_p4x4_l1_neg1_lr0p001_hp0p25_sr0_sa0_rl0p1_m0p75_hinge', 'seed': 1, 'composite': nan, 'val_auc': 0.631793212890625, 'val_ap': 0.2659382072645661, 'val_ndcg': 0.7830692655209122, 'val_mrr': 0.014803205752657336, 'val_hits@1': 0.0, 'val_hits@10': 0.0, 'val_hits@50': 0.4, 'val_hits@100': 0.4, 'train_loss': 2.092345450389183, 'train_lp': 0.4491606900247477, 'train_align': 310.5244629282062, 'train_kl': 880.8080453387762, 'train_ood_reg': 0.217553347980572, 'train_meta': 0.45282825922309344, 'train_struct_aux': 0.0, 'train_weighted_align': 1.5526222721199994, 'train_weighted_kl': 0.08808080254564599, 'train_weighted_ood_reg': 0.00021755335738061595, 'train_weighted_meta': 0.0022641412348494375, 'train_weighted_struct_aux': 0.0, 'train_rank': 0.29797065027563246, 'train_weighted_rank': 0.02979706535786706}
{'event': 'candidate_summary', 'candidate': 'struct_history_role64_mlp_rankloss_probe_h96_r12_a12_p4x4_l1_neg1_lr0p001_hp0p25_sr0_sa0_rl0p1_m0p75_hinge', 'score': 0.13731507097451942, 'passes_metric_minima': True, 'means': {'val_auc': 0.631793212890625, 'val_ap': 0.2659382072645661, 'val_mrr': 0.014803205752657336, 'val_hits@10': 0.0, 'val_ndcg': 0.7830692655209122}, 'seeds_completed': 1}
{'event': 'candidate_seed_start', 'candidate': 'struct_history_role64_mlp_rankloss_probe_h96_r12_a12_p4x4_l1_neg1_lr0p001_hp0p5_sr0_sa0_rl0p05_m1_hinge', 'seed': 1, 'device': 'cuda', 'node_text_device': 'cuda:0'}
{'event': 'train_seed_start', 'seed': 1, 'train_edges': 3244, 'val_edges': 6738, 'test_edges': 26719, 'num_nodes': 4197, 'num_relations': 19}
{'event': 'train_seed_tensors_ready', 'seed': 1, 'elapsed_sec': 0.16227471828460693, 'cuda_allocated_mb': 25, 'cuda_reserved_mb': 42, 'cuda_max_allocated_mb': 193}
{'event': 'train_known_facts_ready', 'seed': 1, 'scope': 'train', 'edges': 3244, 'elapsed_sec': 0.1639041230082512}
{'event': 'train_known_facts_ready', 'seed': 1, 'scope': 'train_val', 'edges': 9982, 'elapsed_sec': 0.16515029966831207}
{'event': 'train_sampler_ready', 'seed': 1, 'elapsed_sec': 0.16904089972376823}
{'event': 'val_sampler_ready', 'seed': 1, 'elapsed_sec': 0.17269784212112427}
{'event': 'epoch_start', 'epoch': 1, 'epochs': 1, 'batches': 118, 'time_groups': 118}
{'event': 'train_time_group', 'epoch': 1, 'time_group': 1, 'time_groups': 118, 'batch': 0, 'batches': 118, 'time_value': 600.0, 'group_batches': 1, 'history_edges': 0, 'elapsed_sec': 0.005125772207975388, 'cuda_allocated_mb': 26, 'cuda_reserved_mb': 44, 'cuda_max_allocated_mb': 193}
{'event': 'train_progress', 'epoch': 1, 'batch': 1, 'batches': 118, 'time_group': 1, 'time_groups': 118, 'history_edges': 0, 'pos_edges': 1, 'neg_edges': 1, 'loss_recent': 0.6872363686561584, 'elapsed_sec': 0.14400525391101837, 'avg_sec_per_batch': 0.14400525391101837, 'cuda_allocated_mb': 44, 'cuda_reserved_mb': 90, 'cuda_max_allocated_mb': 193}
{'event': 'train_progress', 'epoch': 1, 'batch': 100, 'batches': 118, 'time_group': 100, 'time_groups': 118, 'history_edges': 2144, 'pos_edges': 38, 'neg_edges': 38, 'loss_recent': 1.7400170096755028, 'elapsed_sec': 27.023511961102486, 'avg_sec_per_batch': 0.27023511961102487, 'cuda_allocated_mb': 46, 'cuda_reserved_mb': 202, 'cuda_max_allocated_mb': 193}
{'event': 'train_time_group', 'epoch': 1, 'time_group': 118, 'time_groups': 118, 'batch': 117, 'batches': 118, 'time_value': 1966.0, 'group_batches': 1, 'history_edges': 3153, 'elapsed_sec': 33.66809856891632, 'cuda_allocated_mb': 45, 'cuda_reserved_mb': 222, 'cuda_max_allocated_mb': 193}
{'event': 'train_progress', 'epoch': 1, 'batch': 118, 'batches': 118, 'time_group': 118, 'time_groups': 118, 'history_edges': 3153, 'pos_edges': 91, 'neg_edges': 91, 'loss_recent': 2.32121144682169, 'elapsed_sec': 34.0728995911777, 'avg_sec_per_batch': 0.28875338636591275, 'cuda_allocated_mb': 48, 'cuda_reserved_mb': 222, 'cuda_max_allocated_mb': 193}
{'event': 'validation_start', 'epoch': 1}
{'event': 'validation_ranking_start', 'epoch': 1, 'max_edges': 5}
{'event': 'epoch_end', 'epoch': 1, 'early_stop_metric': 'val_composite', 'val_score': 0.13936861700604417, 'val_auc': 0.6240600585937499, 'val_ap': 0.2687316556284377, 'val_ndcg': 0.7870539963605112, 'val_mrr': 0.017624758066850963, 'val_hits@1': 0.0, 'val_hits@10': 0.0, 'val_hits@50': 0.4, 'val_hits@100': 0.5, 'elapsed_sec': 40.4444768615067}
{'candidate': 'struct_history_role64_mlp_rankloss_probe_h96_r12_a12_p4x4_l1_neg1_lr0p001_hp0p5_sr0_sa0_rl0p05_m1_hinge', 'seed': 1, 'composite': nan, 'val_auc': 0.6240600585937499, 'val_ap': 0.2687316556284377, 'val_ndcg': 0.7870539963605112, 'val_mrr': 0.017624758066850963, 'val_hits@1': 0.0, 'val_hits@10': 0.0, 'val_hits@50': 0.4, 'val_hits@100': 0.5, 'train_loss': 2.0742300574557255, 'train_lp': 0.43664420206668014, 'train_align': 309.6189339100304, 'train_kl': 870.7353053658695, 'train_ood_reg': 0.2174885299498752, 'train_meta': 0.44003959372639656, 'train_struct_aux': 0.0, 'train_weighted_align': 1.5480946392862727, 'train_weighted_kl': 0.08707352805787981, 'train_weighted_ood_reg': 0.00021748854006715593, 'train_weighted_meta': 0.0022001979210102235, 'train_weighted_struct_aux': 0.0, 'train_rank': 0.3765647611817566, 'train_weighted_rank': 0.018828238388207758}
{'event': 'candidate_summary', 'candidate': 'struct_history_role64_mlp_rankloss_probe_h96_r12_a12_p4x4_l1_neg1_lr0p001_hp0p5_sr0_sa0_rl0p05_m1_hinge', 'score': 0.13936861700604417, 'passes_metric_minima': True, 'means': {'val_auc': 0.6240600585937499, 'val_ap': 0.2687316556284377, 'val_mrr': 0.017624758066850963, 'val_hits@10': 0.0, 'val_ndcg': 0.7870539963605112}, 'seeds_completed': 1}
{'event': 'candidate_seed_start', 'candidate': 'struct_history_role64_mlp_rankloss_probe_h96_r12_a12_p4x4_l1_neg1_lr0p001_hp0p5_sr0_sa0_rl0p1_m0p75_hinge', 'seed': 1, 'device': 'cuda', 'node_text_device': 'cuda:0'}
{'event': 'train_seed_start', 'seed': 1, 'train_edges': 3244, 'val_edges': 6738, 'test_edges': 26719, 'num_nodes': 4197, 'num_relations': 19}
{'event': 'train_seed_tensors_ready', 'seed': 1, 'elapsed_sec': 0.05540958046913147, 'cuda_allocated_mb': 25, 'cuda_reserved_mb': 42, 'cuda_max_allocated_mb': 193}
{'event': 'train_known_facts_ready', 'seed': 1, 'scope': 'train', 'edges': 3244, 'elapsed_sec': 0.057070862501859665}
{'event': 'train_known_facts_ready', 'seed': 1, 'scope': 'train_val', 'edges': 9982, 'elapsed_sec': 0.05826859921216965}
{'event': 'train_sampler_ready', 'seed': 1, 'elapsed_sec': 0.06216888874769211}
{'event': 'val_sampler_ready', 'seed': 1, 'elapsed_sec': 0.06588756665587425}
{'event': 'epoch_start', 'epoch': 1, 'epochs': 1, 'batches': 118, 'time_groups': 118}
{'event': 'train_time_group', 'epoch': 1, 'time_group': 1, 'time_groups': 118, 'batch': 0, 'batches': 118, 'time_value': 600.0, 'group_batches': 1, 'history_edges': 0, 'elapsed_sec': 0.004694025963544846, 'cuda_allocated_mb': 26, 'cuda_reserved_mb': 44, 'cuda_max_allocated_mb': 193}
{'event': 'train_progress', 'epoch': 1, 'batch': 1, 'batches': 118, 'time_group': 1, 'time_groups': 118, 'history_edges': 0, 'pos_edges': 1, 'neg_edges': 1, 'loss_recent': 0.6872363686561584, 'elapsed_sec': 0.2453909069299698, 'avg_sec_per_batch': 0.2453909069299698, 'cuda_allocated_mb': 44, 'cuda_reserved_mb': 90, 'cuda_max_allocated_mb': 193}
