runtime_device=cuda
cuda_device=Tesla V100-PCIE-32GB
{'event': 'seed_start', 'dataset': 'tkgl-yago', 'ablation': 'full', 'seed': 2, 'device': 'cuda', 'node_text_device': 'cuda:0'}
{'event': 'train_seed_start', 'seed': 2, 'train_edges': 323080, 'val_edges': 39046, 'test_edges': 40052, 'num_nodes': 10585, 'num_relations': 20}
{'event': 'train_seed_tensors_ready', 'seed': 2, 'elapsed_sec': 0.010683190077543259, 'cuda_allocated_mb': 22, 'cuda_reserved_mb': 24, 'cuda_max_allocated_mb': 22}
{'event': 'train_known_facts_ready', 'seed': 2, 'scope': 'train', 'edges': 323080, 'elapsed_sec': 0.05397409200668335}
{'event': 'train_known_facts_ready', 'seed': 2, 'scope': 'train_val', 'edges': 362126, 'elapsed_sec': 0.11053308099508286}
{'event': 'train_sampler_ready', 'seed': 2, 'elapsed_sec': 0.20972953736782074}
{'event': 'val_sampler_ready', 'seed': 2, 'elapsed_sec': 0.3018629923462868}
{'event': 'epoch_start', 'epoch': 1, 'epochs': 24, 'batches': 195, 'time_groups': 178}
{'event': 'train_time_group', 'epoch': 1, 'time_group': 1, 'time_groups': 178, 'batch': 0, 'batches': 195, 'time_value': 0.0, 'group_batches': 1, 'history_edges': 0, 'elapsed_sec': 0.0417705662548542, 'cuda_allocated_mb': 30, 'cuda_reserved_mb': 44, 'cuda_max_allocated_mb': 30}
{'event': 'train_progress', 'epoch': 1, 'batch': 1, 'batches': 195, 'time_group': 1, 'time_groups': 178, 'history_edges': 0, 'pos_edges': 942, 'neg_edges': 942, 'loss_recent': 61.55708694458008, 'elapsed_sec': 2.1480619460344315, 'avg_sec_per_batch': 2.1480619460344315, 'cuda_allocated_mb': 135, 'cuda_reserved_mb': 390, 'cuda_max_allocated_mb': 362}
{'event': 'train_progress', 'epoch': 1, 'batch': 100, 'batches': 195, 'time_group': 100, 'time_groups': 178, 'history_edges': 64610, 'pos_edges': 1538, 'neg_edges': 1538, 'loss_recent': 36.88859699249267, 'elapsed_sec': 87.53062641620636, 'avg_sec_per_batch': 0.8753062641620636, 'cuda_allocated_mb': 155, 'cuda_reserved_mb': 1760, 'cuda_max_allocated_mb': 1636}
{'event': 'train_progress', 'epoch': 1, 'batch': 151, 'batches': 195, 'time_group': 151, 'time_groups': 178, 'history_edges': 188944, 'pos_edges': 3386, 'neg_edges': 3386, 'loss_recent': 89.3627227973938, 'elapsed_sec': 208.89451565220952, 'avg_sec_per_batch': 1.3834073884252287, 'cuda_allocated_mb': 219, 'cuda_reserved_mb': 4172, 'cuda_max_allocated_mb': 4107}
{'event': 'train_progress', 'epoch': 1, 'batch': 192, 'batches': 195, 'time_group': 177, 'time_groups': 178, 'history_edges': 308632, 'pos_edges': 4096, 'neg_edges': 4096, 'loss_recent': 138.18424105882644, 'elapsed_sec': 330.296039968729, 'avg_sec_per_batch': 1.7202918748371303, 'cuda_allocated_mb': 220, 'cuda_reserved_mb': 6358, 'cuda_max_allocated_mb': 6268}
{'event': 'train_time_group', 'epoch': 1, 'time_group': 178, 'time_groups': 178, 'batch': 193, 'batches': 195, 'time_value': 177.0, 'group_batches': 2, 'history_edges': 315692, 'elapsed_sec': 333.5446184910834, 'cuda_allocated_mb': 91, 'cuda_reserved_mb': 6358, 'cuda_max_allocated_mb': 6268}
{'event': 'train_progress', 'epoch': 1, 'batch': 195, 'batches': 195, 'time_group': 178, 'time_groups': 178, 'history_edges': 315692, 'pos_edges': 3292, 'neg_edges': 3292, 'loss_recent': 142.0745822453499, 'elapsed_sec': 340.85379157960415, 'avg_sec_per_batch': 1.747968161946688, 'cuda_allocated_mb': 220, 'cuda_reserved_mb': 6458, 'cuda_max_allocated_mb': 6377}
{'event': 'validation_start', 'epoch': 1}
{'event': 'validation_ranking_start', 'epoch': 1, 'max_edges': 75}
{'event': 'epoch_end', 'epoch': 1, 'early_stop_metric': 'val_composite', 'val_score': 0.8998174185174634, 'val_auc': 0.9450637015345835, 'val_ap': 0.8685135596929555, 'val_ndcg': 0.9821599688916707, 'val_mrr': 0.8828090718619145, 'val_hits@1': 0.86, 'val_hits@10': 0.9133333333333333, 'val_hits@50': 0.9133333333333333, 'val_hits@100': 0.9133333333333333, 'elapsed_sec': 535.500130482018}
{'event': 'epoch_start', 'epoch': 2, 'epochs': 24, 'batches': 195, 'time_groups': 178}
{'event': 'train_time_group', 'epoch': 2, 'time_group': 1, 'time_groups': 178, 'batch': 0, 'batches': 195, 'time_value': 0.0, 'group_batches': 1, 'history_edges': 0, 'elapsed_sec': 0.22576309368014336, 'cuda_allocated_mb': 91, 'cuda_reserved_mb': 6542, 'cuda_max_allocated_mb': 6377}
{'event': 'train_progress', 'epoch': 2, 'batch': 1, 'batches': 195, 'time_group': 1, 'time_groups': 178, 'history_edges': 0, 'pos_edges': 942, 'neg_edges': 942, 'loss_recent': 60.04864501953125, 'elapsed_sec': 0.78979666903615, 'avg_sec_per_batch': 0.78979666903615, 'cuda_allocated_mb': 136, 'cuda_reserved_mb': 6542, 'cuda_max_allocated_mb': 6377}
{'event': 'train_progress', 'epoch': 2, 'batch': 100, 'batches': 195, 'time_group': 100, 'time_groups': 178, 'history_edges': 64610, 'pos_edges': 1538, 'neg_edges': 1538, 'loss_recent': 31.284700450897216, 'elapsed_sec': 75.19036538898945, 'avg_sec_per_batch': 0.7519036538898944, 'cuda_allocated_mb': 155, 'cuda_reserved_mb': 6542, 'cuda_max_allocated_mb': 6377}
{'event': 'train_progress', 'epoch': 2, 'batch': 152, 'batches': 195, 'time_group': 152, 'time_groups': 178, 'history_edges': 192330, 'pos_edges': 3412, 'neg_edges': 3412, 'loss_recent': 78.6531725692749, 'elapsed_sec': 195.50441431254148, 'avg_sec_per_batch': 1.286213252056194, 'cuda_allocated_mb': 219, 'cuda_reserved_mb': 6542, 'cuda_max_allocated_mb': 6377}
{'event': 'train_time_group', 'epoch': 2, 'time_group': 178, 'time_groups': 178, 'batch': 193, 'batches': 195, 'time_value': 177.0, 'group_batches': 2, 'history_edges': 315692, 'elapsed_sec': 306.84439823776484, 'cuda_allocated_mb': 91, 'cuda_reserved_mb': 6542, 'cuda_max_allocated_mb': 6377}
{'event': 'train_progress', 'epoch': 2, 'batch': 195, 'batches': 195, 'time_group': 178, 'time_groups': 178, 'history_edges': 315692, 'pos_edges': 3292, 'neg_edges': 3292, 'loss_recent': 122.19190519094467, 'elapsed_sec': 313.555216640234, 'avg_sec_per_batch': 1.607975469949918, 'cuda_allocated_mb': 220, 'cuda_reserved_mb': 6542, 'cuda_max_allocated_mb': 6377}
{'event': 'validation_start', 'epoch': 2}
{'event': 'validation_ranking_start', 'epoch': 2, 'max_edges': 75}
{'event': 'epoch_end', 'epoch': 2, 'early_stop_metric': 'val_composite', 'val_score': 0.8987586206569101, 'val_auc': 0.943332136819389, 'val_ap': 0.867037641062934, 'val_ndcg': 0.9818731279751679, 'val_mrr': 0.8813647763846344, 'val_hits@1': 0.86, 'val_hits@10': 0.9133333333333333, 'val_hits@50': 0.9133333333333333, 'val_hits@100': 0.9133333333333333, 'elapsed_sec': 512.2458143793046}
{'event': 'epoch_start', 'epoch': 3, 'epochs': 24, 'batches': 195, 'time_groups': 178}
{'event': 'train_time_group', 'epoch': 3, 'time_group': 1, 'time_groups': 178, 'batch': 0, 'batches': 195, 'time_value': 0.0, 'group_batches': 1, 'history_edges': 0, 'elapsed_sec': 0.05610644072294235, 'cuda_allocated_mb': 91, 'cuda_reserved_mb': 6542, 'cuda_max_allocated_mb': 6377}
{'event': 'train_progress', 'epoch': 3, 'batch': 1, 'batches': 195, 'time_group': 1, 'time_groups': 178, 'history_edges': 0, 'pos_edges': 942, 'neg_edges': 942, 'loss_recent': 63.051124572753906, 'elapsed_sec': 0.7077650353312492, 'avg_sec_per_batch': 0.7077650353312492, 'cuda_allocated_mb': 135, 'cuda_reserved_mb': 6542, 'cuda_max_allocated_mb': 6377}
{'event': 'train_progress', 'epoch': 3, 'batch': 100, 'batches': 195, 'time_group': 100, 'time_groups': 178, 'history_edges': 64610, 'pos_edges': 1538, 'neg_edges': 1538, 'loss_recent': 26.79435697555542, 'elapsed_sec': 77.41751208156347, 'avg_sec_per_batch': 0.7741751208156348, 'cuda_allocated_mb': 155, 'cuda_reserved_mb': 6542, 'cuda_max_allocated_mb': 6377}
{'event': 'train_progress', 'epoch': 3, 'batch': 152, 'batches': 195, 'time_group': 152, 'time_groups': 178, 'history_edges': 192330, 'pos_edges': 3412, 'neg_edges': 3412, 'loss_recent': 67.43895654678344, 'elapsed_sec': 199.72478226572275, 'avg_sec_per_batch': 1.3139788306955444, 'cuda_allocated_mb': 219, 'cuda_reserved_mb': 6542, 'cuda_max_allocated_mb': 6377}
{'event': 'train_time_group', 'epoch': 3, 'time_group': 178, 'time_groups': 178, 'batch': 193, 'batches': 195, 'time_value': 177.0, 'group_batches': 2, 'history_edges': 315692, 'elapsed_sec': 309.18714418262243, 'cuda_allocated_mb': 91, 'cuda_reserved_mb': 6542, 'cuda_max_allocated_mb': 6377}
{'event': 'train_progress', 'epoch': 3, 'batch': 195, 'batches': 195, 'time_group': 178, 'time_groups': 178, 'history_edges': 315692, 'pos_edges': 3292, 'neg_edges': 3292, 'loss_recent': 105.80318003058433, 'elapsed_sec': 314.3848985694349, 'avg_sec_per_batch': 1.612230249074025, 'cuda_allocated_mb': 220, 'cuda_reserved_mb': 6562, 'cuda_max_allocated_mb': 6381}
{'event': 'validation_start', 'epoch': 3}
{'event': 'validation_ranking_start', 'epoch': 3, 'max_edges': 75}
{'event': 'epoch_end', 'epoch': 3, 'early_stop_metric': 'val_composite', 'val_score': 0.8977358380520826, 'val_auc': 0.9441570891044658, 'val_ap': 0.8691063479995802, 'val_ndcg': 0.9822073178500693, 'val_mrr': 0.8812159325571641, 'val_hits@1': 0.86, 'val_hits@10': 0.9066666666666666, 'val_hits@50': 0.9066666666666666, 'val_hits@100': 0.9066666666666666, 'elapsed_sec': 497.43731527402997}
{'event': 'epoch_start', 'epoch': 4, 'epochs': 24, 'batches': 195, 'time_groups': 178}
{'event': 'train_time_group', 'epoch': 4, 'time_group': 1, 'time_groups': 178, 'batch': 0, 'batches': 195, 'time_value': 0.0, 'group_batches': 1, 'history_edges': 0, 'elapsed_sec': 0.055884383618831635, 'cuda_allocated_mb': 91, 'cuda_reserved_mb': 6562, 'cuda_max_allocated_mb': 6381}
{'event': 'train_progress', 'epoch': 4, 'batch': 1, 'batches': 195, 'time_group': 1, 'time_groups': 178, 'history_edges': 0, 'pos_edges': 942, 'neg_edges': 942, 'loss_recent': 69.94879913330078, 'elapsed_sec': 0.613361518830061, 'avg_sec_per_batch': 0.613361518830061, 'cuda_allocated_mb': 135, 'cuda_reserved_mb': 6562, 'cuda_max_allocated_mb': 6381}
{'event': 'train_progress', 'epoch': 4, 'batch': 100, 'batches': 195, 'time_group': 100, 'time_groups': 178, 'history_edges': 64610, 'pos_edges': 1538, 'neg_edges': 1538, 'loss_recent': 23.85814877510071, 'elapsed_sec': 68.36394438147545, 'avg_sec_per_batch': 0.6836394438147545, 'cuda_allocated_mb': 153, 'cuda_reserved_mb': 6562, 'cuda_max_allocated_mb': 6381}
{'event': 'train_progress', 'epoch': 4, 'batch': 152, 'batches': 195, 'time_group': 152, 'time_groups': 178, 'history_edges': 192330, 'pos_edges': 3412, 'neg_edges': 3412, 'loss_recent': 61.097322673797606, 'elapsed_sec': 189.82818757742643, 'avg_sec_per_batch': 1.2488696551146476, 'cuda_allocated_mb': 219, 'cuda_reserved_mb': 6562, 'cuda_max_allocated_mb': 6381}
{'event': 'train_time_group', 'epoch': 4, 'time_group': 178, 'time_groups': 178, 'batch': 193, 'batches': 195, 'time_value': 177.0, 'group_batches': 2, 'history_edges': 315692, 'elapsed_sec': 298.9020219966769, 'cuda_allocated_mb': 91, 'cuda_reserved_mb': 6562, 'cuda_max_allocated_mb': 6381}
{'event': 'train_progress', 'epoch': 4, 'batch': 195, 'batches': 195, 'time_group': 178, 'time_groups': 178, 'history_edges': 315692, 'pos_edges': 3292, 'neg_edges': 3292, 'loss_recent': 97.29150379419326, 'elapsed_sec': 306.18674052134156, 'avg_sec_per_batch': 1.5701884129299568, 'cuda_allocated_mb': 220, 'cuda_reserved_mb': 6562, 'cuda_max_allocated_mb': 6391}
{'event': 'validation_start', 'epoch': 4}
{'event': 'validation_ranking_start', 'epoch': 4, 'max_edges': 75}
{'event': 'epoch_end', 'epoch': 4, 'early_stop_metric': 'val_composite', 'val_score': 0.8998491422677523, 'val_auc': 0.9443507606670067, 'val_ap': 0.870548812129683, 'val_ndcg': 0.9823777269398258, 'val_mrr': 0.8822896861086003, 'val_hits@1': 0.86, 'val_hits@10': 0.9133333333333333, 'val_hits@50': 0.9133333333333333, 'val_hits@100': 0.9133333333333333, 'elapsed_sec': 493.9331710264087}
{'event': 'epoch_start', 'epoch': 5, 'epochs': 24, 'batches': 195, 'time_groups': 178}
{'event': 'train_time_group', 'epoch': 5, 'time_group': 1, 'time_groups': 178, 'batch': 0, 'batches': 195, 'time_value': 0.0, 'group_batches': 1, 'history_edges': 0, 'elapsed_sec': 0.0573575533926487, 'cuda_allocated_mb': 91, 'cuda_reserved_mb': 6562, 'cuda_max_allocated_mb': 6391}
{'event': 'train_progress', 'epoch': 5, 'batch': 1, 'batches': 195, 'time_group': 1, 'time_groups': 178, 'history_edges': 0, 'pos_edges': 942, 'neg_edges': 942, 'loss_recent': 77.09225463867188, 'elapsed_sec': 0.6507220640778542, 'avg_sec_per_batch': 0.6507220640778542, 'cuda_allocated_mb': 136, 'cuda_reserved_mb': 6562, 'cuda_max_allocated_mb': 6391}
{'event': 'train_progress', 'epoch': 5, 'batch': 100, 'batches': 195, 'time_group': 100, 'time_groups': 178, 'history_edges': 64610, 'pos_edges': 1538, 'neg_edges': 1538, 'loss_recent': 22.195288362503053, 'elapsed_sec': 73.24946201220155, 'avg_sec_per_batch': 0.7324946201220155, 'cuda_allocated_mb': 154, 'cuda_reserved_mb': 6562, 'cuda_max_allocated_mb': 6391}
{'event': 'train_progress', 'epoch': 5, 'batch': 151, 'batches': 195, 'time_group': 151, 'time_groups': 178, 'history_edges': 188944, 'pos_edges': 3386, 'neg_edges': 3386, 'loss_recent': 56.623742504119875, 'elapsed_sec': 194.14943689852953, 'avg_sec_per_batch': 1.2857578602551625, 'cuda_allocated_mb': 219, 'cuda_reserved_mb': 6562, 'cuda_max_allocated_mb': 6391}
{'event': 'train_time_group', 'epoch': 5, 'time_group': 178, 'time_groups': 178, 'batch': 193, 'batches': 195, 'time_value': 177.0, 'group_batches': 2, 'history_edges': 315692, 'elapsed_sec': 311.444183062762, 'cuda_allocated_mb': 91, 'cuda_reserved_mb': 6562, 'cuda_max_allocated_mb': 6391}
{'event': 'train_progress', 'epoch': 5, 'batch': 195, 'batches': 195, 'time_group': 178, 'time_groups': 178, 'history_edges': 315692, 'pos_edges': 3292, 'neg_edges': 3292, 'loss_recent': 92.42352043867112, 'elapsed_sec': 316.92826053127646, 'avg_sec_per_batch': 1.625273130929623, 'cuda_allocated_mb': 220, 'cuda_reserved_mb': 6562, 'cuda_max_allocated_mb': 6391}
{'event': 'validation_start', 'epoch': 5}
{'event': 'validation_ranking_start', 'epoch': 5, 'max_edges': 75}
{'event': 'epoch_end', 'epoch': 5, 'early_stop_metric': 'val_composite', 'val_score': 0.9011628401615883, 'val_auc': 0.9456696515471834, 'val_ap': 0.8744010112326752, 'val_ndcg': 0.9828647854888034, 'val_mrr': 0.883532121367562, 'val_hits@1': 0.86, 'val_hits@10': 0.9133333333333333, 'val_hits@50': 0.9133333333333333, 'val_hits@100': 0.9266666666666666, 'elapsed_sec': 501.13422275334597}
{'event': 'epoch_start', 'epoch': 6, 'epochs': 24, 'batches': 195, 'time_groups': 178}
{'event': 'train_time_group', 'epoch': 6, 'time_group': 1, 'time_groups': 178, 'batch': 0, 'batches': 195, 'time_value': 0.0, 'group_batches': 1, 'history_edges': 0, 'elapsed_sec': 0.23687629774212837, 'cuda_allocated_mb': 91, 'cuda_reserved_mb': 6562, 'cuda_max_allocated_mb': 6391}
{'event': 'train_progress', 'epoch': 6, 'batch': 1, 'batches': 195, 'time_group': 1, 'time_groups': 178, 'history_edges': 0, 'pos_edges': 942, 'neg_edges': 942, 'loss_recent': 88.71097564697266, 'elapsed_sec': 0.835718434303999, 'avg_sec_per_batch': 0.835718434303999, 'cuda_allocated_mb': 135, 'cuda_reserved_mb': 6562, 'cuda_max_allocated_mb': 6391}
{'event': 'train_progress', 'epoch': 6, 'batch': 100, 'batches': 195, 'time_group': 100, 'time_groups': 178, 'history_edges': 64610, 'pos_edges': 1538, 'neg_edges': 1538, 'loss_recent': 21.121911144256593, 'elapsed_sec': 74.87629930302501, 'avg_sec_per_batch': 0.7487629930302501, 'cuda_allocated_mb': 155, 'cuda_reserved_mb': 6562, 'cuda_max_allocated_mb': 6391}
{'event': 'train_progress', 'epoch': 6, 'batch': 152, 'batches': 195, 'time_group': 152, 'time_groups': 178, 'history_edges': 192330, 'pos_edges': 3412, 'neg_edges': 3412, 'loss_recent': 55.10308188438415, 'elapsed_sec': 196.54893830046058, 'avg_sec_per_batch': 1.293085120397767, 'cuda_allocated_mb': 219, 'cuda_reserved_mb': 6562, 'cuda_max_allocated_mb': 6391}
{'event': 'train_time_group', 'epoch': 6, 'time_group': 178, 'time_groups': 178, 'batch': 193, 'batches': 195, 'time_value': 177.0, 'group_batches': 2, 'history_edges': 315692, 'elapsed_sec': 307.0619840249419, 'cuda_allocated_mb': 91, 'cuda_reserved_mb': 6562, 'cuda_max_allocated_mb': 6391}
{'event': 'train_progress', 'epoch': 6, 'batch': 195, 'batches': 195, 'time_group': 178, 'time_groups': 178, 'history_edges': 315692, 'pos_edges': 3292, 'neg_edges': 3292, 'loss_recent': 89.24523607969284, 'elapsed_sec': 312.4134386703372, 'avg_sec_per_batch': 1.6021201983094215, 'cuda_allocated_mb': 220, 'cuda_reserved_mb': 6562, 'cuda_max_allocated_mb': 6391}
{'event': 'validation_start', 'epoch': 6}
{'event': 'validation_ranking_start', 'epoch': 6, 'max_edges': 75}
{'event': 'epoch_end', 'epoch': 6, 'early_stop_metric': 'val_composite', 'val_score': 0.8997138603085059, 'val_auc': 0.9489276788345649, 'val_ap': 0.8825953354214389, 'val_ndcg': 0.984144195576546, 'val_mrr': 0.8802608463251475, 'val_hits@1': 0.86, 'val_hits@10': 0.9066666666666666, 'val_hits@50': 0.9133333333333333, 'val_hits@100': 0.9133333333333333, 'elapsed_sec': 495.5419981330633}
{'event': 'epoch_start', 'epoch': 7, 'epochs': 24, 'batches': 195, 'time_groups': 178}
{'event': 'train_time_group', 'epoch': 7, 'time_group': 1, 'time_groups': 178, 'batch': 0, 'batches': 195, 'time_value': 0.0, 'group_batches': 1, 'history_edges': 0, 'elapsed_sec': 0.2516584284603596, 'cuda_allocated_mb': 91, 'cuda_reserved_mb': 6562, 'cuda_max_allocated_mb': 6391}
{'event': 'train_progress', 'epoch': 7, 'batch': 1, 'batches': 195, 'time_group': 1, 'time_groups': 178, 'history_edges': 0, 'pos_edges': 942, 'neg_edges': 942, 'loss_recent': 99.48775482177734, 'elapsed_sec': 0.8451151475310326, 'avg_sec_per_batch': 0.8451151475310326, 'cuda_allocated_mb': 136, 'cuda_reserved_mb': 6562, 'cuda_max_allocated_mb': 6391}
{'event': 'train_progress', 'epoch': 7, 'batch': 100, 'batches': 195, 'time_group': 100, 'time_groups': 178, 'history_edges': 64610, 'pos_edges': 1538, 'neg_edges': 1538, 'loss_recent': 20.47165294647217, 'elapsed_sec': 79.36763655021787, 'avg_sec_per_batch': 0.7936763655021787, 'cuda_allocated_mb': 154, 'cuda_reserved_mb': 6562, 'cuda_max_allocated_mb': 6391}
{'event': 'train_time_group', 'epoch': 7, 'time_group': 152, 'time_groups': 178, 'batch': 151, 'batches': 195, 'time_value': 151.0, 'group_batches': 1, 'history_edges': 192330, 'elapsed_sec': 199.45799209922552, 'cuda_allocated_mb': 91, 'cuda_reserved_mb': 6562, 'cuda_max_allocated_mb': 6391}
{'event': 'train_time_group', 'epoch': 7, 'time_group': 178, 'time_groups': 178, 'batch': 193, 'batches': 195, 'time_value': 177.0, 'group_batches': 2, 'history_edges': 315692, 'elapsed_sec': 316.59265231341124, 'cuda_allocated_mb': 91, 'cuda_reserved_mb': 6562, 'cuda_max_allocated_mb': 6391}
{'event': 'train_progress', 'epoch': 7, 'batch': 195, 'batches': 195, 'time_group': 178, 'time_groups': 178, 'history_edges': 315692, 'pos_edges': 3292, 'neg_edges': 3292, 'loss_recent': 87.49594887137413, 'elapsed_sec': 323.73003028705716, 'avg_sec_per_batch': 1.660154001472088, 'cuda_allocated_mb': 220, 'cuda_reserved_mb': 6562, 'cuda_max_allocated_mb': 6391}
{'event': 'validation_start', 'epoch': 7}
{'event': 'validation_ranking_start', 'epoch': 7, 'max_edges': 75}
{'event': 'epoch_end', 'epoch': 7, 'early_stop_metric': 'val_composite', 'val_score': 0.9031390472898624, 'val_auc': 0.9500099829782709, 'val_ap': 0.8872623417839876, 'val_ndcg': 0.9846991462866507, 'val_mrr': 0.882825231156038, 'val_hits@1': 0.86, 'val_hits@10': 0.9133333333333333, 'val_hits@50': 0.9133333333333333, 'val_hits@100': 0.9133333333333333, 'elapsed_sec': 505.9595300555229}
{'event': 'epoch_start', 'epoch': 8, 'epochs': 24, 'batches': 195, 'time_groups': 178}
{'event': 'train_time_group', 'epoch': 8, 'time_group': 1, 'time_groups': 178, 'batch': 0, 'batches': 195, 'time_value': 0.0, 'group_batches': 1, 'history_edges': 0, 'elapsed_sec': 0.06287141144275665, 'cuda_allocated_mb': 91, 'cuda_reserved_mb': 6562, 'cuda_max_allocated_mb': 6391}
{'event': 'train_progress', 'epoch': 8, 'batch': 1, 'batches': 195, 'time_group': 1, 'time_groups': 178, 'history_edges': 0, 'pos_edges': 942, 'neg_edges': 942, 'loss_recent': 117.78660583496094, 'elapsed_sec': 0.7031120769679546, 'avg_sec_per_batch': 0.7031120769679546, 'cuda_allocated_mb': 136, 'cuda_reserved_mb': 6562, 'cuda_max_allocated_mb': 6391}
{'event': 'train_progress', 'epoch': 8, 'batch': 100, 'batches': 195, 'time_group': 100, 'time_groups': 178, 'history_edges': 64610, 'pos_edges': 1538, 'neg_edges': 1538, 'loss_recent': 20.19592418670654, 'elapsed_sec': 75.01373261585832, 'avg_sec_per_batch': 0.7501373261585832, 'cuda_allocated_mb': 155, 'cuda_reserved_mb': 6562, 'cuda_max_allocated_mb': 6391}
{'event': 'train_progress', 'epoch': 8, 'batch': 151, 'batches': 195, 'time_group': 151, 'time_groups': 178, 'history_edges': 188944, 'pos_edges': 3386, 'neg_edges': 3386, 'loss_recent': 52.093129081726076, 'elapsed_sec': 195.07366886734962, 'avg_sec_per_batch': 1.2918786017705273, 'cuda_allocated_mb': 219, 'cuda_reserved_mb': 6562, 'cuda_max_allocated_mb': 6391}
{'event': 'train_time_group', 'epoch': 8, 'time_group': 178, 'time_groups': 178, 'batch': 193, 'batches': 195, 'time_value': 177.0, 'group_batches': 2, 'history_edges': 315692, 'elapsed_sec': 302.22012758627534, 'cuda_allocated_mb': 91, 'cuda_reserved_mb': 6562, 'cuda_max_allocated_mb': 6391}
{'event': 'train_progress', 'epoch': 8, 'batch': 195, 'batches': 195, 'time_group': 178, 'time_groups': 178, 'history_edges': 315692, 'pos_edges': 3292, 'neg_edges': 3292, 'loss_recent': 86.68014366030692, 'elapsed_sec': 307.7651912383735, 'avg_sec_per_batch': 1.578283031991659, 'cuda_allocated_mb': 220, 'cuda_reserved_mb': 6562, 'cuda_max_allocated_mb': 6391}
{'event': 'validation_start', 'epoch': 8}
{'event': 'validation_ranking_start', 'epoch': 8, 'max_edges': 75}
{'event': 'epoch_end', 'epoch': 8, 'early_stop_metric': 'val_composite', 'val_score': 0.9017230660523803, 'val_auc': 0.9521915939011637, 'val_ap': 0.8907319988725735, 'val_ndcg': 0.9852642952115099, 'val_mrr': 0.8812878473439033, 'val_hits@1': 0.86, 'val_hits@10': 0.9066666666666666, 'val_hits@50': 0.9066666666666666, 'val_hits@100': 0.9133333333333333, 'elapsed_sec': 480.9060276001692}
{'event': 'epoch_start', 'epoch': 9, 'epochs': 24, 'batches': 195, 'time_groups': 178}
{'event': 'train_time_group', 'epoch': 9, 'time_group': 1, 'time_groups': 178, 'batch': 0, 'batches': 195, 'time_value': 0.0, 'group_batches': 1, 'history_edges': 0, 'elapsed_sec': 0.05809800699353218, 'cuda_allocated_mb': 91, 'cuda_reserved_mb': 6562, 'cuda_max_allocated_mb': 6391}
{'event': 'train_progress', 'epoch': 9, 'batch': 1, 'batches': 195, 'time_group': 1, 'time_groups': 178, 'history_edges': 0, 'pos_edges': 942, 'neg_edges': 942, 'loss_recent': 131.08868408203125, 'elapsed_sec': 0.6170833818614483, 'avg_sec_per_batch': 0.6170833818614483, 'cuda_allocated_mb': 134, 'cuda_reserved_mb': 6562, 'cuda_max_allocated_mb': 6391}
{'event': 'train_progress', 'epoch': 9, 'batch': 100, 'batches': 195, 'time_group': 100, 'time_groups': 178, 'history_edges': 64610, 'pos_edges': 1538, 'neg_edges': 1538, 'loss_recent': 20.094084339141844, 'elapsed_sec': 63.91057826206088, 'avg_sec_per_batch': 0.6391057826206088, 'cuda_allocated_mb': 155, 'cuda_reserved_mb': 6562, 'cuda_max_allocated_mb': 6391}
{'event': 'train_progress', 'epoch': 9, 'batch': 152, 'batches': 195, 'time_group': 152, 'time_groups': 178, 'history_edges': 192330, 'pos_edges': 3412, 'neg_edges': 3412, 'loss_recent': 52.651587371826174, 'elapsed_sec': 185.79440826550126, 'avg_sec_per_batch': 1.2223316333256662, 'cuda_allocated_mb': 220, 'cuda_reserved_mb': 6562, 'cuda_max_allocated_mb': 6391}
{'event': 'train_time_group', 'epoch': 9, 'time_group': 178, 'time_groups': 178, 'batch': 193, 'batches': 195, 'time_value': 177.0, 'group_batches': 2, 'history_edges': 315692, 'elapsed_sec': 291.68323370069265, 'cuda_allocated_mb': 91, 'cuda_reserved_mb': 6562, 'cuda_max_allocated_mb': 6391}
{'event': 'train_progress', 'epoch': 9, 'batch': 195, 'batches': 195, 'time_group': 178, 'time_groups': 178, 'history_edges': 315692, 'pos_edges': 3292, 'neg_edges': 3292, 'loss_recent': 86.15957088589668, 'elapsed_sec': 297.6527838744223, 'avg_sec_per_batch': 1.526424532689345, 'cuda_allocated_mb': 220, 'cuda_reserved_mb': 6562, 'cuda_max_allocated_mb': 6391}
{'event': 'validation_start', 'epoch': 9}
{'event': 'validation_ranking_start', 'epoch': 9, 'max_edges': 75}
{'event': 'epoch_end', 'epoch': 9, 'early_stop_metric': 'val_composite', 'val_score': 0.9035555579429481, 'val_auc': 0.9512351248904463, 'val_ap': 0.8901402705481061, 'val_ndcg': 0.9850924623206514, 'val_mrr': 0.8825936964349561, 'val_hits@1': 0.86, 'val_hits@10': 0.9133333333333333, 'val_hits@50': 0.92, 'val_hits@100': 0.9266666666666666, 'elapsed_sec': 460.07503639906645}
{'event': 'epoch_start', 'epoch': 10, 'epochs': 24, 'batches': 195, 'time_groups': 178}
{'event': 'train_time_group', 'epoch': 10, 'time_group': 1, 'time_groups': 178, 'batch': 0, 'batches': 195, 'time_value': 0.0, 'group_batches': 1, 'history_edges': 0, 'elapsed_sec': 0.05854310467839241, 'cuda_allocated_mb': 91, 'cuda_reserved_mb': 6562, 'cuda_max_allocated_mb': 6391}
{'event': 'train_progress', 'epoch': 10, 'batch': 1, 'batches': 195, 'time_group': 1, 'time_groups': 178, 'history_edges': 0, 'pos_edges': 942, 'neg_edges': 942, 'loss_recent': 145.3849334716797, 'elapsed_sec': 0.6213471665978432, 'avg_sec_per_batch': 0.6213471665978432, 'cuda_allocated_mb': 136, 'cuda_reserved_mb': 6562, 'cuda_max_allocated_mb': 6391}
{'event': 'train_progress', 'epoch': 10, 'batch': 100, 'batches': 195, 'time_group': 100, 'time_groups': 178, 'history_edges': 64610, 'pos_edges': 1538, 'neg_edges': 1538, 'loss_recent': 20.04404273033142, 'elapsed_sec': 67.12479198724031, 'avg_sec_per_batch': 0.6712479198724032, 'cuda_allocated_mb': 155, 'cuda_reserved_mb': 6562, 'cuda_max_allocated_mb': 6391}
{'event': 'train_progress', 'epoch': 10, 'batch': 153, 'batches': 195, 'time_group': 153, 'time_groups': 178, 'history_edges': 195742, 'pos_edges': 3424, 'neg_edges': 3424, 'loss_recent': 53.29972197532654, 'elapsed_sec': 188.89457148313522, 'avg_sec_per_batch': 1.234605042373433, 'cuda_allocated_mb': 219, 'cuda_reserved_mb': 6562, 'cuda_max_allocated_mb': 6391}
{'event': 'train_time_group', 'epoch': 10, 'time_group': 178, 'time_groups': 178, 'batch': 193, 'batches': 195, 'time_value': 177.0, 'group_batches': 2, 'history_edges': 315692, 'elapsed_sec': 289.65800408646464, 'cuda_allocated_mb': 91, 'cuda_reserved_mb': 6562, 'cuda_max_allocated_mb': 6391}
{'event': 'train_progress', 'epoch': 10, 'batch': 195, 'batches': 195, 'time_group': 178, 'time_groups': 178, 'history_edges': 315692, 'pos_edges': 3292, 'neg_edges': 3292, 'loss_recent': 85.8366202545166, 'elapsed_sec': 295.11234264820814, 'avg_sec_per_batch': 1.51339662896517, 'cuda_allocated_mb': 220, 'cuda_reserved_mb': 6562, 'cuda_max_allocated_mb': 6391}
{'event': 'validation_start', 'epoch': 10}
{'event': 'validation_ranking_start', 'epoch': 10, 'max_edges': 75}
{'event': 'epoch_end', 'epoch': 10, 'early_stop_metric': 'val_composite', 'val_score': 0.9013778105792645, 'val_auc': 0.9512199686856686, 'val_ap': 0.8890407056822316, 'val_ndcg': 0.9849694683725558, 'val_mrr': 0.8812608522441148, 'val_hits@1': 0.86, 'val_hits@10': 0.9066666666666666, 'val_hits@50': 0.9066666666666666, 'val_hits@100': 0.9133333333333333, 'elapsed_sec': 477.19901698455215}
{'event': 'epoch_start', 'epoch': 11, 'epochs': 24, 'batches': 195, 'time_groups': 178}
{'event': 'train_time_group', 'epoch': 11, 'time_group': 1, 'time_groups': 178, 'batch': 0, 'batches': 195, 'time_value': 0.0, 'group_batches': 1, 'history_edges': 0, 'elapsed_sec': 0.0593886561691761, 'cuda_allocated_mb': 91, 'cuda_reserved_mb': 6562, 'cuda_max_allocated_mb': 6391}
{'event': 'train_progress', 'epoch': 11, 'batch': 1, 'batches': 195, 'time_group': 1, 'time_groups': 178, 'history_edges': 0, 'pos_edges': 942, 'neg_edges': 942, 'loss_recent': 158.93211364746094, 'elapsed_sec': 0.6177215725183487, 'avg_sec_per_batch': 0.6177215725183487, 'cuda_allocated_mb': 135, 'cuda_reserved_mb': 6562, 'cuda_max_allocated_mb': 6391}
{'event': 'train_progress', 'epoch': 11, 'batch': 100, 'batches': 195, 'time_group': 100, 'time_groups': 178, 'history_edges': 64610, 'pos_edges': 1538, 'neg_edges': 1538, 'loss_recent': 20.09279167175293, 'elapsed_sec': 68.60735829547048, 'avg_sec_per_batch': 0.6860735829547048, 'cuda_allocated_mb': 155, 'cuda_reserved_mb': 6562, 'cuda_max_allocated_mb': 6391}
{'event': 'train_progress', 'epoch': 11, 'batch': 153, 'batches': 195, 'time_group': 153, 'time_groups': 178, 'history_edges': 195742, 'pos_edges': 3424, 'neg_edges': 3424, 'loss_recent': 53.148019094467166, 'elapsed_sec': 189.08469331264496, 'avg_sec_per_batch': 1.2358476687100977, 'cuda_allocated_mb': 219, 'cuda_reserved_mb': 6562, 'cuda_max_allocated_mb': 6391}
{'event': 'train_time_group', 'epoch': 11, 'time_group': 178, 'time_groups': 178, 'batch': 193, 'batches': 195, 'time_value': 177.0, 'group_batches': 2, 'history_edges': 315692, 'elapsed_sec': 292.0020569190383, 'cuda_allocated_mb': 91, 'cuda_reserved_mb': 6562, 'cuda_max_allocated_mb': 6391}
{'event': 'train_progress', 'epoch': 11, 'batch': 195, 'batches': 195, 'time_group': 178, 'time_groups': 178, 'history_edges': 315692, 'pos_edges': 3292, 'neg_edges': 3292, 'loss_recent': 85.69403660178185, 'elapsed_sec': 297.32205668464303, 'avg_sec_per_batch': 1.5247284958186822, 'cuda_allocated_mb': 220, 'cuda_reserved_mb': 6562, 'cuda_max_allocated_mb': 6391}
{'event': 'validation_start', 'epoch': 11}
{'event': 'validation_ranking_start', 'epoch': 11, 'max_edges': 75}
{'event': 'epoch_end', 'epoch': 11, 'early_stop_metric': 'val_composite', 'val_score': 0.904461739987216, 'val_auc': 0.94826845752029, 'val_ap': 0.8820766446879547, 'val_ndcg': 0.9839660460782473, 'val_mrr': 0.8873470982670338, 'val_hits@1': 0.8666666666666667, 'val_hits@10': 0.9133333333333333, 'val_hits@50': 0.9133333333333333, 'val_hits@100': 0.92, 'elapsed_sec': 457.6299963667989}
{'event': 'epoch_start', 'epoch': 12, 'epochs': 24, 'batches': 195, 'time_groups': 178}
{'event': 'train_time_group', 'epoch': 12, 'time_group': 1, 'time_groups': 178, 'batch': 0, 'batches': 195, 'time_value': 0.0, 'group_batches': 1, 'history_edges': 0, 'elapsed_sec': 0.05455361679196358, 'cuda_allocated_mb': 91, 'cuda_reserved_mb': 6562, 'cuda_max_allocated_mb': 6391}
{'event': 'train_progress', 'epoch': 12, 'batch': 1, 'batches': 195, 'time_group': 1, 'time_groups': 178, 'history_edges': 0, 'pos_edges': 942, 'neg_edges': 942, 'loss_recent': 174.05081176757812, 'elapsed_sec': 0.6053113229572773, 'avg_sec_per_batch': 0.6053113229572773, 'cuda_allocated_mb': 135, 'cuda_reserved_mb': 6562, 'cuda_max_allocated_mb': 6391}
{'event': 'train_progress', 'epoch': 12, 'batch': 100, 'batches': 195, 'time_group': 100, 'time_groups': 178, 'history_edges': 64610, 'pos_edges': 1538, 'neg_edges': 1538, 'loss_recent': 20.13994378089905, 'elapsed_sec': 70.13877389207482, 'avg_sec_per_batch': 0.7013877389207482, 'cuda_allocated_mb': 156, 'cuda_reserved_mb': 6562, 'cuda_max_allocated_mb': 6391}
{'event': 'train_progress', 'epoch': 12, 'batch': 153, 'batches': 195, 'time_group': 153, 'time_groups': 178, 'history_edges': 195742, 'pos_edges': 3424, 'neg_edges': 3424, 'loss_recent': 52.956720495224, 'elapsed_sec': 192.10835713148117, 'avg_sec_per_batch': 1.2556101773299424, 'cuda_allocated_mb': 219, 'cuda_reserved_mb': 6562, 'cuda_max_allocated_mb': 6391}
{'event': 'train_time_group', 'epoch': 12, 'time_group': 178, 'time_groups': 178, 'batch': 193, 'batches': 195, 'time_value': 177.0, 'group_batches': 2, 'history_edges': 315692, 'elapsed_sec': 294.4113447330892, 'cuda_allocated_mb': 91, 'cuda_reserved_mb': 6562, 'cuda_max_allocated_mb': 6391}
{'event': 'train_progress', 'epoch': 12, 'batch': 195, 'batches': 195, 'time_group': 178, 'time_groups': 178, 'history_edges': 315692, 'pos_edges': 3292, 'neg_edges': 3292, 'loss_recent': 85.31319442272186, 'elapsed_sec': 301.183735832572, 'avg_sec_per_batch': 1.5445319786285743, 'cuda_allocated_mb': 220, 'cuda_reserved_mb': 6562, 'cuda_max_allocated_mb': 6391}
{'event': 'validation_start', 'epoch': 12}
{'event': 'validation_ranking_start', 'epoch': 12, 'max_edges': 75}
{'event': 'epoch_end', 'epoch': 12, 'early_stop_metric': 'val_composite', 'val_score': 0.9066341999262396, 'val_auc': 0.9523175032508213, 'val_ap': 0.8924948818286118, 'val_ndcg': 0.9854668824693228, 'val_mrr': 0.8878614751516157, 'val_hits@1': 0.8666666666666667, 'val_hits@10': 0.9133333333333333, 'val_hits@50': 0.9133333333333333, 'val_hits@100': 0.9133333333333333, 'elapsed_sec': 461.0501918569207}
{'event': 'epoch_start', 'epoch': 13, 'epochs': 24, 'batches': 195, 'time_groups': 178}
{'event': 'train_time_group', 'epoch': 13, 'time_group': 1, 'time_groups': 178, 'batch': 0, 'batches': 195, 'time_value': 0.0, 'group_batches': 1, 'history_edges': 0, 'elapsed_sec': 0.07110035046935081, 'cuda_allocated_mb': 91, 'cuda_reserved_mb': 6562, 'cuda_max_allocated_mb': 6391}
{'event': 'train_progress', 'epoch': 13, 'batch': 1, 'batches': 195, 'time_group': 1, 'time_groups': 178, 'history_edges': 0, 'pos_edges': 942, 'neg_edges': 942, 'loss_recent': 187.10752868652344, 'elapsed_sec': 0.6372712589800358, 'avg_sec_per_batch': 0.6372712589800358, 'cuda_allocated_mb': 134, 'cuda_reserved_mb': 6562, 'cuda_max_allocated_mb': 6391}
{'event': 'train_progress', 'epoch': 13, 'batch': 100, 'batches': 195, 'time_group': 100, 'time_groups': 178, 'history_edges': 64610, 'pos_edges': 1538, 'neg_edges': 1538, 'loss_recent': 20.24367335319519, 'elapsed_sec': 70.70092146471143, 'avg_sec_per_batch': 0.7070092146471143, 'cuda_allocated_mb': 154, 'cuda_reserved_mb': 6562, 'cuda_max_allocated_mb': 6391}
{'event': 'train_time_group', 'epoch': 13, 'time_group': 152, 'time_groups': 178, 'batch': 151, 'batches': 195, 'time_value': 151.0, 'group_batches': 1, 'history_edges': 192330, 'elapsed_sec': 190.72627960145473, 'cuda_allocated_mb': 91, 'cuda_reserved_mb': 6562, 'cuda_max_allocated_mb': 6391}
{'event': 'train_time_group', 'epoch': 13, 'time_group': 178, 'time_groups': 178, 'batch': 193, 'batches': 195, 'time_value': 177.0, 'group_batches': 2, 'history_edges': 315692, 'elapsed_sec': 298.8617502078414, 'cuda_allocated_mb': 91, 'cuda_reserved_mb': 6562, 'cuda_max_allocated_mb': 6391}
{'event': 'train_progress', 'epoch': 13, 'batch': 195, 'batches': 195, 'time_group': 178, 'time_groups': 178, 'history_edges': 315692, 'pos_edges': 3292, 'neg_edges': 3292, 'loss_recent': 85.37945633411408, 'elapsed_sec': 304.7888877950609, 'avg_sec_per_batch': 1.5630199374105687, 'cuda_allocated_mb': 220, 'cuda_reserved_mb': 6562, 'cuda_max_allocated_mb': 6391}
{'event': 'validation_start', 'epoch': 13}
{'event': 'validation_ranking_start', 'epoch': 13, 'max_edges': 75}
{'event': 'epoch_end', 'epoch': 13, 'early_stop_metric': 'val_composite', 'val_score': 0.9064243765686291, 'val_auc': 0.9521882805843929, 'val_ap': 0.8913459764420428, 'val_ndcg': 0.985288404456296, 'val_mrr': 0.8878351179216133, 'val_hits@1': 0.8666666666666667, 'val_hits@10': 0.9133333333333333, 'val_hits@50': 0.9133333333333333, 'val_hits@100': 0.9133333333333333, 'elapsed_sec': 472.43479768559337}
{'event': 'epoch_start', 'epoch': 14, 'epochs': 24, 'batches': 195, 'time_groups': 178}
{'event': 'train_time_group', 'epoch': 14, 'time_group': 1, 'time_groups': 178, 'batch': 0, 'batches': 195, 'time_value': 0.0, 'group_batches': 1, 'history_edges': 0, 'elapsed_sec': 0.05838899686932564, 'cuda_allocated_mb': 91, 'cuda_reserved_mb': 6562, 'cuda_max_allocated_mb': 6391}
{'event': 'train_progress', 'epoch': 14, 'batch': 1, 'batches': 195, 'time_group': 1, 'time_groups': 178, 'history_edges': 0, 'pos_edges': 942, 'neg_edges': 942, 'loss_recent': 199.2678985595703, 'elapsed_sec': 0.61830835044384, 'avg_sec_per_batch': 0.61830835044384, 'cuda_allocated_mb': 135, 'cuda_reserved_mb': 6562, 'cuda_max_allocated_mb': 6391}
{'event': 'train_progress', 'epoch': 14, 'batch': 100, 'batches': 195, 'time_group': 100, 'time_groups': 178, 'history_edges': 64610, 'pos_edges': 1538, 'neg_edges': 1538, 'loss_recent': 20.285541620254516, 'elapsed_sec': 72.77649465203285, 'avg_sec_per_batch': 0.7277649465203285, 'cuda_allocated_mb': 154, 'cuda_reserved_mb': 6562, 'cuda_max_allocated_mb': 6391}
{'event': 'train_progress', 'epoch': 14, 'batch': 152, 'batches': 195, 'time_group': 152, 'time_groups': 178, 'history_edges': 192330, 'pos_edges': 3412, 'neg_edges': 3412, 'loss_recent': 51.87665022850037, 'elapsed_sec': 193.0097991898656, 'avg_sec_per_batch': 1.269801310459642, 'cuda_allocated_mb': 219, 'cuda_reserved_mb': 6562, 'cuda_max_allocated_mb': 6391}
{'event': 'train_time_group', 'epoch': 14, 'time_group': 178, 'time_groups': 178, 'batch': 193, 'batches': 195, 'time_value': 177.0, 'group_batches': 2, 'history_edges': 315692, 'elapsed_sec': 299.66696798428893, 'cuda_allocated_mb': 91, 'cuda_reserved_mb': 6562, 'cuda_max_allocated_mb': 6391}
{'event': 'train_progress', 'epoch': 14, 'batch': 195, 'batches': 195, 'time_group': 178, 'time_groups': 178, 'history_edges': 315692, 'pos_edges': 3292, 'neg_edges': 3292, 'loss_recent': 85.14633993268014, 'elapsed_sec': 305.06414020061493, 'avg_sec_per_batch': 1.5644314882082817, 'cuda_allocated_mb': 220, 'cuda_reserved_mb': 6562, 'cuda_max_allocated_mb': 6391}
{'event': 'validation_start', 'epoch': 14}
{'event': 'validation_ranking_start', 'epoch': 14, 'max_edges': 75}
{'event': 'epoch_end', 'epoch': 14, 'early_stop_metric': 'val_composite', 'val_score': 0.9087095877084624, 'val_auc': 0.9534223478791071, 'val_ap': 0.8947536047075184, 'val_ndcg': 0.9857626455429037, 'val_mrr': 0.8911649967748447, 'val_hits@1': 0.8733333333333333, 'val_hits@10': 0.9133333333333333, 'val_hits@50': 0.9133333333333333, 'val_hits@100': 0.9133333333333333, 'elapsed_sec': 467.52409555763006}
{'event': 'epoch_start', 'epoch': 15, 'epochs': 24, 'batches': 195, 'time_groups': 178}
{'event': 'train_time_group', 'epoch': 15, 'time_group': 1, 'time_groups': 178, 'batch': 0, 'batches': 195, 'time_value': 0.0, 'group_batches': 1, 'history_edges': 0, 'elapsed_sec': 0.057145144790410995, 'cuda_allocated_mb': 91, 'cuda_reserved_mb': 6562, 'cuda_max_allocated_mb': 6391}
{'event': 'train_progress', 'epoch': 15, 'batch': 1, 'batches': 195, 'time_group': 1, 'time_groups': 178, 'history_edges': 0, 'pos_edges': 942, 'neg_edges': 942, 'loss_recent': 214.66458129882812, 'elapsed_sec': 0.6283178329467773, 'avg_sec_per_batch': 0.6283178329467773, 'cuda_allocated_mb': 135, 'cuda_reserved_mb': 6562, 'cuda_max_allocated_mb': 6391}
{'event': 'train_progress', 'epoch': 15, 'batch': 100, 'batches': 195, 'time_group': 100, 'time_groups': 178, 'history_edges': 64610, 'pos_edges': 1538, 'neg_edges': 1538, 'loss_recent': 20.4324871635437, 'elapsed_sec': 74.31242580711842, 'avg_sec_per_batch': 0.7431242580711842, 'cuda_allocated_mb': 155, 'cuda_reserved_mb': 6562, 'cuda_max_allocated_mb': 6391}
{'event': 'train_progress', 'epoch': 15, 'batch': 151, 'batches': 195, 'time_group': 151, 'time_groups': 178, 'history_edges': 188944, 'pos_edges': 3386, 'neg_edges': 3386, 'loss_recent': 50.94760992050171, 'elapsed_sec': 194.638085026294, 'avg_sec_per_batch': 1.2889939405714834, 'cuda_allocated_mb': 219, 'cuda_reserved_mb': 6562, 'cuda_max_allocated_mb': 6391}
{'event': 'train_time_group', 'epoch': 15, 'time_group': 178, 'time_groups': 178, 'batch': 193, 'batches': 195, 'time_value': 177.0, 'group_batches': 2, 'history_edges': 315692, 'elapsed_sec': 304.8071142658591, 'cuda_allocated_mb': 91, 'cuda_reserved_mb': 6562, 'cuda_max_allocated_mb': 6391}
{'event': 'train_progress', 'epoch': 15, 'batch': 195, 'batches': 195, 'time_group': 178, 'time_groups': 178, 'history_edges': 315692, 'pos_edges': 3292, 'neg_edges': 3292, 'loss_recent': 85.00286070466042, 'elapsed_sec': 309.7172982506454, 'avg_sec_per_batch': 1.5882938371827968, 'cuda_allocated_mb': 220, 'cuda_reserved_mb': 6562, 'cuda_max_allocated_mb': 6391}
{'event': 'validation_start', 'epoch': 15}
{'event': 'validation_ranking_start', 'epoch': 15, 'max_edges': 75}
{'event': 'epoch_end', 'epoch': 15, 'early_stop_metric': 'val_composite', 'val_score': 0.9116473316279394, 'val_auc': 0.9543993296162757, 'val_ap': 0.8953564699932305, 'val_ndcg': 0.9858885452237196, 'val_mrr': 0.8967367469182049, 'val_hits@1': 0.88, 'val_hits@10': 0.9133333333333333, 'val_hits@50': 0.9133333333333333, 'val_hits@100': 0.9133333333333333, 'elapsed_sec': 473.30916291102767}
{'event': 'epoch_start', 'epoch': 16, 'epochs': 24, 'batches': 195, 'time_groups': 178}
{'event': 'train_time_group', 'epoch': 16, 'time_group': 1, 'time_groups': 178, 'batch': 0, 'batches': 195, 'time_value': 0.0, 'group_batches': 1, 'history_edges': 0, 'elapsed_sec': 0.05665336921811104, 'cuda_allocated_mb': 91, 'cuda_reserved_mb': 6562, 'cuda_max_allocated_mb': 6391}
{'event': 'train_progress', 'epoch': 16, 'batch': 1, 'batches': 195, 'time_group': 1, 'time_groups': 178, 'history_edges': 0, 'pos_edges': 942, 'neg_edges': 942, 'loss_recent': 225.1045684814453, 'elapsed_sec': 0.6106849201023579, 'avg_sec_per_batch': 0.6106849201023579, 'cuda_allocated_mb': 136, 'cuda_reserved_mb': 6562, 'cuda_max_allocated_mb': 6391}
{'event': 'train_progress', 'epoch': 16, 'batch': 100, 'batches': 195, 'time_group': 100, 'time_groups': 178, 'history_edges': 64610, 'pos_edges': 1538, 'neg_edges': 1538, 'loss_recent': 20.434715757369997, 'elapsed_sec': 73.99573612958193, 'avg_sec_per_batch': 0.7399573612958192, 'cuda_allocated_mb': 154, 'cuda_reserved_mb': 6562, 'cuda_max_allocated_mb': 6391}
{'event': 'train_progress', 'epoch': 16, 'batch': 152, 'batches': 195, 'time_group': 152, 'time_groups': 178, 'history_edges': 192330, 'pos_edges': 3412, 'neg_edges': 3412, 'loss_recent': 51.71669283866882, 'elapsed_sec': 194.8385894857347, 'avg_sec_per_batch': 1.281832825564044, 'cuda_allocated_mb': 219, 'cuda_reserved_mb': 6562, 'cuda_max_allocated_mb': 6391}
{'event': 'train_time_group', 'epoch': 16, 'time_group': 178, 'time_groups': 178, 'batch': 193, 'batches': 195, 'time_value': 177.0, 'group_batches': 2, 'history_edges': 315692, 'elapsed_sec': 300.607216630131, 'cuda_allocated_mb': 91, 'cuda_reserved_mb': 6562, 'cuda_max_allocated_mb': 6391}
{'event': 'train_progress', 'epoch': 16, 'batch': 195, 'batches': 195, 'time_group': 178, 'time_groups': 178, 'history_edges': 315692, 'pos_edges': 3292, 'neg_edges': 3292, 'loss_recent': 84.97608548283577, 'elapsed_sec': 306.39925899356604, 'avg_sec_per_batch': 1.5712782512490566, 'cuda_allocated_mb': 220, 'cuda_reserved_mb': 6562, 'cuda_max_allocated_mb': 6391}
{'event': 'validation_start', 'epoch': 16}
{'event': 'validation_ranking_start', 'epoch': 16, 'max_edges': 75}
{'event': 'epoch_end', 'epoch': 16, 'early_stop_metric': 'val_composite', 'val_score': 0.9116865861354244, 'val_auc': 0.9573582496910271, 'val_ap': 0.901310490290201, 'val_ndcg': 0.9867849194066799, 'val_mrr': 0.8945538830000163, 'val_hits@1': 0.88, 'val_hits@10': 0.9133333333333333, 'val_hits@50': 0.9133333333333333, 'val_hits@100': 0.9133333333333333, 'elapsed_sec': 463.8546657077968}
{'event': 'epoch_start', 'epoch': 17, 'epochs': 24, 'batches': 195, 'time_groups': 178}
{'event': 'train_time_group', 'epoch': 17, 'time_group': 1, 'time_groups': 178, 'batch': 0, 'batches': 195, 'time_value': 0.0, 'group_batches': 1, 'history_edges': 0, 'elapsed_sec': 0.22142325714230537, 'cuda_allocated_mb': 91, 'cuda_reserved_mb': 6562, 'cuda_max_allocated_mb': 6391}
{'event': 'train_progress', 'epoch': 17, 'batch': 1, 'batches': 195, 'time_group': 1, 'time_groups': 178, 'history_edges': 0, 'pos_edges': 942, 'neg_edges': 942, 'loss_recent': 235.7449493408203, 'elapsed_sec': 0.7801358662545681, 'avg_sec_per_batch': 0.7801358662545681, 'cuda_allocated_mb': 135, 'cuda_reserved_mb': 6562, 'cuda_max_allocated_mb': 6391}
{'event': 'train_progress', 'epoch': 17, 'batch': 100, 'batches': 195, 'time_group': 100, 'time_groups': 178, 'history_edges': 64610, 'pos_edges': 1538, 'neg_edges': 1538, 'loss_recent': 20.568904180526733, 'elapsed_sec': 73.8613892570138, 'avg_sec_per_batch': 0.738613892570138, 'cuda_allocated_mb': 154, 'cuda_reserved_mb': 6562, 'cuda_max_allocated_mb': 6391}
{'event': 'train_progress', 'epoch': 17, 'batch': 153, 'batches': 195, 'time_group': 153, 'time_groups': 178, 'history_edges': 195742, 'pos_edges': 3424, 'neg_edges': 3424, 'loss_recent': 52.71866778373718, 'elapsed_sec': 196.0470298267901, 'avg_sec_per_batch': 1.281353136122811, 'cuda_allocated_mb': 219, 'cuda_reserved_mb': 6562, 'cuda_max_allocated_mb': 6391}
{'event': 'train_time_group', 'epoch': 17, 'time_group': 178, 'time_groups': 178, 'batch': 193, 'batches': 195, 'time_value': 177.0, 'group_batches': 2, 'history_edges': 315692, 'elapsed_sec': 300.7430712543428, 'cuda_allocated_mb': 91, 'cuda_reserved_mb': 6562, 'cuda_max_allocated_mb': 6391}
{'event': 'train_progress', 'epoch': 17, 'batch': 195, 'batches': 195, 'time_group': 178, 'time_groups': 178, 'history_edges': 315692, 'pos_edges': 3292, 'neg_edges': 3292, 'loss_recent': 85.09581052184105, 'elapsed_sec': 307.8630350381136, 'avg_sec_per_batch': 1.5787847950672491, 'cuda_allocated_mb': 220, 'cuda_reserved_mb': 6562, 'cuda_max_allocated_mb': 6391}
{'event': 'validation_start', 'epoch': 17}
{'event': 'validation_ranking_start', 'epoch': 17, 'max_edges': 75}
{'event': 'epoch_end', 'epoch': 17, 'early_stop_metric': 'val_composite', 'val_score': 0.9137352640220711, 'val_auc': 0.9579912100453366, 'val_ap': 0.9000644745210653, 'val_ndcg': 0.986680078793907, 'val_mrr': 0.8989827155911743, 'val_hits@1': 0.8866666666666667, 'val_hits@10': 0.9133333333333333, 'val_hits@50': 0.9133333333333333, 'val_hits@100': 0.9133333333333333, 'elapsed_sec': 465.0770988576114}
{'event': 'epoch_start', 'epoch': 18, 'epochs': 24, 'batches': 195, 'time_groups': 178}
{'event': 'train_time_group', 'epoch': 18, 'time_group': 1, 'time_groups': 178, 'batch': 0, 'batches': 195, 'time_value': 0.0, 'group_batches': 1, 'history_edges': 0, 'elapsed_sec': 0.057277582585811615, 'cuda_allocated_mb': 91, 'cuda_reserved_mb': 6562, 'cuda_max_allocated_mb': 6391}
{'event': 'train_progress', 'epoch': 18, 'batch': 1, 'batches': 195, 'time_group': 1, 'time_groups': 178, 'history_edges': 0, 'pos_edges': 942, 'neg_edges': 942, 'loss_recent': 248.77947998046875, 'elapsed_sec': 0.6274092234671116, 'avg_sec_per_batch': 0.6274092234671116, 'cuda_allocated_mb': 136, 'cuda_reserved_mb': 6562, 'cuda_max_allocated_mb': 6391}
{'event': 'train_progress', 'epoch': 18, 'batch': 100, 'batches': 195, 'time_group': 100, 'time_groups': 178, 'history_edges': 64610, 'pos_edges': 1538, 'neg_edges': 1538, 'loss_recent': 20.70373836517334, 'elapsed_sec': 73.23120364546776, 'avg_sec_per_batch': 0.7323120364546776, 'cuda_allocated_mb': 154, 'cuda_reserved_mb': 6562, 'cuda_max_allocated_mb': 6391}
{'event': 'train_progress', 'epoch': 18, 'batch': 152, 'batches': 195, 'time_group': 152, 'time_groups': 178, 'history_edges': 192330, 'pos_edges': 3412, 'neg_edges': 3412, 'loss_recent': 51.6655572605133, 'elapsed_sec': 193.86452416703105, 'avg_sec_per_batch': 1.2754245010988885, 'cuda_allocated_mb': 219, 'cuda_reserved_mb': 6562, 'cuda_max_allocated_mb': 6391}
{'event': 'train_time_group', 'epoch': 18, 'time_group': 178, 'time_groups': 178, 'batch': 193, 'batches': 195, 'time_value': 177.0, 'group_batches': 2, 'history_edges': 315692, 'elapsed_sec': 300.8620865345001, 'cuda_allocated_mb': 91, 'cuda_reserved_mb': 6562, 'cuda_max_allocated_mb': 6391}
{'event': 'train_progress', 'epoch': 18, 'batch': 195, 'batches': 195, 'time_group': 178, 'time_groups': 178, 'history_edges': 315692, 'pos_edges': 3292, 'neg_edges': 3292, 'loss_recent': 84.81563853979111, 'elapsed_sec': 306.1800014488399, 'avg_sec_per_batch': 1.5701538535837944, 'cuda_allocated_mb': 220, 'cuda_reserved_mb': 6562, 'cuda_max_allocated_mb': 6391}
{'event': 'validation_start', 'epoch': 18}
{'event': 'validation_ranking_start', 'epoch': 18, 'max_edges': 75}
{'event': 'epoch_end', 'epoch': 18, 'early_stop_metric': 'val_composite', 'val_score': 0.9136793231819558, 'val_auc': 0.9579264386691065, 'val_ap': 0.9014943224469432, 'val_ndcg': 0.9868180720366508, 'val_mrr': 0.8984207580222545, 'val_hits@1': 0.8866666666666667, 'val_hits@10': 0.9133333333333333, 'val_hits@50': 0.9133333333333333, 'val_hits@100': 0.9133333333333333, 'elapsed_sec': 469.7644328959286}
{'event': 'epoch_start', 'epoch': 19, 'epochs': 24, 'batches': 195, 'time_groups': 178}
{'event': 'train_time_group', 'epoch': 19, 'time_group': 1, 'time_groups': 178, 'batch': 0, 'batches': 195, 'time_value': 0.0, 'group_batches': 1, 'history_edges': 0, 'elapsed_sec': 0.0581158846616745, 'cuda_allocated_mb': 91, 'cuda_reserved_mb': 6562, 'cuda_max_allocated_mb': 6391}
{'event': 'train_progress', 'epoch': 19, 'batch': 1, 'batches': 195, 'time_group': 1, 'time_groups': 178, 'history_edges': 0, 'pos_edges': 942, 'neg_edges': 942, 'loss_recent': 260.6870422363281, 'elapsed_sec': 0.6177300624549389, 'avg_sec_per_batch': 0.6177300624549389, 'cuda_allocated_mb': 135, 'cuda_reserved_mb': 6562, 'cuda_max_allocated_mb': 6391}
{'event': 'train_progress', 'epoch': 19, 'batch': 100, 'batches': 195, 'time_group': 100, 'time_groups': 178, 'history_edges': 64610, 'pos_edges': 1538, 'neg_edges': 1538, 'loss_recent': 20.791015605926514, 'elapsed_sec': 72.31539027765393, 'avg_sec_per_batch': 0.7231539027765393, 'cuda_allocated_mb': 153, 'cuda_reserved_mb': 6562, 'cuda_max_allocated_mb': 6391}
{'event': 'train_progress', 'epoch': 19, 'batch': 152, 'batches': 195, 'time_group': 152, 'time_groups': 178, 'history_edges': 192330, 'pos_edges': 3412, 'neg_edges': 3412, 'loss_recent': 51.79734001159668, 'elapsed_sec': 192.72562930732965, 'avg_sec_per_batch': 1.2679317717587477, 'cuda_allocated_mb': 219, 'cuda_reserved_mb': 6562, 'cuda_max_allocated_mb': 6391}
{'event': 'train_time_group', 'epoch': 19, 'time_group': 178, 'time_groups': 178, 'batch': 193, 'batches': 195, 'time_value': 177.0, 'group_batches': 2, 'history_edges': 315692, 'elapsed_sec': 299.9907702244818, 'cuda_allocated_mb': 91, 'cuda_reserved_mb': 6562, 'cuda_max_allocated_mb': 6391}
{'event': 'train_progress', 'epoch': 19, 'batch': 195, 'batches': 195, 'time_group': 178, 'time_groups': 178, 'history_edges': 315692, 'pos_edges': 3292, 'neg_edges': 3292, 'loss_recent': 84.93536079764367, 'elapsed_sec': 305.2233138792217, 'avg_sec_per_batch': 1.565247763483188, 'cuda_allocated_mb': 220, 'cuda_reserved_mb': 6562, 'cuda_max_allocated_mb': 6391}
{'event': 'validation_start', 'epoch': 19}
{'event': 'validation_ranking_start', 'epoch': 19, 'max_edges': 75}
{'event': 'epoch_end', 'epoch': 19, 'early_stop_metric': 'val_composite', 'val_score': 0.914400084028168, 'val_auc': 0.9589770430795579, 'val_ap': 0.9038591873348899, 'val_ndcg': 0.9871425153107108, 'val_mrr': 0.8989828711524376, 'val_hits@1': 0.8866666666666667, 'val_hits@10': 0.9133333333333333, 'val_hits@50': 0.9133333333333333, 'val_hits@100': 0.9133333333333333, 'elapsed_sec': 460.51939926669}
{'event': 'epoch_start', 'epoch': 20, 'epochs': 24, 'batches': 195, 'time_groups': 178}
{'event': 'train_time_group', 'epoch': 20, 'time_group': 1, 'time_groups': 178, 'batch': 0, 'batches': 195, 'time_value': 0.0, 'group_batches': 1, 'history_edges': 0, 'elapsed_sec': 0.054962798953056335, 'cuda_allocated_mb': 91, 'cuda_reserved_mb': 6562, 'cuda_max_allocated_mb': 6391}
{'event': 'train_progress', 'epoch': 20, 'batch': 1, 'batches': 195, 'time_group': 1, 'time_groups': 178, 'history_edges': 0, 'pos_edges': 942, 'neg_edges': 942, 'loss_recent': 272.56005859375, 'elapsed_sec': 0.6162561923265457, 'avg_sec_per_batch': 0.6162561923265457, 'cuda_allocated_mb': 136, 'cuda_reserved_mb': 6562, 'cuda_max_allocated_mb': 6391}
{'event': 'train_progress', 'epoch': 20, 'batch': 100, 'batches': 195, 'time_group': 100, 'time_groups': 178, 'history_edges': 64610, 'pos_edges': 1538, 'neg_edges': 1538, 'loss_recent': 20.904546852111817, 'elapsed_sec': 74.38309391215444, 'avg_sec_per_batch': 0.7438309391215444, 'cuda_allocated_mb': 155, 'cuda_reserved_mb': 6562, 'cuda_max_allocated_mb': 6391}
{'event': 'train_progress', 'epoch': 20, 'batch': 153, 'batches': 195, 'time_group': 153, 'time_groups': 178, 'history_edges': 195742, 'pos_edges': 3424, 'neg_edges': 3424, 'loss_recent': 52.58942649841308, 'elapsed_sec': 196.97399796545506, 'avg_sec_per_batch': 1.287411751408203, 'cuda_allocated_mb': 220, 'cuda_reserved_mb': 6562, 'cuda_max_allocated_mb': 6391}
{'event': 'train_time_group', 'epoch': 20, 'time_group': 178, 'time_groups': 178, 'batch': 193, 'batches': 195, 'time_value': 177.0, 'group_batches': 2, 'history_edges': 315692, 'elapsed_sec': 298.3791815601289, 'cuda_allocated_mb': 91, 'cuda_reserved_mb': 6562, 'cuda_max_allocated_mb': 6391}
{'event': 'train_progress', 'epoch': 20, 'batch': 195, 'batches': 195, 'time_group': 178, 'time_groups': 178, 'history_edges': 315692, 'pos_edges': 3292, 'neg_edges': 3292, 'loss_recent': 84.78579884648323, 'elapsed_sec': 304.90424531698227, 'avg_sec_per_batch': 1.563611514446063, 'cuda_allocated_mb': 220, 'cuda_reserved_mb': 6562, 'cuda_max_allocated_mb': 6391}
{'event': 'validation_start', 'epoch': 20}
{'event': 'validation_ranking_start', 'epoch': 20, 'max_edges': 75}
{'event': 'epoch_end', 'epoch': 20, 'early_stop_metric': 'val_composite', 'val_score': 0.9160734612268712, 'val_auc': 0.9596667286474787, 'val_ap': 0.9036261961895563, 'val_ndcg': 0.9872032931832552, 'val_mrr': 0.9023183987621431, 'val_hits@1': 0.8933333333333333, 'val_hits@10': 0.9133333333333333, 'val_hits@50': 0.9133333333333333, 'val_hits@100': 0.9133333333333333, 'elapsed_sec': 461.10962653160095}
{'event': 'epoch_start', 'epoch': 21, 'epochs': 24, 'batches': 195, 'time_groups': 178}
{'event': 'train_time_group', 'epoch': 21, 'time_group': 1, 'time_groups': 178, 'batch': 0, 'batches': 195, 'time_value': 0.0, 'group_batches': 1, 'history_edges': 0, 'elapsed_sec': 0.05592354014515877, 'cuda_allocated_mb': 91, 'cuda_reserved_mb': 6562, 'cuda_max_allocated_mb': 6391}
{'event': 'train_progress', 'epoch': 21, 'batch': 1, 'batches': 195, 'time_group': 1, 'time_groups': 178, 'history_edges': 0, 'pos_edges': 942, 'neg_edges': 942, 'loss_recent': 279.8433837890625, 'elapsed_sec': 0.6284654252231121, 'avg_sec_per_batch': 0.6284654252231121, 'cuda_allocated_mb': 136, 'cuda_reserved_mb': 6562, 'cuda_max_allocated_mb': 6391}
{'event': 'train_progress', 'epoch': 21, 'batch': 100, 'batches': 195, 'time_group': 100, 'time_groups': 178, 'history_edges': 64610, 'pos_edges': 1538, 'neg_edges': 1538, 'loss_recent': 20.89975514411926, 'elapsed_sec': 74.80966032668948, 'avg_sec_per_batch': 0.7480966032668949, 'cuda_allocated_mb': 155, 'cuda_reserved_mb': 6562, 'cuda_max_allocated_mb': 6391}
{'event': 'train_progress', 'epoch': 21, 'batch': 153, 'batches': 195, 'time_group': 153, 'time_groups': 178, 'history_edges': 195742, 'pos_edges': 3424, 'neg_edges': 3424, 'loss_recent': 52.45434858322144, 'elapsed_sec': 197.92338747531176, 'avg_sec_per_batch': 1.293616911603345, 'cuda_allocated_mb': 220, 'cuda_reserved_mb': 6562, 'cuda_max_allocated_mb': 6391}
{'event': 'train_time_group', 'epoch': 21, 'time_group': 178, 'time_groups': 178, 'batch': 193, 'batches': 195, 'time_value': 177.0, 'group_batches': 2, 'history_edges': 315692, 'elapsed_sec': 300.21516881138086, 'cuda_allocated_mb': 91, 'cuda_reserved_mb': 6562, 'cuda_max_allocated_mb': 6391}
{'event': 'train_progress', 'epoch': 21, 'batch': 195, 'batches': 195, 'time_group': 178, 'time_groups': 178, 'history_edges': 315692, 'pos_edges': 3292, 'neg_edges': 3292, 'loss_recent': 84.59238950371743, 'elapsed_sec': 306.22045036777854, 'avg_sec_per_batch': 1.5703612839373258, 'cuda_allocated_mb': 220, 'cuda_reserved_mb': 6562, 'cuda_max_allocated_mb': 6391}
{'event': 'validation_start', 'epoch': 21}
{'event': 'validation_ranking_start', 'epoch': 21, 'max_edges': 75}
{'event': 'epoch_end', 'epoch': 21, 'early_stop_metric': 'val_composite', 'val_score': 0.9158508446487312, 'val_auc': 0.9602000342825258, 'val_ap': 0.9020964517909241, 'val_ndcg': 0.987061510278796, 'val_mrr': 0.90230711494284, 'val_hits@1': 0.8933333333333333, 'val_hits@10': 0.9133333333333333, 'val_hits@50': 0.9133333333333333, 'val_hits@100': 0.9133333333333333, 'elapsed_sec': 469.2817608602345}
{'event': 'epoch_start', 'epoch': 22, 'epochs': 24, 'batches': 195, 'time_groups': 178}
{'event': 'train_time_group', 'epoch': 22, 'time_group': 1, 'time_groups': 178, 'batch': 0, 'batches': 195, 'time_value': 0.0, 'group_batches': 1, 'history_edges': 0, 'elapsed_sec': 0.05567781999707222, 'cuda_allocated_mb': 91, 'cuda_reserved_mb': 6562, 'cuda_max_allocated_mb': 6391}
{'event': 'train_progress', 'epoch': 22, 'batch': 1, 'batches': 195, 'time_group': 1, 'time_groups': 178, 'history_edges': 0, 'pos_edges': 942, 'neg_edges': 942, 'loss_recent': 291.18377685546875, 'elapsed_sec': 0.5946613810956478, 'avg_sec_per_batch': 0.5946613810956478, 'cuda_allocated_mb': 136, 'cuda_reserved_mb': 6562, 'cuda_max_allocated_mb': 6391}
{'event': 'train_progress', 'epoch': 22, 'batch': 100, 'batches': 195, 'time_group': 100, 'time_groups': 178, 'history_edges': 64610, 'pos_edges': 1538, 'neg_edges': 1538, 'loss_recent': 21.037830429077147, 'elapsed_sec': 73.40613281726837, 'avg_sec_per_batch': 0.7340613281726838, 'cuda_allocated_mb': 155, 'cuda_reserved_mb': 6562, 'cuda_max_allocated_mb': 6391}
{'event': 'train_progress', 'epoch': 22, 'batch': 154, 'batches': 195, 'time_group': 154, 'time_groups': 178, 'history_edges': 199166, 'pos_edges': 3524, 'neg_edges': 3524, 'loss_recent': 53.49264804840088, 'elapsed_sec': 195.77373107895255, 'avg_sec_per_batch': 1.2712579940191724, 'cuda_allocated_mb': 220, 'cuda_reserved_mb': 6562, 'cuda_max_allocated_mb': 6391}
{'event': 'train_time_group', 'epoch': 22, 'time_group': 178, 'time_groups': 178, 'batch': 193, 'batches': 195, 'time_value': 177.0, 'group_batches': 2, 'history_edges': 315692, 'elapsed_sec': 294.9276871532202, 'cuda_allocated_mb': 91, 'cuda_reserved_mb': 6562, 'cuda_max_allocated_mb': 6391}
{'event': 'train_progress', 'epoch': 22, 'batch': 195, 'batches': 195, 'time_group': 178, 'time_groups': 178, 'history_edges': 315692, 'pos_edges': 3292, 'neg_edges': 3292, 'loss_recent': 84.77372970104217, 'elapsed_sec': 300.2460444830358, 'avg_sec_per_batch': 1.5397233050412094, 'cuda_allocated_mb': 220, 'cuda_reserved_mb': 6562, 'cuda_max_allocated_mb': 6391}
{'event': 'validation_start', 'epoch': 22}
{'event': 'validation_ranking_start', 'epoch': 22, 'max_edges': 75}
{'event': 'epoch_end', 'epoch': 22, 'early_stop_metric': 'val_composite', 'val_score': 0.9161210264070614, 'val_auc': 0.9613712019499936, 'val_ap': 0.9033726410532563, 'val_ndcg': 0.9873277716908846, 'val_mrr': 0.9022942526316361, 'val_hits@1': 0.8933333333333333, 'val_hits@10': 0.9133333333333333, 'val_hits@50': 0.9133333333333333, 'val_hits@100': 0.9133333333333333, 'elapsed_sec': 454.943952254951}
{'event': 'epoch_start', 'epoch': 23, 'epochs': 24, 'batches': 195, 'time_groups': 178}
{'event': 'train_time_group', 'epoch': 23, 'time_group': 1, 'time_groups': 178, 'batch': 0, 'batches': 195, 'time_value': 0.0, 'group_batches': 1, 'history_edges': 0, 'elapsed_sec': 0.054721567779779434, 'cuda_allocated_mb': 91, 'cuda_reserved_mb': 6562, 'cuda_max_allocated_mb': 6391}
{'event': 'train_progress', 'epoch': 23, 'batch': 1, 'batches': 195, 'time_group': 1, 'time_groups': 178, 'history_edges': 0, 'pos_edges': 942, 'neg_edges': 942, 'loss_recent': 302.0652770996094, 'elapsed_sec': 0.6469690650701523, 'avg_sec_per_batch': 0.6469690650701523, 'cuda_allocated_mb': 136, 'cuda_reserved_mb': 6562, 'cuda_max_allocated_mb': 6391}
{'event': 'train_progress', 'epoch': 23, 'batch': 100, 'batches': 195, 'time_group': 100, 'time_groups': 178, 'history_edges': 64610, 'pos_edges': 1538, 'neg_edges': 1538, 'loss_recent': 21.174922904968263, 'elapsed_sec': 73.77489157393575, 'avg_sec_per_batch': 0.7377489157393575, 'cuda_allocated_mb': 154, 'cuda_reserved_mb': 6562, 'cuda_max_allocated_mb': 6391}
{'event': 'train_progress', 'epoch': 23, 'batch': 153, 'batches': 195, 'time_group': 153, 'time_groups': 178, 'history_edges': 195742, 'pos_edges': 3424, 'neg_edges': 3424, 'loss_recent': 52.657553625106814, 'elapsed_sec': 196.4396095611155, 'avg_sec_per_batch': 1.283919016739317, 'cuda_allocated_mb': 219, 'cuda_reserved_mb': 6562, 'cuda_max_allocated_mb': 6391}
{'event': 'train_time_group', 'epoch': 23, 'time_group': 178, 'time_groups': 178, 'batch': 193, 'batches': 195, 'time_value': 177.0, 'group_batches': 2, 'history_edges': 315692, 'elapsed_sec': 298.665849506855, 'cuda_allocated_mb': 91, 'cuda_reserved_mb': 6562, 'cuda_max_allocated_mb': 6391}
{'event': 'train_progress', 'epoch': 23, 'batch': 195, 'batches': 195, 'time_group': 178, 'time_groups': 178, 'history_edges': 315692, 'pos_edges': 3292, 'neg_edges': 3292, 'loss_recent': 84.80000772595406, 'elapsed_sec': 305.4000428467989, 'avg_sec_per_batch': 1.56615406588102, 'cuda_allocated_mb': 220, 'cuda_reserved_mb': 6562, 'cuda_max_allocated_mb': 6391}
{'event': 'validation_start', 'epoch': 23}
{'event': 'validation_ranking_start', 'epoch': 23, 'max_edges': 75}
{'event': 'epoch_end', 'epoch': 23, 'early_stop_metric': 'val_composite', 'val_score': 0.9149892896682019, 'val_auc': 0.9620585954920358, 'val_ap': 0.906513560602419, 'val_ndcg': 0.9876784647132147, 'val_mrr': 0.8989496253304983, 'val_hits@1': 0.8866666666666667, 'val_hits@10': 0.9133333333333333, 'val_hits@50': 0.9133333333333333, 'val_hits@100': 0.9133333333333333, 'elapsed_sec': 464.2020582482219}
{'event': 'epoch_start', 'epoch': 24, 'epochs': 24, 'batches': 195, 'time_groups': 178}
{'event': 'train_time_group', 'epoch': 24, 'time_group': 1, 'time_groups': 178, 'batch': 0, 'batches': 195, 'time_value': 0.0, 'group_batches': 1, 'history_edges': 0, 'elapsed_sec': 0.060285743325948715, 'cuda_allocated_mb': 91, 'cuda_reserved_mb': 6562, 'cuda_max_allocated_mb': 6391}
{'event': 'train_progress', 'epoch': 24, 'batch': 1, 'batches': 195, 'time_group': 1, 'time_groups': 178, 'history_edges': 0, 'pos_edges': 942, 'neg_edges': 942, 'loss_recent': 308.1914367675781, 'elapsed_sec': 0.608121994882822, 'avg_sec_per_batch': 0.608121994882822, 'cuda_allocated_mb': 135, 'cuda_reserved_mb': 6562, 'cuda_max_allocated_mb': 6391}
{'event': 'train_progress', 'epoch': 24, 'batch': 100, 'batches': 195, 'time_group': 100, 'time_groups': 178, 'history_edges': 64610, 'pos_edges': 1538, 'neg_edges': 1538, 'loss_recent': 21.20330039024353, 'elapsed_sec': 73.31018854305148, 'avg_sec_per_batch': 0.7331018854305148, 'cuda_allocated_mb': 154, 'cuda_reserved_mb': 6562, 'cuda_max_allocated_mb': 6391}
{'event': 'train_progress', 'epoch': 24, 'batch': 152, 'batches': 195, 'time_group': 152, 'time_groups': 178, 'history_edges': 192330, 'pos_edges': 3412, 'neg_edges': 3412, 'loss_recent': 51.64933391571045, 'elapsed_sec': 194.1529111377895, 'avg_sec_per_batch': 1.2773217838012467, 'cuda_allocated_mb': 219, 'cuda_reserved_mb': 6562, 'cuda_max_allocated_mb': 6391}
{'event': 'train_time_group', 'epoch': 24, 'time_group': 178, 'time_groups': 178, 'batch': 193, 'batches': 195, 'time_value': 177.0, 'group_batches': 2, 'history_edges': 315692, 'elapsed_sec': 299.3911838680506, 'cuda_allocated_mb': 91, 'cuda_reserved_mb': 6562, 'cuda_max_allocated_mb': 6391}
{'event': 'train_progress', 'epoch': 24, 'batch': 195, 'batches': 195, 'time_group': 178, 'time_groups': 178, 'history_edges': 315692, 'pos_edges': 3292, 'neg_edges': 3292, 'loss_recent': 84.64286467432976, 'elapsed_sec': 305.92595175653696, 'avg_sec_per_batch': 1.5688510346489075, 'cuda_allocated_mb': 220, 'cuda_reserved_mb': 6562, 'cuda_max_allocated_mb': 6391}
{'event': 'validation_start', 'epoch': 24}
{'event': 'validation_ranking_start', 'epoch': 24, 'max_edges': 75}
{'event': 'epoch_end', 'epoch': 24, 'early_stop_metric': 'val_composite', 'val_score': 0.9129572284662647, 'val_auc': 0.9583583905380638, 'val_ap': 0.8951522116794299, 'val_ndcg': 0.9861550769760503, 'val_mrr': 0.8989686056463506, 'val_hits@1': 0.8866666666666667, 'val_hits@10': 0.9133333333333333, 'val_hits@50': 0.9133333333333333, 'val_hits@100': 0.9133333333333333, 'elapsed_sec': 463.63610123097897}
{'dataset': 'tkgl-yago', 'method': 'ssptgfm', 'scenario': 'label_split', 'ablation': 'full', 'few_shot_ratio': 1.0, 'seed': 2, 'train_edges': 323080, 'val_edges': 39046, 'test_edges': 40052, 'params_trainable': 1698115, 'params_total': 1698164, 'rough_forward_flops': 14125910016, 'train_eval_time_sec': 11865.221941169351, 'allocated_mb': 44.76611328125, 'reserved_mb': 6562.0, 'max_allocated_mb': 6391.25439453125, 'val_auc': 0.9613712022779504, 'val_ap': 0.903372643886036, 'val_ndcg': 0.9873277719697963, 'val_mrr': 0.9022942526316361, 'val_hits@1': 0.8933333333333333, 'val_hits@10': 0.9133333333333333, 'val_hits@50': 0.9133333333333333, 'val_hits@100': 0.9133333333333333, 'train_loss': 53.14705385795006, 'train_lp': 0.06524927785190252, 'train_align': 10337.624986540966, 'train_kl': 13927.423161394168, 'train_ood_reg': 0.2128984272480011, 'train_meta': 0.05896945696066933, 'train_struct_aux': 0.4309124619150773, 'train_weighted_align': 51.688123811208285, 'train_weighted_kl': 1.3927423171890088, 'train_weighted_ood_reg': 0.00021289843761433775, 'train_weighted_meta': 0.00029484727796072317, 'train_weighted_struct_aux': 0.000430912481141814, 'train_rank': 0.022494326272489838, 'train_weighted_rank': 2.249432732504339e-05, 'test_auc': 0.9629322926522794, 'test_ap': 0.922987730691018, 'test_ndcg': 0.9892618135286178, 'test_mrr': 0.8849271368048994, 'test_hits@1': 0.8733333333333333, 'test_hits@10': 0.9, 'test_hits@50': 0.91, 'test_hits@100': 0.9133333333333333}
