
$ /root/miniconda3/bin/python -u scripts/search_hparams.py --config configs/auto_target/ssptgfm_search_yago15k_temporal_candidate_listwise_yago_diag_probe.yaml --output results/auto_target_candidate_listwise_yago_diag_v1/search_yago15k_temporal_candidate_listwise_yago_diag_probe --resume
runtime_device=cuda
cuda_device=Tesla V100-PCIE-32GB
{'event': 'candidate_seed_start', 'candidate': 'candidate_listwise_yago_diag_probe_h96_r12_a12_p4x4_l1_neg1_lr0p001_hp0p1_sr0_sa0_rl0p02_m0_bpr_crl0p005_cs8_both_cq16', 'seed': 1, 'device': 'cuda', 'node_text_device': 'cuda:0'}
{'event': 'train_seed_start', 'seed': 1, 'train_edges': 3244, 'val_edges': 6738, 'test_edges': 26719, 'num_nodes': 4197, 'num_relations': 19}
{'event': 'train_seed_tensors_ready', 'seed': 1, 'elapsed_sec': 0.008333709090948105, 'cuda_allocated_mb': 9, 'cuda_reserved_mb': 22, 'cuda_max_allocated_mb': 9}
{'event': 'train_known_facts_ready', 'seed': 1, 'scope': 'train', 'edges': 3244, 'elapsed_sec': 0.01151954010128975}
{'event': 'train_known_facts_ready', 'seed': 1, 'scope': 'train_val', 'edges': 9982, 'elapsed_sec': 0.013258416205644608}
{'event': 'train_sampler_ready', 'seed': 1, 'elapsed_sec': 0.018798042088747025}
{'event': 'val_sampler_ready', 'seed': 1, 'elapsed_sec': 0.022319018840789795}
{'event': 'epoch_start', 'epoch': 1, 'epochs': 1, 'batches': 118, 'time_groups': 118}
{'event': 'train_time_group', 'epoch': 1, 'time_group': 1, 'time_groups': 118, 'batch': 0, 'batches': 118, 'time_value': 600.0, 'group_batches': 1, 'history_edges': 0, 'elapsed_sec': 0.02087058126926422, 'cuda_allocated_mb': 9, 'cuda_reserved_mb': 24, 'cuda_max_allocated_mb': 9}
{'event': 'train_progress', 'epoch': 1, 'batch': 1, 'batches': 118, 'time_group': 1, 'time_groups': 118, 'history_edges': 0, 'pos_edges': 1, 'neg_edges': 1, 'loss_recent': 0.6388773918151855, 'elapsed_sec': 1.1506566368043423, 'avg_sec_per_batch': 1.1506566368043423, 'cuda_allocated_mb': 44, 'cuda_reserved_mb': 90, 'cuda_max_allocated_mb': 81}
{'event': 'train_progress', 'epoch': 1, 'batch': 100, 'batches': 118, 'time_group': 100, 'time_groups': 118, 'history_edges': 2144, 'pos_edges': 38, 'neg_edges': 38, 'loss_recent': 1.746145566701889, 'elapsed_sec': 23.381273351609707, 'avg_sec_per_batch': 0.23381273351609708, 'cuda_allocated_mb': 48, 'cuda_reserved_mb': 216, 'cuda_max_allocated_mb': 180}
{'event': 'train_time_group', 'epoch': 1, 'time_group': 118, 'time_groups': 118, 'batch': 117, 'batches': 118, 'time_value': 1966.0, 'group_batches': 1, 'history_edges': 3153, 'elapsed_sec': 28.232205890119076, 'cuda_allocated_mb': 45, 'cuda_reserved_mb': 236, 'cuda_max_allocated_mb': 200}
{'event': 'train_progress', 'epoch': 1, 'batch': 118, 'batches': 118, 'time_group': 118, 'time_groups': 118, 'history_edges': 3153, 'pos_edges': 91, 'neg_edges': 91, 'loss_recent': 2.2495512056350706, 'elapsed_sec': 28.56425305828452, 'avg_sec_per_batch': 0.24206994117190272, 'cuda_allocated_mb': 49, 'cuda_reserved_mb': 236, 'cuda_max_allocated_mb': 203}
{'event': 'validation_start', 'epoch': 1}
{'event': 'validation_ranking_start', 'epoch': 1, 'max_edges': 5}
{'event': 'epoch_end', 'epoch': 1, 'early_stop_metric': 'val_composite', 'val_score': 0.19349184697608826, 'val_auc': 0.6007202148437499, 'val_ap': 0.2718924211439928, 'val_ndcg': 0.7916835340783949, 'val_mrr': 0.03108771038483994, 'val_hits@1': 0.0, 'val_hits@10': 0.2, 'val_hits@50': 0.2, 'val_hits@100': 0.5, 'elapsed_sec': 32.204831928014755}
{'candidate': 'candidate_listwise_yago_diag_probe_h96_r12_a12_p4x4_l1_neg1_lr0p001_hp0p1_sr0_sa0_rl0p02_m0_bpr_crl0p005_cs8_both_cq16', 'seed': 1, 'composite': nan, 'val_auc': 0.6007202148437499, 'val_ap': 0.2718924211439928, 'val_ndcg': 0.7916835340783949, 'val_mrr': 0.03108771038483994, 'val_hits@1': 0.0, 'val_hits@10': 0.2, 'val_hits@50': 0.2, 'val_hits@100': 0.5, 'train_loss': 2.0193511459787015, 'train_lp': 0.5557602801817959, 'train_align': 276.8746105695175, 'train_kl': 762.5866231756695, 'train_ood_reg': 0.21824990389710766, 'train_meta': 0.5481822942778215, 'train_struct_aux': 0.0, 'train_weighted_align': 1.3843730255187947, 'train_weighted_kl': 0.07625866024676016, 'train_weighted_ood_reg': 0.00021824991415349482, 'train_weighted_meta': 0.0027409114100934813, 'train_weighted_struct_aux': 0.0, 'train_rank': 0.5264379346774797, 'train_weighted_rank': 0.010528758442487126, 'train_candidate_rank': 1.7097154926445524, 'train_weighted_candidate_rank': 0.008548577282561969}
{'event': 'candidate_summary', 'candidate': 'candidate_listwise_yago_diag_probe_h96_r12_a12_p4x4_l1_neg1_lr0p001_hp0p1_sr0_sa0_rl0p02_m0_bpr_crl0p005_cs8_both_cq16', 'score': 0.19349184697608826, 'passes_metric_minima': True, 'means': {'val_auc': 0.6007202148437499, 'val_ap': 0.2718924211439928, 'val_mrr': 0.03108771038483994, 'val_hits@10': 0.2, 'val_ndcg': 0.7916835340783949}, 'seeds_completed': 1}
{'event': 'candidate_seed_start', 'candidate': 'candidate_listwise_yago_diag_probe_h96_r12_a12_p4x4_l1_neg1_lr0p001_hp0p1_sr0_sa0_rl0p02_m0_bpr_crl0p01_cs8_both_cq16', 'seed': 1, 'device': 'cuda', 'node_text_device': 'cuda:0'}
{'event': 'train_seed_start', 'seed': 1, 'train_edges': 3244, 'val_edges': 6738, 'test_edges': 26719, 'num_nodes': 4197, 'num_relations': 19}
{'event': 'train_seed_tensors_ready', 'seed': 1, 'elapsed_sec': 0.004595842212438583, 'cuda_allocated_mb': 25, 'cuda_reserved_mb': 42, 'cuda_max_allocated_mb': 203}
{'event': 'train_known_facts_ready', 'seed': 1, 'scope': 'train', 'edges': 3244, 'elapsed_sec': 0.006284765899181366}
{'event': 'train_known_facts_ready', 'seed': 1, 'scope': 'train_val', 'edges': 9982, 'elapsed_sec': 0.007550802081823349}
{'event': 'train_sampler_ready', 'seed': 1, 'elapsed_sec': 0.0119582898914814}
{'event': 'val_sampler_ready', 'seed': 1, 'elapsed_sec': 0.01699424535036087}
{'event': 'epoch_start', 'epoch': 1, 'epochs': 1, 'batches': 118, 'time_groups': 118}
{'event': 'train_time_group', 'epoch': 1, 'time_group': 1, 'time_groups': 118, 'batch': 0, 'batches': 118, 'time_value': 600.0, 'group_batches': 1, 'history_edges': 0, 'elapsed_sec': 0.006442494690418243, 'cuda_allocated_mb': 26, 'cuda_reserved_mb': 44, 'cuda_max_allocated_mb': 203}
{'event': 'train_progress', 'epoch': 1, 'batch': 1, 'batches': 118, 'time_group': 1, 'time_groups': 118, 'history_edges': 0, 'pos_edges': 1, 'neg_edges': 1, 'loss_recent': 0.6388773918151855, 'elapsed_sec': 0.17603163048624992, 'avg_sec_per_batch': 0.17603163048624992, 'cuda_allocated_mb': 44, 'cuda_reserved_mb': 90, 'cuda_max_allocated_mb': 203}
{'event': 'train_progress', 'epoch': 1, 'batch': 100, 'batches': 118, 'time_group': 100, 'time_groups': 118, 'history_edges': 2144, 'pos_edges': 38, 'neg_edges': 38, 'loss_recent': 1.7459832239151, 'elapsed_sec': 22.529512714594603, 'avg_sec_per_batch': 0.22529512714594602, 'cuda_allocated_mb': 48, 'cuda_reserved_mb': 216, 'cuda_max_allocated_mb': 203}
{'event': 'train_time_group', 'epoch': 1, 'time_group': 118, 'time_groups': 118, 'batch': 117, 'batches': 118, 'time_value': 1966.0, 'group_batches': 1, 'history_edges': 3153, 'elapsed_sec': 26.95705111697316, 'cuda_allocated_mb': 45, 'cuda_reserved_mb': 236, 'cuda_max_allocated_mb': 203}
{'event': 'train_progress', 'epoch': 1, 'batch': 118, 'batches': 118, 'time_group': 118, 'time_groups': 118, 'history_edges': 3153, 'pos_edges': 91, 'neg_edges': 91, 'loss_recent': 2.249508719444275, 'elapsed_sec': 27.22956270352006, 'avg_sec_per_batch': 0.2307590059620344, 'cuda_allocated_mb': 49, 'cuda_reserved_mb': 236, 'cuda_max_allocated_mb': 203}
{'event': 'validation_start', 'epoch': 1}
{'event': 'validation_ranking_start', 'epoch': 1, 'max_edges': 5}
{'event': 'epoch_end', 'epoch': 1, 'early_stop_metric': 'val_composite', 'val_score': 0.19352490095103797, 'val_auc': 0.600933837890625, 'val_ap': 0.27160594023558515, 'val_ndcg': 0.7915037707225602, 'val_mrr': 0.031213159928531197, 'val_hits@1': 0.0, 'val_hits@10': 0.2, 'val_hits@50': 0.2, 'val_hits@100': 0.5, 'elapsed_sec': 30.778479740023613}
{'candidate': 'candidate_listwise_yago_diag_probe_h96_r12_a12_p4x4_l1_neg1_lr0p001_hp0p1_sr0_sa0_rl0p02_m0_bpr_crl0p01_cs8_both_cq16', 'seed': 1, 'composite': nan, 'val_auc': 0.600933837890625, 'val_ap': 0.27160594023558515, 'val_ndcg': 0.7915037707225602, 'val_mrr': 0.031213159928531197, 'val_hits@1': 0.0, 'val_hits@10': 0.2, 'val_hits@50': 0.2, 'val_hits@100': 0.5, 'train_loss': 2.019295082253925, 'train_lp': 0.5554129752819821, 'train_align': 276.92816070782936, 'train_kl': 762.8327697818562, 'train_ood_reg': 0.21828632056713104, 'train_meta': 0.5479528256770918, 'train_struct_aux': 0.0, 'train_weighted_align': 1.384640774176598, 'train_weighted_kl': 0.07628327502742789, 'train_weighted_ood_reg': 0.00021828633069131777, 'train_weighted_meta': 0.0027397640663104415, 'train_weighted_struct_aux': 0.0, 'train_rank': 0.5260059313248779, 'train_weighted_rank': 0.010520118383406583, 'train_candidate_rank': 1.707976535215216, 'train_weighted_candidate_rank': 0.017079765099432258}
{'event': 'candidate_summary', 'candidate': 'candidate_listwise_yago_diag_probe_h96_r12_a12_p4x4_l1_neg1_lr0p001_hp0p1_sr0_sa0_rl0p02_m0_bpr_crl0p01_cs8_both_cq16', 'score': 0.19352490095103797, 'passes_metric_minima': True, 'means': {'val_auc': 0.600933837890625, 'val_ap': 0.27160594023558515, 'val_mrr': 0.031213159928531197, 'val_hits@10': 0.2, 'val_ndcg': 0.7915037707225602}, 'seeds_completed': 1}
{'event': 'candidate_seed_start', 'candidate': 'candidate_listwise_yago_diag_probe_h96_r12_a12_p4x4_l1_neg1_lr0p001_hp0p1_sr0_sa0_rl0p05_m0_bpr_crl0p005_cs8_both_cq16', 'seed': 1, 'device': 'cuda', 'node_text_device': 'cuda:0'}
{'event': 'train_seed_start', 'seed': 1, 'train_edges': 3244, 'val_edges': 6738, 'test_edges': 26719, 'num_nodes': 4197, 'num_relations': 19}
{'event': 'train_seed_tensors_ready', 'seed': 1, 'elapsed_sec': 0.0046739354729652405, 'cuda_allocated_mb': 25, 'cuda_reserved_mb': 42, 'cuda_max_allocated_mb': 203}
{'event': 'train_known_facts_ready', 'seed': 1, 'scope': 'train', 'edges': 3244, 'elapsed_sec': 0.006574399769306183}
{'event': 'train_known_facts_ready', 'seed': 1, 'scope': 'train_val', 'edges': 9982, 'elapsed_sec': 0.007745545357465744}
{'event': 'train_sampler_ready', 'seed': 1, 'elapsed_sec': 0.011755205690860748}
{'event': 'val_sampler_ready', 'seed': 1, 'elapsed_sec': 0.01546604186296463}
{'event': 'epoch_start', 'epoch': 1, 'epochs': 1, 'batches': 118, 'time_groups': 118}
{'event': 'train_time_group', 'epoch': 1, 'time_group': 1, 'time_groups': 118, 'batch': 0, 'batches': 118, 'time_value': 600.0, 'group_batches': 1, 'history_edges': 0, 'elapsed_sec': 0.005336705595254898, 'cuda_allocated_mb': 26, 'cuda_reserved_mb': 44, 'cuda_max_allocated_mb': 203}
{'event': 'train_progress', 'epoch': 1, 'batch': 1, 'batches': 118, 'time_group': 1, 'time_groups': 118, 'history_edges': 0, 'pos_edges': 1, 'neg_edges': 1, 'loss_recent': 0.6388773918151855, 'elapsed_sec': 0.2290322668850422, 'avg_sec_per_batch': 0.2290322668850422, 'cuda_allocated_mb': 44, 'cuda_reserved_mb': 90, 'cuda_max_allocated_mb': 203}
{'event': 'train_progress', 'epoch': 1, 'batch': 100, 'batches': 118, 'time_group': 100, 'time_groups': 118, 'history_edges': 2144, 'pos_edges': 38, 'neg_edges': 38, 'loss_recent': 1.7470273381471635, 'elapsed_sec': 21.635461647063494, 'avg_sec_per_batch': 0.21635461647063495, 'cuda_allocated_mb': 48, 'cuda_reserved_mb': 216, 'cuda_max_allocated_mb': 203}
{'event': 'train_time_group', 'epoch': 1, 'time_group': 118, 'time_groups': 118, 'batch': 117, 'batches': 118, 'time_value': 1966.0, 'group_batches': 1, 'history_edges': 3153, 'elapsed_sec': 26.11761361733079, 'cuda_allocated_mb': 45, 'cuda_reserved_mb': 236, 'cuda_max_allocated_mb': 203}
{'event': 'train_progress', 'epoch': 1, 'batch': 118, 'batches': 118, 'time_group': 118, 'time_groups': 118, 'history_edges': 3153, 'pos_edges': 91, 'neg_edges': 91, 'loss_recent': 2.251680290699005, 'elapsed_sec': 26.4562628865242, 'avg_sec_per_batch': 0.2242056176824085, 'cuda_allocated_mb': 49, 'cuda_reserved_mb': 236, 'cuda_max_allocated_mb': 203}
{'event': 'validation_start', 'epoch': 1}
{'event': 'validation_ranking_start', 'epoch': 1, 'max_edges': 5}
{'event': 'epoch_end', 'epoch': 1, 'early_stop_metric': 'val_composite', 'val_score': 0.192655374224477, 'val_auc': 0.60084228515625, 'val_ap': 0.27218532504868737, 'val_ndcg': 0.7918902822019798, 'val_mrr': 0.029464907711995954, 'val_hits@1': 0.0, 'val_hits@10': 0.2, 'val_hits@50': 0.3, 'val_hits@100': 0.5, 'elapsed_sec': 30.001049786806107}
{'candidate': 'candidate_listwise_yago_diag_probe_h96_r12_a12_p4x4_l1_neg1_lr0p001_hp0p1_sr0_sa0_rl0p05_m0_bpr_crl0p005_cs8_both_cq16', 'seed': 1, 'composite': nan, 'val_auc': 0.60084228515625, 'val_ap': 0.27218532504868737, 'val_ndcg': 0.7918902822019798, 'val_mrr': 0.029464907711995954, 'val_hits@1': 0.0, 'val_hits@10': 0.2, 'val_hits@50': 0.3, 'val_hits@100': 0.5, 'train_loss': 2.021168957827455, 'train_lp': 0.5557700576165975, 'train_align': 277.30848003848126, 'train_kl': 758.9565059532554, 'train_ood_reg': 0.21826145393868623, 'train_meta': 0.5485212048989231, 'train_struct_aux': 0.0, 'train_weighted_align': 1.386542373565736, 'train_weighted_kl': 0.07589564844965935, 'train_weighted_ood_reg': 0.00021826146430458274, 'train_weighted_meta': 0.002742605963603483, 'train_weighted_struct_aux': 0.0, 'train_rank': 0.5261008416192007, 'train_weighted_rank': 0.026305042507158496, 'train_candidate_rank': 1.7091619443085233, 'train_weighted_candidate_rank': 0.008545809533936367}
{'event': 'candidate_summary', 'candidate': 'candidate_listwise_yago_diag_probe_h96_r12_a12_p4x4_l1_neg1_lr0p001_hp0p1_sr0_sa0_rl0p05_m0_bpr_crl0p005_cs8_both_cq16', 'score': 0.192655374224477, 'passes_metric_minima': True, 'means': {'val_auc': 0.60084228515625, 'val_ap': 0.27218532504868737, 'val_mrr': 0.029464907711995954, 'val_hits@10': 0.2, 'val_ndcg': 0.7918902822019798}, 'seeds_completed': 1}
{'event': 'candidate_seed_start', 'candidate': 'candidate_listwise_yago_diag_probe_h96_r12_a12_p4x4_l1_neg1_lr0p001_hp0p1_sr0_sa0_rl0p05_m0_bpr_crl0p01_cs8_both_cq16', 'seed': 1, 'device': 'cuda', 'node_text_device': 'cuda:0'}
{'event': 'train_seed_start', 'seed': 1, 'train_edges': 3244, 'val_edges': 6738, 'test_edges': 26719, 'num_nodes': 4197, 'num_relations': 19}
{'event': 'train_seed_tensors_ready', 'seed': 1, 'elapsed_sec': 0.004524793475866318, 'cuda_allocated_mb': 25, 'cuda_reserved_mb': 42, 'cuda_max_allocated_mb': 203}
{'event': 'train_known_facts_ready', 'seed': 1, 'scope': 'train', 'edges': 3244, 'elapsed_sec': 0.006217733025550842}
{'event': 'train_known_facts_ready', 'seed': 1, 'scope': 'train_val', 'edges': 9982, 'elapsed_sec': 0.0073761120438575745}
{'event': 'train_sampler_ready', 'seed': 1, 'elapsed_sec': 0.011321835219860077}
{'event': 'val_sampler_ready', 'seed': 1, 'elapsed_sec': 0.015056978911161423}
{'event': 'epoch_start', 'epoch': 1, 'epochs': 1, 'batches': 118, 'time_groups': 118}
{'event': 'train_time_group', 'epoch': 1, 'time_group': 1, 'time_groups': 118, 'batch': 0, 'batches': 118, 'time_value': 600.0, 'group_batches': 1, 'history_edges': 0, 'elapsed_sec': 0.009517259895801544, 'cuda_allocated_mb': 26, 'cuda_reserved_mb': 44, 'cuda_max_allocated_mb': 203}
{'event': 'train_progress', 'epoch': 1, 'batch': 1, 'batches': 118, 'time_group': 1, 'time_groups': 118, 'history_edges': 0, 'pos_edges': 1, 'neg_edges': 1, 'loss_recent': 0.6388773918151855, 'elapsed_sec': 0.1677781566977501, 'avg_sec_per_batch': 0.1677781566977501, 'cuda_allocated_mb': 44, 'cuda_reserved_mb': 90, 'cuda_max_allocated_mb': 203}
{'event': 'train_progress', 'epoch': 1, 'batch': 100, 'batches': 118, 'time_group': 100, 'time_groups': 118, 'history_edges': 2144, 'pos_edges': 38, 'neg_edges': 38, 'loss_recent': 1.7468828493356705, 'elapsed_sec': 21.131278444081545, 'avg_sec_per_batch': 0.21131278444081544, 'cuda_allocated_mb': 48, 'cuda_reserved_mb': 216, 'cuda_max_allocated_mb': 203}
{'event': 'train_time_group', 'epoch': 1, 'time_group': 118, 'time_groups': 118, 'batch': 117, 'batches': 118, 'time_value': 1966.0, 'group_batches': 1, 'history_edges': 3153, 'elapsed_sec': 25.554131407290697, 'cuda_allocated_mb': 45, 'cuda_reserved_mb': 236, 'cuda_max_allocated_mb': 203}
{'event': 'train_progress', 'epoch': 1, 'batch': 118, 'batches': 118, 'time_group': 118, 'time_groups': 118, 'history_edges': 3153, 'pos_edges': 91, 'neg_edges': 91, 'loss_recent': 2.251570996642113, 'elapsed_sec': 25.821082901209593, 'avg_sec_per_batch': 0.21882273645092876, 'cuda_allocated_mb': 49, 'cuda_reserved_mb': 236, 'cuda_max_allocated_mb': 203}
{'event': 'validation_start', 'epoch': 1}
{'event': 'validation_ranking_start', 'epoch': 1, 'max_edges': 5}
{'event': 'epoch_end', 'epoch': 1, 'early_stop_metric': 'val_composite', 'val_score': 0.19273433952778513, 'val_auc': 0.6009094238281251, 'val_ap': 0.2727051014582482, 'val_ndcg': 0.7922812998025079, 'val_mrr': 0.02943677856418773, 'val_hits@1': 0.0, 'val_hits@10': 0.2, 'val_hits@50': 0.3, 'val_hits@100': 0.5, 'elapsed_sec': 29.377280965447426}
{'candidate': 'candidate_listwise_yago_diag_probe_h96_r12_a12_p4x4_l1_neg1_lr0p001_hp0p1_sr0_sa0_rl0p05_m0_bpr_crl0p01_cs8_both_cq16', 'seed': 1, 'composite': nan, 'val_auc': 0.6009094238281251, 'val_ap': 0.2727051014582482, 'val_ndcg': 0.7922812998025079, 'val_mrr': 0.02943677856418773, 'val_hits@1': 0.0, 'val_hits@10': 0.2, 'val_hits@50': 0.3, 'val_hits@100': 0.5, 'train_loss': 2.021074089458433, 'train_lp': 0.5554648837295629, 'train_align': 277.3361526101323, 'train_kl': 759.6903166366836, 'train_ood_reg': 0.21830193723662425, 'train_meta': 0.5482277301282196, 'train_struct_aux': 0.0, 'train_weighted_align': 1.3866807319997352, 'train_weighted_kl': 0.07596902982173961, 'train_weighted_ood_reg': 0.0002183019472394628, 'train_weighted_meta': 0.0027411385864548198, 'train_weighted_struct_aux': 0.0, 'train_rank': 0.5257226938413362, 'train_weighted_rank': 0.02628613516719917, 'train_candidate_rank': 1.7075010396666446, 'train_weighted_candidate_rank': 0.01707500999130435}
{'event': 'candidate_summary', 'candidate': 'candidate_listwise_yago_diag_probe_h96_r12_a12_p4x4_l1_neg1_lr0p001_hp0p1_sr0_sa0_rl0p05_m0_bpr_crl0p01_cs8_both_cq16', 'score': 0.19273433952778513, 'passes_metric_minima': True, 'means': {'val_auc': 0.6009094238281251, 'val_ap': 0.2727051014582482, 'val_mrr': 0.02943677856418773, 'val_hits@10': 0.2, 'val_ndcg': 0.7922812998025079}, 'seeds_completed': 1}
