
$ /root/miniconda3/bin/python -u scripts/search_hparams.py --config configs/auto_target/ssptgfm_search_yago15k_temporal_struct_history_fastscan.yaml --output results/auto_target_struct_micro_v3/search_yago15k_temporal_struct_history_fastscan --resume
runtime_device=cuda
cuda_device=Tesla V100-PCIE-32GB
{'event': 'candidate_seed_start', 'candidate': 'struct_history_fastscan_h96_r12_a12_p4x4_l1_neg1_lr0p001_hp0p35_freq40_sr0p25_sa0p1_rl0p05_m0_bpr', 'seed': 1, 'device': 'cuda', 'node_text_device': 'cuda:0'}
{'event': 'train_seed_start', 'seed': 1, 'train_edges': 3244, 'val_edges': 6738, 'test_edges': 26719, 'num_nodes': 4197, 'num_relations': 19}
{'event': 'train_seed_tensors_ready', 'seed': 1, 'elapsed_sec': 0.004434268921613693, 'cuda_allocated_mb': 9, 'cuda_reserved_mb': 22, 'cuda_max_allocated_mb': 9}
{'event': 'train_known_facts_ready', 'seed': 1, 'scope': 'train', 'edges': 3244, 'elapsed_sec': 0.0061842575669288635}
{'event': 'train_known_facts_ready', 'seed': 1, 'scope': 'train_val', 'edges': 9982, 'elapsed_sec': 0.00736091285943985}
{'event': 'train_sampler_ready', 'seed': 1, 'elapsed_sec': 0.008859582245349884}
{'event': 'val_sampler_ready', 'seed': 1, 'elapsed_sec': 0.010240744799375534}
{'event': 'epoch_start', 'epoch': 1, 'epochs': 1, 'batches': 118, 'time_groups': 118}
{'event': 'train_time_group', 'epoch': 1, 'time_group': 1, 'time_groups': 118, 'batch': 0, 'batches': 118, 'time_value': 600.0, 'group_batches': 1, 'history_edges': 0, 'elapsed_sec': 0.016046319156885147, 'cuda_allocated_mb': 9, 'cuda_reserved_mb': 24, 'cuda_max_allocated_mb': 9}
{'event': 'train_progress', 'epoch': 1, 'batch': 1, 'batches': 118, 'time_group': 1, 'time_groups': 118, 'history_edges': 0, 'pos_edges': 1, 'neg_edges': 1, 'loss_recent': 0.7488216757774353, 'elapsed_sec': 0.9203715957701206, 'avg_sec_per_batch': 0.9203715957701206, 'cuda_allocated_mb': 44, 'cuda_reserved_mb': 90, 'cuda_max_allocated_mb': 80}
{'event': 'train_progress', 'epoch': 1, 'batch': 100, 'batches': 118, 'time_group': 100, 'time_groups': 118, 'history_edges': 2144, 'pos_edges': 38, 'neg_edges': 38, 'loss_recent': 1.8276582226157188, 'elapsed_sec': 17.82226111739874, 'avg_sec_per_batch': 0.17822261117398738, 'cuda_allocated_mb': 46, 'cuda_reserved_mb': 202, 'cuda_max_allocated_mb': 169}
{'event': 'train_time_group', 'epoch': 1, 'time_group': 118, 'time_groups': 118, 'batch': 117, 'batches': 118, 'time_value': 1966.0, 'group_batches': 1, 'history_edges': 3153, 'elapsed_sec': 21.366597894579172, 'cuda_allocated_mb': 45, 'cuda_reserved_mb': 222, 'cuda_max_allocated_mb': 189}
{'event': 'train_progress', 'epoch': 1, 'batch': 118, 'batches': 118, 'time_group': 118, 'time_groups': 118, 'history_edges': 3153, 'pos_edges': 91, 'neg_edges': 91, 'loss_recent': 2.405702532827854, 'elapsed_sec': 21.63197723403573, 'avg_sec_per_batch': 0.1833218409664045, 'cuda_allocated_mb': 48, 'cuda_reserved_mb': 222, 'cuda_max_allocated_mb': 192}
{'event': 'validation_start', 'epoch': 1}
{'event': 'validation_ranking_start', 'epoch': 1, 'max_edges': 3}
{'event': 'epoch_end', 'epoch': 1, 'early_stop_metric': 'val_composite', 'val_score': 0.45529413573399885, 'val_auc': 0.93670654296875, 'val_ap': 0.8808860591344112, 'val_ndcg': 0.9778275550736174, 'val_mrr': 0.1882602621964324, 'val_hits@1': 0.0, 'val_hits@10': 0.5, 'val_hits@50': 0.6666666666666666, 'val_hits@100': 0.6666666666666666, 'elapsed_sec': 30.23866855725646}
{'candidate': 'struct_history_fastscan_h96_r12_a12_p4x4_l1_neg1_lr0p001_hp0p35_freq40_sr0p25_sa0p1_rl0p05_m0_bpr', 'seed': 1, 'composite': nan, 'val_auc': 0.93670654296875, 'val_ap': 0.8808860591344112, 'val_ndcg': 0.9778275550736174, 'val_mrr': 0.1882602621964324, 'val_hits@1': 0.0, 'val_hits@10': 0.5, 'val_hits@50': 0.6666666666666666, 'val_hits@100': 0.6666666666666666, 'train_loss': 2.159367491380643, 'train_lp': 0.4609169089945696, 'train_align': 310.44376678183926, 'train_kl': 889.1402295646021, 'train_ood_reg': 0.2179388646352089, 'train_meta': 0.465350394910675, 'train_struct_aux': 0.5477307029699875, 'train_weighted_align': 1.5522188039228193, 'train_weighted_kl': 0.08891402096566507, 'train_weighted_ood_reg': 0.00021793887473473136, 'train_weighted_meta': 0.0023267519170955078, 'train_weighted_struct_aux': 0.05477307122832133, 'train_rank': 0.3680258158404948, 'train_weighted_rank': 0.018401291049716963}
{'event': 'candidate_summary', 'candidate': 'struct_history_fastscan_h96_r12_a12_p4x4_l1_neg1_lr0p001_hp0p35_freq40_sr0p25_sa0p1_rl0p05_m0_bpr', 'score': 0.45529413573399885, 'passes_metric_minima': True, 'means': {'val_auc': 0.93670654296875, 'val_ap': 0.8808860591344112, 'val_mrr': 0.1882602621964324, 'val_hits@10': 0.5, 'val_ndcg': 0.9778275550736174}, 'seeds_completed': 1}
{'event': 'candidate_seed_start', 'candidate': 'struct_history_fastscan_h96_r12_a12_p4x4_l1_neg1_lr0p001_hp0p35_freq40_sr0p5_sa0p1_rl0p05_m0_bpr', 'seed': 1, 'device': 'cuda', 'node_text_device': 'cuda:0'}
{'event': 'train_seed_start', 'seed': 1, 'train_edges': 3244, 'val_edges': 6738, 'test_edges': 26719, 'num_nodes': 4197, 'num_relations': 19}
{'event': 'train_seed_tensors_ready', 'seed': 1, 'elapsed_sec': 0.01587916910648346, 'cuda_allocated_mb': 25, 'cuda_reserved_mb': 42, 'cuda_max_allocated_mb': 192}
{'event': 'train_known_facts_ready', 'seed': 1, 'scope': 'train', 'edges': 3244, 'elapsed_sec': 0.017458200454711914}
{'event': 'train_known_facts_ready', 'seed': 1, 'scope': 'train_val', 'edges': 9982, 'elapsed_sec': 0.018796905875205994}
{'event': 'train_sampler_ready', 'seed': 1, 'elapsed_sec': 0.020726803690195084}
{'event': 'val_sampler_ready', 'seed': 1, 'elapsed_sec': 0.022611059248447418}
{'event': 'epoch_start', 'epoch': 1, 'epochs': 1, 'batches': 118, 'time_groups': 118}
{'event': 'train_time_group', 'epoch': 1, 'time_group': 1, 'time_groups': 118, 'batch': 0, 'batches': 118, 'time_value': 600.0, 'group_batches': 1, 'history_edges': 0, 'elapsed_sec': 0.0053842030465602875, 'cuda_allocated_mb': 26, 'cuda_reserved_mb': 44, 'cuda_max_allocated_mb': 192}
{'event': 'train_progress', 'epoch': 1, 'batch': 1, 'batches': 118, 'time_group': 1, 'time_groups': 118, 'history_edges': 0, 'pos_edges': 1, 'neg_edges': 1, 'loss_recent': 0.7487331032752991, 'elapsed_sec': 0.12061592936515808, 'avg_sec_per_batch': 0.12061592936515808, 'cuda_allocated_mb': 44, 'cuda_reserved_mb': 90, 'cuda_max_allocated_mb': 192}
{'event': 'train_progress', 'epoch': 1, 'batch': 100, 'batches': 118, 'time_group': 100, 'time_groups': 118, 'history_edges': 2144, 'pos_edges': 38, 'neg_edges': 38, 'loss_recent': 1.8227304854989053, 'elapsed_sec': 17.090234961360693, 'avg_sec_per_batch': 0.17090234961360692, 'cuda_allocated_mb': 46, 'cuda_reserved_mb': 202, 'cuda_max_allocated_mb': 192}
{'event': 'train_time_group', 'epoch': 1, 'time_group': 118, 'time_groups': 118, 'batch': 117, 'batches': 118, 'time_value': 1966.0, 'group_batches': 1, 'history_edges': 3153, 'elapsed_sec': 20.85476455464959, 'cuda_allocated_mb': 45, 'cuda_reserved_mb': 222, 'cuda_max_allocated_mb': 192}
{'event': 'train_progress', 'epoch': 1, 'batch': 118, 'batches': 118, 'time_group': 118, 'time_groups': 118, 'history_edges': 3153, 'pos_edges': 91, 'neg_edges': 91, 'loss_recent': 2.401294011771679, 'elapsed_sec': 21.123279720544815, 'avg_sec_per_batch': 0.17901084508936285, 'cuda_allocated_mb': 48, 'cuda_reserved_mb': 222, 'cuda_max_allocated_mb': 192}
{'event': 'validation_start', 'epoch': 1}
{'event': 'validation_ranking_start', 'epoch': 1, 'max_edges': 3}
{'event': 'epoch_end', 'epoch': 1, 'early_stop_metric': 'val_composite', 'val_score': 0.44684435855903737, 'val_auc': 0.9352620442708334, 'val_ap': 0.8799350686714775, 'val_ndcg': 0.9775441028604056, 'val_mrr': 0.1733392468340609, 'val_hits@1': 0.0, 'val_hits@10': 0.5, 'val_hits@50': 0.6666666666666666, 'val_hits@100': 0.6666666666666666, 'elapsed_sec': 29.810984015464783}
{'candidate': 'struct_history_fastscan_h96_r12_a12_p4x4_l1_neg1_lr0p001_hp0p35_freq40_sr0p5_sa0p1_rl0p05_m0_bpr', 'seed': 1, 'composite': nan, 'val_auc': 0.9352620442708334, 'val_ap': 0.8799350686714775, 'val_ndcg': 0.9775441028604056, 'val_mrr': 0.1733392468340609, 'val_hits@1': 0.0, 'val_hits@10': 0.5, 'val_hits@50': 0.6666666666666666, 'val_hits@100': 0.6666666666666666, 'train_loss': 2.1551000801688533, 'train_lp': 0.4552322090682337, 'train_align': 310.6129831924277, 'train_kl': 880.6769187409999, 'train_ood_reg': 0.2178206154603069, 'train_meta': 0.46141416983584227, 'train_struct_aux': 0.5621040261397927, 'train_weighted_align': 1.5530648796771795, 'train_weighted_kl': 0.08806769004075836, 'train_weighted_ood_reg': 0.00021782062537830039, 'train_weighted_meta': 0.0023070708066678875, 'train_weighted_struct_aux': 0.05621040391467386, 'train_rank': 0.3589044710210824, 'train_weighted_rank': 0.01794522393976291}
{'event': 'candidate_summary', 'candidate': 'struct_history_fastscan_h96_r12_a12_p4x4_l1_neg1_lr0p001_hp0p35_freq40_sr0p5_sa0p1_rl0p05_m0_bpr', 'score': 0.44684435855903737, 'passes_metric_minima': True, 'means': {'val_auc': 0.9352620442708334, 'val_ap': 0.8799350686714775, 'val_mrr': 0.1733392468340609, 'val_hits@10': 0.5, 'val_ndcg': 0.9775441028604056}, 'seeds_completed': 1}
