
$ /root/miniconda3/bin/python -u scripts/search_hparams.py --config configs/auto_target/ssptgfm_search_tgb_yago_struct_history_fastscan.yaml --output results/auto_target_struct_micro_v3/search_tgb_yago_struct_history_fastscan --resume
runtime_device=cuda
cuda_device=Tesla V100-PCIE-32GB
{'event': 'candidate_seed_start', 'candidate': 'struct_history_fastscan_h96_r12_a12_p4x4_l1_neg1_lr0p001_hp0p35_freq40_sr0p25_sa0p1_rl0p05_m0_bpr', 'seed': 1, 'device': 'cuda', 'node_text_device': 'cuda:0'}
{'event': 'train_seed_start', 'seed': 1, 'train_edges': 12000, 'val_edges': 39046, 'test_edges': 40052, 'num_nodes': 10585, 'num_relations': 20}
{'event': 'train_seed_tensors_ready', 'seed': 1, 'elapsed_sec': 0.00566338375210762, 'cuda_allocated_mb': 21, 'cuda_reserved_mb': 22, 'cuda_max_allocated_mb': 21}
{'event': 'train_known_facts_ready', 'seed': 1, 'scope': 'train', 'edges': 12000, 'elapsed_sec': 0.007842056453227997}
{'event': 'train_known_facts_ready', 'seed': 1, 'scope': 'train_val', 'edges': 51046, 'elapsed_sec': 0.011952906847000122}
{'event': 'train_sampler_ready', 'seed': 1, 'elapsed_sec': 0.015378210693597794}
{'event': 'val_sampler_ready', 'seed': 1, 'elapsed_sec': 0.018269602209329605}
{'event': 'epoch_start', 'epoch': 1, 'epochs': 1, 'batches': 28, 'time_groups': 28}
{'event': 'train_time_group', 'epoch': 1, 'time_group': 1, 'time_groups': 28, 'batch': 0, 'batches': 28, 'time_value': 0.0, 'group_batches': 1, 'history_edges': 0, 'elapsed_sec': 0.013358458876609802, 'cuda_allocated_mb': 21, 'cuda_reserved_mb': 24, 'cuda_max_allocated_mb': 21}
{'event': 'train_progress', 'epoch': 1, 'batch': 1, 'batches': 28, 'time_group': 1, 'time_groups': 28, 'history_edges': 0, 'pos_edges': 942, 'neg_edges': 942, 'loss_recent': 62.18012619018555, 'elapsed_sec': 1.9178102724254131, 'avg_sec_per_batch': 1.9178102724254131, 'cuda_allocated_mb': 124, 'cuda_reserved_mb': 390, 'cuda_max_allocated_mb': 353}
{'event': 'train_time_group', 'epoch': 1, 'time_group': 28, 'time_groups': 28, 'batch': 27, 'batches': 28, 'time_value': 27.0, 'group_batches': 1, 'history_edges': 11902, 'elapsed_sec': 17.028662506490946, 'cuda_allocated_mb': 78, 'cuda_reserved_mb': 610, 'cuda_max_allocated_mb': 550}
{'event': 'train_progress', 'epoch': 1, 'batch': 28, 'batches': 28, 'time_group': 28, 'time_groups': 28, 'history_edges': 11902, 'pos_edges': 98, 'neg_edges': 98, 'loss_recent': 25.276721579687937, 'elapsed_sec': 17.202809929847717, 'avg_sec_per_batch': 0.6143860689231327, 'cuda_allocated_mb': 84, 'cuda_reserved_mb': 610, 'cuda_max_allocated_mb': 550}
{'event': 'validation_start', 'epoch': 1}
{'event': 'validation_ranking_start', 'epoch': 1, 'max_edges': 3}
{'event': 'epoch_end', 'epoch': 1, 'early_stop_metric': 'val_composite', 'val_score': 0.1755396464152766, 'val_auc': 0.53704833984375, 'val_ap': 0.4249123479081899, 'val_ndcg': 0.8472984729870252, 'val_mrr': 0.0004009635239238228, 'val_hits@1': 0.0, 'val_hits@10': 0.0, 'val_hits@50': 0.0, 'val_hits@100': 0.0, 'elapsed_sec': 38.94825390726328}
{'candidate': 'struct_history_fastscan_h96_r12_a12_p4x4_l1_neg1_lr0p001_hp0p35_freq40_sr0p25_sa0p1_rl0p05_m0_bpr', 'seed': 1, 'composite': nan, 'val_auc': 0.53704833984375, 'val_ap': 0.4249123479081899, 'val_ndcg': 0.8472984729870252, 'val_mrr': 0.0004009635239238228, 'val_hits@1': 0.0, 'val_hits@10': 0.0, 'val_hits@50': 0.0, 'val_hits@100': 0.0, 'train_loss': 25.276721579687937, 'train_lp': 0.30244412326387, 'train_align': 4761.051356724331, 'train_kl': 11006.043657575336, 'train_ood_reg': 0.2322355918586254, 'train_meta': 0.2929284450198923, 'train_struct_aux': 0.6672051421233586, 'train_weighted_align': 23.80525631564004, 'train_weighted_kl': 1.100604327129466, 'train_weighted_ood_reg': 0.00023223560336711152, 'train_weighted_meta': 0.0014646421851856367, 'train_weighted_struct_aux': 0.06672051562262434, 'train_rank': 0.14486174684550082, 'train_weighted_rank': 0.007243087373873485}
{'event': 'candidate_summary', 'candidate': 'struct_history_fastscan_h96_r12_a12_p4x4_l1_neg1_lr0p001_hp0p35_freq40_sr0p25_sa0p1_rl0p05_m0_bpr', 'score': 0.1755396464152766, 'passes_metric_minima': True, 'means': {'val_auc': 0.53704833984375, 'val_ap': 0.4249123479081899, 'val_mrr': 0.0004009635239238228, 'val_hits@10': 0.0, 'val_ndcg': 0.8472984729870252}, 'seeds_completed': 1}
{'event': 'candidate_seed_start', 'candidate': 'struct_history_fastscan_h96_r12_a12_p4x4_l1_neg1_lr0p001_hp0p35_freq40_sr0p5_sa0p1_rl0p05_m0_bpr', 'seed': 1, 'device': 'cuda', 'node_text_device': 'cuda:0'}
{'event': 'train_seed_start', 'seed': 1, 'train_edges': 12000, 'val_edges': 39046, 'test_edges': 40052, 'num_nodes': 10585, 'num_relations': 20}
{'event': 'train_seed_tensors_ready', 'seed': 1, 'elapsed_sec': 0.014769908040761948, 'cuda_allocated_mb': 37, 'cuda_reserved_mb': 62, 'cuda_max_allocated_mb': 550}
{'event': 'train_known_facts_ready', 'seed': 1, 'scope': 'train', 'edges': 12000, 'elapsed_sec': 0.016876548528671265}
{'event': 'train_known_facts_ready', 'seed': 1, 'scope': 'train_val', 'edges': 51046, 'elapsed_sec': 0.02345479652285576}
{'event': 'train_sampler_ready', 'seed': 1, 'elapsed_sec': 0.02777697518467903}
{'event': 'val_sampler_ready', 'seed': 1, 'elapsed_sec': 0.030846357345581055}
{'event': 'epoch_start', 'epoch': 1, 'epochs': 1, 'batches': 28, 'time_groups': 28}
{'event': 'train_time_group', 'epoch': 1, 'time_group': 1, 'time_groups': 28, 'batch': 0, 'batches': 28, 'time_value': 0.0, 'group_batches': 1, 'history_edges': 0, 'elapsed_sec': 0.00505717471241951, 'cuda_allocated_mb': 37, 'cuda_reserved_mb': 64, 'cuda_max_allocated_mb': 550}
{'event': 'train_progress', 'epoch': 1, 'batch': 1, 'batches': 28, 'time_group': 1, 'time_groups': 28, 'history_edges': 0, 'pos_edges': 942, 'neg_edges': 942, 'loss_recent': 62.180904388427734, 'elapsed_sec': 1.105766985565424, 'avg_sec_per_batch': 1.105766985565424, 'cuda_allocated_mb': 124, 'cuda_reserved_mb': 390, 'cuda_max_allocated_mb': 550}
{'event': 'train_time_group', 'epoch': 1, 'time_group': 28, 'time_groups': 28, 'batch': 27, 'batches': 28, 'time_value': 27.0, 'group_batches': 1, 'history_edges': 11902, 'elapsed_sec': 16.19820624217391, 'cuda_allocated_mb': 78, 'cuda_reserved_mb': 610, 'cuda_max_allocated_mb': 550}
{'event': 'train_progress', 'epoch': 1, 'batch': 28, 'batches': 28, 'time_group': 28, 'time_groups': 28, 'history_edges': 11902, 'pos_edges': 98, 'neg_edges': 98, 'loss_recent': 25.272872260638646, 'elapsed_sec': 16.455611184239388, 'avg_sec_per_batch': 0.5877003994371209, 'cuda_allocated_mb': 84, 'cuda_reserved_mb': 610, 'cuda_max_allocated_mb': 550}
{'event': 'validation_start', 'epoch': 1}
{'event': 'validation_ranking_start', 'epoch': 1, 'max_edges': 3}
{'event': 'epoch_end', 'epoch': 1, 'early_stop_metric': 'val_composite', 'val_score': 0.17437319673965856, 'val_auc': 0.5345458984375, 'val_ap': 0.4195448141829894, 'val_ndcg': 0.8450577510917352, 'val_mrr': 0.00037891742029383954, 'val_hits@1': 0.0, 'val_hits@10': 0.0, 'val_hits@50': 0.0, 'val_hits@100': 0.0, 'elapsed_sec': 38.16212227195501}
{'candidate': 'struct_history_fastscan_h96_r12_a12_p4x4_l1_neg1_lr0p001_hp0p35_freq40_sr0p5_sa0p1_rl0p05_m0_bpr', 'seed': 1, 'composite': nan, 'val_auc': 0.5345458984375, 'val_ap': 0.4195448141829894, 'val_ndcg': 0.8450577510917352, 'val_mrr': 0.00037891742029383954, 'val_hits@1': 0.0, 'val_hits@10': 0.0, 'val_hits@50': 0.0, 'val_hits@100': 0.0, 'train_loss': 25.272872260638646, 'train_lp': 0.2981324302298682, 'train_align': 4761.0491289411275, 'train_kl': 11007.425894601005, 'train_ood_reg': 0.23204451746174268, 'train_meta': 0.28743982687592506, 'train_struct_aux': 0.6708321784223829, 'train_weighted_align': 23.80524504184723, 'train_weighted_kl': 1.1007425492363316, 'train_weighted_ood_reg': 0.00023204452788507166, 'train_weighted_meta': 0.001437199114921636, 'train_weighted_struct_aux': 0.06708321893321616, 'train_rank': 0.1428955543254103, 'train_weighted_rank': 0.007144777794435088}
{'event': 'candidate_summary', 'candidate': 'struct_history_fastscan_h96_r12_a12_p4x4_l1_neg1_lr0p001_hp0p35_freq40_sr0p5_sa0p1_rl0p05_m0_bpr', 'score': 0.17437319673965856, 'passes_metric_minima': True, 'means': {'val_auc': 0.5345458984375, 'val_ap': 0.4195448141829894, 'val_mrr': 0.00037891742029383954, 'val_hits@10': 0.0, 'val_ndcg': 0.8450577510917352}, 'seeds_completed': 1}
