
$ /root/miniconda3/bin/python -u scripts/search_hparams.py --config configs/auto_target/ssptgfm_search_icews14_history_fixed_probe.yaml --output results/auto_target_fixed_probe/search_icews14_history_fixed_probe --resume
runtime_device=cuda
cuda_device=Tesla V100-PCIE-32GB
{'event': 'candidate_seed_start', 'candidate': 'history_fixed_probe_h128_r16_a16_p4x4_l1_neg5_lr0p001_hp0p5_rank', 'seed': 1, 'device': 'cuda', 'node_text_device': 'cuda:0'}
{'event': 'train_seed_start', 'seed': 1, 'train_edges': 61760, 'val_edges': 14592, 'test_edges': 14378, 'num_nodes': 7128, 'num_relations': 230}
{'event': 'train_seed_tensors_ready', 'seed': 1, 'elapsed_sec': 0.011443555355072021, 'cuda_allocated_mb': 28, 'cuda_reserved_mb': 44, 'cuda_max_allocated_mb': 28}
{'event': 'train_known_facts_ready', 'seed': 1, 'scope': 'train', 'edges': 61760, 'elapsed_sec': 0.018049847334623337}
{'event': 'train_known_facts_ready', 'seed': 1, 'scope': 'train_val', 'edges': 76352, 'elapsed_sec': 0.024464566260576248}
{'event': 'train_sampler_ready', 'seed': 1, 'elapsed_sec': 0.030461180955171585}
{'event': 'val_sampler_ready', 'seed': 1, 'elapsed_sec': 0.035940613597631454}
{'event': 'epoch_start', 'epoch': 1, 'epochs': 2, 'batches': 255, 'time_groups': 255}
{'event': 'train_time_group', 'epoch': 1, 'time_group': 1, 'time_groups': 255, 'batch': 0, 'batches': 255, 'time_value': 1388534400.0, 'group_batches': 1, 'history_edges': 0, 'elapsed_sec': 0.20470338314771652, 'cuda_allocated_mb': 30, 'cuda_reserved_mb': 46, 'cuda_max_allocated_mb': 30}
{'event': 'train_progress', 'epoch': 1, 'batch': 1, 'batches': 255, 'time_group': 1, 'time_groups': 255, 'history_edges': 0, 'pos_edges': 113, 'neg_edges': 565, 'loss_recent': 24.87322425842285, 'elapsed_sec': 1.3146194852888584, 'avg_sec_per_batch': 1.3146194852888584, 'cuda_allocated_mb': 128, 'cuda_reserved_mb': 292, 'cuda_max_allocated_mb': 261}
{'event': 'train_progress', 'epoch': 1, 'batch': 100, 'batches': 255, 'time_group': 100, 'time_groups': 255, 'history_edges': 23816, 'pos_edges': 259, 'neg_edges': 1295, 'loss_recent': 47.45516170501709, 'elapsed_sec': 46.76686041429639, 'avg_sec_per_batch': 0.4676686041429639, 'cuda_allocated_mb': 142, 'cuda_reserved_mb': 1108, 'cuda_max_allocated_mb': 1035}
{'event': 'train_progress', 'epoch': 1, 'batch': 200, 'batches': 255, 'time_group': 200, 'time_groups': 255, 'history_edges': 48751, 'pos_edges': 162, 'neg_edges': 810, 'loss_recent': 42.93554954528808, 'elapsed_sec': 95.21493559703231, 'avg_sec_per_batch': 0.47607467798516157, 'cuda_allocated_mb': 135, 'cuda_reserved_mb': 1708, 'cuda_max_allocated_mb': 1568}
{'event': 'train_time_group', 'epoch': 1, 'time_group': 255, 'time_groups': 255, 'batch': 254, 'batches': 255, 'time_value': 1410480000.0, 'group_batches': 1, 'history_edges': 61439, 'elapsed_sec': 119.74961776658893, 'cuda_allocated_mb': 120, 'cuda_reserved_mb': 2068, 'cuda_max_allocated_mb': 1916}
{'event': 'train_progress', 'epoch': 1, 'batch': 255, 'batches': 255, 'time_group': 255, 'time_groups': 255, 'history_edges': 61439, 'pos_edges': 321, 'neg_edges': 1605, 'loss_recent': 38.29651851654053, 'elapsed_sec': 120.27902016788721, 'avg_sec_per_batch': 0.47168243203093024, 'cuda_allocated_mb': 148, 'cuda_reserved_mb': 2068, 'cuda_max_allocated_mb': 1916}
{'event': 'validation_start', 'epoch': 1}
{'event': 'validation_ranking_start', 'epoch': 1, 'max_edges': 25}
{'event': 'epoch_end', 'epoch': 1, 'early_stop_metric': 'val_composite', 'val_score': 0.6129681370012918, 'val_auc': 0.8970545731694488, 'val_ap': 0.5899543447138824, 'val_ndcg': 0.9313884955770698, 'val_mrr': 0.4691561963629222, 'val_hits@1': 0.36, 'val_hits@10': 0.66, 'val_hits@50': 0.82, 'val_hits@100': 0.88, 'elapsed_sec': 228.67004722729325}
{'event': 'epoch_start', 'epoch': 2, 'epochs': 2, 'batches': 255, 'time_groups': 255}
{'event': 'train_time_group', 'epoch': 2, 'time_group': 1, 'time_groups': 255, 'batch': 0, 'batches': 255, 'time_value': 1388534400.0, 'group_batches': 1, 'history_edges': 0, 'elapsed_sec': 0.049345239996910095, 'cuda_allocated_mb': 120, 'cuda_reserved_mb': 2144, 'cuda_max_allocated_mb': 1916}
{'event': 'train_progress', 'epoch': 2, 'batch': 1, 'batches': 255, 'time_group': 1, 'time_groups': 255, 'history_edges': 0, 'pos_edges': 113, 'neg_edges': 565, 'loss_recent': 24.714183807373047, 'elapsed_sec': 0.30736949667334557, 'avg_sec_per_batch': 0.30736949667334557, 'cuda_allocated_mb': 130, 'cuda_reserved_mb': 2144, 'cuda_max_allocated_mb': 1916}
{'event': 'train_progress', 'epoch': 2, 'batch': 100, 'batches': 255, 'time_group': 100, 'time_groups': 255, 'history_edges': 23816, 'pos_edges': 259, 'neg_edges': 1295, 'loss_recent': 35.41811302185059, 'elapsed_sec': 46.4444282874465, 'avg_sec_per_batch': 0.464444282874465, 'cuda_allocated_mb': 142, 'cuda_reserved_mb': 2144, 'cuda_max_allocated_mb': 1916}
{'event': 'train_progress', 'epoch': 2, 'batch': 200, 'batches': 255, 'time_group': 200, 'time_groups': 255, 'history_edges': 48751, 'pos_edges': 162, 'neg_edges': 810, 'loss_recent': 31.11437481880188, 'elapsed_sec': 95.59687114134431, 'avg_sec_per_batch': 0.47798435570672154, 'cuda_allocated_mb': 135, 'cuda_reserved_mb': 2144, 'cuda_max_allocated_mb': 1916}
{'event': 'train_time_group', 'epoch': 2, 'time_group': 255, 'time_groups': 255, 'batch': 254, 'batches': 255, 'time_value': 1410480000.0, 'group_batches': 1, 'history_edges': 61439, 'elapsed_sec': 122.04718135669827, 'cuda_allocated_mb': 120, 'cuda_reserved_mb': 2144, 'cuda_max_allocated_mb': 1916}
{'event': 'train_progress', 'epoch': 2, 'batch': 255, 'batches': 255, 'time_group': 255, 'time_groups': 255, 'history_edges': 61439, 'pos_edges': 321, 'neg_edges': 1605, 'loss_recent': 29.325714979171753, 'elapsed_sec': 122.65832487493753, 'avg_sec_per_batch': 0.48101303872524526, 'cuda_allocated_mb': 148, 'cuda_reserved_mb': 2144, 'cuda_max_allocated_mb': 1916}
{'event': 'validation_start', 'epoch': 2}
{'event': 'validation_ranking_start', 'epoch': 2, 'max_edges': 25}
{'event': 'epoch_end', 'epoch': 2, 'early_stop_metric': 'val_composite', 'val_score': 0.5720909909362555, 'val_auc': 0.8931045251378428, 'val_ap': 0.5780884299649234, 'val_ndcg': 0.9279896850456124, 'val_mrr': 0.4053112762255996, 'val_hits@1': 0.3, 'val_hits@10': 0.6, 'val_hits@50': 0.78, 'val_hits@100': 0.84, 'elapsed_sec': 230.86103600636125}
{'candidate': 'history_fixed_probe_h128_r16_a16_p4x4_l1_neg5_lr0p001_hp0p5_rank', 'seed': 1, 'composite': nan, 'val_auc': 0.8970545721362282, 'val_ap': 0.5899543385286115, 'val_ndcg': 0.9313884937782815, 'val_mrr': 0.4691561963629222, 'val_hits@1': 0.36, 'val_hits@10': 0.66, 'val_hits@50': 0.82, 'val_hits@100': 0.88, 'train_loss': 43.03257924996171, 'train_lp': 0.2505034454312979, 'train_align': 8257.468749042586, 'train_kl': 14918.706548234528, 'train_ood_reg': 0.21667337178015242, 'train_meta': 0.5291651850237565, 'train_weighted_align': 41.287342789593865, 'train_weighted_kl': 1.491870619561158, 'train_weighted_ood_reg': 0.000216673382252053, 'train_weighted_meta': 0.0026458258683537588}
{'event': 'candidate_seed_start', 'candidate': 'history_fixed_probe_h128_r16_a16_p4x4_l1_neg5_lr0p001_hp0p5_rank', 'seed': 2, 'device': 'cuda', 'node_text_device': 'cuda:0'}
{'event': 'train_seed_start', 'seed': 2, 'train_edges': 61760, 'val_edges': 14592, 'test_edges': 14378, 'num_nodes': 7128, 'num_relations': 230}
{'event': 'train_seed_tensors_ready', 'seed': 2, 'elapsed_sec': 0.010414380580186844, 'cuda_allocated_mb': 44, 'cuda_reserved_mb': 84, 'cuda_max_allocated_mb': 1916}
{'event': 'train_known_facts_ready', 'seed': 2, 'scope': 'train', 'edges': 61760, 'elapsed_sec': 0.0182834230363369}
{'event': 'train_known_facts_ready', 'seed': 2, 'scope': 'train_val', 'edges': 76352, 'elapsed_sec': 0.027231913059949875}
{'event': 'train_sampler_ready', 'seed': 2, 'elapsed_sec': 0.03479217737913132}
{'event': 'val_sampler_ready', 'seed': 2, 'elapsed_sec': 0.039941657334566116}
{'event': 'epoch_start', 'epoch': 1, 'epochs': 2, 'batches': 255, 'time_groups': 255}
{'event': 'train_time_group', 'epoch': 1, 'time_group': 1, 'time_groups': 255, 'batch': 0, 'batches': 255, 'time_value': 1388534400.0, 'group_batches': 1, 'history_edges': 0, 'elapsed_sec': 0.015539001673460007, 'cuda_allocated_mb': 46, 'cuda_reserved_mb': 86, 'cuda_max_allocated_mb': 1916}
{'event': 'train_progress', 'epoch': 1, 'batch': 1, 'batches': 255, 'time_group': 1, 'time_groups': 255, 'history_edges': 0, 'pos_edges': 113, 'neg_edges': 565, 'loss_recent': 24.900352478027344, 'elapsed_sec': 0.2769449017941952, 'avg_sec_per_batch': 0.2769449017941952, 'cuda_allocated_mb': 128, 'cuda_reserved_mb': 292, 'cuda_max_allocated_mb': 1916}
{'event': 'train_progress', 'epoch': 1, 'batch': 100, 'batches': 255, 'time_group': 100, 'time_groups': 255, 'history_edges': 23816, 'pos_edges': 259, 'neg_edges': 1295, 'loss_recent': 47.37353706359863, 'elapsed_sec': 46.483239103108644, 'avg_sec_per_batch': 0.4648323910310864, 'cuda_allocated_mb': 143, 'cuda_reserved_mb': 1108, 'cuda_max_allocated_mb': 1916}
{'event': 'train_progress', 'epoch': 1, 'batch': 200, 'batches': 255, 'time_group': 200, 'time_groups': 255, 'history_edges': 48751, 'pos_edges': 162, 'neg_edges': 810, 'loss_recent': 42.717047367095944, 'elapsed_sec': 96.2618885859847, 'avg_sec_per_batch': 0.48130944292992356, 'cuda_allocated_mb': 135, 'cuda_reserved_mb': 1708, 'cuda_max_allocated_mb': 1916}
{'event': 'train_time_group', 'epoch': 1, 'time_group': 255, 'time_groups': 255, 'batch': 254, 'batches': 255, 'time_value': 1410480000.0, 'group_batches': 1, 'history_edges': 61439, 'elapsed_sec': 123.41144969686866, 'cuda_allocated_mb': 120, 'cuda_reserved_mb': 2068, 'cuda_max_allocated_mb': 1916}
{'event': 'train_progress', 'epoch': 1, 'batch': 255, 'batches': 255, 'time_group': 255, 'time_groups': 255, 'history_edges': 61439, 'pos_edges': 321, 'neg_edges': 1605, 'loss_recent': 38.12528180122376, 'elapsed_sec': 123.95613988861442, 'avg_sec_per_batch': 0.48610250936711535, 'cuda_allocated_mb': 149, 'cuda_reserved_mb': 2068, 'cuda_max_allocated_mb': 1916}
{'event': 'validation_start', 'epoch': 1}
{'event': 'validation_ranking_start', 'epoch': 1, 'max_edges': 25}
{'event': 'epoch_end', 'epoch': 1, 'early_stop_metric': 'val_composite', 'val_score': 0.5987878217246101, 'val_auc': 0.89901401659495, 'val_ap': 0.5998162140668721, 'val_ndcg': 0.933308610515895, 'val_mrr': 0.43504838863600687, 'val_hits@1': 0.32, 'val_hits@10': 0.64, 'val_hits@50': 0.82, 'val_hits@100': 0.84, 'elapsed_sec': 232.36008984968066}
{'event': 'epoch_start', 'epoch': 2, 'epochs': 2, 'batches': 255, 'time_groups': 255}
{'event': 'train_time_group', 'epoch': 2, 'time_group': 1, 'time_groups': 255, 'batch': 0, 'batches': 255, 'time_value': 1388534400.0, 'group_batches': 1, 'history_edges': 0, 'elapsed_sec': 0.04151865094900131, 'cuda_allocated_mb': 120, 'cuda_reserved_mb': 2144, 'cuda_max_allocated_mb': 1916}
{'event': 'train_progress', 'epoch': 2, 'batch': 1, 'batches': 255, 'time_group': 1, 'time_groups': 255, 'history_edges': 0, 'pos_edges': 113, 'neg_edges': 565, 'loss_recent': 24.22893524169922, 'elapsed_sec': 0.2965926341712475, 'avg_sec_per_batch': 0.2965926341712475, 'cuda_allocated_mb': 130, 'cuda_reserved_mb': 2144, 'cuda_max_allocated_mb': 1916}
{'event': 'train_progress', 'epoch': 2, 'batch': 100, 'batches': 255, 'time_group': 100, 'time_groups': 255, 'history_edges': 23816, 'pos_edges': 259, 'neg_edges': 1295, 'loss_recent': 35.59546799659729, 'elapsed_sec': 45.01248409226537, 'avg_sec_per_batch': 0.4501248409226537, 'cuda_allocated_mb': 143, 'cuda_reserved_mb': 2144, 'cuda_max_allocated_mb': 1916}
{'event': 'train_progress', 'epoch': 2, 'batch': 200, 'batches': 255, 'time_group': 200, 'time_groups': 255, 'history_edges': 48751, 'pos_edges': 162, 'neg_edges': 810, 'loss_recent': 31.37826802253723, 'elapsed_sec': 93.2722608409822, 'avg_sec_per_batch': 0.466361304204911, 'cuda_allocated_mb': 135, 'cuda_reserved_mb': 2144, 'cuda_max_allocated_mb': 1916}
{'event': 'train_time_group', 'epoch': 2, 'time_group': 255, 'time_groups': 255, 'batch': 254, 'batches': 255, 'time_value': 1410480000.0, 'group_batches': 1, 'history_edges': 61439, 'elapsed_sec': 119.1025610640645, 'cuda_allocated_mb': 120, 'cuda_reserved_mb': 2144, 'cuda_max_allocated_mb': 1916}
{'event': 'train_progress', 'epoch': 2, 'batch': 255, 'batches': 255, 'time_group': 255, 'time_groups': 255, 'history_edges': 61439, 'pos_edges': 321, 'neg_edges': 1605, 'loss_recent': 29.630662384033204, 'elapsed_sec': 119.63169913738966, 'avg_sec_per_batch': 0.4691439181858418, 'cuda_allocated_mb': 148, 'cuda_reserved_mb': 2144, 'cuda_max_allocated_mb': 1916}
{'event': 'validation_start', 'epoch': 2}
{'event': 'validation_ranking_start', 'epoch': 2, 'max_edges': 25}
{'event': 'epoch_end', 'epoch': 2, 'early_stop_metric': 'val_composite', 'val_score': 0.5934176923629471, 'val_auc': 0.8974689407325152, 'val_ap': 0.5776931267124239, 'val_ndcg': 0.9290879958250386, 'val_mrr': 0.43655176234382176, 'val_hits@1': 0.34, 'val_hits@10': 0.64, 'val_hits@50': 0.76, 'val_hits@100': 0.82, 'elapsed_sec': 226.78501250222325}
{'candidate': 'history_fixed_probe_h128_r16_a16_p4x4_l1_neg5_lr0p001_hp0p5_rank', 'seed': 2, 'composite': nan, 'val_auc': 0.8990140154678001, 'val_ap': 0.5998162116610708, 'val_ndcg': 0.9333086109187114, 'val_mrr': 0.43504838863600687, 'val_hits@1': 0.32, 'val_hits@10': 0.64, 'val_hits@50': 0.82, 'val_hits@100': 0.84, 'train_loss': 42.89771152197146, 'train_lp': 0.25016519298740464, 'train_align': 8218.64047755821, 'train_kl': 15513.661797257966, 'train_ood_reg': 0.21190687581604603, 'train_meta': 0.5533523903757918, 'train_weighted_align': 41.0932014689726, 'train_weighted_kl': 1.5513661413800484, 'train_weighted_ood_reg': 0.00021190688621216253, 'train_weighted_meta': 0.0027667618952417635}
{'event': 'candidate_summary', 'candidate': 'history_fixed_probe_h128_r16_a16_p4x4_l1_neg5_lr0p001_hp0p5_rank', 'score': 0.6058779781461491, 'passes_metric_minima': True, 'means': {'val_auc': 0.8980342938020142, 'val_ap': 0.5948852750948411, 'val_mrr': 0.45210229249946454, 'val_hits@10': 0.65, 'val_ndcg': 0.9323485523484965}, 'seeds_completed': 2}
{'event': 'candidate_seed_start', 'candidate': 'history_fixed_probe_h128_r16_a16_p4x4_l1_neg5_lr0p001_hp0p5_copy', 'seed': 1, 'device': 'cuda', 'node_text_device': 'cuda:0'}
{'event': 'train_seed_start', 'seed': 1, 'train_edges': 61760, 'val_edges': 14592, 'test_edges': 14378, 'num_nodes': 7128, 'num_relations': 230}
{'event': 'train_seed_tensors_ready', 'seed': 1, 'elapsed_sec': 0.009672876447439194, 'cuda_allocated_mb': 44, 'cuda_reserved_mb': 84, 'cuda_max_allocated_mb': 1916}
{'event': 'train_known_facts_ready', 'seed': 1, 'scope': 'train', 'edges': 61760, 'elapsed_sec': 0.01714130863547325}
{'event': 'train_known_facts_ready', 'seed': 1, 'scope': 'train_val', 'edges': 76352, 'elapsed_sec': 0.025719966739416122}
{'event': 'train_sampler_ready', 'seed': 1, 'elapsed_sec': 0.03227122128009796}
{'event': 'val_sampler_ready', 'seed': 1, 'elapsed_sec': 0.03751382976770401}
{'event': 'epoch_start', 'epoch': 1, 'epochs': 2, 'batches': 255, 'time_groups': 255}
{'event': 'train_time_group', 'epoch': 1, 'time_group': 1, 'time_groups': 255, 'batch': 0, 'batches': 255, 'time_value': 1388534400.0, 'group_batches': 1, 'history_edges': 0, 'elapsed_sec': 0.01394030824303627, 'cuda_allocated_mb': 46, 'cuda_reserved_mb': 86, 'cuda_max_allocated_mb': 1916}
{'event': 'train_progress', 'epoch': 1, 'batch': 1, 'batches': 255, 'time_group': 1, 'time_groups': 255, 'history_edges': 0, 'pos_edges': 113, 'neg_edges': 565, 'loss_recent': 24.87322425842285, 'elapsed_sec': 0.2781106233596802, 'avg_sec_per_batch': 0.2781106233596802, 'cuda_allocated_mb': 128, 'cuda_reserved_mb': 292, 'cuda_max_allocated_mb': 1916}
{'event': 'train_progress', 'epoch': 1, 'batch': 100, 'batches': 255, 'time_group': 100, 'time_groups': 255, 'history_edges': 23816, 'pos_edges': 259, 'neg_edges': 1295, 'loss_recent': 47.45741662979126, 'elapsed_sec': 44.339654583483934, 'avg_sec_per_batch': 0.44339654583483934, 'cuda_allocated_mb': 142, 'cuda_reserved_mb': 1128, 'cuda_max_allocated_mb': 1916}
{'event': 'train_progress', 'epoch': 1, 'batch': 200, 'batches': 255, 'time_group': 200, 'time_groups': 255, 'history_edges': 48751, 'pos_edges': 162, 'neg_edges': 810, 'loss_recent': 42.94128021240235, 'elapsed_sec': 91.69303852319717, 'avg_sec_per_batch': 0.4584651926159859, 'cuda_allocated_mb': 135, 'cuda_reserved_mb': 1728, 'cuda_max_allocated_mb': 1916}
{'event': 'train_time_group', 'epoch': 1, 'time_group': 255, 'time_groups': 255, 'batch': 254, 'batches': 255, 'time_value': 1410480000.0, 'group_batches': 1, 'history_edges': 61439, 'elapsed_sec': 117.07652412727475, 'cuda_allocated_mb': 120, 'cuda_reserved_mb': 2068, 'cuda_max_allocated_mb': 1916}
{'event': 'train_progress', 'epoch': 1, 'batch': 255, 'batches': 255, 'time_group': 255, 'time_groups': 255, 'history_edges': 61439, 'pos_edges': 321, 'neg_edges': 1605, 'loss_recent': 38.3017116355896, 'elapsed_sec': 117.78528498485684, 'avg_sec_per_batch': 0.46190307837198763, 'cuda_allocated_mb': 148, 'cuda_reserved_mb': 2068, 'cuda_max_allocated_mb': 1916}
{'event': 'validation_start', 'epoch': 1}
{'event': 'validation_ranking_start', 'epoch': 1, 'max_edges': 25}
{'event': 'epoch_end', 'epoch': 1, 'early_stop_metric': 'val_composite', 'val_score': 0.6003949598655621, 'val_auc': 0.8966707384010284, 'val_ap': 0.5780014797800199, 'val_ndcg': 0.9293265587180279, 'val_mrr': 0.4421748232701512, 'val_hits@1': 0.32, 'val_hits@10': 0.66, 'val_hits@50': 0.82, 'val_hits@100': 0.84, 'elapsed_sec': 223.71792294830084}
{'event': 'epoch_start', 'epoch': 2, 'epochs': 2, 'batches': 255, 'time_groups': 255}
{'event': 'train_time_group', 'epoch': 2, 'time_group': 1, 'time_groups': 255, 'batch': 0, 'batches': 255, 'time_value': 1388534400.0, 'group_batches': 1, 'history_edges': 0, 'elapsed_sec': 0.039914872497320175, 'cuda_allocated_mb': 120, 'cuda_reserved_mb': 2144, 'cuda_max_allocated_mb': 1916}
{'event': 'train_progress', 'epoch': 2, 'batch': 1, 'batches': 255, 'time_group': 1, 'time_groups': 255, 'history_edges': 0, 'pos_edges': 113, 'neg_edges': 565, 'loss_recent': 24.683643341064453, 'elapsed_sec': 0.29628248140215874, 'avg_sec_per_batch': 0.29628248140215874, 'cuda_allocated_mb': 130, 'cuda_reserved_mb': 2144, 'cuda_max_allocated_mb': 1916}
{'event': 'train_progress', 'epoch': 2, 'batch': 100, 'batches': 255, 'time_group': 100, 'time_groups': 255, 'history_edges': 23816, 'pos_edges': 259, 'neg_edges': 1295, 'loss_recent': 35.41891119003296, 'elapsed_sec': 44.90429824218154, 'avg_sec_per_batch': 0.4490429824218154, 'cuda_allocated_mb': 142, 'cuda_reserved_mb': 2144, 'cuda_max_allocated_mb': 1916}
{'event': 'train_progress', 'epoch': 2, 'batch': 200, 'batches': 255, 'time_group': 200, 'time_groups': 255, 'history_edges': 48751, 'pos_edges': 162, 'neg_edges': 810, 'loss_recent': 31.11616642951965, 'elapsed_sec': 92.9376017190516, 'avg_sec_per_batch': 0.464688008595258, 'cuda_allocated_mb': 135, 'cuda_reserved_mb': 2144, 'cuda_max_allocated_mb': 1916}
{'event': 'train_time_group', 'epoch': 2, 'time_group': 255, 'time_groups': 255, 'batch': 254, 'batches': 255, 'time_value': 1410480000.0, 'group_batches': 1, 'history_edges': 61439, 'elapsed_sec': 118.78727389127016, 'cuda_allocated_mb': 120, 'cuda_reserved_mb': 2144, 'cuda_max_allocated_mb': 1916}
{'event': 'train_progress', 'epoch': 2, 'batch': 255, 'batches': 255, 'time_group': 255, 'time_groups': 255, 'history_edges': 61439, 'pos_edges': 321, 'neg_edges': 1605, 'loss_recent': 29.32970995903015, 'elapsed_sec': 119.33390676602721, 'avg_sec_per_batch': 0.4679761049648126, 'cuda_allocated_mb': 148, 'cuda_reserved_mb': 2144, 'cuda_max_allocated_mb': 1916}
{'event': 'validation_start', 'epoch': 2}
{'event': 'validation_ranking_start', 'epoch': 2, 'max_edges': 25}
{'event': 'epoch_end', 'epoch': 2, 'early_stop_metric': 'val_composite', 'val_score': 0.5709676718809948, 'val_auc': 0.8921535908284279, 'val_ap': 0.5654499147068015, 'val_ndcg': 0.9266916395280393, 'val_mrr': 0.39730072041442777, 'val_hits@1': 0.3, 'val_hits@10': 0.62, 'val_hits@50': 0.76, 'val_hits@100': 0.78, 'elapsed_sec': 225.1071443632245}
{'candidate': 'history_fixed_probe_h128_r16_a16_p4x4_l1_neg5_lr0p001_hp0p5_copy', 'seed': 1, 'composite': nan, 'val_auc': 0.8966707375556662, 'val_ap': 0.578001500213261, 'val_ndcg': 0.9293265603638332, 'val_mrr': 0.4421748232701512, 'val_hits@1': 0.32, 'val_hits@10': 0.66, 'val_hits@50': 0.82, 'val_hits@100': 0.84, 'train_loss': 43.036651140100815, 'train_lp': 0.2524538614001929, 'train_align': 8257.96676049326, 'train_kl': 14914.878682693781, 'train_ood_reg': 0.21720327150587942, 'train_meta': 0.5319406177483353, 'train_weighted_align': 41.289832784615314, 'train_weighted_kl': 1.4914878357274859, 'train_weighted_ood_reg': 0.00021720328145687852, 'train_weighted_meta': 0.00265970303238753}
{'event': 'candidate_seed_start', 'candidate': 'history_fixed_probe_h128_r16_a16_p4x4_l1_neg5_lr0p001_hp0p5_copy', 'seed': 2, 'device': 'cuda', 'node_text_device': 'cuda:0'}
{'event': 'train_seed_start', 'seed': 2, 'train_edges': 61760, 'val_edges': 14592, 'test_edges': 14378, 'num_nodes': 7128, 'num_relations': 230}
{'event': 'train_seed_tensors_ready', 'seed': 2, 'elapsed_sec': 0.010047800838947296, 'cuda_allocated_mb': 44, 'cuda_reserved_mb': 84, 'cuda_max_allocated_mb': 1916}
{'event': 'train_known_facts_ready', 'seed': 2, 'scope': 'train', 'edges': 61760, 'elapsed_sec': 0.017670724540948868}
{'event': 'train_known_facts_ready', 'seed': 2, 'scope': 'train_val', 'edges': 76352, 'elapsed_sec': 0.02656392753124237}
{'event': 'train_sampler_ready', 'seed': 2, 'elapsed_sec': 0.03318554162979126}
{'event': 'val_sampler_ready', 'seed': 2, 'elapsed_sec': 0.03823697566986084}
{'event': 'epoch_start', 'epoch': 1, 'epochs': 2, 'batches': 255, 'time_groups': 255}
{'event': 'train_time_group', 'epoch': 1, 'time_group': 1, 'time_groups': 255, 'batch': 0, 'batches': 255, 'time_value': 1388534400.0, 'group_batches': 1, 'history_edges': 0, 'elapsed_sec': 0.014041073620319366, 'cuda_allocated_mb': 46, 'cuda_reserved_mb': 86, 'cuda_max_allocated_mb': 1916}
{'event': 'train_progress', 'epoch': 1, 'batch': 1, 'batches': 255, 'time_group': 1, 'time_groups': 255, 'history_edges': 0, 'pos_edges': 113, 'neg_edges': 565, 'loss_recent': 24.900352478027344, 'elapsed_sec': 0.26333802938461304, 'avg_sec_per_batch': 0.26333802938461304, 'cuda_allocated_mb': 128, 'cuda_reserved_mb': 292, 'cuda_max_allocated_mb': 1916}
{'event': 'train_progress', 'epoch': 1, 'batch': 100, 'batches': 255, 'time_group': 100, 'time_groups': 255, 'history_edges': 23816, 'pos_edges': 259, 'neg_edges': 1295, 'loss_recent': 47.37588150024414, 'elapsed_sec': 43.33216290920973, 'avg_sec_per_batch': 0.43332162909209726, 'cuda_allocated_mb': 143, 'cuda_reserved_mb': 1108, 'cuda_max_allocated_mb': 1916}
{'event': 'train_progress', 'epoch': 1, 'batch': 200, 'batches': 255, 'time_group': 200, 'time_groups': 255, 'history_edges': 48751, 'pos_edges': 162, 'neg_edges': 810, 'loss_recent': 42.72318336486816, 'elapsed_sec': 89.63127210363746, 'avg_sec_per_batch': 0.4481563605181873, 'cuda_allocated_mb': 135, 'cuda_reserved_mb': 1708, 'cuda_max_allocated_mb': 1916}
{'event': 'train_time_group', 'epoch': 1, 'time_group': 255, 'time_groups': 255, 'batch': 254, 'batches': 255, 'time_value': 1410480000.0, 'group_batches': 1, 'history_edges': 61439, 'elapsed_sec': 114.31727113574743, 'cuda_allocated_mb': 120, 'cuda_reserved_mb': 2068, 'cuda_max_allocated_mb': 1916}
{'event': 'train_progress', 'epoch': 1, 'batch': 255, 'batches': 255, 'time_group': 255, 'time_groups': 255, 'history_edges': 61439, 'pos_edges': 321, 'neg_edges': 1605, 'loss_recent': 38.13146497726441, 'elapsed_sec': 114.84337916225195, 'avg_sec_per_batch': 0.4503661927931449, 'cuda_allocated_mb': 149, 'cuda_reserved_mb': 2068, 'cuda_max_allocated_mb': 1916}
{'event': 'validation_start', 'epoch': 1}
{'event': 'validation_ranking_start', 'epoch': 1, 'max_edges': 25}
{'event': 'epoch_end', 'epoch': 1, 'early_stop_metric': 'val_composite', 'val_score': 0.593691032829468, 'val_auc': 0.8978738307512588, 'val_ap': 0.5855841400351309, 'val_ndcg': 0.9308371811682016, 'val_mrr': 0.43133073053471205, 'val_hits@1': 0.32, 'val_hits@10': 0.64, 'val_hits@50': 0.82, 'val_hits@100': 0.82, 'elapsed_sec': 217.836900126189}
{'event': 'epoch_start', 'epoch': 2, 'epochs': 2, 'batches': 255, 'time_groups': 255}
{'event': 'train_time_group', 'epoch': 2, 'time_group': 1, 'time_groups': 255, 'batch': 0, 'batches': 255, 'time_value': 1388534400.0, 'group_batches': 1, 'history_edges': 0, 'elapsed_sec': 0.03547213599085808, 'cuda_allocated_mb': 120, 'cuda_reserved_mb': 2144, 'cuda_max_allocated_mb': 1916}
{'event': 'train_progress', 'epoch': 2, 'batch': 1, 'batches': 255, 'time_group': 1, 'time_groups': 255, 'history_edges': 0, 'pos_edges': 113, 'neg_edges': 565, 'loss_recent': 24.223281860351562, 'elapsed_sec': 0.2783496156334877, 'avg_sec_per_batch': 0.2783496156334877, 'cuda_allocated_mb': 130, 'cuda_reserved_mb': 2144, 'cuda_max_allocated_mb': 1916}
{'event': 'train_progress', 'epoch': 2, 'batch': 100, 'batches': 255, 'time_group': 100, 'time_groups': 255, 'history_edges': 23816, 'pos_edges': 259, 'neg_edges': 1295, 'loss_recent': 35.59814610481262, 'elapsed_sec': 42.43377920985222, 'avg_sec_per_batch': 0.4243377920985222, 'cuda_allocated_mb': 143, 'cuda_reserved_mb': 2144, 'cuda_max_allocated_mb': 1916}
{'event': 'train_progress', 'epoch': 2, 'batch': 200, 'batches': 255, 'time_group': 200, 'time_groups': 255, 'history_edges': 48751, 'pos_edges': 162, 'neg_edges': 810, 'loss_recent': 31.382906436920166, 'elapsed_sec': 89.82329562678933, 'avg_sec_per_batch': 0.4491164781339467, 'cuda_allocated_mb': 135, 'cuda_reserved_mb': 2144, 'cuda_max_allocated_mb': 1916}
{'event': 'train_time_group', 'epoch': 2, 'time_group': 255, 'time_groups': 255, 'batch': 254, 'batches': 255, 'time_value': 1410480000.0, 'group_batches': 1, 'history_edges': 61439, 'elapsed_sec': 115.25839672610164, 'cuda_allocated_mb': 120, 'cuda_reserved_mb': 2144, 'cuda_max_allocated_mb': 1916}
{'event': 'train_progress', 'epoch': 2, 'batch': 255, 'batches': 255, 'time_group': 255, 'time_groups': 255, 'history_edges': 61439, 'pos_edges': 321, 'neg_edges': 1605, 'loss_recent': 29.63595277786255, 'elapsed_sec': 115.78657898679376, 'avg_sec_per_batch': 0.4540650156344853, 'cuda_allocated_mb': 148, 'cuda_reserved_mb': 2144, 'cuda_max_allocated_mb': 1916}
{'event': 'validation_start', 'epoch': 2}
{'event': 'validation_ranking_start', 'epoch': 2, 'max_edges': 25}
{'event': 'epoch_end', 'epoch': 2, 'early_stop_metric': 'val_composite', 'val_score': 0.5811122951026695, 'val_auc': 0.8961446884310256, 'val_ap': 0.5610312980849634, 'val_ndcg': 0.9257625513547603, 'val_mrr': 0.4284339262016801, 'val_hits@1': 0.34, 'val_hits@10': 0.62, 'val_hits@50': 0.74, 'val_hits@100': 0.78, 'elapsed_sec': 217.77782929688692}
{'candidate': 'history_fixed_probe_h128_r16_a16_p4x4_l1_neg5_lr0p001_hp0p5_copy', 'seed': 2, 'composite': nan, 'val_auc': 0.8978738307512588, 'val_ap': 0.5855841655372562, 'val_ndcg': 0.9308371836963266, 'val_mrr': 0.43133073053471205, 'val_hits@1': 0.32, 'val_hits@10': 0.64, 'val_hits@50': 0.82, 'val_hits@100': 0.82, 'train_loss': 42.902328566008926, 'train_lp': 0.25224959955495946, 'train_align': 8219.245570044424, 'train_kl': 15508.642893114276, 'train_ood_reg': 0.21246717946202148, 'train_meta': 0.5550631958479975, 'train_weighted_align': 41.09622689041437, 'train_weighted_kl': 1.5508642514546713, 'train_weighted_ood_reg': 0.00021246718910440584, 'train_weighted_meta': 0.0027753159180100933}
{'event': 'candidate_summary', 'candidate': 'history_fixed_probe_h128_r16_a16_p4x4_l1_neg5_lr0p001_hp0p5_copy', 'score': 0.597043002151516, 'passes_metric_minima': True, 'means': {'val_auc': 0.8972722841534625, 'val_ap': 0.5817928328752586, 'val_mrr': 0.43675277690243164, 'val_hits@10': 0.65, 'val_ndcg': 0.9300818720300799}, 'seeds_completed': 2}
{'event': 'candidate_seed_start', 'candidate': 'history_fixed_probe_h128_r16_a16_p4x4_l1_neg5_lr0p001_hp1_rank', 'seed': 1, 'device': 'cuda', 'node_text_device': 'cuda:0'}
{'event': 'train_seed_start', 'seed': 1, 'train_edges': 61760, 'val_edges': 14592, 'test_edges': 14378, 'num_nodes': 7128, 'num_relations': 230}
{'event': 'train_seed_tensors_ready', 'seed': 1, 'elapsed_sec': 0.009642418473958969, 'cuda_allocated_mb': 44, 'cuda_reserved_mb': 84, 'cuda_max_allocated_mb': 1916}
{'event': 'train_known_facts_ready', 'seed': 1, 'scope': 'train', 'edges': 61760, 'elapsed_sec': 0.01706967130303383}
{'event': 'train_known_facts_ready', 'seed': 1, 'scope': 'train_val', 'edges': 76352, 'elapsed_sec': 0.025202512741088867}
{'event': 'train_sampler_ready', 'seed': 1, 'elapsed_sec': 0.031852174550294876}
{'event': 'val_sampler_ready', 'seed': 1, 'elapsed_sec': 0.03942365571856499}
{'event': 'epoch_start', 'epoch': 1, 'epochs': 2, 'batches': 255, 'time_groups': 255}
{'event': 'train_time_group', 'epoch': 1, 'time_group': 1, 'time_groups': 255, 'batch': 0, 'batches': 255, 'time_value': 1388534400.0, 'group_batches': 1, 'history_edges': 0, 'elapsed_sec': 0.014351479709148407, 'cuda_allocated_mb': 46, 'cuda_reserved_mb': 86, 'cuda_max_allocated_mb': 1916}
{'event': 'train_progress', 'epoch': 1, 'batch': 1, 'batches': 255, 'time_group': 1, 'time_groups': 255, 'history_edges': 0, 'pos_edges': 113, 'neg_edges': 565, 'loss_recent': 24.87322425842285, 'elapsed_sec': 0.26799166202545166, 'avg_sec_per_batch': 0.26799166202545166, 'cuda_allocated_mb': 128, 'cuda_reserved_mb': 292, 'cuda_max_allocated_mb': 1916}
{'event': 'train_progress', 'epoch': 1, 'batch': 100, 'batches': 255, 'time_group': 100, 'time_groups': 255, 'history_edges': 23816, 'pos_edges': 259, 'neg_edges': 1295, 'loss_recent': 47.4453918838501, 'elapsed_sec': 42.94322285801172, 'avg_sec_per_batch': 0.4294322285801172, 'cuda_allocated_mb': 142, 'cuda_reserved_mb': 1128, 'cuda_max_allocated_mb': 1916}
{'event': 'train_progress', 'epoch': 1, 'batch': 200, 'batches': 255, 'time_group': 200, 'time_groups': 255, 'history_edges': 48751, 'pos_edges': 162, 'neg_edges': 810, 'loss_recent': 42.92130159378052, 'elapsed_sec': 90.19799955561757, 'avg_sec_per_batch': 0.45098999777808785, 'cuda_allocated_mb': 135, 'cuda_reserved_mb': 1728, 'cuda_max_allocated_mb': 1916}
{'event': 'train_time_group', 'epoch': 1, 'time_group': 255, 'time_groups': 255, 'batch': 254, 'batches': 255, 'time_value': 1410480000.0, 'group_batches': 1, 'history_edges': 61439, 'elapsed_sec': 115.32249034941196, 'cuda_allocated_mb': 120, 'cuda_reserved_mb': 2068, 'cuda_max_allocated_mb': 1916}
{'event': 'train_progress', 'epoch': 1, 'batch': 255, 'batches': 255, 'time_group': 255, 'time_groups': 255, 'history_edges': 61439, 'pos_edges': 321, 'neg_edges': 1605, 'loss_recent': 38.2826420211792, 'elapsed_sec': 116.0229238756001, 'avg_sec_per_batch': 0.45499185833568667, 'cuda_allocated_mb': 148, 'cuda_reserved_mb': 2068, 'cuda_max_allocated_mb': 1916}
{'event': 'validation_start', 'epoch': 1}
{'event': 'validation_ranking_start', 'epoch': 1, 'max_edges': 25}
