
$ /root/miniconda3/bin/python -u scripts/search_hparams.py --config configs/auto_target/ssptgfm_search_icews14_history_rank_v1.yaml --output results/auto_target_history_prior/search_icews14_history_rank_v1 --resume
runtime_device=cuda
cuda_device=Tesla V100-PCIE-32GB
{'event': 'candidate_seed_start', 'candidate': 'history_rank_v1_h128_r24_a24_p4x4_l1_neg5_lr0p0007_hp0p3', 'seed': 1, 'device': 'cuda', 'node_text_device': 'cuda:0'}
{'event': 'train_seed_start', 'seed': 1, 'train_edges': 61760, 'val_edges': 14592, 'test_edges': 14378, 'num_nodes': 7128, 'num_relations': 230}
{'event': 'train_seed_tensors_ready', 'seed': 1, 'elapsed_sec': 0.01269511878490448, 'cuda_allocated_mb': 33, 'cuda_reserved_mb': 44, 'cuda_max_allocated_mb': 33}
{'event': 'train_known_facts_ready', 'seed': 1, 'scope': 'train', 'edges': 61760, 'elapsed_sec': 0.019367672502994537}
{'event': 'train_known_facts_ready', 'seed': 1, 'scope': 'train_val', 'edges': 76352, 'elapsed_sec': 0.0260903500020504}
{'event': 'train_sampler_ready', 'seed': 1, 'elapsed_sec': 0.032303113490343094}
{'event': 'val_sampler_ready', 'seed': 1, 'elapsed_sec': 0.037966955453157425}
{'event': 'epoch_start', 'epoch': 1, 'epochs': 14, 'batches': 255, 'time_groups': 255}
{'event': 'train_time_group', 'epoch': 1, 'time_group': 1, 'time_groups': 255, 'batch': 0, 'batches': 255, 'time_value': 1388534400.0, 'group_batches': 1, 'history_edges': 0, 'elapsed_sec': 0.02328094094991684, 'cuda_allocated_mb': 35, 'cuda_reserved_mb': 46, 'cuda_max_allocated_mb': 35}
{'event': 'train_progress', 'epoch': 1, 'batch': 1, 'batches': 255, 'time_group': 1, 'time_groups': 255, 'history_edges': 0, 'pos_edges': 113, 'neg_edges': 565, 'loss_recent': 6.250473976135254, 'elapsed_sec': 1.5660968981683254, 'avg_sec_per_batch': 1.5660968981683254, 'cuda_allocated_mb': 150, 'cuda_reserved_mb': 316, 'cuda_max_allocated_mb': 290}
{'event': 'train_progress', 'epoch': 1, 'batch': 100, 'batches': 255, 'time_group': 100, 'time_groups': 255, 'history_edges': 23816, 'pos_edges': 259, 'neg_edges': 1295, 'loss_recent': 10.195229277610778, 'elapsed_sec': 116.09516169503331, 'avg_sec_per_batch': 1.160951616950333, 'cuda_allocated_mb': 164, 'cuda_reserved_mb': 1192, 'cuda_max_allocated_mb': 1102}
{'event': 'train_progress', 'epoch': 1, 'batch': 199, 'batches': 255, 'time_group': 199, 'time_groups': 255, 'history_edges': 48469, 'pos_edges': 282, 'neg_edges': 1410, 'loss_recent': 9.84248372077942, 'elapsed_sec': 237.40457124635577, 'avg_sec_per_batch': 1.192987795207818, 'cuda_allocated_mb': 166, 'cuda_reserved_mb': 1772, 'cuda_max_allocated_mb': 1635}
{'event': 'train_progress', 'epoch': 1, 'batch': 200, 'batches': 255, 'time_group': 200, 'time_groups': 255, 'history_edges': 48751, 'pos_edges': 162, 'neg_edges': 810, 'loss_recent': 9.800181345939636, 'elapsed_sec': 238.32122526690364, 'avg_sec_per_batch': 1.1916061263345181, 'cuda_allocated_mb': 157, 'cuda_reserved_mb': 1772, 'cuda_max_allocated_mb': 1635}
{'event': 'train_time_group', 'epoch': 1, 'time_group': 255, 'time_groups': 255, 'batch': 254, 'batches': 255, 'time_value': 1410480000.0, 'group_batches': 1, 'history_edges': 61439, 'elapsed_sec': 303.14974793046713, 'cuda_allocated_mb': 142, 'cuda_reserved_mb': 2132, 'cuda_max_allocated_mb': 1991}
{'event': 'train_progress', 'epoch': 1, 'batch': 255, 'batches': 255, 'time_group': 255, 'time_groups': 255, 'history_edges': 61439, 'pos_edges': 321, 'neg_edges': 1605, 'loss_recent': 9.59200297832489, 'elapsed_sec': 304.60594185069203, 'avg_sec_per_batch': 1.1945331052968315, 'cuda_allocated_mb': 169, 'cuda_reserved_mb': 2132, 'cuda_max_allocated_mb': 1991}
{'event': 'validation_start', 'epoch': 1}
{'event': 'validation_ranking_start', 'epoch': 1, 'max_edges': 100}
