
$ /root/miniconda3/bin/python -u scripts/search_hparams.py --config configs/auto_target/ssptgfm_search_icews05_15_history_popularity_tinysearch.yaml --output results/auto_target_tiny_icews05_15/search_icews05_15_history_popularity_tinysearch --resume
runtime_device=cuda
cuda_device=Tesla V100-PCIE-32GB
{'event': 'candidate_seed_start', 'candidate': 'history_popularity_tinysearch_h96_r12_a12_p4x4_l1_neg1_lr0p001_hp0p5_freq40_rl0_m1_hinge', 'seed': 1, 'device': 'cuda', 'node_text_device': 'cuda:0'}
{'event': 'train_seed_start', 'seed': 1, 'train_edges': 20000, 'val_edges': 60324, 'test_edges': 74087, 'num_nodes': 10488, 'num_relations': 251}
{'event': 'train_seed_tensors_ready', 'seed': 1, 'elapsed_sec': 0.008769664913415909, 'cuda_allocated_mb': 28, 'cuda_reserved_mb': 44, 'cuda_max_allocated_mb': 28}
{'event': 'train_known_facts_ready', 'seed': 1, 'scope': 'train', 'edges': 20000, 'elapsed_sec': 0.011908572167158127}
{'event': 'train_known_facts_ready', 'seed': 1, 'scope': 'train_val', 'edges': 80324, 'elapsed_sec': 0.019512839615345}
{'event': 'train_sampler_ready', 'seed': 1, 'elapsed_sec': 0.023264579474925995}
{'event': 'val_sampler_ready', 'seed': 1, 'elapsed_sec': 0.02676970884203911}
{'event': 'epoch_start', 'epoch': 1, 'epochs': 1, 'batches': 167, 'time_groups': 167}
{'event': 'train_time_group', 'epoch': 1, 'time_group': 1, 'time_groups': 167, 'batch': 0, 'batches': 167, 'time_value': 0.0, 'group_batches': 1, 'history_edges': 0, 'elapsed_sec': 0.020748816430568695, 'cuda_allocated_mb': 28, 'cuda_reserved_mb': 44, 'cuda_max_allocated_mb': 28}
{'event': 'train_progress', 'epoch': 1, 'batch': 1, 'batches': 167, 'time_group': 1, 'time_groups': 167, 'history_edges': 0, 'pos_edges': 41, 'neg_edges': 41, 'loss_recent': 3.089418649673462, 'elapsed_sec': 1.0097282640635967, 'avg_sec_per_batch': 1.0097282640635967, 'cuda_allocated_mb': 106, 'cuda_reserved_mb': 200, 'cuda_max_allocated_mb': 195}
{'event': 'train_progress', 'epoch': 1, 'batch': 100, 'batches': 167, 'time_group': 100, 'time_groups': 167, 'history_edges': 10987, 'pos_edges': 87, 'neg_edges': 87, 'loss_recent': 6.500576362609864, 'elapsed_sec': 38.47194613516331, 'avg_sec_per_batch': 0.3847194613516331, 'cuda_allocated_mb': 111, 'cuda_reserved_mb': 554, 'cuda_max_allocated_mb': 508}
{'event': 'train_time_group', 'epoch': 1, 'time_group': 167, 'time_groups': 167, 'batch': 166, 'batches': 167, 'time_value': 166.0, 'group_batches': 1, 'history_edges': 19922, 'elapsed_sec': 64.50516069680452, 'cuda_allocated_mb': 106, 'cuda_reserved_mb': 714, 'cuda_max_allocated_mb': 655}
{'event': 'train_progress', 'epoch': 1, 'batch': 167, 'batches': 167, 'time_group': 167, 'time_groups': 167, 'history_edges': 19922, 'pos_edges': 78, 'neg_edges': 78, 'loss_recent': 6.6342031145095826, 'elapsed_sec': 64.86857094243169, 'avg_sec_per_batch': 0.3884345565415071, 'cuda_allocated_mb': 111, 'cuda_reserved_mb': 714, 'cuda_max_allocated_mb': 655}
{'event': 'validation_start', 'epoch': 1}
{'event': 'epoch_end', 'epoch': 1, 'early_stop_metric': 'val_composite', 'val_score': 0.6584028337588749, 'val_auc': 0.8001457214355467, 'val_ap': 0.6118179585143757, 'val_ndcg': 0.9152416103425957, 'elapsed_sec': 68.53616287186742}
{'candidate': 'history_popularity_tinysearch_h96_r12_a12_p4x4_l1_neg1_lr0p001_hp0p5_freq40_rl0_m1_hinge', 'seed': 1, 'composite': nan, 'val_auc': 0.8001457214355467, 'val_ap': 0.6118179585143757, 'val_ndcg': 0.9152416103425957, 'train_loss': 6.589753066708228, 'train_lp': 0.41765762196329537, 'train_align': 1181.3251905612603, 'train_kl': 2631.913542787472, 'train_ood_reg': 0.2332187857099636, 'train_meta': 0.40901028989496346, 'train_weighted_align': 5.9066258197773, 'train_weighted_kl': 0.26319134766291713, 'train_weighted_ood_reg': 0.00023321879699667302, 'train_weighted_meta': 0.002045051395317294}
{'event': 'candidate_summary', 'candidate': 'history_popularity_tinysearch_h96_r12_a12_p4x4_l1_neg1_lr0p001_hp0p5_freq40_rl0_m1_hinge', 'score': 0.6584028337588749, 'passes_metric_minima': True, 'means': {'val_auc': 0.8001457214355467, 'val_ap': 0.6118179585143757, 'val_mrr': nan, 'val_hits@10': nan, 'val_ndcg': 0.9152416103425957}, 'seeds_completed': 1}
{'event': 'candidate_seed_start', 'candidate': 'history_popularity_tinysearch_h96_r12_a12_p4x4_l1_neg1_lr0p001_hp0p5_hybrid40_rl0_m1_hinge', 'seed': 1, 'device': 'cuda', 'node_text_device': 'cuda:0'}
{'event': 'train_seed_start', 'seed': 1, 'train_edges': 20000, 'val_edges': 60324, 'test_edges': 74087, 'num_nodes': 10488, 'num_relations': 251}
{'event': 'train_seed_tensors_ready', 'seed': 1, 'elapsed_sec': 0.03532691299915314, 'cuda_allocated_mb': 44, 'cuda_reserved_mb': 64, 'cuda_max_allocated_mb': 655}
{'event': 'train_known_facts_ready', 'seed': 1, 'scope': 'train', 'edges': 20000, 'elapsed_sec': 0.03838248923420906}
{'event': 'train_known_facts_ready', 'seed': 1, 'scope': 'train_val', 'edges': 80324, 'elapsed_sec': 0.045754656195640564}
{'event': 'train_sampler_ready', 'seed': 1, 'elapsed_sec': 0.049512941390275955}
{'event': 'val_sampler_ready', 'seed': 1, 'elapsed_sec': 0.05301009491086006}
{'event': 'epoch_start', 'epoch': 1, 'epochs': 1, 'batches': 167, 'time_groups': 167}
{'event': 'train_time_group', 'epoch': 1, 'time_group': 1, 'time_groups': 167, 'batch': 0, 'batches': 167, 'time_value': 0.0, 'group_batches': 1, 'history_edges': 0, 'elapsed_sec': 0.011626549065113068, 'cuda_allocated_mb': 45, 'cuda_reserved_mb': 64, 'cuda_max_allocated_mb': 655}
{'event': 'train_progress', 'epoch': 1, 'batch': 1, 'batches': 167, 'time_group': 1, 'time_groups': 167, 'history_edges': 0, 'pos_edges': 41, 'neg_edges': 41, 'loss_recent': 3.089418649673462, 'elapsed_sec': 0.3306107744574547, 'avg_sec_per_batch': 0.3306107744574547, 'cuda_allocated_mb': 106, 'cuda_reserved_mb': 220, 'cuda_max_allocated_mb': 655}
{'event': 'train_progress', 'epoch': 1, 'batch': 100, 'batches': 167, 'time_group': 100, 'time_groups': 167, 'history_edges': 10987, 'pos_edges': 87, 'neg_edges': 87, 'loss_recent': 6.50301197052002, 'elapsed_sec': 36.78611118346453, 'avg_sec_per_batch': 0.36786111183464526, 'cuda_allocated_mb': 111, 'cuda_reserved_mb': 554, 'cuda_max_allocated_mb': 655}
{'event': 'train_time_group', 'epoch': 1, 'time_group': 167, 'time_groups': 167, 'batch': 166, 'batches': 167, 'time_value': 166.0, 'group_batches': 1, 'history_edges': 19922, 'elapsed_sec': 63.854636605829, 'cuda_allocated_mb': 106, 'cuda_reserved_mb': 714, 'cuda_max_allocated_mb': 655}
{'event': 'train_progress', 'epoch': 1, 'batch': 167, 'batches': 167, 'time_group': 167, 'time_groups': 167, 'history_edges': 19922, 'pos_edges': 78, 'neg_edges': 78, 'loss_recent': 6.65332456111908, 'elapsed_sec': 64.15368695557117, 'avg_sec_per_batch': 0.3841538141052166, 'cuda_allocated_mb': 111, 'cuda_reserved_mb': 714, 'cuda_max_allocated_mb': 655}
{'event': 'validation_start', 'epoch': 1}
{'event': 'epoch_end', 'epoch': 1, 'early_stop_metric': 'val_composite', 'val_score': 0.6716533954150513, 'val_auc': 0.7981903076171876, 'val_ap': 0.6365412938000068, 'val_ndcg': 0.9283111815037568, 'elapsed_sec': 67.1970573849976}
{'candidate': 'history_popularity_tinysearch_h96_r12_a12_p4x4_l1_neg1_lr0p001_hp0p5_hybrid40_rl0_m1_hinge', 'seed': 1, 'composite': nan, 'val_auc': 0.7981903076171876, 'val_ap': 0.6365412938000068, 'val_ndcg': 0.9283111815037568, 'train_loss': 6.598951368274803, 'train_lp': 0.42308307416781693, 'train_align': 1182.1820210896567, 'train_kl': 2626.685894080979, 'train_ood_reg': 0.22791595221636538, 'train_meta': 0.4123590099374334, 'train_weighted_align': 5.910910003913377, 'train_weighted_kl': 0.26266858258290204, 'train_weighted_ood_reg': 0.0002279159631949576, 'train_weighted_meta': 0.002061794991228551}
{'event': 'candidate_summary', 'candidate': 'history_popularity_tinysearch_h96_r12_a12_p4x4_l1_neg1_lr0p001_hp0p5_hybrid40_rl0_m1_hinge', 'score': 0.6716533954150513, 'passes_metric_minima': True, 'means': {'val_auc': 0.7981903076171876, 'val_ap': 0.6365412938000068, 'val_mrr': nan, 'val_hits@10': nan, 'val_ndcg': 0.9283111815037568}, 'seeds_completed': 1}
{'event': 'candidate_seed_start', 'candidate': 'history_popularity_tinysearch_h96_r12_a12_p4x4_l1_neg1_lr0p001_hp0p8_freq40_rl0_m1_hinge', 'seed': 1, 'device': 'cuda', 'node_text_device': 'cuda:0'}
{'event': 'train_seed_start', 'seed': 1, 'train_edges': 20000, 'val_edges': 60324, 'test_edges': 74087, 'num_nodes': 10488, 'num_relations': 251}
{'event': 'train_seed_tensors_ready', 'seed': 1, 'elapsed_sec': 0.018565859645605087, 'cuda_allocated_mb': 44, 'cuda_reserved_mb': 64, 'cuda_max_allocated_mb': 655}
{'event': 'train_known_facts_ready', 'seed': 1, 'scope': 'train', 'edges': 20000, 'elapsed_sec': 0.021604839712381363}
{'event': 'train_known_facts_ready', 'seed': 1, 'scope': 'train_val', 'edges': 80324, 'elapsed_sec': 0.029032845050096512}
{'event': 'train_sampler_ready', 'seed': 1, 'elapsed_sec': 0.03373442217707634}
{'event': 'val_sampler_ready', 'seed': 1, 'elapsed_sec': 0.037506941705942154}
{'event': 'epoch_start', 'epoch': 1, 'epochs': 1, 'batches': 167, 'time_groups': 167}
{'event': 'train_time_group', 'epoch': 1, 'time_group': 1, 'time_groups': 167, 'batch': 0, 'batches': 167, 'time_value': 0.0, 'group_batches': 1, 'history_edges': 0, 'elapsed_sec': 0.012793853878974915, 'cuda_allocated_mb': 45, 'cuda_reserved_mb': 64, 'cuda_max_allocated_mb': 655}
{'event': 'train_progress', 'epoch': 1, 'batch': 1, 'batches': 167, 'time_group': 1, 'time_groups': 167, 'history_edges': 0, 'pos_edges': 41, 'neg_edges': 41, 'loss_recent': 3.089418649673462, 'elapsed_sec': 0.26223743334412575, 'avg_sec_per_batch': 0.26223743334412575, 'cuda_allocated_mb': 106, 'cuda_reserved_mb': 220, 'cuda_max_allocated_mb': 655}
{'event': 'train_progress', 'epoch': 1, 'batch': 100, 'batches': 167, 'time_group': 100, 'time_groups': 167, 'history_edges': 10987, 'pos_edges': 87, 'neg_edges': 87, 'loss_recent': 6.497315440177918, 'elapsed_sec': 37.95804054290056, 'avg_sec_per_batch': 0.3795804054290056, 'cuda_allocated_mb': 111, 'cuda_reserved_mb': 554, 'cuda_max_allocated_mb': 655}
{'event': 'train_time_group', 'epoch': 1, 'time_group': 167, 'time_groups': 167, 'batch': 166, 'batches': 167, 'time_value': 166.0, 'group_batches': 1, 'history_edges': 19922, 'elapsed_sec': 52.30627914890647, 'cuda_allocated_mb': 106, 'cuda_reserved_mb': 714, 'cuda_max_allocated_mb': 655}
{'event': 'train_progress', 'epoch': 1, 'batch': 167, 'batches': 167, 'time_group': 167, 'time_groups': 167, 'history_edges': 19922, 'pos_edges': 78, 'neg_edges': 78, 'loss_recent': 6.63562385559082, 'elapsed_sec': 52.51556730270386, 'avg_sec_per_batch': 0.31446447486649015, 'cuda_allocated_mb': 111, 'cuda_reserved_mb': 714, 'cuda_max_allocated_mb': 655}
{'event': 'validation_start', 'epoch': 1}
{'event': 'epoch_end', 'epoch': 1, 'early_stop_metric': 'val_composite', 'val_score': 0.6854834236839871, 'val_auc': 0.8011825561523436, 'val_ap': 0.6632592048726481, 'val_ndcg': 0.9336057122660478, 'elapsed_sec': 54.15111765265465}
{'candidate': 'history_popularity_tinysearch_h96_r12_a12_p4x4_l1_neg1_lr0p001_hp0p8_freq40_rl0_m1_hinge', 'seed': 1, 'composite': nan, 'val_auc': 0.8011825561523436, 'val_ap': 0.6632592048726481, 'val_ndcg': 0.9336057122660478, 'train_loss': 6.589037241336114, 'train_lp': 0.4147499758683279, 'train_align': 1181.7853431930084, 'train_kl': 2630.9281480983345, 'train_ood_reg': 0.23347133166061904, 'train_meta': 0.4068820812254252, 'train_weighted_align': 5.908926583335785, 'train_weighted_kl': 0.263092808693112, 'train_weighted_ood_reg': 0.00023347134295848205, 'train_weighted_meta': 0.0020344103534021387}
{'event': 'candidate_summary', 'candidate': 'history_popularity_tinysearch_h96_r12_a12_p4x4_l1_neg1_lr0p001_hp0p8_freq40_rl0_m1_hinge', 'score': 0.6854834236839871, 'passes_metric_minima': True, 'means': {'val_auc': 0.8011825561523436, 'val_ap': 0.6632592048726481, 'val_mrr': nan, 'val_hits@10': nan, 'val_ndcg': 0.9336057122660478}, 'seeds_completed': 1}
{'event': 'candidate_seed_start', 'candidate': 'history_popularity_tinysearch_h96_r12_a12_p4x4_l1_neg1_lr0p001_hp0p8_hybrid40_rl0_m1_hinge', 'seed': 1, 'device': 'cuda', 'node_text_device': 'cuda:0'}
{'event': 'train_seed_start', 'seed': 1, 'train_edges': 20000, 'val_edges': 60324, 'test_edges': 74087, 'num_nodes': 10488, 'num_relations': 251}
{'event': 'train_seed_tensors_ready', 'seed': 1, 'elapsed_sec': 0.008984830230474472, 'cuda_allocated_mb': 44, 'cuda_reserved_mb': 64, 'cuda_max_allocated_mb': 655}
{'event': 'train_known_facts_ready', 'seed': 1, 'scope': 'train', 'edges': 20000, 'elapsed_sec': 0.012137927114963531}
{'event': 'train_known_facts_ready', 'seed': 1, 'scope': 'train_val', 'edges': 80324, 'elapsed_sec': 0.02038414403796196}
{'event': 'train_sampler_ready', 'seed': 1, 'elapsed_sec': 0.024429846554994583}
{'event': 'val_sampler_ready', 'seed': 1, 'elapsed_sec': 0.02806168794631958}
{'event': 'epoch_start', 'epoch': 1, 'epochs': 1, 'batches': 167, 'time_groups': 167}
{'event': 'train_time_group', 'epoch': 1, 'time_group': 1, 'time_groups': 167, 'batch': 0, 'batches': 167, 'time_value': 0.0, 'group_batches': 1, 'history_edges': 0, 'elapsed_sec': 0.009927909821271896, 'cuda_allocated_mb': 45, 'cuda_reserved_mb': 64, 'cuda_max_allocated_mb': 655}
{'event': 'train_progress', 'epoch': 1, 'batch': 1, 'batches': 167, 'time_group': 1, 'time_groups': 167, 'history_edges': 0, 'pos_edges': 41, 'neg_edges': 41, 'loss_recent': 3.089418649673462, 'elapsed_sec': 0.14344250410795212, 'avg_sec_per_batch': 0.14344250410795212, 'cuda_allocated_mb': 106, 'cuda_reserved_mb': 220, 'cuda_max_allocated_mb': 655}
{'event': 'train_progress', 'epoch': 1, 'batch': 100, 'batches': 167, 'time_group': 100, 'time_groups': 167, 'history_edges': 10987, 'pos_edges': 87, 'neg_edges': 87, 'loss_recent': 6.492084293365479, 'elapsed_sec': 18.788619503378868, 'avg_sec_per_batch': 0.18788619503378867, 'cuda_allocated_mb': 111, 'cuda_reserved_mb': 554, 'cuda_max_allocated_mb': 655}
{'event': 'train_time_group', 'epoch': 1, 'time_group': 167, 'time_groups': 167, 'batch': 166, 'batches': 167, 'time_value': 166.0, 'group_batches': 1, 'history_edges': 19922, 'elapsed_sec': 31.91419669613242, 'cuda_allocated_mb': 106, 'cuda_reserved_mb': 714, 'cuda_max_allocated_mb': 655}
{'event': 'train_progress', 'epoch': 1, 'batch': 167, 'batches': 167, 'time_group': 167, 'time_groups': 167, 'history_edges': 19922, 'pos_edges': 78, 'neg_edges': 78, 'loss_recent': 6.64579733133316, 'elapsed_sec': 32.088532235473394, 'avg_sec_per_batch': 0.19214689961361314, 'cuda_allocated_mb': 111, 'cuda_reserved_mb': 714, 'cuda_max_allocated_mb': 655}
{'event': 'validation_start', 'epoch': 1}
{'event': 'epoch_end', 'epoch': 1, 'early_stop_metric': 'val_composite', 'val_score': 0.6740824283128506, 'val_auc': 0.789138412475586, 'val_ap': 0.6464040945335269, 'val_ndcg': 0.929579913269335, 'elapsed_sec': 33.57130369544029}
{'candidate': 'history_popularity_tinysearch_h96_r12_a12_p4x4_l1_neg1_lr0p001_hp0p8_hybrid40_rl0_m1_hinge', 'seed': 1, 'composite': nan, 'val_auc': 0.789138412475586, 'val_ap': 0.6464040945335269, 'val_ndcg': 0.929579913269335, 'train_loss': 6.589696895576523, 'train_lp': 0.42196180470689326, 'train_align': 1180.5152615301624, 'train_kl': 2629.0982059318862, 'train_ood_reg': 0.2192115166230116, 'train_meta': 0.4059791265802826, 'train_weighted_align': 5.902576180275329, 'train_weighted_kl': 0.2629098146707712, 'train_weighted_ood_reg': 0.00021921152684316152, 'train_weighted_meta': 0.00202989559033314}
{'event': 'candidate_summary', 'candidate': 'history_popularity_tinysearch_h96_r12_a12_p4x4_l1_neg1_lr0p001_hp0p8_hybrid40_rl0_m1_hinge', 'score': 0.6740824283128506, 'passes_metric_minima': True, 'means': {'val_auc': 0.789138412475586, 'val_ap': 0.6464040945335269, 'val_mrr': nan, 'val_hits@10': nan, 'val_ndcg': 0.929579913269335}, 'seeds_completed': 1}
