runtime_device=cuda
cuda_device=Tesla V100-PCIE-32GB
{'event': 'seed_start', 'dataset': 'yago15k-temporal', 'ablation': 'full', 'seed': 1, 'device': 'cuda', 'node_text_device': 'cuda:0'}
{'event': 'train_seed_start', 'seed': 1, 'train_edges': 3244, 'val_edges': 6738, 'test_edges': 26719, 'num_nodes': 4197, 'num_relations': 19}
{'event': 'train_seed_tensors_ready', 'seed': 1, 'elapsed_sec': 0.010008338838815689, 'cuda_allocated_mb': 9, 'cuda_reserved_mb': 24, 'cuda_max_allocated_mb': 9}
{'event': 'train_known_facts_ready', 'seed': 1, 'scope': 'train', 'edges': 3244, 'elapsed_sec': 0.012208115309476852}
{'event': 'train_known_facts_ready', 'seed': 1, 'scope': 'train_val', 'edges': 9982, 'elapsed_sec': 0.013380330055952072}
{'event': 'train_sampler_ready', 'seed': 1, 'elapsed_sec': 0.0187414288520813}
{'event': 'val_sampler_ready', 'seed': 1, 'elapsed_sec': 0.02227196842432022}
{'event': 'epoch_start', 'epoch': 1, 'epochs': 24, 'batches': 118, 'time_groups': 118}
{'event': 'train_time_group', 'epoch': 1, 'time_group': 1, 'time_groups': 118, 'batch': 0, 'batches': 118, 'time_value': 600.0, 'group_batches': 1, 'history_edges': 0, 'elapsed_sec': 0.019534390419721603, 'cuda_allocated_mb': 10, 'cuda_reserved_mb': 24, 'cuda_max_allocated_mb': 10}
{'event': 'train_progress', 'epoch': 1, 'batch': 1, 'batches': 118, 'time_group': 1, 'time_groups': 118, 'history_edges': 0, 'pos_edges': 1, 'neg_edges': 1, 'loss_recent': 0.6802121996879578, 'elapsed_sec': 1.175523765385151, 'avg_sec_per_batch': 1.175523765385151, 'cuda_allocated_mb': 45, 'cuda_reserved_mb': 90, 'cuda_max_allocated_mb': 81}
{'event': 'train_progress', 'epoch': 1, 'batch': 100, 'batches': 118, 'time_group': 100, 'time_groups': 118, 'history_edges': 2144, 'pos_edges': 38, 'neg_edges': 38, 'loss_recent': 1.7383494061231612, 'elapsed_sec': 18.3750135935843, 'avg_sec_per_batch': 0.183750135935843, 'cuda_allocated_mb': 47, 'cuda_reserved_mb': 202, 'cuda_max_allocated_mb': 170}
{'event': 'train_time_group', 'epoch': 1, 'time_group': 118, 'time_groups': 118, 'batch': 117, 'batches': 118, 'time_value': 1966.0, 'group_batches': 1, 'history_edges': 3153, 'elapsed_sec': 22.04018409177661, 'cuda_allocated_mb': 46, 'cuda_reserved_mb': 222, 'cuda_max_allocated_mb': 190}
{'event': 'train_progress', 'epoch': 1, 'batch': 118, 'batches': 118, 'time_group': 118, 'time_groups': 118, 'history_edges': 3153, 'pos_edges': 91, 'neg_edges': 91, 'loss_recent': 2.3223623904585837, 'elapsed_sec': 22.302322939038277, 'avg_sec_per_batch': 0.18900273677151083, 'cuda_allocated_mb': 49, 'cuda_reserved_mb': 222, 'cuda_max_allocated_mb': 194}
{'event': 'validation_start', 'epoch': 1}
{'event': 'validation_ranking_start', 'epoch': 1, 'max_edges': 150}
{'event': 'epoch_end', 'epoch': 1, 'early_stop_metric': 'val_composite', 'val_score': 0.25240426425765383, 'val_auc': 0.6028708645630666, 'val_ap': 0.13623046450583953, 'val_ndcg': 0.7905398496119712, 'val_mrr': 0.13354433278485486, 'val_hits@1': 0.06666666666666667, 'val_hits@10': 0.28, 'val_hits@50': 0.4766666666666667, 'val_hits@100': 0.6, 'elapsed_sec': 108.94930214807391}
{'event': 'epoch_start', 'epoch': 2, 'epochs': 24, 'batches': 118, 'time_groups': 118}
{'event': 'train_time_group', 'epoch': 2, 'time_group': 1, 'time_groups': 118, 'batch': 0, 'batches': 118, 'time_value': 600.0, 'group_batches': 1, 'history_edges': 0, 'elapsed_sec': 0.008628670126199722, 'cuda_allocated_mb': 46, 'cuda_reserved_mb': 270, 'cuda_max_allocated_mb': 202}
{'event': 'train_progress', 'epoch': 2, 'batch': 1, 'batches': 118, 'time_group': 1, 'time_groups': 118, 'history_edges': 0, 'pos_edges': 1, 'neg_edges': 1, 'loss_recent': 0.5103558897972107, 'elapsed_sec': 0.12441879138350487, 'avg_sec_per_batch': 0.12441879138350487, 'cuda_allocated_mb': 46, 'cuda_reserved_mb': 270, 'cuda_max_allocated_mb': 202}
{'event': 'train_progress', 'epoch': 2, 'batch': 100, 'batches': 118, 'time_group': 100, 'time_groups': 118, 'history_edges': 2144, 'pos_edges': 38, 'neg_edges': 38, 'loss_recent': 1.5322322373837232, 'elapsed_sec': 16.565859246999025, 'avg_sec_per_batch': 0.16565859246999026, 'cuda_allocated_mb': 47, 'cuda_reserved_mb': 270, 'cuda_max_allocated_mb': 202}
{'event': 'train_time_group', 'epoch': 2, 'time_group': 118, 'time_groups': 118, 'batch': 117, 'batches': 118, 'time_value': 1966.0, 'group_batches': 1, 'history_edges': 3153, 'elapsed_sec': 20.344418205320835, 'cuda_allocated_mb': 46, 'cuda_reserved_mb': 270, 'cuda_max_allocated_mb': 202}
{'event': 'train_progress', 'epoch': 2, 'batch': 118, 'batches': 118, 'time_group': 118, 'time_groups': 118, 'history_edges': 3153, 'pos_edges': 91, 'neg_edges': 91, 'loss_recent': 2.0708662696927784, 'elapsed_sec': 20.58752742782235, 'avg_sec_per_batch': 0.17447057142222333, 'cuda_allocated_mb': 48, 'cuda_reserved_mb': 270, 'cuda_max_allocated_mb': 202}
{'event': 'validation_start', 'epoch': 2}
{'event': 'validation_ranking_start', 'epoch': 2, 'max_edges': 150}
{'event': 'epoch_end', 'epoch': 2, 'early_stop_metric': 'val_composite', 'val_score': 0.24925717524657628, 'val_auc': 0.5874381616701296, 'val_ap': 0.13323756943679996, 'val_ndcg': 0.7879818983886648, 'val_mrr': 0.13286955048403332, 'val_hits@1': 0.06666666666666667, 'val_hits@10': 0.2733333333333333, 'val_hits@50': 0.48333333333333334, 'val_hits@100': 0.65, 'elapsed_sec': 109.37897860258818}
{'event': 'epoch_start', 'epoch': 3, 'epochs': 24, 'batches': 118, 'time_groups': 118}
{'event': 'train_time_group', 'epoch': 3, 'time_group': 1, 'time_groups': 118, 'batch': 0, 'batches': 118, 'time_value': 600.0, 'group_batches': 1, 'history_edges': 0, 'elapsed_sec': 0.009045161306858063, 'cuda_allocated_mb': 46, 'cuda_reserved_mb': 270, 'cuda_max_allocated_mb': 202}
{'event': 'train_progress', 'epoch': 3, 'batch': 1, 'batches': 118, 'time_group': 1, 'time_groups': 118, 'history_edges': 0, 'pos_edges': 1, 'neg_edges': 1, 'loss_recent': 0.794073760509491, 'elapsed_sec': 0.13211030513048172, 'avg_sec_per_batch': 0.13211030513048172, 'cuda_allocated_mb': 46, 'cuda_reserved_mb': 270, 'cuda_max_allocated_mb': 202}
{'event': 'train_progress', 'epoch': 3, 'batch': 100, 'batches': 118, 'time_group': 100, 'time_groups': 118, 'history_edges': 2144, 'pos_edges': 38, 'neg_edges': 38, 'loss_recent': 1.4350042817369104, 'elapsed_sec': 16.497741241008043, 'avg_sec_per_batch': 0.16497741241008043, 'cuda_allocated_mb': 47, 'cuda_reserved_mb': 270, 'cuda_max_allocated_mb': 202}
{'event': 'train_time_group', 'epoch': 3, 'time_group': 118, 'time_groups': 118, 'batch': 117, 'batches': 118, 'time_value': 1966.0, 'group_batches': 1, 'history_edges': 3153, 'elapsed_sec': 20.145679496228695, 'cuda_allocated_mb': 46, 'cuda_reserved_mb': 270, 'cuda_max_allocated_mb': 202}
{'event': 'train_progress', 'epoch': 3, 'batch': 118, 'batches': 118, 'time_group': 118, 'time_groups': 118, 'history_edges': 3153, 'pos_edges': 91, 'neg_edges': 91, 'loss_recent': 1.9561699395254255, 'elapsed_sec': 20.37460059300065, 'avg_sec_per_batch': 0.1726661067203445, 'cuda_allocated_mb': 48, 'cuda_reserved_mb': 270, 'cuda_max_allocated_mb': 202}
{'event': 'validation_start', 'epoch': 3}
{'event': 'validation_ranking_start', 'epoch': 3, 'max_edges': 150}
{'event': 'epoch_end', 'epoch': 3, 'early_stop_metric': 'val_composite', 'val_score': 0.25459575211450425, 'val_auc': 0.5939807406696698, 'val_ap': 0.13941095861016048, 'val_ndcg': 0.7926453002416662, 'val_mrr': 0.13610774919732685, 'val_hits@1': 0.06666666666666667, 'val_hits@10': 0.2833333333333333, 'val_hits@50': 0.53, 'val_hits@100': 0.6366666666666667, 'elapsed_sec': 110.24015086144209}
{'event': 'epoch_start', 'epoch': 4, 'epochs': 24, 'batches': 118, 'time_groups': 118}
{'event': 'train_time_group', 'epoch': 4, 'time_group': 1, 'time_groups': 118, 'batch': 0, 'batches': 118, 'time_value': 600.0, 'group_batches': 1, 'history_edges': 0, 'elapsed_sec': 0.008486416190862656, 'cuda_allocated_mb': 46, 'cuda_reserved_mb': 270, 'cuda_max_allocated_mb': 202}
{'event': 'train_progress', 'epoch': 4, 'batch': 1, 'batches': 118, 'time_group': 1, 'time_groups': 118, 'history_edges': 0, 'pos_edges': 1, 'neg_edges': 1, 'loss_recent': 0.19075337052345276, 'elapsed_sec': 0.1250244900584221, 'avg_sec_per_batch': 0.1250244900584221, 'cuda_allocated_mb': 46, 'cuda_reserved_mb': 270, 'cuda_max_allocated_mb': 202}
{'event': 'train_progress', 'epoch': 4, 'batch': 100, 'batches': 118, 'time_group': 100, 'time_groups': 118, 'history_edges': 2144, 'pos_edges': 38, 'neg_edges': 38, 'loss_recent': 1.2992669912986456, 'elapsed_sec': 16.934685423970222, 'avg_sec_per_batch': 0.16934685423970222, 'cuda_allocated_mb': 47, 'cuda_reserved_mb': 270, 'cuda_max_allocated_mb': 202}
{'event': 'train_time_group', 'epoch': 4, 'time_group': 118, 'time_groups': 118, 'batch': 117, 'batches': 118, 'time_value': 1966.0, 'group_batches': 1, 'history_edges': 3153, 'elapsed_sec': 20.671437714248896, 'cuda_allocated_mb': 46, 'cuda_reserved_mb': 270, 'cuda_max_allocated_mb': 202}
{'event': 'train_progress', 'epoch': 4, 'batch': 118, 'batches': 118, 'time_group': 118, 'time_groups': 118, 'history_edges': 3153, 'pos_edges': 91, 'neg_edges': 91, 'loss_recent': 1.7921483361907304, 'elapsed_sec': 20.90447275340557, 'avg_sec_per_batch': 0.17715654875767434, 'cuda_allocated_mb': 48, 'cuda_reserved_mb': 270, 'cuda_max_allocated_mb': 202}
{'event': 'validation_start', 'epoch': 4}
{'event': 'validation_ranking_start', 'epoch': 4, 'max_edges': 150}
{'event': 'epoch_end', 'epoch': 4, 'early_stop_metric': 'val_composite', 'val_score': 0.2514401162471961, 'val_auc': 0.5796390960885929, 'val_ap': 0.1322999995444855, 'val_ndcg': 0.7900080933356136, 'val_mrr': 0.13655803768839783, 'val_hits@1': 0.07333333333333333, 'val_hits@10': 0.27666666666666667, 'val_hits@50': 0.4866666666666667, 'val_hits@100': 0.5966666666666667, 'elapsed_sec': 108.80252274870872}
{'event': 'epoch_start', 'epoch': 5, 'epochs': 24, 'batches': 118, 'time_groups': 118}
{'event': 'train_time_group', 'epoch': 5, 'time_group': 1, 'time_groups': 118, 'batch': 0, 'batches': 118, 'time_value': 600.0, 'group_batches': 1, 'history_edges': 0, 'elapsed_sec': 0.007569536566734314, 'cuda_allocated_mb': 46, 'cuda_reserved_mb': 270, 'cuda_max_allocated_mb': 202}
{'event': 'train_progress', 'epoch': 5, 'batch': 1, 'batches': 118, 'time_group': 1, 'time_groups': 118, 'history_edges': 0, 'pos_edges': 1, 'neg_edges': 1, 'loss_recent': 0.21694035828113556, 'elapsed_sec': 0.12541485577821732, 'avg_sec_per_batch': 0.12541485577821732, 'cuda_allocated_mb': 46, 'cuda_reserved_mb': 270, 'cuda_max_allocated_mb': 202}
{'event': 'train_progress', 'epoch': 5, 'batch': 100, 'batches': 118, 'time_group': 100, 'time_groups': 118, 'history_edges': 2144, 'pos_edges': 38, 'neg_edges': 38, 'loss_recent': 1.2259793325699866, 'elapsed_sec': 16.576649725437164, 'avg_sec_per_batch': 0.16576649725437165, 'cuda_allocated_mb': 47, 'cuda_reserved_mb': 270, 'cuda_max_allocated_mb': 202}
{'event': 'train_time_group', 'epoch': 5, 'time_group': 118, 'time_groups': 118, 'batch': 117, 'batches': 118, 'time_value': 1966.0, 'group_batches': 1, 'history_edges': 3153, 'elapsed_sec': 20.24013176560402, 'cuda_allocated_mb': 46, 'cuda_reserved_mb': 270, 'cuda_max_allocated_mb': 202}
{'event': 'train_progress', 'epoch': 5, 'batch': 118, 'batches': 118, 'time_group': 118, 'time_groups': 118, 'history_edges': 3153, 'pos_edges': 91, 'neg_edges': 91, 'loss_recent': 1.6908798584155738, 'elapsed_sec': 20.486514441668987, 'avg_sec_per_batch': 0.17361452916668632, 'cuda_allocated_mb': 48, 'cuda_reserved_mb': 270, 'cuda_max_allocated_mb': 202}
{'event': 'validation_start', 'epoch': 5}
{'event': 'validation_ranking_start', 'epoch': 5, 'max_edges': 150}
{'event': 'epoch_end', 'epoch': 5, 'early_stop_metric': 'val_composite', 'val_score': 0.25710142666502134, 'val_auc': 0.6127769432081183, 'val_ap': 0.14986103478077284, 'val_ndcg': 0.7994680353853155, 'val_mrr': 0.1360732414979358, 'val_hits@1': 0.07, 'val_hits@10': 0.28, 'val_hits@50': 0.49, 'val_hits@100': 0.6466666666666666, 'elapsed_sec': 109.64403823018074}
{'event': 'epoch_start', 'epoch': 6, 'epochs': 24, 'batches': 118, 'time_groups': 118}
{'event': 'train_time_group', 'epoch': 6, 'time_group': 1, 'time_groups': 118, 'batch': 0, 'batches': 118, 'time_value': 600.0, 'group_batches': 1, 'history_edges': 0, 'elapsed_sec': 0.007502276450395584, 'cuda_allocated_mb': 46, 'cuda_reserved_mb': 270, 'cuda_max_allocated_mb': 202}
{'event': 'train_progress', 'epoch': 6, 'batch': 1, 'batches': 118, 'time_group': 1, 'time_groups': 118, 'history_edges': 0, 'pos_edges': 1, 'neg_edges': 1, 'loss_recent': 1.6573208570480347, 'elapsed_sec': 0.11583779379725456, 'avg_sec_per_batch': 0.11583779379725456, 'cuda_allocated_mb': 46, 'cuda_reserved_mb': 270, 'cuda_max_allocated_mb': 202}
{'event': 'train_progress', 'epoch': 6, 'batch': 100, 'batches': 118, 'time_group': 100, 'time_groups': 118, 'history_edges': 2144, 'pos_edges': 38, 'neg_edges': 38, 'loss_recent': 1.1656699439231306, 'elapsed_sec': 16.78740757703781, 'avg_sec_per_batch': 0.1678740757703781, 'cuda_allocated_mb': 47, 'cuda_reserved_mb': 270, 'cuda_max_allocated_mb': 202}
{'event': 'train_time_group', 'epoch': 6, 'time_group': 118, 'time_groups': 118, 'batch': 117, 'batches': 118, 'time_value': 1966.0, 'group_batches': 1, 'history_edges': 3153, 'elapsed_sec': 20.46520061045885, 'cuda_allocated_mb': 46, 'cuda_reserved_mb': 270, 'cuda_max_allocated_mb': 202}
{'event': 'train_progress', 'epoch': 6, 'batch': 118, 'batches': 118, 'time_group': 118, 'time_groups': 118, 'history_edges': 3153, 'pos_edges': 91, 'neg_edges': 91, 'loss_recent': 1.6226956842746585, 'elapsed_sec': 20.706270698457956, 'avg_sec_per_batch': 0.17547687032591489, 'cuda_allocated_mb': 48, 'cuda_reserved_mb': 270, 'cuda_max_allocated_mb': 202}
{'event': 'validation_start', 'epoch': 6}
{'event': 'validation_ranking_start', 'epoch': 6, 'max_edges': 150}
{'event': 'epoch_end', 'epoch': 6, 'early_stop_metric': 'val_composite', 'val_score': 0.2475986573340215, 'val_auc': 0.5651949386444828, 'val_ap': 0.12985751260681616, 'val_ndcg': 0.7905017219541486, 'val_mrr': 0.1336202226307201, 'val_hits@1': 0.07, 'val_hits@10': 0.27, 'val_hits@50': 0.47, 'val_hits@100': 0.6133333333333333, 'elapsed_sec': 108.99444960057735}
{'event': 'epoch_start', 'epoch': 7, 'epochs': 24, 'batches': 118, 'time_groups': 118}
{'event': 'train_time_group', 'epoch': 7, 'time_group': 1, 'time_groups': 118, 'batch': 0, 'batches': 118, 'time_value': 600.0, 'group_batches': 1, 'history_edges': 0, 'elapsed_sec': 0.008319355547428131, 'cuda_allocated_mb': 46, 'cuda_reserved_mb': 270, 'cuda_max_allocated_mb': 202}
{'event': 'train_progress', 'epoch': 7, 'batch': 1, 'batches': 118, 'time_group': 1, 'time_groups': 118, 'history_edges': 0, 'pos_edges': 1, 'neg_edges': 1, 'loss_recent': 0.3073349595069885, 'elapsed_sec': 0.12639938667416573, 'avg_sec_per_batch': 0.12639938667416573, 'cuda_allocated_mb': 46, 'cuda_reserved_mb': 270, 'cuda_max_allocated_mb': 202}
{'event': 'train_progress', 'epoch': 7, 'batch': 100, 'batches': 118, 'time_group': 100, 'time_groups': 118, 'history_edges': 2144, 'pos_edges': 38, 'neg_edges': 38, 'loss_recent': 1.1377997218538076, 'elapsed_sec': 17.219002932310104, 'avg_sec_per_batch': 0.17219002932310104, 'cuda_allocated_mb': 47, 'cuda_reserved_mb': 270, 'cuda_max_allocated_mb': 202}
{'event': 'train_time_group', 'epoch': 7, 'time_group': 118, 'time_groups': 118, 'batch': 117, 'batches': 118, 'time_value': 1966.0, 'group_batches': 1, 'history_edges': 3153, 'elapsed_sec': 20.788658760488033, 'cuda_allocated_mb': 46, 'cuda_reserved_mb': 270, 'cuda_max_allocated_mb': 202}
{'event': 'train_progress', 'epoch': 7, 'batch': 118, 'batches': 118, 'time_group': 118, 'time_groups': 118, 'history_edges': 3153, 'pos_edges': 91, 'neg_edges': 91, 'loss_recent': 1.5769042258802801, 'elapsed_sec': 21.026037018746138, 'avg_sec_per_batch': 0.1781867543961537, 'cuda_allocated_mb': 48, 'cuda_reserved_mb': 270, 'cuda_max_allocated_mb': 202}
{'event': 'validation_start', 'epoch': 7}
{'event': 'validation_ranking_start', 'epoch': 7, 'max_edges': 150}
{'event': 'epoch_end', 'epoch': 7, 'early_stop_metric': 'val_composite', 'val_score': 0.26129532241718023, 'val_auc': 0.611185977890534, 'val_ap': 0.14965458765659165, 'val_ndcg': 0.8005491519496638, 'val_mrr': 0.13646584035839684, 'val_hits@1': 0.07, 'val_hits@10': 0.3, 'val_hits@50': 0.51, 'val_hits@100': 0.65, 'elapsed_sec': 108.74007026478648}
{'event': 'epoch_start', 'epoch': 8, 'epochs': 24, 'batches': 118, 'time_groups': 118}
{'event': 'train_time_group', 'epoch': 8, 'time_group': 1, 'time_groups': 118, 'batch': 0, 'batches': 118, 'time_value': 600.0, 'group_batches': 1, 'history_edges': 0, 'elapsed_sec': 0.009014774113893509, 'cuda_allocated_mb': 46, 'cuda_reserved_mb': 270, 'cuda_max_allocated_mb': 202}
{'event': 'train_progress', 'epoch': 8, 'batch': 1, 'batches': 118, 'time_group': 1, 'time_groups': 118, 'history_edges': 0, 'pos_edges': 1, 'neg_edges': 1, 'loss_recent': 0.03127826750278473, 'elapsed_sec': 0.13722343742847443, 'avg_sec_per_batch': 0.13722343742847443, 'cuda_allocated_mb': 46, 'cuda_reserved_mb': 270, 'cuda_max_allocated_mb': 202}
{'event': 'train_progress', 'epoch': 8, 'batch': 100, 'batches': 118, 'time_group': 100, 'time_groups': 118, 'history_edges': 2144, 'pos_edges': 38, 'neg_edges': 38, 'loss_recent': 1.0993177330307662, 'elapsed_sec': 17.459713652729988, 'avg_sec_per_batch': 0.17459713652729988, 'cuda_allocated_mb': 47, 'cuda_reserved_mb': 270, 'cuda_max_allocated_mb': 202}
{'event': 'train_time_group', 'epoch': 8, 'time_group': 118, 'time_groups': 118, 'batch': 117, 'batches': 118, 'time_value': 1966.0, 'group_batches': 1, 'history_edges': 3153, 'elapsed_sec': 21.069098852574825, 'cuda_allocated_mb': 46, 'cuda_reserved_mb': 270, 'cuda_max_allocated_mb': 202}
{'event': 'train_progress', 'epoch': 8, 'batch': 118, 'batches': 118, 'time_group': 118, 'time_groups': 118, 'history_edges': 3153, 'pos_edges': 91, 'neg_edges': 91, 'loss_recent': 1.550915975915268, 'elapsed_sec': 21.325202848762274, 'avg_sec_per_batch': 0.18072205804035826, 'cuda_allocated_mb': 48, 'cuda_reserved_mb': 270, 'cuda_max_allocated_mb': 202}
{'event': 'validation_start', 'epoch': 8}
{'event': 'validation_ranking_start', 'epoch': 8, 'max_edges': 150}
{'event': 'epoch_end', 'epoch': 8, 'early_stop_metric': 'val_composite', 'val_score': 0.25620401063364234, 'val_auc': 0.6150426038009504, 'val_ap': 0.15237224362611515, 'val_ndcg': 0.8024631817394118, 'val_mrr': 0.13269945145147272, 'val_hits@1': 0.06666666666666667, 'val_hits@10': 0.28, 'val_hits@50': 0.48333333333333334, 'val_hits@100': 0.6266666666666667, 'elapsed_sec': 109.10236927866936}
{'event': 'epoch_start', 'epoch': 9, 'epochs': 24, 'batches': 118, 'time_groups': 118}
{'event': 'train_time_group', 'epoch': 9, 'time_group': 1, 'time_groups': 118, 'batch': 0, 'batches': 118, 'time_value': 600.0, 'group_batches': 1, 'history_edges': 0, 'elapsed_sec': 0.010169927030801773, 'cuda_allocated_mb': 46, 'cuda_reserved_mb': 270, 'cuda_max_allocated_mb': 202}
{'event': 'train_progress', 'epoch': 9, 'batch': 1, 'batches': 118, 'time_group': 1, 'time_groups': 118, 'history_edges': 0, 'pos_edges': 1, 'neg_edges': 1, 'loss_recent': 0.4006006121635437, 'elapsed_sec': 0.1448863372206688, 'avg_sec_per_batch': 0.1448863372206688, 'cuda_allocated_mb': 46, 'cuda_reserved_mb': 270, 'cuda_max_allocated_mb': 202}
{'event': 'train_progress', 'epoch': 9, 'batch': 100, 'batches': 118, 'time_group': 100, 'time_groups': 118, 'history_edges': 2144, 'pos_edges': 38, 'neg_edges': 38, 'loss_recent': 0.9530708275316283, 'elapsed_sec': 17.410053122788668, 'avg_sec_per_batch': 0.17410053122788668, 'cuda_allocated_mb': 47, 'cuda_reserved_mb': 270, 'cuda_max_allocated_mb': 202}
{'event': 'train_time_group', 'epoch': 9, 'time_group': 118, 'time_groups': 118, 'batch': 117, 'batches': 118, 'time_value': 1966.0, 'group_batches': 1, 'history_edges': 3153, 'elapsed_sec': 20.947961527854204, 'cuda_allocated_mb': 46, 'cuda_reserved_mb': 270, 'cuda_max_allocated_mb': 202}
{'event': 'train_progress', 'epoch': 9, 'batch': 118, 'batches': 118, 'time_group': 118, 'time_groups': 118, 'history_edges': 3153, 'pos_edges': 91, 'neg_edges': 91, 'loss_recent': 1.3969991112919524, 'elapsed_sec': 21.20861693099141, 'avg_sec_per_batch': 0.17973404178806282, 'cuda_allocated_mb': 49, 'cuda_reserved_mb': 270, 'cuda_max_allocated_mb': 202}
{'event': 'validation_start', 'epoch': 9}
{'event': 'validation_ranking_start', 'epoch': 9, 'max_edges': 150}
{'event': 'epoch_end', 'epoch': 9, 'early_stop_metric': 'val_composite', 'val_score': 0.2655092834022892, 'val_auc': 0.6123618477746704, 'val_ap': 0.16039344060584657, 'val_ndcg': 0.8075797941066185, 'val_mrr': 0.137481724357367, 'val_hits@1': 0.06666666666666667, 'val_hits@10': 0.30666666666666664, 'val_hits@50': 0.5166666666666667, 'val_hits@100': 0.66, 'elapsed_sec': 112.15215103328228}
{'event': 'epoch_start', 'epoch': 10, 'epochs': 24, 'batches': 118, 'time_groups': 118}
{'event': 'train_time_group', 'epoch': 10, 'time_group': 1, 'time_groups': 118, 'batch': 0, 'batches': 118, 'time_value': 600.0, 'group_batches': 1, 'history_edges': 0, 'elapsed_sec': 0.009314894676208496, 'cuda_allocated_mb': 46, 'cuda_reserved_mb': 270, 'cuda_max_allocated_mb': 202}
{'event': 'train_progress', 'epoch': 10, 'batch': 1, 'batches': 118, 'time_group': 1, 'time_groups': 118, 'history_edges': 0, 'pos_edges': 1, 'neg_edges': 1, 'loss_recent': 0.256562203168869, 'elapsed_sec': 0.1811152957379818, 'avg_sec_per_batch': 0.1811152957379818, 'cuda_allocated_mb': 46, 'cuda_reserved_mb': 270, 'cuda_max_allocated_mb': 202}
{'event': 'train_progress', 'epoch': 10, 'batch': 100, 'batches': 118, 'time_group': 100, 'time_groups': 118, 'history_edges': 2144, 'pos_edges': 38, 'neg_edges': 38, 'loss_recent': 0.9826765781408175, 'elapsed_sec': 17.532480537891388, 'avg_sec_per_batch': 0.17532480537891387, 'cuda_allocated_mb': 47, 'cuda_reserved_mb': 270, 'cuda_max_allocated_mb': 202}
{'event': 'train_time_group', 'epoch': 10, 'time_group': 118, 'time_groups': 118, 'batch': 117, 'batches': 118, 'time_value': 1966.0, 'group_batches': 1, 'history_edges': 3153, 'elapsed_sec': 21.242841247469187, 'cuda_allocated_mb': 46, 'cuda_reserved_mb': 270, 'cuda_max_allocated_mb': 202}
{'event': 'train_progress', 'epoch': 10, 'batch': 118, 'batches': 118, 'time_group': 118, 'time_groups': 118, 'history_edges': 3153, 'pos_edges': 91, 'neg_edges': 91, 'loss_recent': 1.3570663297129795, 'elapsed_sec': 21.4489063359797, 'avg_sec_per_batch': 0.18177039267779407, 'cuda_allocated_mb': 48, 'cuda_reserved_mb': 270, 'cuda_max_allocated_mb': 202}
{'event': 'validation_start', 'epoch': 10}
{'event': 'validation_ranking_start', 'epoch': 10, 'max_edges': 150}
{'event': 'epoch_end', 'epoch': 10, 'early_stop_metric': 'val_composite', 'val_score': 0.2628191155327765, 'val_auc': 0.6359656715442186, 'val_ap': 0.1559440847480329, 'val_ndcg': 0.8049493826237281, 'val_mrr': 0.13426856196197556, 'val_hits@1': 0.06333333333333334, 'val_hits@10': 0.3, 'val_hits@50': 0.49666666666666665, 'val_hits@100': 0.6033333333333334, 'elapsed_sec': 111.81473112851381}
{'event': 'epoch_start', 'epoch': 11, 'epochs': 24, 'batches': 118, 'time_groups': 118}
{'event': 'train_time_group', 'epoch': 11, 'time_group': 1, 'time_groups': 118, 'batch': 0, 'batches': 118, 'time_value': 600.0, 'group_batches': 1, 'history_edges': 0, 'elapsed_sec': 0.009719450026750565, 'cuda_allocated_mb': 46, 'cuda_reserved_mb': 270, 'cuda_max_allocated_mb': 202}
{'event': 'train_progress', 'epoch': 11, 'batch': 1, 'batches': 118, 'time_group': 1, 'time_groups': 118, 'history_edges': 0, 'pos_edges': 1, 'neg_edges': 1, 'loss_recent': 0.49535107612609863, 'elapsed_sec': 0.1394176259636879, 'avg_sec_per_batch': 0.1394176259636879, 'cuda_allocated_mb': 46, 'cuda_reserved_mb': 270, 'cuda_max_allocated_mb': 202}
{'event': 'train_progress', 'epoch': 11, 'batch': 100, 'batches': 118, 'time_group': 100, 'time_groups': 118, 'history_edges': 2144, 'pos_edges': 38, 'neg_edges': 38, 'loss_recent': 0.8887938472442329, 'elapsed_sec': 17.27218247577548, 'avg_sec_per_batch': 0.1727218247577548, 'cuda_allocated_mb': 47, 'cuda_reserved_mb': 270, 'cuda_max_allocated_mb': 202}
{'event': 'train_time_group', 'epoch': 11, 'time_group': 118, 'time_groups': 118, 'batch': 117, 'batches': 118, 'time_value': 1966.0, 'group_batches': 1, 'history_edges': 3153, 'elapsed_sec': 20.839272864162922, 'cuda_allocated_mb': 46, 'cuda_reserved_mb': 270, 'cuda_max_allocated_mb': 202}
{'event': 'train_progress', 'epoch': 11, 'batch': 118, 'batches': 118, 'time_group': 118, 'time_groups': 118, 'history_edges': 3153, 'pos_edges': 91, 'neg_edges': 91, 'loss_recent': 1.2729728874471038, 'elapsed_sec': 21.09009760990739, 'avg_sec_per_batch': 0.17872964076192702, 'cuda_allocated_mb': 48, 'cuda_reserved_mb': 270, 'cuda_max_allocated_mb': 202}
{'event': 'validation_start', 'epoch': 11}
{'event': 'validation_ranking_start', 'epoch': 11, 'max_edges': 150}
{'event': 'epoch_end', 'epoch': 11, 'early_stop_metric': 'val_composite', 'val_score': 0.2626568866889932, 'val_auc': 0.6197352376763643, 'val_ap': 0.1537928063426536, 'val_ndcg': 0.8015191462859592, 'val_mrr': 0.13956524511702867, 'val_hits@1': 0.07, 'val_hits@10': 0.29333333333333333, 'val_hits@50': 0.48, 'val_hits@100': 0.62, 'elapsed_sec': 111.79954928532243}
{'event': 'epoch_start', 'epoch': 12, 'epochs': 24, 'batches': 118, 'time_groups': 118}
{'event': 'train_time_group', 'epoch': 12, 'time_group': 1, 'time_groups': 118, 'batch': 0, 'batches': 118, 'time_value': 600.0, 'group_batches': 1, 'history_edges': 0, 'elapsed_sec': 0.008707553148269653, 'cuda_allocated_mb': 46, 'cuda_reserved_mb': 270, 'cuda_max_allocated_mb': 202}
{'event': 'train_progress', 'epoch': 12, 'batch': 1, 'batches': 118, 'time_group': 1, 'time_groups': 118, 'history_edges': 0, 'pos_edges': 1, 'neg_edges': 1, 'loss_recent': 0.029255907982587814, 'elapsed_sec': 0.137138232588768, 'avg_sec_per_batch': 0.137138232588768, 'cuda_allocated_mb': 46, 'cuda_reserved_mb': 270, 'cuda_max_allocated_mb': 202}
{'event': 'train_progress', 'epoch': 12, 'batch': 100, 'batches': 118, 'time_group': 100, 'time_groups': 118, 'history_edges': 2144, 'pos_edges': 38, 'neg_edges': 38, 'loss_recent': 0.8797495433082804, 'elapsed_sec': 17.210457909852266, 'avg_sec_per_batch': 0.17210457909852267, 'cuda_allocated_mb': 47, 'cuda_reserved_mb': 270, 'cuda_max_allocated_mb': 202}
{'event': 'train_time_group', 'epoch': 12, 'time_group': 118, 'time_groups': 118, 'batch': 117, 'batches': 118, 'time_value': 1966.0, 'group_batches': 1, 'history_edges': 3153, 'elapsed_sec': 20.70139840617776, 'cuda_allocated_mb': 46, 'cuda_reserved_mb': 270, 'cuda_max_allocated_mb': 202}
{'event': 'train_progress', 'epoch': 12, 'batch': 118, 'batches': 118, 'time_group': 118, 'time_groups': 118, 'history_edges': 3153, 'pos_edges': 91, 'neg_edges': 91, 'loss_recent': 1.260358248637058, 'elapsed_sec': 20.91722806915641, 'avg_sec_per_batch': 0.17726464465386788, 'cuda_allocated_mb': 48, 'cuda_reserved_mb': 270, 'cuda_max_allocated_mb': 202}
{'event': 'validation_start', 'epoch': 12}
{'event': 'validation_ranking_start', 'epoch': 12, 'max_edges': 150}
{'event': 'epoch_end', 'epoch': 12, 'early_stop_metric': 'val_composite', 'val_score': 0.2618669363123883, 'val_auc': 0.6228084804259604, 'val_ap': 0.15484985348525643, 'val_ndcg': 0.8032230049730613, 'val_mrr': 0.13568680087532461, 'val_hits@1': 0.06333333333333334, 'val_hits@10': 0.2966666666666667, 'val_hits@50': 0.5033333333333333, 'val_hits@100': 0.6466666666666666, 'elapsed_sec': 110.68266295269132}
{'event': 'epoch_start', 'epoch': 13, 'epochs': 24, 'batches': 118, 'time_groups': 118}
{'event': 'train_time_group', 'epoch': 13, 'time_group': 1, 'time_groups': 118, 'batch': 0, 'batches': 118, 'time_value': 600.0, 'group_batches': 1, 'history_edges': 0, 'elapsed_sec': 0.009153366088867188, 'cuda_allocated_mb': 46, 'cuda_reserved_mb': 270, 'cuda_max_allocated_mb': 202}
{'event': 'train_progress', 'epoch': 13, 'batch': 1, 'batches': 118, 'time_group': 1, 'time_groups': 118, 'history_edges': 0, 'pos_edges': 1, 'neg_edges': 1, 'loss_recent': 0.03210355341434479, 'elapsed_sec': 0.13906379416584969, 'avg_sec_per_batch': 0.13906379416584969, 'cuda_allocated_mb': 46, 'cuda_reserved_mb': 270, 'cuda_max_allocated_mb': 202}
{'event': 'train_progress', 'epoch': 13, 'batch': 100, 'batches': 118, 'time_group': 100, 'time_groups': 118, 'history_edges': 2144, 'pos_edges': 38, 'neg_edges': 38, 'loss_recent': 0.8121404744125903, 'elapsed_sec': 17.435330614447594, 'avg_sec_per_batch': 0.17435330614447594, 'cuda_allocated_mb': 47, 'cuda_reserved_mb': 270, 'cuda_max_allocated_mb': 202}
{'event': 'train_time_group', 'epoch': 13, 'time_group': 118, 'time_groups': 118, 'batch': 117, 'batches': 118, 'time_value': 1966.0, 'group_batches': 1, 'history_edges': 3153, 'elapsed_sec': 21.048860169947147, 'cuda_allocated_mb': 46, 'cuda_reserved_mb': 270, 'cuda_max_allocated_mb': 202}
{'event': 'train_progress', 'epoch': 13, 'batch': 118, 'batches': 118, 'time_group': 118, 'time_groups': 118, 'history_edges': 3153, 'pos_edges': 91, 'neg_edges': 91, 'loss_recent': 1.1930230716895311, 'elapsed_sec': 21.30650256574154, 'avg_sec_per_batch': 0.18056358106560627, 'cuda_allocated_mb': 48, 'cuda_reserved_mb': 270, 'cuda_max_allocated_mb': 202}
{'event': 'validation_start', 'epoch': 13}
{'event': 'validation_ranking_start', 'epoch': 13, 'max_edges': 150}
{'event': 'epoch_end', 'epoch': 13, 'early_stop_metric': 'val_composite', 'val_score': 0.2598402858185152, 'val_auc': 0.6223314519503291, 'val_ap': 0.15478030915843444, 'val_ndcg': 0.8019137024806564, 'val_mrr': 0.13596392653166925, 'val_hits@1': 0.06666666666666667, 'val_hits@10': 0.2866666666666667, 'val_hits@50': 0.51, 'val_hits@100': 0.6266666666666667, 'elapsed_sec': 112.6050970107317}
{'event': 'epoch_start', 'epoch': 14, 'epochs': 24, 'batches': 118, 'time_groups': 118}
{'event': 'train_time_group', 'epoch': 14, 'time_group': 1, 'time_groups': 118, 'batch': 0, 'batches': 118, 'time_value': 600.0, 'group_batches': 1, 'history_edges': 0, 'elapsed_sec': 0.008911460638046265, 'cuda_allocated_mb': 46, 'cuda_reserved_mb': 270, 'cuda_max_allocated_mb': 202}
{'event': 'train_progress', 'epoch': 14, 'batch': 1, 'batches': 118, 'time_group': 1, 'time_groups': 118, 'history_edges': 0, 'pos_edges': 1, 'neg_edges': 1, 'loss_recent': 0.02978982962667942, 'elapsed_sec': 0.13730718567967415, 'avg_sec_per_batch': 0.13730718567967415, 'cuda_allocated_mb': 46, 'cuda_reserved_mb': 270, 'cuda_max_allocated_mb': 202}
{'event': 'train_progress', 'epoch': 14, 'batch': 100, 'batches': 118, 'time_group': 100, 'time_groups': 118, 'history_edges': 2144, 'pos_edges': 38, 'neg_edges': 38, 'loss_recent': 0.8822388444375246, 'elapsed_sec': 17.249786499887705, 'avg_sec_per_batch': 0.17249786499887704, 'cuda_allocated_mb': 47, 'cuda_reserved_mb': 270, 'cuda_max_allocated_mb': 202}
{'event': 'train_time_group', 'epoch': 14, 'time_group': 118, 'time_groups': 118, 'batch': 117, 'batches': 118, 'time_value': 1966.0, 'group_batches': 1, 'history_edges': 3153, 'elapsed_sec': 20.8687651976943, 'cuda_allocated_mb': 46, 'cuda_reserved_mb': 270, 'cuda_max_allocated_mb': 202}
{'event': 'train_progress', 'epoch': 14, 'batch': 118, 'batches': 118, 'time_group': 118, 'time_groups': 118, 'history_edges': 3153, 'pos_edges': 91, 'neg_edges': 91, 'loss_recent': 1.188226058911532, 'elapsed_sec': 21.12589704245329, 'avg_sec_per_batch': 0.17903302578350244, 'cuda_allocated_mb': 48, 'cuda_reserved_mb': 270, 'cuda_max_allocated_mb': 202}
{'event': 'validation_start', 'epoch': 14}
{'event': 'validation_ranking_start', 'epoch': 14, 'max_edges': 150}
{'event': 'epoch_end', 'epoch': 14, 'early_stop_metric': 'val_composite', 'val_score': 0.26313183246455357, 'val_auc': 0.6686148890310896, 'val_ap': 0.1654543330597195, 'val_ndcg': 0.8078767268796118, 'val_mrr': 0.13619053073216003, 'val_hits@1': 0.06666666666666667, 'val_hits@10': 0.28, 'val_hits@50': 0.5333333333333333, 'val_hits@100': 0.63, 'elapsed_sec': 112.16909601539373}
{'dataset': 'yago15k-temporal', 'method': 'ssptgfm', 'scenario': 'standard', 'ablation': 'full', 'few_shot_ratio': 1.0, 'seed': 1, 'train_edges': 3244, 'val_edges': 6738, 'test_edges': 26719, 'params_trainable': 974867, 'params_total': 974916, 'rough_forward_flops': 221349888, 'train_eval_time_sec': 1857.5747776068747, 'allocated_mb': 29.890625, 'reserved_mb': 270.0, 'max_allocated_mb': 202.76123046875, 'val_auc': 0.6123618477746704, 'val_ap': 0.16039343895432925, 'val_ndcg': 0.8075797941735657, 'val_mrr': 0.137481724357367, 'val_hits@1': 0.06666666666666667, 'val_hits@10': 0.30666666666666664, 'val_hits@50': 0.5166666666666667, 'val_hits@100': 0.66, 'train_loss': 1.2143414079535246, 'train_lp': 0.15584098149786488, 'train_align': 191.10871121085296, 'train_kl': 1004.3534166206748, 'train_ood_reg': 0.208746859582804, 'train_meta': 0.12407503708186982, 'train_struct_aux': 1.6924047900572956, 'train_weighted_align': 0.9555435380493922, 'train_weighted_kl': 0.10043533976284504, 'train_weighted_ood_reg': 0.00020874686927881912, 'train_weighted_meta': 0.0006203751758306935, 'train_weighted_struct_aux': 0.0016924048647112258, 'train_rank': 0.04824477420296677, 'train_weighted_rank': 4.8244776270493775e-05, 'test_auc': 0.6511668802508853, 'test_ap': 0.16512041283270823, 'test_ndcg': 0.8339523744219692, 'test_mrr': 0.1210194017537624, 'test_hits@1': 0.05333333333333334, 'test_hits@10': 0.25333333333333335, 'test_hits@50': 0.455, 'test_hits@100': 0.5633333333333334}
