runtime_device=cuda
cuda_device=Tesla V100-PCIE-32GB
{'event': 'seed_start', 'dataset': 'yago15k-temporal', 'ablation': 'full', 'seed': 4, 'device': 'cuda', 'node_text_device': 'cuda:0'}
{'event': 'train_seed_start', 'seed': 4, 'train_edges': 3244, 'val_edges': 6738, 'test_edges': 26719, 'num_nodes': 4197, 'num_relations': 19}
{'event': 'train_seed_tensors_ready', 'seed': 4, 'elapsed_sec': 0.010554429143667221, 'cuda_allocated_mb': 9, 'cuda_reserved_mb': 24, 'cuda_max_allocated_mb': 9}
{'event': 'train_known_facts_ready', 'seed': 4, 'scope': 'train', 'edges': 3244, 'elapsed_sec': 0.013735249638557434}
{'event': 'train_known_facts_ready', 'seed': 4, 'scope': 'train_val', 'edges': 9982, 'elapsed_sec': 0.0149870365858078}
{'event': 'train_sampler_ready', 'seed': 4, 'elapsed_sec': 0.019187290221452713}
{'event': 'val_sampler_ready', 'seed': 4, 'elapsed_sec': 0.02263982594013214}
{'event': 'epoch_start', 'epoch': 1, 'epochs': 24, 'batches': 118, 'time_groups': 118}
{'event': 'train_time_group', 'epoch': 1, 'time_group': 1, 'time_groups': 118, 'batch': 0, 'batches': 118, 'time_value': 600.0, 'group_batches': 1, 'history_edges': 0, 'elapsed_sec': 0.017612680792808533, 'cuda_allocated_mb': 10, 'cuda_reserved_mb': 24, 'cuda_max_allocated_mb': 10}
{'event': 'train_progress', 'epoch': 1, 'batch': 1, 'batches': 118, 'time_group': 1, 'time_groups': 118, 'history_edges': 0, 'pos_edges': 1, 'neg_edges': 1, 'loss_recent': 0.7180119752883911, 'elapsed_sec': 1.09541642293334, 'avg_sec_per_batch': 1.09541642293334, 'cuda_allocated_mb': 45, 'cuda_reserved_mb': 90, 'cuda_max_allocated_mb': 81}
{'event': 'train_progress', 'epoch': 1, 'batch': 100, 'batches': 118, 'time_group': 100, 'time_groups': 118, 'history_edges': 2144, 'pos_edges': 38, 'neg_edges': 38, 'loss_recent': 1.7425546836853028, 'elapsed_sec': 18.764008685946465, 'avg_sec_per_batch': 0.18764008685946465, 'cuda_allocated_mb': 47, 'cuda_reserved_mb': 202, 'cuda_max_allocated_mb': 170}
{'event': 'train_time_group', 'epoch': 1, 'time_group': 118, 'time_groups': 118, 'batch': 117, 'batches': 118, 'time_value': 1966.0, 'group_batches': 1, 'history_edges': 3153, 'elapsed_sec': 22.435314405709505, 'cuda_allocated_mb': 46, 'cuda_reserved_mb': 222, 'cuda_max_allocated_mb': 190}
{'event': 'train_progress', 'epoch': 1, 'batch': 118, 'batches': 118, 'time_group': 118, 'time_groups': 118, 'history_edges': 3153, 'pos_edges': 91, 'neg_edges': 91, 'loss_recent': 2.3172306591272354, 'elapsed_sec': 22.697394736111164, 'avg_sec_per_batch': 0.1923508028483997, 'cuda_allocated_mb': 49, 'cuda_reserved_mb': 222, 'cuda_max_allocated_mb': 193}
{'event': 'validation_start', 'epoch': 1}
{'event': 'validation_ranking_start', 'epoch': 1, 'max_edges': 150}
{'event': 'epoch_end', 'epoch': 1, 'early_stop_metric': 'val_composite', 'val_score': 0.2566537794168771, 'val_auc': 0.62513783835313, 'val_ap': 0.13863342801938408, 'val_ndcg': 0.7916999147390499, 'val_mrr': 0.13486376364481606, 'val_hits@1': 0.06666666666666667, 'val_hits@10': 0.29, 'val_hits@50': 0.5, 'val_hits@100': 0.5966666666666667, 'elapsed_sec': 113.41893355175853}
{'event': 'epoch_start', 'epoch': 2, 'epochs': 24, 'batches': 118, 'time_groups': 118}
{'event': 'train_time_group', 'epoch': 2, 'time_group': 1, 'time_groups': 118, 'batch': 0, 'batches': 118, 'time_value': 600.0, 'group_batches': 1, 'history_edges': 0, 'elapsed_sec': 0.007989749312400818, 'cuda_allocated_mb': 46, 'cuda_reserved_mb': 270, 'cuda_max_allocated_mb': 202}
{'event': 'train_progress', 'epoch': 2, 'batch': 1, 'batches': 118, 'time_group': 1, 'time_groups': 118, 'history_edges': 0, 'pos_edges': 1, 'neg_edges': 1, 'loss_recent': 0.6462196111679077, 'elapsed_sec': 0.1387733668088913, 'avg_sec_per_batch': 0.1387733668088913, 'cuda_allocated_mb': 46, 'cuda_reserved_mb': 270, 'cuda_max_allocated_mb': 202}
{'event': 'train_progress', 'epoch': 2, 'batch': 100, 'batches': 118, 'time_group': 100, 'time_groups': 118, 'history_edges': 2144, 'pos_edges': 38, 'neg_edges': 38, 'loss_recent': 1.5483115208894014, 'elapsed_sec': 17.189033072441816, 'avg_sec_per_batch': 0.17189033072441817, 'cuda_allocated_mb': 47, 'cuda_reserved_mb': 270, 'cuda_max_allocated_mb': 202}
{'event': 'train_time_group', 'epoch': 2, 'time_group': 118, 'time_groups': 118, 'batch': 117, 'batches': 118, 'time_value': 1966.0, 'group_batches': 1, 'history_edges': 3153, 'elapsed_sec': 20.755934685468674, 'cuda_allocated_mb': 46, 'cuda_reserved_mb': 270, 'cuda_max_allocated_mb': 202}
{'event': 'train_progress', 'epoch': 2, 'batch': 118, 'batches': 118, 'time_group': 118, 'time_groups': 118, 'history_edges': 3153, 'pos_edges': 91, 'neg_edges': 91, 'loss_recent': 2.0849259466677905, 'elapsed_sec': 20.940243672579527, 'avg_sec_per_batch': 0.17745969214050447, 'cuda_allocated_mb': 48, 'cuda_reserved_mb': 270, 'cuda_max_allocated_mb': 202}
{'event': 'validation_start', 'epoch': 2}
{'event': 'validation_ranking_start', 'epoch': 2, 'max_edges': 150}
{'event': 'epoch_end', 'epoch': 2, 'early_stop_metric': 'val_composite', 'val_score': 0.2838253693508991, 'val_auc': 0.574641118526865, 'val_ap': 0.13931471391657899, 'val_ndcg': 0.7944967826317958, 'val_mrr': 0.15349285614777874, 'val_hits@1': 0.07, 'val_hits@10': 0.39, 'val_hits@50': 0.52, 'val_hits@100': 0.6433333333333333, 'elapsed_sec': 112.20411901548505}
{'event': 'epoch_start', 'epoch': 3, 'epochs': 24, 'batches': 118, 'time_groups': 118}
{'event': 'train_time_group', 'epoch': 3, 'time_group': 1, 'time_groups': 118, 'batch': 0, 'batches': 118, 'time_value': 600.0, 'group_batches': 1, 'history_edges': 0, 'elapsed_sec': 0.007886476814746857, 'cuda_allocated_mb': 46, 'cuda_reserved_mb': 270, 'cuda_max_allocated_mb': 202}
{'event': 'train_progress', 'epoch': 3, 'batch': 1, 'batches': 118, 'time_group': 1, 'time_groups': 118, 'history_edges': 0, 'pos_edges': 1, 'neg_edges': 1, 'loss_recent': 0.8015096187591553, 'elapsed_sec': 0.14181790500879288, 'avg_sec_per_batch': 0.14181790500879288, 'cuda_allocated_mb': 46, 'cuda_reserved_mb': 270, 'cuda_max_allocated_mb': 202}
{'event': 'train_progress', 'epoch': 3, 'batch': 100, 'batches': 118, 'time_group': 100, 'time_groups': 118, 'history_edges': 2144, 'pos_edges': 38, 'neg_edges': 38, 'loss_recent': 1.405442629698664, 'elapsed_sec': 17.461080111563206, 'avg_sec_per_batch': 0.17461080111563207, 'cuda_allocated_mb': 47, 'cuda_reserved_mb': 270, 'cuda_max_allocated_mb': 202}
{'event': 'train_time_group', 'epoch': 3, 'time_group': 118, 'time_groups': 118, 'batch': 117, 'batches': 118, 'time_value': 1966.0, 'group_batches': 1, 'history_edges': 3153, 'elapsed_sec': 21.03009831905365, 'cuda_allocated_mb': 46, 'cuda_reserved_mb': 270, 'cuda_max_allocated_mb': 202}
{'event': 'train_progress', 'epoch': 3, 'batch': 118, 'batches': 118, 'time_group': 118, 'time_groups': 118, 'history_edges': 3153, 'pos_edges': 91, 'neg_edges': 91, 'loss_recent': 1.9352317530848087, 'elapsed_sec': 21.29232394695282, 'avg_sec_per_batch': 0.1804434232792612, 'cuda_allocated_mb': 48, 'cuda_reserved_mb': 270, 'cuda_max_allocated_mb': 202}
{'event': 'validation_start', 'epoch': 3}
{'event': 'validation_ranking_start', 'epoch': 3, 'max_edges': 150}
{'event': 'epoch_end', 'epoch': 3, 'early_stop_metric': 'val_composite', 'val_score': 0.2728629722625059, 'val_auc': 0.5937796598215656, 'val_ap': 0.14247515788240356, 'val_ndcg': 0.7967942715457478, 'val_mrr': 0.14291324353565127, 'val_hits@1': 0.06666666666666667, 'val_hits@10': 0.35333333333333333, 'val_hits@50': 0.48333333333333334, 'val_hits@100': 0.6366666666666667, 'elapsed_sec': 111.83665125072002}
{'event': 'epoch_start', 'epoch': 4, 'epochs': 24, 'batches': 118, 'time_groups': 118}
{'event': 'train_time_group', 'epoch': 4, 'time_group': 1, 'time_groups': 118, 'batch': 0, 'batches': 118, 'time_value': 600.0, 'group_batches': 1, 'history_edges': 0, 'elapsed_sec': 0.008260544389486313, 'cuda_allocated_mb': 46, 'cuda_reserved_mb': 270, 'cuda_max_allocated_mb': 202}
{'event': 'train_progress', 'epoch': 4, 'batch': 1, 'batches': 118, 'time_group': 1, 'time_groups': 118, 'history_edges': 0, 'pos_edges': 1, 'neg_edges': 1, 'loss_recent': 0.6858985424041748, 'elapsed_sec': 0.1365763023495674, 'avg_sec_per_batch': 0.1365763023495674, 'cuda_allocated_mb': 46, 'cuda_reserved_mb': 270, 'cuda_max_allocated_mb': 202}
{'event': 'train_progress', 'epoch': 4, 'batch': 100, 'batches': 118, 'time_group': 100, 'time_groups': 118, 'history_edges': 2144, 'pos_edges': 38, 'neg_edges': 38, 'loss_recent': 1.353028657063842, 'elapsed_sec': 17.522678554058075, 'avg_sec_per_batch': 0.17522678554058074, 'cuda_allocated_mb': 47, 'cuda_reserved_mb': 270, 'cuda_max_allocated_mb': 202}
{'event': 'train_time_group', 'epoch': 4, 'time_group': 118, 'time_groups': 118, 'batch': 117, 'batches': 118, 'time_value': 1966.0, 'group_batches': 1, 'history_edges': 3153, 'elapsed_sec': 21.338689353317022, 'cuda_allocated_mb': 46, 'cuda_reserved_mb': 270, 'cuda_max_allocated_mb': 202}
{'event': 'train_progress', 'epoch': 4, 'batch': 118, 'batches': 118, 'time_group': 118, 'time_groups': 118, 'history_edges': 3153, 'pos_edges': 91, 'neg_edges': 91, 'loss_recent': 1.823705472201109, 'elapsed_sec': 21.541758481413126, 'avg_sec_per_batch': 0.18255727526621293, 'cuda_allocated_mb': 48, 'cuda_reserved_mb': 270, 'cuda_max_allocated_mb': 202}
{'event': 'validation_start', 'epoch': 4}
{'event': 'validation_ranking_start', 'epoch': 4, 'max_edges': 150}
{'event': 'epoch_end', 'epoch': 4, 'early_stop_metric': 'val_composite', 'val_score': 0.2705143645250188, 'val_auc': 0.627677137134883, 'val_ap': 0.16603830649518636, 'val_ndcg': 0.8115868754711815, 'val_mrr': 0.1407988149604238, 'val_hits@1': 0.07, 'val_hits@10': 0.31333333333333335, 'val_hits@50': 0.5333333333333333, 'val_hits@100': 0.6966666666666667, 'elapsed_sec': 111.81613835319877}
{'event': 'epoch_start', 'epoch': 5, 'epochs': 24, 'batches': 118, 'time_groups': 118}
{'event': 'train_time_group', 'epoch': 5, 'time_group': 1, 'time_groups': 118, 'batch': 0, 'batches': 118, 'time_value': 600.0, 'group_batches': 1, 'history_edges': 0, 'elapsed_sec': 0.007456913590431213, 'cuda_allocated_mb': 46, 'cuda_reserved_mb': 270, 'cuda_max_allocated_mb': 202}
{'event': 'train_progress', 'epoch': 5, 'batch': 1, 'batches': 118, 'time_group': 1, 'time_groups': 118, 'history_edges': 0, 'pos_edges': 1, 'neg_edges': 1, 'loss_recent': 0.4730747938156128, 'elapsed_sec': 0.13158977404236794, 'avg_sec_per_batch': 0.13158977404236794, 'cuda_allocated_mb': 46, 'cuda_reserved_mb': 270, 'cuda_max_allocated_mb': 202}
{'event': 'train_progress', 'epoch': 5, 'batch': 100, 'batches': 118, 'time_group': 100, 'time_groups': 118, 'history_edges': 2144, 'pos_edges': 38, 'neg_edges': 38, 'loss_recent': 1.23137527378276, 'elapsed_sec': 16.98451616615057, 'avg_sec_per_batch': 0.1698451616615057, 'cuda_allocated_mb': 47, 'cuda_reserved_mb': 270, 'cuda_max_allocated_mb': 202}
{'event': 'train_time_group', 'epoch': 5, 'time_group': 118, 'time_groups': 118, 'batch': 117, 'batches': 118, 'time_value': 1966.0, 'group_batches': 1, 'history_edges': 3153, 'elapsed_sec': 20.578350365161896, 'cuda_allocated_mb': 46, 'cuda_reserved_mb': 270, 'cuda_max_allocated_mb': 202}
{'event': 'train_progress', 'epoch': 5, 'batch': 118, 'batches': 118, 'time_group': 118, 'time_groups': 118, 'history_edges': 3153, 'pos_edges': 91, 'neg_edges': 91, 'loss_recent': 1.6894201571308076, 'elapsed_sec': 20.795199997723103, 'avg_sec_per_batch': 0.17623050845528054, 'cuda_allocated_mb': 48, 'cuda_reserved_mb': 270, 'cuda_max_allocated_mb': 202}
{'event': 'validation_start', 'epoch': 5}
{'event': 'validation_ranking_start', 'epoch': 5, 'max_edges': 150}
{'event': 'epoch_end', 'epoch': 5, 'early_stop_metric': 'val_composite', 'val_score': 0.259484324230571, 'val_auc': 0.6304352356763926, 'val_ap': 0.1512323564248393, 'val_ndcg': 0.8036570659514808, 'val_mrr': 0.13515733810908803, 'val_hits@1': 0.06666666666666667, 'val_hits@10': 0.2866666666666667, 'val_hits@50': 0.5033333333333333, 'val_hits@100': 0.6533333333333333, 'elapsed_sec': 110.91274581104517}
{'event': 'epoch_start', 'epoch': 6, 'epochs': 24, 'batches': 118, 'time_groups': 118}
{'event': 'train_time_group', 'epoch': 6, 'time_group': 1, 'time_groups': 118, 'batch': 0, 'batches': 118, 'time_value': 600.0, 'group_batches': 1, 'history_edges': 0, 'elapsed_sec': 0.00821281224489212, 'cuda_allocated_mb': 46, 'cuda_reserved_mb': 270, 'cuda_max_allocated_mb': 202}
{'event': 'train_progress', 'epoch': 6, 'batch': 1, 'batches': 118, 'time_group': 1, 'time_groups': 118, 'history_edges': 0, 'pos_edges': 1, 'neg_edges': 1, 'loss_recent': 0.32825782895088196, 'elapsed_sec': 0.1378721408545971, 'avg_sec_per_batch': 0.1378721408545971, 'cuda_allocated_mb': 46, 'cuda_reserved_mb': 270, 'cuda_max_allocated_mb': 202}
{'event': 'train_progress', 'epoch': 6, 'batch': 100, 'batches': 118, 'time_group': 100, 'time_groups': 118, 'history_edges': 2144, 'pos_edges': 38, 'neg_edges': 38, 'loss_recent': 1.242283953940496, 'elapsed_sec': 17.551605004817247, 'avg_sec_per_batch': 0.17551605004817247, 'cuda_allocated_mb': 47, 'cuda_reserved_mb': 270, 'cuda_max_allocated_mb': 202}
{'event': 'train_time_group', 'epoch': 6, 'time_group': 118, 'time_groups': 118, 'batch': 117, 'batches': 118, 'time_value': 1966.0, 'group_batches': 1, 'history_edges': 3153, 'elapsed_sec': 21.162674598395824, 'cuda_allocated_mb': 46, 'cuda_reserved_mb': 270, 'cuda_max_allocated_mb': 202}
{'event': 'train_progress', 'epoch': 6, 'batch': 118, 'batches': 118, 'time_group': 118, 'time_groups': 118, 'history_edges': 3153, 'pos_edges': 91, 'neg_edges': 91, 'loss_recent': 1.7016652124468237, 'elapsed_sec': 21.408265106379986, 'avg_sec_per_batch': 0.1814259754777965, 'cuda_allocated_mb': 48, 'cuda_reserved_mb': 270, 'cuda_max_allocated_mb': 202}
{'event': 'validation_start', 'epoch': 6}
{'event': 'validation_ranking_start', 'epoch': 6, 'max_edges': 150}
{'event': 'epoch_end', 'epoch': 6, 'early_stop_metric': 'val_composite', 'val_score': 0.26228608313351964, 'val_auc': 0.6372581510077258, 'val_ap': 0.16024250102560664, 'val_ndcg': 0.808182786031534, 'val_mrr': 0.13380371031894456, 'val_hits@1': 0.06333333333333334, 'val_hits@10': 0.29333333333333333, 'val_hits@50': 0.51, 'val_hits@100': 0.6866666666666666, 'elapsed_sec': 109.73227843642235}
{'event': 'epoch_start', 'epoch': 7, 'epochs': 24, 'batches': 118, 'time_groups': 118}
{'event': 'train_time_group', 'epoch': 7, 'time_group': 1, 'time_groups': 118, 'batch': 0, 'batches': 118, 'time_value': 600.0, 'group_batches': 1, 'history_edges': 0, 'elapsed_sec': 0.008321918547153473, 'cuda_allocated_mb': 46, 'cuda_reserved_mb': 270, 'cuda_max_allocated_mb': 202}
{'event': 'train_progress', 'epoch': 7, 'batch': 1, 'batches': 118, 'time_group': 1, 'time_groups': 118, 'history_edges': 0, 'pos_edges': 1, 'neg_edges': 1, 'loss_recent': 0.049165185540914536, 'elapsed_sec': 0.13687923550605774, 'avg_sec_per_batch': 0.13687923550605774, 'cuda_allocated_mb': 46, 'cuda_reserved_mb': 270, 'cuda_max_allocated_mb': 202}
{'event': 'train_progress', 'epoch': 7, 'batch': 100, 'batches': 118, 'time_group': 100, 'time_groups': 118, 'history_edges': 2144, 'pos_edges': 38, 'neg_edges': 38, 'loss_recent': 1.1252890175394714, 'elapsed_sec': 17.490155175328255, 'avg_sec_per_batch': 0.17490155175328254, 'cuda_allocated_mb': 47, 'cuda_reserved_mb': 270, 'cuda_max_allocated_mb': 202}
{'event': 'train_time_group', 'epoch': 7, 'time_group': 118, 'time_groups': 118, 'batch': 117, 'batches': 118, 'time_value': 1966.0, 'group_batches': 1, 'history_edges': 3153, 'elapsed_sec': 21.060139697045088, 'cuda_allocated_mb': 46, 'cuda_reserved_mb': 270, 'cuda_max_allocated_mb': 202}
{'event': 'train_progress', 'epoch': 7, 'batch': 118, 'batches': 118, 'time_group': 118, 'time_groups': 118, 'history_edges': 3153, 'pos_edges': 91, 'neg_edges': 91, 'loss_recent': 1.5274378109350801, 'elapsed_sec': 21.26648848876357, 'avg_sec_per_batch': 0.18022447871833536, 'cuda_allocated_mb': 48, 'cuda_reserved_mb': 270, 'cuda_max_allocated_mb': 202}
{'event': 'validation_start', 'epoch': 7}
{'event': 'validation_ranking_start', 'epoch': 7, 'max_edges': 150}
{'event': 'epoch_end', 'epoch': 7, 'early_stop_metric': 'val_composite', 'val_score': 0.26532795682973054, 'val_auc': 0.6393968266177017, 'val_ap': 0.15490799871846636, 'val_ndcg': 0.8048271799479726, 'val_mrr': 0.13794506205922316, 'val_hits@1': 0.06333333333333334, 'val_hits@10': 0.30333333333333334, 'val_hits@50': 0.49666666666666665, 'val_hits@100': 0.6566666666666666, 'elapsed_sec': 111.66745914518833}
{'dataset': 'yago15k-temporal', 'method': 'ssptgfm', 'scenario': 'standard', 'ablation': 'full', 'few_shot_ratio': 1.0, 'seed': 4, 'train_edges': 3244, 'val_edges': 6738, 'test_edges': 26719, 'params_trainable': 974867, 'params_total': 974916, 'rough_forward_flops': 221349888, 'train_eval_time_sec': 1091.639264009893, 'allocated_mb': 29.890625, 'reserved_mb': 270.0, 'max_allocated_mb': 202.60009765625, 'val_auc': 0.5746411196281709, 'val_ap': 0.13931470489546896, 'val_ndcg': 0.7944967823837995, 'val_mrr': 0.15349285614777874, 'val_hits@1': 0.07, 'val_hits@10': 0.39, 'val_hits@50': 0.52, 'val_hits@100': 0.6433333333333333, 'train_loss': 1.8701547273766186, 'train_lp': 0.37322394777152496, 'train_align': 286.1351586802531, 'train_kl': 630.7158999685514, 'train_ood_reg': 0.2236928665789507, 'train_meta': 0.3673188024816119, 'train_struct_aux': 1.1231356366711147, 'train_weighted_align': 1.430675760913893, 'train_weighted_kl': 0.06307158850812179, 'train_weighted_ood_reg': 0.00022369287676233168, 'train_weighted_meta': 0.0018365939775599222, 'train_weighted_struct_aux': 0.0011231356926392605, 'train_rank': 0.21464565128948287, 'train_weighted_rank': 0.0002146456619977656, 'test_auc': 0.5736408180668182, 'test_ap': 0.13268953592148783, 'test_ndcg': 0.814986549925694, 'test_mrr': 0.12460327665755831, 'test_hits@1': 0.051666666666666666, 'test_hits@10': 0.26666666666666666, 'test_hits@50': 0.48833333333333334, 'test_hits@100': 0.5933333333333334}
