
$ /root/miniconda3/bin/python -u scripts/search_hparams.py --config configs/auto_target/ssptgfm_search_icews14_history_prior_v1.yaml --output results/auto_target_history_prior/search_icews14_history_prior_v1 --resume
runtime_device=cuda
cuda_device=Tesla V100-PCIE-32GB
{'event': 'candidate_seed_start', 'candidate': 'history_prior_v1_h128_r16_a16_p4x4_l1_neg5_lr0p0007_hp0p1', 'seed': 1, 'device': 'cuda', 'node_text_device': 'cuda:0'}
{'event': 'train_seed_start', 'seed': 1, 'train_edges': 61760, 'val_edges': 14592, 'test_edges': 14378, 'num_nodes': 7128, 'num_relations': 230}
{'event': 'train_seed_tensors_ready', 'seed': 1, 'elapsed_sec': 0.011628422886133194, 'cuda_allocated_mb': 28, 'cuda_reserved_mb': 44, 'cuda_max_allocated_mb': 28}
{'event': 'train_known_facts_ready', 'seed': 1, 'scope': 'train', 'edges': 61760, 'elapsed_sec': 0.01853686198592186}
{'event': 'train_known_facts_ready', 'seed': 1, 'scope': 'train_val', 'edges': 76352, 'elapsed_sec': 0.025231320410966873}
{'event': 'train_sampler_ready', 'seed': 1, 'elapsed_sec': 0.03173091635107994}
{'event': 'val_sampler_ready', 'seed': 1, 'elapsed_sec': 0.0383615642786026}
{'event': 'epoch_start', 'epoch': 1, 'epochs': 14, 'batches': 255, 'time_groups': 255}
{'event': 'train_time_group', 'epoch': 1, 'time_group': 1, 'time_groups': 255, 'batch': 0, 'batches': 255, 'time_value': 1388534400.0, 'group_batches': 1, 'history_edges': 0, 'elapsed_sec': 0.02469143271446228, 'cuda_allocated_mb': 30, 'cuda_reserved_mb': 46, 'cuda_max_allocated_mb': 30}
{'event': 'train_progress', 'epoch': 1, 'batch': 1, 'batches': 255, 'time_group': 1, 'time_groups': 255, 'history_edges': 0, 'pos_edges': 113, 'neg_edges': 565, 'loss_recent': 24.87322425842285, 'elapsed_sec': 1.5706458687782288, 'avg_sec_per_batch': 1.5706458687782288, 'cuda_allocated_mb': 128, 'cuda_reserved_mb': 292, 'cuda_max_allocated_mb': 262}
{'event': 'train_progress', 'epoch': 1, 'batch': 100, 'batches': 255, 'time_group': 100, 'time_groups': 255, 'history_edges': 23816, 'pos_edges': 259, 'neg_edges': 1295, 'loss_recent': 47.997191200256346, 'elapsed_sec': 118.83168667927384, 'avg_sec_per_batch': 1.1883168667927384, 'cuda_allocated_mb': 142, 'cuda_reserved_mb': 1108, 'cuda_max_allocated_mb': 1036}
{'event': 'train_progress', 'epoch': 1, 'batch': 197, 'batches': 255, 'time_group': 197, 'time_groups': 255, 'history_edges': 47905, 'pos_edges': 283, 'neg_edges': 1415, 'loss_recent': 46.27364965438843, 'elapsed_sec': 238.87812892720103, 'avg_sec_per_batch': 1.2125793346558429, 'cuda_allocated_mb': 144, 'cuda_reserved_mb': 1708, 'cuda_max_allocated_mb': 1568}
{'event': 'train_progress', 'epoch': 1, 'batch': 200, 'batches': 255, 'time_group': 200, 'time_groups': 255, 'history_edges': 48751, 'pos_edges': 162, 'neg_edges': 810, 'loss_recent': 45.78056184768677, 'elapsed_sec': 242.7427694797516, 'avg_sec_per_batch': 1.2137138473987579, 'cuda_allocated_mb': 135, 'cuda_reserved_mb': 1708, 'cuda_max_allocated_mb': 1568}
{'event': 'train_time_group', 'epoch': 1, 'time_group': 255, 'time_groups': 255, 'batch': 254, 'batches': 255, 'time_value': 1410480000.0, 'group_batches': 1, 'history_edges': 61439, 'elapsed_sec': 307.02689189091325, 'cuda_allocated_mb': 120, 'cuda_reserved_mb': 2068, 'cuda_max_allocated_mb': 1916}
{'event': 'train_progress', 'epoch': 1, 'batch': 255, 'batches': 255, 'time_group': 255, 'time_groups': 255, 'history_edges': 61439, 'pos_edges': 321, 'neg_edges': 1605, 'loss_recent': 42.06540313720703, 'elapsed_sec': 307.7633033283055, 'avg_sec_per_batch': 1.2069149150129628, 'cuda_allocated_mb': 148, 'cuda_reserved_mb': 2068, 'cuda_max_allocated_mb': 1916}
{'event': 'validation_start', 'epoch': 1}
{'event': 'validation_ranking_start', 'epoch': 1, 'max_edges': 100}
