
$ /root/miniconda3/bin/python -u scripts/search_hparams.py --config configs/auto_target/ssptgfm_search_tgb_smallpedia_struct_history_fastscan.yaml --output results/auto_target_struct_micro_v3/search_tgb_smallpedia_struct_history_fastscan --resume
runtime_device=cuda
cuda_device=Tesla V100-PCIE-32GB
{'event': 'candidate_seed_start', 'candidate': 'struct_history_fastscan_h96_r12_a12_p4x4_l1_neg1_lr0p001_hp0p35_freq40_sr0p25_sa0p1_rl0p05_m0_bpr', 'seed': 1, 'device': 'cuda', 'node_text_device': 'cuda:0'}
{'event': 'train_seed_start', 'seed': 1, 'train_edges': 12000, 'val_edges': 162066, 'test_edges': 163172, 'num_nodes': 47433, 'num_relations': 566}
{'event': 'train_seed_tensors_ready', 'seed': 1, 'elapsed_sec': 0.01580743119120598, 'cuda_allocated_mb': 105, 'cuda_reserved_mb': 126, 'cuda_max_allocated_mb': 105}
{'event': 'train_known_facts_ready', 'seed': 1, 'scope': 'train', 'edges': 12000, 'elapsed_sec': 0.01782030239701271}
{'event': 'train_known_facts_ready', 'seed': 1, 'scope': 'train_val', 'edges': 174066, 'elapsed_sec': 0.031614236533641815}
{'event': 'train_sampler_ready', 'seed': 1, 'elapsed_sec': 0.039859261363744736}
{'event': 'val_sampler_ready', 'seed': 1, 'elapsed_sec': 0.0475950688123703}
{'event': 'epoch_start', 'epoch': 1, 'epochs': 1, 'batches': 24, 'time_groups': 3}
{'event': 'train_time_group', 'epoch': 1, 'time_group': 1, 'time_groups': 3, 'batch': 0, 'batches': 24, 'time_value': 1900.0, 'group_batches': 8, 'history_edges': 0, 'elapsed_sec': 0.02189745008945465, 'cuda_allocated_mb': 106, 'cuda_reserved_mb': 126, 'cuda_max_allocated_mb': 106}
{'event': 'train_progress', 'epoch': 1, 'batch': 1, 'batches': 24, 'time_group': 1, 'time_groups': 3, 'history_edges': 0, 'pos_edges': 512, 'neg_edges': 512, 'loss_recent': 45.77890396118164, 'elapsed_sec': 1.3226862773299217, 'avg_sec_per_batch': 1.3226862773299217, 'cuda_allocated_mb': 449, 'cuda_reserved_mb': 956, 'cuda_max_allocated_mb': 926}
{'event': 'train_time_group', 'epoch': 1, 'time_group': 3, 'time_groups': 3, 'batch': 16, 'batches': 24, 'time_value': 1902.0, 'group_batches': 8, 'history_edges': 7918, 'elapsed_sec': 12.319414101541042, 'cuda_allocated_mb': 333, 'cuda_reserved_mb': 1594, 'cuda_max_allocated_mb': 1503}
{'event': 'train_progress', 'epoch': 1, 'batch': 24, 'batches': 24, 'time_group': 3, 'time_groups': 3, 'history_edges': 7918, 'pos_edges': 498, 'neg_edges': 498, 'loss_recent': 43.23079148928324, 'elapsed_sec': 19.123242266476154, 'avg_sec_per_batch': 0.7968017611031731, 'cuda_allocated_mb': 476, 'cuda_reserved_mb': 1636, 'cuda_max_allocated_mb': 1570}
{'event': 'validation_start', 'epoch': 1}
{'event': 'validation_ranking_start', 'epoch': 1, 'max_edges': 3}
{'event': 'epoch_end', 'epoch': 1, 'early_stop_metric': 'val_composite', 'val_score': 0.13863654433925354, 'val_auc': 0.5066121419270833, 'val_ap': 0.2661104894159889, 'val_ndcg': 0.7335834383877702, 'val_mrr': 5.639998495278401e-05, 'val_hits@1': 0.0, 'val_hits@10': 0.0, 'val_hits@50': 0.0, 'val_hits@100': 0.0, 'elapsed_sec': 168.94357135519385}
{'candidate': 'struct_history_fastscan_h96_r12_a12_p4x4_l1_neg1_lr0p001_hp0p35_freq40_sr0p25_sa0p1_rl0p05_m0_bpr', 'seed': 1, 'composite': nan, 'val_auc': 0.5066121419270833, 'val_ap': 0.2661104894159889, 'val_ndcg': 0.7335834383877702, 'val_mrr': 5.639998495278401e-05, 'val_hits@1': 0.0, 'val_hits@10': 0.0, 'val_hits@50': 0.0, 'val_hits@100': 0.0, 'train_loss': 43.23079148928324, 'train_lp': 0.45610028443237144, 'train_align': 8156.813700358073, 'train_kl': 19226.678344726562, 'train_ood_reg': 0.18559682990113893, 'train_meta': 0.45619060037036735, 'train_struct_aux': 0.6548778861761093, 'train_weighted_align': 40.7840678691864, 'train_weighted_kl': 1.9226677964131038, 'train_weighted_ood_reg': 0.00018559683788528977, 'train_weighted_meta': 0.0022809529643078954, 'train_weighted_struct_aux': 0.06548778883491953, 'train_rank': 0.3454601451133688, 'train_weighted_rank': 0.017273007688345388}
{'event': 'candidate_summary', 'candidate': 'struct_history_fastscan_h96_r12_a12_p4x4_l1_neg1_lr0p001_hp0p35_freq40_sr0p25_sa0p1_rl0p05_m0_bpr', 'score': 0.13863654433925354, 'passes_metric_minima': True, 'means': {'val_auc': 0.5066121419270833, 'val_ap': 0.2661104894159889, 'val_mrr': 5.639998495278401e-05, 'val_hits@10': 0.0, 'val_ndcg': 0.7335834383877702}, 'seeds_completed': 1}
{'event': 'candidate_seed_start', 'candidate': 'struct_history_fastscan_h96_r12_a12_p4x4_l1_neg1_lr0p001_hp0p35_freq40_sr0p5_sa0p1_rl0p05_m0_bpr', 'seed': 1, 'device': 'cuda', 'node_text_device': 'cuda:0'}
{'event': 'train_seed_start', 'seed': 1, 'train_edges': 12000, 'val_edges': 162066, 'test_edges': 163172, 'num_nodes': 47433, 'num_relations': 566}
{'event': 'train_seed_tensors_ready', 'seed': 1, 'elapsed_sec': 0.015679288655519485, 'cuda_allocated_mb': 122, 'cuda_reserved_mb': 146, 'cuda_max_allocated_mb': 1570}
{'event': 'train_known_facts_ready', 'seed': 1, 'scope': 'train', 'edges': 12000, 'elapsed_sec': 0.017759930342435837}
{'event': 'train_known_facts_ready', 'seed': 1, 'scope': 'train_val', 'edges': 174066, 'elapsed_sec': 0.03196486085653305}
{'event': 'train_sampler_ready', 'seed': 1, 'elapsed_sec': 0.04124285653233528}
{'event': 'val_sampler_ready', 'seed': 1, 'elapsed_sec': 0.04949715733528137}
{'event': 'epoch_start', 'epoch': 1, 'epochs': 1, 'batches': 24, 'time_groups': 3}
{'event': 'train_time_group', 'epoch': 1, 'time_group': 1, 'time_groups': 3, 'batch': 0, 'batches': 24, 'time_value': 1900.0, 'group_batches': 8, 'history_edges': 0, 'elapsed_sec': 0.013370770961046219, 'cuda_allocated_mb': 122, 'cuda_reserved_mb': 146, 'cuda_max_allocated_mb': 1570}
{'event': 'train_progress', 'epoch': 1, 'batch': 1, 'batches': 24, 'time_group': 1, 'time_groups': 3, 'history_edges': 0, 'pos_edges': 512, 'neg_edges': 512, 'loss_recent': 45.77934265136719, 'elapsed_sec': 0.4541972577571869, 'avg_sec_per_batch': 0.4541972577571869, 'cuda_allocated_mb': 449, 'cuda_reserved_mb': 956, 'cuda_max_allocated_mb': 1570}
{'event': 'train_time_group', 'epoch': 1, 'time_group': 3, 'time_groups': 3, 'batch': 16, 'batches': 24, 'time_value': 1902.0, 'group_batches': 8, 'history_edges': 7918, 'elapsed_sec': 10.530649371445179, 'cuda_allocated_mb': 333, 'cuda_reserved_mb': 1574, 'cuda_max_allocated_mb': 1570}
{'event': 'train_progress', 'epoch': 1, 'batch': 24, 'batches': 24, 'time_group': 3, 'time_groups': 3, 'history_edges': 7918, 'pos_edges': 498, 'neg_edges': 498, 'loss_recent': 43.228519916534424, 'elapsed_sec': 17.676678489893675, 'avg_sec_per_batch': 0.7365282704122365, 'cuda_allocated_mb': 476, 'cuda_reserved_mb': 1656, 'cuda_max_allocated_mb': 1570}
{'event': 'validation_start', 'epoch': 1}
{'event': 'validation_ranking_start', 'epoch': 1, 'max_edges': 3}
{'event': 'epoch_end', 'epoch': 1, 'early_stop_metric': 'val_composite', 'val_score': 0.14020827853485462, 'val_auc': 0.4956461588541667, 'val_ap': 0.2713843359822681, 'val_ndcg': 0.7468695528231774, 'val_mrr': 5.702711361516009e-05, 'val_hits@1': 0.0, 'val_hits@10': 0.0, 'val_hits@50': 0.0, 'val_hits@100': 0.0, 'elapsed_sec': 169.68379323929548}
{'candidate': 'struct_history_fastscan_h96_r12_a12_p4x4_l1_neg1_lr0p001_hp0p35_freq40_sr0p5_sa0p1_rl0p05_m0_bpr', 'seed': 1, 'composite': nan, 'val_auc': 0.4956461588541667, 'val_ap': 0.2713843359822681, 'val_ndcg': 0.7468695528231774, 'val_mrr': 5.702711361516009e-05, 'val_hits@1': 0.0, 'val_hits@10': 0.0, 'val_hits@50': 0.0, 'val_hits@100': 0.0, 'train_loss': 43.228519916534424, 'train_lp': 0.4534329976886511, 'train_align': 8156.8190511067705, 'train_kl': 19228.74540201823, 'train_ood_reg': 0.18560493427018324, 'train_meta': 0.45351370175679523, 'train_struct_aux': 0.6566467160979906, 'train_weighted_align': 40.7840944925944, 'train_weighted_kl': 1.9228744780023892, 'train_weighted_ood_reg': 0.00018560494330207197, 'train_weighted_meta': 0.0022675684546508514, 'train_weighted_struct_aux': 0.06566467275843024, 'train_rank': 0.3448943695984781, 'train_weighted_rank': 0.017244718726336334}
{'event': 'candidate_summary', 'candidate': 'struct_history_fastscan_h96_r12_a12_p4x4_l1_neg1_lr0p001_hp0p35_freq40_sr0p5_sa0p1_rl0p05_m0_bpr', 'score': 0.14020827853485462, 'passes_metric_minima': True, 'means': {'val_auc': 0.4956461588541667, 'val_ap': 0.2713843359822681, 'val_mrr': 5.702711361516009e-05, 'val_hits@10': 0.0, 'val_ndcg': 0.7468695528231774}, 'seeds_completed': 1}
