runtime_device=cuda
cuda_device=Tesla V100-PCIE-32GB
{'event': 'candidate_seed_start', 'candidate': 'global_relpop_frozen_epsilon_probe_h96_r12_a12_p4x4_l1_neg1_lr0p001_hp1_relpopfix48_sr0p001_sa0p001_rl0p001_m0_bpr', 'seed': 1, 'device': 'cuda', 'node_text_device': 'cuda:0'}
{'event': 'train_seed_start', 'seed': 1, 'train_edges': 20000, 'val_edges': 162066, 'test_edges': 163172, 'num_nodes': 47433, 'num_relations': 566}
{'event': 'train_seed_tensors_ready', 'seed': 1, 'elapsed_sec': 0.0542118065059185, 'cuda_allocated_mb': 105, 'cuda_reserved_mb': 126, 'cuda_max_allocated_mb': 105}
{'event': 'train_known_facts_ready', 'seed': 1, 'scope': 'train', 'edges': 20000, 'elapsed_sec': 0.05874120816588402}
{'event': 'train_known_facts_ready', 'seed': 1, 'scope': 'train_val', 'edges': 182066, 'elapsed_sec': 0.07461689040064812}
{'event': 'train_sampler_ready', 'seed': 1, 'elapsed_sec': 0.16693871468305588}
{'event': 'val_sampler_ready', 'seed': 1, 'elapsed_sec': 0.2507021650671959}
{'event': 'epoch_start', 'epoch': 1, 'epochs': 1, 'batches': 98, 'time_groups': 98}
{'event': 'train_time_group', 'epoch': 1, 'time_group': 1, 'time_groups': 98, 'batch': 0, 'batches': 98, 'time_value': 1900.0, 'group_batches': 1, 'history_edges': 0, 'elapsed_sec': 0.029453329741954803, 'cuda_allocated_mb': 106, 'cuda_reserved_mb': 126, 'cuda_max_allocated_mb': 106}
{'event': 'train_progress', 'epoch': 1, 'batch': 1, 'batches': 98, 'time_group': 1, 'time_groups': 98, 'history_edges': 0, 'pos_edges': 101, 'neg_edges': 101, 'loss_recent': 8.780582427978516, 'elapsed_sec': 1.8448660969734192, 'avg_sec_per_batch': 1.8448660969734192, 'cuda_allocated_mb': 357, 'cuda_reserved_mb': 796, 'cuda_max_allocated_mb': 780}
{'event': 'train_time_group', 'epoch': 1, 'time_group': 98, 'time_groups': 98, 'batch': 97, 'batches': 98, 'time_value': 1997.0, 'group_batches': 1, 'history_edges': 19682, 'elapsed_sec': 104.95160511136055, 'cuda_allocated_mb': 333, 'cuda_reserved_mb': 1754, 'cuda_max_allocated_mb': 1669}
{'event': 'train_progress', 'epoch': 1, 'batch': 98, 'batches': 98, 'time_group': 98, 'time_groups': 98, 'history_edges': 19682, 'pos_edges': 318, 'neg_edges': 318, 'loss_recent': 17.876450125052003, 'elapsed_sec': 106.42097322642803, 'avg_sec_per_batch': 1.0859282982288574, 'cuda_allocated_mb': 420, 'cuda_reserved_mb': 1780, 'cuda_max_allocated_mb': 1680}
{'event': 'validation_start', 'epoch': 1}
{'event': 'validation_ranking_start', 'epoch': 1, 'max_edges': 10}
{'event': 'epoch_end', 'epoch': 1, 'early_stop_metric': 'val_composite', 'val_score': 0.17518545279259293, 'val_auc': 0.6634521484375001, 'val_ap': 0.3743324784469366, 'val_ndcg': 0.8416502726491162, 'val_mrr': 0.003395892677531611, 'val_hits@1': 0.0, 'val_hits@10': 0.0, 'val_hits@50': 0.05, 'val_hits@100': 0.1, 'elapsed_sec': 198.77147082984447}
{'candidate': 'global_relpop_frozen_epsilon_probe_h96_r12_a12_p4x4_l1_neg1_lr0p001_hp1_relpopfix48_sr0p001_sa0p001_rl0p001_m0_bpr', 'seed': 1, 'composite': nan, 'val_auc': 0.6634521484375001, 'val_ap': 0.3743324784469366, 'val_ndcg': 0.8416502726491162, 'val_mrr': 0.003395892677531611, 'val_hits@1': 0.0, 'val_hits@10': 0.0, 'val_hits@50': 0.05, 'val_hits@100': 0.1, 'train_loss': 17.876450125052003, 'train_lp': 0.5476588652450212, 'train_align': 3415.060878208705, 'train_kl': 2499.1766756018815, 'train_ood_reg': 0.22348168203417135, 'train_meta': 0.5335073194333485, 'train_struct_aux': 0.6785936173127622, 'train_weighted_align': 17.0753040216407, 'train_weighted_kl': 0.2499176627215074, 'train_weighted_ood_reg': 0.00022348169265885135, 'train_weighted_meta': 0.0026675365337797876, 'train_weighted_struct_aux': 0.0006785936474239416, 'train_rank': 0.4032863837723829, 'train_weighted_rank': 0.00040328640126081525}
{'event': 'candidate_summary', 'candidate': 'global_relpop_frozen_epsilon_probe_h96_r12_a12_p4x4_l1_neg1_lr0p001_hp1_relpopfix48_sr0p001_sa0p001_rl0p001_m0_bpr', 'score': 0.17518545279259293, 'passes_metric_minima': True, 'means': {'val_auc': 0.6634521484375001, 'val_ap': 0.3743324784469366, 'val_mrr': 0.003395892677531611, 'val_hits@10': 0.0, 'val_ndcg': 0.8416502726491162}, 'seeds_completed': 1}
{'event': 'candidate_seed_start', 'candidate': 'global_relpop_frozen_epsilon_probe_h96_r12_a12_p4x4_l1_neg1_lr0p001_hp1_relpopfix48_sr0p01_sa0p001_rl0p001_m0_bpr', 'seed': 1, 'device': 'cuda', 'node_text_device': 'cuda:0'}
{'event': 'train_seed_start', 'seed': 1, 'train_edges': 20000, 'val_edges': 162066, 'test_edges': 163172, 'num_nodes': 47433, 'num_relations': 566}
{'event': 'train_seed_tensors_ready', 'seed': 1, 'elapsed_sec': 0.024203360080718994, 'cuda_allocated_mb': 122, 'cuda_reserved_mb': 146, 'cuda_max_allocated_mb': 1680}
{'event': 'train_known_facts_ready', 'seed': 1, 'scope': 'train', 'edges': 20000, 'elapsed_sec': 0.029185041785240173}
{'event': 'train_known_facts_ready', 'seed': 1, 'scope': 'train_val', 'edges': 182066, 'elapsed_sec': 0.0473603755235672}
{'event': 'train_sampler_ready', 'seed': 1, 'elapsed_sec': 0.1373935267329216}
{'event': 'val_sampler_ready', 'seed': 1, 'elapsed_sec': 0.2263941951096058}
{'event': 'epoch_start', 'epoch': 1, 'epochs': 1, 'batches': 98, 'time_groups': 98}
{'event': 'train_time_group', 'epoch': 1, 'time_group': 1, 'time_groups': 98, 'batch': 0, 'batches': 98, 'time_value': 1900.0, 'group_batches': 1, 'history_edges': 0, 'elapsed_sec': 0.01918322592973709, 'cuda_allocated_mb': 122, 'cuda_reserved_mb': 146, 'cuda_max_allocated_mb': 1680}
{'event': 'train_progress', 'epoch': 1, 'batch': 1, 'batches': 98, 'time_group': 1, 'time_groups': 98, 'history_edges': 0, 'pos_edges': 101, 'neg_edges': 101, 'loss_recent': 8.780591011047363, 'elapsed_sec': 0.369814395904541, 'avg_sec_per_batch': 0.369814395904541, 'cuda_allocated_mb': 357, 'cuda_reserved_mb': 816, 'cuda_max_allocated_mb': 1680}
{'event': 'train_time_group', 'epoch': 1, 'time_group': 98, 'time_groups': 98, 'batch': 97, 'batches': 98, 'time_value': 1997.0, 'group_batches': 1, 'history_edges': 19682, 'elapsed_sec': 74.80541644990444, 'cuda_allocated_mb': 333, 'cuda_reserved_mb': 1754, 'cuda_max_allocated_mb': 1680}
{'event': 'train_progress', 'epoch': 1, 'batch': 98, 'batches': 98, 'time_group': 98, 'time_groups': 98, 'history_edges': 19682, 'pos_edges': 318, 'neg_edges': 318, 'loss_recent': 17.876754979698024, 'elapsed_sec': 76.15649262815714, 'avg_sec_per_batch': 0.7771070676342565, 'cuda_allocated_mb': 420, 'cuda_reserved_mb': 1780, 'cuda_max_allocated_mb': 1680}
{'event': 'validation_start', 'epoch': 1}
{'event': 'validation_ranking_start', 'epoch': 1, 'max_edges': 10}
{'event': 'epoch_end', 'epoch': 1, 'early_stop_metric': 'val_composite', 'val_score': 0.17504936871818588, 'val_auc': 0.66334228515625, 'val_ap': 0.3733633732504285, 'val_ndcg': 0.8413077486491991, 'val_mrr': 0.0034939472157783217, 'val_hits@1': 0.0, 'val_hits@10': 0.0, 'val_hits@50': 0.05, 'val_hits@100': 0.1, 'elapsed_sec': 161.66853665560484}
{'candidate': 'global_relpop_frozen_epsilon_probe_h96_r12_a12_p4x4_l1_neg1_lr0p001_hp1_relpopfix48_sr0p01_sa0p001_rl0p001_m0_bpr', 'seed': 1, 'composite': nan, 'val_auc': 0.66334228515625, 'val_ap': 0.3733633732504285, 'val_ndcg': 0.8413077486491991, 'val_mrr': 0.0034939472157783217, 'val_hits@1': 0.0, 'val_hits@10': 0.0, 'val_hits@50': 0.05, 'val_hits@100': 0.1, 'train_loss': 17.876754979698024, 'train_lp': 0.5479446470129247, 'train_align': 3415.0606315768496, 'train_kl': 2499.3188728799623, 'train_ood_reg': 0.2234668775784726, 'train_meta': 0.5339027053239395, 'train_struct_aux': 0.6828090797881691, 'train_weighted_align': 17.07530281495075, 'train_weighted_kl': 0.24993188055802365, 'train_weighted_ood_reg': 0.0002234668881639515, 'train_weighted_meta': 0.002669513459573975, 'train_weighted_struct_aux': 0.0006828091139382473, 'train_rank': 0.40380553597090196, 'train_weighted_rank': 0.0004038055550915246}
{'event': 'candidate_summary', 'candidate': 'global_relpop_frozen_epsilon_probe_h96_r12_a12_p4x4_l1_neg1_lr0p001_hp1_relpopfix48_sr0p01_sa0p001_rl0p001_m0_bpr', 'score': 0.17504936871818588, 'passes_metric_minima': True, 'means': {'val_auc': 0.66334228515625, 'val_ap': 0.3733633732504285, 'val_mrr': 0.0034939472157783217, 'val_hits@10': 0.0, 'val_ndcg': 0.8413077486491991}, 'seeds_completed': 1}
{'event': 'candidate_seed_start', 'candidate': 'global_relpop_frozen_epsilon_probe_h96_r12_a12_p4x4_l1_neg1_lr0p001_hp1_relpopfix48_sr0p05_sa0p001_rl0p001_m0_bpr', 'seed': 1, 'device': 'cuda', 'node_text_device': 'cuda:0'}
{'event': 'train_seed_start', 'seed': 1, 'train_edges': 20000, 'val_edges': 162066, 'test_edges': 163172, 'num_nodes': 47433, 'num_relations': 566}
{'event': 'train_seed_tensors_ready', 'seed': 1, 'elapsed_sec': 0.038053542375564575, 'cuda_allocated_mb': 122, 'cuda_reserved_mb': 146, 'cuda_max_allocated_mb': 1680}
{'event': 'train_known_facts_ready', 'seed': 1, 'scope': 'train', 'edges': 20000, 'elapsed_sec': 0.041378431022167206}
{'event': 'train_known_facts_ready', 'seed': 1, 'scope': 'train_val', 'edges': 182066, 'elapsed_sec': 0.05987706035375595}
{'event': 'train_sampler_ready', 'seed': 1, 'elapsed_sec': 0.14720750227570534}
{'event': 'val_sampler_ready', 'seed': 1, 'elapsed_sec': 0.2326636016368866}
{'event': 'epoch_start', 'epoch': 1, 'epochs': 1, 'batches': 98, 'time_groups': 98}
{'event': 'train_time_group', 'epoch': 1, 'time_group': 1, 'time_groups': 98, 'batch': 0, 'batches': 98, 'time_value': 1900.0, 'group_batches': 1, 'history_edges': 0, 'elapsed_sec': 0.01814659684896469, 'cuda_allocated_mb': 122, 'cuda_reserved_mb': 146, 'cuda_max_allocated_mb': 1680}
{'event': 'train_progress', 'epoch': 1, 'batch': 1, 'batches': 98, 'time_group': 1, 'time_groups': 98, 'history_edges': 0, 'pos_edges': 101, 'neg_edges': 101, 'loss_recent': 8.780647277832031, 'elapsed_sec': 0.49993544816970825, 'avg_sec_per_batch': 0.49993544816970825, 'cuda_allocated_mb': 357, 'cuda_reserved_mb': 816, 'cuda_max_allocated_mb': 1680}
{'event': 'train_time_group', 'epoch': 1, 'time_group': 98, 'time_groups': 98, 'batch': 97, 'batches': 98, 'time_value': 1997.0, 'group_batches': 1, 'history_edges': 19682, 'elapsed_sec': 84.10591743886471, 'cuda_allocated_mb': 333, 'cuda_reserved_mb': 1756, 'cuda_max_allocated_mb': 1680}
{'event': 'train_progress', 'epoch': 1, 'batch': 98, 'batches': 98, 'time_group': 98, 'time_groups': 98, 'history_edges': 19682, 'pos_edges': 318, 'neg_edges': 318, 'loss_recent': 17.87630905910414, 'elapsed_sec': 85.0902538150549, 'avg_sec_per_batch': 0.8682678960719887, 'cuda_allocated_mb': 420, 'cuda_reserved_mb': 1780, 'cuda_max_allocated_mb': 1680}
{'event': 'validation_start', 'epoch': 1}
{'event': 'validation_ranking_start', 'epoch': 1, 'max_edges': 10}
{'event': 'epoch_end', 'epoch': 1, 'early_stop_metric': 'val_composite', 'val_score': 0.17535140511654362, 'val_auc': 0.6640625, 'val_ap': 0.3747557324690778, 'val_ndcg': 0.841844733396588, 'val_mrr': 0.0035008938130462698, 'val_hits@1': 0.0, 'val_hits@10': 0.0, 'val_hits@50': 0.05, 'val_hits@100': 0.1, 'elapsed_sec': 166.3355400674045}
{'candidate': 'global_relpop_frozen_epsilon_probe_h96_r12_a12_p4x4_l1_neg1_lr0p001_hp1_relpopfix48_sr0p05_sa0p001_rl0p001_m0_bpr', 'seed': 1, 'composite': nan, 'val_auc': 0.6640625, 'val_ap': 0.3747557324690778, 'val_ndcg': 0.841844733396588, 'val_mrr': 0.0035008938130462698, 'val_hits@1': 0.0, 'val_hits@10': 0.0, 'val_hits@50': 0.05, 'val_hits@100': 0.1, 'train_loss': 17.87630905910414, 'train_lp': 0.5474440510175667, 'train_align': 3415.0599938217474, 'train_kl': 2499.4912775779258, 'train_ood_reg': 0.22346927560105614, 'train_meta': 0.5332679339513486, 'train_struct_aux': 0.7263373726484726, 'train_weighted_align': 17.075299637658254, 'train_weighted_kl': 0.24994912184774876, 'train_weighted_ood_reg': 0.00022346928670565237, 'train_weighted_meta': 0.0026663396084605127, 'train_weighted_struct_aux': 0.000726337405040442, 'train_rank': 0.4034503184410991, 'train_weighted_rank': 0.00040345033690124293}
{'event': 'candidate_summary', 'candidate': 'global_relpop_frozen_epsilon_probe_h96_r12_a12_p4x4_l1_neg1_lr0p001_hp1_relpopfix48_sr0p05_sa0p001_rl0p001_m0_bpr', 'score': 0.17535140511654362, 'passes_metric_minima': True, 'means': {'val_auc': 0.6640625, 'val_ap': 0.3747557324690778, 'val_mrr': 0.0035008938130462698, 'val_hits@10': 0.0, 'val_ndcg': 0.841844733396588}, 'seeds_completed': 1}
{'event': 'candidate_seed_start', 'candidate': 'global_relpop_frozen_epsilon_probe_h96_r12_a12_p4x4_l1_neg1_lr0p001_hp1_relpopfix48_sr0p001_sa0p001_rl0p005_m0_bpr', 'seed': 1, 'device': 'cuda', 'node_text_device': 'cuda:0'}
{'event': 'train_seed_start', 'seed': 1, 'train_edges': 20000, 'val_edges': 162066, 'test_edges': 163172, 'num_nodes': 47433, 'num_relations': 566}
{'event': 'train_seed_tensors_ready', 'seed': 1, 'elapsed_sec': 0.03049311414361, 'cuda_allocated_mb': 122, 'cuda_reserved_mb': 146, 'cuda_max_allocated_mb': 1680}
{'event': 'train_known_facts_ready', 'seed': 1, 'scope': 'train', 'edges': 20000, 'elapsed_sec': 0.03497394546866417}
{'event': 'train_known_facts_ready', 'seed': 1, 'scope': 'train_val', 'edges': 182066, 'elapsed_sec': 0.055741362273693085}
{'event': 'train_sampler_ready', 'seed': 1, 'elapsed_sec': 0.14823823049664497}
{'event': 'val_sampler_ready', 'seed': 1, 'elapsed_sec': 0.23621639236807823}
{'event': 'epoch_start', 'epoch': 1, 'epochs': 1, 'batches': 98, 'time_groups': 98}
{'event': 'train_time_group', 'epoch': 1, 'time_group': 1, 'time_groups': 98, 'batch': 0, 'batches': 98, 'time_value': 1900.0, 'group_batches': 1, 'history_edges': 0, 'elapsed_sec': 0.02112315222620964, 'cuda_allocated_mb': 122, 'cuda_reserved_mb': 146, 'cuda_max_allocated_mb': 1680}
{'event': 'train_progress', 'epoch': 1, 'batch': 1, 'batches': 98, 'time_group': 1, 'time_groups': 98, 'history_edges': 0, 'pos_edges': 101, 'neg_edges': 101, 'loss_recent': 8.780582427978516, 'elapsed_sec': 0.40790095925331116, 'avg_sec_per_batch': 0.40790095925331116, 'cuda_allocated_mb': 357, 'cuda_reserved_mb': 816, 'cuda_max_allocated_mb': 1680}
{'event': 'train_time_group', 'epoch': 1, 'time_group': 98, 'time_groups': 98, 'batch': 97, 'batches': 98, 'time_value': 1997.0, 'group_batches': 1, 'history_edges': 19682, 'elapsed_sec': 80.19199664890766, 'cuda_allocated_mb': 333, 'cuda_reserved_mb': 1754, 'cuda_max_allocated_mb': 1680}
{'event': 'train_progress', 'epoch': 1, 'batch': 98, 'batches': 98, 'time_group': 98, 'time_groups': 98, 'history_edges': 19682, 'pos_edges': 318, 'neg_edges': 318, 'loss_recent': 17.876410440522797, 'elapsed_sec': 82.70137853547931, 'avg_sec_per_batch': 0.8438916177089725, 'cuda_allocated_mb': 420, 'cuda_reserved_mb': 1780, 'cuda_max_allocated_mb': 1680}
{'event': 'validation_start', 'epoch': 1}
{'event': 'validation_ranking_start', 'epoch': 1, 'max_edges': 10}
{'event': 'epoch_end', 'epoch': 1, 'early_stop_metric': 'val_composite', 'val_score': 0.17524419963086446, 'val_auc': 0.6636596679687501, 'val_ap': 0.3745930392189785, 'val_ndcg': 0.8417622172591096, 'val_mrr': 0.003392077247338453, 'val_hits@1': 0.0, 'val_hits@10': 0.0, 'val_hits@50': 0.05, 'val_hits@100': 0.1, 'elapsed_sec': 206.80328522995114}
{'candidate': 'global_relpop_frozen_epsilon_probe_h96_r12_a12_p4x4_l1_neg1_lr0p001_hp1_relpopfix48_sr0p001_sa0p001_rl0p005_m0_bpr', 'seed': 1, 'composite': nan, 'val_auc': 0.6636596679687501, 'val_ap': 0.3745930392189785, 'val_ndcg': 0.8417622172591096, 'val_mrr': 0.003392077247338453, 'val_hits@1': 0.0, 'val_hits@10': 0.0, 'val_hits@50': 0.05, 'val_hits@100': 0.1, 'train_loss': 17.876410440522797, 'train_lp': 0.5476081334814733, 'train_align': 3415.0607785594707, 'train_kl': 2499.291767353914, 'train_ood_reg': 0.223477125471952, 'train_meta': 0.5335206354455072, 'train_struct_aux': 0.6785603536635029, 'train_weighted_align': 17.07530347668395, 'train_weighted_kl': 0.24992917090350267, 'train_weighted_ood_reg': 0.00022347713553356197, 'train_weighted_meta': 0.0026676031067131125, 'train_weighted_struct_aux': 0.0006785603864973753, 'train_rank': 0.40315607646290136, 'train_weighted_rank': 0.0020157803296662717}
{'event': 'candidate_summary', 'candidate': 'global_relpop_frozen_epsilon_probe_h96_r12_a12_p4x4_l1_neg1_lr0p001_hp1_relpopfix48_sr0p001_sa0p001_rl0p005_m0_bpr', 'score': 0.17524419963086446, 'passes_metric_minima': True, 'means': {'val_auc': 0.6636596679687501, 'val_ap': 0.3745930392189785, 'val_mrr': 0.003392077247338453, 'val_hits@10': 0.0, 'val_ndcg': 0.8417622172591096}, 'seeds_completed': 1}
{'event': 'candidate_seed_start', 'candidate': 'global_relpop_frozen_epsilon_probe_h96_r12_a12_p4x4_l1_neg1_lr0p001_hp1_relpopfix48_sr0p01_sa0p001_rl0p005_m0_bpr', 'seed': 1, 'device': 'cuda', 'node_text_device': 'cuda:0'}
{'event': 'train_seed_start', 'seed': 1, 'train_edges': 20000, 'val_edges': 162066, 'test_edges': 163172, 'num_nodes': 47433, 'num_relations': 566}
{'event': 'train_seed_tensors_ready', 'seed': 1, 'elapsed_sec': 0.04808129742741585, 'cuda_allocated_mb': 122, 'cuda_reserved_mb': 146, 'cuda_max_allocated_mb': 1680}
{'event': 'train_known_facts_ready', 'seed': 1, 'scope': 'train', 'edges': 20000, 'elapsed_sec': 0.05204052850604057}
{'event': 'train_known_facts_ready', 'seed': 1, 'scope': 'train_val', 'edges': 182066, 'elapsed_sec': 0.07097169756889343}
{'event': 'train_sampler_ready', 'seed': 1, 'elapsed_sec': 0.16448183357715607}
{'event': 'val_sampler_ready', 'seed': 1, 'elapsed_sec': 0.2512013763189316}
{'event': 'epoch_start', 'epoch': 1, 'epochs': 1, 'batches': 98, 'time_groups': 98}
{'event': 'train_time_group', 'epoch': 1, 'time_group': 1, 'time_groups': 98, 'batch': 0, 'batches': 98, 'time_value': 1900.0, 'group_batches': 1, 'history_edges': 0, 'elapsed_sec': 0.01821877807378769, 'cuda_allocated_mb': 122, 'cuda_reserved_mb': 146, 'cuda_max_allocated_mb': 1680}
{'event': 'train_progress', 'epoch': 1, 'batch': 1, 'batches': 98, 'time_group': 1, 'time_groups': 98, 'history_edges': 0, 'pos_edges': 101, 'neg_edges': 101, 'loss_recent': 8.780591011047363, 'elapsed_sec': 0.6338074468076229, 'avg_sec_per_batch': 0.6338074468076229, 'cuda_allocated_mb': 357, 'cuda_reserved_mb': 816, 'cuda_max_allocated_mb': 1680}
{'event': 'train_time_group', 'epoch': 1, 'time_group': 98, 'time_groups': 98, 'batch': 97, 'batches': 98, 'time_value': 1997.0, 'group_batches': 1, 'history_edges': 19682, 'elapsed_sec': 94.94862437993288, 'cuda_allocated_mb': 333, 'cuda_reserved_mb': 1756, 'cuda_max_allocated_mb': 1680}
{'event': 'train_progress', 'epoch': 1, 'batch': 98, 'batches': 98, 'time_group': 98, 'time_groups': 98, 'history_edges': 19682, 'pos_edges': 318, 'neg_edges': 318, 'loss_recent': 17.876707821476217, 'elapsed_sec': 96.42206834256649, 'avg_sec_per_batch': 0.9838986565568009, 'cuda_allocated_mb': 420, 'cuda_reserved_mb': 1780, 'cuda_max_allocated_mb': 1680}
{'event': 'validation_start', 'epoch': 1}
{'event': 'validation_ranking_start', 'epoch': 1, 'max_edges': 10}
{'event': 'epoch_end', 'epoch': 1, 'early_stop_metric': 'val_composite', 'val_score': 0.17507590798229905, 'val_auc': 0.6635833740234375, 'val_ap': 0.3734303865576081, 'val_ndcg': 0.841341015470916, 'val_mrr': 0.0034961595007887104, 'val_hits@1': 0.0, 'val_hits@10': 0.0, 'val_hits@50': 0.05, 'val_hits@100': 0.1, 'elapsed_sec': 178.84658551216125}
{'candidate': 'global_relpop_frozen_epsilon_probe_h96_r12_a12_p4x4_l1_neg1_lr0p001_hp1_relpopfix48_sr0p01_sa0p001_rl0p005_m0_bpr', 'seed': 1, 'composite': nan, 'val_auc': 0.6635833740234375, 'val_ap': 0.3734303865576081, 'val_ndcg': 0.841341015470916, 'val_mrr': 0.0034961595007887104, 'val_hits@1': 0.0, 'val_hits@10': 0.0, 'val_hits@50': 0.05, 'val_hits@100': 0.1, 'train_loss': 17.876707821476217, 'train_lp': 0.547888518596182, 'train_align': 3415.060676419005, 'train_kl': 2499.409799069774, 'train_ood_reg': 0.22346065299851553, 'train_meta': 0.5338374329160671, 'train_struct_aux': 0.6827202189941796, 'train_weighted_align': 17.075303033906586, 'train_weighted_kl': 0.2499409750179977, 'train_weighted_ood_reg': 0.0002234606639534349, 'train_weighted_meta': 0.002669187093970879, 'train_weighted_struct_aux': 0.0006827202551922171, 'train_rank': 0.4036690909035352, 'train_weighted_rank': 0.0020183454094245576}
{'event': 'candidate_summary', 'candidate': 'global_relpop_frozen_epsilon_probe_h96_r12_a12_p4x4_l1_neg1_lr0p001_hp1_relpopfix48_sr0p01_sa0p001_rl0p005_m0_bpr', 'score': 0.17507590798229905, 'passes_metric_minima': True, 'means': {'val_auc': 0.6635833740234375, 'val_ap': 0.3734303865576081, 'val_mrr': 0.0034961595007887104, 'val_hits@10': 0.0, 'val_ndcg': 0.841341015470916}, 'seeds_completed': 1}
{'event': 'candidate_seed_start', 'candidate': 'global_relpop_frozen_epsilon_probe_h96_r12_a12_p4x4_l1_neg1_lr0p001_hp1_relpopfix48_sr0p05_sa0p001_rl0p005_m0_bpr', 'seed': 1, 'device': 'cuda', 'node_text_device': 'cuda:0'}
{'event': 'train_seed_start', 'seed': 1, 'train_edges': 20000, 'val_edges': 162066, 'test_edges': 163172, 'num_nodes': 47433, 'num_relations': 566}
{'event': 'train_seed_tensors_ready', 'seed': 1, 'elapsed_sec': 0.033707376569509506, 'cuda_allocated_mb': 122, 'cuda_reserved_mb': 146, 'cuda_max_allocated_mb': 1680}
{'event': 'train_known_facts_ready', 'seed': 1, 'scope': 'train', 'edges': 20000, 'elapsed_sec': 0.03701985999941826}
{'event': 'train_known_facts_ready', 'seed': 1, 'scope': 'train_val', 'edges': 182066, 'elapsed_sec': 0.053704749792814255}
{'event': 'train_sampler_ready', 'seed': 1, 'elapsed_sec': 0.14139755070209503}
{'event': 'val_sampler_ready', 'seed': 1, 'elapsed_sec': 0.22929619625210762}
{'event': 'epoch_start', 'epoch': 1, 'epochs': 1, 'batches': 98, 'time_groups': 98}
{'event': 'train_time_group', 'epoch': 1, 'time_group': 1, 'time_groups': 98, 'batch': 0, 'batches': 98, 'time_value': 1900.0, 'group_batches': 1, 'history_edges': 0, 'elapsed_sec': 0.024985581636428833, 'cuda_allocated_mb': 122, 'cuda_reserved_mb': 146, 'cuda_max_allocated_mb': 1680}
{'event': 'train_progress', 'epoch': 1, 'batch': 1, 'batches': 98, 'time_group': 1, 'time_groups': 98, 'history_edges': 0, 'pos_edges': 101, 'neg_edges': 101, 'loss_recent': 8.780647277832031, 'elapsed_sec': 0.3469042256474495, 'avg_sec_per_batch': 0.3469042256474495, 'cuda_allocated_mb': 357, 'cuda_reserved_mb': 816, 'cuda_max_allocated_mb': 1680}
{'event': 'train_time_group', 'epoch': 1, 'time_group': 98, 'time_groups': 98, 'batch': 97, 'batches': 98, 'time_value': 1997.0, 'group_batches': 1, 'history_edges': 19682, 'elapsed_sec': 61.9534102268517, 'cuda_allocated_mb': 333, 'cuda_reserved_mb': 1756, 'cuda_max_allocated_mb': 1680}
{'event': 'train_progress', 'epoch': 1, 'batch': 98, 'batches': 98, 'time_group': 98, 'time_groups': 98, 'history_edges': 19682, 'pos_edges': 318, 'neg_edges': 318, 'loss_recent': 17.87625793534882, 'elapsed_sec': 63.02480934932828, 'avg_sec_per_batch': 0.6431102994829416, 'cuda_allocated_mb': 420, 'cuda_reserved_mb': 1780, 'cuda_max_allocated_mb': 1680}
{'event': 'validation_start', 'epoch': 1}
{'event': 'validation_ranking_start', 'epoch': 1, 'max_edges': 10}
{'event': 'epoch_end', 'epoch': 1, 'early_stop_metric': 'val_composite', 'val_score': 0.17535664152191532, 'val_auc': 0.6640380859375, 'val_ap': 0.3747916576184349, 'val_ndcg': 0.8418497225018631, 'val_mrr': 0.003502032664177551, 'val_hits@1': 0.0, 'val_hits@10': 0.0, 'val_hits@50': 0.05, 'val_hits@100': 0.1, 'elapsed_sec': 139.56589749455452}
{'candidate': 'global_relpop_frozen_epsilon_probe_h96_r12_a12_p4x4_l1_neg1_lr0p001_hp1_relpopfix48_sr0p05_sa0p001_rl0p005_m0_bpr', 'seed': 1, 'composite': nan, 'val_auc': 0.6640380859375, 'val_ap': 0.3747916576184349, 'val_ndcg': 0.8418497225018631, 'val_mrr': 0.003502032664177551, 'val_hits@1': 0.0, 'val_hits@10': 0.0, 'val_hits@50': 0.05, 'val_hits@100': 0.1, 'train_loss': 17.87625793534882, 'train_lp': 0.5473814986798228, 'train_align': 3415.060067313058, 'train_kl': 2499.6159266257773, 'train_ood_reg': 0.22346516896267327, 'train_meta': 0.5331069744971334, 'train_struct_aux': 0.7258844667551468, 'train_weighted_align': 17.075299958793483, 'train_weighted_kl': 0.2499615872392849, 'train_weighted_ood_reg': 0.0002234651793533347, 'train_weighted_meta': 0.00266553481864952, 'train_weighted_struct_aux': 0.0007258845042979003, 'train_rank': 0.403312796536757, 'train_weighted_rank': 0.0020165639425798946}
{'event': 'candidate_summary', 'candidate': 'global_relpop_frozen_epsilon_probe_h96_r12_a12_p4x4_l1_neg1_lr0p001_hp1_relpopfix48_sr0p05_sa0p001_rl0p005_m0_bpr', 'score': 0.17535664152191532, 'passes_metric_minima': True, 'means': {'val_auc': 0.6640380859375, 'val_ap': 0.3747916576184349, 'val_mrr': 0.003502032664177551, 'val_hits@10': 0.0, 'val_ndcg': 0.8418497225018631}, 'seeds_completed': 1}
{'event': 'candidate_seed_start', 'candidate': 'global_relpop_frozen_epsilon_probe_h96_r12_a12_p4x4_l1_neg1_lr0p001_hp2_relpopfix48_sr0p001_sa0p001_rl0p001_m0_bpr', 'seed': 1, 'device': 'cuda', 'node_text_device': 'cuda:0'}
{'event': 'train_seed_start', 'seed': 1, 'train_edges': 20000, 'val_edges': 162066, 'test_edges': 163172, 'num_nodes': 47433, 'num_relations': 566}
{'event': 'train_seed_tensors_ready', 'seed': 1, 'elapsed_sec': 0.03055107221007347, 'cuda_allocated_mb': 122, 'cuda_reserved_mb': 146, 'cuda_max_allocated_mb': 1680}
{'event': 'train_known_facts_ready', 'seed': 1, 'scope': 'train', 'edges': 20000, 'elapsed_sec': 0.033865757286548615}
{'event': 'train_known_facts_ready', 'seed': 1, 'scope': 'train_val', 'edges': 182066, 'elapsed_sec': 0.05580170080065727}
{'event': 'train_sampler_ready', 'seed': 1, 'elapsed_sec': 0.1922183446586132}
{'event': 'val_sampler_ready', 'seed': 1, 'elapsed_sec': 0.2813916951417923}
{'event': 'epoch_start', 'epoch': 1, 'epochs': 1, 'batches': 98, 'time_groups': 98}
{'event': 'train_time_group', 'epoch': 1, 'time_group': 1, 'time_groups': 98, 'batch': 0, 'batches': 98, 'time_value': 1900.0, 'group_batches': 1, 'history_edges': 0, 'elapsed_sec': 0.018764615058898926, 'cuda_allocated_mb': 122, 'cuda_reserved_mb': 146, 'cuda_max_allocated_mb': 1680}
{'event': 'train_progress', 'epoch': 1, 'batch': 1, 'batches': 98, 'time_group': 1, 'time_groups': 98, 'history_edges': 0, 'pos_edges': 101, 'neg_edges': 101, 'loss_recent': 8.780582427978516, 'elapsed_sec': 0.425400298088789, 'avg_sec_per_batch': 0.425400298088789, 'cuda_allocated_mb': 357, 'cuda_reserved_mb': 816, 'cuda_max_allocated_mb': 1680}
{'event': 'train_time_group', 'epoch': 1, 'time_group': 98, 'time_groups': 98, 'batch': 97, 'batches': 98, 'time_value': 1997.0, 'group_batches': 1, 'history_edges': 19682, 'elapsed_sec': 61.911676339805126, 'cuda_allocated_mb': 333, 'cuda_reserved_mb': 1754, 'cuda_max_allocated_mb': 1680}
{'event': 'train_progress', 'epoch': 1, 'batch': 98, 'batches': 98, 'time_group': 98, 'time_groups': 98, 'history_edges': 19682, 'pos_edges': 318, 'neg_edges': 318, 'loss_recent': 17.893812588282994, 'elapsed_sec': 62.713272746652365, 'avg_sec_per_batch': 0.6399313545576772, 'cuda_allocated_mb': 420, 'cuda_reserved_mb': 1780, 'cuda_max_allocated_mb': 1680}
{'event': 'validation_start', 'epoch': 1}
{'event': 'validation_ranking_start', 'epoch': 1, 'max_edges': 10}
{'event': 'epoch_end', 'epoch': 1, 'early_stop_metric': 'val_composite', 'val_score': 0.19057252598120392, 'val_auc': 0.6565277099609375, 'val_ap': 0.36528847721709934, 'val_ndcg': 0.8379439675928533, 'val_mrr': 0.01831694428261365, 'val_hits@1': 0.0, 'val_hits@10': 0.05, 'val_hits@50': 0.05, 'val_hits@100': 0.15, 'elapsed_sec': 137.12718563899398}
{'candidate': 'global_relpop_frozen_epsilon_probe_h96_r12_a12_p4x4_l1_neg1_lr0p001_hp2_relpopfix48_sr0p001_sa0p001_rl0p001_m0_bpr', 'seed': 1, 'composite': nan, 'val_auc': 0.6565277099609375, 'val_ap': 0.36528847721709934, 'val_ndcg': 0.8379439675928533, 'val_mrr': 0.01831694428261365, 'val_hits@1': 0.0, 'val_hits@10': 0.05, 'val_hits@50': 0.05, 'val_hits@100': 0.15, 'train_loss': 17.893812588282994, 'train_lp': 0.5627825907906707, 'train_align': 3415.236328125, 'train_kl': 2512.1134086141783, 'train_ood_reg': 0.2231044189966455, 'train_meta': 0.5472986780259074, 'train_struct_aux': 0.6778745432289279, 'train_weighted_align': 17.076181285235347, 'train_weighted_kl': 0.25121133447605737, 'train_weighted_ood_reg': 0.00022310442935642122, 'train_weighted_meta': 0.0027364933095891408, 'train_weighted_struct_aux': 0.000677874574927157, 'train_rank': 0.3792727960615742, 'train_weighted_rank': 0.00037927281293229255}
{'event': 'candidate_summary', 'candidate': 'global_relpop_frozen_epsilon_probe_h96_r12_a12_p4x4_l1_neg1_lr0p001_hp2_relpopfix48_sr0p001_sa0p001_rl0p001_m0_bpr', 'score': 0.19057252598120392, 'passes_metric_minima': True, 'means': {'val_auc': 0.6565277099609375, 'val_ap': 0.36528847721709934, 'val_mrr': 0.01831694428261365, 'val_hits@10': 0.05, 'val_ndcg': 0.8379439675928533}, 'seeds_completed': 1}
{'event': 'candidate_seed_start', 'candidate': 'global_relpop_frozen_epsilon_probe_h96_r12_a12_p4x4_l1_neg1_lr0p001_hp2_relpopfix48_sr0p01_sa0p001_rl0p001_m0_bpr', 'seed': 1, 'device': 'cuda', 'node_text_device': 'cuda:0'}
{'event': 'train_seed_start', 'seed': 1, 'train_edges': 20000, 'val_edges': 162066, 'test_edges': 163172, 'num_nodes': 47433, 'num_relations': 566}
{'event': 'train_seed_tensors_ready', 'seed': 1, 'elapsed_sec': 0.029798343777656555, 'cuda_allocated_mb': 122, 'cuda_reserved_mb': 146, 'cuda_max_allocated_mb': 1680}
{'event': 'train_known_facts_ready', 'seed': 1, 'scope': 'train', 'edges': 20000, 'elapsed_sec': 0.033143073320388794}
{'event': 'train_known_facts_ready', 'seed': 1, 'scope': 'train_val', 'edges': 182066, 'elapsed_sec': 0.050896111875772476}
{'event': 'train_sampler_ready', 'seed': 1, 'elapsed_sec': 0.14149923622608185}
{'event': 'val_sampler_ready', 'seed': 1, 'elapsed_sec': 0.23115383088588715}
{'event': 'epoch_start', 'epoch': 1, 'epochs': 1, 'batches': 98, 'time_groups': 98}
{'event': 'train_time_group', 'epoch': 1, 'time_group': 1, 'time_groups': 98, 'batch': 0, 'batches': 98, 'time_value': 1900.0, 'group_batches': 1, 'history_edges': 0, 'elapsed_sec': 0.017959468066692352, 'cuda_allocated_mb': 122, 'cuda_reserved_mb': 146, 'cuda_max_allocated_mb': 1680}
{'event': 'train_progress', 'epoch': 1, 'batch': 1, 'batches': 98, 'time_group': 1, 'time_groups': 98, 'history_edges': 0, 'pos_edges': 101, 'neg_edges': 101, 'loss_recent': 8.780591011047363, 'elapsed_sec': 0.3719692789018154, 'avg_sec_per_batch': 0.3719692789018154, 'cuda_allocated_mb': 357, 'cuda_reserved_mb': 816, 'cuda_max_allocated_mb': 1680}
{'event': 'train_time_group', 'epoch': 1, 'time_group': 98, 'time_groups': 98, 'batch': 97, 'batches': 98, 'time_value': 1997.0, 'group_batches': 1, 'history_edges': 19682, 'elapsed_sec': 68.58853477984667, 'cuda_allocated_mb': 333, 'cuda_reserved_mb': 1756, 'cuda_max_allocated_mb': 1680}
{'event': 'train_progress', 'epoch': 1, 'batch': 98, 'batches': 98, 'time_group': 98, 'time_groups': 98, 'history_edges': 19682, 'pos_edges': 318, 'neg_edges': 318, 'loss_recent': 17.89357693827882, 'elapsed_sec': 69.64485472813249, 'avg_sec_per_batch': 0.7106617829401274, 'cuda_allocated_mb': 420, 'cuda_reserved_mb': 1780, 'cuda_max_allocated_mb': 1680}
{'event': 'validation_start', 'epoch': 1}
{'event': 'validation_ranking_start', 'epoch': 1, 'max_edges': 10}
{'event': 'epoch_end', 'epoch': 1, 'early_stop_metric': 'val_composite', 'val_score': 0.1907403729628917, 'val_auc': 0.6572845458984374, 'val_ap': 0.36601462815383773, 'val_ndcg': 0.8382430480088705, 'val_mrr': 0.018299293288014173, 'val_hits@1': 0.0, 'val_hits@10': 0.05, 'val_hits@50': 0.05, 'val_hits@100': 0.15, 'elapsed_sec': 141.79987308755517}
{'candidate': 'global_relpop_frozen_epsilon_probe_h96_r12_a12_p4x4_l1_neg1_lr0p001_hp2_relpopfix48_sr0p01_sa0p001_rl0p001_m0_bpr', 'seed': 1, 'composite': nan, 'val_auc': 0.6572845458984374, 'val_ap': 0.36601462815383773, 'val_ndcg': 0.8382430480088705, 'val_mrr': 0.018299293288014173, 'val_hits@1': 0.0, 'val_hits@10': 0.05, 'val_hits@50': 0.05, 'val_hits@100': 0.15, 'train_loss': 17.89357693827882, 'train_lp': 0.5628713326794761, 'train_align': 3415.2281382035235, 'train_kl': 2508.5678726507695, 'train_ood_reg': 0.22307235215391433, 'train_meta': 0.5473061428994549, 'train_struct_aux': 0.7488362874303546, 'train_weighted_align': 17.07614032103091, 'train_weighted_kl': 0.25085678164448055, 'train_weighted_ood_reg': 0.00022307236257783727, 'train_weighted_meta': 0.00273653066465251, 'train_weighted_struct_aux': 0.0007488363237139218, 'train_rank': 0.3794145635804351, 'train_weighted_rank': 0.0003794145806602259}
{'event': 'candidate_summary', 'candidate': 'global_relpop_frozen_epsilon_probe_h96_r12_a12_p4x4_l1_neg1_lr0p001_hp2_relpopfix48_sr0p01_sa0p001_rl0p001_m0_bpr', 'score': 0.1907403729628917, 'passes_metric_minima': True, 'means': {'val_auc': 0.6572845458984374, 'val_ap': 0.36601462815383773, 'val_mrr': 0.018299293288014173, 'val_hits@10': 0.05, 'val_ndcg': 0.8382430480088705}, 'seeds_completed': 1}
{'event': 'candidate_seed_start', 'candidate': 'global_relpop_frozen_epsilon_probe_h96_r12_a12_p4x4_l1_neg1_lr0p001_hp2_relpopfix48_sr0p05_sa0p001_rl0p001_m0_bpr', 'seed': 1, 'device': 'cuda', 'node_text_device': 'cuda:0'}
{'event': 'train_seed_start', 'seed': 1, 'train_edges': 20000, 'val_edges': 162066, 'test_edges': 163172, 'num_nodes': 47433, 'num_relations': 566}
{'event': 'train_seed_tensors_ready', 'seed': 1, 'elapsed_sec': 0.011282593011856079, 'cuda_allocated_mb': 122, 'cuda_reserved_mb': 146, 'cuda_max_allocated_mb': 1680}
{'event': 'train_known_facts_ready', 'seed': 1, 'scope': 'train', 'edges': 20000, 'elapsed_sec': 0.014503758400678635}
{'event': 'train_known_facts_ready', 'seed': 1, 'scope': 'train_val', 'edges': 182066, 'elapsed_sec': 0.03134046122431755}
{'event': 'train_sampler_ready', 'seed': 1, 'elapsed_sec': 0.11960405856370926}
{'event': 'val_sampler_ready', 'seed': 1, 'elapsed_sec': 0.20764384418725967}
{'event': 'epoch_start', 'epoch': 1, 'epochs': 1, 'batches': 98, 'time_groups': 98}
{'event': 'train_time_group', 'epoch': 1, 'time_group': 1, 'time_groups': 98, 'batch': 0, 'batches': 98, 'time_value': 1900.0, 'group_batches': 1, 'history_edges': 0, 'elapsed_sec': 0.024996481835842133, 'cuda_allocated_mb': 122, 'cuda_reserved_mb': 146, 'cuda_max_allocated_mb': 1680}
{'event': 'train_progress', 'epoch': 1, 'batch': 1, 'batches': 98, 'time_group': 1, 'time_groups': 98, 'history_edges': 0, 'pos_edges': 101, 'neg_edges': 101, 'loss_recent': 8.780647277832031, 'elapsed_sec': 0.27299822494387627, 'avg_sec_per_batch': 0.27299822494387627, 'cuda_allocated_mb': 357, 'cuda_reserved_mb': 816, 'cuda_max_allocated_mb': 1680}
{'event': 'train_time_group', 'epoch': 1, 'time_group': 98, 'time_groups': 98, 'batch': 97, 'batches': 98, 'time_value': 1997.0, 'group_batches': 1, 'history_edges': 19682, 'elapsed_sec': 44.08510237187147, 'cuda_allocated_mb': 333, 'cuda_reserved_mb': 1756, 'cuda_max_allocated_mb': 1680}
{'event': 'train_progress', 'epoch': 1, 'batch': 98, 'batches': 98, 'time_group': 98, 'time_groups': 98, 'history_edges': 19682, 'pos_edges': 318, 'neg_edges': 318, 'loss_recent': 17.895288890721847, 'elapsed_sec': 44.83737760782242, 'avg_sec_per_batch': 0.4575242613043104, 'cuda_allocated_mb': 420, 'cuda_reserved_mb': 1780, 'cuda_max_allocated_mb': 1680}
{'event': 'validation_start', 'epoch': 1}
{'event': 'validation_ranking_start', 'epoch': 1, 'max_edges': 10}
{'event': 'epoch_end', 'epoch': 1, 'early_stop_metric': 'val_composite', 'val_score': 0.19309096530113323, 'val_auc': 0.6604339599609376, 'val_ap': 0.37765954311116834, 'val_ndcg': 0.843036317414753, 'val_mrr': 0.01823340818987159, 'val_hits@1': 0.0, 'val_hits@10': 0.05, 'val_hits@50': 0.05, 'val_hits@100': 0.15, 'elapsed_sec': 114.25777149572968}
{'candidate': 'global_relpop_frozen_epsilon_probe_h96_r12_a12_p4x4_l1_neg1_lr0p001_hp2_relpopfix48_sr0p05_sa0p001_rl0p001_m0_bpr', 'seed': 1, 'composite': nan, 'val_auc': 0.6604339599609376, 'val_ap': 0.37765954311116834, 'val_ndcg': 0.843036317414753, 'val_mrr': 0.01823340818987159, 'val_hits@1': 0.0, 'val_hits@10': 0.05, 'val_hits@50': 0.05, 'val_hits@100': 0.15, 'train_loss': 17.895288890721847, 'train_lp': 0.5632516325128322, 'train_align': 3415.243809291295, 'train_kl': 2520.145282978914, 'train_ood_reg': 0.22293927733387267, 'train_meta': 0.5470900188903419, 'train_struct_aux': 0.8457762909178831, 'train_weighted_align': 17.076218639101302, 'train_weighted_kl': 0.2520145208631851, 'train_weighted_ood_reg': 0.00022293928739191887, 'train_weighted_meta': 0.002735450023390847, 'train_weighted_struct_aux': 0.0008457763285651727, 'train_rank': 0.3794212803548696, 'train_weighted_rank': 0.00037942129592363706}
{'event': 'candidate_summary', 'candidate': 'global_relpop_frozen_epsilon_probe_h96_r12_a12_p4x4_l1_neg1_lr0p001_hp2_relpopfix48_sr0p05_sa0p001_rl0p001_m0_bpr', 'score': 0.19309096530113323, 'passes_metric_minima': True, 'means': {'val_auc': 0.6604339599609376, 'val_ap': 0.37765954311116834, 'val_mrr': 0.01823340818987159, 'val_hits@10': 0.05, 'val_ndcg': 0.843036317414753}, 'seeds_completed': 1}
{'event': 'candidate_seed_start', 'candidate': 'global_relpop_frozen_epsilon_probe_h96_r12_a12_p4x4_l1_neg1_lr0p001_hp2_relpopfix48_sr0p001_sa0p001_rl0p005_m0_bpr', 'seed': 1, 'device': 'cuda', 'node_text_device': 'cuda:0'}
{'event': 'train_seed_start', 'seed': 1, 'train_edges': 20000, 'val_edges': 162066, 'test_edges': 163172, 'num_nodes': 47433, 'num_relations': 566}
{'event': 'train_seed_tensors_ready', 'seed': 1, 'elapsed_sec': 0.020489368587732315, 'cuda_allocated_mb': 122, 'cuda_reserved_mb': 146, 'cuda_max_allocated_mb': 1680}
{'event': 'train_known_facts_ready', 'seed': 1, 'scope': 'train', 'edges': 20000, 'elapsed_sec': 0.023668568581342697}
{'event': 'train_known_facts_ready', 'seed': 1, 'scope': 'train_val', 'edges': 182066, 'elapsed_sec': 0.043118469417095184}
{'event': 'train_sampler_ready', 'seed': 1, 'elapsed_sec': 0.1332249604165554}
{'event': 'val_sampler_ready', 'seed': 1, 'elapsed_sec': 0.2281852513551712}
{'event': 'epoch_start', 'epoch': 1, 'epochs': 1, 'batches': 98, 'time_groups': 98}
{'event': 'train_time_group', 'epoch': 1, 'time_group': 1, 'time_groups': 98, 'batch': 0, 'batches': 98, 'time_value': 1900.0, 'group_batches': 1, 'history_edges': 0, 'elapsed_sec': 0.0241696834564209, 'cuda_allocated_mb': 122, 'cuda_reserved_mb': 146, 'cuda_max_allocated_mb': 1680}
{'event': 'train_progress', 'epoch': 1, 'batch': 1, 'batches': 98, 'time_group': 1, 'time_groups': 98, 'history_edges': 0, 'pos_edges': 101, 'neg_edges': 101, 'loss_recent': 8.780582427978516, 'elapsed_sec': 0.35237638652324677, 'avg_sec_per_batch': 0.35237638652324677, 'cuda_allocated_mb': 357, 'cuda_reserved_mb': 816, 'cuda_max_allocated_mb': 1680}
{'event': 'train_time_group', 'epoch': 1, 'time_group': 98, 'time_groups': 98, 'batch': 97, 'batches': 98, 'time_value': 1997.0, 'group_batches': 1, 'history_edges': 19682, 'elapsed_sec': 43.73377136513591, 'cuda_allocated_mb': 333, 'cuda_reserved_mb': 1756, 'cuda_max_allocated_mb': 1680}
{'event': 'train_progress', 'epoch': 1, 'batch': 98, 'batches': 98, 'time_group': 98, 'time_groups': 98, 'history_edges': 19682, 'pos_edges': 318, 'neg_edges': 318, 'loss_recent': 17.89385712876612, 'elapsed_sec': 44.293932389467955, 'avg_sec_per_batch': 0.4519789019333465, 'cuda_allocated_mb': 420, 'cuda_reserved_mb': 1780, 'cuda_max_allocated_mb': 1680}
{'event': 'validation_start', 'epoch': 1}
{'event': 'validation_ranking_start', 'epoch': 1, 'max_edges': 10}
{'event': 'epoch_end', 'epoch': 1, 'early_stop_metric': 'val_composite', 'val_score': 0.1906352026804336, 'val_auc': 0.6568847656250001, 'val_ap': 0.3655284374661813, 'val_ndcg': 0.8380329866342238, 'val_mrr': 0.018316800231668064, 'val_hits@1': 0.0, 'val_hits@10': 0.05, 'val_hits@50': 0.05, 'val_hits@100': 0.15, 'elapsed_sec': 114.8318352214992}
{'candidate': 'global_relpop_frozen_epsilon_probe_h96_r12_a12_p4x4_l1_neg1_lr0p001_hp2_relpopfix48_sr0p001_sa0p001_rl0p005_m0_bpr', 'seed': 1, 'composite': nan, 'val_auc': 0.6568847656250001, 'val_ap': 0.3655284374661813, 'val_ndcg': 0.8380329866342238, 'val_mrr': 0.018316800231668064, 'val_hits@1': 0.0, 'val_hits@10': 0.05, 'val_hits@50': 0.05, 'val_hits@100': 0.15, 'train_loss': 17.89385712876612, 'train_lp': 0.5628012053820551, 'train_align': 3415.2363841776946, 'train_kl': 2512.369509949976, 'train_ood_reg': 0.22310335310746213, 'train_meta': 0.5472856565397612, 'train_struct_aux': 0.6779192248169257, 'train_weighted_align': 17.076181552848038, 'train_weighted_kl': 0.25123694432633265, 'train_weighted_ood_reg': 0.00022310336379985306, 'train_weighted_meta': 0.002736428221545125, 'train_weighted_struct_aux': 0.0006779192546525096, 'train_rank': 0.37920581564611316, 'train_weighted_rank': 0.0018960290365111158}
{'event': 'candidate_summary', 'candidate': 'global_relpop_frozen_epsilon_probe_h96_r12_a12_p4x4_l1_neg1_lr0p001_hp2_relpopfix48_sr0p001_sa0p001_rl0p005_m0_bpr', 'score': 0.1906352026804336, 'passes_metric_minima': True, 'means': {'val_auc': 0.6568847656250001, 'val_ap': 0.3655284374661813, 'val_mrr': 0.018316800231668064, 'val_hits@10': 0.05, 'val_ndcg': 0.8380329866342238}, 'seeds_completed': 1}
{'event': 'candidate_seed_start', 'candidate': 'global_relpop_frozen_epsilon_probe_h96_r12_a12_p4x4_l1_neg1_lr0p001_hp2_relpopfix48_sr0p01_sa0p001_rl0p005_m0_bpr', 'seed': 1, 'device': 'cuda', 'node_text_device': 'cuda:0'}
{'event': 'train_seed_start', 'seed': 1, 'train_edges': 20000, 'val_edges': 162066, 'test_edges': 163172, 'num_nodes': 47433, 'num_relations': 566}
{'event': 'train_seed_tensors_ready', 'seed': 1, 'elapsed_sec': 0.02472255751490593, 'cuda_allocated_mb': 122, 'cuda_reserved_mb': 146, 'cuda_max_allocated_mb': 1680}
{'event': 'train_known_facts_ready', 'seed': 1, 'scope': 'train', 'edges': 20000, 'elapsed_sec': 0.027999132871627808}
{'event': 'train_known_facts_ready', 'seed': 1, 'scope': 'train_val', 'edges': 182066, 'elapsed_sec': 0.04863647371530533}
{'event': 'train_sampler_ready', 'seed': 1, 'elapsed_sec': 0.1353168562054634}
{'event': 'val_sampler_ready', 'seed': 1, 'elapsed_sec': 0.22257303074002266}
{'event': 'epoch_start', 'epoch': 1, 'epochs': 1, 'batches': 98, 'time_groups': 98}
{'event': 'train_time_group', 'epoch': 1, 'time_group': 1, 'time_groups': 98, 'batch': 0, 'batches': 98, 'time_value': 1900.0, 'group_batches': 1, 'history_edges': 0, 'elapsed_sec': 0.018955785781145096, 'cuda_allocated_mb': 122, 'cuda_reserved_mb': 146, 'cuda_max_allocated_mb': 1680}
{'event': 'train_progress', 'epoch': 1, 'batch': 1, 'batches': 98, 'time_group': 1, 'time_groups': 98, 'history_edges': 0, 'pos_edges': 101, 'neg_edges': 101, 'loss_recent': 8.780591011047363, 'elapsed_sec': 0.3078416883945465, 'avg_sec_per_batch': 0.3078416883945465, 'cuda_allocated_mb': 357, 'cuda_reserved_mb': 816, 'cuda_max_allocated_mb': 1680}
{'event': 'train_time_group', 'epoch': 1, 'time_group': 98, 'time_groups': 98, 'batch': 97, 'batches': 98, 'time_value': 1997.0, 'group_batches': 1, 'history_edges': 19682, 'elapsed_sec': 52.228956896811724, 'cuda_allocated_mb': 333, 'cuda_reserved_mb': 1756, 'cuda_max_allocated_mb': 1680}
{'event': 'train_progress', 'epoch': 1, 'batch': 98, 'batches': 98, 'time_group': 98, 'time_groups': 98, 'history_edges': 19682, 'pos_edges': 318, 'neg_edges': 318, 'loss_recent': 17.89363797343507, 'elapsed_sec': 52.7886217944324, 'avg_sec_per_batch': 0.5386594060656368, 'cuda_allocated_mb': 420, 'cuda_reserved_mb': 1780, 'cuda_max_allocated_mb': 1680}
{'event': 'validation_start', 'epoch': 1}
{'event': 'validation_ranking_start', 'epoch': 1, 'max_edges': 10}
{'event': 'epoch_end', 'epoch': 1, 'early_stop_metric': 'val_composite', 'val_score': 0.19074261972104956, 'val_auc': 0.6573699951171875, 'val_ap': 0.3659805901305214, 'val_ndcg': 0.8382280734186779, 'val_mrr': 0.018308448207488396, 'val_hits@1': 0.0, 'val_hits@10': 0.05, 'val_hits@50': 0.05, 'val_hits@100': 0.15, 'elapsed_sec': 122.78422642499208}
{'candidate': 'global_relpop_frozen_epsilon_probe_h96_r12_a12_p4x4_l1_neg1_lr0p001_hp2_relpopfix48_sr0p01_sa0p001_rl0p005_m0_bpr', 'seed': 1, 'composite': nan, 'val_auc': 0.6573699951171875, 'val_ap': 0.3659805901305214, 'val_ndcg': 0.8382280734186779, 'val_mrr': 0.018308448207488396, 'val_hits@1': 0.0, 'val_hits@10': 0.05, 'val_hits@50': 0.05, 'val_hits@100': 0.15, 'train_loss': 17.89363797343507, 'train_lp': 0.5626998735325677, 'train_align': 3415.232039471062, 'train_kl': 2510.711693277164, 'train_ood_reg': 0.22308708408049174, 'train_meta': 0.5471804421775195, 'train_struct_aux': 0.7481048599797853, 'train_weighted_align': 17.076159851891653, 'train_weighted_kl': 0.25107116446051064, 'train_weighted_ood_reg': 0.00022308709431316095, 'train_weighted_meta': 0.0027359021335783204, 'train_weighted_struct_aux': 0.0007481048975320419, 'train_rank': 0.37936175052000554, 'train_weighted_rank': 0.0018968087114982915}
{'event': 'candidate_summary', 'candidate': 'global_relpop_frozen_epsilon_probe_h96_r12_a12_p4x4_l1_neg1_lr0p001_hp2_relpopfix48_sr0p01_sa0p001_rl0p005_m0_bpr', 'score': 0.19074261972104956, 'passes_metric_minima': True, 'means': {'val_auc': 0.6573699951171875, 'val_ap': 0.3659805901305214, 'val_mrr': 0.018308448207488396, 'val_hits@10': 0.05, 'val_ndcg': 0.8382280734186779}, 'seeds_completed': 1}
{'event': 'candidate_seed_start', 'candidate': 'global_relpop_frozen_epsilon_probe_h96_r12_a12_p4x4_l1_neg1_lr0p001_hp2_relpopfix48_sr0p05_sa0p001_rl0p005_m0_bpr', 'seed': 1, 'device': 'cuda', 'node_text_device': 'cuda:0'}
{'event': 'train_seed_start', 'seed': 1, 'train_edges': 20000, 'val_edges': 162066, 'test_edges': 163172, 'num_nodes': 47433, 'num_relations': 566}
{'event': 'train_seed_tensors_ready', 'seed': 1, 'elapsed_sec': 0.014286033809185028, 'cuda_allocated_mb': 122, 'cuda_reserved_mb': 146, 'cuda_max_allocated_mb': 1680}
{'event': 'train_known_facts_ready', 'seed': 1, 'scope': 'train', 'edges': 20000, 'elapsed_sec': 0.017770417034626007}
{'event': 'train_known_facts_ready', 'seed': 1, 'scope': 'train_val', 'edges': 182066, 'elapsed_sec': 0.03513709828257561}
{'event': 'train_sampler_ready', 'seed': 1, 'elapsed_sec': 0.12783578783273697}
{'event': 'val_sampler_ready', 'seed': 1, 'elapsed_sec': 0.21668555215001106}
{'event': 'epoch_start', 'epoch': 1, 'epochs': 1, 'batches': 98, 'time_groups': 98}
{'event': 'train_time_group', 'epoch': 1, 'time_group': 1, 'time_groups': 98, 'batch': 0, 'batches': 98, 'time_value': 1900.0, 'group_batches': 1, 'history_edges': 0, 'elapsed_sec': 0.018861781805753708, 'cuda_allocated_mb': 122, 'cuda_reserved_mb': 146, 'cuda_max_allocated_mb': 1680}
{'event': 'train_progress', 'epoch': 1, 'batch': 1, 'batches': 98, 'time_group': 1, 'time_groups': 98, 'history_edges': 0, 'pos_edges': 101, 'neg_edges': 101, 'loss_recent': 8.780647277832031, 'elapsed_sec': 0.2347971759736538, 'avg_sec_per_batch': 0.2347971759736538, 'cuda_allocated_mb': 357, 'cuda_reserved_mb': 816, 'cuda_max_allocated_mb': 1680}
{'event': 'train_time_group', 'epoch': 1, 'time_group': 98, 'time_groups': 98, 'batch': 97, 'batches': 98, 'time_value': 1997.0, 'group_batches': 1, 'history_edges': 19682, 'elapsed_sec': 59.13664234057069, 'cuda_allocated_mb': 333, 'cuda_reserved_mb': 1754, 'cuda_max_allocated_mb': 1680}
{'event': 'train_progress', 'epoch': 1, 'batch': 98, 'batches': 98, 'time_group': 98, 'time_groups': 98, 'history_edges': 19682, 'pos_edges': 318, 'neg_edges': 318, 'loss_recent': 17.896214538690995, 'elapsed_sec': 60.15508294850588, 'avg_sec_per_batch': 0.6138273770255702, 'cuda_allocated_mb': 420, 'cuda_reserved_mb': 1780, 'cuda_max_allocated_mb': 1680}
{'event': 'validation_start', 'epoch': 1}
{'event': 'validation_ranking_start', 'epoch': 1, 'max_edges': 10}
{'event': 'epoch_end', 'epoch': 1, 'early_stop_metric': 'val_composite', 'val_score': 0.19250412184191923, 'val_auc': 0.6564910888671875, 'val_ap': 0.37568388646884504, 'val_ndcg': 0.8421914879612705, 'val_mrr': 0.018215671264212065, 'val_hits@1': 0.0, 'val_hits@10': 0.05, 'val_hits@50': 0.05, 'val_hits@100': 0.15, 'elapsed_sec': 142.78066761419177}
{'candidate': 'global_relpop_frozen_epsilon_probe_h96_r12_a12_p4x4_l1_neg1_lr0p001_hp2_relpopfix48_sr0p05_sa0p001_rl0p005_m0_bpr', 'seed': 1, 'composite': nan, 'val_auc': 0.6564910888671875, 'val_ap': 0.37568388646884504, 'val_ndcg': 0.8421914879612705, 'val_mrr': 0.018215671264212065, 'val_hits@1': 0.0, 'val_hits@10': 0.05, 'val_hits@50': 0.05, 'val_hits@100': 0.15, 'train_loss': 17.896214538690995, 'train_lp': 0.5635571926832199, 'train_align': 3415.2614982760683, 'train_kl': 2525.449609873246, 'train_ood_reg': 0.22294453455477345, 'train_meta': 0.5473918676072237, 'train_struct_aux': 0.8455757486576937, 'train_weighted_align': 17.07630709239415, 'train_weighted_kl': 0.25254495552151784, 'train_weighted_ood_reg': 0.0002229445447910064, 'train_weighted_meta': 0.002736959264290576, 'train_weighted_struct_aux': 0.0008455757847606984, 'train_rank': 0.3795169844311111, 'train_weighted_rank': 0.001897584879770875}
{'event': 'candidate_summary', 'candidate': 'global_relpop_frozen_epsilon_probe_h96_r12_a12_p4x4_l1_neg1_lr0p001_hp2_relpopfix48_sr0p05_sa0p001_rl0p005_m0_bpr', 'score': 0.19250412184191923, 'passes_metric_minima': True, 'means': {'val_auc': 0.6564910888671875, 'val_ap': 0.37568388646884504, 'val_mrr': 0.018215671264212065, 'val_hits@10': 0.05, 'val_ndcg': 0.8421914879612705}, 'seeds_completed': 1}
{'event': 'candidate_seed_start', 'candidate': 'global_relpop_frozen_epsilon_probe_h96_r12_a12_p4x4_l1_neg1_lr0p001_hp4_relpopfix48_sr0p001_sa0p001_rl0p001_m0_bpr', 'seed': 1, 'device': 'cuda', 'node_text_device': 'cuda:0'}
{'event': 'train_seed_start', 'seed': 1, 'train_edges': 20000, 'val_edges': 162066, 'test_edges': 163172, 'num_nodes': 47433, 'num_relations': 566}
{'event': 'train_seed_tensors_ready', 'seed': 1, 'elapsed_sec': 0.025654632598161697, 'cuda_allocated_mb': 122, 'cuda_reserved_mb': 146, 'cuda_max_allocated_mb': 1680}
{'event': 'train_known_facts_ready', 'seed': 1, 'scope': 'train', 'edges': 20000, 'elapsed_sec': 0.030483633279800415}
{'event': 'train_known_facts_ready', 'seed': 1, 'scope': 'train_val', 'edges': 182066, 'elapsed_sec': 0.052663255482912064}
{'event': 'train_sampler_ready', 'seed': 1, 'elapsed_sec': 0.14134058356285095}
{'event': 'val_sampler_ready', 'seed': 1, 'elapsed_sec': 0.22666684910655022}
{'event': 'epoch_start', 'epoch': 1, 'epochs': 1, 'batches': 98, 'time_groups': 98}
{'event': 'train_time_group', 'epoch': 1, 'time_group': 1, 'time_groups': 98, 'batch': 0, 'batches': 98, 'time_value': 1900.0, 'group_batches': 1, 'history_edges': 0, 'elapsed_sec': 0.01818886399269104, 'cuda_allocated_mb': 122, 'cuda_reserved_mb': 146, 'cuda_max_allocated_mb': 1680}
{'event': 'train_progress', 'epoch': 1, 'batch': 1, 'batches': 98, 'time_group': 1, 'time_groups': 98, 'history_edges': 0, 'pos_edges': 101, 'neg_edges': 101, 'loss_recent': 8.780582427978516, 'elapsed_sec': 0.33807819709181786, 'avg_sec_per_batch': 0.33807819709181786, 'cuda_allocated_mb': 357, 'cuda_reserved_mb': 816, 'cuda_max_allocated_mb': 1680}
{'event': 'train_time_group', 'epoch': 1, 'time_group': 98, 'time_groups': 98, 'batch': 97, 'batches': 98, 'time_value': 1997.0, 'group_batches': 1, 'history_edges': 19682, 'elapsed_sec': 50.45773405954242, 'cuda_allocated_mb': 333, 'cuda_reserved_mb': 1756, 'cuda_max_allocated_mb': 1680}
{'event': 'train_progress', 'epoch': 1, 'batch': 98, 'batches': 98, 'time_group': 98, 'time_groups': 98, 'history_edges': 19682, 'pos_edges': 318, 'neg_edges': 318, 'loss_recent': 17.985185662094427, 'elapsed_sec': 51.38019285723567, 'avg_sec_per_batch': 0.5242876822166905, 'cuda_allocated_mb': 420, 'cuda_reserved_mb': 1780, 'cuda_max_allocated_mb': 1680}
{'event': 'validation_start', 'epoch': 1}
{'event': 'validation_ranking_start', 'epoch': 1, 'max_edges': 10}
{'event': 'epoch_end', 'epoch': 1, 'early_stop_metric': 'val_composite', 'val_score': 0.19114620373625385, 'val_auc': 0.6562591552734376, 'val_ap': 0.368917893927381, 'val_ndcg': 0.8395869569554398, 'val_mrr': 0.018073732375861677, 'val_hits@1': 0.0, 'val_hits@10': 0.05, 'val_hits@50': 0.05, 'val_hits@100': 0.1, 'elapsed_sec': 121.70870884135365}
{'candidate': 'global_relpop_frozen_epsilon_probe_h96_r12_a12_p4x4_l1_neg1_lr0p001_hp4_relpopfix48_sr0p001_sa0p001_rl0p001_m0_bpr', 'seed': 1, 'composite': nan, 'val_auc': 0.6562591552734376, 'val_ap': 0.368917893927381, 'val_ndcg': 0.8395869569554398, 'val_mrr': 0.018073732375861677, 'val_hits@1': 0.0, 'val_hits@10': 0.05, 'val_hits@50': 0.05, 'val_hits@100': 0.1, 'train_loss': 17.985185662094427, 'train_lp': 0.6407352193277709, 'train_align': 3415.594005351164, 'train_kl': 2623.387325987524, 'train_ood_reg': 0.2226040760169224, 'train_meta': 0.6289303608390749, 'train_struct_aux': 0.7748896570838227, 'train_weighted_align': 17.077969653265818, 'train_weighted_kl': 0.2623387260020387, 'train_weighted_ood_reg': 0.00022260408640045634, 'train_weighted_meta': 0.003144651727408779, 'train_weighted_struct_aux': 0.0007748896908252595, 'train_rank': 0.3575517416608577, 'train_weighted_rank': 0.0003575517591659208}
{'event': 'candidate_summary', 'candidate': 'global_relpop_frozen_epsilon_probe_h96_r12_a12_p4x4_l1_neg1_lr0p001_hp4_relpopfix48_sr0p001_sa0p001_rl0p001_m0_bpr', 'score': 0.19114620373625385, 'passes_metric_minima': True, 'means': {'val_auc': 0.6562591552734376, 'val_ap': 0.368917893927381, 'val_mrr': 0.018073732375861677, 'val_hits@10': 0.05, 'val_ndcg': 0.8395869569554398}, 'seeds_completed': 1}
{'event': 'candidate_seed_start', 'candidate': 'global_relpop_frozen_epsilon_probe_h96_r12_a12_p4x4_l1_neg1_lr0p001_hp4_relpopfix48_sr0p01_sa0p001_rl0p001_m0_bpr', 'seed': 1, 'device': 'cuda', 'node_text_device': 'cuda:0'}
{'event': 'train_seed_start', 'seed': 1, 'train_edges': 20000, 'val_edges': 162066, 'test_edges': 163172, 'num_nodes': 47433, 'num_relations': 566}
{'event': 'train_seed_tensors_ready', 'seed': 1, 'elapsed_sec': 0.028021536767482758, 'cuda_allocated_mb': 122, 'cuda_reserved_mb': 146, 'cuda_max_allocated_mb': 1680}
{'event': 'train_known_facts_ready', 'seed': 1, 'scope': 'train', 'edges': 20000, 'elapsed_sec': 0.03132008761167526}
{'event': 'train_known_facts_ready', 'seed': 1, 'scope': 'train_val', 'edges': 182066, 'elapsed_sec': 0.04826144129037857}
{'event': 'train_sampler_ready', 'seed': 1, 'elapsed_sec': 0.13489195331931114}
{'event': 'val_sampler_ready', 'seed': 1, 'elapsed_sec': 0.22011594101786613}
{'event': 'epoch_start', 'epoch': 1, 'epochs': 1, 'batches': 98, 'time_groups': 98}
{'event': 'train_time_group', 'epoch': 1, 'time_group': 1, 'time_groups': 98, 'batch': 0, 'batches': 98, 'time_value': 1900.0, 'group_batches': 1, 'history_edges': 0, 'elapsed_sec': 0.01833226904273033, 'cuda_allocated_mb': 122, 'cuda_reserved_mb': 146, 'cuda_max_allocated_mb': 1680}
{'event': 'train_progress', 'epoch': 1, 'batch': 1, 'batches': 98, 'time_group': 1, 'time_groups': 98, 'history_edges': 0, 'pos_edges': 101, 'neg_edges': 101, 'loss_recent': 8.780591011047363, 'elapsed_sec': 0.46807776018977165, 'avg_sec_per_batch': 0.46807776018977165, 'cuda_allocated_mb': 357, 'cuda_reserved_mb': 816, 'cuda_max_allocated_mb': 1680}
{'event': 'train_time_group', 'epoch': 1, 'time_group': 98, 'time_groups': 98, 'batch': 97, 'batches': 98, 'time_value': 1997.0, 'group_batches': 1, 'history_edges': 19682, 'elapsed_sec': 99.01478672027588, 'cuda_allocated_mb': 333, 'cuda_reserved_mb': 1756, 'cuda_max_allocated_mb': 1680}
{'event': 'train_progress', 'epoch': 1, 'batch': 98, 'batches': 98, 'time_group': 98, 'time_groups': 98, 'history_edges': 19682, 'pos_edges': 318, 'neg_edges': 318, 'loss_recent': 17.984854099701863, 'elapsed_sec': 100.71608632430434, 'avg_sec_per_batch': 1.027715166574534, 'cuda_allocated_mb': 420, 'cuda_reserved_mb': 1780, 'cuda_max_allocated_mb': 1680}
{'event': 'validation_start', 'epoch': 1}
{'event': 'validation_ranking_start', 'epoch': 1, 'max_edges': 10}
{'event': 'epoch_end', 'epoch': 1, 'early_stop_metric': 'val_composite', 'val_score': 0.1911184632056132, 'val_auc': 0.6560577392578125, 'val_ap': 0.36878810358870534, 'val_ndcg': 0.8395354319087126, 'val_mrr': 0.018087635027091018, 'val_hits@1': 0.0, 'val_hits@10': 0.05, 'val_hits@50': 0.05, 'val_hits@100': 0.1, 'elapsed_sec': 186.4457504786551}
{'candidate': 'global_relpop_frozen_epsilon_probe_h96_r12_a12_p4x4_l1_neg1_lr0p001_hp4_relpopfix48_sr0p01_sa0p001_rl0p001_m0_bpr', 'seed': 1, 'composite': nan, 'val_auc': 0.6560577392578125, 'val_ap': 0.36878810358870534, 'val_ndcg': 0.8395354319087126, 'val_mrr': 0.018087635027091018, 'val_hits@1': 0.0, 'val_hits@10': 0.05, 'val_hits@50': 0.05, 'val_hits@100': 0.1, 'train_loss': 17.984854099701863, 'train_lp': 0.6401815700287722, 'train_align': 3415.595060387436, 'train_kl': 2624.278561961894, 'train_ood_reg': 0.22261943090326933, 'train_meta': 0.6282649487257004, 'train_struct_aux': 0.9057676281247821, 'train_weighted_align': 17.077975005519633, 'train_weighted_kl': 0.26242784999919183, 'train_weighted_ood_reg': 0.0002226194411953341, 'train_weighted_meta': 0.003141324680859261, 'train_weighted_struct_aux': 0.0009057676729660633, 'train_rank': 0.3576837102977597, 'train_weighted_rank': 0.00035768372781232606}
{'event': 'candidate_summary', 'candidate': 'global_relpop_frozen_epsilon_probe_h96_r12_a12_p4x4_l1_neg1_lr0p001_hp4_relpopfix48_sr0p01_sa0p001_rl0p001_m0_bpr', 'score': 0.1911184632056132, 'passes_metric_minima': True, 'means': {'val_auc': 0.6560577392578125, 'val_ap': 0.36878810358870534, 'val_mrr': 0.018087635027091018, 'val_hits@10': 0.05, 'val_ndcg': 0.8395354319087126}, 'seeds_completed': 1}
{'event': 'candidate_seed_start', 'candidate': 'global_relpop_frozen_epsilon_probe_h96_r12_a12_p4x4_l1_neg1_lr0p001_hp4_relpopfix48_sr0p05_sa0p001_rl0p001_m0_bpr', 'seed': 1, 'device': 'cuda', 'node_text_device': 'cuda:0'}
{'event': 'train_seed_start', 'seed': 1, 'train_edges': 20000, 'val_edges': 162066, 'test_edges': 163172, 'num_nodes': 47433, 'num_relations': 566}
{'event': 'train_seed_tensors_ready', 'seed': 1, 'elapsed_sec': 0.046469446271657944, 'cuda_allocated_mb': 122, 'cuda_reserved_mb': 146, 'cuda_max_allocated_mb': 1680}
{'event': 'train_known_facts_ready', 'seed': 1, 'scope': 'train', 'edges': 20000, 'elapsed_sec': 0.04968440905213356}
{'event': 'train_known_facts_ready', 'seed': 1, 'scope': 'train_val', 'edges': 182066, 'elapsed_sec': 0.0675058402121067}
{'event': 'train_sampler_ready', 'seed': 1, 'elapsed_sec': 0.15640688315033913}
{'event': 'val_sampler_ready', 'seed': 1, 'elapsed_sec': 0.24376287311315536}
{'event': 'epoch_start', 'epoch': 1, 'epochs': 1, 'batches': 98, 'time_groups': 98}
{'event': 'train_time_group', 'epoch': 1, 'time_group': 1, 'time_groups': 98, 'batch': 0, 'batches': 98, 'time_value': 1900.0, 'group_batches': 1, 'history_edges': 0, 'elapsed_sec': 0.02607334777712822, 'cuda_allocated_mb': 122, 'cuda_reserved_mb': 146, 'cuda_max_allocated_mb': 1680}
{'event': 'train_progress', 'epoch': 1, 'batch': 1, 'batches': 98, 'time_group': 1, 'time_groups': 98, 'history_edges': 0, 'pos_edges': 101, 'neg_edges': 101, 'loss_recent': 8.780647277832031, 'elapsed_sec': 0.459127776324749, 'avg_sec_per_batch': 0.459127776324749, 'cuda_allocated_mb': 357, 'cuda_reserved_mb': 816, 'cuda_max_allocated_mb': 1680}
{'event': 'train_time_group', 'epoch': 1, 'time_group': 98, 'time_groups': 98, 'batch': 97, 'batches': 98, 'time_value': 1997.0, 'group_batches': 1, 'history_edges': 19682, 'elapsed_sec': 81.793109215796, 'cuda_allocated_mb': 333, 'cuda_reserved_mb': 1756, 'cuda_max_allocated_mb': 1680}
{'event': 'train_progress', 'epoch': 1, 'batch': 98, 'batches': 98, 'time_group': 98, 'time_groups': 98, 'history_edges': 19682, 'pos_edges': 318, 'neg_edges': 318, 'loss_recent': 17.982773542404175, 'elapsed_sec': 83.14380908757448, 'avg_sec_per_batch': 0.8484062151793315, 'cuda_allocated_mb': 420, 'cuda_reserved_mb': 1780, 'cuda_max_allocated_mb': 1680}
{'event': 'validation_start', 'epoch': 1}
{'event': 'validation_ranking_start', 'epoch': 1, 'max_edges': 10}
{'event': 'epoch_end', 'epoch': 1, 'early_stop_metric': 'val_composite', 'val_score': 0.1909177196292529, 'val_auc': 0.65648193359375, 'val_ap': 0.3676651500419417, 'val_ndcg': 0.8390815063439867, 'val_mrr': 0.018071399617750925, 'val_hits@1': 0.0, 'val_hits@10': 0.05, 'val_hits@50': 0.05, 'val_hits@100': 0.1, 'elapsed_sec': 171.75895014032722}
{'candidate': 'global_relpop_frozen_epsilon_probe_h96_r12_a12_p4x4_l1_neg1_lr0p001_hp4_relpopfix48_sr0p05_sa0p001_rl0p001_m0_bpr', 'seed': 1, 'composite': nan, 'val_auc': 0.65648193359375, 'val_ap': 0.3676651500419417, 'val_ndcg': 0.8390815063439867, 'val_mrr': 0.018071399617750925, 'val_hits@1': 0.0, 'val_hits@10': 0.05, 'val_hits@50': 0.05, 'val_hits@100': 0.1, 'train_loss': 17.982773542404175, 'train_lp': 0.637906090337403, 'train_align': 3415.5980722855547, 'train_kl': 2625.246179697465, 'train_ood_reg': 0.2226440999276784, 'train_meta': 0.6257960121242367, 'train_struct_aux': 1.001217551377355, 'train_weighted_align': 17.077989957770523, 'train_weighted_kl': 0.2625246110315226, 'train_weighted_ood_reg': 0.00022264411099782517, 'train_weighted_meta': 0.0031289799965689984, 'train_weighted_struct_aux': 0.00100121759911714, 'train_rank': 0.3578114576485692, 'train_weighted_rank': 0.00035781147580935945}
{'event': 'candidate_summary', 'candidate': 'global_relpop_frozen_epsilon_probe_h96_r12_a12_p4x4_l1_neg1_lr0p001_hp4_relpopfix48_sr0p05_sa0p001_rl0p001_m0_bpr', 'score': 0.1909177196292529, 'passes_metric_minima': True, 'means': {'val_auc': 0.65648193359375, 'val_ap': 0.3676651500419417, 'val_mrr': 0.018071399617750925, 'val_hits@10': 0.05, 'val_ndcg': 0.8390815063439867}, 'seeds_completed': 1}
{'event': 'candidate_seed_start', 'candidate': 'global_relpop_frozen_epsilon_probe_h96_r12_a12_p4x4_l1_neg1_lr0p001_hp4_relpopfix48_sr0p001_sa0p001_rl0p005_m0_bpr', 'seed': 1, 'device': 'cuda', 'node_text_device': 'cuda:0'}
{'event': 'train_seed_start', 'seed': 1, 'train_edges': 20000, 'val_edges': 162066, 'test_edges': 163172, 'num_nodes': 47433, 'num_relations': 566}
{'event': 'train_seed_tensors_ready', 'seed': 1, 'elapsed_sec': 0.052057359367609024, 'cuda_allocated_mb': 122, 'cuda_reserved_mb': 146, 'cuda_max_allocated_mb': 1680}
{'event': 'train_known_facts_ready', 'seed': 1, 'scope': 'train', 'edges': 20000, 'elapsed_sec': 0.05586029961705208}
{'event': 'train_known_facts_ready', 'seed': 1, 'scope': 'train_val', 'edges': 182066, 'elapsed_sec': 0.07274055853486061}
{'event': 'train_sampler_ready', 'seed': 1, 'elapsed_sec': 0.17092105001211166}
{'event': 'val_sampler_ready', 'seed': 1, 'elapsed_sec': 0.2581298425793648}
{'event': 'epoch_start', 'epoch': 1, 'epochs': 1, 'batches': 98, 'time_groups': 98}
{'event': 'train_time_group', 'epoch': 1, 'time_group': 1, 'time_groups': 98, 'batch': 0, 'batches': 98, 'time_value': 1900.0, 'group_batches': 1, 'history_edges': 0, 'elapsed_sec': 0.025534387677907944, 'cuda_allocated_mb': 122, 'cuda_reserved_mb': 146, 'cuda_max_allocated_mb': 1680}
{'event': 'train_progress', 'epoch': 1, 'batch': 1, 'batches': 98, 'time_group': 1, 'time_groups': 98, 'history_edges': 0, 'pos_edges': 101, 'neg_edges': 101, 'loss_recent': 8.780582427978516, 'elapsed_sec': 0.5944296233355999, 'avg_sec_per_batch': 0.5944296233355999, 'cuda_allocated_mb': 357, 'cuda_reserved_mb': 816, 'cuda_max_allocated_mb': 1680}
{'event': 'train_time_group', 'epoch': 1, 'time_group': 98, 'time_groups': 98, 'batch': 97, 'batches': 98, 'time_value': 1997.0, 'group_batches': 1, 'history_edges': 19682, 'elapsed_sec': 118.20915895700455, 'cuda_allocated_mb': 333, 'cuda_reserved_mb': 1756, 'cuda_max_allocated_mb': 1680}
{'event': 'train_progress', 'epoch': 1, 'batch': 98, 'batches': 98, 'time_group': 98, 'time_groups': 98, 'history_edges': 19682, 'pos_edges': 318, 'neg_edges': 318, 'loss_recent': 17.985178601985076, 'elapsed_sec': 120.11138913780451, 'avg_sec_per_batch': 1.2256264197735154, 'cuda_allocated_mb': 420, 'cuda_reserved_mb': 1780, 'cuda_max_allocated_mb': 1680}
{'event': 'validation_start', 'epoch': 1}
{'event': 'validation_ranking_start', 'epoch': 1, 'max_edges': 10}
{'event': 'epoch_end', 'epoch': 1, 'early_stop_metric': 'val_composite', 'val_score': 0.19119597536845528, 'val_auc': 0.6562469482421874, 'val_ap': 0.36918453666863676, 'val_ndcg': 0.8396888948497813, 'val_mrr': 0.018074115942144527, 'val_hits@1': 0.0, 'val_hits@10': 0.05, 'val_hits@50': 0.05, 'val_hits@100': 0.1, 'elapsed_sec': 210.5562592446804}
{'candidate': 'global_relpop_frozen_epsilon_probe_h96_r12_a12_p4x4_l1_neg1_lr0p001_hp4_relpopfix48_sr0p001_sa0p001_rl0p005_m0_bpr', 'seed': 1, 'composite': nan, 'val_auc': 0.6562469482421874, 'val_ap': 0.36918453666863676, 'val_ndcg': 0.8396888948497813, 'val_mrr': 0.018074115942144527, 'val_hits@1': 0.0, 'val_hits@10': 0.05, 'val_hits@50': 0.05, 'val_hits@100': 0.1, 'train_loss': 17.985178601985076, 'train_lp': 0.6407626818637459, 'train_align': 3415.593397490832, 'train_kl': 2623.0685381208145, 'train_ood_reg': 0.22260061271336615, 'train_meta': 0.6289943201201302, 'train_struct_aux': 0.7749570218884215, 'train_weighted_align': 17.07796659274977, 'train_weighted_kl': 0.26230684785666514, 'train_weighted_ood_reg': 0.00022260062289614308, 'train_weighted_meta': 0.003144971521485749, 'train_weighted_struct_aux': 0.0007749570602532096, 'train_rank': 0.3575024391923632, 'train_weighted_rank': 0.0017875121604670218}
{'event': 'candidate_summary', 'candidate': 'global_relpop_frozen_epsilon_probe_h96_r12_a12_p4x4_l1_neg1_lr0p001_hp4_relpopfix48_sr0p001_sa0p001_rl0p005_m0_bpr', 'score': 0.19119597536845528, 'passes_metric_minima': True, 'means': {'val_auc': 0.6562469482421874, 'val_ap': 0.36918453666863676, 'val_mrr': 0.018074115942144527, 'val_hits@10': 0.05, 'val_ndcg': 0.8396888948497813}, 'seeds_completed': 1}
{'event': 'candidate_seed_start', 'candidate': 'global_relpop_frozen_epsilon_probe_h96_r12_a12_p4x4_l1_neg1_lr0p001_hp4_relpopfix48_sr0p01_sa0p001_rl0p005_m0_bpr', 'seed': 1, 'device': 'cuda', 'node_text_device': 'cuda:0'}
{'event': 'train_seed_start', 'seed': 1, 'train_edges': 20000, 'val_edges': 162066, 'test_edges': 163172, 'num_nodes': 47433, 'num_relations': 566}
{'event': 'train_seed_tensors_ready', 'seed': 1, 'elapsed_sec': 0.03997458890080452, 'cuda_allocated_mb': 122, 'cuda_reserved_mb': 146, 'cuda_max_allocated_mb': 1680}
{'event': 'train_known_facts_ready', 'seed': 1, 'scope': 'train', 'edges': 20000, 'elapsed_sec': 0.044282831251621246}
{'event': 'train_known_facts_ready', 'seed': 1, 'scope': 'train_val', 'edges': 182066, 'elapsed_sec': 0.06311260908842087}
{'event': 'train_sampler_ready', 'seed': 1, 'elapsed_sec': 0.15985961630940437}
{'event': 'val_sampler_ready', 'seed': 1, 'elapsed_sec': 0.26227953657507896}
{'event': 'epoch_start', 'epoch': 1, 'epochs': 1, 'batches': 98, 'time_groups': 98}
{'event': 'train_time_group', 'epoch': 1, 'time_group': 1, 'time_groups': 98, 'batch': 0, 'batches': 98, 'time_value': 1900.0, 'group_batches': 1, 'history_edges': 0, 'elapsed_sec': 0.017680685967206955, 'cuda_allocated_mb': 122, 'cuda_reserved_mb': 146, 'cuda_max_allocated_mb': 1680}
{'event': 'train_progress', 'epoch': 1, 'batch': 1, 'batches': 98, 'time_group': 1, 'time_groups': 98, 'history_edges': 0, 'pos_edges': 101, 'neg_edges': 101, 'loss_recent': 8.780591011047363, 'elapsed_sec': 0.5130916237831116, 'avg_sec_per_batch': 0.5130916237831116, 'cuda_allocated_mb': 357, 'cuda_reserved_mb': 816, 'cuda_max_allocated_mb': 1680}
{'event': 'train_time_group', 'epoch': 1, 'time_group': 98, 'time_groups': 98, 'batch': 97, 'batches': 98, 'time_value': 1997.0, 'group_batches': 1, 'history_edges': 19682, 'elapsed_sec': 94.42358599603176, 'cuda_allocated_mb': 333, 'cuda_reserved_mb': 1756, 'cuda_max_allocated_mb': 1680}
{'event': 'train_progress', 'epoch': 1, 'batch': 98, 'batches': 98, 'time_group': 98, 'time_groups': 98, 'history_edges': 19682, 'pos_edges': 318, 'neg_edges': 318, 'loss_recent': 17.984744047632024, 'elapsed_sec': 96.27882668748498, 'avg_sec_per_batch': 0.9824370070151529, 'cuda_allocated_mb': 420, 'cuda_reserved_mb': 1780, 'cuda_max_allocated_mb': 1680}
{'event': 'validation_start', 'epoch': 1}
{'event': 'validation_ranking_start', 'epoch': 1, 'max_edges': 10}
{'event': 'epoch_end', 'epoch': 1, 'early_stop_metric': 'val_composite', 'val_score': 0.19119066028310616, 'val_auc': 0.6562011718750002, 'val_ap': 0.3691673153482673, 'val_ndcg': 0.8396893423135727, 'val_mrr': 0.01807314031151756, 'val_hits@1': 0.0, 'val_hits@10': 0.05, 'val_hits@50': 0.05, 'val_hits@100': 0.1, 'elapsed_sec': 188.42065630108118}
{'candidate': 'global_relpop_frozen_epsilon_probe_h96_r12_a12_p4x4_l1_neg1_lr0p001_hp4_relpopfix48_sr0p01_sa0p001_rl0p005_m0_bpr', 'seed': 1, 'composite': nan, 'val_auc': 0.6562011718750002, 'val_ap': 0.3691673153482673, 'val_ndcg': 0.8396893423135727, 'val_mrr': 0.01807314031151756, 'val_hits@1': 0.0, 'val_hits@10': 0.05, 'val_hits@50': 0.05, 'val_hits@100': 0.1, 'train_loss': 17.984744047632024, 'train_lp': 0.6401640128116218, 'train_align': 3415.5934224031407, 'train_kl': 2623.428184042172, 'train_ood_reg': 0.22261356805660287, 'train_meta': 0.6284127296233664, 'train_struct_aux': 0.9055069253152731, 'train_weighted_align': 17.077966801974238, 'train_weighted_kl': 0.2623428110489432, 'train_weighted_ood_reg': 0.00022261357751594173, 'train_weighted_meta': 0.0031420635700948082, 'train_weighted_struct_aux': 0.0009055069691682121, 'train_rank': 0.35762833545402606, 'train_weighted_rank': 0.0017881416406824576}
{'event': 'candidate_summary', 'candidate': 'global_relpop_frozen_epsilon_probe_h96_r12_a12_p4x4_l1_neg1_lr0p001_hp4_relpopfix48_sr0p01_sa0p001_rl0p005_m0_bpr', 'score': 0.19119066028310616, 'passes_metric_minima': True, 'means': {'val_auc': 0.6562011718750002, 'val_ap': 0.3691673153482673, 'val_mrr': 0.01807314031151756, 'val_hits@10': 0.05, 'val_ndcg': 0.8396893423135727}, 'seeds_completed': 1}
{'event': 'candidate_seed_start', 'candidate': 'global_relpop_frozen_epsilon_probe_h96_r12_a12_p4x4_l1_neg1_lr0p001_hp4_relpopfix48_sr0p05_sa0p001_rl0p005_m0_bpr', 'seed': 1, 'device': 'cuda', 'node_text_device': 'cuda:0'}
{'event': 'train_seed_start', 'seed': 1, 'train_edges': 20000, 'val_edges': 162066, 'test_edges': 163172, 'num_nodes': 47433, 'num_relations': 566}
{'event': 'train_seed_tensors_ready', 'seed': 1, 'elapsed_sec': 0.042768899351358414, 'cuda_allocated_mb': 122, 'cuda_reserved_mb': 146, 'cuda_max_allocated_mb': 1680}
{'event': 'train_known_facts_ready', 'seed': 1, 'scope': 'train', 'edges': 20000, 'elapsed_sec': 0.04601925238966942}
{'event': 'train_known_facts_ready', 'seed': 1, 'scope': 'train_val', 'edges': 182066, 'elapsed_sec': 0.06296208500862122}
{'event': 'train_sampler_ready', 'seed': 1, 'elapsed_sec': 0.1590845249593258}
{'event': 'val_sampler_ready', 'seed': 1, 'elapsed_sec': 0.24584295228123665}
{'event': 'epoch_start', 'epoch': 1, 'epochs': 1, 'batches': 98, 'time_groups': 98}
{'event': 'train_time_group', 'epoch': 1, 'time_group': 1, 'time_groups': 98, 'batch': 0, 'batches': 98, 'time_value': 1900.0, 'group_batches': 1, 'history_edges': 0, 'elapsed_sec': 0.03493065759539604, 'cuda_allocated_mb': 122, 'cuda_reserved_mb': 146, 'cuda_max_allocated_mb': 1680}
{'event': 'train_progress', 'epoch': 1, 'batch': 1, 'batches': 98, 'time_group': 1, 'time_groups': 98, 'history_edges': 0, 'pos_edges': 101, 'neg_edges': 101, 'loss_recent': 8.780647277832031, 'elapsed_sec': 0.6130538359284401, 'avg_sec_per_batch': 0.6130538359284401, 'cuda_allocated_mb': 357, 'cuda_reserved_mb': 816, 'cuda_max_allocated_mb': 1680}
{'event': 'train_time_group', 'epoch': 1, 'time_group': 98, 'time_groups': 98, 'batch': 97, 'batches': 98, 'time_value': 1997.0, 'group_batches': 1, 'history_edges': 19682, 'elapsed_sec': 105.96562192589045, 'cuda_allocated_mb': 333, 'cuda_reserved_mb': 1756, 'cuda_max_allocated_mb': 1680}
{'event': 'train_progress', 'epoch': 1, 'batch': 98, 'batches': 98, 'time_group': 98, 'time_groups': 98, 'history_edges': 19682, 'pos_edges': 318, 'neg_edges': 318, 'loss_recent': 17.98281369403917, 'elapsed_sec': 107.5610574297607, 'avg_sec_per_batch': 1.0975618105077622, 'cuda_allocated_mb': 420, 'cuda_reserved_mb': 1780, 'cuda_max_allocated_mb': 1680}
{'event': 'validation_start', 'epoch': 1}
{'event': 'validation_ranking_start', 'epoch': 1, 'max_edges': 10}
{'event': 'epoch_end', 'epoch': 1, 'early_stop_metric': 'val_composite', 'val_score': 0.19095207349789067, 'val_auc': 0.6565704345703124, 'val_ap': 0.36782064983809587, 'val_ndcg': 0.8391469814284985, 'val_mrr': 0.018071512301621625, 'val_hits@1': 0.0, 'val_hits@10': 0.05, 'val_hits@50': 0.05, 'val_hits@100': 0.1, 'elapsed_sec': 203.7845447510481}
{'candidate': 'global_relpop_frozen_epsilon_probe_h96_r12_a12_p4x4_l1_neg1_lr0p001_hp4_relpopfix48_sr0p05_sa0p001_rl0p005_m0_bpr', 'seed': 1, 'composite': nan, 'val_auc': 0.6565704345703124, 'val_ap': 0.36782064983809587, 'val_ndcg': 0.8391469814284985, 'val_mrr': 0.018071512301621625, 'val_hits@1': 0.0, 'val_hits@10': 0.05, 'val_hits@50': 0.05, 'val_hits@100': 0.1, 'train_loss': 17.98281369403917, 'train_lp': 0.6379713841847011, 'train_align': 3415.5973498286035, 'train_kl': 2625.034889688297, 'train_ood_reg': 0.22264240286788162, 'train_meta': 0.6258556514370198, 'train_struct_aux': 1.0006821173794416, 'train_weighted_align': 17.07798636689478, 'train_weighted_kl': 0.26250348152706815, 'train_weighted_ood_reg': 0.0002226424139178339, 'train_weighted_meta': 0.003129278194415858, 'train_weighted_struct_aux': 0.0010006821628812017, 'train_rank': 0.3577525481885793, 'train_weighted_rank': 0.0017887627069211127}
{'event': 'candidate_summary', 'candidate': 'global_relpop_frozen_epsilon_probe_h96_r12_a12_p4x4_l1_neg1_lr0p001_hp4_relpopfix48_sr0p05_sa0p001_rl0p005_m0_bpr', 'score': 0.19095207349789067, 'passes_metric_minima': True, 'means': {'val_auc': 0.6565704345703124, 'val_ap': 0.36782064983809587, 'val_mrr': 0.018071512301621625, 'val_hits@10': 0.05, 'val_ndcg': 0.8391469814284985}, 'seeds_completed': 1}
