runtime_device=cuda
cuda_device=Tesla V100-PCIE-32GB
{'event': 'candidate_seed_start', 'candidate': 'global_unified_sota_probe_h96_r12_a12_p4x4_l1_neg1_lr0p001_hp0p1_sr0p25_sa0p1_rl0p05_m0_bpr_crl0p005_cs8_both_cq16', 'seed': 1, 'device': 'cuda', 'node_text_device': 'cuda:0'}
{'event': 'train_seed_start', 'seed': 1, 'train_edges': 20000, 'val_edges': 14592, 'test_edges': 14378, 'num_nodes': 7128, 'num_relations': 230}
{'event': 'train_seed_tensors_ready', 'seed': 1, 'elapsed_sec': 0.008810605853796005, 'cuda_allocated_mb': 21, 'cuda_reserved_mb': 24, 'cuda_max_allocated_mb': 21}
{'event': 'train_known_facts_ready', 'seed': 1, 'scope': 'train', 'edges': 20000, 'elapsed_sec': 0.012288276106119156}
{'event': 'train_known_facts_ready', 'seed': 1, 'scope': 'train_val', 'edges': 34592, 'elapsed_sec': 0.016510922461748123}
{'event': 'train_sampler_ready', 'seed': 1, 'elapsed_sec': 0.06762899830937386}
{'event': 'val_sampler_ready', 'seed': 1, 'elapsed_sec': 0.12109005823731422}
{'event': 'epoch_start', 'epoch': 1, 'epochs': 1, 'batches': 255, 'time_groups': 255}
{'event': 'train_time_group', 'epoch': 1, 'time_group': 1, 'time_groups': 255, 'batch': 0, 'batches': 255, 'time_value': 1388534400.0, 'group_batches': 1, 'history_edges': 0, 'elapsed_sec': 0.20151200518012047, 'cuda_allocated_mb': 22, 'cuda_reserved_mb': 24, 'cuda_max_allocated_mb': 22}
{'event': 'train_progress', 'epoch': 1, 'batch': 1, 'batches': 255, 'time_group': 1, 'time_groups': 255, 'history_edges': 0, 'pos_edges': 37, 'neg_edges': 37, 'loss_recent': 3.113133668899536, 'elapsed_sec': 1.6358289793133736, 'avg_sec_per_batch': 1.6358289793133736, 'cuda_allocated_mb': 91, 'cuda_reserved_mb': 176, 'cuda_max_allocated_mb': 152}
{'event': 'train_progress', 'epoch': 1, 'batch': 100, 'batches': 255, 'time_group': 100, 'time_groups': 255, 'history_edges': 7713, 'pos_edges': 83, 'neg_edges': 83, 'loss_recent': 5.049032986164093, 'elapsed_sec': 62.53666887059808, 'avg_sec_per_batch': 0.6253666887059808, 'cuda_allocated_mb': 93, 'cuda_reserved_mb': 426, 'cuda_max_allocated_mb': 371}
{'event': 'train_progress', 'epoch': 1, 'batch': 200, 'batches': 255, 'time_group': 200, 'time_groups': 255, 'history_edges': 15787, 'pos_edges': 53, 'neg_edges': 53, 'loss_recent': 4.317707523107528, 'elapsed_sec': 115.74520252272487, 'avg_sec_per_batch': 0.5787260126136243, 'cuda_allocated_mb': 93, 'cuda_reserved_mb': 566, 'cuda_max_allocated_mb': 500}
{'event': 'train_time_group', 'epoch': 1, 'time_group': 255, 'time_groups': 255, 'batch': 254, 'batches': 255, 'time_value': 1410480000.0, 'group_batches': 1, 'history_edges': 19896, 'elapsed_sec': 141.3473422639072, 'cuda_allocated_mb': 86, 'cuda_reserved_mb': 646, 'cuda_max_allocated_mb': 570}
{'event': 'train_progress', 'epoch': 1, 'batch': 255, 'batches': 255, 'time_group': 255, 'time_groups': 255, 'history_edges': 19896, 'pos_edges': 104, 'neg_edges': 104, 'loss_recent': 3.9921245908737184, 'elapsed_sec': 141.86784325167537, 'avg_sec_per_batch': 0.5563444833399034, 'cuda_allocated_mb': 94, 'cuda_reserved_mb': 646, 'cuda_max_allocated_mb': 570}
{'event': 'validation_start', 'epoch': 1}
{'event': 'validation_ranking_start', 'epoch': 1, 'max_edges': 10}
{'event': 'epoch_end', 'epoch': 1, 'early_stop_metric': 'val_composite', 'val_score': 0.41280983562648815, 'val_auc': 0.8062194824218749, 'val_ap': 0.6685395423389602, 'val_ndcg': 0.9300724853237747, 'val_mrr': 0.19842136324434576, 'val_hits@1': 0.1, 'val_hits@10': 0.4, 'val_hits@50': 0.5, 'val_hits@100': 0.5, 'elapsed_sec': 155.9105234965682}
{'candidate': 'global_unified_sota_probe_h96_r12_a12_p4x4_l1_neg1_lr0p001_hp0p1_sr0p25_sa0p1_rl0p05_m0_bpr_crl0p005_cs8_both_cq16', 'seed': 1, 'composite': nan, 'val_auc': 0.8062194824218749, 'val_ap': 0.6685395423389602, 'val_ndcg': 0.9300724853237747, 'val_mrr': 0.19842136324434576, 'val_hits@1': 0.1, 'val_hits@10': 0.4, 'val_hits@50': 0.5, 'val_hits@100': 0.5, 'train_loss': 4.491308049594655, 'train_lp': 0.5147929971124612, 'train_align': 730.511843213848, 'train_kl': 2644.31927466299, 'train_ood_reg': 0.2300319995365891, 'train_meta': 0.5082623639527489, 'train_struct_aux': 0.5675267227724486, 'train_weighted_align': 3.652559135474411, 'train_weighted_kl': 0.264431920764493, 'train_weighted_ood_reg': 0.00023003201058600098, 'train_weighted_meta': 0.0025413117618026102, 'train_weighted_struct_aux': 0.05675267312748759, 'train_rank': 0.3772955710104868, 'train_weighted_rank': 0.01886477892414904, 'train_candidate_rank': 1.3312459090176751, 'train_weighted_candidate_rank': 0.0066562294037830014}
{'event': 'candidate_summary', 'candidate': 'global_unified_sota_probe_h96_r12_a12_p4x4_l1_neg1_lr0p001_hp0p1_sr0p25_sa0p1_rl0p05_m0_bpr_crl0p005_cs8_both_cq16', 'score': 0.41280983562648815, 'passes_metric_minima': True, 'means': {'val_auc': 0.8062194824218749, 'val_ap': 0.6685395423389602, 'val_mrr': 0.19842136324434576, 'val_hits@10': 0.4, 'val_ndcg': 0.9300724853237747}, 'seeds_completed': 1}
{'event': 'candidate_seed_start', 'candidate': 'global_unified_sota_probe_h96_r12_a12_p4x4_l1_neg1_lr0p001_hp0p1_sr0p35_sa0p1_rl0p05_m0_bpr_crl0p005_cs8_both_cq16', 'seed': 1, 'device': 'cuda', 'node_text_device': 'cuda:0'}
{'event': 'train_seed_start', 'seed': 1, 'train_edges': 20000, 'val_edges': 14592, 'test_edges': 14378, 'num_nodes': 7128, 'num_relations': 230}
{'event': 'train_seed_tensors_ready', 'seed': 1, 'elapsed_sec': 0.020289264619350433, 'cuda_allocated_mb': 37, 'cuda_reserved_mb': 64, 'cuda_max_allocated_mb': 570}
{'event': 'train_known_facts_ready', 'seed': 1, 'scope': 'train', 'edges': 20000, 'elapsed_sec': 0.023670513182878494}
{'event': 'train_known_facts_ready', 'seed': 1, 'scope': 'train_val', 'edges': 34592, 'elapsed_sec': 0.027912411838769913}
{'event': 'train_sampler_ready', 'seed': 1, 'elapsed_sec': 0.08172039687633514}
{'event': 'val_sampler_ready', 'seed': 1, 'elapsed_sec': 0.1314251497387886}
{'event': 'epoch_start', 'epoch': 1, 'epochs': 1, 'batches': 255, 'time_groups': 255}
{'event': 'train_time_group', 'epoch': 1, 'time_group': 1, 'time_groups': 255, 'batch': 0, 'batches': 255, 'time_value': 1388534400.0, 'group_batches': 1, 'history_edges': 0, 'elapsed_sec': 0.022939559072256088, 'cuda_allocated_mb': 38, 'cuda_reserved_mb': 64, 'cuda_max_allocated_mb': 570}
{'event': 'train_progress', 'epoch': 1, 'batch': 1, 'batches': 255, 'time_group': 1, 'time_groups': 255, 'history_edges': 0, 'pos_edges': 37, 'neg_edges': 37, 'loss_recent': 3.113675832748413, 'elapsed_sec': 0.44500111043453217, 'avg_sec_per_batch': 0.44500111043453217, 'cuda_allocated_mb': 91, 'cuda_reserved_mb': 176, 'cuda_max_allocated_mb': 570}
{'event': 'train_progress', 'epoch': 1, 'batch': 100, 'batches': 255, 'time_group': 100, 'time_groups': 255, 'history_edges': 7713, 'pos_edges': 83, 'neg_edges': 83, 'loss_recent': 5.04705703496933, 'elapsed_sec': 44.41988720744848, 'avg_sec_per_batch': 0.44419887207448483, 'cuda_allocated_mb': 93, 'cuda_reserved_mb': 426, 'cuda_max_allocated_mb': 570}
{'event': 'train_progress', 'epoch': 1, 'batch': 200, 'batches': 255, 'time_group': 200, 'time_groups': 255, 'history_edges': 15787, 'pos_edges': 53, 'neg_edges': 53, 'loss_recent': 4.316938383579254, 'elapsed_sec': 101.95550956577063, 'avg_sec_per_batch': 0.5097775478288531, 'cuda_allocated_mb': 93, 'cuda_reserved_mb': 586, 'cuda_max_allocated_mb': 570}
{'event': 'train_time_group', 'epoch': 1, 'time_group': 255, 'time_groups': 255, 'batch': 254, 'batches': 255, 'time_value': 1410480000.0, 'group_batches': 1, 'history_edges': 19896, 'elapsed_sec': 134.65893766656518, 'cuda_allocated_mb': 86, 'cuda_reserved_mb': 646, 'cuda_max_allocated_mb': 570}
{'event': 'train_progress', 'epoch': 1, 'batch': 255, 'batches': 255, 'time_group': 255, 'time_groups': 255, 'history_edges': 19896, 'pos_edges': 104, 'neg_edges': 104, 'loss_recent': 3.991714755296707, 'elapsed_sec': 135.27916952967644, 'avg_sec_per_batch': 0.5305065471752017, 'cuda_allocated_mb': 94, 'cuda_reserved_mb': 646, 'cuda_max_allocated_mb': 570}
{'event': 'validation_start', 'epoch': 1}
{'event': 'validation_ranking_start', 'epoch': 1, 'max_edges': 10}
{'event': 'epoch_end', 'epoch': 1, 'early_stop_metric': 'val_composite', 'val_score': 0.41954052554429055, 'val_auc': 0.8062286376953125, 'val_ap': 0.666763889917105, 'val_ndcg': 0.9297178319341652, 'val_mrr': 0.19248545395708522, 'val_hits@1': 0.1, 'val_hits@10': 0.45, 'val_hits@50': 0.5, 'val_hits@100': 0.5, 'elapsed_sec': 148.9999311156571}
{'candidate': 'global_unified_sota_probe_h96_r12_a12_p4x4_l1_neg1_lr0p001_hp0p1_sr0p35_sa0p1_rl0p05_m0_bpr_crl0p005_cs8_both_cq16', 'seed': 1, 'composite': nan, 'val_auc': 0.8062286376953125, 'val_ap': 0.666763889917105, 'val_ndcg': 0.9297178319341652, 'val_mrr': 0.19248545395708522, 'val_hits@1': 0.1, 'val_hits@10': 0.45, 'val_hits@50': 0.5, 'val_hits@100': 0.5, 'train_loss': 4.490170510142457, 'train_lp': 0.5130855029704524, 'train_align': 730.5624235265395, 'train_kl': 2644.674272843903, 'train_ood_reg': 0.2299832819139256, 'train_meta': 0.5069371787940755, 'train_struct_aux': 0.5704089711694157, 'train_weighted_align': 3.6528120335410623, 'train_weighted_kl': 0.2644674201222027, 'train_weighted_ood_reg': 0.0002299832925999391, 'train_weighted_meta': 0.002534685839953668, 'train_weighted_struct_aux': 0.05704089797594968, 'train_rank': 0.37573598813192516, 'train_weighted_rank': 0.018786799768899, 'train_candidate_rank': 1.3248100633714712, 'train_weighted_candidate_rank': 0.006624050175442415}
{'event': 'candidate_summary', 'candidate': 'global_unified_sota_probe_h96_r12_a12_p4x4_l1_neg1_lr0p001_hp0p1_sr0p35_sa0p1_rl0p05_m0_bpr_crl0p005_cs8_both_cq16', 'score': 0.41954052554429055, 'passes_metric_minima': True, 'means': {'val_auc': 0.8062286376953125, 'val_ap': 0.666763889917105, 'val_mrr': 0.19248545395708522, 'val_hits@10': 0.45, 'val_ndcg': 0.9297178319341652}, 'seeds_completed': 1}
{'event': 'candidate_seed_start', 'candidate': 'global_unified_sota_probe_h96_r12_a12_p4x4_l1_neg1_lr0p001_hp0p25_sr0p25_sa0p1_rl0p05_m0_bpr_crl0p005_cs8_both_cq16', 'seed': 1, 'device': 'cuda', 'node_text_device': 'cuda:0'}
{'event': 'train_seed_start', 'seed': 1, 'train_edges': 20000, 'val_edges': 14592, 'test_edges': 14378, 'num_nodes': 7128, 'num_relations': 230}
{'event': 'train_seed_tensors_ready', 'seed': 1, 'elapsed_sec': 0.012476731091737747, 'cuda_allocated_mb': 37, 'cuda_reserved_mb': 64, 'cuda_max_allocated_mb': 570}
{'event': 'train_known_facts_ready', 'seed': 1, 'scope': 'train', 'edges': 20000, 'elapsed_sec': 0.016160327941179276}
{'event': 'train_known_facts_ready', 'seed': 1, 'scope': 'train_val', 'edges': 34592, 'elapsed_sec': 0.020955167710781097}
{'event': 'train_sampler_ready', 'seed': 1, 'elapsed_sec': 0.07347505912184715}
{'event': 'val_sampler_ready', 'seed': 1, 'elapsed_sec': 0.12549105659127235}
{'event': 'epoch_start', 'epoch': 1, 'epochs': 1, 'batches': 255, 'time_groups': 255}
{'event': 'train_time_group', 'epoch': 1, 'time_group': 1, 'time_groups': 255, 'batch': 0, 'batches': 255, 'time_value': 1388534400.0, 'group_batches': 1, 'history_edges': 0, 'elapsed_sec': 0.011971335858106613, 'cuda_allocated_mb': 38, 'cuda_reserved_mb': 64, 'cuda_max_allocated_mb': 570}
{'event': 'train_progress', 'epoch': 1, 'batch': 1, 'batches': 255, 'time_group': 1, 'time_groups': 255, 'history_edges': 0, 'pos_edges': 37, 'neg_edges': 37, 'loss_recent': 3.113621473312378, 'elapsed_sec': 0.3533621169626713, 'avg_sec_per_batch': 0.3533621169626713, 'cuda_allocated_mb': 91, 'cuda_reserved_mb': 176, 'cuda_max_allocated_mb': 570}
