runtime_device=cuda
cuda_device=Tesla V100-PCIE-32GB
{'event': 'candidate_seed_start', 'candidate': 'global_relpop_gate_probe_h96_r12_a12_p4x4_l1_neg1_lr0p001_hp1_relpopfix48_hpg-2_sr0p01_sa0p001_rl0p001_m0_bpr', 'seed': 1, 'device': 'cuda', 'node_text_device': 'cuda:0'}
{'event': 'train_seed_start', 'seed': 1, 'train_edges': 3244, 'val_edges': 6738, 'test_edges': 26719, 'num_nodes': 4197, 'num_relations': 19}
{'event': 'train_seed_tensors_ready', 'seed': 1, 'elapsed_sec': 0.049990031868219376, 'cuda_allocated_mb': 9, 'cuda_reserved_mb': 22, 'cuda_max_allocated_mb': 9}
{'event': 'train_known_facts_ready', 'seed': 1, 'scope': 'train', 'edges': 3244, 'elapsed_sec': 0.0522402785718441}
{'event': 'train_known_facts_ready', 'seed': 1, 'scope': 'train_val', 'edges': 9982, 'elapsed_sec': 0.05356042832136154}
{'event': 'train_sampler_ready', 'seed': 1, 'elapsed_sec': 0.05763714388012886}
{'event': 'val_sampler_ready', 'seed': 1, 'elapsed_sec': 0.0612352080643177}
{'event': 'epoch_start', 'epoch': 1, 'epochs': 1, 'batches': 118, 'time_groups': 118}
{'event': 'train_time_group', 'epoch': 1, 'time_group': 1, 'time_groups': 118, 'batch': 0, 'batches': 118, 'time_value': 600.0, 'group_batches': 1, 'history_edges': 0, 'elapsed_sec': 0.047074031084775925, 'cuda_allocated_mb': 9, 'cuda_reserved_mb': 24, 'cuda_max_allocated_mb': 9}
{'event': 'train_progress', 'epoch': 1, 'batch': 1, 'batches': 118, 'time_group': 1, 'time_groups': 118, 'history_edges': 0, 'pos_edges': 1, 'neg_edges': 1, 'loss_recent': 0.6802626848220825, 'elapsed_sec': 1.8572207614779472, 'avg_sec_per_batch': 1.8572207614779472, 'cuda_allocated_mb': 44, 'cuda_reserved_mb': 90, 'cuda_max_allocated_mb': 80}
{'event': 'train_progress', 'epoch': 1, 'batch': 100, 'batches': 118, 'time_group': 100, 'time_groups': 118, 'history_edges': 2144, 'pos_edges': 38, 'neg_edges': 38, 'loss_recent': 1.770194336771965, 'elapsed_sec': 42.952145874500275, 'avg_sec_per_batch': 0.42952145874500275, 'cuda_allocated_mb': 46, 'cuda_reserved_mb': 202, 'cuda_max_allocated_mb': 169}
{'event': 'train_time_group', 'epoch': 1, 'time_group': 118, 'time_groups': 118, 'batch': 117, 'batches': 118, 'time_value': 1966.0, 'group_batches': 1, 'history_edges': 3153, 'elapsed_sec': 52.44390317052603, 'cuda_allocated_mb': 45, 'cuda_reserved_mb': 222, 'cuda_max_allocated_mb': 189}
{'event': 'train_progress', 'epoch': 1, 'batch': 118, 'batches': 118, 'time_group': 118, 'time_groups': 118, 'history_edges': 3153, 'pos_edges': 91, 'neg_edges': 91, 'loss_recent': 2.352108733057976, 'elapsed_sec': 53.1791362836957, 'avg_sec_per_batch': 0.45067064647199745, 'cuda_allocated_mb': 48, 'cuda_reserved_mb': 222, 'cuda_max_allocated_mb': 193}
{'event': 'validation_start', 'epoch': 1}
{'event': 'validation_ranking_start', 'epoch': 1, 'max_edges': 10}
{'event': 'epoch_end', 'epoch': 1, 'early_stop_metric': 'val_composite', 'val_score': 0.15043452297748905, 'val_auc': 0.6159515380859375, 'val_ap': 0.25557967340889637, 'val_ndcg': 0.7779083294416531, 'val_mrr': 0.007018324235384813, 'val_hits@1': 0.0, 'val_hits@10': 0.0, 'val_hits@50': 0.05, 'val_hits@100': 0.2, 'elapsed_sec': 67.58603589609265}
{'candidate': 'global_relpop_gate_probe_h96_r12_a12_p4x4_l1_neg1_lr0p001_hp1_relpopfix48_hpg-2_sr0p01_sa0p001_rl0p001_m0_bpr', 'seed': 1, 'composite': nan, 'val_auc': 0.6159515380859375, 'val_ap': 0.25557967340889637, 'val_ndcg': 0.7779083294416531, 'val_mrr': 0.007018324235384813, 'val_hits@1': 0.0, 'val_hits@10': 0.0, 'val_hits@50': 0.05, 'val_hits@100': 0.2, 'train_loss': 2.103832076666719, 'train_lp': 0.46146950555049765, 'train_align': 310.2347143585399, 'train_kl': 875.9494574595305, 'train_ood_reg': 0.21827273929523208, 'train_meta': 0.46445071596210286, 'train_struct_aux': 1.0535691915932348, 'train_weighted_align': 1.5511735393744657, 'train_weighted_kl': 0.08759494337758397, 'train_weighted_ood_reg': 0.00021827274943816364, 'train_weighted_meta': 0.002322253523497069, 'train_weighted_struct_aux': 0.0010535692430093443, 'train_rank': 0.3689617993846788, 'train_weighted_rank': 0.0003689618170645159}
{'event': 'candidate_summary', 'candidate': 'global_relpop_gate_probe_h96_r12_a12_p4x4_l1_neg1_lr0p001_hp1_relpopfix48_hpg-2_sr0p01_sa0p001_rl0p001_m0_bpr', 'score': 0.15043452297748905, 'passes_metric_minima': True, 'means': {'val_auc': 0.6159515380859375, 'val_ap': 0.25557967340889637, 'val_mrr': 0.007018324235384813, 'val_hits@10': 0.0, 'val_ndcg': 0.7779083294416531}, 'seeds_completed': 1}
{'event': 'candidate_seed_start', 'candidate': 'global_relpop_gate_probe_h96_r12_a12_p4x4_l1_neg1_lr0p001_hp1_relpopfix48_hpg-2_sr0p05_sa0p001_rl0p001_m0_bpr', 'seed': 1, 'device': 'cuda', 'node_text_device': 'cuda:0'}
{'event': 'train_seed_start', 'seed': 1, 'train_edges': 3244, 'val_edges': 6738, 'test_edges': 26719, 'num_nodes': 4197, 'num_relations': 19}
{'event': 'train_seed_tensors_ready', 'seed': 1, 'elapsed_sec': 0.04945804178714752, 'cuda_allocated_mb': 25, 'cuda_reserved_mb': 42, 'cuda_max_allocated_mb': 193}
{'event': 'train_known_facts_ready', 'seed': 1, 'scope': 'train', 'edges': 3244, 'elapsed_sec': 0.05119223892688751}
{'event': 'train_known_facts_ready', 'seed': 1, 'scope': 'train_val', 'edges': 9982, 'elapsed_sec': 0.05235544964671135}
{'event': 'train_sampler_ready', 'seed': 1, 'elapsed_sec': 0.056368276476860046}
{'event': 'val_sampler_ready', 'seed': 1, 'elapsed_sec': 0.06024671345949173}
{'event': 'epoch_start', 'epoch': 1, 'epochs': 1, 'batches': 118, 'time_groups': 118}
{'event': 'train_time_group', 'epoch': 1, 'time_group': 1, 'time_groups': 118, 'batch': 0, 'batches': 118, 'time_value': 600.0, 'group_batches': 1, 'history_edges': 0, 'elapsed_sec': 0.022171687334775925, 'cuda_allocated_mb': 26, 'cuda_reserved_mb': 44, 'cuda_max_allocated_mb': 193}
{'event': 'train_progress', 'epoch': 1, 'batch': 1, 'batches': 118, 'time_group': 1, 'time_groups': 118, 'history_edges': 0, 'pos_edges': 1, 'neg_edges': 1, 'loss_recent': 0.6801526546478271, 'elapsed_sec': 0.24328544735908508, 'avg_sec_per_batch': 0.24328544735908508, 'cuda_allocated_mb': 44, 'cuda_reserved_mb': 90, 'cuda_max_allocated_mb': 193}
{'event': 'train_progress', 'epoch': 1, 'batch': 100, 'batches': 118, 'time_group': 100, 'time_groups': 118, 'history_edges': 2144, 'pos_edges': 38, 'neg_edges': 38, 'loss_recent': 1.7672404071688652, 'elapsed_sec': 45.373258624225855, 'avg_sec_per_batch': 0.45373258624225854, 'cuda_allocated_mb': 46, 'cuda_reserved_mb': 202, 'cuda_max_allocated_mb': 193}
{'event': 'train_time_group', 'epoch': 1, 'time_group': 118, 'time_groups': 118, 'batch': 117, 'batches': 118, 'time_value': 1966.0, 'group_batches': 1, 'history_edges': 3153, 'elapsed_sec': 56.06228394061327, 'cuda_allocated_mb': 45, 'cuda_reserved_mb': 222, 'cuda_max_allocated_mb': 193}
{'event': 'train_progress', 'epoch': 1, 'batch': 118, 'batches': 118, 'time_group': 118, 'time_groups': 118, 'history_edges': 3153, 'pos_edges': 91, 'neg_edges': 91, 'loss_recent': 2.348905959427357, 'elapsed_sec': 56.852702148258686, 'avg_sec_per_batch': 0.48180256057846343, 'cuda_allocated_mb': 48, 'cuda_reserved_mb': 222, 'cuda_max_allocated_mb': 193}
{'event': 'validation_start', 'epoch': 1}
{'event': 'validation_ranking_start', 'epoch': 1, 'max_edges': 10}
{'event': 'epoch_end', 'epoch': 1, 'early_stop_metric': 'val_composite', 'val_score': 0.15084426665927622, 'val_auc': 0.617584228515625, 'val_ap': 0.2562725112920081, 'val_ndcg': 0.7781102897018138, 'val_mrr': 0.007426299139024753, 'val_hits@1': 0.0, 'val_hits@10': 0.0, 'val_hits@50': 0.1, 'val_hits@100': 0.25, 'elapsed_sec': 71.15597726777196}
{'candidate': 'global_relpop_gate_probe_h96_r12_a12_p4x4_l1_neg1_lr0p001_hp1_relpopfix48_hpg-2_sr0p05_sa0p001_rl0p001_m0_bpr', 'seed': 1, 'composite': nan, 'val_auc': 0.617584228515625, 'val_ap': 0.2562725112920081, 'val_ndcg': 0.7781102897018138, 'val_mrr': 0.007426299139024753, 'val_hits@1': 0.0, 'val_hits@10': 0.0, 'val_hits@50': 0.1, 'val_hits@100': 0.25, 'train_loss': 2.1009627477092256, 'train_lp': 0.4593162406551636, 'train_align': 310.07981142351184, 'train_kl': 875.4139323477018, 'train_ood_reg': 0.21819708976200072, 'train_meta': 0.4620334523398492, 'train_struct_aux': 1.1777452200146046, 'train_weighted_align': 1.550399023384424, 'train_weighted_kl': 0.08754139097202253, 'train_weighted_ood_reg': 0.00021819710019695715, 'train_weighted_meta': 0.002310167218931414, 'train_weighted_struct_aux': 0.0011777452728908382, 'train_rank': 0.3666061090337018, 'train_weighted_rank': 0.00036660612712987163}
{'event': 'candidate_summary', 'candidate': 'global_relpop_gate_probe_h96_r12_a12_p4x4_l1_neg1_lr0p001_hp1_relpopfix48_hpg-2_sr0p05_sa0p001_rl0p001_m0_bpr', 'score': 0.15084426665927622, 'passes_metric_minima': True, 'means': {'val_auc': 0.617584228515625, 'val_ap': 0.2562725112920081, 'val_mrr': 0.007426299139024753, 'val_hits@10': 0.0, 'val_ndcg': 0.7781102897018138}, 'seeds_completed': 1}
{'event': 'candidate_seed_start', 'candidate': 'global_relpop_gate_probe_h96_r12_a12_p4x4_l1_neg1_lr0p001_hp1_relpopfix48_hpg-1_sr0p01_sa0p001_rl0p001_m0_bpr', 'seed': 1, 'device': 'cuda', 'node_text_device': 'cuda:0'}
{'event': 'train_seed_start', 'seed': 1, 'train_edges': 3244, 'val_edges': 6738, 'test_edges': 26719, 'num_nodes': 4197, 'num_relations': 19}
{'event': 'train_seed_tensors_ready', 'seed': 1, 'elapsed_sec': 0.06247580796480179, 'cuda_allocated_mb': 25, 'cuda_reserved_mb': 42, 'cuda_max_allocated_mb': 193}
{'event': 'train_known_facts_ready', 'seed': 1, 'scope': 'train', 'edges': 3244, 'elapsed_sec': 0.06413611024618149}
{'event': 'train_known_facts_ready', 'seed': 1, 'scope': 'train_val', 'edges': 9982, 'elapsed_sec': 0.06567729264497757}
{'event': 'train_sampler_ready', 'seed': 1, 'elapsed_sec': 0.07111597061157227}
{'event': 'val_sampler_ready', 'seed': 1, 'elapsed_sec': 0.07563475146889687}
{'event': 'epoch_start', 'epoch': 1, 'epochs': 1, 'batches': 118, 'time_groups': 118}
{'event': 'train_time_group', 'epoch': 1, 'time_group': 1, 'time_groups': 118, 'batch': 0, 'batches': 118, 'time_value': 600.0, 'group_batches': 1, 'history_edges': 0, 'elapsed_sec': 0.005805246531963348, 'cuda_allocated_mb': 26, 'cuda_reserved_mb': 44, 'cuda_max_allocated_mb': 193}
{'event': 'train_progress', 'epoch': 1, 'batch': 1, 'batches': 118, 'time_group': 1, 'time_groups': 118, 'history_edges': 0, 'pos_edges': 1, 'neg_edges': 1, 'loss_recent': 0.6802626848220825, 'elapsed_sec': 0.2334810234606266, 'avg_sec_per_batch': 0.2334810234606266, 'cuda_allocated_mb': 44, 'cuda_reserved_mb': 90, 'cuda_max_allocated_mb': 193}
{'event': 'train_progress', 'epoch': 1, 'batch': 100, 'batches': 118, 'time_group': 100, 'time_groups': 118, 'history_edges': 2144, 'pos_edges': 38, 'neg_edges': 38, 'loss_recent': 1.759799320101738, 'elapsed_sec': 39.220419619232416, 'avg_sec_per_batch': 0.39220419619232416, 'cuda_allocated_mb': 46, 'cuda_reserved_mb': 202, 'cuda_max_allocated_mb': 193}
{'event': 'train_time_group', 'epoch': 1, 'time_group': 118, 'time_groups': 118, 'batch': 117, 'batches': 118, 'time_value': 1966.0, 'group_batches': 1, 'history_edges': 3153, 'elapsed_sec': 46.613655179739, 'cuda_allocated_mb': 45, 'cuda_reserved_mb': 222, 'cuda_max_allocated_mb': 193}
{'event': 'train_progress', 'epoch': 1, 'batch': 118, 'batches': 118, 'time_group': 118, 'time_groups': 118, 'history_edges': 3153, 'pos_edges': 91, 'neg_edges': 91, 'loss_recent': 2.3405248385667803, 'elapsed_sec': 47.12598452344537, 'avg_sec_per_batch': 0.39937275019868956, 'cuda_allocated_mb': 48, 'cuda_reserved_mb': 222, 'cuda_max_allocated_mb': 193}
{'event': 'validation_start', 'epoch': 1}
{'event': 'validation_ranking_start', 'epoch': 1, 'max_edges': 10}
{'event': 'epoch_end', 'epoch': 1, 'early_stop_metric': 'val_composite', 'val_score': 0.15204033965074484, 'val_auc': 0.6138397216796876, 'val_ap': 0.2585521426074153, 'val_ndcg': 0.7811040251165983, 'val_mrr': 0.008910259327976674, 'val_hits@1': 0.0, 'val_hits@10': 0.0, 'val_hits@50': 0.2, 'val_hits@100': 0.25, 'elapsed_sec': 59.1878402531147}
{'candidate': 'global_relpop_gate_probe_h96_r12_a12_p4x4_l1_neg1_lr0p001_hp1_relpopfix48_hpg-1_sr0p01_sa0p001_rl0p001_m0_bpr', 'seed': 1, 'composite': nan, 'val_auc': 0.6138397216796876, 'val_ap': 0.2585521426074153, 'val_ndcg': 0.7811040251165983, 'val_mrr': 0.008910259327976674, 'val_hits@1': 0.0, 'val_hits@10': 0.0, 'val_hits@50': 0.2, 'val_hits@100': 0.25, 'train_loss': 2.0927781306080897, 'train_lp': 0.45373835174714106, 'train_align': 309.47048705311147, 'train_kl': 881.1878605858755, 'train_ood_reg': 0.21858744765237226, 'train_meta': 0.45769611203064353, 'train_struct_aux': 1.0614976105043443, 'train_weighted_align': 1.5473524044757172, 'train_weighted_kl': 0.08811878360476408, 'train_weighted_ood_reg': 0.00021858745729609914, 'train_weighted_meta': 0.0022884805060792873, 'train_weighted_struct_aux': 0.0010614976572007003, 'train_rank': 0.35527408533429694, 'train_weighted_rank': 0.0003552741029618458}
{'event': 'candidate_summary', 'candidate': 'global_relpop_gate_probe_h96_r12_a12_p4x4_l1_neg1_lr0p001_hp1_relpopfix48_hpg-1_sr0p01_sa0p001_rl0p001_m0_bpr', 'score': 0.15204033965074484, 'passes_metric_minima': True, 'means': {'val_auc': 0.6138397216796876, 'val_ap': 0.2585521426074153, 'val_mrr': 0.008910259327976674, 'val_hits@10': 0.0, 'val_ndcg': 0.7811040251165983}, 'seeds_completed': 1}
{'event': 'candidate_seed_start', 'candidate': 'global_relpop_gate_probe_h96_r12_a12_p4x4_l1_neg1_lr0p001_hp1_relpopfix48_hpg-1_sr0p05_sa0p001_rl0p001_m0_bpr', 'seed': 1, 'device': 'cuda', 'node_text_device': 'cuda:0'}
{'event': 'train_seed_start', 'seed': 1, 'train_edges': 3244, 'val_edges': 6738, 'test_edges': 26719, 'num_nodes': 4197, 'num_relations': 19}
{'event': 'train_seed_tensors_ready', 'seed': 1, 'elapsed_sec': 0.024950824677944183, 'cuda_allocated_mb': 25, 'cuda_reserved_mb': 42, 'cuda_max_allocated_mb': 193}
{'event': 'train_known_facts_ready', 'seed': 1, 'scope': 'train', 'edges': 3244, 'elapsed_sec': 0.02660532295703888}
{'event': 'train_known_facts_ready', 'seed': 1, 'scope': 'train_val', 'edges': 9982, 'elapsed_sec': 0.02800023928284645}
{'event': 'train_sampler_ready', 'seed': 1, 'elapsed_sec': 0.032014790922403336}
{'event': 'val_sampler_ready', 'seed': 1, 'elapsed_sec': 0.0357583686709404}
{'event': 'epoch_start', 'epoch': 1, 'epochs': 1, 'batches': 118, 'time_groups': 118}
{'event': 'train_time_group', 'epoch': 1, 'time_group': 1, 'time_groups': 118, 'batch': 0, 'batches': 118, 'time_value': 600.0, 'group_batches': 1, 'history_edges': 0, 'elapsed_sec': 0.0056732892990112305, 'cuda_allocated_mb': 26, 'cuda_reserved_mb': 44, 'cuda_max_allocated_mb': 193}
{'event': 'train_progress', 'epoch': 1, 'batch': 1, 'batches': 118, 'time_group': 1, 'time_groups': 118, 'history_edges': 0, 'pos_edges': 1, 'neg_edges': 1, 'loss_recent': 0.6801526546478271, 'elapsed_sec': 0.16561424732208252, 'avg_sec_per_batch': 0.16561424732208252, 'cuda_allocated_mb': 44, 'cuda_reserved_mb': 90, 'cuda_max_allocated_mb': 193}
{'event': 'train_progress', 'epoch': 1, 'batch': 100, 'batches': 118, 'time_group': 100, 'time_groups': 118, 'history_edges': 2144, 'pos_edges': 38, 'neg_edges': 38, 'loss_recent': 1.7582991242408752, 'elapsed_sec': 30.898654758930206, 'avg_sec_per_batch': 0.30898654758930205, 'cuda_allocated_mb': 46, 'cuda_reserved_mb': 202, 'cuda_max_allocated_mb': 193}
{'event': 'train_time_group', 'epoch': 1, 'time_group': 118, 'time_groups': 118, 'batch': 117, 'batches': 118, 'time_value': 1966.0, 'group_batches': 1, 'history_edges': 3153, 'elapsed_sec': 38.31883776932955, 'cuda_allocated_mb': 45, 'cuda_reserved_mb': 222, 'cuda_max_allocated_mb': 193}
{'event': 'train_progress', 'epoch': 1, 'batch': 118, 'batches': 118, 'time_group': 118, 'time_groups': 118, 'history_edges': 3153, 'pos_edges': 91, 'neg_edges': 91, 'loss_recent': 2.339242163896561, 'elapsed_sec': 38.902328595519066, 'avg_sec_per_batch': 0.3296807508094836, 'cuda_allocated_mb': 48, 'cuda_reserved_mb': 222, 'cuda_max_allocated_mb': 193}
{'event': 'validation_start', 'epoch': 1}
{'event': 'validation_ranking_start', 'epoch': 1, 'max_edges': 10}
{'event': 'epoch_end', 'epoch': 1, 'early_stop_metric': 'val_composite', 'val_score': 0.15191083284668622, 'val_auc': 0.611102294921875, 'val_ap': 0.25694115040895266, 'val_ndcg': 0.7802124567255377, 'val_mrr': 0.00958659973339156, 'val_hits@1': 0.0, 'val_hits@10': 0.0, 'val_hits@50': 0.2, 'val_hits@100': 0.2, 'elapsed_sec': 50.336384542286396}
{'candidate': 'global_relpop_gate_probe_h96_r12_a12_p4x4_l1_neg1_lr0p001_hp1_relpopfix48_hpg-1_sr0p05_sa0p001_rl0p001_m0_bpr', 'seed': 1, 'composite': nan, 'val_auc': 0.611102294921875, 'val_ap': 0.25694115040895266, 'val_ndcg': 0.7802124567255377, 'val_mrr': 0.00958659973339156, 'val_hits@1': 0.0, 'val_hits@10': 0.0, 'val_hits@50': 0.2, 'val_hits@100': 0.2, 'train_loss': 2.091530407889415, 'train_lp': 0.45236771477986193, 'train_align': 309.509243371123, 'train_kl': 879.1375759577347, 'train_ood_reg': 0.21849159643811694, 'train_meta': 0.45659174959538346, 'train_struct_aux': 1.2013327449055042, 'train_weighted_align': 1.5475461856872474, 'train_weighted_kl': 0.087913755493207, 'train_weighted_ood_reg': 0.00021849160691352277, 'train_weighted_meta': 0.002282958694534392, 'train_weighted_struct_aux': 0.0012013328017990532, 'train_rank': 0.35360268591824223, 'train_weighted_rank': 0.0003536027033987921}
{'event': 'candidate_summary', 'candidate': 'global_relpop_gate_probe_h96_r12_a12_p4x4_l1_neg1_lr0p001_hp1_relpopfix48_hpg-1_sr0p05_sa0p001_rl0p001_m0_bpr', 'score': 0.15191083284668622, 'passes_metric_minima': True, 'means': {'val_auc': 0.611102294921875, 'val_ap': 0.25694115040895266, 'val_mrr': 0.00958659973339156, 'val_hits@10': 0.0, 'val_ndcg': 0.7802124567255377}, 'seeds_completed': 1}
{'event': 'candidate_seed_start', 'candidate': 'global_relpop_gate_probe_h96_r12_a12_p4x4_l1_neg1_lr0p001_hp1_relpopfix48_hpg0_sr0p01_sa0p001_rl0p001_m0_bpr', 'seed': 1, 'device': 'cuda', 'node_text_device': 'cuda:0'}
{'event': 'train_seed_start', 'seed': 1, 'train_edges': 3244, 'val_edges': 6738, 'test_edges': 26719, 'num_nodes': 4197, 'num_relations': 19}
{'event': 'train_seed_tensors_ready', 'seed': 1, 'elapsed_sec': 0.03204961493611336, 'cuda_allocated_mb': 25, 'cuda_reserved_mb': 42, 'cuda_max_allocated_mb': 193}
{'event': 'train_known_facts_ready', 'seed': 1, 'scope': 'train', 'edges': 3244, 'elapsed_sec': 0.03397829085588455}
{'event': 'train_known_facts_ready', 'seed': 1, 'scope': 'train_val', 'edges': 9982, 'elapsed_sec': 0.03529340773820877}
{'event': 'train_sampler_ready', 'seed': 1, 'elapsed_sec': 0.0403815433382988}
{'event': 'val_sampler_ready', 'seed': 1, 'elapsed_sec': 0.045300427824258804}
{'event': 'epoch_start', 'epoch': 1, 'epochs': 1, 'batches': 118, 'time_groups': 118}
{'event': 'train_time_group', 'epoch': 1, 'time_group': 1, 'time_groups': 118, 'batch': 0, 'batches': 118, 'time_value': 600.0, 'group_batches': 1, 'history_edges': 0, 'elapsed_sec': 0.005986060947179794, 'cuda_allocated_mb': 26, 'cuda_reserved_mb': 44, 'cuda_max_allocated_mb': 193}
{'event': 'train_progress', 'epoch': 1, 'batch': 1, 'batches': 118, 'time_group': 1, 'time_groups': 118, 'history_edges': 0, 'pos_edges': 1, 'neg_edges': 1, 'loss_recent': 0.6802626848220825, 'elapsed_sec': 0.22606118023395538, 'avg_sec_per_batch': 0.22606118023395538, 'cuda_allocated_mb': 44, 'cuda_reserved_mb': 90, 'cuda_max_allocated_mb': 193}
{'event': 'train_progress', 'epoch': 1, 'batch': 100, 'batches': 118, 'time_group': 100, 'time_groups': 118, 'history_edges': 2144, 'pos_edges': 38, 'neg_edges': 38, 'loss_recent': 1.7510093140602112, 'elapsed_sec': 32.20422341674566, 'avg_sec_per_batch': 0.32204223416745664, 'cuda_allocated_mb': 46, 'cuda_reserved_mb': 202, 'cuda_max_allocated_mb': 193}
{'event': 'train_time_group', 'epoch': 1, 'time_group': 118, 'time_groups': 118, 'batch': 117, 'batches': 118, 'time_value': 1966.0, 'group_batches': 1, 'history_edges': 3153, 'elapsed_sec': 39.6807585246861, 'cuda_allocated_mb': 45, 'cuda_reserved_mb': 222, 'cuda_max_allocated_mb': 193}
{'event': 'train_progress', 'epoch': 1, 'batch': 118, 'batches': 118, 'time_group': 118, 'time_groups': 118, 'history_edges': 3153, 'pos_edges': 91, 'neg_edges': 91, 'loss_recent': 2.3326495718955993, 'elapsed_sec': 40.200695767998695, 'avg_sec_per_batch': 0.3406838624406669, 'cuda_allocated_mb': 48, 'cuda_reserved_mb': 222, 'cuda_max_allocated_mb': 193}
{'event': 'validation_start', 'epoch': 1}
{'event': 'validation_ranking_start', 'epoch': 1, 'max_edges': 10}
{'event': 'epoch_end', 'epoch': 1, 'early_stop_metric': 'val_composite', 'val_score': 0.15304796445665597, 'val_auc': 0.610418701171875, 'val_ap': 0.2596224808841329, 'val_ndcg': 0.7826725703609559, 'val_mrr': 0.010632800458693388, 'val_hits@1': 0.0, 'val_hits@10': 0.0, 'val_hits@50': 0.2, 'val_hits@100': 0.25, 'elapsed_sec': 51.791462149471045}
