runtime_device=cuda
cuda_device=Tesla V100-PCIE-32GB
{'event': 'candidate_seed_start', 'candidate': 'global_relpop_residual_rank_probe_h96_r12_a12_p4x4_l1_neg1_lr0p001_hp1_relpopfix48_sr0p05_sa0p01_rl0p02_m0_bpr', 'seed': 1, 'device': 'cuda', 'node_text_device': 'cuda:0'}
{'event': 'train_seed_start', 'seed': 1, 'train_edges': 20000, 'val_edges': 14592, 'test_edges': 14378, 'num_nodes': 7128, 'num_relations': 230}
{'event': 'train_seed_tensors_ready', 'seed': 1, 'elapsed_sec': 0.00797342136502266, 'cuda_allocated_mb': 21, 'cuda_reserved_mb': 24, 'cuda_max_allocated_mb': 21}
{'event': 'train_known_facts_ready', 'seed': 1, 'scope': 'train', 'edges': 20000, 'elapsed_sec': 0.011186912655830383}
{'event': 'train_known_facts_ready', 'seed': 1, 'scope': 'train_val', 'edges': 34592, 'elapsed_sec': 0.014910168945789337}
{'event': 'train_sampler_ready', 'seed': 1, 'elapsed_sec': 0.061167702078819275}
{'event': 'val_sampler_ready', 'seed': 1, 'elapsed_sec': 0.1119716614484787}
{'event': 'epoch_start', 'epoch': 1, 'epochs': 1, 'batches': 255, 'time_groups': 255}
{'event': 'train_time_group', 'epoch': 1, 'time_group': 1, 'time_groups': 255, 'batch': 0, 'batches': 255, 'time_value': 1388534400.0, 'group_batches': 1, 'history_edges': 0, 'elapsed_sec': 0.028528708964586258, 'cuda_allocated_mb': 22, 'cuda_reserved_mb': 24, 'cuda_max_allocated_mb': 22}
{'event': 'train_progress', 'epoch': 1, 'batch': 1, 'batches': 255, 'time_group': 1, 'time_groups': 255, 'history_edges': 0, 'pos_edges': 37, 'neg_edges': 37, 'loss_recent': 3.101919412612915, 'elapsed_sec': 1.1919608116149902, 'avg_sec_per_batch': 1.1919608116149902, 'cuda_allocated_mb': 87, 'cuda_reserved_mb': 162, 'cuda_max_allocated_mb': 147}
{'event': 'train_progress', 'epoch': 1, 'batch': 100, 'batches': 255, 'time_group': 100, 'time_groups': 255, 'history_edges': 7713, 'pos_edges': 83, 'neg_edges': 83, 'loss_recent': 5.394870102405548, 'elapsed_sec': 42.313974827528, 'avg_sec_per_batch': 0.42313974827528, 'cuda_allocated_mb': 91, 'cuda_reserved_mb': 412, 'cuda_max_allocated_mb': 368}
{'event': 'train_progress', 'epoch': 1, 'batch': 200, 'batches': 255, 'time_group': 200, 'time_groups': 255, 'history_edges': 15787, 'pos_edges': 53, 'neg_edges': 53, 'loss_recent': 4.886704218387604, 'elapsed_sec': 80.24957045540214, 'avg_sec_per_batch': 0.40124785227701065, 'cuda_allocated_mb': 90, 'cuda_reserved_mb': 572, 'cuda_max_allocated_mb': 496}
{'event': 'train_time_group', 'epoch': 1, 'time_group': 255, 'time_groups': 255, 'batch': 254, 'batches': 255, 'time_value': 1410480000.0, 'group_batches': 1, 'history_edges': 19896, 'elapsed_sec': 95.51903063431382, 'cuda_allocated_mb': 86, 'cuda_reserved_mb': 652, 'cuda_max_allocated_mb': 566}
{'event': 'train_progress', 'epoch': 1, 'batch': 255, 'batches': 255, 'time_group': 255, 'time_groups': 255, 'history_edges': 19896, 'pos_edges': 104, 'neg_edges': 104, 'loss_recent': 4.581278464794159, 'elapsed_sec': 95.87241764366627, 'avg_sec_per_batch': 0.37597026526927946, 'cuda_allocated_mb': 92, 'cuda_reserved_mb': 652, 'cuda_max_allocated_mb': 566}
{'event': 'validation_start', 'epoch': 1}
{'event': 'validation_ranking_start', 'epoch': 1, 'max_edges': 10}
{'event': 'epoch_end', 'epoch': 1, 'early_stop_metric': 'val_composite', 'val_score': 0.49187372509436467, 'val_auc': 0.8628875732421875, 'val_ap': 0.7381155027070903, 'val_ndcg': 0.947870139754427, 'val_mrr': 0.2864500141014982, 'val_hits@1': 0.2, 'val_hits@10': 0.5, 'val_hits@50': 0.5, 'val_hits@100': 0.55, 'elapsed_sec': 110.11145085096359}
{'candidate': 'global_relpop_residual_rank_probe_h96_r12_a12_p4x4_l1_neg1_lr0p001_hp1_relpopfix48_sr0p05_sa0p01_rl0p02_m0_bpr', 'seed': 1, 'composite': nan, 'val_auc': 0.8628875732421875, 'val_ap': 0.7381155027070903, 'val_ndcg': 0.947870139754427, 'val_mrr': 0.2864500141014982, 'val_hits@1': 0.2, 'val_hits@10': 0.5, 'val_hits@50': 0.5, 'val_hits@100': 0.55, 'train_loss': 4.9711691912482765, 'train_lp': 0.45026486147852507, 'train_align': 857.4589374617034, 'train_kl': 2258.9055510876224, 'train_ood_reg': 0.23088468897576425, 'train_meta': 0.4490258777842802, 'train_struct_aux': 0.524314949150179, 'train_weighted_align': 4.287294603796566, 'train_weighted_kl': 0.2258905497543952, 'train_weighted_ood_reg': 0.0002308846999749578, 'train_weighted_meta': 0.0022451293413919926, 'train_weighted_struct_aux': 0.00524314936232187, 'train_rank': 0.26080061379893155, 'train_weighted_rank': 0.005216012150734006}
{'event': 'candidate_summary', 'candidate': 'global_relpop_residual_rank_probe_h96_r12_a12_p4x4_l1_neg1_lr0p001_hp1_relpopfix48_sr0p05_sa0p01_rl0p02_m0_bpr', 'score': 0.49187372509436467, 'passes_metric_minima': True, 'means': {'val_auc': 0.8628875732421875, 'val_ap': 0.7381155027070903, 'val_mrr': 0.2864500141014982, 'val_hits@10': 0.5, 'val_ndcg': 0.947870139754427}, 'seeds_completed': 1}
{'event': 'candidate_seed_start', 'candidate': 'global_relpop_residual_rank_probe_h96_r12_a12_p4x4_l1_neg1_lr0p001_hp1_relpopfix48_sr0p05_sa0p05_rl0p02_m0_bpr', 'seed': 1, 'device': 'cuda', 'node_text_device': 'cuda:0'}
{'event': 'train_seed_start', 'seed': 1, 'train_edges': 20000, 'val_edges': 14592, 'test_edges': 14378, 'num_nodes': 7128, 'num_relations': 230}
{'event': 'train_seed_tensors_ready', 'seed': 1, 'elapsed_sec': 0.013925150036811829, 'cuda_allocated_mb': 37, 'cuda_reserved_mb': 64, 'cuda_max_allocated_mb': 566}
{'event': 'train_known_facts_ready', 'seed': 1, 'scope': 'train', 'edges': 20000, 'elapsed_sec': 0.017434120178222656}
{'event': 'train_known_facts_ready', 'seed': 1, 'scope': 'train_val', 'edges': 34592, 'elapsed_sec': 0.021805740892887115}
{'event': 'train_sampler_ready', 'seed': 1, 'elapsed_sec': 0.07029776647686958}
{'event': 'val_sampler_ready', 'seed': 1, 'elapsed_sec': 0.12188715860247612}
{'event': 'epoch_start', 'epoch': 1, 'epochs': 1, 'batches': 255, 'time_groups': 255}
{'event': 'train_time_group', 'epoch': 1, 'time_group': 1, 'time_groups': 255, 'batch': 0, 'batches': 255, 'time_value': 1388534400.0, 'group_batches': 1, 'history_edges': 0, 'elapsed_sec': 0.013261858373880386, 'cuda_allocated_mb': 38, 'cuda_reserved_mb': 64, 'cuda_max_allocated_mb': 566}
{'event': 'train_progress', 'epoch': 1, 'batch': 1, 'batches': 255, 'time_group': 1, 'time_groups': 255, 'history_edges': 0, 'pos_edges': 37, 'neg_edges': 37, 'loss_recent': 3.1307685375213623, 'elapsed_sec': 0.252762358635664, 'avg_sec_per_batch': 0.252762358635664, 'cuda_allocated_mb': 87, 'cuda_reserved_mb': 162, 'cuda_max_allocated_mb': 566}
{'event': 'train_progress', 'epoch': 1, 'batch': 100, 'batches': 255, 'time_group': 100, 'time_groups': 255, 'history_edges': 7713, 'pos_edges': 83, 'neg_edges': 83, 'loss_recent': 5.417302010059356, 'elapsed_sec': 31.1676755733788, 'avg_sec_per_batch': 0.311676755733788, 'cuda_allocated_mb': 91, 'cuda_reserved_mb': 412, 'cuda_max_allocated_mb': 566}
{'event': 'train_progress', 'epoch': 1, 'batch': 200, 'batches': 255, 'time_group': 200, 'time_groups': 255, 'history_edges': 15787, 'pos_edges': 53, 'neg_edges': 53, 'loss_recent': 4.904274821281433, 'elapsed_sec': 61.68134534731507, 'avg_sec_per_batch': 0.3084067267365754, 'cuda_allocated_mb': 90, 'cuda_reserved_mb': 552, 'cuda_max_allocated_mb': 566}
{'event': 'train_time_group', 'epoch': 1, 'time_group': 255, 'time_groups': 255, 'batch': 254, 'batches': 255, 'time_value': 1410480000.0, 'group_batches': 1, 'history_edges': 19896, 'elapsed_sec': 77.58929854631424, 'cuda_allocated_mb': 86, 'cuda_reserved_mb': 652, 'cuda_max_allocated_mb': 566}
{'event': 'train_progress', 'epoch': 1, 'batch': 255, 'batches': 255, 'time_group': 255, 'time_groups': 255, 'history_edges': 19896, 'pos_edges': 104, 'neg_edges': 104, 'loss_recent': 4.598366196155548, 'elapsed_sec': 77.88469217717648, 'avg_sec_per_batch': 0.30543016540069207, 'cuda_allocated_mb': 92, 'cuda_reserved_mb': 652, 'cuda_max_allocated_mb': 566}
{'event': 'validation_start', 'epoch': 1}
{'event': 'validation_ranking_start', 'epoch': 1, 'max_edges': 10}
{'event': 'epoch_end', 'epoch': 1, 'early_stop_metric': 'val_composite', 'val_score': 0.49147264649873756, 'val_auc': 0.8625091552734374, 'val_ap': 0.7365404863894798, 'val_ndcg': 0.9475520848911162, 'val_mrr': 0.2862218145750641, 'val_hits@1': 0.2, 'val_hits@10': 0.5, 'val_hits@50': 0.5, 'val_hits@100': 0.55, 'elapsed_sec': 93.47540755942464}
{'candidate': 'global_relpop_residual_rank_probe_h96_r12_a12_p4x4_l1_neg1_lr0p001_hp1_relpopfix48_sr0p05_sa0p05_rl0p02_m0_bpr', 'seed': 1, 'composite': nan, 'val_auc': 0.8625091552734374, 'val_ap': 0.7365404863894798, 'val_ndcg': 0.9475520848911162, 'val_mrr': 0.2862218145750641, 'val_hits@1': 0.2, 'val_hits@10': 0.5, 'val_hits@50': 0.5, 'val_hits@100': 0.55, 'train_loss': 4.990538516699099, 'train_lp': 0.45017118342951234, 'train_align': 857.511394665288, 'train_kl': 2258.6744669596355, 'train_ood_reg': 0.2308884102339838, 'train_meta': 0.4490126705929345, 'train_struct_aux': 0.4893415206203274, 'train_weighted_align': 4.287556883868049, 'train_weighted_kl': 0.22586744106283374, 'train_weighted_ood_reg': 0.00023088842069994952, 'train_weighted_meta': 0.002245063306969207, 'train_weighted_struct_aux': 0.024467076510921414, 'train_rank': 0.2610254774637082, 'train_weighted_rank': 0.005220509428010486}
{'event': 'candidate_summary', 'candidate': 'global_relpop_residual_rank_probe_h96_r12_a12_p4x4_l1_neg1_lr0p001_hp1_relpopfix48_sr0p05_sa0p05_rl0p02_m0_bpr', 'score': 0.49147264649873756, 'passes_metric_minima': True, 'means': {'val_auc': 0.8625091552734374, 'val_ap': 0.7365404863894798, 'val_mrr': 0.2862218145750641, 'val_hits@10': 0.5, 'val_ndcg': 0.9475520848911162}, 'seeds_completed': 1}
{'event': 'candidate_seed_start', 'candidate': 'global_relpop_residual_rank_probe_h96_r12_a12_p4x4_l1_neg1_lr0p001_hp1_relpopfix48_sr0p1_sa0p01_rl0p02_m0_bpr', 'seed': 1, 'device': 'cuda', 'node_text_device': 'cuda:0'}
{'event': 'train_seed_start', 'seed': 1, 'train_edges': 20000, 'val_edges': 14592, 'test_edges': 14378, 'num_nodes': 7128, 'num_relations': 230}
{'event': 'train_seed_tensors_ready', 'seed': 1, 'elapsed_sec': 0.014089096337556839, 'cuda_allocated_mb': 37, 'cuda_reserved_mb': 64, 'cuda_max_allocated_mb': 566}
{'event': 'train_known_facts_ready', 'seed': 1, 'scope': 'train', 'edges': 20000, 'elapsed_sec': 0.017491251230239868}
{'event': 'train_known_facts_ready', 'seed': 1, 'scope': 'train_val', 'edges': 34592, 'elapsed_sec': 0.02167532593011856}
{'event': 'train_sampler_ready', 'seed': 1, 'elapsed_sec': 0.07027483731508255}
{'event': 'val_sampler_ready', 'seed': 1, 'elapsed_sec': 0.12358567118644714}
{'event': 'epoch_start', 'epoch': 1, 'epochs': 1, 'batches': 255, 'time_groups': 255}
{'event': 'train_time_group', 'epoch': 1, 'time_group': 1, 'time_groups': 255, 'batch': 0, 'batches': 255, 'time_value': 1388534400.0, 'group_batches': 1, 'history_edges': 0, 'elapsed_sec': 0.013493098318576813, 'cuda_allocated_mb': 38, 'cuda_reserved_mb': 64, 'cuda_max_allocated_mb': 566}
{'event': 'train_progress', 'epoch': 1, 'batch': 1, 'batches': 255, 'time_group': 1, 'time_groups': 255, 'history_edges': 0, 'pos_edges': 37, 'neg_edges': 37, 'loss_recent': 3.102457284927368, 'elapsed_sec': 0.2538779266178608, 'avg_sec_per_batch': 0.2538779266178608, 'cuda_allocated_mb': 87, 'cuda_reserved_mb': 162, 'cuda_max_allocated_mb': 566}
{'event': 'train_progress', 'epoch': 1, 'batch': 100, 'batches': 255, 'time_group': 100, 'time_groups': 255, 'history_edges': 7713, 'pos_edges': 83, 'neg_edges': 83, 'loss_recent': 5.39389333486557, 'elapsed_sec': 36.615663792937994, 'avg_sec_per_batch': 0.3661566379293799, 'cuda_allocated_mb': 91, 'cuda_reserved_mb': 412, 'cuda_max_allocated_mb': 566}
{'event': 'train_progress', 'epoch': 1, 'batch': 200, 'batches': 255, 'time_group': 200, 'time_groups': 255, 'history_edges': 15787, 'pos_edges': 53, 'neg_edges': 53, 'loss_recent': 4.885341289043427, 'elapsed_sec': 66.75238061696291, 'avg_sec_per_batch': 0.33376190308481457, 'cuda_allocated_mb': 90, 'cuda_reserved_mb': 552, 'cuda_max_allocated_mb': 566}
{'event': 'train_time_group', 'epoch': 1, 'time_group': 255, 'time_groups': 255, 'batch': 254, 'batches': 255, 'time_value': 1410480000.0, 'group_batches': 1, 'history_edges': 19896, 'elapsed_sec': 84.7988758571446, 'cuda_allocated_mb': 86, 'cuda_reserved_mb': 652, 'cuda_max_allocated_mb': 566}
{'event': 'train_progress', 'epoch': 1, 'batch': 255, 'batches': 255, 'time_group': 255, 'time_groups': 255, 'history_edges': 19896, 'pos_edges': 104, 'neg_edges': 104, 'loss_recent': 4.580006589889527, 'elapsed_sec': 85.08649719133973, 'avg_sec_per_batch': 0.33367253800525387, 'cuda_allocated_mb': 92, 'cuda_reserved_mb': 652, 'cuda_max_allocated_mb': 566}
{'event': 'validation_start', 'epoch': 1}
{'event': 'validation_ranking_start', 'epoch': 1, 'max_edges': 10}
{'event': 'epoch_end', 'epoch': 1, 'early_stop_metric': 'val_composite', 'val_score': 0.4930159669241023, 'val_auc': 0.863189697265625, 'val_ap': 0.7395952177066317, 'val_ndcg': 0.9481583936393957, 'val_mrr': 0.2882027200817735, 'val_hits@1': 0.2, 'val_hits@10': 0.5, 'val_hits@50': 0.5, 'val_hits@100': 0.55, 'elapsed_sec': 98.93114311993122}
{'candidate': 'global_relpop_residual_rank_probe_h96_r12_a12_p4x4_l1_neg1_lr0p001_hp1_relpopfix48_sr0p1_sa0p01_rl0p02_m0_bpr', 'seed': 1, 'composite': nan, 'val_auc': 0.863189697265625, 'val_ap': 0.7395952177066317, 'val_ndcg': 0.9481583936393957, 'val_mrr': 0.2882027200817735, 'val_hits@1': 0.2, 'val_hits@10': 0.5, 'val_hits@50': 0.5, 'val_hits@100': 0.55, 'train_loss': 4.970042443742939, 'train_lp': 0.44926991544517814, 'train_align': 857.407166484758, 'train_kl': 2258.905676030178, 'train_ood_reg': 0.23090736749125462, 'train_meta': 0.4477094936604593, 'train_struct_aux': 0.5376766539671842, 'train_weighted_align': 4.287035734045739, 'train_weighted_kl': 0.2258905619675038, 'train_weighted_ood_reg': 0.00023090737853564467, 'train_weighted_meta': 0.002238547422822711, 'train_weighted_struct_aux': 0.005376766416627695, 'train_rank': 0.26001429879197885, 'train_weighted_rank': 0.005200285855543745}
{'event': 'candidate_summary', 'candidate': 'global_relpop_residual_rank_probe_h96_r12_a12_p4x4_l1_neg1_lr0p001_hp1_relpopfix48_sr0p1_sa0p01_rl0p02_m0_bpr', 'score': 0.4930159669241023, 'passes_metric_minima': True, 'means': {'val_auc': 0.863189697265625, 'val_ap': 0.7395952177066317, 'val_mrr': 0.2882027200817735, 'val_hits@10': 0.5, 'val_ndcg': 0.9481583936393957}, 'seeds_completed': 1}
{'event': 'candidate_seed_start', 'candidate': 'global_relpop_residual_rank_probe_h96_r12_a12_p4x4_l1_neg1_lr0p001_hp1_relpopfix48_sr0p1_sa0p05_rl0p02_m0_bpr', 'seed': 1, 'device': 'cuda', 'node_text_device': 'cuda:0'}
{'event': 'train_seed_start', 'seed': 1, 'train_edges': 20000, 'val_edges': 14592, 'test_edges': 14378, 'num_nodes': 7128, 'num_relations': 230}
{'event': 'train_seed_tensors_ready', 'seed': 1, 'elapsed_sec': 0.02048320323228836, 'cuda_allocated_mb': 37, 'cuda_reserved_mb': 64, 'cuda_max_allocated_mb': 566}
{'event': 'train_known_facts_ready', 'seed': 1, 'scope': 'train', 'edges': 20000, 'elapsed_sec': 0.024050969630479813}
{'event': 'train_known_facts_ready', 'seed': 1, 'scope': 'train_val', 'edges': 34592, 'elapsed_sec': 0.0288909412920475}
{'event': 'train_sampler_ready', 'seed': 1, 'elapsed_sec': 0.07899083942174911}
{'event': 'val_sampler_ready', 'seed': 1, 'elapsed_sec': 0.13095427304506302}
{'event': 'epoch_start', 'epoch': 1, 'epochs': 1, 'batches': 255, 'time_groups': 255}
{'event': 'train_time_group', 'epoch': 1, 'time_group': 1, 'time_groups': 255, 'batch': 0, 'batches': 255, 'time_value': 1388534400.0, 'group_batches': 1, 'history_edges': 0, 'elapsed_sec': 0.012918490916490555, 'cuda_allocated_mb': 38, 'cuda_reserved_mb': 64, 'cuda_max_allocated_mb': 566}
{'event': 'train_progress', 'epoch': 1, 'batch': 1, 'batches': 255, 'time_group': 1, 'time_groups': 255, 'history_edges': 0, 'pos_edges': 37, 'neg_edges': 37, 'loss_recent': 3.1313064098358154, 'elapsed_sec': 0.2422742359340191, 'avg_sec_per_batch': 0.2422742359340191, 'cuda_allocated_mb': 87, 'cuda_reserved_mb': 162, 'cuda_max_allocated_mb': 566}
{'event': 'train_progress', 'epoch': 1, 'batch': 100, 'batches': 255, 'time_group': 100, 'time_groups': 255, 'history_edges': 7713, 'pos_edges': 83, 'neg_edges': 83, 'loss_recent': 5.416373286247254, 'elapsed_sec': 29.80440591648221, 'avg_sec_per_batch': 0.29804405916482213, 'cuda_allocated_mb': 91, 'cuda_reserved_mb': 412, 'cuda_max_allocated_mb': 566}
{'event': 'train_progress', 'epoch': 1, 'batch': 200, 'batches': 255, 'time_group': 200, 'time_groups': 255, 'history_edges': 15787, 'pos_edges': 53, 'neg_edges': 53, 'loss_recent': 4.903054370880127, 'elapsed_sec': 62.76245376095176, 'avg_sec_per_batch': 0.31381226880475876, 'cuda_allocated_mb': 90, 'cuda_reserved_mb': 552, 'cuda_max_allocated_mb': 566}
{'event': 'train_time_group', 'epoch': 1, 'time_group': 255, 'time_groups': 255, 'batch': 254, 'batches': 255, 'time_value': 1410480000.0, 'group_batches': 1, 'history_edges': 19896, 'elapsed_sec': 86.38215387240052, 'cuda_allocated_mb': 86, 'cuda_reserved_mb': 652, 'cuda_max_allocated_mb': 566}
{'event': 'train_progress', 'epoch': 1, 'batch': 255, 'batches': 255, 'time_group': 255, 'time_groups': 255, 'history_edges': 19896, 'pos_edges': 104, 'neg_edges': 104, 'loss_recent': 4.596759703159332, 'elapsed_sec': 86.88114852830768, 'avg_sec_per_batch': 0.3407103863855203, 'cuda_allocated_mb': 92, 'cuda_reserved_mb': 652, 'cuda_max_allocated_mb': 566}
{'event': 'validation_start', 'epoch': 1}
{'event': 'validation_ranking_start', 'epoch': 1, 'max_edges': 10}
{'event': 'epoch_end', 'epoch': 1, 'early_stop_metric': 'val_composite', 'val_score': 0.4927475140394347, 'val_auc': 0.8633209228515624, 'val_ap': 0.7385245866892435, 'val_ndcg': 0.9479688115945022, 'val_mrr': 0.28801179746803957, 'val_hits@1': 0.2, 'val_hits@10': 0.5, 'val_hits@50': 0.5, 'val_hits@100': 0.55, 'elapsed_sec': 103.3721426166594}
{'candidate': 'global_relpop_residual_rank_probe_h96_r12_a12_p4x4_l1_neg1_lr0p001_hp1_relpopfix48_sr0p1_sa0p05_rl0p02_m0_bpr', 'seed': 1, 'composite': nan, 'val_auc': 0.8633209228515624, 'val_ap': 0.7385245866892435, 'val_ndcg': 0.9479688115945022, 'val_mrr': 0.28801179746803957, 'val_hits@1': 0.2, 'val_hits@10': 0.5, 'val_hits@50': 0.5, 'val_hits@100': 0.55, 'train_loss': 4.989339565763286, 'train_lp': 0.4489997166628931, 'train_align': 857.4724237180224, 'train_kl': 2258.398581830193, 'train_ood_reg': 0.23092688310380075, 'train_meta': 0.44766126479588303, 'train_struct_aux': 0.49337454858948204, 'train_weighted_align': 4.287362017351039, 'train_weighted_kl': 0.22583985296534556, 'train_weighted_ood_reg': 0.00023092689368115995, 'train_weighted_meta': 0.0022383062732771186, 'train_weighted_struct_aux': 0.024668727807846725, 'train_rank': 0.2597836523663764, 'train_weighted_rank': 0.005195672941330236}
{'event': 'candidate_summary', 'candidate': 'global_relpop_residual_rank_probe_h96_r12_a12_p4x4_l1_neg1_lr0p001_hp1_relpopfix48_sr0p1_sa0p05_rl0p02_m0_bpr', 'score': 0.4927475140394347, 'passes_metric_minima': True, 'means': {'val_auc': 0.8633209228515624, 'val_ap': 0.7385245866892435, 'val_mrr': 0.28801179746803957, 'val_hits@10': 0.5, 'val_ndcg': 0.9479688115945022}, 'seeds_completed': 1}
{'event': 'candidate_seed_start', 'candidate': 'global_relpop_residual_rank_probe_h96_r12_a12_p4x4_l1_neg1_lr0p001_hp1_relpopfix48_sr0p05_sa0p01_rl0p05_m0_bpr', 'seed': 1, 'device': 'cuda', 'node_text_device': 'cuda:0'}
{'event': 'train_seed_start', 'seed': 1, 'train_edges': 20000, 'val_edges': 14592, 'test_edges': 14378, 'num_nodes': 7128, 'num_relations': 230}
{'event': 'train_seed_tensors_ready', 'seed': 1, 'elapsed_sec': 0.014204811304807663, 'cuda_allocated_mb': 37, 'cuda_reserved_mb': 64, 'cuda_max_allocated_mb': 566}
{'event': 'train_known_facts_ready', 'seed': 1, 'scope': 'train', 'edges': 20000, 'elapsed_sec': 0.018411457538604736}
{'event': 'train_known_facts_ready', 'seed': 1, 'scope': 'train_val', 'edges': 34592, 'elapsed_sec': 0.024357039481401443}
{'event': 'train_sampler_ready', 'seed': 1, 'elapsed_sec': 0.07482476159930229}
{'event': 'val_sampler_ready', 'seed': 1, 'elapsed_sec': 0.12811816856265068}
{'event': 'epoch_start', 'epoch': 1, 'epochs': 1, 'batches': 255, 'time_groups': 255}
{'event': 'train_time_group', 'epoch': 1, 'time_group': 1, 'time_groups': 255, 'batch': 0, 'batches': 255, 'time_value': 1388534400.0, 'group_batches': 1, 'history_edges': 0, 'elapsed_sec': 0.013948734849691391, 'cuda_allocated_mb': 38, 'cuda_reserved_mb': 64, 'cuda_max_allocated_mb': 566}
{'event': 'train_progress', 'epoch': 1, 'batch': 1, 'batches': 255, 'time_group': 1, 'time_groups': 255, 'history_edges': 0, 'pos_edges': 37, 'neg_edges': 37, 'loss_recent': 3.101919412612915, 'elapsed_sec': 0.28295910358428955, 'avg_sec_per_batch': 0.28295910358428955, 'cuda_allocated_mb': 87, 'cuda_reserved_mb': 162, 'cuda_max_allocated_mb': 566}
{'event': 'train_progress', 'epoch': 1, 'batch': 100, 'batches': 255, 'time_group': 100, 'time_groups': 255, 'history_edges': 7713, 'pos_edges': 83, 'neg_edges': 83, 'loss_recent': 5.395053753852844, 'elapsed_sec': 30.477764304727316, 'avg_sec_per_batch': 0.3047776430472732, 'cuda_allocated_mb': 91, 'cuda_reserved_mb': 412, 'cuda_max_allocated_mb': 566}
{'event': 'train_progress', 'epoch': 1, 'batch': 200, 'batches': 255, 'time_group': 200, 'time_groups': 255, 'history_edges': 15787, 'pos_edges': 53, 'neg_edges': 53, 'loss_recent': 4.887642052173614, 'elapsed_sec': 96.190533824265, 'avg_sec_per_batch': 0.480952669121325, 'cuda_allocated_mb': 90, 'cuda_reserved_mb': 552, 'cuda_max_allocated_mb': 566}
{'event': 'train_time_group', 'epoch': 1, 'time_group': 255, 'time_groups': 255, 'batch': 254, 'batches': 255, 'time_value': 1410480000.0, 'group_batches': 1, 'history_edges': 19896, 'elapsed_sec': 133.09481664001942, 'cuda_allocated_mb': 86, 'cuda_reserved_mb': 652, 'cuda_max_allocated_mb': 566}
{'event': 'train_progress', 'epoch': 1, 'batch': 255, 'batches': 255, 'time_group': 255, 'time_groups': 255, 'history_edges': 19896, 'pos_edges': 104, 'neg_edges': 104, 'loss_recent': 4.582597966194153, 'elapsed_sec': 133.8205538727343, 'avg_sec_per_batch': 0.5247864857754286, 'cuda_allocated_mb': 92, 'cuda_reserved_mb': 652, 'cuda_max_allocated_mb': 566}
{'event': 'validation_start', 'epoch': 1}
{'event': 'validation_ranking_start', 'epoch': 1, 'max_edges': 10}
{'event': 'epoch_end', 'epoch': 1, 'early_stop_metric': 'val_composite', 'val_score': 0.49271809903902425, 'val_auc': 0.8626678466796875, 'val_ap': 0.7377952154756853, 'val_ndcg': 0.9477986786959698, 'val_mrr': 0.28827111302818026, 'val_hits@1': 0.2, 'val_hits@10': 0.5, 'val_hits@50': 0.5, 'val_hits@100': 0.55, 'elapsed_sec': 151.05270591378212}
{'candidate': 'global_relpop_residual_rank_probe_h96_r12_a12_p4x4_l1_neg1_lr0p001_hp1_relpopfix48_sr0p05_sa0p01_rl0p05_m0_bpr', 'seed': 1, 'composite': nan, 'val_auc': 0.8626678466796875, 'val_ap': 0.7377952154756853, 'val_ndcg': 0.9477986786959698, 'val_mrr': 0.28827111302818026, 'val_hits@1': 0.2, 'val_hits@10': 0.5, 'val_hits@50': 0.5, 'val_hits@100': 0.55, 'train_loss': 4.971934801924462, 'train_lp': 0.4505905719364391, 'train_align': 857.5503368901271, 'train_kl': 2258.6184330958945, 'train_ood_reg': 0.23087919874518525, 'train_meta': 0.4494449878440184, 'train_struct_aux': 0.5252678903294544, 'train_weighted_align': 4.287751592841803, 'train_weighted_kl': 0.2258618381970069, 'train_weighted_ood_reg': 0.00023087921019360495, 'train_weighted_meta': 0.0022472248963929494, 'train_weighted_struct_aux': 0.005252678780907801, 'train_rank': 0.2589651588569669, 'train_weighted_rank': 0.012948258152213312}
{'event': 'candidate_summary', 'candidate': 'global_relpop_residual_rank_probe_h96_r12_a12_p4x4_l1_neg1_lr0p001_hp1_relpopfix48_sr0p05_sa0p01_rl0p05_m0_bpr', 'score': 0.49271809903902425, 'passes_metric_minima': True, 'means': {'val_auc': 0.8626678466796875, 'val_ap': 0.7377952154756853, 'val_mrr': 0.28827111302818026, 'val_hits@10': 0.5, 'val_ndcg': 0.9477986786959698}, 'seeds_completed': 1}
{'event': 'candidate_seed_start', 'candidate': 'global_relpop_residual_rank_probe_h96_r12_a12_p4x4_l1_neg1_lr0p001_hp1_relpopfix48_sr0p05_sa0p05_rl0p05_m0_bpr', 'seed': 1, 'device': 'cuda', 'node_text_device': 'cuda:0'}
{'event': 'train_seed_start', 'seed': 1, 'train_edges': 20000, 'val_edges': 14592, 'test_edges': 14378, 'num_nodes': 7128, 'num_relations': 230}
{'event': 'train_seed_tensors_ready', 'seed': 1, 'elapsed_sec': 0.07630512863397598, 'cuda_allocated_mb': 37, 'cuda_reserved_mb': 64, 'cuda_max_allocated_mb': 566}
{'event': 'train_known_facts_ready', 'seed': 1, 'scope': 'train', 'edges': 20000, 'elapsed_sec': 0.07980938255786896}
{'event': 'train_known_facts_ready', 'seed': 1, 'scope': 'train_val', 'edges': 34592, 'elapsed_sec': 0.08397526293992996}
{'event': 'train_sampler_ready', 'seed': 1, 'elapsed_sec': 0.13258378207683563}
{'event': 'val_sampler_ready', 'seed': 1, 'elapsed_sec': 0.20385849848389626}
{'event': 'epoch_start', 'epoch': 1, 'epochs': 1, 'batches': 255, 'time_groups': 255}
{'event': 'train_time_group', 'epoch': 1, 'time_group': 1, 'time_groups': 255, 'batch': 0, 'batches': 255, 'time_value': 1388534400.0, 'group_batches': 1, 'history_edges': 0, 'elapsed_sec': 0.023370902985334396, 'cuda_allocated_mb': 38, 'cuda_reserved_mb': 64, 'cuda_max_allocated_mb': 566}
{'event': 'train_progress', 'epoch': 1, 'batch': 1, 'batches': 255, 'time_group': 1, 'time_groups': 255, 'history_edges': 0, 'pos_edges': 37, 'neg_edges': 37, 'loss_recent': 3.1307685375213623, 'elapsed_sec': 0.41899026185274124, 'avg_sec_per_batch': 0.41899026185274124, 'cuda_allocated_mb': 87, 'cuda_reserved_mb': 162, 'cuda_max_allocated_mb': 566}
{'event': 'train_progress', 'epoch': 1, 'batch': 100, 'batches': 255, 'time_group': 100, 'time_groups': 255, 'history_edges': 7713, 'pos_edges': 83, 'neg_edges': 83, 'loss_recent': 5.4175093507766725, 'elapsed_sec': 58.954624991863966, 'avg_sec_per_batch': 0.5895462499186397, 'cuda_allocated_mb': 91, 'cuda_reserved_mb': 412, 'cuda_max_allocated_mb': 566}
{'event': 'train_progress', 'epoch': 1, 'batch': 200, 'batches': 255, 'time_group': 200, 'time_groups': 255, 'history_edges': 15787, 'pos_edges': 53, 'neg_edges': 53, 'loss_recent': 4.9052655887603756, 'elapsed_sec': 115.40201780945063, 'avg_sec_per_batch': 0.5770100890472531, 'cuda_allocated_mb': 90, 'cuda_reserved_mb': 552, 'cuda_max_allocated_mb': 566}
{'event': 'train_time_group', 'epoch': 1, 'time_group': 255, 'time_groups': 255, 'batch': 254, 'batches': 255, 'time_value': 1410480000.0, 'group_batches': 1, 'history_edges': 19896, 'elapsed_sec': 141.22332683205605, 'cuda_allocated_mb': 86, 'cuda_reserved_mb': 652, 'cuda_max_allocated_mb': 566}
{'event': 'train_progress', 'epoch': 1, 'batch': 255, 'batches': 255, 'time_group': 255, 'time_groups': 255, 'history_edges': 19896, 'pos_edges': 104, 'neg_edges': 104, 'loss_recent': 4.5995737588405605, 'elapsed_sec': 141.7560966014862, 'avg_sec_per_batch': 0.5559062611822988, 'cuda_allocated_mb': 92, 'cuda_reserved_mb': 652, 'cuda_max_allocated_mb': 566}
{'event': 'validation_start', 'epoch': 1}
{'event': 'validation_ranking_start', 'epoch': 1, 'max_edges': 10}
{'event': 'epoch_end', 'epoch': 1, 'early_stop_metric': 'val_composite', 'val_score': 0.4914517210404489, 'val_auc': 0.8623138427734375, 'val_ap': 0.7362304367635896, 'val_ndcg': 0.9474836914184392, 'val_mrr': 0.28630618849078926, 'val_hits@1': 0.2, 'val_hits@10': 0.5, 'val_hits@50': 0.5, 'val_hits@100': 0.55, 'elapsed_sec': 158.54111352190375}
{'candidate': 'global_relpop_residual_rank_probe_h96_r12_a12_p4x4_l1_neg1_lr0p001_hp1_relpopfix48_sr0p05_sa0p05_rl0p05_m0_bpr', 'seed': 1, 'composite': nan, 'val_auc': 0.8623138427734375, 'val_ap': 0.7362304367635896, 'val_ndcg': 0.9474836914184392, 'val_mrr': 0.28630618849078926, 'val_hits@1': 0.2, 'val_hits@10': 0.5, 'val_hits@50': 0.5, 'val_hits@100': 0.55, 'train_loss': 4.991287426387562, 'train_lp': 0.45047067351201003, 'train_align': 857.6057501101027, 'train_kl': 2258.3437933229934, 'train_ood_reg': 0.23088566526478413, 'train_meta': 0.4493866320042049, 'train_struct_aux': 0.4895183928456961, 'train_weighted_align': 4.288028659540064, 'train_weighted_kl': 0.22583437337010515, 'train_weighted_ood_reg': 0.00023088567609460476, 'train_weighted_meta': 0.002246933112117261, 'train_weighted_struct_aux': 0.024475920035996857, 'train_rank': 0.2591866889128498, 'train_weighted_rank': 0.012959334676555705}
{'event': 'candidate_summary', 'candidate': 'global_relpop_residual_rank_probe_h96_r12_a12_p4x4_l1_neg1_lr0p001_hp1_relpopfix48_sr0p05_sa0p05_rl0p05_m0_bpr', 'score': 0.4914517210404489, 'passes_metric_minima': True, 'means': {'val_auc': 0.8623138427734375, 'val_ap': 0.7362304367635896, 'val_mrr': 0.28630618849078926, 'val_hits@10': 0.5, 'val_ndcg': 0.9474836914184392}, 'seeds_completed': 1}
{'event': 'candidate_seed_start', 'candidate': 'global_relpop_residual_rank_probe_h96_r12_a12_p4x4_l1_neg1_lr0p001_hp1_relpopfix48_sr0p1_sa0p01_rl0p05_m0_bpr', 'seed': 1, 'device': 'cuda', 'node_text_device': 'cuda:0'}
{'event': 'train_seed_start', 'seed': 1, 'train_edges': 20000, 'val_edges': 14592, 'test_edges': 14378, 'num_nodes': 7128, 'num_relations': 230}
{'event': 'train_seed_tensors_ready', 'seed': 1, 'elapsed_sec': 0.040886085480451584, 'cuda_allocated_mb': 37, 'cuda_reserved_mb': 64, 'cuda_max_allocated_mb': 566}
{'event': 'train_known_facts_ready', 'seed': 1, 'scope': 'train', 'edges': 20000, 'elapsed_sec': 0.044297993183135986}
{'event': 'train_known_facts_ready', 'seed': 1, 'scope': 'train_val', 'edges': 34592, 'elapsed_sec': 0.04868905991315842}
{'event': 'train_sampler_ready', 'seed': 1, 'elapsed_sec': 0.09673083573579788}
{'event': 'val_sampler_ready', 'seed': 1, 'elapsed_sec': 0.15243151783943176}
{'event': 'epoch_start', 'epoch': 1, 'epochs': 1, 'batches': 255, 'time_groups': 255}
{'event': 'train_time_group', 'epoch': 1, 'time_group': 1, 'time_groups': 255, 'batch': 0, 'batches': 255, 'time_value': 1388534400.0, 'group_batches': 1, 'history_edges': 0, 'elapsed_sec': 0.013071205466985703, 'cuda_allocated_mb': 38, 'cuda_reserved_mb': 64, 'cuda_max_allocated_mb': 566}
{'event': 'train_progress', 'epoch': 1, 'batch': 1, 'batches': 255, 'time_group': 1, 'time_groups': 255, 'history_edges': 0, 'pos_edges': 37, 'neg_edges': 37, 'loss_recent': 3.102457284927368, 'elapsed_sec': 0.3345157392323017, 'avg_sec_per_batch': 0.3345157392323017, 'cuda_allocated_mb': 87, 'cuda_reserved_mb': 162, 'cuda_max_allocated_mb': 566}
{'event': 'train_progress', 'epoch': 1, 'batch': 100, 'batches': 255, 'time_group': 100, 'time_groups': 255, 'history_edges': 7713, 'pos_edges': 83, 'neg_edges': 83, 'loss_recent': 5.394002859592438, 'elapsed_sec': 47.257434502243996, 'avg_sec_per_batch': 0.47257434502243995, 'cuda_allocated_mb': 91, 'cuda_reserved_mb': 412, 'cuda_max_allocated_mb': 566}
{'event': 'train_progress', 'epoch': 1, 'batch': 200, 'batches': 255, 'time_group': 200, 'time_groups': 255, 'history_edges': 15787, 'pos_edges': 53, 'neg_edges': 53, 'loss_recent': 4.886166241168976, 'elapsed_sec': 96.11297941580415, 'avg_sec_per_batch': 0.4805648970790207, 'cuda_allocated_mb': 90, 'cuda_reserved_mb': 552, 'cuda_max_allocated_mb': 566}
{'event': 'train_time_group', 'epoch': 1, 'time_group': 255, 'time_groups': 255, 'batch': 254, 'batches': 255, 'time_value': 1410480000.0, 'group_batches': 1, 'history_edges': 19896, 'elapsed_sec': 127.27423410117626, 'cuda_allocated_mb': 86, 'cuda_reserved_mb': 652, 'cuda_max_allocated_mb': 566}
{'event': 'train_progress', 'epoch': 1, 'batch': 255, 'batches': 255, 'time_group': 255, 'time_groups': 255, 'history_edges': 19896, 'pos_edges': 104, 'neg_edges': 104, 'loss_recent': 4.581099677085876, 'elapsed_sec': 127.89566297084093, 'avg_sec_per_batch': 0.5015516194934938, 'cuda_allocated_mb': 92, 'cuda_reserved_mb': 652, 'cuda_max_allocated_mb': 566}
{'event': 'validation_start', 'epoch': 1}
{'event': 'validation_ranking_start', 'epoch': 1, 'max_edges': 10}
{'event': 'epoch_end', 'epoch': 1, 'early_stop_metric': 'val_composite', 'val_score': 0.49297079742226013, 'val_auc': 0.863092041015625, 'val_ap': 0.7389183707798783, 'val_ndcg': 0.9480168793143666, 'val_mrr': 0.28835350364612095, 'val_hits@1': 0.2, 'val_hits@10': 0.5, 'val_hits@50': 0.5, 'val_hits@100': 0.55, 'elapsed_sec': 145.75482048094273}
{'candidate': 'global_relpop_residual_rank_probe_h96_r12_a12_p4x4_l1_neg1_lr0p001_hp1_relpopfix48_sr0p1_sa0p01_rl0p05_m0_bpr', 'seed': 1, 'composite': nan, 'val_auc': 0.863092041015625, 'val_ap': 0.7389183707798783, 'val_ndcg': 0.9480168793143666, 'val_mrr': 0.28835350364612095, 'val_hits@1': 0.2, 'val_hits@10': 0.5, 'val_hits@50': 0.5, 'val_hits@100': 0.55, 'train_loss': 4.970670905767703, 'train_lp': 0.4494899437123654, 'train_align': 857.489939252068, 'train_kl': 2258.7232713886337, 'train_ood_reg': 0.2308868655387093, 'train_meta': 0.4480756927354663, 'train_struct_aux': 0.5387768466682995, 'train_weighted_align': 4.287449592702529, 'train_weighted_kl': 0.22587232125156065, 'train_weighted_ood_reg': 0.0002308868765420116, 'train_weighted_meta': 0.0022403784155589986, 'train_weighted_struct_aux': 0.005387768352075535, 'train_rank': 0.2581186338382609, 'train_weighted_rank': 0.012905931916069605}
{'event': 'candidate_summary', 'candidate': 'global_relpop_residual_rank_probe_h96_r12_a12_p4x4_l1_neg1_lr0p001_hp1_relpopfix48_sr0p1_sa0p01_rl0p05_m0_bpr', 'score': 0.49297079742226013, 'passes_metric_minima': True, 'means': {'val_auc': 0.863092041015625, 'val_ap': 0.7389183707798783, 'val_mrr': 0.28835350364612095, 'val_hits@10': 0.5, 'val_ndcg': 0.9480168793143666}, 'seeds_completed': 1}
{'event': 'candidate_seed_start', 'candidate': 'global_relpop_residual_rank_probe_h96_r12_a12_p4x4_l1_neg1_lr0p001_hp1_relpopfix48_sr0p1_sa0p05_rl0p05_m0_bpr', 'seed': 1, 'device': 'cuda', 'node_text_device': 'cuda:0'}
{'event': 'train_seed_start', 'seed': 1, 'train_edges': 20000, 'val_edges': 14592, 'test_edges': 14378, 'num_nodes': 7128, 'num_relations': 230}
{'event': 'train_seed_tensors_ready', 'seed': 1, 'elapsed_sec': 0.04004751145839691, 'cuda_allocated_mb': 37, 'cuda_reserved_mb': 64, 'cuda_max_allocated_mb': 566}
{'event': 'train_known_facts_ready', 'seed': 1, 'scope': 'train', 'edges': 20000, 'elapsed_sec': 0.043498244136571884}
{'event': 'train_known_facts_ready', 'seed': 1, 'scope': 'train_val', 'edges': 34592, 'elapsed_sec': 0.04777710884809494}
{'event': 'train_sampler_ready', 'seed': 1, 'elapsed_sec': 0.09715782478451729}
{'event': 'val_sampler_ready', 'seed': 1, 'elapsed_sec': 0.14631402492523193}
{'event': 'epoch_start', 'epoch': 1, 'epochs': 1, 'batches': 255, 'time_groups': 255}
{'event': 'train_time_group', 'epoch': 1, 'time_group': 1, 'time_groups': 255, 'batch': 0, 'batches': 255, 'time_value': 1388534400.0, 'group_batches': 1, 'history_edges': 0, 'elapsed_sec': 0.013803355395793915, 'cuda_allocated_mb': 38, 'cuda_reserved_mb': 64, 'cuda_max_allocated_mb': 566}
{'event': 'train_progress', 'epoch': 1, 'batch': 1, 'batches': 255, 'time_group': 1, 'time_groups': 255, 'history_edges': 0, 'pos_edges': 37, 'neg_edges': 37, 'loss_recent': 3.1313064098358154, 'elapsed_sec': 0.4125225394964218, 'avg_sec_per_batch': 0.4125225394964218, 'cuda_allocated_mb': 87, 'cuda_reserved_mb': 162, 'cuda_max_allocated_mb': 566}
{'event': 'train_progress', 'epoch': 1, 'batch': 100, 'batches': 255, 'time_group': 100, 'time_groups': 255, 'history_edges': 7713, 'pos_edges': 83, 'neg_edges': 83, 'loss_recent': 5.416521000862121, 'elapsed_sec': 36.266188096255064, 'avg_sec_per_batch': 0.36266188096255064, 'cuda_allocated_mb': 91, 'cuda_reserved_mb': 412, 'cuda_max_allocated_mb': 566}
{'event': 'train_progress', 'epoch': 1, 'batch': 200, 'batches': 255, 'time_group': 200, 'time_groups': 255, 'history_edges': 15787, 'pos_edges': 53, 'neg_edges': 53, 'loss_recent': 4.904025857448578, 'elapsed_sec': 89.21603944152594, 'avg_sec_per_batch': 0.4460801972076297, 'cuda_allocated_mb': 90, 'cuda_reserved_mb': 552, 'cuda_max_allocated_mb': 566}
{'event': 'train_time_group', 'epoch': 1, 'time_group': 255, 'time_groups': 255, 'batch': 254, 'batches': 255, 'time_value': 1410480000.0, 'group_batches': 1, 'history_edges': 19896, 'elapsed_sec': 119.97560822591186, 'cuda_allocated_mb': 86, 'cuda_reserved_mb': 652, 'cuda_max_allocated_mb': 566}
{'event': 'train_progress', 'epoch': 1, 'batch': 255, 'batches': 255, 'time_group': 255, 'time_groups': 255, 'history_edges': 19896, 'pos_edges': 104, 'neg_edges': 104, 'loss_recent': 4.597989089488983, 'elapsed_sec': 120.66454770416021, 'avg_sec_per_batch': 0.4731943047221969, 'cuda_allocated_mb': 92, 'cuda_reserved_mb': 652, 'cuda_max_allocated_mb': 566}
{'event': 'validation_start', 'epoch': 1}
{'event': 'validation_ranking_start', 'epoch': 1, 'max_edges': 10}
{'event': 'epoch_end', 'epoch': 1, 'early_stop_metric': 'val_composite', 'val_score': 0.49274579443541444, 'val_auc': 0.863360595703125, 'val_ap': 0.7382351327814327, 'val_ndcg': 0.9479169261090079, 'val_mrr': 0.2881016042442849, 'val_hits@1': 0.2, 'val_hits@10': 0.5, 'val_hits@50': 0.5, 'val_hits@100': 0.55, 'elapsed_sec': 138.09305199608207}
{'candidate': 'global_relpop_residual_rank_probe_h96_r12_a12_p4x4_l1_neg1_lr0p001_hp1_relpopfix48_sr0p1_sa0p05_rl0p05_m0_bpr', 'seed': 1, 'composite': nan, 'val_auc': 0.863360595703125, 'val_ap': 0.7382351327814327, 'val_ndcg': 0.9479169261090079, 'val_mrr': 0.2881016042442849, 'val_hits@1': 0.2, 'val_hits@10': 0.5, 'val_hits@50': 0.5, 'val_hits@100': 0.55, 'train_loss': 4.990058986813414, 'train_lp': 0.4492996291202657, 'train_align': 857.5551346124387, 'train_kl': 2258.2805654488357, 'train_ood_reg': 0.23091521251435373, 'train_meta': 0.4480266076384806, 'train_struct_aux': 0.4936935512458577, 'train_weighted_align': 4.287775588503071, 'train_weighted_kl': 0.22582805083662855, 'train_weighted_ood_reg': 0.0002309152235587438, 'train_weighted_meta': 0.0022401329917449723, 'train_weighted_struct_aux': 0.0246846780655723, 'train_rank': 0.2579252193663634, 'train_weighted_rank': 0.012896261195761755}
{'event': 'candidate_summary', 'candidate': 'global_relpop_residual_rank_probe_h96_r12_a12_p4x4_l1_neg1_lr0p001_hp1_relpopfix48_sr0p1_sa0p05_rl0p05_m0_bpr', 'score': 0.49274579443541444, 'passes_metric_minima': True, 'means': {'val_auc': 0.863360595703125, 'val_ap': 0.7382351327814327, 'val_mrr': 0.2881016042442849, 'val_hits@10': 0.5, 'val_ndcg': 0.9479169261090079}, 'seeds_completed': 1}
{'event': 'candidate_seed_start', 'candidate': 'global_relpop_residual_rank_probe_h96_r12_a12_p4x4_l1_neg1_lr0p001_hp2_relpopfix48_sr0p05_sa0p01_rl0p02_m0_bpr', 'seed': 1, 'device': 'cuda', 'node_text_device': 'cuda:0'}
{'event': 'train_seed_start', 'seed': 1, 'train_edges': 20000, 'val_edges': 14592, 'test_edges': 14378, 'num_nodes': 7128, 'num_relations': 230}
{'event': 'train_seed_tensors_ready', 'seed': 1, 'elapsed_sec': 0.037512488663196564, 'cuda_allocated_mb': 37, 'cuda_reserved_mb': 64, 'cuda_max_allocated_mb': 566}
{'event': 'train_known_facts_ready', 'seed': 1, 'scope': 'train', 'edges': 20000, 'elapsed_sec': 0.04140119254589081}
{'event': 'train_known_facts_ready', 'seed': 1, 'scope': 'train_val', 'edges': 34592, 'elapsed_sec': 0.045921582728624344}
{'event': 'train_sampler_ready', 'seed': 1, 'elapsed_sec': 0.09674669802188873}
{'event': 'val_sampler_ready', 'seed': 1, 'elapsed_sec': 0.14982354268431664}
{'event': 'epoch_start', 'epoch': 1, 'epochs': 1, 'batches': 255, 'time_groups': 255}
{'event': 'train_time_group', 'epoch': 1, 'time_group': 1, 'time_groups': 255, 'batch': 0, 'batches': 255, 'time_value': 1388534400.0, 'group_batches': 1, 'history_edges': 0, 'elapsed_sec': 0.01341315358877182, 'cuda_allocated_mb': 38, 'cuda_reserved_mb': 64, 'cuda_max_allocated_mb': 566}
{'event': 'train_progress', 'epoch': 1, 'batch': 1, 'batches': 255, 'time_group': 1, 'time_groups': 255, 'history_edges': 0, 'pos_edges': 37, 'neg_edges': 37, 'loss_recent': 3.101919412612915, 'elapsed_sec': 0.3683452755212784, 'avg_sec_per_batch': 0.3683452755212784, 'cuda_allocated_mb': 87, 'cuda_reserved_mb': 162, 'cuda_max_allocated_mb': 566}
{'event': 'train_progress', 'epoch': 1, 'batch': 100, 'batches': 255, 'time_group': 100, 'time_groups': 255, 'history_edges': 7713, 'pos_edges': 83, 'neg_edges': 83, 'loss_recent': 5.39418651342392, 'elapsed_sec': 47.80135092139244, 'avg_sec_per_batch': 0.4780135092139244, 'cuda_allocated_mb': 91, 'cuda_reserved_mb': 412, 'cuda_max_allocated_mb': 566}
{'event': 'train_progress', 'epoch': 1, 'batch': 200, 'batches': 255, 'time_group': 200, 'time_groups': 255, 'history_edges': 15787, 'pos_edges': 53, 'neg_edges': 53, 'loss_recent': 4.893197493553162, 'elapsed_sec': 100.40212869644165, 'avg_sec_per_batch': 0.5020106434822083, 'cuda_allocated_mb': 90, 'cuda_reserved_mb': 552, 'cuda_max_allocated_mb': 566}
{'event': 'train_time_group', 'epoch': 1, 'time_group': 255, 'time_groups': 255, 'batch': 254, 'batches': 255, 'time_value': 1410480000.0, 'group_batches': 1, 'history_edges': 19896, 'elapsed_sec': 126.04092417657375, 'cuda_allocated_mb': 86, 'cuda_reserved_mb': 652, 'cuda_max_allocated_mb': 566}
{'event': 'train_progress', 'epoch': 1, 'batch': 255, 'batches': 255, 'time_group': 255, 'time_groups': 255, 'history_edges': 19896, 'pos_edges': 104, 'neg_edges': 104, 'loss_recent': 4.587531907558441, 'elapsed_sec': 126.5865657441318, 'avg_sec_per_batch': 0.49641790487894827, 'cuda_allocated_mb': 92, 'cuda_reserved_mb': 652, 'cuda_max_allocated_mb': 566}
{'event': 'validation_start', 'epoch': 1}
{'event': 'validation_ranking_start', 'epoch': 1, 'max_edges': 10}
{'event': 'epoch_end', 'epoch': 1, 'early_stop_metric': 'val_composite', 'val_score': 0.46928378603338206, 'val_auc': 0.8633941650390625, 'val_ap': 0.7418488870817865, 'val_ndcg': 0.9485847800742351, 'val_mrr': 0.2599565334234749, 'val_hits@1': 0.15, 'val_hits@10': 0.45, 'val_hits@50': 0.5, 'val_hits@100': 0.55, 'elapsed_sec': 142.764612454921}
{'candidate': 'global_relpop_residual_rank_probe_h96_r12_a12_p4x4_l1_neg1_lr0p001_hp2_relpopfix48_sr0p05_sa0p01_rl0p02_m0_bpr', 'seed': 1, 'composite': nan, 'val_auc': 0.8633941650390625, 'val_ap': 0.7418488870817865, 'val_ndcg': 0.9485847800742351, 'val_mrr': 0.2599565334234749, 'val_hits@1': 0.15, 'val_hits@10': 0.45, 'val_hits@50': 0.5, 'val_hits@100': 0.55, 'train_loss': 4.975080553690592, 'train_lp': 0.449403658041767, 'train_align': 858.4864576152727, 'train_kl': 2254.866132190181, 'train_ood_reg': 0.23094885711576424, 'train_meta': 0.44864324638072184, 'train_struct_aux': 0.5283917830270879, 'train_weighted_align': 4.292432185247833, 'train_weighted_kl': 0.2254866072360207, 'train_weighted_ood_reg': 0.00023094886855687947, 'train_weighted_meta': 0.0022432161820367634, 'train_weighted_struct_aux': 0.0052839177085415405, 'train_rank': 0.2617279383335628, 'train_weighted_rank': 0.005234558657085633}
{'event': 'candidate_summary', 'candidate': 'global_relpop_residual_rank_probe_h96_r12_a12_p4x4_l1_neg1_lr0p001_hp2_relpopfix48_sr0p05_sa0p01_rl0p02_m0_bpr', 'score': 0.46928378603338206, 'passes_metric_minima': True, 'means': {'val_auc': 0.8633941650390625, 'val_ap': 0.7418488870817865, 'val_mrr': 0.2599565334234749, 'val_hits@10': 0.45, 'val_ndcg': 0.9485847800742351}, 'seeds_completed': 1}
{'event': 'candidate_seed_start', 'candidate': 'global_relpop_residual_rank_probe_h96_r12_a12_p4x4_l1_neg1_lr0p001_hp2_relpopfix48_sr0p05_sa0p05_rl0p02_m0_bpr', 'seed': 1, 'device': 'cuda', 'node_text_device': 'cuda:0'}
{'event': 'train_seed_start', 'seed': 1, 'train_edges': 20000, 'val_edges': 14592, 'test_edges': 14378, 'num_nodes': 7128, 'num_relations': 230}
{'event': 'train_seed_tensors_ready', 'seed': 1, 'elapsed_sec': 0.03654322028160095, 'cuda_allocated_mb': 37, 'cuda_reserved_mb': 64, 'cuda_max_allocated_mb': 566}
{'event': 'train_known_facts_ready', 'seed': 1, 'scope': 'train', 'edges': 20000, 'elapsed_sec': 0.04000358283519745}
{'event': 'train_known_facts_ready', 'seed': 1, 'scope': 'train_val', 'edges': 34592, 'elapsed_sec': 0.044427838176488876}
{'event': 'train_sampler_ready', 'seed': 1, 'elapsed_sec': 0.09821762889623642}
{'event': 'val_sampler_ready', 'seed': 1, 'elapsed_sec': 0.15035371482372284}
{'event': 'epoch_start', 'epoch': 1, 'epochs': 1, 'batches': 255, 'time_groups': 255}
{'event': 'train_time_group', 'epoch': 1, 'time_group': 1, 'time_groups': 255, 'batch': 0, 'batches': 255, 'time_value': 1388534400.0, 'group_batches': 1, 'history_edges': 0, 'elapsed_sec': 0.017212066799402237, 'cuda_allocated_mb': 38, 'cuda_reserved_mb': 64, 'cuda_max_allocated_mb': 566}
{'event': 'train_progress', 'epoch': 1, 'batch': 1, 'batches': 255, 'time_group': 1, 'time_groups': 255, 'history_edges': 0, 'pos_edges': 37, 'neg_edges': 37, 'loss_recent': 3.1307685375213623, 'elapsed_sec': 0.4508979767560959, 'avg_sec_per_batch': 0.4508979767560959, 'cuda_allocated_mb': 87, 'cuda_reserved_mb': 162, 'cuda_max_allocated_mb': 566}
{'event': 'train_progress', 'epoch': 1, 'batch': 100, 'batches': 255, 'time_group': 100, 'time_groups': 255, 'history_edges': 7713, 'pos_edges': 83, 'neg_edges': 83, 'loss_recent': 5.416383895874024, 'elapsed_sec': 51.10083910822868, 'avg_sec_per_batch': 0.5110083910822868, 'cuda_allocated_mb': 91, 'cuda_reserved_mb': 412, 'cuda_max_allocated_mb': 566}
{'event': 'train_progress', 'epoch': 1, 'batch': 200, 'batches': 255, 'time_group': 200, 'time_groups': 255, 'history_edges': 15787, 'pos_edges': 53, 'neg_edges': 53, 'loss_recent': 4.910602853298188, 'elapsed_sec': 132.27454345300794, 'avg_sec_per_batch': 0.6613727172650397, 'cuda_allocated_mb': 90, 'cuda_reserved_mb': 552, 'cuda_max_allocated_mb': 566}
{'event': 'train_time_group', 'epoch': 1, 'time_group': 255, 'time_groups': 255, 'batch': 254, 'batches': 255, 'time_value': 1410480000.0, 'group_batches': 1, 'history_edges': 19896, 'elapsed_sec': 183.4474214501679, 'cuda_allocated_mb': 86, 'cuda_reserved_mb': 652, 'cuda_max_allocated_mb': 566}
{'event': 'train_progress', 'epoch': 1, 'batch': 255, 'batches': 255, 'time_group': 255, 'time_groups': 255, 'history_edges': 19896, 'pos_edges': 104, 'neg_edges': 104, 'loss_recent': 4.604728577136993, 'elapsed_sec': 184.62574611604214, 'avg_sec_per_batch': 0.7240225337884005, 'cuda_allocated_mb': 92, 'cuda_reserved_mb': 652, 'cuda_max_allocated_mb': 566}
{'event': 'validation_start', 'epoch': 1}
{'event': 'validation_ranking_start', 'epoch': 1, 'max_edges': 10}
{'event': 'epoch_end', 'epoch': 1, 'early_stop_metric': 'val_composite', 'val_score': 0.4690709284866055, 'val_auc': 0.8623809814453124, 'val_ap': 0.7411199476509865, 'val_ndcg': 0.9483810549109741, 'val_mrr': 0.2598915635511888, 'val_hits@1': 0.15, 'val_hits@10': 0.45, 'val_hits@50': 0.5, 'val_hits@100': 0.55, 'elapsed_sec': 209.9764664694667}
{'candidate': 'global_relpop_residual_rank_probe_h96_r12_a12_p4x4_l1_neg1_lr0p001_hp2_relpopfix48_sr0p05_sa0p05_rl0p02_m0_bpr', 'seed': 1, 'composite': nan, 'val_auc': 0.8623809814453124, 'val_ap': 0.7411199476509865, 'val_ndcg': 0.9483810549109741, 'val_mrr': 0.2598915635511888, 'val_hits@1': 0.15, 'val_hits@10': 0.45, 'val_hits@50': 0.5, 'val_hits@100': 0.55, 'train_loss': 4.994317398819269, 'train_lp': 0.4491477654845107, 'train_align': 858.5163942823223, 'train_kl': 2254.748927696078, 'train_ood_reg': 0.23094635985645592, 'train_meta': 0.4483098556013668, 'train_struct_aux': 0.49280715689939614, 'train_weighted_align': 4.29258187752144, 'train_weighted_kl': 0.2254748867130747, 'train_weighted_ood_reg': 0.0002309463711628946, 'train_weighted_meta': 0.002241549232755514, 'train_weighted_struct_aux': 0.024640358232107817, 'train_rank': 0.2617510616779327, 'train_weighted_rank': 0.005235021125853938}
{'event': 'candidate_summary', 'candidate': 'global_relpop_residual_rank_probe_h96_r12_a12_p4x4_l1_neg1_lr0p001_hp2_relpopfix48_sr0p05_sa0p05_rl0p02_m0_bpr', 'score': 0.4690709284866055, 'passes_metric_minima': True, 'means': {'val_auc': 0.8623809814453124, 'val_ap': 0.7411199476509865, 'val_mrr': 0.2598915635511888, 'val_hits@10': 0.45, 'val_ndcg': 0.9483810549109741}, 'seeds_completed': 1}
{'event': 'candidate_seed_start', 'candidate': 'global_relpop_residual_rank_probe_h96_r12_a12_p4x4_l1_neg1_lr0p001_hp2_relpopfix48_sr0p1_sa0p01_rl0p02_m0_bpr', 'seed': 1, 'device': 'cuda', 'node_text_device': 'cuda:0'}
{'event': 'train_seed_start', 'seed': 1, 'train_edges': 20000, 'val_edges': 14592, 'test_edges': 14378, 'num_nodes': 7128, 'num_relations': 230}
{'event': 'train_seed_tensors_ready', 'seed': 1, 'elapsed_sec': 0.04674448445439339, 'cuda_allocated_mb': 37, 'cuda_reserved_mb': 64, 'cuda_max_allocated_mb': 566}
{'event': 'train_known_facts_ready', 'seed': 1, 'scope': 'train', 'edges': 20000, 'elapsed_sec': 0.05026976019144058}
{'event': 'train_known_facts_ready', 'seed': 1, 'scope': 'train_val', 'edges': 34592, 'elapsed_sec': 0.05482778325676918}
{'event': 'train_sampler_ready', 'seed': 1, 'elapsed_sec': 0.12670046463608742}
{'event': 'val_sampler_ready', 'seed': 1, 'elapsed_sec': 0.19421420991420746}
{'event': 'epoch_start', 'epoch': 1, 'epochs': 1, 'batches': 255, 'time_groups': 255}
{'event': 'train_time_group', 'epoch': 1, 'time_group': 1, 'time_groups': 255, 'batch': 0, 'batches': 255, 'time_value': 1388534400.0, 'group_batches': 1, 'history_edges': 0, 'elapsed_sec': 0.014320246875286102, 'cuda_allocated_mb': 38, 'cuda_reserved_mb': 64, 'cuda_max_allocated_mb': 566}
{'event': 'train_progress', 'epoch': 1, 'batch': 1, 'batches': 255, 'time_group': 1, 'time_groups': 255, 'history_edges': 0, 'pos_edges': 37, 'neg_edges': 37, 'loss_recent': 3.102457284927368, 'elapsed_sec': 0.5293055400252342, 'avg_sec_per_batch': 0.5293055400252342, 'cuda_allocated_mb': 87, 'cuda_reserved_mb': 162, 'cuda_max_allocated_mb': 566}
{'event': 'train_progress', 'epoch': 1, 'batch': 100, 'batches': 255, 'time_group': 100, 'time_groups': 255, 'history_edges': 7713, 'pos_edges': 83, 'neg_edges': 83, 'loss_recent': 5.393854188919067, 'elapsed_sec': 54.71458413824439, 'avg_sec_per_batch': 0.5471458413824439, 'cuda_allocated_mb': 91, 'cuda_reserved_mb': 412, 'cuda_max_allocated_mb': 566}
{'event': 'train_progress', 'epoch': 1, 'batch': 200, 'batches': 255, 'time_group': 200, 'time_groups': 255, 'history_edges': 15787, 'pos_edges': 53, 'neg_edges': 53, 'loss_recent': 4.892722177505493, 'elapsed_sec': 116.18284615129232, 'avg_sec_per_batch': 0.5809142307564616, 'cuda_allocated_mb': 90, 'cuda_reserved_mb': 552, 'cuda_max_allocated_mb': 566}
{'event': 'train_time_group', 'epoch': 1, 'time_group': 255, 'time_groups': 255, 'batch': 254, 'batches': 255, 'time_value': 1410480000.0, 'group_batches': 1, 'history_edges': 19896, 'elapsed_sec': 150.09119479730725, 'cuda_allocated_mb': 86, 'cuda_reserved_mb': 652, 'cuda_max_allocated_mb': 566}
{'event': 'train_progress', 'epoch': 1, 'batch': 255, 'batches': 255, 'time_group': 255, 'time_groups': 255, 'history_edges': 19896, 'pos_edges': 104, 'neg_edges': 104, 'loss_recent': 4.587081301212311, 'elapsed_sec': 150.79606001079082, 'avg_sec_per_batch': 0.5913570980815327, 'cuda_allocated_mb': 92, 'cuda_reserved_mb': 652, 'cuda_max_allocated_mb': 566}
{'event': 'validation_start', 'epoch': 1}
{'event': 'validation_ranking_start', 'epoch': 1, 'max_edges': 10}
{'event': 'epoch_end', 'epoch': 1, 'early_stop_metric': 'val_composite', 'val_score': 0.46943519146277396, 'val_auc': 0.8635131835937501, 'val_ap': 0.742443693579166, 'val_ndcg': 0.9487270098980669, 'val_mrr': 0.26004055451280966, 'val_hits@1': 0.15, 'val_hits@10': 0.45, 'val_hits@50': 0.5, 'val_hits@100': 0.55, 'elapsed_sec': 171.34801457449794}
{'candidate': 'global_relpop_residual_rank_probe_h96_r12_a12_p4x4_l1_neg1_lr0p001_hp2_relpopfix48_sr0p1_sa0p01_rl0p02_m0_bpr', 'seed': 1, 'composite': nan, 'val_auc': 0.8635131835937501, 'val_ap': 0.742443693579166, 'val_ndcg': 0.9487270098980669, 'val_mrr': 0.26004055451280966, 'val_hits@1': 0.15, 'val_hits@10': 0.45, 'val_hits@50': 0.5, 'val_hits@100': 0.55, 'train_loss': 4.9746010957979685, 'train_lp': 0.4488812113509459, 'train_align': 858.4643531948913, 'train_kl': 2254.94430697572, 'train_ood_reg': 0.23101686864506965, 'train_meta': 0.4477743548505447, 'train_struct_aux': 0.5433902362982432, 'train_weighted_align': 4.292321667951696, 'train_weighted_kl': 0.22549442561233746, 'train_weighted_ood_reg': 0.00023101687970041645, 'train_weighted_meta': 0.0022388717237239084, 'train_weighted_struct_aux': 0.005433902243042694, 'train_rank': 0.26144390468503914, 'train_weighted_rank': 0.005228877989986144}
{'event': 'candidate_summary', 'candidate': 'global_relpop_residual_rank_probe_h96_r12_a12_p4x4_l1_neg1_lr0p001_hp2_relpopfix48_sr0p1_sa0p01_rl0p02_m0_bpr', 'score': 0.46943519146277396, 'passes_metric_minima': True, 'means': {'val_auc': 0.8635131835937501, 'val_ap': 0.742443693579166, 'val_mrr': 0.26004055451280966, 'val_hits@10': 0.45, 'val_ndcg': 0.9487270098980669}, 'seeds_completed': 1}
{'event': 'candidate_seed_start', 'candidate': 'global_relpop_residual_rank_probe_h96_r12_a12_p4x4_l1_neg1_lr0p001_hp2_relpopfix48_sr0p1_sa0p05_rl0p02_m0_bpr', 'seed': 1, 'device': 'cuda', 'node_text_device': 'cuda:0'}
{'event': 'train_seed_start', 'seed': 1, 'train_edges': 20000, 'val_edges': 14592, 'test_edges': 14378, 'num_nodes': 7128, 'num_relations': 230}
{'event': 'train_seed_tensors_ready', 'seed': 1, 'elapsed_sec': 0.033038992434740067, 'cuda_allocated_mb': 37, 'cuda_reserved_mb': 64, 'cuda_max_allocated_mb': 566}
{'event': 'train_known_facts_ready', 'seed': 1, 'scope': 'train', 'edges': 20000, 'elapsed_sec': 0.03704806789755821}
{'event': 'train_known_facts_ready', 'seed': 1, 'scope': 'train_val', 'edges': 34592, 'elapsed_sec': 0.042037561535835266}
{'event': 'train_sampler_ready', 'seed': 1, 'elapsed_sec': 0.09149724617600441}
{'event': 'val_sampler_ready', 'seed': 1, 'elapsed_sec': 0.14533193409442902}
{'event': 'epoch_start', 'epoch': 1, 'epochs': 1, 'batches': 255, 'time_groups': 255}
{'event': 'train_time_group', 'epoch': 1, 'time_group': 1, 'time_groups': 255, 'batch': 0, 'batches': 255, 'time_value': 1388534400.0, 'group_batches': 1, 'history_edges': 0, 'elapsed_sec': 0.013773337006568909, 'cuda_allocated_mb': 38, 'cuda_reserved_mb': 64, 'cuda_max_allocated_mb': 566}
{'event': 'train_progress', 'epoch': 1, 'batch': 1, 'batches': 255, 'time_group': 1, 'time_groups': 255, 'history_edges': 0, 'pos_edges': 37, 'neg_edges': 37, 'loss_recent': 3.1313064098358154, 'elapsed_sec': 0.2944941818714142, 'avg_sec_per_batch': 0.2944941818714142, 'cuda_allocated_mb': 87, 'cuda_reserved_mb': 162, 'cuda_max_allocated_mb': 566}
{'event': 'train_progress', 'epoch': 1, 'batch': 100, 'batches': 255, 'time_group': 100, 'time_groups': 255, 'history_edges': 7713, 'pos_edges': 83, 'neg_edges': 83, 'loss_recent': 5.415769567489624, 'elapsed_sec': 37.8677350319922, 'avg_sec_per_batch': 0.37867735031992195, 'cuda_allocated_mb': 91, 'cuda_reserved_mb': 412, 'cuda_max_allocated_mb': 566}
{'event': 'train_progress', 'epoch': 1, 'batch': 200, 'batches': 255, 'time_group': 200, 'time_groups': 255, 'history_edges': 15787, 'pos_edges': 53, 'neg_edges': 53, 'loss_recent': 4.909480304718017, 'elapsed_sec': 82.37476140633225, 'avg_sec_per_batch': 0.41187380703166127, 'cuda_allocated_mb': 90, 'cuda_reserved_mb': 552, 'cuda_max_allocated_mb': 566}
{'event': 'train_time_group', 'epoch': 1, 'time_group': 255, 'time_groups': 255, 'batch': 254, 'batches': 255, 'time_value': 1410480000.0, 'group_batches': 1, 'history_edges': 19896, 'elapsed_sec': 102.13220673054457, 'cuda_allocated_mb': 86, 'cuda_reserved_mb': 652, 'cuda_max_allocated_mb': 566}
{'event': 'train_progress', 'epoch': 1, 'batch': 255, 'batches': 255, 'time_group': 255, 'time_groups': 255, 'history_edges': 19896, 'pos_edges': 104, 'neg_edges': 104, 'loss_recent': 4.603424874544143, 'elapsed_sec': 102.50636786222458, 'avg_sec_per_batch': 0.4019857563224493, 'cuda_allocated_mb': 92, 'cuda_reserved_mb': 652, 'cuda_max_allocated_mb': 566}
{'event': 'validation_start', 'epoch': 1}
{'event': 'validation_ranking_start', 'epoch': 1, 'max_edges': 10}
{'event': 'epoch_end', 'epoch': 1, 'early_stop_metric': 'val_composite', 'val_score': 0.4818736759838967, 'val_auc': 0.8635284423828125, 'val_ap': 0.7422907460498359, 'val_ndcg': 0.9486858081419174, 'val_mrr': 0.28497012228617785, 'val_hits@1': 0.2, 'val_hits@10': 0.45, 'val_hits@50': 0.5, 'val_hits@100': 0.55, 'elapsed_sec': 117.2340482249856}
{'candidate': 'global_relpop_residual_rank_probe_h96_r12_a12_p4x4_l1_neg1_lr0p001_hp2_relpopfix48_sr0p1_sa0p05_rl0p02_m0_bpr', 'seed': 1, 'composite': nan, 'val_auc': 0.8635284423828125, 'val_ap': 0.7422907460498359, 'val_ndcg': 0.9486858081419174, 'val_mrr': 0.28497012228617785, 'val_hits@1': 0.2, 'val_hits@10': 0.45, 'val_hits@50': 0.5, 'val_hits@100': 0.55, 'train_loss': 4.993320239291472, 'train_lp': 0.44799969722242916, 'train_align': 858.4997465245864, 'train_kl': 2254.459224685968, 'train_ood_reg': 0.2309726996164696, 'train_meta': 0.44709040747553697, 'train_struct_aux': 0.4981912864189522, 'train_weighted_align': 4.292498648867888, 'train_weighted_kl': 0.22544591619687923, 'train_weighted_ood_reg': 0.00023097271058598862, 'train_weighted_meta': 0.0022354519870086556, 'train_weighted_struct_aux': 0.024909564732190442, 'train_rank': 0.2607607042672587, 'train_weighted_rank': 0.005215213968025922}
{'event': 'candidate_summary', 'candidate': 'global_relpop_residual_rank_probe_h96_r12_a12_p4x4_l1_neg1_lr0p001_hp2_relpopfix48_sr0p1_sa0p05_rl0p02_m0_bpr', 'score': 0.4818736759838967, 'passes_metric_minima': True, 'means': {'val_auc': 0.8635284423828125, 'val_ap': 0.7422907460498359, 'val_mrr': 0.28497012228617785, 'val_hits@10': 0.45, 'val_ndcg': 0.9486858081419174}, 'seeds_completed': 1}
{'event': 'candidate_seed_start', 'candidate': 'global_relpop_residual_rank_probe_h96_r12_a12_p4x4_l1_neg1_lr0p001_hp2_relpopfix48_sr0p05_sa0p01_rl0p05_m0_bpr', 'seed': 1, 'device': 'cuda', 'node_text_device': 'cuda:0'}
{'event': 'train_seed_start', 'seed': 1, 'train_edges': 20000, 'val_edges': 14592, 'test_edges': 14378, 'num_nodes': 7128, 'num_relations': 230}
{'event': 'train_seed_tensors_ready', 'seed': 1, 'elapsed_sec': 0.049300771206617355, 'cuda_allocated_mb': 37, 'cuda_reserved_mb': 64, 'cuda_max_allocated_mb': 566}
{'event': 'train_known_facts_ready', 'seed': 1, 'scope': 'train', 'edges': 20000, 'elapsed_sec': 0.052718278020620346}
{'event': 'train_known_facts_ready', 'seed': 1, 'scope': 'train_val', 'edges': 34592, 'elapsed_sec': 0.05743253976106644}
{'event': 'train_sampler_ready', 'seed': 1, 'elapsed_sec': 0.11081438884139061}
{'event': 'val_sampler_ready', 'seed': 1, 'elapsed_sec': 0.15902996063232422}
{'event': 'epoch_start', 'epoch': 1, 'epochs': 1, 'batches': 255, 'time_groups': 255}
{'event': 'train_time_group', 'epoch': 1, 'time_group': 1, 'time_groups': 255, 'batch': 0, 'batches': 255, 'time_value': 1388534400.0, 'group_batches': 1, 'history_edges': 0, 'elapsed_sec': 0.01407373696565628, 'cuda_allocated_mb': 38, 'cuda_reserved_mb': 64, 'cuda_max_allocated_mb': 566}
{'event': 'train_progress', 'epoch': 1, 'batch': 1, 'batches': 255, 'time_group': 1, 'time_groups': 255, 'history_edges': 0, 'pos_edges': 37, 'neg_edges': 37, 'loss_recent': 3.101919412612915, 'elapsed_sec': 0.31750670075416565, 'avg_sec_per_batch': 0.31750670075416565, 'cuda_allocated_mb': 87, 'cuda_reserved_mb': 162, 'cuda_max_allocated_mb': 566}
{'event': 'train_progress', 'epoch': 1, 'batch': 100, 'batches': 255, 'time_group': 100, 'time_groups': 255, 'history_edges': 7713, 'pos_edges': 83, 'neg_edges': 83, 'loss_recent': 5.39451180934906, 'elapsed_sec': 42.06819739565253, 'avg_sec_per_batch': 0.42068197395652535, 'cuda_allocated_mb': 91, 'cuda_reserved_mb': 412, 'cuda_max_allocated_mb': 566}
{'event': 'train_progress', 'epoch': 1, 'batch': 200, 'batches': 255, 'time_group': 200, 'time_groups': 255, 'history_edges': 15787, 'pos_edges': 53, 'neg_edges': 53, 'loss_recent': 4.89420360326767, 'elapsed_sec': 81.62660460546613, 'avg_sec_per_batch': 0.4081330230273306, 'cuda_allocated_mb': 90, 'cuda_reserved_mb': 552, 'cuda_max_allocated_mb': 566}
{'event': 'train_time_group', 'epoch': 1, 'time_group': 255, 'time_groups': 255, 'batch': 254, 'batches': 255, 'time_value': 1410480000.0, 'group_batches': 1, 'history_edges': 19896, 'elapsed_sec': 101.93223839998245, 'cuda_allocated_mb': 86, 'cuda_reserved_mb': 652, 'cuda_max_allocated_mb': 566}
{'event': 'train_progress', 'epoch': 1, 'batch': 255, 'batches': 255, 'time_group': 255, 'time_groups': 255, 'history_edges': 19896, 'pos_edges': 104, 'neg_edges': 104, 'loss_recent': 4.588725782632828, 'elapsed_sec': 102.46874655410647, 'avg_sec_per_batch': 0.4018382217808097, 'cuda_allocated_mb': 92, 'cuda_reserved_mb': 652, 'cuda_max_allocated_mb': 566}
{'event': 'validation_start', 'epoch': 1}
{'event': 'validation_ranking_start', 'epoch': 1, 'max_edges': 10}
{'event': 'epoch_end', 'epoch': 1, 'early_stop_metric': 'val_composite', 'val_score': 0.46930730088149886, 'val_auc': 0.862847900390625, 'val_ap': 0.7419210473075691, 'val_ndcg': 0.9485676832969319, 'val_mrr': 0.260039960872278, 'val_hits@1': 0.15, 'val_hits@10': 0.45, 'val_hits@50': 0.5, 'val_hits@100': 0.6, 'elapsed_sec': 119.3562992028892}
{'candidate': 'global_relpop_residual_rank_probe_h96_r12_a12_p4x4_l1_neg1_lr0p001_hp2_relpopfix48_sr0p05_sa0p01_rl0p05_m0_bpr', 'seed': 1, 'composite': nan, 'val_auc': 0.862847900390625, 'val_ap': 0.7419210473075691, 'val_ndcg': 0.9485676832969319, 'val_mrr': 0.260039960872278, 'val_hits@1': 0.15, 'val_hits@10': 0.45, 'val_hits@50': 0.5, 'val_hits@100': 0.6, 'train_loss': 4.975881989329469, 'train_lp': 0.4496812267046349, 'train_align': 858.5988326727175, 'train_kl': 2254.4045857747396, 'train_ood_reg': 0.23092871121331757, 'train_meta': 0.44904488497505, 'train_struct_aux': 0.5290113564799813, 'train_weighted_align': 4.292994063975764, 'train_weighted_kl': 0.22544045240855684, 'train_weighted_ood_reg': 0.00023092872214357495, 'train_weighted_meta': 0.002245224372246394, 'train_weighted_struct_aux': 0.005290113438797347, 'train_rank': 0.25968974483948126, 'train_weighted_rank': 0.012984487427599436}
{'event': 'candidate_summary', 'candidate': 'global_relpop_residual_rank_probe_h96_r12_a12_p4x4_l1_neg1_lr0p001_hp2_relpopfix48_sr0p05_sa0p01_rl0p05_m0_bpr', 'score': 0.46930730088149886, 'passes_metric_minima': True, 'means': {'val_auc': 0.862847900390625, 'val_ap': 0.7419210473075691, 'val_mrr': 0.260039960872278, 'val_hits@10': 0.45, 'val_ndcg': 0.9485676832969319}, 'seeds_completed': 1}
{'event': 'candidate_seed_start', 'candidate': 'global_relpop_residual_rank_probe_h96_r12_a12_p4x4_l1_neg1_lr0p001_hp2_relpopfix48_sr0p05_sa0p05_rl0p05_m0_bpr', 'seed': 1, 'device': 'cuda', 'node_text_device': 'cuda:0'}
{'event': 'train_seed_start', 'seed': 1, 'train_edges': 20000, 'val_edges': 14592, 'test_edges': 14378, 'num_nodes': 7128, 'num_relations': 230}
{'event': 'train_seed_tensors_ready', 'seed': 1, 'elapsed_sec': 0.05026152357459068, 'cuda_allocated_mb': 37, 'cuda_reserved_mb': 64, 'cuda_max_allocated_mb': 566}
{'event': 'train_known_facts_ready', 'seed': 1, 'scope': 'train', 'edges': 20000, 'elapsed_sec': 0.053614404052495956}
{'event': 'train_known_facts_ready', 'seed': 1, 'scope': 'train_val', 'edges': 34592, 'elapsed_sec': 0.057846296578645706}
{'event': 'train_sampler_ready', 'seed': 1, 'elapsed_sec': 0.11195456981658936}
{'event': 'val_sampler_ready', 'seed': 1, 'elapsed_sec': 0.16071704030036926}
{'event': 'epoch_start', 'epoch': 1, 'epochs': 1, 'batches': 255, 'time_groups': 255}
{'event': 'train_time_group', 'epoch': 1, 'time_group': 1, 'time_groups': 255, 'batch': 0, 'batches': 255, 'time_value': 1388534400.0, 'group_batches': 1, 'history_edges': 0, 'elapsed_sec': 0.013171307742595673, 'cuda_allocated_mb': 38, 'cuda_reserved_mb': 64, 'cuda_max_allocated_mb': 566}
{'event': 'train_progress', 'epoch': 1, 'batch': 1, 'batches': 255, 'time_group': 1, 'time_groups': 255, 'history_edges': 0, 'pos_edges': 37, 'neg_edges': 37, 'loss_recent': 3.1307685375213623, 'elapsed_sec': 0.2703901343047619, 'avg_sec_per_batch': 0.2703901343047619, 'cuda_allocated_mb': 87, 'cuda_reserved_mb': 162, 'cuda_max_allocated_mb': 566}
{'event': 'train_progress', 'epoch': 1, 'batch': 100, 'batches': 255, 'time_group': 100, 'time_groups': 255, 'history_edges': 7713, 'pos_edges': 83, 'neg_edges': 83, 'loss_recent': 5.416754679679871, 'elapsed_sec': 33.81931062042713, 'avg_sec_per_batch': 0.33819310620427134, 'cuda_allocated_mb': 91, 'cuda_reserved_mb': 412, 'cuda_max_allocated_mb': 566}
{'event': 'train_progress', 'epoch': 1, 'batch': 200, 'batches': 255, 'time_group': 200, 'time_groups': 255, 'history_edges': 15787, 'pos_edges': 53, 'neg_edges': 53, 'loss_recent': 4.911689443588257, 'elapsed_sec': 70.03897574543953, 'avg_sec_per_batch': 0.3501948787271976, 'cuda_allocated_mb': 90, 'cuda_reserved_mb': 552, 'cuda_max_allocated_mb': 566}
{'event': 'train_time_group', 'epoch': 1, 'time_group': 255, 'time_groups': 255, 'batch': 254, 'batches': 255, 'time_value': 1410480000.0, 'group_batches': 1, 'history_edges': 19896, 'elapsed_sec': 95.45785468071699, 'cuda_allocated_mb': 86, 'cuda_reserved_mb': 652, 'cuda_max_allocated_mb': 566}
{'event': 'train_progress', 'epoch': 1, 'batch': 255, 'batches': 255, 'time_group': 255, 'time_groups': 255, 'history_edges': 19896, 'pos_edges': 104, 'neg_edges': 104, 'loss_recent': 4.605854480266571, 'elapsed_sec': 95.9315129853785, 'avg_sec_per_batch': 0.37620201170736667, 'cuda_allocated_mb': 92, 'cuda_reserved_mb': 652, 'cuda_max_allocated_mb': 566}
{'event': 'validation_start', 'epoch': 1}
{'event': 'validation_ranking_start', 'epoch': 1, 'max_edges': 10}
{'event': 'epoch_end', 'epoch': 1, 'early_stop_metric': 'val_composite', 'val_score': 0.4690803489801648, 'val_auc': 0.8622802734375, 'val_ap': 0.7410426719272898, 'val_ndcg': 0.9483669153429354, 'val_mrr': 0.2599464859698057, 'val_hits@1': 0.15, 'val_hits@10': 0.45, 'val_hits@50': 0.5, 'val_hits@100': 0.55, 'elapsed_sec': 113.27986072003841}
{'candidate': 'global_relpop_residual_rank_probe_h96_r12_a12_p4x4_l1_neg1_lr0p001_hp2_relpopfix48_sr0p05_sa0p05_rl0p05_m0_bpr', 'seed': 1, 'composite': nan, 'val_auc': 0.8622802734375, 'val_ap': 0.7410426719272898, 'val_ndcg': 0.9483669153429354, 'val_mrr': 0.2599464859698057, 'val_hits@1': 0.15, 'val_hits@10': 0.45, 'val_hits@50': 0.5, 'val_hits@100': 0.55, 'train_loss': 4.9951473217384486, 'train_lp': 0.4494146383860532, 'train_align': 858.63706593233, 'train_kl': 2254.245122213925, 'train_ood_reg': 0.2309355209271113, 'train_meta': 0.4486845529839104, 'train_struct_aux': 0.49297146481626175, 'train_weighted_align': 4.293185220980177, 'train_weighted_kl': 0.22542450726032257, 'train_weighted_ood_reg': 0.00023093553209750385, 'train_weighted_meta': 0.00224342272187784, 'train_weighted_struct_aux': 0.024648573647673224, 'train_rank': 0.25970507189631464, 'train_weighted_rank': 0.012985253817511394}
{'event': 'candidate_summary', 'candidate': 'global_relpop_residual_rank_probe_h96_r12_a12_p4x4_l1_neg1_lr0p001_hp2_relpopfix48_sr0p05_sa0p05_rl0p05_m0_bpr', 'score': 0.4690803489801648, 'passes_metric_minima': True, 'means': {'val_auc': 0.8622802734375, 'val_ap': 0.7410426719272898, 'val_mrr': 0.2599464859698057, 'val_hits@10': 0.45, 'val_ndcg': 0.9483669153429354}, 'seeds_completed': 1}
{'event': 'candidate_seed_start', 'candidate': 'global_relpop_residual_rank_probe_h96_r12_a12_p4x4_l1_neg1_lr0p001_hp2_relpopfix48_sr0p1_sa0p01_rl0p05_m0_bpr', 'seed': 1, 'device': 'cuda', 'node_text_device': 'cuda:0'}
{'event': 'train_seed_start', 'seed': 1, 'train_edges': 20000, 'val_edges': 14592, 'test_edges': 14378, 'num_nodes': 7128, 'num_relations': 230}
{'event': 'train_seed_tensors_ready', 'seed': 1, 'elapsed_sec': 0.04326695203781128, 'cuda_allocated_mb': 37, 'cuda_reserved_mb': 64, 'cuda_max_allocated_mb': 566}
{'event': 'train_known_facts_ready', 'seed': 1, 'scope': 'train', 'edges': 20000, 'elapsed_sec': 0.04695305600762367}
{'event': 'train_known_facts_ready', 'seed': 1, 'scope': 'train_val', 'edges': 34592, 'elapsed_sec': 0.05156145244836807}
{'event': 'train_sampler_ready', 'seed': 1, 'elapsed_sec': 0.1036512702703476}
{'event': 'val_sampler_ready', 'seed': 1, 'elapsed_sec': 0.15319343283772469}
{'event': 'epoch_start', 'epoch': 1, 'epochs': 1, 'batches': 255, 'time_groups': 255}
{'event': 'train_time_group', 'epoch': 1, 'time_group': 1, 'time_groups': 255, 'batch': 0, 'batches': 255, 'time_value': 1388534400.0, 'group_batches': 1, 'history_edges': 0, 'elapsed_sec': 0.0168907567858696, 'cuda_allocated_mb': 38, 'cuda_reserved_mb': 64, 'cuda_max_allocated_mb': 566}
{'event': 'train_progress', 'epoch': 1, 'batch': 1, 'batches': 255, 'time_group': 1, 'time_groups': 255, 'history_edges': 0, 'pos_edges': 37, 'neg_edges': 37, 'loss_recent': 3.102457284927368, 'elapsed_sec': 0.31279850006103516, 'avg_sec_per_batch': 0.31279850006103516, 'cuda_allocated_mb': 87, 'cuda_reserved_mb': 162, 'cuda_max_allocated_mb': 566}
{'event': 'train_progress', 'epoch': 1, 'batch': 100, 'batches': 255, 'time_group': 100, 'time_groups': 255, 'history_edges': 7713, 'pos_edges': 83, 'neg_edges': 83, 'loss_recent': 5.394078454971313, 'elapsed_sec': 27.887284357100725, 'avg_sec_per_batch': 0.2788728435710073, 'cuda_allocated_mb': 91, 'cuda_reserved_mb': 412, 'cuda_max_allocated_mb': 566}
{'event': 'train_progress', 'epoch': 1, 'batch': 200, 'batches': 255, 'time_group': 200, 'time_groups': 255, 'history_edges': 15787, 'pos_edges': 53, 'neg_edges': 53, 'loss_recent': 4.893606188297272, 'elapsed_sec': 70.41553088650107, 'avg_sec_per_batch': 0.3520776544325054, 'cuda_allocated_mb': 90, 'cuda_reserved_mb': 552, 'cuda_max_allocated_mb': 566}
{'event': 'train_time_group', 'epoch': 1, 'time_group': 255, 'time_groups': 255, 'batch': 254, 'batches': 255, 'time_value': 1410480000.0, 'group_batches': 1, 'history_edges': 19896, 'elapsed_sec': 95.65955274924636, 'cuda_allocated_mb': 86, 'cuda_reserved_mb': 652, 'cuda_max_allocated_mb': 566}
{'event': 'train_progress', 'epoch': 1, 'batch': 255, 'batches': 255, 'time_group': 255, 'time_groups': 255, 'history_edges': 19896, 'pos_edges': 104, 'neg_edges': 104, 'loss_recent': 4.58822396159172, 'elapsed_sec': 96.25701620802283, 'avg_sec_per_batch': 0.3774784949334229, 'cuda_allocated_mb': 92, 'cuda_reserved_mb': 652, 'cuda_max_allocated_mb': 566}
{'event': 'validation_start', 'epoch': 1}
{'event': 'validation_ranking_start', 'epoch': 1, 'max_edges': 10}
{'event': 'epoch_end', 'epoch': 1, 'early_stop_metric': 'val_composite', 'val_score': 0.4693990350615288, 'val_auc': 0.8629150390625, 'val_ap': 0.7421866940914508, 'val_ndcg': 0.9486343172438025, 'val_mrr': 0.2601236945406117, 'val_hits@1': 0.15, 'val_hits@10': 0.45, 'val_hits@50': 0.5, 'val_hits@100': 0.6, 'elapsed_sec': 112.8083269521594}
{'candidate': 'global_relpop_residual_rank_probe_h96_r12_a12_p4x4_l1_neg1_lr0p001_hp2_relpopfix48_sr0p1_sa0p01_rl0p05_m0_bpr', 'seed': 1, 'composite': nan, 'val_auc': 0.8629150390625, 'val_ap': 0.7421866940914508, 'val_ndcg': 0.9486343172438025, 'val_mrr': 0.2601236945406117, 'val_hits@1': 0.15, 'val_hits@10': 0.45, 'val_hits@50': 0.5, 'val_hits@100': 0.6, 'train_loss': 4.975322651863098, 'train_lp': 0.4490992751191644, 'train_align': 858.567772958793, 'train_kl': 2254.7243982651653, 'train_ood_reg': 0.23099574055157457, 'train_meta': 0.44811547237868404, 'train_struct_aux': 0.5440621864561941, 'train_weighted_align': 4.292838766995598, 'train_weighted_kl': 0.22547243497535294, 'train_weighted_ood_reg': 0.0002309957510613672, 'train_weighted_meta': 0.00224057730942435, 'train_weighted_struct_aux': 0.0054406217518536484, 'train_rank': 0.2593358935094347, 'train_weighted_rank': 0.012966794860731884}
{'event': 'candidate_summary', 'candidate': 'global_relpop_residual_rank_probe_h96_r12_a12_p4x4_l1_neg1_lr0p001_hp2_relpopfix48_sr0p1_sa0p01_rl0p05_m0_bpr', 'score': 0.4693990350615288, 'passes_metric_minima': True, 'means': {'val_auc': 0.8629150390625, 'val_ap': 0.7421866940914508, 'val_mrr': 0.2601236945406117, 'val_hits@10': 0.45, 'val_ndcg': 0.9486343172438025}, 'seeds_completed': 1}
{'event': 'candidate_seed_start', 'candidate': 'global_relpop_residual_rank_probe_h96_r12_a12_p4x4_l1_neg1_lr0p001_hp2_relpopfix48_sr0p1_sa0p05_rl0p05_m0_bpr', 'seed': 1, 'device': 'cuda', 'node_text_device': 'cuda:0'}
{'event': 'train_seed_start', 'seed': 1, 'train_edges': 20000, 'val_edges': 14592, 'test_edges': 14378, 'num_nodes': 7128, 'num_relations': 230}
{'event': 'train_seed_tensors_ready', 'seed': 1, 'elapsed_sec': 0.00895019993185997, 'cuda_allocated_mb': 37, 'cuda_reserved_mb': 64, 'cuda_max_allocated_mb': 566}
{'event': 'train_known_facts_ready', 'seed': 1, 'scope': 'train', 'edges': 20000, 'elapsed_sec': 0.012591671198606491}
{'event': 'train_known_facts_ready', 'seed': 1, 'scope': 'train_val', 'edges': 34592, 'elapsed_sec': 0.01693272963166237}
{'event': 'train_sampler_ready', 'seed': 1, 'elapsed_sec': 0.06610877439379692}
{'event': 'val_sampler_ready', 'seed': 1, 'elapsed_sec': 0.1145896278321743}
{'event': 'epoch_start', 'epoch': 1, 'epochs': 1, 'batches': 255, 'time_groups': 255}
{'event': 'train_time_group', 'epoch': 1, 'time_group': 1, 'time_groups': 255, 'batch': 0, 'batches': 255, 'time_value': 1388534400.0, 'group_batches': 1, 'history_edges': 0, 'elapsed_sec': 0.013736236840486526, 'cuda_allocated_mb': 38, 'cuda_reserved_mb': 64, 'cuda_max_allocated_mb': 566}
{'event': 'train_progress', 'epoch': 1, 'batch': 1, 'batches': 255, 'time_group': 1, 'time_groups': 255, 'history_edges': 0, 'pos_edges': 37, 'neg_edges': 37, 'loss_recent': 3.1313064098358154, 'elapsed_sec': 0.2584647126495838, 'avg_sec_per_batch': 0.2584647126495838, 'cuda_allocated_mb': 87, 'cuda_reserved_mb': 162, 'cuda_max_allocated_mb': 566}
{'event': 'train_progress', 'epoch': 1, 'batch': 100, 'batches': 255, 'time_group': 100, 'time_groups': 255, 'history_edges': 7713, 'pos_edges': 83, 'neg_edges': 83, 'loss_recent': 5.416040632724762, 'elapsed_sec': 29.566719103604555, 'avg_sec_per_batch': 0.29566719103604555, 'cuda_allocated_mb': 91, 'cuda_reserved_mb': 412, 'cuda_max_allocated_mb': 566}
{'event': 'train_progress', 'epoch': 1, 'batch': 200, 'batches': 255, 'time_group': 200, 'time_groups': 255, 'history_edges': 15787, 'pos_edges': 53, 'neg_edges': 53, 'loss_recent': 4.9104871392250065, 'elapsed_sec': 76.21361366659403, 'avg_sec_per_batch': 0.38106806833297013, 'cuda_allocated_mb': 90, 'cuda_reserved_mb': 552, 'cuda_max_allocated_mb': 566}
{'event': 'train_time_group', 'epoch': 1, 'time_group': 255, 'time_groups': 255, 'batch': 254, 'batches': 255, 'time_value': 1410480000.0, 'group_batches': 1, 'history_edges': 19896, 'elapsed_sec': 98.95682916417718, 'cuda_allocated_mb': 86, 'cuda_reserved_mb': 652, 'cuda_max_allocated_mb': 566}
{'event': 'train_progress', 'epoch': 1, 'batch': 255, 'batches': 255, 'time_group': 255, 'time_groups': 255, 'history_edges': 19896, 'pos_edges': 104, 'neg_edges': 104, 'loss_recent': 4.604819837808609, 'elapsed_sec': 99.36729597300291, 'avg_sec_per_batch': 0.38967567048236434, 'cuda_allocated_mb': 92, 'cuda_reserved_mb': 652, 'cuda_max_allocated_mb': 566}
{'event': 'validation_start', 'epoch': 1}
{'event': 'validation_ranking_start', 'epoch': 1, 'max_edges': 10}
{'event': 'epoch_end', 'epoch': 1, 'early_stop_metric': 'val_composite', 'val_score': 0.4818337291307096, 'val_auc': 0.8625976562500001, 'val_ap': 0.7421178195845134, 'val_ndcg': 0.9485987283376714, 'val_mrr': 0.2850526010935307, 'val_hits@1': 0.2, 'val_hits@10': 0.45, 'val_hits@50': 0.5, 'val_hits@100': 0.6, 'elapsed_sec': 113.55830015987158}
{'candidate': 'global_relpop_residual_rank_probe_h96_r12_a12_p4x4_l1_neg1_lr0p001_hp2_relpopfix48_sr0p1_sa0p05_rl0p05_m0_bpr', 'seed': 1, 'composite': nan, 'val_auc': 0.8625976562500001, 'val_ap': 0.7421178195845134, 'val_ndcg': 0.9485987283376714, 'val_mrr': 0.2850526010935307, 'val_hits@1': 0.2, 'val_hits@10': 0.45, 'val_hits@50': 0.5, 'val_hits@100': 0.6, 'train_loss': 4.994180324498345, 'train_lp': 0.4483069484724718, 'train_align': 858.6124527276731, 'train_kl': 2254.2292231541055, 'train_ood_reg': 0.2309610034905228, 'train_meta': 0.44740339102698307, 'train_struct_aux': 0.4984066275989308, 'train_weighted_align': 4.293062163801754, 'train_weighted_kl': 0.22542291686815374, 'train_weighted_ood_reg': 0.00023096101404185973, 'train_weighted_meta': 0.002237016909901856, 'train_weighted_struct_aux': 0.024920331851086195, 'train_rank': 0.258727101075883, 'train_weighted_rank': 0.0129363552361325}
{'event': 'candidate_summary', 'candidate': 'global_relpop_residual_rank_probe_h96_r12_a12_p4x4_l1_neg1_lr0p001_hp2_relpopfix48_sr0p1_sa0p05_rl0p05_m0_bpr', 'score': 0.4818337291307096, 'passes_metric_minima': True, 'means': {'val_auc': 0.8625976562500001, 'val_ap': 0.7421178195845134, 'val_mrr': 0.2850526010935307, 'val_hits@10': 0.45, 'val_ndcg': 0.9485987283376714}, 'seeds_completed': 1}
