runtime_device=cuda
cuda_device=Tesla V100-PCIE-32GB
{'event': 'candidate_seed_start', 'candidate': 'global_unified_sota_probe_h96_r12_a12_p4x4_l1_neg1_lr0p001_hp0p1_sr0p25_sa0p1_rl0p05_m0_bpr_crl0p005_cs8_both_cq16', 'seed': 1, 'device': 'cuda', 'node_text_device': 'cuda:0'}
{'event': 'train_seed_start', 'seed': 1, 'train_edges': 3244, 'val_edges': 6738, 'test_edges': 26719, 'num_nodes': 4197, 'num_relations': 19}
{'event': 'train_seed_tensors_ready', 'seed': 1, 'elapsed_sec': 0.004820056259632111, 'cuda_allocated_mb': 9, 'cuda_reserved_mb': 22, 'cuda_max_allocated_mb': 9}
{'event': 'train_known_facts_ready', 'seed': 1, 'scope': 'train', 'edges': 3244, 'elapsed_sec': 0.007211234420537949}
{'event': 'train_known_facts_ready', 'seed': 1, 'scope': 'train_val', 'edges': 9982, 'elapsed_sec': 0.008527237921953201}
{'event': 'train_sampler_ready', 'seed': 1, 'elapsed_sec': 0.013388201594352722}
{'event': 'val_sampler_ready', 'seed': 1, 'elapsed_sec': 0.018059995025396347}
{'event': 'epoch_start', 'epoch': 1, 'epochs': 1, 'batches': 118, 'time_groups': 118}
{'event': 'train_time_group', 'epoch': 1, 'time_group': 1, 'time_groups': 118, 'batch': 0, 'batches': 118, 'time_value': 600.0, 'group_batches': 1, 'history_edges': 0, 'elapsed_sec': 0.19414197281002998, 'cuda_allocated_mb': 9, 'cuda_reserved_mb': 24, 'cuda_max_allocated_mb': 9}
{'event': 'train_progress', 'epoch': 1, 'batch': 1, 'batches': 118, 'time_group': 1, 'time_groups': 118, 'history_edges': 0, 'pos_edges': 1, 'neg_edges': 1, 'loss_recent': 0.7119616866111755, 'elapsed_sec': 1.163542591035366, 'avg_sec_per_batch': 1.163542591035366, 'cuda_allocated_mb': 44, 'cuda_reserved_mb': 90, 'cuda_max_allocated_mb': 81}
{'event': 'train_progress', 'epoch': 1, 'batch': 100, 'batches': 118, 'time_group': 100, 'time_groups': 118, 'history_edges': 2144, 'pos_edges': 38, 'neg_edges': 38, 'loss_recent': 1.806174605488777, 'elapsed_sec': 36.85721032321453, 'avg_sec_per_batch': 0.3685721032321453, 'cuda_allocated_mb': 48, 'cuda_reserved_mb': 216, 'cuda_max_allocated_mb': 180}
{'event': 'train_time_group', 'epoch': 1, 'time_group': 118, 'time_groups': 118, 'batch': 117, 'batches': 118, 'time_value': 1966.0, 'group_batches': 1, 'history_edges': 3153, 'elapsed_sec': 45.43842077255249, 'cuda_allocated_mb': 45, 'cuda_reserved_mb': 236, 'cuda_max_allocated_mb': 200}
{'event': 'train_progress', 'epoch': 1, 'batch': 118, 'batches': 118, 'time_group': 118, 'time_groups': 118, 'history_edges': 3153, 'pos_edges': 91, 'neg_edges': 91, 'loss_recent': 2.3046376878023147, 'elapsed_sec': 46.03736385703087, 'avg_sec_per_batch': 0.39014715133077005, 'cuda_allocated_mb': 49, 'cuda_reserved_mb': 236, 'cuda_max_allocated_mb': 203}
{'event': 'validation_start', 'epoch': 1}
{'event': 'validation_ranking_start', 'epoch': 1, 'max_edges': 10}
{'event': 'epoch_end', 'epoch': 1, 'early_stop_metric': 'val_composite', 'val_score': 0.19433661513345674, 'val_auc': 0.602093505859375, 'val_ap': 0.27274268608699387, 'val_ndcg': 0.7917436495941379, 'val_mrr': 0.028292343936050218, 'val_hits@1': 0.0, 'val_hits@10': 0.15, 'val_hits@50': 0.25, 'val_hits@100': 0.35, 'elapsed_sec': 55.08625824004412}
{'candidate': 'global_unified_sota_probe_h96_r12_a12_p4x4_l1_neg1_lr0p001_hp0p1_sr0p25_sa0p1_rl0p05_m0_bpr_crl0p005_cs8_both_cq16', 'seed': 1, 'composite': nan, 'val_auc': 0.602093505859375, 'val_ap': 0.27274268608699387, 'val_ndcg': 0.7917436495941379, 'val_mrr': 0.028292343936050218, 'val_hits@1': 0.0, 'val_hits@10': 0.15, 'val_hits@50': 0.25, 'val_hits@100': 0.35, 'train_loss': 2.0770871745327772, 'train_lp': 0.5540891294762239, 'train_align': 276.8388506861056, 'train_kl': 762.7711034871764, 'train_ood_reg': 0.21853599545814223, 'train_meta': 0.5463592469439669, 'train_struct_aux': 0.5957639275465981, 'train_weighted_align': 1.3841942333758384, 'train_weighted_kl': 0.07627710887483495, 'train_weighted_ood_reg': 0.0002185360055468124, 'train_weighted_meta': 0.0027317961690734313, 'train_weighted_struct_aux': 0.05957639394170147, 'train_rank': 0.523536811440678, 'train_weighted_rank': 0.026176840998232365, 'train_candidate_rank': 1.700883565312725, 'train_weighted_candidate_rank': 0.0085044176144115}
{'event': 'candidate_summary', 'candidate': 'global_unified_sota_probe_h96_r12_a12_p4x4_l1_neg1_lr0p001_hp0p1_sr0p25_sa0p1_rl0p05_m0_bpr_crl0p005_cs8_both_cq16', 'score': 0.19433661513345674, 'passes_metric_minima': True, 'means': {'val_auc': 0.602093505859375, 'val_ap': 0.27274268608699387, 'val_mrr': 0.028292343936050218, 'val_hits@10': 0.15, 'val_ndcg': 0.7917436495941379}, 'seeds_completed': 1}
{'event': 'candidate_seed_start', 'candidate': 'global_unified_sota_probe_h96_r12_a12_p4x4_l1_neg1_lr0p001_hp0p1_sr0p35_sa0p1_rl0p05_m0_bpr_crl0p005_cs8_both_cq16', 'seed': 1, 'device': 'cuda', 'node_text_device': 'cuda:0'}
{'event': 'train_seed_start', 'seed': 1, 'train_edges': 3244, 'val_edges': 6738, 'test_edges': 26719, 'num_nodes': 4197, 'num_relations': 19}
{'event': 'train_seed_tensors_ready', 'seed': 1, 'elapsed_sec': 0.023900669068098068, 'cuda_allocated_mb': 25, 'cuda_reserved_mb': 42, 'cuda_max_allocated_mb': 203}
{'event': 'train_known_facts_ready', 'seed': 1, 'scope': 'train', 'edges': 3244, 'elapsed_sec': 0.025665678083896637}
{'event': 'train_known_facts_ready', 'seed': 1, 'scope': 'train_val', 'edges': 9982, 'elapsed_sec': 0.026900626718997955}
{'event': 'train_sampler_ready', 'seed': 1, 'elapsed_sec': 0.03184855729341507}
{'event': 'val_sampler_ready', 'seed': 1, 'elapsed_sec': 0.03741370141506195}
{'event': 'epoch_start', 'epoch': 1, 'epochs': 1, 'batches': 118, 'time_groups': 118}
{'event': 'train_time_group', 'epoch': 1, 'time_group': 1, 'time_groups': 118, 'batch': 0, 'batches': 118, 'time_value': 600.0, 'group_batches': 1, 'history_edges': 0, 'elapsed_sec': 0.004800084978342056, 'cuda_allocated_mb': 26, 'cuda_reserved_mb': 44, 'cuda_max_allocated_mb': 203}
{'event': 'train_progress', 'epoch': 1, 'batch': 1, 'batches': 118, 'time_group': 1, 'time_groups': 118, 'history_edges': 0, 'pos_edges': 1, 'neg_edges': 1, 'loss_recent': 0.7133092880249023, 'elapsed_sec': 0.23950869590044022, 'avg_sec_per_batch': 0.23950869590044022, 'cuda_allocated_mb': 44, 'cuda_reserved_mb': 90, 'cuda_max_allocated_mb': 203}
{'event': 'train_progress', 'epoch': 1, 'batch': 100, 'batches': 118, 'time_group': 100, 'time_groups': 118, 'history_edges': 2144, 'pos_edges': 38, 'neg_edges': 38, 'loss_recent': 1.8063953840732574, 'elapsed_sec': 33.70434180274606, 'avg_sec_per_batch': 0.3370434180274606, 'cuda_allocated_mb': 48, 'cuda_reserved_mb': 216, 'cuda_max_allocated_mb': 203}
{'event': 'train_time_group', 'epoch': 1, 'time_group': 118, 'time_groups': 118, 'batch': 117, 'batches': 118, 'time_value': 1966.0, 'group_batches': 1, 'history_edges': 3153, 'elapsed_sec': 40.227820344269276, 'cuda_allocated_mb': 45, 'cuda_reserved_mb': 236, 'cuda_max_allocated_mb': 203}
{'event': 'train_progress', 'epoch': 1, 'batch': 118, 'batches': 118, 'time_group': 118, 'time_groups': 118, 'history_edges': 3153, 'pos_edges': 91, 'neg_edges': 91, 'loss_recent': 2.3046788817644117, 'elapsed_sec': 40.633709631860256, 'avg_sec_per_batch': 0.34435347145644285, 'cuda_allocated_mb': 49, 'cuda_reserved_mb': 236, 'cuda_max_allocated_mb': 203}
{'event': 'validation_start', 'epoch': 1}
{'event': 'validation_ranking_start', 'epoch': 1, 'max_edges': 10}
{'event': 'epoch_end', 'epoch': 1, 'early_stop_metric': 'val_composite', 'val_score': 0.1965720824715491, 'val_auc': 0.6024719238281251, 'val_ap': 0.27436359935578036, 'val_ndcg': 0.7930022126230162, 'val_mrr': 0.031987450228948305, 'val_hits@1': 0.0, 'val_hits@10': 0.15, 'val_hits@50': 0.25, 'val_hits@100': 0.35, 'elapsed_sec': 47.92479448765516}
{'candidate': 'global_unified_sota_probe_h96_r12_a12_p4x4_l1_neg1_lr0p001_hp0p1_sr0p35_sa0p1_rl0p05_m0_bpr_crl0p005_cs8_both_cq16', 'seed': 1, 'composite': nan, 'val_auc': 0.6024719238281251, 'val_ap': 0.27436359935578036, 'val_ndcg': 0.7930022126230162, 'val_mrr': 0.031987450228948305, 'val_hits@1': 0.0, 'val_hits@10': 0.15, 'val_hits@50': 0.25, 'val_hits@100': 0.35, 'train_loss': 2.077256520925942, 'train_lp': 0.554025505558919, 'train_align': 276.7925573264138, 'train_kl': 763.195718054044, 'train_ood_reg': 0.2186211427137003, 'train_meta': 0.5459712257577201, 'train_struct_aux': 0.600002189056348, 'train_weighted_align': 1.383962755659753, 'train_weighted_kl': 0.07631956985599156, 'train_weighted_ood_reg': 0.000218621152872417, 'train_weighted_meta': 0.0027298560722186466, 'train_weighted_struct_aux': 0.0600002198401144, 'train_rank': 0.5238258318375733, 'train_weighted_rank': 0.02619129204649036, 'train_candidate_rank': 1.6986840402675887, 'train_weighted_candidate_rank': 0.008493419999051524}
{'event': 'candidate_summary', 'candidate': 'global_unified_sota_probe_h96_r12_a12_p4x4_l1_neg1_lr0p001_hp0p1_sr0p35_sa0p1_rl0p05_m0_bpr_crl0p005_cs8_both_cq16', 'score': 0.1965720824715491, 'passes_metric_minima': True, 'means': {'val_auc': 0.6024719238281251, 'val_ap': 0.27436359935578036, 'val_mrr': 0.031987450228948305, 'val_hits@10': 0.15, 'val_ndcg': 0.7930022126230162}, 'seeds_completed': 1}
{'event': 'candidate_seed_start', 'candidate': 'global_unified_sota_probe_h96_r12_a12_p4x4_l1_neg1_lr0p001_hp0p25_sr0p25_sa0p1_rl0p05_m0_bpr_crl0p005_cs8_both_cq16', 'seed': 1, 'device': 'cuda', 'node_text_device': 'cuda:0'}
{'event': 'train_seed_start', 'seed': 1, 'train_edges': 3244, 'val_edges': 6738, 'test_edges': 26719, 'num_nodes': 4197, 'num_relations': 19}
{'event': 'train_seed_tensors_ready', 'seed': 1, 'elapsed_sec': 0.005142718553543091, 'cuda_allocated_mb': 25, 'cuda_reserved_mb': 42, 'cuda_max_allocated_mb': 203}
{'event': 'train_known_facts_ready', 'seed': 1, 'scope': 'train', 'edges': 3244, 'elapsed_sec': 0.006806410849094391}
{'event': 'train_known_facts_ready', 'seed': 1, 'scope': 'train_val', 'edges': 9982, 'elapsed_sec': 0.008217141032218933}
{'event': 'train_sampler_ready', 'seed': 1, 'elapsed_sec': 0.013248223811388016}
{'event': 'val_sampler_ready', 'seed': 1, 'elapsed_sec': 0.017935317009687424}
{'event': 'epoch_start', 'epoch': 1, 'epochs': 1, 'batches': 118, 'time_groups': 118}
{'event': 'train_time_group', 'epoch': 1, 'time_group': 1, 'time_groups': 118, 'batch': 0, 'batches': 118, 'time_value': 600.0, 'group_batches': 1, 'history_edges': 0, 'elapsed_sec': 0.00687471404671669, 'cuda_allocated_mb': 26, 'cuda_reserved_mb': 44, 'cuda_max_allocated_mb': 203}
{'event': 'train_progress', 'epoch': 1, 'batch': 1, 'batches': 118, 'time_group': 1, 'time_groups': 118, 'history_edges': 0, 'pos_edges': 1, 'neg_edges': 1, 'loss_recent': 0.7113288640975952, 'elapsed_sec': 0.17952309921383858, 'avg_sec_per_batch': 0.17952309921383858, 'cuda_allocated_mb': 44, 'cuda_reserved_mb': 90, 'cuda_max_allocated_mb': 203}
{'event': 'train_progress', 'epoch': 1, 'batch': 100, 'batches': 118, 'time_group': 100, 'time_groups': 118, 'history_edges': 2144, 'pos_edges': 38, 'neg_edges': 38, 'loss_recent': 1.8012618905305862, 'elapsed_sec': 28.317689701914787, 'avg_sec_per_batch': 0.2831768970191479, 'cuda_allocated_mb': 48, 'cuda_reserved_mb': 216, 'cuda_max_allocated_mb': 203}
{'event': 'train_time_group', 'epoch': 1, 'time_group': 118, 'time_groups': 118, 'batch': 117, 'batches': 118, 'time_value': 1966.0, 'group_batches': 1, 'history_edges': 3153, 'elapsed_sec': 33.75550748035312, 'cuda_allocated_mb': 45, 'cuda_reserved_mb': 236, 'cuda_max_allocated_mb': 203}
{'event': 'train_progress', 'epoch': 1, 'batch': 118, 'batches': 118, 'time_group': 118, 'time_groups': 118, 'history_edges': 3153, 'pos_edges': 91, 'neg_edges': 91, 'loss_recent': 2.3000384682416914, 'elapsed_sec': 34.17086946219206, 'avg_sec_per_batch': 0.2895836395101022, 'cuda_allocated_mb': 49, 'cuda_reserved_mb': 236, 'cuda_max_allocated_mb': 203}
{'event': 'validation_start', 'epoch': 1}
{'event': 'validation_ranking_start', 'epoch': 1, 'max_edges': 10}
{'event': 'epoch_end', 'epoch': 1, 'early_stop_metric': 'val_composite', 'val_score': 0.1984130216710512, 'val_auc': 0.6048675537109375, 'val_ap': 0.27606625091664483, 'val_ndcg': 0.7936810446117838, 'val_mrr': 0.034783203773658414, 'val_hits@1': 0.0, 'val_hits@10': 0.15, 'val_hits@50': 0.25, 'val_hits@100': 0.4, 'elapsed_sec': 41.1402522996068}
{'candidate': 'global_unified_sota_probe_h96_r12_a12_p4x4_l1_neg1_lr0p001_hp0p25_sr0p25_sa0p1_rl0p05_m0_bpr_crl0p005_cs8_both_cq16', 'seed': 1, 'composite': nan, 'val_auc': 0.6048675537109375, 'val_ap': 0.27606625091664483, 'val_ndcg': 0.7936810446117838, 'val_mrr': 0.034783203773658414, 'val_hits@1': 0.0, 'val_hits@10': 0.15, 'val_hits@50': 0.25, 'val_hits@100': 0.4, 'train_loss': 2.0727479361881644, 'train_lp': 0.550434494422654, 'train_align': 276.6814650337575, 'train_kl': 763.6994285906776, 'train_ood_reg': 0.21840669202097393, 'train_meta': 0.5439697689676689, 'train_struct_aux': 0.5959796114998349, 'train_weighted_align': 1.3834072915852953, 'train_weighted_kl': 0.07636994102543568, 'train_weighted_ood_reg': 0.00021840670277755233, 'train_weighted_meta': 0.002719848781530114, 'train_weighted_struct_aux': 0.05959796258327314, 'train_rank': 0.5177551049549701, 'train_weighted_rank': 0.025887755606070918, 'train_candidate_rank': 1.6813002031738475, 'train_weighted_candidate_rank': 0.0084065008667787}
{'event': 'candidate_summary', 'candidate': 'global_unified_sota_probe_h96_r12_a12_p4x4_l1_neg1_lr0p001_hp0p25_sr0p25_sa0p1_rl0p05_m0_bpr_crl0p005_cs8_both_cq16', 'score': 0.1984130216710512, 'passes_metric_minima': True, 'means': {'val_auc': 0.6048675537109375, 'val_ap': 0.27606625091664483, 'val_mrr': 0.034783203773658414, 'val_hits@10': 0.15, 'val_ndcg': 0.7936810446117838}, 'seeds_completed': 1}
{'event': 'candidate_seed_start', 'candidate': 'global_unified_sota_probe_h96_r12_a12_p4x4_l1_neg1_lr0p001_hp0p25_sr0p35_sa0p1_rl0p05_m0_bpr_crl0p005_cs8_both_cq16', 'seed': 1, 'device': 'cuda', 'node_text_device': 'cuda:0'}
{'event': 'train_seed_start', 'seed': 1, 'train_edges': 3244, 'val_edges': 6738, 'test_edges': 26719, 'num_nodes': 4197, 'num_relations': 19}
{'event': 'train_seed_tensors_ready', 'seed': 1, 'elapsed_sec': 0.004604831337928772, 'cuda_allocated_mb': 25, 'cuda_reserved_mb': 42, 'cuda_max_allocated_mb': 203}
{'event': 'train_known_facts_ready', 'seed': 1, 'scope': 'train', 'edges': 3244, 'elapsed_sec': 0.006340481340885162}
{'event': 'train_known_facts_ready', 'seed': 1, 'scope': 'train_val', 'edges': 9982, 'elapsed_sec': 0.008237235248088837}
{'event': 'train_sampler_ready', 'seed': 1, 'elapsed_sec': 0.016252003610134125}
{'event': 'val_sampler_ready', 'seed': 1, 'elapsed_sec': 0.020593728870153427}
{'event': 'epoch_start', 'epoch': 1, 'epochs': 1, 'batches': 118, 'time_groups': 118}
{'event': 'train_time_group', 'epoch': 1, 'time_group': 1, 'time_groups': 118, 'batch': 0, 'batches': 118, 'time_value': 600.0, 'group_batches': 1, 'history_edges': 0, 'elapsed_sec': 0.006028462201356888, 'cuda_allocated_mb': 26, 'cuda_reserved_mb': 44, 'cuda_max_allocated_mb': 203}
{'event': 'train_progress', 'epoch': 1, 'batch': 1, 'batches': 118, 'time_group': 1, 'time_groups': 118, 'history_edges': 0, 'pos_edges': 1, 'neg_edges': 1, 'loss_recent': 0.7112653255462646, 'elapsed_sec': 0.18029041215777397, 'avg_sec_per_batch': 0.18029041215777397, 'cuda_allocated_mb': 44, 'cuda_reserved_mb': 90, 'cuda_max_allocated_mb': 203}
{'event': 'train_progress', 'epoch': 1, 'batch': 100, 'batches': 118, 'time_group': 100, 'time_groups': 118, 'history_edges': 2144, 'pos_edges': 38, 'neg_edges': 38, 'loss_recent': 1.801323499083519, 'elapsed_sec': 29.63955693691969, 'avg_sec_per_batch': 0.29639556936919687, 'cuda_allocated_mb': 48, 'cuda_reserved_mb': 216, 'cuda_max_allocated_mb': 203}
{'event': 'train_time_group', 'epoch': 1, 'time_group': 118, 'time_groups': 118, 'batch': 117, 'batches': 118, 'time_value': 1966.0, 'group_batches': 1, 'history_edges': 3153, 'elapsed_sec': 36.505977261811495, 'cuda_allocated_mb': 45, 'cuda_reserved_mb': 236, 'cuda_max_allocated_mb': 203}
{'event': 'train_progress', 'epoch': 1, 'batch': 118, 'batches': 118, 'time_group': 118, 'time_groups': 118, 'history_edges': 3153, 'pos_edges': 91, 'neg_edges': 91, 'loss_recent': 2.2984265899658203, 'elapsed_sec': 36.90362988784909, 'avg_sec_per_batch': 0.31274262616821263, 'cuda_allocated_mb': 49, 'cuda_reserved_mb': 236, 'cuda_max_allocated_mb': 203}
{'event': 'validation_start', 'epoch': 1}
{'event': 'validation_ranking_start', 'epoch': 1, 'max_edges': 10}
{'event': 'epoch_end', 'epoch': 1, 'early_stop_metric': 'val_composite', 'val_score': 0.20871375842584017, 'val_auc': 0.602215576171875, 'val_ap': 0.274817674447709, 'val_ndcg': 0.7931892340615178, 'val_mrr': 0.03612281008787655, 'val_hits@1': 0.0, 'val_hits@10': 0.2, 'val_hits@50': 0.25, 'val_hits@100': 0.4, 'elapsed_sec': 44.34759010002017}
{'candidate': 'global_unified_sota_probe_h96_r12_a12_p4x4_l1_neg1_lr0p001_hp0p25_sr0p35_sa0p1_rl0p05_m0_bpr_crl0p005_cs8_both_cq16', 'seed': 1, 'composite': nan, 'val_auc': 0.602215576171875, 'val_ap': 0.274817674447709, 'val_ndcg': 0.7931892340615178, 'val_mrr': 0.03612281008787655, 'val_hits@1': 0.0, 'val_hits@10': 0.2, 'val_hits@50': 0.25, 'val_hits@100': 0.4, 'train_loss': 2.0716748616452945, 'train_lp': 0.5503706376431352, 'train_align': 276.218291177588, 'train_kl': 770.682394577285, 'train_ood_reg': 0.21855367012953353, 'train_meta': 0.5436512007046554, 'train_struct_aux': 0.6020774841308594, 'train_weighted_align': 1.381091429694098, 'train_weighted_kl': 0.07706823772198315, 'train_weighted_ood_reg': 0.00021855368032771305, 'train_weighted_meta': 0.0027182559456609156, 'train_weighted_struct_aux': 0.06020774935387959, 'train_rank': 0.5175572451898607, 'train_weighted_rank': 0.02587786264386091, 'train_candidate_rank': 1.6785173310061632, 'train_weighted_candidate_rank': 0.008392586473422914}
{'event': 'candidate_summary', 'candidate': 'global_unified_sota_probe_h96_r12_a12_p4x4_l1_neg1_lr0p001_hp0p25_sr0p35_sa0p1_rl0p05_m0_bpr_crl0p005_cs8_both_cq16', 'score': 0.20871375842584017, 'passes_metric_minima': True, 'means': {'val_auc': 0.602215576171875, 'val_ap': 0.274817674447709, 'val_mrr': 0.03612281008787655, 'val_hits@10': 0.2, 'val_ndcg': 0.7931892340615178}, 'seeds_completed': 1}
{'event': 'candidate_seed_start', 'candidate': 'global_unified_sota_probe_h128_r16_a16_p4x4_l1_neg1_lr0p0007_hp0p1_sr0p25_sa0p1_rl0p05_m0_bpr_crl0p005_cs8_both_cq16', 'seed': 1, 'device': 'cuda', 'node_text_device': 'cuda:0'}
{'event': 'train_seed_start', 'seed': 1, 'train_edges': 3244, 'val_edges': 6738, 'test_edges': 26719, 'num_nodes': 4197, 'num_relations': 19}
{'event': 'train_seed_tensors_ready', 'seed': 1, 'elapsed_sec': 0.010709013789892197, 'cuda_allocated_mb': 27, 'cuda_reserved_mb': 44, 'cuda_max_allocated_mb': 203}
{'event': 'train_known_facts_ready', 'seed': 1, 'scope': 'train', 'edges': 3244, 'elapsed_sec': 0.012357700616121292}
{'event': 'train_known_facts_ready', 'seed': 1, 'scope': 'train_val', 'edges': 9982, 'elapsed_sec': 0.013716660439968109}
{'event': 'train_sampler_ready', 'seed': 1, 'elapsed_sec': 0.01772177219390869}
{'event': 'val_sampler_ready', 'seed': 1, 'elapsed_sec': 0.021433081477880478}
{'event': 'epoch_start', 'epoch': 1, 'epochs': 1, 'batches': 118, 'time_groups': 118}
{'event': 'train_time_group', 'epoch': 1, 'time_group': 1, 'time_groups': 118, 'batch': 0, 'batches': 118, 'time_value': 600.0, 'group_batches': 1, 'history_edges': 0, 'elapsed_sec': 0.00584874302148819, 'cuda_allocated_mb': 27, 'cuda_reserved_mb': 44, 'cuda_max_allocated_mb': 203}
{'event': 'train_progress', 'epoch': 1, 'batch': 1, 'batches': 118, 'time_group': 1, 'time_groups': 118, 'history_edges': 0, 'pos_edges': 1, 'neg_edges': 1, 'loss_recent': 0.8116956949234009, 'elapsed_sec': 0.17308195680379868, 'avg_sec_per_batch': 0.17308195680379868, 'cuda_allocated_mb': 54, 'cuda_reserved_mb': 136, 'cuda_max_allocated_mb': 203}
{'event': 'train_progress', 'epoch': 1, 'batch': 100, 'batches': 118, 'time_group': 100, 'time_groups': 118, 'history_edges': 2144, 'pos_edges': 38, 'neg_edges': 38, 'loss_recent': 1.8971809023618698, 'elapsed_sec': 36.75209851190448, 'avg_sec_per_batch': 0.3675209851190448, 'cuda_allocated_mb': 59, 'cuda_reserved_mb': 286, 'cuda_max_allocated_mb': 239}
{'event': 'train_time_group', 'epoch': 1, 'time_group': 118, 'time_groups': 118, 'batch': 117, 'batches': 118, 'time_value': 1966.0, 'group_batches': 1, 'history_edges': 3153, 'elapsed_sec': 45.239533361047506, 'cuda_allocated_mb': 56, 'cuda_reserved_mb': 306, 'cuda_max_allocated_mb': 266}
{'event': 'train_progress', 'epoch': 1, 'batch': 118, 'batches': 118, 'time_group': 118, 'time_groups': 118, 'history_edges': 3153, 'pos_edges': 91, 'neg_edges': 91, 'loss_recent': 2.437961327433586, 'elapsed_sec': 45.86716840788722, 'avg_sec_per_batch': 0.3887048170159934, 'cuda_allocated_mb': 59, 'cuda_reserved_mb': 306, 'cuda_max_allocated_mb': 269}
{'event': 'validation_start', 'epoch': 1}
{'event': 'validation_ranking_start', 'epoch': 1, 'max_edges': 10}
{'event': 'epoch_end', 'epoch': 1, 'early_stop_metric': 'val_composite', 'val_score': 0.17429055896608048, 'val_auc': 0.6452697753906249, 'val_ap': 0.2854906951516984, 'val_ndcg': 0.773593708479973, 'val_mrr': 0.02368819015159431, 'val_hits@1': 0.0, 'val_hits@10': 0.05, 'val_hits@50': 0.35, 'val_hits@100': 0.45, 'elapsed_sec': 54.50071223080158}
{'candidate': 'global_unified_sota_probe_h128_r16_a16_p4x4_l1_neg1_lr0p0007_hp0p1_sr0p25_sa0p1_rl0p05_m0_bpr_crl0p005_cs8_both_cq16', 'seed': 1, 'composite': nan, 'val_auc': 0.6452697753906249, 'val_ap': 0.2854906951516984, 'val_ndcg': 0.773593708479973, 'val_mrr': 0.02368819015159431, 'val_hits@1': 0.0, 'val_hits@10': 0.05, 'val_hits@50': 0.35, 'val_hits@100': 0.45, 'train_loss': 2.189868629483853, 'train_lp': 0.6081415861845016, 'train_align': 285.6313990940482, 'train_kl': 909.4494805416819, 'train_ood_reg': 0.23519807940317414, 'train_meta': 0.6162990291239852, 'train_struct_aux': 0.5930846232478901, 'train_weighted_align': 1.428156969729432, 'train_weighted_kl': 0.09094494574908484, 'train_weighted_ood_reg': 0.0002351980904261266, 'train_weighted_meta': 0.003081495079440775, 'train_weighted_struct_aux': 0.05930846342343395, 'train_rank': 0.5546365403017756, 'train_weighted_rank': 0.027731827389196318, 'train_candidate_rank': 1.8286021316455583, 'train_weighted_candidate_rank': 0.009143010440866574}
{'event': 'candidate_summary', 'candidate': 'global_unified_sota_probe_h128_r16_a16_p4x4_l1_neg1_lr0p0007_hp0p1_sr0p25_sa0p1_rl0p05_m0_bpr_crl0p005_cs8_both_cq16', 'score': 0.17429055896608048, 'passes_metric_minima': True, 'means': {'val_auc': 0.6452697753906249, 'val_ap': 0.2854906951516984, 'val_mrr': 0.02368819015159431, 'val_hits@10': 0.05, 'val_ndcg': 0.773593708479973}, 'seeds_completed': 1}
{'event': 'candidate_seed_start', 'candidate': 'global_unified_sota_probe_h128_r16_a16_p4x4_l1_neg1_lr0p0007_hp0p1_sr0p35_sa0p1_rl0p05_m0_bpr_crl0p005_cs8_both_cq16', 'seed': 1, 'device': 'cuda', 'node_text_device': 'cuda:0'}
{'event': 'train_seed_start', 'seed': 1, 'train_edges': 3244, 'val_edges': 6738, 'test_edges': 26719, 'num_nodes': 4197, 'num_relations': 19}
{'event': 'train_seed_tensors_ready', 'seed': 1, 'elapsed_sec': 0.04720193147659302, 'cuda_allocated_mb': 27, 'cuda_reserved_mb': 44, 'cuda_max_allocated_mb': 269}
{'event': 'train_known_facts_ready', 'seed': 1, 'scope': 'train', 'edges': 3244, 'elapsed_sec': 0.04884882643818855}
{'event': 'train_known_facts_ready', 'seed': 1, 'scope': 'train_val', 'edges': 9982, 'elapsed_sec': 0.0502113401889801}
{'event': 'train_sampler_ready', 'seed': 1, 'elapsed_sec': 0.054176654666662216}
{'event': 'val_sampler_ready', 'seed': 1, 'elapsed_sec': 0.05788425728678703}
{'event': 'epoch_start', 'epoch': 1, 'epochs': 1, 'batches': 118, 'time_groups': 118}
{'event': 'train_time_group', 'epoch': 1, 'time_group': 1, 'time_groups': 118, 'batch': 0, 'batches': 118, 'time_value': 600.0, 'group_batches': 1, 'history_edges': 0, 'elapsed_sec': 0.006468597799539566, 'cuda_allocated_mb': 27, 'cuda_reserved_mb': 44, 'cuda_max_allocated_mb': 269}
{'event': 'train_progress', 'epoch': 1, 'batch': 1, 'batches': 118, 'time_group': 1, 'time_groups': 118, 'history_edges': 0, 'pos_edges': 1, 'neg_edges': 1, 'loss_recent': 0.8124120235443115, 'elapsed_sec': 0.19489442184567451, 'avg_sec_per_batch': 0.19489442184567451, 'cuda_allocated_mb': 54, 'cuda_reserved_mb': 136, 'cuda_max_allocated_mb': 269}
{'event': 'train_progress', 'epoch': 1, 'batch': 100, 'batches': 118, 'time_group': 100, 'time_groups': 118, 'history_edges': 2144, 'pos_edges': 38, 'neg_edges': 38, 'loss_recent': 1.8970251786708832, 'elapsed_sec': 32.12933308631182, 'avg_sec_per_batch': 0.3212933308631182, 'cuda_allocated_mb': 59, 'cuda_reserved_mb': 286, 'cuda_max_allocated_mb': 269}
{'event': 'train_time_group', 'epoch': 1, 'time_group': 118, 'time_groups': 118, 'batch': 117, 'batches': 118, 'time_value': 1966.0, 'group_batches': 1, 'history_edges': 3153, 'elapsed_sec': 37.97672771289945, 'cuda_allocated_mb': 56, 'cuda_reserved_mb': 306, 'cuda_max_allocated_mb': 269}
{'event': 'train_progress', 'epoch': 1, 'batch': 118, 'batches': 118, 'time_group': 118, 'time_groups': 118, 'history_edges': 3153, 'pos_edges': 91, 'neg_edges': 91, 'loss_recent': 2.4433576810359954, 'elapsed_sec': 38.27368551492691, 'avg_sec_per_batch': 0.32435326707565176, 'cuda_allocated_mb': 59, 'cuda_reserved_mb': 306, 'cuda_max_allocated_mb': 269}
{'event': 'validation_start', 'epoch': 1}
{'event': 'validation_ranking_start', 'epoch': 1, 'max_edges': 10}
{'event': 'epoch_end', 'epoch': 1, 'early_stop_metric': 'val_composite', 'val_score': 0.18550179639554704, 'val_auc': 0.6441101074218749, 'val_ap': 0.28875961405268263, 'val_ndcg': 0.7764727919620334, 'val_mrr': 0.024670139440695075, 'val_hits@1': 0.0, 'val_hits@10': 0.1, 'val_hits@50': 0.35, 'val_hits@100': 0.45, 'elapsed_sec': 44.91374543309212}
{'candidate': 'global_unified_sota_probe_h128_r16_a16_p4x4_l1_neg1_lr0p0007_hp0p1_sr0p35_sa0p1_rl0p05_m0_bpr_crl0p005_cs8_both_cq16', 'seed': 1, 'composite': nan, 'val_auc': 0.6441101074218749, 'val_ap': 0.28875961405268263, 'val_ndcg': 0.7764727919620334, 'val_mrr': 0.024670139440695075, 'val_hits@1': 0.0, 'val_hits@10': 0.1, 'val_hits@50': 0.35, 'val_hits@100': 0.45, 'train_loss': 2.1945277098881997, 'train_lp': 0.6109977283720243, 'train_align': 286.2673247587883, 'train_kl': 892.0823527190645, 'train_ood_reg': 0.2349725109288248, 'train_meta': 0.6183124876628487, 'train_struct_aux': 0.5965863049535428, 'train_weighted_align': 1.4313365978472945, 'train_weighted_kl': 0.08920823347012875, 'train_weighted_ood_reg': 0.00023497252254470614, 'train_weighted_meta': 0.0030915623706355057, 'train_weighted_struct_aux': 0.05965863130355285, 'train_rank': 0.5528984198630866, 'train_weighted_rank': 0.02764492146512967, 'train_candidate_rank': 1.820832255533186, 'train_weighted_candidate_rank': 0.009104161085245215}
{'event': 'candidate_summary', 'candidate': 'global_unified_sota_probe_h128_r16_a16_p4x4_l1_neg1_lr0p0007_hp0p1_sr0p35_sa0p1_rl0p05_m0_bpr_crl0p005_cs8_both_cq16', 'score': 0.18550179639554704, 'passes_metric_minima': True, 'means': {'val_auc': 0.6441101074218749, 'val_ap': 0.28875961405268263, 'val_mrr': 0.024670139440695075, 'val_hits@10': 0.1, 'val_ndcg': 0.7764727919620334}, 'seeds_completed': 1}
{'event': 'candidate_seed_start', 'candidate': 'global_unified_sota_probe_h128_r16_a16_p4x4_l1_neg1_lr0p0007_hp0p25_sr0p25_sa0p1_rl0p05_m0_bpr_crl0p005_cs8_both_cq16', 'seed': 1, 'device': 'cuda', 'node_text_device': 'cuda:0'}
{'event': 'train_seed_start', 'seed': 1, 'train_edges': 3244, 'val_edges': 6738, 'test_edges': 26719, 'num_nodes': 4197, 'num_relations': 19}
{'event': 'train_seed_tensors_ready', 'seed': 1, 'elapsed_sec': 0.02203407511115074, 'cuda_allocated_mb': 27, 'cuda_reserved_mb': 44, 'cuda_max_allocated_mb': 269}
{'event': 'train_known_facts_ready', 'seed': 1, 'scope': 'train', 'edges': 3244, 'elapsed_sec': 0.024062298238277435}
{'event': 'train_known_facts_ready', 'seed': 1, 'scope': 'train_val', 'edges': 9982, 'elapsed_sec': 0.02557406574487686}
{'event': 'train_sampler_ready', 'seed': 1, 'elapsed_sec': 0.031040295958518982}
{'event': 'val_sampler_ready', 'seed': 1, 'elapsed_sec': 0.03593621775507927}
{'event': 'epoch_start', 'epoch': 1, 'epochs': 1, 'batches': 118, 'time_groups': 118}
{'event': 'train_time_group', 'epoch': 1, 'time_group': 1, 'time_groups': 118, 'batch': 0, 'batches': 118, 'time_value': 600.0, 'group_batches': 1, 'history_edges': 0, 'elapsed_sec': 0.0077194944024086, 'cuda_allocated_mb': 27, 'cuda_reserved_mb': 44, 'cuda_max_allocated_mb': 269}
{'event': 'train_progress', 'epoch': 1, 'batch': 1, 'batches': 118, 'time_group': 1, 'time_groups': 118, 'history_edges': 0, 'pos_edges': 1, 'neg_edges': 1, 'loss_recent': 0.8078754544258118, 'elapsed_sec': 0.20117448270320892, 'avg_sec_per_batch': 0.20117448270320892, 'cuda_allocated_mb': 54, 'cuda_reserved_mb': 136, 'cuda_max_allocated_mb': 269}
