runtime_device=cuda
cuda_device=Tesla V100-PCIE-32GB
{'event': 'candidate_seed_start', 'candidate': 'global_relpop_residual_rank_probe_h96_r12_a12_p4x4_l1_neg1_lr0p001_hp1_relpopfix48_sr0p05_sa0p01_rl0p02_m0_bpr', 'seed': 1, 'device': 'cuda', 'node_text_device': 'cuda:0'}
{'event': 'train_seed_start', 'seed': 1, 'train_edges': 20000, 'val_edges': 162066, 'test_edges': 163172, 'num_nodes': 47433, 'num_relations': 566}
{'event': 'train_seed_tensors_ready', 'seed': 1, 'elapsed_sec': 0.031723033636808395, 'cuda_allocated_mb': 105, 'cuda_reserved_mb': 126, 'cuda_max_allocated_mb': 105}
{'event': 'train_known_facts_ready', 'seed': 1, 'scope': 'train', 'edges': 20000, 'elapsed_sec': 0.035139959305524826}
{'event': 'train_known_facts_ready', 'seed': 1, 'scope': 'train_val', 'edges': 182066, 'elapsed_sec': 0.05199042335152626}
{'event': 'train_sampler_ready', 'seed': 1, 'elapsed_sec': 0.1371612846851349}
{'event': 'val_sampler_ready', 'seed': 1, 'elapsed_sec': 0.2237064726650715}
{'event': 'epoch_start', 'epoch': 1, 'epochs': 1, 'batches': 98, 'time_groups': 98}
{'event': 'train_time_group', 'epoch': 1, 'time_group': 1, 'time_groups': 98, 'batch': 0, 'batches': 98, 'time_value': 1900.0, 'group_batches': 1, 'history_edges': 0, 'elapsed_sec': 0.02998543158173561, 'cuda_allocated_mb': 106, 'cuda_reserved_mb': 126, 'cuda_max_allocated_mb': 106}
{'event': 'train_progress', 'epoch': 1, 'batch': 1, 'batches': 98, 'time_group': 1, 'time_groups': 98, 'history_edges': 0, 'pos_edges': 101, 'neg_edges': 101, 'loss_recent': 8.78696060180664, 'elapsed_sec': 1.3244035132229328, 'avg_sec_per_batch': 1.3244035132229328, 'cuda_allocated_mb': 357, 'cuda_reserved_mb': 796, 'cuda_max_allocated_mb': 780}
{'event': 'train_time_group', 'epoch': 1, 'time_group': 98, 'time_groups': 98, 'batch': 97, 'batches': 98, 'time_value': 1997.0, 'group_batches': 1, 'history_edges': 19682, 'elapsed_sec': 61.77670519426465, 'cuda_allocated_mb': 333, 'cuda_reserved_mb': 1754, 'cuda_max_allocated_mb': 1669}
{'event': 'train_progress', 'epoch': 1, 'batch': 98, 'batches': 98, 'time_group': 98, 'time_groups': 98, 'history_edges': 19682, 'pos_edges': 318, 'neg_edges': 318, 'loss_recent': 17.879668050882767, 'elapsed_sec': 62.748050317168236, 'avg_sec_per_batch': 0.6402862277262065, 'cuda_allocated_mb': 420, 'cuda_reserved_mb': 1780, 'cuda_max_allocated_mb': 1680}
{'event': 'validation_start', 'epoch': 1}
{'event': 'validation_ranking_start', 'epoch': 1, 'max_edges': 10}
{'event': 'epoch_end', 'epoch': 1, 'early_stop_metric': 'val_composite', 'val_score': 0.1763219231817906, 'val_auc': 0.6654724121093751, 'val_ap': 0.379881975937839, 'val_ndcg': 0.8438731052025784, 'val_mrr': 0.0033573913307763195, 'val_hits@1': 0.0, 'val_hits@10': 0.0, 'val_hits@50': 0.05, 'val_hits@100': 0.1, 'elapsed_sec': 132.6117846928537}
{'candidate': 'global_relpop_residual_rank_probe_h96_r12_a12_p4x4_l1_neg1_lr0p001_hp1_relpopfix48_sr0p05_sa0p01_rl0p02_m0_bpr', 'seed': 1, 'composite': nan, 'val_auc': 0.6654724121093751, 'val_ap': 0.379881975937839, 'val_ndcg': 0.8438731052025784, 'val_mrr': 0.0033573913307763195, 'val_hits@1': 0.0, 'val_hits@10': 0.0, 'val_hits@50': 0.05, 'val_hits@100': 0.1, 'train_loss': 17.879668050882767, 'train_lp': 0.5448089019984615, 'train_align': 3415.066509636081, 'train_kl': 2504.133386105907, 'train_ood_reg': 0.22348890301524377, 'train_meta': 0.5307064915494043, 'train_struct_aux': 0.6236667164734432, 'train_weighted_align': 17.07533218909283, 'train_weighted_kl': 0.2504133318683931, 'train_weighted_ood_reg': 0.00022348891352707217, 'train_weighted_meta': 0.0026535324025328973, 'train_weighted_struct_aux': 0.006236667032068481, 'train_rank': 0.4002653977700642, 'train_weighted_rank': 0.008005307783011575}
{'event': 'candidate_summary', 'candidate': 'global_relpop_residual_rank_probe_h96_r12_a12_p4x4_l1_neg1_lr0p001_hp1_relpopfix48_sr0p05_sa0p01_rl0p02_m0_bpr', 'score': 0.1763219231817906, 'passes_metric_minima': True, 'means': {'val_auc': 0.6654724121093751, 'val_ap': 0.379881975937839, 'val_mrr': 0.0033573913307763195, 'val_hits@10': 0.0, 'val_ndcg': 0.8438731052025784}, 'seeds_completed': 1}
{'event': 'candidate_seed_start', 'candidate': 'global_relpop_residual_rank_probe_h96_r12_a12_p4x4_l1_neg1_lr0p001_hp1_relpopfix48_sr0p05_sa0p05_rl0p02_m0_bpr', 'seed': 1, 'device': 'cuda', 'node_text_device': 'cuda:0'}
{'event': 'train_seed_start', 'seed': 1, 'train_edges': 20000, 'val_edges': 162066, 'test_edges': 163172, 'num_nodes': 47433, 'num_relations': 566}
{'event': 'train_seed_tensors_ready', 'seed': 1, 'elapsed_sec': 0.016479820013046265, 'cuda_allocated_mb': 122, 'cuda_reserved_mb': 146, 'cuda_max_allocated_mb': 1680}
{'event': 'train_known_facts_ready', 'seed': 1, 'scope': 'train', 'edges': 20000, 'elapsed_sec': 0.019628744572401047}
{'event': 'train_known_facts_ready', 'seed': 1, 'scope': 'train_val', 'edges': 182066, 'elapsed_sec': 0.039155878126621246}
{'event': 'train_sampler_ready', 'seed': 1, 'elapsed_sec': 0.12912879884243011}
{'event': 'val_sampler_ready', 'seed': 1, 'elapsed_sec': 0.2197239249944687}
{'event': 'epoch_start', 'epoch': 1, 'epochs': 1, 'batches': 98, 'time_groups': 98}
{'event': 'train_time_group', 'epoch': 1, 'time_group': 1, 'time_groups': 98, 'batch': 0, 'batches': 98, 'time_value': 1900.0, 'group_batches': 1, 'history_edges': 0, 'elapsed_sec': 0.019207343459129333, 'cuda_allocated_mb': 122, 'cuda_reserved_mb': 146, 'cuda_max_allocated_mb': 1680}
{'event': 'train_progress', 'epoch': 1, 'batch': 1, 'batches': 98, 'time_group': 1, 'time_groups': 98, 'history_edges': 0, 'pos_edges': 101, 'neg_edges': 101, 'loss_recent': 8.815023422241211, 'elapsed_sec': 0.2373088151216507, 'avg_sec_per_batch': 0.2373088151216507, 'cuda_allocated_mb': 357, 'cuda_reserved_mb': 816, 'cuda_max_allocated_mb': 1680}
{'event': 'train_time_group', 'epoch': 1, 'time_group': 98, 'time_groups': 98, 'batch': 97, 'batches': 98, 'time_value': 1997.0, 'group_batches': 1, 'history_edges': 19682, 'elapsed_sec': 54.30211415141821, 'cuda_allocated_mb': 333, 'cuda_reserved_mb': 1756, 'cuda_max_allocated_mb': 1680}
{'event': 'train_progress', 'epoch': 1, 'batch': 98, 'batches': 98, 'time_group': 98, 'time_groups': 98, 'history_edges': 19682, 'pos_edges': 318, 'neg_edges': 318, 'loss_recent': 17.902191201034857, 'elapsed_sec': 55.26681096851826, 'avg_sec_per_batch': 0.5639470506991658, 'cuda_allocated_mb': 420, 'cuda_reserved_mb': 1780, 'cuda_max_allocated_mb': 1680}
{'event': 'validation_start', 'epoch': 1}
{'event': 'validation_ranking_start', 'epoch': 1, 'max_edges': 10}
{'event': 'epoch_end', 'epoch': 1, 'early_stop_metric': 'val_composite', 'val_score': 0.17639916270326667, 'val_auc': 0.666632080078125, 'val_ap': 0.38016456935177956, 'val_ndcg': 0.8439471990763494, 'val_mrr': 0.0032963067779170642, 'val_hits@1': 0.0, 'val_hits@10': 0.0, 'val_hits@50': 0.05, 'val_hits@100': 0.1, 'elapsed_sec': 126.32191370800138}
{'candidate': 'global_relpop_residual_rank_probe_h96_r12_a12_p4x4_l1_neg1_lr0p001_hp1_relpopfix48_sr0p05_sa0p05_rl0p02_m0_bpr', 'seed': 1, 'composite': nan, 'val_auc': 0.666632080078125, 'val_ap': 0.38016456935177956, 'val_ndcg': 0.8439471990763494, 'val_mrr': 0.0032963067779170642, 'val_hits@1': 0.0, 'val_hits@10': 0.0, 'val_hits@50': 0.05, 'val_hits@100': 0.1, 'train_loss': 17.902191201034857, 'train_lp': 0.5440650868172549, 'train_align': 3415.066003916215, 'train_kl': 2503.5905929876835, 'train_ood_reg': 0.22350233945311332, 'train_meta': 0.5295518592608218, 'train_struct_aux': 0.5913236390571205, 'train_weighted_align': 17.075329697861964, 'train_weighted_kl': 0.2503590518038492, 'train_weighted_ood_reg': 0.00022350235014194052, 'train_weighted_meta': 0.0026477592419927977, 'train_weighted_struct_aux': 0.029566182298775837, 'train_rank': 0.3989032059907913, 'train_weighted_rank': 0.007978063932030785}
{'event': 'candidate_summary', 'candidate': 'global_relpop_residual_rank_probe_h96_r12_a12_p4x4_l1_neg1_lr0p001_hp1_relpopfix48_sr0p05_sa0p05_rl0p02_m0_bpr', 'score': 0.17639916270326667, 'passes_metric_minima': True, 'means': {'val_auc': 0.666632080078125, 'val_ap': 0.38016456935177956, 'val_mrr': 0.0032963067779170642, 'val_hits@10': 0.0, 'val_ndcg': 0.8439471990763494}, 'seeds_completed': 1}
{'event': 'candidate_seed_start', 'candidate': 'global_relpop_residual_rank_probe_h96_r12_a12_p4x4_l1_neg1_lr0p001_hp1_relpopfix48_sr0p1_sa0p01_rl0p02_m0_bpr', 'seed': 1, 'device': 'cuda', 'node_text_device': 'cuda:0'}
{'event': 'train_seed_start', 'seed': 1, 'train_edges': 20000, 'val_edges': 162066, 'test_edges': 163172, 'num_nodes': 47433, 'num_relations': 566}
{'event': 'train_seed_tensors_ready', 'seed': 1, 'elapsed_sec': 0.018329352140426636, 'cuda_allocated_mb': 122, 'cuda_reserved_mb': 146, 'cuda_max_allocated_mb': 1680}
{'event': 'train_known_facts_ready', 'seed': 1, 'scope': 'train', 'edges': 20000, 'elapsed_sec': 0.021623574197292328}
{'event': 'train_known_facts_ready', 'seed': 1, 'scope': 'train_val', 'edges': 182066, 'elapsed_sec': 0.04256701469421387}
{'event': 'train_sampler_ready', 'seed': 1, 'elapsed_sec': 0.13408108800649643}
{'event': 'val_sampler_ready', 'seed': 1, 'elapsed_sec': 0.22504712641239166}
{'event': 'epoch_start', 'epoch': 1, 'epochs': 1, 'batches': 98, 'time_groups': 98}
{'event': 'train_time_group', 'epoch': 1, 'time_group': 1, 'time_groups': 98, 'batch': 0, 'batches': 98, 'time_value': 1900.0, 'group_batches': 1, 'history_edges': 0, 'elapsed_sec': 0.02724214643239975, 'cuda_allocated_mb': 122, 'cuda_reserved_mb': 146, 'cuda_max_allocated_mb': 1680}
{'event': 'train_progress', 'epoch': 1, 'batch': 1, 'batches': 98, 'time_group': 1, 'time_groups': 98, 'history_edges': 0, 'pos_edges': 101, 'neg_edges': 101, 'loss_recent': 8.787069320678711, 'elapsed_sec': 0.42748529836535454, 'avg_sec_per_batch': 0.42748529836535454, 'cuda_allocated_mb': 357, 'cuda_reserved_mb': 816, 'cuda_max_allocated_mb': 1680}
{'event': 'train_time_group', 'epoch': 1, 'time_group': 98, 'time_groups': 98, 'batch': 97, 'batches': 98, 'time_value': 1997.0, 'group_batches': 1, 'history_edges': 19682, 'elapsed_sec': 53.5890672467649, 'cuda_allocated_mb': 333, 'cuda_reserved_mb': 1756, 'cuda_max_allocated_mb': 1680}
{'event': 'train_progress', 'epoch': 1, 'batch': 98, 'batches': 98, 'time_group': 98, 'time_groups': 98, 'history_edges': 19682, 'pos_edges': 318, 'neg_edges': 318, 'loss_recent': 17.8792046624787, 'elapsed_sec': 54.08221801742911, 'avg_sec_per_batch': 0.5518593675247869, 'cuda_allocated_mb': 420, 'cuda_reserved_mb': 1780, 'cuda_max_allocated_mb': 1680}
{'event': 'validation_start', 'epoch': 1}
{'event': 'validation_ranking_start', 'epoch': 1, 'max_edges': 10}
{'event': 'epoch_end', 'epoch': 1, 'early_stop_metric': 'val_composite', 'val_score': 0.17654691713231827, 'val_auc': 0.6663421630859374, 'val_ap': 0.38088440994733, 'val_ndcg': 0.8442490845709567, 'val_mrr': 0.0033444780576524767, 'val_hits@1': 0.0, 'val_hits@10': 0.0, 'val_hits@50': 0.05, 'val_hits@100': 0.1, 'elapsed_sec': 135.33989137411118}
{'candidate': 'global_relpop_residual_rank_probe_h96_r12_a12_p4x4_l1_neg1_lr0p001_hp1_relpopfix48_sr0p1_sa0p01_rl0p02_m0_bpr', 'seed': 1, 'composite': nan, 'val_auc': 0.6663421630859374, 'val_ap': 0.38088440994733, 'val_ndcg': 0.8442490845709567, 'val_mrr': 0.0033444780576524767, 'val_hits@1': 0.0, 'val_hits@10': 0.0, 'val_hits@50': 0.05, 'val_hits@100': 0.1, 'train_loss': 17.8792046624787, 'train_lp': 0.5442553192985301, 'train_align': 3415.064433195153, 'train_kl': 2503.574551329321, 'train_ood_reg': 0.22350918912157722, 'train_meta': 0.5297289443563442, 'train_struct_aux': 0.6397924228590361, 'train_weighted_align': 17.07532181058611, 'train_weighted_kl': 0.25035744776227037, 'train_weighted_ood_reg': 0.00022350920008481196, 'train_weighted_meta': 0.00264864465713558, 'train_weighted_struct_aux': 0.006397924067604603, 'train_rank': 0.39962491910068354, 'train_weighted_rank': 0.007992498167999545}
{'event': 'candidate_summary', 'candidate': 'global_relpop_residual_rank_probe_h96_r12_a12_p4x4_l1_neg1_lr0p001_hp1_relpopfix48_sr0p1_sa0p01_rl0p02_m0_bpr', 'score': 0.17654691713231827, 'passes_metric_minima': True, 'means': {'val_auc': 0.6663421630859374, 'val_ap': 0.38088440994733, 'val_mrr': 0.0033444780576524767, 'val_hits@10': 0.0, 'val_ndcg': 0.8442490845709567}, 'seeds_completed': 1}
{'event': 'candidate_seed_start', 'candidate': 'global_relpop_residual_rank_probe_h96_r12_a12_p4x4_l1_neg1_lr0p001_hp1_relpopfix48_sr0p1_sa0p05_rl0p02_m0_bpr', 'seed': 1, 'device': 'cuda', 'node_text_device': 'cuda:0'}
{'event': 'train_seed_start', 'seed': 1, 'train_edges': 20000, 'val_edges': 162066, 'test_edges': 163172, 'num_nodes': 47433, 'num_relations': 566}
{'event': 'train_seed_tensors_ready', 'seed': 1, 'elapsed_sec': 0.05094501003623009, 'cuda_allocated_mb': 122, 'cuda_reserved_mb': 146, 'cuda_max_allocated_mb': 1680}
{'event': 'train_known_facts_ready', 'seed': 1, 'scope': 'train', 'edges': 20000, 'elapsed_sec': 0.05545617267489433}
{'event': 'train_known_facts_ready', 'seed': 1, 'scope': 'train_val', 'edges': 182066, 'elapsed_sec': 0.07853640988469124}
{'event': 'train_sampler_ready', 'seed': 1, 'elapsed_sec': 0.19036882743239403}
{'event': 'val_sampler_ready', 'seed': 1, 'elapsed_sec': 0.30182525888085365}
{'event': 'epoch_start', 'epoch': 1, 'epochs': 1, 'batches': 98, 'time_groups': 98}
{'event': 'train_time_group', 'epoch': 1, 'time_group': 1, 'time_groups': 98, 'batch': 0, 'batches': 98, 'time_value': 1900.0, 'group_batches': 1, 'history_edges': 0, 'elapsed_sec': 0.017676133662462234, 'cuda_allocated_mb': 122, 'cuda_reserved_mb': 146, 'cuda_max_allocated_mb': 1680}
{'event': 'train_progress', 'epoch': 1, 'batch': 1, 'batches': 98, 'time_group': 1, 'time_groups': 98, 'history_edges': 0, 'pos_edges': 101, 'neg_edges': 101, 'loss_recent': 8.815132141113281, 'elapsed_sec': 0.5621572844684124, 'avg_sec_per_batch': 0.5621572844684124, 'cuda_allocated_mb': 357, 'cuda_reserved_mb': 816, 'cuda_max_allocated_mb': 1680}
{'event': 'train_time_group', 'epoch': 1, 'time_group': 98, 'time_groups': 98, 'batch': 97, 'batches': 98, 'time_value': 1997.0, 'group_batches': 1, 'history_edges': 19682, 'elapsed_sec': 96.76085076108575, 'cuda_allocated_mb': 333, 'cuda_reserved_mb': 1756, 'cuda_max_allocated_mb': 1680}
{'event': 'train_progress', 'epoch': 1, 'batch': 98, 'batches': 98, 'time_group': 98, 'time_groups': 98, 'history_edges': 19682, 'pos_edges': 318, 'neg_edges': 318, 'loss_recent': 17.902163087105265, 'elapsed_sec': 98.19317953288555, 'avg_sec_per_batch': 1.001971219723322, 'cuda_allocated_mb': 420, 'cuda_reserved_mb': 1780, 'cuda_max_allocated_mb': 1680}
{'event': 'validation_start', 'epoch': 1}
{'event': 'validation_ranking_start', 'epoch': 1, 'max_edges': 10}
{'event': 'epoch_end', 'epoch': 1, 'early_stop_metric': 'val_composite', 'val_score': 0.176774577426065, 'val_auc': 0.66785888671875, 'val_ap': 0.3820498932001801, 'val_ndcg': 0.844736849321687, 'val_mrr': 0.00320092835586352, 'val_hits@1': 0.0, 'val_hits@10': 0.0, 'val_hits@50': 0.05, 'val_hits@100': 0.1, 'elapsed_sec': 182.1262018829584}
{'candidate': 'global_relpop_residual_rank_probe_h96_r12_a12_p4x4_l1_neg1_lr0p001_hp1_relpopfix48_sr0p1_sa0p05_rl0p02_m0_bpr', 'seed': 1, 'composite': nan, 'val_auc': 0.66785888671875, 'val_ap': 0.3820498932001801, 'val_ndcg': 0.844736849321687, 'val_mrr': 0.00320092835586352, 'val_hits@1': 0.0, 'val_hits@10': 0.0, 'val_hits@50': 0.05, 'val_hits@100': 0.1, 'train_loss': 17.902163087105265, 'train_lp': 0.5436645211005697, 'train_align': 3415.0641666334504, 'train_kl': 2502.8453110675423, 'train_ood_reg': 0.2235221143583862, 'train_meta': 0.5292236018849878, 'train_struct_aux': 0.6004755040820764, 'train_weighted_align': 17.075320530910883, 'train_weighted_kl': 0.250284524976599, 'train_weighted_ood_reg': 0.0002235221244128687, 'train_weighted_meta': 0.002646117947510995, 'train_weighted_struct_aux': 0.030023775785705264, 'train_rank': 0.39811380815749264, 'train_weighted_rank': 0.00796227600919653}
{'event': 'candidate_summary', 'candidate': 'global_relpop_residual_rank_probe_h96_r12_a12_p4x4_l1_neg1_lr0p001_hp1_relpopfix48_sr0p1_sa0p05_rl0p02_m0_bpr', 'score': 0.176774577426065, 'passes_metric_minima': True, 'means': {'val_auc': 0.66785888671875, 'val_ap': 0.3820498932001801, 'val_mrr': 0.00320092835586352, 'val_hits@10': 0.0, 'val_ndcg': 0.844736849321687}, 'seeds_completed': 1}
{'event': 'candidate_seed_start', 'candidate': 'global_relpop_residual_rank_probe_h96_r12_a12_p4x4_l1_neg1_lr0p001_hp1_relpopfix48_sr0p05_sa0p01_rl0p05_m0_bpr', 'seed': 1, 'device': 'cuda', 'node_text_device': 'cuda:0'}
{'event': 'train_seed_start', 'seed': 1, 'train_edges': 20000, 'val_edges': 162066, 'test_edges': 163172, 'num_nodes': 47433, 'num_relations': 566}
{'event': 'train_seed_tensors_ready', 'seed': 1, 'elapsed_sec': 0.039170872420072556, 'cuda_allocated_mb': 122, 'cuda_reserved_mb': 146, 'cuda_max_allocated_mb': 1680}
{'event': 'train_known_facts_ready', 'seed': 1, 'scope': 'train', 'edges': 20000, 'elapsed_sec': 0.042780280113220215}
{'event': 'train_known_facts_ready', 'seed': 1, 'scope': 'train_val', 'edges': 182066, 'elapsed_sec': 0.0645642951130867}
{'event': 'train_sampler_ready', 'seed': 1, 'elapsed_sec': 0.15842636302113533}
{'event': 'val_sampler_ready', 'seed': 1, 'elapsed_sec': 0.2516951896250248}
{'event': 'epoch_start', 'epoch': 1, 'epochs': 1, 'batches': 98, 'time_groups': 98}
{'event': 'train_time_group', 'epoch': 1, 'time_group': 1, 'time_groups': 98, 'batch': 0, 'batches': 98, 'time_value': 1900.0, 'group_batches': 1, 'history_edges': 0, 'elapsed_sec': 0.018739305436611176, 'cuda_allocated_mb': 122, 'cuda_reserved_mb': 146, 'cuda_max_allocated_mb': 1680}
{'event': 'train_progress', 'epoch': 1, 'batch': 1, 'batches': 98, 'time_group': 1, 'time_groups': 98, 'history_edges': 0, 'pos_edges': 101, 'neg_edges': 101, 'loss_recent': 8.78696060180664, 'elapsed_sec': 0.5418199971318245, 'avg_sec_per_batch': 0.5418199971318245, 'cuda_allocated_mb': 357, 'cuda_reserved_mb': 816, 'cuda_max_allocated_mb': 1680}
{'event': 'train_time_group', 'epoch': 1, 'time_group': 98, 'time_groups': 98, 'batch': 97, 'batches': 98, 'time_value': 1997.0, 'group_batches': 1, 'history_edges': 19682, 'elapsed_sec': 81.36928078532219, 'cuda_allocated_mb': 333, 'cuda_reserved_mb': 1756, 'cuda_max_allocated_mb': 1680}
{'event': 'train_progress', 'epoch': 1, 'batch': 98, 'batches': 98, 'time_group': 98, 'time_groups': 98, 'history_edges': 19682, 'pos_edges': 318, 'neg_edges': 318, 'loss_recent': 17.8795276807279, 'elapsed_sec': 82.50809475779533, 'avg_sec_per_batch': 0.8419193342632177, 'cuda_allocated_mb': 420, 'cuda_reserved_mb': 1780, 'cuda_max_allocated_mb': 1680}
{'event': 'validation_start', 'epoch': 1}
{'event': 'validation_ranking_start', 'epoch': 1, 'max_edges': 10}
{'event': 'epoch_end', 'epoch': 1, 'early_stop_metric': 'val_composite', 'val_score': 0.1764259818550441, 'val_auc': 0.66650390625, 'val_ap': 0.3801549414383574, 'val_ndcg': 0.843981074505507, 'val_mrr': 0.0033588757524795863, 'val_hits@1': 0.0, 'val_hits@10': 0.0, 'val_hits@50': 0.05, 'val_hits@100': 0.1, 'elapsed_sec': 163.43536699935794}
{'candidate': 'global_relpop_residual_rank_probe_h96_r12_a12_p4x4_l1_neg1_lr0p001_hp1_relpopfix48_sr0p05_sa0p01_rl0p05_m0_bpr', 'seed': 1, 'composite': nan, 'val_auc': 0.66650390625, 'val_ap': 0.3801549414383574, 'val_ndcg': 0.843981074505507, 'val_mrr': 0.0033588757524795863, 'val_hits@1': 0.0, 'val_hits@10': 0.0, 'val_hits@50': 0.05, 'val_hits@100': 0.1, 'train_loss': 17.8795276807279, 'train_lp': 0.5445637277194432, 'train_align': 3415.066282934072, 'train_kl': 2505.255306633151, 'train_ood_reg': 0.22344230161029466, 'train_meta': 0.5304944500023004, 'train_struct_aux': 0.6231481451161054, 'train_weighted_align': 17.07533101159699, 'train_weighted_kl': 0.2505255235853244, 'train_weighted_ood_reg': 0.00022344231205797583, 'train_weighted_meta': 0.0026524721939420823, 'train_weighted_struct_aux': 0.006231481290175294, 'train_rank': 0.3988624923691458, 'train_weighted_rank': 0.01994312508982055}
{'event': 'candidate_summary', 'candidate': 'global_relpop_residual_rank_probe_h96_r12_a12_p4x4_l1_neg1_lr0p001_hp1_relpopfix48_sr0p05_sa0p01_rl0p05_m0_bpr', 'score': 0.1764259818550441, 'passes_metric_minima': True, 'means': {'val_auc': 0.66650390625, 'val_ap': 0.3801549414383574, 'val_mrr': 0.0033588757524795863, 'val_hits@10': 0.0, 'val_ndcg': 0.843981074505507}, 'seeds_completed': 1}
{'event': 'candidate_seed_start', 'candidate': 'global_relpop_residual_rank_probe_h96_r12_a12_p4x4_l1_neg1_lr0p001_hp1_relpopfix48_sr0p05_sa0p05_rl0p05_m0_bpr', 'seed': 1, 'device': 'cuda', 'node_text_device': 'cuda:0'}
{'event': 'train_seed_start', 'seed': 1, 'train_edges': 20000, 'val_edges': 162066, 'test_edges': 163172, 'num_nodes': 47433, 'num_relations': 566}
{'event': 'train_seed_tensors_ready', 'seed': 1, 'elapsed_sec': 0.04699731990695, 'cuda_allocated_mb': 122, 'cuda_reserved_mb': 146, 'cuda_max_allocated_mb': 1680}
{'event': 'train_known_facts_ready', 'seed': 1, 'scope': 'train', 'edges': 20000, 'elapsed_sec': 0.050337981432676315}
{'event': 'train_known_facts_ready', 'seed': 1, 'scope': 'train_val', 'edges': 182066, 'elapsed_sec': 0.06895910575985909}
{'event': 'train_sampler_ready', 'seed': 1, 'elapsed_sec': 0.17106634378433228}
{'event': 'val_sampler_ready', 'seed': 1, 'elapsed_sec': 0.2621710039675236}
{'event': 'epoch_start', 'epoch': 1, 'epochs': 1, 'batches': 98, 'time_groups': 98}
{'event': 'train_time_group', 'epoch': 1, 'time_group': 1, 'time_groups': 98, 'batch': 0, 'batches': 98, 'time_value': 1900.0, 'group_batches': 1, 'history_edges': 0, 'elapsed_sec': 0.023206092417240143, 'cuda_allocated_mb': 122, 'cuda_reserved_mb': 146, 'cuda_max_allocated_mb': 1680}
{'event': 'train_progress', 'epoch': 1, 'batch': 1, 'batches': 98, 'time_group': 1, 'time_groups': 98, 'history_edges': 0, 'pos_edges': 101, 'neg_edges': 101, 'loss_recent': 8.815023422241211, 'elapsed_sec': 0.5065793767571449, 'avg_sec_per_batch': 0.5065793767571449, 'cuda_allocated_mb': 357, 'cuda_reserved_mb': 816, 'cuda_max_allocated_mb': 1680}
{'event': 'train_time_group', 'epoch': 1, 'time_group': 98, 'time_groups': 98, 'batch': 97, 'batches': 98, 'time_value': 1997.0, 'group_batches': 1, 'history_edges': 19682, 'elapsed_sec': 78.60276660323143, 'cuda_allocated_mb': 333, 'cuda_reserved_mb': 1756, 'cuda_max_allocated_mb': 1680}
{'event': 'train_progress', 'epoch': 1, 'batch': 98, 'batches': 98, 'time_group': 98, 'time_groups': 98, 'history_edges': 19682, 'pos_edges': 318, 'neg_edges': 318, 'loss_recent': 17.902081679324713, 'elapsed_sec': 79.94803044945002, 'avg_sec_per_batch': 0.8157962290760206, 'cuda_allocated_mb': 420, 'cuda_reserved_mb': 1780, 'cuda_max_allocated_mb': 1680}
{'event': 'validation_start', 'epoch': 1}
{'event': 'validation_ranking_start', 'epoch': 1, 'max_edges': 10}
{'event': 'epoch_end', 'epoch': 1, 'early_stop_metric': 'val_composite', 'val_score': 0.17644065986786955, 'val_auc': 0.66727294921875, 'val_ap': 0.3801673320434152, 'val_ndcg': 0.843954019383242, 'val_mrr': 0.0033130213241911064, 'val_hits@1': 0.0, 'val_hits@10': 0.0, 'val_hits@50': 0.05, 'val_hits@100': 0.1, 'elapsed_sec': 163.87518564984202}
{'candidate': 'global_relpop_residual_rank_probe_h96_r12_a12_p4x4_l1_neg1_lr0p001_hp1_relpopfix48_sr0p05_sa0p05_rl0p05_m0_bpr', 'seed': 1, 'composite': nan, 'val_auc': 0.66727294921875, 'val_ap': 0.3801673320434152, 'val_ndcg': 0.843954019383242, 'val_mrr': 0.0033130213241911064, 'val_hits@1': 0.0, 'val_hits@10': 0.0, 'val_hits@50': 0.05, 'val_hits@100': 0.1, 'train_loss': 17.902081679324713, 'train_lp': 0.5438512466391738, 'train_align': 3415.0656638632017, 'train_kl': 2504.7240647296517, 'train_ood_reg': 0.22345977656695307, 'train_meta': 0.5293682647907004, 'train_struct_aux': 0.591197282075882, 'train_weighted_align': 17.075327951080943, 'train_weighted_kl': 0.2504724009456683, 'train_weighted_ood_reg': 0.00022345978772025365, 'train_weighted_meta': 0.002646841260851646, 'train_weighted_struct_aux': 0.029559864776627143, 'train_rank': 0.3975585918037259, 'train_weighted_rank': 0.019877929981721908}
{'event': 'candidate_summary', 'candidate': 'global_relpop_residual_rank_probe_h96_r12_a12_p4x4_l1_neg1_lr0p001_hp1_relpopfix48_sr0p05_sa0p05_rl0p05_m0_bpr', 'score': 0.17644065986786955, 'passes_metric_minima': True, 'means': {'val_auc': 0.66727294921875, 'val_ap': 0.3801673320434152, 'val_mrr': 0.0033130213241911064, 'val_hits@10': 0.0, 'val_ndcg': 0.843954019383242}, 'seeds_completed': 1}
{'event': 'candidate_seed_start', 'candidate': 'global_relpop_residual_rank_probe_h96_r12_a12_p4x4_l1_neg1_lr0p001_hp1_relpopfix48_sr0p1_sa0p01_rl0p05_m0_bpr', 'seed': 1, 'device': 'cuda', 'node_text_device': 'cuda:0'}
{'event': 'train_seed_start', 'seed': 1, 'train_edges': 20000, 'val_edges': 162066, 'test_edges': 163172, 'num_nodes': 47433, 'num_relations': 566}
{'event': 'train_seed_tensors_ready', 'seed': 1, 'elapsed_sec': 0.06222044676542282, 'cuda_allocated_mb': 122, 'cuda_reserved_mb': 146, 'cuda_max_allocated_mb': 1680}
{'event': 'train_known_facts_ready', 'seed': 1, 'scope': 'train', 'edges': 20000, 'elapsed_sec': 0.06669716909527779}
{'event': 'train_known_facts_ready', 'seed': 1, 'scope': 'train_val', 'edges': 182066, 'elapsed_sec': 0.1043754369020462}
{'event': 'train_sampler_ready', 'seed': 1, 'elapsed_sec': 0.2327609807252884}
{'event': 'val_sampler_ready', 'seed': 1, 'elapsed_sec': 0.3373892530798912}
{'event': 'epoch_start', 'epoch': 1, 'epochs': 1, 'batches': 98, 'time_groups': 98}
{'event': 'train_time_group', 'epoch': 1, 'time_group': 1, 'time_groups': 98, 'batch': 0, 'batches': 98, 'time_value': 1900.0, 'group_batches': 1, 'history_edges': 0, 'elapsed_sec': 0.039941247552633286, 'cuda_allocated_mb': 122, 'cuda_reserved_mb': 146, 'cuda_max_allocated_mb': 1680}
{'event': 'train_progress', 'epoch': 1, 'batch': 1, 'batches': 98, 'time_group': 1, 'time_groups': 98, 'history_edges': 0, 'pos_edges': 101, 'neg_edges': 101, 'loss_recent': 8.787069320678711, 'elapsed_sec': 0.7556157149374485, 'avg_sec_per_batch': 0.7556157149374485, 'cuda_allocated_mb': 357, 'cuda_reserved_mb': 816, 'cuda_max_allocated_mb': 1680}
{'event': 'train_progress', 'epoch': 1, 'batch': 95, 'batches': 98, 'time_group': 95, 'time_groups': 98, 'history_edges': 18793, 'pos_edges': 288, 'neg_edges': 288, 'loss_recent': 17.50437371103387, 'elapsed_sec': 122.23104984685779, 'avg_sec_per_batch': 1.286642629966924, 'cuda_allocated_mb': 413, 'cuda_reserved_mb': 1750, 'cuda_max_allocated_mb': 1680}
{'event': 'train_time_group', 'epoch': 1, 'time_group': 98, 'time_groups': 98, 'batch': 97, 'batches': 98, 'time_value': 1997.0, 'group_batches': 1, 'history_edges': 19682, 'elapsed_sec': 126.25716196745634, 'cuda_allocated_mb': 333, 'cuda_reserved_mb': 1754, 'cuda_max_allocated_mb': 1680}
{'event': 'train_progress', 'epoch': 1, 'batch': 98, 'batches': 98, 'time_group': 98, 'time_groups': 98, 'history_edges': 19682, 'pos_edges': 318, 'neg_edges': 318, 'loss_recent': 17.879010317276936, 'elapsed_sec': 128.18108373880386, 'avg_sec_per_batch': 1.3079702422326924, 'cuda_allocated_mb': 420, 'cuda_reserved_mb': 1780, 'cuda_max_allocated_mb': 1680}
{'event': 'validation_start', 'epoch': 1}
{'event': 'validation_ranking_start', 'epoch': 1, 'max_edges': 10}
{'event': 'epoch_end', 'epoch': 1, 'early_stop_metric': 'val_composite', 'val_score': 0.17700052823401669, 'val_auc': 0.6677886962890625, 'val_ap': 0.38292883144692474, 'val_ndcg': 0.8450183065174433, 'val_mrr': 0.0033398761015610823, 'val_hits@1': 0.0, 'val_hits@10': 0.0, 'val_hits@50': 0.05, 'val_hits@100': 0.1, 'elapsed_sec': 224.04259916767478}
{'candidate': 'global_relpop_residual_rank_probe_h96_r12_a12_p4x4_l1_neg1_lr0p001_hp1_relpopfix48_sr0p1_sa0p01_rl0p05_m0_bpr', 'seed': 1, 'composite': nan, 'val_auc': 0.6677886962890625, 'val_ap': 0.38292883144692474, 'val_ndcg': 0.8450183065174433, 'val_mrr': 0.0033398761015610823, 'val_hits@1': 0.0, 'val_hits@10': 0.0, 'val_hits@50': 0.05, 'val_hits@100': 0.1, 'train_loss': 17.879010317276936, 'train_lp': 0.5439541856853329, 'train_align': 3415.0642650370696, 'train_kl': 2504.759032580317, 'train_ood_reg': 0.22345455310174397, 'train_meta': 0.5294640345536933, 'train_struct_aux': 0.6388402885320236, 'train_weighted_align': 17.07532097855393, 'train_weighted_kl': 0.25047589640836326, 'train_weighted_ood_reg': 0.00022345456358268667, 'train_weighted_meta': 0.0026473201150834865, 'train_weighted_struct_aux': 0.006388402729276188, 'train_rank': 0.39825848596436636, 'train_weighted_rank': 0.019912924731568415}
{'event': 'candidate_summary', 'candidate': 'global_relpop_residual_rank_probe_h96_r12_a12_p4x4_l1_neg1_lr0p001_hp1_relpopfix48_sr0p1_sa0p01_rl0p05_m0_bpr', 'score': 0.17700052823401669, 'passes_metric_minima': True, 'means': {'val_auc': 0.6677886962890625, 'val_ap': 0.38292883144692474, 'val_mrr': 0.0033398761015610823, 'val_hits@10': 0.0, 'val_ndcg': 0.8450183065174433}, 'seeds_completed': 1}
{'event': 'candidate_seed_start', 'candidate': 'global_relpop_residual_rank_probe_h96_r12_a12_p4x4_l1_neg1_lr0p001_hp1_relpopfix48_sr0p1_sa0p05_rl0p05_m0_bpr', 'seed': 1, 'device': 'cuda', 'node_text_device': 'cuda:0'}
{'event': 'train_seed_start', 'seed': 1, 'train_edges': 20000, 'val_edges': 162066, 'test_edges': 163172, 'num_nodes': 47433, 'num_relations': 566}
{'event': 'train_seed_tensors_ready', 'seed': 1, 'elapsed_sec': 0.03496776893734932, 'cuda_allocated_mb': 122, 'cuda_reserved_mb': 146, 'cuda_max_allocated_mb': 1680}
{'event': 'train_known_facts_ready', 'seed': 1, 'scope': 'train', 'edges': 20000, 'elapsed_sec': 0.038073454052209854}
{'event': 'train_known_facts_ready', 'seed': 1, 'scope': 'train_val', 'edges': 182066, 'elapsed_sec': 0.05787412449717522}
{'event': 'train_sampler_ready', 'seed': 1, 'elapsed_sec': 0.15367873013019562}
{'event': 'val_sampler_ready', 'seed': 1, 'elapsed_sec': 0.2552234120666981}
{'event': 'epoch_start', 'epoch': 1, 'epochs': 1, 'batches': 98, 'time_groups': 98}
{'event': 'train_time_group', 'epoch': 1, 'time_group': 1, 'time_groups': 98, 'batch': 0, 'batches': 98, 'time_value': 1900.0, 'group_batches': 1, 'history_edges': 0, 'elapsed_sec': 0.023720119148492813, 'cuda_allocated_mb': 122, 'cuda_reserved_mb': 146, 'cuda_max_allocated_mb': 1680}
{'event': 'train_progress', 'epoch': 1, 'batch': 1, 'batches': 98, 'time_group': 1, 'time_groups': 98, 'history_edges': 0, 'pos_edges': 101, 'neg_edges': 101, 'loss_recent': 8.815132141113281, 'elapsed_sec': 0.3494906984269619, 'avg_sec_per_batch': 0.3494906984269619, 'cuda_allocated_mb': 357, 'cuda_reserved_mb': 816, 'cuda_max_allocated_mb': 1680}
{'event': 'train_time_group', 'epoch': 1, 'time_group': 98, 'time_groups': 98, 'batch': 97, 'batches': 98, 'time_value': 1997.0, 'group_batches': 1, 'history_edges': 19682, 'elapsed_sec': 64.29414479807019, 'cuda_allocated_mb': 333, 'cuda_reserved_mb': 1754, 'cuda_max_allocated_mb': 1680}
{'event': 'train_progress', 'epoch': 1, 'batch': 98, 'batches': 98, 'time_group': 98, 'time_groups': 98, 'history_edges': 19682, 'pos_edges': 318, 'neg_edges': 318, 'loss_recent': 17.90200579896265, 'elapsed_sec': 65.30659690126777, 'avg_sec_per_batch': 0.6663938459313038, 'cuda_allocated_mb': 420, 'cuda_reserved_mb': 1780, 'cuda_max_allocated_mb': 1680}
{'event': 'validation_start', 'epoch': 1}
{'event': 'validation_ranking_start', 'epoch': 1, 'max_edges': 10}
{'event': 'epoch_end', 'epoch': 1, 'early_stop_metric': 'val_composite', 'val_score': 0.17707579880508595, 'val_auc': 0.6686431884765625, 'val_ap': 0.3833942298991411, 'val_ndcg': 0.8452348689445108, 'val_mrr': 0.003222036003871117, 'val_hits@1': 0.0, 'val_hits@10': 0.0, 'val_hits@50': 0.05, 'val_hits@100': 0.1, 'elapsed_sec': 142.93006842955947}
{'candidate': 'global_relpop_residual_rank_probe_h96_r12_a12_p4x4_l1_neg1_lr0p001_hp1_relpopfix48_sr0p1_sa0p05_rl0p05_m0_bpr', 'seed': 1, 'composite': nan, 'val_auc': 0.6686431884765625, 'val_ap': 0.3833942298991411, 'val_ndcg': 0.8452348689445108, 'val_mrr': 0.003222036003871117, 'val_hits@1': 0.0, 'val_hits@10': 0.0, 'val_hits@50': 0.05, 'val_hits@100': 0.1, 'train_loss': 17.90200579896265, 'train_lp': 0.5433632153637555, 'train_align': 3415.0640009665976, 'train_kl': 2504.459712437221, 'train_ood_reg': 0.2234696297317135, 'train_meta': 0.5287469850510967, 'train_struct_aux': 0.6001962873400474, 'train_weighted_align': 17.075319650221843, 'train_weighted_kl': 0.25044596636173677, 'train_weighted_ood_reg': 0.00022346963981233005, 'train_weighted_meta': 0.0026437348670715808, 'train_weighted_struct_aux': 0.03000981484216695, 'train_rank': 0.39682038037144407, 'train_weighted_rank': 0.01984101946332625}
{'event': 'candidate_summary', 'candidate': 'global_relpop_residual_rank_probe_h96_r12_a12_p4x4_l1_neg1_lr0p001_hp1_relpopfix48_sr0p1_sa0p05_rl0p05_m0_bpr', 'score': 0.17707579880508595, 'passes_metric_minima': True, 'means': {'val_auc': 0.6686431884765625, 'val_ap': 0.3833942298991411, 'val_mrr': 0.003222036003871117, 'val_hits@10': 0.0, 'val_ndcg': 0.8452348689445108}, 'seeds_completed': 1}
{'event': 'candidate_seed_start', 'candidate': 'global_relpop_residual_rank_probe_h96_r12_a12_p4x4_l1_neg1_lr0p001_hp2_relpopfix48_sr0p05_sa0p01_rl0p02_m0_bpr', 'seed': 1, 'device': 'cuda', 'node_text_device': 'cuda:0'}
{'event': 'train_seed_start', 'seed': 1, 'train_edges': 20000, 'val_edges': 162066, 'test_edges': 163172, 'num_nodes': 47433, 'num_relations': 566}
{'event': 'train_seed_tensors_ready', 'seed': 1, 'elapsed_sec': 0.04150093346834183, 'cuda_allocated_mb': 122, 'cuda_reserved_mb': 146, 'cuda_max_allocated_mb': 1680}
{'event': 'train_known_facts_ready', 'seed': 1, 'scope': 'train', 'edges': 20000, 'elapsed_sec': 0.0447189100086689}
{'event': 'train_known_facts_ready', 'seed': 1, 'scope': 'train_val', 'edges': 182066, 'elapsed_sec': 0.06334103271365166}
{'event': 'train_sampler_ready', 'seed': 1, 'elapsed_sec': 0.1544874869287014}
{'event': 'val_sampler_ready', 'seed': 1, 'elapsed_sec': 0.24352337047457695}
{'event': 'epoch_start', 'epoch': 1, 'epochs': 1, 'batches': 98, 'time_groups': 98}
{'event': 'train_time_group', 'epoch': 1, 'time_group': 1, 'time_groups': 98, 'batch': 0, 'batches': 98, 'time_value': 1900.0, 'group_batches': 1, 'history_edges': 0, 'elapsed_sec': 0.019590288400650024, 'cuda_allocated_mb': 122, 'cuda_reserved_mb': 146, 'cuda_max_allocated_mb': 1680}
{'event': 'train_progress', 'epoch': 1, 'batch': 1, 'batches': 98, 'time_group': 1, 'time_groups': 98, 'history_edges': 0, 'pos_edges': 101, 'neg_edges': 101, 'loss_recent': 8.78696060180664, 'elapsed_sec': 0.43565040826797485, 'avg_sec_per_batch': 0.43565040826797485, 'cuda_allocated_mb': 357, 'cuda_reserved_mb': 816, 'cuda_max_allocated_mb': 1680}
{'event': 'train_time_group', 'epoch': 1, 'time_group': 98, 'time_groups': 98, 'batch': 97, 'batches': 98, 'time_value': 1997.0, 'group_batches': 1, 'history_edges': 19682, 'elapsed_sec': 57.957795821130276, 'cuda_allocated_mb': 333, 'cuda_reserved_mb': 1756, 'cuda_max_allocated_mb': 1680}
{'event': 'train_progress', 'epoch': 1, 'batch': 98, 'batches': 98, 'time_group': 98, 'time_groups': 98, 'history_edges': 19682, 'pos_edges': 318, 'neg_edges': 318, 'loss_recent': 17.881577881015076, 'elapsed_sec': 58.789794374257326, 'avg_sec_per_batch': 0.5998958609618095, 'cuda_allocated_mb': 420, 'cuda_reserved_mb': 1780, 'cuda_max_allocated_mb': 1680}
{'event': 'validation_start', 'epoch': 1}
{'event': 'validation_ranking_start', 'epoch': 1, 'max_edges': 10}
{'event': 'epoch_end', 'epoch': 1, 'early_stop_metric': 'val_composite', 'val_score': 0.19688675426879068, 'val_auc': 0.6803955078124999, 'val_ap': 0.3919216852725803, 'val_ndcg': 0.8486287853436416, 'val_mrr': 0.018431695105828916, 'val_hits@1': 0.0, 'val_hits@10': 0.05, 'val_hits@50': 0.05, 'val_hits@100': 0.15, 'elapsed_sec': 135.84685343131423}
{'candidate': 'global_relpop_residual_rank_probe_h96_r12_a12_p4x4_l1_neg1_lr0p001_hp2_relpopfix48_sr0p05_sa0p01_rl0p02_m0_bpr', 'seed': 1, 'composite': nan, 'val_auc': 0.6803955078124999, 'val_ap': 0.3919216852725803, 'val_ndcg': 0.8486287853436416, 'val_mrr': 0.018431695105828916, 'val_hits@1': 0.0, 'val_hits@10': 0.05, 'val_hits@50': 0.05, 'val_hits@100': 0.15, 'train_loss': 17.881577881015076, 'train_lp': 0.549070766689826, 'train_align': 3415.0994461993782, 'train_kl': 2477.19870867048, 'train_ood_reg': 0.2235444419238032, 'train_meta': 0.5335329837945043, 'train_struct_aux': 0.6399208842491617, 'train_weighted_align': 17.075496829285914, 'train_weighted_kl': 0.24771986445602107, 'train_weighted_ood_reg': 0.0002235444522479416, 'train_weighted_meta': 0.002667664862071563, 'train_weighted_struct_aux': 0.006399208698801848, 'train_rank': 0.3889415775026594, 'train_weighted_rank': 0.007778831334708601}
{'event': 'candidate_summary', 'candidate': 'global_relpop_residual_rank_probe_h96_r12_a12_p4x4_l1_neg1_lr0p001_hp2_relpopfix48_sr0p05_sa0p01_rl0p02_m0_bpr', 'score': 0.19688675426879068, 'passes_metric_minima': True, 'means': {'val_auc': 0.6803955078124999, 'val_ap': 0.3919216852725803, 'val_mrr': 0.018431695105828916, 'val_hits@10': 0.05, 'val_ndcg': 0.8486287853436416}, 'seeds_completed': 1}
{'event': 'candidate_seed_start', 'candidate': 'global_relpop_residual_rank_probe_h96_r12_a12_p4x4_l1_neg1_lr0p001_hp2_relpopfix48_sr0p05_sa0p05_rl0p02_m0_bpr', 'seed': 1, 'device': 'cuda', 'node_text_device': 'cuda:0'}
{'event': 'train_seed_start', 'seed': 1, 'train_edges': 20000, 'val_edges': 162066, 'test_edges': 163172, 'num_nodes': 47433, 'num_relations': 566}
{'event': 'train_seed_tensors_ready', 'seed': 1, 'elapsed_sec': 0.03465229645371437, 'cuda_allocated_mb': 122, 'cuda_reserved_mb': 146, 'cuda_max_allocated_mb': 1680}
{'event': 'train_known_facts_ready', 'seed': 1, 'scope': 'train', 'edges': 20000, 'elapsed_sec': 0.03787904605269432}
{'event': 'train_known_facts_ready', 'seed': 1, 'scope': 'train_val', 'edges': 182066, 'elapsed_sec': 0.057127755135297775}
{'event': 'train_sampler_ready', 'seed': 1, 'elapsed_sec': 0.14730530232191086}
{'event': 'val_sampler_ready', 'seed': 1, 'elapsed_sec': 0.23413296043872833}
{'event': 'epoch_start', 'epoch': 1, 'epochs': 1, 'batches': 98, 'time_groups': 98}
{'event': 'train_time_group', 'epoch': 1, 'time_group': 1, 'time_groups': 98, 'batch': 0, 'batches': 98, 'time_value': 1900.0, 'group_batches': 1, 'history_edges': 0, 'elapsed_sec': 0.02356703206896782, 'cuda_allocated_mb': 122, 'cuda_reserved_mb': 146, 'cuda_max_allocated_mb': 1680}
{'event': 'train_progress', 'epoch': 1, 'batch': 1, 'batches': 98, 'time_group': 1, 'time_groups': 98, 'history_edges': 0, 'pos_edges': 101, 'neg_edges': 101, 'loss_recent': 8.815023422241211, 'elapsed_sec': 0.4372125566005707, 'avg_sec_per_batch': 0.4372125566005707, 'cuda_allocated_mb': 357, 'cuda_reserved_mb': 816, 'cuda_max_allocated_mb': 1680}
{'event': 'train_time_group', 'epoch': 1, 'time_group': 98, 'time_groups': 98, 'batch': 97, 'batches': 98, 'time_value': 1997.0, 'group_batches': 1, 'history_edges': 19682, 'elapsed_sec': 67.45405035093427, 'cuda_allocated_mb': 333, 'cuda_reserved_mb': 1756, 'cuda_max_allocated_mb': 1680}
{'event': 'train_progress', 'epoch': 1, 'batch': 98, 'batches': 98, 'time_group': 98, 'time_groups': 98, 'history_edges': 19682, 'pos_edges': 318, 'neg_edges': 318, 'loss_recent': 17.9042990256329, 'elapsed_sec': 68.26810095086694, 'avg_sec_per_batch': 0.6966132750088463, 'cuda_allocated_mb': 420, 'cuda_reserved_mb': 1780, 'cuda_max_allocated_mb': 1680}
{'event': 'validation_start', 'epoch': 1}
{'event': 'validation_ranking_start', 'epoch': 1, 'max_edges': 10}
{'event': 'epoch_end', 'epoch': 1, 'early_stop_metric': 'val_composite', 'val_score': 0.19679770969968655, 'val_auc': 0.681072998046875, 'val_ap': 0.3912457384485407, 'val_ndcg': 0.8483161256108452, 'val_mrr': 0.018451172937954338, 'val_hits@1': 0.0, 'val_hits@10': 0.05, 'val_hits@50': 0.05, 'val_hits@100': 0.15, 'elapsed_sec': 142.17264011502266}
{'candidate': 'global_relpop_residual_rank_probe_h96_r12_a12_p4x4_l1_neg1_lr0p001_hp2_relpopfix48_sr0p05_sa0p05_rl0p02_m0_bpr', 'seed': 1, 'composite': nan, 'val_auc': 0.681072998046875, 'val_ap': 0.3912457384485407, 'val_ndcg': 0.8483161256108452, 'val_mrr': 0.018451172937954338, 'val_hits@1': 0.0, 'val_hits@10': 0.05, 'val_hits@50': 0.05, 'val_hits@100': 0.15, 'train_loss': 17.9042990256329, 'train_lp': 0.5484646099562548, 'train_align': 3415.100917271205, 'train_kl': 2477.0153204470266, 'train_ood_reg': 0.2235702137861933, 'train_meta': 0.5328489181642629, 'train_struct_aux': 0.5948179692638164, 'train_weighted_align': 17.07550428838146, 'train_weighted_kl': 0.24770152572618456, 'train_weighted_ood_reg': 0.00022357022487772248, 'train_weighted_meta': 0.0026642445312119183, 'train_weighted_struct_aux': 0.02974089894595803, 'train_rank': 0.3876247451621659, 'train_weighted_rank': 0.007752494729713214}
{'event': 'candidate_summary', 'candidate': 'global_relpop_residual_rank_probe_h96_r12_a12_p4x4_l1_neg1_lr0p001_hp2_relpopfix48_sr0p05_sa0p05_rl0p02_m0_bpr', 'score': 0.19679770969968655, 'passes_metric_minima': True, 'means': {'val_auc': 0.681072998046875, 'val_ap': 0.3912457384485407, 'val_mrr': 0.018451172937954338, 'val_hits@10': 0.05, 'val_ndcg': 0.8483161256108452}, 'seeds_completed': 1}
{'event': 'candidate_seed_start', 'candidate': 'global_relpop_residual_rank_probe_h96_r12_a12_p4x4_l1_neg1_lr0p001_hp2_relpopfix48_sr0p1_sa0p01_rl0p02_m0_bpr', 'seed': 1, 'device': 'cuda', 'node_text_device': 'cuda:0'}
{'event': 'train_seed_start', 'seed': 1, 'train_edges': 20000, 'val_edges': 162066, 'test_edges': 163172, 'num_nodes': 47433, 'num_relations': 566}
{'event': 'train_seed_tensors_ready', 'seed': 1, 'elapsed_sec': 0.01859622821211815, 'cuda_allocated_mb': 122, 'cuda_reserved_mb': 146, 'cuda_max_allocated_mb': 1680}
{'event': 'train_known_facts_ready', 'seed': 1, 'scope': 'train', 'edges': 20000, 'elapsed_sec': 0.02236294001340866}
{'event': 'train_known_facts_ready', 'seed': 1, 'scope': 'train_val', 'edges': 182066, 'elapsed_sec': 0.0447235032916069}
{'event': 'train_sampler_ready', 'seed': 1, 'elapsed_sec': 0.1337650679051876}
{'event': 'val_sampler_ready', 'seed': 1, 'elapsed_sec': 0.21792194992303848}
{'event': 'epoch_start', 'epoch': 1, 'epochs': 1, 'batches': 98, 'time_groups': 98}
{'event': 'train_time_group', 'epoch': 1, 'time_group': 1, 'time_groups': 98, 'batch': 0, 'batches': 98, 'time_value': 1900.0, 'group_batches': 1, 'history_edges': 0, 'elapsed_sec': 0.01803959533572197, 'cuda_allocated_mb': 122, 'cuda_reserved_mb': 146, 'cuda_max_allocated_mb': 1680}
{'event': 'train_progress', 'epoch': 1, 'batch': 1, 'batches': 98, 'time_group': 1, 'time_groups': 98, 'history_edges': 0, 'pos_edges': 101, 'neg_edges': 101, 'loss_recent': 8.787069320678711, 'elapsed_sec': 0.2458280473947525, 'avg_sec_per_batch': 0.2458280473947525, 'cuda_allocated_mb': 357, 'cuda_reserved_mb': 816, 'cuda_max_allocated_mb': 1680}
{'event': 'train_time_group', 'epoch': 1, 'time_group': 98, 'time_groups': 98, 'batch': 97, 'batches': 98, 'time_value': 1997.0, 'group_batches': 1, 'history_edges': 19682, 'elapsed_sec': 44.095954805612564, 'cuda_allocated_mb': 333, 'cuda_reserved_mb': 1754, 'cuda_max_allocated_mb': 1680}
{'event': 'train_progress', 'epoch': 1, 'batch': 98, 'batches': 98, 'time_group': 98, 'time_groups': 98, 'history_edges': 19682, 'pos_edges': 318, 'neg_edges': 318, 'loss_recent': 17.881738750302063, 'elapsed_sec': 44.840509451925755, 'avg_sec_per_batch': 0.45755621889720155, 'cuda_allocated_mb': 420, 'cuda_reserved_mb': 1780, 'cuda_max_allocated_mb': 1680}
{'event': 'validation_start', 'epoch': 1}
{'event': 'validation_ranking_start', 'epoch': 1, 'max_edges': 10}
{'event': 'epoch_end', 'epoch': 1, 'early_stop_metric': 'val_composite', 'val_score': 0.1981592685845426, 'val_auc': 0.68408203125, 'val_ap': 0.39782254937744344, 'val_ndcg': 0.8509372667269228, 'val_mrr': 0.018376115885467635, 'val_hits@1': 0.0, 'val_hits@10': 0.05, 'val_hits@50': 0.05, 'val_hits@100': 0.15, 'elapsed_sec': 112.8795449770987}
{'candidate': 'global_relpop_residual_rank_probe_h96_r12_a12_p4x4_l1_neg1_lr0p001_hp2_relpopfix48_sr0p1_sa0p01_rl0p02_m0_bpr', 'seed': 1, 'composite': nan, 'val_auc': 0.68408203125, 'val_ap': 0.39782254937744344, 'val_ndcg': 0.8509372667269228, 'val_mrr': 0.018376115885467635, 'val_hits@1': 0.0, 'val_hits@10': 0.05, 'val_hits@50': 0.05, 'val_hits@100': 0.15, 'train_loss': 17.881738750302063, 'train_lp': 0.5493537585954277, 'train_align': 3415.0930985431282, 'train_kl': 2473.440295472437, 'train_ood_reg': 0.22287951516253607, 'train_meta': 0.5348844704579334, 'train_struct_aux': 0.6678692528179714, 'train_weighted_align': 17.075465139077636, 'train_weighted_kl': 0.24734402326296787, 'train_weighted_ood_reg': 0.00022287952549736567, 'train_weighted_meta': 0.0026744222969329935, 'train_weighted_struct_aux': 0.006678692359781387, 'train_rank': 0.38881121180495437, 'train_weighted_rank': 0.007776224063899444}
{'event': 'candidate_summary', 'candidate': 'global_relpop_residual_rank_probe_h96_r12_a12_p4x4_l1_neg1_lr0p001_hp2_relpopfix48_sr0p1_sa0p01_rl0p02_m0_bpr', 'score': 0.1981592685845426, 'passes_metric_minima': True, 'means': {'val_auc': 0.68408203125, 'val_ap': 0.39782254937744344, 'val_mrr': 0.018376115885467635, 'val_hits@10': 0.05, 'val_ndcg': 0.8509372667269228}, 'seeds_completed': 1}
{'event': 'candidate_seed_start', 'candidate': 'global_relpop_residual_rank_probe_h96_r12_a12_p4x4_l1_neg1_lr0p001_hp2_relpopfix48_sr0p1_sa0p05_rl0p02_m0_bpr', 'seed': 1, 'device': 'cuda', 'node_text_device': 'cuda:0'}
{'event': 'train_seed_start', 'seed': 1, 'train_edges': 20000, 'val_edges': 162066, 'test_edges': 163172, 'num_nodes': 47433, 'num_relations': 566}
{'event': 'train_seed_tensors_ready', 'seed': 1, 'elapsed_sec': 0.02960486337542534, 'cuda_allocated_mb': 122, 'cuda_reserved_mb': 146, 'cuda_max_allocated_mb': 1680}
{'event': 'train_known_facts_ready', 'seed': 1, 'scope': 'train', 'edges': 20000, 'elapsed_sec': 0.03275928273797035}
{'event': 'train_known_facts_ready', 'seed': 1, 'scope': 'train_val', 'edges': 182066, 'elapsed_sec': 0.051229894161224365}
{'event': 'train_sampler_ready', 'seed': 1, 'elapsed_sec': 0.14271985366940498}
{'event': 'val_sampler_ready', 'seed': 1, 'elapsed_sec': 0.22905829921364784}
{'event': 'epoch_start', 'epoch': 1, 'epochs': 1, 'batches': 98, 'time_groups': 98}
{'event': 'train_time_group', 'epoch': 1, 'time_group': 1, 'time_groups': 98, 'batch': 0, 'batches': 98, 'time_value': 1900.0, 'group_batches': 1, 'history_edges': 0, 'elapsed_sec': 0.027422107756137848, 'cuda_allocated_mb': 122, 'cuda_reserved_mb': 146, 'cuda_max_allocated_mb': 1680}
{'event': 'train_progress', 'epoch': 1, 'batch': 1, 'batches': 98, 'time_group': 1, 'time_groups': 98, 'history_edges': 0, 'pos_edges': 101, 'neg_edges': 101, 'loss_recent': 8.815132141113281, 'elapsed_sec': 0.32378067448735237, 'avg_sec_per_batch': 0.32378067448735237, 'cuda_allocated_mb': 357, 'cuda_reserved_mb': 816, 'cuda_max_allocated_mb': 1680}
{'event': 'train_time_group', 'epoch': 1, 'time_group': 98, 'time_groups': 98, 'batch': 97, 'batches': 98, 'time_value': 1997.0, 'group_batches': 1, 'history_edges': 19682, 'elapsed_sec': 42.66453466564417, 'cuda_allocated_mb': 333, 'cuda_reserved_mb': 1756, 'cuda_max_allocated_mb': 1680}
{'event': 'train_progress', 'epoch': 1, 'batch': 98, 'batches': 98, 'time_group': 98, 'time_groups': 98, 'history_edges': 19682, 'pos_edges': 318, 'neg_edges': 318, 'loss_recent': 17.904147892582174, 'elapsed_sec': 43.21872631460428, 'avg_sec_per_batch': 0.44100741137351307, 'cuda_allocated_mb': 420, 'cuda_reserved_mb': 1780, 'cuda_max_allocated_mb': 1680}
{'event': 'validation_start', 'epoch': 1}
{'event': 'validation_ranking_start', 'epoch': 1, 'max_edges': 10}
{'event': 'epoch_end', 'epoch': 1, 'early_stop_metric': 'val_composite', 'val_score': 0.1965877722126618, 'val_auc': 0.6809814453125, 'val_ap': 0.3901233843712324, 'val_ndcg': 0.847919896304356, 'val_mrr': 0.01845640532183264, 'val_hits@1': 0.0, 'val_hits@10': 0.05, 'val_hits@50': 0.05, 'val_hits@100': 0.15, 'elapsed_sec': 111.99980792403221}
{'candidate': 'global_relpop_residual_rank_probe_h96_r12_a12_p4x4_l1_neg1_lr0p001_hp2_relpopfix48_sr0p1_sa0p05_rl0p02_m0_bpr', 'seed': 1, 'composite': nan, 'val_auc': 0.6809814453125, 'val_ap': 0.3901233843712324, 'val_ndcg': 0.847919896304356, 'val_mrr': 0.01845640532183264, 'val_hits@1': 0.0, 'val_hits@10': 0.05, 'val_hits@50': 0.05, 'val_hits@100': 0.15, 'train_loss': 17.904147892582174, 'train_lp': 0.5475549980693933, 'train_align': 3415.104049994021, 'train_kl': 2476.4313071114675, 'train_ood_reg': 0.22360271671596837, 'train_meta': 0.5319629591338488, 'train_struct_aux': 0.6109293066725439, 'train_weighted_align': 17.07551992182829, 'train_weighted_kl': 0.24764312393203072, 'train_weighted_ood_reg': 0.00022360272658038504, 'train_weighted_meta': 0.0026598147215198117, 'train_weighted_struct_aux': 0.030546465888619423, 'train_rank': 0.3870816188199179, 'train_weighted_rank': 0.00774163221085102}
{'event': 'candidate_summary', 'candidate': 'global_relpop_residual_rank_probe_h96_r12_a12_p4x4_l1_neg1_lr0p001_hp2_relpopfix48_sr0p1_sa0p05_rl0p02_m0_bpr', 'score': 0.1965877722126618, 'passes_metric_minima': True, 'means': {'val_auc': 0.6809814453125, 'val_ap': 0.3901233843712324, 'val_mrr': 0.01845640532183264, 'val_hits@10': 0.05, 'val_ndcg': 0.847919896304356}, 'seeds_completed': 1}
{'event': 'candidate_seed_start', 'candidate': 'global_relpop_residual_rank_probe_h96_r12_a12_p4x4_l1_neg1_lr0p001_hp2_relpopfix48_sr0p05_sa0p01_rl0p05_m0_bpr', 'seed': 1, 'device': 'cuda', 'node_text_device': 'cuda:0'}
{'event': 'train_seed_start', 'seed': 1, 'train_edges': 20000, 'val_edges': 162066, 'test_edges': 163172, 'num_nodes': 47433, 'num_relations': 566}
{'event': 'train_seed_tensors_ready', 'seed': 1, 'elapsed_sec': 0.018521547317504883, 'cuda_allocated_mb': 122, 'cuda_reserved_mb': 146, 'cuda_max_allocated_mb': 1680}
{'event': 'train_known_facts_ready', 'seed': 1, 'scope': 'train', 'edges': 20000, 'elapsed_sec': 0.02165556699037552}
{'event': 'train_known_facts_ready', 'seed': 1, 'scope': 'train_val', 'edges': 182066, 'elapsed_sec': 0.043175093829631805}
{'event': 'train_sampler_ready', 'seed': 1, 'elapsed_sec': 0.13397269323468208}
{'event': 'val_sampler_ready', 'seed': 1, 'elapsed_sec': 0.23272425308823586}
{'event': 'epoch_start', 'epoch': 1, 'epochs': 1, 'batches': 98, 'time_groups': 98}
{'event': 'train_time_group', 'epoch': 1, 'time_group': 1, 'time_groups': 98, 'batch': 0, 'batches': 98, 'time_value': 1900.0, 'group_batches': 1, 'history_edges': 0, 'elapsed_sec': 0.022821228951215744, 'cuda_allocated_mb': 122, 'cuda_reserved_mb': 146, 'cuda_max_allocated_mb': 1680}
{'event': 'train_progress', 'epoch': 1, 'batch': 1, 'batches': 98, 'time_group': 1, 'time_groups': 98, 'history_edges': 0, 'pos_edges': 101, 'neg_edges': 101, 'loss_recent': 8.78696060180664, 'elapsed_sec': 0.32583847269415855, 'avg_sec_per_batch': 0.32583847269415855, 'cuda_allocated_mb': 357, 'cuda_reserved_mb': 816, 'cuda_max_allocated_mb': 1680}
{'event': 'train_time_group', 'epoch': 1, 'time_group': 98, 'time_groups': 98, 'batch': 97, 'batches': 98, 'time_value': 1997.0, 'group_batches': 1, 'history_edges': 19682, 'elapsed_sec': 47.64620405808091, 'cuda_allocated_mb': 333, 'cuda_reserved_mb': 1756, 'cuda_max_allocated_mb': 1680}
{'event': 'train_progress', 'epoch': 1, 'batch': 98, 'batches': 98, 'time_group': 98, 'time_groups': 98, 'history_edges': 19682, 'pos_edges': 318, 'neg_edges': 318, 'loss_recent': 17.882083985270285, 'elapsed_sec': 48.175669487565756, 'avg_sec_per_batch': 0.4915884641588342, 'cuda_allocated_mb': 420, 'cuda_reserved_mb': 1780, 'cuda_max_allocated_mb': 1680}
{'event': 'validation_start', 'epoch': 1}
{'event': 'validation_ranking_start', 'epoch': 1, 'max_edges': 10}
{'event': 'epoch_end', 'epoch': 1, 'early_stop_metric': 'val_composite', 'val_score': 0.19703905604894154, 'val_auc': 0.68062744140625, 'val_ap': 0.39277420715798583, 'val_ndcg': 0.8489927699959469, 'val_mrr': 0.01838455181067289, 'val_hits@1': 0.0, 'val_hits@10': 0.05, 'val_hits@50': 0.05, 'val_hits@100': 0.15, 'elapsed_sec': 116.30238348990679}
{'candidate': 'global_relpop_residual_rank_probe_h96_r12_a12_p4x4_l1_neg1_lr0p001_hp2_relpopfix48_sr0p05_sa0p01_rl0p05_m0_bpr', 'seed': 1, 'composite': nan, 'val_auc': 0.68062744140625, 'val_ap': 0.39277420715798583, 'val_ndcg': 0.8489927699959469, 'val_mrr': 0.01838455181067289, 'val_hits@1': 0.0, 'val_hits@10': 0.05, 'val_hits@50': 0.05, 'val_hits@100': 0.15, 'train_loss': 17.882083985270285, 'train_lp': 0.5493646939190067, 'train_align': 3415.09637700295, 'train_kl': 2479.5167728346223, 'train_ood_reg': 0.2234798496475025, 'train_meta': 0.5335398006195925, 'train_struct_aux': 0.6394937080996377, 'train_weighted_align': 17.07548153157137, 'train_weighted_kl': 0.24795167144311933, 'train_weighted_ood_reg': 0.00022347986060242188, 'train_weighted_meta': 0.0026676989390932936, 'train_weighted_struct_aux': 0.006394936935976148, 'train_rank': 0.3881338825639413, 'train_weighted_rank': 0.01940669446271293}
{'event': 'candidate_summary', 'candidate': 'global_relpop_residual_rank_probe_h96_r12_a12_p4x4_l1_neg1_lr0p001_hp2_relpopfix48_sr0p05_sa0p01_rl0p05_m0_bpr', 'score': 0.19703905604894154, 'passes_metric_minima': True, 'means': {'val_auc': 0.68062744140625, 'val_ap': 0.39277420715798583, 'val_mrr': 0.01838455181067289, 'val_hits@10': 0.05, 'val_ndcg': 0.8489927699959469}, 'seeds_completed': 1}
{'event': 'candidate_seed_start', 'candidate': 'global_relpop_residual_rank_probe_h96_r12_a12_p4x4_l1_neg1_lr0p001_hp2_relpopfix48_sr0p05_sa0p05_rl0p05_m0_bpr', 'seed': 1, 'device': 'cuda', 'node_text_device': 'cuda:0'}
{'event': 'train_seed_start', 'seed': 1, 'train_edges': 20000, 'val_edges': 162066, 'test_edges': 163172, 'num_nodes': 47433, 'num_relations': 566}
{'event': 'train_seed_tensors_ready', 'seed': 1, 'elapsed_sec': 0.02654625102877617, 'cuda_allocated_mb': 122, 'cuda_reserved_mb': 146, 'cuda_max_allocated_mb': 1680}
{'event': 'train_known_facts_ready', 'seed': 1, 'scope': 'train', 'edges': 20000, 'elapsed_sec': 0.02995011955499649}
{'event': 'train_known_facts_ready', 'seed': 1, 'scope': 'train_val', 'edges': 182066, 'elapsed_sec': 0.05056331679224968}
{'event': 'train_sampler_ready', 'seed': 1, 'elapsed_sec': 0.13729378581047058}
{'event': 'val_sampler_ready', 'seed': 1, 'elapsed_sec': 0.2262110747396946}
{'event': 'epoch_start', 'epoch': 1, 'epochs': 1, 'batches': 98, 'time_groups': 98}
{'event': 'train_time_group', 'epoch': 1, 'time_group': 1, 'time_groups': 98, 'batch': 0, 'batches': 98, 'time_value': 1900.0, 'group_batches': 1, 'history_edges': 0, 'elapsed_sec': 0.020586956292390823, 'cuda_allocated_mb': 122, 'cuda_reserved_mb': 146, 'cuda_max_allocated_mb': 1680}
{'event': 'train_progress', 'epoch': 1, 'batch': 1, 'batches': 98, 'time_group': 1, 'time_groups': 98, 'history_edges': 0, 'pos_edges': 101, 'neg_edges': 101, 'loss_recent': 8.815023422241211, 'elapsed_sec': 0.3436610661447048, 'avg_sec_per_batch': 0.3436610661447048, 'cuda_allocated_mb': 357, 'cuda_reserved_mb': 816, 'cuda_max_allocated_mb': 1680}
{'event': 'train_time_group', 'epoch': 1, 'time_group': 98, 'time_groups': 98, 'batch': 97, 'batches': 98, 'time_value': 1997.0, 'group_batches': 1, 'history_edges': 19682, 'elapsed_sec': 51.59296464174986, 'cuda_allocated_mb': 333, 'cuda_reserved_mb': 1756, 'cuda_max_allocated_mb': 1680}
{'event': 'train_progress', 'epoch': 1, 'batch': 98, 'batches': 98, 'time_group': 98, 'time_groups': 98, 'history_edges': 19682, 'pos_edges': 318, 'neg_edges': 318, 'loss_recent': 17.904918125697545, 'elapsed_sec': 52.33161490410566, 'avg_sec_per_batch': 0.5339960704500578, 'cuda_allocated_mb': 420, 'cuda_reserved_mb': 1780, 'cuda_max_allocated_mb': 1680}
{'event': 'validation_start', 'epoch': 1}
{'event': 'validation_ranking_start', 'epoch': 1, 'max_edges': 10}
{'event': 'epoch_end', 'epoch': 1, 'early_stop_metric': 'val_composite', 'val_score': 0.19687204376507084, 'val_auc': 0.6810333251953125, 'val_ap': 0.3917006770115212, 'val_ndcg': 0.8484999695360371, 'val_mrr': 0.01843055799994657, 'val_hits@1': 0.0, 'val_hits@10': 0.05, 'val_hits@50': 0.05, 'val_hits@100': 0.15, 'elapsed_sec': 119.02105790749192}
{'candidate': 'global_relpop_residual_rank_probe_h96_r12_a12_p4x4_l1_neg1_lr0p001_hp2_relpopfix48_sr0p05_sa0p05_rl0p05_m0_bpr', 'seed': 1, 'composite': nan, 'val_auc': 0.6810333251953125, 'val_ap': 0.3917006770115212, 'val_ndcg': 0.8484999695360371, 'val_mrr': 0.01843055799994657, 'val_hits@1': 0.0, 'val_hits@10': 0.05, 'val_hits@50': 0.05, 'val_hits@100': 0.15, 'train_loss': 17.904918125697545, 'train_lp': 0.5488218692492466, 'train_align': 3415.0980511100925, 'train_kl': 2479.750085324657, 'train_ood_reg': 0.22350999150349168, 'train_meta': 0.5328437710294918, 'train_struct_aux': 0.5948726559171871, 'train_weighted_align': 17.075489934609863, 'train_weighted_kl': 0.24797500263215327, 'train_weighted_ood_reg': 0.0002235100017765499, 'train_weighted_meta': 0.0026642187844192113, 'train_weighted_struct_aux': 0.02974363334705027, 'train_rank': 0.38687759607422106, 'train_weighted_rank': 0.019343880138226917}
{'event': 'candidate_summary', 'candidate': 'global_relpop_residual_rank_probe_h96_r12_a12_p4x4_l1_neg1_lr0p001_hp2_relpopfix48_sr0p05_sa0p05_rl0p05_m0_bpr', 'score': 0.19687204376507084, 'passes_metric_minima': True, 'means': {'val_auc': 0.6810333251953125, 'val_ap': 0.3917006770115212, 'val_mrr': 0.01843055799994657, 'val_hits@10': 0.05, 'val_ndcg': 0.8484999695360371}, 'seeds_completed': 1}
{'event': 'candidate_seed_start', 'candidate': 'global_relpop_residual_rank_probe_h96_r12_a12_p4x4_l1_neg1_lr0p001_hp2_relpopfix48_sr0p1_sa0p01_rl0p05_m0_bpr', 'seed': 1, 'device': 'cuda', 'node_text_device': 'cuda:0'}
{'event': 'train_seed_start', 'seed': 1, 'train_edges': 20000, 'val_edges': 162066, 'test_edges': 163172, 'num_nodes': 47433, 'num_relations': 566}
{'event': 'train_seed_tensors_ready', 'seed': 1, 'elapsed_sec': 0.048723816871643066, 'cuda_allocated_mb': 122, 'cuda_reserved_mb': 146, 'cuda_max_allocated_mb': 1680}
{'event': 'train_known_facts_ready', 'seed': 1, 'scope': 'train', 'edges': 20000, 'elapsed_sec': 0.05194413661956787}
{'event': 'train_known_facts_ready', 'seed': 1, 'scope': 'train_val', 'edges': 182066, 'elapsed_sec': 0.06986739113926888}
{'event': 'train_sampler_ready', 'seed': 1, 'elapsed_sec': 0.15888921543955803}
{'event': 'val_sampler_ready', 'seed': 1, 'elapsed_sec': 0.28357289731502533}
{'event': 'epoch_start', 'epoch': 1, 'epochs': 1, 'batches': 98, 'time_groups': 98}
{'event': 'train_time_group', 'epoch': 1, 'time_group': 1, 'time_groups': 98, 'batch': 0, 'batches': 98, 'time_value': 1900.0, 'group_batches': 1, 'history_edges': 0, 'elapsed_sec': 0.02422245591878891, 'cuda_allocated_mb': 122, 'cuda_reserved_mb': 146, 'cuda_max_allocated_mb': 1680}
{'event': 'train_progress', 'epoch': 1, 'batch': 1, 'batches': 98, 'time_group': 1, 'time_groups': 98, 'history_edges': 0, 'pos_edges': 101, 'neg_edges': 101, 'loss_recent': 8.787069320678711, 'elapsed_sec': 0.47972347214818, 'avg_sec_per_batch': 0.47972347214818, 'cuda_allocated_mb': 357, 'cuda_reserved_mb': 816, 'cuda_max_allocated_mb': 1680}
{'event': 'train_time_group', 'epoch': 1, 'time_group': 98, 'time_groups': 98, 'batch': 97, 'batches': 98, 'time_value': 1997.0, 'group_batches': 1, 'history_edges': 19682, 'elapsed_sec': 67.67762422561646, 'cuda_allocated_mb': 333, 'cuda_reserved_mb': 1756, 'cuda_max_allocated_mb': 1680}
{'event': 'train_progress', 'epoch': 1, 'batch': 98, 'batches': 98, 'time_group': 98, 'time_groups': 98, 'history_edges': 19682, 'pos_edges': 318, 'neg_edges': 318, 'loss_recent': 17.880750266873108, 'elapsed_sec': 68.22986409813166, 'avg_sec_per_batch': 0.6962231030421597, 'cuda_allocated_mb': 420, 'cuda_reserved_mb': 1780, 'cuda_max_allocated_mb': 1680}
{'event': 'validation_start', 'epoch': 1}
{'event': 'validation_ranking_start', 'epoch': 1, 'max_edges': 10}
{'event': 'epoch_end', 'epoch': 1, 'early_stop_metric': 'val_composite', 'val_score': 0.19751034482711088, 'val_auc': 0.6811767578125, 'val_ap': 0.39495246839638676, 'val_ndcg': 0.8497688062105013, 'val_mrr': 0.01846351211195548, 'val_hits@1': 0.0, 'val_hits@10': 0.05, 'val_hits@50': 0.05, 'val_hits@100': 0.15, 'elapsed_sec': 139.18350120261312}
{'candidate': 'global_relpop_residual_rank_probe_h96_r12_a12_p4x4_l1_neg1_lr0p001_hp2_relpopfix48_sr0p1_sa0p01_rl0p05_m0_bpr', 'seed': 1, 'composite': nan, 'val_auc': 0.6811767578125, 'val_ap': 0.39495246839638676, 'val_ndcg': 0.8497688062105013, 'val_mrr': 0.01846351211195548, 'val_hits@1': 0.0, 'val_hits@10': 0.05, 'val_hits@50': 0.05, 'val_hits@100': 0.15, 'train_loss': 17.880750266873108, 'train_lp': 0.5481623021923766, 'train_align': 3415.0966236348054, 'train_kl': 2475.78537983797, 'train_ood_reg': 0.22354435464557337, 'train_meta': 0.5325060625161443, 'train_struct_aux': 0.6640735657847657, 'train_weighted_align': 17.075482733395635, 'train_weighted_kl': 0.2475785330622172, 'train_weighted_ood_reg': 0.00022354436582738382, 'train_weighted_meta': 0.002662530261548046, 'train_weighted_struct_aux': 0.006640735514728087, 'train_rank': 0.38752339537046393, 'train_weighted_rank': 0.01937617013725091}
{'event': 'candidate_summary', 'candidate': 'global_relpop_residual_rank_probe_h96_r12_a12_p4x4_l1_neg1_lr0p001_hp2_relpopfix48_sr0p1_sa0p01_rl0p05_m0_bpr', 'score': 0.19751034482711088, 'passes_metric_minima': True, 'means': {'val_auc': 0.6811767578125, 'val_ap': 0.39495246839638676, 'val_mrr': 0.01846351211195548, 'val_hits@10': 0.05, 'val_ndcg': 0.8497688062105013}, 'seeds_completed': 1}
{'event': 'candidate_seed_start', 'candidate': 'global_relpop_residual_rank_probe_h96_r12_a12_p4x4_l1_neg1_lr0p001_hp2_relpopfix48_sr0p1_sa0p05_rl0p05_m0_bpr', 'seed': 1, 'device': 'cuda', 'node_text_device': 'cuda:0'}
{'event': 'train_seed_start', 'seed': 1, 'train_edges': 20000, 'val_edges': 162066, 'test_edges': 163172, 'num_nodes': 47433, 'num_relations': 566}
{'event': 'train_seed_tensors_ready', 'seed': 1, 'elapsed_sec': 0.03394802287220955, 'cuda_allocated_mb': 122, 'cuda_reserved_mb': 146, 'cuda_max_allocated_mb': 1680}
{'event': 'train_known_facts_ready', 'seed': 1, 'scope': 'train', 'edges': 20000, 'elapsed_sec': 0.039056237787008286}
{'event': 'train_known_facts_ready', 'seed': 1, 'scope': 'train_val', 'edges': 182066, 'elapsed_sec': 0.06556908041238785}
{'event': 'train_sampler_ready', 'seed': 1, 'elapsed_sec': 0.1621122844517231}
{'event': 'val_sampler_ready', 'seed': 1, 'elapsed_sec': 0.25102925300598145}
{'event': 'epoch_start', 'epoch': 1, 'epochs': 1, 'batches': 98, 'time_groups': 98}
{'event': 'train_time_group', 'epoch': 1, 'time_group': 1, 'time_groups': 98, 'batch': 0, 'batches': 98, 'time_value': 1900.0, 'group_batches': 1, 'history_edges': 0, 'elapsed_sec': 0.0250682532787323, 'cuda_allocated_mb': 122, 'cuda_reserved_mb': 146, 'cuda_max_allocated_mb': 1680}
{'event': 'train_progress', 'epoch': 1, 'batch': 1, 'batches': 98, 'time_group': 1, 'time_groups': 98, 'history_edges': 0, 'pos_edges': 101, 'neg_edges': 101, 'loss_recent': 8.815132141113281, 'elapsed_sec': 0.3644325062632561, 'avg_sec_per_batch': 0.3644325062632561, 'cuda_allocated_mb': 357, 'cuda_reserved_mb': 816, 'cuda_max_allocated_mb': 1680}
{'event': 'train_time_group', 'epoch': 1, 'time_group': 98, 'time_groups': 98, 'batch': 97, 'batches': 98, 'time_value': 1997.0, 'group_batches': 1, 'history_edges': 19682, 'elapsed_sec': 48.20728400349617, 'cuda_allocated_mb': 333, 'cuda_reserved_mb': 1756, 'cuda_max_allocated_mb': 1680}
{'event': 'train_progress', 'epoch': 1, 'batch': 98, 'batches': 98, 'time_group': 98, 'time_groups': 98, 'history_edges': 19682, 'pos_edges': 318, 'neg_edges': 318, 'loss_recent': 17.904687652782517, 'elapsed_sec': 48.82140401005745, 'avg_sec_per_batch': 0.49817759193936173, 'cuda_allocated_mb': 420, 'cuda_reserved_mb': 1780, 'cuda_max_allocated_mb': 1680}
{'event': 'validation_start', 'epoch': 1}
{'event': 'validation_ranking_start', 'epoch': 1, 'max_edges': 10}
{'event': 'epoch_end', 'epoch': 1, 'early_stop_metric': 'val_composite', 'val_score': 0.19686772882150358, 'val_auc': 0.6814697265625, 'val_ap': 0.3914904595453005, 'val_ndcg': 0.8484254071479636, 'val_mrr': 0.01845626569357428, 'val_hits@1': 0.0, 'val_hits@10': 0.05, 'val_hits@50': 0.05, 'val_hits@100': 0.15, 'elapsed_sec': 130.6021245867014}
{'candidate': 'global_relpop_residual_rank_probe_h96_r12_a12_p4x4_l1_neg1_lr0p001_hp2_relpopfix48_sr0p1_sa0p05_rl0p05_m0_bpr', 'seed': 1, 'composite': nan, 'val_auc': 0.6814697265625, 'val_ap': 0.3914904595453005, 'val_ndcg': 0.8484254071479636, 'val_mrr': 0.01845626569357428, 'val_hits@1': 0.0, 'val_hits@10': 0.05, 'val_hits@50': 0.05, 'val_hits@100': 0.15, 'train_loss': 17.904687652782517, 'train_lp': 0.5479228472223088, 'train_align': 3415.100027901786, 'train_kl': 2478.458990914481, 'train_ood_reg': 0.22354813056940936, 'train_meta': 0.532162713457127, 'train_struct_aux': 0.6106966399416631, 'train_weighted_align': 17.07549980708531, 'train_weighted_kl': 0.24784589513223998, 'train_weighted_ood_reg': 0.00022354814160391878, 'train_weighted_meta': 0.0026608135198404517, 'train_weighted_struct_aux': 0.03053483249125432, 'train_rank': 0.38628430816592, 'train_weighted_rank': 0.019314215775123055}
{'event': 'candidate_summary', 'candidate': 'global_relpop_residual_rank_probe_h96_r12_a12_p4x4_l1_neg1_lr0p001_hp2_relpopfix48_sr0p1_sa0p05_rl0p05_m0_bpr', 'score': 0.19686772882150358, 'passes_metric_minima': True, 'means': {'val_auc': 0.6814697265625, 'val_ap': 0.3914904595453005, 'val_mrr': 0.01845626569357428, 'val_hits@10': 0.05, 'val_ndcg': 0.8484254071479636}, 'seeds_completed': 1}
