runtime_device=cuda
cuda_device=Tesla V100-PCIE-32GB
{'event': 'candidate_seed_start', 'candidate': 'global_relpop_frozen_enhanced_probe_h96_r12_a12_p4x4_l1_neg1_lr0p001_hp1_relpopfix48_sr0p01_sa0p001_rl0p001_m0_bpr', 'seed': 1, 'device': 'cuda', 'node_text_device': 'cuda:0'}
{'event': 'train_seed_start', 'seed': 1, 'train_edges': 50000, 'val_edges': 14592, 'test_edges': 14378, 'num_nodes': 7128, 'num_relations': 230}
{'event': 'train_seed_tensors_ready', 'seed': 1, 'elapsed_sec': 0.030995838344097137, 'cuda_allocated_mb': 21, 'cuda_reserved_mb': 24, 'cuda_max_allocated_mb': 21}
{'event': 'train_known_facts_ready', 'seed': 1, 'scope': 'train', 'edges': 50000, 'elapsed_sec': 0.037526898086071014}
{'event': 'train_known_facts_ready', 'seed': 1, 'scope': 'train_val', 'edges': 64592, 'elapsed_sec': 0.04327746853232384}
{'event': 'train_sampler_ready', 'seed': 1, 'elapsed_sec': 0.12915099784731865}
{'event': 'val_sampler_ready', 'seed': 1, 'elapsed_sec': 0.22616474702954292}
{'event': 'epoch_start', 'epoch': 1, 'epochs': 3, 'batches': 255, 'time_groups': 255}
{'event': 'train_time_group', 'epoch': 1, 'time_group': 1, 'time_groups': 255, 'batch': 0, 'batches': 255, 'time_value': 1388534400.0, 'group_batches': 1, 'history_edges': 0, 'elapsed_sec': 0.026057057082653046, 'cuda_allocated_mb': 22, 'cuda_reserved_mb': 24, 'cuda_max_allocated_mb': 22}
{'event': 'train_progress', 'epoch': 1, 'batch': 1, 'batches': 255, 'time_group': 1, 'time_groups': 255, 'history_edges': 0, 'pos_edges': 92, 'neg_edges': 92, 'loss_recent': 6.85100793838501, 'elapsed_sec': 1.9409462101757526, 'avg_sec_per_batch': 1.9409462101757526, 'cuda_allocated_mb': 90, 'cuda_reserved_mb': 170, 'cuda_max_allocated_mb': 157}
{'event': 'train_progress', 'epoch': 1, 'batch': 100, 'batches': 255, 'time_group': 100, 'time_groups': 255, 'history_edges': 19281, 'pos_edges': 210, 'neg_edges': 210, 'loss_recent': 12.212017903327942, 'elapsed_sec': 107.52726242691278, 'avg_sec_per_batch': 1.075272624269128, 'cuda_allocated_mb': 95, 'cuda_reserved_mb': 666, 'cuda_max_allocated_mb': 577}
{'event': 'train_progress', 'epoch': 1, 'batch': 200, 'batches': 255, 'time_group': 200, 'time_groups': 255, 'history_edges': 39468, 'pos_edges': 131, 'neg_edges': 131, 'loss_recent': 11.217365703582765, 'elapsed_sec': 181.72573740407825, 'avg_sec_per_batch': 0.9086286870203912, 'cuda_allocated_mb': 93, 'cuda_reserved_mb': 1026, 'cuda_max_allocated_mb': 908}
{'event': 'train_time_group', 'epoch': 1, 'time_group': 255, 'time_groups': 255, 'batch': 254, 'batches': 255, 'time_value': 1410480000.0, 'group_batches': 1, 'history_edges': 49740, 'elapsed_sec': 215.49520606175065, 'cuda_allocated_mb': 87, 'cuda_reserved_mb': 1226, 'cuda_max_allocated_mb': 1083}
{'event': 'train_progress', 'epoch': 1, 'batch': 255, 'batches': 255, 'time_group': 255, 'time_groups': 255, 'history_edges': 49740, 'pos_edges': 260, 'neg_edges': 260, 'loss_recent': 10.458316135406495, 'elapsed_sec': 215.92379774153233, 'avg_sec_per_batch': 0.8467599911432641, 'cuda_allocated_mb': 97, 'cuda_reserved_mb': 1226, 'cuda_max_allocated_mb': 1083}
{'event': 'validation_start', 'epoch': 1}
{'event': 'validation_ranking_start', 'epoch': 1, 'max_edges': 30}
{'event': 'epoch_end', 'epoch': 1, 'early_stop_metric': 'val_composite', 'val_score': 0.5646580509416328, 'val_auc': 0.9076751708984376, 'val_ap': 0.7657129296793319, 'val_ndcg': 0.9543784028696313, 'val_mrr': 0.3912923586490295, 'val_hits@1': 0.2833333333333333, 'val_hits@10': 0.5666666666666667, 'val_hits@50': 0.8, 'val_hits@100': 0.85, 'elapsed_sec': 258.44624591618776}
{'event': 'epoch_start', 'epoch': 2, 'epochs': 3, 'batches': 255, 'time_groups': 255}
{'event': 'train_time_group', 'epoch': 2, 'time_group': 1, 'time_groups': 255, 'batch': 0, 'batches': 255, 'time_value': 1388534400.0, 'group_batches': 1, 'history_edges': 0, 'elapsed_sec': 0.0469471774995327, 'cuda_allocated_mb': 87, 'cuda_reserved_mb': 1252, 'cuda_max_allocated_mb': 1083}
{'event': 'train_progress', 'epoch': 2, 'batch': 1, 'batches': 255, 'time_group': 1, 'time_groups': 255, 'history_edges': 0, 'pos_edges': 92, 'neg_edges': 92, 'loss_recent': 7.4315361976623535, 'elapsed_sec': 0.6246368549764156, 'avg_sec_per_batch': 0.6246368549764156, 'cuda_allocated_mb': 91, 'cuda_reserved_mb': 1252, 'cuda_max_allocated_mb': 1083}
{'event': 'train_progress', 'epoch': 2, 'batch': 100, 'batches': 255, 'time_group': 100, 'time_groups': 255, 'history_edges': 19281, 'pos_edges': 210, 'neg_edges': 210, 'loss_recent': 10.308605699539184, 'elapsed_sec': 83.13778390362859, 'avg_sec_per_batch': 0.8313778390362859, 'cuda_allocated_mb': 95, 'cuda_reserved_mb': 1252, 'cuda_max_allocated_mb': 1083}
{'event': 'train_progress', 'epoch': 2, 'batch': 200, 'batches': 255, 'time_group': 200, 'time_groups': 255, 'history_edges': 39468, 'pos_edges': 131, 'neg_edges': 131, 'loss_recent': 9.586044192314148, 'elapsed_sec': 176.8827327489853, 'avg_sec_per_batch': 0.8844136637449265, 'cuda_allocated_mb': 93, 'cuda_reserved_mb': 1252, 'cuda_max_allocated_mb': 1083}
{'event': 'train_time_group', 'epoch': 2, 'time_group': 255, 'time_groups': 255, 'batch': 254, 'batches': 255, 'time_value': 1410480000.0, 'group_batches': 1, 'history_edges': 49740, 'elapsed_sec': 226.69950556010008, 'cuda_allocated_mb': 87, 'cuda_reserved_mb': 1252, 'cuda_max_allocated_mb': 1083}
{'event': 'train_progress', 'epoch': 2, 'batch': 255, 'batches': 255, 'time_group': 255, 'time_groups': 255, 'history_edges': 49740, 'pos_edges': 260, 'neg_edges': 260, 'loss_recent': 9.044638051986695, 'elapsed_sec': 227.89641178399324, 'avg_sec_per_batch': 0.8937114187607578, 'cuda_allocated_mb': 97, 'cuda_reserved_mb': 1252, 'cuda_max_allocated_mb': 1083}
{'event': 'validation_start', 'epoch': 2}
{'event': 'validation_ranking_start', 'epoch': 2, 'max_edges': 30}
{'event': 'epoch_end', 'epoch': 2, 'early_stop_metric': 'val_composite', 'val_score': 0.5627687359952467, 'val_auc': 0.9195304870605469, 'val_ap': 0.7937249825965766, 'val_ndcg': 0.9602893096692301, 'val_mrr': 0.37674239990495306, 'val_hits@1': 0.26666666666666666, 'val_hits@10': 0.5666666666666667, 'val_hits@50': 0.8333333333333334, 'val_hits@100': 0.8666666666666667, 'elapsed_sec': 287.6483838632703}
{'event': 'epoch_start', 'epoch': 3, 'epochs': 3, 'batches': 255, 'time_groups': 255}
{'event': 'train_time_group', 'epoch': 3, 'time_group': 1, 'time_groups': 255, 'batch': 0, 'batches': 255, 'time_value': 1388534400.0, 'group_batches': 1, 'history_edges': 0, 'elapsed_sec': 0.05011943355202675, 'cuda_allocated_mb': 87, 'cuda_reserved_mb': 1252, 'cuda_max_allocated_mb': 1083}
{'event': 'train_progress', 'epoch': 3, 'batch': 1, 'batches': 255, 'time_group': 1, 'time_groups': 255, 'history_edges': 0, 'pos_edges': 92, 'neg_edges': 92, 'loss_recent': 7.072879791259766, 'elapsed_sec': 0.8936236910521984, 'avg_sec_per_batch': 0.8936236910521984, 'cuda_allocated_mb': 91, 'cuda_reserved_mb': 1252, 'cuda_max_allocated_mb': 1083}
{'event': 'train_progress', 'epoch': 3, 'batch': 100, 'batches': 255, 'time_group': 100, 'time_groups': 255, 'history_edges': 19281, 'pos_edges': 210, 'neg_edges': 210, 'loss_recent': 9.205194871425629, 'elapsed_sec': 115.08719141408801, 'avg_sec_per_batch': 1.15087191414088, 'cuda_allocated_mb': 95, 'cuda_reserved_mb': 1252, 'cuda_max_allocated_mb': 1083}
{'event': 'train_progress', 'epoch': 3, 'batch': 200, 'batches': 255, 'time_group': 200, 'time_groups': 255, 'history_edges': 39468, 'pos_edges': 131, 'neg_edges': 131, 'loss_recent': 8.413230679035188, 'elapsed_sec': 204.8109015710652, 'avg_sec_per_batch': 1.024054507855326, 'cuda_allocated_mb': 93, 'cuda_reserved_mb': 1252, 'cuda_max_allocated_mb': 1083}
{'event': 'train_time_group', 'epoch': 3, 'time_group': 255, 'time_groups': 255, 'batch': 254, 'batches': 255, 'time_value': 1410480000.0, 'group_batches': 1, 'history_edges': 49740, 'elapsed_sec': 244.1189906038344, 'cuda_allocated_mb': 87, 'cuda_reserved_mb': 1252, 'cuda_max_allocated_mb': 1083}
{'event': 'train_progress', 'epoch': 3, 'batch': 255, 'batches': 255, 'time_group': 255, 'time_groups': 255, 'history_edges': 49740, 'pos_edges': 260, 'neg_edges': 260, 'loss_recent': 7.923320298194885, 'elapsed_sec': 244.7904569581151, 'avg_sec_per_batch': 0.9599625763063337, 'cuda_allocated_mb': 97, 'cuda_reserved_mb': 1252, 'cuda_max_allocated_mb': 1083}
{'event': 'validation_start', 'epoch': 3}
{'event': 'validation_ranking_start', 'epoch': 3, 'max_edges': 30}
{'event': 'epoch_end', 'epoch': 3, 'early_stop_metric': 'val_composite', 'val_score': 0.5590569109798168, 'val_auc': 0.9201782226562502, 'val_ap': 0.79344135054854, 'val_ndcg': 0.960258164464116, 'val_mrr': 0.3693452949699568, 'val_hits@1': 0.25, 'val_hits@10': 0.5666666666666667, 'val_hits@50': 0.7833333333333333, 'val_hits@100': 0.85, 'elapsed_sec': 298.9033480733633}
{'candidate': 'global_relpop_frozen_enhanced_probe_h96_r12_a12_p4x4_l1_neg1_lr0p001_hp1_relpopfix48_sr0p01_sa0p001_rl0p001_m0_bpr', 'seed': 1, 'composite': nan, 'val_auc': 0.9076751708984376, 'val_ap': 0.7657129296793319, 'val_ndcg': 0.9543784028696313, 'val_mrr': 0.3912923586490295, 'val_hits@1': 0.2833333333333333, 'val_hits@10': 0.5666666666666667, 'val_hits@50': 0.8, 'val_hits@100': 0.85, 'train_loss': 11.325084695629045, 'train_lp': 0.4091498327605865, 'train_align': 2096.79516434015, 'train_kl': 4290.3727433746935, 'train_ood_reg': 0.23102211940522288, 'train_meta': 0.4131461784535763, 'train_struct_aux': 0.6251626274164985, 'train_weighted_align': 10.483975617090861, 'train_weighted_kl': 0.42903726352196114, 'train_weighted_ood_reg': 0.00023102213043089517, 'train_weighted_meta': 0.0020657308506961984, 'train_weighted_struct_aux': 0.0006251626570398608, 'train_rank': 0.1991441256129274, 'train_weighted_rank': 0.00019914413499588822}
{'event': 'candidate_summary', 'candidate': 'global_relpop_frozen_enhanced_probe_h96_r12_a12_p4x4_l1_neg1_lr0p001_hp1_relpopfix48_sr0p01_sa0p001_rl0p001_m0_bpr', 'score': 0.5646580509416328, 'passes_metric_minima': True, 'means': {'val_auc': 0.9076751708984376, 'val_ap': 0.7657129296793319, 'val_mrr': 0.3912923586490295, 'val_hits@10': 0.5666666666666667, 'val_ndcg': 0.9543784028696313}, 'seeds_completed': 1}
{'event': 'candidate_seed_start', 'candidate': 'global_relpop_frozen_enhanced_probe_h96_r12_a12_p4x4_l1_neg1_lr0p001_hp1_relpopfix48_sr0p05_sa0p001_rl0p001_m0_bpr', 'seed': 1, 'device': 'cuda', 'node_text_device': 'cuda:0'}
{'event': 'train_seed_start', 'seed': 1, 'train_edges': 50000, 'val_edges': 14592, 'test_edges': 14378, 'num_nodes': 7128, 'num_relations': 230}
{'event': 'train_seed_tensors_ready', 'seed': 1, 'elapsed_sec': 0.07340921834111214, 'cuda_allocated_mb': 37, 'cuda_reserved_mb': 64, 'cuda_max_allocated_mb': 1083}
{'event': 'train_known_facts_ready', 'seed': 1, 'scope': 'train', 'edges': 50000, 'elapsed_sec': 0.07949760556221008}
{'event': 'train_known_facts_ready', 'seed': 1, 'scope': 'train_val', 'edges': 64592, 'elapsed_sec': 0.09582266211509705}
{'event': 'train_sampler_ready', 'seed': 1, 'elapsed_sec': 0.2077566608786583}
{'event': 'val_sampler_ready', 'seed': 1, 'elapsed_sec': 0.30342819914221764}
{'event': 'epoch_start', 'epoch': 1, 'epochs': 3, 'batches': 255, 'time_groups': 255}
{'event': 'train_time_group', 'epoch': 1, 'time_group': 1, 'time_groups': 255, 'batch': 0, 'batches': 255, 'time_value': 1388534400.0, 'group_batches': 1, 'history_edges': 0, 'elapsed_sec': 0.015483152121305466, 'cuda_allocated_mb': 39, 'cuda_reserved_mb': 64, 'cuda_max_allocated_mb': 1083}
{'event': 'train_progress', 'epoch': 1, 'batch': 1, 'batches': 255, 'time_group': 1, 'time_groups': 255, 'history_edges': 0, 'pos_edges': 92, 'neg_edges': 92, 'loss_recent': 6.851290702819824, 'elapsed_sec': 0.6793675497174263, 'avg_sec_per_batch': 0.6793675497174263, 'cuda_allocated_mb': 90, 'cuda_reserved_mb': 170, 'cuda_max_allocated_mb': 1083}
{'event': 'train_progress', 'epoch': 1, 'batch': 100, 'batches': 255, 'time_group': 100, 'time_groups': 255, 'history_edges': 19281, 'pos_edges': 210, 'neg_edges': 210, 'loss_recent': 12.211636319160462, 'elapsed_sec': 92.42004308104515, 'avg_sec_per_batch': 0.9242004308104516, 'cuda_allocated_mb': 95, 'cuda_reserved_mb': 666, 'cuda_max_allocated_mb': 1083}
{'event': 'train_progress', 'epoch': 1, 'batch': 200, 'batches': 255, 'time_group': 200, 'time_groups': 255, 'history_edges': 39468, 'pos_edges': 131, 'neg_edges': 131, 'loss_recent': 11.217636966705323, 'elapsed_sec': 178.55957923084497, 'avg_sec_per_batch': 0.8927978961542249, 'cuda_allocated_mb': 93, 'cuda_reserved_mb': 1026, 'cuda_max_allocated_mb': 1083}
{'event': 'train_time_group', 'epoch': 1, 'time_group': 255, 'time_groups': 255, 'batch': 254, 'batches': 255, 'time_value': 1410480000.0, 'group_batches': 1, 'history_edges': 49740, 'elapsed_sec': 235.8274069055915, 'cuda_allocated_mb': 87, 'cuda_reserved_mb': 1206, 'cuda_max_allocated_mb': 1083}
{'event': 'train_progress', 'epoch': 1, 'batch': 255, 'batches': 255, 'time_group': 255, 'time_groups': 255, 'history_edges': 49740, 'pos_edges': 260, 'neg_edges': 260, 'loss_recent': 10.459276466369628, 'elapsed_sec': 237.01714439690113, 'avg_sec_per_batch': 0.9294789976349064, 'cuda_allocated_mb': 97, 'cuda_reserved_mb': 1206, 'cuda_max_allocated_mb': 1083}
{'event': 'validation_start', 'epoch': 1}
{'event': 'validation_ranking_start', 'epoch': 1, 'max_edges': 30}
{'event': 'epoch_end', 'epoch': 1, 'early_stop_metric': 'val_composite', 'val_score': 0.5601017566416346, 'val_auc': 0.9070884704589844, 'val_ap': 0.7635957286430395, 'val_ndcg': 0.9539442402921904, 'val_mrr': 0.38962709958602093, 'val_hits@1': 0.2833333333333333, 'val_hits@10': 0.55, 'val_hits@50': 0.8, 'val_hits@100': 0.8666666666666667, 'elapsed_sec': 297.03630789741874}
{'event': 'epoch_start', 'epoch': 2, 'epochs': 3, 'batches': 255, 'time_groups': 255}
{'event': 'train_time_group', 'epoch': 2, 'time_group': 1, 'time_groups': 255, 'batch': 0, 'batches': 255, 'time_value': 1388534400.0, 'group_batches': 1, 'history_edges': 0, 'elapsed_sec': 0.056384842842817307, 'cuda_allocated_mb': 87, 'cuda_reserved_mb': 1232, 'cuda_max_allocated_mb': 1083}
{'event': 'train_progress', 'epoch': 2, 'batch': 1, 'batches': 255, 'time_group': 1, 'time_groups': 255, 'history_edges': 0, 'pos_edges': 92, 'neg_edges': 92, 'loss_recent': 7.426870822906494, 'elapsed_sec': 0.646454457193613, 'avg_sec_per_batch': 0.646454457193613, 'cuda_allocated_mb': 91, 'cuda_reserved_mb': 1232, 'cuda_max_allocated_mb': 1083}
{'event': 'train_progress', 'epoch': 2, 'batch': 100, 'batches': 255, 'time_group': 100, 'time_groups': 255, 'history_edges': 19281, 'pos_edges': 210, 'neg_edges': 210, 'loss_recent': 10.308442468643188, 'elapsed_sec': 101.81345704570413, 'avg_sec_per_batch': 1.0181345704570413, 'cuda_allocated_mb': 95, 'cuda_reserved_mb': 1232, 'cuda_max_allocated_mb': 1083}
{'event': 'train_progress', 'epoch': 2, 'batch': 200, 'batches': 255, 'time_group': 200, 'time_groups': 255, 'history_edges': 39468, 'pos_edges': 131, 'neg_edges': 131, 'loss_recent': 9.586613926887512, 'elapsed_sec': 193.97090182453394, 'avg_sec_per_batch': 0.9698545091226697, 'cuda_allocated_mb': 93, 'cuda_reserved_mb': 1232, 'cuda_max_allocated_mb': 1083}
{'event': 'train_time_group', 'epoch': 2, 'time_group': 255, 'time_groups': 255, 'batch': 254, 'batches': 255, 'time_value': 1410480000.0, 'group_batches': 1, 'history_edges': 49740, 'elapsed_sec': 237.67817153781652, 'cuda_allocated_mb': 87, 'cuda_reserved_mb': 1232, 'cuda_max_allocated_mb': 1083}
{'event': 'train_progress', 'epoch': 2, 'batch': 255, 'batches': 255, 'time_group': 255, 'time_groups': 255, 'history_edges': 49740, 'pos_edges': 260, 'neg_edges': 260, 'loss_recent': 9.045089347362518, 'elapsed_sec': 238.46510347351432, 'avg_sec_per_batch': 0.9351572685235856, 'cuda_allocated_mb': 97, 'cuda_reserved_mb': 1232, 'cuda_max_allocated_mb': 1083}
{'event': 'validation_start', 'epoch': 2}
{'event': 'validation_ranking_start', 'epoch': 2, 'max_edges': 30}
{'event': 'epoch_end', 'epoch': 2, 'early_stop_metric': 'val_composite', 'val_score': 0.5621590978381718, 'val_auc': 0.9192546844482421, 'val_ap': 0.7928595236189546, 'val_ndcg': 0.9601166131093698, 'val_mrr': 0.37584488085729223, 'val_hits@1': 0.26666666666666666, 'val_hits@10': 0.5666666666666667, 'val_hits@50': 0.8166666666666667, 'val_hits@100': 0.8666666666666667, 'elapsed_sec': 283.48899522051215}
{'event': 'epoch_start', 'epoch': 3, 'epochs': 3, 'batches': 255, 'time_groups': 255}
{'event': 'train_time_group', 'epoch': 3, 'time_group': 1, 'time_groups': 255, 'batch': 0, 'batches': 255, 'time_value': 1388534400.0, 'group_batches': 1, 'history_edges': 0, 'elapsed_sec': 0.039528921246528625, 'cuda_allocated_mb': 87, 'cuda_reserved_mb': 1232, 'cuda_max_allocated_mb': 1083}
{'event': 'train_progress', 'epoch': 3, 'batch': 1, 'batches': 255, 'time_group': 1, 'time_groups': 255, 'history_edges': 0, 'pos_edges': 92, 'neg_edges': 92, 'loss_recent': 7.0808186531066895, 'elapsed_sec': 0.4226216860115528, 'avg_sec_per_batch': 0.4226216860115528, 'cuda_allocated_mb': 91, 'cuda_reserved_mb': 1232, 'cuda_max_allocated_mb': 1083}
{'event': 'train_progress', 'epoch': 3, 'batch': 100, 'batches': 255, 'time_group': 100, 'time_groups': 255, 'history_edges': 19281, 'pos_edges': 210, 'neg_edges': 210, 'loss_recent': 9.204702756404878, 'elapsed_sec': 57.04861454665661, 'avg_sec_per_batch': 0.5704861454665661, 'cuda_allocated_mb': 95, 'cuda_reserved_mb': 1232, 'cuda_max_allocated_mb': 1083}
{'event': 'train_progress', 'epoch': 3, 'batch': 200, 'batches': 255, 'time_group': 200, 'time_groups': 255, 'history_edges': 39468, 'pos_edges': 131, 'neg_edges': 131, 'loss_recent': 8.413115038871766, 'elapsed_sec': 108.83776291832328, 'avg_sec_per_batch': 0.5441888145916164, 'cuda_allocated_mb': 93, 'cuda_reserved_mb': 1232, 'cuda_max_allocated_mb': 1083}
{'event': 'train_time_group', 'epoch': 3, 'time_group': 255, 'time_groups': 255, 'batch': 254, 'batches': 255, 'time_value': 1410480000.0, 'group_batches': 1, 'history_edges': 49740, 'elapsed_sec': 140.99493190273643, 'cuda_allocated_mb': 87, 'cuda_reserved_mb': 1232, 'cuda_max_allocated_mb': 1083}
{'event': 'train_progress', 'epoch': 3, 'batch': 255, 'batches': 255, 'time_group': 255, 'time_groups': 255, 'history_edges': 49740, 'pos_edges': 260, 'neg_edges': 260, 'loss_recent': 7.9233964872360225, 'elapsed_sec': 141.7599399536848, 'avg_sec_per_batch': 0.5559213331517051, 'cuda_allocated_mb': 97, 'cuda_reserved_mb': 1232, 'cuda_max_allocated_mb': 1083}
{'event': 'validation_start', 'epoch': 3}
{'event': 'validation_ranking_start', 'epoch': 3, 'max_edges': 30}
{'event': 'epoch_end', 'epoch': 3, 'early_stop_metric': 'val_composite', 'val_score': 0.556593953195252, 'val_auc': 0.920088577270508, 'val_ap': 0.7929664981675782, 'val_ndcg': 0.9601580666417767, 'val_mrr': 0.3712574858848244, 'val_hits@1': 0.25, 'val_hits@10': 0.55, 'val_hits@50': 0.7833333333333333, 'val_hits@100': 0.85, 'elapsed_sec': 187.41060135141015}
{'candidate': 'global_relpop_frozen_enhanced_probe_h96_r12_a12_p4x4_l1_neg1_lr0p001_hp1_relpopfix48_sr0p05_sa0p001_rl0p001_m0_bpr', 'seed': 1, 'composite': nan, 'val_auc': 0.9192546844482421, 'val_ap': 0.7928595236189546, 'val_ndcg': 0.9601166131093698, 'val_mrr': 0.37584488085729223, 'val_hits@1': 0.26666666666666666, 'val_hits@10': 0.5666666666666667, 'val_hits@50': 0.8166666666666667, 'val_hits@100': 0.8666666666666667, 'train_loss': 9.653621898912917, 'train_lp': 0.37113887445599425, 'train_align': 1742.9745457069546, 'train_kl': 5646.705271522672, 'train_ood_reg': 0.2215974378819559, 'train_meta': 0.36732550739657643, 'train_struct_aux': 0.8817844615263097, 'train_weighted_align': 8.714872508890489, 'train_weighted_kl': 0.5646705126061159, 'train_weighted_ood_reg': 0.00022159744831322527, 'train_weighted_meta': 0.0018366274913526415, 'train_weighted_struct_aux': 0.0008817845052701658, 'train_rank': 0.1724532725033807, 'train_weighted_rank': 0.0001724532806667198}
{'event': 'candidate_summary', 'candidate': 'global_relpop_frozen_enhanced_probe_h96_r12_a12_p4x4_l1_neg1_lr0p001_hp1_relpopfix48_sr0p05_sa0p001_rl0p001_m0_bpr', 'score': 0.5621590978381718, 'passes_metric_minima': True, 'means': {'val_auc': 0.9192546844482421, 'val_ap': 0.7928595236189546, 'val_mrr': 0.37584488085729223, 'val_hits@10': 0.5666666666666667, 'val_ndcg': 0.9601166131093698}, 'seeds_completed': 1}
{'event': 'candidate_seed_start', 'candidate': 'global_relpop_frozen_enhanced_probe_h96_r12_a12_p4x4_l1_neg1_lr0p001_hp1_relpopfix48_sr0p01_sa0p001_rl0p005_m0_bpr', 'seed': 1, 'device': 'cuda', 'node_text_device': 'cuda:0'}
{'event': 'train_seed_start', 'seed': 1, 'train_edges': 50000, 'val_edges': 14592, 'test_edges': 14378, 'num_nodes': 7128, 'num_relations': 230}
{'event': 'train_seed_tensors_ready', 'seed': 1, 'elapsed_sec': 0.020875316113233566, 'cuda_allocated_mb': 37, 'cuda_reserved_mb': 64, 'cuda_max_allocated_mb': 1083}
{'event': 'train_known_facts_ready', 'seed': 1, 'scope': 'train', 'edges': 50000, 'elapsed_sec': 0.026970796287059784}
{'event': 'train_known_facts_ready', 'seed': 1, 'scope': 'train_val', 'edges': 64592, 'elapsed_sec': 0.034530557692050934}
{'event': 'train_sampler_ready', 'seed': 1, 'elapsed_sec': 0.10827969759702682}
{'event': 'val_sampler_ready', 'seed': 1, 'elapsed_sec': 0.17894930392503738}
{'event': 'epoch_start', 'epoch': 1, 'epochs': 3, 'batches': 255, 'time_groups': 255}
{'event': 'train_time_group', 'epoch': 1, 'time_group': 1, 'time_groups': 255, 'batch': 0, 'batches': 255, 'time_value': 1388534400.0, 'group_batches': 1, 'history_edges': 0, 'elapsed_sec': 0.015422001481056213, 'cuda_allocated_mb': 39, 'cuda_reserved_mb': 64, 'cuda_max_allocated_mb': 1083}
{'event': 'train_progress', 'epoch': 1, 'batch': 1, 'batches': 255, 'time_group': 1, 'time_groups': 255, 'history_edges': 0, 'pos_edges': 92, 'neg_edges': 92, 'loss_recent': 6.85100793838501, 'elapsed_sec': 0.4869694449007511, 'avg_sec_per_batch': 0.4869694449007511, 'cuda_allocated_mb': 90, 'cuda_reserved_mb': 170, 'cuda_max_allocated_mb': 1083}
{'event': 'train_progress', 'epoch': 1, 'batch': 100, 'batches': 255, 'time_group': 100, 'time_groups': 255, 'history_edges': 19281, 'pos_edges': 210, 'neg_edges': 210, 'loss_recent': 12.211981039047242, 'elapsed_sec': 76.2513678111136, 'avg_sec_per_batch': 0.7625136781111359, 'cuda_allocated_mb': 95, 'cuda_reserved_mb': 666, 'cuda_max_allocated_mb': 1083}
{'event': 'train_progress', 'epoch': 1, 'batch': 200, 'batches': 255, 'time_group': 200, 'time_groups': 255, 'history_edges': 39468, 'pos_edges': 131, 'neg_edges': 131, 'loss_recent': 11.217448873519897, 'elapsed_sec': 148.56703098118305, 'avg_sec_per_batch': 0.7428351549059152, 'cuda_allocated_mb': 93, 'cuda_reserved_mb': 1026, 'cuda_max_allocated_mb': 1083}
{'event': 'train_time_group', 'epoch': 1, 'time_group': 255, 'time_groups': 255, 'batch': 254, 'batches': 255, 'time_value': 1410480000.0, 'group_batches': 1, 'history_edges': 49740, 'elapsed_sec': 185.5357273183763, 'cuda_allocated_mb': 87, 'cuda_reserved_mb': 1206, 'cuda_max_allocated_mb': 1083}
{'event': 'train_progress', 'epoch': 1, 'batch': 255, 'batches': 255, 'time_group': 255, 'time_groups': 255, 'history_edges': 49740, 'pos_edges': 260, 'neg_edges': 260, 'loss_recent': 10.45845052242279, 'elapsed_sec': 186.31455978751183, 'avg_sec_per_batch': 0.7306453325000464, 'cuda_allocated_mb': 97, 'cuda_reserved_mb': 1206, 'cuda_max_allocated_mb': 1083}
{'event': 'validation_start', 'epoch': 1}
{'event': 'validation_ranking_start', 'epoch': 1, 'max_edges': 30}
{'event': 'epoch_end', 'epoch': 1, 'early_stop_metric': 'val_composite', 'val_score': 0.5647532999139494, 'val_auc': 0.9076229095458984, 'val_ap': 0.7655775770043742, 'val_ndcg': 0.9543494396881099, 'val_mrr': 0.3915344811677081, 'val_hits@1': 0.2833333333333333, 'val_hits@10': 0.5666666666666667, 'val_hits@50': 0.8, 'val_hits@100': 0.85, 'elapsed_sec': 231.25040131807327}
{'event': 'epoch_start', 'epoch': 2, 'epochs': 3, 'batches': 255, 'time_groups': 255}
{'event': 'train_time_group', 'epoch': 2, 'time_group': 1, 'time_groups': 255, 'batch': 0, 'batches': 255, 'time_value': 1388534400.0, 'group_batches': 1, 'history_edges': 0, 'elapsed_sec': 0.045640066266059875, 'cuda_allocated_mb': 87, 'cuda_reserved_mb': 1232, 'cuda_max_allocated_mb': 1083}
{'event': 'train_progress', 'epoch': 2, 'batch': 1, 'batches': 255, 'time_group': 1, 'time_groups': 255, 'history_edges': 0, 'pos_edges': 92, 'neg_edges': 92, 'loss_recent': 7.432713031768799, 'elapsed_sec': 0.39187824353575706, 'avg_sec_per_batch': 0.39187824353575706, 'cuda_allocated_mb': 91, 'cuda_reserved_mb': 1232, 'cuda_max_allocated_mb': 1083}
{'event': 'train_progress', 'epoch': 2, 'batch': 100, 'batches': 255, 'time_group': 100, 'time_groups': 255, 'history_edges': 19281, 'pos_edges': 210, 'neg_edges': 210, 'loss_recent': 10.308689732551574, 'elapsed_sec': 48.81473918259144, 'avg_sec_per_batch': 0.4881473918259144, 'cuda_allocated_mb': 95, 'cuda_reserved_mb': 1232, 'cuda_max_allocated_mb': 1083}
{'event': 'train_progress', 'epoch': 2, 'batch': 200, 'batches': 255, 'time_group': 200, 'time_groups': 255, 'history_edges': 39468, 'pos_edges': 131, 'neg_edges': 131, 'loss_recent': 9.5861767911911, 'elapsed_sec': 121.31085496023297, 'avg_sec_per_batch': 0.6065542748011649, 'cuda_allocated_mb': 93, 'cuda_reserved_mb': 1232, 'cuda_max_allocated_mb': 1083}
{'event': 'train_time_group', 'epoch': 2, 'time_group': 255, 'time_groups': 255, 'batch': 254, 'batches': 255, 'time_value': 1410480000.0, 'group_batches': 1, 'history_edges': 49740, 'elapsed_sec': 165.93899893388152, 'cuda_allocated_mb': 87, 'cuda_reserved_mb': 1232, 'cuda_max_allocated_mb': 1083}
{'event': 'train_progress', 'epoch': 2, 'batch': 255, 'batches': 255, 'time_group': 255, 'time_groups': 255, 'history_edges': 49740, 'pos_edges': 260, 'neg_edges': 260, 'loss_recent': 9.044763276576996, 'elapsed_sec': 166.60199649631977, 'avg_sec_per_batch': 0.6533411627306658, 'cuda_allocated_mb': 97, 'cuda_reserved_mb': 1232, 'cuda_max_allocated_mb': 1083}
{'event': 'validation_start', 'epoch': 2}
{'event': 'validation_ranking_start', 'epoch': 2, 'max_edges': 30}
{'event': 'epoch_end', 'epoch': 2, 'early_stop_metric': 'val_composite', 'val_score': 0.5627625579199018, 'val_auc': 0.919527816772461, 'val_ap': 0.7937242787453279, 'val_ndcg': 0.960290088686561, 'val_mrr': 0.3767303661349804, 'val_hits@1': 0.26666666666666666, 'val_hits@10': 0.5666666666666667, 'val_hits@50': 0.8333333333333334, 'val_hits@100': 0.8666666666666667, 'elapsed_sec': 210.22492872551084}
{'event': 'epoch_start', 'epoch': 3, 'epochs': 3, 'batches': 255, 'time_groups': 255}
{'event': 'train_time_group', 'epoch': 3, 'time_group': 1, 'time_groups': 255, 'batch': 0, 'batches': 255, 'time_value': 1388534400.0, 'group_batches': 1, 'history_edges': 0, 'elapsed_sec': 0.048520397394895554, 'cuda_allocated_mb': 87, 'cuda_reserved_mb': 1232, 'cuda_max_allocated_mb': 1083}
{'event': 'train_progress', 'epoch': 3, 'batch': 1, 'batches': 255, 'time_group': 1, 'time_groups': 255, 'history_edges': 0, 'pos_edges': 92, 'neg_edges': 92, 'loss_recent': 7.07647180557251, 'elapsed_sec': 0.5664354935288429, 'avg_sec_per_batch': 0.5664354935288429, 'cuda_allocated_mb': 91, 'cuda_reserved_mb': 1232, 'cuda_max_allocated_mb': 1083}
{'event': 'train_progress', 'epoch': 3, 'batch': 100, 'batches': 255, 'time_group': 100, 'time_groups': 255, 'history_edges': 19281, 'pos_edges': 210, 'neg_edges': 210, 'loss_recent': 9.205424134731294, 'elapsed_sec': 59.98104474693537, 'avg_sec_per_batch': 0.5998104474693536, 'cuda_allocated_mb': 95, 'cuda_reserved_mb': 1232, 'cuda_max_allocated_mb': 1083}
{'event': 'train_progress', 'epoch': 3, 'batch': 200, 'batches': 255, 'time_group': 200, 'time_groups': 255, 'history_edges': 39468, 'pos_edges': 131, 'neg_edges': 131, 'loss_recent': 8.413374092578888, 'elapsed_sec': 117.70605102553964, 'avg_sec_per_batch': 0.5885302551276982, 'cuda_allocated_mb': 93, 'cuda_reserved_mb': 1232, 'cuda_max_allocated_mb': 1083}
{'event': 'train_time_group', 'epoch': 3, 'time_group': 255, 'time_groups': 255, 'batch': 254, 'batches': 255, 'time_value': 1410480000.0, 'group_batches': 1, 'history_edges': 49740, 'elapsed_sec': 151.71346992999315, 'cuda_allocated_mb': 87, 'cuda_reserved_mb': 1232, 'cuda_max_allocated_mb': 1083}
{'event': 'train_progress', 'epoch': 3, 'batch': 255, 'batches': 255, 'time_group': 255, 'time_groups': 255, 'history_edges': 49740, 'pos_edges': 260, 'neg_edges': 260, 'loss_recent': 7.923477005958557, 'elapsed_sec': 152.43446503952146, 'avg_sec_per_batch': 0.5977822158412606, 'cuda_allocated_mb': 97, 'cuda_reserved_mb': 1232, 'cuda_max_allocated_mb': 1083}
{'event': 'validation_start', 'epoch': 3}
{'event': 'validation_ranking_start', 'epoch': 3, 'max_edges': 30}
{'event': 'epoch_end', 'epoch': 3, 'early_stop_metric': 'val_composite', 'val_score': 0.5556486852497213, 'val_auc': 0.9201454162597655, 'val_ap': 0.7933926173378278, 'val_ndcg': 0.9602454055754435, 'val_mrr': 0.36921596255702893, 'val_hits@1': 0.25, 'val_hits@10': 0.55, 'val_hits@50': 0.7833333333333333, 'val_hits@100': 0.85, 'elapsed_sec': 194.45849588140845}
{'candidate': 'global_relpop_frozen_enhanced_probe_h96_r12_a12_p4x4_l1_neg1_lr0p001_hp1_relpopfix48_sr0p01_sa0p001_rl0p005_m0_bpr', 'seed': 1, 'composite': nan, 'val_auc': 0.9076229095458984, 'val_ap': 0.7655775770043742, 'val_ndcg': 0.9543494396881099, 'val_mrr': 0.3915344811677081, 'val_hits@1': 0.2833333333333333, 'val_hits@10': 0.5666666666666667, 'val_hits@50': 0.8, 'val_hits@100': 0.85, 'train_loss': 11.325133202122707, 'train_lp': 0.40915467651451337, 'train_align': 2096.804789943321, 'train_kl': 4290.324395392923, 'train_ood_reg': 0.23102360414523704, 'train_meta': 0.41315952837467196, 'train_struct_aux': 0.6255270291777218, 'train_weighted_align': 10.484023716870476, 'train_weighted_kl': 0.429032428708731, 'train_weighted_ood_reg': 0.00023102361489744748, 'train_weighted_meta': 0.002065797594567651, 'train_weighted_struct_aux': 0.0006255270583399882, 'train_rank': 0.19903609692758206, 'train_weighted_rank': 0.0009951804651577463}
{'event': 'candidate_summary', 'candidate': 'global_relpop_frozen_enhanced_probe_h96_r12_a12_p4x4_l1_neg1_lr0p001_hp1_relpopfix48_sr0p01_sa0p001_rl0p005_m0_bpr', 'score': 0.5647532999139494, 'passes_metric_minima': True, 'means': {'val_auc': 0.9076229095458984, 'val_ap': 0.7655775770043742, 'val_mrr': 0.3915344811677081, 'val_hits@10': 0.5666666666666667, 'val_ndcg': 0.9543494396881099}, 'seeds_completed': 1}
{'event': 'candidate_seed_start', 'candidate': 'global_relpop_frozen_enhanced_probe_h96_r12_a12_p4x4_l1_neg1_lr0p001_hp1_relpopfix48_sr0p05_sa0p001_rl0p005_m0_bpr', 'seed': 1, 'device': 'cuda', 'node_text_device': 'cuda:0'}
{'event': 'train_seed_start', 'seed': 1, 'train_edges': 50000, 'val_edges': 14592, 'test_edges': 14378, 'num_nodes': 7128, 'num_relations': 230}
{'event': 'train_seed_tensors_ready', 'seed': 1, 'elapsed_sec': 0.01883712410926819, 'cuda_allocated_mb': 37, 'cuda_reserved_mb': 64, 'cuda_max_allocated_mb': 1083}
{'event': 'train_known_facts_ready', 'seed': 1, 'scope': 'train', 'edges': 50000, 'elapsed_sec': 0.025027699768543243}
{'event': 'train_known_facts_ready', 'seed': 1, 'scope': 'train_val', 'edges': 64592, 'elapsed_sec': 0.03156586363911629}
{'event': 'train_sampler_ready', 'seed': 1, 'elapsed_sec': 0.10244955494999886}
{'event': 'val_sampler_ready', 'seed': 1, 'elapsed_sec': 0.174463152885437}
{'event': 'epoch_start', 'epoch': 1, 'epochs': 3, 'batches': 255, 'time_groups': 255}
{'event': 'train_time_group', 'epoch': 1, 'time_group': 1, 'time_groups': 255, 'batch': 0, 'batches': 255, 'time_value': 1388534400.0, 'group_batches': 1, 'history_edges': 0, 'elapsed_sec': 0.0136495903134346, 'cuda_allocated_mb': 39, 'cuda_reserved_mb': 64, 'cuda_max_allocated_mb': 1083}
{'event': 'train_progress', 'epoch': 1, 'batch': 1, 'batches': 255, 'time_group': 1, 'time_groups': 255, 'history_edges': 0, 'pos_edges': 92, 'neg_edges': 92, 'loss_recent': 6.851290702819824, 'elapsed_sec': 0.29095034301280975, 'avg_sec_per_batch': 0.29095034301280975, 'cuda_allocated_mb': 90, 'cuda_reserved_mb': 170, 'cuda_max_allocated_mb': 1083}
{'event': 'train_progress', 'epoch': 1, 'batch': 100, 'batches': 255, 'time_group': 100, 'time_groups': 255, 'history_edges': 19281, 'pos_edges': 210, 'neg_edges': 210, 'loss_recent': 12.211626081466674, 'elapsed_sec': 55.765926260501146, 'avg_sec_per_batch': 0.5576592626050114, 'cuda_allocated_mb': 95, 'cuda_reserved_mb': 666, 'cuda_max_allocated_mb': 1083}
{'event': 'train_progress', 'epoch': 1, 'batch': 200, 'batches': 255, 'time_group': 200, 'time_groups': 255, 'history_edges': 39468, 'pos_edges': 131, 'neg_edges': 131, 'loss_recent': 11.21764500617981, 'elapsed_sec': 121.9548268057406, 'avg_sec_per_batch': 0.609774134028703, 'cuda_allocated_mb': 93, 'cuda_reserved_mb': 1026, 'cuda_max_allocated_mb': 1083}
{'event': 'train_time_group', 'epoch': 1, 'time_group': 255, 'time_groups': 255, 'batch': 254, 'batches': 255, 'time_value': 1410480000.0, 'group_batches': 1, 'history_edges': 49740, 'elapsed_sec': 156.8883700966835, 'cuda_allocated_mb': 87, 'cuda_reserved_mb': 1206, 'cuda_max_allocated_mb': 1083}
{'event': 'train_progress', 'epoch': 1, 'batch': 255, 'batches': 255, 'time_group': 255, 'time_groups': 255, 'history_edges': 49740, 'pos_edges': 260, 'neg_edges': 260, 'loss_recent': 10.459287428855896, 'elapsed_sec': 157.5678500123322, 'avg_sec_per_batch': 0.6179131373032636, 'cuda_allocated_mb': 97, 'cuda_reserved_mb': 1206, 'cuda_max_allocated_mb': 1083}
{'event': 'validation_start', 'epoch': 1}
{'event': 'validation_ranking_start', 'epoch': 1, 'max_edges': 30}
{'event': 'epoch_end', 'epoch': 1, 'early_stop_metric': 'val_composite', 'val_score': 0.5600790453073983, 'val_auc': 0.9070526123046875, 'val_ap': 0.7634751559269174, 'val_ndcg': 0.9539208441529066, 'val_mrr': 0.3896261137756712, 'val_hits@1': 0.2833333333333333, 'val_hits@10': 0.55, 'val_hits@50': 0.8, 'val_hits@100': 0.8666666666666667, 'elapsed_sec': 198.9143370874226}
{'event': 'epoch_start', 'epoch': 2, 'epochs': 3, 'batches': 255, 'time_groups': 255}
{'event': 'train_time_group', 'epoch': 2, 'time_group': 1, 'time_groups': 255, 'batch': 0, 'batches': 255, 'time_value': 1388534400.0, 'group_batches': 1, 'history_edges': 0, 'elapsed_sec': 0.039916038513183594, 'cuda_allocated_mb': 87, 'cuda_reserved_mb': 1232, 'cuda_max_allocated_mb': 1083}
{'event': 'train_progress', 'epoch': 2, 'batch': 1, 'batches': 255, 'time_group': 1, 'time_groups': 255, 'history_edges': 0, 'pos_edges': 92, 'neg_edges': 92, 'loss_recent': 7.428379535675049, 'elapsed_sec': 0.3377574644982815, 'avg_sec_per_batch': 0.3377574644982815, 'cuda_allocated_mb': 91, 'cuda_reserved_mb': 1232, 'cuda_max_allocated_mb': 1083}
{'event': 'train_progress', 'epoch': 2, 'batch': 100, 'batches': 255, 'time_group': 100, 'time_groups': 255, 'history_edges': 19281, 'pos_edges': 210, 'neg_edges': 210, 'loss_recent': 10.308472495079041, 'elapsed_sec': 62.33546082302928, 'avg_sec_per_batch': 0.6233546082302928, 'cuda_allocated_mb': 95, 'cuda_reserved_mb': 1232, 'cuda_max_allocated_mb': 1083}
{'event': 'train_progress', 'epoch': 2, 'batch': 200, 'batches': 255, 'time_group': 200, 'time_groups': 255, 'history_edges': 39468, 'pos_edges': 131, 'neg_edges': 131, 'loss_recent': 9.586673583984375, 'elapsed_sec': 148.70956253632903, 'avg_sec_per_batch': 0.7435478126816452, 'cuda_allocated_mb': 93, 'cuda_reserved_mb': 1232, 'cuda_max_allocated_mb': 1083}
{'event': 'train_time_group', 'epoch': 2, 'time_group': 255, 'time_groups': 255, 'batch': 254, 'batches': 255, 'time_value': 1410480000.0, 'group_batches': 1, 'history_edges': 49740, 'elapsed_sec': 194.6325508505106, 'cuda_allocated_mb': 87, 'cuda_reserved_mb': 1232, 'cuda_max_allocated_mb': 1083}
{'event': 'train_progress', 'epoch': 2, 'batch': 255, 'batches': 255, 'time_group': 255, 'time_groups': 255, 'history_edges': 49740, 'pos_edges': 260, 'neg_edges': 260, 'loss_recent': 9.045181334018707, 'elapsed_sec': 195.61415978893638, 'avg_sec_per_batch': 0.767114352113476, 'cuda_allocated_mb': 97, 'cuda_reserved_mb': 1232, 'cuda_max_allocated_mb': 1083}
{'event': 'validation_start', 'epoch': 2}
{'event': 'validation_ranking_start', 'epoch': 2, 'max_edges': 30}
{'event': 'epoch_end', 'epoch': 2, 'early_stop_metric': 'val_composite', 'val_score': 0.5621438998858248, 'val_auc': 0.9192455291748047, 'val_ap': 0.7927537699970826, 'val_ndcg': 0.9600986912386618, 'val_mrr': 0.37585071094064515, 'val_hits@1': 0.26666666666666666, 'val_hits@10': 0.5666666666666667, 'val_hits@50': 0.8166666666666667, 'val_hits@100': 0.8666666666666667, 'elapsed_sec': 243.14482594281435}
{'event': 'epoch_start', 'epoch': 3, 'epochs': 3, 'batches': 255, 'time_groups': 255}
{'event': 'train_time_group', 'epoch': 3, 'time_group': 1, 'time_groups': 255, 'batch': 0, 'batches': 255, 'time_value': 1388534400.0, 'group_batches': 1, 'history_edges': 0, 'elapsed_sec': 0.041768766939640045, 'cuda_allocated_mb': 87, 'cuda_reserved_mb': 1232, 'cuda_max_allocated_mb': 1083}
{'event': 'train_progress', 'epoch': 3, 'batch': 1, 'batches': 255, 'time_group': 1, 'time_groups': 255, 'history_edges': 0, 'pos_edges': 92, 'neg_edges': 92, 'loss_recent': 7.083131790161133, 'elapsed_sec': 0.3769053593277931, 'avg_sec_per_batch': 0.3769053593277931, 'cuda_allocated_mb': 91, 'cuda_reserved_mb': 1232, 'cuda_max_allocated_mb': 1083}
{'event': 'train_progress', 'epoch': 3, 'batch': 100, 'batches': 255, 'time_group': 100, 'time_groups': 255, 'history_edges': 19281, 'pos_edges': 210, 'neg_edges': 210, 'loss_recent': 9.204809396266937, 'elapsed_sec': 47.05023030564189, 'avg_sec_per_batch': 0.4705023030564189, 'cuda_allocated_mb': 95, 'cuda_reserved_mb': 1232, 'cuda_max_allocated_mb': 1083}
{'event': 'train_progress', 'epoch': 3, 'batch': 200, 'batches': 255, 'time_group': 200, 'time_groups': 255, 'history_edges': 39468, 'pos_edges': 131, 'neg_edges': 131, 'loss_recent': 8.413219501972199, 'elapsed_sec': 101.47194978967309, 'avg_sec_per_batch': 0.5073597489483654, 'cuda_allocated_mb': 93, 'cuda_reserved_mb': 1232, 'cuda_max_allocated_mb': 1083}
{'event': 'train_time_group', 'epoch': 3, 'time_group': 255, 'time_groups': 255, 'batch': 254, 'batches': 255, 'time_value': 1410480000.0, 'group_batches': 1, 'history_edges': 49740, 'elapsed_sec': 131.89714033156633, 'cuda_allocated_mb': 87, 'cuda_reserved_mb': 1232, 'cuda_max_allocated_mb': 1083}
{'event': 'train_progress', 'epoch': 3, 'batch': 255, 'batches': 255, 'time_group': 255, 'time_groups': 255, 'history_edges': 49740, 'pos_edges': 260, 'neg_edges': 260, 'loss_recent': 7.9235347509384155, 'elapsed_sec': 132.39036768302321, 'avg_sec_per_batch': 0.5191779124824439, 'cuda_allocated_mb': 97, 'cuda_reserved_mb': 1232, 'cuda_max_allocated_mb': 1083}
{'event': 'validation_start', 'epoch': 3}
{'event': 'validation_ranking_start', 'epoch': 3, 'max_edges': 30}
{'event': 'epoch_end', 'epoch': 3, 'early_stop_metric': 'val_composite', 'val_score': 0.5565897776557401, 'val_auc': 0.9200641632080078, 'val_ap': 0.7928480940949174, 'val_ndcg': 0.9601372672007875, 'val_mrr': 0.3712912573220467, 'val_hits@1': 0.25, 'val_hits@10': 0.55, 'val_hits@50': 0.7833333333333333, 'val_hits@100': 0.85, 'elapsed_sec': 168.20580384507775}
{'candidate': 'global_relpop_frozen_enhanced_probe_h96_r12_a12_p4x4_l1_neg1_lr0p001_hp1_relpopfix48_sr0p05_sa0p001_rl0p005_m0_bpr', 'seed': 1, 'composite': nan, 'val_auc': 0.9192455291748047, 'val_ap': 0.7927537699970826, 'val_ndcg': 0.9600986912386618, 'val_mrr': 0.37585071094064515, 'val_hits@1': 0.26666666666666666, 'val_hits@10': 0.5666666666666667, 'val_hits@50': 0.8166666666666667, 'val_hits@100': 0.8666666666666667, 'train_loss': 9.653680604111914, 'train_lp': 0.3711870801215078, 'train_align': 1742.9765457452513, 'train_kl': 5646.7034227558215, 'train_ood_reg': 0.22157681502547918, 'train_meta': 0.3673672042056626, 'train_struct_aux': 0.8822727836814581, 'train_weighted_align': 8.71488252247081, 'train_weighted_kl': 0.5646703272473579, 'train_weighted_ood_reg': 0.00022157682579549432, 'train_weighted_meta': 0.0018368359797807667, 'train_weighted_struct_aux': 0.0008822728270281325, 'train_rank': 0.17228291131117765, 'train_weighted_rank': 0.0008614145392807675}
{'event': 'candidate_summary', 'candidate': 'global_relpop_frozen_enhanced_probe_h96_r12_a12_p4x4_l1_neg1_lr0p001_hp1_relpopfix48_sr0p05_sa0p001_rl0p005_m0_bpr', 'score': 0.5621438998858248, 'passes_metric_minima': True, 'means': {'val_auc': 0.9192455291748047, 'val_ap': 0.7927537699970826, 'val_mrr': 0.37585071094064515, 'val_hits@10': 0.5666666666666667, 'val_ndcg': 0.9600986912386618}, 'seeds_completed': 1}
{'event': 'candidate_seed_start', 'candidate': 'global_relpop_frozen_enhanced_probe_h96_r12_a12_p4x4_l1_neg1_lr0p001_hp2_relpopfix48_sr0p01_sa0p001_rl0p001_m0_bpr', 'seed': 1, 'device': 'cuda', 'node_text_device': 'cuda:0'}
{'event': 'train_seed_start', 'seed': 1, 'train_edges': 50000, 'val_edges': 14592, 'test_edges': 14378, 'num_nodes': 7128, 'num_relations': 230}
{'event': 'train_seed_tensors_ready', 'seed': 1, 'elapsed_sec': 0.033851392567157745, 'cuda_allocated_mb': 37, 'cuda_reserved_mb': 64, 'cuda_max_allocated_mb': 1083}
{'event': 'train_known_facts_ready', 'seed': 1, 'scope': 'train', 'edges': 50000, 'elapsed_sec': 0.03969467431306839}
{'event': 'train_known_facts_ready', 'seed': 1, 'scope': 'train_val', 'edges': 64592, 'elapsed_sec': 0.04613221064209938}
{'event': 'train_sampler_ready', 'seed': 1, 'elapsed_sec': 0.12431532889604568}
{'event': 'val_sampler_ready', 'seed': 1, 'elapsed_sec': 0.20110034570097923}
{'event': 'epoch_start', 'epoch': 1, 'epochs': 3, 'batches': 255, 'time_groups': 255}
{'event': 'train_time_group', 'epoch': 1, 'time_group': 1, 'time_groups': 255, 'batch': 0, 'batches': 255, 'time_value': 1388534400.0, 'group_batches': 1, 'history_edges': 0, 'elapsed_sec': 0.016167763620615005, 'cuda_allocated_mb': 39, 'cuda_reserved_mb': 64, 'cuda_max_allocated_mb': 1083}
{'event': 'train_progress', 'epoch': 1, 'batch': 1, 'batches': 255, 'time_group': 1, 'time_groups': 255, 'history_edges': 0, 'pos_edges': 92, 'neg_edges': 92, 'loss_recent': 6.85100793838501, 'elapsed_sec': 0.5915465168654919, 'avg_sec_per_batch': 0.5915465168654919, 'cuda_allocated_mb': 90, 'cuda_reserved_mb': 170, 'cuda_max_allocated_mb': 1083}
{'event': 'train_progress', 'epoch': 1, 'batch': 100, 'batches': 255, 'time_group': 100, 'time_groups': 255, 'history_edges': 19281, 'pos_edges': 210, 'neg_edges': 210, 'loss_recent': 12.228767619132995, 'elapsed_sec': 79.1254898197949, 'avg_sec_per_batch': 0.7912548981979489, 'cuda_allocated_mb': 95, 'cuda_reserved_mb': 666, 'cuda_max_allocated_mb': 1083}
{'event': 'train_progress', 'epoch': 1, 'batch': 200, 'batches': 255, 'time_group': 200, 'time_groups': 255, 'history_edges': 39468, 'pos_edges': 131, 'neg_edges': 131, 'loss_recent': 11.2488938331604, 'elapsed_sec': 161.63451610133052, 'avg_sec_per_batch': 0.8081725805066526, 'cuda_allocated_mb': 93, 'cuda_reserved_mb': 1026, 'cuda_max_allocated_mb': 1083}
{'event': 'train_time_group', 'epoch': 1, 'time_group': 255, 'time_groups': 255, 'batch': 254, 'batches': 255, 'time_value': 1410480000.0, 'group_batches': 1, 'history_edges': 49740, 'elapsed_sec': 192.02107393741608, 'cuda_allocated_mb': 87, 'cuda_reserved_mb': 1206, 'cuda_max_allocated_mb': 1083}
{'event': 'train_progress', 'epoch': 1, 'batch': 255, 'batches': 255, 'time_group': 255, 'time_groups': 255, 'history_edges': 49740, 'pos_edges': 260, 'neg_edges': 260, 'loss_recent': 10.487150688171386, 'elapsed_sec': 192.5472037307918, 'avg_sec_per_batch': 0.7550870734540855, 'cuda_allocated_mb': 97, 'cuda_reserved_mb': 1206, 'cuda_max_allocated_mb': 1083}
{'event': 'validation_start', 'epoch': 1}
{'event': 'validation_ranking_start', 'epoch': 1, 'max_edges': 30}
{'event': 'epoch_end', 'epoch': 1, 'early_stop_metric': 'val_composite', 'val_score': 0.5595427076976204, 'val_auc': 0.9012748718261719, 'val_ap': 0.7607378433650045, 'val_ndcg': 0.9527336971836445, 'val_mrr': 0.3901898357663933, 'val_hits@1': 0.2833333333333333, 'val_hits@10': 0.55, 'val_hits@50': 0.8666666666666667, 'val_hits@100': 0.8833333333333333, 'elapsed_sec': 232.892952747643}
{'event': 'epoch_start', 'epoch': 2, 'epochs': 3, 'batches': 255, 'time_groups': 255}
{'event': 'train_time_group', 'epoch': 2, 'time_group': 1, 'time_groups': 255, 'batch': 0, 'batches': 255, 'time_value': 1388534400.0, 'group_batches': 1, 'history_edges': 0, 'elapsed_sec': 0.049764927476644516, 'cuda_allocated_mb': 87, 'cuda_reserved_mb': 1232, 'cuda_max_allocated_mb': 1083}
{'event': 'train_progress', 'epoch': 2, 'batch': 1, 'batches': 255, 'time_group': 1, 'time_groups': 255, 'history_edges': 0, 'pos_edges': 92, 'neg_edges': 92, 'loss_recent': 7.8589768409729, 'elapsed_sec': 0.4612600840628147, 'avg_sec_per_batch': 0.4612600840628147, 'cuda_allocated_mb': 91, 'cuda_reserved_mb': 1232, 'cuda_max_allocated_mb': 1083}
{'event': 'train_progress', 'epoch': 2, 'batch': 100, 'batches': 255, 'time_group': 100, 'time_groups': 255, 'history_edges': 19281, 'pos_edges': 210, 'neg_edges': 210, 'loss_recent': 10.337961955070496, 'elapsed_sec': 63.74248913675547, 'avg_sec_per_batch': 0.6374248913675546, 'cuda_allocated_mb': 95, 'cuda_reserved_mb': 1232, 'cuda_max_allocated_mb': 1083}
{'event': 'train_progress', 'epoch': 2, 'batch': 200, 'batches': 255, 'time_group': 200, 'time_groups': 255, 'history_edges': 39468, 'pos_edges': 131, 'neg_edges': 131, 'loss_recent': 9.600011477470398, 'elapsed_sec': 129.40320695191622, 'avg_sec_per_batch': 0.6470160347595811, 'cuda_allocated_mb': 93, 'cuda_reserved_mb': 1232, 'cuda_max_allocated_mb': 1083}
{'event': 'train_time_group', 'epoch': 2, 'time_group': 255, 'time_groups': 255, 'batch': 254, 'batches': 255, 'time_value': 1410480000.0, 'group_batches': 1, 'history_edges': 49740, 'elapsed_sec': 159.18297285586596, 'cuda_allocated_mb': 87, 'cuda_reserved_mb': 1232, 'cuda_max_allocated_mb': 1083}
{'event': 'train_progress', 'epoch': 2, 'batch': 255, 'batches': 255, 'time_group': 255, 'time_groups': 255, 'history_edges': 49740, 'pos_edges': 260, 'neg_edges': 260, 'loss_recent': 9.056866104602813, 'elapsed_sec': 159.89087108150125, 'avg_sec_per_batch': 0.6270230238490245, 'cuda_allocated_mb': 97, 'cuda_reserved_mb': 1232, 'cuda_max_allocated_mb': 1083}
{'event': 'validation_start', 'epoch': 2}
{'event': 'validation_ranking_start', 'epoch': 2, 'max_edges': 30}
{'event': 'epoch_end', 'epoch': 2, 'early_stop_metric': 'val_composite', 'val_score': 0.563053275265962, 'val_auc': 0.9167041778564453, 'val_ap': 0.7911000087697546, 'val_ndcg': 0.9595522074441665, 'val_mrr': 0.3785290219598533, 'val_hits@1': 0.26666666666666666, 'val_hits@10': 0.5666666666666667, 'val_hits@50': 0.8666666666666667, 'val_hits@100': 0.8833333333333333, 'elapsed_sec': 206.52398954704404}
{'event': 'epoch_start', 'epoch': 3, 'epochs': 3, 'batches': 255, 'time_groups': 255}
{'event': 'train_time_group', 'epoch': 3, 'time_group': 1, 'time_groups': 255, 'batch': 0, 'batches': 255, 'time_value': 1388534400.0, 'group_batches': 1, 'history_edges': 0, 'elapsed_sec': 0.048309147357940674, 'cuda_allocated_mb': 87, 'cuda_reserved_mb': 1232, 'cuda_max_allocated_mb': 1083}
{'event': 'train_progress', 'epoch': 3, 'batch': 1, 'batches': 255, 'time_group': 1, 'time_groups': 255, 'history_edges': 0, 'pos_edges': 92, 'neg_edges': 92, 'loss_recent': 7.155236721038818, 'elapsed_sec': 0.5048948712646961, 'avg_sec_per_batch': 0.5048948712646961, 'cuda_allocated_mb': 91, 'cuda_reserved_mb': 1232, 'cuda_max_allocated_mb': 1083}
{'event': 'train_progress', 'epoch': 3, 'batch': 100, 'batches': 255, 'time_group': 100, 'time_groups': 255, 'history_edges': 19281, 'pos_edges': 210, 'neg_edges': 210, 'loss_recent': 9.217503998279572, 'elapsed_sec': 82.34079298004508, 'avg_sec_per_batch': 0.8234079298004509, 'cuda_allocated_mb': 95, 'cuda_reserved_mb': 1232, 'cuda_max_allocated_mb': 1083}
{'event': 'train_progress', 'epoch': 3, 'batch': 200, 'batches': 255, 'time_group': 200, 'time_groups': 255, 'history_edges': 39468, 'pos_edges': 131, 'neg_edges': 131, 'loss_recent': 8.423194127082825, 'elapsed_sec': 156.09537241607904, 'avg_sec_per_batch': 0.7804768620803952, 'cuda_allocated_mb': 93, 'cuda_reserved_mb': 1232, 'cuda_max_allocated_mb': 1083}
{'event': 'train_time_group', 'epoch': 3, 'time_group': 255, 'time_groups': 255, 'batch': 254, 'batches': 255, 'time_value': 1410480000.0, 'group_batches': 1, 'history_edges': 49740, 'elapsed_sec': 191.61000975593925, 'cuda_allocated_mb': 87, 'cuda_reserved_mb': 1232, 'cuda_max_allocated_mb': 1083}
{'event': 'train_progress', 'epoch': 3, 'batch': 255, 'batches': 255, 'time_group': 255, 'time_groups': 255, 'history_edges': 49740, 'pos_edges': 260, 'neg_edges': 260, 'loss_recent': 7.929067840576172, 'elapsed_sec': 192.3939337991178, 'avg_sec_per_batch': 0.7544860148985012, 'cuda_allocated_mb': 97, 'cuda_reserved_mb': 1232, 'cuda_max_allocated_mb': 1083}
{'event': 'validation_start', 'epoch': 3}
{'event': 'validation_ranking_start', 'epoch': 3, 'max_edges': 30}
{'event': 'epoch_end', 'epoch': 3, 'early_stop_metric': 'val_composite', 'val_score': 0.5540019496205313, 'val_auc': 0.9194881439208984, 'val_ap': 0.7931474704115821, 'val_ndcg': 0.9600627478762126, 'val_mrr': 0.3660982941502556, 'val_hits@1': 0.25, 'val_hits@10': 0.55, 'val_hits@50': 0.7666666666666667, 'val_hits@100': 0.85, 'elapsed_sec': 232.52331643551588}
{'candidate': 'global_relpop_frozen_enhanced_probe_h96_r12_a12_p4x4_l1_neg1_lr0p001_hp2_relpopfix48_sr0p01_sa0p001_rl0p001_m0_bpr', 'seed': 1, 'composite': nan, 'val_auc': 0.9167041778564453, 'val_ap': 0.7911000087697546, 'val_ndcg': 0.9595522074441665, 'val_mrr': 0.3785290219598533, 'val_hits@1': 0.26666666666666666, 'val_hits@10': 0.5666666666666667, 'val_hits@50': 0.8666666666666667, 'val_hits@100': 0.8833333333333333, 'train_loss': 9.672971649730906, 'train_lp': 0.38951813964282767, 'train_align': 1743.1097280464921, 'train_kl': 5649.706124578738, 'train_ood_reg': 0.22474475327660057, 'train_meta': 0.38199789383832145, 'train_struct_aux': 0.7996816265816782, 'train_weighted_align': 8.715548440521838, 'train_weighted_kl': 0.5649705976247787, 'train_weighted_ood_reg': 0.0002247447642730549, 'train_weighted_meta': 0.0019099894311854287, 'train_weighted_struct_aux': 0.0007996816627507773, 'train_rank': 0.17910119498185084, 'train_weighted_rank': 0.00017910120327096414}
{'event': 'candidate_summary', 'candidate': 'global_relpop_frozen_enhanced_probe_h96_r12_a12_p4x4_l1_neg1_lr0p001_hp2_relpopfix48_sr0p01_sa0p001_rl0p001_m0_bpr', 'score': 0.563053275265962, 'passes_metric_minima': True, 'means': {'val_auc': 0.9167041778564453, 'val_ap': 0.7911000087697546, 'val_mrr': 0.3785290219598533, 'val_hits@10': 0.5666666666666667, 'val_ndcg': 0.9595522074441665}, 'seeds_completed': 1}
{'event': 'candidate_seed_start', 'candidate': 'global_relpop_frozen_enhanced_probe_h96_r12_a12_p4x4_l1_neg1_lr0p001_hp2_relpopfix48_sr0p05_sa0p001_rl0p001_m0_bpr', 'seed': 1, 'device': 'cuda', 'node_text_device': 'cuda:0'}
{'event': 'train_seed_start', 'seed': 1, 'train_edges': 50000, 'val_edges': 14592, 'test_edges': 14378, 'num_nodes': 7128, 'num_relations': 230}
{'event': 'train_seed_tensors_ready', 'seed': 1, 'elapsed_sec': 0.03362281247973442, 'cuda_allocated_mb': 37, 'cuda_reserved_mb': 64, 'cuda_max_allocated_mb': 1083}
{'event': 'train_known_facts_ready', 'seed': 1, 'scope': 'train', 'edges': 50000, 'elapsed_sec': 0.039709944278001785}
{'event': 'train_known_facts_ready', 'seed': 1, 'scope': 'train_val', 'edges': 64592, 'elapsed_sec': 0.046327412128448486}
{'event': 'train_sampler_ready', 'seed': 1, 'elapsed_sec': 0.11715401709079742}
{'event': 'val_sampler_ready', 'seed': 1, 'elapsed_sec': 0.18763960152864456}
{'event': 'epoch_start', 'epoch': 1, 'epochs': 3, 'batches': 255, 'time_groups': 255}
{'event': 'train_time_group', 'epoch': 1, 'time_group': 1, 'time_groups': 255, 'batch': 0, 'batches': 255, 'time_value': 1388534400.0, 'group_batches': 1, 'history_edges': 0, 'elapsed_sec': 0.01500675454735756, 'cuda_allocated_mb': 39, 'cuda_reserved_mb': 64, 'cuda_max_allocated_mb': 1083}
{'event': 'train_progress', 'epoch': 1, 'batch': 1, 'batches': 255, 'time_group': 1, 'time_groups': 255, 'history_edges': 0, 'pos_edges': 92, 'neg_edges': 92, 'loss_recent': 6.851290702819824, 'elapsed_sec': 0.4710255600512028, 'avg_sec_per_batch': 0.4710255600512028, 'cuda_allocated_mb': 90, 'cuda_reserved_mb': 170, 'cuda_max_allocated_mb': 1083}
{'event': 'train_progress', 'epoch': 1, 'batch': 100, 'batches': 255, 'time_group': 100, 'time_groups': 255, 'history_edges': 19281, 'pos_edges': 210, 'neg_edges': 210, 'loss_recent': 12.228480739593506, 'elapsed_sec': 48.37990636005998, 'avg_sec_per_batch': 0.48379906360059977, 'cuda_allocated_mb': 95, 'cuda_reserved_mb': 666, 'cuda_max_allocated_mb': 1083}
{'event': 'train_progress', 'epoch': 1, 'batch': 200, 'batches': 255, 'time_group': 200, 'time_groups': 255, 'history_edges': 39468, 'pos_edges': 131, 'neg_edges': 131, 'loss_recent': 11.24878101348877, 'elapsed_sec': 102.90626963227987, 'avg_sec_per_batch': 0.5145313481613993, 'cuda_allocated_mb': 93, 'cuda_reserved_mb': 1026, 'cuda_max_allocated_mb': 1083}
{'event': 'train_time_group', 'epoch': 1, 'time_group': 255, 'time_groups': 255, 'batch': 254, 'batches': 255, 'time_value': 1410480000.0, 'group_batches': 1, 'history_edges': 49740, 'elapsed_sec': 133.3878287486732, 'cuda_allocated_mb': 87, 'cuda_reserved_mb': 1206, 'cuda_max_allocated_mb': 1083}
{'event': 'train_progress', 'epoch': 1, 'batch': 255, 'batches': 255, 'time_group': 255, 'time_groups': 255, 'history_edges': 49740, 'pos_edges': 260, 'neg_edges': 260, 'loss_recent': 10.487264132499694, 'elapsed_sec': 134.12726620584726, 'avg_sec_per_batch': 0.5259892792386167, 'cuda_allocated_mb': 97, 'cuda_reserved_mb': 1206, 'cuda_max_allocated_mb': 1083}
{'event': 'validation_start', 'epoch': 1}
{'event': 'validation_ranking_start', 'epoch': 1, 'max_edges': 30}
{'event': 'epoch_end', 'epoch': 1, 'early_stop_metric': 'val_composite', 'val_score': 0.5554194901154029, 'val_auc': 0.900629425048828, 'val_ap': 0.7598390759259012, 'val_ndcg': 0.9525007786199678, 'val_mrr': 0.3889908258908257, 'val_hits@1': 0.2833333333333333, 'val_hits@10': 0.5333333333333333, 'val_hits@50': 0.8666666666666667, 'val_hits@100': 0.8833333333333333, 'elapsed_sec': 175.76708219200373}
{'event': 'epoch_start', 'epoch': 2, 'epochs': 3, 'batches': 255, 'time_groups': 255}
{'event': 'train_time_group', 'epoch': 2, 'time_group': 1, 'time_groups': 255, 'batch': 0, 'batches': 255, 'time_value': 1388534400.0, 'group_batches': 1, 'history_edges': 0, 'elapsed_sec': 0.058151427656412125, 'cuda_allocated_mb': 87, 'cuda_reserved_mb': 1232, 'cuda_max_allocated_mb': 1083}
{'event': 'train_progress', 'epoch': 2, 'batch': 1, 'batches': 255, 'time_group': 1, 'time_groups': 255, 'history_edges': 0, 'pos_edges': 92, 'neg_edges': 92, 'loss_recent': 7.833707332611084, 'elapsed_sec': 0.4908389002084732, 'avg_sec_per_batch': 0.4908389002084732, 'cuda_allocated_mb': 91, 'cuda_reserved_mb': 1232, 'cuda_max_allocated_mb': 1083}
{'event': 'train_progress', 'epoch': 2, 'batch': 100, 'batches': 255, 'time_group': 100, 'time_groups': 255, 'history_edges': 19281, 'pos_edges': 210, 'neg_edges': 210, 'loss_recent': 10.338854999542237, 'elapsed_sec': 62.149987164884806, 'avg_sec_per_batch': 0.621499871648848, 'cuda_allocated_mb': 95, 'cuda_reserved_mb': 1232, 'cuda_max_allocated_mb': 1083}
{'event': 'train_progress', 'epoch': 2, 'batch': 200, 'batches': 255, 'time_group': 200, 'time_groups': 255, 'history_edges': 39468, 'pos_edges': 131, 'neg_edges': 131, 'loss_recent': 9.60371859550476, 'elapsed_sec': 126.10988502576947, 'avg_sec_per_batch': 0.6305494251288474, 'cuda_allocated_mb': 93, 'cuda_reserved_mb': 1232, 'cuda_max_allocated_mb': 1083}
{'event': 'train_time_group', 'epoch': 2, 'time_group': 255, 'time_groups': 255, 'batch': 254, 'batches': 255, 'time_value': 1410480000.0, 'group_batches': 1, 'history_edges': 49740, 'elapsed_sec': 163.85736664012074, 'cuda_allocated_mb': 87, 'cuda_reserved_mb': 1232, 'cuda_max_allocated_mb': 1083}
{'event': 'train_progress', 'epoch': 2, 'batch': 255, 'batches': 255, 'time_group': 255, 'time_groups': 255, 'history_edges': 49740, 'pos_edges': 260, 'neg_edges': 260, 'loss_recent': 9.060822179317475, 'elapsed_sec': 164.74160261824727, 'avg_sec_per_batch': 0.6460455004637148, 'cuda_allocated_mb': 97, 'cuda_reserved_mb': 1232, 'cuda_max_allocated_mb': 1083}
{'event': 'validation_start', 'epoch': 2}
{'event': 'validation_ranking_start', 'epoch': 2, 'max_edges': 30}
{'event': 'epoch_end', 'epoch': 2, 'early_stop_metric': 'val_composite', 'val_score': 0.5626223908468153, 'val_auc': 0.9152900695800781, 'val_ap': 0.7892022101154587, 'val_ndcg': 0.959106924388285, 'val_mrr': 0.3784670601566616, 'val_hits@1': 0.26666666666666666, 'val_hits@10': 0.5666666666666667, 'val_hits@50': 0.85, 'val_hits@100': 0.9, 'elapsed_sec': 213.3135929480195}
{'event': 'epoch_start', 'epoch': 3, 'epochs': 3, 'batches': 255, 'time_groups': 255}
{'event': 'train_time_group', 'epoch': 3, 'time_group': 1, 'time_groups': 255, 'batch': 0, 'batches': 255, 'time_value': 1388534400.0, 'group_batches': 1, 'history_edges': 0, 'elapsed_sec': 0.038500770926475525, 'cuda_allocated_mb': 87, 'cuda_reserved_mb': 1232, 'cuda_max_allocated_mb': 1083}
{'event': 'train_progress', 'epoch': 3, 'batch': 1, 'batches': 255, 'time_group': 1, 'time_groups': 255, 'history_edges': 0, 'pos_edges': 92, 'neg_edges': 92, 'loss_recent': 7.277285575866699, 'elapsed_sec': 0.6445493698120117, 'avg_sec_per_batch': 0.6445493698120117, 'cuda_allocated_mb': 91, 'cuda_reserved_mb': 1232, 'cuda_max_allocated_mb': 1083}
{'event': 'train_progress', 'epoch': 3, 'batch': 100, 'batches': 255, 'time_group': 100, 'time_groups': 255, 'history_edges': 19281, 'pos_edges': 210, 'neg_edges': 210, 'loss_recent': 9.22452497959137, 'elapsed_sec': 72.8559939339757, 'avg_sec_per_batch': 0.7285599393397569, 'cuda_allocated_mb': 95, 'cuda_reserved_mb': 1232, 'cuda_max_allocated_mb': 1083}
{'event': 'train_progress', 'epoch': 3, 'batch': 200, 'batches': 255, 'time_group': 200, 'time_groups': 255, 'history_edges': 39468, 'pos_edges': 131, 'neg_edges': 131, 'loss_recent': 8.42747190952301, 'elapsed_sec': 136.14692902565002, 'avg_sec_per_batch': 0.6807346451282501, 'cuda_allocated_mb': 93, 'cuda_reserved_mb': 1232, 'cuda_max_allocated_mb': 1083}
{'event': 'train_time_group', 'epoch': 3, 'time_group': 255, 'time_groups': 255, 'batch': 254, 'batches': 255, 'time_value': 1410480000.0, 'group_batches': 1, 'history_edges': 49740, 'elapsed_sec': 161.92704970017076, 'cuda_allocated_mb': 87, 'cuda_reserved_mb': 1232, 'cuda_max_allocated_mb': 1083}
{'event': 'train_progress', 'epoch': 3, 'batch': 255, 'batches': 255, 'time_group': 255, 'time_groups': 255, 'history_edges': 49740, 'pos_edges': 260, 'neg_edges': 260, 'loss_recent': 7.93253835439682, 'elapsed_sec': 162.45072324201465, 'avg_sec_per_batch': 0.6370616597726064, 'cuda_allocated_mb': 97, 'cuda_reserved_mb': 1232, 'cuda_max_allocated_mb': 1083}
{'event': 'validation_start', 'epoch': 3}
{'event': 'validation_ranking_start', 'epoch': 3, 'max_edges': 30}
{'event': 'epoch_end', 'epoch': 3, 'early_stop_metric': 'val_composite', 'val_score': 0.5539325809030051, 'val_auc': 0.9185451507568361, 'val_ap': 0.7923729737004978, 'val_ndcg': 0.9598776937836125, 'val_mrr': 0.36632321586345473, 'val_hits@1': 0.25, 'val_hits@10': 0.55, 'val_hits@50': 0.7666666666666667, 'val_hits@100': 0.8666666666666667, 'elapsed_sec': 206.4822684340179}
{'candidate': 'global_relpop_frozen_enhanced_probe_h96_r12_a12_p4x4_l1_neg1_lr0p001_hp2_relpopfix48_sr0p05_sa0p001_rl0p001_m0_bpr', 'seed': 1, 'composite': nan, 'val_auc': 0.9152900695800781, 'val_ap': 0.7892022101154587, 'val_ndcg': 0.959106924388285, 'val_mrr': 0.3784670601566616, 'val_hits@1': 0.26666666666666666, 'val_hits@10': 0.5666666666666667, 'val_hits@50': 0.85, 'val_hits@100': 0.9, 'train_loss': 9.675601171044743, 'train_lp': 0.39161894146133874, 'train_align': 1743.2245232077205, 'train_kl': 5649.268967333027, 'train_ood_reg': 0.2243116357162887, 'train_meta': 0.3839332068959872, 'train_struct_aux': 0.7889413304188673, 'train_weighted_align': 8.71612242156384, 'train_weighted_kl': 0.5649268854482501, 'train_weighted_ood_reg': 0.00022431164637536687, 'train_weighted_meta': 0.0019196659934880467, 'train_weighted_struct_aux': 0.0007889413676571613, 'train_rank': 0.1784136907434931, 'train_weighted_rank': 0.00017841369934852564}
{'event': 'candidate_summary', 'candidate': 'global_relpop_frozen_enhanced_probe_h96_r12_a12_p4x4_l1_neg1_lr0p001_hp2_relpopfix48_sr0p05_sa0p001_rl0p001_m0_bpr', 'score': 0.5626223908468153, 'passes_metric_minima': True, 'means': {'val_auc': 0.9152900695800781, 'val_ap': 0.7892022101154587, 'val_mrr': 0.3784670601566616, 'val_hits@10': 0.5666666666666667, 'val_ndcg': 0.959106924388285}, 'seeds_completed': 1}
{'event': 'candidate_seed_start', 'candidate': 'global_relpop_frozen_enhanced_probe_h96_r12_a12_p4x4_l1_neg1_lr0p001_hp2_relpopfix48_sr0p01_sa0p001_rl0p005_m0_bpr', 'seed': 1, 'device': 'cuda', 'node_text_device': 'cuda:0'}
{'event': 'train_seed_start', 'seed': 1, 'train_edges': 50000, 'val_edges': 14592, 'test_edges': 14378, 'num_nodes': 7128, 'num_relations': 230}
{'event': 'train_seed_tensors_ready', 'seed': 1, 'elapsed_sec': 0.05031941831111908, 'cuda_allocated_mb': 37, 'cuda_reserved_mb': 64, 'cuda_max_allocated_mb': 1083}
{'event': 'train_known_facts_ready', 'seed': 1, 'scope': 'train', 'edges': 50000, 'elapsed_sec': 0.0558297373354435}
{'event': 'train_known_facts_ready', 'seed': 1, 'scope': 'train_val', 'edges': 64592, 'elapsed_sec': 0.06287229061126709}
{'event': 'train_sampler_ready', 'seed': 1, 'elapsed_sec': 0.13370306417346}
{'event': 'val_sampler_ready', 'seed': 1, 'elapsed_sec': 0.20340627059340477}
{'event': 'epoch_start', 'epoch': 1, 'epochs': 3, 'batches': 255, 'time_groups': 255}
{'event': 'train_time_group', 'epoch': 1, 'time_group': 1, 'time_groups': 255, 'batch': 0, 'batches': 255, 'time_value': 1388534400.0, 'group_batches': 1, 'history_edges': 0, 'elapsed_sec': 0.01362084224820137, 'cuda_allocated_mb': 39, 'cuda_reserved_mb': 64, 'cuda_max_allocated_mb': 1083}
{'event': 'train_progress', 'epoch': 1, 'batch': 1, 'batches': 255, 'time_group': 1, 'time_groups': 255, 'history_edges': 0, 'pos_edges': 92, 'neg_edges': 92, 'loss_recent': 6.85100793838501, 'elapsed_sec': 0.43692876026034355, 'avg_sec_per_batch': 0.43692876026034355, 'cuda_allocated_mb': 90, 'cuda_reserved_mb': 170, 'cuda_max_allocated_mb': 1083}
{'event': 'train_progress', 'epoch': 1, 'batch': 100, 'batches': 255, 'time_group': 100, 'time_groups': 255, 'history_edges': 19281, 'pos_edges': 210, 'neg_edges': 210, 'loss_recent': 12.228753542900085, 'elapsed_sec': 74.7842397838831, 'avg_sec_per_batch': 0.747842397838831, 'cuda_allocated_mb': 95, 'cuda_reserved_mb': 666, 'cuda_max_allocated_mb': 1083}
{'event': 'train_progress', 'epoch': 1, 'batch': 200, 'batches': 255, 'time_group': 200, 'time_groups': 255, 'history_edges': 39468, 'pos_edges': 131, 'neg_edges': 131, 'loss_recent': 11.24893772125244, 'elapsed_sec': 157.27185242250562, 'avg_sec_per_batch': 0.786359262112528, 'cuda_allocated_mb': 93, 'cuda_reserved_mb': 1026, 'cuda_max_allocated_mb': 1083}
{'event': 'train_time_group', 'epoch': 1, 'time_group': 255, 'time_groups': 255, 'batch': 254, 'batches': 255, 'time_value': 1410480000.0, 'group_batches': 1, 'history_edges': 49740, 'elapsed_sec': 198.60916535556316, 'cuda_allocated_mb': 87, 'cuda_reserved_mb': 1206, 'cuda_max_allocated_mb': 1083}
{'event': 'train_progress', 'epoch': 1, 'batch': 255, 'batches': 255, 'time_group': 255, 'time_groups': 255, 'history_edges': 49740, 'pos_edges': 260, 'neg_edges': 260, 'loss_recent': 10.48732630252838, 'elapsed_sec': 199.12820714712143, 'avg_sec_per_batch': 0.7808949299887115, 'cuda_allocated_mb': 97, 'cuda_reserved_mb': 1206, 'cuda_max_allocated_mb': 1083}
{'event': 'validation_start', 'epoch': 1}
{'event': 'validation_ranking_start', 'epoch': 1, 'max_edges': 30}
{'event': 'epoch_end', 'epoch': 1, 'early_stop_metric': 'val_composite', 'val_score': 0.5595813033092069, 'val_auc': 0.9012443542480469, 'val_ap': 0.7606661550704319, 'val_ndcg': 0.9527188949807769, 'val_mrr': 0.3902945456763241, 'val_hits@1': 0.2833333333333333, 'val_hits@10': 0.55, 'val_hits@50': 0.8666666666666667, 'val_hits@100': 0.8833333333333333, 'elapsed_sec': 236.8907649256289}
{'event': 'epoch_start', 'epoch': 2, 'epochs': 3, 'batches': 255, 'time_groups': 255}
{'event': 'train_time_group', 'epoch': 2, 'time_group': 1, 'time_groups': 255, 'batch': 0, 'batches': 255, 'time_value': 1388534400.0, 'group_batches': 1, 'history_edges': 0, 'elapsed_sec': 0.04464982822537422, 'cuda_allocated_mb': 87, 'cuda_reserved_mb': 1232, 'cuda_max_allocated_mb': 1083}
{'event': 'train_progress', 'epoch': 2, 'batch': 1, 'batches': 255, 'time_group': 1, 'time_groups': 255, 'history_edges': 0, 'pos_edges': 92, 'neg_edges': 92, 'loss_recent': 7.860259056091309, 'elapsed_sec': 0.4484696686267853, 'avg_sec_per_batch': 0.4484696686267853, 'cuda_allocated_mb': 91, 'cuda_reserved_mb': 1232, 'cuda_max_allocated_mb': 1083}
{'event': 'train_progress', 'epoch': 2, 'batch': 100, 'batches': 255, 'time_group': 100, 'time_groups': 255, 'history_edges': 19281, 'pos_edges': 210, 'neg_edges': 210, 'loss_recent': 10.338067073822021, 'elapsed_sec': 47.33122059330344, 'avg_sec_per_batch': 0.4733122059330344, 'cuda_allocated_mb': 95, 'cuda_reserved_mb': 1232, 'cuda_max_allocated_mb': 1083}
{'event': 'train_progress', 'epoch': 2, 'batch': 200, 'batches': 255, 'time_group': 200, 'time_groups': 255, 'history_edges': 39468, 'pos_edges': 131, 'neg_edges': 131, 'loss_recent': 9.600169858932496, 'elapsed_sec': 98.66140939295292, 'avg_sec_per_batch': 0.4933070469647646, 'cuda_allocated_mb': 93, 'cuda_reserved_mb': 1232, 'cuda_max_allocated_mb': 1083}
{'event': 'train_time_group', 'epoch': 2, 'time_group': 255, 'time_groups': 255, 'batch': 254, 'batches': 255, 'time_value': 1410480000.0, 'group_batches': 1, 'history_edges': 49740, 'elapsed_sec': 133.9371858164668, 'cuda_allocated_mb': 87, 'cuda_reserved_mb': 1232, 'cuda_max_allocated_mb': 1083}
{'event': 'train_progress', 'epoch': 2, 'batch': 255, 'batches': 255, 'time_group': 255, 'time_groups': 255, 'history_edges': 49740, 'pos_edges': 260, 'neg_edges': 260, 'loss_recent': 9.057008628845216, 'elapsed_sec': 134.72312430292368, 'avg_sec_per_batch': 0.5283259776585242, 'cuda_allocated_mb': 97, 'cuda_reserved_mb': 1232, 'cuda_max_allocated_mb': 1083}
{'event': 'validation_start', 'epoch': 2}
{'event': 'validation_ranking_start', 'epoch': 2, 'max_edges': 30}
{'event': 'epoch_end', 'epoch': 2, 'early_stop_metric': 'val_composite', 'val_score': 0.5630101347996495, 'val_auc': 0.9166885375976562, 'val_ap': 0.7910520788430209, 'val_ndcg': 0.9595429376595614, 'val_mrr': 0.3784605379880481, 'val_hits@1': 0.26666666666666666, 'val_hits@10': 0.5666666666666667, 'val_hits@50': 0.8666666666666667, 'val_hits@100': 0.8833333333333333, 'elapsed_sec': 178.27328779548407}
{'event': 'epoch_start', 'epoch': 3, 'epochs': 3, 'batches': 255, 'time_groups': 255}
{'event': 'train_time_group', 'epoch': 3, 'time_group': 1, 'time_groups': 255, 'batch': 0, 'batches': 255, 'time_value': 1388534400.0, 'group_batches': 1, 'history_edges': 0, 'elapsed_sec': 0.041540298610925674, 'cuda_allocated_mb': 87, 'cuda_reserved_mb': 1232, 'cuda_max_allocated_mb': 1083}
{'event': 'train_progress', 'epoch': 3, 'batch': 1, 'batches': 255, 'time_group': 1, 'time_groups': 255, 'history_edges': 0, 'pos_edges': 92, 'neg_edges': 92, 'loss_recent': 7.158760070800781, 'elapsed_sec': 0.5423534624278545, 'avg_sec_per_batch': 0.5423534624278545, 'cuda_allocated_mb': 91, 'cuda_reserved_mb': 1232, 'cuda_max_allocated_mb': 1083}
{'event': 'train_progress', 'epoch': 3, 'batch': 100, 'batches': 255, 'time_group': 100, 'time_groups': 255, 'history_edges': 19281, 'pos_edges': 210, 'neg_edges': 210, 'loss_recent': 9.217704372406006, 'elapsed_sec': 77.97676527872682, 'avg_sec_per_batch': 0.7797676527872681, 'cuda_allocated_mb': 95, 'cuda_reserved_mb': 1232, 'cuda_max_allocated_mb': 1083}
{'event': 'train_progress', 'epoch': 3, 'batch': 200, 'batches': 255, 'time_group': 200, 'time_groups': 255, 'history_edges': 39468, 'pos_edges': 131, 'neg_edges': 131, 'loss_recent': 8.42338305234909, 'elapsed_sec': 157.8935820274055, 'avg_sec_per_batch': 0.7894679101370276, 'cuda_allocated_mb': 93, 'cuda_reserved_mb': 1232, 'cuda_max_allocated_mb': 1083}
{'event': 'train_time_group', 'epoch': 3, 'time_group': 255, 'time_groups': 255, 'batch': 254, 'batches': 255, 'time_value': 1410480000.0, 'group_batches': 1, 'history_edges': 49740, 'elapsed_sec': 196.72386733070016, 'cuda_allocated_mb': 87, 'cuda_reserved_mb': 1232, 'cuda_max_allocated_mb': 1083}
{'event': 'train_progress', 'epoch': 3, 'batch': 255, 'batches': 255, 'time_group': 255, 'time_groups': 255, 'history_edges': 49740, 'pos_edges': 260, 'neg_edges': 260, 'loss_recent': 7.929209978580475, 'elapsed_sec': 197.50406645983458, 'avg_sec_per_batch': 0.7745257508228807, 'cuda_allocated_mb': 97, 'cuda_reserved_mb': 1232, 'cuda_max_allocated_mb': 1083}
{'event': 'validation_start', 'epoch': 3}
{'event': 'validation_ranking_start', 'epoch': 3, 'max_edges': 30}
{'event': 'epoch_end', 'epoch': 3, 'early_stop_metric': 'val_composite', 'val_score': 0.5540004614842036, 'val_auc': 0.9194313049316407, 'val_ap': 0.7931160425766047, 'val_ndcg': 0.9600529109688063, 'val_mrr': 0.3661123975085003, 'val_hits@1': 0.25, 'val_hits@10': 0.55, 'val_hits@50': 0.7666666666666667, 'val_hits@100': 0.85, 'elapsed_sec': 239.93245097249746}
{'candidate': 'global_relpop_frozen_enhanced_probe_h96_r12_a12_p4x4_l1_neg1_lr0p001_hp2_relpopfix48_sr0p01_sa0p001_rl0p005_m0_bpr', 'seed': 1, 'composite': nan, 'val_auc': 0.9166885375976562, 'val_ap': 0.7910520788430209, 'val_ndcg': 0.9595429376595614, 'val_mrr': 0.3784605379880481, 'val_hits@1': 0.26666666666666666, 'val_hits@10': 0.5666666666666667, 'val_hits@50': 0.8666666666666667, 'val_hits@100': 0.8833333333333333, 'train_loss': 9.67310499864466, 'train_lp': 0.38955275819582097, 'train_align': 1743.1297269933364, 'train_kl': 5649.706464460784, 'train_ood_reg': 0.22470234474715065, 'train_meta': 0.38205755572108663, 'train_struct_aux': 0.7981447510859545, 'train_weighted_align': 8.715648465063058, 'train_weighted_kl': 0.56497063145918, 'train_weighted_ood_reg': 0.0002247023552555737, 'train_weighted_meta': 0.0019102877390561807, 'train_weighted_struct_aux': 0.0007981447909282995, 'train_rank': 0.17884936602968796, 'train_weighted_rank': 0.0008942468086138879}
{'event': 'candidate_summary', 'candidate': 'global_relpop_frozen_enhanced_probe_h96_r12_a12_p4x4_l1_neg1_lr0p001_hp2_relpopfix48_sr0p01_sa0p001_rl0p005_m0_bpr', 'score': 0.5630101347996495, 'passes_metric_minima': True, 'means': {'val_auc': 0.9166885375976562, 'val_ap': 0.7910520788430209, 'val_mrr': 0.3784605379880481, 'val_hits@10': 0.5666666666666667, 'val_ndcg': 0.9595429376595614}, 'seeds_completed': 1}
{'event': 'candidate_seed_start', 'candidate': 'global_relpop_frozen_enhanced_probe_h96_r12_a12_p4x4_l1_neg1_lr0p001_hp2_relpopfix48_sr0p05_sa0p001_rl0p005_m0_bpr', 'seed': 1, 'device': 'cuda', 'node_text_device': 'cuda:0'}
{'event': 'train_seed_start', 'seed': 1, 'train_edges': 50000, 'val_edges': 14592, 'test_edges': 14378, 'num_nodes': 7128, 'num_relations': 230}
{'event': 'train_seed_tensors_ready', 'seed': 1, 'elapsed_sec': 0.013332635164260864, 'cuda_allocated_mb': 37, 'cuda_reserved_mb': 64, 'cuda_max_allocated_mb': 1083}
{'event': 'train_known_facts_ready', 'seed': 1, 'scope': 'train', 'edges': 50000, 'elapsed_sec': 0.019868895411491394}
{'event': 'train_known_facts_ready', 'seed': 1, 'scope': 'train_val', 'edges': 64592, 'elapsed_sec': 0.02696022018790245}
{'event': 'train_sampler_ready', 'seed': 1, 'elapsed_sec': 0.09744282811880112}
{'event': 'val_sampler_ready', 'seed': 1, 'elapsed_sec': 0.16790048778057098}
{'event': 'epoch_start', 'epoch': 1, 'epochs': 3, 'batches': 255, 'time_groups': 255}
{'event': 'train_time_group', 'epoch': 1, 'time_group': 1, 'time_groups': 255, 'batch': 0, 'batches': 255, 'time_value': 1388534400.0, 'group_batches': 1, 'history_edges': 0, 'elapsed_sec': 0.013827413320541382, 'cuda_allocated_mb': 39, 'cuda_reserved_mb': 64, 'cuda_max_allocated_mb': 1083}
{'event': 'train_progress', 'epoch': 1, 'batch': 1, 'batches': 255, 'time_group': 1, 'time_groups': 255, 'history_edges': 0, 'pos_edges': 92, 'neg_edges': 92, 'loss_recent': 6.851290702819824, 'elapsed_sec': 0.313511211425066, 'avg_sec_per_batch': 0.313511211425066, 'cuda_allocated_mb': 90, 'cuda_reserved_mb': 170, 'cuda_max_allocated_mb': 1083}
{'event': 'train_progress', 'epoch': 1, 'batch': 100, 'batches': 255, 'time_group': 100, 'time_groups': 255, 'history_edges': 19281, 'pos_edges': 210, 'neg_edges': 210, 'loss_recent': 12.228492722511291, 'elapsed_sec': 59.955951660871506, 'avg_sec_per_batch': 0.5995595166087151, 'cuda_allocated_mb': 95, 'cuda_reserved_mb': 666, 'cuda_max_allocated_mb': 1083}
{'event': 'train_progress', 'epoch': 1, 'batch': 200, 'batches': 255, 'time_group': 200, 'time_groups': 255, 'history_edges': 39468, 'pos_edges': 131, 'neg_edges': 131, 'loss_recent': 11.248811240196227, 'elapsed_sec': 128.56592264398932, 'avg_sec_per_batch': 0.6428296132199466, 'cuda_allocated_mb': 93, 'cuda_reserved_mb': 1026, 'cuda_max_allocated_mb': 1083}
{'event': 'train_time_group', 'epoch': 1, 'time_group': 255, 'time_groups': 255, 'batch': 254, 'batches': 255, 'time_value': 1410480000.0, 'group_batches': 1, 'history_edges': 49740, 'elapsed_sec': 166.4597732424736, 'cuda_allocated_mb': 87, 'cuda_reserved_mb': 1206, 'cuda_max_allocated_mb': 1083}
{'event': 'train_progress', 'epoch': 1, 'batch': 255, 'batches': 255, 'time_group': 255, 'time_groups': 255, 'history_edges': 49740, 'pos_edges': 260, 'neg_edges': 260, 'loss_recent': 10.48732280254364, 'elapsed_sec': 167.14376172050834, 'avg_sec_per_batch': 0.6554657322372875, 'cuda_allocated_mb': 97, 'cuda_reserved_mb': 1206, 'cuda_max_allocated_mb': 1083}
{'event': 'validation_start', 'epoch': 1}
{'event': 'validation_ranking_start', 'epoch': 1, 'max_edges': 30}
{'event': 'epoch_end', 'epoch': 1, 'early_stop_metric': 'val_composite', 'val_score': 0.5554194241358067, 'val_auc': 0.9006172180175781, 'val_ap': 0.7597681026902452, 'val_ndcg': 0.9524872208561878, 'val_mrr': 0.3890159181582111, 'val_hits@1': 0.2833333333333333, 'val_hits@10': 0.5333333333333333, 'val_hits@50': 0.8666666666666667, 'val_hits@100': 0.8833333333333333, 'elapsed_sec': 207.82951846718788}
{'event': 'epoch_start', 'epoch': 2, 'epochs': 3, 'batches': 255, 'time_groups': 255}
{'event': 'train_time_group', 'epoch': 2, 'time_group': 1, 'time_groups': 255, 'batch': 0, 'batches': 255, 'time_value': 1388534400.0, 'group_batches': 1, 'history_edges': 0, 'elapsed_sec': 0.039779845625162125, 'cuda_allocated_mb': 87, 'cuda_reserved_mb': 1232, 'cuda_max_allocated_mb': 1083}
{'event': 'train_progress', 'epoch': 2, 'batch': 1, 'batches': 255, 'time_group': 1, 'time_groups': 255, 'history_edges': 0, 'pos_edges': 92, 'neg_edges': 92, 'loss_recent': 7.83345365524292, 'elapsed_sec': 0.35802725702524185, 'avg_sec_per_batch': 0.35802725702524185, 'cuda_allocated_mb': 91, 'cuda_reserved_mb': 1232, 'cuda_max_allocated_mb': 1083}
{'event': 'train_progress', 'epoch': 2, 'batch': 100, 'batches': 255, 'time_group': 100, 'time_groups': 255, 'history_edges': 19281, 'pos_edges': 210, 'neg_edges': 210, 'loss_recent': 10.338835940361022, 'elapsed_sec': 45.73450880497694, 'avg_sec_per_batch': 0.4573450880497694, 'cuda_allocated_mb': 95, 'cuda_reserved_mb': 1232, 'cuda_max_allocated_mb': 1083}
{'event': 'train_progress', 'epoch': 2, 'batch': 200, 'batches': 255, 'time_group': 200, 'time_groups': 255, 'history_edges': 39468, 'pos_edges': 131, 'neg_edges': 131, 'loss_recent': 9.603769273757935, 'elapsed_sec': 75.706637352705, 'avg_sec_per_batch': 0.378533186763525, 'cuda_allocated_mb': 93, 'cuda_reserved_mb': 1232, 'cuda_max_allocated_mb': 1083}
{'event': 'train_time_group', 'epoch': 2, 'time_group': 255, 'time_groups': 255, 'batch': 254, 'batches': 255, 'time_value': 1410480000.0, 'group_batches': 1, 'history_edges': 49740, 'elapsed_sec': 97.55195284634829, 'cuda_allocated_mb': 87, 'cuda_reserved_mb': 1232, 'cuda_max_allocated_mb': 1083}
{'event': 'train_progress', 'epoch': 2, 'batch': 255, 'batches': 255, 'time_group': 255, 'time_groups': 255, 'history_edges': 49740, 'pos_edges': 260, 'neg_edges': 260, 'loss_recent': 9.06087064743042, 'elapsed_sec': 97.87932469323277, 'avg_sec_per_batch': 0.3838404889930697, 'cuda_allocated_mb': 97, 'cuda_reserved_mb': 1232, 'cuda_max_allocated_mb': 1083}
{'event': 'validation_start', 'epoch': 2}
{'event': 'validation_ranking_start', 'epoch': 2, 'max_edges': 30}
{'event': 'epoch_end', 'epoch': 2, 'early_stop_metric': 'val_composite', 'val_score': 0.5626159568796555, 'val_auc': 0.9152599334716798, 'val_ap': 0.7891824807495517, 'val_ndcg': 0.9591018471054555, 'val_mrr': 0.37846414009951984, 'val_hits@1': 0.26666666666666666, 'val_hits@10': 0.5666666666666667, 'val_hits@50': 0.85, 'val_hits@100': 0.9, 'elapsed_sec': 131.44603381678462}
{'event': 'epoch_start', 'epoch': 3, 'epochs': 3, 'batches': 255, 'time_groups': 255}
{'event': 'train_time_group', 'epoch': 3, 'time_group': 1, 'time_groups': 255, 'batch': 0, 'batches': 255, 'time_value': 1388534400.0, 'group_batches': 1, 'history_edges': 0, 'elapsed_sec': 0.042051903903484344, 'cuda_allocated_mb': 87, 'cuda_reserved_mb': 1232, 'cuda_max_allocated_mb': 1083}
{'event': 'train_progress', 'epoch': 3, 'batch': 1, 'batches': 255, 'time_group': 1, 'time_groups': 255, 'history_edges': 0, 'pos_edges': 92, 'neg_edges': 92, 'loss_recent': 7.279847145080566, 'elapsed_sec': 0.3422340154647827, 'avg_sec_per_batch': 0.3422340154647827, 'cuda_allocated_mb': 91, 'cuda_reserved_mb': 1232, 'cuda_max_allocated_mb': 1083}
{'event': 'train_progress', 'epoch': 3, 'batch': 100, 'batches': 255, 'time_group': 100, 'time_groups': 255, 'history_edges': 19281, 'pos_edges': 210, 'neg_edges': 210, 'loss_recent': 9.22462129831314, 'elapsed_sec': 62.601302072405815, 'avg_sec_per_batch': 0.6260130207240582, 'cuda_allocated_mb': 95, 'cuda_reserved_mb': 1232, 'cuda_max_allocated_mb': 1083}
{'event': 'train_progress', 'epoch': 3, 'batch': 200, 'batches': 255, 'time_group': 200, 'time_groups': 255, 'history_edges': 39468, 'pos_edges': 131, 'neg_edges': 131, 'loss_recent': 8.427521386146545, 'elapsed_sec': 130.18587205559015, 'avg_sec_per_batch': 0.6509293602779508, 'cuda_allocated_mb': 93, 'cuda_reserved_mb': 1232, 'cuda_max_allocated_mb': 1083}
{'event': 'train_time_group', 'epoch': 3, 'time_group': 255, 'time_groups': 255, 'batch': 254, 'batches': 255, 'time_value': 1410480000.0, 'group_batches': 1, 'history_edges': 49740, 'elapsed_sec': 161.20790065452456, 'cuda_allocated_mb': 87, 'cuda_reserved_mb': 1232, 'cuda_max_allocated_mb': 1083}
{'event': 'train_progress', 'epoch': 3, 'batch': 255, 'batches': 255, 'time_group': 255, 'time_groups': 255, 'history_edges': 49740, 'pos_edges': 260, 'neg_edges': 260, 'loss_recent': 7.93259797334671, 'elapsed_sec': 161.74227518215775, 'avg_sec_per_batch': 0.6342834320868932, 'cuda_allocated_mb': 97, 'cuda_reserved_mb': 1232, 'cuda_max_allocated_mb': 1083}
{'event': 'validation_start', 'epoch': 3}
{'event': 'validation_ranking_start', 'epoch': 3, 'max_edges': 30}
{'event': 'epoch_end', 'epoch': 3, 'early_stop_metric': 'val_composite', 'val_score': 0.5539146171444999, 'val_auc': 0.9184768676757812, 'val_ap': 0.7922343798201801, 'val_ndcg': 0.9598471871484198, 'val_mrr': 0.3663417961456835, 'val_hits@1': 0.25, 'val_hits@10': 0.55, 'val_hits@50': 0.7666666666666667, 'val_hits@100': 0.8666666666666667, 'elapsed_sec': 199.84086603298783}
{'candidate': 'global_relpop_frozen_enhanced_probe_h96_r12_a12_p4x4_l1_neg1_lr0p001_hp2_relpopfix48_sr0p05_sa0p001_rl0p005_m0_bpr', 'seed': 1, 'composite': nan, 'val_auc': 0.9152599334716798, 'val_ap': 0.7891824807495517, 'val_ndcg': 0.9591018471054555, 'val_mrr': 0.37846414009951984, 'val_hits@1': 0.26666666666666666, 'val_hits@10': 0.5666666666666667, 'val_hits@50': 0.85, 'val_hits@100': 0.9, 'train_loss': 9.675622777377859, 'train_lp': 0.3916383537591672, 'train_align': 1743.224616316253, 'train_kl': 5649.300013403799, 'train_ood_reg': 0.22426612429759082, 'train_meta': 0.383961276242546, 'train_struct_aux': 0.787505663025613, 'train_weighted_align': 8.716122885311352, 'train_weighted_kl': 0.5649299885712418, 'train_weighted_ood_reg': 0.00022426613488955898, 'train_weighted_meta': 0.0019198063353542238, 'train_weighted_struct_aux': 0.0007875057001251216, 'train_rank': 0.1781753254433473, 'train_weighted_rank': 0.0008908766086724605}
{'event': 'candidate_summary', 'candidate': 'global_relpop_frozen_enhanced_probe_h96_r12_a12_p4x4_l1_neg1_lr0p001_hp2_relpopfix48_sr0p05_sa0p001_rl0p005_m0_bpr', 'score': 0.5626159568796555, 'passes_metric_minima': True, 'means': {'val_auc': 0.9152599334716798, 'val_ap': 0.7891824807495517, 'val_mrr': 0.37846414009951984, 'val_hits@10': 0.5666666666666667, 'val_ndcg': 0.9591018471054555}, 'seeds_completed': 1}
