runtime_device=cuda
cuda_device=Tesla V100-PCIE-32GB
{'event': 'candidate_seed_start', 'candidate': 'global_relpop_frozen_enhanced_probe_h96_r12_a12_p4x4_l1_neg1_lr0p001_hp1_relpopfix48_sr0p01_sa0p001_rl0p001_m0_bpr', 'seed': 1, 'device': 'cuda', 'node_text_device': 'cuda:0'}
{'event': 'train_seed_start', 'seed': 1, 'train_edges': 3244, 'val_edges': 6738, 'test_edges': 26719, 'num_nodes': 4197, 'num_relations': 19}
{'event': 'train_seed_tensors_ready', 'seed': 1, 'elapsed_sec': 0.06536121666431427, 'cuda_allocated_mb': 9, 'cuda_reserved_mb': 22, 'cuda_max_allocated_mb': 9}
{'event': 'train_known_facts_ready', 'seed': 1, 'scope': 'train', 'edges': 3244, 'elapsed_sec': 0.06706348806619644}
{'event': 'train_known_facts_ready', 'seed': 1, 'scope': 'train_val', 'edges': 9982, 'elapsed_sec': 0.06831533089280128}
{'event': 'train_sampler_ready', 'seed': 1, 'elapsed_sec': 0.07231410965323448}
{'event': 'val_sampler_ready', 'seed': 1, 'elapsed_sec': 0.07586439326405525}
{'event': 'epoch_start', 'epoch': 1, 'epochs': 3, 'batches': 118, 'time_groups': 118}
{'event': 'train_time_group', 'epoch': 1, 'time_group': 1, 'time_groups': 118, 'batch': 0, 'batches': 118, 'time_value': 600.0, 'group_batches': 1, 'history_edges': 0, 'elapsed_sec': 0.16619720309972763, 'cuda_allocated_mb': 9, 'cuda_reserved_mb': 24, 'cuda_max_allocated_mb': 9}
{'event': 'train_progress', 'epoch': 1, 'batch': 1, 'batches': 118, 'time_group': 1, 'time_groups': 118, 'history_edges': 0, 'pos_edges': 1, 'neg_edges': 1, 'loss_recent': 0.6802196502685547, 'elapsed_sec': 1.2513963766396046, 'avg_sec_per_batch': 1.2513963766396046, 'cuda_allocated_mb': 44, 'cuda_reserved_mb': 90, 'cuda_max_allocated_mb': 80}
{'event': 'train_progress', 'epoch': 1, 'batch': 100, 'batches': 118, 'time_group': 100, 'time_groups': 118, 'history_edges': 2144, 'pos_edges': 38, 'neg_edges': 38, 'loss_recent': 1.7383485847711564, 'elapsed_sec': 28.156395845115185, 'avg_sec_per_batch': 0.28156395845115184, 'cuda_allocated_mb': 46, 'cuda_reserved_mb': 202, 'cuda_max_allocated_mb': 169}
{'event': 'train_time_group', 'epoch': 1, 'time_group': 118, 'time_groups': 118, 'batch': 117, 'batches': 118, 'time_value': 1966.0, 'group_batches': 1, 'history_edges': 3153, 'elapsed_sec': 34.61147203296423, 'cuda_allocated_mb': 45, 'cuda_reserved_mb': 222, 'cuda_max_allocated_mb': 189}
{'event': 'train_progress', 'epoch': 1, 'batch': 118, 'batches': 118, 'time_group': 118, 'time_groups': 118, 'history_edges': 3153, 'pos_edges': 91, 'neg_edges': 91, 'loss_recent': 2.322358663082123, 'elapsed_sec': 35.17195649072528, 'avg_sec_per_batch': 0.29806742788750235, 'cuda_allocated_mb': 48, 'cuda_reserved_mb': 222, 'cuda_max_allocated_mb': 192}
{'event': 'validation_start', 'epoch': 1}
{'event': 'validation_ranking_start', 'epoch': 1, 'max_edges': 30}
{'event': 'epoch_end', 'epoch': 1, 'early_stop_metric': 'val_composite', 'val_score': 0.14768989085380252, 'val_auc': 0.6090007781982422, 'val_ap': 0.1414182396787803, 'val_ndcg': 0.7172028826497459, 'val_mrr': 0.028613655454197532, 'val_hits@1': 0.0, 'val_hits@10': 0.05, 'val_hits@50': 0.23333333333333334, 'val_hits@100': 0.31666666666666665, 'elapsed_sec': 63.11367455124855}
{'event': 'epoch_start', 'epoch': 2, 'epochs': 3, 'batches': 118, 'time_groups': 118}
{'event': 'train_time_group', 'epoch': 2, 'time_group': 1, 'time_groups': 118, 'batch': 0, 'batches': 118, 'time_value': 600.0, 'group_batches': 1, 'history_edges': 0, 'elapsed_sec': 0.015415817499160767, 'cuda_allocated_mb': 45, 'cuda_reserved_mb': 232, 'cuda_max_allocated_mb': 192}
{'event': 'train_progress', 'epoch': 2, 'batch': 1, 'batches': 118, 'time_group': 1, 'time_groups': 118, 'history_edges': 0, 'pos_edges': 1, 'neg_edges': 1, 'loss_recent': 0.5103462934494019, 'elapsed_sec': 0.1790839619934559, 'avg_sec_per_batch': 0.1790839619934559, 'cuda_allocated_mb': 45, 'cuda_reserved_mb': 232, 'cuda_max_allocated_mb': 192}
{'event': 'train_progress', 'epoch': 2, 'batch': 100, 'batches': 118, 'time_group': 100, 'time_groups': 118, 'history_edges': 2144, 'pos_edges': 38, 'neg_edges': 38, 'loss_recent': 1.5322834876179696, 'elapsed_sec': 23.293472230434418, 'avg_sec_per_batch': 0.23293472230434417, 'cuda_allocated_mb': 46, 'cuda_reserved_mb': 232, 'cuda_max_allocated_mb': 192}
{'event': 'train_time_group', 'epoch': 2, 'time_group': 118, 'time_groups': 118, 'batch': 117, 'batches': 118, 'time_value': 1966.0, 'group_batches': 1, 'history_edges': 3153, 'elapsed_sec': 28.692434176802635, 'cuda_allocated_mb': 45, 'cuda_reserved_mb': 232, 'cuda_max_allocated_mb': 192}
{'event': 'train_progress', 'epoch': 2, 'batch': 118, 'batches': 118, 'time_group': 118, 'time_groups': 118, 'history_edges': 3153, 'pos_edges': 91, 'neg_edges': 91, 'loss_recent': 2.0709363627433777, 'elapsed_sec': 29.00672410801053, 'avg_sec_per_batch': 0.2458196958305977, 'cuda_allocated_mb': 47, 'cuda_reserved_mb': 232, 'cuda_max_allocated_mb': 192}
{'event': 'validation_start', 'epoch': 2}
{'event': 'validation_ranking_start', 'epoch': 2, 'max_edges': 30}
{'event': 'epoch_end', 'epoch': 2, 'early_stop_metric': 'val_composite', 'val_score': 0.13286019071922453, 'val_auc': 0.5861061096191407, 'val_ap': 0.13776082870193634, 'val_ndcg': 0.7122684103641636, 'val_mrr': 0.00999450645978802, 'val_hits@1': 0.0, 'val_hits@10': 0.03333333333333333, 'val_hits@50': 0.15, 'val_hits@100': 0.18333333333333332, 'elapsed_sec': 59.109165620058775}
{'event': 'epoch_start', 'epoch': 3, 'epochs': 3, 'batches': 118, 'time_groups': 118}
{'event': 'train_time_group', 'epoch': 3, 'time_group': 1, 'time_groups': 118, 'batch': 0, 'batches': 118, 'time_value': 600.0, 'group_batches': 1, 'history_edges': 0, 'elapsed_sec': 0.011132236570119858, 'cuda_allocated_mb': 45, 'cuda_reserved_mb': 232, 'cuda_max_allocated_mb': 192}
{'event': 'train_progress', 'epoch': 3, 'batch': 1, 'batches': 118, 'time_group': 1, 'time_groups': 118, 'history_edges': 0, 'pos_edges': 1, 'neg_edges': 1, 'loss_recent': 0.7940837740898132, 'elapsed_sec': 0.24610938504338264, 'avg_sec_per_batch': 0.24610938504338264, 'cuda_allocated_mb': 45, 'cuda_reserved_mb': 232, 'cuda_max_allocated_mb': 192}
{'event': 'train_progress', 'epoch': 3, 'batch': 100, 'batches': 118, 'time_group': 100, 'time_groups': 118, 'history_edges': 2144, 'pos_edges': 38, 'neg_edges': 38, 'loss_recent': 1.435219119414687, 'elapsed_sec': 27.529915545135736, 'avg_sec_per_batch': 0.27529915545135736, 'cuda_allocated_mb': 46, 'cuda_reserved_mb': 232, 'cuda_max_allocated_mb': 192}
{'event': 'train_time_group', 'epoch': 3, 'time_group': 118, 'time_groups': 118, 'batch': 117, 'batches': 118, 'time_value': 1966.0, 'group_batches': 1, 'history_edges': 3153, 'elapsed_sec': 33.04023786261678, 'cuda_allocated_mb': 45, 'cuda_reserved_mb': 232, 'cuda_max_allocated_mb': 192}
{'event': 'train_progress', 'epoch': 3, 'batch': 118, 'batches': 118, 'time_group': 118, 'time_groups': 118, 'history_edges': 3153, 'pos_edges': 91, 'neg_edges': 91, 'loss_recent': 1.9573259595781565, 'elapsed_sec': 33.43383153527975, 'avg_sec_per_batch': 0.2833375553837267, 'cuda_allocated_mb': 47, 'cuda_reserved_mb': 232, 'cuda_max_allocated_mb': 192}
{'event': 'validation_start', 'epoch': 3}
{'event': 'validation_ranking_start', 'epoch': 3, 'max_edges': 30}
{'event': 'epoch_end', 'epoch': 3, 'early_stop_metric': 'val_composite', 'val_score': 0.12383669335244181, 'val_auc': 0.5760494232177735, 'val_ap': 0.13526466530780024, 'val_ndcg': 0.7129862200914863, 'val_mrr': 0.00689180077246895, 'val_hits@1': 0.0, 'val_hits@10': 0.0, 'val_hits@50': 0.1, 'val_hits@100': 0.13333333333333333, 'elapsed_sec': 55.26852173358202}
{'candidate': 'global_relpop_frozen_enhanced_probe_h96_r12_a12_p4x4_l1_neg1_lr0p001_hp1_relpopfix48_sr0p01_sa0p001_rl0p001_m0_bpr', 'seed': 1, 'composite': nan, 'val_auc': 0.6090007781982422, 'val_ap': 0.1414182396787803, 'val_ndcg': 0.7172028826497459, 'val_mrr': 0.028613655454197532, 'val_hits@1': 0.0, 'val_hits@10': 0.05, 'val_hits@50': 0.23333333333333334, 'val_hits@100': 0.31666666666666665, 'train_loss': 2.0734043793152956, 'train_lp': 0.4370483458042145, 'train_align': 308.95202204938664, 'train_kl': 882.2740455562786, 'train_ood_reg': 0.21940877086530297, 'train_meta': 0.44216952289817696, 'train_struct_aux': 0.9383011316343889, 'train_weighted_align': 1.5447600761712608, 'train_weighted_kl': 0.08822740154672351, 'train_weighted_ood_reg': 0.00021940878083361154, 'train_weighted_meta': 0.002210847561600839, 'train_weighted_struct_aux': 0.0009383011749408887, 'train_rank': 0.3207474181712684, 'train_weighted_rank': 0.00032074743451676884}
{'event': 'candidate_summary', 'candidate': 'global_relpop_frozen_enhanced_probe_h96_r12_a12_p4x4_l1_neg1_lr0p001_hp1_relpopfix48_sr0p01_sa0p001_rl0p001_m0_bpr', 'score': 0.14768989085380252, 'passes_metric_minima': True, 'means': {'val_auc': 0.6090007781982422, 'val_ap': 0.1414182396787803, 'val_mrr': 0.028613655454197532, 'val_hits@10': 0.05, 'val_ndcg': 0.7172028826497459}, 'seeds_completed': 1}
{'event': 'candidate_seed_start', 'candidate': 'global_relpop_frozen_enhanced_probe_h96_r12_a12_p4x4_l1_neg1_lr0p001_hp1_relpopfix48_sr0p05_sa0p001_rl0p001_m0_bpr', 'seed': 1, 'device': 'cuda', 'node_text_device': 'cuda:0'}
{'event': 'train_seed_start', 'seed': 1, 'train_edges': 3244, 'val_edges': 6738, 'test_edges': 26719, 'num_nodes': 4197, 'num_relations': 19}
{'event': 'train_seed_tensors_ready', 'seed': 1, 'elapsed_sec': 0.013130255043506622, 'cuda_allocated_mb': 25, 'cuda_reserved_mb': 42, 'cuda_max_allocated_mb': 192}
{'event': 'train_known_facts_ready', 'seed': 1, 'scope': 'train', 'edges': 3244, 'elapsed_sec': 0.014729809015989304}
{'event': 'train_known_facts_ready', 'seed': 1, 'scope': 'train_val', 'edges': 9982, 'elapsed_sec': 0.016004353761672974}
{'event': 'train_sampler_ready', 'seed': 1, 'elapsed_sec': 0.02010398730635643}
{'event': 'val_sampler_ready', 'seed': 1, 'elapsed_sec': 0.023949190974235535}
{'event': 'epoch_start', 'epoch': 1, 'epochs': 3, 'batches': 118, 'time_groups': 118}
{'event': 'train_time_group', 'epoch': 1, 'time_group': 1, 'time_groups': 118, 'batch': 0, 'batches': 118, 'time_value': 600.0, 'group_batches': 1, 'history_edges': 0, 'elapsed_sec': 0.005655284970998764, 'cuda_allocated_mb': 26, 'cuda_reserved_mb': 44, 'cuda_max_allocated_mb': 192}
{'event': 'train_progress', 'epoch': 1, 'batch': 1, 'batches': 118, 'time_group': 1, 'time_groups': 118, 'history_edges': 0, 'pos_edges': 1, 'neg_edges': 1, 'loss_recent': 0.6799085140228271, 'elapsed_sec': 0.1282147914171219, 'avg_sec_per_batch': 0.1282147914171219, 'cuda_allocated_mb': 44, 'cuda_reserved_mb': 90, 'cuda_max_allocated_mb': 192}
{'event': 'train_progress', 'epoch': 1, 'batch': 100, 'batches': 118, 'time_group': 100, 'time_groups': 118, 'history_edges': 2144, 'pos_edges': 38, 'neg_edges': 38, 'loss_recent': 1.7351083120703696, 'elapsed_sec': 21.70252600684762, 'avg_sec_per_batch': 0.2170252600684762, 'cuda_allocated_mb': 46, 'cuda_reserved_mb': 202, 'cuda_max_allocated_mb': 192}
{'event': 'train_time_group', 'epoch': 1, 'time_group': 118, 'time_groups': 118, 'batch': 117, 'batches': 118, 'time_value': 1966.0, 'group_batches': 1, 'history_edges': 3153, 'elapsed_sec': 26.828072112053633, 'cuda_allocated_mb': 45, 'cuda_reserved_mb': 222, 'cuda_max_allocated_mb': 192}
{'event': 'train_progress', 'epoch': 1, 'batch': 118, 'batches': 118, 'time_group': 118, 'time_groups': 118, 'history_edges': 3153, 'pos_edges': 91, 'neg_edges': 91, 'loss_recent': 2.317441104054451, 'elapsed_sec': 27.20644771307707, 'avg_sec_per_batch': 0.23056311621251752, 'cuda_allocated_mb': 48, 'cuda_reserved_mb': 222, 'cuda_max_allocated_mb': 192}
{'event': 'validation_start', 'epoch': 1}
{'event': 'validation_ranking_start', 'epoch': 1, 'max_edges': 30}
{'event': 'epoch_end', 'epoch': 1, 'early_stop_metric': 'val_composite', 'val_score': 0.1471370011441719, 'val_auc': 0.6134502410888673, 'val_ap': 0.14011439152280486, 'val_ndcg': 0.7120338996984051, 'val_mrr': 0.028487880782934575, 'val_hits@1': 0.0, 'val_hits@10': 0.05, 'val_hits@50': 0.23333333333333334, 'val_hits@100': 0.3333333333333333, 'elapsed_sec': 52.58370289951563}
{'event': 'epoch_start', 'epoch': 2, 'epochs': 3, 'batches': 118, 'time_groups': 118}
{'event': 'train_time_group', 'epoch': 2, 'time_group': 1, 'time_groups': 118, 'batch': 0, 'batches': 118, 'time_value': 600.0, 'group_batches': 1, 'history_edges': 0, 'elapsed_sec': 0.01162678375840187, 'cuda_allocated_mb': 45, 'cuda_reserved_mb': 232, 'cuda_max_allocated_mb': 192}
{'event': 'train_progress', 'epoch': 2, 'batch': 1, 'batches': 118, 'time_group': 1, 'time_groups': 118, 'history_edges': 0, 'pos_edges': 1, 'neg_edges': 1, 'loss_recent': 0.4986906349658966, 'elapsed_sec': 0.14733050391077995, 'avg_sec_per_batch': 0.14733050391077995, 'cuda_allocated_mb': 45, 'cuda_reserved_mb': 232, 'cuda_max_allocated_mb': 192}
{'event': 'train_progress', 'epoch': 2, 'batch': 100, 'batches': 118, 'time_group': 100, 'time_groups': 118, 'history_edges': 2144, 'pos_edges': 38, 'neg_edges': 38, 'loss_recent': 1.5163690932840108, 'elapsed_sec': 19.13116517290473, 'avg_sec_per_batch': 0.1913116517290473, 'cuda_allocated_mb': 46, 'cuda_reserved_mb': 232, 'cuda_max_allocated_mb': 192}
{'event': 'train_time_group', 'epoch': 2, 'time_group': 118, 'time_groups': 118, 'batch': 117, 'batches': 118, 'time_value': 1966.0, 'group_batches': 1, 'history_edges': 3153, 'elapsed_sec': 22.866316989064217, 'cuda_allocated_mb': 45, 'cuda_reserved_mb': 232, 'cuda_max_allocated_mb': 192}
{'event': 'train_progress', 'epoch': 2, 'batch': 118, 'batches': 118, 'time_group': 118, 'time_groups': 118, 'history_edges': 3153, 'pos_edges': 91, 'neg_edges': 91, 'loss_recent': 2.0536650603264572, 'elapsed_sec': 23.10845059156418, 'avg_sec_per_batch': 0.19583432704715406, 'cuda_allocated_mb': 47, 'cuda_reserved_mb': 232, 'cuda_max_allocated_mb': 192}
{'event': 'validation_start', 'epoch': 2}
{'event': 'validation_ranking_start', 'epoch': 2, 'max_edges': 30}
{'event': 'epoch_end', 'epoch': 2, 'early_stop_metric': 'val_composite', 'val_score': 0.1315268488804338, 'val_auc': 0.5766008377075196, 'val_ap': 0.1354761713446994, 'val_ndcg': 0.7110234402145783, 'val_mrr': 0.009212741210456834, 'val_hits@1': 0.0, 'val_hits@10': 0.03333333333333333, 'val_hits@50': 0.13333333333333333, 'val_hits@100': 0.2, 'elapsed_sec': 42.71368225291371}
{'event': 'epoch_start', 'epoch': 3, 'epochs': 3, 'batches': 118, 'time_groups': 118}
{'event': 'train_time_group', 'epoch': 3, 'time_group': 1, 'time_groups': 118, 'batch': 0, 'batches': 118, 'time_value': 600.0, 'group_batches': 1, 'history_edges': 0, 'elapsed_sec': 0.010299436748027802, 'cuda_allocated_mb': 45, 'cuda_reserved_mb': 232, 'cuda_max_allocated_mb': 192}
{'event': 'train_progress', 'epoch': 3, 'batch': 1, 'batches': 118, 'time_group': 1, 'time_groups': 118, 'history_edges': 0, 'pos_edges': 1, 'neg_edges': 1, 'loss_recent': 0.7876265645027161, 'elapsed_sec': 0.14559686928987503, 'avg_sec_per_batch': 0.14559686928987503, 'cuda_allocated_mb': 45, 'cuda_reserved_mb': 232, 'cuda_max_allocated_mb': 192}
{'event': 'train_progress', 'epoch': 3, 'batch': 100, 'batches': 118, 'time_group': 100, 'time_groups': 118, 'history_edges': 2144, 'pos_edges': 38, 'neg_edges': 38, 'loss_recent': 1.4328273731470107, 'elapsed_sec': 19.576138142496347, 'avg_sec_per_batch': 0.19576138142496347, 'cuda_allocated_mb': 46, 'cuda_reserved_mb': 232, 'cuda_max_allocated_mb': 192}
{'event': 'train_time_group', 'epoch': 3, 'time_group': 118, 'time_groups': 118, 'batch': 117, 'batches': 118, 'time_value': 1966.0, 'group_batches': 1, 'history_edges': 3153, 'elapsed_sec': 24.772217120975256, 'cuda_allocated_mb': 45, 'cuda_reserved_mb': 232, 'cuda_max_allocated_mb': 192}
{'event': 'train_progress', 'epoch': 3, 'batch': 118, 'batches': 118, 'time_group': 118, 'time_groups': 118, 'history_edges': 3153, 'pos_edges': 91, 'neg_edges': 91, 'loss_recent': 1.9506580690294504, 'elapsed_sec': 25.16982062906027, 'avg_sec_per_batch': 0.2133035646530531, 'cuda_allocated_mb': 47, 'cuda_reserved_mb': 232, 'cuda_max_allocated_mb': 192}
{'event': 'validation_start', 'epoch': 3}
{'event': 'validation_ranking_start', 'epoch': 3, 'max_edges': 30}
{'event': 'epoch_end', 'epoch': 3, 'early_stop_metric': 'val_composite', 'val_score': 0.12298473611320207, 'val_auc': 0.5797737121582032, 'val_ap': 0.13322748651230285, 'val_ndcg': 0.7127747062700931, 'val_mrr': 0.005468913802874313, 'val_hits@1': 0.0, 'val_hits@10': 0.0, 'val_hits@50': 0.1, 'val_hits@100': 0.13333333333333333, 'elapsed_sec': 50.79846761748195}
{'candidate': 'global_relpop_frozen_enhanced_probe_h96_r12_a12_p4x4_l1_neg1_lr0p001_hp1_relpopfix48_sr0p05_sa0p001_rl0p001_m0_bpr', 'seed': 1, 'composite': nan, 'val_auc': 0.6134502410888673, 'val_ap': 0.14011439152280486, 'val_ndcg': 0.7120338996984051, 'val_mrr': 0.028487880782934575, 'val_hits@1': 0.0, 'val_hits@10': 0.05, 'val_hits@50': 0.23333333333333334, 'val_hits@100': 0.3333333333333333, 'train_loss': 2.0689386642080243, 'train_lp': 0.4352807446809138, 'train_align': 308.34889447689056, 'train_kl': 884.3378415188547, 'train_ood_reg': 0.2191893136349775, 'train_meta': 0.44047954855328897, 'train_struct_aux': 1.058101283291639, 'train_weighted_align': 1.5417444367687834, 'train_weighted_kl': 0.08843378160717123, 'train_weighted_ood_reg': 0.0002191893238933378, 'train_weighted_meta': 0.002202397695805688, 'train_weighted_struct_aux': 0.001058101335390455, 'train_rank': 0.31952479551151647, 'train_weighted_rank': 0.0003195248112714873}
{'event': 'candidate_summary', 'candidate': 'global_relpop_frozen_enhanced_probe_h96_r12_a12_p4x4_l1_neg1_lr0p001_hp1_relpopfix48_sr0p05_sa0p001_rl0p001_m0_bpr', 'score': 0.1471370011441719, 'passes_metric_minima': True, 'means': {'val_auc': 0.6134502410888673, 'val_ap': 0.14011439152280486, 'val_mrr': 0.028487880782934575, 'val_hits@10': 0.05, 'val_ndcg': 0.7120338996984051}, 'seeds_completed': 1}
{'event': 'candidate_seed_start', 'candidate': 'global_relpop_frozen_enhanced_probe_h96_r12_a12_p4x4_l1_neg1_lr0p001_hp1_relpopfix48_sr0p01_sa0p001_rl0p005_m0_bpr', 'seed': 1, 'device': 'cuda', 'node_text_device': 'cuda:0'}
{'event': 'train_seed_start', 'seed': 1, 'train_edges': 3244, 'val_edges': 6738, 'test_edges': 26719, 'num_nodes': 4197, 'num_relations': 19}
{'event': 'train_seed_tensors_ready', 'seed': 1, 'elapsed_sec': 0.005392361432313919, 'cuda_allocated_mb': 25, 'cuda_reserved_mb': 42, 'cuda_max_allocated_mb': 192}
{'event': 'train_known_facts_ready', 'seed': 1, 'scope': 'train', 'edges': 3244, 'elapsed_sec': 0.007057260721921921}
{'event': 'train_known_facts_ready', 'seed': 1, 'scope': 'train_val', 'edges': 9982, 'elapsed_sec': 0.00820765271782875}
{'event': 'train_sampler_ready', 'seed': 1, 'elapsed_sec': 0.012213971465826035}
{'event': 'val_sampler_ready', 'seed': 1, 'elapsed_sec': 0.0159541554749012}
{'event': 'epoch_start', 'epoch': 1, 'epochs': 3, 'batches': 118, 'time_groups': 118}
{'event': 'train_time_group', 'epoch': 1, 'time_group': 1, 'time_groups': 118, 'batch': 0, 'batches': 118, 'time_value': 600.0, 'group_batches': 1, 'history_edges': 0, 'elapsed_sec': 0.0054088011384010315, 'cuda_allocated_mb': 26, 'cuda_reserved_mb': 44, 'cuda_max_allocated_mb': 192}
{'event': 'train_progress', 'epoch': 1, 'batch': 1, 'batches': 118, 'time_group': 1, 'time_groups': 118, 'history_edges': 0, 'pos_edges': 1, 'neg_edges': 1, 'loss_recent': 0.6802196502685547, 'elapsed_sec': 0.13887763768434525, 'avg_sec_per_batch': 0.13887763768434525, 'cuda_allocated_mb': 44, 'cuda_reserved_mb': 90, 'cuda_max_allocated_mb': 192}
{'event': 'train_progress', 'epoch': 1, 'batch': 100, 'batches': 118, 'time_group': 100, 'time_groups': 118, 'history_edges': 2144, 'pos_edges': 38, 'neg_edges': 38, 'loss_recent': 1.738501362800598, 'elapsed_sec': 21.544211737811565, 'avg_sec_per_batch': 0.21544211737811567, 'cuda_allocated_mb': 46, 'cuda_reserved_mb': 202, 'cuda_max_allocated_mb': 192}
{'event': 'train_time_group', 'epoch': 1, 'time_group': 118, 'time_groups': 118, 'batch': 117, 'batches': 118, 'time_value': 1966.0, 'group_batches': 1, 'history_edges': 3153, 'elapsed_sec': 26.699829395860434, 'cuda_allocated_mb': 45, 'cuda_reserved_mb': 222, 'cuda_max_allocated_mb': 192}
{'event': 'train_progress', 'epoch': 1, 'batch': 118, 'batches': 118, 'time_group': 118, 'time_groups': 118, 'history_edges': 3153, 'pos_edges': 91, 'neg_edges': 91, 'loss_recent': 2.3227604350447653, 'elapsed_sec': 26.992051143199205, 'avg_sec_per_batch': 0.22874619612880684, 'cuda_allocated_mb': 48, 'cuda_reserved_mb': 222, 'cuda_max_allocated_mb': 192}
{'event': 'validation_start', 'epoch': 1}
{'event': 'validation_ranking_start', 'epoch': 1, 'max_edges': 30}
{'event': 'epoch_end', 'epoch': 1, 'early_stop_metric': 'val_composite', 'val_score': 0.1477294037149935, 'val_auc': 0.6086708068847657, 'val_ap': 0.14157928572012266, 'val_ndcg': 0.717465417711924, 'val_mrr': 0.02862485748308878, 'val_hits@1': 0.0, 'val_hits@10': 0.05, 'val_hits@50': 0.23333333333333334, 'val_hits@100': 0.31666666666666665, 'elapsed_sec': 54.43145352602005}
{'event': 'epoch_start', 'epoch': 2, 'epochs': 3, 'batches': 118, 'time_groups': 118}
{'event': 'train_time_group', 'epoch': 2, 'time_group': 1, 'time_groups': 118, 'batch': 0, 'batches': 118, 'time_value': 600.0, 'group_batches': 1, 'history_edges': 0, 'elapsed_sec': 0.018108081072568893, 'cuda_allocated_mb': 45, 'cuda_reserved_mb': 232, 'cuda_max_allocated_mb': 192}
{'event': 'train_progress', 'epoch': 2, 'batch': 1, 'batches': 118, 'time_group': 1, 'time_groups': 118, 'history_edges': 0, 'pos_edges': 1, 'neg_edges': 1, 'loss_recent': 0.5101923942565918, 'elapsed_sec': 0.1947154924273491, 'avg_sec_per_batch': 0.1947154924273491, 'cuda_allocated_mb': 45, 'cuda_reserved_mb': 232, 'cuda_max_allocated_mb': 192}
{'event': 'train_progress', 'epoch': 2, 'batch': 100, 'batches': 118, 'time_group': 100, 'time_groups': 118, 'history_edges': 2144, 'pos_edges': 38, 'neg_edges': 38, 'loss_recent': 1.5283745762705803, 'elapsed_sec': 34.82514430209994, 'avg_sec_per_batch': 0.3482514430209994, 'cuda_allocated_mb': 46, 'cuda_reserved_mb': 232, 'cuda_max_allocated_mb': 192}
{'event': 'train_time_group', 'epoch': 2, 'time_group': 118, 'time_groups': 118, 'batch': 117, 'batches': 118, 'time_value': 1966.0, 'group_batches': 1, 'history_edges': 3153, 'elapsed_sec': 43.54770855233073, 'cuda_allocated_mb': 45, 'cuda_reserved_mb': 232, 'cuda_max_allocated_mb': 192}
{'event': 'train_progress', 'epoch': 2, 'batch': 118, 'batches': 118, 'time_group': 118, 'time_groups': 118, 'history_edges': 3153, 'pos_edges': 91, 'neg_edges': 91, 'loss_recent': 2.0665444976091383, 'elapsed_sec': 44.10457458347082, 'avg_sec_per_batch': 0.3737675812158544, 'cuda_allocated_mb': 47, 'cuda_reserved_mb': 232, 'cuda_max_allocated_mb': 192}
{'event': 'validation_start', 'epoch': 2}
{'event': 'validation_ranking_start', 'epoch': 2, 'max_edges': 30}
{'event': 'epoch_end', 'epoch': 2, 'early_stop_metric': 'val_composite', 'val_score': 0.133252311579371, 'val_auc': 0.5877933502197266, 'val_ap': 0.13879070055480008, 'val_ndcg': 0.7130394906185004, 'val_mrr': 0.010146846513295928, 'val_hits@1': 0.0, 'val_hits@10': 0.03333333333333333, 'val_hits@50': 0.15, 'val_hits@100': 0.18333333333333332, 'elapsed_sec': 79.71297052502632}
{'event': 'epoch_start', 'epoch': 3, 'epochs': 3, 'batches': 118, 'time_groups': 118}
{'event': 'train_time_group', 'epoch': 3, 'time_group': 1, 'time_groups': 118, 'batch': 0, 'batches': 118, 'time_value': 600.0, 'group_batches': 1, 'history_edges': 0, 'elapsed_sec': 0.011907126754522324, 'cuda_allocated_mb': 45, 'cuda_reserved_mb': 232, 'cuda_max_allocated_mb': 192}
{'event': 'train_progress', 'epoch': 3, 'batch': 1, 'batches': 118, 'time_group': 1, 'time_groups': 118, 'history_edges': 0, 'pos_edges': 1, 'neg_edges': 1, 'loss_recent': 0.7973966598510742, 'elapsed_sec': 0.2022840604186058, 'avg_sec_per_batch': 0.2022840604186058, 'cuda_allocated_mb': 45, 'cuda_reserved_mb': 232, 'cuda_max_allocated_mb': 192}
{'event': 'train_progress', 'epoch': 3, 'batch': 100, 'batches': 118, 'time_group': 100, 'time_groups': 118, 'history_edges': 2144, 'pos_edges': 38, 'neg_edges': 38, 'loss_recent': 1.4332242895662786, 'elapsed_sec': 31.131797272711992, 'avg_sec_per_batch': 0.3113179727271199, 'cuda_allocated_mb': 46, 'cuda_reserved_mb': 232, 'cuda_max_allocated_mb': 192}
{'event': 'train_time_group', 'epoch': 3, 'time_group': 118, 'time_groups': 118, 'batch': 117, 'batches': 118, 'time_value': 1966.0, 'group_batches': 1, 'history_edges': 3153, 'elapsed_sec': 37.972032494843006, 'cuda_allocated_mb': 45, 'cuda_reserved_mb': 232, 'cuda_max_allocated_mb': 192}
{'event': 'train_progress', 'epoch': 3, 'batch': 118, 'batches': 118, 'time_group': 118, 'time_groups': 118, 'history_edges': 3153, 'pos_edges': 91, 'neg_edges': 91, 'loss_recent': 1.9571301034092903, 'elapsed_sec': 38.45323842391372, 'avg_sec_per_batch': 0.3258749018975739, 'cuda_allocated_mb': 47, 'cuda_reserved_mb': 232, 'cuda_max_allocated_mb': 192}
{'event': 'validation_start', 'epoch': 3}
{'event': 'validation_ranking_start', 'epoch': 3, 'max_edges': 30}
{'event': 'epoch_end', 'epoch': 3, 'early_stop_metric': 'val_composite', 'val_score': 0.1204877031229748, 'val_auc': 0.5551795959472656, 'val_ap': 0.1259763905605872, 'val_ndcg': 0.7051317532384755, 'val_mrr': 0.006638178835351732, 'val_hits@1': 0.0, 'val_hits@10': 0.0, 'val_hits@50': 0.11666666666666667, 'val_hits@100': 0.11666666666666667, 'elapsed_sec': 68.0953828766942}
{'candidate': 'global_relpop_frozen_enhanced_probe_h96_r12_a12_p4x4_l1_neg1_lr0p001_hp1_relpopfix48_sr0p01_sa0p001_rl0p005_m0_bpr', 'seed': 1, 'composite': nan, 'val_auc': 0.6086708068847657, 'val_ap': 0.14157928572012266, 'val_ndcg': 0.717465417711924, 'val_mrr': 0.02862485748308878, 'val_hits@1': 0.0, 'val_hits@10': 0.05, 'val_hits@50': 0.23333333333333334, 'val_hits@100': 0.31666666666666665, 'train_loss': 2.0737425129292375, 'train_lp': 0.43702405842684083, 'train_align': 309.02426278793206, 'train_kl': 882.2298395835747, 'train_ood_reg': 0.21940359511112761, 'train_meta': 0.44219451653376474, 'train_struct_aux': 0.9438288295167988, 'train_weighted_align': 1.545121282773187, 'train_weighted_kl': 0.08822298178575554, 'train_weighted_ood_reg': 0.00021940360577792813, 'train_weighted_meta': 0.002210972529749181, 'train_weighted_struct_aux': 0.0009438288713789592, 'train_rank': 0.32063814757739084, 'train_weighted_rank': 0.001603190695385496}
{'event': 'candidate_summary', 'candidate': 'global_relpop_frozen_enhanced_probe_h96_r12_a12_p4x4_l1_neg1_lr0p001_hp1_relpopfix48_sr0p01_sa0p001_rl0p005_m0_bpr', 'score': 0.1477294037149935, 'passes_metric_minima': True, 'means': {'val_auc': 0.6086708068847657, 'val_ap': 0.14157928572012266, 'val_mrr': 0.02862485748308878, 'val_hits@10': 0.05, 'val_ndcg': 0.717465417711924}, 'seeds_completed': 1}
{'event': 'candidate_seed_start', 'candidate': 'global_relpop_frozen_enhanced_probe_h96_r12_a12_p4x4_l1_neg1_lr0p001_hp1_relpopfix48_sr0p05_sa0p001_rl0p005_m0_bpr', 'seed': 1, 'device': 'cuda', 'node_text_device': 'cuda:0'}
{'event': 'train_seed_start', 'seed': 1, 'train_edges': 3244, 'val_edges': 6738, 'test_edges': 26719, 'num_nodes': 4197, 'num_relations': 19}
{'event': 'train_seed_tensors_ready', 'seed': 1, 'elapsed_sec': 0.018859248608350754, 'cuda_allocated_mb': 25, 'cuda_reserved_mb': 42, 'cuda_max_allocated_mb': 192}
{'event': 'train_known_facts_ready', 'seed': 1, 'scope': 'train', 'edges': 3244, 'elapsed_sec': 0.020841900259256363}
{'event': 'train_known_facts_ready', 'seed': 1, 'scope': 'train_val', 'edges': 9982, 'elapsed_sec': 0.02218681573867798}
{'event': 'train_sampler_ready', 'seed': 1, 'elapsed_sec': 0.027260474860668182}
{'event': 'val_sampler_ready', 'seed': 1, 'elapsed_sec': 0.031025726348161697}
{'event': 'epoch_start', 'epoch': 1, 'epochs': 3, 'batches': 118, 'time_groups': 118}
{'event': 'train_time_group', 'epoch': 1, 'time_group': 1, 'time_groups': 118, 'batch': 0, 'batches': 118, 'time_value': 600.0, 'group_batches': 1, 'history_edges': 0, 'elapsed_sec': 0.005631532520055771, 'cuda_allocated_mb': 26, 'cuda_reserved_mb': 44, 'cuda_max_allocated_mb': 192}
{'event': 'train_progress', 'epoch': 1, 'batch': 1, 'batches': 118, 'time_group': 1, 'time_groups': 118, 'history_edges': 0, 'pos_edges': 1, 'neg_edges': 1, 'loss_recent': 0.6799085140228271, 'elapsed_sec': 0.1556292288005352, 'avg_sec_per_batch': 0.1556292288005352, 'cuda_allocated_mb': 44, 'cuda_reserved_mb': 90, 'cuda_max_allocated_mb': 192}
{'event': 'train_progress', 'epoch': 1, 'batch': 100, 'batches': 118, 'time_group': 100, 'time_groups': 118, 'history_edges': 2144, 'pos_edges': 38, 'neg_edges': 38, 'loss_recent': 1.7351562243700027, 'elapsed_sec': 23.62890189141035, 'avg_sec_per_batch': 0.2362890189141035, 'cuda_allocated_mb': 46, 'cuda_reserved_mb': 202, 'cuda_max_allocated_mb': 192}
{'event': 'train_time_group', 'epoch': 1, 'time_group': 118, 'time_groups': 118, 'batch': 117, 'batches': 118, 'time_value': 1966.0, 'group_batches': 1, 'history_edges': 3153, 'elapsed_sec': 28.413497634232044, 'cuda_allocated_mb': 45, 'cuda_reserved_mb': 222, 'cuda_max_allocated_mb': 192}
{'event': 'train_progress', 'epoch': 1, 'batch': 118, 'batches': 118, 'time_group': 118, 'time_groups': 118, 'history_edges': 3153, 'pos_edges': 91, 'neg_edges': 91, 'loss_recent': 2.317593097984791, 'elapsed_sec': 28.793597236275673, 'avg_sec_per_batch': 0.2440135359006413, 'cuda_allocated_mb': 48, 'cuda_reserved_mb': 222, 'cuda_max_allocated_mb': 192}
{'event': 'validation_start', 'epoch': 1}
{'event': 'validation_ranking_start', 'epoch': 1, 'max_edges': 30}
{'event': 'epoch_end', 'epoch': 1, 'early_stop_metric': 'val_composite', 'val_score': 0.14716384486239156, 'val_auc': 0.6136344909667969, 'val_ap': 0.14017550004517226, 'val_ndcg': 0.7120695292866812, 'val_mrr': 0.02849768475721554, 'val_hits@1': 0.0, 'val_hits@10': 0.05, 'val_hits@50': 0.23333333333333334, 'val_hits@100': 0.3333333333333333, 'elapsed_sec': 50.62651510164142}
{'event': 'epoch_start', 'epoch': 2, 'epochs': 3, 'batches': 118, 'time_groups': 118}
{'event': 'train_time_group', 'epoch': 2, 'time_group': 1, 'time_groups': 118, 'batch': 0, 'batches': 118, 'time_value': 600.0, 'group_batches': 1, 'history_edges': 0, 'elapsed_sec': 0.010004900395870209, 'cuda_allocated_mb': 45, 'cuda_reserved_mb': 232, 'cuda_max_allocated_mb': 192}
{'event': 'train_progress', 'epoch': 2, 'batch': 1, 'batches': 118, 'time_group': 1, 'time_groups': 118, 'history_edges': 0, 'pos_edges': 1, 'neg_edges': 1, 'loss_recent': 0.4982334077358246, 'elapsed_sec': 0.15816589444875717, 'avg_sec_per_batch': 0.15816589444875717, 'cuda_allocated_mb': 45, 'cuda_reserved_mb': 232, 'cuda_max_allocated_mb': 192}
{'event': 'train_progress', 'epoch': 2, 'batch': 100, 'batches': 118, 'time_group': 100, 'time_groups': 118, 'history_edges': 2144, 'pos_edges': 38, 'neg_edges': 38, 'loss_recent': 1.516952755600214, 'elapsed_sec': 23.929337572306395, 'avg_sec_per_batch': 0.23929337572306394, 'cuda_allocated_mb': 46, 'cuda_reserved_mb': 232, 'cuda_max_allocated_mb': 192}
{'event': 'train_time_group', 'epoch': 2, 'time_group': 118, 'time_groups': 118, 'batch': 117, 'batches': 118, 'time_value': 1966.0, 'group_batches': 1, 'history_edges': 3153, 'elapsed_sec': 30.87975975126028, 'cuda_allocated_mb': 45, 'cuda_reserved_mb': 232, 'cuda_max_allocated_mb': 192}
{'event': 'train_progress', 'epoch': 2, 'batch': 118, 'batches': 118, 'time_group': 118, 'time_groups': 118, 'history_edges': 3153, 'pos_edges': 91, 'neg_edges': 91, 'loss_recent': 2.0541038160026073, 'elapsed_sec': 31.315059062093496, 'avg_sec_per_batch': 0.26538185645841944, 'cuda_allocated_mb': 47, 'cuda_reserved_mb': 232, 'cuda_max_allocated_mb': 192}
{'event': 'validation_start', 'epoch': 2}
{'event': 'validation_ranking_start', 'epoch': 2, 'max_edges': 30}
{'event': 'epoch_end', 'epoch': 2, 'early_stop_metric': 'val_composite', 'val_score': 0.13207855933832852, 'val_auc': 0.5811744689941406, 'val_ap': 0.13712645626582715, 'val_ndcg': 0.7122198956576358, 'val_mrr': 0.009124422432634312, 'val_hits@1': 0.0, 'val_hits@10': 0.03333333333333333, 'val_hits@50': 0.15, 'val_hits@100': 0.2, 'elapsed_sec': 61.392536237835884}
{'event': 'epoch_start', 'epoch': 3, 'epochs': 3, 'batches': 118, 'time_groups': 118}
{'event': 'train_time_group', 'epoch': 3, 'time_group': 1, 'time_groups': 118, 'batch': 0, 'batches': 118, 'time_value': 600.0, 'group_batches': 1, 'history_edges': 0, 'elapsed_sec': 0.010179948061704636, 'cuda_allocated_mb': 45, 'cuda_reserved_mb': 232, 'cuda_max_allocated_mb': 192}
{'event': 'train_progress', 'epoch': 3, 'batch': 1, 'batches': 118, 'time_group': 1, 'time_groups': 118, 'history_edges': 0, 'pos_edges': 1, 'neg_edges': 1, 'loss_recent': 0.78952956199646, 'elapsed_sec': 0.17619841918349266, 'avg_sec_per_batch': 0.17619841918349266, 'cuda_allocated_mb': 45, 'cuda_reserved_mb': 232, 'cuda_max_allocated_mb': 192}
{'event': 'train_progress', 'epoch': 3, 'batch': 100, 'batches': 118, 'time_group': 100, 'time_groups': 118, 'history_edges': 2144, 'pos_edges': 38, 'neg_edges': 38, 'loss_recent': 1.4315179842337966, 'elapsed_sec': 28.307477835565805, 'avg_sec_per_batch': 0.28307477835565803, 'cuda_allocated_mb': 46, 'cuda_reserved_mb': 232, 'cuda_max_allocated_mb': 192}
{'event': 'train_time_group', 'epoch': 3, 'time_group': 118, 'time_groups': 118, 'batch': 117, 'batches': 118, 'time_value': 1966.0, 'group_batches': 1, 'history_edges': 3153, 'elapsed_sec': 35.512681778520346, 'cuda_allocated_mb': 45, 'cuda_reserved_mb': 232, 'cuda_max_allocated_mb': 192}
{'event': 'train_progress', 'epoch': 3, 'batch': 118, 'batches': 118, 'time_group': 118, 'time_groups': 118, 'history_edges': 3153, 'pos_edges': 91, 'neg_edges': 91, 'loss_recent': 1.9484053248539568, 'elapsed_sec': 35.92079088836908, 'avg_sec_per_batch': 0.3044134821048227, 'cuda_allocated_mb': 47, 'cuda_reserved_mb': 232, 'cuda_max_allocated_mb': 192}
{'event': 'validation_start', 'epoch': 3}
{'event': 'validation_ranking_start', 'epoch': 3, 'max_edges': 30}
{'event': 'epoch_end', 'epoch': 3, 'early_stop_metric': 'val_composite', 'val_score': 0.1255376151298354, 'val_auc': 0.5915271759033203, 'val_ap': 0.13994608287481267, 'val_ndcg': 0.7177109072725485, 'val_mrr': 0.006396506352385268, 'val_hits@1': 0.0, 'val_hits@10': 0.0, 'val_hits@50': 0.11666666666666667, 'val_hits@100': 0.13333333333333333, 'elapsed_sec': 66.42228315770626}
{'candidate': 'global_relpop_frozen_enhanced_probe_h96_r12_a12_p4x4_l1_neg1_lr0p001_hp1_relpopfix48_sr0p05_sa0p001_rl0p005_m0_bpr', 'seed': 1, 'composite': nan, 'val_auc': 0.6136344909667969, 'val_ap': 0.14017550004517226, 'val_ndcg': 0.7120695292866812, 'val_mrr': 0.02849768475721554, 'val_hits@1': 0.0, 'val_hits@10': 0.05, 'val_hits@50': 0.23333333333333334, 'val_hits@100': 0.3333333333333333, 'train_loss': 2.0690639165498443, 'train_lp': 0.4352218877460997, 'train_align': 308.37388557296686, 'train_kl': 884.8862509323379, 'train_ood_reg': 0.21918884260674654, 'train_meta': 0.4404258664255425, 'train_struct_aux': 1.0627055248971713, 'train_weighted_align': 1.54186939022709, 'train_weighted_kl': 0.08848862319995286, 'train_weighted_ood_reg': 0.00021918885292923393, 'train_weighted_meta': 0.002202129276850166, 'train_weighted_struct_aux': 0.0010627055781404094, 'train_rank': 0.3194068125370195, 'train_weighted_rank': 0.0015970340234886507}
{'event': 'candidate_summary', 'candidate': 'global_relpop_frozen_enhanced_probe_h96_r12_a12_p4x4_l1_neg1_lr0p001_hp1_relpopfix48_sr0p05_sa0p001_rl0p005_m0_bpr', 'score': 0.14716384486239156, 'passes_metric_minima': True, 'means': {'val_auc': 0.6136344909667969, 'val_ap': 0.14017550004517226, 'val_mrr': 0.02849768475721554, 'val_hits@10': 0.05, 'val_ndcg': 0.7120695292866812}, 'seeds_completed': 1}
{'event': 'candidate_seed_start', 'candidate': 'global_relpop_frozen_enhanced_probe_h96_r12_a12_p4x4_l1_neg1_lr0p001_hp2_relpopfix48_sr0p01_sa0p001_rl0p001_m0_bpr', 'seed': 1, 'device': 'cuda', 'node_text_device': 'cuda:0'}
{'event': 'train_seed_start', 'seed': 1, 'train_edges': 3244, 'val_edges': 6738, 'test_edges': 26719, 'num_nodes': 4197, 'num_relations': 19}
{'event': 'train_seed_tensors_ready', 'seed': 1, 'elapsed_sec': 0.032490700483322144, 'cuda_allocated_mb': 25, 'cuda_reserved_mb': 42, 'cuda_max_allocated_mb': 192}
{'event': 'train_known_facts_ready', 'seed': 1, 'scope': 'train', 'edges': 3244, 'elapsed_sec': 0.03406519815325737}
{'event': 'train_known_facts_ready', 'seed': 1, 'scope': 'train_val', 'edges': 9982, 'elapsed_sec': 0.04776563495397568}
{'event': 'train_sampler_ready', 'seed': 1, 'elapsed_sec': 0.05233103409409523}
{'event': 'val_sampler_ready', 'seed': 1, 'elapsed_sec': 0.05723552405834198}
{'event': 'epoch_start', 'epoch': 1, 'epochs': 3, 'batches': 118, 'time_groups': 118}
{'event': 'train_time_group', 'epoch': 1, 'time_group': 1, 'time_groups': 118, 'batch': 0, 'batches': 118, 'time_value': 600.0, 'group_batches': 1, 'history_edges': 0, 'elapsed_sec': 0.00626252219080925, 'cuda_allocated_mb': 26, 'cuda_reserved_mb': 44, 'cuda_max_allocated_mb': 192}
{'event': 'train_progress', 'epoch': 1, 'batch': 1, 'batches': 118, 'time_group': 1, 'time_groups': 118, 'history_edges': 0, 'pos_edges': 1, 'neg_edges': 1, 'loss_recent': 0.6802196502685547, 'elapsed_sec': 0.16171615943312645, 'avg_sec_per_batch': 0.16171615943312645, 'cuda_allocated_mb': 44, 'cuda_reserved_mb': 90, 'cuda_max_allocated_mb': 192}
{'event': 'train_progress', 'epoch': 1, 'batch': 100, 'batches': 118, 'time_group': 100, 'time_groups': 118, 'history_edges': 2144, 'pos_edges': 38, 'neg_edges': 38, 'loss_recent': 1.7145424821972848, 'elapsed_sec': 32.5443664714694, 'avg_sec_per_batch': 0.32544366471469405, 'cuda_allocated_mb': 46, 'cuda_reserved_mb': 202, 'cuda_max_allocated_mb': 192}
{'event': 'train_time_group', 'epoch': 1, 'time_group': 118, 'time_groups': 118, 'batch': 117, 'batches': 118, 'time_value': 1966.0, 'group_batches': 1, 'history_edges': 3153, 'elapsed_sec': 41.364529862999916, 'cuda_allocated_mb': 45, 'cuda_reserved_mb': 222, 'cuda_max_allocated_mb': 192}
{'event': 'train_progress', 'epoch': 1, 'batch': 118, 'batches': 118, 'time_group': 118, 'time_groups': 118, 'history_edges': 3153, 'pos_edges': 91, 'neg_edges': 91, 'loss_recent': 2.2989335000514983, 'elapsed_sec': 41.97103110700846, 'avg_sec_per_batch': 0.35568670429668187, 'cuda_allocated_mb': 48, 'cuda_reserved_mb': 222, 'cuda_max_allocated_mb': 192}
{'event': 'validation_start', 'epoch': 1}
{'event': 'validation_ranking_start', 'epoch': 1, 'max_edges': 30}
{'event': 'epoch_end', 'epoch': 1, 'early_stop_metric': 'val_composite', 'val_score': 0.15113548953164946, 'val_auc': 0.618719482421875, 'val_ap': 0.1431234346770388, 'val_ndcg': 0.7110599026860026, 'val_mrr': 0.021916686547465928, 'val_hits@1': 0.0, 'val_hits@10': 0.08333333333333333, 'val_hits@50': 0.23333333333333334, 'val_hits@100': 0.4, 'elapsed_sec': 76.15386432781816}
{'event': 'epoch_start', 'epoch': 2, 'epochs': 3, 'batches': 118, 'time_groups': 118}
{'event': 'train_time_group', 'epoch': 2, 'time_group': 1, 'time_groups': 118, 'batch': 0, 'batches': 118, 'time_value': 600.0, 'group_batches': 1, 'history_edges': 0, 'elapsed_sec': 0.011755097657442093, 'cuda_allocated_mb': 45, 'cuda_reserved_mb': 232, 'cuda_max_allocated_mb': 192}
{'event': 'train_progress', 'epoch': 2, 'batch': 1, 'batches': 118, 'time_group': 1, 'time_groups': 118, 'history_edges': 0, 'pos_edges': 1, 'neg_edges': 1, 'loss_recent': 0.5780823826789856, 'elapsed_sec': 0.22746866568922997, 'avg_sec_per_batch': 0.22746866568922997, 'cuda_allocated_mb': 45, 'cuda_reserved_mb': 232, 'cuda_max_allocated_mb': 192}
{'event': 'train_progress', 'epoch': 2, 'batch': 100, 'batches': 118, 'time_group': 100, 'time_groups': 118, 'history_edges': 2144, 'pos_edges': 38, 'neg_edges': 38, 'loss_recent': 1.5311539789289237, 'elapsed_sec': 32.689218021929264, 'avg_sec_per_batch': 0.3268921802192926, 'cuda_allocated_mb': 46, 'cuda_reserved_mb': 232, 'cuda_max_allocated_mb': 192}
{'event': 'train_time_group', 'epoch': 2, 'time_group': 118, 'time_groups': 118, 'batch': 117, 'batches': 118, 'time_value': 1966.0, 'group_batches': 1, 'history_edges': 3153, 'elapsed_sec': 40.53716757893562, 'cuda_allocated_mb': 45, 'cuda_reserved_mb': 232, 'cuda_max_allocated_mb': 192}
{'event': 'train_progress', 'epoch': 2, 'batch': 118, 'batches': 118, 'time_group': 118, 'time_groups': 118, 'history_edges': 3153, 'pos_edges': 91, 'neg_edges': 91, 'loss_recent': 2.0646042545884846, 'elapsed_sec': 41.24125146120787, 'avg_sec_per_batch': 0.3495021310271853, 'cuda_allocated_mb': 47, 'cuda_reserved_mb': 232, 'cuda_max_allocated_mb': 192}
{'event': 'validation_start', 'epoch': 2}
{'event': 'validation_ranking_start', 'epoch': 2, 'max_edges': 30}
{'event': 'epoch_end', 'epoch': 2, 'early_stop_metric': 'val_composite', 'val_score': 0.13183348776035433, 'val_auc': 0.579754638671875, 'val_ap': 0.13420847570480304, 'val_ndcg': 0.7088800276888618, 'val_mrr': 0.01031963007097455, 'val_hits@1': 0.0, 'val_hits@10': 0.03333333333333333, 'val_hits@50': 0.13333333333333333, 'val_hits@100': 0.21666666666666667, 'elapsed_sec': 77.05988328903913}
{'event': 'epoch_start', 'epoch': 3, 'epochs': 3, 'batches': 118, 'time_groups': 118}
{'event': 'train_time_group', 'epoch': 3, 'time_group': 1, 'time_groups': 118, 'batch': 0, 'batches': 118, 'time_value': 600.0, 'group_batches': 1, 'history_edges': 0, 'elapsed_sec': 0.011835906654596329, 'cuda_allocated_mb': 45, 'cuda_reserved_mb': 232, 'cuda_max_allocated_mb': 192}
{'event': 'train_progress', 'epoch': 3, 'batch': 1, 'batches': 118, 'time_group': 1, 'time_groups': 118, 'history_edges': 0, 'pos_edges': 1, 'neg_edges': 1, 'loss_recent': 0.8092438578605652, 'elapsed_sec': 0.24054700508713722, 'avg_sec_per_batch': 0.24054700508713722, 'cuda_allocated_mb': 45, 'cuda_reserved_mb': 232, 'cuda_max_allocated_mb': 192}
{'event': 'train_progress', 'epoch': 3, 'batch': 100, 'batches': 118, 'time_group': 100, 'time_groups': 118, 'history_edges': 2144, 'pos_edges': 38, 'neg_edges': 38, 'loss_recent': 1.40735371761024, 'elapsed_sec': 36.83086470142007, 'avg_sec_per_batch': 0.3683086470142007, 'cuda_allocated_mb': 46, 'cuda_reserved_mb': 232, 'cuda_max_allocated_mb': 192}
{'event': 'train_time_group', 'epoch': 3, 'time_group': 118, 'time_groups': 118, 'batch': 117, 'batches': 118, 'time_value': 1966.0, 'group_batches': 1, 'history_edges': 3153, 'elapsed_sec': 46.45195274800062, 'cuda_allocated_mb': 45, 'cuda_reserved_mb': 232, 'cuda_max_allocated_mb': 192}
{'event': 'train_progress', 'epoch': 3, 'batch': 118, 'batches': 118, 'time_group': 118, 'time_groups': 118, 'history_edges': 3153, 'pos_edges': 91, 'neg_edges': 91, 'loss_recent': 1.9351831682026386, 'elapsed_sec': 47.1895642504096, 'avg_sec_per_batch': 0.3999115614441492, 'cuda_allocated_mb': 47, 'cuda_reserved_mb': 232, 'cuda_max_allocated_mb': 192}
{'event': 'validation_start', 'epoch': 3}
{'event': 'validation_ranking_start', 'epoch': 3, 'max_edges': 30}
{'event': 'epoch_end', 'epoch': 3, 'early_stop_metric': 'val_composite', 'val_score': 0.13169405500219616, 'val_auc': 0.6080772399902343, 'val_ap': 0.14672149470742354, 'val_ndcg': 0.7173700349081474, 'val_mrr': 0.008423263944845653, 'val_hits@1': 0.0, 'val_hits@10': 0.016666666666666666, 'val_hits@50': 0.13333333333333333, 'val_hits@100': 0.2, 'elapsed_sec': 85.51294181123376}
{'candidate': 'global_relpop_frozen_enhanced_probe_h96_r12_a12_p4x4_l1_neg1_lr0p001_hp2_relpopfix48_sr0p01_sa0p001_rl0p001_m0_bpr', 'seed': 1, 'composite': nan, 'val_auc': 0.618719482421875, 'val_ap': 0.1431234346770388, 'val_ndcg': 0.7110599026860026, 'val_mrr': 0.021916686547465928, 'val_hits@1': 0.0, 'val_hits@10': 0.08333333333333333, 'val_hits@50': 0.23333333333333334, 'val_hits@100': 0.4, 'train_loss': 2.05122653331797, 'train_lp': 0.4206266273128784, 'train_align': 308.1687367023048, 'train_kl': 865.9888880454888, 'train_ood_reg': 0.22143294422303217, 'train_meta': 0.424707064941778, 'train_struct_aux': 0.8124052819054005, 'train_weighted_align': 1.5408436591910608, 'train_weighted_kl': 0.08659888645318353, 'train_weighted_ood_reg': 0.00022143295458498238, 'train_weighted_meta': 0.0021235352829473597, 'train_weighted_struct_aux': 0.0008124053217786349, 'train_rank': 0.2806642048566018, 'train_weighted_rank': 0.00028066421842687936}
{'event': 'candidate_summary', 'candidate': 'global_relpop_frozen_enhanced_probe_h96_r12_a12_p4x4_l1_neg1_lr0p001_hp2_relpopfix48_sr0p01_sa0p001_rl0p001_m0_bpr', 'score': 0.15113548953164946, 'passes_metric_minima': True, 'means': {'val_auc': 0.618719482421875, 'val_ap': 0.1431234346770388, 'val_mrr': 0.021916686547465928, 'val_hits@10': 0.08333333333333333, 'val_ndcg': 0.7110599026860026}, 'seeds_completed': 1}
{'event': 'candidate_seed_start', 'candidate': 'global_relpop_frozen_enhanced_probe_h96_r12_a12_p4x4_l1_neg1_lr0p001_hp2_relpopfix48_sr0p05_sa0p001_rl0p001_m0_bpr', 'seed': 1, 'device': 'cuda', 'node_text_device': 'cuda:0'}
{'event': 'train_seed_start', 'seed': 1, 'train_edges': 3244, 'val_edges': 6738, 'test_edges': 26719, 'num_nodes': 4197, 'num_relations': 19}
{'event': 'train_seed_tensors_ready', 'seed': 1, 'elapsed_sec': 0.04553563892841339, 'cuda_allocated_mb': 25, 'cuda_reserved_mb': 42, 'cuda_max_allocated_mb': 192}
{'event': 'train_known_facts_ready', 'seed': 1, 'scope': 'train', 'edges': 3244, 'elapsed_sec': 0.0477684810757637}
{'event': 'train_known_facts_ready', 'seed': 1, 'scope': 'train_val', 'edges': 9982, 'elapsed_sec': 0.04966336116194725}
{'event': 'train_sampler_ready', 'seed': 1, 'elapsed_sec': 0.05720531940460205}
{'event': 'val_sampler_ready', 'seed': 1, 'elapsed_sec': 0.06421896070241928}
{'event': 'epoch_start', 'epoch': 1, 'epochs': 3, 'batches': 118, 'time_groups': 118}
{'event': 'train_time_group', 'epoch': 1, 'time_group': 1, 'time_groups': 118, 'batch': 0, 'batches': 118, 'time_value': 600.0, 'group_batches': 1, 'history_edges': 0, 'elapsed_sec': 0.0055347830057144165, 'cuda_allocated_mb': 26, 'cuda_reserved_mb': 44, 'cuda_max_allocated_mb': 192}
{'event': 'train_progress', 'epoch': 1, 'batch': 1, 'batches': 118, 'time_group': 1, 'time_groups': 118, 'history_edges': 0, 'pos_edges': 1, 'neg_edges': 1, 'loss_recent': 0.6799085140228271, 'elapsed_sec': 0.17033720016479492, 'avg_sec_per_batch': 0.17033720016479492, 'cuda_allocated_mb': 44, 'cuda_reserved_mb': 90, 'cuda_max_allocated_mb': 192}
{'event': 'train_progress', 'epoch': 1, 'batch': 100, 'batches': 118, 'time_group': 100, 'time_groups': 118, 'history_edges': 2144, 'pos_edges': 38, 'neg_edges': 38, 'loss_recent': 1.711630952656269, 'elapsed_sec': 29.40431598201394, 'avg_sec_per_batch': 0.2940431598201394, 'cuda_allocated_mb': 46, 'cuda_reserved_mb': 202, 'cuda_max_allocated_mb': 192}
{'event': 'train_time_group', 'epoch': 1, 'time_group': 118, 'time_groups': 118, 'batch': 117, 'batches': 118, 'time_value': 1966.0, 'group_batches': 1, 'history_edges': 3153, 'elapsed_sec': 36.81167732551694, 'cuda_allocated_mb': 45, 'cuda_reserved_mb': 222, 'cuda_max_allocated_mb': 192}
{'event': 'train_progress', 'epoch': 1, 'batch': 118, 'batches': 118, 'time_group': 118, 'time_groups': 118, 'history_edges': 3153, 'pos_edges': 91, 'neg_edges': 91, 'loss_recent': 2.296159119307995, 'elapsed_sec': 37.401173409074545, 'avg_sec_per_batch': 0.3169590966870724, 'cuda_allocated_mb': 48, 'cuda_reserved_mb': 222, 'cuda_max_allocated_mb': 192}
{'event': 'validation_start', 'epoch': 1}
{'event': 'validation_ranking_start', 'epoch': 1, 'max_edges': 30}
{'event': 'epoch_end', 'epoch': 1, 'early_stop_metric': 'val_composite', 'val_score': 0.14819101137272028, 'val_auc': 0.6186164855957031, 'val_ap': 0.14327313410702, 'val_ndcg': 0.7113219083992014, 'val_mrr': 0.022607385607257273, 'val_hits@1': 0.0, 'val_hits@10': 0.06666666666666667, 'val_hits@50': 0.23333333333333334, 'val_hits@100': 0.4, 'elapsed_sec': 68.62954014912248}
{'event': 'epoch_start', 'epoch': 2, 'epochs': 3, 'batches': 118, 'time_groups': 118}
{'event': 'train_time_group', 'epoch': 2, 'time_group': 1, 'time_groups': 118, 'batch': 0, 'batches': 118, 'time_value': 600.0, 'group_batches': 1, 'history_edges': 0, 'elapsed_sec': 0.010474823415279388, 'cuda_allocated_mb': 45, 'cuda_reserved_mb': 232, 'cuda_max_allocated_mb': 192}
{'event': 'train_progress', 'epoch': 2, 'batch': 1, 'batches': 118, 'time_group': 1, 'time_groups': 118, 'history_edges': 0, 'pos_edges': 1, 'neg_edges': 1, 'loss_recent': 0.567330539226532, 'elapsed_sec': 0.20465095713734627, 'avg_sec_per_batch': 0.20465095713734627, 'cuda_allocated_mb': 45, 'cuda_reserved_mb': 232, 'cuda_max_allocated_mb': 192}
{'event': 'train_progress', 'epoch': 2, 'batch': 100, 'batches': 118, 'time_group': 100, 'time_groups': 118, 'history_edges': 2144, 'pos_edges': 38, 'neg_edges': 38, 'loss_recent': 1.5285090754181148, 'elapsed_sec': 27.12388901412487, 'avg_sec_per_batch': 0.2712388901412487, 'cuda_allocated_mb': 46, 'cuda_reserved_mb': 232, 'cuda_max_allocated_mb': 192}
{'event': 'train_time_group', 'epoch': 2, 'time_group': 118, 'time_groups': 118, 'batch': 117, 'batches': 118, 'time_value': 1966.0, 'group_batches': 1, 'history_edges': 3153, 'elapsed_sec': 33.60320774465799, 'cuda_allocated_mb': 45, 'cuda_reserved_mb': 232, 'cuda_max_allocated_mb': 192}
{'event': 'train_progress', 'epoch': 2, 'batch': 118, 'batches': 118, 'time_group': 118, 'time_groups': 118, 'history_edges': 3153, 'pos_edges': 91, 'neg_edges': 91, 'loss_recent': 2.065487569645047, 'elapsed_sec': 34.0057044364512, 'avg_sec_per_batch': 0.28818393590212876, 'cuda_allocated_mb': 47, 'cuda_reserved_mb': 232, 'cuda_max_allocated_mb': 192}
{'event': 'validation_start', 'epoch': 2}
{'event': 'validation_ranking_start', 'epoch': 2, 'max_edges': 30}
{'event': 'epoch_end', 'epoch': 2, 'early_stop_metric': 'val_composite', 'val_score': 0.12223815919461561, 'val_auc': 0.536212158203125, 'val_ap': 0.11772656936256587, 'val_ndcg': 0.694877309436244, 'val_mrr': 0.009895003206233492, 'val_hits@1': 0.0, 'val_hits@10': 0.016666666666666666, 'val_hits@50': 0.13333333333333333, 'val_hits@100': 0.21666666666666667, 'elapsed_sec': 62.51021680980921}
{'event': 'epoch_start', 'epoch': 3, 'epochs': 3, 'batches': 118, 'time_groups': 118}
{'event': 'train_time_group', 'epoch': 3, 'time_group': 1, 'time_groups': 118, 'batch': 0, 'batches': 118, 'time_value': 600.0, 'group_batches': 1, 'history_edges': 0, 'elapsed_sec': 0.010263670235872269, 'cuda_allocated_mb': 45, 'cuda_reserved_mb': 232, 'cuda_max_allocated_mb': 192}
{'event': 'train_progress', 'epoch': 3, 'batch': 1, 'batches': 118, 'time_group': 1, 'time_groups': 118, 'history_edges': 0, 'pos_edges': 1, 'neg_edges': 1, 'loss_recent': 0.8006895780563354, 'elapsed_sec': 0.1960444115102291, 'avg_sec_per_batch': 0.1960444115102291, 'cuda_allocated_mb': 45, 'cuda_reserved_mb': 232, 'cuda_max_allocated_mb': 192}
{'event': 'train_progress', 'epoch': 3, 'batch': 100, 'batches': 118, 'time_group': 100, 'time_groups': 118, 'history_edges': 2144, 'pos_edges': 38, 'neg_edges': 38, 'loss_recent': 1.4267858022078872, 'elapsed_sec': 26.734953556209803, 'avg_sec_per_batch': 0.267349535562098, 'cuda_allocated_mb': 46, 'cuda_reserved_mb': 232, 'cuda_max_allocated_mb': 192}
{'event': 'train_time_group', 'epoch': 3, 'time_group': 118, 'time_groups': 118, 'batch': 117, 'batches': 118, 'time_value': 1966.0, 'group_batches': 1, 'history_edges': 3153, 'elapsed_sec': 34.9138521887362, 'cuda_allocated_mb': 45, 'cuda_reserved_mb': 232, 'cuda_max_allocated_mb': 192}
{'event': 'train_progress', 'epoch': 3, 'batch': 118, 'batches': 118, 'time_group': 118, 'time_groups': 118, 'history_edges': 3153, 'pos_edges': 91, 'neg_edges': 91, 'loss_recent': 1.9534104060381652, 'elapsed_sec': 35.53223259374499, 'avg_sec_per_batch': 0.30112061520122874, 'cuda_allocated_mb': 47, 'cuda_reserved_mb': 232, 'cuda_max_allocated_mb': 192}
{'event': 'validation_start', 'epoch': 3}
{'event': 'validation_ranking_start', 'epoch': 3, 'max_edges': 30}
{'event': 'epoch_end', 'epoch': 3, 'early_stop_metric': 'val_composite', 'val_score': 0.1282229412455415, 'val_auc': 0.5887668609619141, 'val_ap': 0.13580578931586446, 'val_ndcg': 0.7097246779257435, 'val_mrr': 0.008215857348316903, 'val_hits@1': 0.0, 'val_hits@10': 0.016666666666666666, 'val_hits@50': 0.1, 'val_hits@100': 0.16666666666666666, 'elapsed_sec': 70.23405871912837}
{'candidate': 'global_relpop_frozen_enhanced_probe_h96_r12_a12_p4x4_l1_neg1_lr0p001_hp2_relpopfix48_sr0p05_sa0p001_rl0p001_m0_bpr', 'seed': 1, 'composite': nan, 'val_auc': 0.6186164855957031, 'val_ap': 0.14327313410702, 'val_ndcg': 0.7113219083992014, 'val_mrr': 0.022607385607257273, 'val_hits@1': 0.0, 'val_hits@10': 0.06666666666666667, 'val_hits@50': 0.23333333333333334, 'val_hits@100': 0.4, 'train_loss': 2.0485660971726403, 'train_lp': 0.41839968690932805, 'train_align': 308.05194770279576, 'train_kl': 866.5525152562028, 'train_ood_reg': 0.22110222191628764, 'train_meta': 0.42267289151579646, 'train_struct_aux': 0.9169932300761595, 'train_weighted_align': 1.5402597048935496, 'train_weighted_kl': 0.08665524967314707, 'train_weighted_ood_reg': 0.0002211022325909807, 'train_weighted_meta': 0.002113364412946532, 'train_weighted_struct_aux': 0.0009169932755728457, 'train_rank': 0.2795030294396615, 'train_weighted_rank': 0.0002795030428634333}
{'event': 'candidate_summary', 'candidate': 'global_relpop_frozen_enhanced_probe_h96_r12_a12_p4x4_l1_neg1_lr0p001_hp2_relpopfix48_sr0p05_sa0p001_rl0p001_m0_bpr', 'score': 0.14819101137272028, 'passes_metric_minima': True, 'means': {'val_auc': 0.6186164855957031, 'val_ap': 0.14327313410702, 'val_mrr': 0.022607385607257273, 'val_hits@10': 0.06666666666666667, 'val_ndcg': 0.7113219083992014}, 'seeds_completed': 1}
{'event': 'candidate_seed_start', 'candidate': 'global_relpop_frozen_enhanced_probe_h96_r12_a12_p4x4_l1_neg1_lr0p001_hp2_relpopfix48_sr0p01_sa0p001_rl0p005_m0_bpr', 'seed': 1, 'device': 'cuda', 'node_text_device': 'cuda:0'}
{'event': 'train_seed_start', 'seed': 1, 'train_edges': 3244, 'val_edges': 6738, 'test_edges': 26719, 'num_nodes': 4197, 'num_relations': 19}
{'event': 'train_seed_tensors_ready', 'seed': 1, 'elapsed_sec': 0.036624372005462646, 'cuda_allocated_mb': 25, 'cuda_reserved_mb': 42, 'cuda_max_allocated_mb': 192}
{'event': 'train_known_facts_ready', 'seed': 1, 'scope': 'train', 'edges': 3244, 'elapsed_sec': 0.038161683827638626}
{'event': 'train_known_facts_ready', 'seed': 1, 'scope': 'train_val', 'edges': 9982, 'elapsed_sec': 0.03951368108391762}
{'event': 'train_sampler_ready', 'seed': 1, 'elapsed_sec': 0.043524932116270065}
{'event': 'val_sampler_ready', 'seed': 1, 'elapsed_sec': 0.04723250865936279}
{'event': 'epoch_start', 'epoch': 1, 'epochs': 3, 'batches': 118, 'time_groups': 118}
{'event': 'train_time_group', 'epoch': 1, 'time_group': 1, 'time_groups': 118, 'batch': 0, 'batches': 118, 'time_value': 600.0, 'group_batches': 1, 'history_edges': 0, 'elapsed_sec': 0.0053026266396045685, 'cuda_allocated_mb': 26, 'cuda_reserved_mb': 44, 'cuda_max_allocated_mb': 192}
{'event': 'train_progress', 'epoch': 1, 'batch': 1, 'batches': 118, 'time_group': 1, 'time_groups': 118, 'history_edges': 0, 'pos_edges': 1, 'neg_edges': 1, 'loss_recent': 0.6802196502685547, 'elapsed_sec': 0.1708725243806839, 'avg_sec_per_batch': 0.1708725243806839, 'cuda_allocated_mb': 44, 'cuda_reserved_mb': 90, 'cuda_max_allocated_mb': 192}
{'event': 'train_progress', 'epoch': 1, 'batch': 100, 'batches': 118, 'time_group': 100, 'time_groups': 118, 'history_edges': 2144, 'pos_edges': 38, 'neg_edges': 38, 'loss_recent': 1.7138045364618302, 'elapsed_sec': 30.962591089308262, 'avg_sec_per_batch': 0.3096259108930826, 'cuda_allocated_mb': 46, 'cuda_reserved_mb': 202, 'cuda_max_allocated_mb': 192}
{'event': 'train_time_group', 'epoch': 1, 'time_group': 118, 'time_groups': 118, 'batch': 117, 'batches': 118, 'time_value': 1966.0, 'group_batches': 1, 'history_edges': 3153, 'elapsed_sec': 39.03385564684868, 'cuda_allocated_mb': 45, 'cuda_reserved_mb': 222, 'cuda_max_allocated_mb': 192}
{'event': 'train_progress', 'epoch': 1, 'batch': 118, 'batches': 118, 'time_group': 118, 'time_groups': 118, 'history_edges': 3153, 'pos_edges': 91, 'neg_edges': 91, 'loss_recent': 2.298170320689678, 'elapsed_sec': 39.60023406147957, 'avg_sec_per_batch': 0.3355952039108438, 'cuda_allocated_mb': 48, 'cuda_reserved_mb': 222, 'cuda_max_allocated_mb': 192}
{'event': 'validation_start', 'epoch': 1}
{'event': 'validation_ranking_start', 'epoch': 1, 'max_edges': 30}
{'event': 'epoch_end', 'epoch': 1, 'early_stop_metric': 'val_composite', 'val_score': 0.15122978330731496, 'val_auc': 0.6188282012939453, 'val_ap': 0.14303718370043508, 'val_ndcg': 0.7109852757552524, 'val_mrr': 0.022135202890721028, 'val_hits@1': 0.0, 'val_hits@10': 0.08333333333333333, 'val_hits@50': 0.23333333333333334, 'val_hits@100': 0.4, 'elapsed_sec': 71.28470611572266}
{'event': 'epoch_start', 'epoch': 2, 'epochs': 3, 'batches': 118, 'time_groups': 118}
{'event': 'train_time_group', 'epoch': 2, 'time_group': 1, 'time_groups': 118, 'batch': 0, 'batches': 118, 'time_value': 600.0, 'group_batches': 1, 'history_edges': 0, 'elapsed_sec': 0.010085899382829666, 'cuda_allocated_mb': 45, 'cuda_reserved_mb': 232, 'cuda_max_allocated_mb': 192}
{'event': 'train_progress', 'epoch': 2, 'batch': 1, 'batches': 118, 'time_group': 1, 'time_groups': 118, 'history_edges': 0, 'pos_edges': 1, 'neg_edges': 1, 'loss_recent': 0.5748117566108704, 'elapsed_sec': 0.22287845984101295, 'avg_sec_per_batch': 0.22287845984101295, 'cuda_allocated_mb': 45, 'cuda_reserved_mb': 232, 'cuda_max_allocated_mb': 192}
{'event': 'train_progress', 'epoch': 2, 'batch': 100, 'batches': 118, 'time_group': 100, 'time_groups': 118, 'history_edges': 2144, 'pos_edges': 38, 'neg_edges': 38, 'loss_recent': 1.531957943364978, 'elapsed_sec': 30.53696295619011, 'avg_sec_per_batch': 0.3053696295619011, 'cuda_allocated_mb': 46, 'cuda_reserved_mb': 232, 'cuda_max_allocated_mb': 192}
{'event': 'train_time_group', 'epoch': 2, 'time_group': 118, 'time_groups': 118, 'batch': 117, 'batches': 118, 'time_value': 1966.0, 'group_batches': 1, 'history_edges': 3153, 'elapsed_sec': 38.10061449930072, 'cuda_allocated_mb': 45, 'cuda_reserved_mb': 232, 'cuda_max_allocated_mb': 192}
{'event': 'train_progress', 'epoch': 2, 'batch': 118, 'batches': 118, 'time_group': 118, 'time_groups': 118, 'history_edges': 3153, 'pos_edges': 91, 'neg_edges': 91, 'loss_recent': 2.0667702969163657, 'elapsed_sec': 38.548598263412714, 'avg_sec_per_batch': 0.3266830361306162, 'cuda_allocated_mb': 47, 'cuda_reserved_mb': 232, 'cuda_max_allocated_mb': 192}
{'event': 'validation_start', 'epoch': 2}
{'event': 'validation_ranking_start', 'epoch': 2, 'max_edges': 30}
{'event': 'epoch_end', 'epoch': 2, 'early_stop_metric': 'val_composite', 'val_score': 0.132546811447229, 'val_auc': 0.5844944000244141, 'val_ap': 0.1353259428222856, 'val_ndcg': 0.7095324901939744, 'val_mrr': 0.010806568673202684, 'val_hits@1': 0.0, 'val_hits@10': 0.03333333333333333, 'val_hits@50': 0.13333333333333333, 'val_hits@100': 0.21666666666666667, 'elapsed_sec': 70.86641121655703}
{'event': 'epoch_start', 'epoch': 3, 'epochs': 3, 'batches': 118, 'time_groups': 118}
{'event': 'train_time_group', 'epoch': 3, 'time_group': 1, 'time_groups': 118, 'batch': 0, 'batches': 118, 'time_value': 600.0, 'group_batches': 1, 'history_edges': 0, 'elapsed_sec': 0.010296382009983063, 'cuda_allocated_mb': 45, 'cuda_reserved_mb': 232, 'cuda_max_allocated_mb': 192}
{'event': 'train_progress', 'epoch': 3, 'batch': 1, 'batches': 118, 'time_group': 1, 'time_groups': 118, 'history_edges': 0, 'pos_edges': 1, 'neg_edges': 1, 'loss_recent': 0.8046369552612305, 'elapsed_sec': 0.204018697142601, 'avg_sec_per_batch': 0.204018697142601, 'cuda_allocated_mb': 45, 'cuda_reserved_mb': 232, 'cuda_max_allocated_mb': 192}
{'event': 'train_progress', 'epoch': 3, 'batch': 100, 'batches': 118, 'time_group': 100, 'time_groups': 118, 'history_edges': 2144, 'pos_edges': 38, 'neg_edges': 38, 'loss_recent': 1.4208273904025555, 'elapsed_sec': 27.69237644970417, 'avg_sec_per_batch': 0.2769237644970417, 'cuda_allocated_mb': 46, 'cuda_reserved_mb': 232, 'cuda_max_allocated_mb': 192}
{'event': 'train_time_group', 'epoch': 3, 'time_group': 118, 'time_groups': 118, 'batch': 117, 'batches': 118, 'time_value': 1966.0, 'group_batches': 1, 'history_edges': 3153, 'elapsed_sec': 34.10800075531006, 'cuda_allocated_mb': 45, 'cuda_reserved_mb': 232, 'cuda_max_allocated_mb': 192}
{'event': 'train_progress', 'epoch': 3, 'batch': 118, 'batches': 118, 'time_group': 118, 'time_groups': 118, 'history_edges': 3153, 'pos_edges': 91, 'neg_edges': 91, 'loss_recent': 1.9559496753290295, 'elapsed_sec': 34.57481837272644, 'avg_sec_per_batch': 0.2930069353620885, 'cuda_allocated_mb': 47, 'cuda_reserved_mb': 232, 'cuda_max_allocated_mb': 192}
{'event': 'validation_start', 'epoch': 3}
{'event': 'validation_ranking_start', 'epoch': 3, 'max_edges': 30}
{'event': 'epoch_end', 'epoch': 3, 'early_stop_metric': 'val_composite', 'val_score': 0.12250383348383553, 'val_auc': 0.5734832763671874, 'val_ap': 0.13178465071666728, 'val_ndcg': 0.7095301815122196, 'val_mrr': 0.006217907813508232, 'val_hits@1': 0.0, 'val_hits@10': 0.0, 'val_hits@50': 0.11666666666666667, 'val_hits@100': 0.15, 'elapsed_sec': 67.49143260717392}
{'candidate': 'global_relpop_frozen_enhanced_probe_h96_r12_a12_p4x4_l1_neg1_lr0p001_hp2_relpopfix48_sr0p01_sa0p001_rl0p005_m0_bpr', 'seed': 1, 'composite': nan, 'val_auc': 0.6188282012939453, 'val_ap': 0.14303718370043508, 'val_ndcg': 0.7109852757552524, 'val_mrr': 0.022135202890721028, 'val_hits@1': 0.0, 'val_hits@10': 0.08333333333333333, 'val_hits@50': 0.23333333333333334, 'val_hits@100': 0.4, 'train_loss': 2.050579477669829, 'train_lp': 0.41999085298029043, 'train_align': 308.1599511271816, 'train_kl': 866.3248643390203, 'train_ood_reg': 0.22137739749278051, 'train_meta': 0.4241340459024502, 'train_struct_aux': 0.8143754914655523, 'train_weighted_align': 1.540799721246743, 'train_weighted_kl': 0.08663248415973226, 'train_weighted_ood_reg': 0.00022137740795141465, 'train_weighted_meta': 0.0021206701817622375, 'train_weighted_struct_aux': 0.000814375531972165, 'train_rank': 0.28027399600941244, 'train_weighted_rank': 0.001401369941866783}
{'event': 'candidate_summary', 'candidate': 'global_relpop_frozen_enhanced_probe_h96_r12_a12_p4x4_l1_neg1_lr0p001_hp2_relpopfix48_sr0p01_sa0p001_rl0p005_m0_bpr', 'score': 0.15122978330731496, 'passes_metric_minima': True, 'means': {'val_auc': 0.6188282012939453, 'val_ap': 0.14303718370043508, 'val_mrr': 0.022135202890721028, 'val_hits@10': 0.08333333333333333, 'val_ndcg': 0.7109852757552524}, 'seeds_completed': 1}
{'event': 'candidate_seed_start', 'candidate': 'global_relpop_frozen_enhanced_probe_h96_r12_a12_p4x4_l1_neg1_lr0p001_hp2_relpopfix48_sr0p05_sa0p001_rl0p005_m0_bpr', 'seed': 1, 'device': 'cuda', 'node_text_device': 'cuda:0'}
{'event': 'train_seed_start', 'seed': 1, 'train_edges': 3244, 'val_edges': 6738, 'test_edges': 26719, 'num_nodes': 4197, 'num_relations': 19}
{'event': 'train_seed_tensors_ready', 'seed': 1, 'elapsed_sec': 0.0552014485001564, 'cuda_allocated_mb': 25, 'cuda_reserved_mb': 42, 'cuda_max_allocated_mb': 192}
{'event': 'train_known_facts_ready', 'seed': 1, 'scope': 'train', 'edges': 3244, 'elapsed_sec': 0.05724667012691498}
{'event': 'train_known_facts_ready', 'seed': 1, 'scope': 'train_val', 'edges': 9982, 'elapsed_sec': 0.058472346514463425}
{'event': 'train_sampler_ready', 'seed': 1, 'elapsed_sec': 0.06355734542012215}
{'event': 'val_sampler_ready', 'seed': 1, 'elapsed_sec': 0.06803668662905693}
{'event': 'epoch_start', 'epoch': 1, 'epochs': 3, 'batches': 118, 'time_groups': 118}
{'event': 'train_time_group', 'epoch': 1, 'time_group': 1, 'time_groups': 118, 'batch': 0, 'batches': 118, 'time_value': 600.0, 'group_batches': 1, 'history_edges': 0, 'elapsed_sec': 0.006597016006708145, 'cuda_allocated_mb': 26, 'cuda_reserved_mb': 44, 'cuda_max_allocated_mb': 192}
{'event': 'train_progress', 'epoch': 1, 'batch': 1, 'batches': 118, 'time_group': 1, 'time_groups': 118, 'history_edges': 0, 'pos_edges': 1, 'neg_edges': 1, 'loss_recent': 0.6799085140228271, 'elapsed_sec': 0.23968639224767685, 'avg_sec_per_batch': 0.23968639224767685, 'cuda_allocated_mb': 44, 'cuda_reserved_mb': 90, 'cuda_max_allocated_mb': 192}
{'event': 'train_progress', 'epoch': 1, 'batch': 100, 'batches': 118, 'time_group': 100, 'time_groups': 118, 'history_edges': 2144, 'pos_edges': 38, 'neg_edges': 38, 'loss_recent': 1.7116383609175683, 'elapsed_sec': 33.059461068362, 'avg_sec_per_batch': 0.33059461068361995, 'cuda_allocated_mb': 46, 'cuda_reserved_mb': 202, 'cuda_max_allocated_mb': 192}
{'event': 'train_time_group', 'epoch': 1, 'time_group': 118, 'time_groups': 118, 'batch': 117, 'batches': 118, 'time_value': 1966.0, 'group_batches': 1, 'history_edges': 3153, 'elapsed_sec': 41.27336389943957, 'cuda_allocated_mb': 45, 'cuda_reserved_mb': 222, 'cuda_max_allocated_mb': 192}
{'event': 'train_progress', 'epoch': 1, 'batch': 118, 'batches': 118, 'time_group': 118, 'time_groups': 118, 'history_edges': 3153, 'pos_edges': 91, 'neg_edges': 91, 'loss_recent': 2.2961875107884406, 'elapsed_sec': 41.874053951352835, 'avg_sec_per_batch': 0.35486486399451556, 'cuda_allocated_mb': 48, 'cuda_reserved_mb': 222, 'cuda_max_allocated_mb': 192}
{'event': 'validation_start', 'epoch': 1}
{'event': 'validation_ranking_start', 'epoch': 1, 'max_edges': 30}
{'event': 'epoch_end', 'epoch': 1, 'early_stop_metric': 'val_composite', 'val_score': 0.1481722070158725, 'val_auc': 0.6186428070068359, 'val_ap': 0.14329089913602389, 'val_ndcg': 0.7113559730704603, 'val_mrr': 0.022555002309495507, 'val_hits@1': 0.0, 'val_hits@10': 0.06666666666666667, 'val_hits@50': 0.23333333333333334, 'val_hits@100': 0.38333333333333336, 'elapsed_sec': 74.72961845993996}
{'event': 'epoch_start', 'epoch': 2, 'epochs': 3, 'batches': 118, 'time_groups': 118}
{'event': 'train_time_group', 'epoch': 2, 'time_group': 1, 'time_groups': 118, 'batch': 0, 'batches': 118, 'time_value': 600.0, 'group_batches': 1, 'history_edges': 0, 'elapsed_sec': 0.012246191501617432, 'cuda_allocated_mb': 45, 'cuda_reserved_mb': 232, 'cuda_max_allocated_mb': 192}
{'event': 'train_progress', 'epoch': 2, 'batch': 1, 'batches': 118, 'time_group': 1, 'time_groups': 118, 'history_edges': 0, 'pos_edges': 1, 'neg_edges': 1, 'loss_recent': 0.566860556602478, 'elapsed_sec': 0.2555900439620018, 'avg_sec_per_batch': 0.2555900439620018, 'cuda_allocated_mb': 45, 'cuda_reserved_mb': 232, 'cuda_max_allocated_mb': 192}
{'event': 'train_progress', 'epoch': 2, 'batch': 100, 'batches': 118, 'time_group': 100, 'time_groups': 118, 'history_edges': 2144, 'pos_edges': 38, 'neg_edges': 38, 'loss_recent': 1.528296110033989, 'elapsed_sec': 34.7931965328753, 'avg_sec_per_batch': 0.347931965328753, 'cuda_allocated_mb': 46, 'cuda_reserved_mb': 232, 'cuda_max_allocated_mb': 192}
{'event': 'train_time_group', 'epoch': 2, 'time_group': 118, 'time_groups': 118, 'batch': 117, 'batches': 118, 'time_value': 1966.0, 'group_batches': 1, 'history_edges': 3153, 'elapsed_sec': 43.82294726744294, 'cuda_allocated_mb': 45, 'cuda_reserved_mb': 232, 'cuda_max_allocated_mb': 192}
{'event': 'train_progress', 'epoch': 2, 'batch': 118, 'batches': 118, 'time_group': 118, 'time_groups': 118, 'history_edges': 3153, 'pos_edges': 91, 'neg_edges': 91, 'loss_recent': 2.061999126970768, 'elapsed_sec': 44.37241617590189, 'avg_sec_per_batch': 0.37603742521950756, 'cuda_allocated_mb': 47, 'cuda_reserved_mb': 232, 'cuda_max_allocated_mb': 192}
{'event': 'validation_start', 'epoch': 2}
{'event': 'validation_ranking_start', 'epoch': 2, 'max_edges': 30}
{'event': 'epoch_end', 'epoch': 2, 'early_stop_metric': 'val_composite', 'val_score': 0.13023488084754434, 'val_auc': 0.5669662475585938, 'val_ap': 0.12966230577685092, 'val_ndcg': 0.7049761347687922, 'val_mrr': 0.010545884919082212, 'val_hits@1': 0.0, 'val_hits@10': 0.03333333333333333, 'val_hits@50': 0.13333333333333333, 'val_hits@100': 0.21666666666666667, 'elapsed_sec': 78.27444614470005}
{'event': 'epoch_start', 'epoch': 3, 'epochs': 3, 'batches': 118, 'time_groups': 118}
{'event': 'train_time_group', 'epoch': 3, 'time_group': 1, 'time_groups': 118, 'batch': 0, 'batches': 118, 'time_value': 600.0, 'group_batches': 1, 'history_edges': 0, 'elapsed_sec': 0.012232951819896698, 'cuda_allocated_mb': 45, 'cuda_reserved_mb': 232, 'cuda_max_allocated_mb': 192}
{'event': 'train_progress', 'epoch': 3, 'batch': 1, 'batches': 118, 'time_group': 1, 'time_groups': 118, 'history_edges': 0, 'pos_edges': 1, 'neg_edges': 1, 'loss_recent': 0.8038159012794495, 'elapsed_sec': 0.192076425999403, 'avg_sec_per_batch': 0.192076425999403, 'cuda_allocated_mb': 45, 'cuda_reserved_mb': 232, 'cuda_max_allocated_mb': 192}
{'event': 'train_progress', 'epoch': 3, 'batch': 100, 'batches': 118, 'time_group': 100, 'time_groups': 118, 'history_edges': 2144, 'pos_edges': 38, 'neg_edges': 38, 'loss_recent': 1.413028936330229, 'elapsed_sec': 29.582783795893192, 'avg_sec_per_batch': 0.2958278379589319, 'cuda_allocated_mb': 46, 'cuda_reserved_mb': 232, 'cuda_max_allocated_mb': 192}
{'event': 'train_time_group', 'epoch': 3, 'time_group': 118, 'time_groups': 118, 'batch': 117, 'batches': 118, 'time_value': 1966.0, 'group_batches': 1, 'history_edges': 3153, 'elapsed_sec': 36.17495255544782, 'cuda_allocated_mb': 45, 'cuda_reserved_mb': 232, 'cuda_max_allocated_mb': 192}
{'event': 'train_progress', 'epoch': 3, 'batch': 118, 'batches': 118, 'time_group': 118, 'time_groups': 118, 'history_edges': 3153, 'pos_edges': 91, 'neg_edges': 91, 'loss_recent': 1.9364527043513953, 'elapsed_sec': 36.65656881779432, 'avg_sec_per_batch': 0.3106488882863926, 'cuda_allocated_mb': 47, 'cuda_reserved_mb': 232, 'cuda_max_allocated_mb': 192}
{'event': 'validation_start', 'epoch': 3}
{'event': 'validation_ranking_start', 'epoch': 3, 'max_edges': 30}
{'event': 'epoch_end', 'epoch': 3, 'early_stop_metric': 'val_composite', 'val_score': 0.1289870108451174, 'val_auc': 0.5953323364257812, 'val_ap': 0.13868910385752753, 'val_ndcg': 0.711028732439502, 'val_mrr': 0.007961643735831359, 'val_hits@1': 0.0, 'val_hits@10': 0.016666666666666666, 'val_hits@50': 0.11666666666666667, 'val_hits@100': 0.16666666666666666, 'elapsed_sec': 68.50137311592698}
{'candidate': 'global_relpop_frozen_enhanced_probe_h96_r12_a12_p4x4_l1_neg1_lr0p001_hp2_relpopfix48_sr0p05_sa0p001_rl0p005_m0_bpr', 'seed': 1, 'composite': nan, 'val_auc': 0.6186428070068359, 'val_ap': 0.14329089913602389, 'val_ndcg': 0.7113559730704603, 'val_mrr': 0.022555002309495507, 'val_hits@1': 0.0, 'val_hits@10': 0.06666666666666667, 'val_hits@50': 0.23333333333333334, 'val_hits@100': 0.38333333333333336, 'train_loss': 2.048589612215252, 'train_lp': 0.41833915889768275, 'train_align': 308.0586190647998, 'train_kl': 867.0455213643737, 'train_ood_reg': 0.2210976756730322, 'train_meta': 0.4226455718784009, 'train_struct_aux': 0.9185184240341187, 'train_weighted_align': 1.5402930650102384, 'train_weighted_kl': 0.08670455010576268, 'train_weighted_ood_reg': 0.000221097686350685, 'train_weighted_meta': 0.00211322781757128, 'train_weighted_struct_aux': 0.0009185184682206392, 'train_rank': 0.2794245791826713, 'train_weighted_rank': 0.001397122862927371}
{'event': 'candidate_summary', 'candidate': 'global_relpop_frozen_enhanced_probe_h96_r12_a12_p4x4_l1_neg1_lr0p001_hp2_relpopfix48_sr0p05_sa0p001_rl0p005_m0_bpr', 'score': 0.1481722070158725, 'passes_metric_minima': True, 'means': {'val_auc': 0.6186428070068359, 'val_ap': 0.14329089913602389, 'val_mrr': 0.022555002309495507, 'val_hits@10': 0.06666666666666667, 'val_ndcg': 0.7113559730704603}, 'seeds_completed': 1}
