runtime_device=cuda
cuda_device=Tesla V100-PCIE-32GB
{'event': 'candidate_seed_start', 'candidate': 'global_relpop_residual_rank_probe_h96_r12_a12_p4x4_l1_neg1_lr0p001_hp1_relpopfix48_sr0p05_sa0p01_rl0p02_m0_bpr', 'seed': 1, 'device': 'cuda', 'node_text_device': 'cuda:0'}
{'event': 'train_seed_start', 'seed': 1, 'train_edges': 3244, 'val_edges': 6738, 'test_edges': 26719, 'num_nodes': 4197, 'num_relations': 19}
{'event': 'train_seed_tensors_ready', 'seed': 1, 'elapsed_sec': 0.004795484244823456, 'cuda_allocated_mb': 9, 'cuda_reserved_mb': 22, 'cuda_max_allocated_mb': 9}
{'event': 'train_known_facts_ready', 'seed': 1, 'scope': 'train', 'edges': 3244, 'elapsed_sec': 0.00688663125038147}
{'event': 'train_known_facts_ready', 'seed': 1, 'scope': 'train_val', 'edges': 9982, 'elapsed_sec': 0.008082497864961624}
{'event': 'train_sampler_ready', 'seed': 1, 'elapsed_sec': 0.012885980308055878}
{'event': 'val_sampler_ready', 'seed': 1, 'elapsed_sec': 0.017351195216178894}
{'event': 'epoch_start', 'epoch': 1, 'epochs': 1, 'batches': 118, 'time_groups': 118}
{'event': 'train_time_group', 'epoch': 1, 'time_group': 1, 'time_groups': 118, 'batch': 0, 'batches': 118, 'time_value': 600.0, 'group_batches': 1, 'history_edges': 0, 'elapsed_sec': 0.016270712018013, 'cuda_allocated_mb': 9, 'cuda_reserved_mb': 24, 'cuda_max_allocated_mb': 9}
{'event': 'train_progress', 'epoch': 1, 'batch': 1, 'batches': 118, 'time_group': 1, 'time_groups': 118, 'history_edges': 0, 'pos_edges': 1, 'neg_edges': 1, 'loss_recent': 0.6862936615943909, 'elapsed_sec': 1.052694696933031, 'avg_sec_per_batch': 1.052694696933031, 'cuda_allocated_mb': 44, 'cuda_reserved_mb': 90, 'cuda_max_allocated_mb': 80}
{'event': 'train_progress', 'epoch': 1, 'batch': 100, 'batches': 118, 'time_group': 100, 'time_groups': 118, 'history_edges': 2144, 'pos_edges': 38, 'neg_edges': 38, 'loss_recent': 1.7345822340250014, 'elapsed_sec': 26.275933731347322, 'avg_sec_per_batch': 0.26275933731347323, 'cuda_allocated_mb': 46, 'cuda_reserved_mb': 202, 'cuda_max_allocated_mb': 169}
{'event': 'train_time_group', 'epoch': 1, 'time_group': 118, 'time_groups': 118, 'batch': 117, 'batches': 118, 'time_value': 1966.0, 'group_batches': 1, 'history_edges': 3153, 'elapsed_sec': 32.33122172951698, 'cuda_allocated_mb': 45, 'cuda_reserved_mb': 222, 'cuda_max_allocated_mb': 189}
{'event': 'train_progress', 'epoch': 1, 'batch': 118, 'batches': 118, 'time_group': 118, 'time_groups': 118, 'history_edges': 3153, 'pos_edges': 91, 'neg_edges': 91, 'loss_recent': 2.3148529344797133, 'elapsed_sec': 32.88946281373501, 'avg_sec_per_batch': 0.27872426113334753, 'cuda_allocated_mb': 48, 'cuda_reserved_mb': 222, 'cuda_max_allocated_mb': 192}
{'event': 'validation_start', 'epoch': 1}
{'event': 'validation_ranking_start', 'epoch': 1, 'max_edges': 10}
{'event': 'epoch_end', 'epoch': 1, 'early_stop_metric': 'val_composite', 'val_score': 0.15612679704072427, 'val_auc': 0.6283081054687498, 'val_ap': 0.2668754406852817, 'val_ndcg': 0.785395522748535, 'val_mrr': 0.012281046779282058, 'val_hits@1': 0.0, 'val_hits@10': 0.0, 'val_hits@50': 0.3, 'val_hits@100': 0.45, 'elapsed_sec': 42.23362585529685}
{'candidate': 'global_relpop_residual_rank_probe_h96_r12_a12_p4x4_l1_neg1_lr0p001_hp1_relpopfix48_sr0p05_sa0p01_rl0p02_m0_bpr', 'seed': 1, 'composite': nan, 'val_auc': 0.6283081054687498, 'val_ap': 0.2668754406852817, 'val_ndcg': 0.785395522748535, 'val_mrr': 0.012281046779282058, 'val_hits@1': 0.0, 'val_hits@10': 0.0, 'val_hits@50': 0.3, 'val_hits@100': 0.45, 'train_loss': 2.067778953556287, 'train_lp': 0.4305941663303618, 'train_align': 308.15751020383027, 'train_kl': 879.1206259000099, 'train_ood_reg': 0.21937006383629168, 'train_meta': 0.4359303313796803, 'train_struct_aux': 0.6086220582157879, 'train_weighted_align': 1.5407875152383694, 'train_weighted_kl': 0.0879120600875467, 'train_weighted_ood_reg': 0.00021937007421895987, 'train_weighted_meta': 0.0021796516054980774, 'train_weighted_struct_aux': 0.006086220451772718, 'train_rank': 0.31056473176863236, 'train_weighted_rank': 0.006211294450252554}
{'event': 'candidate_summary', 'candidate': 'global_relpop_residual_rank_probe_h96_r12_a12_p4x4_l1_neg1_lr0p001_hp1_relpopfix48_sr0p05_sa0p01_rl0p02_m0_bpr', 'score': 0.15612679704072427, 'passes_metric_minima': True, 'means': {'val_auc': 0.6283081054687498, 'val_ap': 0.2668754406852817, 'val_mrr': 0.012281046779282058, 'val_hits@10': 0.0, 'val_ndcg': 0.785395522748535}, 'seeds_completed': 1}
{'event': 'candidate_seed_start', 'candidate': 'global_relpop_residual_rank_probe_h96_r12_a12_p4x4_l1_neg1_lr0p001_hp1_relpopfix48_sr0p05_sa0p05_rl0p02_m0_bpr', 'seed': 1, 'device': 'cuda', 'node_text_device': 'cuda:0'}
{'event': 'train_seed_start', 'seed': 1, 'train_edges': 3244, 'val_edges': 6738, 'test_edges': 26719, 'num_nodes': 4197, 'num_relations': 19}
{'event': 'train_seed_tensors_ready', 'seed': 1, 'elapsed_sec': 0.024414386600255966, 'cuda_allocated_mb': 25, 'cuda_reserved_mb': 42, 'cuda_max_allocated_mb': 192}
{'event': 'train_known_facts_ready', 'seed': 1, 'scope': 'train', 'edges': 3244, 'elapsed_sec': 0.026104215532541275}
{'event': 'train_known_facts_ready', 'seed': 1, 'scope': 'train_val', 'edges': 9982, 'elapsed_sec': 0.027388285845518112}
{'event': 'train_sampler_ready', 'seed': 1, 'elapsed_sec': 0.031477104872465134}
{'event': 'val_sampler_ready', 'seed': 1, 'elapsed_sec': 0.03576679900288582}
{'event': 'epoch_start', 'epoch': 1, 'epochs': 1, 'batches': 118, 'time_groups': 118}
{'event': 'train_time_group', 'epoch': 1, 'time_group': 1, 'time_groups': 118, 'batch': 0, 'batches': 118, 'time_value': 600.0, 'group_batches': 1, 'history_edges': 0, 'elapsed_sec': 0.006175737828016281, 'cuda_allocated_mb': 26, 'cuda_reserved_mb': 44, 'cuda_max_allocated_mb': 192}
{'event': 'train_progress', 'epoch': 1, 'batch': 1, 'batches': 118, 'time_group': 1, 'time_groups': 118, 'history_edges': 0, 'pos_edges': 1, 'neg_edges': 1, 'loss_recent': 0.7146722674369812, 'elapsed_sec': 0.20371608808636665, 'avg_sec_per_batch': 0.20371608808636665, 'cuda_allocated_mb': 44, 'cuda_reserved_mb': 90, 'cuda_max_allocated_mb': 192}
{'event': 'train_progress', 'epoch': 1, 'batch': 100, 'batches': 118, 'time_group': 100, 'time_groups': 118, 'history_edges': 2144, 'pos_edges': 38, 'neg_edges': 38, 'loss_recent': 1.7573256900906562, 'elapsed_sec': 21.791338428854942, 'avg_sec_per_batch': 0.21791338428854942, 'cuda_allocated_mb': 46, 'cuda_reserved_mb': 202, 'cuda_max_allocated_mb': 192}
{'event': 'train_time_group', 'epoch': 1, 'time_group': 118, 'time_groups': 118, 'batch': 117, 'batches': 118, 'time_value': 1966.0, 'group_batches': 1, 'history_edges': 3153, 'elapsed_sec': 26.255797680467367, 'cuda_allocated_mb': 45, 'cuda_reserved_mb': 222, 'cuda_max_allocated_mb': 192}
{'event': 'train_progress', 'epoch': 1, 'batch': 118, 'batches': 118, 'time_group': 118, 'time_groups': 118, 'history_edges': 3153, 'pos_edges': 91, 'neg_edges': 91, 'loss_recent': 2.335335567891598, 'elapsed_sec': 26.576412089169025, 'avg_sec_per_batch': 0.22522383126414428, 'cuda_allocated_mb': 48, 'cuda_reserved_mb': 222, 'cuda_max_allocated_mb': 192}
{'event': 'validation_start', 'epoch': 1}
{'event': 'validation_ranking_start', 'epoch': 1, 'max_edges': 10}
{'event': 'epoch_end', 'epoch': 1, 'early_stop_metric': 'val_composite', 'val_score': 0.1571105341376457, 'val_auc': 0.630328369140625, 'val_ap': 0.2680413375055658, 'val_ndcg': 0.7858843000589666, 'val_mrr': 0.013598970097765803, 'val_hits@1': 0.0, 'val_hits@10': 0.0, 'val_hits@50': 0.3, 'val_hits@100': 0.45, 'elapsed_sec': 34.25627704709768}
{'candidate': 'global_relpop_residual_rank_probe_h96_r12_a12_p4x4_l1_neg1_lr0p001_hp1_relpopfix48_sr0p05_sa0p05_rl0p02_m0_bpr', 'seed': 1, 'composite': nan, 'val_auc': 0.630328369140625, 'val_ap': 0.2680413375055658, 'val_ndcg': 0.7858843000589666, 'val_mrr': 0.013598970097765803, 'val_hits@1': 0.0, 'val_hits@10': 0.0, 'val_hits@50': 0.3, 'val_hits@100': 0.45, 'train_loss': 2.089474520693391, 'train_lp': 0.43103390730033486, 'train_align': 308.197252324072, 'train_kl': 876.4782341779288, 'train_ood_reg': 0.21948934396949865, 'train_meta': 0.4360119420719349, 'train_struct_aux': 0.5481405402139082, 'train_weighted_align': 1.540986218734376, 'train_weighted_kl': 0.08764782153322535, 'train_weighted_ood_reg': 0.000219489354788231, 'train_weighted_meta': 0.002180059656246281, 'train_weighted_struct_aux': 0.027407027496877363, 'train_rank': 0.31085373000320743, 'train_weighted_rank': 0.006217074453222992}
{'event': 'candidate_summary', 'candidate': 'global_relpop_residual_rank_probe_h96_r12_a12_p4x4_l1_neg1_lr0p001_hp1_relpopfix48_sr0p05_sa0p05_rl0p02_m0_bpr', 'score': 0.1571105341376457, 'passes_metric_minima': True, 'means': {'val_auc': 0.630328369140625, 'val_ap': 0.2680413375055658, 'val_mrr': 0.013598970097765803, 'val_hits@10': 0.0, 'val_ndcg': 0.7858843000589666}, 'seeds_completed': 1}
{'event': 'candidate_seed_start', 'candidate': 'global_relpop_residual_rank_probe_h96_r12_a12_p4x4_l1_neg1_lr0p001_hp1_relpopfix48_sr0p1_sa0p01_rl0p02_m0_bpr', 'seed': 1, 'device': 'cuda', 'node_text_device': 'cuda:0'}
{'event': 'train_seed_start', 'seed': 1, 'train_edges': 3244, 'val_edges': 6738, 'test_edges': 26719, 'num_nodes': 4197, 'num_relations': 19}
{'event': 'train_seed_tensors_ready', 'seed': 1, 'elapsed_sec': 0.017688486725091934, 'cuda_allocated_mb': 25, 'cuda_reserved_mb': 42, 'cuda_max_allocated_mb': 192}
{'event': 'train_known_facts_ready', 'seed': 1, 'scope': 'train', 'edges': 3244, 'elapsed_sec': 0.01932716742157936}
{'event': 'train_known_facts_ready', 'seed': 1, 'scope': 'train_val', 'edges': 9982, 'elapsed_sec': 0.0206163190305233}
{'event': 'train_sampler_ready', 'seed': 1, 'elapsed_sec': 0.024614229798316956}
{'event': 'val_sampler_ready', 'seed': 1, 'elapsed_sec': 0.02827129140496254}
{'event': 'epoch_start', 'epoch': 1, 'epochs': 1, 'batches': 118, 'time_groups': 118}
{'event': 'train_time_group', 'epoch': 1, 'time_group': 1, 'time_groups': 118, 'batch': 0, 'batches': 118, 'time_value': 600.0, 'group_batches': 1, 'history_edges': 0, 'elapsed_sec': 0.005378171801567078, 'cuda_allocated_mb': 26, 'cuda_reserved_mb': 44, 'cuda_max_allocated_mb': 192}
{'event': 'train_progress', 'epoch': 1, 'batch': 1, 'batches': 118, 'time_group': 1, 'time_groups': 118, 'history_edges': 0, 'pos_edges': 1, 'neg_edges': 1, 'loss_recent': 0.6859785914421082, 'elapsed_sec': 0.1501409336924553, 'avg_sec_per_batch': 0.1501409336924553, 'cuda_allocated_mb': 44, 'cuda_reserved_mb': 90, 'cuda_max_allocated_mb': 192}
{'event': 'train_progress', 'epoch': 1, 'batch': 100, 'batches': 118, 'time_group': 100, 'time_groups': 118, 'history_edges': 2144, 'pos_edges': 38, 'neg_edges': 38, 'loss_recent': 1.7329405742883681, 'elapsed_sec': 17.127576421946287, 'avg_sec_per_batch': 0.17127576421946286, 'cuda_allocated_mb': 46, 'cuda_reserved_mb': 202, 'cuda_max_allocated_mb': 192}
{'event': 'train_time_group', 'epoch': 1, 'time_group': 118, 'time_groups': 118, 'batch': 117, 'batches': 118, 'time_value': 1966.0, 'group_batches': 1, 'history_edges': 3153, 'elapsed_sec': 21.057643353939056, 'cuda_allocated_mb': 45, 'cuda_reserved_mb': 222, 'cuda_max_allocated_mb': 192}
{'event': 'train_progress', 'epoch': 1, 'batch': 118, 'batches': 118, 'time_group': 118, 'time_groups': 118, 'history_edges': 3153, 'pos_edges': 91, 'neg_edges': 91, 'loss_recent': 2.313088276386261, 'elapsed_sec': 21.307326715439558, 'avg_sec_per_batch': 0.180570565385081, 'cuda_allocated_mb': 48, 'cuda_reserved_mb': 222, 'cuda_max_allocated_mb': 192}
{'event': 'validation_start', 'epoch': 1}
{'event': 'validation_ranking_start', 'epoch': 1, 'max_edges': 10}
{'event': 'epoch_end', 'epoch': 1, 'early_stop_metric': 'val_composite', 'val_score': 0.15668385369134977, 'val_auc': 0.6261322021484376, 'val_ap': 0.2663533539284542, 'val_ndcg': 0.7853479183645848, 'val_mrr': 0.013778897316402482, 'val_hits@1': 0.0, 'val_hits@10': 0.0, 'val_hits@50': 0.3, 'val_hits@100': 0.45, 'elapsed_sec': 28.10916779190302}
{'candidate': 'global_relpop_residual_rank_probe_h96_r12_a12_p4x4_l1_neg1_lr0p001_hp1_relpopfix48_sr0p1_sa0p01_rl0p02_m0_bpr', 'seed': 1, 'composite': nan, 'val_auc': 0.6261322021484376, 'val_ap': 0.2663533539284542, 'val_ndcg': 0.7853479183645848, 'val_mrr': 0.013778897316402482, 'val_hits@1': 0.0, 'val_hits@10': 0.0, 'val_hits@50': 0.3, 'val_hits@100': 0.45, 'train_loss': 2.066043147091138, 'train_lp': 0.4290918748257524, 'train_align': 308.05683913877454, 'train_kl': 878.2329068911278, 'train_ood_reg': 0.2190649505641501, 'train_meta': 0.4352139544562768, 'train_struct_aux': 0.6448670299881596, 'train_weighted_align': 1.5402841537054313, 'train_weighted_kl': 0.08782328838498284, 'train_weighted_ood_reg': 0.00021906496112933382, 'train_weighted_meta': 0.0021760697211178365, 'train_weighted_struct_aux': 0.006448670156236927, 'train_rank': 0.3092128748105744, 'train_weighted_rank': 0.006184257377507323}
{'event': 'candidate_summary', 'candidate': 'global_relpop_residual_rank_probe_h96_r12_a12_p4x4_l1_neg1_lr0p001_hp1_relpopfix48_sr0p1_sa0p01_rl0p02_m0_bpr', 'score': 0.15668385369134977, 'passes_metric_minima': True, 'means': {'val_auc': 0.6261322021484376, 'val_ap': 0.2663533539284542, 'val_mrr': 0.013778897316402482, 'val_hits@10': 0.0, 'val_ndcg': 0.7853479183645848}, 'seeds_completed': 1}
{'event': 'candidate_seed_start', 'candidate': 'global_relpop_residual_rank_probe_h96_r12_a12_p4x4_l1_neg1_lr0p001_hp1_relpopfix48_sr0p1_sa0p05_rl0p02_m0_bpr', 'seed': 1, 'device': 'cuda', 'node_text_device': 'cuda:0'}
{'event': 'train_seed_start', 'seed': 1, 'train_edges': 3244, 'val_edges': 6738, 'test_edges': 26719, 'num_nodes': 4197, 'num_relations': 19}
{'event': 'train_seed_tensors_ready', 'seed': 1, 'elapsed_sec': 0.018428239971399307, 'cuda_allocated_mb': 25, 'cuda_reserved_mb': 42, 'cuda_max_allocated_mb': 192}
{'event': 'train_known_facts_ready', 'seed': 1, 'scope': 'train', 'edges': 3244, 'elapsed_sec': 0.02029510587453842}
{'event': 'train_known_facts_ready', 'seed': 1, 'scope': 'train_val', 'edges': 9982, 'elapsed_sec': 0.021486565470695496}
{'event': 'train_sampler_ready', 'seed': 1, 'elapsed_sec': 0.026403095573186874}
{'event': 'val_sampler_ready', 'seed': 1, 'elapsed_sec': 0.031684767454862595}
{'event': 'epoch_start', 'epoch': 1, 'epochs': 1, 'batches': 118, 'time_groups': 118}
{'event': 'train_time_group', 'epoch': 1, 'time_group': 1, 'time_groups': 118, 'batch': 0, 'batches': 118, 'time_value': 600.0, 'group_batches': 1, 'history_edges': 0, 'elapsed_sec': 0.005483906716108322, 'cuda_allocated_mb': 26, 'cuda_reserved_mb': 44, 'cuda_max_allocated_mb': 192}
{'event': 'train_progress', 'epoch': 1, 'batch': 1, 'batches': 118, 'time_group': 1, 'time_groups': 118, 'history_edges': 0, 'pos_edges': 1, 'neg_edges': 1, 'loss_recent': 0.7143571972846985, 'elapsed_sec': 0.13904889300465584, 'avg_sec_per_batch': 0.13904889300465584, 'cuda_allocated_mb': 44, 'cuda_reserved_mb': 90, 'cuda_max_allocated_mb': 192}
{'event': 'train_progress', 'epoch': 1, 'batch': 100, 'batches': 118, 'time_group': 100, 'time_groups': 118, 'history_edges': 2144, 'pos_edges': 38, 'neg_edges': 38, 'loss_recent': 1.7566823399066924, 'elapsed_sec': 19.530754312872887, 'avg_sec_per_batch': 0.19530754312872886, 'cuda_allocated_mb': 46, 'cuda_reserved_mb': 202, 'cuda_max_allocated_mb': 192}
{'event': 'train_time_group', 'epoch': 1, 'time_group': 118, 'time_groups': 118, 'batch': 117, 'batches': 118, 'time_value': 1966.0, 'group_batches': 1, 'history_edges': 3153, 'elapsed_sec': 23.80998070165515, 'cuda_allocated_mb': 45, 'cuda_reserved_mb': 222, 'cuda_max_allocated_mb': 192}
{'event': 'train_progress', 'epoch': 1, 'batch': 118, 'batches': 118, 'time_group': 118, 'time_groups': 118, 'history_edges': 3153, 'pos_edges': 91, 'neg_edges': 91, 'loss_recent': 2.3345888656377793, 'elapsed_sec': 24.114276196807623, 'avg_sec_per_batch': 0.2043582728543019, 'cuda_allocated_mb': 48, 'cuda_reserved_mb': 222, 'cuda_max_allocated_mb': 192}
{'event': 'validation_start', 'epoch': 1}
{'event': 'validation_ranking_start', 'epoch': 1, 'max_edges': 10}
{'event': 'epoch_end', 'epoch': 1, 'early_stop_metric': 'val_composite', 'val_score': 0.1567560822824929, 'val_auc': 0.6279144287109376, 'val_ap': 0.2669141765399515, 'val_ndcg': 0.7853968009431651, 'val_mrr': 0.013567108543273598, 'val_hits@1': 0.0, 'val_hits@10': 0.0, 'val_hits@50': 0.3, 'val_hits@100': 0.45, 'elapsed_sec': 31.492064990103245}
{'candidate': 'global_relpop_residual_rank_probe_h96_r12_a12_p4x4_l1_neg1_lr0p001_hp1_relpopfix48_sr0p1_sa0p05_rl0p02_m0_bpr', 'seed': 1, 'composite': nan, 'val_auc': 0.6279144287109376, 'val_ap': 0.2669141765399515, 'val_ndcg': 0.7853968009431651, 'val_mrr': 0.013567108543273598, 'val_hits@1': 0.0, 'val_hits@10': 0.0, 'val_hits@50': 0.3, 'val_hits@100': 0.45, 'train_loss': 2.0887585282325745, 'train_lp': 0.4299005300311719, 'train_align': 308.1481006307117, 'train_kl': 876.5324449700825, 'train_ood_reg': 0.2193593680858612, 'train_meta': 0.4355130208561481, 'train_struct_aux': 0.5613467933262809, 'train_weighted_align': 1.5407404707018602, 'train_weighted_kl': 0.08765324188191127, 'train_weighted_ood_reg': 0.00021935937868458835, 'train_weighted_meta': 0.002177565054222152, 'train_weighted_struct_aux': 0.028067340221950562, 'train_rank': 0.3094909346457255, 'train_weighted_rank': 0.0061898185453235595}
{'event': 'candidate_summary', 'candidate': 'global_relpop_residual_rank_probe_h96_r12_a12_p4x4_l1_neg1_lr0p001_hp1_relpopfix48_sr0p1_sa0p05_rl0p02_m0_bpr', 'score': 0.1567560822824929, 'passes_metric_minima': True, 'means': {'val_auc': 0.6279144287109376, 'val_ap': 0.2669141765399515, 'val_mrr': 0.013567108543273598, 'val_hits@10': 0.0, 'val_ndcg': 0.7853968009431651}, 'seeds_completed': 1}
{'event': 'candidate_seed_start', 'candidate': 'global_relpop_residual_rank_probe_h96_r12_a12_p4x4_l1_neg1_lr0p001_hp1_relpopfix48_sr0p05_sa0p01_rl0p05_m0_bpr', 'seed': 1, 'device': 'cuda', 'node_text_device': 'cuda:0'}
{'event': 'train_seed_start', 'seed': 1, 'train_edges': 3244, 'val_edges': 6738, 'test_edges': 26719, 'num_nodes': 4197, 'num_relations': 19}
{'event': 'train_seed_tensors_ready', 'seed': 1, 'elapsed_sec': 0.019123993813991547, 'cuda_allocated_mb': 25, 'cuda_reserved_mb': 42, 'cuda_max_allocated_mb': 192}
{'event': 'train_known_facts_ready', 'seed': 1, 'scope': 'train', 'edges': 3244, 'elapsed_sec': 0.02085159718990326}
{'event': 'train_known_facts_ready', 'seed': 1, 'scope': 'train_val', 'edges': 9982, 'elapsed_sec': 0.022229250520467758}
{'event': 'train_sampler_ready', 'seed': 1, 'elapsed_sec': 0.02631513401865959}
{'event': 'val_sampler_ready', 'seed': 1, 'elapsed_sec': 0.030108075588941574}
{'event': 'epoch_start', 'epoch': 1, 'epochs': 1, 'batches': 118, 'time_groups': 118}
{'event': 'train_time_group', 'epoch': 1, 'time_group': 1, 'time_groups': 118, 'batch': 0, 'batches': 118, 'time_value': 600.0, 'group_batches': 1, 'history_edges': 0, 'elapsed_sec': 0.0056354813277721405, 'cuda_allocated_mb': 26, 'cuda_reserved_mb': 44, 'cuda_max_allocated_mb': 192}
{'event': 'train_progress', 'epoch': 1, 'batch': 1, 'batches': 118, 'time_group': 1, 'time_groups': 118, 'history_edges': 0, 'pos_edges': 1, 'neg_edges': 1, 'loss_recent': 0.6862936615943909, 'elapsed_sec': 0.14673947542905807, 'avg_sec_per_batch': 0.14673947542905807, 'cuda_allocated_mb': 44, 'cuda_reserved_mb': 90, 'cuda_max_allocated_mb': 192}
{'event': 'train_progress', 'epoch': 1, 'batch': 100, 'batches': 118, 'time_group': 100, 'time_groups': 118, 'history_edges': 2144, 'pos_edges': 38, 'neg_edges': 38, 'loss_recent': 1.7353693732619286, 'elapsed_sec': 19.029638692736626, 'avg_sec_per_batch': 0.19029638692736625, 'cuda_allocated_mb': 46, 'cuda_reserved_mb': 202, 'cuda_max_allocated_mb': 192}
{'event': 'train_time_group', 'epoch': 1, 'time_group': 118, 'time_groups': 118, 'batch': 117, 'batches': 118, 'time_value': 1966.0, 'group_batches': 1, 'history_edges': 3153, 'elapsed_sec': 23.130884632468224, 'cuda_allocated_mb': 45, 'cuda_reserved_mb': 222, 'cuda_max_allocated_mb': 192}
{'event': 'train_progress', 'epoch': 1, 'batch': 118, 'batches': 118, 'time_group': 118, 'time_groups': 118, 'history_edges': 3153, 'pos_edges': 91, 'neg_edges': 91, 'loss_recent': 2.316715009510517, 'elapsed_sec': 23.427334994077682, 'avg_sec_per_batch': 0.19853673723794646, 'cuda_allocated_mb': 48, 'cuda_reserved_mb': 222, 'cuda_max_allocated_mb': 192}
{'event': 'validation_start', 'epoch': 1}
{'event': 'validation_ranking_start', 'epoch': 1, 'max_edges': 10}
{'event': 'epoch_end', 'epoch': 1, 'early_stop_metric': 'val_composite', 'val_score': 0.155760893575468, 'val_auc': 0.6271331787109375, 'val_ap': 0.26555120204856814, 'val_ndcg': 0.7845219480381047, 'val_mrr': 0.012238719057650857, 'val_hits@1': 0.0, 'val_hits@10': 0.0, 'val_hits@50': 0.3, 'val_hits@100': 0.45, 'elapsed_sec': 31.06663154810667}
{'candidate': 'global_relpop_residual_rank_probe_h96_r12_a12_p4x4_l1_neg1_lr0p001_hp1_relpopfix48_sr0p05_sa0p01_rl0p05_m0_bpr', 'seed': 1, 'composite': nan, 'val_auc': 0.6271331787109375, 'val_ap': 0.26555120204856814, 'val_ndcg': 0.7845219480381047, 'val_mrr': 0.012238719057650857, 'val_hits@1': 0.0, 'val_hits@10': 0.0, 'val_hits@50': 0.3, 'val_hits@100': 0.45, 'train_loss': 2.069338405283831, 'train_lp': 0.4303473836537135, 'train_align': 308.45541201607654, 'train_kl': 882.0484940480378, 'train_ood_reg': 0.21930814016673525, 'train_meta': 0.43570448470822837, 'train_struct_aux': 0.6111309735451714, 'train_weighted_align': 1.5422770204732859, 'train_weighted_kl': 0.08820484723043391, 'train_weighted_ood_reg': 0.00021930815064016794, 'train_weighted_meta': 0.002178522380822638, 'train_weighted_struct_aux': 0.006111309597252915, 'train_rank': 0.3097803849663775, 'train_weighted_rank': 0.015489019481149518}
{'event': 'candidate_summary', 'candidate': 'global_relpop_residual_rank_probe_h96_r12_a12_p4x4_l1_neg1_lr0p001_hp1_relpopfix48_sr0p05_sa0p01_rl0p05_m0_bpr', 'score': 0.155760893575468, 'passes_metric_minima': True, 'means': {'val_auc': 0.6271331787109375, 'val_ap': 0.26555120204856814, 'val_mrr': 0.012238719057650857, 'val_hits@10': 0.0, 'val_ndcg': 0.7845219480381047}, 'seeds_completed': 1}
{'event': 'candidate_seed_start', 'candidate': 'global_relpop_residual_rank_probe_h96_r12_a12_p4x4_l1_neg1_lr0p001_hp1_relpopfix48_sr0p05_sa0p05_rl0p05_m0_bpr', 'seed': 1, 'device': 'cuda', 'node_text_device': 'cuda:0'}
{'event': 'train_seed_start', 'seed': 1, 'train_edges': 3244, 'val_edges': 6738, 'test_edges': 26719, 'num_nodes': 4197, 'num_relations': 19}
{'event': 'train_seed_tensors_ready', 'seed': 1, 'elapsed_sec': 0.017658058553934097, 'cuda_allocated_mb': 25, 'cuda_reserved_mb': 42, 'cuda_max_allocated_mb': 192}
{'event': 'train_known_facts_ready', 'seed': 1, 'scope': 'train', 'edges': 3244, 'elapsed_sec': 0.019551333039999008}
{'event': 'train_known_facts_ready', 'seed': 1, 'scope': 'train_val', 'edges': 9982, 'elapsed_sec': 0.020927470177412033}
{'event': 'train_sampler_ready', 'seed': 1, 'elapsed_sec': 0.026016421616077423}
{'event': 'val_sampler_ready', 'seed': 1, 'elapsed_sec': 0.030859719961881638}
{'event': 'epoch_start', 'epoch': 1, 'epochs': 1, 'batches': 118, 'time_groups': 118}
{'event': 'train_time_group', 'epoch': 1, 'time_group': 1, 'time_groups': 118, 'batch': 0, 'batches': 118, 'time_value': 600.0, 'group_batches': 1, 'history_edges': 0, 'elapsed_sec': 0.00605132058262825, 'cuda_allocated_mb': 26, 'cuda_reserved_mb': 44, 'cuda_max_allocated_mb': 192}
{'event': 'train_progress', 'epoch': 1, 'batch': 1, 'batches': 118, 'time_group': 1, 'time_groups': 118, 'history_edges': 0, 'pos_edges': 1, 'neg_edges': 1, 'loss_recent': 0.7146722674369812, 'elapsed_sec': 0.15570232644677162, 'avg_sec_per_batch': 0.15570232644677162, 'cuda_allocated_mb': 44, 'cuda_reserved_mb': 90, 'cuda_max_allocated_mb': 192}
{'event': 'train_progress', 'epoch': 1, 'batch': 100, 'batches': 118, 'time_group': 100, 'time_groups': 118, 'history_edges': 2144, 'pos_edges': 38, 'neg_edges': 38, 'loss_recent': 1.7577510830760001, 'elapsed_sec': 21.970065202564, 'avg_sec_per_batch': 0.21970065202564001, 'cuda_allocated_mb': 46, 'cuda_reserved_mb': 202, 'cuda_max_allocated_mb': 192}
{'event': 'train_time_group', 'epoch': 1, 'time_group': 118, 'time_groups': 118, 'batch': 117, 'batches': 118, 'time_value': 1966.0, 'group_batches': 1, 'history_edges': 3153, 'elapsed_sec': 26.69097125530243, 'cuda_allocated_mb': 45, 'cuda_reserved_mb': 222, 'cuda_max_allocated_mb': 192}
{'event': 'train_progress', 'epoch': 1, 'batch': 118, 'batches': 118, 'time_group': 118, 'time_groups': 118, 'history_edges': 3153, 'pos_edges': 91, 'neg_edges': 91, 'loss_recent': 2.3363517478108404, 'elapsed_sec': 27.101946089416742, 'avg_sec_per_batch': 0.22967750923234528, 'cuda_allocated_mb': 48, 'cuda_reserved_mb': 222, 'cuda_max_allocated_mb': 192}
{'event': 'validation_start', 'epoch': 1}
{'event': 'validation_ranking_start', 'epoch': 1, 'max_edges': 10}
{'event': 'epoch_end', 'epoch': 1, 'early_stop_metric': 'val_composite', 'val_score': 0.15669813474558425, 'val_auc': 0.6306457519531251, 'val_ap': 0.26767719940429835, 'val_ndcg': 0.7855367404088976, 'val_mrr': 0.012921186392786976, 'val_hits@1': 0.0, 'val_hits@10': 0.0, 'val_hits@50': 0.3, 'val_hits@100': 0.45, 'elapsed_sec': 35.865992084145546}
{'candidate': 'global_relpop_residual_rank_probe_h96_r12_a12_p4x4_l1_neg1_lr0p001_hp1_relpopfix48_sr0p05_sa0p05_rl0p05_m0_bpr', 'seed': 1, 'composite': nan, 'val_auc': 0.6306457519531251, 'val_ap': 0.26767719940429835, 'val_ndcg': 0.7855367404088976, 'val_mrr': 0.012921186392786976, 'val_hits@1': 0.0, 'val_hits@10': 0.0, 'val_hits@50': 0.3, 'val_hits@100': 0.45, 'train_loss': 2.090315998358242, 'train_lp': 0.4306840050523564, 'train_align': 308.36664428751345, 'train_kl': 879.9274497597904, 'train_ood_reg': 0.21945911418583433, 'train_meta': 0.43578685643309256, 'train_struct_aux': 0.5481537360761125, 'train_weighted_align': 1.5418331843595636, 'train_weighted_kl': 0.08799274294574003, 'train_weighted_ood_reg': 0.00021945912454087856, 'train_weighted_meta': 0.002178934238006566, 'train_weighted_struct_aux': 0.0274076873783843, 'train_rank': 0.30996489382775155, 'train_weighted_rank': 0.015498244943555003}
{'event': 'candidate_summary', 'candidate': 'global_relpop_residual_rank_probe_h96_r12_a12_p4x4_l1_neg1_lr0p001_hp1_relpopfix48_sr0p05_sa0p05_rl0p05_m0_bpr', 'score': 0.15669813474558425, 'passes_metric_minima': True, 'means': {'val_auc': 0.6306457519531251, 'val_ap': 0.26767719940429835, 'val_mrr': 0.012921186392786976, 'val_hits@10': 0.0, 'val_ndcg': 0.7855367404088976}, 'seeds_completed': 1}
{'event': 'candidate_seed_start', 'candidate': 'global_relpop_residual_rank_probe_h96_r12_a12_p4x4_l1_neg1_lr0p001_hp1_relpopfix48_sr0p1_sa0p01_rl0p05_m0_bpr', 'seed': 1, 'device': 'cuda', 'node_text_device': 'cuda:0'}
{'event': 'train_seed_start', 'seed': 1, 'train_edges': 3244, 'val_edges': 6738, 'test_edges': 26719, 'num_nodes': 4197, 'num_relations': 19}
{'event': 'train_seed_tensors_ready', 'seed': 1, 'elapsed_sec': 0.0076021552085876465, 'cuda_allocated_mb': 25, 'cuda_reserved_mb': 42, 'cuda_max_allocated_mb': 192}
{'event': 'train_known_facts_ready', 'seed': 1, 'scope': 'train', 'edges': 3244, 'elapsed_sec': 0.009174332022666931}
{'event': 'train_known_facts_ready', 'seed': 1, 'scope': 'train_val', 'edges': 9982, 'elapsed_sec': 0.010404825210571289}
{'event': 'train_sampler_ready', 'seed': 1, 'elapsed_sec': 0.014478106051683426}
{'event': 'val_sampler_ready', 'seed': 1, 'elapsed_sec': 0.01814453676342964}
{'event': 'epoch_start', 'epoch': 1, 'epochs': 1, 'batches': 118, 'time_groups': 118}
{'event': 'train_time_group', 'epoch': 1, 'time_group': 1, 'time_groups': 118, 'batch': 0, 'batches': 118, 'time_value': 600.0, 'group_batches': 1, 'history_edges': 0, 'elapsed_sec': 0.005510788410902023, 'cuda_allocated_mb': 26, 'cuda_reserved_mb': 44, 'cuda_max_allocated_mb': 192}
{'event': 'train_progress', 'epoch': 1, 'batch': 1, 'batches': 118, 'time_group': 1, 'time_groups': 118, 'history_edges': 0, 'pos_edges': 1, 'neg_edges': 1, 'loss_recent': 0.6859785914421082, 'elapsed_sec': 0.2116481140255928, 'avg_sec_per_batch': 0.2116481140255928, 'cuda_allocated_mb': 44, 'cuda_reserved_mb': 90, 'cuda_max_allocated_mb': 192}
{'event': 'train_progress', 'epoch': 1, 'batch': 100, 'batches': 118, 'time_group': 100, 'time_groups': 118, 'history_edges': 2144, 'pos_edges': 38, 'neg_edges': 38, 'loss_recent': 1.7327261090278625, 'elapsed_sec': 21.03829552605748, 'avg_sec_per_batch': 0.21038295526057482, 'cuda_allocated_mb': 46, 'cuda_reserved_mb': 202, 'cuda_max_allocated_mb': 192}
{'event': 'train_time_group', 'epoch': 1, 'time_group': 118, 'time_groups': 118, 'batch': 117, 'batches': 118, 'time_value': 1966.0, 'group_batches': 1, 'history_edges': 3153, 'elapsed_sec': 25.272158343344927, 'cuda_allocated_mb': 45, 'cuda_reserved_mb': 222, 'cuda_max_allocated_mb': 192}
{'event': 'train_progress', 'epoch': 1, 'batch': 118, 'batches': 118, 'time_group': 118, 'time_groups': 118, 'history_edges': 3153, 'pos_edges': 91, 'neg_edges': 91, 'loss_recent': 2.313355242609978, 'elapsed_sec': 25.568397399038076, 'avg_sec_per_batch': 0.21668133389015318, 'cuda_allocated_mb': 48, 'cuda_reserved_mb': 222, 'cuda_max_allocated_mb': 192}
{'event': 'validation_start', 'epoch': 1}
{'event': 'validation_ranking_start', 'epoch': 1, 'max_edges': 10}
{'event': 'epoch_end', 'epoch': 1, 'early_stop_metric': 'val_composite', 'val_score': 0.15683390345859538, 'val_auc': 0.6289001464843751, 'val_ap': 0.2675136681902662, 'val_ndcg': 0.7857682309561471, 'val_mrr': 0.013370045620443968, 'val_hits@1': 0.0, 'val_hits@10': 0.0, 'val_hits@50': 0.3, 'val_hits@100': 0.45, 'elapsed_sec': 33.305831637233496}
{'candidate': 'global_relpop_residual_rank_probe_h96_r12_a12_p4x4_l1_neg1_lr0p001_hp1_relpopfix48_sr0p1_sa0p01_rl0p05_m0_bpr', 'seed': 1, 'composite': nan, 'val_auc': 0.6289001464843751, 'val_ap': 0.2675136681902662, 'val_ndcg': 0.7857682309561471, 'val_mrr': 0.013370045620443968, 'val_hits@1': 0.0, 'val_hits@10': 0.0, 'val_hits@50': 0.3, 'val_hits@100': 0.45, 'train_loss': 2.0662529165461914, 'train_lp': 0.4284794985995454, 'train_align': 308.14807164871087, 'train_kl': 881.4662180755098, 'train_ood_reg': 0.2190353414517338, 'train_meta': 0.43447471930945325, 'train_struct_aux': 0.6495068863791934, 'train_weighted_align': 1.5407403192356608, 'train_weighted_kl': 0.08814661942769662, 'train_weighted_ood_reg': 0.00021903535155816224, 'train_weighted_meta': 0.002172373548955104, 'train_weighted_struct_aux': 0.006495068717937348, 'train_rank': 0.30830511166635205, 'train_weighted_rank': 0.015415255866266029}
{'event': 'candidate_summary', 'candidate': 'global_relpop_residual_rank_probe_h96_r12_a12_p4x4_l1_neg1_lr0p001_hp1_relpopfix48_sr0p1_sa0p01_rl0p05_m0_bpr', 'score': 0.15683390345859538, 'passes_metric_minima': True, 'means': {'val_auc': 0.6289001464843751, 'val_ap': 0.2675136681902662, 'val_mrr': 0.013370045620443968, 'val_hits@10': 0.0, 'val_ndcg': 0.7857682309561471}, 'seeds_completed': 1}
{'event': 'candidate_seed_start', 'candidate': 'global_relpop_residual_rank_probe_h96_r12_a12_p4x4_l1_neg1_lr0p001_hp1_relpopfix48_sr0p1_sa0p05_rl0p05_m0_bpr', 'seed': 1, 'device': 'cuda', 'node_text_device': 'cuda:0'}
{'event': 'train_seed_start', 'seed': 1, 'train_edges': 3244, 'val_edges': 6738, 'test_edges': 26719, 'num_nodes': 4197, 'num_relations': 19}
{'event': 'train_seed_tensors_ready', 'seed': 1, 'elapsed_sec': 0.012470442801713943, 'cuda_allocated_mb': 25, 'cuda_reserved_mb': 42, 'cuda_max_allocated_mb': 192}
{'event': 'train_known_facts_ready', 'seed': 1, 'scope': 'train', 'edges': 3244, 'elapsed_sec': 0.014113832265138626}
{'event': 'train_known_facts_ready', 'seed': 1, 'scope': 'train_val', 'edges': 9982, 'elapsed_sec': 0.015445329248905182}
{'event': 'train_sampler_ready', 'seed': 1, 'elapsed_sec': 0.01953592151403427}
{'event': 'val_sampler_ready', 'seed': 1, 'elapsed_sec': 0.023210562765598297}
{'event': 'epoch_start', 'epoch': 1, 'epochs': 1, 'batches': 118, 'time_groups': 118}
{'event': 'train_time_group', 'epoch': 1, 'time_group': 1, 'time_groups': 118, 'batch': 0, 'batches': 118, 'time_value': 600.0, 'group_batches': 1, 'history_edges': 0, 'elapsed_sec': 0.0054388754069805145, 'cuda_allocated_mb': 26, 'cuda_reserved_mb': 44, 'cuda_max_allocated_mb': 192}
{'event': 'train_progress', 'epoch': 1, 'batch': 1, 'batches': 118, 'time_group': 1, 'time_groups': 118, 'history_edges': 0, 'pos_edges': 1, 'neg_edges': 1, 'loss_recent': 0.7143571972846985, 'elapsed_sec': 0.13243168219923973, 'avg_sec_per_batch': 0.13243168219923973, 'cuda_allocated_mb': 44, 'cuda_reserved_mb': 90, 'cuda_max_allocated_mb': 192}
{'event': 'train_progress', 'epoch': 1, 'batch': 100, 'batches': 118, 'time_group': 100, 'time_groups': 118, 'history_edges': 2144, 'pos_edges': 38, 'neg_edges': 38, 'loss_recent': 1.7567932191491127, 'elapsed_sec': 19.391719080507755, 'avg_sec_per_batch': 0.19391719080507755, 'cuda_allocated_mb': 46, 'cuda_reserved_mb': 202, 'cuda_max_allocated_mb': 192}
{'event': 'train_time_group', 'epoch': 1, 'time_group': 118, 'time_groups': 118, 'batch': 117, 'batches': 118, 'time_value': 1966.0, 'group_batches': 1, 'history_edges': 3153, 'elapsed_sec': 23.635985411703587, 'cuda_allocated_mb': 45, 'cuda_reserved_mb': 222, 'cuda_max_allocated_mb': 192}
{'event': 'train_progress', 'epoch': 1, 'batch': 118, 'batches': 118, 'time_group': 118, 'time_groups': 118, 'history_edges': 3153, 'pos_edges': 91, 'neg_edges': 91, 'loss_recent': 2.3351596918702127, 'elapsed_sec': 23.99007984995842, 'avg_sec_per_batch': 0.20330576144032558, 'cuda_allocated_mb': 48, 'cuda_reserved_mb': 222, 'cuda_max_allocated_mb': 192}
{'event': 'validation_start', 'epoch': 1}
{'event': 'validation_ranking_start', 'epoch': 1, 'max_edges': 10}
{'event': 'epoch_end', 'epoch': 1, 'early_stop_metric': 'val_composite', 'val_score': 0.15718946926138944, 'val_auc': 0.630889892578125, 'val_ap': 0.2684541391694809, 'val_ndcg': 0.7861235922892179, 'val_mrr': 0.013528989056278477, 'val_hits@1': 0.0, 'val_hits@10': 0.0, 'val_hits@50': 0.3, 'val_hits@100': 0.45, 'elapsed_sec': 31.332878328859806}
{'candidate': 'global_relpop_residual_rank_probe_h96_r12_a12_p4x4_l1_neg1_lr0p001_hp1_relpopfix48_sr0p1_sa0p05_rl0p05_m0_bpr', 'seed': 1, 'composite': nan, 'val_auc': 0.630889892578125, 'val_ap': 0.2684541391694809, 'val_ndcg': 0.7861235922892179, 'val_mrr': 0.013528989056278477, 'val_hits@1': 0.0, 'val_hits@10': 0.0, 'val_hits@50': 0.3, 'val_hits@100': 0.45, 'train_loss': 2.0892223475848213, 'train_lp': 0.4296254861657902, 'train_align': 308.2209593886036, 'train_kl': 880.3011594869323, 'train_ood_reg': 0.21931361748000322, 'train_meta': 0.43509948427268, 'train_struct_aux': 0.5613440113552546, 'train_weighted_align': 1.5411047521047294, 'train_weighted_kl': 0.08803011370838572, 'train_weighted_ood_reg': 0.00021931362733978904, 'train_weighted_meta': 0.002175497378260134, 'train_weighted_struct_aux': 0.028067201265465407, 'train_rank': 0.30891957282388616, 'train_weighted_rank': 0.01544597896676258}
{'event': 'candidate_summary', 'candidate': 'global_relpop_residual_rank_probe_h96_r12_a12_p4x4_l1_neg1_lr0p001_hp1_relpopfix48_sr0p1_sa0p05_rl0p05_m0_bpr', 'score': 0.15718946926138944, 'passes_metric_minima': True, 'means': {'val_auc': 0.630889892578125, 'val_ap': 0.2684541391694809, 'val_mrr': 0.013528989056278477, 'val_hits@10': 0.0, 'val_ndcg': 0.7861235922892179}, 'seeds_completed': 1}
{'event': 'candidate_seed_start', 'candidate': 'global_relpop_residual_rank_probe_h96_r12_a12_p4x4_l1_neg1_lr0p001_hp2_relpopfix48_sr0p05_sa0p01_rl0p02_m0_bpr', 'seed': 1, 'device': 'cuda', 'node_text_device': 'cuda:0'}
{'event': 'train_seed_start', 'seed': 1, 'train_edges': 3244, 'val_edges': 6738, 'test_edges': 26719, 'num_nodes': 4197, 'num_relations': 19}
{'event': 'train_seed_tensors_ready', 'seed': 1, 'elapsed_sec': 0.006997659802436829, 'cuda_allocated_mb': 25, 'cuda_reserved_mb': 42, 'cuda_max_allocated_mb': 192}
{'event': 'train_known_facts_ready', 'seed': 1, 'scope': 'train', 'edges': 3244, 'elapsed_sec': 0.00896405428647995}
{'event': 'train_known_facts_ready', 'seed': 1, 'scope': 'train_val', 'edges': 9982, 'elapsed_sec': 0.010463006794452667}
{'event': 'train_sampler_ready', 'seed': 1, 'elapsed_sec': 0.015880204737186432}
{'event': 'val_sampler_ready', 'seed': 1, 'elapsed_sec': 0.020612318068742752}
{'event': 'epoch_start', 'epoch': 1, 'epochs': 1, 'batches': 118, 'time_groups': 118}
{'event': 'train_time_group', 'epoch': 1, 'time_group': 1, 'time_groups': 118, 'batch': 0, 'batches': 118, 'time_value': 600.0, 'group_batches': 1, 'history_edges': 0, 'elapsed_sec': 0.004921209067106247, 'cuda_allocated_mb': 26, 'cuda_reserved_mb': 44, 'cuda_max_allocated_mb': 192}
{'event': 'train_progress', 'epoch': 1, 'batch': 1, 'batches': 118, 'time_group': 1, 'time_groups': 118, 'history_edges': 0, 'pos_edges': 1, 'neg_edges': 1, 'loss_recent': 0.6862936615943909, 'elapsed_sec': 0.12618865817785263, 'avg_sec_per_batch': 0.12618865817785263, 'cuda_allocated_mb': 44, 'cuda_reserved_mb': 90, 'cuda_max_allocated_mb': 192}
{'event': 'train_progress', 'epoch': 1, 'batch': 100, 'batches': 118, 'time_group': 100, 'time_groups': 118, 'history_edges': 2144, 'pos_edges': 38, 'neg_edges': 38, 'loss_recent': 1.7108431905508041, 'elapsed_sec': 16.958010777831078, 'avg_sec_per_batch': 0.16958010777831078, 'cuda_allocated_mb': 46, 'cuda_reserved_mb': 202, 'cuda_max_allocated_mb': 192}
{'event': 'train_time_group', 'epoch': 1, 'time_group': 118, 'time_groups': 118, 'batch': 117, 'batches': 118, 'time_value': 1966.0, 'group_batches': 1, 'history_edges': 3153, 'elapsed_sec': 21.136068731546402, 'cuda_allocated_mb': 45, 'cuda_reserved_mb': 222, 'cuda_max_allocated_mb': 192}
{'event': 'train_progress', 'epoch': 1, 'batch': 118, 'batches': 118, 'time_group': 118, 'time_groups': 118, 'history_edges': 3153, 'pos_edges': 91, 'neg_edges': 91, 'loss_recent': 2.294338437616825, 'elapsed_sec': 21.42862817645073, 'avg_sec_per_batch': 0.18159854386822652, 'cuda_allocated_mb': 48, 'cuda_reserved_mb': 222, 'cuda_max_allocated_mb': 192}
{'event': 'validation_start', 'epoch': 1}
{'event': 'validation_ranking_start', 'epoch': 1, 'max_edges': 10}
{'event': 'epoch_end', 'epoch': 1, 'early_stop_metric': 'val_composite', 'val_score': 0.15941237942458486, 'val_auc': 0.6260589599609375, 'val_ap': 0.27195488336354046, 'val_ndcg': 0.7892635841650132, 'val_mrr': 0.016779681011011217, 'val_hits@1': 0.0, 'val_hits@10': 0.0, 'val_hits@50': 0.3, 'val_hits@100': 0.5, 'elapsed_sec': 28.55943015217781}
{'candidate': 'global_relpop_residual_rank_probe_h96_r12_a12_p4x4_l1_neg1_lr0p001_hp2_relpopfix48_sr0p05_sa0p01_rl0p02_m0_bpr', 'seed': 1, 'composite': nan, 'val_auc': 0.6260589599609375, 'val_ap': 0.27195488336354046, 'val_ndcg': 0.7892635841650132, 'val_mrr': 0.016779681011011217, 'val_hits@1': 0.0, 'val_hits@10': 0.0, 'val_hits@50': 0.3, 'val_hits@100': 0.5, 'train_loss': 2.048051748740471, 'train_lp': 0.4130331794336691, 'train_align': 308.05503469806604, 'train_kl': 861.6645160287113, 'train_ood_reg': 0.22100042374962467, 'train_meta': 0.41694751694419624, 'train_struct_aux': 0.6271245376033298, 'train_weighted_align': 1.5402751445407206, 'train_weighted_kl': 0.08616644935682416, 'train_weighted_ood_reg': 0.00022100043454467935, 'train_weighted_meta': 0.0020847375363099658, 'train_weighted_struct_aux': 0.006271245254014256, 'train_rank': 0.2727032679180473, 'train_weighted_rank': 0.00545406522539097}
{'event': 'candidate_summary', 'candidate': 'global_relpop_residual_rank_probe_h96_r12_a12_p4x4_l1_neg1_lr0p001_hp2_relpopfix48_sr0p05_sa0p01_rl0p02_m0_bpr', 'score': 0.15941237942458486, 'passes_metric_minima': True, 'means': {'val_auc': 0.6260589599609375, 'val_ap': 0.27195488336354046, 'val_mrr': 0.016779681011011217, 'val_hits@10': 0.0, 'val_ndcg': 0.7892635841650132}, 'seeds_completed': 1}
{'event': 'candidate_seed_start', 'candidate': 'global_relpop_residual_rank_probe_h96_r12_a12_p4x4_l1_neg1_lr0p001_hp2_relpopfix48_sr0p05_sa0p05_rl0p02_m0_bpr', 'seed': 1, 'device': 'cuda', 'node_text_device': 'cuda:0'}
{'event': 'train_seed_start', 'seed': 1, 'train_edges': 3244, 'val_edges': 6738, 'test_edges': 26719, 'num_nodes': 4197, 'num_relations': 19}
{'event': 'train_seed_tensors_ready', 'seed': 1, 'elapsed_sec': 0.005270518362522125, 'cuda_allocated_mb': 25, 'cuda_reserved_mb': 42, 'cuda_max_allocated_mb': 192}
{'event': 'train_known_facts_ready', 'seed': 1, 'scope': 'train', 'edges': 3244, 'elapsed_sec': 0.007295902818441391}
{'event': 'train_known_facts_ready', 'seed': 1, 'scope': 'train_val', 'edges': 9982, 'elapsed_sec': 0.008477140218019485}
{'event': 'train_sampler_ready', 'seed': 1, 'elapsed_sec': 0.013199247419834137}
{'event': 'val_sampler_ready', 'seed': 1, 'elapsed_sec': 0.017031066119670868}
{'event': 'epoch_start', 'epoch': 1, 'epochs': 1, 'batches': 118, 'time_groups': 118}
{'event': 'train_time_group', 'epoch': 1, 'time_group': 1, 'time_groups': 118, 'batch': 0, 'batches': 118, 'time_value': 600.0, 'group_batches': 1, 'history_edges': 0, 'elapsed_sec': 0.005760204046964645, 'cuda_allocated_mb': 26, 'cuda_reserved_mb': 44, 'cuda_max_allocated_mb': 192}
{'event': 'train_progress', 'epoch': 1, 'batch': 1, 'batches': 118, 'time_group': 1, 'time_groups': 118, 'history_edges': 0, 'pos_edges': 1, 'neg_edges': 1, 'loss_recent': 0.7146722674369812, 'elapsed_sec': 0.14293097332119942, 'avg_sec_per_batch': 0.14293097332119942, 'cuda_allocated_mb': 44, 'cuda_reserved_mb': 90, 'cuda_max_allocated_mb': 192}
{'event': 'train_progress', 'epoch': 1, 'batch': 100, 'batches': 118, 'time_group': 100, 'time_groups': 118, 'history_edges': 2144, 'pos_edges': 38, 'neg_edges': 38, 'loss_recent': 1.7348440551757813, 'elapsed_sec': 19.840236093848944, 'avg_sec_per_batch': 0.19840236093848942, 'cuda_allocated_mb': 46, 'cuda_reserved_mb': 202, 'cuda_max_allocated_mb': 192}
{'event': 'train_time_group', 'epoch': 1, 'time_group': 118, 'time_groups': 118, 'batch': 117, 'batches': 118, 'time_value': 1966.0, 'group_batches': 1, 'history_edges': 3153, 'elapsed_sec': 23.93973681330681, 'cuda_allocated_mb': 45, 'cuda_reserved_mb': 222, 'cuda_max_allocated_mb': 192}
{'event': 'train_progress', 'epoch': 1, 'batch': 118, 'batches': 118, 'time_group': 118, 'time_groups': 118, 'history_edges': 3153, 'pos_edges': 91, 'neg_edges': 91, 'loss_recent': 2.3158226671814917, 'elapsed_sec': 24.233423873782158, 'avg_sec_per_batch': 0.20536799893035726, 'cuda_allocated_mb': 48, 'cuda_reserved_mb': 222, 'cuda_max_allocated_mb': 192}
{'event': 'validation_start', 'epoch': 1}
{'event': 'validation_ranking_start', 'epoch': 1, 'max_edges': 10}
{'event': 'epoch_end', 'epoch': 1, 'early_stop_metric': 'val_composite', 'val_score': 0.15972055805678778, 'val_auc': 0.6265777587890624, 'val_ap': 0.2728639080649591, 'val_ndcg': 0.7897923848253623, 'val_mrr': 0.01696569085010914, 'val_hits@1': 0.0, 'val_hits@10': 0.0, 'val_hits@50': 0.3, 'val_hits@100': 0.5, 'elapsed_sec': 31.377298057079315}
{'candidate': 'global_relpop_residual_rank_probe_h96_r12_a12_p4x4_l1_neg1_lr0p001_hp2_relpopfix48_sr0p05_sa0p05_rl0p02_m0_bpr', 'seed': 1, 'composite': nan, 'val_auc': 0.6265777587890624, 'val_ap': 0.2728639080649591, 'val_ndcg': 0.7897923848253623, 'val_mrr': 0.01696569085010914, 'val_hits@1': 0.0, 'val_hits@10': 0.0, 'val_hits@50': 0.3, 'val_hits@100': 0.5, 'train_loss': 2.0706373675394865, 'train_lp': 0.41362242678464467, 'train_align': 308.08830283051833, 'train_kl': 860.8751022856114, 'train_ood_reg': 0.22118735111365884, 'train_meta': 0.417395086296029, 'train_struct_aux': 0.5635557750524101, 'train_weighted_align': 1.5404414777580837, 'train_weighted_kl': 0.08608750826521319, 'train_weighted_ood_reg': 0.0002211873617883519, 'train_weighted_meta': 0.0020869753850817335, 'train_weighted_struct_aux': 0.0281777893177281, 'train_rank': 0.2726951357356067, 'train_weighted_rank': 0.005453902594666234}
{'event': 'candidate_summary', 'candidate': 'global_relpop_residual_rank_probe_h96_r12_a12_p4x4_l1_neg1_lr0p001_hp2_relpopfix48_sr0p05_sa0p05_rl0p02_m0_bpr', 'score': 0.15972055805678778, 'passes_metric_minima': True, 'means': {'val_auc': 0.6265777587890624, 'val_ap': 0.2728639080649591, 'val_mrr': 0.01696569085010914, 'val_hits@10': 0.0, 'val_ndcg': 0.7897923848253623}, 'seeds_completed': 1}
{'event': 'candidate_seed_start', 'candidate': 'global_relpop_residual_rank_probe_h96_r12_a12_p4x4_l1_neg1_lr0p001_hp2_relpopfix48_sr0p1_sa0p01_rl0p02_m0_bpr', 'seed': 1, 'device': 'cuda', 'node_text_device': 'cuda:0'}
{'event': 'train_seed_start', 'seed': 1, 'train_edges': 3244, 'val_edges': 6738, 'test_edges': 26719, 'num_nodes': 4197, 'num_relations': 19}
{'event': 'train_seed_tensors_ready', 'seed': 1, 'elapsed_sec': 0.0162491574883461, 'cuda_allocated_mb': 25, 'cuda_reserved_mb': 42, 'cuda_max_allocated_mb': 192}
{'event': 'train_known_facts_ready', 'seed': 1, 'scope': 'train', 'edges': 3244, 'elapsed_sec': 0.01788756251335144}
{'event': 'train_known_facts_ready', 'seed': 1, 'scope': 'train_val', 'edges': 9982, 'elapsed_sec': 0.019124183803796768}
{'event': 'train_sampler_ready', 'seed': 1, 'elapsed_sec': 0.023031778633594513}
{'event': 'val_sampler_ready', 'seed': 1, 'elapsed_sec': 0.02686047926545143}
{'event': 'epoch_start', 'epoch': 1, 'epochs': 1, 'batches': 118, 'time_groups': 118}
{'event': 'train_time_group', 'epoch': 1, 'time_group': 1, 'time_groups': 118, 'batch': 0, 'batches': 118, 'time_value': 600.0, 'group_batches': 1, 'history_edges': 0, 'elapsed_sec': 0.007108855992555618, 'cuda_allocated_mb': 26, 'cuda_reserved_mb': 44, 'cuda_max_allocated_mb': 192}
{'event': 'train_progress', 'epoch': 1, 'batch': 1, 'batches': 118, 'time_group': 1, 'time_groups': 118, 'history_edges': 0, 'pos_edges': 1, 'neg_edges': 1, 'loss_recent': 0.6859785914421082, 'elapsed_sec': 0.18269611150026321, 'avg_sec_per_batch': 0.18269611150026321, 'cuda_allocated_mb': 44, 'cuda_reserved_mb': 90, 'cuda_max_allocated_mb': 192}
{'event': 'train_progress', 'epoch': 1, 'batch': 100, 'batches': 118, 'time_group': 100, 'time_groups': 118, 'history_edges': 2144, 'pos_edges': 38, 'neg_edges': 38, 'loss_recent': 1.708905523866415, 'elapsed_sec': 23.979326382279396, 'avg_sec_per_batch': 0.23979326382279395, 'cuda_allocated_mb': 46, 'cuda_reserved_mb': 202, 'cuda_max_allocated_mb': 192}
{'event': 'train_time_group', 'epoch': 1, 'time_group': 118, 'time_groups': 118, 'batch': 117, 'batches': 118, 'time_value': 1966.0, 'group_batches': 1, 'history_edges': 3153, 'elapsed_sec': 29.038578879088163, 'cuda_allocated_mb': 45, 'cuda_reserved_mb': 222, 'cuda_max_allocated_mb': 192}
{'event': 'train_progress', 'epoch': 1, 'batch': 118, 'batches': 118, 'time_group': 118, 'time_groups': 118, 'history_edges': 3153, 'pos_edges': 91, 'neg_edges': 91, 'loss_recent': 2.2924658571183683, 'elapsed_sec': 29.484688512980938, 'avg_sec_per_batch': 0.24987024163543167, 'cuda_allocated_mb': 48, 'cuda_reserved_mb': 222, 'cuda_max_allocated_mb': 192}
{'event': 'validation_start', 'epoch': 1}
{'event': 'validation_ranking_start', 'epoch': 1, 'max_edges': 10}
{'event': 'epoch_end', 'epoch': 1, 'early_stop_metric': 'val_composite', 'val_score': 0.16976767213095117, 'val_auc': 0.6263092041015625, 'val_ap': 0.271550333504183, 'val_ndcg': 0.7889996537783148, 'val_mrr': 0.017639393044828207, 'val_hits@1': 0.0, 'val_hits@10': 0.05, 'val_hits@50': 0.3, 'val_hits@100': 0.5, 'elapsed_sec': 37.90784903988242}
{'candidate': 'global_relpop_residual_rank_probe_h96_r12_a12_p4x4_l1_neg1_lr0p001_hp2_relpopfix48_sr0p1_sa0p01_rl0p02_m0_bpr', 'seed': 1, 'composite': nan, 'val_auc': 0.6263092041015625, 'val_ap': 0.271550333504183, 'val_ndcg': 0.7889996537783148, 'val_mrr': 0.017639393044828207, 'val_hits@1': 0.0, 'val_hits@10': 0.05, 'val_hits@50': 0.3, 'val_hits@100': 0.5, 'train_loss': 2.046199134724625, 'train_lp': 0.4113692398798668, 'train_align': 307.9284265950575, 'train_kl': 863.3151946633549, 'train_ood_reg': 0.22071427182625916, 'train_meta': 0.4158182262553502, 'train_struct_aux': 0.6556464355375807, 'train_weighted_align': 1.539642107515138, 'train_weighted_kl': 0.08633151749085824, 'train_weighted_ood_reg': 0.0002207142822306319, 'train_weighted_meta': 0.0020790910789786473, 'train_weighted_struct_aux': 0.0065564642249906465, 'train_rank': 0.2717383138330306, 'train_weighted_rank': 0.005434766150833407}
{'event': 'candidate_summary', 'candidate': 'global_relpop_residual_rank_probe_h96_r12_a12_p4x4_l1_neg1_lr0p001_hp2_relpopfix48_sr0p1_sa0p01_rl0p02_m0_bpr', 'score': 0.16976767213095117, 'passes_metric_minima': True, 'means': {'val_auc': 0.6263092041015625, 'val_ap': 0.271550333504183, 'val_mrr': 0.017639393044828207, 'val_hits@10': 0.05, 'val_ndcg': 0.7889996537783148}, 'seeds_completed': 1}
{'event': 'candidate_seed_start', 'candidate': 'global_relpop_residual_rank_probe_h96_r12_a12_p4x4_l1_neg1_lr0p001_hp2_relpopfix48_sr0p1_sa0p05_rl0p02_m0_bpr', 'seed': 1, 'device': 'cuda', 'node_text_device': 'cuda:0'}
{'event': 'train_seed_start', 'seed': 1, 'train_edges': 3244, 'val_edges': 6738, 'test_edges': 26719, 'num_nodes': 4197, 'num_relations': 19}
{'event': 'train_seed_tensors_ready', 'seed': 1, 'elapsed_sec': 0.004705648869276047, 'cuda_allocated_mb': 25, 'cuda_reserved_mb': 42, 'cuda_max_allocated_mb': 192}
{'event': 'train_known_facts_ready', 'seed': 1, 'scope': 'train', 'edges': 3244, 'elapsed_sec': 0.0064492784440517426}
{'event': 'train_known_facts_ready', 'seed': 1, 'scope': 'train_val', 'edges': 9982, 'elapsed_sec': 0.007708661258220673}
{'event': 'train_sampler_ready', 'seed': 1, 'elapsed_sec': 0.011686712503433228}
{'event': 'val_sampler_ready', 'seed': 1, 'elapsed_sec': 0.015422992408275604}
{'event': 'epoch_start', 'epoch': 1, 'epochs': 1, 'batches': 118, 'time_groups': 118}
{'event': 'train_time_group', 'epoch': 1, 'time_group': 1, 'time_groups': 118, 'batch': 0, 'batches': 118, 'time_value': 600.0, 'group_batches': 1, 'history_edges': 0, 'elapsed_sec': 0.007347129285335541, 'cuda_allocated_mb': 26, 'cuda_reserved_mb': 44, 'cuda_max_allocated_mb': 192}
{'event': 'train_progress', 'epoch': 1, 'batch': 1, 'batches': 118, 'time_group': 1, 'time_groups': 118, 'history_edges': 0, 'pos_edges': 1, 'neg_edges': 1, 'loss_recent': 0.7143571972846985, 'elapsed_sec': 0.14510441571474075, 'avg_sec_per_batch': 0.14510441571474075, 'cuda_allocated_mb': 44, 'cuda_reserved_mb': 90, 'cuda_max_allocated_mb': 192}
{'event': 'train_progress', 'epoch': 1, 'batch': 100, 'batches': 118, 'time_group': 100, 'time_groups': 118, 'history_edges': 2144, 'pos_edges': 38, 'neg_edges': 38, 'loss_recent': 1.7342980742454528, 'elapsed_sec': 17.87786167487502, 'avg_sec_per_batch': 0.1787786167487502, 'cuda_allocated_mb': 46, 'cuda_reserved_mb': 202, 'cuda_max_allocated_mb': 192}
{'event': 'train_time_group', 'epoch': 1, 'time_group': 118, 'time_groups': 118, 'batch': 117, 'batches': 118, 'time_value': 1966.0, 'group_batches': 1, 'history_edges': 3153, 'elapsed_sec': 22.040671076625586, 'cuda_allocated_mb': 45, 'cuda_reserved_mb': 222, 'cuda_max_allocated_mb': 192}
{'event': 'train_progress', 'epoch': 1, 'batch': 118, 'batches': 118, 'time_group': 118, 'time_groups': 118, 'history_edges': 3153, 'pos_edges': 91, 'neg_edges': 91, 'loss_recent': 2.3155725046992304, 'elapsed_sec': 22.34688574820757, 'avg_sec_per_batch': 0.1893803876966743, 'cuda_allocated_mb': 48, 'cuda_reserved_mb': 222, 'cuda_max_allocated_mb': 192}
{'event': 'validation_start', 'epoch': 1}
{'event': 'validation_ranking_start', 'epoch': 1, 'max_edges': 10}
{'event': 'epoch_end', 'epoch': 1, 'early_stop_metric': 'val_composite', 'val_score': 0.15978686259890731, 'val_auc': 0.62686767578125, 'val_ap': 0.2726768672836323, 'val_ndcg': 0.7896438855507769, 'val_mrr': 0.017155120324444544, 'val_hits@1': 0.0, 'val_hits@10': 0.0, 'val_hits@50': 0.3, 'val_hits@100': 0.5, 'elapsed_sec': 29.52328386157751}
{'candidate': 'global_relpop_residual_rank_probe_h96_r12_a12_p4x4_l1_neg1_lr0p001_hp2_relpopfix48_sr0p1_sa0p05_rl0p02_m0_bpr', 'seed': 1, 'composite': nan, 'val_auc': 0.62686767578125, 'val_ap': 0.2726768672836323, 'val_ndcg': 0.7896438855507769, 'val_mrr': 0.017155120324444544, 'val_hits@1': 0.0, 'val_hits@10': 0.0, 'val_hits@50': 0.3, 'val_hits@100': 0.5, 'train_loss': 2.070340807155027, 'train_lp': 0.4125961183996524, 'train_align': 308.0190469309435, 'train_kl': 862.0314360473116, 'train_ood_reg': 0.2210552934872902, 'train_meta': 0.4166593266872026, 'train_struct_aux': 0.5828398857581414, 'train_weighted_align': 1.5400951986311604, 'train_weighted_kl': 0.08620314145760642, 'train_weighted_ood_reg': 0.00022105530365093974, 'train_weighted_meta': 0.002083296586919213, 'train_weighted_struct_aux': 0.029141994887741947, 'train_rank': 0.27212176967601653, 'train_weighted_rank': 0.005442435275052942}
{'event': 'candidate_summary', 'candidate': 'global_relpop_residual_rank_probe_h96_r12_a12_p4x4_l1_neg1_lr0p001_hp2_relpopfix48_sr0p1_sa0p05_rl0p02_m0_bpr', 'score': 0.15978686259890731, 'passes_metric_minima': True, 'means': {'val_auc': 0.62686767578125, 'val_ap': 0.2726768672836323, 'val_mrr': 0.017155120324444544, 'val_hits@10': 0.0, 'val_ndcg': 0.7896438855507769}, 'seeds_completed': 1}
{'event': 'candidate_seed_start', 'candidate': 'global_relpop_residual_rank_probe_h96_r12_a12_p4x4_l1_neg1_lr0p001_hp2_relpopfix48_sr0p05_sa0p01_rl0p05_m0_bpr', 'seed': 1, 'device': 'cuda', 'node_text_device': 'cuda:0'}
{'event': 'train_seed_start', 'seed': 1, 'train_edges': 3244, 'val_edges': 6738, 'test_edges': 26719, 'num_nodes': 4197, 'num_relations': 19}
{'event': 'train_seed_tensors_ready', 'seed': 1, 'elapsed_sec': 0.014727991074323654, 'cuda_allocated_mb': 25, 'cuda_reserved_mb': 42, 'cuda_max_allocated_mb': 192}
{'event': 'train_known_facts_ready', 'seed': 1, 'scope': 'train', 'edges': 3244, 'elapsed_sec': 0.016328193247318268}
{'event': 'train_known_facts_ready', 'seed': 1, 'scope': 'train_val', 'edges': 9982, 'elapsed_sec': 0.017541274428367615}
{'event': 'train_sampler_ready', 'seed': 1, 'elapsed_sec': 0.02265237644314766}
{'event': 'val_sampler_ready', 'seed': 1, 'elapsed_sec': 0.02735608071088791}
{'event': 'epoch_start', 'epoch': 1, 'epochs': 1, 'batches': 118, 'time_groups': 118}
{'event': 'train_time_group', 'epoch': 1, 'time_group': 1, 'time_groups': 118, 'batch': 0, 'batches': 118, 'time_value': 600.0, 'group_batches': 1, 'history_edges': 0, 'elapsed_sec': 0.007288351655006409, 'cuda_allocated_mb': 26, 'cuda_reserved_mb': 44, 'cuda_max_allocated_mb': 192}
{'event': 'train_progress', 'epoch': 1, 'batch': 1, 'batches': 118, 'time_group': 1, 'time_groups': 118, 'history_edges': 0, 'pos_edges': 1, 'neg_edges': 1, 'loss_recent': 0.6862936615943909, 'elapsed_sec': 0.16799303516745567, 'avg_sec_per_batch': 0.16799303516745567, 'cuda_allocated_mb': 44, 'cuda_reserved_mb': 90, 'cuda_max_allocated_mb': 192}
{'event': 'train_progress', 'epoch': 1, 'batch': 100, 'batches': 118, 'time_group': 100, 'time_groups': 118, 'history_edges': 2144, 'pos_edges': 38, 'neg_edges': 38, 'loss_recent': 1.7109958547353745, 'elapsed_sec': 31.4560204744339, 'avg_sec_per_batch': 0.314560204744339, 'cuda_allocated_mb': 46, 'cuda_reserved_mb': 202, 'cuda_max_allocated_mb': 192}
{'event': 'train_time_group', 'epoch': 1, 'time_group': 118, 'time_groups': 118, 'batch': 117, 'batches': 118, 'time_value': 1966.0, 'group_batches': 1, 'history_edges': 3153, 'elapsed_sec': 39.7055007815361, 'cuda_allocated_mb': 45, 'cuda_reserved_mb': 222, 'cuda_max_allocated_mb': 192}
{'event': 'train_progress', 'epoch': 1, 'batch': 118, 'batches': 118, 'time_group': 118, 'time_groups': 118, 'history_edges': 3153, 'pos_edges': 91, 'neg_edges': 91, 'loss_recent': 2.294640214443207, 'elapsed_sec': 40.30353710055351, 'avg_sec_per_batch': 0.34155539915723315, 'cuda_allocated_mb': 48, 'cuda_reserved_mb': 222, 'cuda_max_allocated_mb': 192}
{'event': 'validation_start', 'epoch': 1}
{'event': 'validation_ranking_start', 'epoch': 1, 'max_edges': 10}
{'event': 'epoch_end', 'epoch': 1, 'early_stop_metric': 'val_composite', 'val_score': 0.1697400218735555, 'val_auc': 0.62659912109375, 'val_ap': 0.2720308949229735, 'val_ndcg': 0.7893409013753453, 'val_mrr': 0.017342682885774865, 'val_hits@1': 0.0, 'val_hits@10': 0.05, 'val_hits@50': 0.3, 'val_hits@100': 0.5, 'elapsed_sec': 51.726108614355326}
{'candidate': 'global_relpop_residual_rank_probe_h96_r12_a12_p4x4_l1_neg1_lr0p001_hp2_relpopfix48_sr0p05_sa0p01_rl0p05_m0_bpr', 'seed': 1, 'composite': nan, 'val_auc': 0.62659912109375, 'val_ap': 0.2720308949229735, 'val_ndcg': 0.7893409013753453, 'val_mrr': 0.017342682885774865, 'val_hits@1': 0.0, 'val_hits@10': 0.05, 'val_hits@50': 0.3, 'val_hits@100': 0.5, 'train_loss': 2.048302561044693, 'train_lp': 0.4126997045793776, 'train_align': 308.1136091321202, 'train_kl': 864.5298316115039, 'train_ood_reg': 0.22099355027332143, 'train_meta': 0.4166804113883083, 'train_struct_aux': 0.6277444145437014, 'train_weighted_align': 1.540568016895677, 'train_weighted_kl': 0.08645298079808511, 'train_weighted_ood_reg': 0.000220993560737875, 'train_weighted_meta': 0.00208340200691255, 'train_weighted_struct_aux': 0.006277444002897305, 'train_rank': 0.27192438378046124, 'train_weighted_rank': 0.01359621949703038}
{'event': 'candidate_summary', 'candidate': 'global_relpop_residual_rank_probe_h96_r12_a12_p4x4_l1_neg1_lr0p001_hp2_relpopfix48_sr0p05_sa0p01_rl0p05_m0_bpr', 'score': 0.1697400218735555, 'passes_metric_minima': True, 'means': {'val_auc': 0.62659912109375, 'val_ap': 0.2720308949229735, 'val_mrr': 0.017342682885774865, 'val_hits@10': 0.05, 'val_ndcg': 0.7893409013753453}, 'seeds_completed': 1}
{'event': 'candidate_seed_start', 'candidate': 'global_relpop_residual_rank_probe_h96_r12_a12_p4x4_l1_neg1_lr0p001_hp2_relpopfix48_sr0p05_sa0p05_rl0p05_m0_bpr', 'seed': 1, 'device': 'cuda', 'node_text_device': 'cuda:0'}
{'event': 'train_seed_start', 'seed': 1, 'train_edges': 3244, 'val_edges': 6738, 'test_edges': 26719, 'num_nodes': 4197, 'num_relations': 19}
{'event': 'train_seed_tensors_ready', 'seed': 1, 'elapsed_sec': 0.04344780743122101, 'cuda_allocated_mb': 25, 'cuda_reserved_mb': 42, 'cuda_max_allocated_mb': 192}
{'event': 'train_known_facts_ready', 'seed': 1, 'scope': 'train', 'edges': 3244, 'elapsed_sec': 0.04521499574184418}
{'event': 'train_known_facts_ready', 'seed': 1, 'scope': 'train_val', 'edges': 9982, 'elapsed_sec': 0.04651712253689766}
{'event': 'train_sampler_ready', 'seed': 1, 'elapsed_sec': 0.0506969690322876}
{'event': 'val_sampler_ready', 'seed': 1, 'elapsed_sec': 0.05472372844815254}
{'event': 'epoch_start', 'epoch': 1, 'epochs': 1, 'batches': 118, 'time_groups': 118}
{'event': 'train_time_group', 'epoch': 1, 'time_group': 1, 'time_groups': 118, 'batch': 0, 'batches': 118, 'time_value': 600.0, 'group_batches': 1, 'history_edges': 0, 'elapsed_sec': 0.005594249814748764, 'cuda_allocated_mb': 26, 'cuda_reserved_mb': 44, 'cuda_max_allocated_mb': 192}
{'event': 'train_progress', 'epoch': 1, 'batch': 1, 'batches': 118, 'time_group': 1, 'time_groups': 118, 'history_edges': 0, 'pos_edges': 1, 'neg_edges': 1, 'loss_recent': 0.7146722674369812, 'elapsed_sec': 0.19942515343427658, 'avg_sec_per_batch': 0.19942515343427658, 'cuda_allocated_mb': 44, 'cuda_reserved_mb': 90, 'cuda_max_allocated_mb': 192}
{'event': 'train_progress', 'epoch': 1, 'batch': 100, 'batches': 118, 'time_group': 100, 'time_groups': 118, 'history_edges': 2144, 'pos_edges': 38, 'neg_edges': 38, 'loss_recent': 1.7349870952963828, 'elapsed_sec': 32.819963566958904, 'avg_sec_per_batch': 0.32819963566958904, 'cuda_allocated_mb': 46, 'cuda_reserved_mb': 202, 'cuda_max_allocated_mb': 192}
{'event': 'train_time_group', 'epoch': 1, 'time_group': 118, 'time_groups': 118, 'batch': 117, 'batches': 118, 'time_value': 1966.0, 'group_batches': 1, 'history_edges': 3153, 'elapsed_sec': 41.316924251616, 'cuda_allocated_mb': 45, 'cuda_reserved_mb': 222, 'cuda_max_allocated_mb': 192}
{'event': 'train_progress', 'epoch': 1, 'batch': 118, 'batches': 118, 'time_group': 118, 'time_groups': 118, 'history_edges': 3153, 'pos_edges': 91, 'neg_edges': 91, 'loss_recent': 2.3161562541127205, 'elapsed_sec': 42.04346641525626, 'avg_sec_per_batch': 0.35630056284115474, 'cuda_allocated_mb': 48, 'cuda_reserved_mb': 222, 'cuda_max_allocated_mb': 192}
{'event': 'validation_start', 'epoch': 1}
{'event': 'validation_ranking_start', 'epoch': 1, 'max_edges': 10}
{'event': 'epoch_end', 'epoch': 1, 'early_stop_metric': 'val_composite', 'val_score': 0.16003330058093096, 'val_auc': 0.6271728515624999, 'val_ap': 0.27306982284697395, 'val_ndcg': 0.7899679328389608, 'val_mrr': 0.01743478258372753, 'val_hits@1': 0.0, 'val_hits@10': 0.0, 'val_hits@50': 0.3, 'val_hits@100': 0.5, 'elapsed_sec': 52.58287354558706}
{'candidate': 'global_relpop_residual_rank_probe_h96_r12_a12_p4x4_l1_neg1_lr0p001_hp2_relpopfix48_sr0p05_sa0p05_rl0p05_m0_bpr', 'seed': 1, 'composite': nan, 'val_auc': 0.6271728515624999, 'val_ap': 0.27306982284697395, 'val_ndcg': 0.7899679328389608, 'val_mrr': 0.01743478258372753, 'val_hits@1': 0.0, 'val_hits@10': 0.0, 'val_hits@50': 0.3, 'val_hits@100': 0.5, 'train_loss': 2.0709188173888093, 'train_lp': 0.4132724012863838, 'train_align': 308.1614466905594, 'train_kl': 863.6719250436556, 'train_ood_reg': 0.22118198341232234, 'train_meta': 0.4168987419393103, 'train_struct_aux': 0.5633268265400903, 'train_weighted_align': 1.5408072051892088, 'train_weighted_kl': 0.08636719074447528, 'train_weighted_ood_reg': 0.00022118199385813106, 'train_weighted_meta': 0.0020844936602693685, 'train_weighted_struct_aux': 0.02816634192683939, 'train_rank': 0.27171279609961024, 'train_weighted_rank': 0.013585640063264676}
{'event': 'candidate_summary', 'candidate': 'global_relpop_residual_rank_probe_h96_r12_a12_p4x4_l1_neg1_lr0p001_hp2_relpopfix48_sr0p05_sa0p05_rl0p05_m0_bpr', 'score': 0.16003330058093096, 'passes_metric_minima': True, 'means': {'val_auc': 0.6271728515624999, 'val_ap': 0.27306982284697395, 'val_mrr': 0.01743478258372753, 'val_hits@10': 0.0, 'val_ndcg': 0.7899679328389608}, 'seeds_completed': 1}
{'event': 'candidate_seed_start', 'candidate': 'global_relpop_residual_rank_probe_h96_r12_a12_p4x4_l1_neg1_lr0p001_hp2_relpopfix48_sr0p1_sa0p01_rl0p05_m0_bpr', 'seed': 1, 'device': 'cuda', 'node_text_device': 'cuda:0'}
{'event': 'train_seed_start', 'seed': 1, 'train_edges': 3244, 'val_edges': 6738, 'test_edges': 26719, 'num_nodes': 4197, 'num_relations': 19}
{'event': 'train_seed_tensors_ready', 'seed': 1, 'elapsed_sec': 0.022007722407579422, 'cuda_allocated_mb': 25, 'cuda_reserved_mb': 42, 'cuda_max_allocated_mb': 192}
{'event': 'train_known_facts_ready', 'seed': 1, 'scope': 'train', 'edges': 3244, 'elapsed_sec': 0.023647304624319077}
{'event': 'train_known_facts_ready', 'seed': 1, 'scope': 'train_val', 'edges': 9982, 'elapsed_sec': 0.024895574897527695}
{'event': 'train_sampler_ready', 'seed': 1, 'elapsed_sec': 0.028900370001792908}
{'event': 'val_sampler_ready', 'seed': 1, 'elapsed_sec': 0.032743193209171295}
{'event': 'epoch_start', 'epoch': 1, 'epochs': 1, 'batches': 118, 'time_groups': 118}
{'event': 'train_time_group', 'epoch': 1, 'time_group': 1, 'time_groups': 118, 'batch': 0, 'batches': 118, 'time_value': 600.0, 'group_batches': 1, 'history_edges': 0, 'elapsed_sec': 0.0053574442863464355, 'cuda_allocated_mb': 26, 'cuda_reserved_mb': 44, 'cuda_max_allocated_mb': 192}
{'event': 'train_progress', 'epoch': 1, 'batch': 1, 'batches': 118, 'time_group': 1, 'time_groups': 118, 'history_edges': 0, 'pos_edges': 1, 'neg_edges': 1, 'loss_recent': 0.6859785914421082, 'elapsed_sec': 0.1902155540883541, 'avg_sec_per_batch': 0.1902155540883541, 'cuda_allocated_mb': 44, 'cuda_reserved_mb': 90, 'cuda_max_allocated_mb': 192}
{'event': 'train_progress', 'epoch': 1, 'batch': 100, 'batches': 118, 'time_group': 100, 'time_groups': 118, 'history_edges': 2144, 'pos_edges': 38, 'neg_edges': 38, 'loss_recent': 1.709260493516922, 'elapsed_sec': 30.760892137885094, 'avg_sec_per_batch': 0.30760892137885093, 'cuda_allocated_mb': 46, 'cuda_reserved_mb': 202, 'cuda_max_allocated_mb': 192}
{'event': 'train_time_group', 'epoch': 1, 'time_group': 118, 'time_groups': 118, 'batch': 117, 'batches': 118, 'time_value': 1966.0, 'group_batches': 1, 'history_edges': 3153, 'elapsed_sec': 38.585719872266054, 'cuda_allocated_mb': 45, 'cuda_reserved_mb': 222, 'cuda_max_allocated_mb': 192}
{'event': 'train_progress', 'epoch': 1, 'batch': 118, 'batches': 118, 'time_group': 118, 'time_groups': 118, 'history_edges': 3153, 'pos_edges': 91, 'neg_edges': 91, 'loss_recent': 2.293105075955391, 'elapsed_sec': 39.227807112038136, 'avg_sec_per_batch': 0.3324390433223571, 'cuda_allocated_mb': 48, 'cuda_reserved_mb': 222, 'cuda_max_allocated_mb': 192}
{'event': 'validation_start', 'epoch': 1}
{'event': 'validation_ranking_start', 'epoch': 1, 'max_edges': 10}
{'event': 'epoch_end', 'epoch': 1, 'early_stop_metric': 'val_composite', 'val_score': 0.1597076061177656, 'val_auc': 0.6269378662109375, 'val_ap': 0.27184368456060104, 'val_ndcg': 0.7892043681090295, 'val_mrr': 0.01732744662445122, 'val_hits@1': 0.0, 'val_hits@10': 0.0, 'val_hits@50': 0.3, 'val_hits@100': 0.5, 'elapsed_sec': 50.07507944479585}
{'candidate': 'global_relpop_residual_rank_probe_h96_r12_a12_p4x4_l1_neg1_lr0p001_hp2_relpopfix48_sr0p1_sa0p01_rl0p05_m0_bpr', 'seed': 1, 'composite': nan, 'val_auc': 0.6269378662109375, 'val_ap': 0.27184368456060104, 'val_ndcg': 0.7892043681090295, 'val_mrr': 0.01732744662445122, 'val_hits@1': 0.0, 'val_hits@10': 0.0, 'val_hits@50': 0.3, 'val_hits@100': 0.5, 'train_loss': 2.046729551533521, 'train_lp': 0.4111895160907406, 'train_align': 308.02834140244175, 'train_kl': 865.2666137501345, 'train_ood_reg': 0.22069348432755065, 'train_meta': 0.41575080519384244, 'train_struct_aux': 0.6572266410467988, 'train_weighted_align': 1.54014168500553, 'train_weighted_kl': 0.08652665884376078, 'train_weighted_ood_reg': 0.00022069349506637082, 'train_weighted_meta': 0.0020787539730101065, 'train_weighted_struct_aux': 0.006572266259246459, 'train_rank': 0.27106699937859835, 'train_weighted_rank': 0.013553350216756433}
{'event': 'candidate_summary', 'candidate': 'global_relpop_residual_rank_probe_h96_r12_a12_p4x4_l1_neg1_lr0p001_hp2_relpopfix48_sr0p1_sa0p01_rl0p05_m0_bpr', 'score': 0.1597076061177656, 'passes_metric_minima': True, 'means': {'val_auc': 0.6269378662109375, 'val_ap': 0.27184368456060104, 'val_mrr': 0.01732744662445122, 'val_hits@10': 0.0, 'val_ndcg': 0.7892043681090295}, 'seeds_completed': 1}
{'event': 'candidate_seed_start', 'candidate': 'global_relpop_residual_rank_probe_h96_r12_a12_p4x4_l1_neg1_lr0p001_hp2_relpopfix48_sr0p1_sa0p05_rl0p05_m0_bpr', 'seed': 1, 'device': 'cuda', 'node_text_device': 'cuda:0'}
{'event': 'train_seed_start', 'seed': 1, 'train_edges': 3244, 'val_edges': 6738, 'test_edges': 26719, 'num_nodes': 4197, 'num_relations': 19}
{'event': 'train_seed_tensors_ready', 'seed': 1, 'elapsed_sec': 0.029244009405374527, 'cuda_allocated_mb': 25, 'cuda_reserved_mb': 42, 'cuda_max_allocated_mb': 192}
{'event': 'train_known_facts_ready', 'seed': 1, 'scope': 'train', 'edges': 3244, 'elapsed_sec': 0.031040169298648834}
{'event': 'train_known_facts_ready', 'seed': 1, 'scope': 'train_val', 'edges': 9982, 'elapsed_sec': 0.03234272822737694}
{'event': 'train_sampler_ready', 'seed': 1, 'elapsed_sec': 0.03639299422502518}
{'event': 'val_sampler_ready', 'seed': 1, 'elapsed_sec': 0.04022626206278801}
{'event': 'epoch_start', 'epoch': 1, 'epochs': 1, 'batches': 118, 'time_groups': 118}
{'event': 'train_time_group', 'epoch': 1, 'time_group': 1, 'time_groups': 118, 'batch': 0, 'batches': 118, 'time_value': 600.0, 'group_batches': 1, 'history_edges': 0, 'elapsed_sec': 0.005825042724609375, 'cuda_allocated_mb': 26, 'cuda_reserved_mb': 44, 'cuda_max_allocated_mb': 192}
{'event': 'train_progress', 'epoch': 1, 'batch': 1, 'batches': 118, 'time_group': 1, 'time_groups': 118, 'history_edges': 0, 'pos_edges': 1, 'neg_edges': 1, 'loss_recent': 0.7143571972846985, 'elapsed_sec': 0.1730782650411129, 'avg_sec_per_batch': 0.1730782650411129, 'cuda_allocated_mb': 44, 'cuda_reserved_mb': 90, 'cuda_max_allocated_mb': 192}
{'event': 'train_progress', 'epoch': 1, 'batch': 100, 'batches': 118, 'time_group': 100, 'time_groups': 118, 'history_edges': 2144, 'pos_edges': 38, 'neg_edges': 38, 'loss_recent': 1.7345647844672203, 'elapsed_sec': 32.60625038668513, 'avg_sec_per_batch': 0.3260625038668513, 'cuda_allocated_mb': 46, 'cuda_reserved_mb': 202, 'cuda_max_allocated_mb': 192}
{'event': 'train_time_group', 'epoch': 1, 'time_group': 118, 'time_groups': 118, 'batch': 117, 'batches': 118, 'time_value': 1966.0, 'group_batches': 1, 'history_edges': 3153, 'elapsed_sec': 41.041966151446104, 'cuda_allocated_mb': 45, 'cuda_reserved_mb': 222, 'cuda_max_allocated_mb': 192}
{'event': 'train_progress', 'epoch': 1, 'batch': 118, 'batches': 118, 'time_group': 118, 'time_groups': 118, 'history_edges': 3153, 'pos_edges': 91, 'neg_edges': 91, 'loss_recent': 2.3160351878404617, 'elapsed_sec': 41.6304913200438, 'avg_sec_per_batch': 0.3528007738986763, 'cuda_allocated_mb': 48, 'cuda_reserved_mb': 222, 'cuda_max_allocated_mb': 192}
{'event': 'validation_start', 'epoch': 1}
{'event': 'validation_ranking_start', 'epoch': 1, 'max_edges': 10}
{'event': 'epoch_end', 'epoch': 1, 'early_stop_metric': 'val_composite', 'val_score': 0.15980045062805584, 'val_auc': 0.6275360107421875, 'val_ap': 0.2729360900092694, 'val_ndcg': 0.7898024033283414, 'val_mrr': 0.017005992513443882, 'val_hits@1': 0.0, 'val_hits@10': 0.0, 'val_hits@50': 0.3, 'val_hits@100': 0.5, 'elapsed_sec': 52.5004918910563}
{'candidate': 'global_relpop_residual_rank_probe_h96_r12_a12_p4x4_l1_neg1_lr0p001_hp2_relpopfix48_sr0p1_sa0p05_rl0p05_m0_bpr', 'seed': 1, 'composite': nan, 'val_auc': 0.6275360107421875, 'val_ap': 0.2729360900092694, 'val_ndcg': 0.7898024033283414, 'val_mrr': 0.017005992513443882, 'val_hits@1': 0.0, 'val_hits@10': 0.0, 'val_hits@50': 0.3, 'val_hits@100': 0.5, 'train_loss': 2.0707221968194185, 'train_lp': 0.4123791515574617, 'train_align': 308.09426884732005, 'train_kl': 864.3177445621814, 'train_ood_reg': 0.22102626855090513, 'train_meta': 0.4166279197749445, 'train_struct_aux': 0.5827162187483351, 'train_weighted_align': 1.5404713104984138, 'train_weighted_kl': 0.08643177243628365, 'train_weighted_ood_reg': 0.0002210262792394102, 'train_weighted_meta': 0.0020831395404302846, 'train_weighted_struct_aux': 0.029135811458325993, 'train_rank': 0.2714611604430918, 'train_weighted_rank': 0.013573058246500727}
{'event': 'candidate_summary', 'candidate': 'global_relpop_residual_rank_probe_h96_r12_a12_p4x4_l1_neg1_lr0p001_hp2_relpopfix48_sr0p1_sa0p05_rl0p05_m0_bpr', 'score': 0.15980045062805584, 'passes_metric_minima': True, 'means': {'val_auc': 0.6275360107421875, 'val_ap': 0.2729360900092694, 'val_mrr': 0.017005992513443882, 'val_hits@10': 0.0, 'val_ndcg': 0.7898024033283414}, 'seeds_completed': 1}
