runtime_device=cuda
cuda_device=Tesla V100-PCIE-32GB
{'event': 'candidate_seed_start', 'candidate': 'global_relpop_frozen_epsilon_probe_h96_r12_a12_p4x4_l1_neg1_lr0p001_hp1_relpopfix48_sr0p001_sa0p001_rl0p001_m0_bpr', 'seed': 1, 'device': 'cuda', 'node_text_device': 'cuda:0'}
{'event': 'train_seed_start', 'seed': 1, 'train_edges': 20000, 'val_edges': 14592, 'test_edges': 14378, 'num_nodes': 7128, 'num_relations': 230}
{'event': 'train_seed_tensors_ready', 'seed': 1, 'elapsed_sec': 0.032850589603185654, 'cuda_allocated_mb': 21, 'cuda_reserved_mb': 24, 'cuda_max_allocated_mb': 21}
{'event': 'train_known_facts_ready', 'seed': 1, 'scope': 'train', 'edges': 20000, 'elapsed_sec': 0.03781193867325783}
{'event': 'train_known_facts_ready', 'seed': 1, 'scope': 'train_val', 'edges': 34592, 'elapsed_sec': 0.04283418878912926}
{'event': 'train_sampler_ready', 'seed': 1, 'elapsed_sec': 0.1218634694814682}
{'event': 'val_sampler_ready', 'seed': 1, 'elapsed_sec': 0.18577105179429054}
{'event': 'epoch_start', 'epoch': 1, 'epochs': 1, 'batches': 255, 'time_groups': 255}
{'event': 'train_time_group', 'epoch': 1, 'time_group': 1, 'time_groups': 255, 'batch': 0, 'batches': 255, 'time_value': 1388534400.0, 'group_batches': 1, 'history_edges': 0, 'elapsed_sec': 0.02156442031264305, 'cuda_allocated_mb': 22, 'cuda_reserved_mb': 24, 'cuda_max_allocated_mb': 22}
{'event': 'train_progress', 'epoch': 1, 'batch': 1, 'batches': 255, 'time_group': 1, 'time_groups': 255, 'history_edges': 0, 'pos_edges': 37, 'neg_edges': 37, 'loss_recent': 3.0950398445129395, 'elapsed_sec': 1.2248056568205357, 'avg_sec_per_batch': 1.2248056568205357, 'cuda_allocated_mb': 87, 'cuda_reserved_mb': 162, 'cuda_max_allocated_mb': 147}
{'event': 'train_progress', 'epoch': 1, 'batch': 100, 'batches': 255, 'time_group': 100, 'time_groups': 255, 'history_edges': 7713, 'pos_edges': 83, 'neg_edges': 83, 'loss_recent': 5.399095356464386, 'elapsed_sec': 65.15247432515025, 'avg_sec_per_batch': 0.6515247432515026, 'cuda_allocated_mb': 91, 'cuda_reserved_mb': 412, 'cuda_max_allocated_mb': 367}
{'event': 'train_progress', 'epoch': 1, 'batch': 200, 'batches': 255, 'time_group': 200, 'time_groups': 255, 'history_edges': 15787, 'pos_edges': 53, 'neg_edges': 53, 'loss_recent': 4.898735911846161, 'elapsed_sec': 123.03956664726138, 'avg_sec_per_batch': 0.615197833236307, 'cuda_allocated_mb': 90, 'cuda_reserved_mb': 572, 'cuda_max_allocated_mb': 496}
{'event': 'train_time_group', 'epoch': 1, 'time_group': 255, 'time_groups': 255, 'batch': 254, 'batches': 255, 'time_value': 1410480000.0, 'group_batches': 1, 'history_edges': 19896, 'elapsed_sec': 155.1873770430684, 'cuda_allocated_mb': 86, 'cuda_reserved_mb': 652, 'cuda_max_allocated_mb': 566}
{'event': 'train_progress', 'epoch': 1, 'batch': 255, 'batches': 255, 'time_group': 255, 'time_groups': 255, 'history_edges': 19896, 'pos_edges': 104, 'neg_edges': 104, 'loss_recent': 4.5955142760276795, 'elapsed_sec': 155.96033750846982, 'avg_sec_per_batch': 0.6116091666998816, 'cuda_allocated_mb': 92, 'cuda_reserved_mb': 652, 'cuda_max_allocated_mb': 566}
{'event': 'validation_start', 'epoch': 1}
{'event': 'validation_ranking_start', 'epoch': 1, 'max_edges': 10}
{'event': 'epoch_end', 'epoch': 1, 'early_stop_metric': 'val_composite', 'val_score': 0.5064574781184152, 'val_auc': 0.8543975830078125, 'val_ap': 0.7169655785053052, 'val_ndcg': 0.9431987840956457, 'val_mrr': 0.3037457675653285, 'val_hits@1': 0.2, 'val_hits@10': 0.55, 'val_hits@50': 0.6, 'val_hits@100': 0.65, 'elapsed_sec': 175.78848055377603}
{'candidate': 'global_relpop_frozen_epsilon_probe_h96_r12_a12_p4x4_l1_neg1_lr0p001_hp1_relpopfix48_sr0p001_sa0p001_rl0p001_m0_bpr', 'seed': 1, 'composite': nan, 'val_auc': 0.8543975830078125, 'val_ap': 0.7169655785053053, 'val_ndcg': 0.9431987840956457, 'val_mrr': 0.3037457675653285, 'val_hits@1': 0.2, 'val_hits@10': 0.55, 'val_hits@50': 0.6, 'val_hits@100': 0.65, 'train_loss': 4.980619268791348, 'train_lp': 0.4632449682436737, 'train_align': 857.3547108369715, 'train_kl': 2261.736121562883, 'train_ood_reg': 0.23088237935421513, 'train_meta': 0.4620203775518081, 'train_struct_aux': 1.886259067292307, 'train_weighted_align': 4.28677345864913, 'train_weighted_kl': 0.2261736068363283, 'train_weighted_ood_reg': 0.00023088239015801353, 'train_weighted_meta': 0.002310101829889212, 'train_weighted_struct_aux': 0.0018862591572471109, 'train_rank': 0.2623942279786456, 'train_weighted_rank': 0.0002623942406453174}
{'event': 'candidate_summary', 'candidate': 'global_relpop_frozen_epsilon_probe_h96_r12_a12_p4x4_l1_neg1_lr0p001_hp1_relpopfix48_sr0p001_sa0p001_rl0p001_m0_bpr', 'score': 0.5064574781184152, 'passes_metric_minima': True, 'means': {'val_auc': 0.8543975830078125, 'val_ap': 0.7169655785053053, 'val_mrr': 0.3037457675653285, 'val_hits@10': 0.55, 'val_ndcg': 0.9431987840956457}, 'seeds_completed': 1}
{'event': 'candidate_seed_start', 'candidate': 'global_relpop_frozen_epsilon_probe_h96_r12_a12_p4x4_l1_neg1_lr0p001_hp1_relpopfix48_sr0p01_sa0p001_rl0p001_m0_bpr', 'seed': 1, 'device': 'cuda', 'node_text_device': 'cuda:0'}
{'event': 'train_seed_start', 'seed': 1, 'train_edges': 20000, 'val_edges': 14592, 'test_edges': 14378, 'num_nodes': 7128, 'num_relations': 230}
{'event': 'train_seed_tensors_ready', 'seed': 1, 'elapsed_sec': 0.04706757515668869, 'cuda_allocated_mb': 37, 'cuda_reserved_mb': 64, 'cuda_max_allocated_mb': 566}
{'event': 'train_known_facts_ready', 'seed': 1, 'scope': 'train', 'edges': 20000, 'elapsed_sec': 0.050868336111307144}
{'event': 'train_known_facts_ready', 'seed': 1, 'scope': 'train_val', 'edges': 34592, 'elapsed_sec': 0.05541856214404106}
{'event': 'train_sampler_ready', 'seed': 1, 'elapsed_sec': 0.10669011995196342}
{'event': 'val_sampler_ready', 'seed': 1, 'elapsed_sec': 0.164803609251976}
{'event': 'epoch_start', 'epoch': 1, 'epochs': 1, 'batches': 255, 'time_groups': 255}
{'event': 'train_time_group', 'epoch': 1, 'time_group': 1, 'time_groups': 255, 'batch': 0, 'batches': 255, 'time_value': 1388534400.0, 'group_batches': 1, 'history_edges': 0, 'elapsed_sec': 0.011805355548858643, 'cuda_allocated_mb': 38, 'cuda_reserved_mb': 64, 'cuda_max_allocated_mb': 566}
{'event': 'train_progress', 'epoch': 1, 'batch': 1, 'batches': 255, 'time_group': 1, 'time_groups': 255, 'history_edges': 0, 'pos_edges': 37, 'neg_edges': 37, 'loss_recent': 3.0951006412506104, 'elapsed_sec': 0.5118611343204975, 'avg_sec_per_batch': 0.5118611343204975, 'cuda_allocated_mb': 87, 'cuda_reserved_mb': 162, 'cuda_max_allocated_mb': 566}
{'event': 'train_progress', 'epoch': 1, 'batch': 100, 'batches': 255, 'time_group': 100, 'time_groups': 255, 'history_edges': 7713, 'pos_edges': 83, 'neg_edges': 83, 'loss_recent': 5.398103790283203, 'elapsed_sec': 56.684976261109114, 'avg_sec_per_batch': 0.5668497626110911, 'cuda_allocated_mb': 91, 'cuda_reserved_mb': 412, 'cuda_max_allocated_mb': 566}
{'event': 'train_progress', 'epoch': 1, 'batch': 200, 'batches': 255, 'time_group': 200, 'time_groups': 255, 'history_edges': 15787, 'pos_edges': 53, 'neg_edges': 53, 'loss_recent': 4.896532409191131, 'elapsed_sec': 102.3516393378377, 'avg_sec_per_batch': 0.5117581966891884, 'cuda_allocated_mb': 90, 'cuda_reserved_mb': 552, 'cuda_max_allocated_mb': 566}
{'event': 'train_time_group', 'epoch': 1, 'time_group': 255, 'time_groups': 255, 'batch': 254, 'batches': 255, 'time_value': 1410480000.0, 'group_batches': 1, 'history_edges': 19896, 'elapsed_sec': 130.0832912735641, 'cuda_allocated_mb': 86, 'cuda_reserved_mb': 652, 'cuda_max_allocated_mb': 566}
{'event': 'train_progress', 'epoch': 1, 'batch': 255, 'batches': 255, 'time_group': 255, 'time_groups': 255, 'history_edges': 19896, 'pos_edges': 104, 'neg_edges': 104, 'loss_recent': 4.5938198852539065, 'elapsed_sec': 130.74538178369403, 'avg_sec_per_batch': 0.5127269873870354, 'cuda_allocated_mb': 92, 'cuda_reserved_mb': 652, 'cuda_max_allocated_mb': 566}
{'event': 'validation_start', 'epoch': 1}
{'event': 'validation_ranking_start', 'epoch': 1, 'max_edges': 10}
{'event': 'epoch_end', 'epoch': 1, 'early_stop_metric': 'val_composite', 'val_score': 0.508488886174745, 'val_auc': 0.85322265625, 'val_ap': 0.7190518233969756, 'val_ndcg': 0.9435427249524424, 'val_mrr': 0.30723141471490856, 'val_hits@1': 0.2, 'val_hits@10': 0.55, 'val_hits@50': 0.6, 'val_hits@100': 0.65, 'elapsed_sec': 149.61838298663497}
{'candidate': 'global_relpop_frozen_epsilon_probe_h96_r12_a12_p4x4_l1_neg1_lr0p001_hp1_relpopfix48_sr0p01_sa0p001_rl0p001_m0_bpr', 'seed': 1, 'composite': nan, 'val_auc': 0.85322265625, 'val_ap': 0.7190518233969756, 'val_ndcg': 0.9435427249524424, 'val_mrr': 0.30723141471490856, 'val_hits@1': 0.2, 'val_hits@10': 0.55, 'val_hits@50': 0.6, 'val_hits@100': 0.65, 'train_loss': 4.979040495554606, 'train_lp': 0.4630888450379465, 'train_align': 857.2983144722733, 'train_kl': 2261.7076475854014, 'train_ood_reg': 0.23092499819456364, 'train_meta': 0.4619047347821441, 'train_struct_aux': 0.7489649385798212, 'train_weighted_align': 4.286491472580853, 'train_weighted_kl': 0.22617075942894993, 'train_weighted_ood_reg': 0.0002309250090084057, 'train_weighted_meta': 0.0023095236198666194, 'train_weighted_struct_aux': 0.000748964974327999, 'train_rank': 0.25986630621494033, 'train_weighted_rank': 0.0002598663191818952}
{'event': 'candidate_summary', 'candidate': 'global_relpop_frozen_epsilon_probe_h96_r12_a12_p4x4_l1_neg1_lr0p001_hp1_relpopfix48_sr0p01_sa0p001_rl0p001_m0_bpr', 'score': 0.508488886174745, 'passes_metric_minima': True, 'means': {'val_auc': 0.85322265625, 'val_ap': 0.7190518233969756, 'val_mrr': 0.30723141471490856, 'val_hits@10': 0.55, 'val_ndcg': 0.9435427249524424}, 'seeds_completed': 1}
{'event': 'candidate_seed_start', 'candidate': 'global_relpop_frozen_epsilon_probe_h96_r12_a12_p4x4_l1_neg1_lr0p001_hp1_relpopfix48_sr0p05_sa0p001_rl0p001_m0_bpr', 'seed': 1, 'device': 'cuda', 'node_text_device': 'cuda:0'}
{'event': 'train_seed_start', 'seed': 1, 'train_edges': 20000, 'val_edges': 14592, 'test_edges': 14378, 'num_nodes': 7128, 'num_relations': 230}
{'event': 'train_seed_tensors_ready', 'seed': 1, 'elapsed_sec': 0.09026315808296204, 'cuda_allocated_mb': 37, 'cuda_reserved_mb': 64, 'cuda_max_allocated_mb': 566}
{'event': 'train_known_facts_ready', 'seed': 1, 'scope': 'train', 'edges': 20000, 'elapsed_sec': 0.09448789060115814}
{'event': 'train_known_facts_ready', 'seed': 1, 'scope': 'train_val', 'edges': 34592, 'elapsed_sec': 0.09974482655525208}
{'event': 'train_sampler_ready', 'seed': 1, 'elapsed_sec': 0.19811872765421867}
{'event': 'val_sampler_ready', 'seed': 1, 'elapsed_sec': 0.25792021304368973}
{'event': 'epoch_start', 'epoch': 1, 'epochs': 1, 'batches': 255, 'time_groups': 255}
{'event': 'train_time_group', 'epoch': 1, 'time_group': 1, 'time_groups': 255, 'batch': 0, 'batches': 255, 'time_value': 1388534400.0, 'group_batches': 1, 'history_edges': 0, 'elapsed_sec': 0.013083744794130325, 'cuda_allocated_mb': 38, 'cuda_reserved_mb': 64, 'cuda_max_allocated_mb': 566}
{'event': 'train_progress', 'epoch': 1, 'batch': 1, 'batches': 255, 'time_group': 1, 'time_groups': 255, 'history_edges': 0, 'pos_edges': 37, 'neg_edges': 37, 'loss_recent': 3.095428466796875, 'elapsed_sec': 0.44581520557403564, 'avg_sec_per_batch': 0.44581520557403564, 'cuda_allocated_mb': 87, 'cuda_reserved_mb': 162, 'cuda_max_allocated_mb': 566}
{'event': 'train_progress', 'epoch': 1, 'batch': 100, 'batches': 255, 'time_group': 100, 'time_groups': 255, 'history_edges': 7713, 'pos_edges': 83, 'neg_edges': 83, 'loss_recent': 5.397477781772613, 'elapsed_sec': 46.590180438011885, 'avg_sec_per_batch': 0.46590180438011886, 'cuda_allocated_mb': 91, 'cuda_reserved_mb': 412, 'cuda_max_allocated_mb': 566}
{'event': 'train_progress', 'epoch': 1, 'batch': 200, 'batches': 255, 'time_group': 200, 'time_groups': 255, 'history_edges': 15787, 'pos_edges': 53, 'neg_edges': 53, 'loss_recent': 4.895775218009948, 'elapsed_sec': 101.11253347992897, 'avg_sec_per_batch': 0.5055626673996448, 'cuda_allocated_mb': 90, 'cuda_reserved_mb': 552, 'cuda_max_allocated_mb': 566}
{'event': 'train_time_group', 'epoch': 1, 'time_group': 255, 'time_groups': 255, 'batch': 254, 'batches': 255, 'time_value': 1410480000.0, 'group_batches': 1, 'history_edges': 19896, 'elapsed_sec': 127.25342255458236, 'cuda_allocated_mb': 86, 'cuda_reserved_mb': 652, 'cuda_max_allocated_mb': 566}
{'event': 'train_progress', 'epoch': 1, 'batch': 255, 'batches': 255, 'time_group': 255, 'time_groups': 255, 'history_edges': 19896, 'pos_edges': 104, 'neg_edges': 104, 'loss_recent': 4.593150871992111, 'elapsed_sec': 127.75974284112453, 'avg_sec_per_batch': 0.5010185993769589, 'cuda_allocated_mb': 92, 'cuda_reserved_mb': 652, 'cuda_max_allocated_mb': 566}
{'event': 'validation_start', 'epoch': 1}
{'event': 'validation_ranking_start', 'epoch': 1, 'max_edges': 10}
{'event': 'epoch_end', 'epoch': 1, 'early_stop_metric': 'val_composite', 'val_score': 0.5078022666277631, 'val_auc': 0.8539520263671876, 'val_ap': 0.7204911606691031, 'val_ndcg': 0.9438613401087492, 'val_mrr': 0.3052897143963267, 'val_hits@1': 0.2, 'val_hits@10': 0.55, 'val_hits@50': 0.6, 'val_hits@100': 0.65, 'elapsed_sec': 143.87911635637283}
{'candidate': 'global_relpop_frozen_epsilon_probe_h96_r12_a12_p4x4_l1_neg1_lr0p001_hp1_relpopfix48_sr0p05_sa0p001_rl0p001_m0_bpr', 'seed': 1, 'composite': nan, 'val_auc': 0.8539520263671875, 'val_ap': 0.720491160669103, 'val_ndcg': 0.9438613401087492, 'val_mrr': 0.3052897143963267, 'val_hits@1': 0.2, 'val_hits@10': 0.55, 'val_hits@50': 0.6, 'val_hits@100': 0.65, 'train_loss': 4.978419093992196, 'train_lp': 0.4626063068123425, 'train_align': 857.2518274643842, 'train_kl': 2261.9081186331955, 'train_ood_reg': 0.23086961700635797, 'train_meta': 0.4612495096875172, 'train_struct_aux': 0.8257929506255132, 'train_weighted_align': 4.286259050930248, 'train_weighted_kl': 0.22619080593188604, 'train_weighted_ood_reg': 0.0002308696277288939, 'train_weighted_meta': 0.0023062474943478318, 'train_weighted_struct_aux': 0.0008257929883970349, 'train_rank': 0.2597823263383379, 'train_weighted_rank': 0.0002597823391232512}
{'event': 'candidate_summary', 'candidate': 'global_relpop_frozen_epsilon_probe_h96_r12_a12_p4x4_l1_neg1_lr0p001_hp1_relpopfix48_sr0p05_sa0p001_rl0p001_m0_bpr', 'score': 0.5078022666277631, 'passes_metric_minima': True, 'means': {'val_auc': 0.8539520263671875, 'val_ap': 0.720491160669103, 'val_mrr': 0.3052897143963267, 'val_hits@10': 0.55, 'val_ndcg': 0.9438613401087492}, 'seeds_completed': 1}
{'event': 'candidate_seed_start', 'candidate': 'global_relpop_frozen_epsilon_probe_h96_r12_a12_p4x4_l1_neg1_lr0p001_hp1_relpopfix48_sr0p001_sa0p001_rl0p005_m0_bpr', 'seed': 1, 'device': 'cuda', 'node_text_device': 'cuda:0'}
{'event': 'train_seed_start', 'seed': 1, 'train_edges': 20000, 'val_edges': 14592, 'test_edges': 14378, 'num_nodes': 7128, 'num_relations': 230}
{'event': 'train_seed_tensors_ready', 'seed': 1, 'elapsed_sec': 0.032972972840070724, 'cuda_allocated_mb': 37, 'cuda_reserved_mb': 64, 'cuda_max_allocated_mb': 566}
{'event': 'train_known_facts_ready', 'seed': 1, 'scope': 'train', 'edges': 20000, 'elapsed_sec': 0.03638620302081108}
{'event': 'train_known_facts_ready', 'seed': 1, 'scope': 'train_val', 'edges': 34592, 'elapsed_sec': 0.0412774421274662}
{'event': 'train_sampler_ready', 'seed': 1, 'elapsed_sec': 0.09367333352565765}
{'event': 'val_sampler_ready', 'seed': 1, 'elapsed_sec': 0.1429048515856266}
{'event': 'epoch_start', 'epoch': 1, 'epochs': 1, 'batches': 255, 'time_groups': 255}
{'event': 'train_time_group', 'epoch': 1, 'time_group': 1, 'time_groups': 255, 'batch': 0, 'batches': 255, 'time_value': 1388534400.0, 'group_batches': 1, 'history_edges': 0, 'elapsed_sec': 0.01329454779624939, 'cuda_allocated_mb': 38, 'cuda_reserved_mb': 64, 'cuda_max_allocated_mb': 566}
{'event': 'train_progress', 'epoch': 1, 'batch': 1, 'batches': 255, 'time_group': 1, 'time_groups': 255, 'history_edges': 0, 'pos_edges': 37, 'neg_edges': 37, 'loss_recent': 3.0950398445129395, 'elapsed_sec': 0.3475234769284725, 'avg_sec_per_batch': 0.3475234769284725, 'cuda_allocated_mb': 87, 'cuda_reserved_mb': 162, 'cuda_max_allocated_mb': 566}
{'event': 'train_progress', 'epoch': 1, 'batch': 100, 'batches': 255, 'time_group': 100, 'time_groups': 255, 'history_edges': 7713, 'pos_edges': 83, 'neg_edges': 83, 'loss_recent': 5.399052255153656, 'elapsed_sec': 52.8789167702198, 'avg_sec_per_batch': 0.5287891677021981, 'cuda_allocated_mb': 91, 'cuda_reserved_mb': 412, 'cuda_max_allocated_mb': 566}
{'event': 'train_progress', 'epoch': 1, 'batch': 200, 'batches': 255, 'time_group': 200, 'time_groups': 255, 'history_edges': 15787, 'pos_edges': 53, 'neg_edges': 53, 'loss_recent': 4.898770864009857, 'elapsed_sec': 101.37206668034196, 'avg_sec_per_batch': 0.5068603334017098, 'cuda_allocated_mb': 90, 'cuda_reserved_mb': 552, 'cuda_max_allocated_mb': 566}
{'event': 'train_time_group', 'epoch': 1, 'time_group': 255, 'time_groups': 255, 'batch': 254, 'batches': 255, 'time_value': 1410480000.0, 'group_batches': 1, 'history_edges': 19896, 'elapsed_sec': 123.56836093962193, 'cuda_allocated_mb': 86, 'cuda_reserved_mb': 652, 'cuda_max_allocated_mb': 566}
{'event': 'train_progress', 'epoch': 1, 'batch': 255, 'batches': 255, 'time_group': 255, 'time_groups': 255, 'history_edges': 19896, 'pos_edges': 104, 'neg_edges': 104, 'loss_recent': 4.595611795186996, 'elapsed_sec': 124.10736968368292, 'avg_sec_per_batch': 0.4866955673869918, 'cuda_allocated_mb': 92, 'cuda_reserved_mb': 652, 'cuda_max_allocated_mb': 566}
{'event': 'validation_start', 'epoch': 1}
{'event': 'validation_ranking_start', 'epoch': 1, 'max_edges': 10}
{'event': 'epoch_end', 'epoch': 1, 'early_stop_metric': 'val_composite', 'val_score': 0.5064419784763361, 'val_auc': 0.8544158935546875, 'val_ap': 0.7168593141259672, 'val_ndcg': 0.9431788190217275, 'val_mrr': 0.30374880955506783, 'val_hits@1': 0.2, 'val_hits@10': 0.55, 'val_hits@50': 0.6, 'val_hits@100': 0.65, 'elapsed_sec': 142.28403883427382}
{'candidate': 'global_relpop_frozen_epsilon_probe_h96_r12_a12_p4x4_l1_neg1_lr0p001_hp1_relpopfix48_sr0p001_sa0p001_rl0p005_m0_bpr', 'seed': 1, 'composite': nan, 'val_auc': 0.8544158935546875, 'val_ap': 0.7168593141259672, 'val_ndcg': 0.9431788190217275, 'val_mrr': 0.30374880955506783, 'val_hits@1': 0.2, 'val_hits@10': 0.55, 'val_hits@50': 0.6, 'val_hits@100': 0.65, 'train_loss': 4.980639655449811, 'train_lp': 0.46319519363197625, 'train_align': 857.3681845272289, 'train_kl': 2261.7126026826745, 'train_ood_reg': 0.23087945457767037, 'train_meta': 0.4619934754628761, 'train_struct_aux': 1.891548073058035, 'train_weighted_align': 4.286840809092802, 'train_weighted_kl': 0.22617125502404045, 'train_weighted_ood_reg': 0.0002308794660219813, 'train_weighted_meta': 0.002309967327506884, 'train_weighted_struct_aux': 0.0018915481625727433, 'train_rank': 0.2621911235007585, 'train_weighted_rank': 0.0013109555911368636}
{'event': 'candidate_summary', 'candidate': 'global_relpop_frozen_epsilon_probe_h96_r12_a12_p4x4_l1_neg1_lr0p001_hp1_relpopfix48_sr0p001_sa0p001_rl0p005_m0_bpr', 'score': 0.5064419784763361, 'passes_metric_minima': True, 'means': {'val_auc': 0.8544158935546875, 'val_ap': 0.7168593141259672, 'val_mrr': 0.30374880955506783, 'val_hits@10': 0.55, 'val_ndcg': 0.9431788190217275}, 'seeds_completed': 1}
{'event': 'candidate_seed_start', 'candidate': 'global_relpop_frozen_epsilon_probe_h96_r12_a12_p4x4_l1_neg1_lr0p001_hp1_relpopfix48_sr0p01_sa0p001_rl0p005_m0_bpr', 'seed': 1, 'device': 'cuda', 'node_text_device': 'cuda:0'}
{'event': 'train_seed_start', 'seed': 1, 'train_edges': 20000, 'val_edges': 14592, 'test_edges': 14378, 'num_nodes': 7128, 'num_relations': 230}
{'event': 'train_seed_tensors_ready', 'seed': 1, 'elapsed_sec': 0.03035653382539749, 'cuda_allocated_mb': 37, 'cuda_reserved_mb': 64, 'cuda_max_allocated_mb': 566}
{'event': 'train_known_facts_ready', 'seed': 1, 'scope': 'train', 'edges': 20000, 'elapsed_sec': 0.03374890983104706}
{'event': 'train_known_facts_ready', 'seed': 1, 'scope': 'train_val', 'edges': 34592, 'elapsed_sec': 0.03832128643989563}
{'event': 'train_sampler_ready', 'seed': 1, 'elapsed_sec': 0.09097505733370781}
{'event': 'val_sampler_ready', 'seed': 1, 'elapsed_sec': 0.14116014540195465}
{'event': 'epoch_start', 'epoch': 1, 'epochs': 1, 'batches': 255, 'time_groups': 255}
{'event': 'train_time_group', 'epoch': 1, 'time_group': 1, 'time_groups': 255, 'batch': 0, 'batches': 255, 'time_value': 1388534400.0, 'group_batches': 1, 'history_edges': 0, 'elapsed_sec': 0.016919516026973724, 'cuda_allocated_mb': 38, 'cuda_reserved_mb': 64, 'cuda_max_allocated_mb': 566}
{'event': 'train_progress', 'epoch': 1, 'batch': 1, 'batches': 255, 'time_group': 1, 'time_groups': 255, 'history_edges': 0, 'pos_edges': 37, 'neg_edges': 37, 'loss_recent': 3.0951006412506104, 'elapsed_sec': 0.40689538419246674, 'avg_sec_per_batch': 0.40689538419246674, 'cuda_allocated_mb': 87, 'cuda_reserved_mb': 162, 'cuda_max_allocated_mb': 566}
{'event': 'train_progress', 'epoch': 1, 'batch': 100, 'batches': 255, 'time_group': 100, 'time_groups': 255, 'history_edges': 7713, 'pos_edges': 83, 'neg_edges': 83, 'loss_recent': 5.398060474395752, 'elapsed_sec': 50.730274066329, 'avg_sec_per_batch': 0.5073027406632901, 'cuda_allocated_mb': 91, 'cuda_reserved_mb': 412, 'cuda_max_allocated_mb': 566}
{'event': 'train_progress', 'epoch': 1, 'batch': 200, 'batches': 255, 'time_group': 200, 'time_groups': 255, 'history_edges': 15787, 'pos_edges': 53, 'neg_edges': 53, 'loss_recent': 4.8965502667427065, 'elapsed_sec': 93.80738135799766, 'avg_sec_per_batch': 0.4690369067899883, 'cuda_allocated_mb': 90, 'cuda_reserved_mb': 552, 'cuda_max_allocated_mb': 566}
{'event': 'train_time_group', 'epoch': 1, 'time_group': 255, 'time_groups': 255, 'batch': 254, 'batches': 255, 'time_value': 1410480000.0, 'group_batches': 1, 'history_edges': 19896, 'elapsed_sec': 122.12591506168246, 'cuda_allocated_mb': 86, 'cuda_reserved_mb': 652, 'cuda_max_allocated_mb': 566}
{'event': 'train_progress', 'epoch': 1, 'batch': 255, 'batches': 255, 'time_group': 255, 'time_groups': 255, 'history_edges': 19896, 'pos_edges': 104, 'neg_edges': 104, 'loss_recent': 4.593953068256378, 'elapsed_sec': 122.77543819323182, 'avg_sec_per_batch': 0.4814723066401248, 'cuda_allocated_mb': 92, 'cuda_reserved_mb': 652, 'cuda_max_allocated_mb': 566}
{'event': 'validation_start', 'epoch': 1}
{'event': 'validation_ranking_start', 'epoch': 1, 'max_edges': 10}
{'event': 'epoch_end', 'epoch': 1, 'early_stop_metric': 'val_composite', 'val_score': 0.5084792979810717, 'val_auc': 0.853131103515625, 'val_ap': 0.7190209928616006, 'val_ndcg': 0.9435322157217015, 'val_mrr': 0.3072327446077605, 'val_hits@1': 0.2, 'val_hits@10': 0.55, 'val_hits@50': 0.6, 'val_hits@100': 0.65, 'elapsed_sec': 141.52890752628446}
{'candidate': 'global_relpop_frozen_epsilon_probe_h96_r12_a12_p4x4_l1_neg1_lr0p001_hp1_relpopfix48_sr0p01_sa0p001_rl0p005_m0_bpr', 'seed': 1, 'composite': nan, 'val_auc': 0.853131103515625, 'val_ap': 0.7190209928616006, 'val_ndcg': 0.9435322157217015, 'val_mrr': 0.3072327446077605, 'val_hits@1': 0.2, 'val_hits@10': 0.55, 'val_hits@50': 0.6, 'val_hits@100': 0.65, 'train_loss': 4.979072741901173, 'train_lp': 0.4630626447060529, 'train_align': 857.3106914445466, 'train_kl': 2261.670198567708, 'train_ood_reg': 0.23092242578665415, 'train_meta': 0.4618360705527605, 'train_struct_aux': 0.7496141051544862, 'train_weighted_align': 4.286553360434139, 'train_weighted_kl': 0.22616701339389764, 'train_weighted_ood_reg': 0.00023092243691458933, 'train_weighted_meta': 0.00230918029944102, 'train_weighted_struct_aux': 0.0007496141394892451, 'train_rank': 0.2596824954829964, 'train_weighted_rank': 0.0012984124478523382}
{'event': 'candidate_summary', 'candidate': 'global_relpop_frozen_epsilon_probe_h96_r12_a12_p4x4_l1_neg1_lr0p001_hp1_relpopfix48_sr0p01_sa0p001_rl0p005_m0_bpr', 'score': 0.5084792979810717, 'passes_metric_minima': True, 'means': {'val_auc': 0.853131103515625, 'val_ap': 0.7190209928616006, 'val_mrr': 0.3072327446077605, 'val_hits@10': 0.55, 'val_ndcg': 0.9435322157217015}, 'seeds_completed': 1}
{'event': 'candidate_seed_start', 'candidate': 'global_relpop_frozen_epsilon_probe_h96_r12_a12_p4x4_l1_neg1_lr0p001_hp1_relpopfix48_sr0p05_sa0p001_rl0p005_m0_bpr', 'seed': 1, 'device': 'cuda', 'node_text_device': 'cuda:0'}
{'event': 'train_seed_start', 'seed': 1, 'train_edges': 20000, 'val_edges': 14592, 'test_edges': 14378, 'num_nodes': 7128, 'num_relations': 230}
{'event': 'train_seed_tensors_ready', 'seed': 1, 'elapsed_sec': 0.035861752927303314, 'cuda_allocated_mb': 37, 'cuda_reserved_mb': 64, 'cuda_max_allocated_mb': 566}
{'event': 'train_known_facts_ready', 'seed': 1, 'scope': 'train', 'edges': 20000, 'elapsed_sec': 0.05417175590991974}
{'event': 'train_known_facts_ready', 'seed': 1, 'scope': 'train_val', 'edges': 34592, 'elapsed_sec': 0.059064995497465134}
{'event': 'train_sampler_ready', 'seed': 1, 'elapsed_sec': 0.11918875575065613}
{'event': 'val_sampler_ready', 'seed': 1, 'elapsed_sec': 0.21446817740797997}
{'event': 'epoch_start', 'epoch': 1, 'epochs': 1, 'batches': 255, 'time_groups': 255}
{'event': 'train_time_group', 'epoch': 1, 'time_group': 1, 'time_groups': 255, 'batch': 0, 'batches': 255, 'time_value': 1388534400.0, 'group_batches': 1, 'history_edges': 0, 'elapsed_sec': 0.033219873905181885, 'cuda_allocated_mb': 38, 'cuda_reserved_mb': 64, 'cuda_max_allocated_mb': 566}
{'event': 'train_progress', 'epoch': 1, 'batch': 1, 'batches': 255, 'time_group': 1, 'time_groups': 255, 'history_edges': 0, 'pos_edges': 37, 'neg_edges': 37, 'loss_recent': 3.095428466796875, 'elapsed_sec': 0.4507274068892002, 'avg_sec_per_batch': 0.4507274068892002, 'cuda_allocated_mb': 87, 'cuda_reserved_mb': 162, 'cuda_max_allocated_mb': 566}
{'event': 'train_progress', 'epoch': 1, 'batch': 100, 'batches': 255, 'time_group': 100, 'time_groups': 255, 'history_edges': 7713, 'pos_edges': 83, 'neg_edges': 83, 'loss_recent': 5.397383685112, 'elapsed_sec': 77.90357849001884, 'avg_sec_per_batch': 0.7790357849001884, 'cuda_allocated_mb': 91, 'cuda_reserved_mb': 412, 'cuda_max_allocated_mb': 566}
{'event': 'train_progress', 'epoch': 1, 'batch': 200, 'batches': 255, 'time_group': 200, 'time_groups': 255, 'history_edges': 15787, 'pos_edges': 53, 'neg_edges': 53, 'loss_recent': 4.895724947452545, 'elapsed_sec': 162.63768300041556, 'avg_sec_per_batch': 0.8131884150020778, 'cuda_allocated_mb': 90, 'cuda_reserved_mb': 552, 'cuda_max_allocated_mb': 566}
{'event': 'train_time_group', 'epoch': 1, 'time_group': 255, 'time_groups': 255, 'batch': 254, 'batches': 255, 'time_value': 1410480000.0, 'group_batches': 1, 'history_edges': 19896, 'elapsed_sec': 203.28385186567903, 'cuda_allocated_mb': 86, 'cuda_reserved_mb': 652, 'cuda_max_allocated_mb': 566}
{'event': 'train_progress', 'epoch': 1, 'batch': 255, 'batches': 255, 'time_group': 255, 'time_groups': 255, 'history_edges': 19896, 'pos_edges': 104, 'neg_edges': 104, 'loss_recent': 4.593237346410751, 'elapsed_sec': 204.13052351772785, 'avg_sec_per_batch': 0.8005118569322661, 'cuda_allocated_mb': 92, 'cuda_reserved_mb': 652, 'cuda_max_allocated_mb': 566}
{'event': 'validation_start', 'epoch': 1}
{'event': 'validation_ranking_start', 'epoch': 1, 'max_edges': 10}
{'event': 'epoch_end', 'epoch': 1, 'early_stop_metric': 'val_composite', 'val_score': 0.5077732117812075, 'val_auc': 0.8538970947265625, 'val_ap': 0.7203427616916436, 'val_ndcg': 0.9438287064669001, 'val_mrr': 0.3052881442888854, 'val_hits@1': 0.2, 'val_hits@10': 0.55, 'val_hits@50': 0.6, 'val_hits@100': 0.65, 'elapsed_sec': 226.65218113735318}
{'candidate': 'global_relpop_frozen_epsilon_probe_h96_r12_a12_p4x4_l1_neg1_lr0p001_hp1_relpopfix48_sr0p05_sa0p001_rl0p005_m0_bpr', 'seed': 1, 'composite': nan, 'val_auc': 0.8538970947265625, 'val_ap': 0.7203427616916436, 'val_ndcg': 0.9438287064669001, 'val_mrr': 0.3052881442888854, 'val_hits@1': 0.2, 'val_hits@10': 0.55, 'val_hits@50': 0.6, 'val_hits@100': 0.65, 'train_loss': 4.978400425349965, 'train_lp': 0.46256581463065805, 'train_align': 857.2515651328891, 'train_kl': 2262.1438352098653, 'train_ood_reg': 0.2308591038573022, 'train_meta': 0.4612166121017699, 'train_struct_aux': 0.8255476021299175, 'train_weighted_align': 4.286257735888163, 'train_weighted_kl': 0.22621437749441933, 'train_weighted_ood_reg': 0.0002308591146834706, 'train_weighted_meta': 0.0023060830093134996, 'train_weighted_struct_aux': 0.000825547640252968, 'train_rank': 0.2595807600255106, 'train_weighted_rank': 0.0012979037729868045}
{'event': 'candidate_summary', 'candidate': 'global_relpop_frozen_epsilon_probe_h96_r12_a12_p4x4_l1_neg1_lr0p001_hp1_relpopfix48_sr0p05_sa0p001_rl0p005_m0_bpr', 'score': 0.5077732117812075, 'passes_metric_minima': True, 'means': {'val_auc': 0.8538970947265625, 'val_ap': 0.7203427616916436, 'val_mrr': 0.3052881442888854, 'val_hits@10': 0.55, 'val_ndcg': 0.9438287064669001}, 'seeds_completed': 1}
{'event': 'candidate_seed_start', 'candidate': 'global_relpop_frozen_epsilon_probe_h96_r12_a12_p4x4_l1_neg1_lr0p001_hp2_relpopfix48_sr0p001_sa0p001_rl0p001_m0_bpr', 'seed': 1, 'device': 'cuda', 'node_text_device': 'cuda:0'}
{'event': 'train_seed_start', 'seed': 1, 'train_edges': 20000, 'val_edges': 14592, 'test_edges': 14378, 'num_nodes': 7128, 'num_relations': 230}
{'event': 'train_seed_tensors_ready', 'seed': 1, 'elapsed_sec': 0.04211261123418808, 'cuda_allocated_mb': 37, 'cuda_reserved_mb': 64, 'cuda_max_allocated_mb': 566}
{'event': 'train_known_facts_ready', 'seed': 1, 'scope': 'train', 'edges': 20000, 'elapsed_sec': 0.04587239399552345}
{'event': 'train_known_facts_ready', 'seed': 1, 'scope': 'train_val', 'edges': 34592, 'elapsed_sec': 0.05079503357410431}
{'event': 'train_sampler_ready', 'seed': 1, 'elapsed_sec': 0.10284154489636421}
{'event': 'val_sampler_ready', 'seed': 1, 'elapsed_sec': 0.15189403668045998}
{'event': 'epoch_start', 'epoch': 1, 'epochs': 1, 'batches': 255, 'time_groups': 255}
{'event': 'train_time_group', 'epoch': 1, 'time_group': 1, 'time_groups': 255, 'batch': 0, 'batches': 255, 'time_value': 1388534400.0, 'group_batches': 1, 'history_edges': 0, 'elapsed_sec': 0.013837605714797974, 'cuda_allocated_mb': 38, 'cuda_reserved_mb': 64, 'cuda_max_allocated_mb': 566}
{'event': 'train_progress', 'epoch': 1, 'batch': 1, 'batches': 255, 'time_group': 1, 'time_groups': 255, 'history_edges': 0, 'pos_edges': 37, 'neg_edges': 37, 'loss_recent': 3.0950398445129395, 'elapsed_sec': 0.41326920315623283, 'avg_sec_per_batch': 0.41326920315623283, 'cuda_allocated_mb': 87, 'cuda_reserved_mb': 162, 'cuda_max_allocated_mb': 566}
{'event': 'train_progress', 'epoch': 1, 'batch': 100, 'batches': 255, 'time_group': 100, 'time_groups': 255, 'history_edges': 7713, 'pos_edges': 83, 'neg_edges': 83, 'loss_recent': 5.4062199521064755, 'elapsed_sec': 59.40572240576148, 'avg_sec_per_batch': 0.5940572240576149, 'cuda_allocated_mb': 91, 'cuda_reserved_mb': 412, 'cuda_max_allocated_mb': 566}
{'event': 'train_progress', 'epoch': 1, 'batch': 200, 'batches': 255, 'time_group': 200, 'time_groups': 255, 'history_edges': 15787, 'pos_edges': 53, 'neg_edges': 53, 'loss_recent': 4.922536861896515, 'elapsed_sec': 118.28898756578565, 'avg_sec_per_batch': 0.5914449378289283, 'cuda_allocated_mb': 90, 'cuda_reserved_mb': 552, 'cuda_max_allocated_mb': 566}
{'event': 'train_time_group', 'epoch': 1, 'time_group': 255, 'time_groups': 255, 'batch': 254, 'batches': 255, 'time_value': 1410480000.0, 'group_batches': 1, 'history_edges': 19896, 'elapsed_sec': 135.82624032720923, 'cuda_allocated_mb': 86, 'cuda_reserved_mb': 652, 'cuda_max_allocated_mb': 566}
{'event': 'train_progress', 'epoch': 1, 'batch': 255, 'batches': 255, 'time_group': 255, 'time_groups': 255, 'history_edges': 19896, 'pos_edges': 104, 'neg_edges': 104, 'loss_recent': 4.614623818397522, 'elapsed_sec': 136.21071013063192, 'avg_sec_per_batch': 0.5341596475711056, 'cuda_allocated_mb': 92, 'cuda_reserved_mb': 652, 'cuda_max_allocated_mb': 566}
{'event': 'validation_start', 'epoch': 1}
{'event': 'validation_ranking_start', 'epoch': 1, 'max_edges': 10}
{'event': 'epoch_end', 'epoch': 1, 'early_stop_metric': 'val_composite', 'val_score': 0.47231603242288817, 'val_auc': 0.8533111572265624, 'val_ap': 0.729202268276259, 'val_ndcg': 0.9456586948058114, 'val_mrr': 0.2714085296790801, 'val_hits@1': 0.15, 'val_hits@10': 0.45, 'val_hits@50': 0.55, 'val_hits@100': 0.65, 'elapsed_sec': 152.06819140911102}
{'candidate': 'global_relpop_frozen_epsilon_probe_h96_r12_a12_p4x4_l1_neg1_lr0p001_hp2_relpopfix48_sr0p001_sa0p001_rl0p001_m0_bpr', 'seed': 1, 'composite': nan, 'val_auc': 0.8533111572265624, 'val_ap': 0.729202268276259, 'val_ndcg': 0.9456586948058114, 'val_mrr': 0.2714085296790801, 'val_hits@1': 0.15, 'val_hits@10': 0.45, 'val_hits@50': 0.55, 'val_hits@100': 0.65, 'train_loss': 4.996712258282829, 'train_lp': 0.48029696590760174, 'train_align': 857.3253639370787, 'train_kl': 2257.682132496553, 'train_ood_reg': 0.23081616437902638, 'train_meta': 0.48063929688696766, 'train_struct_aux': 1.3863667597957685, 'train_weighted_align': 4.286626724635854, 'train_weighted_kl': 0.22576820771483813, 'train_weighted_ood_reg': 0.00023081617523441274, 'train_weighted_meta': 0.0024031964327007826, 'train_weighted_struct_aux': 0.001386366823605974, 'train_rank': 0.25018933375968655, 'train_weighted_rank': 0.00025018934584473826}
{'event': 'candidate_summary', 'candidate': 'global_relpop_frozen_epsilon_probe_h96_r12_a12_p4x4_l1_neg1_lr0p001_hp2_relpopfix48_sr0p001_sa0p001_rl0p001_m0_bpr', 'score': 0.47231603242288817, 'passes_metric_minima': True, 'means': {'val_auc': 0.8533111572265624, 'val_ap': 0.729202268276259, 'val_mrr': 0.2714085296790801, 'val_hits@10': 0.45, 'val_ndcg': 0.9456586948058114}, 'seeds_completed': 1}
{'event': 'candidate_seed_start', 'candidate': 'global_relpop_frozen_epsilon_probe_h96_r12_a12_p4x4_l1_neg1_lr0p001_hp2_relpopfix48_sr0p01_sa0p001_rl0p001_m0_bpr', 'seed': 1, 'device': 'cuda', 'node_text_device': 'cuda:0'}
{'event': 'train_seed_start', 'seed': 1, 'train_edges': 20000, 'val_edges': 14592, 'test_edges': 14378, 'num_nodes': 7128, 'num_relations': 230}
{'event': 'train_seed_tensors_ready', 'seed': 1, 'elapsed_sec': 0.02440241351723671, 'cuda_allocated_mb': 37, 'cuda_reserved_mb': 64, 'cuda_max_allocated_mb': 566}
{'event': 'train_known_facts_ready', 'seed': 1, 'scope': 'train', 'edges': 20000, 'elapsed_sec': 0.0276290662586689}
{'event': 'train_known_facts_ready', 'seed': 1, 'scope': 'train_val', 'edges': 34592, 'elapsed_sec': 0.03194541111588478}
{'event': 'train_sampler_ready', 'seed': 1, 'elapsed_sec': 0.08638104051351547}
{'event': 'val_sampler_ready', 'seed': 1, 'elapsed_sec': 0.15285640582442284}
{'event': 'epoch_start', 'epoch': 1, 'epochs': 1, 'batches': 255, 'time_groups': 255}
{'event': 'train_time_group', 'epoch': 1, 'time_group': 1, 'time_groups': 255, 'batch': 0, 'batches': 255, 'time_value': 1388534400.0, 'group_batches': 1, 'history_edges': 0, 'elapsed_sec': 0.015466593205928802, 'cuda_allocated_mb': 38, 'cuda_reserved_mb': 64, 'cuda_max_allocated_mb': 566}
{'event': 'train_progress', 'epoch': 1, 'batch': 1, 'batches': 255, 'time_group': 1, 'time_groups': 255, 'history_edges': 0, 'pos_edges': 37, 'neg_edges': 37, 'loss_recent': 3.0951006412506104, 'elapsed_sec': 0.3643852546811104, 'avg_sec_per_batch': 0.3643852546811104, 'cuda_allocated_mb': 87, 'cuda_reserved_mb': 162, 'cuda_max_allocated_mb': 566}
{'event': 'train_progress', 'epoch': 1, 'batch': 100, 'batches': 255, 'time_group': 100, 'time_groups': 255, 'history_edges': 7713, 'pos_edges': 83, 'neg_edges': 83, 'loss_recent': 5.4058119630813595, 'elapsed_sec': 43.601678773760796, 'avg_sec_per_batch': 0.43601678773760794, 'cuda_allocated_mb': 91, 'cuda_reserved_mb': 412, 'cuda_max_allocated_mb': 566}
{'event': 'train_progress', 'epoch': 1, 'batch': 200, 'batches': 255, 'time_group': 200, 'time_groups': 255, 'history_edges': 15787, 'pos_edges': 53, 'neg_edges': 53, 'loss_recent': 4.9217700982093815, 'elapsed_sec': 77.0784764289856, 'avg_sec_per_batch': 0.385392382144928, 'cuda_allocated_mb': 90, 'cuda_reserved_mb': 552, 'cuda_max_allocated_mb': 566}
{'event': 'train_time_group', 'epoch': 1, 'time_group': 255, 'time_groups': 255, 'batch': 254, 'batches': 255, 'time_value': 1410480000.0, 'group_batches': 1, 'history_edges': 19896, 'elapsed_sec': 94.70520957186818, 'cuda_allocated_mb': 86, 'cuda_reserved_mb': 652, 'cuda_max_allocated_mb': 566}
{'event': 'train_progress', 'epoch': 1, 'batch': 255, 'batches': 255, 'time_group': 255, 'time_groups': 255, 'history_edges': 19896, 'pos_edges': 104, 'neg_edges': 104, 'loss_recent': 4.613793597221375, 'elapsed_sec': 95.182103831321, 'avg_sec_per_batch': 0.3732631522796902, 'cuda_allocated_mb': 92, 'cuda_reserved_mb': 652, 'cuda_max_allocated_mb': 566}
{'event': 'validation_start', 'epoch': 1}
{'event': 'validation_ranking_start', 'epoch': 1, 'max_edges': 10}
{'event': 'epoch_end', 'epoch': 1, 'early_stop_metric': 'val_composite', 'val_score': 0.4725844405815699, 'val_auc': 0.8528778076171875, 'val_ap': 0.7293968110713159, 'val_ndcg': 0.9456910955699851, 'val_mrr': 0.2719238379660292, 'val_hits@1': 0.15, 'val_hits@10': 0.45, 'val_hits@50': 0.55, 'val_hits@100': 0.65, 'elapsed_sec': 112.40131068229675}
{'candidate': 'global_relpop_frozen_epsilon_probe_h96_r12_a12_p4x4_l1_neg1_lr0p001_hp2_relpopfix48_sr0p01_sa0p001_rl0p001_m0_bpr', 'seed': 1, 'composite': nan, 'val_auc': 0.8528778076171875, 'val_ap': 0.7293968110713159, 'val_ndcg': 0.9456910955699851, 'val_mrr': 0.2719238379660292, 'val_hits@1': 0.15, 'val_hits@10': 0.45, 'val_hits@50': 0.55, 'val_hits@100': 0.65, 'train_loss': 4.996059367235969, 'train_lp': 0.48040014517073537, 'train_align': 857.3043619791666, 'train_kl': 2257.6854966107535, 'train_ood_reg': 0.23086402673347323, 'train_meta': 0.48050497805371006, 'train_struct_aux': 0.7355653427395166, 'train_weighted_align': 4.286521715276382, 'train_weighted_kl': 0.22576854398437574, 'train_weighted_ood_reg': 0.00023086403796732352, 'train_weighted_meta': 0.002402524842296307, 'train_weighted_struct_aux': 0.0007355653789287032, 'train_rank': 0.2487484674097276, 'train_weighted_rank': 0.0002487484784283237}
{'event': 'candidate_summary', 'candidate': 'global_relpop_frozen_epsilon_probe_h96_r12_a12_p4x4_l1_neg1_lr0p001_hp2_relpopfix48_sr0p01_sa0p001_rl0p001_m0_bpr', 'score': 0.4725844405815699, 'passes_metric_minima': True, 'means': {'val_auc': 0.8528778076171875, 'val_ap': 0.7293968110713159, 'val_mrr': 0.2719238379660292, 'val_hits@10': 0.45, 'val_ndcg': 0.9456910955699851}, 'seeds_completed': 1}
{'event': 'candidate_seed_start', 'candidate': 'global_relpop_frozen_epsilon_probe_h96_r12_a12_p4x4_l1_neg1_lr0p001_hp2_relpopfix48_sr0p05_sa0p001_rl0p001_m0_bpr', 'seed': 1, 'device': 'cuda', 'node_text_device': 'cuda:0'}
{'event': 'train_seed_start', 'seed': 1, 'train_edges': 20000, 'val_edges': 14592, 'test_edges': 14378, 'num_nodes': 7128, 'num_relations': 230}
{'event': 'train_seed_tensors_ready', 'seed': 1, 'elapsed_sec': 0.032201699912548065, 'cuda_allocated_mb': 37, 'cuda_reserved_mb': 64, 'cuda_max_allocated_mb': 566}
{'event': 'train_known_facts_ready', 'seed': 1, 'scope': 'train', 'edges': 20000, 'elapsed_sec': 0.035751499235630035}
{'event': 'train_known_facts_ready', 'seed': 1, 'scope': 'train_val', 'edges': 34592, 'elapsed_sec': 0.040110524743795395}
{'event': 'train_sampler_ready', 'seed': 1, 'elapsed_sec': 0.09240859001874924}
{'event': 'val_sampler_ready', 'seed': 1, 'elapsed_sec': 0.14609034731984138}
{'event': 'epoch_start', 'epoch': 1, 'epochs': 1, 'batches': 255, 'time_groups': 255}
{'event': 'train_time_group', 'epoch': 1, 'time_group': 1, 'time_groups': 255, 'batch': 0, 'batches': 255, 'time_value': 1388534400.0, 'group_batches': 1, 'history_edges': 0, 'elapsed_sec': 0.015558723360300064, 'cuda_allocated_mb': 38, 'cuda_reserved_mb': 64, 'cuda_max_allocated_mb': 566}
{'event': 'train_progress', 'epoch': 1, 'batch': 1, 'batches': 255, 'time_group': 1, 'time_groups': 255, 'history_edges': 0, 'pos_edges': 37, 'neg_edges': 37, 'loss_recent': 3.095428466796875, 'elapsed_sec': 0.33371320366859436, 'avg_sec_per_batch': 0.33371320366859436, 'cuda_allocated_mb': 87, 'cuda_reserved_mb': 162, 'cuda_max_allocated_mb': 566}
{'event': 'train_progress', 'epoch': 1, 'batch': 100, 'batches': 255, 'time_group': 100, 'time_groups': 255, 'history_edges': 7713, 'pos_edges': 83, 'neg_edges': 83, 'loss_recent': 5.405621311664581, 'elapsed_sec': 39.53150001168251, 'avg_sec_per_batch': 0.3953150001168251, 'cuda_allocated_mb': 91, 'cuda_reserved_mb': 412, 'cuda_max_allocated_mb': 566}
{'event': 'train_progress', 'epoch': 1, 'batch': 200, 'batches': 255, 'time_group': 200, 'time_groups': 255, 'history_edges': 15787, 'pos_edges': 53, 'neg_edges': 53, 'loss_recent': 4.921518459320068, 'elapsed_sec': 77.21248639002442, 'avg_sec_per_batch': 0.38606243195012213, 'cuda_allocated_mb': 90, 'cuda_reserved_mb': 552, 'cuda_max_allocated_mb': 566}
{'event': 'train_time_group', 'epoch': 1, 'time_group': 255, 'time_groups': 255, 'batch': 254, 'batches': 255, 'time_value': 1410480000.0, 'group_batches': 1, 'history_edges': 19896, 'elapsed_sec': 99.10855280980468, 'cuda_allocated_mb': 86, 'cuda_reserved_mb': 652, 'cuda_max_allocated_mb': 566}
{'event': 'train_progress', 'epoch': 1, 'batch': 255, 'batches': 255, 'time_group': 255, 'time_groups': 255, 'history_edges': 19896, 'pos_edges': 104, 'neg_edges': 104, 'loss_recent': 4.6134936714172365, 'elapsed_sec': 99.47639244794846, 'avg_sec_per_batch': 0.3901034997958763, 'cuda_allocated_mb': 92, 'cuda_reserved_mb': 652, 'cuda_max_allocated_mb': 566}
{'event': 'validation_start', 'epoch': 1}
{'event': 'validation_ranking_start', 'epoch': 1, 'max_edges': 10}
{'event': 'epoch_end', 'epoch': 1, 'early_stop_metric': 'val_composite', 'val_score': 0.4724877605356347, 'val_auc': 0.8524993896484375, 'val_ap': 0.7289598492993343, 'val_ndcg': 0.9455769760324156, 'val_mrr': 0.2719222321101421, 'val_hits@1': 0.15, 'val_hits@10': 0.45, 'val_hits@50': 0.6, 'val_hits@100': 0.65, 'elapsed_sec': 115.86943043023348}
{'candidate': 'global_relpop_frozen_epsilon_probe_h96_r12_a12_p4x4_l1_neg1_lr0p001_hp2_relpopfix48_sr0p05_sa0p001_rl0p001_m0_bpr', 'seed': 1, 'composite': nan, 'val_auc': 0.8524993896484375, 'val_ap': 0.7289598492993343, 'val_ndcg': 0.9455769760324156, 'val_mrr': 0.2719222321101421, 'val_hits@1': 0.15, 'val_hits@10': 0.45, 'val_hits@50': 0.6, 'val_hits@100': 0.65, 'train_loss': 4.99575073485281, 'train_lp': 0.4797727577826556, 'train_align': 857.3253501742494, 'train_kl': 2257.878434484145, 'train_ood_reg': 0.2309351322697658, 'train_meta': 0.47969814042250314, 'train_struct_aux': 0.9340579194181106, 'train_weighted_align': 4.286626660122591, 'train_weighted_kl': 0.22578783707291472, 'train_weighted_ood_reg': 0.00023093514319043605, 'train_weighted_meta': 0.002398490643028316, 'train_weighted_struct_aux': 0.0009340579642037696, 'train_rank': 0.2492690505642517, 'train_weighted_rank': 0.0002492690632375432}
{'event': 'candidate_summary', 'candidate': 'global_relpop_frozen_epsilon_probe_h96_r12_a12_p4x4_l1_neg1_lr0p001_hp2_relpopfix48_sr0p05_sa0p001_rl0p001_m0_bpr', 'score': 0.4724877605356347, 'passes_metric_minima': True, 'means': {'val_auc': 0.8524993896484375, 'val_ap': 0.7289598492993343, 'val_mrr': 0.2719222321101421, 'val_hits@10': 0.45, 'val_ndcg': 0.9455769760324156}, 'seeds_completed': 1}
{'event': 'candidate_seed_start', 'candidate': 'global_relpop_frozen_epsilon_probe_h96_r12_a12_p4x4_l1_neg1_lr0p001_hp2_relpopfix48_sr0p001_sa0p001_rl0p005_m0_bpr', 'seed': 1, 'device': 'cuda', 'node_text_device': 'cuda:0'}
{'event': 'train_seed_start', 'seed': 1, 'train_edges': 20000, 'val_edges': 14592, 'test_edges': 14378, 'num_nodes': 7128, 'num_relations': 230}
{'event': 'train_seed_tensors_ready', 'seed': 1, 'elapsed_sec': 0.024099435657262802, 'cuda_allocated_mb': 37, 'cuda_reserved_mb': 64, 'cuda_max_allocated_mb': 566}
{'event': 'train_known_facts_ready', 'seed': 1, 'scope': 'train', 'edges': 20000, 'elapsed_sec': 0.027414750307798386}
{'event': 'train_known_facts_ready', 'seed': 1, 'scope': 'train_val', 'edges': 34592, 'elapsed_sec': 0.03185867518186569}
{'event': 'train_sampler_ready', 'seed': 1, 'elapsed_sec': 0.08244539052248001}
{'event': 'val_sampler_ready', 'seed': 1, 'elapsed_sec': 0.13351314887404442}
{'event': 'epoch_start', 'epoch': 1, 'epochs': 1, 'batches': 255, 'time_groups': 255}
{'event': 'train_time_group', 'epoch': 1, 'time_group': 1, 'time_groups': 255, 'batch': 0, 'batches': 255, 'time_value': 1388534400.0, 'group_batches': 1, 'history_edges': 0, 'elapsed_sec': 0.01298413798213005, 'cuda_allocated_mb': 38, 'cuda_reserved_mb': 64, 'cuda_max_allocated_mb': 566}
{'event': 'train_progress', 'epoch': 1, 'batch': 1, 'batches': 255, 'time_group': 1, 'time_groups': 255, 'history_edges': 0, 'pos_edges': 37, 'neg_edges': 37, 'loss_recent': 3.0950398445129395, 'elapsed_sec': 0.30668845400214195, 'avg_sec_per_batch': 0.30668845400214195, 'cuda_allocated_mb': 87, 'cuda_reserved_mb': 162, 'cuda_max_allocated_mb': 566}
{'event': 'train_progress', 'epoch': 1, 'batch': 100, 'batches': 255, 'time_group': 100, 'time_groups': 255, 'history_edges': 7713, 'pos_edges': 83, 'neg_edges': 83, 'loss_recent': 5.406242830753326, 'elapsed_sec': 34.4998931735754, 'avg_sec_per_batch': 0.344998931735754, 'cuda_allocated_mb': 91, 'cuda_reserved_mb': 412, 'cuda_max_allocated_mb': 566}
{'event': 'train_progress', 'epoch': 1, 'batch': 200, 'batches': 255, 'time_group': 200, 'time_groups': 255, 'history_edges': 15787, 'pos_edges': 53, 'neg_edges': 53, 'loss_recent': 4.922598264217377, 'elapsed_sec': 78.45687767490745, 'avg_sec_per_batch': 0.3922843883745372, 'cuda_allocated_mb': 90, 'cuda_reserved_mb': 552, 'cuda_max_allocated_mb': 566}
{'event': 'train_time_group', 'epoch': 1, 'time_group': 255, 'time_groups': 255, 'batch': 254, 'batches': 255, 'time_value': 1410480000.0, 'group_batches': 1, 'history_edges': 19896, 'elapsed_sec': 100.09802404046059, 'cuda_allocated_mb': 86, 'cuda_reserved_mb': 652, 'cuda_max_allocated_mb': 566}
{'event': 'train_progress', 'epoch': 1, 'batch': 255, 'batches': 255, 'time_group': 255, 'time_groups': 255, 'history_edges': 19896, 'pos_edges': 104, 'neg_edges': 104, 'loss_recent': 4.614774403572082, 'elapsed_sec': 100.42858880013227, 'avg_sec_per_batch': 0.3938376031377736, 'cuda_allocated_mb': 92, 'cuda_reserved_mb': 652, 'cuda_max_allocated_mb': 566}
{'event': 'validation_start', 'epoch': 1}
{'event': 'validation_ranking_start', 'epoch': 1, 'max_edges': 10}
{'event': 'epoch_end', 'epoch': 1, 'early_stop_metric': 'val_composite', 'val_score': 0.4722944801497857, 'val_auc': 0.8532135009765625, 'val_ap': 0.7288289127984459, 'val_ndcg': 0.9455800424164318, 'val_mrr': 0.2715029278790949, 'val_hits@1': 0.15, 'val_hits@10': 0.45, 'val_hits@50': 0.55, 'val_hits@100': 0.65, 'elapsed_sec': 114.95320904254913}
{'candidate': 'global_relpop_frozen_epsilon_probe_h96_r12_a12_p4x4_l1_neg1_lr0p001_hp2_relpopfix48_sr0p001_sa0p001_rl0p005_m0_bpr', 'seed': 1, 'composite': nan, 'val_auc': 0.8532135009765625, 'val_ap': 0.7288289127984459, 'val_ndcg': 0.9455800424164318, 'val_mrr': 0.2715029278790949, 'val_hits@1': 0.15, 'val_hits@10': 0.45, 'val_hits@50': 0.55, 'val_hits@100': 0.65, 'train_loss': 4.996785717384488, 'train_lp': 0.4803067095139447, 'train_align': 857.3380633185892, 'train_kl': 2257.677821739047, 'train_ood_reg': 0.23082076352016598, 'train_meta': 0.48064291144118587, 'train_struct_aux': 1.386974077131234, 'train_weighted_align': 4.286690224385729, 'train_weighted_kl': 0.2257677764577024, 'train_weighted_ood_reg': 0.00023082077472388524, 'train_weighted_meta': 0.0024032145021848526, 'train_weighted_struct_aux': 0.0013869741399699421, 'train_rank': 0.2500444974531146, 'train_weighted_rank': 0.0012502224585178364}
{'event': 'candidate_summary', 'candidate': 'global_relpop_frozen_epsilon_probe_h96_r12_a12_p4x4_l1_neg1_lr0p001_hp2_relpopfix48_sr0p001_sa0p001_rl0p005_m0_bpr', 'score': 0.4722944801497857, 'passes_metric_minima': True, 'means': {'val_auc': 0.8532135009765625, 'val_ap': 0.7288289127984459, 'val_mrr': 0.2715029278790949, 'val_hits@10': 0.45, 'val_ndcg': 0.9455800424164318}, 'seeds_completed': 1}
{'event': 'candidate_seed_start', 'candidate': 'global_relpop_frozen_epsilon_probe_h96_r12_a12_p4x4_l1_neg1_lr0p001_hp2_relpopfix48_sr0p01_sa0p001_rl0p005_m0_bpr', 'seed': 1, 'device': 'cuda', 'node_text_device': 'cuda:0'}
{'event': 'train_seed_start', 'seed': 1, 'train_edges': 20000, 'val_edges': 14592, 'test_edges': 14378, 'num_nodes': 7128, 'num_relations': 230}
{'event': 'train_seed_tensors_ready', 'seed': 1, 'elapsed_sec': 0.02346957102417946, 'cuda_allocated_mb': 37, 'cuda_reserved_mb': 64, 'cuda_max_allocated_mb': 566}
{'event': 'train_known_facts_ready', 'seed': 1, 'scope': 'train', 'edges': 20000, 'elapsed_sec': 0.028072122484445572}
{'event': 'train_known_facts_ready', 'seed': 1, 'scope': 'train_val', 'edges': 34592, 'elapsed_sec': 0.0336315743625164}
{'event': 'train_sampler_ready', 'seed': 1, 'elapsed_sec': 0.08741502463817596}
{'event': 'val_sampler_ready', 'seed': 1, 'elapsed_sec': 0.13819948211312294}
{'event': 'epoch_start', 'epoch': 1, 'epochs': 1, 'batches': 255, 'time_groups': 255}
{'event': 'train_time_group', 'epoch': 1, 'time_group': 1, 'time_groups': 255, 'batch': 0, 'batches': 255, 'time_value': 1388534400.0, 'group_batches': 1, 'history_edges': 0, 'elapsed_sec': 0.013665106147527695, 'cuda_allocated_mb': 38, 'cuda_reserved_mb': 64, 'cuda_max_allocated_mb': 566}
{'event': 'train_progress', 'epoch': 1, 'batch': 1, 'batches': 255, 'time_group': 1, 'time_groups': 255, 'history_edges': 0, 'pos_edges': 37, 'neg_edges': 37, 'loss_recent': 3.0951006412506104, 'elapsed_sec': 0.2665266580879688, 'avg_sec_per_batch': 0.2665266580879688, 'cuda_allocated_mb': 87, 'cuda_reserved_mb': 162, 'cuda_max_allocated_mb': 566}
{'event': 'train_progress', 'epoch': 1, 'batch': 100, 'batches': 255, 'time_group': 100, 'time_groups': 255, 'history_edges': 7713, 'pos_edges': 83, 'neg_edges': 83, 'loss_recent': 5.405830163955688, 'elapsed_sec': 40.16577431187034, 'avg_sec_per_batch': 0.4016577431187034, 'cuda_allocated_mb': 91, 'cuda_reserved_mb': 412, 'cuda_max_allocated_mb': 566}
{'event': 'train_progress', 'epoch': 1, 'batch': 200, 'batches': 255, 'time_group': 200, 'time_groups': 255, 'history_edges': 15787, 'pos_edges': 53, 'neg_edges': 53, 'loss_recent': 4.9218187689781185, 'elapsed_sec': 84.41827623173594, 'avg_sec_per_batch': 0.4220913811586797, 'cuda_allocated_mb': 90, 'cuda_reserved_mb': 552, 'cuda_max_allocated_mb': 566}
{'event': 'train_time_group', 'epoch': 1, 'time_group': 255, 'time_groups': 255, 'batch': 254, 'batches': 255, 'time_value': 1410480000.0, 'group_batches': 1, 'history_edges': 19896, 'elapsed_sec': 99.6128154732287, 'cuda_allocated_mb': 86, 'cuda_reserved_mb': 652, 'cuda_max_allocated_mb': 566}
{'event': 'train_progress', 'epoch': 1, 'batch': 255, 'batches': 255, 'time_group': 255, 'time_groups': 255, 'history_edges': 19896, 'pos_edges': 104, 'neg_edges': 104, 'loss_recent': 4.613919247388839, 'elapsed_sec': 99.91279150918126, 'avg_sec_per_batch': 0.39181486866345594, 'cuda_allocated_mb': 92, 'cuda_reserved_mb': 652, 'cuda_max_allocated_mb': 566}
{'event': 'validation_start', 'epoch': 1}
{'event': 'validation_ranking_start', 'epoch': 1, 'max_edges': 10}
{'event': 'epoch_end', 'epoch': 1, 'early_stop_metric': 'val_composite', 'val_score': 0.4725640837335855, 'val_auc': 0.8528717041015625, 'val_ap': 0.7293720360938005, 'val_ndcg': 0.9456836560666644, 'val_mrr': 0.2718926550155417, 'val_hits@1': 0.15, 'val_hits@10': 0.45, 'val_hits@50': 0.55, 'val_hits@100': 0.65, 'elapsed_sec': 114.417525511235}
{'candidate': 'global_relpop_frozen_epsilon_probe_h96_r12_a12_p4x4_l1_neg1_lr0p001_hp2_relpopfix48_sr0p01_sa0p001_rl0p005_m0_bpr', 'seed': 1, 'composite': nan, 'val_auc': 0.8528717041015625, 'val_ap': 0.7293720360938005, 'val_ndcg': 0.9456836560666644, 'val_mrr': 0.2718926550155417, 'val_hits@1': 0.15, 'val_hits@10': 0.45, 'val_hits@50': 0.55, 'val_hits@100': 0.65, 'train_loss': 4.9961210825864, 'train_lp': 0.48040167794508093, 'train_align': 857.316674565334, 'train_kl': 2257.6810850854013, 'train_ood_reg': 0.2308691860998378, 'train_meta': 0.4804896473300223, 'train_struct_aux': 0.7346998101355983, 'train_weighted_align': 4.286583280095867, 'train_weighted_kl': 0.22576810255938884, 'train_weighted_ood_reg': 0.00023086919653567248, 'train_weighted_meta': 0.002402448176871985, 'train_weighted_struct_aux': 0.0007346998432231154, 'train_rank': 0.24859623388916838, 'train_weighted_rank': 0.0012429811406821267}
{'event': 'candidate_summary', 'candidate': 'global_relpop_frozen_epsilon_probe_h96_r12_a12_p4x4_l1_neg1_lr0p001_hp2_relpopfix48_sr0p01_sa0p001_rl0p005_m0_bpr', 'score': 0.4725640837335855, 'passes_metric_minima': True, 'means': {'val_auc': 0.8528717041015625, 'val_ap': 0.7293720360938005, 'val_mrr': 0.2718926550155417, 'val_hits@10': 0.45, 'val_ndcg': 0.9456836560666644}, 'seeds_completed': 1}
{'event': 'candidate_seed_start', 'candidate': 'global_relpop_frozen_epsilon_probe_h96_r12_a12_p4x4_l1_neg1_lr0p001_hp2_relpopfix48_sr0p05_sa0p001_rl0p005_m0_bpr', 'seed': 1, 'device': 'cuda', 'node_text_device': 'cuda:0'}
{'event': 'train_seed_start', 'seed': 1, 'train_edges': 20000, 'val_edges': 14592, 'test_edges': 14378, 'num_nodes': 7128, 'num_relations': 230}
{'event': 'train_seed_tensors_ready', 'seed': 1, 'elapsed_sec': 0.027636516839265823, 'cuda_allocated_mb': 37, 'cuda_reserved_mb': 64, 'cuda_max_allocated_mb': 566}
{'event': 'train_known_facts_ready', 'seed': 1, 'scope': 'train', 'edges': 20000, 'elapsed_sec': 0.0312822200357914}
{'event': 'train_known_facts_ready', 'seed': 1, 'scope': 'train_val', 'edges': 34592, 'elapsed_sec': 0.03673233464360237}
{'event': 'train_sampler_ready', 'seed': 1, 'elapsed_sec': 0.08607343584299088}
{'event': 'val_sampler_ready', 'seed': 1, 'elapsed_sec': 0.1344003900885582}
{'event': 'epoch_start', 'epoch': 1, 'epochs': 1, 'batches': 255, 'time_groups': 255}
{'event': 'train_time_group', 'epoch': 1, 'time_group': 1, 'time_groups': 255, 'batch': 0, 'batches': 255, 'time_value': 1388534400.0, 'group_batches': 1, 'history_edges': 0, 'elapsed_sec': 0.013302993029356003, 'cuda_allocated_mb': 38, 'cuda_reserved_mb': 64, 'cuda_max_allocated_mb': 566}
{'event': 'train_progress', 'epoch': 1, 'batch': 1, 'batches': 255, 'time_group': 1, 'time_groups': 255, 'history_edges': 0, 'pos_edges': 37, 'neg_edges': 37, 'loss_recent': 3.095428466796875, 'elapsed_sec': 0.37821538001298904, 'avg_sec_per_batch': 0.37821538001298904, 'cuda_allocated_mb': 87, 'cuda_reserved_mb': 162, 'cuda_max_allocated_mb': 566}
{'event': 'train_progress', 'epoch': 1, 'batch': 100, 'batches': 255, 'time_group': 100, 'time_groups': 255, 'history_edges': 7713, 'pos_edges': 83, 'neg_edges': 83, 'loss_recent': 5.405593700408936, 'elapsed_sec': 45.03513539582491, 'avg_sec_per_batch': 0.4503513539582491, 'cuda_allocated_mb': 91, 'cuda_reserved_mb': 412, 'cuda_max_allocated_mb': 566}
{'event': 'train_progress', 'epoch': 1, 'batch': 200, 'batches': 255, 'time_group': 200, 'time_groups': 255, 'history_edges': 15787, 'pos_edges': 53, 'neg_edges': 53, 'loss_recent': 4.921411027908325, 'elapsed_sec': 82.22553738579154, 'avg_sec_per_batch': 0.4111276869289577, 'cuda_allocated_mb': 90, 'cuda_reserved_mb': 552, 'cuda_max_allocated_mb': 566}
{'event': 'train_time_group', 'epoch': 1, 'time_group': 255, 'time_groups': 255, 'batch': 254, 'batches': 255, 'time_value': 1410480000.0, 'group_batches': 1, 'history_edges': 19896, 'elapsed_sec': 97.52989131957293, 'cuda_allocated_mb': 86, 'cuda_reserved_mb': 652, 'cuda_max_allocated_mb': 566}
{'event': 'train_progress', 'epoch': 1, 'batch': 255, 'batches': 255, 'time_group': 255, 'time_groups': 255, 'history_edges': 19896, 'pos_edges': 104, 'neg_edges': 104, 'loss_recent': 4.613560285568237, 'elapsed_sec': 97.8202034495771, 'avg_sec_per_batch': 0.3836086409787337, 'cuda_allocated_mb': 92, 'cuda_reserved_mb': 652, 'cuda_max_allocated_mb': 566}
{'event': 'validation_start', 'epoch': 1}
{'event': 'validation_ranking_start', 'epoch': 1, 'max_edges': 10}
{'event': 'epoch_end', 'epoch': 1, 'early_stop_metric': 'val_composite', 'val_score': 0.4724403137200244, 'val_auc': 0.8525146484375, 'val_ap': 0.728873542337415, 'val_ndcg': 0.9455615857109904, 'val_mrr': 0.2718547827528761, 'val_hits@1': 0.15, 'val_hits@10': 0.45, 'val_hits@50': 0.6, 'val_hits@100': 0.65, 'elapsed_sec': 111.80477761104703}
{'candidate': 'global_relpop_frozen_epsilon_probe_h96_r12_a12_p4x4_l1_neg1_lr0p001_hp2_relpopfix48_sr0p05_sa0p001_rl0p005_m0_bpr', 'seed': 1, 'composite': nan, 'val_auc': 0.8525146484375, 'val_ap': 0.728873542337415, 'val_ndcg': 0.9455615857109904, 'val_mrr': 0.2718547827528761, 'val_hits@1': 0.15, 'val_hits@10': 0.45, 'val_hits@50': 0.6, 'val_hits@100': 0.65, 'train_loss': 4.995740955016192, 'train_lp': 0.47977544864018756, 'train_align': 857.3162062701057, 'train_kl': 2258.2528382544424, 'train_ood_reg': 0.2309366787181181, 'train_meta': 0.47963501635719746, 'train_struct_aux': 0.9301781034937092, 'train_weighted_align': 4.286580937983943, 'train_weighted_kl': 0.2258252786655052, 'train_weighted_ood_reg': 0.00023093668945982834, 'train_weighted_meta': 0.0023981750333298218, 'train_weighted_struct_aux': 0.0009301781490006867, 'train_rank': 0.24912405814610275, 'train_weighted_rank': 0.001245620266041335}
{'event': 'candidate_summary', 'candidate': 'global_relpop_frozen_epsilon_probe_h96_r12_a12_p4x4_l1_neg1_lr0p001_hp2_relpopfix48_sr0p05_sa0p001_rl0p005_m0_bpr', 'score': 0.4724403137200244, 'passes_metric_minima': True, 'means': {'val_auc': 0.8525146484375, 'val_ap': 0.728873542337415, 'val_mrr': 0.2718547827528761, 'val_hits@10': 0.45, 'val_ndcg': 0.9455615857109904}, 'seeds_completed': 1}
{'event': 'candidate_seed_start', 'candidate': 'global_relpop_frozen_epsilon_probe_h96_r12_a12_p4x4_l1_neg1_lr0p001_hp4_relpopfix48_sr0p001_sa0p001_rl0p001_m0_bpr', 'seed': 1, 'device': 'cuda', 'node_text_device': 'cuda:0'}
{'event': 'train_seed_start', 'seed': 1, 'train_edges': 20000, 'val_edges': 14592, 'test_edges': 14378, 'num_nodes': 7128, 'num_relations': 230}
{'event': 'train_seed_tensors_ready', 'seed': 1, 'elapsed_sec': 0.02960588037967682, 'cuda_allocated_mb': 37, 'cuda_reserved_mb': 64, 'cuda_max_allocated_mb': 566}
{'event': 'train_known_facts_ready', 'seed': 1, 'scope': 'train', 'edges': 20000, 'elapsed_sec': 0.03282267227768898}
{'event': 'train_known_facts_ready', 'seed': 1, 'scope': 'train_val', 'edges': 34592, 'elapsed_sec': 0.03716814145445824}
{'event': 'train_sampler_ready', 'seed': 1, 'elapsed_sec': 0.10478191077709198}
{'event': 'val_sampler_ready', 'seed': 1, 'elapsed_sec': 0.18612948432564735}
{'event': 'epoch_start', 'epoch': 1, 'epochs': 1, 'batches': 255, 'time_groups': 255}
{'event': 'train_time_group', 'epoch': 1, 'time_group': 1, 'time_groups': 255, 'batch': 0, 'batches': 255, 'time_value': 1388534400.0, 'group_batches': 1, 'history_edges': 0, 'elapsed_sec': 0.013066388666629791, 'cuda_allocated_mb': 38, 'cuda_reserved_mb': 64, 'cuda_max_allocated_mb': 566}
{'event': 'train_progress', 'epoch': 1, 'batch': 1, 'batches': 255, 'time_group': 1, 'time_groups': 255, 'history_edges': 0, 'pos_edges': 37, 'neg_edges': 37, 'loss_recent': 3.0950398445129395, 'elapsed_sec': 0.3427685685455799, 'avg_sec_per_batch': 0.3427685685455799, 'cuda_allocated_mb': 87, 'cuda_reserved_mb': 162, 'cuda_max_allocated_mb': 566}
{'event': 'train_progress', 'epoch': 1, 'batch': 100, 'batches': 255, 'time_group': 100, 'time_groups': 255, 'history_edges': 7713, 'pos_edges': 83, 'neg_edges': 83, 'loss_recent': 5.461961870193481, 'elapsed_sec': 30.935765251517296, 'avg_sec_per_batch': 0.30935765251517294, 'cuda_allocated_mb': 91, 'cuda_reserved_mb': 412, 'cuda_max_allocated_mb': 566}
{'event': 'train_progress', 'epoch': 1, 'batch': 200, 'batches': 255, 'time_group': 200, 'time_groups': 255, 'history_edges': 15787, 'pos_edges': 53, 'neg_edges': 53, 'loss_recent': 4.988187181949615, 'elapsed_sec': 55.86352441832423, 'avg_sec_per_batch': 0.27931762209162114, 'cuda_allocated_mb': 90, 'cuda_reserved_mb': 552, 'cuda_max_allocated_mb': 566}
{'event': 'train_time_group', 'epoch': 1, 'time_group': 255, 'time_groups': 255, 'batch': 254, 'batches': 255, 'time_value': 1410480000.0, 'group_batches': 1, 'history_edges': 19896, 'elapsed_sec': 69.32103241607547, 'cuda_allocated_mb': 86, 'cuda_reserved_mb': 652, 'cuda_max_allocated_mb': 566}
{'event': 'train_progress', 'epoch': 1, 'batch': 255, 'batches': 255, 'time_group': 255, 'time_groups': 255, 'history_edges': 19896, 'pos_edges': 104, 'neg_edges': 104, 'loss_recent': 4.672517436742782, 'elapsed_sec': 69.61655381321907, 'avg_sec_per_batch': 0.27300609338517284, 'cuda_allocated_mb': 92, 'cuda_reserved_mb': 652, 'cuda_max_allocated_mb': 566}
{'event': 'validation_start', 'epoch': 1}
{'event': 'validation_ranking_start', 'epoch': 1, 'max_edges': 10}
{'event': 'epoch_end', 'epoch': 1, 'early_stop_metric': 'val_composite', 'val_score': 0.4708126341782534, 'val_auc': 0.8476898193359375, 'val_ap': 0.7165462257490743, 'val_ndcg': 0.9428625170789082, 'val_mrr': 0.2733199152824091, 'val_hits@1': 0.15, 'val_hits@10': 0.45, 'val_hits@50': 0.6, 'val_hits@100': 0.6, 'elapsed_sec': 83.4698472134769}
{'candidate': 'global_relpop_frozen_epsilon_probe_h96_r12_a12_p4x4_l1_neg1_lr0p001_hp4_relpopfix48_sr0p001_sa0p001_rl0p001_m0_bpr', 'seed': 1, 'composite': nan, 'val_auc': 0.8476898193359375, 'val_ap': 0.7165462257490743, 'val_ndcg': 0.9428625170789082, 'val_mrr': 0.2733199152824091, 'val_hits@1': 0.15, 'val_hits@10': 0.45, 'val_hits@50': 0.6, 'val_hits@100': 0.6, 'train_loss': 5.0565326405506505, 'train_lp': 0.533123458366768, 'train_align': 858.8498600978477, 'train_kl': 2244.6874703201593, 'train_ood_reg': 0.23193827551953933, 'train_meta': 0.5361547843498342, 'train_struct_aux': 1.7785031416836907, 'train_weighted_align': 4.2942492209228815, 'train_weighted_kl': 0.22446874102541045, 'train_weighted_ood_reg': 0.0002319382865999953, 'train_weighted_meta': 0.0026807738623271385, 'train_weighted_struct_aux': 0.0017785032266093527, 'train_rank': 0.2324284313502265, 'train_weighted_rank': 0.00023242844298354112}
{'event': 'candidate_summary', 'candidate': 'global_relpop_frozen_epsilon_probe_h96_r12_a12_p4x4_l1_neg1_lr0p001_hp4_relpopfix48_sr0p001_sa0p001_rl0p001_m0_bpr', 'score': 0.4708126341782534, 'passes_metric_minima': True, 'means': {'val_auc': 0.8476898193359375, 'val_ap': 0.7165462257490743, 'val_mrr': 0.2733199152824091, 'val_hits@10': 0.45, 'val_ndcg': 0.9428625170789082}, 'seeds_completed': 1}
{'event': 'candidate_seed_start', 'candidate': 'global_relpop_frozen_epsilon_probe_h96_r12_a12_p4x4_l1_neg1_lr0p001_hp4_relpopfix48_sr0p01_sa0p001_rl0p001_m0_bpr', 'seed': 1, 'device': 'cuda', 'node_text_device': 'cuda:0'}
{'event': 'train_seed_start', 'seed': 1, 'train_edges': 20000, 'val_edges': 14592, 'test_edges': 14378, 'num_nodes': 7128, 'num_relations': 230}
{'event': 'train_seed_tensors_ready', 'seed': 1, 'elapsed_sec': 0.0638033077120781, 'cuda_allocated_mb': 37, 'cuda_reserved_mb': 64, 'cuda_max_allocated_mb': 566}
{'event': 'train_known_facts_ready', 'seed': 1, 'scope': 'train', 'edges': 20000, 'elapsed_sec': 0.06707201525568962}
{'event': 'train_known_facts_ready', 'seed': 1, 'scope': 'train_val', 'edges': 34592, 'elapsed_sec': 0.07152577117085457}
{'event': 'train_sampler_ready', 'seed': 1, 'elapsed_sec': 0.11963244900107384}
{'event': 'val_sampler_ready', 'seed': 1, 'elapsed_sec': 0.1723816879093647}
{'event': 'epoch_start', 'epoch': 1, 'epochs': 1, 'batches': 255, 'time_groups': 255}
{'event': 'train_time_group', 'epoch': 1, 'time_group': 1, 'time_groups': 255, 'batch': 0, 'batches': 255, 'time_value': 1388534400.0, 'group_batches': 1, 'history_edges': 0, 'elapsed_sec': 0.01281815767288208, 'cuda_allocated_mb': 38, 'cuda_reserved_mb': 64, 'cuda_max_allocated_mb': 566}
{'event': 'train_progress', 'epoch': 1, 'batch': 1, 'batches': 255, 'time_group': 1, 'time_groups': 255, 'history_edges': 0, 'pos_edges': 37, 'neg_edges': 37, 'loss_recent': 3.0951006412506104, 'elapsed_sec': 0.26166148856282234, 'avg_sec_per_batch': 0.26166148856282234, 'cuda_allocated_mb': 87, 'cuda_reserved_mb': 162, 'cuda_max_allocated_mb': 566}
{'event': 'train_progress', 'epoch': 1, 'batch': 100, 'batches': 255, 'time_group': 100, 'time_groups': 255, 'history_edges': 7713, 'pos_edges': 83, 'neg_edges': 83, 'loss_recent': 5.462034819126129, 'elapsed_sec': 30.394375894218683, 'avg_sec_per_batch': 0.30394375894218684, 'cuda_allocated_mb': 91, 'cuda_reserved_mb': 412, 'cuda_max_allocated_mb': 566}
{'event': 'train_progress', 'epoch': 1, 'batch': 200, 'batches': 255, 'time_group': 200, 'time_groups': 255, 'history_edges': 15787, 'pos_edges': 53, 'neg_edges': 53, 'loss_recent': 4.989719684123993, 'elapsed_sec': 55.578705705702305, 'avg_sec_per_batch': 0.2778935285285115, 'cuda_allocated_mb': 90, 'cuda_reserved_mb': 552, 'cuda_max_allocated_mb': 566}
{'event': 'train_time_group', 'epoch': 1, 'time_group': 255, 'time_groups': 255, 'batch': 254, 'batches': 255, 'time_value': 1410480000.0, 'group_batches': 1, 'history_edges': 19896, 'elapsed_sec': 73.25204911828041, 'cuda_allocated_mb': 86, 'cuda_reserved_mb': 652, 'cuda_max_allocated_mb': 566}
{'event': 'train_progress', 'epoch': 1, 'batch': 255, 'batches': 255, 'time_group': 255, 'time_groups': 255, 'history_edges': 19896, 'pos_edges': 104, 'neg_edges': 104, 'loss_recent': 4.675212327241898, 'elapsed_sec': 73.66018557175994, 'avg_sec_per_batch': 0.2888634728304311, 'cuda_allocated_mb': 92, 'cuda_reserved_mb': 652, 'cuda_max_allocated_mb': 566}
{'event': 'validation_start', 'epoch': 1}
{'event': 'validation_ranking_start', 'epoch': 1, 'max_edges': 10}
{'event': 'epoch_end', 'epoch': 1, 'early_stop_metric': 'val_composite', 'val_score': 0.470839509538122, 'val_auc': 0.848028564453125, 'val_ap': 0.7172374658663176, 'val_ndcg': 0.9430337256515406, 'val_mrr': 0.27309817774072803, 'val_hits@1': 0.15, 'val_hits@10': 0.45, 'val_hits@50': 0.6, 'val_hits@100': 0.6, 'elapsed_sec': 89.56179884076118}
{'candidate': 'global_relpop_frozen_epsilon_probe_h96_r12_a12_p4x4_l1_neg1_lr0p001_hp4_relpopfix48_sr0p01_sa0p001_rl0p001_m0_bpr', 'seed': 1, 'composite': nan, 'val_auc': 0.848028564453125, 'val_ap': 0.7172374658663176, 'val_ndcg': 0.9430337256515406, 'val_mrr': 0.27309817774072803, 'val_hits@1': 0.15, 'val_hits@10': 0.45, 'val_hits@50': 0.6, 'val_hits@100': 0.6, 'train_loss': 5.05784326394399, 'train_lp': 0.5344007757364535, 'train_align': 858.9230791877297, 'train_kl': 2244.5818163105087, 'train_ood_reg': 0.23196552904213177, 'train_meta': 0.5375454399515601, 'train_struct_aux': 1.4493175791759116, 'train_weighted_align': 4.294615293951596, 'train_weighted_kl': 0.2244581758683803, 'train_weighted_ood_reg': 0.00023196554016869733, 'train_weighted_meta': 0.0026877271335608525, 'train_weighted_struct_aux': 0.001449317649445113, 'train_rank': 0.231649569115218, 'train_weighted_rank': 0.0002316495804538421}
{'event': 'candidate_summary', 'candidate': 'global_relpop_frozen_epsilon_probe_h96_r12_a12_p4x4_l1_neg1_lr0p001_hp4_relpopfix48_sr0p01_sa0p001_rl0p001_m0_bpr', 'score': 0.470839509538122, 'passes_metric_minima': True, 'means': {'val_auc': 0.848028564453125, 'val_ap': 0.7172374658663176, 'val_mrr': 0.27309817774072803, 'val_hits@10': 0.45, 'val_ndcg': 0.9430337256515406}, 'seeds_completed': 1}
{'event': 'candidate_seed_start', 'candidate': 'global_relpop_frozen_epsilon_probe_h96_r12_a12_p4x4_l1_neg1_lr0p001_hp4_relpopfix48_sr0p05_sa0p001_rl0p001_m0_bpr', 'seed': 1, 'device': 'cuda', 'node_text_device': 'cuda:0'}
{'event': 'train_seed_start', 'seed': 1, 'train_edges': 20000, 'val_edges': 14592, 'test_edges': 14378, 'num_nodes': 7128, 'num_relations': 230}
{'event': 'train_seed_tensors_ready', 'seed': 1, 'elapsed_sec': 0.016541756689548492, 'cuda_allocated_mb': 37, 'cuda_reserved_mb': 64, 'cuda_max_allocated_mb': 566}
{'event': 'train_known_facts_ready', 'seed': 1, 'scope': 'train', 'edges': 20000, 'elapsed_sec': 0.019738465547561646}
{'event': 'train_known_facts_ready', 'seed': 1, 'scope': 'train_val', 'edges': 34592, 'elapsed_sec': 0.02375026047229767}
{'event': 'train_sampler_ready', 'seed': 1, 'elapsed_sec': 0.07169244810938835}
{'event': 'val_sampler_ready', 'seed': 1, 'elapsed_sec': 0.11900334432721138}
{'event': 'epoch_start', 'epoch': 1, 'epochs': 1, 'batches': 255, 'time_groups': 255}
{'event': 'train_time_group', 'epoch': 1, 'time_group': 1, 'time_groups': 255, 'batch': 0, 'batches': 255, 'time_value': 1388534400.0, 'group_batches': 1, 'history_edges': 0, 'elapsed_sec': 0.016529005020856857, 'cuda_allocated_mb': 38, 'cuda_reserved_mb': 64, 'cuda_max_allocated_mb': 566}
{'event': 'train_progress', 'epoch': 1, 'batch': 1, 'batches': 255, 'time_group': 1, 'time_groups': 255, 'history_edges': 0, 'pos_edges': 37, 'neg_edges': 37, 'loss_recent': 3.095428466796875, 'elapsed_sec': 0.2666872441768646, 'avg_sec_per_batch': 0.2666872441768646, 'cuda_allocated_mb': 87, 'cuda_reserved_mb': 162, 'cuda_max_allocated_mb': 566}
{'event': 'train_progress', 'epoch': 1, 'batch': 100, 'batches': 255, 'time_group': 100, 'time_groups': 255, 'history_edges': 7713, 'pos_edges': 83, 'neg_edges': 83, 'loss_recent': 5.460881659984588, 'elapsed_sec': 24.297198433429003, 'avg_sec_per_batch': 0.24297198433429001, 'cuda_allocated_mb': 91, 'cuda_reserved_mb': 412, 'cuda_max_allocated_mb': 566}
{'event': 'train_progress', 'epoch': 1, 'batch': 200, 'batches': 255, 'time_group': 200, 'time_groups': 255, 'history_edges': 15787, 'pos_edges': 53, 'neg_edges': 53, 'loss_recent': 4.9894730401039125, 'elapsed_sec': 49.91475346684456, 'avg_sec_per_batch': 0.2495737673342228, 'cuda_allocated_mb': 90, 'cuda_reserved_mb': 552, 'cuda_max_allocated_mb': 566}
{'event': 'train_time_group', 'epoch': 1, 'time_group': 255, 'time_groups': 255, 'batch': 254, 'batches': 255, 'time_value': 1410480000.0, 'group_batches': 1, 'history_edges': 19896, 'elapsed_sec': 68.71903505548835, 'cuda_allocated_mb': 86, 'cuda_reserved_mb': 652, 'cuda_max_allocated_mb': 566}
{'event': 'train_progress', 'epoch': 1, 'batch': 255, 'batches': 255, 'time_group': 255, 'time_groups': 255, 'history_edges': 19896, 'pos_edges': 104, 'neg_edges': 104, 'loss_recent': 4.674216848611832, 'elapsed_sec': 69.24673028290272, 'avg_sec_per_batch': 0.271555805030991, 'cuda_allocated_mb': 92, 'cuda_reserved_mb': 652, 'cuda_max_allocated_mb': 566}
{'event': 'validation_start', 'epoch': 1}
{'event': 'validation_ranking_start', 'epoch': 1, 'max_edges': 10}
{'event': 'epoch_end', 'epoch': 1, 'early_stop_metric': 'val_composite', 'val_score': 0.47208998424624493, 'val_auc': 0.8494354248046875, 'val_ap': 0.7208802703224005, 'val_ndcg': 0.9438416470593339, 'val_mrr': 0.27420401550343415, 'val_hits@1': 0.15, 'val_hits@10': 0.45, 'val_hits@50': 0.6, 'val_hits@100': 0.65, 'elapsed_sec': 84.60196630656719}
{'candidate': 'global_relpop_frozen_epsilon_probe_h96_r12_a12_p4x4_l1_neg1_lr0p001_hp4_relpopfix48_sr0p05_sa0p001_rl0p001_m0_bpr', 'seed': 1, 'composite': nan, 'val_auc': 0.8494354248046875, 'val_ap': 0.7208802703224005, 'val_ndcg': 0.9438416470593339, 'val_mrr': 0.27420401550343415, 'val_hits@1': 0.15, 'val_hits@10': 0.45, 'val_hits@50': 0.6, 'val_hits@100': 0.65, 'train_loss': 5.057055537373412, 'train_lp': 0.5333026822875527, 'train_align': 858.8775758032705, 'train_kl': 2245.102650122549, 'train_ood_reg': 0.23186201254526775, 'train_meta': 0.5361841861523834, 'train_struct_aux': 1.942024136992062, 'train_weighted_align': 4.294387787463618, 'train_weighted_kl': 0.22451025966335744, 'train_weighted_ood_reg': 0.00023186202406399317, 'train_weighted_meta': 0.00268092087707391, 'train_weighted_struct_aux': 0.0019420242331940315, 'train_rank': 0.2334077240059189, 'train_weighted_rank': 0.00023340773471978074}
{'event': 'candidate_summary', 'candidate': 'global_relpop_frozen_epsilon_probe_h96_r12_a12_p4x4_l1_neg1_lr0p001_hp4_relpopfix48_sr0p05_sa0p001_rl0p001_m0_bpr', 'score': 0.47208998424624493, 'passes_metric_minima': True, 'means': {'val_auc': 0.8494354248046875, 'val_ap': 0.7208802703224005, 'val_mrr': 0.27420401550343415, 'val_hits@10': 0.45, 'val_ndcg': 0.9438416470593339}, 'seeds_completed': 1}
{'event': 'candidate_seed_start', 'candidate': 'global_relpop_frozen_epsilon_probe_h96_r12_a12_p4x4_l1_neg1_lr0p001_hp4_relpopfix48_sr0p001_sa0p001_rl0p005_m0_bpr', 'seed': 1, 'device': 'cuda', 'node_text_device': 'cuda:0'}
{'event': 'train_seed_start', 'seed': 1, 'train_edges': 20000, 'val_edges': 14592, 'test_edges': 14378, 'num_nodes': 7128, 'num_relations': 230}
{'event': 'train_seed_tensors_ready', 'seed': 1, 'elapsed_sec': 0.007716760039329529, 'cuda_allocated_mb': 37, 'cuda_reserved_mb': 64, 'cuda_max_allocated_mb': 566}
{'event': 'train_known_facts_ready', 'seed': 1, 'scope': 'train', 'edges': 20000, 'elapsed_sec': 0.011012628674507141}
{'event': 'train_known_facts_ready', 'seed': 1, 'scope': 'train_val', 'edges': 34592, 'elapsed_sec': 0.01563660427927971}
{'event': 'train_sampler_ready', 'seed': 1, 'elapsed_sec': 0.06292571127414703}
{'event': 'val_sampler_ready', 'seed': 1, 'elapsed_sec': 0.1145215593278408}
{'event': 'epoch_start', 'epoch': 1, 'epochs': 1, 'batches': 255, 'time_groups': 255}
{'event': 'train_time_group', 'epoch': 1, 'time_group': 1, 'time_groups': 255, 'batch': 0, 'batches': 255, 'time_value': 1388534400.0, 'group_batches': 1, 'history_edges': 0, 'elapsed_sec': 0.01392858475446701, 'cuda_allocated_mb': 38, 'cuda_reserved_mb': 64, 'cuda_max_allocated_mb': 566}
{'event': 'train_progress', 'epoch': 1, 'batch': 1, 'batches': 255, 'time_group': 1, 'time_groups': 255, 'history_edges': 0, 'pos_edges': 37, 'neg_edges': 37, 'loss_recent': 3.0950398445129395, 'elapsed_sec': 0.1930311620235443, 'avg_sec_per_batch': 0.1930311620235443, 'cuda_allocated_mb': 87, 'cuda_reserved_mb': 162, 'cuda_max_allocated_mb': 566}
{'event': 'train_progress', 'epoch': 1, 'batch': 100, 'batches': 255, 'time_group': 100, 'time_groups': 255, 'history_edges': 7713, 'pos_edges': 83, 'neg_edges': 83, 'loss_recent': 5.462025039196014, 'elapsed_sec': 23.88019409403205, 'avg_sec_per_batch': 0.23880194094032048, 'cuda_allocated_mb': 91, 'cuda_reserved_mb': 412, 'cuda_max_allocated_mb': 566}
{'event': 'train_progress', 'epoch': 1, 'batch': 200, 'batches': 255, 'time_group': 200, 'time_groups': 255, 'history_edges': 15787, 'pos_edges': 53, 'neg_edges': 53, 'loss_recent': 4.98836347579956, 'elapsed_sec': 54.18793595954776, 'avg_sec_per_batch': 0.2709396797977388, 'cuda_allocated_mb': 90, 'cuda_reserved_mb': 552, 'cuda_max_allocated_mb': 566}
{'event': 'train_time_group', 'epoch': 1, 'time_group': 255, 'time_groups': 255, 'batch': 254, 'batches': 255, 'time_value': 1410480000.0, 'group_batches': 1, 'history_edges': 19896, 'elapsed_sec': 73.95387870445848, 'cuda_allocated_mb': 86, 'cuda_reserved_mb': 652, 'cuda_max_allocated_mb': 566}
{'event': 'train_progress', 'epoch': 1, 'batch': 255, 'batches': 255, 'time_group': 255, 'time_groups': 255, 'history_edges': 19896, 'pos_edges': 104, 'neg_edges': 104, 'loss_recent': 4.672645167112351, 'elapsed_sec': 74.38572085276246, 'avg_sec_per_batch': 0.2917087092265195, 'cuda_allocated_mb': 92, 'cuda_reserved_mb': 652, 'cuda_max_allocated_mb': 566}
{'event': 'validation_start', 'epoch': 1}
{'event': 'validation_ranking_start', 'epoch': 1, 'max_edges': 10}
{'event': 'epoch_end', 'epoch': 1, 'early_stop_metric': 'val_composite', 'val_score': 0.47040652200814015, 'val_auc': 0.8476135253906251, 'val_ap': 0.7160985970968967, 'val_ndcg': 0.9427687618281763, 'val_mrr': 0.2726683599825135, 'val_hits@1': 0.15, 'val_hits@10': 0.45, 'val_hits@50': 0.6, 'val_hits@100': 0.6, 'elapsed_sec': 89.58024736493826}
{'candidate': 'global_relpop_frozen_epsilon_probe_h96_r12_a12_p4x4_l1_neg1_lr0p001_hp4_relpopfix48_sr0p001_sa0p001_rl0p005_m0_bpr', 'seed': 1, 'composite': nan, 'val_auc': 0.8476135253906251, 'val_ap': 0.7160985970968967, 'val_ndcg': 0.9427687618281763, 'val_mrr': 0.2726683599825135, 'val_hits@1': 0.15, 'val_hits@10': 0.45, 'val_hits@50': 0.6, 'val_hits@100': 0.6, 'train_loss': 5.056633073675866, 'train_lp': 0.5331805829908334, 'train_align': 858.8588424383425, 'train_kl': 2244.70103448606, 'train_ood_reg': 0.23193138487198772, 'train_meta': 0.5362500845217237, 'train_struct_aux': 1.7751101211005567, 'train_weighted_align': 4.294294114206352, 'train_weighted_kl': 0.22447009802448983, 'train_weighted_ood_reg': 0.00023193139584013717, 'train_weighted_meta': 0.0026812503586851936, 'train_weighted_struct_aux': 0.0017751102064115305, 'train_rank': 0.2323176098658758, 'train_weighted_rank': 0.0011615880204058782}
{'event': 'candidate_summary', 'candidate': 'global_relpop_frozen_epsilon_probe_h96_r12_a12_p4x4_l1_neg1_lr0p001_hp4_relpopfix48_sr0p001_sa0p001_rl0p005_m0_bpr', 'score': 0.47040652200814015, 'passes_metric_minima': True, 'means': {'val_auc': 0.8476135253906251, 'val_ap': 0.7160985970968967, 'val_mrr': 0.2726683599825135, 'val_hits@10': 0.45, 'val_ndcg': 0.9427687618281763}, 'seeds_completed': 1}
{'event': 'candidate_seed_start', 'candidate': 'global_relpop_frozen_epsilon_probe_h96_r12_a12_p4x4_l1_neg1_lr0p001_hp4_relpopfix48_sr0p01_sa0p001_rl0p005_m0_bpr', 'seed': 1, 'device': 'cuda', 'node_text_device': 'cuda:0'}
{'event': 'train_seed_start', 'seed': 1, 'train_edges': 20000, 'val_edges': 14592, 'test_edges': 14378, 'num_nodes': 7128, 'num_relations': 230}
{'event': 'train_seed_tensors_ready', 'seed': 1, 'elapsed_sec': 0.011606663465499878, 'cuda_allocated_mb': 37, 'cuda_reserved_mb': 64, 'cuda_max_allocated_mb': 566}
{'event': 'train_known_facts_ready', 'seed': 1, 'scope': 'train', 'edges': 20000, 'elapsed_sec': 0.014846708625555038}
{'event': 'train_known_facts_ready', 'seed': 1, 'scope': 'train_val', 'edges': 34592, 'elapsed_sec': 0.018833011388778687}
{'event': 'train_sampler_ready', 'seed': 1, 'elapsed_sec': 0.07229884341359138}
{'event': 'val_sampler_ready', 'seed': 1, 'elapsed_sec': 0.1193377859890461}
{'event': 'epoch_start', 'epoch': 1, 'epochs': 1, 'batches': 255, 'time_groups': 255}
{'event': 'train_time_group', 'epoch': 1, 'time_group': 1, 'time_groups': 255, 'batch': 0, 'batches': 255, 'time_value': 1388534400.0, 'group_batches': 1, 'history_edges': 0, 'elapsed_sec': 0.016749192029237747, 'cuda_allocated_mb': 38, 'cuda_reserved_mb': 64, 'cuda_max_allocated_mb': 566}
{'event': 'train_progress', 'epoch': 1, 'batch': 1, 'batches': 255, 'time_group': 1, 'time_groups': 255, 'history_edges': 0, 'pos_edges': 37, 'neg_edges': 37, 'loss_recent': 3.0951006412506104, 'elapsed_sec': 0.18607951700687408, 'avg_sec_per_batch': 0.18607951700687408, 'cuda_allocated_mb': 87, 'cuda_reserved_mb': 162, 'cuda_max_allocated_mb': 566}
{'event': 'train_progress', 'epoch': 1, 'batch': 100, 'batches': 255, 'time_group': 100, 'time_groups': 255, 'history_edges': 7713, 'pos_edges': 83, 'neg_edges': 83, 'loss_recent': 5.462096493244172, 'elapsed_sec': 24.394165959209204, 'avg_sec_per_batch': 0.24394165959209205, 'cuda_allocated_mb': 91, 'cuda_reserved_mb': 412, 'cuda_max_allocated_mb': 566}
{'event': 'train_progress', 'epoch': 1, 'batch': 200, 'batches': 255, 'time_group': 200, 'time_groups': 255, 'history_edges': 15787, 'pos_edges': 53, 'neg_edges': 53, 'loss_recent': 4.9898037385940555, 'elapsed_sec': 56.4856124073267, 'avg_sec_per_batch': 0.2824280620366335, 'cuda_allocated_mb': 90, 'cuda_reserved_mb': 552, 'cuda_max_allocated_mb': 566}
{'event': 'train_time_group', 'epoch': 1, 'time_group': 255, 'time_groups': 255, 'batch': 254, 'batches': 255, 'time_value': 1410480000.0, 'group_batches': 1, 'history_edges': 19896, 'elapsed_sec': 77.97921847179532, 'cuda_allocated_mb': 86, 'cuda_reserved_mb': 652, 'cuda_max_allocated_mb': 566}
{'event': 'train_progress', 'epoch': 1, 'batch': 255, 'batches': 255, 'time_group': 255, 'time_groups': 255, 'history_edges': 19896, 'pos_edges': 104, 'neg_edges': 104, 'loss_recent': 4.675287498235702, 'elapsed_sec': 78.43003109097481, 'avg_sec_per_batch': 0.3075687493763718, 'cuda_allocated_mb': 92, 'cuda_reserved_mb': 652, 'cuda_max_allocated_mb': 566}
{'event': 'validation_start', 'epoch': 1}
{'event': 'validation_ranking_start', 'epoch': 1, 'max_edges': 10}
{'event': 'epoch_end', 'epoch': 1, 'early_stop_metric': 'val_composite', 'val_score': 0.47083122029683855, 'val_auc': 0.8482635498046875, 'val_ap': 0.7176290048893441, 'val_ndcg': 0.9431236976608207, 'val_mrr': 0.2729226446142409, 'val_hits@1': 0.15, 'val_hits@10': 0.45, 'val_hits@50': 0.6, 'val_hits@100': 0.6, 'elapsed_sec': 92.46404988318682}
{'candidate': 'global_relpop_frozen_epsilon_probe_h96_r12_a12_p4x4_l1_neg1_lr0p001_hp4_relpopfix48_sr0p01_sa0p001_rl0p005_m0_bpr', 'seed': 1, 'composite': nan, 'val_auc': 0.8482635498046875, 'val_ap': 0.7176290048893441, 'val_ndcg': 0.9431236976608207, 'val_mrr': 0.2729226446142409, 'val_hits@1': 0.15, 'val_hits@10': 0.45, 'val_hits@50': 0.6, 'val_hits@100': 0.6, 'train_loss': 5.057911694751066, 'train_lp': 0.5344467264764449, 'train_align': 858.9290895948224, 'train_kl': 2244.5721777822455, 'train_ood_reg': 0.2319575848532658, 'train_meta': 0.537520170971459, 'train_struct_aux': 1.4428499154016083, 'train_weighted_align': 4.294645352457084, 'train_weighted_kl': 0.22445721170481514, 'train_weighted_ood_reg': 0.00023195759567897766, 'train_weighted_meta': 0.0026876007964578915, 'train_weighted_struct_aux': 0.0014428499821281316, 'train_rank': 0.23154577573432641, 'train_weighted_rank': 0.001157728850033463}
{'event': 'candidate_summary', 'candidate': 'global_relpop_frozen_epsilon_probe_h96_r12_a12_p4x4_l1_neg1_lr0p001_hp4_relpopfix48_sr0p01_sa0p001_rl0p005_m0_bpr', 'score': 0.47083122029683855, 'passes_metric_minima': True, 'means': {'val_auc': 0.8482635498046875, 'val_ap': 0.7176290048893441, 'val_mrr': 0.2729226446142409, 'val_hits@10': 0.45, 'val_ndcg': 0.9431236976608207}, 'seeds_completed': 1}
{'event': 'candidate_seed_start', 'candidate': 'global_relpop_frozen_epsilon_probe_h96_r12_a12_p4x4_l1_neg1_lr0p001_hp4_relpopfix48_sr0p05_sa0p001_rl0p005_m0_bpr', 'seed': 1, 'device': 'cuda', 'node_text_device': 'cuda:0'}
{'event': 'train_seed_start', 'seed': 1, 'train_edges': 20000, 'val_edges': 14592, 'test_edges': 14378, 'num_nodes': 7128, 'num_relations': 230}
{'event': 'train_seed_tensors_ready', 'seed': 1, 'elapsed_sec': 0.007724780589342117, 'cuda_allocated_mb': 37, 'cuda_reserved_mb': 64, 'cuda_max_allocated_mb': 566}
{'event': 'train_known_facts_ready', 'seed': 1, 'scope': 'train', 'edges': 20000, 'elapsed_sec': 0.010880518704652786}
{'event': 'train_known_facts_ready', 'seed': 1, 'scope': 'train_val', 'edges': 34592, 'elapsed_sec': 0.015004493296146393}
{'event': 'train_sampler_ready', 'seed': 1, 'elapsed_sec': 0.06573928147554398}
{'event': 'val_sampler_ready', 'seed': 1, 'elapsed_sec': 0.11475692316889763}
{'event': 'epoch_start', 'epoch': 1, 'epochs': 1, 'batches': 255, 'time_groups': 255}
{'event': 'train_time_group', 'epoch': 1, 'time_group': 1, 'time_groups': 255, 'batch': 0, 'batches': 255, 'time_value': 1388534400.0, 'group_batches': 1, 'history_edges': 0, 'elapsed_sec': 0.014577817171812057, 'cuda_allocated_mb': 38, 'cuda_reserved_mb': 64, 'cuda_max_allocated_mb': 566}
{'event': 'train_progress', 'epoch': 1, 'batch': 1, 'batches': 255, 'time_group': 1, 'time_groups': 255, 'history_edges': 0, 'pos_edges': 37, 'neg_edges': 37, 'loss_recent': 3.095428466796875, 'elapsed_sec': 0.25977030768990517, 'avg_sec_per_batch': 0.25977030768990517, 'cuda_allocated_mb': 87, 'cuda_reserved_mb': 162, 'cuda_max_allocated_mb': 566}
{'event': 'train_progress', 'epoch': 1, 'batch': 100, 'batches': 255, 'time_group': 100, 'time_groups': 255, 'history_edges': 7713, 'pos_edges': 83, 'neg_edges': 83, 'loss_recent': 5.460914032459259, 'elapsed_sec': 27.64447135105729, 'avg_sec_per_batch': 0.2764447135105729, 'cuda_allocated_mb': 91, 'cuda_reserved_mb': 412, 'cuda_max_allocated_mb': 566}
{'event': 'train_progress', 'epoch': 1, 'batch': 200, 'batches': 255, 'time_group': 200, 'time_groups': 255, 'history_edges': 15787, 'pos_edges': 53, 'neg_edges': 53, 'loss_recent': 4.989556889533997, 'elapsed_sec': 63.76618967577815, 'avg_sec_per_batch': 0.31883094837889076, 'cuda_allocated_mb': 90, 'cuda_reserved_mb': 552, 'cuda_max_allocated_mb': 566}
{'event': 'train_time_group', 'epoch': 1, 'time_group': 255, 'time_groups': 255, 'batch': 254, 'batches': 255, 'time_value': 1410480000.0, 'group_batches': 1, 'history_edges': 19896, 'elapsed_sec': 79.78912450745702, 'cuda_allocated_mb': 86, 'cuda_reserved_mb': 652, 'cuda_max_allocated_mb': 566}
{'event': 'train_progress', 'epoch': 1, 'batch': 255, 'batches': 255, 'time_group': 255, 'time_groups': 255, 'history_edges': 19896, 'pos_edges': 104, 'neg_edges': 104, 'loss_recent': 4.674196035861969, 'elapsed_sec': 80.11724999919534, 'avg_sec_per_batch': 0.31418529411449153, 'cuda_allocated_mb': 92, 'cuda_reserved_mb': 652, 'cuda_max_allocated_mb': 566}
{'event': 'validation_start', 'epoch': 1}
{'event': 'validation_ranking_start', 'epoch': 1, 'max_edges': 10}
{'event': 'epoch_end', 'epoch': 1, 'early_stop_metric': 'val_composite', 'val_score': 0.47204346462476615, 'val_auc': 0.8490051269531249, 'val_ap': 0.7207522314739986, 'val_ndcg': 0.9437899920162885, 'val_mrr': 0.2742027487087625, 'val_hits@1': 0.15, 'val_hits@10': 0.45, 'val_hits@50': 0.6, 'val_hits@100': 0.6, 'elapsed_sec': 92.94964213296771}
{'candidate': 'global_relpop_frozen_epsilon_probe_h96_r12_a12_p4x4_l1_neg1_lr0p001_hp4_relpopfix48_sr0p05_sa0p001_rl0p005_m0_bpr', 'seed': 1, 'composite': nan, 'val_auc': 0.8490051269531249, 'val_ap': 0.7207522314739986, 'val_ndcg': 0.9437899920162885, 'val_mrr': 0.2742027487087625, 'val_hits@1': 0.15, 'val_hits@10': 0.45, 'val_hits@50': 0.6, 'val_hits@100': 0.6, 'train_loss': 5.057086269528258, 'train_lp': 0.5333425928564632, 'train_align': 858.8691375134038, 'train_kl': 2245.483183258655, 'train_ood_reg': 0.23186052435753393, 'train_meta': 0.5363351884425855, 'train_struct_aux': 1.9362185496909945, 'train_weighted_align': 4.294345604204664, 'train_weighted_kl': 0.2245483127586982, 'train_weighted_ood_reg': 0.00023186053508920048, 'train_weighted_meta': 0.0026816758785999434, 'train_weighted_struct_aux': 0.0019362186437801403, 'train_rank': 0.2333494774558965, 'train_weighted_rank': 0.0011667473607482022}
{'event': 'candidate_summary', 'candidate': 'global_relpop_frozen_epsilon_probe_h96_r12_a12_p4x4_l1_neg1_lr0p001_hp4_relpopfix48_sr0p05_sa0p001_rl0p005_m0_bpr', 'score': 0.47204346462476615, 'passes_metric_minima': True, 'means': {'val_auc': 0.8490051269531249, 'val_ap': 0.7207522314739986, 'val_mrr': 0.2742027487087625, 'val_hits@10': 0.45, 'val_ndcg': 0.9437899920162885}, 'seeds_completed': 1}
