runtime_device=cuda
cuda_device=Tesla V100-PCIE-32GB
{'event': 'candidate_seed_start', 'candidate': 'global_relpop_frozen_enhanced_probe_h96_r12_a12_p4x4_l1_neg1_lr0p001_hp1_relpopfix48_sr0p01_sa0p001_rl0p001_m0_bpr', 'seed': 1, 'device': 'cuda', 'node_text_device': 'cuda:0'}
{'event': 'train_seed_start', 'seed': 1, 'train_edges': 50000, 'val_edges': 162066, 'test_edges': 163172, 'num_nodes': 47433, 'num_relations': 566}
{'event': 'train_seed_tensors_ready', 'seed': 1, 'elapsed_sec': 0.03636855259537697, 'cuda_allocated_mb': 105, 'cuda_reserved_mb': 126, 'cuda_max_allocated_mb': 105}
{'event': 'train_known_facts_ready', 'seed': 1, 'scope': 'train', 'edges': 50000, 'elapsed_sec': 0.041482113301754}
{'event': 'train_known_facts_ready', 'seed': 1, 'scope': 'train_val', 'edges': 212066, 'elapsed_sec': 0.058978371322155}
{'event': 'train_sampler_ready', 'seed': 1, 'elapsed_sec': 0.1811034008860588}
{'event': 'val_sampler_ready', 'seed': 1, 'elapsed_sec': 0.3000354841351509}
{'event': 'epoch_start', 'epoch': 1, 'epochs': 3, 'batches': 156, 'time_groups': 98}
{'event': 'train_time_group', 'epoch': 1, 'time_group': 1, 'time_groups': 98, 'batch': 0, 'batches': 156, 'time_value': 1900.0, 'group_batches': 1, 'history_edges': 0, 'elapsed_sec': 0.28898513317108154, 'cuda_allocated_mb': 107, 'cuda_reserved_mb': 126, 'cuda_max_allocated_mb': 107}
{'event': 'train_progress', 'epoch': 1, 'batch': 1, 'batches': 156, 'time_group': 1, 'time_groups': 98, 'history_edges': 0, 'pos_edges': 252, 'neg_edges': 252, 'loss_recent': 22.97400665283203, 'elapsed_sec': 2.20690755918622, 'avg_sec_per_batch': 2.20690755918622, 'cuda_allocated_mb': 393, 'cuda_reserved_mb': 858, 'cuda_max_allocated_mb': 835}
{'event': 'train_progress', 'epoch': 1, 'batch': 100, 'batches': 156, 'time_group': 70, 'time_groups': 98, 'history_edges': 30867, 'pos_edges': 92, 'neg_edges': 92, 'loss_recent': 27.93377846956253, 'elapsed_sec': 85.1105207465589, 'avg_sec_per_batch': 0.851105207465589, 'cuda_allocated_mb': 466, 'cuda_reserved_mb': 2022, 'cuda_max_allocated_mb': 1926}
{'event': 'train_time_group', 'epoch': 1, 'time_group': 98, 'time_groups': 98, 'batch': 154, 'batches': 156, 'time_value': 1997.0, 'group_batches': 2, 'history_edges': 49206, 'elapsed_sec': 139.55518051981926, 'cuda_allocated_mb': 334, 'cuda_reserved_mb': 2324, 'cuda_max_allocated_mb': 2213}
{'event': 'train_progress', 'epoch': 1, 'batch': 156, 'batches': 156, 'time_group': 98, 'time_groups': 98, 'history_edges': 49206, 'pos_edges': 282, 'neg_edges': 282, 'loss_recent': 29.159796308279038, 'elapsed_sec': 142.1037153042853, 'avg_sec_per_batch': 0.9109212519505467, 'cuda_allocated_mb': 467, 'cuda_reserved_mb': 2326, 'cuda_max_allocated_mb': 2226}
{'event': 'validation_start', 'epoch': 1}
{'event': 'validation_ranking_start', 'epoch': 1, 'max_edges': 30}
{'event': 'epoch_end', 'epoch': 1, 'early_stop_metric': 'val_composite', 'val_score': 0.33230210675351696, 'val_auc': 0.7032649993896485, 'val_ap': 0.38217920518618387, 'val_ndcg': 0.8475628739245349, 'val_mrr': 0.20344471056064015, 'val_hits@1': 0.16666666666666666, 'val_hits@10': 0.26666666666666666, 'val_hits@50': 0.2833333333333333, 'val_hits@100': 0.3, 'elapsed_sec': 368.19328505545855}
{'event': 'epoch_start', 'epoch': 2, 'epochs': 3, 'batches': 156, 'time_groups': 98}
{'event': 'train_time_group', 'epoch': 2, 'time_group': 1, 'time_groups': 98, 'batch': 0, 'batches': 156, 'time_value': 1900.0, 'group_batches': 1, 'history_edges': 0, 'elapsed_sec': 0.4747004732489586, 'cuda_allocated_mb': 334, 'cuda_reserved_mb': 2432, 'cuda_max_allocated_mb': 2226}
{'event': 'train_progress', 'epoch': 2, 'batch': 1, 'batches': 156, 'time_group': 1, 'time_groups': 98, 'history_edges': 0, 'pos_edges': 252, 'neg_edges': 252, 'loss_recent': 22.701562881469727, 'elapsed_sec': 1.05393660441041, 'avg_sec_per_batch': 1.05393660441041, 'cuda_allocated_mb': 395, 'cuda_reserved_mb': 2432, 'cuda_max_allocated_mb': 2226}
{'event': 'train_progress', 'epoch': 2, 'batch': 100, 'batches': 156, 'time_group': 70, 'time_groups': 98, 'history_edges': 30867, 'pos_edges': 92, 'neg_edges': 92, 'loss_recent': 27.46082210600376, 'elapsed_sec': 117.44536321237683, 'avg_sec_per_batch': 1.1744536321237684, 'cuda_allocated_mb': 466, 'cuda_reserved_mb': 2432, 'cuda_max_allocated_mb': 2226}
{'event': 'train_time_group', 'epoch': 2, 'time_group': 98, 'time_groups': 98, 'batch': 154, 'batches': 156, 'time_value': 1997.0, 'group_batches': 2, 'history_edges': 49206, 'elapsed_sec': 189.44409274309874, 'cuda_allocated_mb': 334, 'cuda_reserved_mb': 2432, 'cuda_max_allocated_mb': 2226}
{'event': 'train_progress', 'epoch': 2, 'batch': 156, 'batches': 156, 'time_group': 98, 'time_groups': 98, 'history_edges': 49206, 'pos_edges': 282, 'neg_edges': 282, 'loss_recent': 29.08122277379036, 'elapsed_sec': 191.923309314996, 'avg_sec_per_batch': 1.230277623814077, 'cuda_allocated_mb': 467, 'cuda_reserved_mb': 2432, 'cuda_max_allocated_mb': 2226}
{'event': 'validation_start', 'epoch': 2}
{'event': 'validation_ranking_start', 'epoch': 2, 'max_edges': 30}
{'event': 'epoch_end', 'epoch': 2, 'early_stop_metric': 'val_composite', 'val_score': 0.34145637181810445, 'val_auc': 0.7342819213867188, 'val_ap': 0.4114932124906766, 'val_ndcg': 0.8589421860249183, 'val_mrr': 0.20091481721201707, 'val_hits@1': 0.16666666666666666, 'val_hits@10': 0.2833333333333333, 'val_hits@50': 0.2833333333333333, 'val_hits@100': 0.3, 'elapsed_sec': 446.23084827139974}
{'event': 'epoch_start', 'epoch': 3, 'epochs': 3, 'batches': 156, 'time_groups': 98}
{'event': 'train_time_group', 'epoch': 3, 'time_group': 1, 'time_groups': 98, 'batch': 0, 'batches': 156, 'time_value': 1900.0, 'group_batches': 1, 'history_edges': 0, 'elapsed_sec': 0.43393323943018913, 'cuda_allocated_mb': 334, 'cuda_reserved_mb': 2432, 'cuda_max_allocated_mb': 2226}
{'event': 'train_progress', 'epoch': 3, 'batch': 1, 'batches': 156, 'time_group': 1, 'time_groups': 98, 'history_edges': 0, 'pos_edges': 252, 'neg_edges': 252, 'loss_recent': 22.687782287597656, 'elapsed_sec': 1.5368188507854939, 'avg_sec_per_batch': 1.5368188507854939, 'cuda_allocated_mb': 393, 'cuda_reserved_mb': 2432, 'cuda_max_allocated_mb': 2226}
{'event': 'train_progress', 'epoch': 3, 'batch': 87, 'batches': 156, 'time_group': 64, 'time_groups': 98, 'history_edges': 27191, 'pos_edges': 512, 'neg_edges': 512, 'loss_recent': 27.62759055556922, 'elapsed_sec': 122.9373934827745, 'avg_sec_per_batch': 1.413073488307753, 'cuda_allocated_mb': 462, 'cuda_reserved_mb': 2432, 'cuda_max_allocated_mb': 2226}
{'event': 'train_progress', 'epoch': 3, 'batch': 100, 'batches': 156, 'time_group': 70, 'time_groups': 98, 'history_edges': 30867, 'pos_edges': 92, 'neg_edges': 92, 'loss_recent': 27.466232460141182, 'elapsed_sec': 142.60633046925068, 'avg_sec_per_batch': 1.4260633046925069, 'cuda_allocated_mb': 467, 'cuda_reserved_mb': 2432, 'cuda_max_allocated_mb': 2226}
{'event': 'train_time_group', 'epoch': 3, 'time_group': 98, 'time_groups': 98, 'batch': 154, 'batches': 156, 'time_value': 1997.0, 'group_batches': 2, 'history_edges': 49206, 'elapsed_sec': 239.29655632004142, 'cuda_allocated_mb': 334, 'cuda_reserved_mb': 2432, 'cuda_max_allocated_mb': 2226}
{'event': 'train_progress', 'epoch': 3, 'batch': 156, 'batches': 156, 'time_group': 98, 'time_groups': 98, 'history_edges': 49206, 'pos_edges': 282, 'neg_edges': 282, 'loss_recent': 29.091744031906128, 'elapsed_sec': 242.7174552977085, 'avg_sec_per_batch': 1.5558811237032597, 'cuda_allocated_mb': 467, 'cuda_reserved_mb': 2432, 'cuda_max_allocated_mb': 2226}
{'event': 'validation_start', 'epoch': 3}
{'event': 'validation_ranking_start', 'epoch': 3, 'max_edges': 30}
{'event': 'epoch_end', 'epoch': 3, 'early_stop_metric': 'val_composite', 'val_score': 0.3482315120710786, 'val_auc': 0.731780242919922, 'val_ap': 0.41440687675321103, 'val_ndcg': 0.8596679998370481, 'val_mrr': 0.21369600352345883, 'val_hits@1': 0.18333333333333332, 'val_hits@10': 0.2833333333333333, 'val_hits@50': 0.2833333333333333, 'val_hits@100': 0.3, 'elapsed_sec': 522.2512068115175}
{'candidate': 'global_relpop_frozen_enhanced_probe_h96_r12_a12_p4x4_l1_neg1_lr0p001_hp1_relpopfix48_sr0p01_sa0p001_rl0p001_m0_bpr', 'seed': 1, 'composite': nan, 'val_auc': 0.731780242919922, 'val_ap': 0.41440687675321103, 'val_ndcg': 0.8596679998370481, 'val_mrr': 0.21369600352345883, 'val_hits@1': 0.18333333333333332, 'val_hits@10': 0.2833333333333333, 'val_hits@50': 0.2833333333333333, 'val_hits@100': 0.3, 'train_loss': 28.881869868208202, 'train_lp': 0.4261361049153866, 'train_align': 5689.123572514607, 'train_kl': 59.261326504059326, 'train_ood_reg': 0.2076264722033953, 'train_meta': 0.4195524568741138, 'train_struct_aux': 1.8849928631232336, 'train_weighted_align': 28.445617218191426, 'train_weighted_kl': 0.005926132502025165, 'train_weighted_ood_reg': 0.0002076264817076616, 'train_weighted_meta': 0.002097762241483463, 'train_weighted_struct_aux': 0.0018849929530495922, 'train_rank': 0.24217565277686867, 'train_weighted_rank': 0.00024217566346916824}
{'event': 'candidate_summary', 'candidate': 'global_relpop_frozen_enhanced_probe_h96_r12_a12_p4x4_l1_neg1_lr0p001_hp1_relpopfix48_sr0p01_sa0p001_rl0p001_m0_bpr', 'score': 0.3482315120710786, 'passes_metric_minima': True, 'means': {'val_auc': 0.731780242919922, 'val_ap': 0.41440687675321103, 'val_mrr': 0.21369600352345883, 'val_hits@10': 0.2833333333333333, 'val_ndcg': 0.8596679998370481}, 'seeds_completed': 1}
{'event': 'candidate_seed_start', 'candidate': 'global_relpop_frozen_enhanced_probe_h96_r12_a12_p4x4_l1_neg1_lr0p001_hp1_relpopfix48_sr0p05_sa0p001_rl0p001_m0_bpr', 'seed': 1, 'device': 'cuda', 'node_text_device': 'cuda:0'}
{'event': 'train_seed_start', 'seed': 1, 'train_edges': 50000, 'val_edges': 162066, 'test_edges': 163172, 'num_nodes': 47433, 'num_relations': 566}
{'event': 'train_seed_tensors_ready', 'seed': 1, 'elapsed_sec': 0.042749322950839996, 'cuda_allocated_mb': 122, 'cuda_reserved_mb': 146, 'cuda_max_allocated_mb': 2226}
{'event': 'train_known_facts_ready', 'seed': 1, 'scope': 'train', 'edges': 50000, 'elapsed_sec': 0.04894685372710228}
{'event': 'train_known_facts_ready', 'seed': 1, 'scope': 'train_val', 'edges': 212066, 'elapsed_sec': 0.06964241713285446}
{'event': 'train_sampler_ready', 'seed': 1, 'elapsed_sec': 0.22874744981527328}
{'event': 'val_sampler_ready', 'seed': 1, 'elapsed_sec': 0.3681570254266262}
{'event': 'epoch_start', 'epoch': 1, 'epochs': 3, 'batches': 156, 'time_groups': 98}
{'event': 'train_time_group', 'epoch': 1, 'time_group': 1, 'time_groups': 98, 'batch': 0, 'batches': 156, 'time_value': 1900.0, 'group_batches': 1, 'history_edges': 0, 'elapsed_sec': 0.02340363711118698, 'cuda_allocated_mb': 123, 'cuda_reserved_mb': 146, 'cuda_max_allocated_mb': 2226}
{'event': 'train_progress', 'epoch': 1, 'batch': 1, 'batches': 156, 'time_group': 1, 'time_groups': 98, 'history_edges': 0, 'pos_edges': 252, 'neg_edges': 252, 'loss_recent': 22.97406005859375, 'elapsed_sec': 1.0671511366963387, 'avg_sec_per_batch': 1.0671511366963387, 'cuda_allocated_mb': 393, 'cuda_reserved_mb': 858, 'cuda_max_allocated_mb': 2226}
{'event': 'train_progress', 'epoch': 1, 'batch': 87, 'batches': 156, 'time_group': 64, 'time_groups': 98, 'history_edges': 27191, 'pos_edges': 512, 'neg_edges': 512, 'loss_recent': 28.15705978253792, 'elapsed_sec': 122.0703760869801, 'avg_sec_per_batch': 1.4031077711147137, 'cuda_allocated_mb': 461, 'cuda_reserved_mb': 1942, 'cuda_max_allocated_mb': 2226}
{'event': 'train_progress', 'epoch': 1, 'batch': 100, 'batches': 156, 'time_group': 70, 'time_groups': 98, 'history_edges': 30867, 'pos_edges': 92, 'neg_edges': 92, 'loss_recent': 27.933811376690866, 'elapsed_sec': 136.62352123484015, 'avg_sec_per_batch': 1.3662352123484016, 'cuda_allocated_mb': 466, 'cuda_reserved_mb': 2022, 'cuda_max_allocated_mb': 2226}
{'event': 'train_time_group', 'epoch': 1, 'time_group': 98, 'time_groups': 98, 'batch': 154, 'batches': 156, 'time_value': 1997.0, 'group_batches': 2, 'history_edges': 49206, 'elapsed_sec': 209.359661038965, 'cuda_allocated_mb': 334, 'cuda_reserved_mb': 2304, 'cuda_max_allocated_mb': 2226}
{'event': 'train_progress', 'epoch': 1, 'batch': 156, 'batches': 156, 'time_group': 98, 'time_groups': 98, 'history_edges': 49206, 'pos_edges': 282, 'neg_edges': 282, 'loss_recent': 29.159828951358794, 'elapsed_sec': 212.11928194388747, 'avg_sec_per_batch': 1.3597389868197916, 'cuda_allocated_mb': 467, 'cuda_reserved_mb': 2344, 'cuda_max_allocated_mb': 2226}
{'event': 'validation_start', 'epoch': 1}
{'event': 'validation_ranking_start', 'epoch': 1, 'max_edges': 30}
{'event': 'epoch_end', 'epoch': 1, 'early_stop_metric': 'val_composite', 'val_score': 0.3325541278758464, 'val_auc': 0.7025489807128906, 'val_ap': 0.3839330118262935, 'val_ndcg': 0.8478049698395593, 'val_mrr': 0.20344579349793715, 'val_hits@1': 0.16666666666666666, 'val_hits@10': 0.26666666666666666, 'val_hits@50': 0.2833333333333333, 'val_hits@100': 0.3, 'elapsed_sec': 442.14647651463747}
{'event': 'epoch_start', 'epoch': 2, 'epochs': 3, 'batches': 156, 'time_groups': 98}
{'event': 'train_time_group', 'epoch': 2, 'time_group': 1, 'time_groups': 98, 'batch': 0, 'batches': 156, 'time_value': 1900.0, 'group_batches': 1, 'history_edges': 0, 'elapsed_sec': 0.33689964935183525, 'cuda_allocated_mb': 334, 'cuda_reserved_mb': 2452, 'cuda_max_allocated_mb': 2226}
{'event': 'train_progress', 'epoch': 2, 'batch': 1, 'batches': 156, 'time_group': 1, 'time_groups': 98, 'history_edges': 0, 'pos_edges': 252, 'neg_edges': 252, 'loss_recent': 22.68435287475586, 'elapsed_sec': 1.0798349045217037, 'avg_sec_per_batch': 1.0798349045217037, 'cuda_allocated_mb': 395, 'cuda_reserved_mb': 2452, 'cuda_max_allocated_mb': 2226}
{'event': 'train_progress', 'epoch': 2, 'batch': 100, 'batches': 156, 'time_group': 70, 'time_groups': 98, 'history_edges': 30867, 'pos_edges': 92, 'neg_edges': 92, 'loss_recent': 27.460336792469025, 'elapsed_sec': 105.1556301265955, 'avg_sec_per_batch': 1.051556301265955, 'cuda_allocated_mb': 466, 'cuda_reserved_mb': 2452, 'cuda_max_allocated_mb': 2226}
{'event': 'train_time_group', 'epoch': 2, 'time_group': 98, 'time_groups': 98, 'batch': 154, 'batches': 156, 'time_value': 1997.0, 'group_batches': 2, 'history_edges': 49206, 'elapsed_sec': 162.7825947366655, 'cuda_allocated_mb': 334, 'cuda_reserved_mb': 2452, 'cuda_max_allocated_mb': 2226}
{'event': 'train_progress', 'epoch': 2, 'batch': 156, 'batches': 156, 'time_group': 98, 'time_groups': 98, 'history_edges': 49206, 'pos_edges': 282, 'neg_edges': 282, 'loss_recent': 29.081001016497613, 'elapsed_sec': 165.79564887657762, 'avg_sec_per_batch': 1.0627926210037026, 'cuda_allocated_mb': 467, 'cuda_reserved_mb': 2452, 'cuda_max_allocated_mb': 2226}
{'event': 'validation_start', 'epoch': 2}
{'event': 'validation_ranking_start', 'epoch': 2, 'max_edges': 30}
{'event': 'epoch_end', 'epoch': 2, 'early_stop_metric': 'val_composite', 'val_score': 0.3412411259832459, 'val_auc': 0.7332077026367188, 'val_ap': 0.41060909146040464, 'val_ndcg': 0.8586350803112133, 'val_mrr': 0.2009184048691225, 'val_hits@1': 0.16666666666666666, 'val_hits@10': 0.2833333333333333, 'val_hits@50': 0.2833333333333333, 'val_hits@100': 0.3, 'elapsed_sec': 401.3532452508807}
{'event': 'epoch_start', 'epoch': 3, 'epochs': 3, 'batches': 156, 'time_groups': 98}
{'event': 'train_time_group', 'epoch': 3, 'time_group': 1, 'time_groups': 98, 'batch': 0, 'batches': 156, 'time_value': 1900.0, 'group_batches': 1, 'history_edges': 0, 'elapsed_sec': 0.2813231199979782, 'cuda_allocated_mb': 334, 'cuda_reserved_mb': 2452, 'cuda_max_allocated_mb': 2226}
{'event': 'train_progress', 'epoch': 3, 'batch': 1, 'batches': 156, 'time_group': 1, 'time_groups': 98, 'history_edges': 0, 'pos_edges': 252, 'neg_edges': 252, 'loss_recent': 22.701723098754883, 'elapsed_sec': 1.1154290735721588, 'avg_sec_per_batch': 1.1154290735721588, 'cuda_allocated_mb': 393, 'cuda_reserved_mb': 2452, 'cuda_max_allocated_mb': 2226}
{'event': 'train_progress', 'epoch': 3, 'batch': 100, 'batches': 156, 'time_group': 70, 'time_groups': 98, 'history_edges': 30867, 'pos_edges': 92, 'neg_edges': 92, 'loss_recent': 27.468204239308832, 'elapsed_sec': 95.23513122648001, 'avg_sec_per_batch': 0.9523513122648001, 'cuda_allocated_mb': 467, 'cuda_reserved_mb': 2452, 'cuda_max_allocated_mb': 2226}
{'event': 'train_time_group', 'epoch': 3, 'time_group': 98, 'time_groups': 98, 'batch': 154, 'batches': 156, 'time_value': 1997.0, 'group_batches': 2, 'history_edges': 49206, 'elapsed_sec': 145.12589714676142, 'cuda_allocated_mb': 334, 'cuda_reserved_mb': 2452, 'cuda_max_allocated_mb': 2226}
{'event': 'train_progress', 'epoch': 3, 'batch': 156, 'batches': 156, 'time_group': 98, 'time_groups': 98, 'history_edges': 49206, 'pos_edges': 282, 'neg_edges': 282, 'loss_recent': 29.09338776409626, 'elapsed_sec': 147.8614382967353, 'avg_sec_per_batch': 0.94782973267138, 'cuda_allocated_mb': 467, 'cuda_reserved_mb': 2452, 'cuda_max_allocated_mb': 2226}
{'event': 'validation_start', 'epoch': 3}
{'event': 'validation_ranking_start', 'epoch': 3, 'max_edges': 30}
{'event': 'epoch_end', 'epoch': 3, 'early_stop_metric': 'val_composite', 'val_score': 0.3483346684120606, 'val_auc': 0.732424545288086, 'val_ap': 0.4147228009772739, 'val_ndcg': 0.8598391309414813, 'val_mrr': 0.21370888248050088, 'val_hits@1': 0.18333333333333332, 'val_hits@10': 0.2833333333333333, 'val_hits@50': 0.2833333333333333, 'val_hits@100': 0.3, 'elapsed_sec': 363.048443377018}
{'candidate': 'global_relpop_frozen_enhanced_probe_h96_r12_a12_p4x4_l1_neg1_lr0p001_hp1_relpopfix48_sr0p05_sa0p001_rl0p001_m0_bpr', 'seed': 1, 'composite': nan, 'val_auc': 0.732424545288086, 'val_ap': 0.4147228009772739, 'val_ndcg': 0.8598391309414813, 'val_mrr': 0.213708882487759, 'val_hits@1': 0.18333333333333332, 'val_hits@10': 0.2833333333333333, 'val_hits@50': 0.2833333333333333, 'val_hits@100': 0.3, 'train_loss': 28.883375075192024, 'train_lp': 0.42787079646801335, 'train_align': 5689.119274182197, 'train_kl': 58.61346995524871, 'train_ood_reg': 0.2073186865219703, 'train_meta': 0.42032867037237454, 'train_struct_aux': 1.738337979866908, 'train_weighted_align': 28.445595668843733, 'train_weighted_kl': 0.005861346894276628, 'train_weighted_ood_reg': 0.0002073186963874226, 'train_weighted_meta': 0.0021016433065830288, 'train_weighted_struct_aux': 0.0017383380596024485, 'train_rank': 0.24263336041416877, 'train_weighted_rank': 0.00024263337181997858}
{'event': 'candidate_summary', 'candidate': 'global_relpop_frozen_enhanced_probe_h96_r12_a12_p4x4_l1_neg1_lr0p001_hp1_relpopfix48_sr0p05_sa0p001_rl0p001_m0_bpr', 'score': 0.3483346684156897, 'passes_metric_minima': True, 'means': {'val_auc': 0.732424545288086, 'val_ap': 0.4147228009772739, 'val_mrr': 0.213708882487759, 'val_hits@10': 0.2833333333333333, 'val_ndcg': 0.8598391309414813}, 'seeds_completed': 1}
{'event': 'candidate_seed_start', 'candidate': 'global_relpop_frozen_enhanced_probe_h96_r12_a12_p4x4_l1_neg1_lr0p001_hp1_relpopfix48_sr0p01_sa0p001_rl0p005_m0_bpr', 'seed': 1, 'device': 'cuda', 'node_text_device': 'cuda:0'}
{'event': 'train_seed_start', 'seed': 1, 'train_edges': 50000, 'val_edges': 162066, 'test_edges': 163172, 'num_nodes': 47433, 'num_relations': 566}
{'event': 'train_seed_tensors_ready', 'seed': 1, 'elapsed_sec': 0.037976719439029694, 'cuda_allocated_mb': 122, 'cuda_reserved_mb': 146, 'cuda_max_allocated_mb': 2226}
{'event': 'train_known_facts_ready', 'seed': 1, 'scope': 'train', 'edges': 50000, 'elapsed_sec': 0.04478084295988083}
{'event': 'train_known_facts_ready', 'seed': 1, 'scope': 'train_val', 'edges': 212066, 'elapsed_sec': 0.06767479702830315}
{'event': 'train_sampler_ready', 'seed': 1, 'elapsed_sec': 0.1949581317603588}
{'event': 'val_sampler_ready', 'seed': 1, 'elapsed_sec': 0.3118724077939987}
{'event': 'epoch_start', 'epoch': 1, 'epochs': 3, 'batches': 156, 'time_groups': 98}
{'event': 'train_time_group', 'epoch': 1, 'time_group': 1, 'time_groups': 98, 'batch': 0, 'batches': 156, 'time_value': 1900.0, 'group_batches': 1, 'history_edges': 0, 'elapsed_sec': 0.019292060285806656, 'cuda_allocated_mb': 123, 'cuda_reserved_mb': 146, 'cuda_max_allocated_mb': 2226}
{'event': 'train_progress', 'epoch': 1, 'batch': 1, 'batches': 156, 'time_group': 1, 'time_groups': 98, 'history_edges': 0, 'pos_edges': 252, 'neg_edges': 252, 'loss_recent': 22.97400665283203, 'elapsed_sec': 0.9160182774066925, 'avg_sec_per_batch': 0.9160182774066925, 'cuda_allocated_mb': 393, 'cuda_reserved_mb': 858, 'cuda_max_allocated_mb': 2226}
{'event': 'train_progress', 'epoch': 1, 'batch': 100, 'batches': 156, 'time_group': 70, 'time_groups': 98, 'history_edges': 30867, 'pos_edges': 92, 'neg_edges': 92, 'loss_recent': 27.933748382925987, 'elapsed_sec': 118.39656417816877, 'avg_sec_per_batch': 1.1839656417816877, 'cuda_allocated_mb': 466, 'cuda_reserved_mb': 2022, 'cuda_max_allocated_mb': 2226}
{'event': 'train_time_group', 'epoch': 1, 'time_group': 98, 'time_groups': 98, 'batch': 154, 'batches': 156, 'time_value': 1997.0, 'group_batches': 2, 'history_edges': 49206, 'elapsed_sec': 175.06338631734252, 'cuda_allocated_mb': 334, 'cuda_reserved_mb': 2304, 'cuda_max_allocated_mb': 2226}
{'event': 'train_progress', 'epoch': 1, 'batch': 156, 'batches': 156, 'time_group': 98, 'time_groups': 98, 'history_edges': 49206, 'pos_edges': 282, 'neg_edges': 282, 'loss_recent': 29.159714053869248, 'elapsed_sec': 176.83640916272998, 'avg_sec_per_batch': 1.1335667254021153, 'cuda_allocated_mb': 467, 'cuda_reserved_mb': 2344, 'cuda_max_allocated_mb': 2226}
{'event': 'validation_start', 'epoch': 1}
{'event': 'validation_ranking_start', 'epoch': 1, 'max_edges': 30}
{'event': 'epoch_end', 'epoch': 1, 'early_stop_metric': 'val_composite', 'val_score': 0.3323775159494531, 'val_auc': 0.703372573852539, 'val_ap': 0.38255837448626984, 'val_ndcg': 0.8476954263583274, 'val_mrr': 0.20344451022943918, 'val_hits@1': 0.16666666666666666, 'val_hits@10': 0.26666666666666666, 'val_hits@50': 0.2833333333333333, 'val_hits@100': 0.3, 'elapsed_sec': 383.3048914000392}
{'event': 'epoch_start', 'epoch': 2, 'epochs': 3, 'batches': 156, 'time_groups': 98}
{'event': 'train_time_group', 'epoch': 2, 'time_group': 1, 'time_groups': 98, 'batch': 0, 'batches': 156, 'time_value': 1900.0, 'group_batches': 1, 'history_edges': 0, 'elapsed_sec': 0.04806390404701233, 'cuda_allocated_mb': 334, 'cuda_reserved_mb': 2452, 'cuda_max_allocated_mb': 2226}
{'event': 'train_progress', 'epoch': 2, 'batch': 1, 'batches': 156, 'time_group': 1, 'time_groups': 98, 'history_edges': 0, 'pos_edges': 252, 'neg_edges': 252, 'loss_recent': 22.700071334838867, 'elapsed_sec': 0.5751702189445496, 'avg_sec_per_batch': 0.5751702189445496, 'cuda_allocated_mb': 395, 'cuda_reserved_mb': 2452, 'cuda_max_allocated_mb': 2226}
{'event': 'train_progress', 'epoch': 2, 'batch': 100, 'batches': 156, 'time_group': 70, 'time_groups': 98, 'history_edges': 30867, 'pos_edges': 92, 'neg_edges': 92, 'loss_recent': 27.46066599845886, 'elapsed_sec': 109.55328976735473, 'avg_sec_per_batch': 1.0955328976735472, 'cuda_allocated_mb': 466, 'cuda_reserved_mb': 2452, 'cuda_max_allocated_mb': 2226}
{'event': 'train_time_group', 'epoch': 2, 'time_group': 98, 'time_groups': 98, 'batch': 154, 'batches': 156, 'time_value': 1997.0, 'group_batches': 2, 'history_edges': 49206, 'elapsed_sec': 174.2932328619063, 'cuda_allocated_mb': 334, 'cuda_reserved_mb': 2452, 'cuda_max_allocated_mb': 2226}
{'event': 'train_progress', 'epoch': 2, 'batch': 156, 'batches': 156, 'time_group': 98, 'time_groups': 98, 'history_edges': 49206, 'pos_edges': 282, 'neg_edges': 282, 'loss_recent': 29.08116825938225, 'elapsed_sec': 177.11651216819882, 'avg_sec_per_batch': 1.135362257488454, 'cuda_allocated_mb': 467, 'cuda_reserved_mb': 2452, 'cuda_max_allocated_mb': 2226}
{'event': 'validation_start', 'epoch': 2}
{'event': 'validation_ranking_start', 'epoch': 2, 'max_edges': 30}
{'event': 'epoch_end', 'epoch': 2, 'early_stop_metric': 'val_composite', 'val_score': 0.34137040932044466, 'val_auc': 0.7336502075195312, 'val_ap': 0.4112174373116333, 'val_ndcg': 0.8588225531915215, 'val_mrr': 0.2009127227238085, 'val_hits@1': 0.16666666666666666, 'val_hits@10': 0.2833333333333333, 'val_hits@50': 0.2833333333333333, 'val_hits@100': 0.3, 'elapsed_sec': 401.0640730820596}
{'event': 'epoch_start', 'epoch': 3, 'epochs': 3, 'batches': 156, 'time_groups': 98}
{'event': 'train_time_group', 'epoch': 3, 'time_group': 1, 'time_groups': 98, 'batch': 0, 'batches': 156, 'time_value': 1900.0, 'group_batches': 1, 'history_edges': 0, 'elapsed_sec': 0.05309198424220085, 'cuda_allocated_mb': 334, 'cuda_reserved_mb': 2452, 'cuda_max_allocated_mb': 2226}
{'event': 'train_progress', 'epoch': 3, 'batch': 1, 'batches': 156, 'time_group': 1, 'time_groups': 98, 'history_edges': 0, 'pos_edges': 252, 'neg_edges': 252, 'loss_recent': 22.69370460510254, 'elapsed_sec': 0.732889249920845, 'avg_sec_per_batch': 0.732889249920845, 'cuda_allocated_mb': 393, 'cuda_reserved_mb': 2452, 'cuda_max_allocated_mb': 2226}
{'event': 'train_progress', 'epoch': 3, 'batch': 100, 'batches': 156, 'time_group': 70, 'time_groups': 98, 'history_edges': 30867, 'pos_edges': 92, 'neg_edges': 92, 'loss_recent': 27.466734329164026, 'elapsed_sec': 87.31547363847494, 'avg_sec_per_batch': 0.8731547363847494, 'cuda_allocated_mb': 467, 'cuda_reserved_mb': 2452, 'cuda_max_allocated_mb': 2226}
{'event': 'train_time_group', 'epoch': 3, 'time_group': 98, 'time_groups': 98, 'batch': 154, 'batches': 156, 'time_value': 1997.0, 'group_batches': 2, 'history_edges': 49206, 'elapsed_sec': 155.1466112881899, 'cuda_allocated_mb': 334, 'cuda_reserved_mb': 2452, 'cuda_max_allocated_mb': 2226}
{'event': 'train_progress', 'epoch': 3, 'batch': 156, 'batches': 156, 'time_group': 98, 'time_groups': 98, 'history_edges': 49206, 'pos_edges': 282, 'neg_edges': 282, 'loss_recent': 29.092375248074532, 'elapsed_sec': 158.04403872042894, 'avg_sec_per_batch': 1.013102812310442, 'cuda_allocated_mb': 467, 'cuda_reserved_mb': 2452, 'cuda_max_allocated_mb': 2226}
{'event': 'validation_start', 'epoch': 3}
{'event': 'validation_ranking_start', 'epoch': 3, 'max_edges': 30}
{'event': 'epoch_end', 'epoch': 3, 'early_stop_metric': 'val_composite', 'val_score': 0.3484049681158544, 'val_auc': 0.7328662872314453, 'val_ap': 0.41500604926476486, 'val_ndcg': 0.8599466070131638, 'val_mrr': 0.21369883799316874, 'val_hits@1': 0.18333333333333332, 'val_hits@10': 0.2833333333333333, 'val_hits@50': 0.2833333333333333, 'val_hits@100': 0.3, 'elapsed_sec': 381.9822345636785}
{'candidate': 'global_relpop_frozen_enhanced_probe_h96_r12_a12_p4x4_l1_neg1_lr0p001_hp1_relpopfix48_sr0p01_sa0p001_rl0p005_m0_bpr', 'seed': 1, 'composite': nan, 'val_auc': 0.7328662872314453, 'val_ap': 0.41500604926476486, 'val_ndcg': 0.8599466070131638, 'val_mrr': 0.21369883799316874, 'val_hits@1': 0.18333333333333332, 'val_hits@10': 0.2833333333333333, 'val_hits@50': 0.2833333333333333, 'val_hits@100': 0.3, 'train_loss': 28.88224446830841, 'train_lp': 0.4266233818653302, 'train_align': 5689.120246972793, 'train_kl': 58.312764710722824, 'train_ood_reg': 0.20748958765314177, 'train_meta': 0.42007288323619807, 'train_struct_aux': 1.8810950708694947, 'train_weighted_align': 28.44560053691459, 'train_weighted_kl': 0.0058312763224374715, 'train_weighted_ood_reg': 0.0002074895972514358, 'train_weighted_meta': 0.002100364369443224, 'train_weighted_struct_aux': 0.0018810951591242487, 'train_rank': 0.24189755550991648, 'train_weighted_rank': 0.001209487748733059}
{'event': 'candidate_summary', 'candidate': 'global_relpop_frozen_enhanced_probe_h96_r12_a12_p4x4_l1_neg1_lr0p001_hp1_relpopfix48_sr0p01_sa0p001_rl0p005_m0_bpr', 'score': 0.3484049681158544, 'passes_metric_minima': True, 'means': {'val_auc': 0.7328662872314453, 'val_ap': 0.41500604926476486, 'val_mrr': 0.21369883799316874, 'val_hits@10': 0.2833333333333333, 'val_ndcg': 0.8599466070131638}, 'seeds_completed': 1}
{'event': 'candidate_seed_start', 'candidate': 'global_relpop_frozen_enhanced_probe_h96_r12_a12_p4x4_l1_neg1_lr0p001_hp1_relpopfix48_sr0p05_sa0p001_rl0p005_m0_bpr', 'seed': 1, 'device': 'cuda', 'node_text_device': 'cuda:0'}
{'event': 'train_seed_start', 'seed': 1, 'train_edges': 50000, 'val_edges': 162066, 'test_edges': 163172, 'num_nodes': 47433, 'num_relations': 566}
{'event': 'train_seed_tensors_ready', 'seed': 1, 'elapsed_sec': 0.034761421382427216, 'cuda_allocated_mb': 122, 'cuda_reserved_mb': 146, 'cuda_max_allocated_mb': 2226}
{'event': 'train_known_facts_ready', 'seed': 1, 'scope': 'train', 'edges': 50000, 'elapsed_sec': 0.0401473268866539}
{'event': 'train_known_facts_ready', 'seed': 1, 'scope': 'train_val', 'edges': 212066, 'elapsed_sec': 0.06120825186371803}
{'event': 'train_sampler_ready', 'seed': 1, 'elapsed_sec': 0.18039800599217415}
{'event': 'val_sampler_ready', 'seed': 1, 'elapsed_sec': 0.29751071333885193}
{'event': 'epoch_start', 'epoch': 1, 'epochs': 3, 'batches': 156, 'time_groups': 98}
{'event': 'train_time_group', 'epoch': 1, 'time_group': 1, 'time_groups': 98, 'batch': 0, 'batches': 156, 'time_value': 1900.0, 'group_batches': 1, 'history_edges': 0, 'elapsed_sec': 0.018980722874403, 'cuda_allocated_mb': 123, 'cuda_reserved_mb': 146, 'cuda_max_allocated_mb': 2226}
{'event': 'train_progress', 'epoch': 1, 'batch': 1, 'batches': 156, 'time_group': 1, 'time_groups': 98, 'history_edges': 0, 'pos_edges': 252, 'neg_edges': 252, 'loss_recent': 22.97406005859375, 'elapsed_sec': 0.6627649366855621, 'avg_sec_per_batch': 0.6627649366855621, 'cuda_allocated_mb': 393, 'cuda_reserved_mb': 858, 'cuda_max_allocated_mb': 2226}
{'event': 'train_progress', 'epoch': 1, 'batch': 100, 'batches': 156, 'time_group': 70, 'time_groups': 98, 'history_edges': 30867, 'pos_edges': 92, 'neg_edges': 92, 'loss_recent': 27.933781047463416, 'elapsed_sec': 92.71276595070958, 'avg_sec_per_batch': 0.9271276595070959, 'cuda_allocated_mb': 466, 'cuda_reserved_mb': 2022, 'cuda_max_allocated_mb': 2226}
{'event': 'train_time_group', 'epoch': 1, 'time_group': 98, 'time_groups': 98, 'batch': 154, 'batches': 156, 'time_value': 1997.0, 'group_batches': 2, 'history_edges': 49206, 'elapsed_sec': 155.91258270666003, 'cuda_allocated_mb': 334, 'cuda_reserved_mb': 2304, 'cuda_max_allocated_mb': 2226}
{'event': 'train_progress', 'epoch': 1, 'batch': 156, 'batches': 156, 'time_group': 98, 'time_groups': 98, 'history_edges': 49206, 'pos_edges': 282, 'neg_edges': 282, 'loss_recent': 29.15976625084877, 'elapsed_sec': 158.75751513242722, 'avg_sec_per_batch': 1.0176763790540206, 'cuda_allocated_mb': 467, 'cuda_reserved_mb': 2344, 'cuda_max_allocated_mb': 2226}
{'event': 'validation_start', 'epoch': 1}
{'event': 'validation_ranking_start', 'epoch': 1, 'max_edges': 30}
{'event': 'epoch_end', 'epoch': 1, 'early_stop_metric': 'val_composite', 'val_score': 0.3326533869972718, 'val_auc': 0.7027935028076172, 'val_ap': 0.3843952111467483, 'val_ndcg': 0.8479843458241205, 'val_mrr': 0.2034453245382667, 'val_hits@1': 0.16666666666666666, 'val_hits@10': 0.26666666666666666, 'val_hits@50': 0.2833333333333333, 'val_hits@100': 0.3, 'elapsed_sec': 389.7007891088724}
{'event': 'epoch_start', 'epoch': 2, 'epochs': 3, 'batches': 156, 'time_groups': 98}
{'event': 'train_time_group', 'epoch': 2, 'time_group': 1, 'time_groups': 98, 'batch': 0, 'batches': 156, 'time_value': 1900.0, 'group_batches': 1, 'history_edges': 0, 'elapsed_sec': 0.0709754042327404, 'cuda_allocated_mb': 334, 'cuda_reserved_mb': 2452, 'cuda_max_allocated_mb': 2226}
{'event': 'train_progress', 'epoch': 2, 'batch': 1, 'batches': 156, 'time_group': 1, 'time_groups': 98, 'history_edges': 0, 'pos_edges': 252, 'neg_edges': 252, 'loss_recent': 22.68375015258789, 'elapsed_sec': 0.9439302124083042, 'avg_sec_per_batch': 0.9439302124083042, 'cuda_allocated_mb': 395, 'cuda_reserved_mb': 2452, 'cuda_max_allocated_mb': 2226}
{'event': 'train_progress', 'epoch': 2, 'batch': 100, 'batches': 156, 'time_group': 70, 'time_groups': 98, 'history_edges': 30867, 'pos_edges': 92, 'neg_edges': 92, 'loss_recent': 27.460202664732932, 'elapsed_sec': 108.32394948229194, 'avg_sec_per_batch': 1.0832394948229194, 'cuda_allocated_mb': 466, 'cuda_reserved_mb': 2452, 'cuda_max_allocated_mb': 2226}
{'event': 'train_time_group', 'epoch': 2, 'time_group': 98, 'time_groups': 98, 'batch': 154, 'batches': 156, 'time_value': 1997.0, 'group_batches': 2, 'history_edges': 49206, 'elapsed_sec': 176.38223185390234, 'cuda_allocated_mb': 334, 'cuda_reserved_mb': 2452, 'cuda_max_allocated_mb': 2226}
{'event': 'train_progress', 'epoch': 2, 'batch': 156, 'batches': 156, 'time_group': 98, 'time_groups': 98, 'history_edges': 49206, 'pos_edges': 282, 'neg_edges': 282, 'loss_recent': 29.080950682163238, 'elapsed_sec': 178.58348650485277, 'avg_sec_per_batch': 1.1447659391336715, 'cuda_allocated_mb': 467, 'cuda_reserved_mb': 2452, 'cuda_max_allocated_mb': 2226}
{'event': 'validation_start', 'epoch': 2}
{'event': 'validation_ranking_start', 'epoch': 2, 'max_edges': 30}
{'event': 'epoch_end', 'epoch': 2, 'early_stop_metric': 'val_composite', 'val_score': 0.3412911708530565, 'val_auc': 0.7333377838134765, 'val_ap': 0.410844229732478, 'val_ndcg': 0.8587213418235599, 'val_mrr': 0.2009176927069765, 'val_hits@1': 0.16666666666666666, 'val_hits@10': 0.2833333333333333, 'val_hits@50': 0.2833333333333333, 'val_hits@100': 0.3, 'elapsed_sec': 390.33993634581566}
{'event': 'epoch_start', 'epoch': 3, 'epochs': 3, 'batches': 156, 'time_groups': 98}
{'event': 'train_time_group', 'epoch': 3, 'time_group': 1, 'time_groups': 98, 'batch': 0, 'batches': 156, 'time_value': 1900.0, 'group_batches': 1, 'history_edges': 0, 'elapsed_sec': 0.06268294528126717, 'cuda_allocated_mb': 334, 'cuda_reserved_mb': 2452, 'cuda_max_allocated_mb': 2226}
{'event': 'train_progress', 'epoch': 3, 'batch': 1, 'batches': 156, 'time_group': 1, 'time_groups': 98, 'history_edges': 0, 'pos_edges': 252, 'neg_edges': 252, 'loss_recent': 22.702482223510742, 'elapsed_sec': 0.7781795151531696, 'avg_sec_per_batch': 0.7781795151531696, 'cuda_allocated_mb': 393, 'cuda_reserved_mb': 2452, 'cuda_max_allocated_mb': 2226}
{'event': 'train_progress', 'epoch': 3, 'batch': 100, 'batches': 156, 'time_group': 70, 'time_groups': 98, 'history_edges': 30867, 'pos_edges': 92, 'neg_edges': 92, 'loss_recent': 27.46809788018465, 'elapsed_sec': 105.79708696529269, 'avg_sec_per_batch': 1.0579708696529269, 'cuda_allocated_mb': 467, 'cuda_reserved_mb': 2452, 'cuda_max_allocated_mb': 2226}
{'event': 'train_time_group', 'epoch': 3, 'time_group': 98, 'time_groups': 98, 'batch': 154, 'batches': 156, 'time_value': 1997.0, 'group_batches': 2, 'history_edges': 49206, 'elapsed_sec': 174.19369822740555, 'cuda_allocated_mb': 334, 'cuda_reserved_mb': 2452, 'cuda_max_allocated_mb': 2226}
{'event': 'train_progress', 'epoch': 3, 'batch': 156, 'batches': 156, 'time_group': 98, 'time_groups': 98, 'history_edges': 49206, 'pos_edges': 282, 'neg_edges': 282, 'loss_recent': 29.09322625160217, 'elapsed_sec': 177.282986972481, 'avg_sec_per_batch': 1.13642940366975, 'cuda_allocated_mb': 467, 'cuda_reserved_mb': 2452, 'cuda_max_allocated_mb': 2226}
{'event': 'validation_start', 'epoch': 3}
{'event': 'validation_ranking_start', 'epoch': 3, 'max_edges': 30}
{'event': 'epoch_end', 'epoch': 3, 'early_stop_metric': 'val_composite', 'val_score': 0.3481925954231289, 'val_auc': 0.7323596954345704, 'val_ap': 0.4139694624687928, 'val_ndcg': 0.8595982850797832, 'val_mrr': 0.21370539221287296, 'val_hits@1': 0.18333333333333332, 'val_hits@10': 0.2833333333333333, 'val_hits@50': 0.2833333333333333, 'val_hits@100': 0.3, 'elapsed_sec': 415.27132798731327}
{'candidate': 'global_relpop_frozen_enhanced_probe_h96_r12_a12_p4x4_l1_neg1_lr0p001_hp1_relpopfix48_sr0p05_sa0p001_rl0p005_m0_bpr', 'seed': 1, 'composite': nan, 'val_auc': 0.7323596954345704, 'val_ap': 0.4139694624687928, 'val_ndcg': 0.8595982850797832, 'val_mrr': 0.21370539221287296, 'val_hits@1': 0.18333333333333332, 'val_hits@10': 0.2833333333333333, 'val_hits@50': 0.2833333333333333, 'val_hits@100': 0.3, 'train_loss': 28.883309870385208, 'train_lp': 0.4278183822066356, 'train_align': 5689.119127829869, 'train_kl': 58.603429266275505, 'train_ood_reg': 0.20733085503944984, 'train_meta': 0.42030384551542693, 'train_struct_aux': 1.7273074434353755, 'train_weighted_align': 28.445594950077627, 'train_weighted_kl': 0.005860342723362686, 'train_weighted_ood_reg': 0.00020733086468028024, 'train_weighted_meta': 0.0021015191776267528, 'train_weighted_struct_aux': 0.0017273075272663473, 'train_rank': 0.24250636260526684, 'train_weighted_rank': 0.0012125317852433699}
{'event': 'candidate_summary', 'candidate': 'global_relpop_frozen_enhanced_probe_h96_r12_a12_p4x4_l1_neg1_lr0p001_hp1_relpopfix48_sr0p05_sa0p001_rl0p005_m0_bpr', 'score': 0.3481925954231289, 'passes_metric_minima': True, 'means': {'val_auc': 0.7323596954345704, 'val_ap': 0.4139694624687928, 'val_mrr': 0.21370539221287296, 'val_hits@10': 0.2833333333333333, 'val_ndcg': 0.8595982850797832}, 'seeds_completed': 1}
{'event': 'candidate_seed_start', 'candidate': 'global_relpop_frozen_enhanced_probe_h96_r12_a12_p4x4_l1_neg1_lr0p001_hp2_relpopfix48_sr0p01_sa0p001_rl0p001_m0_bpr', 'seed': 1, 'device': 'cuda', 'node_text_device': 'cuda:0'}
{'event': 'train_seed_start', 'seed': 1, 'train_edges': 50000, 'val_edges': 162066, 'test_edges': 163172, 'num_nodes': 47433, 'num_relations': 566}
{'event': 'train_seed_tensors_ready', 'seed': 1, 'elapsed_sec': 0.028525520116090775, 'cuda_allocated_mb': 122, 'cuda_reserved_mb': 146, 'cuda_max_allocated_mb': 2226}
{'event': 'train_known_facts_ready', 'seed': 1, 'scope': 'train', 'edges': 50000, 'elapsed_sec': 0.03523792326450348}
{'event': 'train_known_facts_ready', 'seed': 1, 'scope': 'train_val', 'edges': 212066, 'elapsed_sec': 0.061841823160648346}
{'event': 'train_sampler_ready', 'seed': 1, 'elapsed_sec': 0.19094258546829224}
{'event': 'val_sampler_ready', 'seed': 1, 'elapsed_sec': 0.3150937147438526}
{'event': 'epoch_start', 'epoch': 1, 'epochs': 3, 'batches': 156, 'time_groups': 98}
{'event': 'train_time_group', 'epoch': 1, 'time_group': 1, 'time_groups': 98, 'batch': 0, 'batches': 156, 'time_value': 1900.0, 'group_batches': 1, 'history_edges': 0, 'elapsed_sec': 0.019146662205457687, 'cuda_allocated_mb': 123, 'cuda_reserved_mb': 146, 'cuda_max_allocated_mb': 2226}
{'event': 'train_progress', 'epoch': 1, 'batch': 1, 'batches': 156, 'time_group': 1, 'time_groups': 98, 'history_edges': 0, 'pos_edges': 252, 'neg_edges': 252, 'loss_recent': 22.97400665283203, 'elapsed_sec': 0.6714449934661388, 'avg_sec_per_batch': 0.6714449934661388, 'cuda_allocated_mb': 393, 'cuda_reserved_mb': 858, 'cuda_max_allocated_mb': 2226}
{'event': 'train_progress', 'epoch': 1, 'batch': 100, 'batches': 156, 'time_group': 70, 'time_groups': 98, 'history_edges': 30867, 'pos_edges': 92, 'neg_edges': 92, 'loss_recent': 28.005088593363762, 'elapsed_sec': 87.93759649991989, 'avg_sec_per_batch': 0.8793759649991989, 'cuda_allocated_mb': 466, 'cuda_reserved_mb': 2022, 'cuda_max_allocated_mb': 2226}
{'event': 'train_time_group', 'epoch': 1, 'time_group': 98, 'time_groups': 98, 'batch': 154, 'batches': 156, 'time_value': 1997.0, 'group_batches': 2, 'history_edges': 49206, 'elapsed_sec': 140.07473139464855, 'cuda_allocated_mb': 334, 'cuda_reserved_mb': 2304, 'cuda_max_allocated_mb': 2226}
{'event': 'train_progress', 'epoch': 1, 'batch': 156, 'batches': 156, 'time_group': 98, 'time_groups': 98, 'history_edges': 49206, 'pos_edges': 282, 'neg_edges': 282, 'loss_recent': 29.2191703081131, 'elapsed_sec': 142.2829617150128, 'avg_sec_per_batch': 0.9120702674039282, 'cuda_allocated_mb': 467, 'cuda_reserved_mb': 2344, 'cuda_max_allocated_mb': 2226}
{'event': 'validation_start', 'epoch': 1}
{'event': 'validation_ranking_start', 'epoch': 1, 'max_edges': 30}
{'event': 'epoch_end', 'epoch': 1, 'early_stop_metric': 'val_composite', 'val_score': 0.33645646959354814, 'val_auc': 0.7159711837768554, 'val_ap': 0.3949548124794633, 'val_ndcg': 0.8525770808792477, 'val_mrr': 0.2056472942230555, 'val_hits@1': 0.16666666666666666, 'val_hits@10': 0.26666666666666666, 'val_hits@50': 0.2833333333333333, 'val_hits@100': 0.3, 'elapsed_sec': 342.86623460799456}
{'event': 'epoch_start', 'epoch': 2, 'epochs': 3, 'batches': 156, 'time_groups': 98}
{'event': 'train_time_group', 'epoch': 2, 'time_group': 1, 'time_groups': 98, 'batch': 0, 'batches': 156, 'time_value': 1900.0, 'group_batches': 1, 'history_edges': 0, 'elapsed_sec': 0.05786622315645218, 'cuda_allocated_mb': 334, 'cuda_reserved_mb': 2452, 'cuda_max_allocated_mb': 2226}
{'event': 'train_progress', 'epoch': 2, 'batch': 1, 'batches': 156, 'time_group': 1, 'time_groups': 98, 'history_edges': 0, 'pos_edges': 252, 'neg_edges': 252, 'loss_recent': 23.18094825744629, 'elapsed_sec': 0.5037848874926567, 'avg_sec_per_batch': 0.5037848874926567, 'cuda_allocated_mb': 395, 'cuda_reserved_mb': 2452, 'cuda_max_allocated_mb': 2226}
{'event': 'train_progress', 'epoch': 2, 'batch': 100, 'batches': 156, 'time_group': 70, 'time_groups': 98, 'history_edges': 30867, 'pos_edges': 92, 'neg_edges': 92, 'loss_recent': 27.499103298783304, 'elapsed_sec': 64.87762996926904, 'avg_sec_per_batch': 0.6487762996926904, 'cuda_allocated_mb': 466, 'cuda_reserved_mb': 2452, 'cuda_max_allocated_mb': 2226}
{'event': 'train_time_group', 'epoch': 2, 'time_group': 98, 'time_groups': 98, 'batch': 154, 'batches': 156, 'time_value': 1997.0, 'group_batches': 2, 'history_edges': 49206, 'elapsed_sec': 102.48175868019462, 'cuda_allocated_mb': 334, 'cuda_reserved_mb': 2452, 'cuda_max_allocated_mb': 2226}
{'event': 'train_progress', 'epoch': 2, 'batch': 156, 'batches': 156, 'time_group': 98, 'time_groups': 98, 'history_edges': 49206, 'pos_edges': 282, 'neg_edges': 282, 'loss_recent': 29.096778478622436, 'elapsed_sec': 104.07320173084736, 'avg_sec_per_batch': 0.6671359085310729, 'cuda_allocated_mb': 467, 'cuda_reserved_mb': 2452, 'cuda_max_allocated_mb': 2226}
{'event': 'validation_start', 'epoch': 2}
{'event': 'validation_ranking_start', 'epoch': 2, 'max_edges': 30}
{'event': 'epoch_end', 'epoch': 2, 'early_stop_metric': 'val_composite', 'val_score': 0.3419036655536338, 'val_auc': 0.7393924713134767, 'val_ap': 0.4227786632213321, 'val_ndcg': 0.8630094768687421, 'val_mrr': 0.20376592296910515, 'val_hits@1': 0.16666666666666666, 'val_hits@10': 0.26666666666666666, 'val_hits@50': 0.2833333333333333, 'val_hits@100': 0.3, 'elapsed_sec': 298.80390943959355}
{'event': 'epoch_start', 'epoch': 3, 'epochs': 3, 'batches': 156, 'time_groups': 98}
{'event': 'train_time_group', 'epoch': 3, 'time_group': 1, 'time_groups': 98, 'batch': 0, 'batches': 156, 'time_value': 1900.0, 'group_batches': 1, 'history_edges': 0, 'elapsed_sec': 0.04710773751139641, 'cuda_allocated_mb': 334, 'cuda_reserved_mb': 2452, 'cuda_max_allocated_mb': 2226}
{'event': 'train_progress', 'epoch': 3, 'batch': 1, 'batches': 156, 'time_group': 1, 'time_groups': 98, 'history_edges': 0, 'pos_edges': 252, 'neg_edges': 252, 'loss_recent': 22.946258544921875, 'elapsed_sec': 0.4674461595714092, 'avg_sec_per_batch': 0.4674461595714092, 'cuda_allocated_mb': 393, 'cuda_reserved_mb': 2452, 'cuda_max_allocated_mb': 2226}
{'event': 'train_progress', 'epoch': 3, 'batch': 100, 'batches': 156, 'time_group': 70, 'time_groups': 98, 'history_edges': 30867, 'pos_edges': 92, 'neg_edges': 92, 'loss_recent': 27.49159149736166, 'elapsed_sec': 61.9904242195189, 'avg_sec_per_batch': 0.619904242195189, 'cuda_allocated_mb': 467, 'cuda_reserved_mb': 2452, 'cuda_max_allocated_mb': 2226}
{'event': 'train_time_group', 'epoch': 3, 'time_group': 98, 'time_groups': 98, 'batch': 154, 'batches': 156, 'time_value': 1997.0, 'group_batches': 2, 'history_edges': 49206, 'elapsed_sec': 98.10879305750132, 'cuda_allocated_mb': 334, 'cuda_reserved_mb': 2452, 'cuda_max_allocated_mb': 2226}
{'event': 'train_progress', 'epoch': 3, 'batch': 156, 'batches': 156, 'time_group': 98, 'time_groups': 98, 'history_edges': 49206, 'pos_edges': 282, 'neg_edges': 282, 'loss_recent': 29.102613919377326, 'elapsed_sec': 99.6484645716846, 'avg_sec_per_batch': 0.63877220879285, 'cuda_allocated_mb': 467, 'cuda_reserved_mb': 2452, 'cuda_max_allocated_mb': 2226}
{'event': 'validation_start', 'epoch': 3}
{'event': 'validation_ranking_start', 'epoch': 3, 'max_edges': 30}
{'event': 'epoch_end', 'epoch': 3, 'early_stop_metric': 'val_composite', 'val_score': 0.3439501327191521, 'val_auc': 0.7362270355224609, 'val_ap': 0.4205479598161497, 'val_ndcg': 0.8619075705532205, 'val_mrr': 0.20239832649723571, 'val_hits@1': 0.16666666666666666, 'val_hits@10': 0.2833333333333333, 'val_hits@50': 0.2833333333333333, 'val_hits@100': 0.3, 'elapsed_sec': 279.4767289124429}
{'candidate': 'global_relpop_frozen_enhanced_probe_h96_r12_a12_p4x4_l1_neg1_lr0p001_hp2_relpopfix48_sr0p01_sa0p001_rl0p001_m0_bpr', 'seed': 1, 'composite': nan, 'val_auc': 0.7362270355224609, 'val_ap': 0.4205479598161497, 'val_ndcg': 0.8619075705532205, 'val_mrr': 0.20239832649723571, 'val_hits@1': 0.16666666666666666, 'val_hits@10': 0.2833333333333333, 'val_hits@50': 0.2833333333333333, 'val_hits@100': 0.3, 'train_loss': 28.901360677411922, 'train_lp': 0.4443195209098168, 'train_align': 5689.131054346378, 'train_kl': 60.622360943601684, 'train_ood_reg': 0.20695035312420282, 'train_meta': 0.4452789889481396, 'train_struct_aux': 2.890769829352697, 'train_weighted_align': 28.445654691507418, 'train_weighted_kl': 0.00606223594034488, 'train_weighted_ood_reg': 0.00020695036306651906, 'train_weighted_meta': 0.0022263948923444753, 'train_weighted_struct_aux': 0.002890769965373553, 'train_rank': 0.2403375938003405, 'train_weighted_rank': 0.00024033760632555175}
{'event': 'candidate_summary', 'candidate': 'global_relpop_frozen_enhanced_probe_h96_r12_a12_p4x4_l1_neg1_lr0p001_hp2_relpopfix48_sr0p01_sa0p001_rl0p001_m0_bpr', 'score': 0.3439501327191521, 'passes_metric_minima': True, 'means': {'val_auc': 0.7362270355224609, 'val_ap': 0.4205479598161497, 'val_mrr': 0.20239832649723571, 'val_hits@10': 0.2833333333333333, 'val_ndcg': 0.8619075705532205}, 'seeds_completed': 1}
{'event': 'candidate_seed_start', 'candidate': 'global_relpop_frozen_enhanced_probe_h96_r12_a12_p4x4_l1_neg1_lr0p001_hp2_relpopfix48_sr0p05_sa0p001_rl0p001_m0_bpr', 'seed': 1, 'device': 'cuda', 'node_text_device': 'cuda:0'}
{'event': 'train_seed_start', 'seed': 1, 'train_edges': 50000, 'val_edges': 162066, 'test_edges': 163172, 'num_nodes': 47433, 'num_relations': 566}
{'event': 'train_seed_tensors_ready', 'seed': 1, 'elapsed_sec': 0.04006798937916756, 'cuda_allocated_mb': 122, 'cuda_reserved_mb': 146, 'cuda_max_allocated_mb': 2226}
{'event': 'train_known_facts_ready', 'seed': 1, 'scope': 'train', 'edges': 50000, 'elapsed_sec': 0.04672886058688164}
{'event': 'train_known_facts_ready', 'seed': 1, 'scope': 'train_val', 'edges': 212066, 'elapsed_sec': 0.06994318589568138}
{'event': 'train_sampler_ready', 'seed': 1, 'elapsed_sec': 0.19076083227992058}
{'event': 'val_sampler_ready', 'seed': 1, 'elapsed_sec': 0.31039831414818764}
{'event': 'epoch_start', 'epoch': 1, 'epochs': 3, 'batches': 156, 'time_groups': 98}
{'event': 'train_time_group', 'epoch': 1, 'time_group': 1, 'time_groups': 98, 'batch': 0, 'batches': 156, 'time_value': 1900.0, 'group_batches': 1, 'history_edges': 0, 'elapsed_sec': 0.020231474190950394, 'cuda_allocated_mb': 123, 'cuda_reserved_mb': 146, 'cuda_max_allocated_mb': 2226}
{'event': 'train_progress', 'epoch': 1, 'batch': 1, 'batches': 156, 'time_group': 1, 'time_groups': 98, 'history_edges': 0, 'pos_edges': 252, 'neg_edges': 252, 'loss_recent': 22.97406005859375, 'elapsed_sec': 0.4604424424469471, 'avg_sec_per_batch': 0.4604424424469471, 'cuda_allocated_mb': 393, 'cuda_reserved_mb': 858, 'cuda_max_allocated_mb': 2226}
{'event': 'train_progress', 'epoch': 1, 'batch': 100, 'batches': 156, 'time_group': 70, 'time_groups': 98, 'history_edges': 30867, 'pos_edges': 92, 'neg_edges': 92, 'loss_recent': 28.000309935808183, 'elapsed_sec': 58.65911862254143, 'avg_sec_per_batch': 0.5865911862254143, 'cuda_allocated_mb': 466, 'cuda_reserved_mb': 2022, 'cuda_max_allocated_mb': 2226}
{'event': 'train_time_group', 'epoch': 1, 'time_group': 98, 'time_groups': 98, 'batch': 154, 'batches': 156, 'time_value': 1997.0, 'group_batches': 2, 'history_edges': 49206, 'elapsed_sec': 81.49669347703457, 'cuda_allocated_mb': 334, 'cuda_reserved_mb': 2304, 'cuda_max_allocated_mb': 2226}
{'event': 'train_progress', 'epoch': 1, 'batch': 156, 'batches': 156, 'time_group': 98, 'time_groups': 98, 'history_edges': 49206, 'pos_edges': 282, 'neg_edges': 282, 'loss_recent': 29.215137650966643, 'elapsed_sec': 82.4014745503664, 'avg_sec_per_batch': 0.5282145804510667, 'cuda_allocated_mb': 467, 'cuda_reserved_mb': 2344, 'cuda_max_allocated_mb': 2226}
{'event': 'validation_start', 'epoch': 1}
{'event': 'validation_ranking_start', 'epoch': 1, 'max_edges': 30}
{'event': 'epoch_end', 'epoch': 1, 'early_stop_metric': 'val_composite', 'val_score': 0.33463419291871993, 'val_auc': 0.7138187408447265, 'val_ap': 0.38958658892656906, 'val_ndcg': 0.8508350345872675, 'val_mrr': 0.20417686149087627, 'val_hits@1': 0.16666666666666666, 'val_hits@10': 0.26666666666666666, 'val_hits@50': 0.2833333333333333, 'val_hits@100': 0.3, 'elapsed_sec': 257.5227529592812}
{'event': 'epoch_start', 'epoch': 2, 'epochs': 3, 'batches': 156, 'time_groups': 98}
{'event': 'train_time_group', 'epoch': 2, 'time_group': 1, 'time_groups': 98, 'batch': 0, 'batches': 156, 'time_value': 1900.0, 'group_batches': 1, 'history_edges': 0, 'elapsed_sec': 0.04735582694411278, 'cuda_allocated_mb': 334, 'cuda_reserved_mb': 2452, 'cuda_max_allocated_mb': 2226}
{'event': 'train_progress', 'epoch': 2, 'batch': 1, 'batches': 156, 'time_group': 1, 'time_groups': 98, 'history_edges': 0, 'pos_edges': 252, 'neg_edges': 252, 'loss_recent': 23.141258239746094, 'elapsed_sec': 0.47646647319197655, 'avg_sec_per_batch': 0.47646647319197655, 'cuda_allocated_mb': 395, 'cuda_reserved_mb': 2452, 'cuda_max_allocated_mb': 2226}
{'event': 'train_progress', 'epoch': 2, 'batch': 100, 'batches': 156, 'time_group': 70, 'time_groups': 98, 'history_edges': 30867, 'pos_edges': 92, 'neg_edges': 92, 'loss_recent': 27.497749425172806, 'elapsed_sec': 61.35943742096424, 'avg_sec_per_batch': 0.6135943742096424, 'cuda_allocated_mb': 466, 'cuda_reserved_mb': 2452, 'cuda_max_allocated_mb': 2226}
{'event': 'train_time_group', 'epoch': 2, 'time_group': 98, 'time_groups': 98, 'batch': 154, 'batches': 156, 'time_value': 1997.0, 'group_batches': 2, 'history_edges': 49206, 'elapsed_sec': 97.00360810011625, 'cuda_allocated_mb': 334, 'cuda_reserved_mb': 2452, 'cuda_max_allocated_mb': 2226}
{'event': 'train_progress', 'epoch': 2, 'batch': 156, 'batches': 156, 'time_group': 98, 'time_groups': 98, 'history_edges': 49206, 'pos_edges': 282, 'neg_edges': 282, 'loss_recent': 29.097227959632875, 'elapsed_sec': 98.53045954182744, 'avg_sec_per_batch': 0.6316055098835093, 'cuda_allocated_mb': 467, 'cuda_reserved_mb': 2452, 'cuda_max_allocated_mb': 2226}
{'event': 'validation_start', 'epoch': 2}
{'event': 'validation_ranking_start', 'epoch': 2, 'max_edges': 30}
{'event': 'epoch_end', 'epoch': 2, 'early_stop_metric': 'val_composite', 'val_score': 0.3415232102178759, 'val_auc': 0.7384880065917969, 'val_ap': 0.4212733874643056, 'val_ndcg': 0.8625341711027713, 'val_mrr': 0.2036421026500595, 'val_hits@1': 0.16666666666666666, 'val_hits@10': 0.26666666666666666, 'val_hits@50': 0.2833333333333333, 'val_hits@100': 0.3, 'elapsed_sec': 288.6228551119566}
{'event': 'epoch_start', 'epoch': 3, 'epochs': 3, 'batches': 156, 'time_groups': 98}
{'event': 'train_time_group', 'epoch': 3, 'time_group': 1, 'time_groups': 98, 'batch': 0, 'batches': 156, 'time_value': 1900.0, 'group_batches': 1, 'history_edges': 0, 'elapsed_sec': 0.059525590389966965, 'cuda_allocated_mb': 334, 'cuda_reserved_mb': 2452, 'cuda_max_allocated_mb': 2226}
{'event': 'train_progress', 'epoch': 3, 'batch': 1, 'batches': 156, 'time_group': 1, 'time_groups': 98, 'history_edges': 0, 'pos_edges': 252, 'neg_edges': 252, 'loss_recent': 22.958372116088867, 'elapsed_sec': 0.4948139674961567, 'avg_sec_per_batch': 0.4948139674961567, 'cuda_allocated_mb': 393, 'cuda_reserved_mb': 2452, 'cuda_max_allocated_mb': 2226}
{'event': 'train_progress', 'epoch': 3, 'batch': 100, 'batches': 156, 'time_group': 70, 'time_groups': 98, 'history_edges': 30867, 'pos_edges': 92, 'neg_edges': 92, 'loss_recent': 27.495348482429982, 'elapsed_sec': 62.7644753344357, 'avg_sec_per_batch': 0.627644753344357, 'cuda_allocated_mb': 467, 'cuda_reserved_mb': 2452, 'cuda_max_allocated_mb': 2226}
{'event': 'train_time_group', 'epoch': 3, 'time_group': 98, 'time_groups': 98, 'batch': 154, 'batches': 156, 'time_value': 1997.0, 'group_batches': 2, 'history_edges': 49206, 'elapsed_sec': 98.27039187401533, 'cuda_allocated_mb': 334, 'cuda_reserved_mb': 2452, 'cuda_max_allocated_mb': 2226}
{'event': 'train_progress', 'epoch': 3, 'batch': 156, 'batches': 156, 'time_group': 98, 'time_groups': 98, 'history_edges': 49206, 'pos_edges': 282, 'neg_edges': 282, 'loss_recent': 29.10566979110241, 'elapsed_sec': 99.1674707531929, 'avg_sec_per_batch': 0.6356889150845699, 'cuda_allocated_mb': 467, 'cuda_reserved_mb': 2452, 'cuda_max_allocated_mb': 2226}
{'event': 'validation_start', 'epoch': 3}
{'event': 'validation_ranking_start', 'epoch': 3, 'max_edges': 30}
{'event': 'epoch_end', 'epoch': 3, 'early_stop_metric': 'val_composite', 'val_score': 0.3438559277225308, 'val_auc': 0.735181427001953, 'val_ap': 0.42098173719570137, 'val_ndcg': 0.8619182733376997, 'val_mrr': 0.20218220358528263, 'val_hits@1': 0.16666666666666666, 'val_hits@10': 0.2833333333333333, 'val_hits@50': 0.2833333333333333, 'val_hits@100': 0.3, 'elapsed_sec': 270.8723407536745}
{'candidate': 'global_relpop_frozen_enhanced_probe_h96_r12_a12_p4x4_l1_neg1_lr0p001_hp2_relpopfix48_sr0p05_sa0p001_rl0p001_m0_bpr', 'seed': 1, 'composite': nan, 'val_auc': 0.735181427001953, 'val_ap': 0.42098173719570137, 'val_ndcg': 0.8619182733376997, 'val_mrr': 0.20218220358528263, 'val_hits@1': 0.16666666666666666, 'val_hits@10': 0.2833333333333333, 'val_hits@50': 0.2833333333333333, 'val_hits@100': 0.3, 'train_loss': 28.90422984594718, 'train_lp': 0.4473111526324199, 'train_align': 5689.136793326109, 'train_kl': 59.84940586716701, 'train_ood_reg': 0.20661524969797868, 'train_meta': 0.4481959353463772, 'train_struct_aux': 2.8030539804544206, 'train_weighted_align': 28.445683356374502, 'train_weighted_kl': 0.0059849405200531275, 'train_weighted_ood_reg': 0.00020661525904403953, 'train_weighted_meta': 0.0022409796296508433, 'train_weighted_struct_aux': 0.002803054118815523, 'train_rank': 0.24070416695366686, 'train_weighted_rank': 0.00024070417892009852}
{'event': 'candidate_summary', 'candidate': 'global_relpop_frozen_enhanced_probe_h96_r12_a12_p4x4_l1_neg1_lr0p001_hp2_relpopfix48_sr0p05_sa0p001_rl0p001_m0_bpr', 'score': 0.3438559277225308, 'passes_metric_minima': True, 'means': {'val_auc': 0.735181427001953, 'val_ap': 0.42098173719570137, 'val_mrr': 0.20218220358528263, 'val_hits@10': 0.2833333333333333, 'val_ndcg': 0.8619182733376997}, 'seeds_completed': 1}
{'event': 'candidate_seed_start', 'candidate': 'global_relpop_frozen_enhanced_probe_h96_r12_a12_p4x4_l1_neg1_lr0p001_hp2_relpopfix48_sr0p01_sa0p001_rl0p005_m0_bpr', 'seed': 1, 'device': 'cuda', 'node_text_device': 'cuda:0'}
{'event': 'train_seed_start', 'seed': 1, 'train_edges': 50000, 'val_edges': 162066, 'test_edges': 163172, 'num_nodes': 47433, 'num_relations': 566}
{'event': 'train_seed_tensors_ready', 'seed': 1, 'elapsed_sec': 0.022424869239330292, 'cuda_allocated_mb': 122, 'cuda_reserved_mb': 146, 'cuda_max_allocated_mb': 2226}
{'event': 'train_known_facts_ready', 'seed': 1, 'scope': 'train', 'edges': 50000, 'elapsed_sec': 0.028163112699985504}
{'event': 'train_known_facts_ready', 'seed': 1, 'scope': 'train_val', 'edges': 212066, 'elapsed_sec': 0.04860526695847511}
{'event': 'train_sampler_ready', 'seed': 1, 'elapsed_sec': 0.16744337603449821}
{'event': 'val_sampler_ready', 'seed': 1, 'elapsed_sec': 0.2838653512299061}
{'event': 'epoch_start', 'epoch': 1, 'epochs': 3, 'batches': 156, 'time_groups': 98}
{'event': 'train_time_group', 'epoch': 1, 'time_group': 1, 'time_groups': 98, 'batch': 0, 'batches': 156, 'time_value': 1900.0, 'group_batches': 1, 'history_edges': 0, 'elapsed_sec': 0.019139964133501053, 'cuda_allocated_mb': 123, 'cuda_reserved_mb': 146, 'cuda_max_allocated_mb': 2226}
{'event': 'train_progress', 'epoch': 1, 'batch': 1, 'batches': 156, 'time_group': 1, 'time_groups': 98, 'history_edges': 0, 'pos_edges': 252, 'neg_edges': 252, 'loss_recent': 22.97400665283203, 'elapsed_sec': 0.4919406920671463, 'avg_sec_per_batch': 0.4919406920671463, 'cuda_allocated_mb': 393, 'cuda_reserved_mb': 858, 'cuda_max_allocated_mb': 2226}
{'event': 'train_progress', 'epoch': 1, 'batch': 100, 'batches': 156, 'time_group': 70, 'time_groups': 98, 'history_edges': 30867, 'pos_edges': 92, 'neg_edges': 92, 'loss_recent': 28.00539526164532, 'elapsed_sec': 63.31313971802592, 'avg_sec_per_batch': 0.6331313971802592, 'cuda_allocated_mb': 466, 'cuda_reserved_mb': 2022, 'cuda_max_allocated_mb': 2226}
{'event': 'train_time_group', 'epoch': 1, 'time_group': 98, 'time_groups': 98, 'batch': 154, 'batches': 156, 'time_value': 1997.0, 'group_batches': 2, 'history_edges': 49206, 'elapsed_sec': 100.09337442740798, 'cuda_allocated_mb': 334, 'cuda_reserved_mb': 2304, 'cuda_max_allocated_mb': 2226}
{'event': 'train_progress', 'epoch': 1, 'batch': 156, 'batches': 156, 'time_group': 98, 'time_groups': 98, 'history_edges': 49206, 'pos_edges': 282, 'neg_edges': 282, 'loss_recent': 29.21937255859375, 'elapsed_sec': 101.59905955195427, 'avg_sec_per_batch': 0.6512760227689376, 'cuda_allocated_mb': 467, 'cuda_reserved_mb': 2344, 'cuda_max_allocated_mb': 2226}
{'event': 'validation_start', 'epoch': 1}
{'event': 'validation_ranking_start', 'epoch': 1, 'max_edges': 30}
{'event': 'epoch_end', 'epoch': 1, 'early_stop_metric': 'val_composite', 'val_score': 0.33659848697048145, 'val_auc': 0.7162784576416016, 'val_ap': 0.39564522489118564, 'val_ndcg': 0.8527982950214281, 'val_mrr': 0.20564923503849483, 'val_hits@1': 0.16666666666666666, 'val_hits@10': 0.26666666666666666, 'val_hits@50': 0.2833333333333333, 'val_hits@100': 0.3, 'elapsed_sec': 284.2955344431102}
{'event': 'epoch_start', 'epoch': 2, 'epochs': 3, 'batches': 156, 'time_groups': 98}
{'event': 'train_time_group', 'epoch': 2, 'time_group': 1, 'time_groups': 98, 'batch': 0, 'batches': 156, 'time_value': 1900.0, 'group_batches': 1, 'history_edges': 0, 'elapsed_sec': 0.05806102976202965, 'cuda_allocated_mb': 334, 'cuda_reserved_mb': 2452, 'cuda_max_allocated_mb': 2226}
{'event': 'train_progress', 'epoch': 2, 'batch': 1, 'batches': 156, 'time_group': 1, 'time_groups': 98, 'history_edges': 0, 'pos_edges': 252, 'neg_edges': 252, 'loss_recent': 23.183475494384766, 'elapsed_sec': 0.49173740670084953, 'avg_sec_per_batch': 0.49173740670084953, 'cuda_allocated_mb': 395, 'cuda_reserved_mb': 2452, 'cuda_max_allocated_mb': 2226}
{'event': 'train_progress', 'epoch': 2, 'batch': 100, 'batches': 156, 'time_group': 70, 'time_groups': 98, 'history_edges': 30867, 'pos_edges': 92, 'neg_edges': 92, 'loss_recent': 27.49915518820286, 'elapsed_sec': 62.12213671952486, 'avg_sec_per_batch': 0.6212213671952486, 'cuda_allocated_mb': 466, 'cuda_reserved_mb': 2452, 'cuda_max_allocated_mb': 2226}
{'event': 'train_time_group', 'epoch': 2, 'time_group': 98, 'time_groups': 98, 'batch': 154, 'batches': 156, 'time_value': 1997.0, 'group_batches': 2, 'history_edges': 49206, 'elapsed_sec': 98.38755590096116, 'cuda_allocated_mb': 334, 'cuda_reserved_mb': 2452, 'cuda_max_allocated_mb': 2226}
{'event': 'train_progress', 'epoch': 2, 'batch': 156, 'batches': 156, 'time_group': 98, 'time_groups': 98, 'history_edges': 49206, 'pos_edges': 282, 'neg_edges': 282, 'loss_recent': 29.096804006099703, 'elapsed_sec': 99.88148485869169, 'avg_sec_per_batch': 0.640265928581357, 'cuda_allocated_mb': 467, 'cuda_reserved_mb': 2452, 'cuda_max_allocated_mb': 2226}
{'event': 'validation_start', 'epoch': 2}
{'event': 'validation_ranking_start', 'epoch': 2, 'max_edges': 30}
{'event': 'epoch_end', 'epoch': 2, 'early_stop_metric': 'val_composite', 'val_score': 0.3418970427531805, 'val_auc': 0.7393611907958985, 'val_ap': 0.422750345995015, 'val_ndcg': 0.8629975108766957, 'val_mrr': 0.20376669378626078, 'val_hits@1': 0.16666666666666666, 'val_hits@10': 0.26666666666666666, 'val_hits@50': 0.2833333333333333, 'val_hits@100': 0.3, 'elapsed_sec': 283.1886150725186}
{'event': 'epoch_start', 'epoch': 3, 'epochs': 3, 'batches': 156, 'time_groups': 98}
{'event': 'train_time_group', 'epoch': 3, 'time_group': 1, 'time_groups': 98, 'batch': 0, 'batches': 156, 'time_value': 1900.0, 'group_batches': 1, 'history_edges': 0, 'elapsed_sec': 0.061057526618242264, 'cuda_allocated_mb': 334, 'cuda_reserved_mb': 2452, 'cuda_max_allocated_mb': 2226}
{'event': 'train_progress', 'epoch': 3, 'batch': 1, 'batches': 156, 'time_group': 1, 'time_groups': 98, 'history_edges': 0, 'pos_edges': 252, 'neg_edges': 252, 'loss_recent': 22.946208953857422, 'elapsed_sec': 0.48016728088259697, 'avg_sec_per_batch': 0.48016728088259697, 'cuda_allocated_mb': 393, 'cuda_reserved_mb': 2452, 'cuda_max_allocated_mb': 2226}
{'event': 'train_progress', 'epoch': 3, 'batch': 100, 'batches': 156, 'time_group': 70, 'time_groups': 98, 'history_edges': 30867, 'pos_edges': 92, 'neg_edges': 92, 'loss_recent': 27.49146370470524, 'elapsed_sec': 62.79677356779575, 'avg_sec_per_batch': 0.6279677356779575, 'cuda_allocated_mb': 467, 'cuda_reserved_mb': 2452, 'cuda_max_allocated_mb': 2226}
{'event': 'train_time_group', 'epoch': 3, 'time_group': 98, 'time_groups': 98, 'batch': 154, 'batches': 156, 'time_value': 1997.0, 'group_batches': 2, 'history_edges': 49206, 'elapsed_sec': 99.56345741450787, 'cuda_allocated_mb': 334, 'cuda_reserved_mb': 2452, 'cuda_max_allocated_mb': 2226}
{'event': 'train_progress', 'epoch': 3, 'batch': 156, 'batches': 156, 'time_group': 98, 'time_groups': 98, 'history_edges': 49206, 'pos_edges': 282, 'neg_edges': 282, 'loss_recent': 29.102568311691286, 'elapsed_sec': 101.11307235062122, 'avg_sec_per_batch': 0.6481607201962899, 'cuda_allocated_mb': 467, 'cuda_reserved_mb': 2452, 'cuda_max_allocated_mb': 2226}
{'event': 'validation_start', 'epoch': 3}
{'event': 'validation_ranking_start', 'epoch': 3, 'max_edges': 30}
{'event': 'epoch_end', 'epoch': 3, 'early_stop_metric': 'val_composite', 'val_score': 0.3438927374798373, 'val_auc': 0.7361278533935546, 'val_ap': 0.4202663885696819, 'val_ndcg': 0.8618044281647156, 'val_mrr': 0.20239855408313806, 'val_hits@1': 0.16666666666666666, 'val_hits@10': 0.2833333333333333, 'val_hits@50': 0.2833333333333333, 'val_hits@100': 0.3, 'elapsed_sec': 285.76262641325593}
{'candidate': 'global_relpop_frozen_enhanced_probe_h96_r12_a12_p4x4_l1_neg1_lr0p001_hp2_relpopfix48_sr0p01_sa0p001_rl0p005_m0_bpr', 'seed': 1, 'composite': nan, 'val_auc': 0.7361278533935546, 'val_ap': 0.4202663885696819, 'val_ndcg': 0.8618044281647156, 'val_mrr': 0.20239855408313806, 'val_hits@1': 0.16666666666666666, 'val_hits@10': 0.2833333333333333, 'val_hits@50': 0.2833333333333333, 'val_hits@100': 0.3, 'train_loss': 28.901287626379574, 'train_lp': 0.4441507579997564, 'train_align': 5689.132040476187, 'train_kl': 61.39503130278526, 'train_ood_reg': 0.20697727914039904, 'train_meta': 0.4449498793229652, 'train_struct_aux': 2.906124452749888, 'train_weighted_align': 28.445659572091433, 'train_weighted_kl': 0.0061395029248183745, 'train_weighted_ood_reg': 0.00020697728924017446, 'train_weighted_meta': 0.0022247493370974925, 'train_weighted_struct_aux': 0.0029061245993197635, 'train_rank': 0.24026022558040822, 'train_weighted_rank': 0.0012013011013877052}
{'event': 'candidate_summary', 'candidate': 'global_relpop_frozen_enhanced_probe_h96_r12_a12_p4x4_l1_neg1_lr0p001_hp2_relpopfix48_sr0p01_sa0p001_rl0p005_m0_bpr', 'score': 0.3438927374798373, 'passes_metric_minima': True, 'means': {'val_auc': 0.7361278533935546, 'val_ap': 0.4202663885696819, 'val_mrr': 0.20239855408313806, 'val_hits@10': 0.2833333333333333, 'val_ndcg': 0.8618044281647156}, 'seeds_completed': 1}
{'event': 'candidate_seed_start', 'candidate': 'global_relpop_frozen_enhanced_probe_h96_r12_a12_p4x4_l1_neg1_lr0p001_hp2_relpopfix48_sr0p05_sa0p001_rl0p005_m0_bpr', 'seed': 1, 'device': 'cuda', 'node_text_device': 'cuda:0'}
{'event': 'train_seed_start', 'seed': 1, 'train_edges': 50000, 'val_edges': 162066, 'test_edges': 163172, 'num_nodes': 47433, 'num_relations': 566}
{'event': 'train_seed_tensors_ready', 'seed': 1, 'elapsed_sec': 0.01365174725651741, 'cuda_allocated_mb': 122, 'cuda_reserved_mb': 146, 'cuda_max_allocated_mb': 2226}
{'event': 'train_known_facts_ready', 'seed': 1, 'scope': 'train', 'edges': 50000, 'elapsed_sec': 0.019393503665924072}
{'event': 'train_known_facts_ready', 'seed': 1, 'scope': 'train_val', 'edges': 212066, 'elapsed_sec': 0.039316724985837936}
{'event': 'train_sampler_ready', 'seed': 1, 'elapsed_sec': 0.1603681482374668}
{'event': 'val_sampler_ready', 'seed': 1, 'elapsed_sec': 0.2804062068462372}
{'event': 'epoch_start', 'epoch': 1, 'epochs': 3, 'batches': 156, 'time_groups': 98}
{'event': 'train_time_group', 'epoch': 1, 'time_group': 1, 'time_groups': 98, 'batch': 0, 'batches': 156, 'time_value': 1900.0, 'group_batches': 1, 'history_edges': 0, 'elapsed_sec': 0.021943580359220505, 'cuda_allocated_mb': 123, 'cuda_reserved_mb': 146, 'cuda_max_allocated_mb': 2226}
{'event': 'train_progress', 'epoch': 1, 'batch': 1, 'batches': 156, 'time_group': 1, 'time_groups': 98, 'history_edges': 0, 'pos_edges': 252, 'neg_edges': 252, 'loss_recent': 22.97406005859375, 'elapsed_sec': 0.47555577754974365, 'avg_sec_per_batch': 0.47555577754974365, 'cuda_allocated_mb': 393, 'cuda_reserved_mb': 858, 'cuda_max_allocated_mb': 2226}
{'event': 'train_progress', 'epoch': 1, 'batch': 100, 'batches': 156, 'time_group': 70, 'time_groups': 98, 'history_edges': 30867, 'pos_edges': 92, 'neg_edges': 92, 'loss_recent': 28.000324138998984, 'elapsed_sec': 62.089194647967815, 'avg_sec_per_batch': 0.6208919464796782, 'cuda_allocated_mb': 466, 'cuda_reserved_mb': 2022, 'cuda_max_allocated_mb': 2226}
{'event': 'train_time_group', 'epoch': 1, 'time_group': 98, 'time_groups': 98, 'batch': 154, 'batches': 156, 'time_value': 1997.0, 'group_batches': 2, 'history_edges': 49206, 'elapsed_sec': 98.41900039464235, 'cuda_allocated_mb': 334, 'cuda_reserved_mb': 2304, 'cuda_max_allocated_mb': 2226}
{'event': 'train_progress', 'epoch': 1, 'batch': 156, 'batches': 156, 'time_group': 98, 'time_groups': 98, 'history_edges': 49206, 'pos_edges': 282, 'neg_edges': 282, 'loss_recent': 29.215149334669114, 'elapsed_sec': 99.90185437351465, 'avg_sec_per_batch': 0.6403965023943247, 'cuda_allocated_mb': 467, 'cuda_reserved_mb': 2344, 'cuda_max_allocated_mb': 2226}
{'event': 'validation_start', 'epoch': 1}
{'event': 'validation_ranking_start', 'epoch': 1, 'max_edges': 30}
{'event': 'epoch_end', 'epoch': 1, 'early_stop_metric': 'val_composite', 'val_score': 0.3347350744140823, 'val_auc': 0.7140434265136719, 'val_ap': 0.39007782481886943, 'val_ndcg': 0.8510000088692813, 'val_mrr': 0.2041757902906136, 'val_hits@1': 0.16666666666666666, 'val_hits@10': 0.26666666666666666, 'val_hits@50': 0.2833333333333333, 'val_hits@100': 0.3, 'elapsed_sec': 289.07582744956017}
{'event': 'epoch_start', 'epoch': 2, 'epochs': 3, 'batches': 156, 'time_groups': 98}
{'event': 'train_time_group', 'epoch': 2, 'time_group': 1, 'time_groups': 98, 'batch': 0, 'batches': 156, 'time_value': 1900.0, 'group_batches': 1, 'history_edges': 0, 'elapsed_sec': 0.05516514554619789, 'cuda_allocated_mb': 334, 'cuda_reserved_mb': 2452, 'cuda_max_allocated_mb': 2226}
{'event': 'train_progress', 'epoch': 2, 'batch': 1, 'batches': 156, 'time_group': 1, 'time_groups': 98, 'history_edges': 0, 'pos_edges': 252, 'neg_edges': 252, 'loss_recent': 23.141681671142578, 'elapsed_sec': 0.4944097474217415, 'avg_sec_per_batch': 0.4944097474217415, 'cuda_allocated_mb': 395, 'cuda_reserved_mb': 2452, 'cuda_max_allocated_mb': 2226}
{'event': 'train_progress', 'epoch': 2, 'batch': 100, 'batches': 156, 'time_group': 70, 'time_groups': 98, 'history_edges': 30867, 'pos_edges': 92, 'neg_edges': 92, 'loss_recent': 27.49771279335022, 'elapsed_sec': 62.72826624661684, 'avg_sec_per_batch': 0.6272826624661684, 'cuda_allocated_mb': 466, 'cuda_reserved_mb': 2452, 'cuda_max_allocated_mb': 2226}
{'event': 'train_time_group', 'epoch': 2, 'time_group': 98, 'time_groups': 98, 'batch': 154, 'batches': 156, 'time_value': 1997.0, 'group_batches': 2, 'history_edges': 49206, 'elapsed_sec': 88.66093104332685, 'cuda_allocated_mb': 334, 'cuda_reserved_mb': 2452, 'cuda_max_allocated_mb': 2226}
{'event': 'train_progress', 'epoch': 2, 'batch': 156, 'batches': 156, 'time_group': 98, 'time_groups': 98, 'history_edges': 49206, 'pos_edges': 282, 'neg_edges': 282, 'loss_recent': 29.097195786237716, 'elapsed_sec': 89.57104700431228, 'avg_sec_per_batch': 0.574173378232771, 'cuda_allocated_mb': 467, 'cuda_reserved_mb': 2452, 'cuda_max_allocated_mb': 2226}
{'event': 'validation_start', 'epoch': 2}
{'event': 'validation_ranking_start', 'epoch': 2, 'max_edges': 30}
{'event': 'epoch_end', 'epoch': 2, 'early_stop_metric': 'val_composite', 'val_score': 0.3415081722156858, 'val_auc': 0.7384708404541015, 'val_ap': 0.42119586365682365, 'val_ndcg': 0.8625103805778379, 'val_mrr': 0.20364175850668012, 'val_hits@1': 0.16666666666666666, 'val_hits@10': 0.26666666666666666, 'val_hits@50': 0.2833333333333333, 'val_hits@100': 0.3, 'elapsed_sec': 264.19554302841425}
{'event': 'epoch_start', 'epoch': 3, 'epochs': 3, 'batches': 156, 'time_groups': 98}
{'event': 'train_time_group', 'epoch': 3, 'time_group': 1, 'time_groups': 98, 'batch': 0, 'batches': 156, 'time_value': 1900.0, 'group_batches': 1, 'history_edges': 0, 'elapsed_sec': 0.04811377078294754, 'cuda_allocated_mb': 334, 'cuda_reserved_mb': 2452, 'cuda_max_allocated_mb': 2226}
{'event': 'train_progress', 'epoch': 3, 'batch': 1, 'batches': 156, 'time_group': 1, 'time_groups': 98, 'history_edges': 0, 'pos_edges': 252, 'neg_edges': 252, 'loss_recent': 22.955703735351562, 'elapsed_sec': 0.5030222609639168, 'avg_sec_per_batch': 0.5030222609639168, 'cuda_allocated_mb': 393, 'cuda_reserved_mb': 2452, 'cuda_max_allocated_mb': 2226}
{'event': 'train_progress', 'epoch': 3, 'batch': 100, 'batches': 156, 'time_group': 70, 'time_groups': 98, 'history_edges': 30867, 'pos_edges': 92, 'neg_edges': 92, 'loss_recent': 27.495234351158143, 'elapsed_sec': 62.37535057961941, 'avg_sec_per_batch': 0.623753505796194, 'cuda_allocated_mb': 467, 'cuda_reserved_mb': 2452, 'cuda_max_allocated_mb': 2226}
{'event': 'train_time_group', 'epoch': 3, 'time_group': 98, 'time_groups': 98, 'batch': 154, 'batches': 156, 'time_value': 1997.0, 'group_batches': 2, 'history_edges': 49206, 'elapsed_sec': 98.96258882433176, 'cuda_allocated_mb': 334, 'cuda_reserved_mb': 2452, 'cuda_max_allocated_mb': 2226}
{'event': 'train_progress', 'epoch': 3, 'batch': 156, 'batches': 156, 'time_group': 98, 'time_groups': 98, 'history_edges': 49206, 'pos_edges': 282, 'neg_edges': 282, 'loss_recent': 29.10573002874851, 'elapsed_sec': 100.53001660853624, 'avg_sec_per_batch': 0.6444231833880528, 'cuda_allocated_mb': 467, 'cuda_reserved_mb': 2452, 'cuda_max_allocated_mb': 2226}
{'event': 'validation_start', 'epoch': 3}
{'event': 'validation_ranking_start', 'epoch': 3, 'max_edges': 30}
{'event': 'epoch_end', 'epoch': 3, 'early_stop_metric': 'val_composite', 'val_score': 0.34381160803032884, 'val_auc': 0.735310935974121, 'val_ap': 0.42067195030685517, 'val_ndcg': 0.8618403057525521, 'val_mrr': 0.20218914288734535, 'val_hits@1': 0.16666666666666666, 'val_hits@10': 0.2833333333333333, 'val_hits@50': 0.2833333333333333, 'val_hits@100': 0.3, 'elapsed_sec': 290.6777336373925}
{'candidate': 'global_relpop_frozen_enhanced_probe_h96_r12_a12_p4x4_l1_neg1_lr0p001_hp2_relpopfix48_sr0p05_sa0p001_rl0p005_m0_bpr', 'seed': 1, 'composite': nan, 'val_auc': 0.735310935974121, 'val_ap': 0.42067195030685517, 'val_ndcg': 0.8618403057525521, 'val_mrr': 0.20218914288734535, 'val_hits@1': 0.16666666666666666, 'val_hits@10': 0.2833333333333333, 'val_hits@50': 0.2833333333333333, 'val_hits@100': 0.3, 'train_loss': 28.904166826835045, 'train_lp': 0.44723902413478267, 'train_align': 5689.136588194431, 'train_kl': 59.86075391754126, 'train_ood_reg': 0.2066408324127014, 'train_meta': 0.44805086341996986, 'train_struct_aux': 2.812633699331528, 'train_weighted_align': 28.4456822271817, 'train_weighted_kl': 0.005986075198192198, 'train_weighted_ood_reg': 0.00020664084215054454, 'train_weighted_meta': 0.0022402542664890345, 'train_weighted_struct_aux': 0.002812633837143389, 'train_rank': 0.24065005988515437, 'train_weighted_rank': 0.0012032502774952892}
{'event': 'candidate_summary', 'candidate': 'global_relpop_frozen_enhanced_probe_h96_r12_a12_p4x4_l1_neg1_lr0p001_hp2_relpopfix48_sr0p05_sa0p001_rl0p005_m0_bpr', 'score': 0.34381160803032884, 'passes_metric_minima': True, 'means': {'val_auc': 0.735310935974121, 'val_ap': 0.42067195030685517, 'val_mrr': 0.20218914288734535, 'val_hits@10': 0.2833333333333333, 'val_ndcg': 0.8618403057525521}, 'seeds_completed': 1}
