{'event': 'global_model_selection_poll', 'selection': 'results/global_model_formal_auto/validation_global_model_auto_selection.json', 'signature_ready': False, 'incomplete_required_roots': ['results/global_relpop_rep_enhanced_phase1'], 'sleep_sec': 300}
{'event': 'global_model_selection_poll', 'selection': 'results/global_model_formal_auto/validation_global_model_auto_selection.json', 'signature_ready': False, 'incomplete_required_roots': ['results/global_relpop_rep_enhanced_phase1'], 'sleep_sec': 300}
{'event': 'global_model_selection_poll', 'selection': 'results/global_model_formal_auto/validation_global_model_auto_selection.json', 'signature_ready': False, 'incomplete_required_roots': ['results/global_relpop_rep_enhanced_phase1'], 'sleep_sec': 300}
{'event': 'global_model_selection_poll', 'selection': 'results/global_model_formal_auto/validation_global_model_auto_selection.json', 'signature_ready': False, 'incomplete_required_roots': ['results/global_relpop_rep_enhanced_phase1'], 'sleep_sec': 300}
{'event': 'global_model_selection_poll', 'selection': 'results/global_model_formal_auto/validation_global_model_auto_selection.json', 'signature_ready': False, 'incomplete_required_roots': ['results/global_relpop_rep_enhanced_phase1'], 'sleep_sec': 300}
{'event': 'global_model_selection_poll', 'selection': 'results/global_model_formal_auto/validation_global_model_auto_selection.json', 'signature_ready': False, 'incomplete_required_roots': ['results/global_relpop_rep_enhanced_phase1'], 'sleep_sec': 300}
{'event': 'global_model_selection_poll', 'selection': 'results/global_model_formal_auto/validation_global_model_auto_selection.json', 'signature_ready': False, 'incomplete_required_roots': ['results/global_relpop_rep_enhanced_phase1'], 'sleep_sec': 300}
{'event': 'global_model_selection_poll', 'selection': 'results/global_model_formal_auto/validation_global_model_auto_selection.json', 'signature_ready': False, 'incomplete_required_roots': ['results/global_relpop_rep_enhanced_phase1'], 'sleep_sec': 300}
{'event': 'global_model_selection_poll', 'selection': 'results/global_model_formal_auto/validation_global_model_auto_selection.json', 'signature_ready': False, 'incomplete_required_roots': ['results/global_relpop_rep_enhanced_phase1'], 'sleep_sec': 300}
{'event': 'global_model_selection_poll', 'selection': 'results/global_model_formal_auto/validation_global_model_auto_selection.json', 'signature_ready': False, 'incomplete_required_roots': ['results/global_relpop_rep_enhanced_phase1'], 'sleep_sec': 300}
{'event': 'global_model_selection_poll', 'selection': 'results/global_model_formal_auto/validation_global_model_auto_selection.json', 'signature_ready': False, 'incomplete_required_roots': ['results/global_relpop_rep_enhanced_phase1'], 'sleep_sec': 300}
{'event': 'global_model_selection_poll', 'selection': 'results/global_model_formal_auto/validation_global_model_auto_selection.json', 'signature_ready': False, 'incomplete_required_roots': ['results/global_relpop_rep_enhanced_phase1'], 'sleep_sec': 300}
{'event': 'global_model_selection_poll', 'selection': 'results/global_model_formal_auto/validation_global_model_auto_selection.json', 'signature_ready': False, 'incomplete_required_roots': ['results/global_relpop_rep_enhanced_phase1'], 'sleep_sec': 300}
{'event': 'global_model_selection_poll', 'selection': 'results/global_model_formal_auto/validation_global_model_auto_selection.json', 'signature_ready': False, 'incomplete_required_roots': ['results/global_relpop_rep_enhanced_phase1'], 'sleep_sec': 300}
{'event': 'global_model_selection_poll', 'selection': 'results/global_model_formal_auto/validation_global_model_auto_selection.json', 'signature_ready': False, 'incomplete_required_roots': ['results/global_relpop_rep_enhanced_phase1'], 'sleep_sec': 300}
{'event': 'global_model_selection_poll', 'selection': 'results/global_model_formal_auto/validation_global_model_auto_selection.json', 'signature_ready': False, 'incomplete_required_roots': ['results/global_relpop_rep_enhanced_phase1'], 'sleep_sec': 300}
{'event': 'global_model_selection_poll', 'selection': 'results/global_model_formal_auto/validation_global_model_auto_selection.json', 'signature_ready': False, 'incomplete_required_roots': ['results/global_relpop_rep_enhanced_phase1'], 'sleep_sec': 300}
{'event': 'global_model_selection_poll', 'selection': 'results/global_model_formal_auto/validation_global_model_auto_selection.json', 'signature_ready': False, 'incomplete_required_roots': ['results/global_relpop_rep_enhanced_phase1'], 'sleep_sec': 300}
{'event': 'global_model_selection_poll', 'selection': 'results/global_model_formal_auto/validation_global_model_auto_selection.json', 'signature_ready': False, 'incomplete_required_roots': ['results/global_relpop_rep_enhanced_phase1'], 'sleep_sec': 300}
{'event': 'global_model_selection_poll', 'selection': 'results/global_model_formal_auto/validation_global_model_auto_selection.json', 'signature_ready': False, 'incomplete_required_roots': ['results/global_relpop_rep_enhanced_phase1'], 'sleep_sec': 300}
{'event': 'global_model_selection_poll', 'selection': 'results/global_model_formal_auto/validation_global_model_auto_selection.json', 'signature_ready': False, 'incomplete_required_roots': ['results/global_relpop_rep_enhanced_phase1'], 'sleep_sec': 300}
{'event': 'global_model_selection_poll', 'selection': 'results/global_model_formal_auto/validation_global_model_auto_selection.json', 'signature_ready': False, 'incomplete_required_roots': ['results/global_relpop_rep_enhanced_phase1'], 'sleep_sec': 300}
{'event': 'global_model_selection_poll', 'selection': 'results/global_model_formal_auto/validation_global_model_auto_selection.json', 'signature_ready': False, 'incomplete_required_roots': ['results/global_relpop_rep_enhanced_phase1'], 'sleep_sec': 300}
{'event': 'global_model_selection_poll', 'selection': 'results/global_model_formal_auto/validation_global_model_auto_selection.json', 'signature_ready': False, 'incomplete_required_roots': ['results/global_relpop_rep_enhanced_phase1'], 'sleep_sec': 300}
{'event': 'global_model_selection_poll', 'selection': 'results/global_model_formal_auto/validation_global_model_auto_selection.json', 'signature_ready': False, 'incomplete_required_roots': ['results/global_relpop_rep_enhanced_phase1'], 'sleep_sec': 300}
{'event': 'global_model_selection_poll', 'selection': 'results/global_model_formal_auto/validation_global_model_auto_selection.json', 'signature_ready': False, 'incomplete_required_roots': ['results/global_relpop_rep_enhanced_phase1'], 'sleep_sec': 300}
{'event': 'global_model_selection_poll', 'selection': 'results/global_model_formal_auto/validation_global_model_auto_selection.json', 'signature_ready': False, 'incomplete_required_roots': ['results/global_relpop_rep_enhanced_phase1'], 'sleep_sec': 300}
{'event': 'global_model_selection_poll', 'selection': 'results/global_model_formal_auto/validation_global_model_auto_selection.json', 'signature_ready': False, 'incomplete_required_roots': ['results/global_relpop_rep_enhanced_phase1'], 'sleep_sec': 300}
{'event': 'global_model_selection_poll', 'selection': 'results/global_model_formal_auto/validation_global_model_auto_selection.json', 'signature_ready': False, 'incomplete_required_roots': ['results/global_relpop_rep_enhanced_phase1'], 'sleep_sec': 300}
{'event': 'global_model_selection_poll', 'selection': 'results/global_model_formal_auto/validation_global_model_auto_selection.json', 'signature_ready': False, 'incomplete_required_roots': ['results/global_relpop_rep_enhanced_phase1'], 'sleep_sec': 300}
{'event': 'global_model_selection_poll', 'selection': 'results/global_model_formal_auto/validation_global_model_auto_selection.json', 'signature_ready': False, 'incomplete_required_roots': ['results/global_relpop_rep_enhanced_phase1'], 'sleep_sec': 300}
{'event': 'global_model_selection_poll', 'selection': 'results/global_model_formal_auto/validation_global_model_auto_selection.json', 'signature_ready': False, 'incomplete_required_roots': ['results/global_relpop_rep_enhanced_phase1'], 'sleep_sec': 300}
{'event': 'global_model_selection_poll', 'selection': 'results/global_model_formal_auto/validation_global_model_auto_selection.json', 'signature_ready': False, 'incomplete_required_roots': ['results/global_relpop_rep_enhanced_phase1'], 'sleep_sec': 300}
{'event': 'global_model_selection_poll', 'selection': 'results/global_model_formal_auto/validation_global_model_auto_selection.json', 'signature_ready': False, 'incomplete_required_roots': ['results/global_relpop_rep_enhanced_phase1'], 'sleep_sec': 300}
{'event': 'global_model_selection_poll', 'selection': 'results/global_model_formal_auto/validation_global_model_auto_selection.json', 'signature_ready': False, 'incomplete_required_roots': ['results/global_relpop_rep_enhanced_phase1'], 'sleep_sec': 300}
{'event': 'global_model_selection_poll', 'selection': 'results/global_model_formal_auto/validation_global_model_auto_selection.json', 'signature_ready': False, 'incomplete_required_roots': ['results/global_relpop_rep_enhanced_phase1'], 'sleep_sec': 300}
{'event': 'global_model_selection_poll', 'selection': 'results/global_model_formal_auto/validation_global_model_auto_selection.json', 'signature_ready': False, 'incomplete_required_roots': ['results/global_relpop_rep_enhanced_phase1'], 'sleep_sec': 300}
{'event': 'global_model_selection_poll', 'selection': 'results/global_model_formal_auto/validation_global_model_auto_selection.json', 'signature_ready': False, 'incomplete_required_roots': ['results/global_relpop_rep_enhanced_phase1'], 'sleep_sec': 300}
{'event': 'global_model_selection_poll', 'selection': 'results/global_model_formal_auto/validation_global_model_auto_selection.json', 'signature_ready': False, 'incomplete_required_roots': ['results/global_relpop_rep_enhanced_phase1'], 'sleep_sec': 300}
{'event': 'global_model_selection_poll', 'selection': 'results/global_model_formal_auto/validation_global_model_auto_selection.json', 'signature_ready': False, 'incomplete_required_roots': ['results/global_relpop_rep_enhanced_phase1'], 'sleep_sec': 300}
{'event': 'global_model_selection_poll', 'selection': 'results/global_model_formal_auto/validation_global_model_auto_selection.json', 'signature_ready': False, 'incomplete_required_roots': ['results/global_relpop_rep_enhanced_phase1'], 'sleep_sec': 300}
{'event': 'global_model_selection_poll', 'selection': 'results/global_model_formal_auto/validation_global_model_auto_selection.json', 'signature_ready': False, 'incomplete_required_roots': ['results/global_relpop_rep_enhanced_phase1'], 'sleep_sec': 300}
{'event': 'global_model_selection_poll', 'selection': 'results/global_model_formal_auto/validation_global_model_auto_selection.json', 'signature_ready': False, 'incomplete_required_roots': ['results/global_relpop_rep_enhanced_phase1'], 'sleep_sec': 300}
{'event': 'global_model_selection_poll', 'selection': 'results/global_model_formal_auto/validation_global_model_auto_selection.json', 'signature_ready': False, 'incomplete_required_roots': ['results/global_relpop_rep_enhanced_phase1'], 'sleep_sec': 300}
{'event': 'global_model_selection_poll', 'selection': 'results/global_model_formal_auto/validation_global_model_auto_selection.json', 'signature_ready': True, 'incomplete_required_roots': ['results/global_relpop_rep_enhanced_phase1'], 'sleep_sec': 300}
{'event': 'global_model_selection_poll', 'selection': 'results/global_model_formal_auto/validation_global_model_auto_selection.json', 'signature_ready': True, 'incomplete_required_roots': ['results/global_relpop_rep_enhanced_phase1'], 'sleep_sec': 300}
{'event': 'global_model_selection_poll', 'selection': 'results/global_model_formal_auto/validation_global_model_auto_selection.json', 'signature_ready': True, 'incomplete_required_roots': ['results/global_relpop_rep_enhanced_phase1'], 'sleep_sec': 300}
{'event': 'global_model_selection_poll', 'selection': 'results/global_model_formal_auto/validation_global_model_auto_selection.json', 'signature_ready': True, 'incomplete_required_roots': ['results/global_relpop_rep_enhanced_phase1'], 'sleep_sec': 300}
{'event': 'global_model_selection_poll', 'selection': 'results/global_model_formal_auto/validation_global_model_auto_selection.json', 'signature_ready': True, 'incomplete_required_roots': ['results/global_relpop_rep_enhanced_phase1'], 'sleep_sec': 300}
{'event': 'global_model_selection_poll', 'selection': 'results/global_model_formal_auto/validation_global_model_auto_selection.json', 'signature_ready': True, 'incomplete_required_roots': ['results/global_relpop_rep_enhanced_phase1'], 'sleep_sec': 300}
{'event': 'global_model_selection_poll', 'selection': 'results/global_model_formal_auto/validation_global_model_auto_selection.json', 'signature_ready': True, 'incomplete_required_roots': ['results/global_relpop_rep_enhanced_phase1'], 'sleep_sec': 300}
{'event': 'global_model_selection_poll', 'selection': 'results/global_model_formal_auto/validation_global_model_auto_selection.json', 'signature_ready': True, 'incomplete_required_roots': ['results/global_relpop_rep_enhanced_phase1'], 'sleep_sec': 300}
{'event': 'global_model_selection_poll', 'selection': 'results/global_model_formal_auto/validation_global_model_auto_selection.json', 'signature_ready': True, 'incomplete_required_roots': ['results/global_relpop_rep_enhanced_phase1'], 'sleep_sec': 300}
{'event': 'global_model_selection_poll', 'selection': 'results/global_model_formal_auto/validation_global_model_auto_selection.json', 'signature_ready': True, 'incomplete_required_roots': ['results/global_relpop_rep_enhanced_phase1'], 'sleep_sec': 300}
{'event': 'global_model_selection_poll', 'selection': 'results/global_model_formal_auto/validation_global_model_auto_selection.json', 'signature_ready': True, 'incomplete_required_roots': ['results/global_relpop_rep_enhanced_phase1'], 'sleep_sec': 300}
{'event': 'global_model_selection_poll', 'selection': 'results/global_model_formal_auto/validation_global_model_auto_selection.json', 'signature_ready': True, 'incomplete_required_roots': ['results/global_relpop_rep_enhanced_phase1'], 'sleep_sec': 300}
{'event': 'global_model_selection_poll', 'selection': 'results/global_model_formal_auto/validation_global_model_auto_selection.json', 'signature_ready': True, 'incomplete_required_roots': ['results/global_relpop_rep_enhanced_phase1'], 'sleep_sec': 300}
{'event': 'global_model_selection_poll', 'selection': 'results/global_model_formal_auto/validation_global_model_auto_selection.json', 'signature_ready': True, 'incomplete_required_roots': ['results/global_relpop_rep_enhanced_phase1'], 'sleep_sec': 300}
{'event': 'global_model_selection_poll', 'selection': 'results/global_model_formal_auto/validation_global_model_auto_selection.json', 'signature_ready': True, 'incomplete_required_roots': ['results/global_relpop_rep_enhanced_phase1'], 'sleep_sec': 300}
{'event': 'global_model_selection_poll', 'selection': 'results/global_model_formal_auto/validation_global_model_auto_selection.json', 'signature_ready': True, 'incomplete_required_roots': ['results/global_relpop_rep_enhanced_phase1'], 'sleep_sec': 300}
{'event': 'global_model_selection_poll', 'selection': 'results/global_model_formal_auto/validation_global_model_auto_selection.json', 'signature_ready': True, 'incomplete_required_roots': ['results/global_relpop_rep_enhanced_phase1'], 'sleep_sec': 300}
{'event': 'global_model_selection_poll', 'selection': 'results/global_model_formal_auto/validation_global_model_auto_selection.json', 'signature_ready': True, 'incomplete_required_roots': ['results/global_relpop_rep_enhanced_phase1'], 'sleep_sec': 300}
{'event': 'global_model_selection_poll', 'selection': 'results/global_model_formal_auto/validation_global_model_auto_selection.json', 'signature_ready': True, 'incomplete_required_roots': ['results/global_relpop_rep_enhanced_phase1'], 'sleep_sec': 300}
{'event': 'global_model_selection_poll', 'selection': 'results/global_model_formal_auto/validation_global_model_auto_selection.json', 'signature_ready': True, 'incomplete_required_roots': ['results/global_relpop_rep_enhanced_phase1'], 'sleep_sec': 300}
{'event': 'global_model_selection_poll', 'selection': 'results/global_model_formal_auto/validation_global_model_auto_selection.json', 'signature_ready': True, 'incomplete_required_roots': ['results/global_relpop_rep_enhanced_phase1'], 'sleep_sec': 300}
{'event': 'global_model_selection_poll', 'selection': 'results/global_model_formal_auto/validation_global_model_auto_selection.json', 'signature_ready': True, 'incomplete_required_roots': ['results/global_relpop_rep_enhanced_phase1'], 'sleep_sec': 300}
{'event': 'global_model_selection_poll', 'selection': 'results/global_model_formal_auto/validation_global_model_auto_selection.json', 'signature_ready': True, 'incomplete_required_roots': ['results/global_relpop_rep_enhanced_phase1'], 'sleep_sec': 300}
{'event': 'global_model_selection_poll', 'selection': 'results/global_model_formal_auto/validation_global_model_auto_selection.json', 'signature_ready': True, 'incomplete_required_roots': ['results/global_relpop_rep_enhanced_phase1'], 'sleep_sec': 300}
{'event': 'global_model_selection_poll', 'selection': 'results/global_model_formal_auto/validation_global_model_auto_selection.json', 'signature_ready': True, 'incomplete_required_roots': ['results/global_relpop_rep_enhanced_phase1'], 'sleep_sec': 300}
{'event': 'global_model_selection_poll', 'selection': 'results/global_model_formal_auto/validation_global_model_auto_selection.json', 'signature_ready': True, 'incomplete_required_roots': ['results/global_relpop_rep_enhanced_phase1'], 'sleep_sec': 300}
{'event': 'global_model_selection_poll', 'selection': 'results/global_model_formal_auto/validation_global_model_auto_selection.json', 'signature_ready': True, 'incomplete_required_roots': ['results/global_relpop_rep_enhanced_phase1'], 'sleep_sec': 300}
{'event': 'global_model_selection_poll', 'selection': 'results/global_model_formal_auto/validation_global_model_auto_selection.json', 'signature_ready': True, 'incomplete_required_roots': ['results/global_relpop_rep_enhanced_phase1'], 'sleep_sec': 300}
{'event': 'global_model_selection_poll', 'selection': 'results/global_model_formal_auto/validation_global_model_auto_selection.json', 'signature_ready': True, 'incomplete_required_roots': ['results/global_relpop_rep_enhanced_phase1'], 'sleep_sec': 300}
{'event': 'global_model_selection_poll', 'selection': 'results/global_model_formal_auto/validation_global_model_auto_selection.json', 'signature_ready': True, 'incomplete_required_roots': ['results/global_relpop_rep_enhanced_phase1'], 'sleep_sec': 300}
{'event': 'global_model_selection_poll', 'selection': 'results/global_model_formal_auto/validation_global_model_auto_selection.json', 'signature_ready': True, 'incomplete_required_roots': ['results/global_relpop_rep_enhanced_phase1'], 'sleep_sec': 300}
{'event': 'global_model_selection_poll', 'selection': 'results/global_model_formal_auto/validation_global_model_auto_selection.json', 'signature_ready': True, 'incomplete_required_roots': ['results/global_relpop_rep_enhanced_phase1'], 'sleep_sec': 300}
{'event': 'global_model_selection_poll', 'selection': 'results/global_model_formal_auto/validation_global_model_auto_selection.json', 'signature_ready': True, 'incomplete_required_roots': ['results/global_relpop_rep_enhanced_phase1'], 'sleep_sec': 300}
{'event': 'global_model_selection_poll', 'selection': 'results/global_model_formal_auto/validation_global_model_auto_selection.json', 'signature_ready': True, 'incomplete_required_roots': ['results/global_relpop_rep_enhanced_phase1'], 'sleep_sec': 300}
{'event': 'global_model_selection_poll', 'selection': 'results/global_model_formal_auto/validation_global_model_auto_selection.json', 'signature_ready': True, 'incomplete_required_roots': ['results/global_relpop_rep_enhanced_phase1'], 'sleep_sec': 300}
{'event': 'global_model_selection_poll', 'selection': 'results/global_model_formal_auto/validation_global_model_auto_selection.json', 'signature_ready': True, 'incomplete_required_roots': ['results/global_relpop_rep_enhanced_phase1'], 'sleep_sec': 300}
{'event': 'global_model_selection_poll', 'selection': 'results/global_model_formal_auto/validation_global_model_auto_selection.json', 'signature_ready': True, 'incomplete_required_roots': ['results/global_relpop_rep_enhanced_phase1'], 'sleep_sec': 300}
{'event': 'global_model_selection_poll', 'selection': 'results/global_model_formal_auto/validation_global_model_auto_selection.json', 'signature_ready': True, 'incomplete_required_roots': ['results/global_relpop_rep_enhanced_phase1'], 'sleep_sec': 300}
{'event': 'global_model_selection_poll', 'selection': 'results/global_model_formal_auto/validation_global_model_auto_selection.json', 'signature_ready': True, 'incomplete_required_roots': ['results/global_relpop_rep_enhanced_phase1'], 'sleep_sec': 300}
{'event': 'global_model_selection_poll', 'selection': 'results/global_model_formal_auto/validation_global_model_auto_selection.json', 'signature_ready': True, 'incomplete_required_roots': ['results/global_relpop_rep_enhanced_phase1'], 'sleep_sec': 300}
{'event': 'global_model_selection_poll', 'selection': 'results/global_model_formal_auto/validation_global_model_auto_selection.json', 'signature_ready': True, 'incomplete_required_roots': ['results/global_relpop_rep_enhanced_phase1'], 'sleep_sec': 300}
{'event': 'global_model_selection_poll', 'selection': 'results/global_model_formal_auto/validation_global_model_auto_selection.json', 'signature_ready': True, 'incomplete_required_roots': ['results/global_relpop_rep_enhanced_phase1'], 'sleep_sec': 300}
{'event': 'global_model_selection_poll', 'selection': 'results/global_model_formal_auto/validation_global_model_auto_selection.json', 'signature_ready': True, 'incomplete_required_roots': ['results/global_relpop_rep_enhanced_phase1'], 'sleep_sec': 300}
{'event': 'global_model_auto_selected', 'signature': '99f5ead1c915', 'selection': 'results/global_model_formal_auto/validation_global_model_auto_selection.json'}
{'event': 'global_model_selected', 'signature': '99f5ead1c915', 'selection': 'results/global_model_formal_auto/global_model_99f5ead1c915_selection.json'}
{'event': 'global_formal_ready', 'dataset': 'icews14', 'model_signature': '99f5ead1c915', 'candidate': 'global_relpop_rep_enhanced_probe_h96_r12_a12_p4x4_l1_neg1_lr0p001_hp1_relpopfix48_sr0p01_sa0p001_rep8s0p02_rl0p001_m0_bpr', 'config': 'configs/auto_target/ssptgfm_icews14_global_99f5ead1c915.yaml', 'output': 'results/global_model_formal_auto/ssptgfm_icews14_global_99f5ead1c915', 'dry_run': False}
{'event': 'global_formal_done', 'dataset': 'icews14', 'compare': 'results/global_model_formal_auto/compare_icews14_global_99f5ead1c915.csv'}
{'event': 'global_formal_ready', 'dataset': 'icews05_15', 'model_signature': '99f5ead1c915', 'candidate': 'global_relpop_rep_enhanced_probe_h96_r12_a12_p4x4_l1_neg1_lr0p001_hp1_relpopfix48_sr0p01_sa0p001_rep8s0p02_rl0p001_m0_bpr', 'config': 'configs/auto_target/ssptgfm_icews05_15_global_99f5ead1c915.yaml', 'output': 'results/global_model_formal_auto/ssptgfm_icews05_15_global_99f5ead1c915', 'dry_run': False}
{'event': 'global_formal_done', 'dataset': 'icews05_15', 'compare': 'results/global_model_formal_auto/compare_icews05_15_global_99f5ead1c915.csv'}
{'event': 'global_formal_ready', 'dataset': 'tgb_smallpedia', 'model_signature': '99f5ead1c915', 'candidate': 'global_relpop_rep_enhanced_probe_h96_r12_a12_p4x4_l1_neg1_lr0p001_hp1_relpopfix48_sr0p01_sa0p001_rep8s0p02_rl0p001_m0_bpr', 'config': 'configs/auto_target/ssptgfm_tgb_smallpedia_global_99f5ead1c915.yaml', 'output': 'results/global_model_formal_auto/ssptgfm_tgb_smallpedia_global_99f5ead1c915', 'dry_run': False}
{'event': 'global_formal_done', 'dataset': 'tgb_smallpedia', 'compare': 'results/global_model_formal_auto/compare_tgb_smallpedia_global_99f5ead1c915.csv'}
{'event': 'global_formal_ready', 'dataset': 'tgb_yago', 'model_signature': '99f5ead1c915', 'candidate': 'global_relpop_rep_enhanced_probe_h96_r12_a12_p4x4_l1_neg1_lr0p001_hp1_relpopfix48_sr0p01_sa0p001_rep8s0p02_rl0p001_m0_bpr', 'config': 'configs/auto_target/ssptgfm_tgb_yago_global_99f5ead1c915.yaml', 'output': 'results/global_model_formal_auto/ssptgfm_tgb_yago_global_99f5ead1c915', 'dry_run': False}
{'event': 'global_formal_done', 'dataset': 'tgb_yago', 'compare': 'results/global_model_formal_auto/compare_tgb_yago_global_99f5ead1c915.csv'}
{'event': 'global_formal_ready', 'dataset': 'yago15k_temporal', 'model_signature': '99f5ead1c915', 'candidate': 'global_relpop_rep_enhanced_probe_h96_r12_a12_p4x4_l1_neg1_lr0p001_hp1_relpopfix48_sr0p01_sa0p001_rep8s0p02_rl0p001_m0_bpr', 'config': 'configs/auto_target/ssptgfm_yago15k_temporal_global_99f5ead1c915.yaml', 'output': 'results/global_model_formal_auto/ssptgfm_yago15k_temporal_global_99f5ead1c915', 'dry_run': False}
{'event': 'global_formal_done', 'dataset': 'yago15k_temporal', 'compare': 'results/global_model_formal_auto/compare_yago15k_temporal_global_99f5ead1c915.csv'}
