runtime_device=cuda
cuda_device=Tesla V100-PCIE-32GB
{'event': 'candidate_seed_start', 'candidate': 'global_relpop_frozen_epsilon_probe_h96_r12_a12_p4x4_l1_neg1_lr0p001_hp1_relpopfix48_sr0p001_sa0p001_rl0p001_m0_bpr', 'seed': 1, 'device': 'cuda', 'node_text_device': 'cuda:0'}
{'event': 'train_seed_start', 'seed': 1, 'train_edges': 3244, 'val_edges': 6738, 'test_edges': 26719, 'num_nodes': 4197, 'num_relations': 19}
{'event': 'train_seed_tensors_ready', 'seed': 1, 'elapsed_sec': 0.016824398189783096, 'cuda_allocated_mb': 9, 'cuda_reserved_mb': 22, 'cuda_max_allocated_mb': 9}
{'event': 'train_known_facts_ready', 'seed': 1, 'scope': 'train', 'edges': 3244, 'elapsed_sec': 0.018773607909679413}
{'event': 'train_known_facts_ready', 'seed': 1, 'scope': 'train_val', 'edges': 9982, 'elapsed_sec': 0.020184367895126343}
{'event': 'train_sampler_ready', 'seed': 1, 'elapsed_sec': 0.024155430495738983}
{'event': 'val_sampler_ready', 'seed': 1, 'elapsed_sec': 0.027682490646839142}
{'event': 'epoch_start', 'epoch': 1, 'epochs': 1, 'batches': 118, 'time_groups': 118}
{'event': 'train_time_group', 'epoch': 1, 'time_group': 1, 'time_groups': 118, 'batch': 0, 'batches': 118, 'time_value': 600.0, 'group_batches': 1, 'history_edges': 0, 'elapsed_sec': 0.015943072736263275, 'cuda_allocated_mb': 9, 'cuda_reserved_mb': 24, 'cuda_max_allocated_mb': 9}
{'event': 'train_progress', 'epoch': 1, 'batch': 1, 'batches': 118, 'time_group': 1, 'time_groups': 118, 'history_edges': 0, 'pos_edges': 1, 'neg_edges': 1, 'loss_recent': 0.6802968978881836, 'elapsed_sec': 1.1522894576191902, 'avg_sec_per_batch': 1.1522894576191902, 'cuda_allocated_mb': 44, 'cuda_reserved_mb': 90, 'cuda_max_allocated_mb': 80}
{'event': 'train_progress', 'epoch': 1, 'batch': 100, 'batches': 118, 'time_group': 100, 'time_groups': 118, 'history_edges': 2144, 'pos_edges': 38, 'neg_edges': 38, 'loss_recent': 1.7387264418601989, 'elapsed_sec': 34.51878937333822, 'avg_sec_per_batch': 0.3451878937333822, 'cuda_allocated_mb': 46, 'cuda_reserved_mb': 202, 'cuda_max_allocated_mb': 169}
{'event': 'train_time_group', 'epoch': 1, 'time_group': 118, 'time_groups': 118, 'batch': 117, 'batches': 118, 'time_value': 1966.0, 'group_batches': 1, 'history_edges': 3153, 'elapsed_sec': 42.601495046168566, 'cuda_allocated_mb': 45, 'cuda_reserved_mb': 222, 'cuda_max_allocated_mb': 189}
{'event': 'train_progress', 'epoch': 1, 'batch': 118, 'batches': 118, 'time_group': 118, 'time_groups': 118, 'history_edges': 3153, 'pos_edges': 91, 'neg_edges': 91, 'loss_recent': 2.322633211016655, 'elapsed_sec': 43.259825229644775, 'avg_sec_per_batch': 0.36660868838682015, 'cuda_allocated_mb': 48, 'cuda_reserved_mb': 222, 'cuda_max_allocated_mb': 192}
{'event': 'validation_start', 'epoch': 1}
{'event': 'validation_ranking_start', 'epoch': 1, 'max_edges': 10}
{'event': 'epoch_end', 'epoch': 1, 'early_stop_metric': 'val_composite', 'val_score': 0.1535166038110111, 'val_auc': 0.6192108154296875, 'val_ap': 0.26251713358822926, 'val_ndcg': 0.7833077375703916, 'val_mrr': 0.009695438488506309, 'val_hits@1': 0.0, 'val_hits@10': 0.0, 'val_hits@50': 0.25, 'val_hits@100': 0.25, 'elapsed_sec': 55.017028510570526}
{'candidate': 'global_relpop_frozen_epsilon_probe_h96_r12_a12_p4x4_l1_neg1_lr0p001_hp1_relpopfix48_sr0p001_sa0p001_rl0p001_m0_bpr', 'seed': 1, 'composite': nan, 'val_auc': 0.6192108154296875, 'val_ap': 0.26251713358822926, 'val_ndcg': 0.7833077375703916, 'val_mrr': 0.009695438488506309, 'val_hits@1': 0.0, 'val_hits@10': 0.0, 'val_hits@50': 0.25, 'val_hits@100': 0.25, 'train_loss': 2.073715607998735, 'train_lp': 0.4374250302375373, 'train_align': 308.94997987100635, 'train_kl': 882.3712409714522, 'train_ood_reg': 0.21950544568441682, 'train_meta': 0.44234424955764057, 'train_struct_aux': 0.8723732402264062, 'train_weighted_align': 1.544749866160801, 'train_weighted_kl': 0.08823712191039348, 'train_weighted_ood_reg': 0.00021950545598914593, 'train_weighted_meta': 0.002211721198656991, 'train_weighted_struct_aux': 0.0008723732824950337, 'train_rank': 0.3209831873744221, 'train_weighted_rank': 0.0003209832026741578}
{'event': 'candidate_summary', 'candidate': 'global_relpop_frozen_epsilon_probe_h96_r12_a12_p4x4_l1_neg1_lr0p001_hp1_relpopfix48_sr0p001_sa0p001_rl0p001_m0_bpr', 'score': 0.1535166038110111, 'passes_metric_minima': True, 'means': {'val_auc': 0.6192108154296875, 'val_ap': 0.26251713358822926, 'val_mrr': 0.009695438488506309, 'val_hits@10': 0.0, 'val_ndcg': 0.7833077375703916}, 'seeds_completed': 1}
{'event': 'candidate_seed_start', 'candidate': 'global_relpop_frozen_epsilon_probe_h96_r12_a12_p4x4_l1_neg1_lr0p001_hp1_relpopfix48_sr0p01_sa0p001_rl0p001_m0_bpr', 'seed': 1, 'device': 'cuda', 'node_text_device': 'cuda:0'}
{'event': 'train_seed_start', 'seed': 1, 'train_edges': 3244, 'val_edges': 6738, 'test_edges': 26719, 'num_nodes': 4197, 'num_relations': 19}
{'event': 'train_seed_tensors_ready', 'seed': 1, 'elapsed_sec': 0.05908111110329628, 'cuda_allocated_mb': 25, 'cuda_reserved_mb': 42, 'cuda_max_allocated_mb': 192}
{'event': 'train_known_facts_ready', 'seed': 1, 'scope': 'train', 'edges': 3244, 'elapsed_sec': 0.06184162199497223}
{'event': 'train_known_facts_ready', 'seed': 1, 'scope': 'train_val', 'edges': 9982, 'elapsed_sec': 0.06348784640431404}
{'event': 'train_sampler_ready', 'seed': 1, 'elapsed_sec': 0.06976685300469398}
{'event': 'val_sampler_ready', 'seed': 1, 'elapsed_sec': 0.07473813369870186}
{'event': 'epoch_start', 'epoch': 1, 'epochs': 1, 'batches': 118, 'time_groups': 118}
{'event': 'train_time_group', 'epoch': 1, 'time_group': 1, 'time_groups': 118, 'batch': 0, 'batches': 118, 'time_value': 600.0, 'group_batches': 1, 'history_edges': 0, 'elapsed_sec': 0.007622122764587402, 'cuda_allocated_mb': 26, 'cuda_reserved_mb': 44, 'cuda_max_allocated_mb': 192}
{'event': 'train_progress', 'epoch': 1, 'batch': 1, 'batches': 118, 'time_group': 1, 'time_groups': 118, 'history_edges': 0, 'pos_edges': 1, 'neg_edges': 1, 'loss_recent': 0.6802196502685547, 'elapsed_sec': 0.1783558428287506, 'avg_sec_per_batch': 0.1783558428287506, 'cuda_allocated_mb': 44, 'cuda_reserved_mb': 90, 'cuda_max_allocated_mb': 192}
{'event': 'train_progress', 'epoch': 1, 'batch': 100, 'batches': 118, 'time_group': 100, 'time_groups': 118, 'history_edges': 2144, 'pos_edges': 38, 'neg_edges': 38, 'loss_recent': 1.7383485928177833, 'elapsed_sec': 33.486084926873446, 'avg_sec_per_batch': 0.33486084926873444, 'cuda_allocated_mb': 46, 'cuda_reserved_mb': 202, 'cuda_max_allocated_mb': 192}
{'event': 'train_time_group', 'epoch': 1, 'time_group': 118, 'time_groups': 118, 'batch': 117, 'batches': 118, 'time_value': 1966.0, 'group_batches': 1, 'history_edges': 3153, 'elapsed_sec': 41.5261781103909, 'cuda_allocated_mb': 45, 'cuda_reserved_mb': 222, 'cuda_max_allocated_mb': 192}
{'event': 'train_progress', 'epoch': 1, 'batch': 118, 'batches': 118, 'time_group': 118, 'time_groups': 118, 'history_edges': 3153, 'pos_edges': 91, 'neg_edges': 91, 'loss_recent': 2.322358674108982, 'elapsed_sec': 42.04923847690225, 'avg_sec_per_batch': 0.35634947861781563, 'cuda_allocated_mb': 48, 'cuda_reserved_mb': 222, 'cuda_max_allocated_mb': 192}
{'event': 'validation_start', 'epoch': 1}
{'event': 'validation_ranking_start', 'epoch': 1, 'max_edges': 10}
{'event': 'epoch_end', 'epoch': 1, 'early_stop_metric': 'val_composite', 'val_score': 0.1536818122677459, 'val_auc': 0.6181610107421874, 'val_ap': 0.26265390743896705, 'val_ndcg': 0.7836493932570271, 'val_mrr': 0.01002147257817755, 'val_hits@1': 0.0, 'val_hits@10': 0.0, 'val_hits@50': 0.25, 'val_hits@100': 0.25, 'elapsed_sec': 51.83837487176061}
{'candidate': 'global_relpop_frozen_epsilon_probe_h96_r12_a12_p4x4_l1_neg1_lr0p001_hp1_relpopfix48_sr0p01_sa0p001_rl0p001_m0_bpr', 'seed': 1, 'composite': nan, 'val_auc': 0.6181610107421874, 'val_ap': 0.26265390743896705, 'val_ndcg': 0.7836493932570271, 'val_mrr': 0.01002147257817755, 'val_hits@1': 0.0, 'val_hits@10': 0.0, 'val_hits@50': 0.25, 'val_hits@100': 0.25, 'train_loss': 2.0734043881549673, 'train_lp': 0.4370483468144627, 'train_align': 308.952023821362, 'train_kl': 882.2740347587456, 'train_ood_reg': 0.21940876972877374, 'train_meta': 0.4421695312011545, 'train_struct_aux': 0.938301061927262, 'train_weighted_align': 1.5447600853582055, 'train_weighted_kl': 0.08822740092321094, 'train_weighted_ood_reg': 0.0002194087797237197, 'train_weighted_meta': 0.002210847598843876, 'train_weighted_struct_aux': 0.0009383011044010962, 'train_rank': 0.3207474203180459, 'train_weighted_rank': 0.0003207474367365525}
{'event': 'candidate_summary', 'candidate': 'global_relpop_frozen_epsilon_probe_h96_r12_a12_p4x4_l1_neg1_lr0p001_hp1_relpopfix48_sr0p01_sa0p001_rl0p001_m0_bpr', 'score': 0.1536818122677459, 'passes_metric_minima': True, 'means': {'val_auc': 0.6181610107421874, 'val_ap': 0.26265390743896705, 'val_mrr': 0.01002147257817755, 'val_hits@10': 0.0, 'val_ndcg': 0.7836493932570271}, 'seeds_completed': 1}
{'event': 'candidate_seed_start', 'candidate': 'global_relpop_frozen_epsilon_probe_h96_r12_a12_p4x4_l1_neg1_lr0p001_hp1_relpopfix48_sr0p05_sa0p001_rl0p001_m0_bpr', 'seed': 1, 'device': 'cuda', 'node_text_device': 'cuda:0'}
{'event': 'train_seed_start', 'seed': 1, 'train_edges': 3244, 'val_edges': 6738, 'test_edges': 26719, 'num_nodes': 4197, 'num_relations': 19}
{'event': 'train_seed_tensors_ready', 'seed': 1, 'elapsed_sec': 0.06466632336378098, 'cuda_allocated_mb': 25, 'cuda_reserved_mb': 42, 'cuda_max_allocated_mb': 192}
{'event': 'train_known_facts_ready', 'seed': 1, 'scope': 'train', 'edges': 3244, 'elapsed_sec': 0.06633611023426056}
{'event': 'train_known_facts_ready', 'seed': 1, 'scope': 'train_val', 'edges': 9982, 'elapsed_sec': 0.06789757311344147}
{'event': 'train_sampler_ready', 'seed': 1, 'elapsed_sec': 0.07299703732132912}
{'event': 'val_sampler_ready', 'seed': 1, 'elapsed_sec': 0.07736994698643684}
{'event': 'epoch_start', 'epoch': 1, 'epochs': 1, 'batches': 118, 'time_groups': 118}
{'event': 'train_time_group', 'epoch': 1, 'time_group': 1, 'time_groups': 118, 'batch': 0, 'batches': 118, 'time_value': 600.0, 'group_batches': 1, 'history_edges': 0, 'elapsed_sec': 0.006003476679325104, 'cuda_allocated_mb': 26, 'cuda_reserved_mb': 44, 'cuda_max_allocated_mb': 192}
{'event': 'train_progress', 'epoch': 1, 'batch': 1, 'batches': 118, 'time_group': 1, 'time_groups': 118, 'history_edges': 0, 'pos_edges': 1, 'neg_edges': 1, 'loss_recent': 0.6799085140228271, 'elapsed_sec': 0.19083897024393082, 'avg_sec_per_batch': 0.19083897024393082, 'cuda_allocated_mb': 44, 'cuda_reserved_mb': 90, 'cuda_max_allocated_mb': 192}
{'event': 'train_progress', 'epoch': 1, 'batch': 100, 'batches': 118, 'time_group': 100, 'time_groups': 118, 'history_edges': 2144, 'pos_edges': 38, 'neg_edges': 38, 'loss_recent': 1.7351082876324653, 'elapsed_sec': 31.85330882295966, 'avg_sec_per_batch': 0.31853308822959664, 'cuda_allocated_mb': 46, 'cuda_reserved_mb': 202, 'cuda_max_allocated_mb': 192}
{'event': 'train_time_group', 'epoch': 1, 'time_group': 118, 'time_groups': 118, 'batch': 117, 'batches': 118, 'time_value': 1966.0, 'group_batches': 1, 'history_edges': 3153, 'elapsed_sec': 39.24323811382055, 'cuda_allocated_mb': 45, 'cuda_reserved_mb': 222, 'cuda_max_allocated_mb': 192}
{'event': 'train_progress', 'epoch': 1, 'batch': 118, 'batches': 118, 'time_group': 118, 'time_groups': 118, 'history_edges': 3153, 'pos_edges': 91, 'neg_edges': 91, 'loss_recent': 2.317441062927246, 'elapsed_sec': 39.83495857566595, 'avg_sec_per_batch': 0.3375843947090335, 'cuda_allocated_mb': 48, 'cuda_reserved_mb': 222, 'cuda_max_allocated_mb': 192}
{'event': 'validation_start', 'epoch': 1}
{'event': 'validation_ranking_start', 'epoch': 1, 'max_edges': 10}
{'event': 'epoch_end', 'epoch': 1, 'early_stop_metric': 'val_composite', 'val_score': 0.1544275154061534, 'val_auc': 0.6229095458984375, 'val_ap': 0.26384786799354365, 'val_ndcg': 0.7837049640866467, 'val_mrr': 0.010668723007070611, 'val_hits@1': 0.0, 'val_hits@10': 0.0, 'val_hits@50': 0.2, 'val_hits@100': 0.25, 'elapsed_sec': 50.54907798394561}
{'candidate': 'global_relpop_frozen_epsilon_probe_h96_r12_a12_p4x4_l1_neg1_lr0p001_hp1_relpopfix48_sr0p05_sa0p001_rl0p001_m0_bpr', 'seed': 1, 'composite': nan, 'val_auc': 0.6229095458984375, 'val_ap': 0.26384786799354365, 'val_ndcg': 0.7837049640866467, 'val_mrr': 0.010668723007070611, 'val_hits@1': 0.0, 'val_hits@10': 0.0, 'val_hits@50': 0.2, 'val_hits@100': 0.25, 'train_loss': 2.0689386293544607, 'train_lp': 0.43528073685149016, 'train_align': 308.3488890579191, 'train_kl': 884.3378608186366, 'train_ood_reg': 0.21918931489778778, 'train_meta': 0.4404795359883268, 'train_struct_aux': 1.058101200451285, 'train_weighted_align': 1.5417444141329093, 'train_weighted_kl': 0.08843378349349408, 'train_weighted_ood_reg': 0.0002191893252498723, 'train_weighted_meta': 0.0022023976319252465, 'train_weighted_struct_aux': 0.0010581012539983869, 'train_rank': 0.3195247877452333, 'train_weighted_rank': 0.00031952480344058377}
{'event': 'candidate_summary', 'candidate': 'global_relpop_frozen_epsilon_probe_h96_r12_a12_p4x4_l1_neg1_lr0p001_hp1_relpopfix48_sr0p05_sa0p001_rl0p001_m0_bpr', 'score': 0.1544275154061534, 'passes_metric_minima': True, 'means': {'val_auc': 0.6229095458984375, 'val_ap': 0.26384786799354365, 'val_mrr': 0.010668723007070611, 'val_hits@10': 0.0, 'val_ndcg': 0.7837049640866467}, 'seeds_completed': 1}
{'event': 'candidate_seed_start', 'candidate': 'global_relpop_frozen_epsilon_probe_h96_r12_a12_p4x4_l1_neg1_lr0p001_hp1_relpopfix48_sr0p001_sa0p001_rl0p005_m0_bpr', 'seed': 1, 'device': 'cuda', 'node_text_device': 'cuda:0'}
{'event': 'train_seed_start', 'seed': 1, 'train_edges': 3244, 'val_edges': 6738, 'test_edges': 26719, 'num_nodes': 4197, 'num_relations': 19}
{'event': 'train_seed_tensors_ready', 'seed': 1, 'elapsed_sec': 0.043387480080127716, 'cuda_allocated_mb': 25, 'cuda_reserved_mb': 42, 'cuda_max_allocated_mb': 192}
{'event': 'train_known_facts_ready', 'seed': 1, 'scope': 'train', 'edges': 3244, 'elapsed_sec': 0.04500492662191391}
{'event': 'train_known_facts_ready', 'seed': 1, 'scope': 'train_val', 'edges': 9982, 'elapsed_sec': 0.04637639597058296}
{'event': 'train_sampler_ready', 'seed': 1, 'elapsed_sec': 0.05035367235541344}
{'event': 'val_sampler_ready', 'seed': 1, 'elapsed_sec': 0.05405078083276749}
{'event': 'epoch_start', 'epoch': 1, 'epochs': 1, 'batches': 118, 'time_groups': 118}
{'event': 'train_time_group', 'epoch': 1, 'time_group': 1, 'time_groups': 118, 'batch': 0, 'batches': 118, 'time_value': 600.0, 'group_batches': 1, 'history_edges': 0, 'elapsed_sec': 0.00842675194144249, 'cuda_allocated_mb': 26, 'cuda_reserved_mb': 44, 'cuda_max_allocated_mb': 192}
{'event': 'train_progress', 'epoch': 1, 'batch': 1, 'batches': 118, 'time_group': 1, 'time_groups': 118, 'history_edges': 0, 'pos_edges': 1, 'neg_edges': 1, 'loss_recent': 0.6802968978881836, 'elapsed_sec': 0.18163352087140083, 'avg_sec_per_batch': 0.18163352087140083, 'cuda_allocated_mb': 44, 'cuda_reserved_mb': 90, 'cuda_max_allocated_mb': 192}
{'event': 'train_progress', 'epoch': 1, 'batch': 100, 'batches': 118, 'time_group': 100, 'time_groups': 118, 'history_edges': 2144, 'pos_edges': 38, 'neg_edges': 38, 'loss_recent': 1.7395169925689697, 'elapsed_sec': 33.3092887699604, 'avg_sec_per_batch': 0.33309288769960405, 'cuda_allocated_mb': 46, 'cuda_reserved_mb': 202, 'cuda_max_allocated_mb': 192}
{'event': 'train_time_group', 'epoch': 1, 'time_group': 118, 'time_groups': 118, 'batch': 117, 'batches': 118, 'time_value': 1966.0, 'group_batches': 1, 'history_edges': 3153, 'elapsed_sec': 41.415457125753164, 'cuda_allocated_mb': 45, 'cuda_reserved_mb': 222, 'cuda_max_allocated_mb': 192}
{'event': 'train_progress', 'epoch': 1, 'batch': 118, 'batches': 118, 'time_group': 118, 'time_groups': 118, 'history_edges': 3153, 'pos_edges': 91, 'neg_edges': 91, 'loss_recent': 2.3236544805765154, 'elapsed_sec': 42.002897031605244, 'avg_sec_per_batch': 0.3559567545051292, 'cuda_allocated_mb': 48, 'cuda_reserved_mb': 222, 'cuda_max_allocated_mb': 192}
{'event': 'validation_start', 'epoch': 1}
{'event': 'validation_ranking_start', 'epoch': 1, 'max_edges': 10}
{'event': 'epoch_end', 'epoch': 1, 'early_stop_metric': 'val_composite', 'val_score': 0.15353325636415682, 'val_auc': 0.6176513671875, 'val_ap': 0.26247140662140617, 'val_ndcg': 0.7837033106045044, 'val_mrr': 0.009819291902240925, 'val_hits@1': 0.0, 'val_hits@10': 0.0, 'val_hits@50': 0.25, 'val_hits@100': 0.25, 'elapsed_sec': 51.94026017561555}
{'candidate': 'global_relpop_frozen_epsilon_probe_h96_r12_a12_p4x4_l1_neg1_lr0p001_hp1_relpopfix48_sr0p001_sa0p001_rl0p005_m0_bpr', 'seed': 1, 'composite': nan, 'val_auc': 0.6176513671875, 'val_ap': 0.26247140662140617, 'val_ndcg': 0.7837033106045044, 'val_mrr': 0.009819291902240925, 'val_hits@1': 0.0, 'val_hits@10': 0.0, 'val_hits@50': 0.25, 'val_hits@100': 0.25, 'train_loss': 2.07457953994557, 'train_lp': 0.4379321785043862, 'train_align': 309.02202846842295, 'train_kl': 882.1709046767929, 'train_ood_reg': 0.21952241848585968, 'train_meta': 0.44309369638814766, 'train_struct_aux': 0.8851581422959344, 'train_weighted_align': 1.5451101090806394, 'train_weighted_kl': 0.08821708818708184, 'train_weighted_ood_reg': 0.00021952242870179747, 'train_weighted_meta': 0.0022154684349701154, 'train_weighted_struct_aux': 0.0008851581818416273, 'train_rank': 0.3213599396206565, 'train_weighted_rank': 0.001606799658660193}
{'event': 'candidate_summary', 'candidate': 'global_relpop_frozen_epsilon_probe_h96_r12_a12_p4x4_l1_neg1_lr0p001_hp1_relpopfix48_sr0p001_sa0p001_rl0p005_m0_bpr', 'score': 0.15353325636415682, 'passes_metric_minima': True, 'means': {'val_auc': 0.6176513671875, 'val_ap': 0.26247140662140617, 'val_mrr': 0.009819291902240925, 'val_hits@10': 0.0, 'val_ndcg': 0.7837033106045044}, 'seeds_completed': 1}
{'event': 'candidate_seed_start', 'candidate': 'global_relpop_frozen_epsilon_probe_h96_r12_a12_p4x4_l1_neg1_lr0p001_hp1_relpopfix48_sr0p01_sa0p001_rl0p005_m0_bpr', 'seed': 1, 'device': 'cuda', 'node_text_device': 'cuda:0'}
{'event': 'train_seed_start', 'seed': 1, 'train_edges': 3244, 'val_edges': 6738, 'test_edges': 26719, 'num_nodes': 4197, 'num_relations': 19}
{'event': 'train_seed_tensors_ready', 'seed': 1, 'elapsed_sec': 0.06592301651835442, 'cuda_allocated_mb': 25, 'cuda_reserved_mb': 42, 'cuda_max_allocated_mb': 192}
{'event': 'train_known_facts_ready', 'seed': 1, 'scope': 'train', 'edges': 3244, 'elapsed_sec': 0.06827770546078682}
{'event': 'train_known_facts_ready', 'seed': 1, 'scope': 'train_val', 'edges': 9982, 'elapsed_sec': 0.07067830115556717}
{'event': 'train_sampler_ready', 'seed': 1, 'elapsed_sec': 0.07617519050836563}
{'event': 'val_sampler_ready', 'seed': 1, 'elapsed_sec': 0.08098869770765305}
{'event': 'epoch_start', 'epoch': 1, 'epochs': 1, 'batches': 118, 'time_groups': 118}
{'event': 'train_time_group', 'epoch': 1, 'time_group': 1, 'time_groups': 118, 'batch': 0, 'batches': 118, 'time_value': 600.0, 'group_batches': 1, 'history_edges': 0, 'elapsed_sec': 0.005782049149274826, 'cuda_allocated_mb': 26, 'cuda_reserved_mb': 44, 'cuda_max_allocated_mb': 192}
{'event': 'train_progress', 'epoch': 1, 'batch': 1, 'batches': 118, 'time_group': 1, 'time_groups': 118, 'history_edges': 0, 'pos_edges': 1, 'neg_edges': 1, 'loss_recent': 0.6802196502685547, 'elapsed_sec': 0.15739401057362556, 'avg_sec_per_batch': 0.15739401057362556, 'cuda_allocated_mb': 44, 'cuda_reserved_mb': 90, 'cuda_max_allocated_mb': 192}
{'event': 'train_progress', 'epoch': 1, 'batch': 100, 'batches': 118, 'time_group': 100, 'time_groups': 118, 'history_edges': 2144, 'pos_edges': 38, 'neg_edges': 38, 'loss_recent': 1.7385014101862908, 'elapsed_sec': 25.846610583364964, 'avg_sec_per_batch': 0.25846610583364965, 'cuda_allocated_mb': 46, 'cuda_reserved_mb': 202, 'cuda_max_allocated_mb': 192}
{'event': 'train_time_group', 'epoch': 1, 'time_group': 118, 'time_groups': 118, 'batch': 117, 'batches': 118, 'time_value': 1966.0, 'group_batches': 1, 'history_edges': 3153, 'elapsed_sec': 31.779936008155346, 'cuda_allocated_mb': 45, 'cuda_reserved_mb': 222, 'cuda_max_allocated_mb': 192}
{'event': 'train_progress', 'epoch': 1, 'batch': 118, 'batches': 118, 'time_group': 118, 'time_groups': 118, 'history_edges': 3153, 'pos_edges': 91, 'neg_edges': 91, 'loss_recent': 2.32276044011116, 'elapsed_sec': 32.23583599179983, 'avg_sec_per_batch': 0.2731850507779647, 'cuda_allocated_mb': 48, 'cuda_reserved_mb': 222, 'cuda_max_allocated_mb': 192}
{'event': 'validation_start', 'epoch': 1}
{'event': 'validation_ranking_start', 'epoch': 1, 'max_edges': 10}
{'event': 'epoch_end', 'epoch': 1, 'early_stop_metric': 'val_composite', 'val_score': 0.153790172239592, 'val_auc': 0.6177581787109375, 'val_ap': 0.2631212974919741, 'val_ndcg': 0.7841442158049527, 'val_mrr': 0.010039294199507446, 'val_hits@1': 0.0, 'val_hits@10': 0.0, 'val_hits@50': 0.25, 'val_hits@100': 0.25, 'elapsed_sec': 41.10552891343832}
{'candidate': 'global_relpop_frozen_epsilon_probe_h96_r12_a12_p4x4_l1_neg1_lr0p001_hp1_relpopfix48_sr0p01_sa0p001_rl0p005_m0_bpr', 'seed': 1, 'composite': nan, 'val_auc': 0.6177581787109375, 'val_ap': 0.2631212974919741, 'val_ndcg': 0.7841442158049527, 'val_mrr': 0.010039294199507446, 'val_hits@1': 0.0, 'val_hits@10': 0.0, 'val_hits@50': 0.25, 'val_hits@100': 0.25, 'train_loss': 2.0737425167176684, 'train_lp': 0.43702412320900774, 'train_align': 309.0242466219401, 'train_kl': 882.229928356106, 'train_ood_reg': 0.21940359927840153, 'train_meta': 0.44219459372304254, 'train_struct_aux': 0.9438293843956317, 'train_weighted_align': 1.5451212050393224, 'train_weighted_kl': 0.08822299066883654, 'train_weighted_ood_reg': 0.00021940360997085287, 'train_weighted_meta': 0.0022109729150049705, 'train_weighted_struct_aux': 0.0009438294280513774, 'train_rank': 0.3206381940488088, 'train_weighted_rank': 0.0016031909296959955}
{'event': 'candidate_summary', 'candidate': 'global_relpop_frozen_epsilon_probe_h96_r12_a12_p4x4_l1_neg1_lr0p001_hp1_relpopfix48_sr0p01_sa0p001_rl0p005_m0_bpr', 'score': 0.153790172239592, 'passes_metric_minima': True, 'means': {'val_auc': 0.6177581787109375, 'val_ap': 0.2631212974919741, 'val_mrr': 0.010039294199507446, 'val_hits@10': 0.0, 'val_ndcg': 0.7841442158049527}, 'seeds_completed': 1}
{'event': 'candidate_seed_start', 'candidate': 'global_relpop_frozen_epsilon_probe_h96_r12_a12_p4x4_l1_neg1_lr0p001_hp1_relpopfix48_sr0p05_sa0p001_rl0p005_m0_bpr', 'seed': 1, 'device': 'cuda', 'node_text_device': 'cuda:0'}
{'event': 'train_seed_start', 'seed': 1, 'train_edges': 3244, 'val_edges': 6738, 'test_edges': 26719, 'num_nodes': 4197, 'num_relations': 19}
{'event': 'train_seed_tensors_ready', 'seed': 1, 'elapsed_sec': 0.045830804854631424, 'cuda_allocated_mb': 25, 'cuda_reserved_mb': 42, 'cuda_max_allocated_mb': 192}
{'event': 'train_known_facts_ready', 'seed': 1, 'scope': 'train', 'edges': 3244, 'elapsed_sec': 0.04754975810647011}
{'event': 'train_known_facts_ready', 'seed': 1, 'scope': 'train_val', 'edges': 9982, 'elapsed_sec': 0.04908116161823273}
{'event': 'train_sampler_ready', 'seed': 1, 'elapsed_sec': 0.056790791451931}
{'event': 'val_sampler_ready', 'seed': 1, 'elapsed_sec': 0.061862166970968246}
{'event': 'epoch_start', 'epoch': 1, 'epochs': 1, 'batches': 118, 'time_groups': 118}
{'event': 'train_time_group', 'epoch': 1, 'time_group': 1, 'time_groups': 118, 'batch': 0, 'batches': 118, 'time_value': 600.0, 'group_batches': 1, 'history_edges': 0, 'elapsed_sec': 0.009122908115386963, 'cuda_allocated_mb': 26, 'cuda_reserved_mb': 44, 'cuda_max_allocated_mb': 192}
{'event': 'train_progress', 'epoch': 1, 'batch': 1, 'batches': 118, 'time_group': 1, 'time_groups': 118, 'history_edges': 0, 'pos_edges': 1, 'neg_edges': 1, 'loss_recent': 0.6799085140228271, 'elapsed_sec': 0.21394189074635506, 'avg_sec_per_batch': 0.21394189074635506, 'cuda_allocated_mb': 44, 'cuda_reserved_mb': 90, 'cuda_max_allocated_mb': 192}
{'event': 'train_progress', 'epoch': 1, 'batch': 100, 'batches': 118, 'time_group': 100, 'time_groups': 118, 'history_edges': 2144, 'pos_edges': 38, 'neg_edges': 38, 'loss_recent': 1.7351562097668647, 'elapsed_sec': 28.27721106633544, 'avg_sec_per_batch': 0.2827721106633544, 'cuda_allocated_mb': 46, 'cuda_reserved_mb': 202, 'cuda_max_allocated_mb': 192}
{'event': 'train_time_group', 'epoch': 1, 'time_group': 118, 'time_groups': 118, 'batch': 117, 'batches': 118, 'time_value': 1966.0, 'group_batches': 1, 'history_edges': 3153, 'elapsed_sec': 34.606224209070206, 'cuda_allocated_mb': 45, 'cuda_reserved_mb': 222, 'cuda_max_allocated_mb': 192}
{'event': 'train_progress', 'epoch': 1, 'batch': 118, 'batches': 118, 'time_group': 118, 'time_groups': 118, 'history_edges': 3153, 'pos_edges': 91, 'neg_edges': 91, 'loss_recent': 2.317593057155609, 'elapsed_sec': 35.03695970401168, 'avg_sec_per_batch': 0.29692338732213286, 'cuda_allocated_mb': 48, 'cuda_reserved_mb': 222, 'cuda_max_allocated_mb': 192}
{'event': 'validation_start', 'epoch': 1}
{'event': 'validation_ranking_start', 'epoch': 1, 'max_edges': 10}
{'event': 'epoch_end', 'epoch': 1, 'early_stop_metric': 'val_composite', 'val_score': 0.15446033487786756, 'val_auc': 0.6231170654296875, 'val_ap': 0.263970506942305, 'val_ndcg': 0.7837780299453858, 'val_mrr': 0.010662205140997708, 'val_hits@1': 0.0, 'val_hits@10': 0.0, 'val_hits@50': 0.2, 'val_hits@100': 0.25, 'elapsed_sec': 44.76288294047117}
{'candidate': 'global_relpop_frozen_epsilon_probe_h96_r12_a12_p4x4_l1_neg1_lr0p001_hp1_relpopfix48_sr0p05_sa0p001_rl0p005_m0_bpr', 'seed': 1, 'composite': nan, 'val_auc': 0.6231170654296875, 'val_ap': 0.263970506942305, 'val_ndcg': 0.7837780299453858, 'val_mrr': 0.010662205140997708, 'val_hits@1': 0.0, 'val_hits@10': 0.0, 'val_hits@50': 0.2, 'val_hits@100': 0.25, 'train_loss': 2.0690638819488427, 'train_lp': 0.43522187019303693, 'train_align': 308.3738790366609, 'train_kl': 884.886283163297, 'train_ood_reg': 0.21918885094129434, 'train_meta': 0.44042587823281854, 'train_struct_aux': 1.0627051516104553, 'train_weighted_align': 1.5418693606457594, 'train_weighted_kl': 0.0884886259899743, 'train_weighted_ood_reg': 0.0002191888613150834, 'train_weighted_meta': 0.0022021293353044697, 'train_weighted_struct_aux': 0.0010627052052167513, 'train_rank': 0.3194067942894111, 'train_weighted_rank': 0.00159703393247752}
{'event': 'candidate_summary', 'candidate': 'global_relpop_frozen_epsilon_probe_h96_r12_a12_p4x4_l1_neg1_lr0p001_hp1_relpopfix48_sr0p05_sa0p001_rl0p005_m0_bpr', 'score': 0.15446033487786756, 'passes_metric_minima': True, 'means': {'val_auc': 0.6231170654296875, 'val_ap': 0.263970506942305, 'val_mrr': 0.010662205140997708, 'val_hits@10': 0.0, 'val_ndcg': 0.7837780299453858}, 'seeds_completed': 1}
{'event': 'candidate_seed_start', 'candidate': 'global_relpop_frozen_epsilon_probe_h96_r12_a12_p4x4_l1_neg1_lr0p001_hp2_relpopfix48_sr0p001_sa0p001_rl0p001_m0_bpr', 'seed': 1, 'device': 'cuda', 'node_text_device': 'cuda:0'}
{'event': 'train_seed_start', 'seed': 1, 'train_edges': 3244, 'val_edges': 6738, 'test_edges': 26719, 'num_nodes': 4197, 'num_relations': 19}
{'event': 'train_seed_tensors_ready', 'seed': 1, 'elapsed_sec': 0.03838206082582474, 'cuda_allocated_mb': 25, 'cuda_reserved_mb': 42, 'cuda_max_allocated_mb': 192}
{'event': 'train_known_facts_ready', 'seed': 1, 'scope': 'train', 'edges': 3244, 'elapsed_sec': 0.04033005237579346}
{'event': 'train_known_facts_ready', 'seed': 1, 'scope': 'train_val', 'edges': 9982, 'elapsed_sec': 0.041597235947847366}
{'event': 'train_sampler_ready', 'seed': 1, 'elapsed_sec': 0.04663616418838501}
{'event': 'val_sampler_ready', 'seed': 1, 'elapsed_sec': 0.05158809944987297}
{'event': 'epoch_start', 'epoch': 1, 'epochs': 1, 'batches': 118, 'time_groups': 118}
{'event': 'train_time_group', 'epoch': 1, 'time_group': 1, 'time_groups': 118, 'batch': 0, 'batches': 118, 'time_value': 600.0, 'group_batches': 1, 'history_edges': 0, 'elapsed_sec': 0.005390871316194534, 'cuda_allocated_mb': 26, 'cuda_reserved_mb': 44, 'cuda_max_allocated_mb': 192}
{'event': 'train_progress', 'epoch': 1, 'batch': 1, 'batches': 118, 'time_group': 1, 'time_groups': 118, 'history_edges': 0, 'pos_edges': 1, 'neg_edges': 1, 'loss_recent': 0.6802968978881836, 'elapsed_sec': 0.23267655819654465, 'avg_sec_per_batch': 0.23267655819654465, 'cuda_allocated_mb': 44, 'cuda_reserved_mb': 90, 'cuda_max_allocated_mb': 192}
{'event': 'train_progress', 'epoch': 1, 'batch': 100, 'batches': 118, 'time_group': 100, 'time_groups': 118, 'history_edges': 2144, 'pos_edges': 38, 'neg_edges': 38, 'loss_recent': 1.7151046627759934, 'elapsed_sec': 25.22494324296713, 'avg_sec_per_batch': 0.2522494324296713, 'cuda_allocated_mb': 46, 'cuda_reserved_mb': 202, 'cuda_max_allocated_mb': 192}
{'event': 'train_time_group', 'epoch': 1, 'time_group': 118, 'time_groups': 118, 'batch': 117, 'batches': 118, 'time_value': 1966.0, 'group_batches': 1, 'history_edges': 3153, 'elapsed_sec': 31.055564373731613, 'cuda_allocated_mb': 45, 'cuda_reserved_mb': 222, 'cuda_max_allocated_mb': 192}
{'event': 'train_progress', 'epoch': 1, 'batch': 118, 'batches': 118, 'time_group': 118, 'time_groups': 118, 'history_edges': 3153, 'pos_edges': 91, 'neg_edges': 91, 'loss_recent': 2.299524824023247, 'elapsed_sec': 31.556346211582422, 'avg_sec_per_batch': 0.26742666281002053, 'cuda_allocated_mb': 48, 'cuda_reserved_mb': 222, 'cuda_max_allocated_mb': 192}
{'event': 'validation_start', 'epoch': 1}
{'event': 'validation_ranking_start', 'epoch': 1, 'max_edges': 10}
{'event': 'epoch_end', 'epoch': 1, 'early_stop_metric': 'val_composite', 'val_score': 0.1577877768600613, 'val_auc': 0.6217529296875, 'val_ap': 0.26785880392995143, 'val_ndcg': 0.7867536499904351, 'val_mrr': 0.0156918895743001, 'val_hits@1': 0.0, 'val_hits@10': 0.0, 'val_hits@50': 0.3, 'val_hits@100': 0.5, 'elapsed_sec': 40.77700275555253}
{'candidate': 'global_relpop_frozen_epsilon_probe_h96_r12_a12_p4x4_l1_neg1_lr0p001_hp2_relpopfix48_sr0p001_sa0p001_rl0p001_m0_bpr', 'seed': 1, 'composite': nan, 'val_auc': 0.6217529296875, 'val_ap': 0.26785880392995143, 'val_ndcg': 0.7867536499904351, 'val_mrr': 0.0156918895743001, 'val_hits@1': 0.0, 'val_hits@10': 0.0, 'val_hits@50': 0.3, 'val_hits@100': 0.5, 'train_loss': 2.0518153779587505, 'train_lp': 0.4210553886526722, 'train_align': 308.2199816986666, 'train_kl': 865.5751207642636, 'train_ood_reg': 0.22151043998487926, 'train_meta': 0.4250783098830005, 'train_struct_aux': 0.7557243770461971, 'train_weighted_align': 1.5410998735371662, 'train_weighted_kl': 0.08655750989456172, 'train_weighted_ood_reg': 0.0002215104504395671, 'train_weighted_meta': 0.0021253914998496993, 'train_weighted_struct_aux': 0.000755724413527602, 'train_rank': 0.280896892297571, 'train_weighted_rank': 0.000280896905801995}
{'event': 'candidate_summary', 'candidate': 'global_relpop_frozen_epsilon_probe_h96_r12_a12_p4x4_l1_neg1_lr0p001_hp2_relpopfix48_sr0p001_sa0p001_rl0p001_m0_bpr', 'score': 0.1577877768600613, 'passes_metric_minima': True, 'means': {'val_auc': 0.6217529296875, 'val_ap': 0.26785880392995143, 'val_mrr': 0.0156918895743001, 'val_hits@10': 0.0, 'val_ndcg': 0.7867536499904351}, 'seeds_completed': 1}
{'event': 'candidate_seed_start', 'candidate': 'global_relpop_frozen_epsilon_probe_h96_r12_a12_p4x4_l1_neg1_lr0p001_hp2_relpopfix48_sr0p01_sa0p001_rl0p001_m0_bpr', 'seed': 1, 'device': 'cuda', 'node_text_device': 'cuda:0'}
{'event': 'train_seed_start', 'seed': 1, 'train_edges': 3244, 'val_edges': 6738, 'test_edges': 26719, 'num_nodes': 4197, 'num_relations': 19}
{'event': 'train_seed_tensors_ready', 'seed': 1, 'elapsed_sec': 0.07304508984088898, 'cuda_allocated_mb': 25, 'cuda_reserved_mb': 42, 'cuda_max_allocated_mb': 192}
{'event': 'train_known_facts_ready', 'seed': 1, 'scope': 'train', 'edges': 3244, 'elapsed_sec': 0.07478749006986618}
{'event': 'train_known_facts_ready', 'seed': 1, 'scope': 'train_val', 'edges': 9982, 'elapsed_sec': 0.07624682039022446}
{'event': 'train_sampler_ready', 'seed': 1, 'elapsed_sec': 0.08063055202364922}
{'event': 'val_sampler_ready', 'seed': 1, 'elapsed_sec': 0.0846177376806736}
{'event': 'epoch_start', 'epoch': 1, 'epochs': 1, 'batches': 118, 'time_groups': 118}
{'event': 'train_time_group', 'epoch': 1, 'time_group': 1, 'time_groups': 118, 'batch': 0, 'batches': 118, 'time_value': 600.0, 'group_batches': 1, 'history_edges': 0, 'elapsed_sec': 0.0056815072894096375, 'cuda_allocated_mb': 26, 'cuda_reserved_mb': 44, 'cuda_max_allocated_mb': 192}
{'event': 'train_progress', 'epoch': 1, 'batch': 1, 'batches': 118, 'time_group': 1, 'time_groups': 118, 'history_edges': 0, 'pos_edges': 1, 'neg_edges': 1, 'loss_recent': 0.6802196502685547, 'elapsed_sec': 0.17935726419091225, 'avg_sec_per_batch': 0.17935726419091225, 'cuda_allocated_mb': 44, 'cuda_reserved_mb': 90, 'cuda_max_allocated_mb': 192}
{'event': 'train_progress', 'epoch': 1, 'batch': 100, 'batches': 118, 'time_group': 100, 'time_groups': 118, 'history_edges': 2144, 'pos_edges': 38, 'neg_edges': 38, 'loss_recent': 1.7145424780249596, 'elapsed_sec': 30.236329685896635, 'avg_sec_per_batch': 0.30236329685896635, 'cuda_allocated_mb': 46, 'cuda_reserved_mb': 202, 'cuda_max_allocated_mb': 192}
{'event': 'train_time_group', 'epoch': 1, 'time_group': 118, 'time_groups': 118, 'batch': 117, 'batches': 118, 'time_value': 1966.0, 'group_batches': 1, 'history_edges': 3153, 'elapsed_sec': 37.22126695141196, 'cuda_allocated_mb': 45, 'cuda_reserved_mb': 222, 'cuda_max_allocated_mb': 192}
{'event': 'train_progress', 'epoch': 1, 'batch': 118, 'batches': 118, 'time_group': 118, 'time_groups': 118, 'history_edges': 3153, 'pos_edges': 91, 'neg_edges': 91, 'loss_recent': 2.298933495879173, 'elapsed_sec': 37.77311357483268, 'avg_sec_per_batch': 0.32011113199010743, 'cuda_allocated_mb': 48, 'cuda_reserved_mb': 222, 'cuda_max_allocated_mb': 192}
{'event': 'validation_start', 'epoch': 1}
{'event': 'validation_ranking_start', 'epoch': 1, 'max_edges': 10}
{'event': 'epoch_end', 'epoch': 1, 'early_stop_metric': 'val_composite', 'val_score': 0.1576809982469264, 'val_auc': 0.6219757080078124, 'val_ap': 0.2672441793468069, 'val_ndcg': 0.7862674039795925, 'val_mrr': 0.01573769109311099, 'val_hits@1': 0.0, 'val_hits@10': 0.0, 'val_hits@50': 0.3, 'val_hits@100': 0.5, 'elapsed_sec': 48.0010654553771}
{'candidate': 'global_relpop_frozen_epsilon_probe_h96_r12_a12_p4x4_l1_neg1_lr0p001_hp2_relpopfix48_sr0p01_sa0p001_rl0p001_m0_bpr', 'seed': 1, 'composite': nan, 'val_auc': 0.6219757080078124, 'val_ap': 0.2672441793468069, 'val_ndcg': 0.7862674039795925, 'val_mrr': 0.01573769109311099, 'val_hits@1': 0.0, 'val_hits@10': 0.0, 'val_hits@50': 0.3, 'val_hits@100': 0.5, 'train_loss': 2.051226529782101, 'train_lp': 0.42062662453469585, 'train_align': 308.1687356314417, 'train_kl': 865.988887948505, 'train_ood_reg': 0.22143294447559422, 'train_meta': 0.42470706058508256, 'train_struct_aux': 0.8124052432634062, 'train_weighted_align': 1.540843651472133, 'train_weighted_kl': 0.08659888670969186, 'train_weighted_ood_reg': 0.000221432954831625, 'train_weighted_meta': 0.0021235352612428084, 'train_weighted_struct_aux': 0.0008124052820691713, 'train_rank': 0.28066420886602444, 'train_weighted_rank': 0.0002806642220956885}
{'event': 'candidate_summary', 'candidate': 'global_relpop_frozen_epsilon_probe_h96_r12_a12_p4x4_l1_neg1_lr0p001_hp2_relpopfix48_sr0p01_sa0p001_rl0p001_m0_bpr', 'score': 0.1576809982469264, 'passes_metric_minima': True, 'means': {'val_auc': 0.6219757080078124, 'val_ap': 0.2672441793468069, 'val_mrr': 0.01573769109311099, 'val_hits@10': 0.0, 'val_ndcg': 0.7862674039795925}, 'seeds_completed': 1}
{'event': 'candidate_seed_start', 'candidate': 'global_relpop_frozen_epsilon_probe_h96_r12_a12_p4x4_l1_neg1_lr0p001_hp2_relpopfix48_sr0p05_sa0p001_rl0p001_m0_bpr', 'seed': 1, 'device': 'cuda', 'node_text_device': 'cuda:0'}
{'event': 'train_seed_start', 'seed': 1, 'train_edges': 3244, 'val_edges': 6738, 'test_edges': 26719, 'num_nodes': 4197, 'num_relations': 19}
{'event': 'train_seed_tensors_ready', 'seed': 1, 'elapsed_sec': 0.06133004277944565, 'cuda_allocated_mb': 25, 'cuda_reserved_mb': 42, 'cuda_max_allocated_mb': 192}
{'event': 'train_known_facts_ready', 'seed': 1, 'scope': 'train', 'edges': 3244, 'elapsed_sec': 0.0631212405860424}
{'event': 'train_known_facts_ready', 'seed': 1, 'scope': 'train_val', 'edges': 9982, 'elapsed_sec': 0.06442434340715408}
{'event': 'train_sampler_ready', 'seed': 1, 'elapsed_sec': 0.06869900599122047}
{'event': 'val_sampler_ready', 'seed': 1, 'elapsed_sec': 0.07276399806141853}
{'event': 'epoch_start', 'epoch': 1, 'epochs': 1, 'batches': 118, 'time_groups': 118}
{'event': 'train_time_group', 'epoch': 1, 'time_group': 1, 'time_groups': 118, 'batch': 0, 'batches': 118, 'time_value': 600.0, 'group_batches': 1, 'history_edges': 0, 'elapsed_sec': 0.006937038153409958, 'cuda_allocated_mb': 26, 'cuda_reserved_mb': 44, 'cuda_max_allocated_mb': 192}
{'event': 'train_progress', 'epoch': 1, 'batch': 1, 'batches': 118, 'time_group': 1, 'time_groups': 118, 'history_edges': 0, 'pos_edges': 1, 'neg_edges': 1, 'loss_recent': 0.6799085140228271, 'elapsed_sec': 0.1906271018087864, 'avg_sec_per_batch': 0.1906271018087864, 'cuda_allocated_mb': 44, 'cuda_reserved_mb': 90, 'cuda_max_allocated_mb': 192}
{'event': 'train_progress', 'epoch': 1, 'batch': 100, 'batches': 118, 'time_group': 100, 'time_groups': 118, 'history_edges': 2144, 'pos_edges': 38, 'neg_edges': 38, 'loss_recent': 1.7116309595108032, 'elapsed_sec': 25.67521232366562, 'avg_sec_per_batch': 0.2567521232366562, 'cuda_allocated_mb': 46, 'cuda_reserved_mb': 202, 'cuda_max_allocated_mb': 192}
{'event': 'train_time_group', 'epoch': 1, 'time_group': 118, 'time_groups': 118, 'batch': 117, 'batches': 118, 'time_value': 1966.0, 'group_batches': 1, 'history_edges': 3153, 'elapsed_sec': 31.09311032295227, 'cuda_allocated_mb': 45, 'cuda_reserved_mb': 222, 'cuda_max_allocated_mb': 192}
{'event': 'train_progress', 'epoch': 1, 'batch': 118, 'batches': 118, 'time_group': 118, 'time_groups': 118, 'history_edges': 3153, 'pos_edges': 91, 'neg_edges': 91, 'loss_recent': 2.296159128546715, 'elapsed_sec': 31.442401602864265, 'avg_sec_per_batch': 0.266461030532748, 'cuda_allocated_mb': 48, 'cuda_reserved_mb': 222, 'cuda_max_allocated_mb': 192}
{'event': 'validation_start', 'epoch': 1}
{'event': 'validation_ranking_start', 'epoch': 1, 'max_edges': 10}
{'event': 'epoch_end', 'epoch': 1, 'early_stop_metric': 'val_composite', 'val_score': 0.1575331237233713, 'val_auc': 0.6219940185546874, 'val_ap': 0.2666851041380378, 'val_ndcg': 0.7859122341314869, 'val_mrr': 0.015678867523565117, 'val_hits@1': 0.0, 'val_hits@10': 0.0, 'val_hits@50': 0.3, 'val_hits@100': 0.5, 'elapsed_sec': 39.62155310437083}
{'candidate': 'global_relpop_frozen_epsilon_probe_h96_r12_a12_p4x4_l1_neg1_lr0p001_hp2_relpopfix48_sr0p05_sa0p001_rl0p001_m0_bpr', 'seed': 1, 'composite': nan, 'val_auc': 0.6219940185546874, 'val_ap': 0.2666851041380378, 'val_ndcg': 0.7859122341314869, 'val_mrr': 0.015678867523565117, 'val_hits@1': 0.0, 'val_hits@10': 0.0, 'val_hits@50': 0.3, 'val_hits@100': 0.5, 'train_loss': 2.0485661050020636, 'train_lp': 0.4183996899400727, 'train_align': 308.0519480725466, 'train_kl': 866.5525131548866, 'train_ood_reg': 0.2211022212848825, 'train_meta': 0.42267289126323443, 'train_struct_aux': 0.9169933346368498, 'train_weighted_align': 1.5402597078690463, 'train_weighted_kl': 0.0866552493377131, 'train_weighted_ood_reg': 0.00022110223197437413, 'train_weighted_meta': 0.002113364414179745, 'train_weighted_struct_aux': 0.000916993377682895, 'train_rank': 0.27950303048147995, 'train_weighted_rank': 0.00027950304418913744}
{'event': 'candidate_summary', 'candidate': 'global_relpop_frozen_epsilon_probe_h96_r12_a12_p4x4_l1_neg1_lr0p001_hp2_relpopfix48_sr0p05_sa0p001_rl0p001_m0_bpr', 'score': 0.1575331237233713, 'passes_metric_minima': True, 'means': {'val_auc': 0.6219940185546874, 'val_ap': 0.2666851041380378, 'val_mrr': 0.015678867523565117, 'val_hits@10': 0.0, 'val_ndcg': 0.7859122341314869}, 'seeds_completed': 1}
{'event': 'candidate_seed_start', 'candidate': 'global_relpop_frozen_epsilon_probe_h96_r12_a12_p4x4_l1_neg1_lr0p001_hp2_relpopfix48_sr0p001_sa0p001_rl0p005_m0_bpr', 'seed': 1, 'device': 'cuda', 'node_text_device': 'cuda:0'}
{'event': 'train_seed_start', 'seed': 1, 'train_edges': 3244, 'val_edges': 6738, 'test_edges': 26719, 'num_nodes': 4197, 'num_relations': 19}
{'event': 'train_seed_tensors_ready', 'seed': 1, 'elapsed_sec': 0.011381883174180984, 'cuda_allocated_mb': 25, 'cuda_reserved_mb': 42, 'cuda_max_allocated_mb': 192}
{'event': 'train_known_facts_ready', 'seed': 1, 'scope': 'train', 'edges': 3244, 'elapsed_sec': 0.013350363820791245}
{'event': 'train_known_facts_ready', 'seed': 1, 'scope': 'train_val', 'edges': 9982, 'elapsed_sec': 0.014711722731590271}
{'event': 'train_sampler_ready', 'seed': 1, 'elapsed_sec': 0.019997693598270416}
{'event': 'val_sampler_ready', 'seed': 1, 'elapsed_sec': 0.024767644703388214}
{'event': 'epoch_start', 'epoch': 1, 'epochs': 1, 'batches': 118, 'time_groups': 118}
{'event': 'train_time_group', 'epoch': 1, 'time_group': 1, 'time_groups': 118, 'batch': 0, 'batches': 118, 'time_value': 600.0, 'group_batches': 1, 'history_edges': 0, 'elapsed_sec': 0.0050359927117824554, 'cuda_allocated_mb': 26, 'cuda_reserved_mb': 44, 'cuda_max_allocated_mb': 192}
{'event': 'train_progress', 'epoch': 1, 'batch': 1, 'batches': 118, 'time_group': 1, 'time_groups': 118, 'history_edges': 0, 'pos_edges': 1, 'neg_edges': 1, 'loss_recent': 0.6802968978881836, 'elapsed_sec': 0.13928409293293953, 'avg_sec_per_batch': 0.13928409293293953, 'cuda_allocated_mb': 44, 'cuda_reserved_mb': 90, 'cuda_max_allocated_mb': 192}
{'event': 'train_progress', 'epoch': 1, 'batch': 100, 'batches': 118, 'time_group': 100, 'time_groups': 118, 'history_edges': 2144, 'pos_edges': 38, 'neg_edges': 38, 'loss_recent': 1.7151174369454383, 'elapsed_sec': 26.040410351008177, 'avg_sec_per_batch': 0.26040410351008175, 'cuda_allocated_mb': 46, 'cuda_reserved_mb': 202, 'cuda_max_allocated_mb': 192}
{'event': 'train_time_group', 'epoch': 1, 'time_group': 118, 'time_groups': 118, 'batch': 117, 'batches': 118, 'time_value': 1966.0, 'group_batches': 1, 'history_edges': 3153, 'elapsed_sec': 33.17853917181492, 'cuda_allocated_mb': 45, 'cuda_reserved_mb': 222, 'cuda_max_allocated_mb': 192}
{'event': 'train_progress', 'epoch': 1, 'batch': 118, 'batches': 118, 'time_group': 118, 'time_groups': 118, 'history_edges': 3153, 'pos_edges': 91, 'neg_edges': 91, 'loss_recent': 2.2995328283309937, 'elapsed_sec': 33.69931185990572, 'avg_sec_per_batch': 0.2855873886432688, 'cuda_allocated_mb': 48, 'cuda_reserved_mb': 222, 'cuda_max_allocated_mb': 192}
{'event': 'validation_start', 'epoch': 1}
{'event': 'validation_ranking_start', 'epoch': 1, 'max_edges': 10}
{'event': 'epoch_end', 'epoch': 1, 'early_stop_metric': 'val_composite', 'val_score': 0.1577759006493708, 'val_auc': 0.6218841552734375, 'val_ap': 0.2678369539141592, 'val_ndcg': 0.7867495805596874, 'val_mrr': 0.015662383485212594, 'val_hits@1': 0.0, 'val_hits@10': 0.0, 'val_hits@50': 0.3, 'val_hits@100': 0.5, 'elapsed_sec': 44.09514733031392}
{'candidate': 'global_relpop_frozen_epsilon_probe_h96_r12_a12_p4x4_l1_neg1_lr0p001_hp2_relpopfix48_sr0p001_sa0p001_rl0p005_m0_bpr', 'seed': 1, 'composite': nan, 'val_auc': 0.6218841552734375, 'val_ap': 0.2678369539141592, 'val_ndcg': 0.7867495805596874, 'val_mrr': 0.015662383485212594, 'val_hits@1': 0.0, 'val_hits@10': 0.0, 'val_hits@50': 0.3, 'val_hits@100': 0.5, 'train_loss': 2.051822948506323, 'train_lp': 0.42099916152024675, 'train_align': 308.22112276392465, 'train_kl': 866.1442953853284, 'train_ood_reg': 0.22150541955636718, 'train_meta': 0.4250414735495539, 'train_struct_aux': 0.7570633115404743, 'train_weighted_align': 1.541105580437234, 'train_weighted_kl': 0.08661442687261407, 'train_weighted_ood_reg': 0.0002215054300288133, 'train_weighted_meta': 0.00212520732341129, 'train_weighted_struct_aux': 0.0007570633475798955, 'train_rank': 0.2808242445274935, 'train_weighted_rank': 0.0014041211936766896}
{'event': 'candidate_summary', 'candidate': 'global_relpop_frozen_epsilon_probe_h96_r12_a12_p4x4_l1_neg1_lr0p001_hp2_relpopfix48_sr0p001_sa0p001_rl0p005_m0_bpr', 'score': 0.1577759006493708, 'passes_metric_minima': True, 'means': {'val_auc': 0.6218841552734375, 'val_ap': 0.2678369539141592, 'val_mrr': 0.015662383485212594, 'val_hits@10': 0.0, 'val_ndcg': 0.7867495805596874}, 'seeds_completed': 1}
{'event': 'candidate_seed_start', 'candidate': 'global_relpop_frozen_epsilon_probe_h96_r12_a12_p4x4_l1_neg1_lr0p001_hp2_relpopfix48_sr0p01_sa0p001_rl0p005_m0_bpr', 'seed': 1, 'device': 'cuda', 'node_text_device': 'cuda:0'}
{'event': 'train_seed_start', 'seed': 1, 'train_edges': 3244, 'val_edges': 6738, 'test_edges': 26719, 'num_nodes': 4197, 'num_relations': 19}
{'event': 'train_seed_tensors_ready', 'seed': 1, 'elapsed_sec': 0.02729004994034767, 'cuda_allocated_mb': 25, 'cuda_reserved_mb': 42, 'cuda_max_allocated_mb': 192}
{'event': 'train_known_facts_ready', 'seed': 1, 'scope': 'train', 'edges': 3244, 'elapsed_sec': 0.02895481139421463}
{'event': 'train_known_facts_ready', 'seed': 1, 'scope': 'train_val', 'edges': 9982, 'elapsed_sec': 0.030263304710388184}
{'event': 'train_sampler_ready', 'seed': 1, 'elapsed_sec': 0.03433509171009064}
{'event': 'val_sampler_ready', 'seed': 1, 'elapsed_sec': 0.03830118849873543}
{'event': 'epoch_start', 'epoch': 1, 'epochs': 1, 'batches': 118, 'time_groups': 118}
{'event': 'train_time_group', 'epoch': 1, 'time_group': 1, 'time_groups': 118, 'batch': 0, 'batches': 118, 'time_value': 600.0, 'group_batches': 1, 'history_edges': 0, 'elapsed_sec': 0.005703777074813843, 'cuda_allocated_mb': 26, 'cuda_reserved_mb': 44, 'cuda_max_allocated_mb': 192}
{'event': 'train_progress', 'epoch': 1, 'batch': 1, 'batches': 118, 'time_group': 1, 'time_groups': 118, 'history_edges': 0, 'pos_edges': 1, 'neg_edges': 1, 'loss_recent': 0.6802196502685547, 'elapsed_sec': 0.15250694751739502, 'avg_sec_per_batch': 0.15250694751739502, 'cuda_allocated_mb': 44, 'cuda_reserved_mb': 90, 'cuda_max_allocated_mb': 192}
{'event': 'train_progress', 'epoch': 1, 'batch': 100, 'batches': 118, 'time_group': 100, 'time_groups': 118, 'history_edges': 2144, 'pos_edges': 38, 'neg_edges': 38, 'loss_recent': 1.7138045424222945, 'elapsed_sec': 29.206876531243324, 'avg_sec_per_batch': 0.29206876531243325, 'cuda_allocated_mb': 46, 'cuda_reserved_mb': 202, 'cuda_max_allocated_mb': 192}
{'event': 'train_time_group', 'epoch': 1, 'time_group': 118, 'time_groups': 118, 'batch': 117, 'batches': 118, 'time_value': 1966.0, 'group_batches': 1, 'history_edges': 3153, 'elapsed_sec': 36.20379127562046, 'cuda_allocated_mb': 45, 'cuda_reserved_mb': 222, 'cuda_max_allocated_mb': 192}
{'event': 'train_progress', 'epoch': 1, 'batch': 118, 'batches': 118, 'time_group': 118, 'time_groups': 118, 'history_edges': 3153, 'pos_edges': 91, 'neg_edges': 91, 'loss_recent': 2.2981703266501428, 'elapsed_sec': 36.68731722608209, 'avg_sec_per_batch': 0.3109094680176448, 'cuda_allocated_mb': 48, 'cuda_reserved_mb': 222, 'cuda_max_allocated_mb': 192}
{'event': 'validation_start', 'epoch': 1}
{'event': 'validation_ranking_start', 'epoch': 1, 'max_edges': 10}
{'event': 'epoch_end', 'epoch': 1, 'early_stop_metric': 'val_composite', 'val_score': 0.15704534104082404, 'val_auc': 0.6223449707031251, 'val_ap': 0.26660965291560434, 'val_ndcg': 0.7857544481074982, 'val_mrr': 0.014722399515154621, 'val_hits@1': 0.0, 'val_hits@10': 0.0, 'val_hits@50': 0.3, 'val_hits@100': 0.5, 'elapsed_sec': 46.32077271491289}
{'candidate': 'global_relpop_frozen_epsilon_probe_h96_r12_a12_p4x4_l1_neg1_lr0p001_hp2_relpopfix48_sr0p01_sa0p001_rl0p005_m0_bpr', 'seed': 1, 'composite': nan, 'val_auc': 0.6223449707031251, 'val_ap': 0.26660965291560434, 'val_ndcg': 0.7857544481074982, 'val_mrr': 0.014722399515154621, 'val_hits@1': 0.0, 'val_hits@10': 0.0, 'val_hits@50': 0.3, 'val_hits@100': 0.5, 'train_loss': 2.05057948272107, 'train_lp': 0.4199908580315315, 'train_align': 308.1599530749402, 'train_kl': 866.3248488216077, 'train_ood_reg': 0.22137739622997024, 'train_meta': 0.42413404779666564, 'train_struct_aux': 0.8143754439838862, 'train_weighted_align': 1.5407997304968284, 'train_weighted_kl': 0.08663248270750046, 'train_weighted_ood_reg': 0.0002213774067182015, 'train_weighted_meta': 0.002120670186201805, 'train_weighted_struct_aux': 0.0008143754838768519, 'train_rank': 0.2802739970828012, 'train_weighted_rank': 0.0014013699463063503}
{'event': 'candidate_summary', 'candidate': 'global_relpop_frozen_epsilon_probe_h96_r12_a12_p4x4_l1_neg1_lr0p001_hp2_relpopfix48_sr0p01_sa0p001_rl0p005_m0_bpr', 'score': 0.15704534104082404, 'passes_metric_minima': True, 'means': {'val_auc': 0.6223449707031251, 'val_ap': 0.26660965291560434, 'val_mrr': 0.014722399515154621, 'val_hits@10': 0.0, 'val_ndcg': 0.7857544481074982}, 'seeds_completed': 1}
{'event': 'candidate_seed_start', 'candidate': 'global_relpop_frozen_epsilon_probe_h96_r12_a12_p4x4_l1_neg1_lr0p001_hp2_relpopfix48_sr0p05_sa0p001_rl0p005_m0_bpr', 'seed': 1, 'device': 'cuda', 'node_text_device': 'cuda:0'}
{'event': 'train_seed_start', 'seed': 1, 'train_edges': 3244, 'val_edges': 6738, 'test_edges': 26719, 'num_nodes': 4197, 'num_relations': 19}
{'event': 'train_seed_tensors_ready', 'seed': 1, 'elapsed_sec': 0.02209664136171341, 'cuda_allocated_mb': 25, 'cuda_reserved_mb': 42, 'cuda_max_allocated_mb': 192}
{'event': 'train_known_facts_ready', 'seed': 1, 'scope': 'train', 'edges': 3244, 'elapsed_sec': 0.024549130350351334}
{'event': 'train_known_facts_ready', 'seed': 1, 'scope': 'train_val', 'edges': 9982, 'elapsed_sec': 0.025775112211704254}
{'event': 'train_sampler_ready', 'seed': 1, 'elapsed_sec': 0.030945729464292526}
{'event': 'val_sampler_ready', 'seed': 1, 'elapsed_sec': 0.035926785320043564}
{'event': 'epoch_start', 'epoch': 1, 'epochs': 1, 'batches': 118, 'time_groups': 118}
{'event': 'train_time_group', 'epoch': 1, 'time_group': 1, 'time_groups': 118, 'batch': 0, 'batches': 118, 'time_value': 600.0, 'group_batches': 1, 'history_edges': 0, 'elapsed_sec': 0.00879153236746788, 'cuda_allocated_mb': 26, 'cuda_reserved_mb': 44, 'cuda_max_allocated_mb': 192}
{'event': 'train_progress', 'epoch': 1, 'batch': 1, 'batches': 118, 'time_group': 1, 'time_groups': 118, 'history_edges': 0, 'pos_edges': 1, 'neg_edges': 1, 'loss_recent': 0.6799085140228271, 'elapsed_sec': 0.16891079396009445, 'avg_sec_per_batch': 0.16891079396009445, 'cuda_allocated_mb': 44, 'cuda_reserved_mb': 90, 'cuda_max_allocated_mb': 192}
{'event': 'train_progress', 'epoch': 1, 'batch': 100, 'batches': 118, 'time_group': 100, 'time_groups': 118, 'history_edges': 2144, 'pos_edges': 38, 'neg_edges': 38, 'loss_recent': 1.7116383302211762, 'elapsed_sec': 24.100813891738653, 'avg_sec_per_batch': 0.24100813891738654, 'cuda_allocated_mb': 46, 'cuda_reserved_mb': 202, 'cuda_max_allocated_mb': 192}
{'event': 'train_time_group', 'epoch': 1, 'time_group': 118, 'time_groups': 118, 'batch': 117, 'batches': 118, 'time_value': 1966.0, 'group_batches': 1, 'history_edges': 3153, 'elapsed_sec': 30.67069000378251, 'cuda_allocated_mb': 45, 'cuda_reserved_mb': 222, 'cuda_max_allocated_mb': 192}
{'event': 'train_progress', 'epoch': 1, 'batch': 118, 'batches': 118, 'time_group': 118, 'time_groups': 118, 'history_edges': 3153, 'pos_edges': 91, 'neg_edges': 91, 'loss_recent': 2.2961874920129777, 'elapsed_sec': 31.158274684101343, 'avg_sec_per_batch': 0.2640531752889944, 'cuda_allocated_mb': 48, 'cuda_reserved_mb': 222, 'cuda_max_allocated_mb': 192}
{'event': 'validation_start', 'epoch': 1}
{'event': 'validation_ranking_start', 'epoch': 1, 'max_edges': 10}
{'event': 'epoch_end', 'epoch': 1, 'early_stop_metric': 'val_composite', 'val_score': 0.15714987525051527, 'val_auc': 0.62205810546875, 'val_ap': 0.26672271944084436, 'val_ndcg': 0.7859425659519913, 'val_mrr': 0.014888610931503916, 'val_hits@1': 0.0, 'val_hits@10': 0.0, 'val_hits@50': 0.3, 'val_hits@100': 0.5, 'elapsed_sec': 41.155476704239845}
{'candidate': 'global_relpop_frozen_epsilon_probe_h96_r12_a12_p4x4_l1_neg1_lr0p001_hp2_relpopfix48_sr0p05_sa0p001_rl0p005_m0_bpr', 'seed': 1, 'composite': nan, 'val_auc': 0.62205810546875, 'val_ap': 0.26672271944084436, 'val_ndcg': 0.7859425659519913, 'val_mrr': 0.014888610931503916, 'val_hits@1': 0.0, 'val_hits@10': 0.0, 'val_hits@50': 0.3, 'val_hits@100': 0.5, 'train_loss': 2.048589596303843, 'train_lp': 0.4183391484163575, 'train_align': 308.0586182768062, 'train_kl': 867.0454658249678, 'train_ood_reg': 0.22109767478906503, 'train_meta': 0.42264556379641516, 'train_struct_aux': 0.9185183331117792, 'train_weighted_align': 1.5402930564862691, 'train_weighted_kl': 0.08670454444284788, 'train_weighted_ood_reg': 0.0002210976854874358, 'train_weighted_meta': 0.0021132277758886754, 'train_weighted_struct_aux': 0.0009185183779494363, 'train_rank': 0.2794245801929195, 'train_weighted_rank': 0.0013971228663803678}
{'event': 'candidate_summary', 'candidate': 'global_relpop_frozen_epsilon_probe_h96_r12_a12_p4x4_l1_neg1_lr0p001_hp2_relpopfix48_sr0p05_sa0p001_rl0p005_m0_bpr', 'score': 0.15714987525051527, 'passes_metric_minima': True, 'means': {'val_auc': 0.62205810546875, 'val_ap': 0.26672271944084436, 'val_mrr': 0.014888610931503916, 'val_hits@10': 0.0, 'val_ndcg': 0.7859425659519913}, 'seeds_completed': 1}
{'event': 'candidate_seed_start', 'candidate': 'global_relpop_frozen_epsilon_probe_h96_r12_a12_p4x4_l1_neg1_lr0p001_hp4_relpopfix48_sr0p001_sa0p001_rl0p001_m0_bpr', 'seed': 1, 'device': 'cuda', 'node_text_device': 'cuda:0'}
{'event': 'train_seed_start', 'seed': 1, 'train_edges': 3244, 'val_edges': 6738, 'test_edges': 26719, 'num_nodes': 4197, 'num_relations': 19}
{'event': 'train_seed_tensors_ready', 'seed': 1, 'elapsed_sec': 0.02791696786880493, 'cuda_allocated_mb': 25, 'cuda_reserved_mb': 42, 'cuda_max_allocated_mb': 192}
{'event': 'train_known_facts_ready', 'seed': 1, 'scope': 'train', 'edges': 3244, 'elapsed_sec': 0.029531504958868027}
{'event': 'train_known_facts_ready', 'seed': 1, 'scope': 'train_val', 'edges': 9982, 'elapsed_sec': 0.03114500269293785}
{'event': 'train_sampler_ready', 'seed': 1, 'elapsed_sec': 0.036903031170368195}
{'event': 'val_sampler_ready', 'seed': 1, 'elapsed_sec': 0.04162786900997162}
{'event': 'epoch_start', 'epoch': 1, 'epochs': 1, 'batches': 118, 'time_groups': 118}
{'event': 'train_time_group', 'epoch': 1, 'time_group': 1, 'time_groups': 118, 'batch': 0, 'batches': 118, 'time_value': 600.0, 'group_batches': 1, 'history_edges': 0, 'elapsed_sec': 0.005550786852836609, 'cuda_allocated_mb': 26, 'cuda_reserved_mb': 44, 'cuda_max_allocated_mb': 192}
{'event': 'train_progress', 'epoch': 1, 'batch': 1, 'batches': 118, 'time_group': 1, 'time_groups': 118, 'history_edges': 0, 'pos_edges': 1, 'neg_edges': 1, 'loss_recent': 0.6802968978881836, 'elapsed_sec': 0.15720585361123085, 'avg_sec_per_batch': 0.15720585361123085, 'cuda_allocated_mb': 44, 'cuda_reserved_mb': 90, 'cuda_max_allocated_mb': 192}
{'event': 'train_progress', 'epoch': 1, 'batch': 100, 'batches': 118, 'time_group': 100, 'time_groups': 118, 'history_edges': 2144, 'pos_edges': 38, 'neg_edges': 38, 'loss_recent': 1.7154907976090907, 'elapsed_sec': 28.865353759378195, 'avg_sec_per_batch': 0.28865353759378193, 'cuda_allocated_mb': 46, 'cuda_reserved_mb': 202, 'cuda_max_allocated_mb': 192}
{'event': 'train_time_group', 'epoch': 1, 'time_group': 118, 'time_groups': 118, 'batch': 117, 'batches': 118, 'time_value': 1966.0, 'group_batches': 1, 'history_edges': 3153, 'elapsed_sec': 35.64448084682226, 'cuda_allocated_mb': 45, 'cuda_reserved_mb': 222, 'cuda_max_allocated_mb': 192}
{'event': 'train_progress', 'epoch': 1, 'batch': 118, 'batches': 118, 'time_group': 118, 'time_groups': 118, 'history_edges': 3153, 'pos_edges': 91, 'neg_edges': 91, 'loss_recent': 2.30123676225543, 'elapsed_sec': 36.23276895657182, 'avg_sec_per_batch': 0.30705736403874423, 'cuda_allocated_mb': 48, 'cuda_reserved_mb': 222, 'cuda_max_allocated_mb': 192}
{'event': 'validation_start', 'epoch': 1}
{'event': 'validation_ranking_start', 'epoch': 1, 'max_edges': 10}
{'event': 'epoch_end', 'epoch': 1, 'early_stop_metric': 'val_composite', 'val_score': 0.17130125035918428, 'val_auc': 0.64002685546875, 'val_ap': 0.27698365691714166, 'val_ndcg': 0.7906646320384633, 'val_mrr': 0.017371791688658426, 'val_hits@1': 0.0, 'val_hits@10': 0.05, 'val_hits@50': 0.3, 'val_hits@100': 0.5, 'elapsed_sec': 46.831845957785845}
{'candidate': 'global_relpop_frozen_epsilon_probe_h96_r12_a12_p4x4_l1_neg1_lr0p001_hp4_relpopfix48_sr0p001_sa0p001_rl0p001_m0_bpr', 'seed': 1, 'composite': nan, 'val_auc': 0.64002685546875, 'val_ap': 0.27698365691714166, 'val_ndcg': 0.7906646320384633, 'val_mrr': 0.017371791688658426, 'val_hits@1': 0.0, 'val_hits@10': 0.05, 'val_hits@50': 0.3, 'val_hits@100': 0.5, 'train_loss': 2.057191382904174, 'train_lp': 0.4251452093407259, 'train_align': 308.9678627596063, 'train_kl': 840.4159852044057, 'train_ood_reg': 0.22252414287146877, 'train_meta': 0.4235542676711487, 'train_struct_aux': 0.8249867270558567, 'train_weighted_align': 1.544839285006273, 'train_weighted_kl': 0.08404159620088542, 'train_weighted_ood_reg': 0.00022252415288614614, 'train_weighted_meta': 0.0021177712930030962, 'train_weighted_struct_aux': 0.0008249867675920664, 'train_rank': 0.23706923120149995, 'train_weighted_rank': 0.00023706924340693427}
{'event': 'candidate_summary', 'candidate': 'global_relpop_frozen_epsilon_probe_h96_r12_a12_p4x4_l1_neg1_lr0p001_hp4_relpopfix48_sr0p001_sa0p001_rl0p001_m0_bpr', 'score': 0.17130125035918428, 'passes_metric_minima': True, 'means': {'val_auc': 0.64002685546875, 'val_ap': 0.27698365691714166, 'val_mrr': 0.017371791688658426, 'val_hits@10': 0.05, 'val_ndcg': 0.7906646320384633}, 'seeds_completed': 1}
{'event': 'candidate_seed_start', 'candidate': 'global_relpop_frozen_epsilon_probe_h96_r12_a12_p4x4_l1_neg1_lr0p001_hp4_relpopfix48_sr0p01_sa0p001_rl0p001_m0_bpr', 'seed': 1, 'device': 'cuda', 'node_text_device': 'cuda:0'}
{'event': 'train_seed_start', 'seed': 1, 'train_edges': 3244, 'val_edges': 6738, 'test_edges': 26719, 'num_nodes': 4197, 'num_relations': 19}
{'event': 'train_seed_tensors_ready', 'seed': 1, 'elapsed_sec': 0.04361589998006821, 'cuda_allocated_mb': 25, 'cuda_reserved_mb': 42, 'cuda_max_allocated_mb': 192}
{'event': 'train_known_facts_ready', 'seed': 1, 'scope': 'train', 'edges': 3244, 'elapsed_sec': 0.04618343710899353}
{'event': 'train_known_facts_ready', 'seed': 1, 'scope': 'train_val', 'edges': 9982, 'elapsed_sec': 0.04777250438928604}
{'event': 'train_sampler_ready', 'seed': 1, 'elapsed_sec': 0.054469503462314606}
{'event': 'val_sampler_ready', 'seed': 1, 'elapsed_sec': 0.05866128206253052}
{'event': 'epoch_start', 'epoch': 1, 'epochs': 1, 'batches': 118, 'time_groups': 118}
{'event': 'train_time_group', 'epoch': 1, 'time_group': 1, 'time_groups': 118, 'batch': 0, 'batches': 118, 'time_value': 600.0, 'group_batches': 1, 'history_edges': 0, 'elapsed_sec': 0.005351867526769638, 'cuda_allocated_mb': 26, 'cuda_reserved_mb': 44, 'cuda_max_allocated_mb': 192}
{'event': 'train_progress', 'epoch': 1, 'batch': 1, 'batches': 118, 'time_group': 1, 'time_groups': 118, 'history_edges': 0, 'pos_edges': 1, 'neg_edges': 1, 'loss_recent': 0.6802196502685547, 'elapsed_sec': 0.15676329657435417, 'avg_sec_per_batch': 0.15676329657435417, 'cuda_allocated_mb': 44, 'cuda_reserved_mb': 90, 'cuda_max_allocated_mb': 192}
{'event': 'train_progress', 'epoch': 1, 'batch': 100, 'batches': 118, 'time_group': 100, 'time_groups': 118, 'history_edges': 2144, 'pos_edges': 38, 'neg_edges': 38, 'loss_recent': 1.715041196346283, 'elapsed_sec': 24.893109939992428, 'avg_sec_per_batch': 0.24893109939992428, 'cuda_allocated_mb': 46, 'cuda_reserved_mb': 202, 'cuda_max_allocated_mb': 192}
{'event': 'train_time_group', 'epoch': 1, 'time_group': 118, 'time_groups': 118, 'batch': 117, 'batches': 118, 'time_value': 1966.0, 'group_batches': 1, 'history_edges': 3153, 'elapsed_sec': 30.58062517270446, 'cuda_allocated_mb': 45, 'cuda_reserved_mb': 222, 'cuda_max_allocated_mb': 192}
{'event': 'train_progress', 'epoch': 1, 'batch': 118, 'batches': 118, 'time_group': 118, 'time_groups': 118, 'history_edges': 3153, 'pos_edges': 91, 'neg_edges': 91, 'loss_recent': 2.3007765564322473, 'elapsed_sec': 30.955486621707678, 'avg_sec_per_batch': 0.2623346323873532, 'cuda_allocated_mb': 48, 'cuda_reserved_mb': 222, 'cuda_max_allocated_mb': 192}
{'event': 'validation_start', 'epoch': 1}
{'event': 'validation_ranking_start', 'epoch': 1, 'max_edges': 10}
{'event': 'epoch_end', 'epoch': 1, 'early_stop_metric': 'val_composite', 'val_score': 0.1713154429693523, 'val_auc': 0.6398590087890625, 'val_ap': 0.2770338179281032, 'val_ndcg': 0.790794000931184, 'val_mrr': 0.017376039495130554, 'val_hits@1': 0.0, 'val_hits@10': 0.05, 'val_hits@50': 0.3, 'val_hits@100': 0.5, 'elapsed_sec': 39.689755976200104}
{'candidate': 'global_relpop_frozen_epsilon_probe_h96_r12_a12_p4x4_l1_neg1_lr0p001_hp4_relpopfix48_sr0p01_sa0p001_rl0p001_m0_bpr', 'seed': 1, 'composite': nan, 'val_auc': 0.6398590087890625, 'val_ap': 0.2770338179281032, 'val_ndcg': 0.790794000931184, 'val_mrr': 0.017376039495130554, 'val_hits@1': 0.0, 'val_hits@10': 0.05, 'val_hits@50': 0.3, 'val_hits@100': 0.5, 'train_loss': 2.0566777233350075, 'train_lp': 0.42476254575333355, 'train_align': 308.9095534712581, 'train_kl': 841.3688374858791, 'train_ood_reg': 0.2225174633628231, 'train_meta': 0.4232213444755239, 'train_struct_aux': 0.8919314504679987, 'train_weighted_align': 1.5445477337402813, 'train_weighted_kl': 0.08413688152618075, 'train_weighted_ood_reg': 0.00022251747368037765, 'train_weighted_meta': 0.002116106667109939, 'train_weighted_struct_aux': 0.0008919314916395598, 'train_rank': 0.23702823386480243, 'train_weighted_rank': 0.00023702824364976304}
{'event': 'candidate_summary', 'candidate': 'global_relpop_frozen_epsilon_probe_h96_r12_a12_p4x4_l1_neg1_lr0p001_hp4_relpopfix48_sr0p01_sa0p001_rl0p001_m0_bpr', 'score': 0.1713154429693523, 'passes_metric_minima': True, 'means': {'val_auc': 0.6398590087890625, 'val_ap': 0.2770338179281032, 'val_mrr': 0.017376039495130554, 'val_hits@10': 0.05, 'val_ndcg': 0.790794000931184}, 'seeds_completed': 1}
{'event': 'candidate_seed_start', 'candidate': 'global_relpop_frozen_epsilon_probe_h96_r12_a12_p4x4_l1_neg1_lr0p001_hp4_relpopfix48_sr0p05_sa0p001_rl0p001_m0_bpr', 'seed': 1, 'device': 'cuda', 'node_text_device': 'cuda:0'}
{'event': 'train_seed_start', 'seed': 1, 'train_edges': 3244, 'val_edges': 6738, 'test_edges': 26719, 'num_nodes': 4197, 'num_relations': 19}
{'event': 'train_seed_tensors_ready', 'seed': 1, 'elapsed_sec': 0.034876152873039246, 'cuda_allocated_mb': 25, 'cuda_reserved_mb': 42, 'cuda_max_allocated_mb': 192}
{'event': 'train_known_facts_ready', 'seed': 1, 'scope': 'train', 'edges': 3244, 'elapsed_sec': 0.03654218092560768}
{'event': 'train_known_facts_ready', 'seed': 1, 'scope': 'train_val', 'edges': 9982, 'elapsed_sec': 0.037715256214141846}
{'event': 'train_sampler_ready', 'seed': 1, 'elapsed_sec': 0.041617266833782196}
{'event': 'val_sampler_ready', 'seed': 1, 'elapsed_sec': 0.04543039947748184}
{'event': 'epoch_start', 'epoch': 1, 'epochs': 1, 'batches': 118, 'time_groups': 118}
{'event': 'train_time_group', 'epoch': 1, 'time_group': 1, 'time_groups': 118, 'batch': 0, 'batches': 118, 'time_value': 600.0, 'group_batches': 1, 'history_edges': 0, 'elapsed_sec': 0.007018730044364929, 'cuda_allocated_mb': 26, 'cuda_reserved_mb': 44, 'cuda_max_allocated_mb': 192}
{'event': 'train_progress', 'epoch': 1, 'batch': 1, 'batches': 118, 'time_group': 1, 'time_groups': 118, 'history_edges': 0, 'pos_edges': 1, 'neg_edges': 1, 'loss_recent': 0.6799085140228271, 'elapsed_sec': 0.22737491503357887, 'avg_sec_per_batch': 0.22737491503357887, 'cuda_allocated_mb': 44, 'cuda_reserved_mb': 90, 'cuda_max_allocated_mb': 192}
{'event': 'train_progress', 'epoch': 1, 'batch': 100, 'batches': 118, 'time_group': 100, 'time_groups': 118, 'history_edges': 2144, 'pos_edges': 38, 'neg_edges': 38, 'loss_recent': 1.7133560264110566, 'elapsed_sec': 28.634058259427547, 'avg_sec_per_batch': 0.2863405825942755, 'cuda_allocated_mb': 46, 'cuda_reserved_mb': 202, 'cuda_max_allocated_mb': 192}
{'event': 'train_time_group', 'epoch': 1, 'time_group': 118, 'time_groups': 118, 'batch': 117, 'batches': 118, 'time_value': 1966.0, 'group_batches': 1, 'history_edges': 3153, 'elapsed_sec': 35.075798369944096, 'cuda_allocated_mb': 45, 'cuda_reserved_mb': 222, 'cuda_max_allocated_mb': 192}
{'event': 'train_progress', 'epoch': 1, 'batch': 118, 'batches': 118, 'time_group': 118, 'time_groups': 118, 'history_edges': 3153, 'pos_edges': 91, 'neg_edges': 91, 'loss_recent': 2.2991935434937476, 'elapsed_sec': 35.51452560350299, 'avg_sec_per_batch': 0.30097055596188976, 'cuda_allocated_mb': 48, 'cuda_reserved_mb': 222, 'cuda_max_allocated_mb': 192}
{'event': 'validation_start', 'epoch': 1}
{'event': 'validation_ranking_start', 'epoch': 1, 'max_edges': 10}
{'event': 'epoch_end', 'epoch': 1, 'early_stop_metric': 'val_composite', 'val_score': 0.17155212824304975, 'val_auc': 0.639520263671875, 'val_ap': 0.27775389741288004, 'val_ndcg': 0.7915508435390649, 'val_mrr': 0.017515892187234976, 'val_hits@1': 0.0, 'val_hits@10': 0.05, 'val_hits@50': 0.35, 'val_hits@100': 0.5, 'elapsed_sec': 45.58103206008673}
{'candidate': 'global_relpop_frozen_epsilon_probe_h96_r12_a12_p4x4_l1_neg1_lr0p001_hp4_relpopfix48_sr0p05_sa0p001_rl0p001_m0_bpr', 'seed': 1, 'composite': nan, 'val_auc': 0.639520263671875, 'val_ap': 0.27775389741288004, 'val_ndcg': 0.7915508435390649, 'val_mrr': 0.017515892187234976, 'val_hits@1': 0.0, 'val_hits@10': 0.05, 'val_hits@50': 0.35, 'val_hits@100': 0.5, 'train_loss': 2.05490729465323, 'train_lp': 0.4232410635736029, 'train_align': 308.79182478735004, 'train_kl': 843.8237946397168, 'train_ood_reg': 0.2224991210436417, 'train_meta': 0.4216438004020917, 'train_struct_aux': 0.9940361850342508, 'train_weighted_align': 1.5439590817412077, 'train_weighted_kl': 0.0843823775136054, 'train_weighted_ood_reg': 0.0002224991311145536, 'train_weighted_meta': 0.0021082189644911816, 'train_weighted_struct_aux': 0.0009940362360794097, 'train_rank': 0.23701194949227117, 'train_weighted_rank': 0.00023701196080811175}
{'event': 'candidate_summary', 'candidate': 'global_relpop_frozen_epsilon_probe_h96_r12_a12_p4x4_l1_neg1_lr0p001_hp4_relpopfix48_sr0p05_sa0p001_rl0p001_m0_bpr', 'score': 0.17155212824304975, 'passes_metric_minima': True, 'means': {'val_auc': 0.639520263671875, 'val_ap': 0.27775389741288004, 'val_mrr': 0.017515892187234976, 'val_hits@10': 0.05, 'val_ndcg': 0.7915508435390649}, 'seeds_completed': 1}
{'event': 'candidate_seed_start', 'candidate': 'global_relpop_frozen_epsilon_probe_h96_r12_a12_p4x4_l1_neg1_lr0p001_hp4_relpopfix48_sr0p001_sa0p001_rl0p005_m0_bpr', 'seed': 1, 'device': 'cuda', 'node_text_device': 'cuda:0'}
{'event': 'train_seed_start', 'seed': 1, 'train_edges': 3244, 'val_edges': 6738, 'test_edges': 26719, 'num_nodes': 4197, 'num_relations': 19}
{'event': 'train_seed_tensors_ready', 'seed': 1, 'elapsed_sec': 0.03005470335483551, 'cuda_allocated_mb': 25, 'cuda_reserved_mb': 42, 'cuda_max_allocated_mb': 192}
{'event': 'train_known_facts_ready', 'seed': 1, 'scope': 'train', 'edges': 3244, 'elapsed_sec': 0.03189745917916298}
{'event': 'train_known_facts_ready', 'seed': 1, 'scope': 'train_val', 'edges': 9982, 'elapsed_sec': 0.03336136043071747}
{'event': 'train_sampler_ready', 'seed': 1, 'elapsed_sec': 0.037615496665239334}
{'event': 'val_sampler_ready', 'seed': 1, 'elapsed_sec': 0.04147390276193619}
{'event': 'epoch_start', 'epoch': 1, 'epochs': 1, 'batches': 118, 'time_groups': 118}
{'event': 'train_time_group', 'epoch': 1, 'time_group': 1, 'time_groups': 118, 'batch': 0, 'batches': 118, 'time_value': 600.0, 'group_batches': 1, 'history_edges': 0, 'elapsed_sec': 0.009865347295999527, 'cuda_allocated_mb': 26, 'cuda_reserved_mb': 44, 'cuda_max_allocated_mb': 192}
{'event': 'train_progress', 'epoch': 1, 'batch': 1, 'batches': 118, 'time_group': 1, 'time_groups': 118, 'history_edges': 0, 'pos_edges': 1, 'neg_edges': 1, 'loss_recent': 0.6802968978881836, 'elapsed_sec': 0.18707110732793808, 'avg_sec_per_batch': 0.18707110732793808, 'cuda_allocated_mb': 44, 'cuda_reserved_mb': 90, 'cuda_max_allocated_mb': 192}
{'event': 'train_progress', 'epoch': 1, 'batch': 100, 'batches': 118, 'time_group': 100, 'time_groups': 118, 'history_edges': 2144, 'pos_edges': 38, 'neg_edges': 38, 'loss_recent': 1.7155195523798465, 'elapsed_sec': 40.4659404233098, 'avg_sec_per_batch': 0.40465940423309804, 'cuda_allocated_mb': 46, 'cuda_reserved_mb': 202, 'cuda_max_allocated_mb': 192}
{'event': 'train_time_group', 'epoch': 1, 'time_group': 118, 'time_groups': 118, 'batch': 117, 'batches': 118, 'time_value': 1966.0, 'group_batches': 1, 'history_edges': 3153, 'elapsed_sec': 50.26337829977274, 'cuda_allocated_mb': 45, 'cuda_reserved_mb': 222, 'cuda_max_allocated_mb': 192}
{'event': 'train_progress', 'epoch': 1, 'batch': 118, 'batches': 118, 'time_group': 118, 'time_groups': 118, 'history_edges': 3153, 'pos_edges': 91, 'neg_edges': 91, 'loss_recent': 2.3012661500275136, 'elapsed_sec': 51.02810446918011, 'avg_sec_per_batch': 0.4324415632981365, 'cuda_allocated_mb': 48, 'cuda_reserved_mb': 222, 'cuda_max_allocated_mb': 192}
{'event': 'validation_start', 'epoch': 1}
{'event': 'validation_ranking_start', 'epoch': 1, 'max_edges': 10}
{'event': 'epoch_end', 'epoch': 1, 'early_stop_metric': 'val_composite', 'val_score': 0.17127857367395885, 'val_auc': 0.6400451660156249, 'val_ap': 0.2768505755059305, 'val_ndcg': 0.790564092100254, 'val_mrr': 0.017384639674525245, 'val_hits@1': 0.0, 'val_hits@10': 0.05, 'val_hits@50': 0.3, 'val_hits@100': 0.5, 'elapsed_sec': 65.46471552923322}
{'candidate': 'global_relpop_frozen_epsilon_probe_h96_r12_a12_p4x4_l1_neg1_lr0p001_hp4_relpopfix48_sr0p001_sa0p001_rl0p005_m0_bpr', 'seed': 1, 'composite': nan, 'val_auc': 0.6400451660156249, 'val_ap': 0.2768505755059305, 'val_ndcg': 0.790564092100254, 'val_mrr': 0.017384639674525245, 'val_hits@1': 0.0, 'val_hits@10': 0.05, 'val_hits@50': 0.3, 'val_hits@100': 0.5, 'train_loss': 2.057222045200356, 'train_lp': 0.4251382379966267, 'train_align': 308.96700716018677, 'train_kl': 840.833989450487, 'train_ood_reg': 0.2225215806294296, 'train_meta': 0.4235306691567777, 'train_struct_aux': 0.8252286001787348, 'train_weighted_align': 1.5448350070865224, 'train_weighted_kl': 0.0840833962863406, 'train_weighted_ood_reg': 0.000222521591379102, 'train_weighted_meta': 0.0021176532989217885, 'train_weighted_struct_aux': 0.0008252286391680018, 'train_rank': 0.23699306285648086, 'train_weighted_rank': 0.0011849652873009338}
{'event': 'candidate_summary', 'candidate': 'global_relpop_frozen_epsilon_probe_h96_r12_a12_p4x4_l1_neg1_lr0p001_hp4_relpopfix48_sr0p001_sa0p001_rl0p005_m0_bpr', 'score': 0.17127857367395885, 'passes_metric_minima': True, 'means': {'val_auc': 0.6400451660156249, 'val_ap': 0.2768505755059305, 'val_mrr': 0.017384639674525245, 'val_hits@10': 0.05, 'val_ndcg': 0.790564092100254}, 'seeds_completed': 1}
{'event': 'candidate_seed_start', 'candidate': 'global_relpop_frozen_epsilon_probe_h96_r12_a12_p4x4_l1_neg1_lr0p001_hp4_relpopfix48_sr0p01_sa0p001_rl0p005_m0_bpr', 'seed': 1, 'device': 'cuda', 'node_text_device': 'cuda:0'}
{'event': 'train_seed_start', 'seed': 1, 'train_edges': 3244, 'val_edges': 6738, 'test_edges': 26719, 'num_nodes': 4197, 'num_relations': 19}
{'event': 'train_seed_tensors_ready', 'seed': 1, 'elapsed_sec': 0.1113169714808464, 'cuda_allocated_mb': 25, 'cuda_reserved_mb': 42, 'cuda_max_allocated_mb': 192}
{'event': 'train_known_facts_ready', 'seed': 1, 'scope': 'train', 'edges': 3244, 'elapsed_sec': 0.11314435303211212}
{'event': 'train_known_facts_ready', 'seed': 1, 'scope': 'train_val', 'edges': 9982, 'elapsed_sec': 0.11466105654835701}
{'event': 'train_sampler_ready', 'seed': 1, 'elapsed_sec': 0.1273951195180416}
{'event': 'val_sampler_ready', 'seed': 1, 'elapsed_sec': 0.132271409034729}
{'event': 'epoch_start', 'epoch': 1, 'epochs': 1, 'batches': 118, 'time_groups': 118}
{'event': 'train_time_group', 'epoch': 1, 'time_group': 1, 'time_groups': 118, 'batch': 0, 'batches': 118, 'time_value': 600.0, 'group_batches': 1, 'history_edges': 0, 'elapsed_sec': 0.007530037313699722, 'cuda_allocated_mb': 26, 'cuda_reserved_mb': 44, 'cuda_max_allocated_mb': 192}
{'event': 'train_progress', 'epoch': 1, 'batch': 1, 'batches': 118, 'time_group': 1, 'time_groups': 118, 'history_edges': 0, 'pos_edges': 1, 'neg_edges': 1, 'loss_recent': 0.6802196502685547, 'elapsed_sec': 0.21864620596170425, 'avg_sec_per_batch': 0.21864620596170425, 'cuda_allocated_mb': 44, 'cuda_reserved_mb': 90, 'cuda_max_allocated_mb': 192}
{'event': 'train_progress', 'epoch': 1, 'batch': 100, 'batches': 118, 'time_group': 100, 'time_groups': 118, 'history_edges': 2144, 'pos_edges': 38, 'neg_edges': 38, 'loss_recent': 1.7150750476121903, 'elapsed_sec': 44.99957001954317, 'avg_sec_per_batch': 0.4499957001954317, 'cuda_allocated_mb': 46, 'cuda_reserved_mb': 202, 'cuda_max_allocated_mb': 192}
{'event': 'train_time_group', 'epoch': 1, 'time_group': 118, 'time_groups': 118, 'batch': 117, 'batches': 118, 'time_value': 1966.0, 'group_batches': 1, 'history_edges': 3153, 'elapsed_sec': 56.30910274758935, 'cuda_allocated_mb': 45, 'cuda_reserved_mb': 222, 'cuda_max_allocated_mb': 192}
{'event': 'train_progress', 'epoch': 1, 'batch': 118, 'batches': 118, 'time_group': 118, 'time_groups': 118, 'history_edges': 3153, 'pos_edges': 91, 'neg_edges': 91, 'loss_recent': 2.300821270644665, 'elapsed_sec': 57.2418594956398, 'avg_sec_per_batch': 0.4851005042003373, 'cuda_allocated_mb': 48, 'cuda_reserved_mb': 222, 'cuda_max_allocated_mb': 192}
{'event': 'validation_start', 'epoch': 1}
{'event': 'validation_ranking_start', 'epoch': 1, 'max_edges': 10}
{'event': 'epoch_end', 'epoch': 1, 'early_stop_metric': 'val_composite', 'val_score': 0.1712929837139682, 'val_auc': 0.6399414062500001, 'val_ap': 0.2771302827314587, 'val_ndcg': 0.7908464408078805, 'val_mrr': 0.017283453821922687, 'val_hits@1': 0.0, 'val_hits@10': 0.05, 'val_hits@50': 0.3, 'val_hits@100': 0.5, 'elapsed_sec': 73.11764111742377}
{'candidate': 'global_relpop_frozen_epsilon_probe_h96_r12_a12_p4x4_l1_neg1_lr0p001_hp4_relpopfix48_sr0p01_sa0p001_rl0p005_m0_bpr', 'seed': 1, 'composite': nan, 'val_auc': 0.6399414062500001, 'val_ap': 0.2771302827314587, 'val_ndcg': 0.7908464408078805, 'val_mrr': 0.017283453821922687, 'val_hits@1': 0.0, 'val_hits@10': 0.05, 'val_hits@50': 0.3, 'val_hits@100': 0.5, 'train_loss': 2.056719422845517, 'train_lp': 0.4247506358108278, 'train_align': 308.91558691808734, 'train_kl': 841.5972417411158, 'train_ood_reg': 0.2225177492630684, 'train_meta': 0.42323699587229957, 'train_struct_aux': 0.8924466795840506, 'train_weighted_align': 1.54457789889963, 'train_weighted_kl': 0.08415972198343884, 'train_weighted_ood_reg': 0.00022251776015579352, 'train_weighted_meta': 0.002116184936682457, 'train_weighted_struct_aux': 0.0008924467221762733, 'train_rank': 0.2369842352740214, 'train_weighted_rank': 0.0011849211501165405}
{'event': 'candidate_summary', 'candidate': 'global_relpop_frozen_epsilon_probe_h96_r12_a12_p4x4_l1_neg1_lr0p001_hp4_relpopfix48_sr0p01_sa0p001_rl0p005_m0_bpr', 'score': 0.1712929837139682, 'passes_metric_minima': True, 'means': {'val_auc': 0.6399414062500001, 'val_ap': 0.2771302827314587, 'val_mrr': 0.017283453821922687, 'val_hits@10': 0.05, 'val_ndcg': 0.7908464408078805}, 'seeds_completed': 1}
{'event': 'candidate_seed_start', 'candidate': 'global_relpop_frozen_epsilon_probe_h96_r12_a12_p4x4_l1_neg1_lr0p001_hp4_relpopfix48_sr0p05_sa0p001_rl0p005_m0_bpr', 'seed': 1, 'device': 'cuda', 'node_text_device': 'cuda:0'}
{'event': 'train_seed_start', 'seed': 1, 'train_edges': 3244, 'val_edges': 6738, 'test_edges': 26719, 'num_nodes': 4197, 'num_relations': 19}
{'event': 'train_seed_tensors_ready', 'seed': 1, 'elapsed_sec': 0.030738886445760727, 'cuda_allocated_mb': 25, 'cuda_reserved_mb': 42, 'cuda_max_allocated_mb': 192}
{'event': 'train_known_facts_ready', 'seed': 1, 'scope': 'train', 'edges': 3244, 'elapsed_sec': 0.03340018540620804}
{'event': 'train_known_facts_ready', 'seed': 1, 'scope': 'train_val', 'edges': 9982, 'elapsed_sec': 0.04750717803835869}
{'event': 'train_sampler_ready', 'seed': 1, 'elapsed_sec': 0.0549996942281723}
{'event': 'val_sampler_ready', 'seed': 1, 'elapsed_sec': 0.062169939279556274}
{'event': 'epoch_start', 'epoch': 1, 'epochs': 1, 'batches': 118, 'time_groups': 118}
{'event': 'train_time_group', 'epoch': 1, 'time_group': 1, 'time_groups': 118, 'batch': 0, 'batches': 118, 'time_value': 600.0, 'group_batches': 1, 'history_edges': 0, 'elapsed_sec': 0.007008995860815048, 'cuda_allocated_mb': 26, 'cuda_reserved_mb': 44, 'cuda_max_allocated_mb': 192}
{'event': 'train_progress', 'epoch': 1, 'batch': 1, 'batches': 118, 'time_group': 1, 'time_groups': 118, 'history_edges': 0, 'pos_edges': 1, 'neg_edges': 1, 'loss_recent': 0.6799085140228271, 'elapsed_sec': 0.21689427644014359, 'avg_sec_per_batch': 0.21689427644014359, 'cuda_allocated_mb': 44, 'cuda_reserved_mb': 90, 'cuda_max_allocated_mb': 192}
{'event': 'train_progress', 'epoch': 1, 'batch': 100, 'batches': 118, 'time_group': 100, 'time_groups': 118, 'history_edges': 2144, 'pos_edges': 38, 'neg_edges': 38, 'loss_recent': 1.713443810492754, 'elapsed_sec': 39.89117028936744, 'avg_sec_per_batch': 0.3989117028936744, 'cuda_allocated_mb': 46, 'cuda_reserved_mb': 202, 'cuda_max_allocated_mb': 192}
{'event': 'train_time_group', 'epoch': 1, 'time_group': 118, 'time_groups': 118, 'batch': 117, 'batches': 118, 'time_value': 1966.0, 'group_batches': 1, 'history_edges': 3153, 'elapsed_sec': 48.245177529752254, 'cuda_allocated_mb': 45, 'cuda_reserved_mb': 222, 'cuda_max_allocated_mb': 192}
{'event': 'train_progress', 'epoch': 1, 'batch': 118, 'batches': 118, 'time_group': 118, 'time_groups': 118, 'history_edges': 3153, 'pos_edges': 91, 'neg_edges': 91, 'loss_recent': 2.299337873905897, 'elapsed_sec': 48.80145052447915, 'avg_sec_per_batch': 0.4135716146142301, 'cuda_allocated_mb': 48, 'cuda_reserved_mb': 222, 'cuda_max_allocated_mb': 192}
{'event': 'validation_start', 'epoch': 1}
{'event': 'validation_ranking_start', 'epoch': 1, 'max_edges': 10}
{'event': 'epoch_end', 'epoch': 1, 'early_stop_metric': 'val_composite', 'val_score': 0.17154130105585674, 'val_auc': 0.639410400390625, 'val_ap': 0.2773821985423066, 'val_ndcg': 0.7912493001171902, 'val_mrr': 0.01767704248652096, 'val_hits@1': 0.0, 'val_hits@10': 0.05, 'val_hits@50': 0.35, 'val_hits@100': 0.5, 'elapsed_sec': 61.21236924082041}
{'candidate': 'global_relpop_frozen_epsilon_probe_h96_r12_a12_p4x4_l1_neg1_lr0p001_hp4_relpopfix48_sr0p05_sa0p001_rl0p005_m0_bpr', 'seed': 1, 'composite': nan, 'val_auc': 0.639410400390625, 'val_ap': 0.2773821985423066, 'val_ndcg': 0.7912493001171902, 'val_mrr': 0.01767704248652096, 'val_hits@1': 0.0, 'val_hits@10': 0.05, 'val_hits@50': 0.35, 'val_hits@100': 0.5, 'train_loss': 2.0550332894012078, 'train_lp': 0.42329637276924265, 'train_align': 308.8138559389923, 'train_kl': 843.4171968557067, 'train_ood_reg': 0.22250771194191302, 'train_meta': 0.4215738310525983, 'train_struct_aux': 0.9955865836749642, 'train_weighted_align': 1.5440692458838476, 'train_weighted_kl': 0.08434171743801464, 'train_weighted_ood_reg': 0.0002225077227872828, 'train_weighted_meta': 0.0021078691098116876, 'train_weighted_struct_aux': 0.000995586631164523, 'train_rank': 0.23684577559618183, 'train_weighted_rank': 0.0011842288518367904}
{'event': 'candidate_summary', 'candidate': 'global_relpop_frozen_epsilon_probe_h96_r12_a12_p4x4_l1_neg1_lr0p001_hp4_relpopfix48_sr0p05_sa0p001_rl0p005_m0_bpr', 'score': 0.17154130105585674, 'passes_metric_minima': True, 'means': {'val_auc': 0.639410400390625, 'val_ap': 0.2773821985423066, 'val_mrr': 0.01767704248652096, 'val_hits@10': 0.05, 'val_ndcg': 0.7912493001171902}, 'seeds_completed': 1}
