runtime_device=cuda
cuda_device=Tesla V100-PCIE-32GB
{'event': 'seed_start', 'dataset': 'icews14', 'ablation': 'full', 'seed': 3, 'device': 'cuda', 'node_text_device': 'cuda:0'}
{'event': 'train_seed_start', 'seed': 3, 'train_edges': 61760, 'val_edges': 14592, 'test_edges': 14378, 'num_nodes': 7128, 'num_relations': 230}
{'event': 'train_seed_tensors_ready', 'seed': 3, 'elapsed_sec': 0.023601867258548737, 'cuda_allocated_mb': 28, 'cuda_reserved_mb': 44, 'cuda_max_allocated_mb': 28}
{'event': 'train_known_facts_ready', 'seed': 3, 'scope': 'train', 'edges': 61760, 'elapsed_sec': 0.03181613236665726}
{'event': 'train_known_facts_ready', 'seed': 3, 'scope': 'train_val', 'edges': 76352, 'elapsed_sec': 0.03927265852689743}
{'event': 'train_sampler_ready', 'seed': 3, 'elapsed_sec': 0.044830791652202606}
{'event': 'val_sampler_ready', 'seed': 3, 'elapsed_sec': 0.049844708293676376}
{'event': 'epoch_start', 'epoch': 1, 'epochs': 20, 'batches': 255, 'time_groups': 255}
{'event': 'train_time_group', 'epoch': 1, 'time_group': 1, 'time_groups': 255, 'batch': 0, 'batches': 255, 'time_value': 1388534400.0, 'group_batches': 1, 'history_edges': 0, 'elapsed_sec': 0.03028247505426407, 'cuda_allocated_mb': 30, 'cuda_reserved_mb': 46, 'cuda_max_allocated_mb': 30}
{'event': 'train_progress', 'epoch': 1, 'batch': 1, 'batches': 255, 'time_group': 1, 'time_groups': 255, 'history_edges': 0, 'pos_edges': 113, 'neg_edges': 1130, 'loss_recent': 45.4339714050293, 'elapsed_sec': 1.9596596881747246, 'avg_sec_per_batch': 1.9596596881747246, 'cuda_allocated_mb': 135, 'cuda_reserved_mb': 348, 'cuda_max_allocated_mb': 323}
{'event': 'train_progress', 'epoch': 1, 'batch': 50, 'batches': 255, 'time_group': 50, 'time_groups': 255, 'history_edges': 10978, 'pos_edges': 309, 'neg_edges': 3090, 'loss_recent': 83.15468788146973, 'elapsed_sec': 62.16359321400523, 'avg_sec_per_batch': 1.2432718642801046, 'cuda_allocated_mb': 163, 'cuda_reserved_mb': 1084, 'cuda_max_allocated_mb': 1008}
{'event': 'train_progress', 'epoch': 1, 'batch': 100, 'batches': 255, 'time_group': 100, 'time_groups': 255, 'history_edges': 23816, 'pos_edges': 259, 'neg_edges': 2590, 'loss_recent': 86.17650714874267, 'elapsed_sec': 118.20997801050544, 'avg_sec_per_batch': 1.1820997801050543, 'cuda_allocated_mb': 157, 'cuda_reserved_mb': 1368, 'cuda_max_allocated_mb': 1282}
{'event': 'train_progress', 'epoch': 1, 'batch': 152, 'batches': 255, 'time_group': 152, 'time_groups': 255, 'history_edges': 36403, 'pos_edges': 144, 'neg_edges': 1440, 'loss_recent': 84.07373928070068, 'elapsed_sec': 178.358939666301, 'avg_sec_per_batch': 1.1734140767519803, 'cuda_allocated_mb': 142, 'cuda_reserved_mb': 1668, 'cuda_max_allocated_mb': 1586}
{'event': 'train_progress', 'epoch': 1, 'batch': 199, 'batches': 255, 'time_group': 199, 'time_groups': 255, 'history_edges': 48469, 'pos_edges': 282, 'neg_edges': 2820, 'loss_recent': 80.119506149292, 'elapsed_sec': 238.68923547118902, 'avg_sec_per_batch': 1.199443394327583, 'cuda_allocated_mb': 160, 'cuda_reserved_mb': 1888, 'cuda_max_allocated_mb': 1770}
{'event': 'train_progress', 'epoch': 1, 'batch': 200, 'batches': 255, 'time_group': 200, 'time_groups': 255, 'history_edges': 48751, 'pos_edges': 162, 'neg_edges': 1620, 'loss_recent': 79.70400604248047, 'elapsed_sec': 239.80362595245242, 'avg_sec_per_batch': 1.1990181297622622, 'cuda_allocated_mb': 145, 'cuda_reserved_mb': 1888, 'cuda_max_allocated_mb': 1770}
{'event': 'train_progress', 'epoch': 1, 'batch': 252, 'batches': 255, 'time_group': 252, 'time_groups': 255, 'history_edges': 60452, 'pos_edges': 312, 'neg_edges': 3120, 'loss_recent': 71.91762208938599, 'elapsed_sec': 299.9847793504596, 'avg_sec_per_batch': 1.1904157910732522, 'cuda_allocated_mb': 165, 'cuda_reserved_mb': 2188, 'cuda_max_allocated_mb': 2036}
{'event': 'train_time_group', 'epoch': 1, 'time_group': 255, 'time_groups': 255, 'batch': 254, 'batches': 255, 'time_value': 1410480000.0, 'group_batches': 1, 'history_edges': 61439, 'elapsed_sec': 303.0989398881793, 'cuda_allocated_mb': 120, 'cuda_reserved_mb': 2248, 'cuda_max_allocated_mb': 2130}
{'event': 'train_progress', 'epoch': 1, 'batch': 255, 'batches': 255, 'time_group': 255, 'time_groups': 255, 'history_edges': 61439, 'pos_edges': 321, 'neg_edges': 3210, 'loss_recent': 71.95791894912719, 'elapsed_sec': 304.53437404707074, 'avg_sec_per_batch': 1.1942524472434146, 'cuda_allocated_mb': 165, 'cuda_reserved_mb': 2248, 'cuda_max_allocated_mb': 2130}
{'event': 'validation_start', 'epoch': 1}
{'event': 'validation_ranking_start', 'epoch': 1, 'max_edges': 50}
{'event': 'epoch_end', 'epoch': 1, 'early_stop_metric': 'val_composite', 'val_score': 0.18236604907691062, 'val_auc': 0.8729785137464171, 'val_ap': 0.26499466177817355, 'val_ndcg': 0.8626874920110322, 'val_mrr': 0.02483961167426136, 'val_hits@1': 0.01, 'val_hits@10': 0.05, 'val_hits@50': 0.13, 'val_hits@100': 0.23, 'elapsed_sec': 609.9006611742079}
{'event': 'epoch_start', 'epoch': 2, 'epochs': 20, 'batches': 255, 'time_groups': 255}
{'event': 'train_time_group', 'epoch': 2, 'time_group': 1, 'time_groups': 255, 'batch': 0, 'batches': 255, 'time_value': 1388534400.0, 'group_batches': 1, 'history_edges': 0, 'elapsed_sec': 0.2663651555776596, 'cuda_allocated_mb': 120, 'cuda_reserved_mb': 2342, 'cuda_max_allocated_mb': 2130}
{'event': 'train_progress', 'epoch': 2, 'batch': 1, 'batches': 255, 'time_group': 1, 'time_groups': 255, 'history_edges': 0, 'pos_edges': 113, 'neg_edges': 1130, 'loss_recent': 43.750484466552734, 'elapsed_sec': 0.969466183334589, 'avg_sec_per_batch': 0.969466183334589, 'cuda_allocated_mb': 137, 'cuda_reserved_mb': 2342, 'cuda_max_allocated_mb': 2130}
{'event': 'train_progress', 'epoch': 2, 'batch': 51, 'batches': 255, 'time_group': 51, 'time_groups': 255, 'history_edges': 11287, 'pos_edges': 355, 'neg_edges': 3550, 'loss_recent': 67.25694622712977, 'elapsed_sec': 62.463048439472914, 'avg_sec_per_batch': 1.2247656556759394, 'cuda_allocated_mb': 169, 'cuda_reserved_mb': 2342, 'cuda_max_allocated_mb': 2130}
{'event': 'train_progress', 'epoch': 2, 'batch': 97, 'batches': 255, 'time_group': 97, 'time_groups': 255, 'history_edges': 22916, 'pos_edges': 268, 'neg_edges': 2680, 'loss_recent': 66.67359092555095, 'elapsed_sec': 122.55829071998596, 'avg_sec_per_batch': 1.2634875331957316, 'cuda_allocated_mb': 160, 'cuda_reserved_mb': 2342, 'cuda_max_allocated_mb': 2130}
{'event': 'train_progress', 'epoch': 2, 'batch': 100, 'batches': 255, 'time_group': 100, 'time_groups': 255, 'history_edges': 23816, 'pos_edges': 259, 'neg_edges': 2590, 'loss_recent': 66.94008455276489, 'elapsed_sec': 127.47345474734902, 'avg_sec_per_batch': 1.2747345474734901, 'cuda_allocated_mb': 158, 'cuda_reserved_mb': 2342, 'cuda_max_allocated_mb': 2130}
{'event': 'train_progress', 'epoch': 2, 'batch': 150, 'batches': 255, 'time_group': 150, 'time_groups': 255, 'history_edges': 35965, 'pos_edges': 271, 'neg_edges': 2710, 'loss_recent': 63.70655771255493, 'elapsed_sec': 187.80609070137143, 'avg_sec_per_batch': 1.2520406046758095, 'cuda_allocated_mb': 160, 'cuda_reserved_mb': 2342, 'cuda_max_allocated_mb': 2130}
{'event': 'train_progress', 'epoch': 2, 'batch': 199, 'batches': 255, 'time_group': 199, 'time_groups': 255, 'history_edges': 48469, 'pos_edges': 282, 'neg_edges': 2820, 'loss_recent': 60.431649436950686, 'elapsed_sec': 248.75783905014396, 'avg_sec_per_batch': 1.2500393922117787, 'cuda_allocated_mb': 161, 'cuda_reserved_mb': 2342, 'cuda_max_allocated_mb': 2130}
{'event': 'train_progress', 'epoch': 2, 'batch': 200, 'batches': 255, 'time_group': 200, 'time_groups': 255, 'history_edges': 48751, 'pos_edges': 162, 'neg_edges': 1620, 'loss_recent': 60.1382788848877, 'elapsed_sec': 249.7364725396037, 'avg_sec_per_batch': 1.2486823626980186, 'cuda_allocated_mb': 145, 'cuda_reserved_mb': 2342, 'cuda_max_allocated_mb': 2130}
{'event': 'train_progress', 'epoch': 2, 'batch': 250, 'batches': 255, 'time_group': 250, 'time_groups': 255, 'history_edges': 60004, 'pos_edges': 131, 'neg_edges': 1310, 'loss_recent': 56.0962647819519, 'elapsed_sec': 310.1006403416395, 'avg_sec_per_batch': 1.2404025613665581, 'cuda_allocated_mb': 141, 'cuda_reserved_mb': 2342, 'cuda_max_allocated_mb': 2130}
{'event': 'train_time_group', 'epoch': 2, 'time_group': 255, 'time_groups': 255, 'batch': 254, 'batches': 255, 'time_value': 1410480000.0, 'group_batches': 1, 'history_edges': 61439, 'elapsed_sec': 316.6489245854318, 'cuda_allocated_mb': 120, 'cuda_reserved_mb': 2342, 'cuda_max_allocated_mb': 2130}
{'event': 'train_progress', 'epoch': 2, 'batch': 255, 'batches': 255, 'time_group': 255, 'time_groups': 255, 'history_edges': 61439, 'pos_edges': 321, 'neg_edges': 3210, 'loss_recent': 57.0405189704895, 'elapsed_sec': 318.12563414499164, 'avg_sec_per_batch': 1.2475515064509477, 'cuda_allocated_mb': 167, 'cuda_reserved_mb': 2342, 'cuda_max_allocated_mb': 2130}
{'event': 'validation_start', 'epoch': 2}
{'event': 'validation_ranking_start', 'epoch': 2, 'max_edges': 50}
{'event': 'epoch_end', 'epoch': 2, 'early_stop_metric': 'val_composite', 'val_score': 0.1679450707439669, 'val_auc': 0.8774424479241809, 'val_ap': 0.29718112816952547, 'val_ndcg': 0.8712363031660554, 'val_mrr': 0.008221181476774442, 'val_hits@1': 0.0, 'val_hits@10': 0.01, 'val_hits@50': 0.1, 'val_hits@100': 0.23, 'elapsed_sec': 627.3184206038713}
{'event': 'epoch_start', 'epoch': 3, 'epochs': 20, 'batches': 255, 'time_groups': 255}
{'event': 'train_time_group', 'epoch': 3, 'time_group': 1, 'time_groups': 255, 'batch': 0, 'batches': 255, 'time_value': 1388534400.0, 'group_batches': 1, 'history_edges': 0, 'elapsed_sec': 0.028734833002090454, 'cuda_allocated_mb': 120, 'cuda_reserved_mb': 2344, 'cuda_max_allocated_mb': 2130}
{'event': 'train_progress', 'epoch': 3, 'batch': 1, 'batches': 255, 'time_group': 1, 'time_groups': 255, 'history_edges': 0, 'pos_edges': 113, 'neg_edges': 1130, 'loss_recent': 51.44115447998047, 'elapsed_sec': 0.7908474542200565, 'avg_sec_per_batch': 0.7908474542200565, 'cuda_allocated_mb': 137, 'cuda_reserved_mb': 2344, 'cuda_max_allocated_mb': 2130}
{'event': 'train_progress', 'epoch': 3, 'batch': 49, 'batches': 255, 'time_group': 49, 'time_groups': 255, 'history_edges': 10642, 'pos_edges': 336, 'neg_edges': 3360, 'loss_recent': 55.78964731644611, 'elapsed_sec': 61.069717567414045, 'avg_sec_per_batch': 1.2463207666819194, 'cuda_allocated_mb': 166, 'cuda_reserved_mb': 2344, 'cuda_max_allocated_mb': 2130}
{'event': 'train_progress', 'epoch': 3, 'batch': 93, 'batches': 255, 'time_group': 93, 'time_groups': 255, 'history_edges': 22055, 'pos_edges': 276, 'neg_edges': 2760, 'loss_recent': 57.01839527007072, 'elapsed_sec': 121.42633881792426, 'avg_sec_per_batch': 1.3056595571819813, 'cuda_allocated_mb': 159, 'cuda_reserved_mb': 2344, 'cuda_max_allocated_mb': 2130}
{'event': 'train_progress', 'epoch': 3, 'batch': 100, 'batches': 255, 'time_group': 100, 'time_groups': 255, 'history_edges': 23816, 'pos_edges': 259, 'neg_edges': 2590, 'loss_recent': 56.91020845413208, 'elapsed_sec': 130.6495226919651, 'avg_sec_per_batch': 1.306495226919651, 'cuda_allocated_mb': 157, 'cuda_reserved_mb': 2344, 'cuda_max_allocated_mb': 2130}
{'event': 'train_progress', 'epoch': 3, 'batch': 149, 'batches': 255, 'time_group': 149, 'time_groups': 255, 'history_edges': 35638, 'pos_edges': 327, 'neg_edges': 3270, 'loss_recent': 55.58993755340576, 'elapsed_sec': 191.05670075118542, 'avg_sec_per_batch': 1.282259736585137, 'cuda_allocated_mb': 167, 'cuda_reserved_mb': 2344, 'cuda_max_allocated_mb': 2130}
{'event': 'train_progress', 'epoch': 3, 'batch': 196, 'batches': 255, 'time_group': 196, 'time_groups': 255, 'history_edges': 47593, 'pos_edges': 312, 'neg_edges': 3120, 'loss_recent': 54.21682159423828, 'elapsed_sec': 251.96814563125372, 'avg_sec_per_batch': 1.285551763424764, 'cuda_allocated_mb': 164, 'cuda_reserved_mb': 2344, 'cuda_max_allocated_mb': 2130}
{'event': 'train_progress', 'epoch': 3, 'batch': 200, 'batches': 255, 'time_group': 200, 'time_groups': 255, 'history_edges': 48751, 'pos_edges': 162, 'neg_edges': 1620, 'loss_recent': 53.785544815063474, 'elapsed_sec': 256.9198429957032, 'avg_sec_per_batch': 1.2845992149785161, 'cuda_allocated_mb': 146, 'cuda_reserved_mb': 2344, 'cuda_max_allocated_mb': 2130}
{'event': 'train_progress', 'epoch': 3, 'batch': 250, 'batches': 255, 'time_group': 250, 'time_groups': 255, 'history_edges': 60004, 'pos_edges': 131, 'neg_edges': 1310, 'loss_recent': 50.986411018371584, 'elapsed_sec': 317.45786014571786, 'avg_sec_per_batch': 1.2698314405828715, 'cuda_allocated_mb': 142, 'cuda_reserved_mb': 2344, 'cuda_max_allocated_mb': 2130}
{'event': 'train_time_group', 'epoch': 3, 'time_group': 255, 'time_groups': 255, 'batch': 254, 'batches': 255, 'time_value': 1410480000.0, 'group_batches': 1, 'history_edges': 61439, 'elapsed_sec': 323.832387406379, 'cuda_allocated_mb': 120, 'cuda_reserved_mb': 2344, 'cuda_max_allocated_mb': 2130}
{'event': 'train_progress', 'epoch': 3, 'batch': 255, 'batches': 255, 'time_group': 255, 'time_groups': 255, 'history_edges': 61439, 'pos_edges': 321, 'neg_edges': 3210, 'loss_recent': 51.90083276748657, 'elapsed_sec': 325.34900135174394, 'avg_sec_per_batch': 1.2758784366735056, 'cuda_allocated_mb': 166, 'cuda_reserved_mb': 2344, 'cuda_max_allocated_mb': 2130}
{'event': 'validation_start', 'epoch': 3}
{'event': 'validation_ranking_start', 'epoch': 3, 'max_edges': 50}
{'event': 'epoch_end', 'epoch': 3, 'early_stop_metric': 'val_composite', 'val_score': 0.18076297121179458, 'val_auc': 0.87787980445681, 'val_ap': 0.30584034209942557, 'val_ndcg': 0.8725425325990339, 'val_mrr': 0.016993932666661056, 'val_hits@1': 0.0, 'val_hits@10': 0.04, 'val_hits@50': 0.18, 'val_hits@100': 0.3, 'elapsed_sec': 634.5904158055782}
{'event': 'epoch_start', 'epoch': 4, 'epochs': 20, 'batches': 255, 'time_groups': 255}
{'event': 'train_time_group', 'epoch': 4, 'time_group': 1, 'time_groups': 255, 'batch': 0, 'batches': 255, 'time_value': 1388534400.0, 'group_batches': 1, 'history_edges': 0, 'elapsed_sec': 0.032627224922180176, 'cuda_allocated_mb': 120, 'cuda_reserved_mb': 2344, 'cuda_max_allocated_mb': 2130}
{'event': 'train_progress', 'epoch': 4, 'batch': 1, 'batches': 255, 'time_group': 1, 'time_groups': 255, 'history_edges': 0, 'pos_edges': 113, 'neg_edges': 1130, 'loss_recent': 62.78420639038086, 'elapsed_sec': 0.7228419110178947, 'avg_sec_per_batch': 0.7228419110178947, 'cuda_allocated_mb': 137, 'cuda_reserved_mb': 2344, 'cuda_max_allocated_mb': 2130}
{'event': 'train_progress', 'epoch': 4, 'batch': 50, 'batches': 255, 'time_group': 50, 'time_groups': 255, 'history_edges': 10978, 'pos_edges': 309, 'neg_edges': 3090, 'loss_recent': 50.980638694763186, 'elapsed_sec': 61.000995952636, 'avg_sec_per_batch': 1.2200199190527201, 'cuda_allocated_mb': 164, 'cuda_reserved_mb': 2344, 'cuda_max_allocated_mb': 2130}
{'event': 'train_progress', 'epoch': 4, 'batch': 95, 'batches': 255, 'time_group': 95, 'time_groups': 255, 'history_edges': 22623, 'pos_edges': 154, 'neg_edges': 1540, 'loss_recent': 52.15045188100714, 'elapsed_sec': 121.43786273524165, 'avg_sec_per_batch': 1.2782932919499121, 'cuda_allocated_mb': 144, 'cuda_reserved_mb': 2344, 'cuda_max_allocated_mb': 2130}
{'event': 'train_progress', 'epoch': 4, 'batch': 100, 'batches': 255, 'time_group': 100, 'time_groups': 255, 'history_edges': 23816, 'pos_edges': 259, 'neg_edges': 2590, 'loss_recent': 52.269638786315916, 'elapsed_sec': 128.04117679595947, 'avg_sec_per_batch': 1.2804117679595948, 'cuda_allocated_mb': 157, 'cuda_reserved_mb': 2344, 'cuda_max_allocated_mb': 2130}
{'event': 'train_progress', 'epoch': 4, 'batch': 151, 'batches': 255, 'time_group': 151, 'time_groups': 255, 'history_edges': 36236, 'pos_edges': 167, 'neg_edges': 1670, 'loss_recent': 51.41411878585816, 'elapsed_sec': 188.45084908604622, 'avg_sec_per_batch': 1.2480188681195115, 'cuda_allocated_mb': 145, 'cuda_reserved_mb': 2344, 'cuda_max_allocated_mb': 2130}
{'event': 'train_progress', 'epoch': 4, 'batch': 200, 'batches': 255, 'time_group': 200, 'time_groups': 255, 'history_edges': 48751, 'pos_edges': 162, 'neg_edges': 1620, 'loss_recent': 50.860151271820065, 'elapsed_sec': 248.86005948111415, 'avg_sec_per_batch': 1.2443002974055708, 'cuda_allocated_mb': 145, 'cuda_reserved_mb': 2344, 'cuda_max_allocated_mb': 2130}
{'event': 'train_progress', 'epoch': 4, 'batch': 252, 'batches': 255, 'time_group': 252, 'time_groups': 255, 'history_edges': 60452, 'pos_edges': 312, 'neg_edges': 3120, 'loss_recent': 49.29863931655884, 'elapsed_sec': 309.0289366841316, 'avg_sec_per_batch': 1.2263053043021097, 'cuda_allocated_mb': 165, 'cuda_reserved_mb': 2344, 'cuda_max_allocated_mb': 2130}
{'event': 'train_time_group', 'epoch': 4, 'time_group': 255, 'time_groups': 255, 'batch': 254, 'batches': 255, 'time_value': 1410480000.0, 'group_batches': 1, 'history_edges': 61439, 'elapsed_sec': 312.1217055134475, 'cuda_allocated_mb': 120, 'cuda_reserved_mb': 2344, 'cuda_max_allocated_mb': 2130}
{'event': 'train_progress', 'epoch': 4, 'batch': 255, 'batches': 255, 'time_group': 255, 'time_groups': 255, 'history_edges': 61439, 'pos_edges': 321, 'neg_edges': 3210, 'loss_recent': 49.57545778274536, 'elapsed_sec': 313.5985639542341, 'avg_sec_per_batch': 1.2297982900166045, 'cuda_allocated_mb': 165, 'cuda_reserved_mb': 2344, 'cuda_max_allocated_mb': 2130}
{'event': 'validation_start', 'epoch': 4}
{'event': 'validation_ranking_start', 'epoch': 4, 'max_edges': 50}
{'event': 'epoch_end', 'epoch': 4, 'early_stop_metric': 'val_composite', 'val_score': 0.1889725183544977, 'val_auc': 0.8791086584709358, 'val_ap': 0.3162377972358196, 'val_ndcg': 0.8766039591752618, 'val_mrr': 0.03096487972055074, 'val_hits@1': 0.02, 'val_hits@10': 0.04, 'val_hits@50': 0.11, 'val_hits@100': 0.2, 'elapsed_sec': 613.0232349075377}
{'event': 'epoch_start', 'epoch': 5, 'epochs': 20, 'batches': 255, 'time_groups': 255}
{'event': 'train_time_group', 'epoch': 5, 'time_group': 1, 'time_groups': 255, 'batch': 0, 'batches': 255, 'time_value': 1388534400.0, 'group_batches': 1, 'history_edges': 0, 'elapsed_sec': 0.022987112402915955, 'cuda_allocated_mb': 120, 'cuda_reserved_mb': 2344, 'cuda_max_allocated_mb': 2130}
{'event': 'train_progress', 'epoch': 5, 'batch': 1, 'batches': 255, 'time_group': 1, 'time_groups': 255, 'history_edges': 0, 'pos_edges': 113, 'neg_edges': 1130, 'loss_recent': 79.15382385253906, 'elapsed_sec': 0.7335329577326775, 'avg_sec_per_batch': 0.7335329577326775, 'cuda_allocated_mb': 137, 'cuda_reserved_mb': 2344, 'cuda_max_allocated_mb': 2130}
{'event': 'train_progress', 'epoch': 5, 'batch': 52, 'batches': 255, 'time_group': 52, 'time_groups': 255, 'history_edges': 11642, 'pos_edges': 317, 'neg_edges': 3170, 'loss_recent': 49.223166759197525, 'elapsed_sec': 62.032744999974966, 'avg_sec_per_batch': 1.1929374038456724, 'cuda_allocated_mb': 165, 'cuda_reserved_mb': 2344, 'cuda_max_allocated_mb': 2130}
{'event': 'train_progress', 'epoch': 5, 'batch': 99, 'batches': 255, 'time_group': 99, 'time_groups': 255, 'history_edges': 23524, 'pos_edges': 292, 'neg_edges': 2920, 'loss_recent': 50.101875729031036, 'elapsed_sec': 123.0656525939703, 'avg_sec_per_batch': 1.243087399939094, 'cuda_allocated_mb': 162, 'cuda_reserved_mb': 2344, 'cuda_max_allocated_mb': 2130}
{'event': 'train_progress', 'epoch': 5, 'batch': 100, 'batches': 255, 'time_group': 100, 'time_groups': 255, 'history_edges': 23816, 'pos_edges': 259, 'neg_edges': 2590, 'loss_recent': 50.130710487365725, 'elapsed_sec': 124.40609982982278, 'avg_sec_per_batch': 1.2440609982982278, 'cuda_allocated_mb': 157, 'cuda_reserved_mb': 2344, 'cuda_max_allocated_mb': 2130}
{'event': 'train_progress', 'epoch': 5, 'batch': 150, 'batches': 255, 'time_group': 150, 'time_groups': 255, 'history_edges': 35965, 'pos_edges': 271, 'neg_edges': 2710, 'loss_recent': 50.42032976150513, 'elapsed_sec': 184.7691415436566, 'avg_sec_per_batch': 1.2317942769577106, 'cuda_allocated_mb': 160, 'cuda_reserved_mb': 2344, 'cuda_max_allocated_mb': 2130}
{'event': 'train_progress', 'epoch': 5, 'batch': 199, 'batches': 255, 'time_group': 199, 'time_groups': 255, 'history_edges': 48469, 'pos_edges': 282, 'neg_edges': 2820, 'loss_recent': 50.09598209381104, 'elapsed_sec': 246.02614603936672, 'avg_sec_per_batch': 1.2363122916551093, 'cuda_allocated_mb': 160, 'cuda_reserved_mb': 2344, 'cuda_max_allocated_mb': 2130}
{'event': 'train_progress', 'epoch': 5, 'batch': 200, 'batches': 255, 'time_group': 200, 'time_groups': 255, 'history_edges': 48751, 'pos_edges': 162, 'neg_edges': 1620, 'loss_recent': 49.885472755432126, 'elapsed_sec': 246.98667427152395, 'avg_sec_per_batch': 1.2349333713576198, 'cuda_allocated_mb': 144, 'cuda_reserved_mb': 2344, 'cuda_max_allocated_mb': 2130}
{'event': 'train_progress', 'epoch': 5, 'batch': 253, 'batches': 255, 'time_group': 253, 'time_groups': 255, 'history_edges': 60764, 'pos_edges': 308, 'neg_edges': 3080, 'loss_recent': 48.64287317276001, 'elapsed_sec': 307.00545632094145, 'avg_sec_per_batch': 1.2134603016638001, 'cuda_allocated_mb': 165, 'cuda_reserved_mb': 2344, 'cuda_max_allocated_mb': 2130}
{'event': 'train_time_group', 'epoch': 5, 'time_group': 255, 'time_groups': 255, 'batch': 254, 'batches': 255, 'time_value': 1410480000.0, 'group_batches': 1, 'history_edges': 61439, 'elapsed_sec': 308.7922069057822, 'cuda_allocated_mb': 120, 'cuda_reserved_mb': 2344, 'cuda_max_allocated_mb': 2130}
{'event': 'train_progress', 'epoch': 5, 'batch': 255, 'batches': 255, 'time_group': 255, 'time_groups': 255, 'history_edges': 61439, 'pos_edges': 321, 'neg_edges': 3210, 'loss_recent': 48.83117525100708, 'elapsed_sec': 310.2789914980531, 'avg_sec_per_batch': 1.2167803588158943, 'cuda_allocated_mb': 165, 'cuda_reserved_mb': 2344, 'cuda_max_allocated_mb': 2130}
{'event': 'validation_start', 'epoch': 5}
{'event': 'validation_ranking_start', 'epoch': 5, 'max_edges': 50}
{'event': 'epoch_end', 'epoch': 5, 'early_stop_metric': 'val_composite', 'val_score': 0.19283088444553032, 'val_auc': 0.8836719073116246, 'val_ap': 0.3417913996992034, 'val_ndcg': 0.883267757673161, 'val_mrr': 0.027201916757732644, 'val_hits@1': 0.01, 'val_hits@10': 0.05, 'val_hits@50': 0.16, 'val_hits@100': 0.24, 'elapsed_sec': 607.0011599957943}
{'event': 'epoch_start', 'epoch': 6, 'epochs': 20, 'batches': 255, 'time_groups': 255}
{'event': 'train_time_group', 'epoch': 6, 'time_group': 1, 'time_groups': 255, 'batch': 0, 'batches': 255, 'time_value': 1388534400.0, 'group_batches': 1, 'history_edges': 0, 'elapsed_sec': 0.023887764662504196, 'cuda_allocated_mb': 120, 'cuda_reserved_mb': 2344, 'cuda_max_allocated_mb': 2130}
{'event': 'train_progress', 'epoch': 6, 'batch': 1, 'batches': 255, 'time_group': 1, 'time_groups': 255, 'history_edges': 0, 'pos_edges': 113, 'neg_edges': 1130, 'loss_recent': 95.7012939453125, 'elapsed_sec': 0.6160677410662174, 'avg_sec_per_batch': 0.6160677410662174, 'cuda_allocated_mb': 137, 'cuda_reserved_mb': 2344, 'cuda_max_allocated_mb': 2130}
{'event': 'train_progress', 'epoch': 6, 'batch': 51, 'batches': 255, 'time_group': 51, 'time_groups': 255, 'history_edges': 11287, 'pos_edges': 355, 'neg_edges': 3550, 'loss_recent': 47.87912694145651, 'elapsed_sec': 61.42124481499195, 'avg_sec_per_batch': 1.2043381336272931, 'cuda_allocated_mb': 169, 'cuda_reserved_mb': 2344, 'cuda_max_allocated_mb': 2130}
{'event': 'train_progress', 'epoch': 6, 'batch': 97, 'batches': 255, 'time_group': 97, 'time_groups': 255, 'history_edges': 22916, 'pos_edges': 268, 'neg_edges': 2680, 'loss_recent': 48.93953144427427, 'elapsed_sec': 122.33822630345821, 'avg_sec_per_batch': 1.2612188278707033, 'cuda_allocated_mb': 158, 'cuda_reserved_mb': 2344, 'cuda_max_allocated_mb': 2130}
{'event': 'train_progress', 'epoch': 6, 'batch': 100, 'batches': 255, 'time_group': 100, 'time_groups': 255, 'history_edges': 23816, 'pos_edges': 259, 'neg_edges': 2590, 'loss_recent': 49.24978895187378, 'elapsed_sec': 127.13214540854096, 'avg_sec_per_batch': 1.2713214540854096, 'cuda_allocated_mb': 158, 'cuda_reserved_mb': 2344, 'cuda_max_allocated_mb': 2130}
{'event': 'train_progress', 'epoch': 6, 'batch': 149, 'batches': 255, 'time_group': 149, 'time_groups': 255, 'history_edges': 35638, 'pos_edges': 327, 'neg_edges': 3270, 'loss_recent': 49.87563714981079, 'elapsed_sec': 187.80146810784936, 'avg_sec_per_batch': 1.260412537636573, 'cuda_allocated_mb': 165, 'cuda_reserved_mb': 2344, 'cuda_max_allocated_mb': 2130}
{'event': 'train_progress', 'epoch': 6, 'batch': 198, 'batches': 255, 'time_group': 198, 'time_groups': 255, 'history_edges': 48188, 'pos_edges': 281, 'neg_edges': 2810, 'loss_recent': 49.61474851608276, 'elapsed_sec': 249.02193585038185, 'avg_sec_per_batch': 1.2576865446988983, 'cuda_allocated_mb': 161, 'cuda_reserved_mb': 2344, 'cuda_max_allocated_mb': 2130}
{'event': 'train_progress', 'epoch': 6, 'batch': 200, 'batches': 255, 'time_group': 200, 'time_groups': 255, 'history_edges': 48751, 'pos_edges': 162, 'neg_edges': 1620, 'loss_recent': 49.378147754669186, 'elapsed_sec': 251.3507125340402, 'avg_sec_per_batch': 1.256753562670201, 'cuda_allocated_mb': 145, 'cuda_reserved_mb': 2344, 'cuda_max_allocated_mb': 2130}
{'event': 'train_progress', 'epoch': 6, 'batch': 252, 'batches': 255, 'time_group': 252, 'time_groups': 255, 'history_edges': 60452, 'pos_edges': 312, 'neg_edges': 3120, 'loss_recent': 48.02941833496094, 'elapsed_sec': 311.9598509669304, 'avg_sec_per_batch': 1.237935916535438, 'cuda_allocated_mb': 165, 'cuda_reserved_mb': 2344, 'cuda_max_allocated_mb': 2130}
{'event': 'train_time_group', 'epoch': 6, 'time_group': 255, 'time_groups': 255, 'batch': 254, 'batches': 255, 'time_value': 1410480000.0, 'group_batches': 1, 'history_edges': 61439, 'elapsed_sec': 314.8111004270613, 'cuda_allocated_mb': 120, 'cuda_reserved_mb': 2344, 'cuda_max_allocated_mb': 2130}
{'event': 'train_progress', 'epoch': 6, 'batch': 255, 'batches': 255, 'time_group': 255, 'time_groups': 255, 'history_edges': 61439, 'pos_edges': 321, 'neg_edges': 3210, 'loss_recent': 48.31695816040039, 'elapsed_sec': 316.30814126878977, 'avg_sec_per_batch': 1.2404240834070186, 'cuda_allocated_mb': 165, 'cuda_reserved_mb': 2344, 'cuda_max_allocated_mb': 2130}
{'event': 'validation_start', 'epoch': 6}
{'event': 'validation_ranking_start', 'epoch': 6, 'max_edges': 50}
{'event': 'epoch_end', 'epoch': 6, 'early_stop_metric': 'val_composite', 'val_score': 0.2188994128251817, 'val_auc': 0.8853309337819089, 'val_ap': 0.36410336628146706, 'val_ndcg': 0.8888589219611824, 'val_mrr': 0.049378872259497344, 'val_hits@1': 0.02, 'val_hits@10': 0.1, 'val_hits@50': 0.24, 'val_hits@100': 0.3, 'elapsed_sec': 613.5830686800182}
{'event': 'epoch_start', 'epoch': 7, 'epochs': 20, 'batches': 255, 'time_groups': 255}
{'event': 'train_time_group', 'epoch': 7, 'time_group': 1, 'time_groups': 255, 'batch': 0, 'batches': 255, 'time_value': 1388534400.0, 'group_batches': 1, 'history_edges': 0, 'elapsed_sec': 0.02713105082511902, 'cuda_allocated_mb': 120, 'cuda_reserved_mb': 2344, 'cuda_max_allocated_mb': 2130}
{'event': 'train_progress', 'epoch': 7, 'batch': 1, 'batches': 255, 'time_group': 1, 'time_groups': 255, 'history_edges': 0, 'pos_edges': 113, 'neg_edges': 1130, 'loss_recent': 112.76107788085938, 'elapsed_sec': 0.6430087052285671, 'avg_sec_per_batch': 0.6430087052285671, 'cuda_allocated_mb': 137, 'cuda_reserved_mb': 2344, 'cuda_max_allocated_mb': 2130}
{'event': 'train_progress', 'epoch': 7, 'batch': 50, 'batches': 255, 'time_group': 50, 'time_groups': 255, 'history_edges': 10978, 'pos_edges': 309, 'neg_edges': 3090, 'loss_recent': 47.107081985473634, 'elapsed_sec': 61.145593017339706, 'avg_sec_per_batch': 1.222911860346794, 'cuda_allocated_mb': 163, 'cuda_reserved_mb': 2344, 'cuda_max_allocated_mb': 2130}
{'event': 'train_progress', 'epoch': 7, 'batch': 96, 'batches': 255, 'time_group': 96, 'time_groups': 255, 'history_edges': 22777, 'pos_edges': 139, 'neg_edges': 1390, 'loss_recent': 48.52098290125529, 'elapsed_sec': 121.24793749675155, 'avg_sec_per_batch': 1.2629993489244953, 'cuda_allocated_mb': 142, 'cuda_reserved_mb': 2344, 'cuda_max_allocated_mb': 2130}
{'event': 'train_progress', 'epoch': 7, 'batch': 100, 'batches': 255, 'time_group': 100, 'time_groups': 255, 'history_edges': 23816, 'pos_edges': 259, 'neg_edges': 2590, 'loss_recent': 48.89160919189453, 'elapsed_sec': 127.14031822234392, 'avg_sec_per_batch': 1.2714031822234393, 'cuda_allocated_mb': 158, 'cuda_reserved_mb': 2344, 'cuda_max_allocated_mb': 2130}
{'event': 'train_progress', 'epoch': 7, 'batch': 148, 'batches': 255, 'time_group': 148, 'time_groups': 255, 'history_edges': 35325, 'pos_edges': 313, 'neg_edges': 3130, 'loss_recent': 49.54491262435913, 'elapsed_sec': 188.62797263637185, 'avg_sec_per_batch': 1.2745133286241341, 'cuda_allocated_mb': 164, 'cuda_reserved_mb': 2344, 'cuda_max_allocated_mb': 2130}
{'event': 'train_progress', 'epoch': 7, 'batch': 197, 'batches': 255, 'time_group': 197, 'time_groups': 255, 'history_edges': 47905, 'pos_edges': 283, 'neg_edges': 2830, 'loss_recent': 49.42483722686767, 'elapsed_sec': 249.41852174699306, 'avg_sec_per_batch': 1.2660838667360055, 'cuda_allocated_mb': 162, 'cuda_reserved_mb': 2344, 'cuda_max_allocated_mb': 2130}
{'event': 'train_progress', 'epoch': 7, 'batch': 200, 'batches': 255, 'time_group': 200, 'time_groups': 255, 'history_edges': 48751, 'pos_edges': 162, 'neg_edges': 1620, 'loss_recent': 49.086741008758544, 'elapsed_sec': 253.25310253351927, 'avg_sec_per_batch': 1.2662655126675963, 'cuda_allocated_mb': 145, 'cuda_reserved_mb': 2344, 'cuda_max_allocated_mb': 2130}
{'event': 'train_progress', 'epoch': 7, 'batch': 252, 'batches': 255, 'time_group': 252, 'time_groups': 255, 'history_edges': 60452, 'pos_edges': 312, 'neg_edges': 3120, 'loss_recent': 47.79402605056762, 'elapsed_sec': 313.9331152290106, 'avg_sec_per_batch': 1.2457663302738515, 'cuda_allocated_mb': 167, 'cuda_reserved_mb': 2344, 'cuda_max_allocated_mb': 2130}
{'event': 'train_time_group', 'epoch': 7, 'time_group': 255, 'time_groups': 255, 'batch': 254, 'batches': 255, 'time_value': 1410480000.0, 'group_batches': 1, 'history_edges': 61439, 'elapsed_sec': 317.1938949227333, 'cuda_allocated_mb': 120, 'cuda_reserved_mb': 2344, 'cuda_max_allocated_mb': 2130}
{'event': 'train_progress', 'epoch': 7, 'batch': 255, 'batches': 255, 'time_group': 255, 'time_groups': 255, 'history_edges': 61439, 'pos_edges': 321, 'neg_edges': 3210, 'loss_recent': 48.09976369857788, 'elapsed_sec': 318.7297265790403, 'avg_sec_per_batch': 1.2499204963883932, 'cuda_allocated_mb': 166, 'cuda_reserved_mb': 2344, 'cuda_max_allocated_mb': 2130}
{'event': 'validation_start', 'epoch': 7}
{'event': 'validation_ranking_start', 'epoch': 7, 'max_edges': 50}
{'event': 'epoch_end', 'epoch': 7, 'early_stop_metric': 'val_composite', 'val_score': 0.22597780619404298, 'val_auc': 0.8884323702477865, 'val_ap': 0.3753652347320876, 'val_ndcg': 0.8907160533026, 'val_mrr': 0.07035285436733252, 'val_hits@1': 0.05, 'val_hits@10': 0.08, 'val_hits@50': 0.24, 'val_hits@100': 0.36, 'elapsed_sec': 620.5309935808182}
{'event': 'epoch_start', 'epoch': 8, 'epochs': 20, 'batches': 255, 'time_groups': 255}
{'event': 'train_time_group', 'epoch': 8, 'time_group': 1, 'time_groups': 255, 'batch': 0, 'batches': 255, 'time_value': 1388534400.0, 'group_batches': 1, 'history_edges': 0, 'elapsed_sec': 0.0302182137966156, 'cuda_allocated_mb': 120, 'cuda_reserved_mb': 2344, 'cuda_max_allocated_mb': 2130}
{'event': 'train_progress', 'epoch': 8, 'batch': 1, 'batches': 255, 'time_group': 1, 'time_groups': 255, 'history_edges': 0, 'pos_edges': 113, 'neg_edges': 1130, 'loss_recent': 129.03494262695312, 'elapsed_sec': 0.7497786991298199, 'avg_sec_per_batch': 0.7497786991298199, 'cuda_allocated_mb': 137, 'cuda_reserved_mb': 2344, 'cuda_max_allocated_mb': 2130}
{'event': 'train_progress', 'epoch': 8, 'batch': 51, 'batches': 255, 'time_group': 51, 'time_groups': 255, 'history_edges': 11287, 'pos_edges': 355, 'neg_edges': 3550, 'loss_recent': 47.66184066323673, 'elapsed_sec': 61.9960992410779, 'avg_sec_per_batch': 1.2156097890407431, 'cuda_allocated_mb': 168, 'cuda_reserved_mb': 2344, 'cuda_max_allocated_mb': 2130}
{'event': 'train_progress', 'epoch': 8, 'batch': 97, 'batches': 255, 'time_group': 97, 'time_groups': 255, 'history_edges': 22916, 'pos_edges': 268, 'neg_edges': 2680, 'loss_recent': 48.56214743545375, 'elapsed_sec': 122.992511510849, 'avg_sec_per_batch': 1.2679640361943196, 'cuda_allocated_mb': 159, 'cuda_reserved_mb': 2344, 'cuda_max_allocated_mb': 2130}
{'event': 'train_progress', 'epoch': 8, 'batch': 100, 'batches': 255, 'time_group': 100, 'time_groups': 255, 'history_edges': 23816, 'pos_edges': 259, 'neg_edges': 2590, 'loss_recent': 48.86863510131836, 'elapsed_sec': 127.50921684876084, 'avg_sec_per_batch': 1.2750921684876084, 'cuda_allocated_mb': 158, 'cuda_reserved_mb': 2344, 'cuda_max_allocated_mb': 2130}
{'event': 'train_progress', 'epoch': 8, 'batch': 147, 'batches': 255, 'time_group': 147, 'time_groups': 255, 'history_edges': 35074, 'pos_edges': 251, 'neg_edges': 2510, 'loss_recent': 49.30318006515503, 'elapsed_sec': 187.69861849024892, 'avg_sec_per_batch': 1.2768613502738022, 'cuda_allocated_mb': 157, 'cuda_reserved_mb': 2344, 'cuda_max_allocated_mb': 2130}
{'event': 'train_progress', 'epoch': 8, 'batch': 195, 'batches': 255, 'time_group': 195, 'time_groups': 255, 'history_edges': 47304, 'pos_edges': 289, 'neg_edges': 2890, 'loss_recent': 48.87093530654907, 'elapsed_sec': 247.78984847292304, 'avg_sec_per_batch': 1.2707171716560155, 'cuda_allocated_mb': 163, 'cuda_reserved_mb': 2344, 'cuda_max_allocated_mb': 2130}
{'event': 'train_progress', 'epoch': 8, 'batch': 200, 'batches': 255, 'time_group': 200, 'time_groups': 255, 'history_edges': 48751, 'pos_edges': 162, 'neg_edges': 1620, 'loss_recent': 48.91093496322632, 'elapsed_sec': 254.36731576174498, 'avg_sec_per_batch': 1.271836578808725, 'cuda_allocated_mb': 145, 'cuda_reserved_mb': 2344, 'cuda_max_allocated_mb': 2130}
{'event': 'train_progress', 'epoch': 8, 'batch': 252, 'batches': 255, 'time_group': 252, 'time_groups': 255, 'history_edges': 60452, 'pos_edges': 312, 'neg_edges': 3120, 'loss_recent': 47.674475440979, 'elapsed_sec': 315.09905352815986, 'avg_sec_per_batch': 1.25039306955619, 'cuda_allocated_mb': 165, 'cuda_reserved_mb': 2344, 'cuda_max_allocated_mb': 2130}
{'event': 'train_time_group', 'epoch': 8, 'time_group': 255, 'time_groups': 255, 'batch': 254, 'batches': 255, 'time_value': 1410480000.0, 'group_batches': 1, 'history_edges': 61439, 'elapsed_sec': 317.84298906102777, 'cuda_allocated_mb': 120, 'cuda_reserved_mb': 2344, 'cuda_max_allocated_mb': 2130}
{'event': 'train_progress', 'epoch': 8, 'batch': 255, 'batches': 255, 'time_group': 255, 'time_groups': 255, 'history_edges': 61439, 'pos_edges': 321, 'neg_edges': 3210, 'loss_recent': 47.953854179382326, 'elapsed_sec': 319.33898010477424, 'avg_sec_per_batch': 1.2523097259010754, 'cuda_allocated_mb': 166, 'cuda_reserved_mb': 2344, 'cuda_max_allocated_mb': 2130}
{'event': 'validation_start', 'epoch': 8}
{'event': 'validation_ranking_start', 'epoch': 8, 'max_edges': 50}
{'event': 'epoch_end', 'epoch': 8, 'early_stop_metric': 'val_composite', 'val_score': 0.2289060163545693, 'val_auc': 0.8886277009700401, 'val_ap': 0.39767264304416794, 'val_ndcg': 0.8967131317465181, 'val_mrr': 0.06668919380929307, 'val_hits@1': 0.04, 'val_hits@10': 0.09, 'val_hits@50': 0.25, 'val_hits@100': 0.42, 'elapsed_sec': 617.7846685983241}
{'event': 'epoch_start', 'epoch': 9, 'epochs': 20, 'batches': 255, 'time_groups': 255}
{'event': 'train_time_group', 'epoch': 9, 'time_group': 1, 'time_groups': 255, 'batch': 0, 'batches': 255, 'time_value': 1388534400.0, 'group_batches': 1, 'history_edges': 0, 'elapsed_sec': 0.02896677330136299, 'cuda_allocated_mb': 120, 'cuda_reserved_mb': 2344, 'cuda_max_allocated_mb': 2130}
{'event': 'train_progress', 'epoch': 9, 'batch': 1, 'batches': 255, 'time_group': 1, 'time_groups': 255, 'history_edges': 0, 'pos_edges': 113, 'neg_edges': 1130, 'loss_recent': 147.2071990966797, 'elapsed_sec': 0.7302857302129269, 'avg_sec_per_batch': 0.7302857302129269, 'cuda_allocated_mb': 137, 'cuda_reserved_mb': 2344, 'cuda_max_allocated_mb': 2130}
{'event': 'train_progress', 'epoch': 9, 'batch': 51, 'batches': 255, 'time_group': 51, 'time_groups': 255, 'history_edges': 11287, 'pos_edges': 355, 'neg_edges': 3550, 'loss_recent': 47.584413154452456, 'elapsed_sec': 61.87958066537976, 'avg_sec_per_batch': 1.2133251110858776, 'cuda_allocated_mb': 168, 'cuda_reserved_mb': 2344, 'cuda_max_allocated_mb': 2130}
{'event': 'train_progress', 'epoch': 9, 'batch': 97, 'batches': 255, 'time_group': 97, 'time_groups': 255, 'history_edges': 22916, 'pos_edges': 268, 'neg_edges': 2680, 'loss_recent': 48.4793758392334, 'elapsed_sec': 121.885726172477, 'avg_sec_per_batch': 1.2565538780667733, 'cuda_allocated_mb': 159, 'cuda_reserved_mb': 2344, 'cuda_max_allocated_mb': 2130}
{'event': 'train_progress', 'epoch': 9, 'batch': 100, 'batches': 255, 'time_group': 100, 'time_groups': 255, 'history_edges': 23816, 'pos_edges': 259, 'neg_edges': 2590, 'loss_recent': 48.77573068618774, 'elapsed_sec': 126.46017972752452, 'avg_sec_per_batch': 1.2646017972752452, 'cuda_allocated_mb': 158, 'cuda_reserved_mb': 2344, 'cuda_max_allocated_mb': 2130}
{'event': 'train_progress', 'epoch': 9, 'batch': 148, 'batches': 255, 'time_group': 148, 'time_groups': 255, 'history_edges': 35325, 'pos_edges': 313, 'neg_edges': 3130, 'loss_recent': 49.2031199836731, 'elapsed_sec': 186.98619347438216, 'avg_sec_per_batch': 1.2634202261782579, 'cuda_allocated_mb': 164, 'cuda_reserved_mb': 2344, 'cuda_max_allocated_mb': 2130}
{'event': 'train_progress', 'epoch': 9, 'batch': 197, 'batches': 255, 'time_group': 197, 'time_groups': 255, 'history_edges': 47905, 'pos_edges': 283, 'neg_edges': 2830, 'loss_recent': 49.08831596374512, 'elapsed_sec': 248.0023979023099, 'avg_sec_per_batch': 1.258895420823908, 'cuda_allocated_mb': 161, 'cuda_reserved_mb': 2344, 'cuda_max_allocated_mb': 2130}
{'event': 'train_progress', 'epoch': 9, 'batch': 200, 'batches': 255, 'time_group': 200, 'time_groups': 255, 'history_edges': 48751, 'pos_edges': 162, 'neg_edges': 1620, 'loss_recent': 48.758922023773195, 'elapsed_sec': 251.47394673898816, 'avg_sec_per_batch': 1.2573697336949408, 'cuda_allocated_mb': 145, 'cuda_reserved_mb': 2344, 'cuda_max_allocated_mb': 2130}
{'event': 'train_progress', 'epoch': 9, 'batch': 252, 'batches': 255, 'time_group': 252, 'time_groups': 255, 'history_edges': 60452, 'pos_edges': 312, 'neg_edges': 3120, 'loss_recent': 47.52358137130737, 'elapsed_sec': 311.86191510781646, 'avg_sec_per_batch': 1.2375472821738749, 'cuda_allocated_mb': 166, 'cuda_reserved_mb': 2344, 'cuda_max_allocated_mb': 2130}
{'event': 'train_time_group', 'epoch': 9, 'time_group': 255, 'time_groups': 255, 'batch': 254, 'batches': 255, 'time_value': 1410480000.0, 'group_batches': 1, 'history_edges': 61439, 'elapsed_sec': 315.0092149488628, 'cuda_allocated_mb': 120, 'cuda_reserved_mb': 2344, 'cuda_max_allocated_mb': 2130}
{'event': 'train_progress', 'epoch': 9, 'batch': 255, 'batches': 255, 'time_group': 255, 'time_groups': 255, 'history_edges': 61439, 'pos_edges': 321, 'neg_edges': 3210, 'loss_recent': 47.79932451248169, 'elapsed_sec': 316.53124759718776, 'avg_sec_per_batch': 1.24129901018505, 'cuda_allocated_mb': 166, 'cuda_reserved_mb': 2344, 'cuda_max_allocated_mb': 2130}
{'event': 'validation_start', 'epoch': 9}
{'event': 'validation_ranking_start', 'epoch': 9, 'max_edges': 50}
{'event': 'epoch_end', 'epoch': 9, 'early_stop_metric': 'val_composite', 'val_score': 0.2562696147922156, 'val_auc': 0.8888773672585857, 'val_ap': 0.39911692791363407, 'val_ndcg': 0.8964414592224529, 'val_mrr': 0.10105263382412864, 'val_hits@1': 0.08, 'val_hits@10': 0.13, 'val_hits@50': 0.31, 'val_hits@100': 0.43, 'elapsed_sec': 612.7905110046268}
{'event': 'epoch_start', 'epoch': 10, 'epochs': 20, 'batches': 255, 'time_groups': 255}
{'event': 'train_time_group', 'epoch': 10, 'time_group': 1, 'time_groups': 255, 'batch': 0, 'batches': 255, 'time_value': 1388534400.0, 'group_batches': 1, 'history_edges': 0, 'elapsed_sec': 0.02900278940796852, 'cuda_allocated_mb': 120, 'cuda_reserved_mb': 2344, 'cuda_max_allocated_mb': 2130}
{'event': 'train_progress', 'epoch': 10, 'batch': 1, 'batches': 255, 'time_group': 1, 'time_groups': 255, 'history_edges': 0, 'pos_edges': 113, 'neg_edges': 1130, 'loss_recent': 158.8595733642578, 'elapsed_sec': 0.7452682517468929, 'avg_sec_per_batch': 0.7452682517468929, 'cuda_allocated_mb': 136, 'cuda_reserved_mb': 2344, 'cuda_max_allocated_mb': 2130}
{'event': 'train_progress', 'epoch': 10, 'batch': 51, 'batches': 255, 'time_group': 51, 'time_groups': 255, 'history_edges': 11287, 'pos_edges': 355, 'neg_edges': 3550, 'loss_recent': 47.827014661302755, 'elapsed_sec': 62.06413121148944, 'avg_sec_per_batch': 1.216943749244891, 'cuda_allocated_mb': 168, 'cuda_reserved_mb': 2344, 'cuda_max_allocated_mb': 2130}
{'event': 'train_progress', 'epoch': 10, 'batch': 97, 'batches': 255, 'time_group': 97, 'time_groups': 255, 'history_edges': 22916, 'pos_edges': 268, 'neg_edges': 2680, 'loss_recent': 48.469330856480546, 'elapsed_sec': 122.08188186585903, 'avg_sec_per_batch': 1.2585761017098869, 'cuda_allocated_mb': 159, 'cuda_reserved_mb': 2344, 'cuda_max_allocated_mb': 2130}
{'event': 'train_progress', 'epoch': 10, 'batch': 100, 'batches': 255, 'time_group': 100, 'time_groups': 255, 'history_edges': 23816, 'pos_edges': 259, 'neg_edges': 2590, 'loss_recent': 48.779860458374024, 'elapsed_sec': 126.51440778747201, 'avg_sec_per_batch': 1.26514407787472, 'cuda_allocated_mb': 158, 'cuda_reserved_mb': 2344, 'cuda_max_allocated_mb': 2130}
{'event': 'train_progress', 'epoch': 10, 'batch': 148, 'batches': 255, 'time_group': 148, 'time_groups': 255, 'history_edges': 35325, 'pos_edges': 313, 'neg_edges': 3130, 'loss_recent': 49.034936065673826, 'elapsed_sec': 187.64828689023852, 'avg_sec_per_batch': 1.2678938303394496, 'cuda_allocated_mb': 164, 'cuda_reserved_mb': 2344, 'cuda_max_allocated_mb': 2130}
{'event': 'train_progress', 'epoch': 10, 'batch': 197, 'batches': 255, 'time_group': 197, 'time_groups': 255, 'history_edges': 47905, 'pos_edges': 283, 'neg_edges': 2830, 'loss_recent': 49.05201816558838, 'elapsed_sec': 248.69045937806368, 'avg_sec_per_batch': 1.262388118670374, 'cuda_allocated_mb': 161, 'cuda_reserved_mb': 2344, 'cuda_max_allocated_mb': 2130}
{'event': 'train_progress', 'epoch': 10, 'batch': 200, 'batches': 255, 'time_group': 200, 'time_groups': 255, 'history_edges': 48751, 'pos_edges': 162, 'neg_edges': 1620, 'loss_recent': 48.69555925369263, 'elapsed_sec': 252.46906017884612, 'avg_sec_per_batch': 1.2623453008942307, 'cuda_allocated_mb': 144, 'cuda_reserved_mb': 2344, 'cuda_max_allocated_mb': 2130}
{'event': 'train_progress', 'epoch': 10, 'batch': 252, 'batches': 255, 'time_group': 252, 'time_groups': 255, 'history_edges': 60452, 'pos_edges': 312, 'neg_edges': 3120, 'loss_recent': 47.49875177383423, 'elapsed_sec': 312.7622104138136, 'avg_sec_per_batch': 1.2411198825944985, 'cuda_allocated_mb': 165, 'cuda_reserved_mb': 2344, 'cuda_max_allocated_mb': 2130}
{'event': 'train_time_group', 'epoch': 10, 'time_group': 255, 'time_groups': 255, 'batch': 254, 'batches': 255, 'time_value': 1410480000.0, 'group_batches': 1, 'history_edges': 61439, 'elapsed_sec': 315.96149457618594, 'cuda_allocated_mb': 120, 'cuda_reserved_mb': 2344, 'cuda_max_allocated_mb': 2130}
{'event': 'train_progress', 'epoch': 10, 'batch': 255, 'batches': 255, 'time_group': 255, 'time_groups': 255, 'history_edges': 61439, 'pos_edges': 321, 'neg_edges': 3210, 'loss_recent': 47.78898336410523, 'elapsed_sec': 317.4720847532153, 'avg_sec_per_batch': 1.244988567659668, 'cuda_allocated_mb': 165, 'cuda_reserved_mb': 2344, 'cuda_max_allocated_mb': 2130}
{'event': 'validation_start', 'epoch': 10}
{'event': 'validation_ranking_start', 'epoch': 10, 'max_edges': 50}
{'event': 'epoch_end', 'epoch': 10, 'early_stop_metric': 'val_composite', 'val_score': 0.2597410867625567, 'val_auc': 0.8884270794070952, 'val_ap': 0.40380121517573553, 'val_ndcg': 0.898240761668897, 'val_mrr': 0.07719380666783766, 'val_hits@1': 0.03, 'val_hits@10': 0.19, 'val_hits@50': 0.33, 'val_hits@100': 0.43, 'elapsed_sec': 614.4869058094919}
{'event': 'epoch_start', 'epoch': 11, 'epochs': 20, 'batches': 255, 'time_groups': 255}
{'event': 'train_time_group', 'epoch': 11, 'time_group': 1, 'time_groups': 255, 'batch': 0, 'batches': 255, 'time_value': 1388534400.0, 'group_batches': 1, 'history_edges': 0, 'elapsed_sec': 0.028062161058187485, 'cuda_allocated_mb': 120, 'cuda_reserved_mb': 2344, 'cuda_max_allocated_mb': 2130}
{'event': 'train_progress', 'epoch': 11, 'batch': 1, 'batches': 255, 'time_group': 1, 'time_groups': 255, 'history_edges': 0, 'pos_edges': 113, 'neg_edges': 1130, 'loss_recent': 174.54217529296875, 'elapsed_sec': 0.7895952872931957, 'avg_sec_per_batch': 0.7895952872931957, 'cuda_allocated_mb': 137, 'cuda_reserved_mb': 2344, 'cuda_max_allocated_mb': 2130}
{'event': 'train_progress', 'epoch': 11, 'batch': 51, 'batches': 255, 'time_group': 51, 'time_groups': 255, 'history_edges': 11287, 'pos_edges': 355, 'neg_edges': 3550, 'loss_recent': 47.95333110584932, 'elapsed_sec': 61.808024384081364, 'avg_sec_per_batch': 1.2119220467466933, 'cuda_allocated_mb': 167, 'cuda_reserved_mb': 2344, 'cuda_max_allocated_mb': 2130}
{'event': 'train_progress', 'epoch': 11, 'batch': 97, 'batches': 255, 'time_group': 97, 'time_groups': 255, 'history_edges': 22916, 'pos_edges': 268, 'neg_edges': 2680, 'loss_recent': 48.56017098967562, 'elapsed_sec': 122.42854875326157, 'avg_sec_per_batch': 1.2621499871470265, 'cuda_allocated_mb': 158, 'cuda_reserved_mb': 2344, 'cuda_max_allocated_mb': 2130}
{'event': 'train_progress', 'epoch': 11, 'batch': 100, 'batches': 255, 'time_group': 100, 'time_groups': 255, 'history_edges': 23816, 'pos_edges': 259, 'neg_edges': 2590, 'loss_recent': 48.85818550109863, 'elapsed_sec': 127.2483501136303, 'avg_sec_per_batch': 1.272483501136303, 'cuda_allocated_mb': 158, 'cuda_reserved_mb': 2344, 'cuda_max_allocated_mb': 2130}
{'event': 'train_progress', 'epoch': 11, 'batch': 148, 'batches': 255, 'time_group': 148, 'time_groups': 255, 'history_edges': 35325, 'pos_edges': 313, 'neg_edges': 3130, 'loss_recent': 49.00557779312134, 'elapsed_sec': 187.9947090819478, 'avg_sec_per_batch': 1.2702345208239716, 'cuda_allocated_mb': 165, 'cuda_reserved_mb': 2344, 'cuda_max_allocated_mb': 2130}
{'event': 'train_progress', 'epoch': 11, 'batch': 197, 'batches': 255, 'time_group': 197, 'time_groups': 255, 'history_edges': 47905, 'pos_edges': 283, 'neg_edges': 2830, 'loss_recent': 48.926734790802, 'elapsed_sec': 248.77324695140123, 'avg_sec_per_batch': 1.2628083601593971, 'cuda_allocated_mb': 160, 'cuda_reserved_mb': 2344, 'cuda_max_allocated_mb': 2130}
{'event': 'train_progress', 'epoch': 11, 'batch': 200, 'batches': 255, 'time_group': 200, 'time_groups': 255, 'history_edges': 48751, 'pos_edges': 162, 'neg_edges': 1620, 'loss_recent': 48.586304111480715, 'elapsed_sec': 252.59688971564174, 'avg_sec_per_batch': 1.2629844485782087, 'cuda_allocated_mb': 146, 'cuda_reserved_mb': 2344, 'cuda_max_allocated_mb': 2130}
{'event': 'train_progress', 'epoch': 11, 'batch': 253, 'batches': 255, 'time_group': 253, 'time_groups': 255, 'history_edges': 60764, 'pos_edges': 308, 'neg_edges': 3080, 'loss_recent': 47.47535753250122, 'elapsed_sec': 313.90855845436454, 'avg_sec_per_batch': 1.2407452903334566, 'cuda_allocated_mb': 166, 'cuda_reserved_mb': 2344, 'cuda_max_allocated_mb': 2130}
{'event': 'train_time_group', 'epoch': 11, 'time_group': 255, 'time_groups': 255, 'batch': 254, 'batches': 255, 'time_value': 1410480000.0, 'group_batches': 1, 'history_edges': 61439, 'elapsed_sec': 315.6156514957547, 'cuda_allocated_mb': 120, 'cuda_reserved_mb': 2344, 'cuda_max_allocated_mb': 2130}
{'event': 'train_progress', 'epoch': 11, 'batch': 255, 'batches': 255, 'time_group': 255, 'time_groups': 255, 'history_edges': 61439, 'pos_edges': 321, 'neg_edges': 3210, 'loss_recent': 47.68218709945679, 'elapsed_sec': 317.0035489015281, 'avg_sec_per_batch': 1.2431511721628554, 'cuda_allocated_mb': 165, 'cuda_reserved_mb': 2344, 'cuda_max_allocated_mb': 2130}
{'event': 'validation_start', 'epoch': 11}
{'event': 'validation_ranking_start', 'epoch': 11, 'max_edges': 50}
{'event': 'epoch_end', 'epoch': 11, 'early_stop_metric': 'val_composite', 'val_score': 0.2572335290728676, 'val_auc': 0.889982366494378, 'val_ap': 0.4318476930613766, 'val_ndcg': 0.9039484388044323, 'val_mrr': 0.08110280958514647, 'val_hits@1': 0.04, 'val_hits@10': 0.16, 'val_hits@50': 0.38, 'val_hits@100': 0.49, 'elapsed_sec': 613.5053734332323}
{'event': 'epoch_start', 'epoch': 12, 'epochs': 20, 'batches': 255, 'time_groups': 255}
{'event': 'train_time_group', 'epoch': 12, 'time_group': 1, 'time_groups': 255, 'batch': 0, 'batches': 255, 'time_value': 1388534400.0, 'group_batches': 1, 'history_edges': 0, 'elapsed_sec': 0.26601777225732803, 'cuda_allocated_mb': 120, 'cuda_reserved_mb': 2344, 'cuda_max_allocated_mb': 2130}
{'event': 'train_progress', 'epoch': 12, 'batch': 1, 'batches': 255, 'time_group': 1, 'time_groups': 255, 'history_edges': 0, 'pos_edges': 113, 'neg_edges': 1130, 'loss_recent': 190.25244140625, 'elapsed_sec': 0.9583846181631088, 'avg_sec_per_batch': 0.9583846181631088, 'cuda_allocated_mb': 137, 'cuda_reserved_mb': 2344, 'cuda_max_allocated_mb': 2130}
{'event': 'train_progress', 'epoch': 12, 'batch': 51, 'batches': 255, 'time_group': 51, 'time_groups': 255, 'history_edges': 11287, 'pos_edges': 355, 'neg_edges': 3550, 'loss_recent': 48.20025070040834, 'elapsed_sec': 61.75277087837458, 'avg_sec_per_batch': 1.2108386446740114, 'cuda_allocated_mb': 169, 'cuda_reserved_mb': 2344, 'cuda_max_allocated_mb': 2130}
{'event': 'train_progress', 'epoch': 12, 'batch': 98, 'batches': 255, 'time_group': 98, 'time_groups': 255, 'history_edges': 23184, 'pos_edges': 340, 'neg_edges': 3400, 'loss_recent': 48.80165263584682, 'elapsed_sec': 123.29580891877413, 'avg_sec_per_batch': 1.2581204991711645, 'cuda_allocated_mb': 168, 'cuda_reserved_mb': 2344, 'cuda_max_allocated_mb': 2130}
{'event': 'train_progress', 'epoch': 12, 'batch': 100, 'batches': 255, 'time_group': 100, 'time_groups': 255, 'history_edges': 23816, 'pos_edges': 259, 'neg_edges': 2590, 'loss_recent': 48.91979793548584, 'elapsed_sec': 126.23033244162798, 'avg_sec_per_batch': 1.2623033244162798, 'cuda_allocated_mb': 158, 'cuda_reserved_mb': 2344, 'cuda_max_allocated_mb': 2130}
{'event': 'train_progress', 'epoch': 12, 'batch': 148, 'batches': 255, 'time_group': 148, 'time_groups': 255, 'history_edges': 35325, 'pos_edges': 313, 'neg_edges': 3130, 'loss_recent': 48.99139003753662, 'elapsed_sec': 187.1325928196311, 'avg_sec_per_batch': 1.2644094109434534, 'cuda_allocated_mb': 165, 'cuda_reserved_mb': 2344, 'cuda_max_allocated_mb': 2130}
{'event': 'train_progress', 'epoch': 12, 'batch': 197, 'batches': 255, 'time_group': 197, 'time_groups': 255, 'history_edges': 47905, 'pos_edges': 283, 'neg_edges': 2830, 'loss_recent': 48.93245037078857, 'elapsed_sec': 247.69212055578828, 'avg_sec_per_batch': 1.2573204089126309, 'cuda_allocated_mb': 162, 'cuda_reserved_mb': 2344, 'cuda_max_allocated_mb': 2130}
{'event': 'train_progress', 'epoch': 12, 'batch': 200, 'batches': 255, 'time_group': 200, 'time_groups': 255, 'history_edges': 48751, 'pos_edges': 162, 'neg_edges': 1620, 'loss_recent': 48.600406856536864, 'elapsed_sec': 251.2132184393704, 'avg_sec_per_batch': 1.256066092196852, 'cuda_allocated_mb': 145, 'cuda_reserved_mb': 2344, 'cuda_max_allocated_mb': 2130}
{'event': 'train_progress', 'epoch': 12, 'batch': 252, 'batches': 255, 'time_group': 252, 'time_groups': 255, 'history_edges': 60452, 'pos_edges': 312, 'neg_edges': 3120, 'loss_recent': 47.39433822631836, 'elapsed_sec': 312.16134660691023, 'avg_sec_per_batch': 1.238735502408374, 'cuda_allocated_mb': 165, 'cuda_reserved_mb': 2344, 'cuda_max_allocated_mb': 2130}
{'event': 'train_time_group', 'epoch': 12, 'time_group': 255, 'time_groups': 255, 'batch': 254, 'batches': 255, 'time_value': 1410480000.0, 'group_batches': 1, 'history_edges': 61439, 'elapsed_sec': 315.3933603465557, 'cuda_allocated_mb': 120, 'cuda_reserved_mb': 2344, 'cuda_max_allocated_mb': 2132}
{'event': 'train_progress', 'epoch': 12, 'batch': 255, 'batches': 255, 'time_group': 255, 'time_groups': 255, 'history_edges': 61439, 'pos_edges': 321, 'neg_edges': 3210, 'loss_recent': 47.676032066345215, 'elapsed_sec': 317.05708814412355, 'avg_sec_per_batch': 1.2433611299769551, 'cuda_allocated_mb': 165, 'cuda_reserved_mb': 2344, 'cuda_max_allocated_mb': 2132}
{'event': 'validation_start', 'epoch': 12}
{'event': 'validation_ranking_start', 'epoch': 12, 'max_edges': 50}
{'event': 'epoch_end', 'epoch': 12, 'early_stop_metric': 'val_composite', 'val_score': 0.2657084071219039, 'val_auc': 0.8896218379881611, 'val_ap': 0.4335786824380194, 'val_ndcg': 0.9035120941289515, 'val_mrr': 0.08781452635975563, 'val_hits@1': 0.04, 'val_hits@10': 0.18, 'val_hits@50': 0.33, 'val_hits@100': 0.43, 'elapsed_sec': 613.6202848665416}
{'event': 'epoch_start', 'epoch': 13, 'epochs': 20, 'batches': 255, 'time_groups': 255}
{'event': 'train_time_group', 'epoch': 13, 'time_group': 1, 'time_groups': 255, 'batch': 0, 'batches': 255, 'time_value': 1388534400.0, 'group_batches': 1, 'history_edges': 0, 'elapsed_sec': 0.02755110338330269, 'cuda_allocated_mb': 120, 'cuda_reserved_mb': 2344, 'cuda_max_allocated_mb': 2132}
{'event': 'train_progress', 'epoch': 13, 'batch': 1, 'batches': 255, 'time_group': 1, 'time_groups': 255, 'history_edges': 0, 'pos_edges': 113, 'neg_edges': 1130, 'loss_recent': 206.92962646484375, 'elapsed_sec': 0.7347761951386929, 'avg_sec_per_batch': 0.7347761951386929, 'cuda_allocated_mb': 137, 'cuda_reserved_mb': 2344, 'cuda_max_allocated_mb': 2132}
{'event': 'train_progress', 'epoch': 13, 'batch': 51, 'batches': 255, 'time_group': 51, 'time_groups': 255, 'history_edges': 11287, 'pos_edges': 355, 'neg_edges': 3550, 'loss_recent': 48.51249440511068, 'elapsed_sec': 62.21093365550041, 'avg_sec_per_batch': 1.2198222285392237, 'cuda_allocated_mb': 169, 'cuda_reserved_mb': 2344, 'cuda_max_allocated_mb': 2132}
{'event': 'train_progress', 'epoch': 13, 'batch': 98, 'batches': 255, 'time_group': 98, 'time_groups': 255, 'history_edges': 23184, 'pos_edges': 340, 'neg_edges': 3400, 'loss_recent': 48.92365153954954, 'elapsed_sec': 123.76177389547229, 'avg_sec_per_batch': 1.26287524383135, 'cuda_allocated_mb': 168, 'cuda_reserved_mb': 2344, 'cuda_max_allocated_mb': 2132}
{'event': 'train_progress', 'epoch': 13, 'batch': 100, 'batches': 255, 'time_group': 100, 'time_groups': 255, 'history_edges': 23816, 'pos_edges': 259, 'neg_edges': 2590, 'loss_recent': 49.037519969940185, 'elapsed_sec': 126.65137675777078, 'avg_sec_per_batch': 1.2665137675777078, 'cuda_allocated_mb': 158, 'cuda_reserved_mb': 2344, 'cuda_max_allocated_mb': 2132}
{'event': 'train_progress', 'epoch': 13, 'batch': 148, 'batches': 255, 'time_group': 148, 'time_groups': 255, 'history_edges': 35325, 'pos_edges': 313, 'neg_edges': 3130, 'loss_recent': 48.87170930862427, 'elapsed_sec': 187.34188808500767, 'avg_sec_per_batch': 1.2658235681419436, 'cuda_allocated_mb': 164, 'cuda_reserved_mb': 2344, 'cuda_max_allocated_mb': 2132}
{'event': 'train_progress', 'epoch': 13, 'batch': 197, 'batches': 255, 'time_group': 197, 'time_groups': 255, 'history_edges': 47905, 'pos_edges': 283, 'neg_edges': 2830, 'loss_recent': 48.851137771606446, 'elapsed_sec': 248.48987821489573, 'avg_sec_per_batch': 1.2613699401771357, 'cuda_allocated_mb': 162, 'cuda_reserved_mb': 2344, 'cuda_max_allocated_mb': 2132}
{'event': 'train_progress', 'epoch': 13, 'batch': 200, 'batches': 255, 'time_group': 200, 'time_groups': 255, 'history_edges': 48751, 'pos_edges': 162, 'neg_edges': 1620, 'loss_recent': 48.51634124755859, 'elapsed_sec': 251.70545423030853, 'avg_sec_per_batch': 1.2585272711515427, 'cuda_allocated_mb': 145, 'cuda_reserved_mb': 2344, 'cuda_max_allocated_mb': 2132}
{'event': 'train_progress', 'epoch': 13, 'batch': 253, 'batches': 255, 'time_group': 253, 'time_groups': 255, 'history_edges': 60764, 'pos_edges': 308, 'neg_edges': 3080, 'loss_recent': 47.3503232383728, 'elapsed_sec': 312.6524069085717, 'avg_sec_per_batch': 1.2357802644607578, 'cuda_allocated_mb': 163, 'cuda_reserved_mb': 2344, 'cuda_max_allocated_mb': 2132}
{'event': 'train_time_group', 'epoch': 13, 'time_group': 255, 'time_groups': 255, 'batch': 254, 'batches': 255, 'time_value': 1410480000.0, 'group_batches': 1, 'history_edges': 61439, 'elapsed_sec': 314.4014265798032, 'cuda_allocated_mb': 120, 'cuda_reserved_mb': 2344, 'cuda_max_allocated_mb': 2132}
{'event': 'train_progress', 'epoch': 13, 'batch': 255, 'batches': 255, 'time_group': 255, 'time_groups': 255, 'history_edges': 61439, 'pos_edges': 321, 'neg_edges': 3210, 'loss_recent': 47.56844518661499, 'elapsed_sec': 315.98339331150055, 'avg_sec_per_batch': 1.2391505620058845, 'cuda_allocated_mb': 167, 'cuda_reserved_mb': 2344, 'cuda_max_allocated_mb': 2132}
{'event': 'validation_start', 'epoch': 13}
{'event': 'validation_ranking_start', 'epoch': 13, 'max_edges': 50}
{'event': 'epoch_end', 'epoch': 13, 'early_stop_metric': 'val_composite', 'val_score': 0.2698979501411985, 'val_auc': 0.8910999079945272, 'val_ap': 0.4416975424488667, 'val_ndcg': 0.9051742813332335, 'val_mrr': 0.08912641939426548, 'val_hits@1': 0.04, 'val_hits@10': 0.19, 'val_hits@50': 0.39, 'val_hits@100': 0.51, 'elapsed_sec': 614.1951777487993}
{'event': 'epoch_start', 'epoch': 14, 'epochs': 20, 'batches': 255, 'time_groups': 255}
{'event': 'train_time_group', 'epoch': 14, 'time_group': 1, 'time_groups': 255, 'batch': 0, 'batches': 255, 'time_value': 1388534400.0, 'group_batches': 1, 'history_edges': 0, 'elapsed_sec': 0.03109794110059738, 'cuda_allocated_mb': 120, 'cuda_reserved_mb': 2344, 'cuda_max_allocated_mb': 2132}
{'event': 'train_progress', 'epoch': 14, 'batch': 1, 'batches': 255, 'time_group': 1, 'time_groups': 255, 'history_edges': 0, 'pos_edges': 113, 'neg_edges': 1130, 'loss_recent': 222.8683624267578, 'elapsed_sec': 0.7492077834904194, 'avg_sec_per_batch': 0.7492077834904194, 'cuda_allocated_mb': 137, 'cuda_reserved_mb': 2344, 'cuda_max_allocated_mb': 2132}
{'event': 'train_progress', 'epoch': 14, 'batch': 51, 'batches': 255, 'time_group': 51, 'time_groups': 255, 'history_edges': 11287, 'pos_edges': 355, 'neg_edges': 3550, 'loss_recent': 48.765467961629234, 'elapsed_sec': 62.29722271859646, 'avg_sec_per_batch': 1.2215141709528716, 'cuda_allocated_mb': 168, 'cuda_reserved_mb': 2344, 'cuda_max_allocated_mb': 2132}
{'event': 'train_progress', 'epoch': 14, 'batch': 97, 'batches': 255, 'time_group': 97, 'time_groups': 255, 'history_edges': 22916, 'pos_edges': 268, 'neg_edges': 2680, 'loss_recent': 48.83772348620228, 'elapsed_sec': 122.36701813340187, 'avg_sec_per_batch': 1.261515650859813, 'cuda_allocated_mb': 159, 'cuda_reserved_mb': 2344, 'cuda_max_allocated_mb': 2132}
{'event': 'train_progress', 'epoch': 14, 'batch': 100, 'batches': 255, 'time_group': 100, 'time_groups': 255, 'history_edges': 23816, 'pos_edges': 259, 'neg_edges': 2590, 'loss_recent': 49.10704833984375, 'elapsed_sec': 126.82566238194704, 'avg_sec_per_batch': 1.2682566238194704, 'cuda_allocated_mb': 158, 'cuda_reserved_mb': 2344, 'cuda_max_allocated_mb': 2132}
{'event': 'train_progress', 'epoch': 14, 'batch': 147, 'batches': 255, 'time_group': 147, 'time_groups': 255, 'history_edges': 35074, 'pos_edges': 251, 'neg_edges': 2510, 'loss_recent': 48.76511466979981, 'elapsed_sec': 186.93254431337118, 'avg_sec_per_batch': 1.2716499613154502, 'cuda_allocated_mb': 157, 'cuda_reserved_mb': 2344, 'cuda_max_allocated_mb': 2132}
{'event': 'train_progress', 'epoch': 14, 'batch': 196, 'batches': 255, 'time_group': 196, 'time_groups': 255, 'history_edges': 47593, 'pos_edges': 312, 'neg_edges': 3120, 'loss_recent': 48.77094738006592, 'elapsed_sec': 247.49776135757565, 'avg_sec_per_batch': 1.262743680395794, 'cuda_allocated_mb': 163, 'cuda_reserved_mb': 2344, 'cuda_max_allocated_mb': 2132}
{'event': 'train_progress', 'epoch': 14, 'batch': 200, 'batches': 255, 'time_group': 200, 'time_groups': 255, 'history_edges': 48751, 'pos_edges': 162, 'neg_edges': 1620, 'loss_recent': 48.45737024307251, 'elapsed_sec': 252.36702854186296, 'avg_sec_per_batch': 1.2618351427093148, 'cuda_allocated_mb': 146, 'cuda_reserved_mb': 2344, 'cuda_max_allocated_mb': 2132}
{'event': 'train_progress', 'epoch': 14, 'batch': 253, 'batches': 255, 'time_group': 253, 'time_groups': 255, 'history_edges': 60764, 'pos_edges': 308, 'neg_edges': 3080, 'loss_recent': 47.28868585586548, 'elapsed_sec': 312.9450184740126, 'avg_sec_per_batch': 1.2369368319130933, 'cuda_allocated_mb': 165, 'cuda_reserved_mb': 2344, 'cuda_max_allocated_mb': 2132}
{'event': 'train_time_group', 'epoch': 14, 'time_group': 255, 'time_groups': 255, 'batch': 254, 'batches': 255, 'time_value': 1410480000.0, 'group_batches': 1, 'history_edges': 61439, 'elapsed_sec': 314.60475854575634, 'cuda_allocated_mb': 120, 'cuda_reserved_mb': 2344, 'cuda_max_allocated_mb': 2132}
{'event': 'train_progress', 'epoch': 14, 'batch': 255, 'batches': 255, 'time_group': 255, 'time_groups': 255, 'history_edges': 61439, 'pos_edges': 321, 'neg_edges': 3210, 'loss_recent': 47.4985097694397, 'elapsed_sec': 316.09196630492806, 'avg_sec_per_batch': 1.2395763384506984, 'cuda_allocated_mb': 165, 'cuda_reserved_mb': 2344, 'cuda_max_allocated_mb': 2132}
{'event': 'validation_start', 'epoch': 14}
{'event': 'validation_ranking_start', 'epoch': 14, 'max_edges': 50}
{'event': 'epoch_end', 'epoch': 14, 'early_stop_metric': 'val_composite', 'val_score': 0.2768839225813226, 'val_auc': 0.8900322238949124, 'val_ap': 0.4583543319827656, 'val_ndcg': 0.9087892294510395, 'val_mrr': 0.1050873115976184, 'val_hits@1': 0.07, 'val_hits@10': 0.18, 'val_hits@50': 0.45, 'val_hits@100': 0.55, 'elapsed_sec': 611.2856025397778}
{'event': 'epoch_start', 'epoch': 15, 'epochs': 20, 'batches': 255, 'time_groups': 255}
{'event': 'train_time_group', 'epoch': 15, 'time_group': 1, 'time_groups': 255, 'batch': 0, 'batches': 255, 'time_value': 1388534400.0, 'group_batches': 1, 'history_edges': 0, 'elapsed_sec': 0.02884097397327423, 'cuda_allocated_mb': 120, 'cuda_reserved_mb': 2344, 'cuda_max_allocated_mb': 2132}
{'event': 'train_progress', 'epoch': 15, 'batch': 1, 'batches': 255, 'time_group': 1, 'time_groups': 255, 'history_edges': 0, 'pos_edges': 113, 'neg_edges': 1130, 'loss_recent': 244.30589294433594, 'elapsed_sec': 0.7416356690227985, 'avg_sec_per_batch': 0.7416356690227985, 'cuda_allocated_mb': 137, 'cuda_reserved_mb': 2344, 'cuda_max_allocated_mb': 2132}
{'event': 'train_progress', 'epoch': 15, 'batch': 51, 'batches': 255, 'time_group': 51, 'time_groups': 255, 'history_edges': 11287, 'pos_edges': 355, 'neg_edges': 3550, 'loss_recent': 49.188918992584824, 'elapsed_sec': 62.38790174946189, 'avg_sec_per_batch': 1.2232921911659194, 'cuda_allocated_mb': 168, 'cuda_reserved_mb': 2344, 'cuda_max_allocated_mb': 2132}
{'event': 'train_progress', 'epoch': 15, 'batch': 98, 'batches': 255, 'time_group': 98, 'time_groups': 255, 'history_edges': 23184, 'pos_edges': 340, 'neg_edges': 3400, 'loss_recent': 49.24664672540159, 'elapsed_sec': 123.49688766524196, 'avg_sec_per_batch': 1.260172323114714, 'cuda_allocated_mb': 167, 'cuda_reserved_mb': 2344, 'cuda_max_allocated_mb': 2132}
{'event': 'train_progress', 'epoch': 15, 'batch': 100, 'batches': 255, 'time_group': 100, 'time_groups': 255, 'history_edges': 23816, 'pos_edges': 259, 'neg_edges': 2590, 'loss_recent': 49.35084995269776, 'elapsed_sec': 126.28780061751604, 'avg_sec_per_batch': 1.2628780061751603, 'cuda_allocated_mb': 158, 'cuda_reserved_mb': 2344, 'cuda_max_allocated_mb': 2132}
{'event': 'train_progress', 'epoch': 15, 'batch': 147, 'batches': 255, 'time_group': 147, 'time_groups': 255, 'history_edges': 35074, 'pos_edges': 251, 'neg_edges': 2510, 'loss_recent': 48.768716220855715, 'elapsed_sec': 186.37145493924618, 'avg_sec_per_batch': 1.267833026797593, 'cuda_allocated_mb': 158, 'cuda_reserved_mb': 2344, 'cuda_max_allocated_mb': 2132}
{'event': 'train_progress', 'epoch': 15, 'batch': 195, 'batches': 255, 'time_group': 195, 'time_groups': 255, 'history_edges': 47304, 'pos_edges': 289, 'neg_edges': 2890, 'loss_recent': 48.374130725860596, 'elapsed_sec': 246.54951900988817, 'avg_sec_per_batch': 1.2643565077430163, 'cuda_allocated_mb': 162, 'cuda_reserved_mb': 2344, 'cuda_max_allocated_mb': 2132}
{'event': 'train_progress', 'epoch': 15, 'batch': 200, 'batches': 255, 'time_group': 200, 'time_groups': 255, 'history_edges': 48751, 'pos_edges': 162, 'neg_edges': 1620, 'loss_recent': 48.41735805511475, 'elapsed_sec': 252.54562981799245, 'avg_sec_per_batch': 1.2627281490899622, 'cuda_allocated_mb': 145, 'cuda_reserved_mb': 2344, 'cuda_max_allocated_mb': 2132}
{'event': 'train_progress', 'epoch': 15, 'batch': 254, 'batches': 255, 'time_group': 254, 'time_groups': 255, 'history_edges': 61072, 'pos_edges': 367, 'neg_edges': 3670, 'loss_recent': 47.44483446121216, 'elapsed_sec': 314.08432614430785, 'avg_sec_per_batch': 1.2365524651350703, 'cuda_allocated_mb': 171, 'cuda_reserved_mb': 2364, 'cuda_max_allocated_mb': 2132}
{'event': 'train_time_group', 'epoch': 15, 'time_group': 255, 'time_groups': 255, 'batch': 254, 'batches': 255, 'time_value': 1410480000.0, 'group_batches': 1, 'history_edges': 61439, 'elapsed_sec': 314.10800801590085, 'cuda_allocated_mb': 120, 'cuda_reserved_mb': 2364, 'cuda_max_allocated_mb': 2132}
{'event': 'train_progress', 'epoch': 15, 'batch': 255, 'batches': 255, 'time_group': 255, 'time_groups': 255, 'history_edges': 61439, 'pos_edges': 321, 'neg_edges': 3210, 'loss_recent': 47.491564960479735, 'elapsed_sec': 315.69776180014014, 'avg_sec_per_batch': 1.238030438431922, 'cuda_allocated_mb': 166, 'cuda_reserved_mb': 2364, 'cuda_max_allocated_mb': 2132}
{'event': 'validation_start', 'epoch': 15}
{'event': 'validation_ranking_start', 'epoch': 15, 'max_edges': 50}
{'event': 'epoch_end', 'epoch': 15, 'early_stop_metric': 'val_composite', 'val_score': 0.2926914575866644, 'val_auc': 0.8894317982944573, 'val_ap': 0.44953499238170713, 'val_ndcg': 0.9056556876825187, 'val_mrr': 0.12364637720865025, 'val_hits@1': 0.07, 'val_hits@10': 0.21, 'val_hits@50': 0.44, 'val_hits@100': 0.53, 'elapsed_sec': 610.9830578751862}
{'event': 'epoch_start', 'epoch': 16, 'epochs': 20, 'batches': 255, 'time_groups': 255}
{'event': 'train_time_group', 'epoch': 16, 'time_group': 1, 'time_groups': 255, 'batch': 0, 'batches': 255, 'time_value': 1388534400.0, 'group_batches': 1, 'history_edges': 0, 'elapsed_sec': 0.02553773671388626, 'cuda_allocated_mb': 120, 'cuda_reserved_mb': 2364, 'cuda_max_allocated_mb': 2132}
{'event': 'train_progress', 'epoch': 16, 'batch': 1, 'batches': 255, 'time_group': 1, 'time_groups': 255, 'history_edges': 0, 'pos_edges': 113, 'neg_edges': 1130, 'loss_recent': 250.75994873046875, 'elapsed_sec': 0.741767268627882, 'avg_sec_per_batch': 0.741767268627882, 'cuda_allocated_mb': 138, 'cuda_reserved_mb': 2364, 'cuda_max_allocated_mb': 2132}
{'event': 'train_progress', 'epoch': 16, 'batch': 51, 'batches': 255, 'time_group': 51, 'time_groups': 255, 'history_edges': 11287, 'pos_edges': 355, 'neg_edges': 3550, 'loss_recent': 49.22091959037033, 'elapsed_sec': 61.46590341255069, 'avg_sec_per_batch': 1.2052137924029547, 'cuda_allocated_mb': 168, 'cuda_reserved_mb': 2364, 'cuda_max_allocated_mb': 2132}
{'event': 'train_progress', 'epoch': 16, 'batch': 97, 'batches': 255, 'time_group': 97, 'time_groups': 255, 'history_edges': 22916, 'pos_edges': 268, 'neg_edges': 2680, 'loss_recent': 49.0846231598215, 'elapsed_sec': 122.12857994437218, 'avg_sec_per_batch': 1.2590575251997131, 'cuda_allocated_mb': 159, 'cuda_reserved_mb': 2364, 'cuda_max_allocated_mb': 2132}
{'event': 'train_progress', 'epoch': 16, 'batch': 100, 'batches': 255, 'time_group': 100, 'time_groups': 255, 'history_edges': 23816, 'pos_edges': 259, 'neg_edges': 2590, 'loss_recent': 49.37081157684326, 'elapsed_sec': 126.63826074823737, 'avg_sec_per_batch': 1.2663826074823736, 'cuda_allocated_mb': 159, 'cuda_reserved_mb': 2364, 'cuda_max_allocated_mb': 2132}
{'event': 'train_progress', 'epoch': 16, 'batch': 148, 'batches': 255, 'time_group': 148, 'time_groups': 255, 'history_edges': 35325, 'pos_edges': 313, 'neg_edges': 3130, 'loss_recent': 48.76339988708496, 'elapsed_sec': 187.85074608027935, 'avg_sec_per_batch': 1.2692617978397254, 'cuda_allocated_mb': 164, 'cuda_reserved_mb': 2364, 'cuda_max_allocated_mb': 2132}
{'event': 'train_progress', 'epoch': 16, 'batch': 197, 'batches': 255, 'time_group': 197, 'time_groups': 255, 'history_edges': 47905, 'pos_edges': 283, 'neg_edges': 2830, 'loss_recent': 48.70629222869873, 'elapsed_sec': 249.27451165392995, 'avg_sec_per_batch': 1.2653528510351775, 'cuda_allocated_mb': 161, 'cuda_reserved_mb': 2364, 'cuda_max_allocated_mb': 2132}
{'event': 'train_progress', 'epoch': 16, 'batch': 200, 'batches': 255, 'time_group': 200, 'time_groups': 255, 'history_edges': 48751, 'pos_edges': 162, 'neg_edges': 1620, 'loss_recent': 48.34748992919922, 'elapsed_sec': 252.99470710009336, 'avg_sec_per_batch': 1.2649735355004668, 'cuda_allocated_mb': 144, 'cuda_reserved_mb': 2364, 'cuda_max_allocated_mb': 2132}
{'event': 'train_progress', 'epoch': 16, 'batch': 252, 'batches': 255, 'time_group': 252, 'time_groups': 255, 'history_edges': 60452, 'pos_edges': 312, 'neg_edges': 3120, 'loss_recent': 47.19605278015137, 'elapsed_sec': 313.4158577695489, 'avg_sec_per_batch': 1.2437137213077336, 'cuda_allocated_mb': 165, 'cuda_reserved_mb': 2364, 'cuda_max_allocated_mb': 2132}
{'event': 'train_time_group', 'epoch': 16, 'time_group': 255, 'time_groups': 255, 'batch': 254, 'batches': 255, 'time_value': 1410480000.0, 'group_batches': 1, 'history_edges': 61439, 'elapsed_sec': 316.6502349190414, 'cuda_allocated_mb': 120, 'cuda_reserved_mb': 2364, 'cuda_max_allocated_mb': 2132}
{'event': 'train_progress', 'epoch': 16, 'batch': 255, 'batches': 255, 'time_group': 255, 'time_groups': 255, 'history_edges': 61439, 'pos_edges': 321, 'neg_edges': 3210, 'loss_recent': 47.49915912628174, 'elapsed_sec': 318.09595204144716, 'avg_sec_per_batch': 1.247435106044891, 'cuda_allocated_mb': 165, 'cuda_reserved_mb': 2364, 'cuda_max_allocated_mb': 2132}
{'event': 'validation_start', 'epoch': 16}
{'event': 'validation_ranking_start', 'epoch': 16, 'max_edges': 50}
{'event': 'epoch_end', 'epoch': 16, 'early_stop_metric': 'val_composite', 'val_score': 0.2853173330344714, 'val_auc': 0.8891550415264493, 'val_ap': 0.45784166721326836, 'val_ndcg': 0.9077610401232712, 'val_mrr': 0.11231982016835426, 'val_hits@1': 0.07, 'val_hits@10': 0.2, 'val_hits@50': 0.44, 'val_hits@100': 0.51, 'elapsed_sec': 613.2440834976733}
{'event': 'epoch_start', 'epoch': 17, 'epochs': 20, 'batches': 255, 'time_groups': 255}
{'event': 'train_time_group', 'epoch': 17, 'time_group': 1, 'time_groups': 255, 'batch': 0, 'batches': 255, 'time_value': 1388534400.0, 'group_batches': 1, 'history_edges': 0, 'elapsed_sec': 0.025554154068231583, 'cuda_allocated_mb': 120, 'cuda_reserved_mb': 2364, 'cuda_max_allocated_mb': 2132}
{'event': 'train_progress', 'epoch': 17, 'batch': 1, 'batches': 255, 'time_group': 1, 'time_groups': 255, 'history_edges': 0, 'pos_edges': 113, 'neg_edges': 1130, 'loss_recent': 260.64263916015625, 'elapsed_sec': 0.7643358334898949, 'avg_sec_per_batch': 0.7643358334898949, 'cuda_allocated_mb': 137, 'cuda_reserved_mb': 2364, 'cuda_max_allocated_mb': 2132}
{'event': 'train_progress', 'epoch': 17, 'batch': 51, 'batches': 255, 'time_group': 51, 'time_groups': 255, 'history_edges': 11287, 'pos_edges': 355, 'neg_edges': 3550, 'loss_recent': 49.401660769593484, 'elapsed_sec': 61.343908719718456, 'avg_sec_per_batch': 1.2028217396023226, 'cuda_allocated_mb': 168, 'cuda_reserved_mb': 2364, 'cuda_max_allocated_mb': 2132}
{'event': 'train_progress', 'epoch': 17, 'batch': 98, 'batches': 255, 'time_group': 98, 'time_groups': 255, 'history_edges': 23184, 'pos_edges': 340, 'neg_edges': 3400, 'loss_recent': 49.373616744060904, 'elapsed_sec': 122.98467210680246, 'avg_sec_per_batch': 1.2549456337428824, 'cuda_allocated_mb': 168, 'cuda_reserved_mb': 2364, 'cuda_max_allocated_mb': 2132}
{'event': 'train_progress', 'epoch': 17, 'batch': 100, 'batches': 255, 'time_group': 100, 'time_groups': 255, 'history_edges': 23816, 'pos_edges': 259, 'neg_edges': 2590, 'loss_recent': 49.49243366241455, 'elapsed_sec': 125.74007758498192, 'avg_sec_per_batch': 1.2574007758498191, 'cuda_allocated_mb': 158, 'cuda_reserved_mb': 2364, 'cuda_max_allocated_mb': 2132}
{'event': 'train_progress', 'epoch': 17, 'batch': 148, 'batches': 255, 'time_group': 148, 'time_groups': 255, 'history_edges': 35325, 'pos_edges': 313, 'neg_edges': 3130, 'loss_recent': 48.79868730545044, 'elapsed_sec': 186.93481401726604, 'avg_sec_per_batch': 1.2630730676842299, 'cuda_allocated_mb': 165, 'cuda_reserved_mb': 2364, 'cuda_max_allocated_mb': 2132}
{'event': 'train_progress', 'epoch': 17, 'batch': 196, 'batches': 255, 'time_group': 196, 'time_groups': 255, 'history_edges': 47593, 'pos_edges': 312, 'neg_edges': 3120, 'loss_recent': 48.695340614318845, 'elapsed_sec': 247.8516247421503, 'avg_sec_per_batch': 1.2645491058272975, 'cuda_allocated_mb': 165, 'cuda_reserved_mb': 2364, 'cuda_max_allocated_mb': 2132}
{'event': 'train_progress', 'epoch': 17, 'batch': 200, 'batches': 255, 'time_group': 200, 'time_groups': 255, 'history_edges': 48751, 'pos_edges': 162, 'neg_edges': 1620, 'loss_recent': 48.36295064926148, 'elapsed_sec': 252.63033496588469, 'avg_sec_per_batch': 1.2631516748294234, 'cuda_allocated_mb': 146, 'cuda_reserved_mb': 2364, 'cuda_max_allocated_mb': 2132}
{'event': 'train_time_group', 'epoch': 17, 'time_group': 253, 'time_groups': 255, 'batch': 252, 'batches': 255, 'time_value': 1410307200.0, 'group_batches': 1, 'history_edges': 60764, 'elapsed_sec': 312.6387904919684, 'cuda_allocated_mb': 120, 'cuda_reserved_mb': 2364, 'cuda_max_allocated_mb': 2132}
{'event': 'train_time_group', 'epoch': 17, 'time_group': 255, 'time_groups': 255, 'batch': 254, 'batches': 255, 'time_value': 1410480000.0, 'group_batches': 1, 'history_edges': 61439, 'elapsed_sec': 315.63423720002174, 'cuda_allocated_mb': 120, 'cuda_reserved_mb': 2364, 'cuda_max_allocated_mb': 2132}
{'event': 'train_progress', 'epoch': 17, 'batch': 255, 'batches': 255, 'time_group': 255, 'time_groups': 255, 'history_edges': 61439, 'pos_edges': 321, 'neg_edges': 3210, 'loss_recent': 47.437075481414794, 'elapsed_sec': 317.1001219600439, 'avg_sec_per_batch': 1.2435298900393879, 'cuda_allocated_mb': 165, 'cuda_reserved_mb': 2364, 'cuda_max_allocated_mb': 2132}
{'event': 'validation_start', 'epoch': 17}
{'event': 'validation_ranking_start', 'epoch': 17, 'max_edges': 50}
{'event': 'epoch_end', 'epoch': 17, 'early_stop_metric': 'val_composite', 'val_score': 0.31504880070817526, 'val_auc': 0.8878995892215633, 'val_ap': 0.46290689382981043, 'val_ndcg': 0.9080645945058569, 'val_mrr': 0.1411463458839194, 'val_hits@1': 0.09, 'val_hits@10': 0.26, 'val_hits@50': 0.41, 'val_hits@100': 0.51, 'elapsed_sec': 611.3244824372232}
{'event': 'epoch_start', 'epoch': 18, 'epochs': 20, 'batches': 255, 'time_groups': 255}
{'event': 'train_time_group', 'epoch': 18, 'time_group': 1, 'time_groups': 255, 'batch': 0, 'batches': 255, 'time_value': 1388534400.0, 'group_batches': 1, 'history_edges': 0, 'elapsed_sec': 0.026614554226398468, 'cuda_allocated_mb': 120, 'cuda_reserved_mb': 2364, 'cuda_max_allocated_mb': 2132}
{'event': 'train_progress', 'epoch': 18, 'batch': 1, 'batches': 255, 'time_group': 1, 'time_groups': 255, 'history_edges': 0, 'pos_edges': 113, 'neg_edges': 1130, 'loss_recent': 280.5813293457031, 'elapsed_sec': 0.8921108096837997, 'avg_sec_per_batch': 0.8921108096837997, 'cuda_allocated_mb': 136, 'cuda_reserved_mb': 2364, 'cuda_max_allocated_mb': 2132}
{'event': 'train_progress', 'epoch': 18, 'batch': 51, 'batches': 255, 'time_group': 51, 'time_groups': 255, 'history_edges': 11287, 'pos_edges': 355, 'neg_edges': 3550, 'loss_recent': 49.558054867912745, 'elapsed_sec': 61.49970204383135, 'avg_sec_per_batch': 1.2058765106633598, 'cuda_allocated_mb': 167, 'cuda_reserved_mb': 2364, 'cuda_max_allocated_mb': 2132}
{'event': 'train_progress', 'epoch': 18, 'batch': 98, 'batches': 255, 'time_group': 98, 'time_groups': 255, 'history_edges': 23184, 'pos_edges': 340, 'neg_edges': 3400, 'loss_recent': 49.47813053520358, 'elapsed_sec': 122.71246252954006, 'avg_sec_per_batch': 1.2521679849953067, 'cuda_allocated_mb': 167, 'cuda_reserved_mb': 2364, 'cuda_max_allocated_mb': 2132}
{'event': 'train_progress', 'epoch': 18, 'batch': 100, 'batches': 255, 'time_group': 100, 'time_groups': 255, 'history_edges': 23816, 'pos_edges': 259, 'neg_edges': 2590, 'loss_recent': 49.58107173919678, 'elapsed_sec': 125.51031407341361, 'avg_sec_per_batch': 1.2551031407341362, 'cuda_allocated_mb': 158, 'cuda_reserved_mb': 2364, 'cuda_max_allocated_mb': 2132}
{'event': 'train_progress', 'epoch': 18, 'batch': 147, 'batches': 255, 'time_group': 147, 'time_groups': 255, 'history_edges': 35074, 'pos_edges': 251, 'neg_edges': 2510, 'loss_recent': 48.82725820541382, 'elapsed_sec': 185.5759804993868, 'avg_sec_per_batch': 1.2624216360502503, 'cuda_allocated_mb': 157, 'cuda_reserved_mb': 2364, 'cuda_max_allocated_mb': 2132}
{'event': 'train_progress', 'epoch': 18, 'batch': 195, 'batches': 255, 'time_group': 195, 'time_groups': 255, 'history_edges': 47304, 'pos_edges': 289, 'neg_edges': 2890, 'loss_recent': 48.33003883361816, 'elapsed_sec': 246.58804884552956, 'avg_sec_per_batch': 1.2645540966437414, 'cuda_allocated_mb': 162, 'cuda_reserved_mb': 2364, 'cuda_max_allocated_mb': 2132}
{'event': 'train_progress', 'epoch': 18, 'batch': 200, 'batches': 255, 'time_group': 200, 'time_groups': 255, 'history_edges': 48751, 'pos_edges': 162, 'neg_edges': 1620, 'loss_recent': 48.34882677078247, 'elapsed_sec': 252.94700469076633, 'avg_sec_per_batch': 1.2647350234538317, 'cuda_allocated_mb': 145, 'cuda_reserved_mb': 2364, 'cuda_max_allocated_mb': 2132}
{'event': 'train_progress', 'epoch': 18, 'batch': 252, 'batches': 255, 'time_group': 252, 'time_groups': 255, 'history_edges': 60452, 'pos_edges': 312, 'neg_edges': 3120, 'loss_recent': 47.10397224426269, 'elapsed_sec': 313.7699869982898, 'avg_sec_per_batch': 1.2451189960249596, 'cuda_allocated_mb': 164, 'cuda_reserved_mb': 2364, 'cuda_max_allocated_mb': 2132}
{'event': 'train_time_group', 'epoch': 18, 'time_group': 255, 'time_groups': 255, 'batch': 254, 'batches': 255, 'time_value': 1410480000.0, 'group_batches': 1, 'history_edges': 61439, 'elapsed_sec': 316.82323994114995, 'cuda_allocated_mb': 120, 'cuda_reserved_mb': 2364, 'cuda_max_allocated_mb': 2132}
{'event': 'train_progress', 'epoch': 18, 'batch': 255, 'batches': 255, 'time_group': 255, 'time_groups': 255, 'history_edges': 61439, 'pos_edges': 321, 'neg_edges': 3210, 'loss_recent': 47.39759864807129, 'elapsed_sec': 318.27786013484, 'avg_sec_per_batch': 1.2481484711170197, 'cuda_allocated_mb': 165, 'cuda_reserved_mb': 2364, 'cuda_max_allocated_mb': 2132}
{'event': 'validation_start', 'epoch': 18}
{'event': 'validation_ranking_start', 'epoch': 18, 'max_edges': 50}
{'event': 'epoch_end', 'epoch': 18, 'early_stop_metric': 'val_composite', 'val_score': 0.2786848741886333, 'val_auc': 0.8872025987338051, 'val_ap': 0.4656595442128151, 'val_ndcg': 0.9093843981688782, 'val_mrr': 0.1080770599145621, 'val_hits@1': 0.05, 'val_hits@10': 0.18, 'val_hits@50': 0.44, 'val_hits@100': 0.52, 'elapsed_sec': 614.5808129049838}
{'event': 'epoch_start', 'epoch': 19, 'epochs': 20, 'batches': 255, 'time_groups': 255}
{'event': 'train_time_group', 'epoch': 19, 'time_group': 1, 'time_groups': 255, 'batch': 0, 'batches': 255, 'time_value': 1388534400.0, 'group_batches': 1, 'history_edges': 0, 'elapsed_sec': 0.031691450625658035, 'cuda_allocated_mb': 120, 'cuda_reserved_mb': 2364, 'cuda_max_allocated_mb': 2132}
{'event': 'train_progress', 'epoch': 19, 'batch': 1, 'batches': 255, 'time_group': 1, 'time_groups': 255, 'history_edges': 0, 'pos_edges': 113, 'neg_edges': 1130, 'loss_recent': 298.42388916015625, 'elapsed_sec': 0.39047684893012047, 'avg_sec_per_batch': 0.39047684893012047, 'cuda_allocated_mb': 137, 'cuda_reserved_mb': 2364, 'cuda_max_allocated_mb': 2132}
{'event': 'train_progress', 'epoch': 19, 'batch': 51, 'batches': 255, 'time_group': 51, 'time_groups': 255, 'history_edges': 11287, 'pos_edges': 355, 'neg_edges': 3550, 'loss_recent': 50.12621606564989, 'elapsed_sec': 60.56795194745064, 'avg_sec_per_batch': 1.1876069009304047, 'cuda_allocated_mb': 168, 'cuda_reserved_mb': 2364, 'cuda_max_allocated_mb': 2132}
{'event': 'train_time_group', 'epoch': 19, 'time_group': 98, 'time_groups': 255, 'batch': 97, 'batches': 255, 'time_value': 1396915200.0, 'group_batches': 1, 'history_edges': 23184, 'elapsed_sec': 120.57321405783296, 'cuda_allocated_mb': 120, 'cuda_reserved_mb': 2364, 'cuda_max_allocated_mb': 2132}
{'event': 'train_progress', 'epoch': 19, 'batch': 100, 'batches': 255, 'time_group': 100, 'time_groups': 255, 'history_edges': 23816, 'pos_edges': 259, 'neg_edges': 2590, 'loss_recent': 49.76539205551148, 'elapsed_sec': 125.11730225011706, 'avg_sec_per_batch': 1.2511730225011706, 'cuda_allocated_mb': 157, 'cuda_reserved_mb': 2364, 'cuda_max_allocated_mb': 2132}
{'event': 'train_progress', 'epoch': 19, 'batch': 147, 'batches': 255, 'time_group': 147, 'time_groups': 255, 'history_edges': 35074, 'pos_edges': 251, 'neg_edges': 2510, 'loss_recent': 48.63387468338013, 'elapsed_sec': 185.16318468749523, 'avg_sec_per_batch': 1.2596135012754777, 'cuda_allocated_mb': 157, 'cuda_reserved_mb': 2364, 'cuda_max_allocated_mb': 2132}
{'event': 'train_progress', 'epoch': 19, 'batch': 195, 'batches': 255, 'time_group': 195, 'time_groups': 255, 'history_edges': 47304, 'pos_edges': 289, 'neg_edges': 2890, 'loss_recent': 48.29785131454468, 'elapsed_sec': 246.03031361103058, 'avg_sec_per_batch': 1.261693915954003, 'cuda_allocated_mb': 162, 'cuda_reserved_mb': 2364, 'cuda_max_allocated_mb': 2132}
{'event': 'train_progress', 'epoch': 19, 'batch': 200, 'batches': 255, 'time_group': 200, 'time_groups': 255, 'history_edges': 48751, 'pos_edges': 162, 'neg_edges': 1620, 'loss_recent': 48.32698884963989, 'elapsed_sec': 252.38458029180765, 'avg_sec_per_batch': 1.2619229014590383, 'cuda_allocated_mb': 145, 'cuda_reserved_mb': 2364, 'cuda_max_allocated_mb': 2132}
{'event': 'train_progress', 'epoch': 19, 'batch': 253, 'batches': 255, 'time_group': 253, 'time_groups': 255, 'history_edges': 60764, 'pos_edges': 308, 'neg_edges': 3080, 'loss_recent': 47.25709238052368, 'elapsed_sec': 313.62075439468026, 'avg_sec_per_batch': 1.2396077248801591, 'cuda_allocated_mb': 165, 'cuda_reserved_mb': 2364, 'cuda_max_allocated_mb': 2132}
{'event': 'train_time_group', 'epoch': 19, 'time_group': 255, 'time_groups': 255, 'batch': 254, 'batches': 255, 'time_value': 1410480000.0, 'group_batches': 1, 'history_edges': 61439, 'elapsed_sec': 315.37672673910856, 'cuda_allocated_mb': 120, 'cuda_reserved_mb': 2364, 'cuda_max_allocated_mb': 2132}
{'event': 'train_progress', 'epoch': 19, 'batch': 255, 'batches': 255, 'time_group': 255, 'time_groups': 255, 'history_edges': 61439, 'pos_edges': 321, 'neg_edges': 3210, 'loss_recent': 47.449016857147214, 'elapsed_sec': 316.77195009589195, 'avg_sec_per_batch': 1.2422429415525174, 'cuda_allocated_mb': 165, 'cuda_reserved_mb': 2364, 'cuda_max_allocated_mb': 2132}
{'event': 'validation_start', 'epoch': 19}
{'event': 'validation_ranking_start', 'epoch': 19, 'max_edges': 50}
{'event': 'epoch_end', 'epoch': 19, 'early_stop_metric': 'val_composite', 'val_score': 0.3051425263655394, 'val_auc': 0.8886148210304192, 'val_ap': 0.4712744794856957, 'val_ndcg': 0.91110949064656, 'val_mrr': 0.14444571052481397, 'val_hits@1': 0.1, 'val_hits@10': 0.21, 'val_hits@50': 0.41, 'val_hits@100': 0.58, 'elapsed_sec': 614.3951575569808}
{'event': 'epoch_start', 'epoch': 20, 'epochs': 20, 'batches': 255, 'time_groups': 255}
{'event': 'train_time_group', 'epoch': 20, 'time_group': 1, 'time_groups': 255, 'batch': 0, 'batches': 255, 'time_value': 1388534400.0, 'group_batches': 1, 'history_edges': 0, 'elapsed_sec': 0.25898242741823196, 'cuda_allocated_mb': 120, 'cuda_reserved_mb': 2364, 'cuda_max_allocated_mb': 2132}
{'event': 'train_progress', 'epoch': 20, 'batch': 1, 'batches': 255, 'time_group': 1, 'time_groups': 255, 'history_edges': 0, 'pos_edges': 113, 'neg_edges': 1130, 'loss_recent': 318.39105224609375, 'elapsed_sec': 0.7702829241752625, 'avg_sec_per_batch': 0.7702829241752625, 'cuda_allocated_mb': 137, 'cuda_reserved_mb': 2364, 'cuda_max_allocated_mb': 2132}
{'event': 'train_progress', 'epoch': 20, 'batch': 52, 'batches': 255, 'time_group': 52, 'time_groups': 255, 'history_edges': 11642, 'pos_edges': 317, 'neg_edges': 3170, 'loss_recent': 50.698787725888764, 'elapsed_sec': 61.319544944912195, 'avg_sec_per_batch': 1.1792220181713884, 'cuda_allocated_mb': 164, 'cuda_reserved_mb': 2364, 'cuda_max_allocated_mb': 2132}
{'event': 'train_progress', 'epoch': 20, 'batch': 99, 'batches': 255, 'time_group': 99, 'time_groups': 255, 'history_edges': 23524, 'pos_edges': 292, 'neg_edges': 2920, 'loss_recent': 49.90714805294769, 'elapsed_sec': 122.66516649723053, 'avg_sec_per_batch': 1.2390420858306115, 'cuda_allocated_mb': 161, 'cuda_reserved_mb': 2364, 'cuda_max_allocated_mb': 2132}
{'event': 'train_progress', 'epoch': 20, 'batch': 100, 'batches': 255, 'time_group': 100, 'time_groups': 255, 'history_edges': 23816, 'pos_edges': 259, 'neg_edges': 2590, 'loss_recent': 49.91831922531128, 'elapsed_sec': 124.02853189781308, 'avg_sec_per_batch': 1.2402853189781309, 'cuda_allocated_mb': 158, 'cuda_reserved_mb': 2364, 'cuda_max_allocated_mb': 2132}
{'event': 'train_progress', 'epoch': 20, 'batch': 148, 'batches': 255, 'time_group': 148, 'time_groups': 255, 'history_edges': 35325, 'pos_edges': 313, 'neg_edges': 3130, 'loss_recent': 48.6250226020813, 'elapsed_sec': 184.97779712453485, 'avg_sec_per_batch': 1.2498499805711814, 'cuda_allocated_mb': 164, 'cuda_reserved_mb': 2364, 'cuda_max_allocated_mb': 2132}
{'event': 'train_progress', 'epoch': 20, 'batch': 196, 'batches': 255, 'time_group': 196, 'time_groups': 255, 'history_edges': 47593, 'pos_edges': 312, 'neg_edges': 3120, 'loss_recent': 48.5278341293335, 'elapsed_sec': 246.29744170978665, 'avg_sec_per_batch': 1.256619600560136, 'cuda_allocated_mb': 165, 'cuda_reserved_mb': 2364, 'cuda_max_allocated_mb': 2132}
{'event': 'train_progress', 'epoch': 20, 'batch': 200, 'batches': 255, 'time_group': 200, 'time_groups': 255, 'history_edges': 48751, 'pos_edges': 162, 'neg_edges': 1620, 'loss_recent': 48.23693107604981, 'elapsed_sec': 250.8817240819335, 'avg_sec_per_batch': 1.2544086204096674, 'cuda_allocated_mb': 146, 'cuda_reserved_mb': 2364, 'cuda_max_allocated_mb': 2132}
{'event': 'train_progress', 'epoch': 20, 'batch': 252, 'batches': 255, 'time_group': 252, 'time_groups': 255, 'history_edges': 60452, 'pos_edges': 312, 'neg_edges': 3120, 'loss_recent': 47.035273265838626, 'elapsed_sec': 311.35464564338326, 'avg_sec_per_batch': 1.2355343081086638, 'cuda_allocated_mb': 164, 'cuda_reserved_mb': 2364, 'cuda_max_allocated_mb': 2132}
{'event': 'train_time_group', 'epoch': 20, 'time_group': 255, 'time_groups': 255, 'batch': 254, 'batches': 255, 'time_value': 1410480000.0, 'group_batches': 1, 'history_edges': 61439, 'elapsed_sec': 314.45945608615875, 'cuda_allocated_mb': 120, 'cuda_reserved_mb': 2364, 'cuda_max_allocated_mb': 2132}
{'event': 'train_progress', 'epoch': 20, 'batch': 255, 'batches': 255, 'time_group': 255, 'time_groups': 255, 'history_edges': 61439, 'pos_edges': 321, 'neg_edges': 3210, 'loss_recent': 47.333148097991945, 'elapsed_sec': 316.2308836616576, 'avg_sec_per_batch': 1.240121112398657, 'cuda_allocated_mb': 166, 'cuda_reserved_mb': 2364, 'cuda_max_allocated_mb': 2132}
{'event': 'validation_start', 'epoch': 20}
{'event': 'validation_ranking_start', 'epoch': 20, 'max_edges': 50}
{'event': 'epoch_end', 'epoch': 20, 'early_stop_metric': 'val_composite', 'val_score': 0.3260742065446459, 'val_auc': 0.8882320046417528, 'val_ap': 0.4804152979833197, 'val_ndcg': 0.9125173069703864, 'val_mrr': 0.159595752100102, 'val_hits@1': 0.12, 'val_hits@10': 0.26, 'val_hits@50': 0.42, 'val_hits@100': 0.57, 'elapsed_sec': 611.7010911218822}
{'dataset': 'icews14', 'method': 'ssptgfm', 'scenario': 'standard', 'ablation': 'full', 'few_shot_ratio': 1.0, 'seed': 3, 'train_edges': 61760, 'val_edges': 14592, 'test_edges': 14378, 'params_trainable': 4610448, 'params_total': 4610448, 'rough_forward_flops': 4794548224, 'train_eval_time_sec': 13604.305163651705, 'allocated_mb': 62.212890625, 'reserved_mb': 2364.0, 'max_allocated_mb': 2132.6357421875, 'val_auc': 0.8882320059567608, 'val_ap': 0.4804153074590889, 'val_ndcg': 0.9125173079862896, 'val_mrr': 0.159595752100102, 'val_hits@1': 0.12, 'val_hits@10': 0.26, 'val_hits@50': 0.42, 'val_hits@100': 0.57, 'train_loss': 48.294697294048234, 'train_lp': 0.14050784058430615, 'train_align': 9393.066809321384, 'train_kl': 11859.609768018536, 'train_ood_reg': 0.23502647502749574, 'train_meta': 0.5321321548200121, 'train_weighted_align': 46.96533294378543, 'train_weighted_kl': 1.1859609477806325, 'train_weighted_ood_reg': 0.00023502648611753888, 'train_weighted_meta': 0.002660660717097641, 'test_auc': 0.8916500024254224, 'test_ap': 0.45199217341012576, 'test_ndcg': 0.9070456064338763, 'test_mrr': 0.1320223113559102, 'test_hits@1': 0.0675, 'test_hits@10': 0.24, 'test_hits@50': 0.425, 'test_hits@100': 0.5175}
