runtime_device=cuda
cuda_device=Tesla V100-PCIE-32GB
{'event': 'seed_start', 'dataset': 'icews14', 'ablation': 'full', 'seed': 2, 'device': 'cuda', 'node_text_device': 'cuda:0'}
{'event': 'train_seed_start', 'seed': 2, 'train_edges': 61760, 'val_edges': 14592, 'test_edges': 14378, 'num_nodes': 7128, 'num_relations': 230}
{'event': 'train_seed_tensors_ready', 'seed': 2, 'elapsed_sec': 0.009875394403934479, 'cuda_allocated_mb': 28, 'cuda_reserved_mb': 44, 'cuda_max_allocated_mb': 28}
{'event': 'train_known_facts_ready', 'seed': 2, 'scope': 'train', 'edges': 61760, 'elapsed_sec': 0.017329055815935135}
{'event': 'train_known_facts_ready', 'seed': 2, 'scope': 'train_val', 'edges': 76352, 'elapsed_sec': 0.024264071136713028}
{'event': 'train_sampler_ready', 'seed': 2, 'elapsed_sec': 0.0284661166369915}
{'event': 'val_sampler_ready', 'seed': 2, 'elapsed_sec': 0.03206481412053108}
{'event': 'epoch_start', 'epoch': 1, 'epochs': 20, 'batches': 255, 'time_groups': 255}
{'event': 'train_time_group', 'epoch': 1, 'time_group': 1, 'time_groups': 255, 'batch': 0, 'batches': 255, 'time_value': 1388534400.0, 'group_batches': 1, 'history_edges': 0, 'elapsed_sec': 0.037551525980234146, 'cuda_allocated_mb': 30, 'cuda_reserved_mb': 46, 'cuda_max_allocated_mb': 30}
{'event': 'train_progress', 'epoch': 1, 'batch': 1, 'batches': 255, 'time_group': 1, 'time_groups': 255, 'history_edges': 0, 'pos_edges': 113, 'neg_edges': 1130, 'loss_recent': 46.105743408203125, 'elapsed_sec': 1.7694398909807205, 'avg_sec_per_batch': 1.7694398909807205, 'cuda_allocated_mb': 135, 'cuda_reserved_mb': 348, 'cuda_max_allocated_mb': 323}
{'event': 'train_progress', 'epoch': 1, 'batch': 56, 'batches': 255, 'time_group': 56, 'time_groups': 255, 'history_edges': 12646, 'pos_edges': 303, 'neg_edges': 3030, 'loss_recent': 84.53959798812866, 'elapsed_sec': 62.88311502337456, 'avg_sec_per_batch': 1.1229127682745457, 'cuda_allocated_mb': 163, 'cuda_reserved_mb': 1128, 'cuda_max_allocated_mb': 1053}
{'event': 'train_progress', 'epoch': 1, 'batch': 100, 'batches': 255, 'time_group': 100, 'time_groups': 255, 'history_edges': 23816, 'pos_edges': 259, 'neg_edges': 2590, 'loss_recent': 86.07368255615235, 'elapsed_sec': 116.73273858055472, 'avg_sec_per_batch': 1.1673273858055473, 'cuda_allocated_mb': 159, 'cuda_reserved_mb': 1368, 'cuda_max_allocated_mb': 1280}
{'event': 'train_progress', 'epoch': 1, 'batch': 151, 'batches': 255, 'time_group': 151, 'time_groups': 255, 'history_edges': 36236, 'pos_edges': 167, 'neg_edges': 1670, 'loss_recent': 84.7510629272461, 'elapsed_sec': 177.09805710613728, 'avg_sec_per_batch': 1.1728348152724324, 'cuda_allocated_mb': 146, 'cuda_reserved_mb': 1668, 'cuda_max_allocated_mb': 1586}
{'event': 'train_progress', 'epoch': 1, 'batch': 199, 'batches': 255, 'time_group': 199, 'time_groups': 255, 'history_edges': 48469, 'pos_edges': 282, 'neg_edges': 2820, 'loss_recent': 80.5478231048584, 'elapsed_sec': 237.774423468858, 'avg_sec_per_batch': 1.1948463490897387, 'cuda_allocated_mb': 160, 'cuda_reserved_mb': 1888, 'cuda_max_allocated_mb': 1770}
{'event': 'train_progress', 'epoch': 1, 'batch': 200, 'batches': 255, 'time_group': 200, 'time_groups': 255, 'history_edges': 48751, 'pos_edges': 162, 'neg_edges': 1620, 'loss_recent': 80.13170936584473, 'elapsed_sec': 238.7121436856687, 'avg_sec_per_batch': 1.1935607184283434, 'cuda_allocated_mb': 145, 'cuda_reserved_mb': 1888, 'cuda_max_allocated_mb': 1770}
{'event': 'train_progress', 'epoch': 1, 'batch': 252, 'batches': 255, 'time_group': 252, 'time_groups': 255, 'history_edges': 60452, 'pos_edges': 312, 'neg_edges': 3120, 'loss_recent': 72.23816738128662, 'elapsed_sec': 299.94456063583493, 'avg_sec_per_batch': 1.190256192999345, 'cuda_allocated_mb': 164, 'cuda_reserved_mb': 2168, 'cuda_max_allocated_mb': 2034}
{'event': 'train_time_group', 'epoch': 1, 'time_group': 255, 'time_groups': 255, 'batch': 254, 'batches': 255, 'time_value': 1410480000.0, 'group_batches': 1, 'history_edges': 61439, 'elapsed_sec': 303.1702519841492, 'cuda_allocated_mb': 120, 'cuda_reserved_mb': 2248, 'cuda_max_allocated_mb': 2129}
{'event': 'train_progress', 'epoch': 1, 'batch': 255, 'batches': 255, 'time_group': 255, 'time_groups': 255, 'history_edges': 61439, 'pos_edges': 321, 'neg_edges': 3210, 'loss_recent': 72.21645427703858, 'elapsed_sec': 304.0091432929039, 'avg_sec_per_batch': 1.1921927187957015, 'cuda_allocated_mb': 165, 'cuda_reserved_mb': 2248, 'cuda_max_allocated_mb': 2129}
{'event': 'validation_start', 'epoch': 1}
{'event': 'validation_ranking_start', 'epoch': 1, 'max_edges': 50}
{'event': 'epoch_end', 'epoch': 1, 'early_stop_metric': 'val_composite', 'val_score': 0.1937688258698784, 'val_auc': 0.8711654202833143, 'val_ap': 0.2695794504041158, 'val_ndcg': 0.8640446599833336, 'val_mrr': 0.03727213557393938, 'val_hits@1': 0.02, 'val_hits@10': 0.07, 'val_hits@50': 0.14, 'val_hits@100': 0.27, 'elapsed_sec': 624.1948023550212}
{'event': 'epoch_start', 'epoch': 2, 'epochs': 20, 'batches': 255, 'time_groups': 255}
{'event': 'train_time_group', 'epoch': 2, 'time_group': 1, 'time_groups': 255, 'batch': 0, 'batches': 255, 'time_value': 1388534400.0, 'group_batches': 1, 'history_edges': 0, 'elapsed_sec': 0.026110414415597916, 'cuda_allocated_mb': 120, 'cuda_reserved_mb': 2342, 'cuda_max_allocated_mb': 2129}
{'event': 'train_progress', 'epoch': 2, 'batch': 1, 'batches': 255, 'time_group': 1, 'time_groups': 255, 'history_edges': 0, 'pos_edges': 113, 'neg_edges': 1130, 'loss_recent': 43.65826416015625, 'elapsed_sec': 0.5729235261678696, 'avg_sec_per_batch': 0.5729235261678696, 'cuda_allocated_mb': 137, 'cuda_reserved_mb': 2342, 'cuda_max_allocated_mb': 2129}
{'event': 'train_progress', 'epoch': 2, 'batch': 55, 'batches': 255, 'time_group': 55, 'time_groups': 255, 'history_edges': 12327, 'pos_edges': 319, 'neg_edges': 3190, 'loss_recent': 67.02898625460539, 'elapsed_sec': 61.06172900646925, 'avg_sec_per_batch': 1.1102132546630772, 'cuda_allocated_mb': 165, 'cuda_reserved_mb': 2342, 'cuda_max_allocated_mb': 2129}
{'event': 'train_progress', 'epoch': 2, 'batch': 100, 'batches': 255, 'time_group': 100, 'time_groups': 255, 'history_edges': 23816, 'pos_edges': 259, 'neg_edges': 2590, 'loss_recent': 66.52671468734741, 'elapsed_sec': 117.36090101674199, 'avg_sec_per_batch': 1.17360901016742, 'cuda_allocated_mb': 159, 'cuda_reserved_mb': 2342, 'cuda_max_allocated_mb': 2129}
{'event': 'train_progress', 'epoch': 2, 'batch': 150, 'batches': 255, 'time_group': 150, 'time_groups': 255, 'history_edges': 35965, 'pos_edges': 271, 'neg_edges': 2710, 'loss_recent': 63.05846206665039, 'elapsed_sec': 178.13211996108294, 'avg_sec_per_batch': 1.1875474664072196, 'cuda_allocated_mb': 159, 'cuda_reserved_mb': 2342, 'cuda_max_allocated_mb': 2129}
{'event': 'train_progress', 'epoch': 2, 'batch': 198, 'batches': 255, 'time_group': 198, 'time_groups': 255, 'history_edges': 48188, 'pos_edges': 281, 'neg_edges': 2810, 'loss_recent': 59.89328285217285, 'elapsed_sec': 238.59932761266828, 'avg_sec_per_batch': 1.2050471091548902, 'cuda_allocated_mb': 161, 'cuda_reserved_mb': 2342, 'cuda_max_allocated_mb': 2129}
{'event': 'train_progress', 'epoch': 2, 'batch': 200, 'batches': 255, 'time_group': 200, 'time_groups': 255, 'history_edges': 48751, 'pos_edges': 162, 'neg_edges': 1620, 'loss_recent': 59.53699333190918, 'elapsed_sec': 240.98562064394355, 'avg_sec_per_batch': 1.2049281032197177, 'cuda_allocated_mb': 145, 'cuda_reserved_mb': 2342, 'cuda_max_allocated_mb': 2129}
{'event': 'train_progress', 'epoch': 2, 'batch': 253, 'batches': 255, 'time_group': 253, 'time_groups': 255, 'history_edges': 60764, 'pos_edges': 308, 'neg_edges': 3080, 'loss_recent': 56.57592544555664, 'elapsed_sec': 301.5371642075479, 'avg_sec_per_batch': 1.191846498844063, 'cuda_allocated_mb': 164, 'cuda_reserved_mb': 2342, 'cuda_max_allocated_mb': 2129}
{'event': 'train_time_group', 'epoch': 2, 'time_group': 255, 'time_groups': 255, 'batch': 254, 'batches': 255, 'time_value': 1410480000.0, 'group_batches': 1, 'history_edges': 61439, 'elapsed_sec': 302.79420341551304, 'cuda_allocated_mb': 120, 'cuda_reserved_mb': 2362, 'cuda_max_allocated_mb': 2129}
{'event': 'train_progress', 'epoch': 2, 'batch': 255, 'batches': 255, 'time_group': 255, 'time_groups': 255, 'history_edges': 61439, 'pos_edges': 321, 'neg_edges': 3210, 'loss_recent': 56.74867424011231, 'elapsed_sec': 304.4762423634529, 'avg_sec_per_batch': 1.1940244798566781, 'cuda_allocated_mb': 166, 'cuda_reserved_mb': 2362, 'cuda_max_allocated_mb': 2129}
{'event': 'validation_start', 'epoch': 2}
{'event': 'validation_ranking_start', 'epoch': 2, 'max_edges': 50}
{'event': 'epoch_end', 'epoch': 2, 'early_stop_metric': 'val_composite', 'val_score': 0.18462425458040368, 'val_auc': 0.8742309232167591, 'val_ap': 0.2791072243011342, 'val_ndcg': 0.8652726410793754, 'val_mrr': 0.0261577873355528, 'val_hits@1': 0.01, 'val_hits@10': 0.05, 'val_hits@50': 0.16, 'val_hits@100': 0.27, 'elapsed_sec': 623.2999842129648}
{'event': 'epoch_start', 'epoch': 3, 'epochs': 20, 'batches': 255, 'time_groups': 255}
{'event': 'train_time_group', 'epoch': 3, 'time_group': 1, 'time_groups': 255, 'batch': 0, 'batches': 255, 'time_value': 1388534400.0, 'group_batches': 1, 'history_edges': 0, 'elapsed_sec': 0.03136906400322914, 'cuda_allocated_mb': 120, 'cuda_reserved_mb': 2362, 'cuda_max_allocated_mb': 2129}
{'event': 'train_progress', 'epoch': 3, 'batch': 1, 'batches': 255, 'time_group': 1, 'time_groups': 255, 'history_edges': 0, 'pos_edges': 113, 'neg_edges': 1130, 'loss_recent': 52.35327911376953, 'elapsed_sec': 0.7190128602087498, 'avg_sec_per_batch': 0.7190128602087498, 'cuda_allocated_mb': 137, 'cuda_reserved_mb': 2362, 'cuda_max_allocated_mb': 2129}
{'event': 'train_progress', 'epoch': 3, 'batch': 55, 'batches': 255, 'time_group': 55, 'time_groups': 255, 'history_edges': 12327, 'pos_edges': 319, 'neg_edges': 3190, 'loss_recent': 56.55300813154741, 'elapsed_sec': 61.73827203735709, 'avg_sec_per_batch': 1.1225140370428561, 'cuda_allocated_mb': 165, 'cuda_reserved_mb': 2362, 'cuda_max_allocated_mb': 2129}
{'event': 'train_progress', 'epoch': 3, 'batch': 100, 'batches': 255, 'time_group': 100, 'time_groups': 255, 'history_edges': 23816, 'pos_edges': 259, 'neg_edges': 2590, 'loss_recent': 57.002374534606936, 'elapsed_sec': 115.62833094969392, 'avg_sec_per_batch': 1.1562833094969391, 'cuda_allocated_mb': 158, 'cuda_reserved_mb': 2362, 'cuda_max_allocated_mb': 2129}
{'event': 'train_progress', 'epoch': 3, 'batch': 152, 'batches': 255, 'time_group': 152, 'time_groups': 255, 'history_edges': 36403, 'pos_edges': 144, 'neg_edges': 1440, 'loss_recent': 55.03733160018921, 'elapsed_sec': 176.31650573387742, 'avg_sec_per_batch': 1.1599770114070882, 'cuda_allocated_mb': 143, 'cuda_reserved_mb': 2362, 'cuda_max_allocated_mb': 2129}
{'event': 'train_progress', 'epoch': 3, 'batch': 200, 'batches': 255, 'time_group': 200, 'time_groups': 255, 'history_edges': 48751, 'pos_edges': 162, 'neg_edges': 1620, 'loss_recent': 54.224661922454835, 'elapsed_sec': 236.16325714066625, 'avg_sec_per_batch': 1.1808162857033313, 'cuda_allocated_mb': 144, 'cuda_reserved_mb': 2362, 'cuda_max_allocated_mb': 2129}
{'event': 'train_progress', 'epoch': 3, 'batch': 253, 'batches': 255, 'time_group': 253, 'time_groups': 255, 'history_edges': 60764, 'pos_edges': 308, 'neg_edges': 3080, 'loss_recent': 52.15359819412232, 'elapsed_sec': 296.55976666510105, 'avg_sec_per_batch': 1.1721729907711504, 'cuda_allocated_mb': 164, 'cuda_reserved_mb': 2362, 'cuda_max_allocated_mb': 2129}
{'event': 'train_time_group', 'epoch': 3, 'time_group': 255, 'time_groups': 255, 'batch': 254, 'batches': 255, 'time_value': 1410480000.0, 'group_batches': 1, 'history_edges': 61439, 'elapsed_sec': 298.2570279687643, 'cuda_allocated_mb': 120, 'cuda_reserved_mb': 2362, 'cuda_max_allocated_mb': 2132}
{'event': 'train_progress', 'epoch': 3, 'batch': 255, 'batches': 255, 'time_group': 255, 'time_groups': 255, 'history_edges': 61439, 'pos_edges': 321, 'neg_edges': 3210, 'loss_recent': 52.35266973495484, 'elapsed_sec': 299.39987783133984, 'avg_sec_per_batch': 1.1741171679660385, 'cuda_allocated_mb': 166, 'cuda_reserved_mb': 2362, 'cuda_max_allocated_mb': 2132}
{'event': 'validation_start', 'epoch': 3}
{'event': 'validation_ranking_start', 'epoch': 3, 'max_edges': 50}
{'event': 'epoch_end', 'epoch': 3, 'early_stop_metric': 'val_composite', 'val_score': 0.18206790031973885, 'val_auc': 0.8745058090101943, 'val_ap': 0.29251030274716405, 'val_ndcg': 0.8701035194694688, 'val_mrr': 0.01828199738698662, 'val_hits@1': 0.0, 'val_hits@10': 0.05, 'val_hits@50': 0.23, 'val_hits@100': 0.3, 'elapsed_sec': 620.4656481966376}
{'event': 'epoch_start', 'epoch': 4, 'epochs': 20, 'batches': 255, 'time_groups': 255}
{'event': 'train_time_group', 'epoch': 4, 'time_group': 1, 'time_groups': 255, 'batch': 0, 'batches': 255, 'time_value': 1388534400.0, 'group_batches': 1, 'history_edges': 0, 'elapsed_sec': 0.02609875798225403, 'cuda_allocated_mb': 120, 'cuda_reserved_mb': 2362, 'cuda_max_allocated_mb': 2132}
{'event': 'train_progress', 'epoch': 4, 'batch': 1, 'batches': 255, 'time_group': 1, 'time_groups': 255, 'history_edges': 0, 'pos_edges': 113, 'neg_edges': 1130, 'loss_recent': 61.66633987426758, 'elapsed_sec': 0.6314903013408184, 'avg_sec_per_batch': 0.6314903013408184, 'cuda_allocated_mb': 137, 'cuda_reserved_mb': 2362, 'cuda_max_allocated_mb': 2132}
{'event': 'train_progress', 'epoch': 4, 'batch': 54, 'batches': 255, 'time_group': 54, 'time_groups': 255, 'history_edges': 12145, 'pos_edges': 182, 'neg_edges': 1820, 'loss_recent': 51.653769104569044, 'elapsed_sec': 60.738552778959274, 'avg_sec_per_batch': 1.1247880144251718, 'cuda_allocated_mb': 146, 'cuda_reserved_mb': 2362, 'cuda_max_allocated_mb': 2132}
{'event': 'train_progress', 'epoch': 4, 'batch': 100, 'batches': 255, 'time_group': 100, 'time_groups': 255, 'history_edges': 23816, 'pos_edges': 259, 'neg_edges': 2590, 'loss_recent': 52.684764289855956, 'elapsed_sec': 118.00513677299023, 'avg_sec_per_batch': 1.1800513677299023, 'cuda_allocated_mb': 158, 'cuda_reserved_mb': 2362, 'cuda_max_allocated_mb': 2132}
{'event': 'train_progress', 'epoch': 4, 'batch': 150, 'batches': 255, 'time_group': 150, 'time_groups': 255, 'history_edges': 35965, 'pos_edges': 271, 'neg_edges': 2710, 'loss_recent': 52.28885580062866, 'elapsed_sec': 178.26554334908724, 'avg_sec_per_batch': 1.1884369556605816, 'cuda_allocated_mb': 158, 'cuda_reserved_mb': 2362, 'cuda_max_allocated_mb': 2132}
{'event': 'train_progress', 'epoch': 4, 'batch': 198, 'batches': 255, 'time_group': 198, 'time_groups': 255, 'history_edges': 48188, 'pos_edges': 281, 'neg_edges': 2810, 'loss_recent': 51.487806453704835, 'elapsed_sec': 239.0829985551536, 'avg_sec_per_batch': 1.207489891692695, 'cuda_allocated_mb': 161, 'cuda_reserved_mb': 2362, 'cuda_max_allocated_mb': 2132}
{'event': 'train_progress', 'epoch': 4, 'batch': 200, 'batches': 255, 'time_group': 200, 'time_groups': 255, 'history_edges': 48751, 'pos_edges': 162, 'neg_edges': 1620, 'loss_recent': 51.231494884490964, 'elapsed_sec': 241.79159557819366, 'avg_sec_per_batch': 1.2089579778909683, 'cuda_allocated_mb': 146, 'cuda_reserved_mb': 2362, 'cuda_max_allocated_mb': 2132}
{'event': 'train_progress', 'epoch': 4, 'batch': 252, 'batches': 255, 'time_group': 252, 'time_groups': 255, 'history_edges': 60452, 'pos_edges': 312, 'neg_edges': 3120, 'loss_recent': 49.54674446105957, 'elapsed_sec': 302.5578505657613, 'avg_sec_per_batch': 1.2006263911339736, 'cuda_allocated_mb': 164, 'cuda_reserved_mb': 2362, 'cuda_max_allocated_mb': 2132}
{'event': 'train_time_group', 'epoch': 4, 'time_group': 255, 'time_groups': 255, 'batch': 254, 'batches': 255, 'time_value': 1410480000.0, 'group_batches': 1, 'history_edges': 61439, 'elapsed_sec': 305.29034953936934, 'cuda_allocated_mb': 120, 'cuda_reserved_mb': 2362, 'cuda_max_allocated_mb': 2132}
{'event': 'train_progress', 'epoch': 4, 'batch': 255, 'batches': 255, 'time_group': 255, 'time_groups': 255, 'history_edges': 61439, 'pos_edges': 321, 'neg_edges': 3210, 'loss_recent': 49.84938247680664, 'elapsed_sec': 306.66511648893356, 'avg_sec_per_batch': 1.2026082999566021, 'cuda_allocated_mb': 165, 'cuda_reserved_mb': 2362, 'cuda_max_allocated_mb': 2132}
{'event': 'validation_start', 'epoch': 4}
{'event': 'validation_ranking_start', 'epoch': 4, 'max_edges': 50}
{'event': 'epoch_end', 'epoch': 4, 'early_stop_metric': 'val_composite', 'val_score': 0.2076106759681661, 'val_auc': 0.8803298249483915, 'val_ap': 0.3164107837157978, 'val_ndcg': 0.8747712444414316, 'val_mrr': 0.032840247708655186, 'val_hits@1': 0.01, 'val_hits@10': 0.11, 'val_hits@50': 0.25, 'val_hits@100': 0.31, 'elapsed_sec': 627.8737622573972}
{'event': 'epoch_start', 'epoch': 5, 'epochs': 20, 'batches': 255, 'time_groups': 255}
{'event': 'train_time_group', 'epoch': 5, 'time_group': 1, 'time_groups': 255, 'batch': 0, 'batches': 255, 'time_value': 1388534400.0, 'group_batches': 1, 'history_edges': 0, 'elapsed_sec': 0.02888861671090126, 'cuda_allocated_mb': 120, 'cuda_reserved_mb': 2362, 'cuda_max_allocated_mb': 2132}
{'event': 'train_progress', 'epoch': 5, 'batch': 1, 'batches': 255, 'time_group': 1, 'time_groups': 255, 'history_edges': 0, 'pos_edges': 113, 'neg_edges': 1130, 'loss_recent': 77.20002746582031, 'elapsed_sec': 0.6646242924034595, 'avg_sec_per_batch': 0.6646242924034595, 'cuda_allocated_mb': 137, 'cuda_reserved_mb': 2362, 'cuda_max_allocated_mb': 2132}
{'event': 'train_progress', 'epoch': 5, 'batch': 53, 'batches': 255, 'time_group': 53, 'time_groups': 255, 'history_edges': 11959, 'pos_edges': 186, 'neg_edges': 1860, 'loss_recent': 49.17921739254358, 'elapsed_sec': 60.68533409386873, 'avg_sec_per_batch': 1.1450063036579006, 'cuda_allocated_mb': 148, 'cuda_reserved_mb': 2362, 'cuda_max_allocated_mb': 2132}
{'event': 'train_progress', 'epoch': 5, 'batch': 100, 'batches': 255, 'time_group': 100, 'time_groups': 255, 'history_edges': 23816, 'pos_edges': 259, 'neg_edges': 2590, 'loss_recent': 50.27066082000732, 'elapsed_sec': 120.36360343545675, 'avg_sec_per_batch': 1.2036360343545676, 'cuda_allocated_mb': 158, 'cuda_reserved_mb': 2362, 'cuda_max_allocated_mb': 2132}
{'event': 'train_progress', 'epoch': 5, 'batch': 150, 'batches': 255, 'time_group': 150, 'time_groups': 255, 'history_edges': 35965, 'pos_edges': 271, 'neg_edges': 2710, 'loss_recent': 50.468529834747315, 'elapsed_sec': 181.2156555019319, 'avg_sec_per_batch': 1.2081043700128793, 'cuda_allocated_mb': 159, 'cuda_reserved_mb': 2362, 'cuda_max_allocated_mb': 2132}
{'event': 'train_progress', 'epoch': 5, 'batch': 198, 'batches': 255, 'time_group': 198, 'time_groups': 255, 'history_edges': 48188, 'pos_edges': 281, 'neg_edges': 2810, 'loss_recent': 50.15895118713379, 'elapsed_sec': 242.27871611341834, 'avg_sec_per_batch': 1.2236298793606988, 'cuda_allocated_mb': 160, 'cuda_reserved_mb': 2362, 'cuda_max_allocated_mb': 2132}
{'event': 'train_progress', 'epoch': 5, 'batch': 200, 'batches': 255, 'time_group': 200, 'time_groups': 255, 'history_edges': 48751, 'pos_edges': 162, 'neg_edges': 1620, 'loss_recent': 49.928314151763914, 'elapsed_sec': 244.6443256288767, 'avg_sec_per_batch': 1.2232216281443835, 'cuda_allocated_mb': 145, 'cuda_reserved_mb': 2362, 'cuda_max_allocated_mb': 2132}
{'event': 'train_progress', 'epoch': 5, 'batch': 252, 'batches': 255, 'time_group': 252, 'time_groups': 255, 'history_edges': 60452, 'pos_edges': 312, 'neg_edges': 3120, 'loss_recent': 48.58725311279297, 'elapsed_sec': 305.06928731128573, 'avg_sec_per_batch': 1.2105924099654195, 'cuda_allocated_mb': 164, 'cuda_reserved_mb': 2362, 'cuda_max_allocated_mb': 2132}
{'event': 'train_time_group', 'epoch': 5, 'time_group': 255, 'time_groups': 255, 'batch': 254, 'batches': 255, 'time_value': 1410480000.0, 'group_batches': 1, 'history_edges': 61439, 'elapsed_sec': 307.61226446554065, 'cuda_allocated_mb': 120, 'cuda_reserved_mb': 2362, 'cuda_max_allocated_mb': 2132}
{'event': 'train_progress', 'epoch': 5, 'batch': 255, 'batches': 255, 'time_group': 255, 'time_groups': 255, 'history_edges': 61439, 'pos_edges': 321, 'neg_edges': 3210, 'loss_recent': 48.8694673538208, 'elapsed_sec': 309.3242609165609, 'avg_sec_per_batch': 1.2130363173198466, 'cuda_allocated_mb': 166, 'cuda_reserved_mb': 2362, 'cuda_max_allocated_mb': 2132}
{'event': 'validation_start', 'epoch': 5}
{'event': 'validation_ranking_start', 'epoch': 5, 'max_edges': 50}
{'event': 'epoch_end', 'epoch': 5, 'early_stop_metric': 'val_composite', 'val_score': 0.21991484864230074, 'val_auc': 0.8816159743299922, 'val_ap': 0.3377402677974108, 'val_ndcg': 0.8816011304889517, 'val_mrr': 0.057796851426121655, 'val_hits@1': 0.03, 'val_hits@10': 0.1, 'val_hits@50': 0.33, 'val_hits@100': 0.41, 'elapsed_sec': 631.8808513768017}
{'event': 'epoch_start', 'epoch': 6, 'epochs': 20, 'batches': 255, 'time_groups': 255}
{'event': 'train_time_group', 'epoch': 6, 'time_group': 1, 'time_groups': 255, 'batch': 0, 'batches': 255, 'time_value': 1388534400.0, 'group_batches': 1, 'history_edges': 0, 'elapsed_sec': 0.029500223696231842, 'cuda_allocated_mb': 120, 'cuda_reserved_mb': 2362, 'cuda_max_allocated_mb': 2132}
{'event': 'train_progress', 'epoch': 6, 'batch': 1, 'batches': 255, 'time_group': 1, 'time_groups': 255, 'history_edges': 0, 'pos_edges': 113, 'neg_edges': 1130, 'loss_recent': 94.32381439208984, 'elapsed_sec': 0.7368340045213699, 'avg_sec_per_batch': 0.7368340045213699, 'cuda_allocated_mb': 137, 'cuda_reserved_mb': 2362, 'cuda_max_allocated_mb': 2132}
{'event': 'train_progress', 'epoch': 6, 'batch': 53, 'batches': 255, 'time_group': 53, 'time_groups': 255, 'history_edges': 11959, 'pos_edges': 186, 'neg_edges': 1860, 'loss_recent': 48.09271823235278, 'elapsed_sec': 60.98384027183056, 'avg_sec_per_batch': 1.1506384956949163, 'cuda_allocated_mb': 149, 'cuda_reserved_mb': 2362, 'cuda_max_allocated_mb': 2132}
{'event': 'train_progress', 'epoch': 6, 'batch': 100, 'batches': 255, 'time_group': 100, 'time_groups': 255, 'history_edges': 23816, 'pos_edges': 259, 'neg_edges': 2590, 'loss_recent': 49.370950584411624, 'elapsed_sec': 120.026560947299, 'avg_sec_per_batch': 1.20026560947299, 'cuda_allocated_mb': 158, 'cuda_reserved_mb': 2362, 'cuda_max_allocated_mb': 2132}
{'event': 'train_progress', 'epoch': 6, 'batch': 149, 'batches': 255, 'time_group': 149, 'time_groups': 255, 'history_edges': 35638, 'pos_edges': 327, 'neg_edges': 3270, 'loss_recent': 49.9575892829895, 'elapsed_sec': 180.42802237719297, 'avg_sec_per_batch': 1.2109263246791475, 'cuda_allocated_mb': 166, 'cuda_reserved_mb': 2362, 'cuda_max_allocated_mb': 2132}
{'event': 'train_progress', 'epoch': 6, 'batch': 197, 'batches': 255, 'time_group': 197, 'time_groups': 255, 'history_edges': 47905, 'pos_edges': 283, 'neg_edges': 2830, 'loss_recent': 49.74485643386841, 'elapsed_sec': 241.55225873738527, 'avg_sec_per_batch': 1.226153597651702, 'cuda_allocated_mb': 161, 'cuda_reserved_mb': 2362, 'cuda_max_allocated_mb': 2132}
{'event': 'train_progress', 'epoch': 6, 'batch': 200, 'batches': 255, 'time_group': 200, 'time_groups': 255, 'history_edges': 48751, 'pos_edges': 162, 'neg_edges': 1620, 'loss_recent': 49.41812561035156, 'elapsed_sec': 245.5349183343351, 'avg_sec_per_batch': 1.2276745916716754, 'cuda_allocated_mb': 144, 'cuda_reserved_mb': 2362, 'cuda_max_allocated_mb': 2132}
{'event': 'train_progress', 'epoch': 6, 'batch': 252, 'batches': 255, 'time_group': 252, 'time_groups': 255, 'history_edges': 60452, 'pos_edges': 312, 'neg_edges': 3120, 'loss_recent': 48.05912534713745, 'elapsed_sec': 305.5906475894153, 'avg_sec_per_batch': 1.2126612999579973, 'cuda_allocated_mb': 166, 'cuda_reserved_mb': 2362, 'cuda_max_allocated_mb': 2132}
{'event': 'train_time_group', 'epoch': 6, 'time_group': 255, 'time_groups': 255, 'batch': 254, 'batches': 255, 'time_value': 1410480000.0, 'group_batches': 1, 'history_edges': 61439, 'elapsed_sec': 308.60059628635645, 'cuda_allocated_mb': 120, 'cuda_reserved_mb': 2362, 'cuda_max_allocated_mb': 2132}
{'event': 'train_progress', 'epoch': 6, 'batch': 255, 'batches': 255, 'time_group': 255, 'time_groups': 255, 'history_edges': 61439, 'pos_edges': 321, 'neg_edges': 3210, 'loss_recent': 48.340197582244876, 'elapsed_sec': 309.74006786569953, 'avg_sec_per_batch': 1.2146669328066648, 'cuda_allocated_mb': 165, 'cuda_reserved_mb': 2362, 'cuda_max_allocated_mb': 2132}
{'event': 'validation_start', 'epoch': 6}
{'event': 'validation_ranking_start', 'epoch': 6, 'max_edges': 50}
{'event': 'epoch_end', 'epoch': 6, 'early_stop_metric': 'val_composite', 'val_score': 0.21445824662277682, 'val_auc': 0.8832628812170571, 'val_ap': 0.34882526274989495, 'val_ndcg': 0.8847583024988509, 'val_mrr': 0.04417257633045749, 'val_hits@1': 0.01, 'val_hits@10': 0.1, 'val_hits@50': 0.27, 'val_hits@100': 0.4, 'elapsed_sec': 634.8070408403873}
{'event': 'epoch_start', 'epoch': 7, 'epochs': 20, 'batches': 255, 'time_groups': 255}
{'event': 'train_time_group', 'epoch': 7, 'time_group': 1, 'time_groups': 255, 'batch': 0, 'batches': 255, 'time_value': 1388534400.0, 'group_batches': 1, 'history_edges': 0, 'elapsed_sec': 0.04696911200881004, 'cuda_allocated_mb': 120, 'cuda_reserved_mb': 2362, 'cuda_max_allocated_mb': 2132}
{'event': 'train_progress', 'epoch': 7, 'batch': 1, 'batches': 255, 'time_group': 1, 'time_groups': 255, 'history_edges': 0, 'pos_edges': 113, 'neg_edges': 1130, 'loss_recent': 110.5848617553711, 'elapsed_sec': 0.7379724308848381, 'avg_sec_per_batch': 0.7379724308848381, 'cuda_allocated_mb': 137, 'cuda_reserved_mb': 2362, 'cuda_max_allocated_mb': 2132}
{'event': 'train_progress', 'epoch': 7, 'batch': 55, 'batches': 255, 'time_group': 55, 'time_groups': 255, 'history_edges': 12327, 'pos_edges': 319, 'neg_edges': 3190, 'loss_recent': 47.784822013161396, 'elapsed_sec': 61.57680223509669, 'avg_sec_per_batch': 1.1195782224563036, 'cuda_allocated_mb': 166, 'cuda_reserved_mb': 2362, 'cuda_max_allocated_mb': 2132}
{'event': 'train_progress', 'epoch': 7, 'batch': 100, 'batches': 255, 'time_group': 100, 'time_groups': 255, 'history_edges': 23816, 'pos_edges': 259, 'neg_edges': 2590, 'loss_recent': 48.92334173202514, 'elapsed_sec': 117.17508905380964, 'avg_sec_per_batch': 1.1717508905380964, 'cuda_allocated_mb': 157, 'cuda_reserved_mb': 2362, 'cuda_max_allocated_mb': 2132}
{'event': 'train_progress', 'epoch': 7, 'batch': 151, 'batches': 255, 'time_group': 151, 'time_groups': 255, 'history_edges': 36236, 'pos_edges': 167, 'neg_edges': 1670, 'loss_recent': 49.04120714187622, 'elapsed_sec': 177.379886418581, 'avg_sec_per_batch': 1.174701234560139, 'cuda_allocated_mb': 146, 'cuda_reserved_mb': 2362, 'cuda_max_allocated_mb': 2132}
{'event': 'train_progress', 'epoch': 7, 'batch': 198, 'batches': 255, 'time_group': 198, 'time_groups': 255, 'history_edges': 48188, 'pos_edges': 281, 'neg_edges': 2810, 'loss_recent': 49.252107791900634, 'elapsed_sec': 238.1269222088158, 'avg_sec_per_batch': 1.2026612232768474, 'cuda_allocated_mb': 159, 'cuda_reserved_mb': 2362, 'cuda_max_allocated_mb': 2132}
{'event': 'train_progress', 'epoch': 7, 'batch': 200, 'batches': 255, 'time_group': 200, 'time_groups': 255, 'history_edges': 48751, 'pos_edges': 162, 'neg_edges': 1620, 'loss_recent': 49.01174871444702, 'elapsed_sec': 240.59859412908554, 'avg_sec_per_batch': 1.2029929706454277, 'cuda_allocated_mb': 146, 'cuda_reserved_mb': 2362, 'cuda_max_allocated_mb': 2132}
{'event': 'train_progress', 'epoch': 7, 'batch': 253, 'batches': 255, 'time_group': 253, 'time_groups': 255, 'history_edges': 60764, 'pos_edges': 308, 'neg_edges': 3080, 'loss_recent': 47.908297004699705, 'elapsed_sec': 302.0744329057634, 'avg_sec_per_batch': 1.1939700905366142, 'cuda_allocated_mb': 165, 'cuda_reserved_mb': 2362, 'cuda_max_allocated_mb': 2132}
{'event': 'train_time_group', 'epoch': 7, 'time_group': 255, 'time_groups': 255, 'batch': 254, 'batches': 255, 'time_value': 1410480000.0, 'group_batches': 1, 'history_edges': 61439, 'elapsed_sec': 303.78620966896415, 'cuda_allocated_mb': 120, 'cuda_reserved_mb': 2362, 'cuda_max_allocated_mb': 2132}
{'event': 'train_progress', 'epoch': 7, 'batch': 255, 'batches': 255, 'time_group': 255, 'time_groups': 255, 'history_edges': 61439, 'pos_edges': 321, 'neg_edges': 3210, 'loss_recent': 48.12665683746338, 'elapsed_sec': 304.97305769100785, 'avg_sec_per_batch': 1.1959727752588543, 'cuda_allocated_mb': 165, 'cuda_reserved_mb': 2362, 'cuda_max_allocated_mb': 2132}
{'event': 'validation_start', 'epoch': 7}
{'event': 'validation_ranking_start', 'epoch': 7, 'max_edges': 50}
{'event': 'epoch_end', 'epoch': 7, 'early_stop_metric': 'val_composite', 'val_score': 0.23929917511996496, 'val_auc': 0.8864666030428232, 'val_ap': 0.36719255913930254, 'val_ndcg': 0.8897686848900509, 'val_mrr': 0.07921985749922245, 'val_hits@1': 0.05, 'val_hits@10': 0.12, 'val_hits@50': 0.28, 'val_hits@100': 0.42, 'elapsed_sec': 626.881886690855}
{'event': 'epoch_start', 'epoch': 8, 'epochs': 20, 'batches': 255, 'time_groups': 255}
{'event': 'train_time_group', 'epoch': 8, 'time_group': 1, 'time_groups': 255, 'batch': 0, 'batches': 255, 'time_value': 1388534400.0, 'group_batches': 1, 'history_edges': 0, 'elapsed_sec': 0.04822484403848648, 'cuda_allocated_mb': 120, 'cuda_reserved_mb': 2362, 'cuda_max_allocated_mb': 2132}
{'event': 'train_progress', 'epoch': 8, 'batch': 1, 'batches': 255, 'time_group': 1, 'time_groups': 255, 'history_edges': 0, 'pos_edges': 113, 'neg_edges': 1130, 'loss_recent': 129.21595764160156, 'elapsed_sec': 0.6379834599792957, 'avg_sec_per_batch': 0.6379834599792957, 'cuda_allocated_mb': 137, 'cuda_reserved_mb': 2362, 'cuda_max_allocated_mb': 2132}
{'event': 'train_progress', 'epoch': 8, 'batch': 52, 'batches': 255, 'time_group': 52, 'time_groups': 255, 'history_edges': 11642, 'pos_edges': 317, 'neg_edges': 3170, 'loss_recent': 47.81058168411255, 'elapsed_sec': 61.235702745616436, 'avg_sec_per_batch': 1.1776096681849315, 'cuda_allocated_mb': 165, 'cuda_reserved_mb': 2362, 'cuda_max_allocated_mb': 2132}
{'event': 'train_progress', 'epoch': 8, 'batch': 100, 'batches': 255, 'time_group': 100, 'time_groups': 255, 'history_edges': 23816, 'pos_edges': 259, 'neg_edges': 2590, 'loss_recent': 48.70472703933716, 'elapsed_sec': 121.00488682091236, 'avg_sec_per_batch': 1.2100488682091237, 'cuda_allocated_mb': 158, 'cuda_reserved_mb': 2362, 'cuda_max_allocated_mb': 2132}
{'event': 'train_progress', 'epoch': 8, 'batch': 149, 'batches': 255, 'time_group': 149, 'time_groups': 255, 'history_edges': 35638, 'pos_edges': 327, 'neg_edges': 3270, 'loss_recent': 49.19259561538696, 'elapsed_sec': 182.48295700922608, 'avg_sec_per_batch': 1.2247178322766852, 'cuda_allocated_mb': 166, 'cuda_reserved_mb': 2362, 'cuda_max_allocated_mb': 2132}
{'event': 'train_progress', 'epoch': 8, 'batch': 195, 'batches': 255, 'time_group': 195, 'time_groups': 255, 'history_edges': 47304, 'pos_edges': 289, 'neg_edges': 2890, 'loss_recent': 48.87339601516724, 'elapsed_sec': 242.6142123043537, 'avg_sec_per_batch': 1.2441754477146345, 'cuda_allocated_mb': 162, 'cuda_reserved_mb': 2362, 'cuda_max_allocated_mb': 2132}
{'event': 'train_progress', 'epoch': 8, 'batch': 200, 'batches': 255, 'time_group': 200, 'time_groups': 255, 'history_edges': 48751, 'pos_edges': 162, 'neg_edges': 1620, 'loss_recent': 48.899729347229005, 'elapsed_sec': 249.34193758293986, 'avg_sec_per_batch': 1.2467096879146993, 'cuda_allocated_mb': 145, 'cuda_reserved_mb': 2362, 'cuda_max_allocated_mb': 2132}
{'event': 'train_progress', 'epoch': 8, 'batch': 253, 'batches': 255, 'time_group': 253, 'time_groups': 255, 'history_edges': 60764, 'pos_edges': 308, 'neg_edges': 3080, 'loss_recent': 47.81523481369018, 'elapsed_sec': 309.5226360298693, 'avg_sec_per_batch': 1.2234096285765585, 'cuda_allocated_mb': 165, 'cuda_reserved_mb': 2362, 'cuda_max_allocated_mb': 2132}
{'event': 'train_time_group', 'epoch': 8, 'time_group': 255, 'time_groups': 255, 'batch': 254, 'batches': 255, 'time_value': 1410480000.0, 'group_batches': 1, 'history_edges': 61439, 'elapsed_sec': 311.16919523477554, 'cuda_allocated_mb': 120, 'cuda_reserved_mb': 2362, 'cuda_max_allocated_mb': 2132}
{'event': 'train_progress', 'epoch': 8, 'batch': 255, 'batches': 255, 'time_group': 255, 'time_groups': 255, 'history_edges': 61439, 'pos_edges': 321, 'neg_edges': 3210, 'loss_recent': 48.012032146453855, 'elapsed_sec': 312.57657904177904, 'avg_sec_per_batch': 1.2257905060461922, 'cuda_allocated_mb': 164, 'cuda_reserved_mb': 2362, 'cuda_max_allocated_mb': 2132}
{'event': 'validation_start', 'epoch': 8}
{'event': 'validation_ranking_start', 'epoch': 8, 'max_edges': 50}
{'event': 'epoch_end', 'epoch': 8, 'early_stop_metric': 'val_composite', 'val_score': 0.24320972559711576, 'val_auc': 0.8884214468521865, 'val_ap': 0.3828951501561761, 'val_ndcg': 0.8937005657520446, 'val_mrr': 0.07331398710734033, 'val_hits@1': 0.03, 'val_hits@10': 0.14, 'val_hits@50': 0.33, 'val_hits@100': 0.49, 'elapsed_sec': 636.2106333337724}
{'event': 'epoch_start', 'epoch': 9, 'epochs': 20, 'batches': 255, 'time_groups': 255}
{'event': 'train_time_group', 'epoch': 9, 'time_group': 1, 'time_groups': 255, 'batch': 0, 'batches': 255, 'time_value': 1388534400.0, 'group_batches': 1, 'history_edges': 0, 'elapsed_sec': 0.028599925339221954, 'cuda_allocated_mb': 120, 'cuda_reserved_mb': 2362, 'cuda_max_allocated_mb': 2132}
{'event': 'train_progress', 'epoch': 9, 'batch': 1, 'batches': 255, 'time_group': 1, 'time_groups': 255, 'history_edges': 0, 'pos_edges': 113, 'neg_edges': 1130, 'loss_recent': 146.0887451171875, 'elapsed_sec': 0.785210944712162, 'avg_sec_per_batch': 0.785210944712162, 'cuda_allocated_mb': 137, 'cuda_reserved_mb': 2362, 'cuda_max_allocated_mb': 2132}
{'event': 'train_progress', 'epoch': 9, 'batch': 54, 'batches': 255, 'time_group': 54, 'time_groups': 255, 'history_edges': 12145, 'pos_edges': 182, 'neg_edges': 1820, 'loss_recent': 47.51840948175501, 'elapsed_sec': 61.31824065372348, 'avg_sec_per_batch': 1.1355229750689533, 'cuda_allocated_mb': 147, 'cuda_reserved_mb': 2362, 'cuda_max_allocated_mb': 2132}
{'event': 'train_progress', 'epoch': 9, 'batch': 100, 'batches': 255, 'time_group': 100, 'time_groups': 255, 'history_edges': 23816, 'pos_edges': 259, 'neg_edges': 2590, 'loss_recent': 48.85527090072632, 'elapsed_sec': 118.44737197086215, 'avg_sec_per_batch': 1.1844737197086215, 'cuda_allocated_mb': 158, 'cuda_reserved_mb': 2362, 'cuda_max_allocated_mb': 2132}
{'event': 'train_progress', 'epoch': 9, 'batch': 150, 'batches': 255, 'time_group': 150, 'time_groups': 255, 'history_edges': 35965, 'pos_edges': 271, 'neg_edges': 2710, 'loss_recent': 49.1815279006958, 'elapsed_sec': 178.90123266726732, 'avg_sec_per_batch': 1.1926748844484487, 'cuda_allocated_mb': 160, 'cuda_reserved_mb': 2362, 'cuda_max_allocated_mb': 2132}
{'event': 'train_progress', 'epoch': 9, 'batch': 198, 'batches': 255, 'time_group': 198, 'time_groups': 255, 'history_edges': 48188, 'pos_edges': 281, 'neg_edges': 2810, 'loss_recent': 49.035327968597414, 'elapsed_sec': 240.30624188110232, 'avg_sec_per_batch': 1.2136678882883956, 'cuda_allocated_mb': 160, 'cuda_reserved_mb': 2362, 'cuda_max_allocated_mb': 2132}
{'event': 'train_progress', 'epoch': 9, 'batch': 200, 'batches': 255, 'time_group': 200, 'time_groups': 255, 'history_edges': 48751, 'pos_edges': 162, 'neg_edges': 1620, 'loss_recent': 48.78064729690552, 'elapsed_sec': 242.60938707739115, 'avg_sec_per_batch': 1.2130469353869557, 'cuda_allocated_mb': 145, 'cuda_reserved_mb': 2362, 'cuda_max_allocated_mb': 2132}
{'event': 'train_progress', 'epoch': 9, 'batch': 253, 'batches': 255, 'time_group': 253, 'time_groups': 255, 'history_edges': 60764, 'pos_edges': 308, 'neg_edges': 3080, 'loss_recent': 47.64267581939697, 'elapsed_sec': 302.7277957946062, 'avg_sec_per_batch': 1.1965525525478506, 'cuda_allocated_mb': 165, 'cuda_reserved_mb': 2362, 'cuda_max_allocated_mb': 2132}
{'event': 'train_time_group', 'epoch': 9, 'time_group': 255, 'time_groups': 255, 'batch': 254, 'batches': 255, 'time_value': 1410480000.0, 'group_batches': 1, 'history_edges': 61439, 'elapsed_sec': 304.41195150464773, 'cuda_allocated_mb': 120, 'cuda_reserved_mb': 2362, 'cuda_max_allocated_mb': 2132}
{'event': 'train_progress', 'epoch': 9, 'batch': 255, 'batches': 255, 'time_group': 255, 'time_groups': 255, 'history_edges': 61439, 'pos_edges': 321, 'neg_edges': 3210, 'loss_recent': 47.854840774536136, 'elapsed_sec': 306.12468890845776, 'avg_sec_per_batch': 1.200488976111599, 'cuda_allocated_mb': 166, 'cuda_reserved_mb': 2362, 'cuda_max_allocated_mb': 2132}
{'event': 'validation_start', 'epoch': 9}
{'event': 'validation_ranking_start', 'epoch': 9, 'max_edges': 50}
{'event': 'epoch_end', 'epoch': 9, 'early_stop_metric': 'val_composite', 'val_score': 0.2394495375866366, 'val_auc': 0.8873403098451867, 'val_ap': 0.3901185042142715, 'val_ndcg': 0.8949290539032824, 'val_mrr': 0.06967328137686285, 'val_hits@1': 0.03, 'val_hits@10': 0.13, 'val_hits@50': 0.35, 'val_hits@100': 0.51, 'elapsed_sec': 628.0026086904109}
{'event': 'epoch_start', 'epoch': 10, 'epochs': 20, 'batches': 255, 'time_groups': 255}
{'event': 'train_time_group', 'epoch': 10, 'time_group': 1, 'time_groups': 255, 'batch': 0, 'batches': 255, 'time_value': 1388534400.0, 'group_batches': 1, 'history_edges': 0, 'elapsed_sec': 0.031391698867082596, 'cuda_allocated_mb': 120, 'cuda_reserved_mb': 2362, 'cuda_max_allocated_mb': 2132}
{'event': 'train_progress', 'epoch': 10, 'batch': 1, 'batches': 255, 'time_group': 1, 'time_groups': 255, 'history_edges': 0, 'pos_edges': 113, 'neg_edges': 1130, 'loss_recent': 153.7693328857422, 'elapsed_sec': 0.7274569943547249, 'avg_sec_per_batch': 0.7274569943547249, 'cuda_allocated_mb': 136, 'cuda_reserved_mb': 2362, 'cuda_max_allocated_mb': 2132}
{'event': 'train_progress', 'epoch': 10, 'batch': 55, 'batches': 255, 'time_group': 55, 'time_groups': 255, 'history_edges': 12327, 'pos_edges': 319, 'neg_edges': 3190, 'loss_recent': 47.87345109419389, 'elapsed_sec': 62.34708934277296, 'avg_sec_per_batch': 1.133583442595872, 'cuda_allocated_mb': 165, 'cuda_reserved_mb': 2362, 'cuda_max_allocated_mb': 2132}
{'event': 'train_progress', 'epoch': 10, 'batch': 100, 'batches': 255, 'time_group': 100, 'time_groups': 255, 'history_edges': 23816, 'pos_edges': 259, 'neg_edges': 2590, 'loss_recent': 48.75190797805786, 'elapsed_sec': 118.73779011517763, 'avg_sec_per_batch': 1.1873779011517762, 'cuda_allocated_mb': 158, 'cuda_reserved_mb': 2362, 'cuda_max_allocated_mb': 2132}
{'event': 'train_progress', 'epoch': 10, 'batch': 150, 'batches': 255, 'time_group': 150, 'time_groups': 255, 'history_edges': 35965, 'pos_edges': 271, 'neg_edges': 2710, 'loss_recent': 48.95180742263794, 'elapsed_sec': 179.9859957396984, 'avg_sec_per_batch': 1.1999066382646562, 'cuda_allocated_mb': 159, 'cuda_reserved_mb': 2362, 'cuda_max_allocated_mb': 2132}
{'event': 'train_progress', 'epoch': 10, 'batch': 199, 'batches': 255, 'time_group': 199, 'time_groups': 255, 'history_edges': 48469, 'pos_edges': 282, 'neg_edges': 2820, 'loss_recent': 48.851401042938235, 'elapsed_sec': 241.0443233139813, 'avg_sec_per_batch': 1.2112780066029212, 'cuda_allocated_mb': 159, 'cuda_reserved_mb': 2362, 'cuda_max_allocated_mb': 2132}
{'event': 'train_progress', 'epoch': 10, 'batch': 200, 'batches': 255, 'time_group': 200, 'time_groups': 255, 'history_edges': 48751, 'pos_edges': 162, 'neg_edges': 1620, 'loss_recent': 48.6464274597168, 'elapsed_sec': 241.9155074097216, 'avg_sec_per_batch': 1.2095775370486082, 'cuda_allocated_mb': 145, 'cuda_reserved_mb': 2362, 'cuda_max_allocated_mb': 2132}
{'event': 'train_progress', 'epoch': 10, 'batch': 254, 'batches': 255, 'time_group': 254, 'time_groups': 255, 'history_edges': 61072, 'pos_edges': 367, 'neg_edges': 3670, 'loss_recent': 47.75367891311645, 'elapsed_sec': 302.3439953587949, 'avg_sec_per_batch': 1.1903306903889563, 'cuda_allocated_mb': 171, 'cuda_reserved_mb': 2362, 'cuda_max_allocated_mb': 2132}
{'event': 'train_time_group', 'epoch': 10, 'time_group': 255, 'time_groups': 255, 'batch': 254, 'batches': 255, 'time_value': 1410480000.0, 'group_batches': 1, 'history_edges': 61439, 'elapsed_sec': 302.36172733455896, 'cuda_allocated_mb': 120, 'cuda_reserved_mb': 2362, 'cuda_max_allocated_mb': 2132}
{'event': 'train_progress', 'epoch': 10, 'batch': 255, 'batches': 255, 'time_group': 255, 'time_groups': 255, 'history_edges': 61439, 'pos_edges': 321, 'neg_edges': 3210, 'loss_recent': 47.79055585861206, 'elapsed_sec': 304.11123499274254, 'avg_sec_per_batch': 1.192593078402912, 'cuda_allocated_mb': 166, 'cuda_reserved_mb': 2362, 'cuda_max_allocated_mb': 2132}
{'event': 'validation_start', 'epoch': 10}
{'event': 'validation_ranking_start', 'epoch': 10, 'max_edges': 50}
{'event': 'epoch_end', 'epoch': 10, 'early_stop_metric': 'val_composite', 'val_score': 0.2515540157608685, 'val_auc': 0.8889165723430227, 'val_ap': 0.41027810027027484, 'val_ndcg': 0.8992974658788923, 'val_mrr': 0.08937743976477526, 'val_hits@1': 0.06, 'val_hits@10': 0.13, 'val_hits@50': 0.33, 'val_hits@100': 0.5, 'elapsed_sec': 622.8440059646964}
{'event': 'epoch_start', 'epoch': 11, 'epochs': 20, 'batches': 255, 'time_groups': 255}
{'event': 'train_time_group', 'epoch': 11, 'time_group': 1, 'time_groups': 255, 'batch': 0, 'batches': 255, 'time_value': 1388534400.0, 'group_batches': 1, 'history_edges': 0, 'elapsed_sec': 0.04207467660307884, 'cuda_allocated_mb': 120, 'cuda_reserved_mb': 2362, 'cuda_max_allocated_mb': 2132}
{'event': 'train_progress', 'epoch': 11, 'batch': 1, 'batches': 255, 'time_group': 1, 'time_groups': 255, 'history_edges': 0, 'pos_edges': 113, 'neg_edges': 1130, 'loss_recent': 175.96023559570312, 'elapsed_sec': 0.8603713102638721, 'avg_sec_per_batch': 0.8603713102638721, 'cuda_allocated_mb': 137, 'cuda_reserved_mb': 2362, 'cuda_max_allocated_mb': 2132}
{'event': 'train_progress', 'epoch': 11, 'batch': 54, 'batches': 255, 'time_group': 54, 'time_groups': 255, 'history_edges': 12145, 'pos_edges': 182, 'neg_edges': 1820, 'loss_recent': 47.751547742772985, 'elapsed_sec': 61.44017359986901, 'avg_sec_per_batch': 1.137780992590167, 'cuda_allocated_mb': 147, 'cuda_reserved_mb': 2362, 'cuda_max_allocated_mb': 2132}
{'event': 'train_progress', 'epoch': 11, 'batch': 100, 'batches': 255, 'time_group': 100, 'time_groups': 255, 'history_edges': 23816, 'pos_edges': 259, 'neg_edges': 2590, 'loss_recent': 48.805660572052005, 'elapsed_sec': 118.9725696593523, 'avg_sec_per_batch': 1.189725696593523, 'cuda_allocated_mb': 158, 'cuda_reserved_mb': 2362, 'cuda_max_allocated_mb': 2132}
{'event': 'train_progress', 'epoch': 11, 'batch': 151, 'batches': 255, 'time_group': 151, 'time_groups': 255, 'history_edges': 36236, 'pos_edges': 167, 'neg_edges': 1670, 'loss_recent': 48.5629439163208, 'elapsed_sec': 179.49354141578078, 'avg_sec_per_batch': 1.1886989497733826, 'cuda_allocated_mb': 145, 'cuda_reserved_mb': 2362, 'cuda_max_allocated_mb': 2132}
{'event': 'train_progress', 'epoch': 11, 'batch': 198, 'batches': 255, 'time_group': 198, 'time_groups': 255, 'history_edges': 48188, 'pos_edges': 281, 'neg_edges': 2810, 'loss_recent': 48.8199916267395, 'elapsed_sec': 240.5367046892643, 'avg_sec_per_batch': 1.2148318418649713, 'cuda_allocated_mb': 161, 'cuda_reserved_mb': 2362, 'cuda_max_allocated_mb': 2132}
{'event': 'train_progress', 'epoch': 11, 'batch': 200, 'batches': 255, 'time_group': 200, 'time_groups': 255, 'history_edges': 48751, 'pos_edges': 162, 'neg_edges': 1620, 'loss_recent': 48.57166784286499, 'elapsed_sec': 242.87923436239362, 'avg_sec_per_batch': 1.214396171811968, 'cuda_allocated_mb': 146, 'cuda_reserved_mb': 2362, 'cuda_max_allocated_mb': 2132}
{'event': 'train_progress', 'epoch': 11, 'batch': 254, 'batches': 255, 'time_group': 254, 'time_groups': 255, 'history_edges': 61072, 'pos_edges': 367, 'neg_edges': 3670, 'loss_recent': 47.61353279113769, 'elapsed_sec': 304.00511174649, 'avg_sec_per_batch': 1.1968705186869686, 'cuda_allocated_mb': 171, 'cuda_reserved_mb': 2362, 'cuda_max_allocated_mb': 2132}
{'event': 'train_time_group', 'epoch': 11, 'time_group': 255, 'time_groups': 255, 'batch': 254, 'batches': 255, 'time_value': 1410480000.0, 'group_batches': 1, 'history_edges': 61439, 'elapsed_sec': 304.02476212382317, 'cuda_allocated_mb': 120, 'cuda_reserved_mb': 2362, 'cuda_max_allocated_mb': 2132}
{'event': 'train_progress', 'epoch': 11, 'batch': 255, 'batches': 255, 'time_group': 255, 'time_groups': 255, 'history_edges': 61439, 'pos_edges': 321, 'neg_edges': 3210, 'loss_recent': 47.6451651763916, 'elapsed_sec': 304.9266362115741, 'avg_sec_per_batch': 1.195790730241467, 'cuda_allocated_mb': 166, 'cuda_reserved_mb': 2362, 'cuda_max_allocated_mb': 2132}
{'event': 'validation_start', 'epoch': 11}
{'event': 'validation_ranking_start', 'epoch': 11, 'max_edges': 50}
{'event': 'epoch_end', 'epoch': 11, 'early_stop_metric': 'val_composite', 'val_score': 0.2540286196779382, 'val_auc': 0.8893067485495838, 'val_ap': 0.42289113494939534, 'val_ndcg': 0.9020854820397974, 'val_mrr': 0.07668698780112229, 'val_hits@1': 0.03, 'val_hits@10': 0.16, 'val_hits@50': 0.38, 'val_hits@100': 0.51, 'elapsed_sec': 623.568975277245}
{'event': 'epoch_start', 'epoch': 12, 'epochs': 20, 'batches': 255, 'time_groups': 255}
{'event': 'train_time_group', 'epoch': 12, 'time_group': 1, 'time_groups': 255, 'batch': 0, 'batches': 255, 'time_value': 1388534400.0, 'group_batches': 1, 'history_edges': 0, 'elapsed_sec': 0.030955471098423004, 'cuda_allocated_mb': 120, 'cuda_reserved_mb': 2362, 'cuda_max_allocated_mb': 2132}
{'event': 'train_progress', 'epoch': 12, 'batch': 1, 'batches': 255, 'time_group': 1, 'time_groups': 255, 'history_edges': 0, 'pos_edges': 113, 'neg_edges': 1130, 'loss_recent': 190.7606658935547, 'elapsed_sec': 0.7262693159282207, 'avg_sec_per_batch': 0.7262693159282207, 'cuda_allocated_mb': 137, 'cuda_reserved_mb': 2362, 'cuda_max_allocated_mb': 2132}
{'event': 'train_progress', 'epoch': 12, 'batch': 55, 'batches': 255, 'time_group': 55, 'time_groups': 255, 'history_edges': 12327, 'pos_edges': 319, 'neg_edges': 3190, 'loss_recent': 48.31307868957519, 'elapsed_sec': 61.399944085627794, 'avg_sec_per_batch': 1.1163626197386871, 'cuda_allocated_mb': 164, 'cuda_reserved_mb': 2362, 'cuda_max_allocated_mb': 2132}
{'event': 'train_progress', 'epoch': 12, 'batch': 100, 'batches': 255, 'time_group': 100, 'time_groups': 255, 'history_edges': 23816, 'pos_edges': 259, 'neg_edges': 2590, 'loss_recent': 49.035933856964114, 'elapsed_sec': 117.38709262013435, 'avg_sec_per_batch': 1.1738709262013436, 'cuda_allocated_mb': 157, 'cuda_reserved_mb': 2362, 'cuda_max_allocated_mb': 2132}
{'event': 'train_progress', 'epoch': 12, 'batch': 149, 'batches': 255, 'time_group': 149, 'time_groups': 255, 'history_edges': 35638, 'pos_edges': 327, 'neg_edges': 3270, 'loss_recent': 49.06759685516357, 'elapsed_sec': 177.88081163913012, 'avg_sec_per_batch': 1.1938309505981888, 'cuda_allocated_mb': 167, 'cuda_reserved_mb': 2362, 'cuda_max_allocated_mb': 2132}
{'event': 'train_progress', 'epoch': 12, 'batch': 196, 'batches': 255, 'time_group': 196, 'time_groups': 255, 'history_edges': 47593, 'pos_edges': 312, 'neg_edges': 3120, 'loss_recent': 48.93916688919067, 'elapsed_sec': 237.9512373805046, 'avg_sec_per_batch': 1.2140369254107377, 'cuda_allocated_mb': 165, 'cuda_reserved_mb': 2362, 'cuda_max_allocated_mb': 2132}
{'event': 'train_progress', 'epoch': 12, 'batch': 200, 'batches': 255, 'time_group': 200, 'time_groups': 255, 'history_edges': 48751, 'pos_edges': 162, 'neg_edges': 1620, 'loss_recent': 48.61429456710815, 'elapsed_sec': 242.6869053505361, 'avg_sec_per_batch': 1.2134345267526805, 'cuda_allocated_mb': 144, 'cuda_reserved_mb': 2362, 'cuda_max_allocated_mb': 2132}
{'event': 'train_progress', 'epoch': 12, 'batch': 254, 'batches': 255, 'time_group': 254, 'time_groups': 255, 'history_edges': 61072, 'pos_edges': 367, 'neg_edges': 3670, 'loss_recent': 47.650717182159426, 'elapsed_sec': 303.0431495755911, 'avg_sec_per_batch': 1.1930832660456343, 'cuda_allocated_mb': 171, 'cuda_reserved_mb': 2362, 'cuda_max_allocated_mb': 2132}
{'event': 'train_time_group', 'epoch': 12, 'time_group': 255, 'time_groups': 255, 'batch': 254, 'batches': 255, 'time_value': 1410480000.0, 'group_batches': 1, 'history_edges': 61439, 'elapsed_sec': 303.06117989867926, 'cuda_allocated_mb': 120, 'cuda_reserved_mb': 2362, 'cuda_max_allocated_mb': 2132}
{'event': 'train_progress', 'epoch': 12, 'batch': 255, 'batches': 255, 'time_group': 255, 'time_groups': 255, 'history_edges': 61439, 'pos_edges': 321, 'neg_edges': 3210, 'loss_recent': 47.692088260650635, 'elapsed_sec': 304.7124385163188, 'avg_sec_per_batch': 1.1949507392796817, 'cuda_allocated_mb': 164, 'cuda_reserved_mb': 2362, 'cuda_max_allocated_mb': 2132}
{'event': 'validation_start', 'epoch': 12}
{'event': 'validation_ranking_start', 'epoch': 12, 'max_edges': 50}
{'event': 'epoch_end', 'epoch': 12, 'early_stop_metric': 'val_composite', 'val_score': 0.2714148883440919, 'val_auc': 0.8908255231252045, 'val_ap': 0.44629668597264827, 'val_ndcg': 0.9063744535203861, 'val_mrr': 0.09132278255609286, 'val_hits@1': 0.05, 'val_hits@10': 0.19, 'val_hits@50': 0.43, 'val_hits@100': 0.55, 'elapsed_sec': 628.0379435159266}
{'event': 'epoch_start', 'epoch': 13, 'epochs': 20, 'batches': 255, 'time_groups': 255}
{'event': 'train_time_group', 'epoch': 13, 'time_group': 1, 'time_groups': 255, 'batch': 0, 'batches': 255, 'time_value': 1388534400.0, 'group_batches': 1, 'history_edges': 0, 'elapsed_sec': 0.03344308212399483, 'cuda_allocated_mb': 120, 'cuda_reserved_mb': 2362, 'cuda_max_allocated_mb': 2132}
{'event': 'train_progress', 'epoch': 13, 'batch': 1, 'batches': 255, 'time_group': 1, 'time_groups': 255, 'history_edges': 0, 'pos_edges': 113, 'neg_edges': 1130, 'loss_recent': 204.65618896484375, 'elapsed_sec': 0.7983863949775696, 'avg_sec_per_batch': 0.7983863949775696, 'cuda_allocated_mb': 138, 'cuda_reserved_mb': 2362, 'cuda_max_allocated_mb': 2132}
{'event': 'train_progress', 'epoch': 13, 'batch': 55, 'batches': 255, 'time_group': 55, 'time_groups': 255, 'history_edges': 12327, 'pos_edges': 319, 'neg_edges': 3190, 'loss_recent': 48.44727540449663, 'elapsed_sec': 61.9097959920764, 'avg_sec_per_batch': 1.125632654401389, 'cuda_allocated_mb': 165, 'cuda_reserved_mb': 2362, 'cuda_max_allocated_mb': 2132}
{'event': 'train_progress', 'epoch': 13, 'batch': 100, 'batches': 255, 'time_group': 100, 'time_groups': 255, 'history_edges': 23816, 'pos_edges': 259, 'neg_edges': 2590, 'loss_recent': 48.999468364715575, 'elapsed_sec': 116.99795902520418, 'avg_sec_per_batch': 1.1699795902520418, 'cuda_allocated_mb': 156, 'cuda_reserved_mb': 2362, 'cuda_max_allocated_mb': 2132}
{'event': 'train_progress', 'epoch': 13, 'batch': 150, 'batches': 255, 'time_group': 150, 'time_groups': 255, 'history_edges': 35965, 'pos_edges': 271, 'neg_edges': 2710, 'loss_recent': 48.78110439300537, 'elapsed_sec': 177.39964692667127, 'avg_sec_per_batch': 1.1826643128444752, 'cuda_allocated_mb': 159, 'cuda_reserved_mb': 2362, 'cuda_max_allocated_mb': 2132}
{'event': 'train_progress', 'epoch': 13, 'batch': 198, 'batches': 255, 'time_group': 198, 'time_groups': 255, 'history_edges': 48188, 'pos_edges': 281, 'neg_edges': 2810, 'loss_recent': 48.730122032165525, 'elapsed_sec': 237.64879634976387, 'avg_sec_per_batch': 1.2002464462109286, 'cuda_allocated_mb': 160, 'cuda_reserved_mb': 2362, 'cuda_max_allocated_mb': 2132}
{'event': 'train_progress', 'epoch': 13, 'batch': 200, 'batches': 255, 'time_group': 200, 'time_groups': 255, 'history_edges': 48751, 'pos_edges': 162, 'neg_edges': 1620, 'loss_recent': 48.506580715179446, 'elapsed_sec': 239.84655801579356, 'avg_sec_per_batch': 1.1992327900789679, 'cuda_allocated_mb': 145, 'cuda_reserved_mb': 2362, 'cuda_max_allocated_mb': 2132}
{'event': 'train_progress', 'epoch': 13, 'batch': 253, 'batches': 255, 'time_group': 253, 'time_groups': 255, 'history_edges': 60764, 'pos_edges': 308, 'neg_edges': 3080, 'loss_recent': 47.30666994094849, 'elapsed_sec': 301.1630105674267, 'avg_sec_per_batch': 1.1903676307012911, 'cuda_allocated_mb': 164, 'cuda_reserved_mb': 2362, 'cuda_max_allocated_mb': 2132}
{'event': 'train_time_group', 'epoch': 13, 'time_group': 255, 'time_groups': 255, 'batch': 254, 'batches': 255, 'time_value': 1410480000.0, 'group_batches': 1, 'history_edges': 61439, 'elapsed_sec': 302.82670924812555, 'cuda_allocated_mb': 120, 'cuda_reserved_mb': 2362, 'cuda_max_allocated_mb': 2132}
{'event': 'train_progress', 'epoch': 13, 'batch': 255, 'batches': 255, 'time_group': 255, 'time_groups': 255, 'history_edges': 61439, 'pos_edges': 321, 'neg_edges': 3210, 'loss_recent': 47.52222311019897, 'elapsed_sec': 304.2174491100013, 'avg_sec_per_batch': 1.1930096043529463, 'cuda_allocated_mb': 165, 'cuda_reserved_mb': 2362, 'cuda_max_allocated_mb': 2132}
{'event': 'validation_start', 'epoch': 13}
{'event': 'validation_ranking_start', 'epoch': 13, 'max_edges': 50}
{'event': 'epoch_end', 'epoch': 13, 'early_stop_metric': 'val_composite', 'val_score': 0.2619114529055827, 'val_auc': 0.8895621745730957, 'val_ap': 0.44465398417280605, 'val_ndcg': 0.9050509655902035, 'val_mrr': 0.08802345660467553, 'val_hits@1': 0.04, 'val_hits@10': 0.16, 'val_hits@50': 0.44, 'val_hits@100': 0.6, 'elapsed_sec': 625.3016195446253}
{'event': 'epoch_start', 'epoch': 14, 'epochs': 20, 'batches': 255, 'time_groups': 255}
{'event': 'train_time_group', 'epoch': 14, 'time_group': 1, 'time_groups': 255, 'batch': 0, 'batches': 255, 'time_value': 1388534400.0, 'group_batches': 1, 'history_edges': 0, 'elapsed_sec': 0.02486465871334076, 'cuda_allocated_mb': 120, 'cuda_reserved_mb': 2362, 'cuda_max_allocated_mb': 2132}
{'event': 'train_progress', 'epoch': 14, 'batch': 1, 'batches': 255, 'time_group': 1, 'time_groups': 255, 'history_edges': 0, 'pos_edges': 113, 'neg_edges': 1130, 'loss_recent': 218.7976837158203, 'elapsed_sec': 0.6256653070449829, 'avg_sec_per_batch': 0.6256653070449829, 'cuda_allocated_mb': 137, 'cuda_reserved_mb': 2362, 'cuda_max_allocated_mb': 2132}
{'event': 'train_progress', 'epoch': 14, 'batch': 54, 'batches': 255, 'time_group': 54, 'time_groups': 255, 'history_edges': 12145, 'pos_edges': 182, 'neg_edges': 1820, 'loss_recent': 48.51157308507849, 'elapsed_sec': 61.377202212810516, 'avg_sec_per_batch': 1.1366148557927873, 'cuda_allocated_mb': 147, 'cuda_reserved_mb': 2362, 'cuda_max_allocated_mb': 2132}
{'event': 'train_progress', 'epoch': 14, 'batch': 100, 'batches': 255, 'time_group': 100, 'time_groups': 255, 'history_edges': 23816, 'pos_edges': 259, 'neg_edges': 2590, 'loss_recent': 49.19735610961914, 'elapsed_sec': 118.79815628379583, 'avg_sec_per_batch': 1.1879815628379584, 'cuda_allocated_mb': 158, 'cuda_reserved_mb': 2362, 'cuda_max_allocated_mb': 2132}
{'event': 'train_progress', 'epoch': 14, 'batch': 150, 'batches': 255, 'time_group': 150, 'time_groups': 255, 'history_edges': 35965, 'pos_edges': 271, 'neg_edges': 2710, 'loss_recent': 48.8001047706604, 'elapsed_sec': 179.57354671135545, 'avg_sec_per_batch': 1.197156978075703, 'cuda_allocated_mb': 159, 'cuda_reserved_mb': 2362, 'cuda_max_allocated_mb': 2132}
{'event': 'train_progress', 'epoch': 14, 'batch': 197, 'batches': 255, 'time_group': 197, 'time_groups': 255, 'history_edges': 47905, 'pos_edges': 283, 'neg_edges': 2830, 'loss_recent': 48.75958890914917, 'elapsed_sec': 239.68353614211082, 'avg_sec_per_batch': 1.2166676961528469, 'cuda_allocated_mb': 162, 'cuda_reserved_mb': 2362, 'cuda_max_allocated_mb': 2132}
{'event': 'train_progress', 'epoch': 14, 'batch': 200, 'batches': 255, 'time_group': 200, 'time_groups': 255, 'history_edges': 48751, 'pos_edges': 162, 'neg_edges': 1620, 'loss_recent': 48.41033771514893, 'elapsed_sec': 243.5059743076563, 'avg_sec_per_batch': 1.2175298715382814, 'cuda_allocated_mb': 145, 'cuda_reserved_mb': 2362, 'cuda_max_allocated_mb': 2132}
{'event': 'train_progress', 'epoch': 14, 'batch': 252, 'batches': 255, 'time_group': 252, 'time_groups': 255, 'history_edges': 60452, 'pos_edges': 312, 'neg_edges': 3120, 'loss_recent': 47.21129148483276, 'elapsed_sec': 303.63805769756436, 'avg_sec_per_batch': 1.204912927371287, 'cuda_allocated_mb': 165, 'cuda_reserved_mb': 2362, 'cuda_max_allocated_mb': 2132}
{'event': 'train_time_group', 'epoch': 14, 'time_group': 255, 'time_groups': 255, 'batch': 254, 'batches': 255, 'time_value': 1410480000.0, 'group_batches': 1, 'history_edges': 61439, 'elapsed_sec': 306.6366615816951, 'cuda_allocated_mb': 120, 'cuda_reserved_mb': 2362, 'cuda_max_allocated_mb': 2132}
{'event': 'train_progress', 'epoch': 14, 'batch': 255, 'batches': 255, 'time_group': 255, 'time_groups': 255, 'history_edges': 61439, 'pos_edges': 321, 'neg_edges': 3210, 'loss_recent': 47.51879755020141, 'elapsed_sec': 308.0980796776712, 'avg_sec_per_batch': 1.208227763441848, 'cuda_allocated_mb': 166, 'cuda_reserved_mb': 2362, 'cuda_max_allocated_mb': 2132}
{'event': 'validation_start', 'epoch': 14}
{'event': 'validation_ranking_start', 'epoch': 14, 'max_edges': 50}
{'event': 'epoch_end', 'epoch': 14, 'early_stop_metric': 'val_composite', 'val_score': 0.283198579894031, 'val_auc': 0.891866481002568, 'val_ap': 0.4597072280237435, 'val_ndcg': 0.9091499422547428, 'val_mrr': 0.09689576988254292, 'val_hits@1': 0.05, 'val_hits@10': 0.22, 'val_hits@50': 0.51, 'val_hits@100': 0.59, 'elapsed_sec': 629.6769211776555}
{'event': 'epoch_start', 'epoch': 15, 'epochs': 20, 'batches': 255, 'time_groups': 255}
{'event': 'train_time_group', 'epoch': 15, 'time_group': 1, 'time_groups': 255, 'batch': 0, 'batches': 255, 'time_value': 1388534400.0, 'group_batches': 1, 'history_edges': 0, 'elapsed_sec': 0.026589520275592804, 'cuda_allocated_mb': 120, 'cuda_reserved_mb': 2362, 'cuda_max_allocated_mb': 2132}
{'event': 'train_progress', 'epoch': 15, 'batch': 1, 'batches': 255, 'time_group': 1, 'time_groups': 255, 'history_edges': 0, 'pos_edges': 113, 'neg_edges': 1130, 'loss_recent': 229.83229064941406, 'elapsed_sec': 0.6860567294061184, 'avg_sec_per_batch': 0.6860567294061184, 'cuda_allocated_mb': 137, 'cuda_reserved_mb': 2362, 'cuda_max_allocated_mb': 2132}
{'event': 'train_progress', 'epoch': 15, 'batch': 55, 'batches': 255, 'time_group': 55, 'time_groups': 255, 'history_edges': 12327, 'pos_edges': 319, 'neg_edges': 3190, 'loss_recent': 48.862790541215375, 'elapsed_sec': 62.08382352814078, 'avg_sec_per_batch': 1.1287967914207415, 'cuda_allocated_mb': 165, 'cuda_reserved_mb': 2362, 'cuda_max_allocated_mb': 2132}
{'event': 'train_progress', 'epoch': 15, 'batch': 100, 'batches': 255, 'time_group': 100, 'time_groups': 255, 'history_edges': 23816, 'pos_edges': 259, 'neg_edges': 2590, 'loss_recent': 49.21316286087036, 'elapsed_sec': 117.52314603701234, 'avg_sec_per_batch': 1.1752314603701235, 'cuda_allocated_mb': 158, 'cuda_reserved_mb': 2362, 'cuda_max_allocated_mb': 2132}
{'event': 'train_progress', 'epoch': 15, 'batch': 150, 'batches': 255, 'time_group': 150, 'time_groups': 255, 'history_edges': 35965, 'pos_edges': 271, 'neg_edges': 2710, 'loss_recent': 48.70956880569458, 'elapsed_sec': 178.54911706596613, 'avg_sec_per_batch': 1.190327447106441, 'cuda_allocated_mb': 159, 'cuda_reserved_mb': 2362, 'cuda_max_allocated_mb': 2132}
{'event': 'train_progress', 'epoch': 15, 'batch': 197, 'batches': 255, 'time_group': 197, 'time_groups': 255, 'history_edges': 47905, 'pos_edges': 283, 'neg_edges': 2830, 'loss_recent': 48.73851240158081, 'elapsed_sec': 238.78730461373925, 'avg_sec_per_batch': 1.2121182975316713, 'cuda_allocated_mb': 161, 'cuda_reserved_mb': 2362, 'cuda_max_allocated_mb': 2132}
{'event': 'train_progress', 'epoch': 15, 'batch': 200, 'batches': 255, 'time_group': 200, 'time_groups': 255, 'history_edges': 48751, 'pos_edges': 162, 'neg_edges': 1620, 'loss_recent': 48.39053285598755, 'elapsed_sec': 242.62436577677727, 'avg_sec_per_batch': 1.2131218288838863, 'cuda_allocated_mb': 145, 'cuda_reserved_mb': 2362, 'cuda_max_allocated_mb': 2132}
{'event': 'train_progress', 'epoch': 15, 'batch': 253, 'batches': 255, 'time_group': 253, 'time_groups': 255, 'history_edges': 60764, 'pos_edges': 308, 'neg_edges': 3080, 'loss_recent': 47.29772691726684, 'elapsed_sec': 303.51599199324846, 'avg_sec_per_batch': 1.199667952542484, 'cuda_allocated_mb': 164, 'cuda_reserved_mb': 2362, 'cuda_max_allocated_mb': 2132}
{'event': 'train_time_group', 'epoch': 15, 'time_group': 255, 'time_groups': 255, 'batch': 254, 'batches': 255, 'time_value': 1410480000.0, 'group_batches': 1, 'history_edges': 61439, 'elapsed_sec': 304.8315092250705, 'cuda_allocated_mb': 120, 'cuda_reserved_mb': 2362, 'cuda_max_allocated_mb': 2132}
{'event': 'train_progress', 'epoch': 15, 'batch': 255, 'batches': 255, 'time_group': 255, 'time_groups': 255, 'history_edges': 61439, 'pos_edges': 321, 'neg_edges': 3210, 'loss_recent': 47.49444208145142, 'elapsed_sec': 306.46201354265213, 'avg_sec_per_batch': 1.201811817814322, 'cuda_allocated_mb': 166, 'cuda_reserved_mb': 2362, 'cuda_max_allocated_mb': 2132}
{'event': 'validation_start', 'epoch': 15}
{'event': 'validation_ranking_start', 'epoch': 15, 'max_edges': 50}
{'event': 'epoch_end', 'epoch': 15, 'early_stop_metric': 'val_composite', 'val_score': 0.2719431214702377, 'val_auc': 0.8879922527619676, 'val_ap': 0.45360440151928166, 'val_ndcg': 0.9079091594018388, 'val_mrr': 0.09676768680802889, 'val_hits@1': 0.06, 'val_hits@10': 0.18, 'val_hits@50': 0.37, 'val_hits@100': 0.53, 'elapsed_sec': 628.565331555903}
{'event': 'epoch_start', 'epoch': 16, 'epochs': 20, 'batches': 255, 'time_groups': 255}
{'event': 'train_time_group', 'epoch': 16, 'time_group': 1, 'time_groups': 255, 'batch': 0, 'batches': 255, 'time_value': 1388534400.0, 'group_batches': 1, 'history_edges': 0, 'elapsed_sec': 0.03212057799100876, 'cuda_allocated_mb': 120, 'cuda_reserved_mb': 2362, 'cuda_max_allocated_mb': 2132}
{'event': 'train_progress', 'epoch': 16, 'batch': 1, 'batches': 255, 'time_group': 1, 'time_groups': 255, 'history_edges': 0, 'pos_edges': 113, 'neg_edges': 1130, 'loss_recent': 253.4684600830078, 'elapsed_sec': 0.627163503319025, 'avg_sec_per_batch': 0.627163503319025, 'cuda_allocated_mb': 137, 'cuda_reserved_mb': 2362, 'cuda_max_allocated_mb': 2132}
{'event': 'train_progress', 'epoch': 16, 'batch': 53, 'batches': 255, 'time_group': 53, 'time_groups': 255, 'history_edges': 11959, 'pos_edges': 186, 'neg_edges': 1860, 'loss_recent': 49.1583638461131, 'elapsed_sec': 60.640392642468214, 'avg_sec_per_batch': 1.1441583517446834, 'cuda_allocated_mb': 149, 'cuda_reserved_mb': 2362, 'cuda_max_allocated_mb': 2132}
{'event': 'train_progress', 'epoch': 16, 'batch': 100, 'batches': 255, 'time_group': 100, 'time_groups': 255, 'history_edges': 23816, 'pos_edges': 259, 'neg_edges': 2590, 'loss_recent': 49.34928644180298, 'elapsed_sec': 118.56157424673438, 'avg_sec_per_batch': 1.185615742467344, 'cuda_allocated_mb': 158, 'cuda_reserved_mb': 2362, 'cuda_max_allocated_mb': 2132}
{'event': 'train_progress', 'epoch': 16, 'batch': 150, 'batches': 255, 'time_group': 150, 'time_groups': 255, 'history_edges': 35965, 'pos_edges': 271, 'neg_edges': 2710, 'loss_recent': 48.71042457580566, 'elapsed_sec': 178.6057751737535, 'avg_sec_per_batch': 1.1907051678250233, 'cuda_allocated_mb': 161, 'cuda_reserved_mb': 2362, 'cuda_max_allocated_mb': 2132}
{'event': 'train_progress', 'epoch': 16, 'batch': 197, 'batches': 255, 'time_group': 197, 'time_groups': 255, 'history_edges': 47905, 'pos_edges': 283, 'neg_edges': 2830, 'loss_recent': 48.787666187286376, 'elapsed_sec': 239.27888929843903, 'avg_sec_per_batch': 1.2146136512611119, 'cuda_allocated_mb': 160, 'cuda_reserved_mb': 2362, 'cuda_max_allocated_mb': 2132}
{'event': 'train_progress', 'epoch': 16, 'batch': 200, 'batches': 255, 'time_group': 200, 'time_groups': 255, 'history_edges': 48751, 'pos_edges': 162, 'neg_edges': 1620, 'loss_recent': 48.4403013420105, 'elapsed_sec': 243.37204628437757, 'avg_sec_per_batch': 1.216860231421888, 'cuda_allocated_mb': 145, 'cuda_reserved_mb': 2362, 'cuda_max_allocated_mb': 2132}
{'event': 'train_progress', 'epoch': 16, 'batch': 253, 'batches': 255, 'time_group': 253, 'time_groups': 255, 'history_edges': 60764, 'pos_edges': 308, 'neg_edges': 3080, 'loss_recent': 47.37599145889282, 'elapsed_sec': 304.39349238201976, 'avg_sec_per_batch': 1.2031363335257699, 'cuda_allocated_mb': 164, 'cuda_reserved_mb': 2362, 'cuda_max_allocated_mb': 2132}
{'event': 'train_time_group', 'epoch': 16, 'time_group': 255, 'time_groups': 255, 'batch': 254, 'batches': 255, 'time_value': 1410480000.0, 'group_batches': 1, 'history_edges': 61439, 'elapsed_sec': 305.910606443882, 'cuda_allocated_mb': 120, 'cuda_reserved_mb': 2362, 'cuda_max_allocated_mb': 2132}
{'event': 'train_progress', 'epoch': 16, 'batch': 255, 'batches': 255, 'time_group': 255, 'time_groups': 255, 'history_edges': 61439, 'pos_edges': 321, 'neg_edges': 3210, 'loss_recent': 47.5888641166687, 'elapsed_sec': 307.0895149111748, 'avg_sec_per_batch': 1.2042726074948031, 'cuda_allocated_mb': 166, 'cuda_reserved_mb': 2362, 'cuda_max_allocated_mb': 2132}
{'event': 'validation_start', 'epoch': 16}
{'event': 'validation_ranking_start', 'epoch': 16, 'max_edges': 50}
{'event': 'epoch_end', 'epoch': 16, 'early_stop_metric': 'val_composite', 'val_score': 0.27489292461728165, 'val_auc': 0.8890033753624914, 'val_ap': 0.4632828980553373, 'val_ndcg': 0.909684235958911, 'val_mrr': 0.09042825701474846, 'val_hits@1': 0.03, 'val_hits@10': 0.2, 'val_hits@50': 0.42, 'val_hits@100': 0.53, 'elapsed_sec': 631.3493993133307}
{'event': 'epoch_start', 'epoch': 17, 'epochs': 20, 'batches': 255, 'time_groups': 255}
{'event': 'train_time_group', 'epoch': 17, 'time_group': 1, 'time_groups': 255, 'batch': 0, 'batches': 255, 'time_value': 1388534400.0, 'group_batches': 1, 'history_edges': 0, 'elapsed_sec': 0.030406109988689423, 'cuda_allocated_mb': 120, 'cuda_reserved_mb': 2362, 'cuda_max_allocated_mb': 2132}
{'event': 'train_progress', 'epoch': 17, 'batch': 1, 'batches': 255, 'time_group': 1, 'time_groups': 255, 'history_edges': 0, 'pos_edges': 113, 'neg_edges': 1130, 'loss_recent': 263.866455078125, 'elapsed_sec': 0.7066699750721455, 'avg_sec_per_batch': 0.7066699750721455, 'cuda_allocated_mb': 137, 'cuda_reserved_mb': 2362, 'cuda_max_allocated_mb': 2132}
{'event': 'train_progress', 'epoch': 17, 'batch': 55, 'batches': 255, 'time_group': 55, 'time_groups': 255, 'history_edges': 12327, 'pos_edges': 319, 'neg_edges': 3190, 'loss_recent': 49.374379418113016, 'elapsed_sec': 61.6579156704247, 'avg_sec_per_batch': 1.12105301218954, 'cuda_allocated_mb': 164, 'cuda_reserved_mb': 2362, 'cuda_max_allocated_mb': 2132}
{'event': 'train_progress', 'epoch': 17, 'batch': 100, 'batches': 255, 'time_group': 100, 'time_groups': 255, 'history_edges': 23816, 'pos_edges': 259, 'neg_edges': 2590, 'loss_recent': 49.465671634674074, 'elapsed_sec': 118.34172689914703, 'avg_sec_per_batch': 1.1834172689914704, 'cuda_allocated_mb': 157, 'cuda_reserved_mb': 2362, 'cuda_max_allocated_mb': 2132}
{'event': 'train_progress', 'epoch': 17, 'batch': 150, 'batches': 255, 'time_group': 150, 'time_groups': 255, 'history_edges': 35965, 'pos_edges': 271, 'neg_edges': 2710, 'loss_recent': 48.64030979156494, 'elapsed_sec': 178.95936453714967, 'avg_sec_per_batch': 1.1930624302476645, 'cuda_allocated_mb': 160, 'cuda_reserved_mb': 2362, 'cuda_max_allocated_mb': 2132}
{'event': 'train_progress', 'epoch': 17, 'batch': 197, 'batches': 255, 'time_group': 197, 'time_groups': 255, 'history_edges': 47905, 'pos_edges': 283, 'neg_edges': 2830, 'loss_recent': 48.64687032699585, 'elapsed_sec': 240.27359657362103, 'avg_sec_per_batch': 1.21966292676965, 'cuda_allocated_mb': 162, 'cuda_reserved_mb': 2362, 'cuda_max_allocated_mb': 2132}
{'event': 'train_progress', 'epoch': 17, 'batch': 200, 'batches': 255, 'time_group': 200, 'time_groups': 255, 'history_edges': 48751, 'pos_edges': 162, 'neg_edges': 1620, 'loss_recent': 48.29295951843262, 'elapsed_sec': 243.99662804976106, 'avg_sec_per_batch': 1.2199831402488053, 'cuda_allocated_mb': 145, 'cuda_reserved_mb': 2362, 'cuda_max_allocated_mb': 2132}
{'event': 'train_progress', 'epoch': 17, 'batch': 254, 'batches': 255, 'time_group': 254, 'time_groups': 255, 'history_edges': 61072, 'pos_edges': 367, 'neg_edges': 3670, 'loss_recent': 47.35148303985596, 'elapsed_sec': 304.699036732316, 'avg_sec_per_batch': 1.1996025068201417, 'cuda_allocated_mb': 171, 'cuda_reserved_mb': 2362, 'cuda_max_allocated_mb': 2132}
{'event': 'train_time_group', 'epoch': 17, 'time_group': 255, 'time_groups': 255, 'batch': 254, 'batches': 255, 'time_value': 1410480000.0, 'group_batches': 1, 'history_edges': 61439, 'elapsed_sec': 304.7150135561824, 'cuda_allocated_mb': 120, 'cuda_reserved_mb': 2362, 'cuda_max_allocated_mb': 2132}
{'event': 'train_progress', 'epoch': 17, 'batch': 255, 'batches': 255, 'time_group': 255, 'time_groups': 255, 'history_edges': 61439, 'pos_edges': 321, 'neg_edges': 3210, 'loss_recent': 47.39437999725342, 'elapsed_sec': 306.4506283663213, 'avg_sec_per_batch': 1.2017671700640051, 'cuda_allocated_mb': 166, 'cuda_reserved_mb': 2362, 'cuda_max_allocated_mb': 2132}
{'event': 'validation_start', 'epoch': 17}
{'event': 'validation_ranking_start', 'epoch': 17, 'max_edges': 50}
{'event': 'epoch_end', 'epoch': 17, 'early_stop_metric': 'val_composite', 'val_score': 0.2885439225488554, 'val_auc': 0.8885126727131485, 'val_ap': 0.4683358910660732, 'val_ndcg': 0.9103573216463172, 'val_mrr': 0.09686686507055166, 'val_hits@1': 0.03, 'val_hits@10': 0.24, 'val_hits@50': 0.47, 'val_hits@100': 0.56, 'elapsed_sec': 630.3473838753998}
{'event': 'epoch_start', 'epoch': 18, 'epochs': 20, 'batches': 255, 'time_groups': 255}
{'event': 'train_time_group', 'epoch': 18, 'time_group': 1, 'time_groups': 255, 'batch': 0, 'batches': 255, 'time_value': 1388534400.0, 'group_batches': 1, 'history_edges': 0, 'elapsed_sec': 0.028277873992919922, 'cuda_allocated_mb': 120, 'cuda_reserved_mb': 2362, 'cuda_max_allocated_mb': 2132}
{'event': 'train_progress', 'epoch': 18, 'batch': 1, 'batches': 255, 'time_group': 1, 'time_groups': 255, 'history_edges': 0, 'pos_edges': 113, 'neg_edges': 1130, 'loss_recent': 281.8599548339844, 'elapsed_sec': 0.5665695033967495, 'avg_sec_per_batch': 0.5665695033967495, 'cuda_allocated_mb': 137, 'cuda_reserved_mb': 2362, 'cuda_max_allocated_mb': 2132}
{'event': 'train_progress', 'epoch': 18, 'batch': 54, 'batches': 255, 'time_group': 54, 'time_groups': 255, 'history_edges': 12145, 'pos_edges': 182, 'neg_edges': 1820, 'loss_recent': 49.50610817803277, 'elapsed_sec': 60.68100828304887, 'avg_sec_per_batch': 1.123722375612016, 'cuda_allocated_mb': 147, 'cuda_reserved_mb': 2362, 'cuda_max_allocated_mb': 2132}
{'event': 'train_progress', 'epoch': 18, 'batch': 100, 'batches': 255, 'time_group': 100, 'time_groups': 255, 'history_edges': 23816, 'pos_edges': 259, 'neg_edges': 2590, 'loss_recent': 49.63243059158325, 'elapsed_sec': 117.55333383008838, 'avg_sec_per_batch': 1.1755333383008837, 'cuda_allocated_mb': 158, 'cuda_reserved_mb': 2362, 'cuda_max_allocated_mb': 2132}
{'event': 'train_progress', 'epoch': 18, 'batch': 151, 'batches': 255, 'time_group': 151, 'time_groups': 255, 'history_edges': 36236, 'pos_edges': 167, 'neg_edges': 1670, 'loss_recent': 48.25071256637573, 'elapsed_sec': 178.3647908270359, 'avg_sec_per_batch': 1.181223780311496, 'cuda_allocated_mb': 145, 'cuda_reserved_mb': 2362, 'cuda_max_allocated_mb': 2132}
{'event': 'train_progress', 'epoch': 18, 'batch': 199, 'batches': 255, 'time_group': 199, 'time_groups': 255, 'history_edges': 48469, 'pos_edges': 282, 'neg_edges': 2820, 'loss_recent': 48.54033060073853, 'elapsed_sec': 239.24100698158145, 'avg_sec_per_batch': 1.202216115485334, 'cuda_allocated_mb': 161, 'cuda_reserved_mb': 2362, 'cuda_max_allocated_mb': 2132}
{'event': 'train_progress', 'epoch': 18, 'batch': 200, 'batches': 255, 'time_group': 200, 'time_groups': 255, 'history_edges': 48751, 'pos_edges': 162, 'neg_edges': 1620, 'loss_recent': 48.32740776062012, 'elapsed_sec': 240.15992387384176, 'avg_sec_per_batch': 1.2007996193692088, 'cuda_allocated_mb': 145, 'cuda_reserved_mb': 2362, 'cuda_max_allocated_mb': 2132}
{'event': 'train_progress', 'epoch': 18, 'batch': 254, 'batches': 255, 'time_group': 254, 'time_groups': 255, 'history_edges': 61072, 'pos_edges': 367, 'neg_edges': 3670, 'loss_recent': 47.39561275482178, 'elapsed_sec': 301.7814289778471, 'avg_sec_per_batch': 1.1881158621175083, 'cuda_allocated_mb': 171, 'cuda_reserved_mb': 2362, 'cuda_max_allocated_mb': 2132}
{'event': 'train_time_group', 'epoch': 18, 'time_group': 255, 'time_groups': 255, 'batch': 254, 'batches': 255, 'time_value': 1410480000.0, 'group_batches': 1, 'history_edges': 61439, 'elapsed_sec': 301.79916643723845, 'cuda_allocated_mb': 120, 'cuda_reserved_mb': 2362, 'cuda_max_allocated_mb': 2132}
{'event': 'train_progress', 'epoch': 18, 'batch': 255, 'batches': 255, 'time_group': 255, 'time_groups': 255, 'history_edges': 61439, 'pos_edges': 321, 'neg_edges': 3210, 'loss_recent': 47.43700233459472, 'elapsed_sec': 303.071464497596, 'avg_sec_per_batch': 1.1885155470493962, 'cuda_allocated_mb': 166, 'cuda_reserved_mb': 2362, 'cuda_max_allocated_mb': 2132}
{'event': 'validation_start', 'epoch': 18}
{'event': 'validation_ranking_start', 'epoch': 18, 'max_edges': 50}
{'event': 'epoch_end', 'epoch': 18, 'early_stop_metric': 'val_composite', 'val_score': 0.3042324096153729, 'val_auc': 0.8884431308641841, 'val_ap': 0.4799531054679765, 'val_ndcg': 0.9118831305261591, 'val_mrr': 0.13094125887789523, 'val_hits@1': 0.08, 'val_hits@10': 0.23, 'val_hits@50': 0.45, 'val_hits@100': 0.58, 'elapsed_sec': 630.2877296619117}
{'event': 'epoch_start', 'epoch': 19, 'epochs': 20, 'batches': 255, 'time_groups': 255}
{'event': 'train_time_group', 'epoch': 19, 'time_group': 1, 'time_groups': 255, 'batch': 0, 'batches': 255, 'time_value': 1388534400.0, 'group_batches': 1, 'history_edges': 0, 'elapsed_sec': 0.03114079311490059, 'cuda_allocated_mb': 120, 'cuda_reserved_mb': 2362, 'cuda_max_allocated_mb': 2132}
{'event': 'train_progress', 'epoch': 19, 'batch': 1, 'batches': 255, 'time_group': 1, 'time_groups': 255, 'history_edges': 0, 'pos_edges': 113, 'neg_edges': 1130, 'loss_recent': 301.9510192871094, 'elapsed_sec': 0.557703722268343, 'avg_sec_per_batch': 0.557703722268343, 'cuda_allocated_mb': 136, 'cuda_reserved_mb': 2362, 'cuda_max_allocated_mb': 2132}
{'event': 'train_progress', 'epoch': 19, 'batch': 54, 'batches': 255, 'time_group': 54, 'time_groups': 255, 'history_edges': 12145, 'pos_edges': 182, 'neg_edges': 1820, 'loss_recent': 49.85217203917327, 'elapsed_sec': 61.03363700211048, 'avg_sec_per_batch': 1.13025253707612, 'cuda_allocated_mb': 148, 'cuda_reserved_mb': 2362, 'cuda_max_allocated_mb': 2132}
{'event': 'train_progress', 'epoch': 19, 'batch': 100, 'batches': 255, 'time_group': 100, 'time_groups': 255, 'history_edges': 23816, 'pos_edges': 259, 'neg_edges': 2590, 'loss_recent': 49.84091901779175, 'elapsed_sec': 117.90399491041899, 'avg_sec_per_batch': 1.1790399491041899, 'cuda_allocated_mb': 158, 'cuda_reserved_mb': 2362, 'cuda_max_allocated_mb': 2132}
{'event': 'train_progress', 'epoch': 19, 'batch': 150, 'batches': 255, 'time_group': 150, 'time_groups': 255, 'history_edges': 35965, 'pos_edges': 271, 'neg_edges': 2710, 'loss_recent': 48.73087665557861, 'elapsed_sec': 178.34393288195133, 'avg_sec_per_batch': 1.1889595525463421, 'cuda_allocated_mb': 160, 'cuda_reserved_mb': 2362, 'cuda_max_allocated_mb': 2132}
{'event': 'train_progress', 'epoch': 19, 'batch': 199, 'batches': 255, 'time_group': 199, 'time_groups': 255, 'history_edges': 48469, 'pos_edges': 282, 'neg_edges': 2820, 'loss_recent': 48.56978588104248, 'elapsed_sec': 238.87488209083676, 'avg_sec_per_batch': 1.2003762919137526, 'cuda_allocated_mb': 160, 'cuda_reserved_mb': 2362, 'cuda_max_allocated_mb': 2132}
{'event': 'train_progress', 'epoch': 19, 'batch': 200, 'batches': 255, 'time_group': 200, 'time_groups': 255, 'history_edges': 48751, 'pos_edges': 162, 'neg_edges': 1620, 'loss_recent': 48.36393476486206, 'elapsed_sec': 239.474557377398, 'avg_sec_per_batch': 1.1973727868869901, 'cuda_allocated_mb': 145, 'cuda_reserved_mb': 2362, 'cuda_max_allocated_mb': 2132}
{'event': 'train_progress', 'epoch': 19, 'batch': 254, 'batches': 255, 'time_group': 254, 'time_groups': 255, 'history_edges': 61072, 'pos_edges': 367, 'neg_edges': 3670, 'loss_recent': 47.39051836013794, 'elapsed_sec': 300.9931448549032, 'avg_sec_per_batch': 1.1850123813185167, 'cuda_allocated_mb': 171, 'cuda_reserved_mb': 2362, 'cuda_max_allocated_mb': 2132}
{'event': 'train_time_group', 'epoch': 19, 'time_group': 255, 'time_groups': 255, 'batch': 254, 'batches': 255, 'time_value': 1410480000.0, 'group_batches': 1, 'history_edges': 61439, 'elapsed_sec': 301.0140008479357, 'cuda_allocated_mb': 120, 'cuda_reserved_mb': 2362, 'cuda_max_allocated_mb': 2132}
{'event': 'train_progress', 'epoch': 19, 'batch': 255, 'batches': 255, 'time_group': 255, 'time_groups': 255, 'history_edges': 61439, 'pos_edges': 321, 'neg_edges': 3210, 'loss_recent': 47.437167682647704, 'elapsed_sec': 302.48845982924104, 'avg_sec_per_batch': 1.1862292542323178, 'cuda_allocated_mb': 165, 'cuda_reserved_mb': 2362, 'cuda_max_allocated_mb': 2132}
{'event': 'validation_start', 'epoch': 19}
{'event': 'validation_ranking_start', 'epoch': 19, 'max_edges': 50}
{'event': 'epoch_end', 'epoch': 19, 'early_stop_metric': 'val_composite', 'val_score': 0.2823284569271591, 'val_auc': 0.886914722258291, 'val_ap': 0.4815897050802357, 'val_ndcg': 0.9125714422149224, 'val_mrr': 0.1022645561607837, 'val_hits@1': 0.06, 'val_hits@10': 0.2, 'val_hits@50': 0.44, 'val_hits@100': 0.57, 'elapsed_sec': 628.208391610533}
{'event': 'epoch_start', 'epoch': 20, 'epochs': 20, 'batches': 255, 'time_groups': 255}
{'event': 'train_time_group', 'epoch': 20, 'time_group': 1, 'time_groups': 255, 'batch': 0, 'batches': 255, 'time_value': 1388534400.0, 'group_batches': 1, 'history_edges': 0, 'elapsed_sec': 0.032551445066928864, 'cuda_allocated_mb': 120, 'cuda_reserved_mb': 2362, 'cuda_max_allocated_mb': 2132}
{'event': 'train_progress', 'epoch': 20, 'batch': 1, 'batches': 255, 'time_group': 1, 'time_groups': 255, 'history_edges': 0, 'pos_edges': 113, 'neg_edges': 1130, 'loss_recent': 311.80755615234375, 'elapsed_sec': 0.5713507048785686, 'avg_sec_per_batch': 0.5713507048785686, 'cuda_allocated_mb': 137, 'cuda_reserved_mb': 2362, 'cuda_max_allocated_mb': 2132}
{'event': 'train_progress', 'epoch': 20, 'batch': 53, 'batches': 255, 'time_group': 53, 'time_groups': 255, 'history_edges': 11959, 'pos_edges': 186, 'neg_edges': 1860, 'loss_recent': 50.229584567951704, 'elapsed_sec': 60.59243005141616, 'avg_sec_per_batch': 1.1432533971965313, 'cuda_allocated_mb': 148, 'cuda_reserved_mb': 2362, 'cuda_max_allocated_mb': 2132}
{'event': 'train_progress', 'epoch': 20, 'batch': 100, 'batches': 255, 'time_group': 100, 'time_groups': 255, 'history_edges': 23816, 'pos_edges': 259, 'neg_edges': 2590, 'loss_recent': 49.8638592338562, 'elapsed_sec': 118.38815384730697, 'avg_sec_per_batch': 1.1838815384730697, 'cuda_allocated_mb': 159, 'cuda_reserved_mb': 2362, 'cuda_max_allocated_mb': 2132}
{'event': 'train_progress', 'epoch': 20, 'batch': 148, 'batches': 255, 'time_group': 148, 'time_groups': 255, 'history_edges': 35325, 'pos_edges': 313, 'neg_edges': 3130, 'loss_recent': 48.71302495956421, 'elapsed_sec': 178.50705537572503, 'avg_sec_per_batch': 1.2061287525386826, 'cuda_allocated_mb': 165, 'cuda_reserved_mb': 2362, 'cuda_max_allocated_mb': 2132}
{'event': 'train_progress', 'epoch': 20, 'batch': 196, 'batches': 255, 'time_group': 196, 'time_groups': 255, 'history_edges': 47593, 'pos_edges': 312, 'neg_edges': 3120, 'loss_recent': 48.59051805496216, 'elapsed_sec': 238.70278880372643, 'avg_sec_per_batch': 1.217871371447584, 'cuda_allocated_mb': 164, 'cuda_reserved_mb': 2362, 'cuda_max_allocated_mb': 2132}
{'event': 'train_progress', 'epoch': 20, 'batch': 200, 'batches': 255, 'time_group': 200, 'time_groups': 255, 'history_edges': 48751, 'pos_edges': 162, 'neg_edges': 1620, 'loss_recent': 48.278252353668215, 'elapsed_sec': 243.7382197715342, 'avg_sec_per_batch': 1.2186910988576711, 'cuda_allocated_mb': 144, 'cuda_reserved_mb': 2362, 'cuda_max_allocated_mb': 2132}
{'event': 'train_progress', 'epoch': 20, 'batch': 254, 'batches': 255, 'time_group': 254, 'time_groups': 255, 'history_edges': 61072, 'pos_edges': 367, 'neg_edges': 3670, 'loss_recent': 47.264541206359866, 'elapsed_sec': 305.0526670962572, 'avg_sec_per_batch': 1.2009947523474693, 'cuda_allocated_mb': 170, 'cuda_reserved_mb': 2362, 'cuda_max_allocated_mb': 2132}
{'event': 'train_time_group', 'epoch': 20, 'time_group': 255, 'time_groups': 255, 'batch': 254, 'batches': 255, 'time_value': 1410480000.0, 'group_batches': 1, 'history_edges': 61439, 'elapsed_sec': 305.076127640903, 'cuda_allocated_mb': 120, 'cuda_reserved_mb': 2362, 'cuda_max_allocated_mb': 2132}
{'event': 'train_progress', 'epoch': 20, 'batch': 255, 'batches': 255, 'time_group': 255, 'time_groups': 255, 'history_edges': 61439, 'pos_edges': 321, 'neg_edges': 3210, 'loss_recent': 47.29787784576416, 'elapsed_sec': 306.3935484960675, 'avg_sec_per_batch': 1.201543327435559, 'cuda_allocated_mb': 165, 'cuda_reserved_mb': 2362, 'cuda_max_allocated_mb': 2132}
{'event': 'validation_start', 'epoch': 20}
{'event': 'validation_ranking_start', 'epoch': 20, 'max_edges': 50}
{'event': 'epoch_end', 'epoch': 20, 'early_stop_metric': 'val_composite', 'val_score': 0.3275052380798769, 'val_auc': 0.8861363734476895, 'val_ap': 0.4801359949229549, 'val_ndcg': 0.9124029897618109, 'val_mrr': 0.15814236514085594, 'val_hits@1': 0.11, 'val_hits@10': 0.27, 'val_hits@50': 0.51, 'val_hits@100': 0.63, 'elapsed_sec': 624.8128242939711}
{'dataset': 'icews14', 'method': 'ssptgfm', 'scenario': 'standard', 'ablation': 'full', 'few_shot_ratio': 1.0, 'seed': 2, 'train_edges': 61760, 'val_edges': 14592, 'test_edges': 14378, 'params_trainable': 4610448, 'params_total': 4610448, 'rough_forward_flops': 4794548224, 'train_eval_time_sec': 13880.988033328205, 'allocated_mb': 62.212890625, 'reserved_mb': 2362.0, 'max_allocated_mb': 2132.4619140625, 'val_auc': 0.8861363754202014, 'val_ap': 0.4801360340229944, 'val_ndcg': 0.9124029963985055, 'val_mrr': 0.15814236514085594, 'val_hits@1': 0.11, 'val_hits@10': 0.27, 'val_hits@50': 0.51, 'val_hits@100': 0.63, 'train_loss': 48.280294440774355, 'train_lp': 0.14033344469818415, 'train_align': 9391.171524586398, 'train_kl': 11812.463356287339, 'train_ood_reg': 0.233825403101304, 'train_meta': 0.5248676119481817, 'train_weighted_align': 46.95585664487353, 'train_weighted_kl': 1.1812462852719952, 'train_weighted_ood_reg': 0.00023382541434793715, 'train_weighted_meta': 0.002624338001295851, 'test_auc': 0.892301143570664, 'test_ap': 0.45877670262083264, 'test_ndcg': 0.9090985168291218, 'test_mrr': 0.12449414118721876, 'test_hits@1': 0.075, 'test_hits@10': 0.2125, 'test_hits@50': 0.4275, 'test_hits@100': 0.525}
