runtime_device=cuda
cuda_device=Tesla V100-PCIE-32GB
{'event': 'seed_start', 'dataset': 'icews14', 'ablation': 'full', 'seed': 4, 'device': 'cuda', 'node_text_device': 'cuda:0'}
{'event': 'train_seed_start', 'seed': 4, 'train_edges': 61760, 'val_edges': 14592, 'test_edges': 14378, 'num_nodes': 7128, 'num_relations': 230}
{'event': 'train_seed_tensors_ready', 'seed': 4, 'elapsed_sec': 0.019581928849220276, 'cuda_allocated_mb': 28, 'cuda_reserved_mb': 44, 'cuda_max_allocated_mb': 28}
{'event': 'train_known_facts_ready', 'seed': 4, 'scope': 'train', 'edges': 61760, 'elapsed_sec': 0.027028270065784454}
{'event': 'train_known_facts_ready', 'seed': 4, 'scope': 'train_val', 'edges': 76352, 'elapsed_sec': 0.03398742154240608}
{'event': 'train_sampler_ready', 'seed': 4, 'elapsed_sec': 0.03855898231267929}
{'event': 'val_sampler_ready', 'seed': 4, 'elapsed_sec': 0.042458198964595795}
{'event': 'epoch_start', 'epoch': 1, 'epochs': 20, 'batches': 255, 'time_groups': 255}
{'event': 'train_time_group', 'epoch': 1, 'time_group': 1, 'time_groups': 255, 'batch': 0, 'batches': 255, 'time_value': 1388534400.0, 'group_batches': 1, 'history_edges': 0, 'elapsed_sec': 0.02598109096288681, 'cuda_allocated_mb': 30, 'cuda_reserved_mb': 46, 'cuda_max_allocated_mb': 30}
{'event': 'train_progress', 'epoch': 1, 'batch': 1, 'batches': 255, 'time_group': 1, 'time_groups': 255, 'history_edges': 0, 'pos_edges': 113, 'neg_edges': 1130, 'loss_recent': 45.75856018066406, 'elapsed_sec': 1.7604652866721153, 'avg_sec_per_batch': 1.7604652866721153, 'cuda_allocated_mb': 135, 'cuda_reserved_mb': 348, 'cuda_max_allocated_mb': 323}
{'event': 'train_progress', 'epoch': 1, 'batch': 53, 'batches': 255, 'time_group': 53, 'time_groups': 255, 'history_edges': 11959, 'pos_edges': 186, 'neg_edges': 1860, 'loss_recent': 83.9152567161704, 'elapsed_sec': 61.88268257305026, 'avg_sec_per_batch': 1.1675977843971748, 'cuda_allocated_mb': 147, 'cuda_reserved_mb': 1146, 'cuda_max_allocated_mb': 1054}
{'event': 'train_progress', 'epoch': 1, 'batch': 100, 'batches': 255, 'time_group': 100, 'time_groups': 255, 'history_edges': 23816, 'pos_edges': 259, 'neg_edges': 2590, 'loss_recent': 86.0374588394165, 'elapsed_sec': 120.30488797277212, 'avg_sec_per_batch': 1.2030488797277212, 'cuda_allocated_mb': 159, 'cuda_reserved_mb': 1366, 'cuda_max_allocated_mb': 1283}
{'event': 'train_progress', 'epoch': 1, 'batch': 150, 'batches': 255, 'time_group': 150, 'time_groups': 255, 'history_edges': 35965, 'pos_edges': 271, 'neg_edges': 2710, 'loss_recent': 85.59947917938233, 'elapsed_sec': 180.9911475367844, 'avg_sec_per_batch': 1.2066076502452294, 'cuda_allocated_mb': 160, 'cuda_reserved_mb': 1666, 'cuda_max_allocated_mb': 1585}
{'event': 'train_progress', 'epoch': 1, 'batch': 199, 'batches': 255, 'time_group': 199, 'time_groups': 255, 'history_edges': 48469, 'pos_edges': 282, 'neg_edges': 2820, 'loss_recent': 81.00059146881104, 'elapsed_sec': 241.16737309470773, 'avg_sec_per_batch': 1.2118963472095865, 'cuda_allocated_mb': 160, 'cuda_reserved_mb': 1886, 'cuda_max_allocated_mb': 1773}
{'event': 'train_progress', 'epoch': 1, 'batch': 200, 'batches': 255, 'time_group': 200, 'time_groups': 255, 'history_edges': 48751, 'pos_edges': 162, 'neg_edges': 1620, 'loss_recent': 80.59075096130371, 'elapsed_sec': 241.93973876163363, 'avg_sec_per_batch': 1.2096986938081682, 'cuda_allocated_mb': 146, 'cuda_reserved_mb': 1886, 'cuda_max_allocated_mb': 1773}
{'event': 'train_progress', 'epoch': 1, 'batch': 253, 'batches': 255, 'time_group': 253, 'time_groups': 255, 'history_edges': 60764, 'pos_edges': 308, 'neg_edges': 3080, 'loss_recent': 73.00372444152832, 'elapsed_sec': 302.3490921780467, 'avg_sec_per_batch': 1.195055700308485, 'cuda_allocated_mb': 164, 'cuda_reserved_mb': 2188, 'cuda_max_allocated_mb': 2038}
{'event': 'train_time_group', 'epoch': 1, 'time_group': 255, 'time_groups': 255, 'batch': 254, 'batches': 255, 'time_value': 1410480000.0, 'group_batches': 1, 'history_edges': 61439, 'elapsed_sec': 303.79279179498553, 'cuda_allocated_mb': 120, 'cuda_reserved_mb': 2248, 'cuda_max_allocated_mb': 2127}
{'event': 'train_progress', 'epoch': 1, 'batch': 255, 'batches': 255, 'time_group': 255, 'time_groups': 255, 'history_edges': 61439, 'pos_edges': 321, 'neg_edges': 3210, 'loss_recent': 72.99663520812989, 'elapsed_sec': 305.48449951037765, 'avg_sec_per_batch': 1.1979784294524614, 'cuda_allocated_mb': 167, 'cuda_reserved_mb': 2248, 'cuda_max_allocated_mb': 2127}
{'event': 'validation_start', 'epoch': 1}
{'event': 'validation_ranking_start', 'epoch': 1, 'max_edges': 50}
{'event': 'epoch_end', 'epoch': 1, 'early_stop_metric': 'val_composite', 'val_score': 0.18281066474331253, 'val_auc': 0.8720458390742825, 'val_ap': 0.264418814092467, 'val_ndcg': 0.8617627562376067, 'val_mrr': 0.03612381494584693, 'val_hits@1': 0.03, 'val_hits@10': 0.03, 'val_hits@50': 0.09, 'val_hits@100': 0.21, 'elapsed_sec': 629.6918420940638}
{'event': 'epoch_start', 'epoch': 2, 'epochs': 20, 'batches': 255, 'time_groups': 255}
{'event': 'train_time_group', 'epoch': 2, 'time_group': 1, 'time_groups': 255, 'batch': 0, 'batches': 255, 'time_value': 1388534400.0, 'group_batches': 1, 'history_edges': 0, 'elapsed_sec': 0.029144708067178726, 'cuda_allocated_mb': 120, 'cuda_reserved_mb': 2344, 'cuda_max_allocated_mb': 2127}
{'event': 'train_progress', 'epoch': 2, 'batch': 1, 'batches': 255, 'time_group': 1, 'time_groups': 255, 'history_edges': 0, 'pos_edges': 113, 'neg_edges': 1130, 'loss_recent': 44.38117218017578, 'elapsed_sec': 0.5722781457006931, 'avg_sec_per_batch': 0.5722781457006931, 'cuda_allocated_mb': 136, 'cuda_reserved_mb': 2344, 'cuda_max_allocated_mb': 2127}
{'event': 'train_progress', 'epoch': 2, 'batch': 54, 'batches': 255, 'time_group': 54, 'time_groups': 255, 'history_edges': 12145, 'pos_edges': 182, 'neg_edges': 1820, 'loss_recent': 67.49388673570421, 'elapsed_sec': 61.379365250468254, 'avg_sec_per_batch': 1.1366549120457083, 'cuda_allocated_mb': 147, 'cuda_reserved_mb': 2344, 'cuda_max_allocated_mb': 2127}
{'event': 'train_progress', 'epoch': 2, 'batch': 100, 'batches': 255, 'time_group': 100, 'time_groups': 255, 'history_edges': 23816, 'pos_edges': 259, 'neg_edges': 2590, 'loss_recent': 67.38781589508056, 'elapsed_sec': 119.89285370707512, 'avg_sec_per_batch': 1.1989285370707512, 'cuda_allocated_mb': 157, 'cuda_reserved_mb': 2344, 'cuda_max_allocated_mb': 2127}
{'event': 'train_progress', 'epoch': 2, 'batch': 149, 'batches': 255, 'time_group': 149, 'time_groups': 255, 'history_edges': 35638, 'pos_edges': 327, 'neg_edges': 3270, 'loss_recent': 64.14791919708252, 'elapsed_sec': 181.31396961212158, 'avg_sec_per_batch': 1.2168722792759838, 'cuda_allocated_mb': 166, 'cuda_reserved_mb': 2344, 'cuda_max_allocated_mb': 2127}
{'event': 'train_progress', 'epoch': 2, 'batch': 197, 'batches': 255, 'time_group': 197, 'time_groups': 255, 'history_edges': 47905, 'pos_edges': 283, 'neg_edges': 2830, 'loss_recent': 60.69840797424317, 'elapsed_sec': 242.58481660485268, 'avg_sec_per_batch': 1.2313950081464602, 'cuda_allocated_mb': 163, 'cuda_reserved_mb': 2344, 'cuda_max_allocated_mb': 2127}
{'event': 'train_progress', 'epoch': 2, 'batch': 200, 'batches': 255, 'time_group': 200, 'time_groups': 255, 'history_edges': 48751, 'pos_edges': 162, 'neg_edges': 1620, 'loss_recent': 60.147338981628415, 'elapsed_sec': 246.08190862834454, 'avg_sec_per_batch': 1.2304095431417226, 'cuda_allocated_mb': 145, 'cuda_reserved_mb': 2344, 'cuda_max_allocated_mb': 2127}
{'event': 'train_progress', 'epoch': 2, 'batch': 252, 'batches': 255, 'time_group': 252, 'time_groups': 255, 'history_edges': 60452, 'pos_edges': 312, 'neg_edges': 3120, 'loss_recent': 56.61439525604248, 'elapsed_sec': 306.22123934701085, 'avg_sec_per_batch': 1.215163648202424, 'cuda_allocated_mb': 165, 'cuda_reserved_mb': 2344, 'cuda_max_allocated_mb': 2127}
{'event': 'train_time_group', 'epoch': 2, 'time_group': 255, 'time_groups': 255, 'batch': 254, 'batches': 255, 'time_value': 1410480000.0, 'group_batches': 1, 'history_edges': 61439, 'elapsed_sec': 308.8802242577076, 'cuda_allocated_mb': 120, 'cuda_reserved_mb': 2344, 'cuda_max_allocated_mb': 2127}
{'event': 'train_progress', 'epoch': 2, 'batch': 255, 'batches': 255, 'time_group': 255, 'time_groups': 255, 'history_edges': 61439, 'pos_edges': 321, 'neg_edges': 3210, 'loss_recent': 56.83340435028076, 'elapsed_sec': 309.68586963787675, 'avg_sec_per_batch': 1.2144543907367715, 'cuda_allocated_mb': 166, 'cuda_reserved_mb': 2344, 'cuda_max_allocated_mb': 2127}
{'event': 'validation_start', 'epoch': 2}
{'event': 'validation_ranking_start', 'epoch': 2, 'max_edges': 50}
{'event': 'epoch_end', 'epoch': 2, 'early_stop_metric': 'val_composite', 'val_score': 0.16634127466420479, 'val_auc': 0.8751847993868906, 'val_ap': 0.28082479654187126, 'val_ndcg': 0.86460611550045, 'val_mrr': 0.008962150203968164, 'val_hits@1': 0.0, 'val_hits@10': 0.01, 'val_hits@50': 0.08, 'val_hits@100': 0.2, 'elapsed_sec': 641.8040718697011}
{'event': 'epoch_start', 'epoch': 3, 'epochs': 20, 'batches': 255, 'time_groups': 255}
{'event': 'train_time_group', 'epoch': 3, 'time_group': 1, 'time_groups': 255, 'batch': 0, 'batches': 255, 'time_value': 1388534400.0, 'group_batches': 1, 'history_edges': 0, 'elapsed_sec': 0.03129396587610245, 'cuda_allocated_mb': 120, 'cuda_reserved_mb': 2344, 'cuda_max_allocated_mb': 2127}
{'event': 'train_progress', 'epoch': 3, 'batch': 1, 'batches': 255, 'time_group': 1, 'time_groups': 255, 'history_edges': 0, 'pos_edges': 113, 'neg_edges': 1130, 'loss_recent': 50.7878303527832, 'elapsed_sec': 0.7534523271024227, 'avg_sec_per_batch': 0.7534523271024227, 'cuda_allocated_mb': 137, 'cuda_reserved_mb': 2344, 'cuda_max_allocated_mb': 2127}
{'event': 'train_progress', 'epoch': 3, 'batch': 52, 'batches': 255, 'time_group': 52, 'time_groups': 255, 'history_edges': 11642, 'pos_edges': 317, 'neg_edges': 3170, 'loss_recent': 56.43176885751578, 'elapsed_sec': 61.940681390464306, 'avg_sec_per_batch': 1.1911669498166213, 'cuda_allocated_mb': 164, 'cuda_reserved_mb': 2344, 'cuda_max_allocated_mb': 2127}
{'event': 'train_progress', 'epoch': 3, 'batch': 100, 'batches': 255, 'time_group': 100, 'time_groups': 255, 'history_edges': 23816, 'pos_edges': 259, 'neg_edges': 2590, 'loss_recent': 56.45996646881103, 'elapsed_sec': 122.90776092931628, 'avg_sec_per_batch': 1.2290776092931628, 'cuda_allocated_mb': 159, 'cuda_reserved_mb': 2344, 'cuda_max_allocated_mb': 2127}
{'event': 'train_progress', 'epoch': 3, 'batch': 148, 'batches': 255, 'time_group': 148, 'time_groups': 255, 'history_edges': 35325, 'pos_edges': 313, 'neg_edges': 3130, 'loss_recent': 55.36185039520264, 'elapsed_sec': 183.28622015938163, 'avg_sec_per_batch': 1.2384204064823083, 'cuda_allocated_mb': 164, 'cuda_reserved_mb': 2344, 'cuda_max_allocated_mb': 2127}
{'event': 'train_progress', 'epoch': 3, 'batch': 196, 'batches': 255, 'time_group': 196, 'time_groups': 255, 'history_edges': 47593, 'pos_edges': 312, 'neg_edges': 3120, 'loss_recent': 54.2358045387268, 'elapsed_sec': 244.01324412226677, 'avg_sec_per_batch': 1.244965531236055, 'cuda_allocated_mb': 165, 'cuda_reserved_mb': 2344, 'cuda_max_allocated_mb': 2127}
{'event': 'train_progress', 'epoch': 3, 'batch': 200, 'batches': 255, 'time_group': 200, 'time_groups': 255, 'history_edges': 48751, 'pos_edges': 162, 'neg_edges': 1620, 'loss_recent': 53.859708881378175, 'elapsed_sec': 249.35958467796445, 'avg_sec_per_batch': 1.2467979233898223, 'cuda_allocated_mb': 145, 'cuda_reserved_mb': 2344, 'cuda_max_allocated_mb': 2127}
{'event': 'train_time_group', 'epoch': 3, 'time_group': 252, 'time_groups': 255, 'batch': 251, 'batches': 255, 'time_value': 1410220800.0, 'group_batches': 1, 'history_edges': 60452, 'elapsed_sec': 309.3666466847062, 'cuda_allocated_mb': 120, 'cuda_reserved_mb': 2344, 'cuda_max_allocated_mb': 2127}
{'event': 'train_time_group', 'epoch': 3, 'time_group': 255, 'time_groups': 255, 'batch': 254, 'batches': 255, 'time_value': 1410480000.0, 'group_batches': 1, 'history_edges': 61439, 'elapsed_sec': 314.8569520674646, 'cuda_allocated_mb': 120, 'cuda_reserved_mb': 2344, 'cuda_max_allocated_mb': 2128}
{'event': 'train_progress', 'epoch': 3, 'batch': 255, 'batches': 255, 'time_group': 255, 'time_groups': 255, 'history_edges': 61439, 'pos_edges': 321, 'neg_edges': 3210, 'loss_recent': 52.39134677886963, 'elapsed_sec': 316.3727954439819, 'avg_sec_per_batch': 1.2406776291920858, 'cuda_allocated_mb': 164, 'cuda_reserved_mb': 2344, 'cuda_max_allocated_mb': 2128}
{'event': 'validation_start', 'epoch': 3}
{'event': 'validation_ranking_start', 'epoch': 3, 'max_edges': 50}
{'event': 'epoch_end', 'epoch': 3, 'early_stop_metric': 'val_composite', 'val_score': 0.17276255051312317, 'val_auc': 0.8743222803906611, 'val_ap': 0.28453389693640874, 'val_ndcg': 0.8650539950316616, 'val_mrr': 0.016321637521766262, 'val_hits@1': 0.0, 'val_hits@10': 0.02, 'val_hits@50': 0.07, 'val_hits@100': 0.25, 'elapsed_sec': 642.5451109595597}
{'event': 'epoch_start', 'epoch': 4, 'epochs': 20, 'batches': 255, 'time_groups': 255}
{'event': 'train_time_group', 'epoch': 4, 'time_group': 1, 'time_groups': 255, 'batch': 0, 'batches': 255, 'time_value': 1388534400.0, 'group_batches': 1, 'history_edges': 0, 'elapsed_sec': 0.03172923997044563, 'cuda_allocated_mb': 120, 'cuda_reserved_mb': 2344, 'cuda_max_allocated_mb': 2128}
{'event': 'train_progress', 'epoch': 4, 'batch': 1, 'batches': 255, 'time_group': 1, 'time_groups': 255, 'history_edges': 0, 'pos_edges': 113, 'neg_edges': 1130, 'loss_recent': 64.23063659667969, 'elapsed_sec': 0.5954523682594299, 'avg_sec_per_batch': 0.5954523682594299, 'cuda_allocated_mb': 137, 'cuda_reserved_mb': 2344, 'cuda_max_allocated_mb': 2128}
{'event': 'train_progress', 'epoch': 4, 'batch': 53, 'batches': 255, 'time_group': 53, 'time_groups': 255, 'history_edges': 11959, 'pos_edges': 186, 'neg_edges': 1860, 'loss_recent': 51.55191299150575, 'elapsed_sec': 60.657964549958706, 'avg_sec_per_batch': 1.1444898971690323, 'cuda_allocated_mb': 147, 'cuda_reserved_mb': 2344, 'cuda_max_allocated_mb': 2128}
{'event': 'train_progress', 'epoch': 4, 'batch': 100, 'batches': 255, 'time_group': 100, 'time_groups': 255, 'history_edges': 23816, 'pos_edges': 259, 'neg_edges': 2590, 'loss_recent': 52.49311769485474, 'elapsed_sec': 118.11948554962873, 'avg_sec_per_batch': 1.1811948554962874, 'cuda_allocated_mb': 158, 'cuda_reserved_mb': 2344, 'cuda_max_allocated_mb': 2128}
{'event': 'train_progress', 'epoch': 4, 'batch': 149, 'batches': 255, 'time_group': 149, 'time_groups': 255, 'history_edges': 35638, 'pos_edges': 327, 'neg_edges': 3270, 'loss_recent': 52.363028373718265, 'elapsed_sec': 178.69189350679517, 'avg_sec_per_batch': 1.1992744530657393, 'cuda_allocated_mb': 166, 'cuda_reserved_mb': 2344, 'cuda_max_allocated_mb': 2128}
{'event': 'train_progress', 'epoch': 4, 'batch': 199, 'batches': 255, 'time_group': 199, 'time_groups': 255, 'history_edges': 48469, 'pos_edges': 282, 'neg_edges': 2820, 'loss_recent': 51.45870496749878, 'elapsed_sec': 238.85058149695396, 'avg_sec_per_batch': 1.2002541783766532, 'cuda_allocated_mb': 161, 'cuda_reserved_mb': 2344, 'cuda_max_allocated_mb': 2128}
{'event': 'train_progress', 'epoch': 4, 'batch': 200, 'batches': 255, 'time_group': 200, 'time_groups': 255, 'history_edges': 48751, 'pos_edges': 162, 'neg_edges': 1620, 'loss_recent': 51.24530317306519, 'elapsed_sec': 239.94933111220598, 'avg_sec_per_batch': 1.1997466555610299, 'cuda_allocated_mb': 146, 'cuda_reserved_mb': 2344, 'cuda_max_allocated_mb': 2128}
{'event': 'train_progress', 'epoch': 4, 'batch': 254, 'batches': 255, 'time_group': 254, 'time_groups': 255, 'history_edges': 61072, 'pos_edges': 367, 'neg_edges': 3670, 'loss_recent': 49.76386526107788, 'elapsed_sec': 300.7911076322198, 'avg_sec_per_batch': 1.1842169591819678, 'cuda_allocated_mb': 170, 'cuda_reserved_mb': 2344, 'cuda_max_allocated_mb': 2130}
{'event': 'train_time_group', 'epoch': 4, 'time_group': 255, 'time_groups': 255, 'batch': 254, 'batches': 255, 'time_value': 1410480000.0, 'group_batches': 1, 'history_edges': 61439, 'elapsed_sec': 300.808983720839, 'cuda_allocated_mb': 120, 'cuda_reserved_mb': 2344, 'cuda_max_allocated_mb': 2130}
{'event': 'train_progress', 'epoch': 4, 'batch': 255, 'batches': 255, 'time_group': 255, 'time_groups': 255, 'history_edges': 61439, 'pos_edges': 321, 'neg_edges': 3210, 'loss_recent': 49.79127813339233, 'elapsed_sec': 302.3645178489387, 'avg_sec_per_batch': 1.1857432072507401, 'cuda_allocated_mb': 164, 'cuda_reserved_mb': 2344, 'cuda_max_allocated_mb': 2130}
{'event': 'validation_start', 'epoch': 4}
{'event': 'validation_ranking_start', 'epoch': 4, 'max_edges': 50}
{'event': 'epoch_end', 'epoch': 4, 'early_stop_metric': 'val_composite', 'val_score': 0.1815317710649496, 'val_auc': 0.8787708610987877, 'val_ap': 0.3014481545210538, 'val_ndcg': 0.8717068287648218, 'val_mrr': 0.01414265289605218, 'val_hits@1': 0.0, 'val_hits@10': 0.05, 'val_hits@50': 0.14, 'val_hits@100': 0.23, 'elapsed_sec': 624.7976700440049}
{'event': 'epoch_start', 'epoch': 5, 'epochs': 20, 'batches': 255, 'time_groups': 255}
{'event': 'train_time_group', 'epoch': 5, 'time_group': 1, 'time_groups': 255, 'batch': 0, 'batches': 255, 'time_value': 1388534400.0, 'group_batches': 1, 'history_edges': 0, 'elapsed_sec': 0.031455859541893005, 'cuda_allocated_mb': 120, 'cuda_reserved_mb': 2344, 'cuda_max_allocated_mb': 2130}
{'event': 'train_progress', 'epoch': 5, 'batch': 1, 'batches': 255, 'time_group': 1, 'time_groups': 255, 'history_edges': 0, 'pos_edges': 113, 'neg_edges': 1130, 'loss_recent': 77.2070541381836, 'elapsed_sec': 0.7551919668912888, 'avg_sec_per_batch': 0.7551919668912888, 'cuda_allocated_mb': 136, 'cuda_reserved_mb': 2344, 'cuda_max_allocated_mb': 2130}
{'event': 'train_progress', 'epoch': 5, 'batch': 54, 'batches': 255, 'time_group': 54, 'time_groups': 255, 'history_edges': 12145, 'pos_edges': 182, 'neg_edges': 1820, 'loss_recent': 48.857992560775195, 'elapsed_sec': 61.33181034773588, 'avg_sec_per_batch': 1.1357742656988126, 'cuda_allocated_mb': 148, 'cuda_reserved_mb': 2344, 'cuda_max_allocated_mb': 2130}
{'event': 'train_progress', 'epoch': 5, 'batch': 100, 'batches': 255, 'time_group': 100, 'time_groups': 255, 'history_edges': 23816, 'pos_edges': 259, 'neg_edges': 2590, 'loss_recent': 50.2098451423645, 'elapsed_sec': 120.83544825389981, 'avg_sec_per_batch': 1.208354482538998, 'cuda_allocated_mb': 158, 'cuda_reserved_mb': 2344, 'cuda_max_allocated_mb': 2130}
{'event': 'train_progress', 'epoch': 5, 'batch': 151, 'batches': 255, 'time_group': 151, 'time_groups': 255, 'history_edges': 36236, 'pos_edges': 167, 'neg_edges': 1670, 'loss_recent': 50.04882392883301, 'elapsed_sec': 181.51171489804983, 'avg_sec_per_batch': 1.2020643370731776, 'cuda_allocated_mb': 145, 'cuda_reserved_mb': 2344, 'cuda_max_allocated_mb': 2130}
{'event': 'train_progress', 'epoch': 5, 'batch': 200, 'batches': 255, 'time_group': 200, 'time_groups': 255, 'history_edges': 48751, 'pos_edges': 162, 'neg_edges': 1620, 'loss_recent': 49.86971265792847, 'elapsed_sec': 240.95337826386094, 'avg_sec_per_batch': 1.2047668913193048, 'cuda_allocated_mb': 146, 'cuda_reserved_mb': 2344, 'cuda_max_allocated_mb': 2130}
{'event': 'train_progress', 'epoch': 5, 'batch': 251, 'batches': 255, 'time_group': 251, 'time_groups': 255, 'history_edges': 60135, 'pos_edges': 317, 'neg_edges': 3170, 'loss_recent': 48.19362102508545, 'elapsed_sec': 301.79182417318225, 'avg_sec_per_batch': 1.2023578652318019, 'cuda_allocated_mb': 166, 'cuda_reserved_mb': 2344, 'cuda_max_allocated_mb': 2130}
{'event': 'train_time_group', 'epoch': 5, 'time_group': 255, 'time_groups': 255, 'batch': 254, 'batches': 255, 'time_value': 1410480000.0, 'group_batches': 1, 'history_edges': 61439, 'elapsed_sec': 306.8562326915562, 'cuda_allocated_mb': 120, 'cuda_reserved_mb': 2364, 'cuda_max_allocated_mb': 2130}
{'event': 'train_progress', 'epoch': 5, 'batch': 255, 'batches': 255, 'time_group': 255, 'time_groups': 255, 'history_edges': 61439, 'pos_edges': 321, 'neg_edges': 3210, 'loss_recent': 48.80964069366455, 'elapsed_sec': 308.6142891906202, 'avg_sec_per_batch': 1.2102521144730203, 'cuda_allocated_mb': 166, 'cuda_reserved_mb': 2364, 'cuda_max_allocated_mb': 2130}
{'event': 'validation_start', 'epoch': 5}
{'event': 'validation_ranking_start', 'epoch': 5, 'max_edges': 50}
{'event': 'epoch_end', 'epoch': 5, 'early_stop_metric': 'val_composite', 'val_score': 0.18723043834002667, 'val_auc': 0.8813365621851494, 'val_ap': 0.3295766040405014, 'val_ndcg': 0.880496540041649, 'val_mrr': 0.024144587216408216, 'val_hits@1': 0.01, 'val_hits@10': 0.04, 'val_hits@50': 0.18, 'val_hits@100': 0.26, 'elapsed_sec': 628.6398057602346}
{'event': 'epoch_start', 'epoch': 6, 'epochs': 20, 'batches': 255, 'time_groups': 255}
{'event': 'train_time_group', 'epoch': 6, 'time_group': 1, 'time_groups': 255, 'batch': 0, 'batches': 255, 'time_value': 1388534400.0, 'group_batches': 1, 'history_edges': 0, 'elapsed_sec': 0.027388814836740494, 'cuda_allocated_mb': 120, 'cuda_reserved_mb': 2364, 'cuda_max_allocated_mb': 2130}
{'event': 'train_progress', 'epoch': 6, 'batch': 1, 'batches': 255, 'time_group': 1, 'time_groups': 255, 'history_edges': 0, 'pos_edges': 113, 'neg_edges': 1130, 'loss_recent': 93.8134536743164, 'elapsed_sec': 0.5332692191004753, 'avg_sec_per_batch': 0.5332692191004753, 'cuda_allocated_mb': 137, 'cuda_reserved_mb': 2364, 'cuda_max_allocated_mb': 2130}
{'event': 'train_progress', 'epoch': 6, 'batch': 54, 'batches': 255, 'time_group': 54, 'time_groups': 255, 'history_edges': 12145, 'pos_edges': 182, 'neg_edges': 1820, 'loss_recent': 47.65679348839654, 'elapsed_sec': 60.980224292725325, 'avg_sec_per_batch': 1.1292634128282468, 'cuda_allocated_mb': 147, 'cuda_reserved_mb': 2364, 'cuda_max_allocated_mb': 2130}
{'event': 'train_progress', 'epoch': 6, 'batch': 100, 'batches': 255, 'time_group': 100, 'time_groups': 255, 'history_edges': 23816, 'pos_edges': 259, 'neg_edges': 2590, 'loss_recent': 49.212181148529055, 'elapsed_sec': 120.50743421912193, 'avg_sec_per_batch': 1.2050743421912193, 'cuda_allocated_mb': 158, 'cuda_reserved_mb': 2364, 'cuda_max_allocated_mb': 2130}
{'event': 'train_progress', 'epoch': 6, 'batch': 151, 'batches': 255, 'time_group': 151, 'time_groups': 255, 'history_edges': 36236, 'pos_edges': 167, 'neg_edges': 1670, 'loss_recent': 49.37857120513916, 'elapsed_sec': 180.69952856376767, 'avg_sec_per_batch': 1.1966856196276006, 'cuda_allocated_mb': 145, 'cuda_reserved_mb': 2364, 'cuda_max_allocated_mb': 2130}
{'event': 'train_progress', 'epoch': 6, 'batch': 200, 'batches': 255, 'time_group': 200, 'time_groups': 255, 'history_edges': 48751, 'pos_edges': 162, 'neg_edges': 1620, 'loss_recent': 49.38059724807739, 'elapsed_sec': 240.9347558170557, 'avg_sec_per_batch': 1.2046737790852786, 'cuda_allocated_mb': 145, 'cuda_reserved_mb': 2364, 'cuda_max_allocated_mb': 2130}
{'event': 'train_progress', 'epoch': 6, 'batch': 251, 'batches': 255, 'time_group': 251, 'time_groups': 255, 'history_edges': 60135, 'pos_edges': 317, 'neg_edges': 3170, 'loss_recent': 47.77486436843872, 'elapsed_sec': 302.1909269504249, 'avg_sec_per_batch': 1.2039479161371511, 'cuda_allocated_mb': 166, 'cuda_reserved_mb': 2364, 'cuda_max_allocated_mb': 2130}
{'event': 'train_time_group', 'epoch': 6, 'time_group': 255, 'time_groups': 255, 'batch': 254, 'batches': 255, 'time_value': 1410480000.0, 'group_batches': 1, 'history_edges': 61439, 'elapsed_sec': 307.40898384153843, 'cuda_allocated_mb': 120, 'cuda_reserved_mb': 2364, 'cuda_max_allocated_mb': 2130}
{'event': 'train_progress', 'epoch': 6, 'batch': 255, 'batches': 255, 'time_group': 255, 'time_groups': 255, 'history_edges': 61439, 'pos_edges': 321, 'neg_edges': 3210, 'loss_recent': 48.40669591903686, 'elapsed_sec': 309.03218756243587, 'avg_sec_per_batch': 1.2118909316173956, 'cuda_allocated_mb': 166, 'cuda_reserved_mb': 2364, 'cuda_max_allocated_mb': 2130}
{'event': 'validation_start', 'epoch': 6}
{'event': 'validation_ranking_start', 'epoch': 6, 'max_edges': 50}
{'event': 'epoch_end', 'epoch': 6, 'early_stop_metric': 'val_composite', 'val_score': 0.18444522511837702, 'val_auc': 0.8825620796483054, 'val_ap': 0.34055664696967014, 'val_ndcg': 0.8827093393193277, 'val_mrr': 0.016010496948328415, 'val_hits@1': 0.0, 'val_hits@10': 0.04, 'val_hits@50': 0.16, 'val_hits@100': 0.23, 'elapsed_sec': 623.4424841888249}
{'event': 'epoch_start', 'epoch': 7, 'epochs': 20, 'batches': 255, 'time_groups': 255}
{'event': 'train_time_group', 'epoch': 7, 'time_group': 1, 'time_groups': 255, 'batch': 0, 'batches': 255, 'time_value': 1388534400.0, 'group_batches': 1, 'history_edges': 0, 'elapsed_sec': 0.028757940977811813, 'cuda_allocated_mb': 120, 'cuda_reserved_mb': 2364, 'cuda_max_allocated_mb': 2130}
{'event': 'train_progress', 'epoch': 7, 'batch': 1, 'batches': 255, 'time_group': 1, 'time_groups': 255, 'history_edges': 0, 'pos_edges': 113, 'neg_edges': 1130, 'loss_recent': 113.95159149169922, 'elapsed_sec': 0.7677509747445583, 'avg_sec_per_batch': 0.7677509747445583, 'cuda_allocated_mb': 136, 'cuda_reserved_mb': 2364, 'cuda_max_allocated_mb': 2130}
{'event': 'train_progress', 'epoch': 7, 'batch': 55, 'batches': 255, 'time_group': 55, 'time_groups': 255, 'history_edges': 12327, 'pos_edges': 319, 'neg_edges': 3190, 'loss_recent': 47.797977516867896, 'elapsed_sec': 61.897460117936134, 'avg_sec_per_batch': 1.125408365780657, 'cuda_allocated_mb': 165, 'cuda_reserved_mb': 2364, 'cuda_max_allocated_mb': 2130}
{'event': 'train_progress', 'epoch': 7, 'batch': 100, 'batches': 255, 'time_group': 100, 'time_groups': 255, 'history_edges': 23816, 'pos_edges': 259, 'neg_edges': 2590, 'loss_recent': 48.93008924484253, 'elapsed_sec': 116.18658142909408, 'avg_sec_per_batch': 1.1618658142909408, 'cuda_allocated_mb': 158, 'cuda_reserved_mb': 2364, 'cuda_max_allocated_mb': 2130}
{'event': 'train_progress', 'epoch': 7, 'batch': 153, 'batches': 255, 'time_group': 153, 'time_groups': 255, 'history_edges': 36547, 'pos_edges': 262, 'neg_edges': 2620, 'loss_recent': 48.8546441078186, 'elapsed_sec': 176.45208609476686, 'avg_sec_per_batch': 1.1532816084625284, 'cuda_allocated_mb': 159, 'cuda_reserved_mb': 2364, 'cuda_max_allocated_mb': 2130}
{'event': 'train_progress', 'epoch': 7, 'batch': 200, 'batches': 255, 'time_group': 200, 'time_groups': 255, 'history_edges': 48751, 'pos_edges': 162, 'neg_edges': 1620, 'loss_recent': 49.09064403533935, 'elapsed_sec': 232.414206340909, 'avg_sec_per_batch': 1.162071031704545, 'cuda_allocated_mb': 145, 'cuda_reserved_mb': 2364, 'cuda_max_allocated_mb': 2130}
{'event': 'train_progress', 'epoch': 7, 'batch': 251, 'batches': 255, 'time_group': 251, 'time_groups': 255, 'history_edges': 60135, 'pos_edges': 317, 'neg_edges': 3170, 'loss_recent': 47.50502872467041, 'elapsed_sec': 293.1352283805609, 'avg_sec_per_batch': 1.167869435779127, 'cuda_allocated_mb': 166, 'cuda_reserved_mb': 2364, 'cuda_max_allocated_mb': 2130}
{'event': 'train_time_group', 'epoch': 7, 'time_group': 255, 'time_groups': 255, 'batch': 254, 'batches': 255, 'time_value': 1410480000.0, 'group_batches': 1, 'history_edges': 61439, 'elapsed_sec': 298.12848533317447, 'cuda_allocated_mb': 120, 'cuda_reserved_mb': 2364, 'cuda_max_allocated_mb': 2131}
{'event': 'train_progress', 'epoch': 7, 'batch': 255, 'batches': 255, 'time_group': 255, 'time_groups': 255, 'history_edges': 61439, 'pos_edges': 321, 'neg_edges': 3210, 'loss_recent': 48.13991512298584, 'elapsed_sec': 299.7555727250874, 'avg_sec_per_batch': 1.1755120499023035, 'cuda_allocated_mb': 165, 'cuda_reserved_mb': 2364, 'cuda_max_allocated_mb': 2131}
{'event': 'validation_start', 'epoch': 7}
{'event': 'validation_ranking_start', 'epoch': 7, 'max_edges': 50}
{'event': 'epoch_end', 'epoch': 7, 'early_stop_metric': 'val_composite', 'val_score': 0.20231956593870667, 'val_auc': 0.8859748822015849, 'val_ap': 0.37058801301786154, 'val_ndcg': 0.8905785823573702, 'val_mrr': 0.029729064613365587, 'val_hits@1': 0.01, 'val_hits@10': 0.07, 'val_hits@50': 0.13, 'val_hits@100': 0.24, 'elapsed_sec': 618.438818950206}
{'event': 'epoch_start', 'epoch': 8, 'epochs': 20, 'batches': 255, 'time_groups': 255}
{'event': 'train_time_group', 'epoch': 8, 'time_group': 1, 'time_groups': 255, 'batch': 0, 'batches': 255, 'time_value': 1388534400.0, 'group_batches': 1, 'history_edges': 0, 'elapsed_sec': 0.02624182030558586, 'cuda_allocated_mb': 120, 'cuda_reserved_mb': 2364, 'cuda_max_allocated_mb': 2131}
{'event': 'train_progress', 'epoch': 8, 'batch': 1, 'batches': 255, 'time_group': 1, 'time_groups': 255, 'history_edges': 0, 'pos_edges': 113, 'neg_edges': 1130, 'loss_recent': 127.6422348022461, 'elapsed_sec': 0.5500550717115402, 'avg_sec_per_batch': 0.5500550717115402, 'cuda_allocated_mb': 137, 'cuda_reserved_mb': 2364, 'cuda_max_allocated_mb': 2131}
{'event': 'train_progress', 'epoch': 8, 'batch': 55, 'batches': 255, 'time_group': 55, 'time_groups': 255, 'history_edges': 12327, 'pos_edges': 319, 'neg_edges': 3190, 'loss_recent': 47.63023275895552, 'elapsed_sec': 61.25007317215204, 'avg_sec_per_batch': 1.113637694039128, 'cuda_allocated_mb': 164, 'cuda_reserved_mb': 2364, 'cuda_max_allocated_mb': 2131}
{'event': 'train_progress', 'epoch': 8, 'batch': 100, 'batches': 255, 'time_group': 100, 'time_groups': 255, 'history_edges': 23816, 'pos_edges': 259, 'neg_edges': 2590, 'loss_recent': 48.75632349014282, 'elapsed_sec': 115.84475203976035, 'avg_sec_per_batch': 1.1584475203976035, 'cuda_allocated_mb': 158, 'cuda_reserved_mb': 2364, 'cuda_max_allocated_mb': 2131}
{'event': 'train_progress', 'epoch': 8, 'batch': 154, 'batches': 255, 'time_group': 154, 'time_groups': 255, 'history_edges': 36809, 'pos_edges': 273, 'neg_edges': 2730, 'loss_recent': 48.83909503936768, 'elapsed_sec': 176.73993169516325, 'avg_sec_per_batch': 1.1476618941244368, 'cuda_allocated_mb': 161, 'cuda_reserved_mb': 2364, 'cuda_max_allocated_mb': 2131}
{'event': 'train_progress', 'epoch': 8, 'batch': 200, 'batches': 255, 'time_group': 200, 'time_groups': 255, 'history_edges': 48751, 'pos_edges': 162, 'neg_edges': 1620, 'loss_recent': 48.821528663635256, 'elapsed_sec': 231.51348786056042, 'avg_sec_per_batch': 1.1575674393028021, 'cuda_allocated_mb': 145, 'cuda_reserved_mb': 2364, 'cuda_max_allocated_mb': 2131}
{'event': 'train_progress', 'epoch': 8, 'batch': 251, 'batches': 255, 'time_group': 251, 'time_groups': 255, 'history_edges': 60135, 'pos_edges': 317, 'neg_edges': 3170, 'loss_recent': 47.31124315261841, 'elapsed_sec': 292.1468281298876, 'avg_sec_per_batch': 1.163931586174851, 'cuda_allocated_mb': 164, 'cuda_reserved_mb': 2364, 'cuda_max_allocated_mb': 2131}
{'event': 'train_time_group', 'epoch': 8, 'time_group': 255, 'time_groups': 255, 'batch': 254, 'batches': 255, 'time_value': 1410480000.0, 'group_batches': 1, 'history_edges': 61439, 'elapsed_sec': 297.06584345921874, 'cuda_allocated_mb': 120, 'cuda_reserved_mb': 2364, 'cuda_max_allocated_mb': 2131}
{'event': 'train_progress', 'epoch': 8, 'batch': 255, 'batches': 255, 'time_group': 255, 'time_groups': 255, 'history_edges': 61439, 'pos_edges': 321, 'neg_edges': 3210, 'loss_recent': 47.941746864318844, 'elapsed_sec': 298.6779261790216, 'avg_sec_per_batch': 1.1712859850157709, 'cuda_allocated_mb': 166, 'cuda_reserved_mb': 2364, 'cuda_max_allocated_mb': 2131}
{'event': 'validation_start', 'epoch': 8}
{'event': 'validation_ranking_start', 'epoch': 8, 'max_edges': 50}
{'event': 'epoch_end', 'epoch': 8, 'early_stop_metric': 'val_composite', 'val_score': 0.19938953940269877, 'val_auc': 0.8863031949847249, 'val_ap': 0.36948836303242594, 'val_ndcg': 0.8901586974871832, 'val_mrr': 0.023990447703494882, 'val_hits@1': 0.0, 'val_hits@10': 0.07, 'val_hits@50': 0.18, 'val_hits@100': 0.3, 'elapsed_sec': 615.969353787601}
{'event': 'epoch_start', 'epoch': 9, 'epochs': 20, 'batches': 255, 'time_groups': 255}
{'event': 'train_time_group', 'epoch': 9, 'time_group': 1, 'time_groups': 255, 'batch': 0, 'batches': 255, 'time_value': 1388534400.0, 'group_batches': 1, 'history_edges': 0, 'elapsed_sec': 0.03158368170261383, 'cuda_allocated_mb': 120, 'cuda_reserved_mb': 2364, 'cuda_max_allocated_mb': 2131}
{'event': 'train_progress', 'epoch': 9, 'batch': 1, 'batches': 255, 'time_group': 1, 'time_groups': 255, 'history_edges': 0, 'pos_edges': 113, 'neg_edges': 1130, 'loss_recent': 146.0358428955078, 'elapsed_sec': 0.5525565855205059, 'avg_sec_per_batch': 0.5525565855205059, 'cuda_allocated_mb': 137, 'cuda_reserved_mb': 2364, 'cuda_max_allocated_mb': 2131}
{'event': 'train_progress', 'epoch': 9, 'batch': 55, 'batches': 255, 'time_group': 55, 'time_groups': 255, 'history_edges': 12327, 'pos_edges': 319, 'neg_edges': 3190, 'loss_recent': 47.82725632407448, 'elapsed_sec': 61.82853231579065, 'avg_sec_per_batch': 1.1241551330143755, 'cuda_allocated_mb': 166, 'cuda_reserved_mb': 2364, 'cuda_max_allocated_mb': 2131}
{'event': 'train_progress', 'epoch': 9, 'batch': 100, 'batches': 255, 'time_group': 100, 'time_groups': 255, 'history_edges': 23816, 'pos_edges': 259, 'neg_edges': 2590, 'loss_recent': 48.75958198547363, 'elapsed_sec': 117.19549652934074, 'avg_sec_per_batch': 1.1719549652934074, 'cuda_allocated_mb': 158, 'cuda_reserved_mb': 2364, 'cuda_max_allocated_mb': 2131}
{'event': 'train_progress', 'epoch': 9, 'batch': 153, 'batches': 255, 'time_group': 153, 'time_groups': 255, 'history_edges': 36547, 'pos_edges': 262, 'neg_edges': 2620, 'loss_recent': 48.460385951995846, 'elapsed_sec': 177.25110780075192, 'avg_sec_per_batch': 1.1585039725539341, 'cuda_allocated_mb': 157, 'cuda_reserved_mb': 2364, 'cuda_max_allocated_mb': 2131}
{'event': 'train_progress', 'epoch': 9, 'batch': 200, 'batches': 255, 'time_group': 200, 'time_groups': 255, 'history_edges': 48751, 'pos_edges': 162, 'neg_edges': 1620, 'loss_recent': 48.76292119979858, 'elapsed_sec': 234.81337617337704, 'avg_sec_per_batch': 1.1740668808668853, 'cuda_allocated_mb': 145, 'cuda_reserved_mb': 2364, 'cuda_max_allocated_mb': 2131}
{'event': 'train_progress', 'epoch': 9, 'batch': 251, 'batches': 255, 'time_group': 251, 'time_groups': 255, 'history_edges': 60135, 'pos_edges': 317, 'neg_edges': 3170, 'loss_recent': 47.29736083984375, 'elapsed_sec': 296.4141508191824, 'avg_sec_per_batch': 1.1809328717895713, 'cuda_allocated_mb': 166, 'cuda_reserved_mb': 2364, 'cuda_max_allocated_mb': 2131}
{'event': 'train_time_group', 'epoch': 9, 'time_group': 255, 'time_groups': 255, 'batch': 254, 'batches': 255, 'time_value': 1410480000.0, 'group_batches': 1, 'history_edges': 61439, 'elapsed_sec': 301.2951634451747, 'cuda_allocated_mb': 120, 'cuda_reserved_mb': 2364, 'cuda_max_allocated_mb': 2131}
{'event': 'train_progress', 'epoch': 9, 'batch': 255, 'batches': 255, 'time_group': 255, 'time_groups': 255, 'history_edges': 61439, 'pos_edges': 321, 'neg_edges': 3210, 'loss_recent': 47.94002265930176, 'elapsed_sec': 302.9386994689703, 'avg_sec_per_batch': 1.187994899878315, 'cuda_allocated_mb': 165, 'cuda_reserved_mb': 2364, 'cuda_max_allocated_mb': 2131}
{'event': 'validation_start', 'epoch': 9}
{'event': 'validation_ranking_start', 'epoch': 9, 'max_edges': 50}
{'event': 'epoch_end', 'epoch': 9, 'early_stop_metric': 'val_composite', 'val_score': 0.20833317716571997, 'val_auc': 0.8889888299652597, 'val_ap': 0.39986012646150415, 'val_ndcg': 0.8973412208691133, 'val_mrr': 0.03999768004956123, 'val_hits@1': 0.02, 'val_hits@10': 0.06, 'val_hits@50': 0.26, 'val_hits@100': 0.36, 'elapsed_sec': 620.6730828508735}
{'event': 'epoch_start', 'epoch': 10, 'epochs': 20, 'batches': 255, 'time_groups': 255}
{'event': 'train_time_group', 'epoch': 10, 'time_group': 1, 'time_groups': 255, 'batch': 0, 'batches': 255, 'time_value': 1388534400.0, 'group_batches': 1, 'history_edges': 0, 'elapsed_sec': 0.026844099164009094, 'cuda_allocated_mb': 120, 'cuda_reserved_mb': 2364, 'cuda_max_allocated_mb': 2131}
{'event': 'train_progress', 'epoch': 10, 'batch': 1, 'batches': 255, 'time_group': 1, 'time_groups': 255, 'history_edges': 0, 'pos_edges': 113, 'neg_edges': 1130, 'loss_recent': 158.92135620117188, 'elapsed_sec': 0.6406515203416348, 'avg_sec_per_batch': 0.6406515203416348, 'cuda_allocated_mb': 137, 'cuda_reserved_mb': 2364, 'cuda_max_allocated_mb': 2131}
{'event': 'train_progress', 'epoch': 10, 'batch': 55, 'batches': 255, 'time_group': 55, 'time_groups': 255, 'history_edges': 12327, 'pos_edges': 319, 'neg_edges': 3190, 'loss_recent': 47.904164609042084, 'elapsed_sec': 61.7269533239305, 'avg_sec_per_batch': 1.122308242253282, 'cuda_allocated_mb': 165, 'cuda_reserved_mb': 2364, 'cuda_max_allocated_mb': 2131}
{'event': 'train_progress', 'epoch': 10, 'batch': 100, 'batches': 255, 'time_group': 100, 'time_groups': 255, 'history_edges': 23816, 'pos_edges': 259, 'neg_edges': 2590, 'loss_recent': 48.76359964370727, 'elapsed_sec': 116.85016402974725, 'avg_sec_per_batch': 1.1685016402974724, 'cuda_allocated_mb': 157, 'cuda_reserved_mb': 2364, 'cuda_max_allocated_mb': 2131}
{'event': 'train_progress', 'epoch': 10, 'batch': 153, 'batches': 255, 'time_group': 153, 'time_groups': 255, 'history_edges': 36547, 'pos_edges': 262, 'neg_edges': 2620, 'loss_recent': 48.390678901672366, 'elapsed_sec': 177.28567631542683, 'avg_sec_per_batch': 1.1587299105583453, 'cuda_allocated_mb': 158, 'cuda_reserved_mb': 2364, 'cuda_max_allocated_mb': 2131}
{'event': 'train_progress', 'epoch': 10, 'batch': 200, 'batches': 255, 'time_group': 200, 'time_groups': 255, 'history_edges': 48751, 'pos_edges': 162, 'neg_edges': 1620, 'loss_recent': 48.6575484085083, 'elapsed_sec': 233.78061992302537, 'avg_sec_per_batch': 1.1689030996151268, 'cuda_allocated_mb': 146, 'cuda_reserved_mb': 2364, 'cuda_max_allocated_mb': 2131}
{'event': 'train_progress', 'epoch': 10, 'batch': 251, 'batches': 255, 'time_group': 251, 'time_groups': 255, 'history_edges': 60135, 'pos_edges': 317, 'neg_edges': 3170, 'loss_recent': 47.12618143081665, 'elapsed_sec': 295.09468350186944, 'avg_sec_per_batch': 1.175676029887926, 'cuda_allocated_mb': 166, 'cuda_reserved_mb': 2364, 'cuda_max_allocated_mb': 2131}
{'event': 'train_time_group', 'epoch': 10, 'time_group': 255, 'time_groups': 255, 'batch': 254, 'batches': 255, 'time_value': 1410480000.0, 'group_batches': 1, 'history_edges': 61439, 'elapsed_sec': 300.05018780753016, 'cuda_allocated_mb': 120, 'cuda_reserved_mb': 2364, 'cuda_max_allocated_mb': 2131}
{'event': 'train_progress', 'epoch': 10, 'batch': 255, 'batches': 255, 'time_group': 255, 'time_groups': 255, 'history_edges': 61439, 'pos_edges': 321, 'neg_edges': 3210, 'loss_recent': 47.749764156341556, 'elapsed_sec': 301.6505530923605, 'avg_sec_per_batch': 1.1829433454602372, 'cuda_allocated_mb': 165, 'cuda_reserved_mb': 2364, 'cuda_max_allocated_mb': 2131}
{'event': 'validation_start', 'epoch': 10}
{'event': 'validation_ranking_start', 'epoch': 10, 'max_edges': 50}
{'event': 'epoch_end', 'epoch': 10, 'early_stop_metric': 'val_composite', 'val_score': 0.2284218902585058, 'val_auc': 0.8900641492830126, 'val_ap': 0.4111721178909154, 'val_ndcg': 0.9000172281392567, 'val_mrr': 0.06259011215392479, 'val_hits@1': 0.03, 'val_hits@10': 0.09, 'val_hits@50': 0.27, 'val_hits@100': 0.39, 'elapsed_sec': 617.5316566154361}
{'event': 'epoch_start', 'epoch': 11, 'epochs': 20, 'batches': 255, 'time_groups': 255}
{'event': 'train_time_group', 'epoch': 11, 'time_group': 1, 'time_groups': 255, 'batch': 0, 'batches': 255, 'time_value': 1388534400.0, 'group_batches': 1, 'history_edges': 0, 'elapsed_sec': 0.025733858346939087, 'cuda_allocated_mb': 120, 'cuda_reserved_mb': 2364, 'cuda_max_allocated_mb': 2131}
{'event': 'train_progress', 'epoch': 11, 'batch': 1, 'batches': 255, 'time_group': 1, 'time_groups': 255, 'history_edges': 0, 'pos_edges': 113, 'neg_edges': 1130, 'loss_recent': 177.38714599609375, 'elapsed_sec': 0.6838629432022572, 'avg_sec_per_batch': 0.6838629432022572, 'cuda_allocated_mb': 137, 'cuda_reserved_mb': 2364, 'cuda_max_allocated_mb': 2131}
{'event': 'train_progress', 'epoch': 11, 'batch': 55, 'batches': 255, 'time_group': 55, 'time_groups': 255, 'history_edges': 12327, 'pos_edges': 319, 'neg_edges': 3190, 'loss_recent': 48.16166087063876, 'elapsed_sec': 61.79774148017168, 'avg_sec_per_batch': 1.1235952996394851, 'cuda_allocated_mb': 164, 'cuda_reserved_mb': 2364, 'cuda_max_allocated_mb': 2131}
{'event': 'train_progress', 'epoch': 11, 'batch': 100, 'batches': 255, 'time_group': 100, 'time_groups': 255, 'history_edges': 23816, 'pos_edges': 259, 'neg_edges': 2590, 'loss_recent': 48.9016805267334, 'elapsed_sec': 116.70870075747371, 'avg_sec_per_batch': 1.167087007574737, 'cuda_allocated_mb': 158, 'cuda_reserved_mb': 2364, 'cuda_max_allocated_mb': 2131}
{'event': 'train_progress', 'epoch': 11, 'batch': 153, 'batches': 255, 'time_group': 153, 'time_groups': 255, 'history_edges': 36547, 'pos_edges': 262, 'neg_edges': 2620, 'loss_recent': 48.3794801902771, 'elapsed_sec': 177.42749137803912, 'avg_sec_per_batch': 1.1596568063924126, 'cuda_allocated_mb': 157, 'cuda_reserved_mb': 2364, 'cuda_max_allocated_mb': 2131}
{'event': 'train_progress', 'epoch': 11, 'batch': 200, 'batches': 255, 'time_group': 200, 'time_groups': 255, 'history_edges': 48751, 'pos_edges': 162, 'neg_edges': 1620, 'loss_recent': 48.61378835678101, 'elapsed_sec': 231.21779457479715, 'avg_sec_per_batch': 1.1560889728739858, 'cuda_allocated_mb': 146, 'cuda_reserved_mb': 2364, 'cuda_max_allocated_mb': 2131}
{'event': 'train_progress', 'epoch': 11, 'batch': 250, 'batches': 255, 'time_group': 250, 'time_groups': 255, 'history_edges': 60004, 'pos_edges': 131, 'neg_edges': 1310, 'loss_recent': 46.75046966552734, 'elapsed_sec': 291.98723274096847, 'avg_sec_per_batch': 1.1679489309638738, 'cuda_allocated_mb': 142, 'cuda_reserved_mb': 2364, 'cuda_max_allocated_mb': 2131}
{'event': 'train_time_group', 'epoch': 11, 'time_group': 255, 'time_groups': 255, 'batch': 254, 'batches': 255, 'time_value': 1410480000.0, 'group_batches': 1, 'history_edges': 61439, 'elapsed_sec': 298.5457714535296, 'cuda_allocated_mb': 120, 'cuda_reserved_mb': 2364, 'cuda_max_allocated_mb': 2131}
{'event': 'train_progress', 'epoch': 11, 'batch': 255, 'batches': 255, 'time_group': 255, 'time_groups': 255, 'history_edges': 61439, 'pos_edges': 321, 'neg_edges': 3210, 'loss_recent': 47.6774331665039, 'elapsed_sec': 300.0711831636727, 'avg_sec_per_batch': 1.1767497378967555, 'cuda_allocated_mb': 165, 'cuda_reserved_mb': 2364, 'cuda_max_allocated_mb': 2131}
{'event': 'validation_start', 'epoch': 11}
{'event': 'validation_ranking_start', 'epoch': 11, 'max_edges': 50}
{'event': 'epoch_end', 'epoch': 11, 'early_stop_metric': 'val_composite', 'val_score': 0.2392811897598473, 'val_auc': 0.8911510548543182, 'val_ap': 0.4259785621177169, 'val_ndcg': 0.9025304382730226, 'val_mrr': 0.061021350639855726, 'val_hits@1': 0.03, 'val_hits@10': 0.13, 'val_hits@50': 0.3, 'val_hits@100': 0.4, 'elapsed_sec': 614.6496064662933}
{'event': 'epoch_start', 'epoch': 12, 'epochs': 20, 'batches': 255, 'time_groups': 255}
{'event': 'train_time_group', 'epoch': 12, 'time_group': 1, 'time_groups': 255, 'batch': 0, 'batches': 255, 'time_value': 1388534400.0, 'group_batches': 1, 'history_edges': 0, 'elapsed_sec': 0.027849234640598297, 'cuda_allocated_mb': 120, 'cuda_reserved_mb': 2364, 'cuda_max_allocated_mb': 2131}
{'event': 'train_progress', 'epoch': 12, 'batch': 1, 'batches': 255, 'time_group': 1, 'time_groups': 255, 'history_edges': 0, 'pos_edges': 113, 'neg_edges': 1130, 'loss_recent': 192.53622436523438, 'elapsed_sec': 0.7443363517522812, 'avg_sec_per_batch': 0.7443363517522812, 'cuda_allocated_mb': 137, 'cuda_reserved_mb': 2364, 'cuda_max_allocated_mb': 2131}
{'event': 'train_progress', 'epoch': 12, 'batch': 55, 'batches': 255, 'time_group': 55, 'time_groups': 255, 'history_edges': 12327, 'pos_edges': 319, 'neg_edges': 3190, 'loss_recent': 48.347005705399944, 'elapsed_sec': 62.009026899933815, 'avg_sec_per_batch': 1.1274368527260694, 'cuda_allocated_mb': 164, 'cuda_reserved_mb': 2364, 'cuda_max_allocated_mb': 2131}
{'event': 'train_progress', 'epoch': 12, 'batch': 100, 'batches': 255, 'time_group': 100, 'time_groups': 255, 'history_edges': 23816, 'pos_edges': 259, 'neg_edges': 2590, 'loss_recent': 48.93165939331055, 'elapsed_sec': 118.42681622877717, 'avg_sec_per_batch': 1.1842681622877718, 'cuda_allocated_mb': 157, 'cuda_reserved_mb': 2364, 'cuda_max_allocated_mb': 2131}
{'event': 'train_progress', 'epoch': 12, 'batch': 153, 'batches': 255, 'time_group': 153, 'time_groups': 255, 'history_edges': 36547, 'pos_edges': 262, 'neg_edges': 2620, 'loss_recent': 48.308093013763425, 'elapsed_sec': 179.22373988106847, 'avg_sec_per_batch': 1.171396992686722, 'cuda_allocated_mb': 159, 'cuda_reserved_mb': 2364, 'cuda_max_allocated_mb': 2131}
{'event': 'train_progress', 'epoch': 12, 'batch': 200, 'batches': 255, 'time_group': 200, 'time_groups': 255, 'history_edges': 48751, 'pos_edges': 162, 'neg_edges': 1620, 'loss_recent': 48.57190393447876, 'elapsed_sec': 234.6400983929634, 'avg_sec_per_batch': 1.1732004919648171, 'cuda_allocated_mb': 145, 'cuda_reserved_mb': 2364, 'cuda_max_allocated_mb': 2131}
{'event': 'train_progress', 'epoch': 12, 'batch': 248, 'batches': 255, 'time_group': 248, 'time_groups': 255, 'history_edges': 59630, 'pos_edges': 236, 'neg_edges': 2360, 'loss_recent': 47.335359764099124, 'elapsed_sec': 295.2043791152537, 'avg_sec_per_batch': 1.1903402383679584, 'cuda_allocated_mb': 155, 'cuda_reserved_mb': 2364, 'cuda_max_allocated_mb': 2131}
{'event': 'train_time_group', 'epoch': 12, 'time_group': 255, 'time_groups': 255, 'batch': 254, 'batches': 255, 'time_value': 1410480000.0, 'group_batches': 1, 'history_edges': 61439, 'elapsed_sec': 303.4609447158873, 'cuda_allocated_mb': 120, 'cuda_reserved_mb': 2364, 'cuda_max_allocated_mb': 2131}
{'event': 'train_progress', 'epoch': 12, 'batch': 255, 'batches': 255, 'time_group': 255, 'time_groups': 255, 'history_edges': 61439, 'pos_edges': 321, 'neg_edges': 3210, 'loss_recent': 47.59578491210937, 'elapsed_sec': 305.047411788255, 'avg_sec_per_batch': 1.196264359953941, 'cuda_allocated_mb': 165, 'cuda_reserved_mb': 2364, 'cuda_max_allocated_mb': 2131}
{'event': 'validation_start', 'epoch': 12}
{'event': 'validation_ranking_start', 'epoch': 12, 'max_edges': 50}
{'event': 'epoch_end', 'epoch': 12, 'early_stop_metric': 'val_composite', 'val_score': 0.2636774839708565, 'val_auc': 0.8887686386413668, 'val_ap': 0.4247978226444566, 'val_ndcg': 0.9025069005605597, 'val_mrr': 0.08576481182041164, 'val_hits@1': 0.03, 'val_hits@10': 0.18, 'val_hits@50': 0.32, 'val_hits@100': 0.41, 'elapsed_sec': 619.9002185575664}
{'event': 'epoch_start', 'epoch': 13, 'epochs': 20, 'batches': 255, 'time_groups': 255}
{'event': 'train_time_group', 'epoch': 13, 'time_group': 1, 'time_groups': 255, 'batch': 0, 'batches': 255, 'time_value': 1388534400.0, 'group_batches': 1, 'history_edges': 0, 'elapsed_sec': 0.02681351825594902, 'cuda_allocated_mb': 120, 'cuda_reserved_mb': 2364, 'cuda_max_allocated_mb': 2131}
{'event': 'train_progress', 'epoch': 13, 'batch': 1, 'batches': 255, 'time_group': 1, 'time_groups': 255, 'history_edges': 0, 'pos_edges': 113, 'neg_edges': 1130, 'loss_recent': 202.41232299804688, 'elapsed_sec': 0.6765239909291267, 'avg_sec_per_batch': 0.6765239909291267, 'cuda_allocated_mb': 137, 'cuda_reserved_mb': 2364, 'cuda_max_allocated_mb': 2131}
{'event': 'train_progress', 'epoch': 13, 'batch': 54, 'batches': 255, 'time_group': 54, 'time_groups': 255, 'history_edges': 12145, 'pos_edges': 182, 'neg_edges': 1820, 'loss_recent': 48.07140639976219, 'elapsed_sec': 61.28959158807993, 'avg_sec_per_batch': 1.134992436816295, 'cuda_allocated_mb': 146, 'cuda_reserved_mb': 2364, 'cuda_max_allocated_mb': 2131}
{'event': 'train_progress', 'epoch': 13, 'batch': 100, 'batches': 255, 'time_group': 100, 'time_groups': 255, 'history_edges': 23816, 'pos_edges': 259, 'neg_edges': 2590, 'loss_recent': 48.91394018173218, 'elapsed_sec': 117.80448032170534, 'avg_sec_per_batch': 1.1780448032170534, 'cuda_allocated_mb': 157, 'cuda_reserved_mb': 2364, 'cuda_max_allocated_mb': 2131}
{'event': 'train_progress', 'epoch': 13, 'batch': 155, 'batches': 255, 'time_group': 155, 'time_groups': 255, 'history_edges': 37082, 'pos_edges': 297, 'neg_edges': 2970, 'loss_recent': 48.3724263381958, 'elapsed_sec': 178.91615291312337, 'avg_sec_per_batch': 1.1542977607298281, 'cuda_allocated_mb': 162, 'cuda_reserved_mb': 2364, 'cuda_max_allocated_mb': 2131}
{'event': 'train_progress', 'epoch': 13, 'batch': 200, 'batches': 255, 'time_group': 200, 'time_groups': 255, 'history_edges': 48751, 'pos_edges': 162, 'neg_edges': 1620, 'loss_recent': 48.49810241699219, 'elapsed_sec': 231.4791745916009, 'avg_sec_per_batch': 1.1573958729580045, 'cuda_allocated_mb': 145, 'cuda_reserved_mb': 2364, 'cuda_max_allocated_mb': 2131}
{'event': 'train_progress', 'epoch': 13, 'batch': 249, 'batches': 255, 'time_group': 249, 'time_groups': 255, 'history_edges': 59866, 'pos_edges': 138, 'neg_edges': 1380, 'loss_recent': 46.94832029342651, 'elapsed_sec': 291.7341167740524, 'avg_sec_per_batch': 1.1716229589319374, 'cuda_allocated_mb': 143, 'cuda_reserved_mb': 2364, 'cuda_max_allocated_mb': 2131}
{'event': 'train_time_group', 'epoch': 13, 'time_group': 255, 'time_groups': 255, 'batch': 254, 'batches': 255, 'time_value': 1410480000.0, 'group_batches': 1, 'history_edges': 61439, 'elapsed_sec': 298.6250491887331, 'cuda_allocated_mb': 120, 'cuda_reserved_mb': 2364, 'cuda_max_allocated_mb': 2131}
{'event': 'train_progress', 'epoch': 13, 'batch': 255, 'batches': 255, 'time_group': 255, 'time_groups': 255, 'history_edges': 61439, 'pos_edges': 321, 'neg_edges': 3210, 'loss_recent': 47.58803203582764, 'elapsed_sec': 300.08256931602955, 'avg_sec_per_batch': 1.1767943894746258, 'cuda_allocated_mb': 166, 'cuda_reserved_mb': 2364, 'cuda_max_allocated_mb': 2131}
{'event': 'validation_start', 'epoch': 13}
{'event': 'validation_ranking_start', 'epoch': 13, 'max_edges': 50}
{'event': 'epoch_end', 'epoch': 13, 'early_stop_metric': 'val_composite', 'val_score': 0.26372907601473305, 'val_auc': 0.890257008823478, 'val_ap': 0.44229232153126025, 'val_ndcg': 0.9063961784680734, 'val_mrr': 0.07692258507617064, 'val_hits@1': 0.03, 'val_hits@10': 0.19, 'val_hits@50': 0.34, 'val_hits@100': 0.48, 'elapsed_sec': 611.8609695881605}
{'event': 'epoch_start', 'epoch': 14, 'epochs': 20, 'batches': 255, 'time_groups': 255}
{'event': 'train_time_group', 'epoch': 14, 'time_group': 1, 'time_groups': 255, 'batch': 0, 'batches': 255, 'time_value': 1388534400.0, 'group_batches': 1, 'history_edges': 0, 'elapsed_sec': 0.027981676161289215, 'cuda_allocated_mb': 120, 'cuda_reserved_mb': 2364, 'cuda_max_allocated_mb': 2131}
{'event': 'train_progress', 'epoch': 14, 'batch': 1, 'batches': 255, 'time_group': 1, 'time_groups': 255, 'history_edges': 0, 'pos_edges': 113, 'neg_edges': 1130, 'loss_recent': 219.9829864501953, 'elapsed_sec': 0.746463056653738, 'avg_sec_per_batch': 0.746463056653738, 'cuda_allocated_mb': 137, 'cuda_reserved_mb': 2364, 'cuda_max_allocated_mb': 2131}
{'event': 'train_progress', 'epoch': 14, 'batch': 56, 'batches': 255, 'time_group': 56, 'time_groups': 255, 'history_edges': 12646, 'pos_edges': 303, 'neg_edges': 3030, 'loss_recent': 48.83949218477522, 'elapsed_sec': 62.13820521533489, 'avg_sec_per_batch': 1.1096108074166946, 'cuda_allocated_mb': 162, 'cuda_reserved_mb': 2364, 'cuda_max_allocated_mb': 2131}
{'event': 'train_progress', 'epoch': 14, 'batch': 100, 'batches': 255, 'time_group': 100, 'time_groups': 255, 'history_edges': 23816, 'pos_edges': 259, 'neg_edges': 2590, 'loss_recent': 49.05615972518921, 'elapsed_sec': 115.1896258443594, 'avg_sec_per_batch': 1.151896258443594, 'cuda_allocated_mb': 158, 'cuda_reserved_mb': 2364, 'cuda_max_allocated_mb': 2131}
{'event': 'train_progress', 'epoch': 14, 'batch': 154, 'batches': 255, 'time_group': 154, 'time_groups': 255, 'history_edges': 36809, 'pos_edges': 273, 'neg_edges': 2730, 'loss_recent': 48.41840724945068, 'elapsed_sec': 176.26297972351313, 'avg_sec_per_batch': 1.1445648033994358, 'cuda_allocated_mb': 159, 'cuda_reserved_mb': 2364, 'cuda_max_allocated_mb': 2131}
{'event': 'train_progress', 'epoch': 14, 'batch': 200, 'batches': 255, 'time_group': 200, 'time_groups': 255, 'history_edges': 48751, 'pos_edges': 162, 'neg_edges': 1620, 'loss_recent': 48.5075486946106, 'elapsed_sec': 229.6520398594439, 'avg_sec_per_batch': 1.1482601992972195, 'cuda_allocated_mb': 146, 'cuda_reserved_mb': 2364, 'cuda_max_allocated_mb': 2131}
{'event': 'train_progress', 'epoch': 14, 'batch': 249, 'batches': 255, 'time_group': 249, 'time_groups': 255, 'history_edges': 59866, 'pos_edges': 138, 'neg_edges': 1380, 'loss_recent': 46.90606925964355, 'elapsed_sec': 290.4811156578362, 'avg_sec_per_batch': 1.1665908259350852, 'cuda_allocated_mb': 142, 'cuda_reserved_mb': 2364, 'cuda_max_allocated_mb': 2131}
{'event': 'train_time_group', 'epoch': 14, 'time_group': 255, 'time_groups': 255, 'batch': 254, 'batches': 255, 'time_value': 1410480000.0, 'group_batches': 1, 'history_edges': 61439, 'elapsed_sec': 297.69026638939977, 'cuda_allocated_mb': 120, 'cuda_reserved_mb': 2364, 'cuda_max_allocated_mb': 2135}
{'event': 'train_progress', 'epoch': 14, 'batch': 255, 'batches': 255, 'time_group': 255, 'time_groups': 255, 'history_edges': 61439, 'pos_edges': 321, 'neg_edges': 3210, 'loss_recent': 47.559085788726804, 'elapsed_sec': 299.2968512251973, 'avg_sec_per_batch': 1.1737131420595974, 'cuda_allocated_mb': 165, 'cuda_reserved_mb': 2364, 'cuda_max_allocated_mb': 2135}
{'event': 'validation_start', 'epoch': 14}
{'event': 'validation_ranking_start', 'epoch': 14, 'max_edges': 50}
{'event': 'epoch_end', 'epoch': 14, 'early_stop_metric': 'val_composite', 'val_score': 0.27104235846488933, 'val_auc': 0.8927805154365405, 'val_ap': 0.4580168847564601, 'val_ndcg': 0.9085759170021424, 'val_mrr': 0.09264718534752457, 'val_hits@1': 0.04, 'val_hits@10': 0.18, 'val_hits@50': 0.36, 'val_hits@100': 0.48, 'elapsed_sec': 615.3294388279319}
{'event': 'epoch_start', 'epoch': 15, 'epochs': 20, 'batches': 255, 'time_groups': 255}
{'event': 'train_time_group', 'epoch': 15, 'time_group': 1, 'time_groups': 255, 'batch': 0, 'batches': 255, 'time_value': 1388534400.0, 'group_batches': 1, 'history_edges': 0, 'elapsed_sec': 0.026040364056825638, 'cuda_allocated_mb': 120, 'cuda_reserved_mb': 2364, 'cuda_max_allocated_mb': 2135}
{'event': 'train_progress', 'epoch': 15, 'batch': 1, 'batches': 255, 'time_group': 1, 'time_groups': 255, 'history_edges': 0, 'pos_edges': 113, 'neg_edges': 1130, 'loss_recent': 237.66317749023438, 'elapsed_sec': 0.7196943648159504, 'avg_sec_per_batch': 0.7196943648159504, 'cuda_allocated_mb': 136, 'cuda_reserved_mb': 2364, 'cuda_max_allocated_mb': 2135}
{'event': 'train_progress', 'epoch': 15, 'batch': 55, 'batches': 255, 'time_group': 55, 'time_groups': 255, 'history_edges': 12327, 'pos_edges': 319, 'neg_edges': 3190, 'loss_recent': 48.94074519764293, 'elapsed_sec': 61.60794273391366, 'avg_sec_per_batch': 1.1201444133438847, 'cuda_allocated_mb': 164, 'cuda_reserved_mb': 2364, 'cuda_max_allocated_mb': 2135}
{'event': 'train_progress', 'epoch': 15, 'batch': 100, 'batches': 255, 'time_group': 100, 'time_groups': 255, 'history_edges': 23816, 'pos_edges': 259, 'neg_edges': 2590, 'loss_recent': 49.25366363525391, 'elapsed_sec': 116.96594584360719, 'avg_sec_per_batch': 1.1696594584360718, 'cuda_allocated_mb': 158, 'cuda_reserved_mb': 2364, 'cuda_max_allocated_mb': 2135}
{'event': 'train_progress', 'epoch': 15, 'batch': 154, 'batches': 255, 'time_group': 154, 'time_groups': 255, 'history_edges': 36809, 'pos_edges': 273, 'neg_edges': 2730, 'loss_recent': 48.39022090911865, 'elapsed_sec': 178.33030239865184, 'avg_sec_per_batch': 1.1579889766146223, 'cuda_allocated_mb': 161, 'cuda_reserved_mb': 2364, 'cuda_max_allocated_mb': 2135}
{'event': 'train_progress', 'epoch': 15, 'batch': 200, 'batches': 255, 'time_group': 200, 'time_groups': 255, 'history_edges': 48751, 'pos_edges': 162, 'neg_edges': 1620, 'loss_recent': 48.43155204772949, 'elapsed_sec': 232.15688560158014, 'avg_sec_per_batch': 1.1607844280079007, 'cuda_allocated_mb': 145, 'cuda_reserved_mb': 2364, 'cuda_max_allocated_mb': 2135}
{'event': 'train_progress', 'epoch': 15, 'batch': 249, 'batches': 255, 'time_group': 249, 'time_groups': 255, 'history_edges': 59866, 'pos_edges': 138, 'neg_edges': 1380, 'loss_recent': 46.822115097045895, 'elapsed_sec': 292.78551311790943, 'avg_sec_per_batch': 1.1758454342084717, 'cuda_allocated_mb': 142, 'cuda_reserved_mb': 2364, 'cuda_max_allocated_mb': 2135}
{'event': 'train_time_group', 'epoch': 15, 'time_group': 255, 'time_groups': 255, 'batch': 254, 'batches': 255, 'time_value': 1410480000.0, 'group_batches': 1, 'history_edges': 61439, 'elapsed_sec': 300.183224003762, 'cuda_allocated_mb': 120, 'cuda_reserved_mb': 2364, 'cuda_max_allocated_mb': 2135}
{'event': 'train_progress', 'epoch': 15, 'batch': 255, 'batches': 255, 'time_group': 255, 'time_groups': 255, 'history_edges': 61439, 'pos_edges': 321, 'neg_edges': 3210, 'loss_recent': 47.44766092300415, 'elapsed_sec': 301.67101350799203, 'avg_sec_per_batch': 1.1830235823842825, 'cuda_allocated_mb': 164, 'cuda_reserved_mb': 2364, 'cuda_max_allocated_mb': 2135}
{'event': 'validation_start', 'epoch': 15}
{'event': 'validation_ranking_start', 'epoch': 15, 'max_edges': 50}
{'event': 'epoch_end', 'epoch': 15, 'early_stop_metric': 'val_composite', 'val_score': 0.27205797439963963, 'val_auc': 0.8907114660956377, 'val_ap': 0.45581391836615204, 'val_ndcg': 0.9088540801804698, 'val_mrr': 0.08073972529735764, 'val_hits@1': 0.03, 'val_hits@10': 0.21, 'val_hits@50': 0.36, 'val_hits@100': 0.47, 'elapsed_sec': 615.0824070721865}
{'event': 'epoch_start', 'epoch': 16, 'epochs': 20, 'batches': 255, 'time_groups': 255}
{'event': 'train_time_group', 'epoch': 16, 'time_group': 1, 'time_groups': 255, 'batch': 0, 'batches': 255, 'time_value': 1388534400.0, 'group_batches': 1, 'history_edges': 0, 'elapsed_sec': 0.025484099984169006, 'cuda_allocated_mb': 120, 'cuda_reserved_mb': 2364, 'cuda_max_allocated_mb': 2135}
{'event': 'train_progress', 'epoch': 16, 'batch': 1, 'batches': 255, 'time_group': 1, 'time_groups': 255, 'history_edges': 0, 'pos_edges': 113, 'neg_edges': 1130, 'loss_recent': 256.92901611328125, 'elapsed_sec': 0.6087951920926571, 'avg_sec_per_batch': 0.6087951920926571, 'cuda_allocated_mb': 137, 'cuda_reserved_mb': 2364, 'cuda_max_allocated_mb': 2135}
{'event': 'train_progress', 'epoch': 16, 'batch': 55, 'batches': 255, 'time_group': 55, 'time_groups': 255, 'history_edges': 12327, 'pos_edges': 319, 'neg_edges': 3190, 'loss_recent': 49.42760720686479, 'elapsed_sec': 61.275855012238026, 'avg_sec_per_batch': 1.114106454767964, 'cuda_allocated_mb': 165, 'cuda_reserved_mb': 2364, 'cuda_max_allocated_mb': 2135}
{'event': 'train_progress', 'epoch': 16, 'batch': 100, 'batches': 255, 'time_group': 100, 'time_groups': 255, 'history_edges': 23816, 'pos_edges': 259, 'neg_edges': 2590, 'loss_recent': 49.502655353546146, 'elapsed_sec': 115.6302113160491, 'avg_sec_per_batch': 1.156302113160491, 'cuda_allocated_mb': 158, 'cuda_reserved_mb': 2364, 'cuda_max_allocated_mb': 2135}
{'event': 'train_progress', 'epoch': 16, 'batch': 154, 'batches': 255, 'time_group': 154, 'time_groups': 255, 'history_edges': 36809, 'pos_edges': 273, 'neg_edges': 2730, 'loss_recent': 48.310206451416015, 'elapsed_sec': 177.11741560325027, 'avg_sec_per_batch': 1.150113088332794, 'cuda_allocated_mb': 161, 'cuda_reserved_mb': 2364, 'cuda_max_allocated_mb': 2135}
{'event': 'train_progress', 'epoch': 16, 'batch': 200, 'batches': 255, 'time_group': 200, 'time_groups': 255, 'history_edges': 48751, 'pos_edges': 162, 'neg_edges': 1620, 'loss_recent': 48.32366102218628, 'elapsed_sec': 232.3301023952663, 'avg_sec_per_batch': 1.1616505119763314, 'cuda_allocated_mb': 146, 'cuda_reserved_mb': 2364, 'cuda_max_allocated_mb': 2135}
{'event': 'train_progress', 'epoch': 16, 'batch': 249, 'batches': 255, 'time_group': 249, 'time_groups': 255, 'history_edges': 59866, 'pos_edges': 138, 'neg_edges': 1380, 'loss_recent': 46.74653514862061, 'elapsed_sec': 292.8445641063154, 'avg_sec_per_batch': 1.176082586772351, 'cuda_allocated_mb': 142, 'cuda_reserved_mb': 2364, 'cuda_max_allocated_mb': 2135}
{'event': 'train_time_group', 'epoch': 16, 'time_group': 255, 'time_groups': 255, 'batch': 254, 'batches': 255, 'time_value': 1410480000.0, 'group_batches': 1, 'history_edges': 61439, 'elapsed_sec': 300.2484474442899, 'cuda_allocated_mb': 120, 'cuda_reserved_mb': 2364, 'cuda_max_allocated_mb': 2135}
{'event': 'train_progress', 'epoch': 16, 'batch': 255, 'batches': 255, 'time_group': 255, 'time_groups': 255, 'history_edges': 61439, 'pos_edges': 321, 'neg_edges': 3210, 'loss_recent': 47.393355255126956, 'elapsed_sec': 301.87032805755734, 'avg_sec_per_batch': 1.1838052080688524, 'cuda_allocated_mb': 166, 'cuda_reserved_mb': 2364, 'cuda_max_allocated_mb': 2135}
{'event': 'validation_start', 'epoch': 16}
{'event': 'validation_ranking_start', 'epoch': 16, 'max_edges': 50}
{'event': 'epoch_end', 'epoch': 16, 'early_stop_metric': 'val_composite', 'val_score': 0.2971009656754908, 'val_auc': 0.890746067806771, 'val_ap': 0.4684596864853629, 'val_ndcg': 0.9112296241951834, 'val_mrr': 0.11828617371187779, 'val_hits@1': 0.08, 'val_hits@10': 0.23, 'val_hits@50': 0.36, 'val_hits@100': 0.51, 'elapsed_sec': 616.6543023064733}
{'event': 'epoch_start', 'epoch': 17, 'epochs': 20, 'batches': 255, 'time_groups': 255}
{'event': 'train_time_group', 'epoch': 17, 'time_group': 1, 'time_groups': 255, 'batch': 0, 'batches': 255, 'time_value': 1388534400.0, 'group_batches': 1, 'history_edges': 0, 'elapsed_sec': 0.02819634974002838, 'cuda_allocated_mb': 120, 'cuda_reserved_mb': 2364, 'cuda_max_allocated_mb': 2135}
{'event': 'train_progress', 'epoch': 17, 'batch': 1, 'batches': 255, 'time_group': 1, 'time_groups': 255, 'history_edges': 0, 'pos_edges': 113, 'neg_edges': 1130, 'loss_recent': 273.20672607421875, 'elapsed_sec': 0.5916152857244015, 'avg_sec_per_batch': 0.5916152857244015, 'cuda_allocated_mb': 137, 'cuda_reserved_mb': 2364, 'cuda_max_allocated_mb': 2135}
{'event': 'train_progress', 'epoch': 17, 'batch': 55, 'batches': 255, 'time_group': 55, 'time_groups': 255, 'history_edges': 12327, 'pos_edges': 319, 'neg_edges': 3190, 'loss_recent': 49.51619886918501, 'elapsed_sec': 61.46693408489227, 'avg_sec_per_batch': 1.117580619725314, 'cuda_allocated_mb': 164, 'cuda_reserved_mb': 2364, 'cuda_max_allocated_mb': 2135}
{'event': 'train_progress', 'epoch': 17, 'batch': 100, 'batches': 255, 'time_group': 100, 'time_groups': 255, 'history_edges': 23816, 'pos_edges': 259, 'neg_edges': 2590, 'loss_recent': 49.466065158843996, 'elapsed_sec': 116.19476298242807, 'avg_sec_per_batch': 1.1619476298242808, 'cuda_allocated_mb': 158, 'cuda_reserved_mb': 2364, 'cuda_max_allocated_mb': 2135}
{'event': 'train_progress', 'epoch': 17, 'batch': 154, 'batches': 255, 'time_group': 154, 'time_groups': 255, 'history_edges': 36809, 'pos_edges': 273, 'neg_edges': 2730, 'loss_recent': 48.274294204711914, 'elapsed_sec': 177.1714467331767, 'avg_sec_per_batch': 1.1504639398258227, 'cuda_allocated_mb': 160, 'cuda_reserved_mb': 2364, 'cuda_max_allocated_mb': 2135}
{'event': 'train_progress', 'epoch': 17, 'batch': 200, 'batches': 255, 'time_group': 200, 'time_groups': 255, 'history_edges': 48751, 'pos_edges': 162, 'neg_edges': 1620, 'loss_recent': 48.3499430847168, 'elapsed_sec': 232.30308859422803, 'avg_sec_per_batch': 1.16151544297114, 'cuda_allocated_mb': 145, 'cuda_reserved_mb': 2364, 'cuda_max_allocated_mb': 2135}
{'event': 'train_progress', 'epoch': 17, 'batch': 249, 'batches': 255, 'time_group': 249, 'time_groups': 255, 'history_edges': 59866, 'pos_edges': 138, 'neg_edges': 1380, 'loss_recent': 46.760923042297364, 'elapsed_sec': 292.6445069760084, 'avg_sec_per_batch': 1.1752791444819615, 'cuda_allocated_mb': 142, 'cuda_reserved_mb': 2364, 'cuda_max_allocated_mb': 2135}
{'event': 'train_time_group', 'epoch': 17, 'time_group': 255, 'time_groups': 255, 'batch': 254, 'batches': 255, 'time_value': 1410480000.0, 'group_batches': 1, 'history_edges': 61439, 'elapsed_sec': 300.05878726392984, 'cuda_allocated_mb': 120, 'cuda_reserved_mb': 2364, 'cuda_max_allocated_mb': 2135}
{'event': 'train_progress', 'epoch': 17, 'batch': 255, 'batches': 255, 'time_group': 255, 'time_groups': 255, 'history_edges': 61439, 'pos_edges': 321, 'neg_edges': 3210, 'loss_recent': 47.383943767547606, 'elapsed_sec': 301.7206602431834, 'avg_sec_per_batch': 1.1832182754634641, 'cuda_allocated_mb': 166, 'cuda_reserved_mb': 2364, 'cuda_max_allocated_mb': 2135}
{'event': 'validation_start', 'epoch': 17}
{'event': 'validation_ranking_start', 'epoch': 17, 'max_edges': 50}
{'event': 'epoch_end', 'epoch': 17, 'early_stop_metric': 'val_composite', 'val_score': 0.2925470493124661, 'val_auc': 0.8901708211338164, 'val_ap': 0.47734881099600734, 'val_ndcg': 0.9125730839798398, 'val_mrr': 0.11257309008558578, 'val_hits@1': 0.05, 'val_hits@10': 0.22, 'val_hits@50': 0.38, 'val_hits@100': 0.48, 'elapsed_sec': 614.2662183903158}
{'event': 'epoch_start', 'epoch': 18, 'epochs': 20, 'batches': 255, 'time_groups': 255}
{'event': 'train_time_group', 'epoch': 18, 'time_group': 1, 'time_groups': 255, 'batch': 0, 'batches': 255, 'time_value': 1388534400.0, 'group_batches': 1, 'history_edges': 0, 'elapsed_sec': 0.028418608009815216, 'cuda_allocated_mb': 120, 'cuda_reserved_mb': 2364, 'cuda_max_allocated_mb': 2135}
{'event': 'train_progress', 'epoch': 18, 'batch': 1, 'batches': 255, 'time_group': 1, 'time_groups': 255, 'history_edges': 0, 'pos_edges': 113, 'neg_edges': 1130, 'loss_recent': 287.0294494628906, 'elapsed_sec': 0.7283411994576454, 'avg_sec_per_batch': 0.7283411994576454, 'cuda_allocated_mb': 138, 'cuda_reserved_mb': 2364, 'cuda_max_allocated_mb': 2135}
{'event': 'train_progress', 'epoch': 18, 'batch': 54, 'batches': 255, 'time_group': 54, 'time_groups': 255, 'history_edges': 12145, 'pos_edges': 182, 'neg_edges': 1820, 'loss_recent': 49.64516282964636, 'elapsed_sec': 61.05061195790768, 'avg_sec_per_batch': 1.1305668881094013, 'cuda_allocated_mb': 147, 'cuda_reserved_mb': 2364, 'cuda_max_allocated_mb': 2135}
{'event': 'train_progress', 'epoch': 18, 'batch': 100, 'batches': 255, 'time_group': 100, 'time_groups': 255, 'history_edges': 23816, 'pos_edges': 259, 'neg_edges': 2590, 'loss_recent': 49.68355728149414, 'elapsed_sec': 117.1067426353693, 'avg_sec_per_batch': 1.171067426353693, 'cuda_allocated_mb': 156, 'cuda_reserved_mb': 2364, 'cuda_max_allocated_mb': 2135}
{'event': 'train_progress', 'epoch': 18, 'batch': 155, 'batches': 255, 'time_group': 155, 'time_groups': 255, 'history_edges': 37082, 'pos_edges': 297, 'neg_edges': 2970, 'loss_recent': 48.24614833831787, 'elapsed_sec': 177.4115360416472, 'avg_sec_per_batch': 1.1445905551074012, 'cuda_allocated_mb': 164, 'cuda_reserved_mb': 2364, 'cuda_max_allocated_mb': 2135}
{'event': 'train_progress', 'epoch': 18, 'batch': 200, 'batches': 255, 'time_group': 200, 'time_groups': 255, 'history_edges': 48751, 'pos_edges': 162, 'neg_edges': 1620, 'loss_recent': 48.39914638519287, 'elapsed_sec': 232.98833860829473, 'avg_sec_per_batch': 1.1649416930414735, 'cuda_allocated_mb': 144, 'cuda_reserved_mb': 2364, 'cuda_max_allocated_mb': 2135}
{'event': 'train_progress', 'epoch': 18, 'batch': 249, 'batches': 255, 'time_group': 249, 'time_groups': 255, 'history_edges': 59866, 'pos_edges': 138, 'neg_edges': 1380, 'loss_recent': 46.787011852264406, 'elapsed_sec': 293.6340179108083, 'avg_sec_per_batch': 1.17925308397915, 'cuda_allocated_mb': 144, 'cuda_reserved_mb': 2364, 'cuda_max_allocated_mb': 2135}
{'event': 'train_time_group', 'epoch': 18, 'time_group': 255, 'time_groups': 255, 'batch': 254, 'batches': 255, 'time_value': 1410480000.0, 'group_batches': 1, 'history_edges': 61439, 'elapsed_sec': 301.2333655357361, 'cuda_allocated_mb': 120, 'cuda_reserved_mb': 2364, 'cuda_max_allocated_mb': 2135}
{'event': 'train_progress', 'epoch': 18, 'batch': 255, 'batches': 255, 'time_group': 255, 'time_groups': 255, 'history_edges': 61439, 'pos_edges': 321, 'neg_edges': 3210, 'loss_recent': 47.43618787765503, 'elapsed_sec': 302.86760571599007, 'avg_sec_per_batch': 1.1877161008470198, 'cuda_allocated_mb': 166, 'cuda_reserved_mb': 2364, 'cuda_max_allocated_mb': 2135}
{'event': 'validation_start', 'epoch': 18}
{'event': 'validation_ranking_start', 'epoch': 18, 'max_edges': 50}
{'event': 'epoch_end', 'epoch': 18, 'early_stop_metric': 'val_composite', 'val_score': 0.2806946826263507, 'val_auc': 0.8913168827149638, 'val_ap': 0.48713766164002975, 'val_ndcg': 0.9142505874023747, 'val_mrr': 0.09156676811020635, 'val_hits@1': 0.04, 'val_hits@10': 0.21, 'val_hits@50': 0.41, 'val_hits@100': 0.51, 'elapsed_sec': 616.3007360547781}
{'event': 'epoch_start', 'epoch': 19, 'epochs': 20, 'batches': 255, 'time_groups': 255}
{'event': 'train_time_group', 'epoch': 19, 'time_group': 1, 'time_groups': 255, 'batch': 0, 'batches': 255, 'time_value': 1388534400.0, 'group_batches': 1, 'history_edges': 0, 'elapsed_sec': 0.027997072786092758, 'cuda_allocated_mb': 120, 'cuda_reserved_mb': 2364, 'cuda_max_allocated_mb': 2135}
{'event': 'train_progress', 'epoch': 19, 'batch': 1, 'batches': 255, 'time_group': 1, 'time_groups': 255, 'history_edges': 0, 'pos_edges': 113, 'neg_edges': 1130, 'loss_recent': 292.304443359375, 'elapsed_sec': 0.7298271954059601, 'avg_sec_per_batch': 0.7298271954059601, 'cuda_allocated_mb': 136, 'cuda_reserved_mb': 2364, 'cuda_max_allocated_mb': 2135}
{'event': 'train_progress', 'epoch': 19, 'batch': 55, 'batches': 255, 'time_group': 55, 'time_groups': 255, 'history_edges': 12327, 'pos_edges': 319, 'neg_edges': 3190, 'loss_recent': 49.79516372680664, 'elapsed_sec': 61.973851818591356, 'avg_sec_per_batch': 1.1267973057925702, 'cuda_allocated_mb': 165, 'cuda_reserved_mb': 2364, 'cuda_max_allocated_mb': 2135}
{'event': 'train_progress', 'epoch': 19, 'batch': 100, 'batches': 255, 'time_group': 100, 'time_groups': 255, 'history_edges': 23816, 'pos_edges': 259, 'neg_edges': 2590, 'loss_recent': 49.63889869689942, 'elapsed_sec': 116.38643335551023, 'avg_sec_per_batch': 1.1638643335551024, 'cuda_allocated_mb': 157, 'cuda_reserved_mb': 2364, 'cuda_max_allocated_mb': 2135}
{'event': 'train_progress', 'epoch': 19, 'batch': 154, 'batches': 255, 'time_group': 154, 'time_groups': 255, 'history_edges': 36809, 'pos_edges': 273, 'neg_edges': 2730, 'loss_recent': 48.27025505065918, 'elapsed_sec': 177.72445160895586, 'avg_sec_per_batch': 1.1540548805776354, 'cuda_allocated_mb': 159, 'cuda_reserved_mb': 2364, 'cuda_max_allocated_mb': 2135}
{'event': 'train_progress', 'epoch': 19, 'batch': 200, 'batches': 255, 'time_group': 200, 'time_groups': 255, 'history_edges': 48751, 'pos_edges': 162, 'neg_edges': 1620, 'loss_recent': 48.337166213989256, 'elapsed_sec': 234.34727309644222, 'avg_sec_per_batch': 1.171736365482211, 'cuda_allocated_mb': 145, 'cuda_reserved_mb': 2364, 'cuda_max_allocated_mb': 2135}
{'event': 'train_progress', 'epoch': 19, 'batch': 249, 'batches': 255, 'time_group': 249, 'time_groups': 255, 'history_edges': 59866, 'pos_edges': 138, 'neg_edges': 1380, 'loss_recent': 46.684458332061766, 'elapsed_sec': 294.6646842621267, 'avg_sec_per_batch': 1.1833923062736011, 'cuda_allocated_mb': 143, 'cuda_reserved_mb': 2364, 'cuda_max_allocated_mb': 2135}
{'event': 'train_time_group', 'epoch': 19, 'time_group': 255, 'time_groups': 255, 'batch': 254, 'batches': 255, 'time_value': 1410480000.0, 'group_batches': 1, 'history_edges': 61439, 'elapsed_sec': 302.03394893556833, 'cuda_allocated_mb': 120, 'cuda_reserved_mb': 2364, 'cuda_max_allocated_mb': 2135}
{'event': 'train_progress', 'epoch': 19, 'batch': 255, 'batches': 255, 'time_group': 255, 'time_groups': 255, 'history_edges': 61439, 'pos_edges': 321, 'neg_edges': 3210, 'loss_recent': 47.331999645233154, 'elapsed_sec': 303.6821769438684, 'avg_sec_per_batch': 1.1909104978190919, 'cuda_allocated_mb': 166, 'cuda_reserved_mb': 2364, 'cuda_max_allocated_mb': 2135}
{'event': 'validation_start', 'epoch': 19}
{'event': 'validation_ranking_start', 'epoch': 19, 'max_edges': 50}
{'event': 'epoch_end', 'epoch': 19, 'early_stop_metric': 'val_composite', 'val_score': 0.2820071585782099, 'val_auc': 0.8892090993442694, 'val_ap': 0.4855816267417509, 'val_ndcg': 0.9140128483683839, 'val_mrr': 0.10013526200478873, 'val_hits@1': 0.03, 'val_hits@10': 0.2, 'val_hits@50': 0.37, 'val_hits@100': 0.49, 'elapsed_sec': 618.0965111851692}
{'event': 'epoch_start', 'epoch': 20, 'epochs': 20, 'batches': 255, 'time_groups': 255}
{'event': 'train_time_group', 'epoch': 20, 'time_group': 1, 'time_groups': 255, 'batch': 0, 'batches': 255, 'time_value': 1388534400.0, 'group_batches': 1, 'history_edges': 0, 'elapsed_sec': 0.02835376188158989, 'cuda_allocated_mb': 120, 'cuda_reserved_mb': 2364, 'cuda_max_allocated_mb': 2135}
{'event': 'train_progress', 'epoch': 20, 'batch': 1, 'batches': 255, 'time_group': 1, 'time_groups': 255, 'history_edges': 0, 'pos_edges': 113, 'neg_edges': 1130, 'loss_recent': 312.2799377441406, 'elapsed_sec': 0.7090790271759033, 'avg_sec_per_batch': 0.7090790271759033, 'cuda_allocated_mb': 137, 'cuda_reserved_mb': 2364, 'cuda_max_allocated_mb': 2135}
{'event': 'train_progress', 'epoch': 20, 'batch': 54, 'batches': 255, 'time_group': 54, 'time_groups': 255, 'history_edges': 12145, 'pos_edges': 182, 'neg_edges': 1820, 'loss_recent': 49.90514988369412, 'elapsed_sec': 60.7152630276978, 'avg_sec_per_batch': 1.1243567227351445, 'cuda_allocated_mb': 147, 'cuda_reserved_mb': 2364, 'cuda_max_allocated_mb': 2135}
{'event': 'train_progress', 'epoch': 20, 'batch': 100, 'batches': 255, 'time_group': 100, 'time_groups': 255, 'history_edges': 23816, 'pos_edges': 259, 'neg_edges': 2590, 'loss_recent': 49.8009041595459, 'elapsed_sec': 116.2102376036346, 'avg_sec_per_batch': 1.162102376036346, 'cuda_allocated_mb': 157, 'cuda_reserved_mb': 2364, 'cuda_max_allocated_mb': 2135}
{'event': 'train_progress', 'epoch': 20, 'batch': 153, 'batches': 255, 'time_group': 153, 'time_groups': 255, 'history_edges': 36547, 'pos_edges': 262, 'neg_edges': 2620, 'loss_recent': 48.04230476379394, 'elapsed_sec': 176.61858040839434, 'avg_sec_per_batch': 1.1543698065908126, 'cuda_allocated_mb': 158, 'cuda_reserved_mb': 2364, 'cuda_max_allocated_mb': 2135}
{'event': 'train_progress', 'epoch': 20, 'batch': 200, 'batches': 255, 'time_group': 200, 'time_groups': 255, 'history_edges': 48751, 'pos_edges': 162, 'neg_edges': 1620, 'loss_recent': 48.348873977661135, 'elapsed_sec': 233.89704820141196, 'avg_sec_per_batch': 1.1694852410070598, 'cuda_allocated_mb': 145, 'cuda_reserved_mb': 2364, 'cuda_max_allocated_mb': 2135}
{'event': 'train_progress', 'epoch': 20, 'batch': 249, 'batches': 255, 'time_group': 249, 'time_groups': 255, 'history_edges': 59866, 'pos_edges': 138, 'neg_edges': 1380, 'loss_recent': 46.67926862716675, 'elapsed_sec': 294.46129786223173, 'avg_sec_per_batch': 1.1825754934226174, 'cuda_allocated_mb': 143, 'cuda_reserved_mb': 2364, 'cuda_max_allocated_mb': 2135}
{'event': 'train_time_group', 'epoch': 20, 'time_group': 255, 'time_groups': 255, 'batch': 254, 'batches': 255, 'time_value': 1410480000.0, 'group_batches': 1, 'history_edges': 61439, 'elapsed_sec': 301.9689640365541, 'cuda_allocated_mb': 120, 'cuda_reserved_mb': 2364, 'cuda_max_allocated_mb': 2135}
{'event': 'train_progress', 'epoch': 20, 'batch': 255, 'batches': 255, 'time_group': 255, 'time_groups': 255, 'history_edges': 61439, 'pos_edges': 321, 'neg_edges': 3210, 'loss_recent': 47.2941180229187, 'elapsed_sec': 303.53499810770154, 'avg_sec_per_batch': 1.190333325912555, 'cuda_allocated_mb': 164, 'cuda_reserved_mb': 2364, 'cuda_max_allocated_mb': 2135}
{'event': 'validation_start', 'epoch': 20}
{'event': 'validation_ranking_start', 'epoch': 20, 'max_edges': 50}
{'event': 'epoch_end', 'epoch': 20, 'early_stop_metric': 'val_composite', 'val_score': 0.2841006258979632, 'val_auc': 0.887846139219219, 'val_ap': 0.48505505344504296, 'val_ndcg': 0.9135808424917521, 'val_mrr': 0.09983639934115217, 'val_hits@1': 0.05, 'val_hits@10': 0.21, 'val_hits@50': 0.45, 'val_hits@100': 0.51, 'elapsed_sec': 617.2579719461501}
{'dataset': 'icews14', 'method': 'ssptgfm', 'scenario': 'standard', 'ablation': 'full', 'few_shot_ratio': 1.0, 'seed': 4, 'train_edges': 61760, 'val_edges': 14592, 'test_edges': 14378, 'params_trainable': 4610448, 'params_total': 4610448, 'rough_forward_flops': 4794548224, 'train_eval_time_sec': 13722.45218430832, 'allocated_mb': 62.212890625, 'reserved_mb': 2364.0, 'max_allocated_mb': 2135.14697265625, 'val_auc': 0.8907460676189128, 'val_ap': 0.4684596895362573, 'val_ndcg': 0.9112296241645692, 'val_mrr': 0.11828617371187779, 'val_hits@1': 0.08, 'val_hits@10': 0.23, 'val_hits@50': 0.36, 'val_hits@100': 0.51, 'train_loss': 48.1765484753777, 'train_lp': 0.1474026610746103, 'train_align': 9413.795436006434, 'train_kl': 9571.852434584674, 'train_ood_reg': 0.23383601407210033, 'train_meta': 0.5501561963675069, 'train_weighted_align': 47.06897617414886, 'train_weighted_kl': 0.9571852029830802, 'train_weighted_ood_reg': 0.000233836025490389, 'train_weighted_meta': 0.0027507809235020448, 'test_auc': 0.8917765216255085, 'test_ap': 0.42878942563600064, 'test_ndcg': 0.9032095152909747, 'test_mrr': 0.12471184682257931, 'test_hits@1': 0.07, 'test_hits@10': 0.235, 'test_hits@50': 0.425, 'test_hits@100': 0.5225}
