runtime_device=cuda
cuda_device=Tesla V100-PCIE-32GB
{'event': 'seed_start', 'dataset': 'icews14', 'ablation': 'full', 'seed': 5, 'device': 'cuda', 'node_text_device': 'cuda:0'}
{'event': 'train_seed_start', 'seed': 5, 'train_edges': 61760, 'val_edges': 14592, 'test_edges': 14378, 'num_nodes': 7128, 'num_relations': 230}
{'event': 'train_seed_tensors_ready', 'seed': 5, 'elapsed_sec': 0.023319408297538757, 'cuda_allocated_mb': 28, 'cuda_reserved_mb': 44, 'cuda_max_allocated_mb': 28}
{'event': 'train_known_facts_ready', 'seed': 5, 'scope': 'train', 'edges': 61760, 'elapsed_sec': 0.030276965349912643}
{'event': 'train_known_facts_ready', 'seed': 5, 'scope': 'train_val', 'edges': 76352, 'elapsed_sec': 0.036957450211048126}
{'event': 'train_sampler_ready', 'seed': 5, 'elapsed_sec': 0.04119187593460083}
{'event': 'val_sampler_ready', 'seed': 5, 'elapsed_sec': 0.044877003878355026}
{'event': 'epoch_start', 'epoch': 1, 'epochs': 20, 'batches': 255, 'time_groups': 255}
{'event': 'train_time_group', 'epoch': 1, 'time_group': 1, 'time_groups': 255, 'batch': 0, 'batches': 255, 'time_value': 1388534400.0, 'group_batches': 1, 'history_edges': 0, 'elapsed_sec': 0.028109319508075714, 'cuda_allocated_mb': 30, 'cuda_reserved_mb': 46, 'cuda_max_allocated_mb': 30}
{'event': 'train_progress', 'epoch': 1, 'batch': 1, 'batches': 255, 'time_group': 1, 'time_groups': 255, 'history_edges': 0, 'pos_edges': 113, 'neg_edges': 1130, 'loss_recent': 46.53666687011719, 'elapsed_sec': 1.9021593779325485, 'avg_sec_per_batch': 1.9021593779325485, 'cuda_allocated_mb': 136, 'cuda_reserved_mb': 348, 'cuda_max_allocated_mb': 324}
{'event': 'train_progress', 'epoch': 1, 'batch': 51, 'batches': 255, 'time_group': 51, 'time_groups': 255, 'history_edges': 11287, 'pos_edges': 355, 'neg_edges': 3550, 'loss_recent': 83.88066123513615, 'elapsed_sec': 62.395712833851576, 'avg_sec_per_batch': 1.2234453496833642, 'cuda_allocated_mb': 168, 'cuda_reserved_mb': 1142, 'cuda_max_allocated_mb': 1052}
{'event': 'train_progress', 'epoch': 1, 'batch': 98, 'batches': 255, 'time_group': 98, 'time_groups': 255, 'history_edges': 23184, 'pos_edges': 340, 'neg_edges': 3400, 'loss_recent': 85.93559560970384, 'elapsed_sec': 123.6712935641408, 'avg_sec_per_batch': 1.2619519751442938, 'cuda_allocated_mb': 167, 'cuda_reserved_mb': 1368, 'cuda_max_allocated_mb': 1280}
{'event': 'train_progress', 'epoch': 1, 'batch': 100, 'batches': 255, 'time_group': 100, 'time_groups': 255, 'history_edges': 23816, 'pos_edges': 259, 'neg_edges': 2590, 'loss_recent': 86.16138458251953, 'elapsed_sec': 126.5325999930501, 'avg_sec_per_batch': 1.2653259999305009, 'cuda_allocated_mb': 158, 'cuda_reserved_mb': 1368, 'cuda_max_allocated_mb': 1280}
{'event': 'train_progress', 'epoch': 1, 'batch': 148, 'batches': 255, 'time_group': 148, 'time_groups': 255, 'history_edges': 35325, 'pos_edges': 313, 'neg_edges': 3130, 'loss_recent': 86.00327854156494, 'elapsed_sec': 187.52274961024523, 'avg_sec_per_batch': 1.26704560547463, 'cuda_allocated_mb': 165, 'cuda_reserved_mb': 1668, 'cuda_max_allocated_mb': 1585}
{'event': 'train_progress', 'epoch': 1, 'batch': 200, 'batches': 255, 'time_group': 200, 'time_groups': 255, 'history_edges': 48751, 'pos_edges': 162, 'neg_edges': 1620, 'loss_recent': 80.39732624053956, 'elapsed_sec': 229.39623346179724, 'avg_sec_per_batch': 1.1469811673089862, 'cuda_allocated_mb': 144, 'cuda_reserved_mb': 1888, 'cuda_max_allocated_mb': 1768}
{'event': 'train_time_group', 'epoch': 1, 'time_group': 255, 'time_groups': 255, 'batch': 254, 'batches': 255, 'time_value': 1410480000.0, 'group_batches': 1, 'history_edges': 61439, 'elapsed_sec': 262.6857616305351, 'cuda_allocated_mb': 120, 'cuda_reserved_mb': 2248, 'cuda_max_allocated_mb': 2130}
{'event': 'train_progress', 'epoch': 1, 'batch': 255, 'batches': 255, 'time_group': 255, 'time_groups': 255, 'history_edges': 61439, 'pos_edges': 321, 'neg_edges': 3210, 'loss_recent': 72.29874887466431, 'elapsed_sec': 263.4213541597128, 'avg_sec_per_batch': 1.0330249182733835, 'cuda_allocated_mb': 166, 'cuda_reserved_mb': 2248, 'cuda_max_allocated_mb': 2130}
{'event': 'validation_start', 'epoch': 1}
{'event': 'validation_ranking_start', 'epoch': 1, 'max_edges': 50}
{'event': 'epoch_end', 'epoch': 1, 'early_stop_metric': 'val_composite', 'val_score': 0.18383044523085262, 'val_auc': 0.8680415561684245, 'val_ap': 0.25181724644107606, 'val_ndcg': 0.8565260159116748, 'val_mrr': 0.03688497432296267, 'val_hits@1': 0.02, 'val_hits@10': 0.04, 'val_hits@50': 0.18, 'val_hits@100': 0.3, 'elapsed_sec': 402.9971257522702}
{'event': 'epoch_start', 'epoch': 2, 'epochs': 20, 'batches': 255, 'time_groups': 255}
{'event': 'train_time_group', 'epoch': 2, 'time_group': 1, 'time_groups': 255, 'batch': 0, 'batches': 255, 'time_value': 1388534400.0, 'group_batches': 1, 'history_edges': 0, 'elapsed_sec': 0.035623181611299515, 'cuda_allocated_mb': 120, 'cuda_reserved_mb': 2342, 'cuda_max_allocated_mb': 2130}
{'event': 'train_progress', 'epoch': 2, 'batch': 1, 'batches': 255, 'time_group': 1, 'time_groups': 255, 'history_edges': 0, 'pos_edges': 113, 'neg_edges': 1130, 'loss_recent': 43.56715774536133, 'elapsed_sec': 0.4082584120333195, 'avg_sec_per_batch': 0.4082584120333195, 'cuda_allocated_mb': 137, 'cuda_reserved_mb': 2342, 'cuda_max_allocated_mb': 2130}
{'event': 'train_progress', 'epoch': 2, 'batch': 99, 'batches': 255, 'time_group': 99, 'time_groups': 255, 'history_edges': 23524, 'pos_edges': 292, 'neg_edges': 2920, 'loss_recent': 66.53948753048675, 'elapsed_sec': 60.47577418759465, 'avg_sec_per_batch': 0.6108664059352995, 'cuda_allocated_mb': 162, 'cuda_reserved_mb': 2342, 'cuda_max_allocated_mb': 2130}
{'event': 'train_progress', 'epoch': 2, 'batch': 100, 'batches': 255, 'time_group': 100, 'time_groups': 255, 'history_edges': 23816, 'pos_edges': 259, 'neg_edges': 2590, 'loss_recent': 66.5320976448059, 'elapsed_sec': 61.10495567321777, 'avg_sec_per_batch': 0.6110495567321778, 'cuda_allocated_mb': 158, 'cuda_reserved_mb': 2342, 'cuda_max_allocated_mb': 2130}
{'event': 'train_progress', 'epoch': 2, 'batch': 196, 'batches': 255, 'time_group': 196, 'time_groups': 255, 'history_edges': 47593, 'pos_edges': 312, 'neg_edges': 3120, 'loss_recent': 60.06224647521972, 'elapsed_sec': 121.78450156748295, 'avg_sec_per_batch': 0.6213494977932803, 'cuda_allocated_mb': 166, 'cuda_reserved_mb': 2342, 'cuda_max_allocated_mb': 2130}
{'event': 'train_progress', 'epoch': 2, 'batch': 200, 'batches': 255, 'time_group': 200, 'time_groups': 255, 'history_edges': 48751, 'pos_edges': 162, 'neg_edges': 1620, 'loss_recent': 59.48096622467041, 'elapsed_sec': 124.51031687483191, 'avg_sec_per_batch': 0.6225515843741596, 'cuda_allocated_mb': 145, 'cuda_reserved_mb': 2342, 'cuda_max_allocated_mb': 2130}
{'event': 'train_time_group', 'epoch': 2, 'time_group': 255, 'time_groups': 255, 'batch': 254, 'batches': 255, 'time_value': 1410480000.0, 'group_batches': 1, 'history_edges': 61439, 'elapsed_sec': 157.32442527264357, 'cuda_allocated_mb': 120, 'cuda_reserved_mb': 2342, 'cuda_max_allocated_mb': 2132}
{'event': 'train_progress', 'epoch': 2, 'batch': 255, 'batches': 255, 'time_group': 255, 'time_groups': 255, 'history_edges': 61439, 'pos_edges': 321, 'neg_edges': 3210, 'loss_recent': 56.63840867996216, 'elapsed_sec': 158.05151414126158, 'avg_sec_per_batch': 0.6198098593774963, 'cuda_allocated_mb': 166, 'cuda_reserved_mb': 2342, 'cuda_max_allocated_mb': 2132}
{'event': 'validation_start', 'epoch': 2}
{'event': 'validation_ranking_start', 'epoch': 2, 'max_edges': 50}
{'event': 'epoch_end', 'epoch': 2, 'early_stop_metric': 'val_composite', 'val_score': 0.17359462449723043, 'val_auc': 0.8698411672303917, 'val_ap': 0.2711328088534857, 'val_ndcg': 0.8622214157299822, 'val_mrr': 0.01701033705464623, 'val_hits@1': 0.0, 'val_hits@10': 0.03, 'val_hits@50': 0.16, 'val_hits@100': 0.29, 'elapsed_sec': 291.38735576346517}
{'event': 'epoch_start', 'epoch': 3, 'epochs': 20, 'batches': 255, 'time_groups': 255}
{'event': 'train_time_group', 'epoch': 3, 'time_group': 1, 'time_groups': 255, 'batch': 0, 'batches': 255, 'time_value': 1388534400.0, 'group_batches': 1, 'history_edges': 0, 'elapsed_sec': 0.02791067212820053, 'cuda_allocated_mb': 120, 'cuda_reserved_mb': 2342, 'cuda_max_allocated_mb': 2132}
{'event': 'train_progress', 'epoch': 3, 'batch': 1, 'batches': 255, 'time_group': 1, 'time_groups': 255, 'history_edges': 0, 'pos_edges': 113, 'neg_edges': 1130, 'loss_recent': 52.7153205871582, 'elapsed_sec': 0.40265505015850067, 'avg_sec_per_batch': 0.40265505015850067, 'cuda_allocated_mb': 137, 'cuda_reserved_mb': 2342, 'cuda_max_allocated_mb': 2132}
{'event': 'train_progress', 'epoch': 3, 'batch': 100, 'batches': 255, 'time_group': 100, 'time_groups': 255, 'history_edges': 23816, 'pos_edges': 259, 'neg_edges': 2590, 'loss_recent': 56.44062698364258, 'elapsed_sec': 58.722715210169554, 'avg_sec_per_batch': 0.5872271521016955, 'cuda_allocated_mb': 158, 'cuda_reserved_mb': 2342, 'cuda_max_allocated_mb': 2132}
{'event': 'train_progress', 'epoch': 3, 'batch': 197, 'batches': 255, 'time_group': 197, 'time_groups': 255, 'history_edges': 47905, 'pos_edges': 283, 'neg_edges': 2830, 'loss_recent': 54.10535566329956, 'elapsed_sec': 118.78768072649837, 'avg_sec_per_batch': 0.6029831508959308, 'cuda_allocated_mb': 161, 'cuda_reserved_mb': 2342, 'cuda_max_allocated_mb': 2132}
{'event': 'train_progress', 'epoch': 3, 'batch': 200, 'batches': 255, 'time_group': 200, 'time_groups': 255, 'history_edges': 48751, 'pos_edges': 162, 'neg_edges': 1620, 'loss_recent': 53.68515424728393, 'elapsed_sec': 120.57966843619943, 'avg_sec_per_batch': 0.6028983421809971, 'cuda_allocated_mb': 146, 'cuda_reserved_mb': 2342, 'cuda_max_allocated_mb': 2132}
{'event': 'train_time_group', 'epoch': 3, 'time_group': 255, 'time_groups': 255, 'batch': 254, 'batches': 255, 'time_value': 1410480000.0, 'group_batches': 1, 'history_edges': 61439, 'elapsed_sec': 152.6114681996405, 'cuda_allocated_mb': 120, 'cuda_reserved_mb': 2342, 'cuda_max_allocated_mb': 2132}
{'event': 'train_progress', 'epoch': 3, 'batch': 255, 'batches': 255, 'time_group': 255, 'time_groups': 255, 'history_edges': 61439, 'pos_edges': 321, 'neg_edges': 3210, 'loss_recent': 52.18309551239014, 'elapsed_sec': 153.32870234921575, 'avg_sec_per_batch': 0.6012890288204539, 'cuda_allocated_mb': 165, 'cuda_reserved_mb': 2342, 'cuda_max_allocated_mb': 2132}
{'event': 'validation_start', 'epoch': 3}
{'event': 'validation_ranking_start', 'epoch': 3, 'max_edges': 50}
{'event': 'epoch_end', 'epoch': 3, 'early_stop_metric': 'val_composite', 'val_score': 0.177962779423244, 'val_auc': 0.8714958275923843, 'val_ap': 0.2707833158782948, 'val_ndcg': 0.8608714332315915, 'val_mrr': 0.02532014739311375, 'val_hits@1': 0.01, 'val_hits@10': 0.03, 'val_hits@50': 0.17, 'val_hits@100': 0.27, 'elapsed_sec': 286.73275912180543}
{'event': 'epoch_start', 'epoch': 4, 'epochs': 20, 'batches': 255, 'time_groups': 255}
{'event': 'train_time_group', 'epoch': 4, 'time_group': 1, 'time_groups': 255, 'batch': 0, 'batches': 255, 'time_value': 1388534400.0, 'group_batches': 1, 'history_edges': 0, 'elapsed_sec': 0.022992651909589767, 'cuda_allocated_mb': 120, 'cuda_reserved_mb': 2342, 'cuda_max_allocated_mb': 2132}
{'event': 'train_progress', 'epoch': 4, 'batch': 1, 'batches': 255, 'time_group': 1, 'time_groups': 255, 'history_edges': 0, 'pos_edges': 113, 'neg_edges': 1130, 'loss_recent': 67.48167419433594, 'elapsed_sec': 0.34871456399559975, 'avg_sec_per_batch': 0.34871456399559975, 'cuda_allocated_mb': 137, 'cuda_reserved_mb': 2342, 'cuda_max_allocated_mb': 2132}
{'event': 'train_progress', 'epoch': 4, 'batch': 100, 'batches': 255, 'time_group': 100, 'time_groups': 255, 'history_edges': 23816, 'pos_edges': 259, 'neg_edges': 2590, 'loss_recent': 52.677368278503415, 'elapsed_sec': 58.68945551663637, 'avg_sec_per_batch': 0.5868945551663637, 'cuda_allocated_mb': 158, 'cuda_reserved_mb': 2342, 'cuda_max_allocated_mb': 2132}
{'event': 'train_progress', 'epoch': 4, 'batch': 196, 'batches': 255, 'time_group': 196, 'time_groups': 255, 'history_edges': 47593, 'pos_edges': 312, 'neg_edges': 3120, 'loss_recent': 52.47055034637451, 'elapsed_sec': 119.01858962327242, 'avg_sec_per_batch': 0.6072377021595532, 'cuda_allocated_mb': 164, 'cuda_reserved_mb': 2342, 'cuda_max_allocated_mb': 2132}
{'event': 'train_progress', 'epoch': 4, 'batch': 200, 'batches': 255, 'time_group': 200, 'time_groups': 255, 'history_edges': 48751, 'pos_edges': 162, 'neg_edges': 1620, 'loss_recent': 52.13187149047852, 'elapsed_sec': 121.70768052712083, 'avg_sec_per_batch': 0.6085384026356041, 'cuda_allocated_mb': 145, 'cuda_reserved_mb': 2342, 'cuda_max_allocated_mb': 2132}
{'event': 'train_time_group', 'epoch': 4, 'time_group': 255, 'time_groups': 255, 'batch': 254, 'batches': 255, 'time_value': 1410480000.0, 'group_batches': 1, 'history_edges': 61439, 'elapsed_sec': 154.87184024602175, 'cuda_allocated_mb': 120, 'cuda_reserved_mb': 2342, 'cuda_max_allocated_mb': 2132}
{'event': 'train_progress', 'epoch': 4, 'batch': 255, 'batches': 255, 'time_group': 255, 'time_groups': 255, 'history_edges': 61439, 'pos_edges': 321, 'neg_edges': 3210, 'loss_recent': 51.02024541854858, 'elapsed_sec': 155.62590549886227, 'avg_sec_per_batch': 0.6102976686229893, 'cuda_allocated_mb': 166, 'cuda_reserved_mb': 2342, 'cuda_max_allocated_mb': 2132}
{'event': 'validation_start', 'epoch': 4}
{'event': 'validation_ranking_start', 'epoch': 4, 'max_edges': 50}
{'event': 'epoch_end', 'epoch': 4, 'early_stop_metric': 'val_composite', 'val_score': 0.17439571454065422, 'val_auc': 0.8737780997480895, 'val_ap': 0.30001098421093003, 'val_ndcg': 0.870628700209832, 'val_mrr': 0.016655802314695628, 'val_hits@1': 0.0, 'val_hits@10': 0.02, 'val_hits@50': 0.18, 'val_hits@100': 0.29, 'elapsed_sec': 289.43515845015645}
{'event': 'epoch_start', 'epoch': 5, 'epochs': 20, 'batches': 255, 'time_groups': 255}
{'event': 'train_time_group', 'epoch': 5, 'time_group': 1, 'time_groups': 255, 'batch': 0, 'batches': 255, 'time_value': 1388534400.0, 'group_batches': 1, 'history_edges': 0, 'elapsed_sec': 0.024154748767614365, 'cuda_allocated_mb': 120, 'cuda_reserved_mb': 2342, 'cuda_max_allocated_mb': 2132}
{'event': 'train_progress', 'epoch': 5, 'batch': 1, 'batches': 255, 'time_group': 1, 'time_groups': 255, 'history_edges': 0, 'pos_edges': 113, 'neg_edges': 1130, 'loss_recent': 85.06682586669922, 'elapsed_sec': 0.3576170951128006, 'avg_sec_per_batch': 0.3576170951128006, 'cuda_allocated_mb': 137, 'cuda_reserved_mb': 2342, 'cuda_max_allocated_mb': 2132}
{'event': 'train_progress', 'epoch': 5, 'batch': 100, 'batches': 255, 'time_group': 100, 'time_groups': 255, 'history_edges': 23816, 'pos_edges': 259, 'neg_edges': 2590, 'loss_recent': 51.28674922943115, 'elapsed_sec': 58.76633803546429, 'avg_sec_per_batch': 0.5876633803546428, 'cuda_allocated_mb': 158, 'cuda_reserved_mb': 2342, 'cuda_max_allocated_mb': 2132}
{'event': 'train_progress', 'epoch': 5, 'batch': 199, 'batches': 255, 'time_group': 199, 'time_groups': 255, 'history_edges': 48469, 'pos_edges': 282, 'neg_edges': 2820, 'loss_recent': 51.77027360916138, 'elapsed_sec': 119.39282822608948, 'avg_sec_per_batch': 0.599963960935123, 'cuda_allocated_mb': 162, 'cuda_reserved_mb': 2342, 'cuda_max_allocated_mb': 2132}
{'event': 'train_progress', 'epoch': 5, 'batch': 200, 'batches': 255, 'time_group': 200, 'time_groups': 255, 'history_edges': 48751, 'pos_edges': 162, 'neg_edges': 1620, 'loss_recent': 51.552047138214114, 'elapsed_sec': 119.86985915526748, 'avg_sec_per_batch': 0.5993492957763373, 'cuda_allocated_mb': 145, 'cuda_reserved_mb': 2342, 'cuda_max_allocated_mb': 2132}
{'event': 'train_time_group', 'epoch': 5, 'time_group': 255, 'time_groups': 255, 'batch': 254, 'batches': 255, 'time_value': 1410480000.0, 'group_batches': 1, 'history_edges': 61439, 'elapsed_sec': 151.8658891879022, 'cuda_allocated_mb': 120, 'cuda_reserved_mb': 2342, 'cuda_max_allocated_mb': 2132}
{'event': 'train_progress', 'epoch': 5, 'batch': 255, 'batches': 255, 'time_group': 255, 'time_groups': 255, 'history_edges': 61439, 'pos_edges': 321, 'neg_edges': 3210, 'loss_recent': 50.54103763580322, 'elapsed_sec': 152.58923235535622, 'avg_sec_per_batch': 0.598389146491593, 'cuda_allocated_mb': 165, 'cuda_reserved_mb': 2342, 'cuda_max_allocated_mb': 2132}
{'event': 'validation_start', 'epoch': 5}
{'event': 'validation_ranking_start', 'epoch': 5, 'max_edges': 50}
{'event': 'epoch_end', 'epoch': 5, 'early_stop_metric': 'val_composite', 'val_score': 0.20401386413337871, 'val_auc': 0.8796107813071089, 'val_ap': 0.3193171972008787, 'val_ndcg': 0.8767908473654071, 'val_mrr': 0.04028105443444896, 'val_hits@1': 0.01, 'val_hits@10': 0.08, 'val_hits@50': 0.24, 'val_hits@100': 0.35, 'elapsed_sec': 286.00501205027103}
{'event': 'epoch_start', 'epoch': 6, 'epochs': 20, 'batches': 255, 'time_groups': 255}
{'event': 'train_time_group', 'epoch': 6, 'time_group': 1, 'time_groups': 255, 'batch': 0, 'batches': 255, 'time_value': 1388534400.0, 'group_batches': 1, 'history_edges': 0, 'elapsed_sec': 0.023004721850156784, 'cuda_allocated_mb': 120, 'cuda_reserved_mb': 2342, 'cuda_max_allocated_mb': 2132}
{'event': 'train_progress', 'epoch': 6, 'batch': 1, 'batches': 255, 'time_group': 1, 'time_groups': 255, 'history_edges': 0, 'pos_edges': 113, 'neg_edges': 1130, 'loss_recent': 101.32666778564453, 'elapsed_sec': 0.3575834892690182, 'avg_sec_per_batch': 0.3575834892690182, 'cuda_allocated_mb': 136, 'cuda_reserved_mb': 2342, 'cuda_max_allocated_mb': 2132}
{'event': 'train_progress', 'epoch': 6, 'batch': 100, 'batches': 255, 'time_group': 100, 'time_groups': 255, 'history_edges': 23816, 'pos_edges': 259, 'neg_edges': 2590, 'loss_recent': 50.94255466461182, 'elapsed_sec': 57.90836250782013, 'avg_sec_per_batch': 0.5790836250782013, 'cuda_allocated_mb': 157, 'cuda_reserved_mb': 2342, 'cuda_max_allocated_mb': 2132}
{'event': 'train_progress', 'epoch': 6, 'batch': 197, 'batches': 255, 'time_group': 197, 'time_groups': 255, 'history_edges': 47905, 'pos_edges': 283, 'neg_edges': 2830, 'loss_recent': 51.63288555145264, 'elapsed_sec': 118.11434806883335, 'avg_sec_per_batch': 0.5995652186235195, 'cuda_allocated_mb': 161, 'cuda_reserved_mb': 2342, 'cuda_max_allocated_mb': 2132}
{'event': 'train_progress', 'epoch': 6, 'batch': 200, 'batches': 255, 'time_group': 200, 'time_groups': 255, 'history_edges': 48751, 'pos_edges': 162, 'neg_edges': 1620, 'loss_recent': 51.285383796691896, 'elapsed_sec': 119.92375880852342, 'avg_sec_per_batch': 0.5996187940426171, 'cuda_allocated_mb': 145, 'cuda_reserved_mb': 2342, 'cuda_max_allocated_mb': 2132}
{'event': 'train_time_group', 'epoch': 6, 'time_group': 255, 'time_groups': 255, 'batch': 254, 'batches': 255, 'time_value': 1410480000.0, 'group_batches': 1, 'history_edges': 61439, 'elapsed_sec': 152.5676207281649, 'cuda_allocated_mb': 120, 'cuda_reserved_mb': 2362, 'cuda_max_allocated_mb': 2132}
{'event': 'train_progress', 'epoch': 6, 'batch': 255, 'batches': 255, 'time_group': 255, 'time_groups': 255, 'history_edges': 61439, 'pos_edges': 321, 'neg_edges': 3210, 'loss_recent': 50.305998706817626, 'elapsed_sec': 153.292356133461, 'avg_sec_per_batch': 0.6011464946410235, 'cuda_allocated_mb': 166, 'cuda_reserved_mb': 2362, 'cuda_max_allocated_mb': 2132}
{'event': 'validation_start', 'epoch': 6}
{'event': 'validation_ranking_start', 'epoch': 6, 'max_edges': 50}
{'event': 'epoch_end', 'epoch': 6, 'early_stop_metric': 'val_composite', 'val_score': 0.19854877299652804, 'val_auc': 0.8795007006738251, 'val_ap': 0.33463278727291235, 'val_ndcg': 0.8803659467372582, 'val_mrr': 0.03132077833632603, 'val_hits@1': 0.01, 'val_hits@10': 0.07, 'val_hits@50': 0.18, 'val_hits@100': 0.31, 'elapsed_sec': 285.2835368104279}
{'event': 'epoch_start', 'epoch': 7, 'epochs': 20, 'batches': 255, 'time_groups': 255}
{'event': 'train_time_group', 'epoch': 7, 'time_group': 1, 'time_groups': 255, 'batch': 0, 'batches': 255, 'time_value': 1388534400.0, 'group_batches': 1, 'history_edges': 0, 'elapsed_sec': 0.02526191994547844, 'cuda_allocated_mb': 120, 'cuda_reserved_mb': 2362, 'cuda_max_allocated_mb': 2132}
{'event': 'train_progress', 'epoch': 7, 'batch': 1, 'batches': 255, 'time_group': 1, 'time_groups': 255, 'history_edges': 0, 'pos_edges': 113, 'neg_edges': 1130, 'loss_recent': 113.30718231201172, 'elapsed_sec': 0.34694451093673706, 'avg_sec_per_batch': 0.34694451093673706, 'cuda_allocated_mb': 137, 'cuda_reserved_mb': 2362, 'cuda_max_allocated_mb': 2132}
{'event': 'train_progress', 'epoch': 7, 'batch': 100, 'batches': 255, 'time_group': 100, 'time_groups': 255, 'history_edges': 23816, 'pos_edges': 259, 'neg_edges': 2590, 'loss_recent': 50.65893217086792, 'elapsed_sec': 58.737235113978386, 'avg_sec_per_batch': 0.5873723511397838, 'cuda_allocated_mb': 157, 'cuda_reserved_mb': 2362, 'cuda_max_allocated_mb': 2132}
{'event': 'train_progress', 'epoch': 7, 'batch': 199, 'batches': 255, 'time_group': 199, 'time_groups': 255, 'history_edges': 48469, 'pos_edges': 282, 'neg_edges': 2820, 'loss_recent': 51.17072221755981, 'elapsed_sec': 119.1597926132381, 'avg_sec_per_batch': 0.598792927704714, 'cuda_allocated_mb': 161, 'cuda_reserved_mb': 2362, 'cuda_max_allocated_mb': 2132}
{'event': 'train_progress', 'epoch': 7, 'batch': 200, 'batches': 255, 'time_group': 200, 'time_groups': 255, 'history_edges': 48751, 'pos_edges': 162, 'neg_edges': 1620, 'loss_recent': 50.95592206954956, 'elapsed_sec': 119.6219154894352, 'avg_sec_per_batch': 0.598109577447176, 'cuda_allocated_mb': 146, 'cuda_reserved_mb': 2362, 'cuda_max_allocated_mb': 2132}
{'event': 'train_time_group', 'epoch': 7, 'time_group': 255, 'time_groups': 255, 'batch': 254, 'batches': 255, 'time_value': 1410480000.0, 'group_batches': 1, 'history_edges': 61439, 'elapsed_sec': 152.06784975156188, 'cuda_allocated_mb': 120, 'cuda_reserved_mb': 2362, 'cuda_max_allocated_mb': 2132}
{'event': 'train_progress', 'epoch': 7, 'batch': 255, 'batches': 255, 'time_group': 255, 'time_groups': 255, 'history_edges': 61439, 'pos_edges': 321, 'neg_edges': 3210, 'loss_recent': 49.95665058135987, 'elapsed_sec': 152.80215518176556, 'avg_sec_per_batch': 0.599224137967708, 'cuda_allocated_mb': 165, 'cuda_reserved_mb': 2362, 'cuda_max_allocated_mb': 2132}
{'event': 'validation_start', 'epoch': 7}
{'event': 'validation_ranking_start', 'epoch': 7, 'max_edges': 50}
{'event': 'epoch_end', 'epoch': 7, 'early_stop_metric': 'val_composite', 'val_score': 0.193701786373871, 'val_auc': 0.8770077492105444, 'val_ap': 0.3340624131177841, 'val_ndcg': 0.879535660606565, 'val_mrr': 0.022488765361021894, 'val_hits@1': 0.0, 'val_hits@10': 0.07, 'val_hits@50': 0.2, 'val_hits@100': 0.36, 'elapsed_sec': 284.4418999478221}
{'event': 'epoch_start', 'epoch': 8, 'epochs': 20, 'batches': 255, 'time_groups': 255}
{'event': 'train_time_group', 'epoch': 8, 'time_group': 1, 'time_groups': 255, 'batch': 0, 'batches': 255, 'time_value': 1388534400.0, 'group_batches': 1, 'history_edges': 0, 'elapsed_sec': 0.026206225156784058, 'cuda_allocated_mb': 120, 'cuda_reserved_mb': 2362, 'cuda_max_allocated_mb': 2132}
{'event': 'train_progress', 'epoch': 8, 'batch': 1, 'batches': 255, 'time_group': 1, 'time_groups': 255, 'history_edges': 0, 'pos_edges': 113, 'neg_edges': 1130, 'loss_recent': 130.63343811035156, 'elapsed_sec': 0.36379020288586617, 'avg_sec_per_batch': 0.36379020288586617, 'cuda_allocated_mb': 137, 'cuda_reserved_mb': 2362, 'cuda_max_allocated_mb': 2132}
{'event': 'train_progress', 'epoch': 8, 'batch': 100, 'batches': 255, 'time_group': 100, 'time_groups': 255, 'history_edges': 23816, 'pos_edges': 259, 'neg_edges': 2590, 'loss_recent': 50.70827505111694, 'elapsed_sec': 58.31587081775069, 'avg_sec_per_batch': 0.5831587081775069, 'cuda_allocated_mb': 158, 'cuda_reserved_mb': 2362, 'cuda_max_allocated_mb': 2132}
{'event': 'train_progress', 'epoch': 8, 'batch': 198, 'batches': 255, 'time_group': 198, 'time_groups': 255, 'history_edges': 48188, 'pos_edges': 281, 'neg_edges': 2810, 'loss_recent': 51.05858879089355, 'elapsed_sec': 118.98450069501996, 'avg_sec_per_batch': 0.60093182169202, 'cuda_allocated_mb': 161, 'cuda_reserved_mb': 2362, 'cuda_max_allocated_mb': 2132}
{'event': 'train_progress', 'epoch': 8, 'batch': 200, 'batches': 255, 'time_group': 200, 'time_groups': 255, 'history_edges': 48751, 'pos_edges': 162, 'neg_edges': 1620, 'loss_recent': 50.81576469421387, 'elapsed_sec': 120.10956961661577, 'avg_sec_per_batch': 0.6005478480830788, 'cuda_allocated_mb': 145, 'cuda_reserved_mb': 2362, 'cuda_max_allocated_mb': 2132}
{'event': 'train_time_group', 'epoch': 8, 'time_group': 255, 'time_groups': 255, 'batch': 254, 'batches': 255, 'time_value': 1410480000.0, 'group_batches': 1, 'history_edges': 61439, 'elapsed_sec': 151.979669585824, 'cuda_allocated_mb': 120, 'cuda_reserved_mb': 2362, 'cuda_max_allocated_mb': 2132}
{'event': 'train_progress', 'epoch': 8, 'batch': 255, 'batches': 255, 'time_group': 255, 'time_groups': 255, 'history_edges': 61439, 'pos_edges': 321, 'neg_edges': 3210, 'loss_recent': 49.91349933624267, 'elapsed_sec': 152.74362313002348, 'avg_sec_per_batch': 0.598994600509896, 'cuda_allocated_mb': 165, 'cuda_reserved_mb': 2362, 'cuda_max_allocated_mb': 2132}
{'event': 'validation_start', 'epoch': 8}
{'event': 'validation_ranking_start', 'epoch': 8, 'max_edges': 50}
{'event': 'epoch_end', 'epoch': 8, 'early_stop_metric': 'val_composite', 'val_score': 0.1998366887238467, 'val_auc': 0.8789517447676208, 'val_ap': 0.3438409559757566, 'val_ndcg': 0.8834187636299374, 'val_mrr': 0.027219662822255807, 'val_hits@1': 0.0, 'val_hits@10': 0.08, 'val_hits@50': 0.24, 'val_hits@100': 0.39, 'elapsed_sec': 286.0094413496554}
{'event': 'epoch_start', 'epoch': 9, 'epochs': 20, 'batches': 255, 'time_groups': 255}
{'event': 'train_time_group', 'epoch': 9, 'time_group': 1, 'time_groups': 255, 'batch': 0, 'batches': 255, 'time_value': 1388534400.0, 'group_batches': 1, 'history_edges': 0, 'elapsed_sec': 0.029381301254034042, 'cuda_allocated_mb': 120, 'cuda_reserved_mb': 2362, 'cuda_max_allocated_mb': 2132}
{'event': 'train_progress', 'epoch': 9, 'batch': 1, 'batches': 255, 'time_group': 1, 'time_groups': 255, 'history_edges': 0, 'pos_edges': 113, 'neg_edges': 1130, 'loss_recent': 145.9397430419922, 'elapsed_sec': 0.41426070407032967, 'avg_sec_per_batch': 0.41426070407032967, 'cuda_allocated_mb': 138, 'cuda_reserved_mb': 2362, 'cuda_max_allocated_mb': 2132}
{'event': 'train_progress', 'epoch': 9, 'batch': 100, 'batches': 255, 'time_group': 100, 'time_groups': 255, 'history_edges': 23816, 'pos_edges': 259, 'neg_edges': 2590, 'loss_recent': 50.66166618347168, 'elapsed_sec': 58.10410609096289, 'avg_sec_per_batch': 0.5810410609096288, 'cuda_allocated_mb': 158, 'cuda_reserved_mb': 2362, 'cuda_max_allocated_mb': 2132}
{'event': 'train_progress', 'epoch': 9, 'batch': 198, 'batches': 255, 'time_group': 198, 'time_groups': 255, 'history_edges': 48188, 'pos_edges': 281, 'neg_edges': 2810, 'loss_recent': 51.02669982910156, 'elapsed_sec': 118.26898392289877, 'avg_sec_per_batch': 0.5973181006207009, 'cuda_allocated_mb': 160, 'cuda_reserved_mb': 2362, 'cuda_max_allocated_mb': 2132}
{'event': 'train_progress', 'epoch': 9, 'batch': 200, 'batches': 255, 'time_group': 200, 'time_groups': 255, 'history_edges': 48751, 'pos_edges': 162, 'neg_edges': 1620, 'loss_recent': 50.79827087402344, 'elapsed_sec': 119.37873999774456, 'avg_sec_per_batch': 0.5968936999887228, 'cuda_allocated_mb': 145, 'cuda_reserved_mb': 2362, 'cuda_max_allocated_mb': 2132}
{'event': 'train_time_group', 'epoch': 9, 'time_group': 255, 'time_groups': 255, 'batch': 254, 'batches': 255, 'time_value': 1410480000.0, 'group_batches': 1, 'history_edges': 61439, 'elapsed_sec': 152.37727139517665, 'cuda_allocated_mb': 120, 'cuda_reserved_mb': 2362, 'cuda_max_allocated_mb': 2132}
{'event': 'train_progress', 'epoch': 9, 'batch': 255, 'batches': 255, 'time_group': 255, 'time_groups': 255, 'history_edges': 61439, 'pos_edges': 321, 'neg_edges': 3210, 'loss_recent': 49.824246406555176, 'elapsed_sec': 153.1521195396781, 'avg_sec_per_batch': 0.6005965472144239, 'cuda_allocated_mb': 166, 'cuda_reserved_mb': 2362, 'cuda_max_allocated_mb': 2132}
{'event': 'validation_start', 'epoch': 9}
{'event': 'validation_ranking_start', 'epoch': 9, 'max_edges': 50}
{'event': 'epoch_end', 'epoch': 9, 'early_stop_metric': 'val_composite', 'val_score': 0.2023333412994205, 'val_auc': 0.8812539650308568, 'val_ap': 0.362242988015521, 'val_ndcg': 0.8871949398611878, 'val_mrr': 0.03284189548647973, 'val_hits@1': 0.01, 'val_hits@10': 0.07, 'val_hits@50': 0.26, 'val_hits@100': 0.39, 'elapsed_sec': 285.7090104110539}
{'event': 'epoch_start', 'epoch': 10, 'epochs': 20, 'batches': 255, 'time_groups': 255}
{'event': 'train_time_group', 'epoch': 10, 'time_group': 1, 'time_groups': 255, 'batch': 0, 'batches': 255, 'time_value': 1388534400.0, 'group_batches': 1, 'history_edges': 0, 'elapsed_sec': 0.023096520453691483, 'cuda_allocated_mb': 120, 'cuda_reserved_mb': 2362, 'cuda_max_allocated_mb': 2132}
{'event': 'train_progress', 'epoch': 10, 'batch': 1, 'batches': 255, 'time_group': 1, 'time_groups': 255, 'history_edges': 0, 'pos_edges': 113, 'neg_edges': 1130, 'loss_recent': 160.9089813232422, 'elapsed_sec': 0.36068928614258766, 'avg_sec_per_batch': 0.36068928614258766, 'cuda_allocated_mb': 138, 'cuda_reserved_mb': 2362, 'cuda_max_allocated_mb': 2132}
{'event': 'train_progress', 'epoch': 10, 'batch': 100, 'batches': 255, 'time_group': 100, 'time_groups': 255, 'history_edges': 23816, 'pos_edges': 259, 'neg_edges': 2590, 'loss_recent': 50.70569107055664, 'elapsed_sec': 58.99345714971423, 'avg_sec_per_batch': 0.5899345714971423, 'cuda_allocated_mb': 158, 'cuda_reserved_mb': 2362, 'cuda_max_allocated_mb': 2132}
{'event': 'train_progress', 'epoch': 10, 'batch': 198, 'batches': 255, 'time_group': 198, 'time_groups': 255, 'history_edges': 48188, 'pos_edges': 281, 'neg_edges': 2810, 'loss_recent': 51.003021240234375, 'elapsed_sec': 119.34082475304604, 'avg_sec_per_batch': 0.6027314381466972, 'cuda_allocated_mb': 160, 'cuda_reserved_mb': 2362, 'cuda_max_allocated_mb': 2132}
{'event': 'train_progress', 'epoch': 10, 'batch': 200, 'batches': 255, 'time_group': 200, 'time_groups': 255, 'history_edges': 48751, 'pos_edges': 162, 'neg_edges': 1620, 'loss_recent': 50.76193775177002, 'elapsed_sec': 120.49963796138763, 'avg_sec_per_batch': 0.6024981898069381, 'cuda_allocated_mb': 146, 'cuda_reserved_mb': 2362, 'cuda_max_allocated_mb': 2132}
{'event': 'train_time_group', 'epoch': 10, 'time_group': 255, 'time_groups': 255, 'batch': 254, 'batches': 255, 'time_value': 1410480000.0, 'group_batches': 1, 'history_edges': 61439, 'elapsed_sec': 152.29042318463326, 'cuda_allocated_mb': 120, 'cuda_reserved_mb': 2362, 'cuda_max_allocated_mb': 2132}
{'event': 'train_progress', 'epoch': 10, 'batch': 255, 'batches': 255, 'time_group': 255, 'time_groups': 255, 'history_edges': 61439, 'pos_edges': 321, 'neg_edges': 3210, 'loss_recent': 49.69735704421997, 'elapsed_sec': 153.1622822135687, 'avg_sec_per_batch': 0.6006364008375242, 'cuda_allocated_mb': 166, 'cuda_reserved_mb': 2362, 'cuda_max_allocated_mb': 2132}
{'event': 'validation_start', 'epoch': 10}
{'event': 'validation_ranking_start', 'epoch': 10, 'max_edges': 50}
{'event': 'epoch_end', 'epoch': 10, 'early_stop_metric': 'val_composite', 'val_score': 0.2152590570520338, 'val_auc': 0.8796787669380541, 'val_ap': 0.3485381704948155, 'val_ndcg': 0.8837897173859541, 'val_mrr': 0.04690684992368825, 'val_hits@1': 0.01, 'val_hits@10': 0.1, 'val_hits@50': 0.27, 'val_hits@100': 0.41, 'elapsed_sec': 285.58464635536075}
{'event': 'epoch_start', 'epoch': 11, 'epochs': 20, 'batches': 255, 'time_groups': 255}
{'event': 'train_time_group', 'epoch': 11, 'time_group': 1, 'time_groups': 255, 'batch': 0, 'batches': 255, 'time_value': 1388534400.0, 'group_batches': 1, 'history_edges': 0, 'elapsed_sec': 0.02393915131688118, 'cuda_allocated_mb': 120, 'cuda_reserved_mb': 2362, 'cuda_max_allocated_mb': 2132}
{'event': 'train_progress', 'epoch': 11, 'batch': 1, 'batches': 255, 'time_group': 1, 'time_groups': 255, 'history_edges': 0, 'pos_edges': 113, 'neg_edges': 1130, 'loss_recent': 180.8878631591797, 'elapsed_sec': 0.3465098515152931, 'avg_sec_per_batch': 0.3465098515152931, 'cuda_allocated_mb': 136, 'cuda_reserved_mb': 2362, 'cuda_max_allocated_mb': 2132}
{'event': 'train_progress', 'epoch': 11, 'batch': 100, 'batches': 255, 'time_group': 100, 'time_groups': 255, 'history_edges': 23816, 'pos_edges': 259, 'neg_edges': 2590, 'loss_recent': 50.898890800476075, 'elapsed_sec': 57.8832628428936, 'avg_sec_per_batch': 0.578832628428936, 'cuda_allocated_mb': 157, 'cuda_reserved_mb': 2362, 'cuda_max_allocated_mb': 2132}
{'event': 'train_progress', 'epoch': 11, 'batch': 199, 'batches': 255, 'time_group': 199, 'time_groups': 255, 'history_edges': 48469, 'pos_edges': 282, 'neg_edges': 2820, 'loss_recent': 50.85742378234863, 'elapsed_sec': 118.47277022153139, 'avg_sec_per_batch': 0.5953405538770422, 'cuda_allocated_mb': 161, 'cuda_reserved_mb': 2362, 'cuda_max_allocated_mb': 2132}
{'event': 'train_progress', 'epoch': 11, 'batch': 200, 'batches': 255, 'time_group': 200, 'time_groups': 255, 'history_edges': 48751, 'pos_edges': 162, 'neg_edges': 1620, 'loss_recent': 50.64393821716308, 'elapsed_sec': 118.93996949493885, 'avg_sec_per_batch': 0.5946998474746943, 'cuda_allocated_mb': 146, 'cuda_reserved_mb': 2362, 'cuda_max_allocated_mb': 2132}
{'event': 'train_time_group', 'epoch': 11, 'time_group': 255, 'time_groups': 255, 'batch': 254, 'batches': 255, 'time_value': 1410480000.0, 'group_batches': 1, 'history_edges': 61439, 'elapsed_sec': 151.60431404039264, 'cuda_allocated_mb': 120, 'cuda_reserved_mb': 2362, 'cuda_max_allocated_mb': 2132}
{'event': 'train_progress', 'epoch': 11, 'batch': 255, 'batches': 255, 'time_group': 255, 'time_groups': 255, 'history_edges': 61439, 'pos_edges': 321, 'neg_edges': 3210, 'loss_recent': 49.660539360046386, 'elapsed_sec': 152.30653977766633, 'avg_sec_per_batch': 0.5972805481477111, 'cuda_allocated_mb': 166, 'cuda_reserved_mb': 2362, 'cuda_max_allocated_mb': 2132}
{'event': 'validation_start', 'epoch': 11}
{'event': 'validation_ranking_start', 'epoch': 11, 'max_edges': 50}
{'event': 'epoch_end', 'epoch': 11, 'early_stop_metric': 'val_composite', 'val_score': 0.2382108809615614, 'val_auc': 0.8800653719586495, 'val_ap': 0.3679384832900876, 'val_ndcg': 0.8890818143724596, 'val_mrr': 0.06381445367751044, 'val_hits@1': 0.03, 'val_hits@10': 0.15, 'val_hits@50': 0.28, 'val_hits@100': 0.43, 'elapsed_sec': 284.1710878238082}
{'event': 'epoch_start', 'epoch': 12, 'epochs': 20, 'batches': 255, 'time_groups': 255}
{'event': 'train_time_group', 'epoch': 12, 'time_group': 1, 'time_groups': 255, 'batch': 0, 'batches': 255, 'time_value': 1388534400.0, 'group_batches': 1, 'history_edges': 0, 'elapsed_sec': 0.022845875471830368, 'cuda_allocated_mb': 120, 'cuda_reserved_mb': 2362, 'cuda_max_allocated_mb': 2132}
{'event': 'train_progress', 'epoch': 12, 'batch': 1, 'batches': 255, 'time_group': 1, 'time_groups': 255, 'history_edges': 0, 'pos_edges': 113, 'neg_edges': 1130, 'loss_recent': 193.31288146972656, 'elapsed_sec': 0.3505249135196209, 'avg_sec_per_batch': 0.3505249135196209, 'cuda_allocated_mb': 137, 'cuda_reserved_mb': 2362, 'cuda_max_allocated_mb': 2132}
{'event': 'train_progress', 'epoch': 12, 'batch': 100, 'batches': 255, 'time_group': 100, 'time_groups': 255, 'history_edges': 23816, 'pos_edges': 259, 'neg_edges': 2590, 'loss_recent': 50.90627439498901, 'elapsed_sec': 58.55756461247802, 'avg_sec_per_batch': 0.5855756461247802, 'cuda_allocated_mb': 157, 'cuda_reserved_mb': 2362, 'cuda_max_allocated_mb': 2132}
{'event': 'train_progress', 'epoch': 12, 'batch': 198, 'batches': 255, 'time_group': 198, 'time_groups': 255, 'history_edges': 48188, 'pos_edges': 281, 'neg_edges': 2810, 'loss_recent': 50.82952461242676, 'elapsed_sec': 118.6190811060369, 'avg_sec_per_batch': 0.5990862682123076, 'cuda_allocated_mb': 161, 'cuda_reserved_mb': 2362, 'cuda_max_allocated_mb': 2132}
{'event': 'train_progress', 'epoch': 12, 'batch': 200, 'batches': 255, 'time_group': 200, 'time_groups': 255, 'history_edges': 48751, 'pos_edges': 162, 'neg_edges': 1620, 'loss_recent': 50.59250335693359, 'elapsed_sec': 119.87298737838864, 'avg_sec_per_batch': 0.5993649368919433, 'cuda_allocated_mb': 144, 'cuda_reserved_mb': 2362, 'cuda_max_allocated_mb': 2132}
{'event': 'train_time_group', 'epoch': 12, 'time_group': 255, 'time_groups': 255, 'batch': 254, 'batches': 255, 'time_value': 1410480000.0, 'group_batches': 1, 'history_edges': 61439, 'elapsed_sec': 151.17636225000024, 'cuda_allocated_mb': 120, 'cuda_reserved_mb': 2362, 'cuda_max_allocated_mb': 2132}
{'event': 'train_progress', 'epoch': 12, 'batch': 255, 'batches': 255, 'time_group': 255, 'time_groups': 255, 'history_edges': 61439, 'pos_edges': 321, 'neg_edges': 3210, 'loss_recent': 49.65808090209961, 'elapsed_sec': 152.06574153900146, 'avg_sec_per_batch': 0.5963362413294175, 'cuda_allocated_mb': 165, 'cuda_reserved_mb': 2362, 'cuda_max_allocated_mb': 2132}
{'event': 'validation_start', 'epoch': 12}
{'event': 'validation_ranking_start', 'epoch': 12, 'max_edges': 50}
{'event': 'epoch_end', 'epoch': 12, 'early_stop_metric': 'val_composite', 'val_score': 0.23476474001840883, 'val_auc': 0.8813907961201103, 'val_ap': 0.3841161800177208, 'val_ndcg': 0.8930010266910107, 'val_mrr': 0.0632890051972404, 'val_hits@1': 0.03, 'val_hits@10': 0.13, 'val_hits@50': 0.3, 'val_hits@100': 0.43, 'elapsed_sec': 284.0868500582874}
{'event': 'epoch_start', 'epoch': 13, 'epochs': 20, 'batches': 255, 'time_groups': 255}
{'event': 'train_time_group', 'epoch': 13, 'time_group': 1, 'time_groups': 255, 'batch': 0, 'batches': 255, 'time_value': 1388534400.0, 'group_batches': 1, 'history_edges': 0, 'elapsed_sec': 0.023122098296880722, 'cuda_allocated_mb': 120, 'cuda_reserved_mb': 2362, 'cuda_max_allocated_mb': 2132}
{'event': 'train_progress', 'epoch': 13, 'batch': 1, 'batches': 255, 'time_group': 1, 'time_groups': 255, 'history_edges': 0, 'pos_edges': 113, 'neg_edges': 1130, 'loss_recent': 207.06378173828125, 'elapsed_sec': 0.3383631184697151, 'avg_sec_per_batch': 0.3383631184697151, 'cuda_allocated_mb': 137, 'cuda_reserved_mb': 2362, 'cuda_max_allocated_mb': 2132}
{'event': 'train_progress', 'epoch': 13, 'batch': 100, 'batches': 255, 'time_group': 100, 'time_groups': 255, 'history_edges': 23816, 'pos_edges': 259, 'neg_edges': 2590, 'loss_recent': 50.9927313041687, 'elapsed_sec': 57.88805906847119, 'avg_sec_per_batch': 0.578880590684712, 'cuda_allocated_mb': 159, 'cuda_reserved_mb': 2362, 'cuda_max_allocated_mb': 2132}
{'event': 'train_progress', 'epoch': 13, 'batch': 198, 'batches': 255, 'time_group': 198, 'time_groups': 255, 'history_edges': 48188, 'pos_edges': 281, 'neg_edges': 2810, 'loss_recent': 50.66820896148682, 'elapsed_sec': 118.17911659553647, 'avg_sec_per_batch': 0.5968642252299822, 'cuda_allocated_mb': 161, 'cuda_reserved_mb': 2362, 'cuda_max_allocated_mb': 2132}
{'event': 'train_progress', 'epoch': 13, 'batch': 200, 'batches': 255, 'time_group': 200, 'time_groups': 255, 'history_edges': 48751, 'pos_edges': 162, 'neg_edges': 1620, 'loss_recent': 50.433304939270016, 'elapsed_sec': 119.32576362788677, 'avg_sec_per_batch': 0.5966288181394339, 'cuda_allocated_mb': 144, 'cuda_reserved_mb': 2362, 'cuda_max_allocated_mb': 2132}
{'event': 'train_time_group', 'epoch': 13, 'time_group': 255, 'time_groups': 255, 'batch': 254, 'batches': 255, 'time_value': 1410480000.0, 'group_batches': 1, 'history_edges': 61439, 'elapsed_sec': 151.42176154628396, 'cuda_allocated_mb': 120, 'cuda_reserved_mb': 2362, 'cuda_max_allocated_mb': 2132}
{'event': 'train_progress', 'epoch': 13, 'batch': 255, 'batches': 255, 'time_group': 255, 'time_groups': 255, 'history_edges': 61439, 'pos_edges': 321, 'neg_edges': 3210, 'loss_recent': 49.57622762680054, 'elapsed_sec': 152.13980681076646, 'avg_sec_per_batch': 0.5966266933755547, 'cuda_allocated_mb': 166, 'cuda_reserved_mb': 2362, 'cuda_max_allocated_mb': 2132}
{'event': 'validation_start', 'epoch': 13}
{'event': 'validation_ranking_start', 'epoch': 13, 'max_edges': 50}
{'event': 'epoch_end', 'epoch': 13, 'early_stop_metric': 'val_composite', 'val_score': 0.23096808589254741, 'val_auc': 0.8801327595427499, 'val_ap': 0.3916569348706358, 'val_ndcg': 0.8947129563368089, 'val_mrr': 0.07456495694814268, 'val_hits@1': 0.05, 'val_hits@10': 0.09, 'val_hits@50': 0.33, 'val_hits@100': 0.46, 'elapsed_sec': 282.78084237873554}
{'event': 'epoch_start', 'epoch': 14, 'epochs': 20, 'batches': 255, 'time_groups': 255}
{'event': 'train_time_group', 'epoch': 14, 'time_group': 1, 'time_groups': 255, 'batch': 0, 'batches': 255, 'time_value': 1388534400.0, 'group_batches': 1, 'history_edges': 0, 'elapsed_sec': 0.024566806852817535, 'cuda_allocated_mb': 120, 'cuda_reserved_mb': 2362, 'cuda_max_allocated_mb': 2132}
{'event': 'train_progress', 'epoch': 14, 'batch': 1, 'batches': 255, 'time_group': 1, 'time_groups': 255, 'history_edges': 0, 'pos_edges': 113, 'neg_edges': 1130, 'loss_recent': 219.99171447753906, 'elapsed_sec': 0.37844159081578255, 'avg_sec_per_batch': 0.37844159081578255, 'cuda_allocated_mb': 137, 'cuda_reserved_mb': 2362, 'cuda_max_allocated_mb': 2132}
{'event': 'train_progress', 'epoch': 14, 'batch': 100, 'batches': 255, 'time_group': 100, 'time_groups': 255, 'history_edges': 23816, 'pos_edges': 259, 'neg_edges': 2590, 'loss_recent': 51.12556087493896, 'elapsed_sec': 58.592947132885456, 'avg_sec_per_batch': 0.5859294713288545, 'cuda_allocated_mb': 158, 'cuda_reserved_mb': 2362, 'cuda_max_allocated_mb': 2132}
{'event': 'train_progress', 'epoch': 14, 'batch': 199, 'batches': 255, 'time_group': 199, 'time_groups': 255, 'history_edges': 48469, 'pos_edges': 282, 'neg_edges': 2820, 'loss_recent': 50.7039137840271, 'elapsed_sec': 118.79599047079682, 'avg_sec_per_batch': 0.5969647762351599, 'cuda_allocated_mb': 160, 'cuda_reserved_mb': 2362, 'cuda_max_allocated_mb': 2132}
{'event': 'train_progress', 'epoch': 14, 'batch': 200, 'batches': 255, 'time_group': 200, 'time_groups': 255, 'history_edges': 48751, 'pos_edges': 162, 'neg_edges': 1620, 'loss_recent': 50.49667951583862, 'elapsed_sec': 119.25704374164343, 'avg_sec_per_batch': 0.5962852187082172, 'cuda_allocated_mb': 146, 'cuda_reserved_mb': 2362, 'cuda_max_allocated_mb': 2132}
{'event': 'train_time_group', 'epoch': 14, 'time_group': 255, 'time_groups': 255, 'batch': 254, 'batches': 255, 'time_value': 1410480000.0, 'group_batches': 1, 'history_edges': 61439, 'elapsed_sec': 151.5433862283826, 'cuda_allocated_mb': 120, 'cuda_reserved_mb': 2362, 'cuda_max_allocated_mb': 2132}
{'event': 'train_progress', 'epoch': 14, 'batch': 255, 'batches': 255, 'time_group': 255, 'time_groups': 255, 'history_edges': 61439, 'pos_edges': 321, 'neg_edges': 3210, 'loss_recent': 49.488983955383304, 'elapsed_sec': 152.28313456848264, 'avg_sec_per_batch': 0.5971887630136574, 'cuda_allocated_mb': 166, 'cuda_reserved_mb': 2362, 'cuda_max_allocated_mb': 2132}
{'event': 'validation_start', 'epoch': 14}
{'event': 'validation_ranking_start', 'epoch': 14, 'max_edges': 50}
{'event': 'epoch_end', 'epoch': 14, 'early_stop_metric': 'val_composite', 'val_score': 0.2667958722403153, 'val_auc': 0.8833923322936506, 'val_ap': 0.41363655026775, 'val_ndcg': 0.8992772353513944, 'val_mrr': 0.09084673473898547, 'val_hits@1': 0.05, 'val_hits@10': 0.19, 'val_hits@50': 0.37, 'val_hits@100': 0.46, 'elapsed_sec': 284.48854814469814}
{'event': 'epoch_start', 'epoch': 15, 'epochs': 20, 'batches': 255, 'time_groups': 255}
{'event': 'train_time_group', 'epoch': 15, 'time_group': 1, 'time_groups': 255, 'batch': 0, 'batches': 255, 'time_value': 1388534400.0, 'group_batches': 1, 'history_edges': 0, 'elapsed_sec': 0.02434711530804634, 'cuda_allocated_mb': 120, 'cuda_reserved_mb': 2362, 'cuda_max_allocated_mb': 2132}
{'event': 'train_progress', 'epoch': 15, 'batch': 1, 'batches': 255, 'time_group': 1, 'time_groups': 255, 'history_edges': 0, 'pos_edges': 113, 'neg_edges': 1130, 'loss_recent': 235.74412536621094, 'elapsed_sec': 0.36762870848178864, 'avg_sec_per_batch': 0.36762870848178864, 'cuda_allocated_mb': 138, 'cuda_reserved_mb': 2362, 'cuda_max_allocated_mb': 2132}
{'event': 'train_progress', 'epoch': 15, 'batch': 100, 'batches': 255, 'time_group': 100, 'time_groups': 255, 'history_edges': 23816, 'pos_edges': 259, 'neg_edges': 2590, 'loss_recent': 51.245999851226806, 'elapsed_sec': 58.47638528048992, 'avg_sec_per_batch': 0.5847638528048992, 'cuda_allocated_mb': 158, 'cuda_reserved_mb': 2362, 'cuda_max_allocated_mb': 2132}
{'event': 'train_progress', 'epoch': 15, 'batch': 197, 'batches': 255, 'time_group': 197, 'time_groups': 255, 'history_edges': 47905, 'pos_edges': 283, 'neg_edges': 2830, 'loss_recent': 50.77591814041138, 'elapsed_sec': 119.07955031841993, 'avg_sec_per_batch': 0.6044647224285276, 'cuda_allocated_mb': 162, 'cuda_reserved_mb': 2362, 'cuda_max_allocated_mb': 2132}
{'event': 'train_progress', 'epoch': 15, 'batch': 200, 'batches': 255, 'time_group': 200, 'time_groups': 255, 'history_edges': 48751, 'pos_edges': 162, 'neg_edges': 1620, 'loss_recent': 50.41731760025024, 'elapsed_sec': 120.87720051407814, 'avg_sec_per_batch': 0.6043860025703907, 'cuda_allocated_mb': 145, 'cuda_reserved_mb': 2362, 'cuda_max_allocated_mb': 2132}
{'event': 'train_time_group', 'epoch': 15, 'time_group': 255, 'time_groups': 255, 'batch': 254, 'batches': 255, 'time_value': 1410480000.0, 'group_batches': 1, 'history_edges': 61439, 'elapsed_sec': 152.9388243854046, 'cuda_allocated_mb': 120, 'cuda_reserved_mb': 2362, 'cuda_max_allocated_mb': 2132}
{'event': 'train_progress', 'epoch': 15, 'batch': 255, 'batches': 255, 'time_group': 255, 'time_groups': 255, 'history_edges': 61439, 'pos_edges': 321, 'neg_edges': 3210, 'loss_recent': 49.46234392166138, 'elapsed_sec': 153.67249177768826, 'avg_sec_per_batch': 0.602637222657601, 'cuda_allocated_mb': 166, 'cuda_reserved_mb': 2362, 'cuda_max_allocated_mb': 2132}
{'event': 'validation_start', 'epoch': 15}
{'event': 'validation_ranking_start', 'epoch': 15, 'max_edges': 50}
{'event': 'epoch_end', 'epoch': 15, 'early_stop_metric': 'val_composite', 'val_score': 0.25083629835799715, 'val_auc': 0.8807087298458119, 'val_ap': 0.399928224256457, 'val_ndcg': 0.8962952343566041, 'val_mrr': 0.0724743329109593, 'val_hits@1': 0.03, 'val_hits@10': 0.17, 'val_hits@50': 0.35, 'val_hits@100': 0.53, 'elapsed_sec': 286.6311767399311}
{'event': 'epoch_start', 'epoch': 16, 'epochs': 20, 'batches': 255, 'time_groups': 255}
{'event': 'train_time_group', 'epoch': 16, 'time_group': 1, 'time_groups': 255, 'batch': 0, 'batches': 255, 'time_value': 1388534400.0, 'group_batches': 1, 'history_edges': 0, 'elapsed_sec': 0.027080170810222626, 'cuda_allocated_mb': 120, 'cuda_reserved_mb': 2362, 'cuda_max_allocated_mb': 2132}
{'event': 'train_progress', 'epoch': 16, 'batch': 1, 'batches': 255, 'time_group': 1, 'time_groups': 255, 'history_edges': 0, 'pos_edges': 113, 'neg_edges': 1130, 'loss_recent': 247.66453552246094, 'elapsed_sec': 0.3610272444784641, 'avg_sec_per_batch': 0.3610272444784641, 'cuda_allocated_mb': 138, 'cuda_reserved_mb': 2362, 'cuda_max_allocated_mb': 2132}
{'event': 'train_progress', 'epoch': 16, 'batch': 100, 'batches': 255, 'time_group': 100, 'time_groups': 255, 'history_edges': 23816, 'pos_edges': 259, 'neg_edges': 2590, 'loss_recent': 51.34969665527344, 'elapsed_sec': 58.514026157557964, 'avg_sec_per_batch': 0.5851402615755796, 'cuda_allocated_mb': 157, 'cuda_reserved_mb': 2362, 'cuda_max_allocated_mb': 2132}
{'event': 'train_progress', 'epoch': 16, 'batch': 198, 'batches': 255, 'time_group': 198, 'time_groups': 255, 'history_edges': 48188, 'pos_edges': 281, 'neg_edges': 2810, 'loss_recent': 50.61731056213379, 'elapsed_sec': 118.84675195068121, 'avg_sec_per_batch': 0.6002361209630364, 'cuda_allocated_mb': 161, 'cuda_reserved_mb': 2362, 'cuda_max_allocated_mb': 2132}
{'event': 'train_progress', 'epoch': 16, 'batch': 200, 'batches': 255, 'time_group': 200, 'time_groups': 255, 'history_edges': 48751, 'pos_edges': 162, 'neg_edges': 1620, 'loss_recent': 50.38617027282715, 'elapsed_sec': 120.12298870831728, 'avg_sec_per_batch': 0.6006149435415864, 'cuda_allocated_mb': 145, 'cuda_reserved_mb': 2362, 'cuda_max_allocated_mb': 2132}
{'event': 'train_time_group', 'epoch': 16, 'time_group': 255, 'time_groups': 255, 'batch': 254, 'batches': 255, 'time_value': 1410480000.0, 'group_batches': 1, 'history_edges': 61439, 'elapsed_sec': 152.3391910456121, 'cuda_allocated_mb': 120, 'cuda_reserved_mb': 2362, 'cuda_max_allocated_mb': 2132}
{'event': 'train_progress', 'epoch': 16, 'batch': 255, 'batches': 255, 'time_group': 255, 'time_groups': 255, 'history_edges': 61439, 'pos_edges': 321, 'neg_edges': 3210, 'loss_recent': 49.443823432922365, 'elapsed_sec': 153.0494147837162, 'avg_sec_per_batch': 0.6001937834655537, 'cuda_allocated_mb': 166, 'cuda_reserved_mb': 2362, 'cuda_max_allocated_mb': 2132}
{'event': 'validation_start', 'epoch': 16}
{'event': 'validation_ranking_start', 'epoch': 16, 'max_edges': 50}
{'event': 'epoch_end', 'epoch': 16, 'early_stop_metric': 'val_composite', 'val_score': 0.25312372087229895, 'val_auc': 0.884093276258981, 'val_ap': 0.42309870989301546, 'val_ndcg': 0.9016821510358536, 'val_mrr': 0.09139971688830056, 'val_hits@1': 0.05, 'val_hits@10': 0.13, 'val_hits@50': 0.34, 'val_hits@100': 0.44, 'elapsed_sec': 284.2357799336314}
{'event': 'epoch_start', 'epoch': 17, 'epochs': 20, 'batches': 255, 'time_groups': 255}
{'event': 'train_time_group', 'epoch': 17, 'time_group': 1, 'time_groups': 255, 'batch': 0, 'batches': 255, 'time_value': 1388534400.0, 'group_batches': 1, 'history_edges': 0, 'elapsed_sec': 0.023561585694551468, 'cuda_allocated_mb': 120, 'cuda_reserved_mb': 2362, 'cuda_max_allocated_mb': 2132}
{'event': 'train_progress', 'epoch': 17, 'batch': 1, 'batches': 255, 'time_group': 1, 'time_groups': 255, 'history_edges': 0, 'pos_edges': 113, 'neg_edges': 1130, 'loss_recent': 270.9725341796875, 'elapsed_sec': 0.351756040006876, 'avg_sec_per_batch': 0.351756040006876, 'cuda_allocated_mb': 137, 'cuda_reserved_mb': 2362, 'cuda_max_allocated_mb': 2132}
{'event': 'train_progress', 'epoch': 17, 'batch': 100, 'batches': 255, 'time_group': 100, 'time_groups': 255, 'history_edges': 23816, 'pos_edges': 259, 'neg_edges': 2590, 'loss_recent': 51.52371076583862, 'elapsed_sec': 58.86284977570176, 'avg_sec_per_batch': 0.5886284977570176, 'cuda_allocated_mb': 158, 'cuda_reserved_mb': 2362, 'cuda_max_allocated_mb': 2132}
{'event': 'train_progress', 'epoch': 17, 'batch': 199, 'batches': 255, 'time_group': 199, 'time_groups': 255, 'history_edges': 48469, 'pos_edges': 282, 'neg_edges': 2820, 'loss_recent': 50.61780883789063, 'elapsed_sec': 119.39068669825792, 'avg_sec_per_batch': 0.5999531994887333, 'cuda_allocated_mb': 160, 'cuda_reserved_mb': 2362, 'cuda_max_allocated_mb': 2132}
{'event': 'train_progress', 'epoch': 17, 'batch': 200, 'batches': 255, 'time_group': 200, 'time_groups': 255, 'history_edges': 48751, 'pos_edges': 162, 'neg_edges': 1620, 'loss_recent': 50.40245246887207, 'elapsed_sec': 119.84522112831473, 'avg_sec_per_batch': 0.5992261056415736, 'cuda_allocated_mb': 146, 'cuda_reserved_mb': 2362, 'cuda_max_allocated_mb': 2132}
{'event': 'train_time_group', 'epoch': 17, 'time_group': 255, 'time_groups': 255, 'batch': 254, 'batches': 255, 'time_value': 1410480000.0, 'group_batches': 1, 'history_edges': 61439, 'elapsed_sec': 151.61614095047116, 'cuda_allocated_mb': 120, 'cuda_reserved_mb': 2362, 'cuda_max_allocated_mb': 2132}
{'event': 'train_progress', 'epoch': 17, 'batch': 255, 'batches': 255, 'time_group': 255, 'time_groups': 255, 'history_edges': 61439, 'pos_edges': 321, 'neg_edges': 3210, 'loss_recent': 49.42192863464356, 'elapsed_sec': 152.34659238532186, 'avg_sec_per_batch': 0.5974376171973406, 'cuda_allocated_mb': 166, 'cuda_reserved_mb': 2362, 'cuda_max_allocated_mb': 2132}
{'event': 'validation_start', 'epoch': 17}
{'event': 'validation_ranking_start', 'epoch': 17, 'max_edges': 50}
{'event': 'epoch_end', 'epoch': 17, 'early_stop_metric': 'val_composite', 'val_score': 0.28297788000279156, 'val_auc': 0.8843946344781266, 'val_ap': 0.43372414378321245, 'val_ndcg': 0.9036738349853085, 'val_mrr': 0.10889254090550268, 'val_hits@1': 0.06, 'val_hits@10': 0.21, 'val_hits@50': 0.45, 'val_hits@100': 0.56, 'elapsed_sec': 285.0826479755342}
{'event': 'epoch_start', 'epoch': 18, 'epochs': 20, 'batches': 255, 'time_groups': 255}
{'event': 'train_time_group', 'epoch': 18, 'time_group': 1, 'time_groups': 255, 'batch': 0, 'batches': 255, 'time_value': 1388534400.0, 'group_batches': 1, 'history_edges': 0, 'elapsed_sec': 0.03125402331352234, 'cuda_allocated_mb': 120, 'cuda_reserved_mb': 2362, 'cuda_max_allocated_mb': 2132}
{'event': 'train_progress', 'epoch': 18, 'batch': 1, 'batches': 255, 'time_group': 1, 'time_groups': 255, 'history_edges': 0, 'pos_edges': 113, 'neg_edges': 1130, 'loss_recent': 278.3653869628906, 'elapsed_sec': 0.3817063271999359, 'avg_sec_per_batch': 0.3817063271999359, 'cuda_allocated_mb': 138, 'cuda_reserved_mb': 2362, 'cuda_max_allocated_mb': 2132}
{'event': 'train_progress', 'epoch': 18, 'batch': 100, 'batches': 255, 'time_group': 100, 'time_groups': 255, 'history_edges': 23816, 'pos_edges': 259, 'neg_edges': 2590, 'loss_recent': 51.51787153244018, 'elapsed_sec': 60.99042771756649, 'avg_sec_per_batch': 0.6099042771756649, 'cuda_allocated_mb': 157, 'cuda_reserved_mb': 2362, 'cuda_max_allocated_mb': 2132}
{'event': 'train_progress', 'epoch': 18, 'batch': 194, 'batches': 255, 'time_group': 194, 'time_groups': 255, 'history_edges': 47137, 'pos_edges': 167, 'neg_edges': 1670, 'loss_recent': 50.11843830108643, 'elapsed_sec': 121.31006487458944, 'avg_sec_per_batch': 0.6253096127556157, 'cuda_allocated_mb': 146, 'cuda_reserved_mb': 2362, 'cuda_max_allocated_mb': 2132}
{'event': 'train_progress', 'epoch': 18, 'batch': 200, 'batches': 255, 'time_group': 200, 'time_groups': 255, 'history_edges': 48751, 'pos_edges': 162, 'neg_edges': 1620, 'loss_recent': 50.446896400451664, 'elapsed_sec': 125.41745124384761, 'avg_sec_per_batch': 0.627087256219238, 'cuda_allocated_mb': 145, 'cuda_reserved_mb': 2362, 'cuda_max_allocated_mb': 2132}
{'event': 'train_time_group', 'epoch': 18, 'time_group': 255, 'time_groups': 255, 'batch': 254, 'batches': 255, 'time_value': 1410480000.0, 'group_batches': 1, 'history_edges': 61439, 'elapsed_sec': 158.34350917860866, 'cuda_allocated_mb': 120, 'cuda_reserved_mb': 2362, 'cuda_max_allocated_mb': 2132}
{'event': 'train_progress', 'epoch': 18, 'batch': 255, 'batches': 255, 'time_group': 255, 'time_groups': 255, 'history_edges': 61439, 'pos_edges': 321, 'neg_edges': 3210, 'loss_recent': 49.50417345046997, 'elapsed_sec': 159.11603893339634, 'avg_sec_per_batch': 0.6239844664054759, 'cuda_allocated_mb': 167, 'cuda_reserved_mb': 2362, 'cuda_max_allocated_mb': 2132}
{'event': 'validation_start', 'epoch': 18}
{'event': 'validation_ranking_start', 'epoch': 18, 'max_edges': 50}
{'event': 'epoch_end', 'epoch': 18, 'early_stop_metric': 'val_composite', 'val_score': 0.2833783833762429, 'val_auc': 0.8820059932991702, 'val_ap': 0.4303122268033817, 'val_ndcg': 0.9029781683137174, 'val_mrr': 0.11109252340205841, 'val_hits@1': 0.06, 'val_hits@10': 0.21, 'val_hits@50': 0.37, 'val_hits@100': 0.52, 'elapsed_sec': 294.7466170154512}
{'event': 'epoch_start', 'epoch': 19, 'epochs': 20, 'batches': 255, 'time_groups': 255}
{'event': 'train_time_group', 'epoch': 19, 'time_group': 1, 'time_groups': 255, 'batch': 0, 'batches': 255, 'time_value': 1388534400.0, 'group_batches': 1, 'history_edges': 0, 'elapsed_sec': 0.026386134326457977, 'cuda_allocated_mb': 120, 'cuda_reserved_mb': 2362, 'cuda_max_allocated_mb': 2132}
{'event': 'train_progress', 'epoch': 19, 'batch': 1, 'batches': 255, 'time_group': 1, 'time_groups': 255, 'history_edges': 0, 'pos_edges': 113, 'neg_edges': 1130, 'loss_recent': 291.15765380859375, 'elapsed_sec': 0.37491224706172943, 'avg_sec_per_batch': 0.37491224706172943, 'cuda_allocated_mb': 136, 'cuda_reserved_mb': 2362, 'cuda_max_allocated_mb': 2132}
{'event': 'train_progress', 'epoch': 19, 'batch': 100, 'batches': 255, 'time_group': 100, 'time_groups': 255, 'history_edges': 23816, 'pos_edges': 259, 'neg_edges': 2590, 'loss_recent': 51.72161731719971, 'elapsed_sec': 60.06795258074999, 'avg_sec_per_batch': 0.6006795258074998, 'cuda_allocated_mb': 158, 'cuda_reserved_mb': 2362, 'cuda_max_allocated_mb': 2132}
{'event': 'train_progress', 'epoch': 19, 'batch': 197, 'batches': 255, 'time_group': 197, 'time_groups': 255, 'history_edges': 47905, 'pos_edges': 283, 'neg_edges': 2830, 'loss_recent': 50.75163322448731, 'elapsed_sec': 120.53814002871513, 'avg_sec_per_batch': 0.6118687311102291, 'cuda_allocated_mb': 162, 'cuda_reserved_mb': 2362, 'cuda_max_allocated_mb': 2132}
{'event': 'train_progress', 'epoch': 19, 'batch': 200, 'batches': 255, 'time_group': 200, 'time_groups': 255, 'history_edges': 48751, 'pos_edges': 162, 'neg_edges': 1620, 'loss_recent': 50.404245681762696, 'elapsed_sec': 122.41498394310474, 'avg_sec_per_batch': 0.6120749197155237, 'cuda_allocated_mb': 145, 'cuda_reserved_mb': 2362, 'cuda_max_allocated_mb': 2132}
{'event': 'train_time_group', 'epoch': 19, 'time_group': 255, 'time_groups': 255, 'batch': 254, 'batches': 255, 'time_value': 1410480000.0, 'group_batches': 1, 'history_edges': 61439, 'elapsed_sec': 156.1736005321145, 'cuda_allocated_mb': 120, 'cuda_reserved_mb': 2362, 'cuda_max_allocated_mb': 2132}
{'event': 'train_progress', 'epoch': 19, 'batch': 255, 'batches': 255, 'time_group': 255, 'time_groups': 255, 'history_edges': 61439, 'pos_edges': 321, 'neg_edges': 3210, 'loss_recent': 49.474416446685794, 'elapsed_sec': 156.9160721823573, 'avg_sec_per_batch': 0.6153571458131659, 'cuda_allocated_mb': 166, 'cuda_reserved_mb': 2362, 'cuda_max_allocated_mb': 2132}
{'event': 'validation_start', 'epoch': 19}
{'event': 'validation_ranking_start', 'epoch': 19, 'max_edges': 50}
{'event': 'epoch_end', 'epoch': 19, 'early_stop_metric': 'val_composite', 'val_score': 0.24374307364941653, 'val_auc': 0.8805947416663059, 'val_ap': 0.4304135238413489, 'val_ndcg': 0.902479403515737, 'val_mrr': 0.07222502003067147, 'val_hits@1': 0.03, 'val_hits@10': 0.13, 'val_hits@50': 0.37, 'val_hits@100': 0.5, 'elapsed_sec': 290.6057420782745}
{'event': 'epoch_start', 'epoch': 20, 'epochs': 20, 'batches': 255, 'time_groups': 255}
{'event': 'train_time_group', 'epoch': 20, 'time_group': 1, 'time_groups': 255, 'batch': 0, 'batches': 255, 'time_value': 1388534400.0, 'group_batches': 1, 'history_edges': 0, 'elapsed_sec': 0.024676382541656494, 'cuda_allocated_mb': 120, 'cuda_reserved_mb': 2362, 'cuda_max_allocated_mb': 2132}
{'event': 'train_progress', 'epoch': 20, 'batch': 1, 'batches': 255, 'time_group': 1, 'time_groups': 255, 'history_edges': 0, 'pos_edges': 113, 'neg_edges': 1130, 'loss_recent': 306.6993713378906, 'elapsed_sec': 0.35192379727959633, 'avg_sec_per_batch': 0.35192379727959633, 'cuda_allocated_mb': 137, 'cuda_reserved_mb': 2362, 'cuda_max_allocated_mb': 2132}
{'event': 'train_progress', 'epoch': 20, 'batch': 100, 'batches': 255, 'time_group': 100, 'time_groups': 255, 'history_edges': 23816, 'pos_edges': 259, 'neg_edges': 2590, 'loss_recent': 51.78753639221191, 'elapsed_sec': 58.51871710270643, 'avg_sec_per_batch': 0.5851871710270643, 'cuda_allocated_mb': 158, 'cuda_reserved_mb': 2362, 'cuda_max_allocated_mb': 2132}
{'event': 'train_progress', 'epoch': 20, 'batch': 196, 'batches': 255, 'time_group': 196, 'time_groups': 255, 'history_edges': 47593, 'pos_edges': 312, 'neg_edges': 3120, 'loss_recent': 50.64553071975708, 'elapsed_sec': 119.13599016517401, 'avg_sec_per_batch': 0.6078366845161939, 'cuda_allocated_mb': 164, 'cuda_reserved_mb': 2362, 'cuda_max_allocated_mb': 2132}
{'event': 'train_progress', 'epoch': 20, 'batch': 200, 'batches': 255, 'time_group': 200, 'time_groups': 255, 'history_edges': 48751, 'pos_edges': 162, 'neg_edges': 1620, 'loss_recent': 50.329608058929445, 'elapsed_sec': 121.63783743232489, 'avg_sec_per_batch': 0.6081891871616244, 'cuda_allocated_mb': 146, 'cuda_reserved_mb': 2362, 'cuda_max_allocated_mb': 2132}
{'event': 'train_time_group', 'epoch': 20, 'time_group': 255, 'time_groups': 255, 'batch': 254, 'batches': 255, 'time_value': 1410480000.0, 'group_batches': 1, 'history_edges': 61439, 'elapsed_sec': 153.58296510204673, 'cuda_allocated_mb': 120, 'cuda_reserved_mb': 2362, 'cuda_max_allocated_mb': 2132}
{'event': 'train_progress', 'epoch': 20, 'batch': 255, 'batches': 255, 'time_group': 255, 'time_groups': 255, 'history_edges': 61439, 'pos_edges': 321, 'neg_edges': 3210, 'loss_recent': 49.453261871337894, 'elapsed_sec': 154.32570773735642, 'avg_sec_per_batch': 0.605198853871986, 'cuda_allocated_mb': 164, 'cuda_reserved_mb': 2362, 'cuda_max_allocated_mb': 2132}
{'event': 'validation_start', 'epoch': 20}
{'event': 'validation_ranking_start', 'epoch': 20, 'max_edges': 50}
{'event': 'epoch_end', 'epoch': 20, 'early_stop_metric': 'val_composite', 'val_score': 0.2981692220663683, 'val_auc': 0.8826155141523413, 'val_ap': 0.4473765252052493, 'val_ndcg': 0.9054344657969364, 'val_mrr': 0.13707848484598445, 'val_hits@1': 0.09, 'val_hits@10': 0.21, 'val_hits@50': 0.39, 'val_hits@100': 0.52, 'elapsed_sec': 289.1927079074085}
{'dataset': 'icews14', 'method': 'ssptgfm', 'scenario': 'standard', 'ablation': 'full', 'few_shot_ratio': 1.0, 'seed': 5, 'train_edges': 61760, 'val_edges': 14592, 'test_edges': 14378, 'params_trainable': 4610448, 'params_total': 4610448, 'rough_forward_flops': 4794548224, 'train_eval_time_sec': 6377.562523886561, 'allocated_mb': 62.212890625, 'reserved_mb': 2362.0, 'max_allocated_mb': 2132.7802734375, 'val_auc': 0.8826155143401997, 'val_ap': 0.4473763940974305, 'val_ndcg': 0.9054344492326316, 'val_mrr': 0.13707848484598445, 'val_hits@1': 0.09, 'val_hits@10': 0.21, 'val_hits@50': 0.39, 'val_hits@100': 0.52, 'train_loss': 50.297993147606945, 'train_lp': 0.1498280852156527, 'train_align': 9798.355764590993, 'train_kl': 11533.55895134421, 'train_ood_reg': 0.19543269390569012, 'train_meta': 0.5671553006943535, 'train_weighted_align': 48.99177768931669, 'train_weighted_kl': 1.1533558412436762, 'train_weighted_ood_reg': 0.00019543270290002922, 'train_weighted_meta': 0.0028357764452641063, 'test_auc': 0.8833666674915877, 'test_ap': 0.42113489523728126, 'test_ndcg': 0.9010921759459423, 'test_mrr': 0.12615002250145385, 'test_hits@1': 0.075, 'test_hits@10': 0.215, 'test_hits@50': 0.375, 'test_hits@100': 0.4775}
