runtime_device=cuda
cuda_device=Tesla V100-PCIE-32GB
{'event': 'seed_start', 'dataset': 'icews14', 'ablation': 'full', 'seed': 1, 'device': 'cuda', 'node_text_device': 'cuda:0'}
{'event': 'train_seed_start', 'seed': 1, 'train_edges': 61760, 'val_edges': 14592, 'test_edges': 14378, 'num_nodes': 7128, 'num_relations': 230}
{'event': 'train_seed_tensors_ready', 'seed': 1, 'elapsed_sec': 0.011923123151063919, 'cuda_allocated_mb': 28, 'cuda_reserved_mb': 44, 'cuda_max_allocated_mb': 28}
{'event': 'train_known_facts_ready', 'seed': 1, 'scope': 'train', 'edges': 61760, 'elapsed_sec': 0.018599983304739}
{'event': 'train_known_facts_ready', 'seed': 1, 'scope': 'train_val', 'edges': 76352, 'elapsed_sec': 0.02617831900715828}
{'event': 'train_sampler_ready', 'seed': 1, 'elapsed_sec': 0.03055671602487564}
{'event': 'val_sampler_ready', 'seed': 1, 'elapsed_sec': 0.034185733646154404}
{'event': 'epoch_start', 'epoch': 1, 'epochs': 20, 'batches': 255, 'time_groups': 255}
{'event': 'train_time_group', 'epoch': 1, 'time_group': 1, 'time_groups': 255, 'batch': 0, 'batches': 255, 'time_value': 1388534400.0, 'group_batches': 1, 'history_edges': 0, 'elapsed_sec': 0.02523414045572281, 'cuda_allocated_mb': 30, 'cuda_reserved_mb': 46, 'cuda_max_allocated_mb': 30}
{'event': 'train_progress', 'epoch': 1, 'batch': 1, 'batches': 255, 'time_group': 1, 'time_groups': 255, 'history_edges': 0, 'pos_edges': 113, 'neg_edges': 1130, 'loss_recent': 46.13748550415039, 'elapsed_sec': 1.7508567571640015, 'avg_sec_per_batch': 1.7508567571640015, 'cuda_allocated_mb': 136, 'cuda_reserved_mb': 348, 'cuda_max_allocated_mb': 324}
{'event': 'train_time_group', 'epoch': 1, 'time_group': 56, 'time_groups': 255, 'batch': 55, 'batches': 255, 'time_value': 1393286400.0, 'group_batches': 1, 'history_edges': 12646, 'elapsed_sec': 61.76450480520725, 'cuda_allocated_mb': 120, 'cuda_reserved_mb': 1128, 'cuda_max_allocated_mb': 1050}
{'event': 'train_progress', 'epoch': 1, 'batch': 100, 'batches': 255, 'time_group': 100, 'time_groups': 255, 'history_edges': 23816, 'pos_edges': 259, 'neg_edges': 2590, 'loss_recent': 86.07457263946533, 'elapsed_sec': 116.7979336194694, 'avg_sec_per_batch': 1.167979336194694, 'cuda_allocated_mb': 157, 'cuda_reserved_mb': 1368, 'cuda_max_allocated_mb': 1282}
{'event': 'train_progress', 'epoch': 1, 'batch': 151, 'batches': 255, 'time_group': 151, 'time_groups': 255, 'history_edges': 36236, 'pos_edges': 167, 'neg_edges': 1670, 'loss_recent': 84.91598129272461, 'elapsed_sec': 177.24131623655558, 'avg_sec_per_batch': 1.1737835512354673, 'cuda_allocated_mb': 146, 'cuda_reserved_mb': 1648, 'cuda_max_allocated_mb': 1581}
{'event': 'train_progress', 'epoch': 1, 'batch': 200, 'batches': 255, 'time_group': 200, 'time_groups': 255, 'history_edges': 48751, 'pos_edges': 162, 'neg_edges': 1620, 'loss_recent': 80.2976314163208, 'elapsed_sec': 237.60987075418234, 'avg_sec_per_batch': 1.1880493537709116, 'cuda_allocated_mb': 146, 'cuda_reserved_mb': 1888, 'cuda_max_allocated_mb': 1770}
{'event': 'train_progress', 'epoch': 1, 'batch': 252, 'batches': 255, 'time_group': 252, 'time_groups': 255, 'history_edges': 60452, 'pos_edges': 312, 'neg_edges': 3120, 'loss_recent': 72.37129293441772, 'elapsed_sec': 298.094310157001, 'avg_sec_per_batch': 1.1829139291944484, 'cuda_allocated_mb': 165, 'cuda_reserved_mb': 2168, 'cuda_max_allocated_mb': 2035}
{'event': 'train_time_group', 'epoch': 1, 'time_group': 255, 'time_groups': 255, 'batch': 254, 'batches': 255, 'time_value': 1410480000.0, 'group_batches': 1, 'history_edges': 61439, 'elapsed_sec': 301.26961006969213, 'cuda_allocated_mb': 120, 'cuda_reserved_mb': 2248, 'cuda_max_allocated_mb': 2133}
{'event': 'train_progress', 'epoch': 1, 'batch': 255, 'batches': 255, 'time_group': 255, 'time_groups': 255, 'history_edges': 61439, 'pos_edges': 321, 'neg_edges': 3210, 'loss_recent': 72.38906972885133, 'elapsed_sec': 302.7866938896477, 'avg_sec_per_batch': 1.187398799567246, 'cuda_allocated_mb': 167, 'cuda_reserved_mb': 2248, 'cuda_max_allocated_mb': 2133}
{'event': 'validation_start', 'epoch': 1}
{'event': 'validation_ranking_start', 'epoch': 1, 'max_edges': 50}
{'event': 'epoch_end', 'epoch': 1, 'early_stop_metric': 'val_composite', 'val_score': 0.1771361610372099, 'val_auc': 0.8694868285606809, 'val_ap': 0.2647570150825897, 'val_ndcg': 0.8622447697488776, 'val_mrr': 0.020474870489697573, 'val_hits@1': 0.0, 'val_hits@10': 0.04, 'val_hits@50': 0.16, 'val_hits@100': 0.32, 'elapsed_sec': 619.0815814770758}
{'event': 'epoch_start', 'epoch': 2, 'epochs': 20, 'batches': 255, 'time_groups': 255}
{'event': 'train_time_group', 'epoch': 2, 'time_group': 1, 'time_groups': 255, 'batch': 0, 'batches': 255, 'time_value': 1388534400.0, 'group_batches': 1, 'history_edges': 0, 'elapsed_sec': 0.029886554926633835, 'cuda_allocated_mb': 120, 'cuda_reserved_mb': 2344, 'cuda_max_allocated_mb': 2133}
{'event': 'train_progress', 'epoch': 2, 'batch': 1, 'batches': 255, 'time_group': 1, 'time_groups': 255, 'history_edges': 0, 'pos_edges': 113, 'neg_edges': 1130, 'loss_recent': 44.35792922973633, 'elapsed_sec': 0.7465343289077282, 'avg_sec_per_batch': 0.7465343289077282, 'cuda_allocated_mb': 137, 'cuda_reserved_mb': 2344, 'cuda_max_allocated_mb': 2133}
{'event': 'train_progress', 'epoch': 2, 'batch': 55, 'batches': 255, 'time_group': 55, 'time_groups': 255, 'history_edges': 12327, 'pos_edges': 319, 'neg_edges': 3190, 'loss_recent': 66.98082743558017, 'elapsed_sec': 61.14884069189429, 'avg_sec_per_batch': 1.111797103488987, 'cuda_allocated_mb': 164, 'cuda_reserved_mb': 2344, 'cuda_max_allocated_mb': 2133}
{'event': 'train_progress', 'epoch': 2, 'batch': 100, 'batches': 255, 'time_group': 100, 'time_groups': 255, 'history_edges': 23816, 'pos_edges': 259, 'neg_edges': 2590, 'loss_recent': 66.50285657882691, 'elapsed_sec': 116.10599610581994, 'avg_sec_per_batch': 1.1610599610581993, 'cuda_allocated_mb': 157, 'cuda_reserved_mb': 2344, 'cuda_max_allocated_mb': 2133}
{'event': 'train_progress', 'epoch': 2, 'batch': 150, 'batches': 255, 'time_group': 150, 'time_groups': 255, 'history_edges': 35965, 'pos_edges': 271, 'neg_edges': 2710, 'loss_recent': 63.09486810684204, 'elapsed_sec': 176.13199266046286, 'avg_sec_per_batch': 1.1742132844030857, 'cuda_allocated_mb': 160, 'cuda_reserved_mb': 2344, 'cuda_max_allocated_mb': 2133}
{'event': 'train_progress', 'epoch': 2, 'batch': 199, 'batches': 255, 'time_group': 199, 'time_groups': 255, 'history_edges': 48469, 'pos_edges': 282, 'neg_edges': 2820, 'loss_recent': 59.75103893280029, 'elapsed_sec': 237.02424119785428, 'avg_sec_per_batch': 1.1910765889339412, 'cuda_allocated_mb': 160, 'cuda_reserved_mb': 2344, 'cuda_max_allocated_mb': 2133}
{'event': 'train_progress', 'epoch': 2, 'batch': 200, 'batches': 255, 'time_group': 200, 'time_groups': 255, 'history_edges': 48751, 'pos_edges': 162, 'neg_edges': 1620, 'loss_recent': 59.482489013671874, 'elapsed_sec': 237.9271182976663, 'avg_sec_per_batch': 1.1896355914883316, 'cuda_allocated_mb': 145, 'cuda_reserved_mb': 2344, 'cuda_max_allocated_mb': 2133}
{'event': 'train_progress', 'epoch': 2, 'batch': 252, 'batches': 255, 'time_group': 252, 'time_groups': 255, 'history_edges': 60452, 'pos_edges': 312, 'neg_edges': 3120, 'loss_recent': 56.202246265411375, 'elapsed_sec': 298.3531842380762, 'avg_sec_per_batch': 1.1839412072939532, 'cuda_allocated_mb': 166, 'cuda_reserved_mb': 2344, 'cuda_max_allocated_mb': 2133}
{'event': 'train_time_group', 'epoch': 2, 'time_group': 255, 'time_groups': 255, 'batch': 254, 'batches': 255, 'time_value': 1410480000.0, 'group_batches': 1, 'history_edges': 61439, 'elapsed_sec': 301.2082981169224, 'cuda_allocated_mb': 120, 'cuda_reserved_mb': 2344, 'cuda_max_allocated_mb': 2133}
{'event': 'train_progress', 'epoch': 2, 'batch': 255, 'batches': 255, 'time_group': 255, 'time_groups': 255, 'history_edges': 61439, 'pos_edges': 321, 'neg_edges': 3210, 'loss_recent': 56.43980436325073, 'elapsed_sec': 302.71928622946143, 'avg_sec_per_batch': 1.1871344558018095, 'cuda_allocated_mb': 165, 'cuda_reserved_mb': 2344, 'cuda_max_allocated_mb': 2133}
{'event': 'validation_start', 'epoch': 2}
{'event': 'validation_ranking_start', 'epoch': 2, 'max_edges': 50}
{'event': 'epoch_end', 'epoch': 2, 'early_stop_metric': 'val_composite', 'val_score': 0.16872010394113637, 'val_auc': 0.8704184709515488, 'val_ap': 0.27048884611393814, 'val_ndcg': 0.8629114960964794, 'val_mrr': 0.012216897374020472, 'val_hits@1': 0.0, 'val_hits@10': 0.02, 'val_hits@50': 0.17, 'val_hits@100': 0.24, 'elapsed_sec': 617.2953818812966}
{'event': 'epoch_start', 'epoch': 3, 'epochs': 20, 'batches': 255, 'time_groups': 255}
{'event': 'train_time_group', 'epoch': 3, 'time_group': 1, 'time_groups': 255, 'batch': 0, 'batches': 255, 'time_value': 1388534400.0, 'group_batches': 1, 'history_edges': 0, 'elapsed_sec': 0.03352474048733711, 'cuda_allocated_mb': 120, 'cuda_reserved_mb': 2344, 'cuda_max_allocated_mb': 2133}
{'event': 'train_progress', 'epoch': 3, 'batch': 1, 'batches': 255, 'time_group': 1, 'time_groups': 255, 'history_edges': 0, 'pos_edges': 113, 'neg_edges': 1130, 'loss_recent': 52.088924407958984, 'elapsed_sec': 0.7299538813531399, 'avg_sec_per_batch': 0.7299538813531399, 'cuda_allocated_mb': 137, 'cuda_reserved_mb': 2344, 'cuda_max_allocated_mb': 2133}
{'event': 'train_progress', 'epoch': 3, 'batch': 54, 'batches': 255, 'time_group': 54, 'time_groups': 255, 'history_edges': 12145, 'pos_edges': 182, 'neg_edges': 1820, 'loss_recent': 55.40033177976255, 'elapsed_sec': 61.58379789441824, 'avg_sec_per_batch': 1.1404407017484859, 'cuda_allocated_mb': 147, 'cuda_reserved_mb': 2344, 'cuda_max_allocated_mb': 2133}
{'event': 'train_progress', 'epoch': 3, 'batch': 100, 'batches': 255, 'time_group': 100, 'time_groups': 255, 'history_edges': 23816, 'pos_edges': 259, 'neg_edges': 2590, 'loss_recent': 56.08211093902588, 'elapsed_sec': 118.58659008517861, 'avg_sec_per_batch': 1.1858659008517862, 'cuda_allocated_mb': 157, 'cuda_reserved_mb': 2344, 'cuda_max_allocated_mb': 2133}
{'event': 'train_progress', 'epoch': 3, 'batch': 152, 'batches': 255, 'time_group': 152, 'time_groups': 255, 'history_edges': 36403, 'pos_edges': 144, 'neg_edges': 1440, 'loss_recent': 54.18470174789429, 'elapsed_sec': 179.28896064311266, 'avg_sec_per_batch': 1.1795326358099516, 'cuda_allocated_mb': 143, 'cuda_reserved_mb': 2344, 'cuda_max_allocated_mb': 2133}
{'event': 'train_progress', 'epoch': 3, 'batch': 200, 'batches': 255, 'time_group': 200, 'time_groups': 255, 'history_edges': 48751, 'pos_edges': 162, 'neg_edges': 1620, 'loss_recent': 53.544075756073, 'elapsed_sec': 239.1666783168912, 'avg_sec_per_batch': 1.195833391584456, 'cuda_allocated_mb': 145, 'cuda_reserved_mb': 2344, 'cuda_max_allocated_mb': 2133}
{'event': 'train_progress', 'epoch': 3, 'batch': 252, 'batches': 255, 'time_group': 252, 'time_groups': 255, 'history_edges': 60452, 'pos_edges': 312, 'neg_edges': 3120, 'loss_recent': 51.45166061401367, 'elapsed_sec': 300.54184171929955, 'avg_sec_per_batch': 1.1926263560289665, 'cuda_allocated_mb': 165, 'cuda_reserved_mb': 2344, 'cuda_max_allocated_mb': 2133}
{'event': 'train_time_group', 'epoch': 3, 'time_group': 255, 'time_groups': 255, 'batch': 254, 'batches': 255, 'time_value': 1410480000.0, 'group_batches': 1, 'history_edges': 61439, 'elapsed_sec': 303.35510458797216, 'cuda_allocated_mb': 120, 'cuda_reserved_mb': 2344, 'cuda_max_allocated_mb': 2133}
{'event': 'train_progress', 'epoch': 3, 'batch': 255, 'batches': 255, 'time_group': 255, 'time_groups': 255, 'history_edges': 61439, 'pos_edges': 321, 'neg_edges': 3210, 'loss_recent': 51.70652153015137, 'elapsed_sec': 304.9605838805437, 'avg_sec_per_batch': 1.1959238583550733, 'cuda_allocated_mb': 166, 'cuda_reserved_mb': 2344, 'cuda_max_allocated_mb': 2133}
{'event': 'validation_start', 'epoch': 3}
{'event': 'validation_ranking_start', 'epoch': 3, 'max_edges': 50}
{'event': 'epoch_end', 'epoch': 3, 'early_stop_metric': 'val_composite', 'val_score': 0.17658336775782074, 'val_auc': 0.8713669270344901, 'val_ap': 0.2763872791371555, 'val_ndcg': 0.8639395865066122, 'val_mrr': 0.016479201577863343, 'val_hits@1': 0.0, 'val_hits@10': 0.04, 'val_hits@50': 0.22, 'val_hits@100': 0.34, 'elapsed_sec': 620.554352145642}
{'event': 'epoch_start', 'epoch': 4, 'epochs': 20, 'batches': 255, 'time_groups': 255}
{'event': 'train_time_group', 'epoch': 4, 'time_group': 1, 'time_groups': 255, 'batch': 0, 'batches': 255, 'time_value': 1388534400.0, 'group_batches': 1, 'history_edges': 0, 'elapsed_sec': 0.03170238062739372, 'cuda_allocated_mb': 120, 'cuda_reserved_mb': 2344, 'cuda_max_allocated_mb': 2133}
{'event': 'train_progress', 'epoch': 4, 'batch': 1, 'batches': 255, 'time_group': 1, 'time_groups': 255, 'history_edges': 0, 'pos_edges': 113, 'neg_edges': 1130, 'loss_recent': 64.26590728759766, 'elapsed_sec': 0.7330746948719025, 'avg_sec_per_batch': 0.7330746948719025, 'cuda_allocated_mb': 137, 'cuda_reserved_mb': 2344, 'cuda_max_allocated_mb': 2133}
{'event': 'train_progress', 'epoch': 4, 'batch': 54, 'batches': 255, 'time_group': 54, 'time_groups': 255, 'history_edges': 12145, 'pos_edges': 182, 'neg_edges': 1820, 'loss_recent': 50.83204407162137, 'elapsed_sec': 60.797339864075184, 'avg_sec_per_batch': 1.1258766641495404, 'cuda_allocated_mb': 147, 'cuda_reserved_mb': 2344, 'cuda_max_allocated_mb': 2133}
{'event': 'train_progress', 'epoch': 4, 'batch': 100, 'batches': 255, 'time_group': 100, 'time_groups': 255, 'history_edges': 23816, 'pos_edges': 259, 'neg_edges': 2590, 'loss_recent': 51.87338344573975, 'elapsed_sec': 115.79675558954477, 'avg_sec_per_batch': 1.1579675558954476, 'cuda_allocated_mb': 158, 'cuda_reserved_mb': 2344, 'cuda_max_allocated_mb': 2133}
{'event': 'train_progress', 'epoch': 4, 'batch': 152, 'batches': 255, 'time_group': 152, 'time_groups': 255, 'history_edges': 36403, 'pos_edges': 144, 'neg_edges': 1440, 'loss_recent': 50.755201225280764, 'elapsed_sec': 176.09809420257807, 'avg_sec_per_batch': 1.1585400934380137, 'cuda_allocated_mb': 143, 'cuda_reserved_mb': 2344, 'cuda_max_allocated_mb': 2133}
{'event': 'train_progress', 'epoch': 4, 'batch': 200, 'batches': 255, 'time_group': 200, 'time_groups': 255, 'history_edges': 48751, 'pos_edges': 162, 'neg_edges': 1620, 'loss_recent': 50.664950923919676, 'elapsed_sec': 235.5993916094303, 'avg_sec_per_batch': 1.1779969580471517, 'cuda_allocated_mb': 145, 'cuda_reserved_mb': 2344, 'cuda_max_allocated_mb': 2133}
{'event': 'train_progress', 'epoch': 4, 'batch': 252, 'batches': 255, 'time_group': 252, 'time_groups': 255, 'history_edges': 60452, 'pos_edges': 312, 'neg_edges': 3120, 'loss_recent': 49.19223705291748, 'elapsed_sec': 296.4054865576327, 'avg_sec_per_batch': 1.176212248244574, 'cuda_allocated_mb': 164, 'cuda_reserved_mb': 2344, 'cuda_max_allocated_mb': 2133}
{'event': 'train_time_group', 'epoch': 4, 'time_group': 255, 'time_groups': 255, 'batch': 254, 'batches': 255, 'time_value': 1410480000.0, 'group_batches': 1, 'history_edges': 61439, 'elapsed_sec': 299.28934409469366, 'cuda_allocated_mb': 120, 'cuda_reserved_mb': 2344, 'cuda_max_allocated_mb': 2133}
{'event': 'train_progress', 'epoch': 4, 'batch': 255, 'batches': 255, 'time_group': 255, 'time_groups': 255, 'history_edges': 61439, 'pos_edges': 321, 'neg_edges': 3210, 'loss_recent': 49.45027488708496, 'elapsed_sec': 300.7827171571553, 'avg_sec_per_batch': 1.179540067282962, 'cuda_allocated_mb': 165, 'cuda_reserved_mb': 2344, 'cuda_max_allocated_mb': 2133}
{'event': 'validation_start', 'epoch': 4}
{'event': 'validation_ranking_start', 'epoch': 4, 'max_edges': 50}
{'event': 'epoch_end', 'epoch': 4, 'early_stop_metric': 'val_composite', 'val_score': 0.19958376395183308, 'val_auc': 0.8759867666801624, 'val_ap': 0.30253120876578976, 'val_ndcg': 0.8717526720034912, 'val_mrr': 0.030865256146459515, 'val_hits@1': 0.0, 'val_hits@10': 0.09, 'val_hits@50': 0.21, 'val_hits@100': 0.36, 'elapsed_sec': 616.8887657560408}
{'event': 'epoch_start', 'epoch': 5, 'epochs': 20, 'batches': 255, 'time_groups': 255}
{'event': 'train_time_group', 'epoch': 5, 'time_group': 1, 'time_groups': 255, 'batch': 0, 'batches': 255, 'time_value': 1388534400.0, 'group_batches': 1, 'history_edges': 0, 'elapsed_sec': 0.02895183488726616, 'cuda_allocated_mb': 120, 'cuda_reserved_mb': 2344, 'cuda_max_allocated_mb': 2133}
{'event': 'train_progress', 'epoch': 5, 'batch': 1, 'batches': 255, 'time_group': 1, 'time_groups': 255, 'history_edges': 0, 'pos_edges': 113, 'neg_edges': 1130, 'loss_recent': 79.38984680175781, 'elapsed_sec': 0.7428261190652847, 'avg_sec_per_batch': 0.7428261190652847, 'cuda_allocated_mb': 136, 'cuda_reserved_mb': 2344, 'cuda_max_allocated_mb': 2133}
{'event': 'train_progress', 'epoch': 5, 'batch': 52, 'batches': 255, 'time_group': 52, 'time_groups': 255, 'history_edges': 11642, 'pos_edges': 317, 'neg_edges': 3170, 'loss_recent': 48.95944580665002, 'elapsed_sec': 61.44669884815812, 'avg_sec_per_batch': 1.1816672855415022, 'cuda_allocated_mb': 165, 'cuda_reserved_mb': 2344, 'cuda_max_allocated_mb': 2133}
{'event': 'train_progress', 'epoch': 5, 'batch': 100, 'batches': 255, 'time_group': 100, 'time_groups': 255, 'history_edges': 23816, 'pos_edges': 259, 'neg_edges': 2590, 'loss_recent': 49.88539442062378, 'elapsed_sec': 119.8905777670443, 'avg_sec_per_batch': 1.198905777670443, 'cuda_allocated_mb': 158, 'cuda_reserved_mb': 2344, 'cuda_max_allocated_mb': 2133}
{'event': 'train_progress', 'epoch': 5, 'batch': 152, 'batches': 255, 'time_group': 152, 'time_groups': 255, 'history_edges': 36403, 'pos_edges': 144, 'neg_edges': 1440, 'loss_recent': 49.480390853881836, 'elapsed_sec': 180.33478458598256, 'avg_sec_per_batch': 1.1864130564867275, 'cuda_allocated_mb': 142, 'cuda_reserved_mb': 2344, 'cuda_max_allocated_mb': 2133}
{'event': 'train_progress', 'epoch': 5, 'batch': 199, 'batches': 255, 'time_group': 199, 'time_groups': 255, 'history_edges': 48469, 'pos_edges': 282, 'neg_edges': 2820, 'loss_recent': 50.00490982055664, 'elapsed_sec': 240.93500313907862, 'avg_sec_per_batch': 1.2107286589903448, 'cuda_allocated_mb': 161, 'cuda_reserved_mb': 2344, 'cuda_max_allocated_mb': 2133}
{'event': 'train_progress', 'epoch': 5, 'batch': 200, 'batches': 255, 'time_group': 200, 'time_groups': 255, 'history_edges': 48751, 'pos_edges': 162, 'neg_edges': 1620, 'loss_recent': 49.79220178604126, 'elapsed_sec': 241.66692232713103, 'avg_sec_per_batch': 1.2083346116356553, 'cuda_allocated_mb': 145, 'cuda_reserved_mb': 2344, 'cuda_max_allocated_mb': 2133}
{'event': 'train_progress', 'epoch': 5, 'batch': 252, 'batches': 255, 'time_group': 252, 'time_groups': 255, 'history_edges': 60452, 'pos_edges': 312, 'neg_edges': 3120, 'loss_recent': 48.53808280944824, 'elapsed_sec': 302.9823241867125, 'avg_sec_per_batch': 1.2023108102647322, 'cuda_allocated_mb': 164, 'cuda_reserved_mb': 2344, 'cuda_max_allocated_mb': 2133}
{'event': 'train_time_group', 'epoch': 5, 'time_group': 255, 'time_groups': 255, 'batch': 254, 'batches': 255, 'time_value': 1410480000.0, 'group_batches': 1, 'history_edges': 61439, 'elapsed_sec': 305.74419044703245, 'cuda_allocated_mb': 120, 'cuda_reserved_mb': 2344, 'cuda_max_allocated_mb': 2133}
{'event': 'train_progress', 'epoch': 5, 'batch': 255, 'batches': 255, 'time_group': 255, 'time_groups': 255, 'history_edges': 61439, 'pos_edges': 321, 'neg_edges': 3210, 'loss_recent': 48.81684005737305, 'elapsed_sec': 307.25527161732316, 'avg_sec_per_batch': 1.2049226337934242, 'cuda_allocated_mb': 165, 'cuda_reserved_mb': 2344, 'cuda_max_allocated_mb': 2133}
{'event': 'validation_start', 'epoch': 5}
{'event': 'validation_ranking_start', 'epoch': 5, 'max_edges': 50}
{'event': 'epoch_end', 'epoch': 5, 'early_stop_metric': 'val_composite', 'val_score': 0.2081464566840448, 'val_auc': 0.8809492191632883, 'val_ap': 0.3248991029929521, 'val_ndcg': 0.8776526527798814, 'val_mrr': 0.042028327020512714, 'val_hits@1': 0.02, 'val_hits@10': 0.09, 'val_hits@50': 0.25, 'val_hits@100': 0.34, 'elapsed_sec': 623.3371334187686}
{'event': 'epoch_start', 'epoch': 6, 'epochs': 20, 'batches': 255, 'time_groups': 255}
{'event': 'train_time_group', 'epoch': 6, 'time_group': 1, 'time_groups': 255, 'batch': 0, 'batches': 255, 'time_value': 1388534400.0, 'group_batches': 1, 'history_edges': 0, 'elapsed_sec': 0.028721816837787628, 'cuda_allocated_mb': 120, 'cuda_reserved_mb': 2344, 'cuda_max_allocated_mb': 2133}
{'event': 'train_progress', 'epoch': 6, 'batch': 1, 'batches': 255, 'time_group': 1, 'time_groups': 255, 'history_edges': 0, 'pos_edges': 113, 'neg_edges': 1130, 'loss_recent': 97.50531005859375, 'elapsed_sec': 0.7384358197450638, 'avg_sec_per_batch': 0.7384358197450638, 'cuda_allocated_mb': 137, 'cuda_reserved_mb': 2344, 'cuda_max_allocated_mb': 2133}
{'event': 'train_progress', 'epoch': 6, 'batch': 52, 'batches': 255, 'time_group': 52, 'time_groups': 255, 'history_edges': 11642, 'pos_edges': 317, 'neg_edges': 3170, 'loss_recent': 48.11768047626202, 'elapsed_sec': 61.214328303933144, 'avg_sec_per_batch': 1.1771986212294836, 'cuda_allocated_mb': 165, 'cuda_reserved_mb': 2344, 'cuda_max_allocated_mb': 2133}
{'event': 'train_progress', 'epoch': 6, 'batch': 100, 'batches': 255, 'time_group': 100, 'time_groups': 255, 'history_edges': 23816, 'pos_edges': 259, 'neg_edges': 2590, 'loss_recent': 49.21019609451294, 'elapsed_sec': 120.54946841672063, 'avg_sec_per_batch': 1.2054946841672063, 'cuda_allocated_mb': 157, 'cuda_reserved_mb': 2344, 'cuda_max_allocated_mb': 2133}
{'event': 'train_progress', 'epoch': 6, 'batch': 151, 'batches': 255, 'time_group': 151, 'time_groups': 255, 'history_edges': 36236, 'pos_edges': 167, 'neg_edges': 1670, 'loss_recent': 49.481614170074465, 'elapsed_sec': 181.52753181383014, 'avg_sec_per_batch': 1.2021690848598023, 'cuda_allocated_mb': 146, 'cuda_reserved_mb': 2344, 'cuda_max_allocated_mb': 2133}
{'event': 'train_progress', 'epoch': 6, 'batch': 199, 'batches': 255, 'time_group': 199, 'time_groups': 255, 'history_edges': 48469, 'pos_edges': 282, 'neg_edges': 2820, 'loss_recent': 49.62528076171875, 'elapsed_sec': 242.2281517609954, 'avg_sec_per_batch': 1.2172268932713337, 'cuda_allocated_mb': 161, 'cuda_reserved_mb': 2344, 'cuda_max_allocated_mb': 2133}
{'event': 'train_progress', 'epoch': 6, 'batch': 200, 'batches': 255, 'time_group': 200, 'time_groups': 255, 'history_edges': 48751, 'pos_edges': 162, 'neg_edges': 1620, 'loss_recent': 49.41141386032105, 'elapsed_sec': 243.0639754086733, 'avg_sec_per_batch': 1.2153198770433664, 'cuda_allocated_mb': 146, 'cuda_reserved_mb': 2344, 'cuda_max_allocated_mb': 2133}
{'event': 'train_progress', 'epoch': 6, 'batch': 253, 'batches': 255, 'time_group': 253, 'time_groups': 255, 'history_edges': 60764, 'pos_edges': 308, 'neg_edges': 3080, 'loss_recent': 48.09721075057983, 'elapsed_sec': 304.3558247759938, 'avg_sec_per_batch': 1.2029874497074855, 'cuda_allocated_mb': 164, 'cuda_reserved_mb': 2344, 'cuda_max_allocated_mb': 2133}
{'event': 'train_time_group', 'epoch': 6, 'time_group': 255, 'time_groups': 255, 'batch': 254, 'batches': 255, 'time_value': 1410480000.0, 'group_batches': 1, 'history_edges': 61439, 'elapsed_sec': 306.1845306009054, 'cuda_allocated_mb': 120, 'cuda_reserved_mb': 2344, 'cuda_max_allocated_mb': 2133}
{'event': 'train_progress', 'epoch': 6, 'batch': 255, 'batches': 255, 'time_group': 255, 'time_groups': 255, 'history_edges': 61439, 'pos_edges': 321, 'neg_edges': 3210, 'loss_recent': 48.2999587059021, 'elapsed_sec': 307.79692132025957, 'avg_sec_per_batch': 1.2070467502755278, 'cuda_allocated_mb': 165, 'cuda_reserved_mb': 2344, 'cuda_max_allocated_mb': 2133}
{'event': 'validation_start', 'epoch': 6}
{'event': 'validation_ranking_start', 'epoch': 6, 'max_edges': 50}
{'event': 'epoch_end', 'epoch': 6, 'early_stop_metric': 'val_composite', 'val_score': 0.20778043191994963, 'val_auc': 0.8812470602996535, 'val_ap': 0.3306210523886769, 'val_ndcg': 0.8801829465444114, 'val_mrr': 0.04506253527226784, 'val_hits@1': 0.01, 'val_hits@10': 0.08, 'val_hits@50': 0.18, 'val_hits@100': 0.34, 'elapsed_sec': 623.9701246470213}
{'event': 'epoch_start', 'epoch': 7, 'epochs': 20, 'batches': 255, 'time_groups': 255}
{'event': 'train_time_group', 'epoch': 7, 'time_group': 1, 'time_groups': 255, 'batch': 0, 'batches': 255, 'time_value': 1388534400.0, 'group_batches': 1, 'history_edges': 0, 'elapsed_sec': 0.024270515888929367, 'cuda_allocated_mb': 120, 'cuda_reserved_mb': 2344, 'cuda_max_allocated_mb': 2133}
{'event': 'train_progress', 'epoch': 7, 'batch': 1, 'batches': 255, 'time_group': 1, 'time_groups': 255, 'history_edges': 0, 'pos_edges': 113, 'neg_edges': 1130, 'loss_recent': 113.0439453125, 'elapsed_sec': 0.6899898089468479, 'avg_sec_per_batch': 0.6899898089468479, 'cuda_allocated_mb': 137, 'cuda_reserved_mb': 2344, 'cuda_max_allocated_mb': 2133}
{'event': 'train_progress', 'epoch': 7, 'batch': 52, 'batches': 255, 'time_group': 52, 'time_groups': 255, 'history_edges': 11642, 'pos_edges': 317, 'neg_edges': 3170, 'loss_recent': 47.714977997999924, 'elapsed_sec': 61.845988634973764, 'avg_sec_per_batch': 1.189345935287957, 'cuda_allocated_mb': 164, 'cuda_reserved_mb': 2344, 'cuda_max_allocated_mb': 2133}
{'event': 'train_progress', 'epoch': 7, 'batch': 100, 'batches': 255, 'time_group': 100, 'time_groups': 255, 'history_edges': 23816, 'pos_edges': 259, 'neg_edges': 2590, 'loss_recent': 48.807746238708496, 'elapsed_sec': 119.27758571878076, 'avg_sec_per_batch': 1.1927758571878075, 'cuda_allocated_mb': 157, 'cuda_reserved_mb': 2344, 'cuda_max_allocated_mb': 2133}
{'event': 'train_progress', 'epoch': 7, 'batch': 151, 'batches': 255, 'time_group': 151, 'time_groups': 255, 'history_edges': 36236, 'pos_edges': 167, 'neg_edges': 1670, 'loss_recent': 49.00620969772339, 'elapsed_sec': 180.17893344908953, 'avg_sec_per_batch': 1.19323796986152, 'cuda_allocated_mb': 145, 'cuda_reserved_mb': 2344, 'cuda_max_allocated_mb': 2133}
{'event': 'train_progress', 'epoch': 7, 'batch': 200, 'batches': 255, 'time_group': 200, 'time_groups': 255, 'history_edges': 48751, 'pos_edges': 162, 'neg_edges': 1620, 'loss_recent': 49.03073966979981, 'elapsed_sec': 240.80372361838818, 'avg_sec_per_batch': 1.2040186180919408, 'cuda_allocated_mb': 144, 'cuda_reserved_mb': 2344, 'cuda_max_allocated_mb': 2133}
{'event': 'train_progress', 'epoch': 7, 'batch': 252, 'batches': 255, 'time_group': 252, 'time_groups': 255, 'history_edges': 60452, 'pos_edges': 312, 'neg_edges': 3120, 'loss_recent': 47.80878316879272, 'elapsed_sec': 301.59737587347627, 'avg_sec_per_batch': 1.1968149836249058, 'cuda_allocated_mb': 165, 'cuda_reserved_mb': 2344, 'cuda_max_allocated_mb': 2133}
{'event': 'train_time_group', 'epoch': 7, 'time_group': 255, 'time_groups': 255, 'batch': 254, 'batches': 255, 'time_value': 1410480000.0, 'group_batches': 1, 'history_edges': 61439, 'elapsed_sec': 304.82738657668233, 'cuda_allocated_mb': 120, 'cuda_reserved_mb': 2344, 'cuda_max_allocated_mb': 2133}
{'event': 'train_progress', 'epoch': 7, 'batch': 255, 'batches': 255, 'time_group': 255, 'time_groups': 255, 'history_edges': 61439, 'pos_edges': 321, 'neg_edges': 3210, 'loss_recent': 48.102001094818114, 'elapsed_sec': 306.3209172785282, 'avg_sec_per_batch': 1.2012584991314832, 'cuda_allocated_mb': 165, 'cuda_reserved_mb': 2344, 'cuda_max_allocated_mb': 2133}
{'event': 'validation_start', 'epoch': 7}
{'event': 'validation_ranking_start', 'epoch': 7, 'max_edges': 50}
{'event': 'epoch_end', 'epoch': 7, 'early_stop_metric': 'val_composite', 'val_score': 0.21242817100242467, 'val_auc': 0.8808980045805862, 'val_ap': 0.33942659304209366, 'val_ndcg': 0.882353038790679, 'val_mrr': 0.03770162202225475, 'val_hits@1': 0.01, 'val_hits@10': 0.11, 'val_hits@50': 0.21, 'val_hits@100': 0.26, 'elapsed_sec': 617.3836203478277}
{'event': 'epoch_start', 'epoch': 8, 'epochs': 20, 'batches': 255, 'time_groups': 255}
{'event': 'train_time_group', 'epoch': 8, 'time_group': 1, 'time_groups': 255, 'batch': 0, 'batches': 255, 'time_value': 1388534400.0, 'group_batches': 1, 'history_edges': 0, 'elapsed_sec': 0.03177720308303833, 'cuda_allocated_mb': 120, 'cuda_reserved_mb': 2344, 'cuda_max_allocated_mb': 2133}
{'event': 'train_progress', 'epoch': 8, 'batch': 1, 'batches': 255, 'time_group': 1, 'time_groups': 255, 'history_edges': 0, 'pos_edges': 113, 'neg_edges': 1130, 'loss_recent': 128.4903106689453, 'elapsed_sec': 0.7017820291221142, 'avg_sec_per_batch': 0.7017820291221142, 'cuda_allocated_mb': 137, 'cuda_reserved_mb': 2344, 'cuda_max_allocated_mb': 2133}
{'event': 'train_progress', 'epoch': 8, 'batch': 51, 'batches': 255, 'time_group': 51, 'time_groups': 255, 'history_edges': 11287, 'pos_edges': 355, 'neg_edges': 3550, 'loss_recent': 47.57146207024069, 'elapsed_sec': 61.232848674058914, 'avg_sec_per_batch': 1.200644091648214, 'cuda_allocated_mb': 168, 'cuda_reserved_mb': 2344, 'cuda_max_allocated_mb': 2133}
{'event': 'train_progress', 'epoch': 8, 'batch': 100, 'batches': 255, 'time_group': 100, 'time_groups': 255, 'history_edges': 23816, 'pos_edges': 259, 'neg_edges': 2590, 'loss_recent': 48.79475975036621, 'elapsed_sec': 121.41824135556817, 'avg_sec_per_batch': 1.2141824135556818, 'cuda_allocated_mb': 158, 'cuda_reserved_mb': 2344, 'cuda_max_allocated_mb': 2133}
{'event': 'train_progress', 'epoch': 8, 'batch': 151, 'batches': 255, 'time_group': 151, 'time_groups': 255, 'history_edges': 36236, 'pos_edges': 167, 'neg_edges': 1670, 'loss_recent': 48.87985078811646, 'elapsed_sec': 182.0642263367772, 'avg_sec_per_batch': 1.2057233532236902, 'cuda_allocated_mb': 145, 'cuda_reserved_mb': 2344, 'cuda_max_allocated_mb': 2133}
{'event': 'train_progress', 'epoch': 8, 'batch': 199, 'batches': 255, 'time_group': 199, 'time_groups': 255, 'history_edges': 48469, 'pos_edges': 282, 'neg_edges': 2820, 'loss_recent': 49.11045528411865, 'elapsed_sec': 242.4819975234568, 'avg_sec_per_batch': 1.2185025001178735, 'cuda_allocated_mb': 160, 'cuda_reserved_mb': 2344, 'cuda_max_allocated_mb': 2133}
{'event': 'train_progress', 'epoch': 8, 'batch': 200, 'batches': 255, 'time_group': 200, 'time_groups': 255, 'history_edges': 48751, 'pos_edges': 162, 'neg_edges': 1620, 'loss_recent': 48.914408111572264, 'elapsed_sec': 243.48338128998876, 'avg_sec_per_batch': 1.2174169064499438, 'cuda_allocated_mb': 145, 'cuda_reserved_mb': 2344, 'cuda_max_allocated_mb': 2133}
{'event': 'train_progress', 'epoch': 8, 'batch': 251, 'batches': 255, 'time_group': 251, 'time_groups': 255, 'history_edges': 60135, 'pos_edges': 317, 'neg_edges': 3170, 'loss_recent': 47.35967754364014, 'elapsed_sec': 304.0021612942219, 'avg_sec_per_batch': 1.2111639892200075, 'cuda_allocated_mb': 165, 'cuda_reserved_mb': 2344, 'cuda_max_allocated_mb': 2133}
{'event': 'train_time_group', 'epoch': 8, 'time_group': 255, 'time_groups': 255, 'batch': 254, 'batches': 255, 'time_value': 1410480000.0, 'group_batches': 1, 'history_edges': 61439, 'elapsed_sec': 308.7738150767982, 'cuda_allocated_mb': 120, 'cuda_reserved_mb': 2344, 'cuda_max_allocated_mb': 2133}
{'event': 'train_progress', 'epoch': 8, 'batch': 255, 'batches': 255, 'time_group': 255, 'time_groups': 255, 'history_edges': 61439, 'pos_edges': 321, 'neg_edges': 3210, 'loss_recent': 47.965383472442625, 'elapsed_sec': 310.37773042172194, 'avg_sec_per_batch': 1.2171675702812625, 'cuda_allocated_mb': 166, 'cuda_reserved_mb': 2344, 'cuda_max_allocated_mb': 2133}
{'event': 'validation_start', 'epoch': 8}
{'event': 'validation_ranking_start', 'epoch': 8, 'max_edges': 50}
{'event': 'epoch_end', 'epoch': 8, 'early_stop_metric': 'val_composite', 'val_score': 0.2104374485081644, 'val_auc': 0.8837670564989046, 'val_ap': 0.3637704548955515, 'val_ndcg': 0.8883141192059365, 'val_mrr': 0.04299068908754711, 'val_hits@1': 0.02, 'val_hits@10': 0.08, 'val_hits@50': 0.23, 'val_hits@100': 0.33, 'elapsed_sec': 620.2235058620572}
{'event': 'epoch_start', 'epoch': 9, 'epochs': 20, 'batches': 255, 'time_groups': 255}
{'event': 'train_time_group', 'epoch': 9, 'time_group': 1, 'time_groups': 255, 'batch': 0, 'batches': 255, 'time_value': 1388534400.0, 'group_batches': 1, 'history_edges': 0, 'elapsed_sec': 0.2937490828335285, 'cuda_allocated_mb': 120, 'cuda_reserved_mb': 2344, 'cuda_max_allocated_mb': 2133}
{'event': 'train_progress', 'epoch': 9, 'batch': 1, 'batches': 255, 'time_group': 1, 'time_groups': 255, 'history_edges': 0, 'pos_edges': 113, 'neg_edges': 1130, 'loss_recent': 145.75509643554688, 'elapsed_sec': 0.8295604586601257, 'avg_sec_per_batch': 0.8295604586601257, 'cuda_allocated_mb': 136, 'cuda_reserved_mb': 2344, 'cuda_max_allocated_mb': 2133}
{'event': 'train_progress', 'epoch': 9, 'batch': 50, 'batches': 255, 'time_group': 50, 'time_groups': 255, 'history_edges': 10978, 'pos_edges': 309, 'neg_edges': 3090, 'loss_recent': 47.36184886932373, 'elapsed_sec': 61.34520944580436, 'avg_sec_per_batch': 1.2269041889160872, 'cuda_allocated_mb': 164, 'cuda_reserved_mb': 2344, 'cuda_max_allocated_mb': 2133}
{'event': 'train_progress', 'epoch': 9, 'batch': 98, 'batches': 255, 'time_group': 98, 'time_groups': 255, 'history_edges': 23184, 'pos_edges': 340, 'neg_edges': 3400, 'loss_recent': 48.64683612512083, 'elapsed_sec': 121.85941271483898, 'avg_sec_per_batch': 1.2434633950493774, 'cuda_allocated_mb': 166, 'cuda_reserved_mb': 2344, 'cuda_max_allocated_mb': 2133}
{'event': 'train_progress', 'epoch': 9, 'batch': 100, 'batches': 255, 'time_group': 100, 'time_groups': 255, 'history_edges': 23816, 'pos_edges': 259, 'neg_edges': 2590, 'loss_recent': 48.768182582855225, 'elapsed_sec': 124.64646899327636, 'avg_sec_per_batch': 1.2464646899327636, 'cuda_allocated_mb': 158, 'cuda_reserved_mb': 2344, 'cuda_max_allocated_mb': 2133}
{'event': 'train_progress', 'epoch': 9, 'batch': 149, 'batches': 255, 'time_group': 149, 'time_groups': 255, 'history_edges': 35638, 'pos_edges': 327, 'neg_edges': 3270, 'loss_recent': 49.12482261657715, 'elapsed_sec': 185.35858861356974, 'avg_sec_per_batch': 1.2440173732454345, 'cuda_allocated_mb': 165, 'cuda_reserved_mb': 2344, 'cuda_max_allocated_mb': 2133}
{'event': 'train_progress', 'epoch': 9, 'batch': 197, 'batches': 255, 'time_group': 197, 'time_groups': 255, 'history_edges': 47905, 'pos_edges': 283, 'neg_edges': 2830, 'loss_recent': 49.050580253601076, 'elapsed_sec': 246.25022356584668, 'avg_sec_per_batch': 1.2500011348520137, 'cuda_allocated_mb': 162, 'cuda_reserved_mb': 2344, 'cuda_max_allocated_mb': 2133}
{'event': 'train_progress', 'epoch': 9, 'batch': 200, 'batches': 255, 'time_group': 200, 'time_groups': 255, 'history_edges': 48751, 'pos_edges': 162, 'neg_edges': 1620, 'loss_recent': 48.708335342407224, 'elapsed_sec': 249.73855693265796, 'avg_sec_per_batch': 1.2486927846632898, 'cuda_allocated_mb': 145, 'cuda_reserved_mb': 2344, 'cuda_max_allocated_mb': 2133}
{'event': 'train_progress', 'epoch': 9, 'batch': 251, 'batches': 255, 'time_group': 251, 'time_groups': 255, 'history_edges': 60135, 'pos_edges': 317, 'neg_edges': 3170, 'loss_recent': 47.152030048370364, 'elapsed_sec': 310.68094861879945, 'avg_sec_per_batch': 1.2377727036605555, 'cuda_allocated_mb': 166, 'cuda_reserved_mb': 2344, 'cuda_max_allocated_mb': 2133}
{'event': 'train_time_group', 'epoch': 9, 'time_group': 255, 'time_groups': 255, 'batch': 254, 'batches': 255, 'time_value': 1410480000.0, 'group_batches': 1, 'history_edges': 61439, 'elapsed_sec': 315.3893049880862, 'cuda_allocated_mb': 120, 'cuda_reserved_mb': 2344, 'cuda_max_allocated_mb': 2133}
{'event': 'train_progress', 'epoch': 9, 'batch': 255, 'batches': 255, 'time_group': 255, 'time_groups': 255, 'history_edges': 61439, 'pos_edges': 321, 'neg_edges': 3210, 'loss_recent': 47.78193885803223, 'elapsed_sec': 316.95920841768384, 'avg_sec_per_batch': 1.2429772879124856, 'cuda_allocated_mb': 165, 'cuda_reserved_mb': 2344, 'cuda_max_allocated_mb': 2133}
{'event': 'validation_start', 'epoch': 9}
{'event': 'validation_ranking_start', 'epoch': 9, 'max_edges': 50}
{'event': 'epoch_end', 'epoch': 9, 'early_stop_metric': 'val_composite', 'val_score': 0.23689813065707077, 'val_auc': 0.882743277322259, 'val_ap': 0.38181395757912684, 'val_ndcg': 0.8927811049801863, 'val_mrr': 0.06261048660163848, 'val_hits@1': 0.04, 'val_hits@10': 0.14, 'val_hits@50': 0.3, 'val_hits@100': 0.38, 'elapsed_sec': 632.7398274280131}
{'event': 'epoch_start', 'epoch': 10, 'epochs': 20, 'batches': 255, 'time_groups': 255}
{'event': 'train_time_group', 'epoch': 10, 'time_group': 1, 'time_groups': 255, 'batch': 0, 'batches': 255, 'time_value': 1388534400.0, 'group_batches': 1, 'history_edges': 0, 'elapsed_sec': 0.03099941462278366, 'cuda_allocated_mb': 120, 'cuda_reserved_mb': 2344, 'cuda_max_allocated_mb': 2133}
{'event': 'train_progress', 'epoch': 10, 'batch': 1, 'batches': 255, 'time_group': 1, 'time_groups': 255, 'history_edges': 0, 'pos_edges': 113, 'neg_edges': 1130, 'loss_recent': 161.6317138671875, 'elapsed_sec': 0.6521356478333473, 'avg_sec_per_batch': 0.6521356478333473, 'cuda_allocated_mb': 137, 'cuda_reserved_mb': 2344, 'cuda_max_allocated_mb': 2133}
{'event': 'train_progress', 'epoch': 10, 'batch': 50, 'batches': 255, 'time_group': 50, 'time_groups': 255, 'history_edges': 10978, 'pos_edges': 309, 'neg_edges': 3090, 'loss_recent': 47.45470279693603, 'elapsed_sec': 62.00633768364787, 'avg_sec_per_batch': 1.2401267536729574, 'cuda_allocated_mb': 164, 'cuda_reserved_mb': 2344, 'cuda_max_allocated_mb': 2133}
{'event': 'train_progress', 'epoch': 10, 'batch': 99, 'batches': 255, 'time_group': 99, 'time_groups': 255, 'history_edges': 23524, 'pos_edges': 292, 'neg_edges': 2920, 'loss_recent': 48.85760991260259, 'elapsed_sec': 122.87741748988628, 'avg_sec_per_batch': 1.2411860352513766, 'cuda_allocated_mb': 163, 'cuda_reserved_mb': 2344, 'cuda_max_allocated_mb': 2133}
{'event': 'train_progress', 'epoch': 10, 'batch': 100, 'batches': 255, 'time_group': 100, 'time_groups': 255, 'history_edges': 23816, 'pos_edges': 259, 'neg_edges': 2590, 'loss_recent': 48.88965087890625, 'elapsed_sec': 124.24380279704928, 'avg_sec_per_batch': 1.2424380279704927, 'cuda_allocated_mb': 158, 'cuda_reserved_mb': 2344, 'cuda_max_allocated_mb': 2133}
{'event': 'train_progress', 'epoch': 10, 'batch': 150, 'batches': 255, 'time_group': 150, 'time_groups': 255, 'history_edges': 35965, 'pos_edges': 271, 'neg_edges': 2710, 'loss_recent': 49.15065082550049, 'elapsed_sec': 184.74333050847054, 'avg_sec_per_batch': 1.2316222033898037, 'cuda_allocated_mb': 160, 'cuda_reserved_mb': 2344, 'cuda_max_allocated_mb': 2133}
{'event': 'train_progress', 'epoch': 10, 'batch': 198, 'batches': 255, 'time_group': 198, 'time_groups': 255, 'history_edges': 48188, 'pos_edges': 281, 'neg_edges': 2810, 'loss_recent': 49.0748544883728, 'elapsed_sec': 246.04742431640625, 'avg_sec_per_batch': 1.242663759173769, 'cuda_allocated_mb': 161, 'cuda_reserved_mb': 2344, 'cuda_max_allocated_mb': 2133}
{'event': 'train_progress', 'epoch': 10, 'batch': 200, 'batches': 255, 'time_group': 200, 'time_groups': 255, 'history_edges': 48751, 'pos_edges': 162, 'neg_edges': 1620, 'loss_recent': 48.83780765533447, 'elapsed_sec': 248.19697466865182, 'avg_sec_per_batch': 1.2409848733432591, 'cuda_allocated_mb': 145, 'cuda_reserved_mb': 2344, 'cuda_max_allocated_mb': 2133}
{'event': 'train_progress', 'epoch': 10, 'batch': 250, 'batches': 255, 'time_group': 250, 'time_groups': 255, 'history_edges': 60004, 'pos_edges': 131, 'neg_edges': 1310, 'loss_recent': 46.90610176086426, 'elapsed_sec': 308.23099084943533, 'avg_sec_per_batch': 1.2329239633977414, 'cuda_allocated_mb': 142, 'cuda_reserved_mb': 2344, 'cuda_max_allocated_mb': 2133}
{'event': 'train_time_group', 'epoch': 10, 'time_group': 255, 'time_groups': 255, 'batch': 254, 'batches': 255, 'time_value': 1410480000.0, 'group_batches': 1, 'history_edges': 61439, 'elapsed_sec': 314.65220230445266, 'cuda_allocated_mb': 120, 'cuda_reserved_mb': 2344, 'cuda_max_allocated_mb': 2133}
{'event': 'train_progress', 'epoch': 10, 'batch': 255, 'batches': 255, 'time_group': 255, 'time_groups': 255, 'history_edges': 61439, 'pos_edges': 321, 'neg_edges': 3210, 'loss_recent': 47.84233045578003, 'elapsed_sec': 315.7180069051683, 'avg_sec_per_batch': 1.23810983100066, 'cuda_allocated_mb': 166, 'cuda_reserved_mb': 2344, 'cuda_max_allocated_mb': 2133}
{'event': 'validation_start', 'epoch': 10}
{'event': 'validation_ranking_start', 'epoch': 10, 'max_edges': 50}
{'event': 'epoch_end', 'epoch': 10, 'early_stop_metric': 'val_composite', 'val_score': 0.23128614268729547, 'val_auc': 0.8858765497556941, 'val_ap': 0.41121427318482767, 'val_ndcg': 0.8983422898048838, 'val_mrr': 0.05956646581091724, 'val_hits@1': 0.01, 'val_hits@10': 0.11, 'val_hits@50': 0.29, 'val_hits@100': 0.41, 'elapsed_sec': 633.353627383709}
{'event': 'epoch_start', 'epoch': 11, 'epochs': 20, 'batches': 255, 'time_groups': 255}
{'event': 'train_time_group', 'epoch': 11, 'time_group': 1, 'time_groups': 255, 'batch': 0, 'batches': 255, 'time_value': 1388534400.0, 'group_batches': 1, 'history_edges': 0, 'elapsed_sec': 0.03475603833794594, 'cuda_allocated_mb': 120, 'cuda_reserved_mb': 2344, 'cuda_max_allocated_mb': 2133}
{'event': 'train_progress', 'epoch': 11, 'batch': 1, 'batches': 255, 'time_group': 1, 'time_groups': 255, 'history_edges': 0, 'pos_edges': 113, 'neg_edges': 1130, 'loss_recent': 168.8743133544922, 'elapsed_sec': 0.723423182964325, 'avg_sec_per_batch': 0.723423182964325, 'cuda_allocated_mb': 137, 'cuda_reserved_mb': 2344, 'cuda_max_allocated_mb': 2133}
{'event': 'train_time_group', 'epoch': 11, 'time_group': 50, 'time_groups': 255, 'batch': 49, 'batches': 255, 'time_value': 1392768000.0, 'group_batches': 1, 'history_edges': 10978, 'elapsed_sec': 60.73408167809248, 'cuda_allocated_mb': 120, 'cuda_reserved_mb': 2344, 'cuda_max_allocated_mb': 2133}
{'event': 'train_progress', 'epoch': 11, 'batch': 97, 'batches': 255, 'time_group': 97, 'time_groups': 255, 'history_edges': 22916, 'pos_edges': 268, 'neg_edges': 2680, 'loss_recent': 48.523302805792426, 'elapsed_sec': 121.7959649823606, 'avg_sec_per_batch': 1.2556285049727898, 'cuda_allocated_mb': 159, 'cuda_reserved_mb': 2344, 'cuda_max_allocated_mb': 2133}
{'event': 'train_progress', 'epoch': 11, 'batch': 100, 'batches': 255, 'time_group': 100, 'time_groups': 255, 'history_edges': 23816, 'pos_edges': 259, 'neg_edges': 2590, 'loss_recent': 48.82919818878174, 'elapsed_sec': 126.05778424441814, 'avg_sec_per_batch': 1.2605778424441814, 'cuda_allocated_mb': 158, 'cuda_reserved_mb': 2344, 'cuda_max_allocated_mb': 2133}
{'event': 'train_progress', 'epoch': 11, 'batch': 150, 'batches': 255, 'time_group': 150, 'time_groups': 255, 'history_edges': 35965, 'pos_edges': 271, 'neg_edges': 2710, 'loss_recent': 48.98025594711304, 'elapsed_sec': 187.37154997512698, 'avg_sec_per_batch': 1.2491436665008466, 'cuda_allocated_mb': 160, 'cuda_reserved_mb': 2344, 'cuda_max_allocated_mb': 2133}
{'event': 'train_progress', 'epoch': 11, 'batch': 197, 'batches': 255, 'time_group': 197, 'time_groups': 255, 'history_edges': 47905, 'pos_edges': 283, 'neg_edges': 2830, 'loss_recent': 49.01414728164673, 'elapsed_sec': 247.41235388442874, 'avg_sec_per_batch': 1.2559002735250189, 'cuda_allocated_mb': 161, 'cuda_reserved_mb': 2344, 'cuda_max_allocated_mb': 2133}
{'event': 'train_progress', 'epoch': 11, 'batch': 200, 'batches': 255, 'time_group': 200, 'time_groups': 255, 'history_edges': 48751, 'pos_edges': 162, 'neg_edges': 1620, 'loss_recent': 48.661372890472414, 'elapsed_sec': 251.47409053891897, 'avg_sec_per_batch': 1.2573704526945948, 'cuda_allocated_mb': 145, 'cuda_reserved_mb': 2344, 'cuda_max_allocated_mb': 2133}
{'event': 'train_progress', 'epoch': 11, 'batch': 251, 'batches': 255, 'time_group': 251, 'time_groups': 255, 'history_edges': 60135, 'pos_edges': 317, 'neg_edges': 3170, 'loss_recent': 47.0742405128479, 'elapsed_sec': 312.64346704259515, 'avg_sec_per_batch': 1.2455915021617336, 'cuda_allocated_mb': 166, 'cuda_reserved_mb': 2344, 'cuda_max_allocated_mb': 2133}
{'event': 'train_time_group', 'epoch': 11, 'time_group': 255, 'time_groups': 255, 'batch': 254, 'batches': 255, 'time_value': 1410480000.0, 'group_batches': 1, 'history_edges': 61439, 'elapsed_sec': 317.327496457845, 'cuda_allocated_mb': 120, 'cuda_reserved_mb': 2344, 'cuda_max_allocated_mb': 2133}
{'event': 'train_progress', 'epoch': 11, 'batch': 255, 'batches': 255, 'time_group': 255, 'time_groups': 255, 'history_edges': 61439, 'pos_edges': 321, 'neg_edges': 3210, 'loss_recent': 47.70251195907593, 'elapsed_sec': 318.83199924975634, 'avg_sec_per_batch': 1.250321565685319, 'cuda_allocated_mb': 164, 'cuda_reserved_mb': 2344, 'cuda_max_allocated_mb': 2133}
{'event': 'validation_start', 'epoch': 11}
{'event': 'validation_ranking_start', 'epoch': 11, 'max_edges': 50}
{'event': 'epoch_end', 'epoch': 11, 'early_stop_metric': 'val_composite', 'val_score': 0.24507987937103737, 'val_auc': 0.8868783823883911, 'val_ap': 0.4227225056447781, 'val_ndcg': 0.9015659337156169, 'val_mrr': 0.06455174289660176, 'val_hits@1': 0.03, 'val_hits@10': 0.15, 'val_hits@50': 0.31, 'val_hits@100': 0.43, 'elapsed_sec': 636.5771561488509}
{'event': 'epoch_start', 'epoch': 12, 'epochs': 20, 'batches': 255, 'time_groups': 255}
{'event': 'train_time_group', 'epoch': 12, 'time_group': 1, 'time_groups': 255, 'batch': 0, 'batches': 255, 'time_value': 1388534400.0, 'group_batches': 1, 'history_edges': 0, 'elapsed_sec': 0.028927166014909744, 'cuda_allocated_mb': 120, 'cuda_reserved_mb': 2344, 'cuda_max_allocated_mb': 2133}
{'event': 'train_progress', 'epoch': 12, 'batch': 1, 'batches': 255, 'time_group': 1, 'time_groups': 255, 'history_edges': 0, 'pos_edges': 113, 'neg_edges': 1130, 'loss_recent': 183.85020446777344, 'elapsed_sec': 0.7947083972394466, 'avg_sec_per_batch': 0.7947083972394466, 'cuda_allocated_mb': 137, 'cuda_reserved_mb': 2344, 'cuda_max_allocated_mb': 2133}
{'event': 'train_progress', 'epoch': 12, 'batch': 51, 'batches': 255, 'time_group': 51, 'time_groups': 255, 'history_edges': 11287, 'pos_edges': 355, 'neg_edges': 3550, 'loss_recent': 48.12317863165163, 'elapsed_sec': 62.007409650832415, 'avg_sec_per_batch': 1.2158315617810278, 'cuda_allocated_mb': 168, 'cuda_reserved_mb': 2344, 'cuda_max_allocated_mb': 2133}
{'event': 'train_progress', 'epoch': 12, 'batch': 98, 'batches': 255, 'time_group': 98, 'time_groups': 255, 'history_edges': 23184, 'pos_edges': 340, 'neg_edges': 3400, 'loss_recent': 48.77887031010219, 'elapsed_sec': 122.83212408423424, 'avg_sec_per_batch': 1.2533890212676964, 'cuda_allocated_mb': 166, 'cuda_reserved_mb': 2344, 'cuda_max_allocated_mb': 2133}
{'event': 'train_progress', 'epoch': 12, 'batch': 100, 'batches': 255, 'time_group': 100, 'time_groups': 255, 'history_edges': 23816, 'pos_edges': 259, 'neg_edges': 2590, 'loss_recent': 48.88730779647827, 'elapsed_sec': 125.61409847065806, 'avg_sec_per_batch': 1.2561409847065805, 'cuda_allocated_mb': 157, 'cuda_reserved_mb': 2344, 'cuda_max_allocated_mb': 2133}
{'event': 'train_progress', 'epoch': 12, 'batch': 149, 'batches': 255, 'time_group': 149, 'time_groups': 255, 'history_edges': 35638, 'pos_edges': 327, 'neg_edges': 3270, 'loss_recent': 48.91684831619263, 'elapsed_sec': 185.96128360927105, 'avg_sec_per_batch': 1.2480623061024902, 'cuda_allocated_mb': 166, 'cuda_reserved_mb': 2344, 'cuda_max_allocated_mb': 2133}
{'event': 'train_progress', 'epoch': 12, 'batch': 196, 'batches': 255, 'time_group': 196, 'time_groups': 255, 'history_edges': 47593, 'pos_edges': 312, 'neg_edges': 3120, 'loss_recent': 48.86834875106811, 'elapsed_sec': 246.91579770296812, 'avg_sec_per_batch': 1.259774478076368, 'cuda_allocated_mb': 165, 'cuda_reserved_mb': 2344, 'cuda_max_allocated_mb': 2133}
{'event': 'train_progress', 'epoch': 12, 'batch': 200, 'batches': 255, 'time_group': 200, 'time_groups': 255, 'history_edges': 48751, 'pos_edges': 162, 'neg_edges': 1620, 'loss_recent': 48.57636785507202, 'elapsed_sec': 251.98346295952797, 'avg_sec_per_batch': 1.25991731479764, 'cuda_allocated_mb': 146, 'cuda_reserved_mb': 2344, 'cuda_max_allocated_mb': 2133}
{'event': 'train_progress', 'epoch': 12, 'batch': 252, 'batches': 255, 'time_group': 252, 'time_groups': 255, 'history_edges': 60452, 'pos_edges': 312, 'neg_edges': 3120, 'loss_recent': 47.32035289764404, 'elapsed_sec': 313.56122808903456, 'avg_sec_per_batch': 1.244290587654899, 'cuda_allocated_mb': 165, 'cuda_reserved_mb': 2344, 'cuda_max_allocated_mb': 2133}
{'event': 'train_time_group', 'epoch': 12, 'time_group': 255, 'time_groups': 255, 'batch': 254, 'batches': 255, 'time_value': 1410480000.0, 'group_batches': 1, 'history_edges': 61439, 'elapsed_sec': 316.96724148094654, 'cuda_allocated_mb': 120, 'cuda_reserved_mb': 2364, 'cuda_max_allocated_mb': 2133}
{'event': 'train_progress', 'epoch': 12, 'batch': 255, 'batches': 255, 'time_group': 255, 'time_groups': 255, 'history_edges': 61439, 'pos_edges': 321, 'neg_edges': 3210, 'loss_recent': 47.64267738342285, 'elapsed_sec': 318.5626213811338, 'avg_sec_per_batch': 1.2492651818867992, 'cuda_allocated_mb': 166, 'cuda_reserved_mb': 2364, 'cuda_max_allocated_mb': 2133}
{'event': 'validation_start', 'epoch': 12}
{'event': 'validation_ranking_start', 'epoch': 12, 'max_edges': 50}
{'event': 'epoch_end', 'epoch': 12, 'early_stop_metric': 'val_composite', 'val_score': 0.24773800056837053, 'val_auc': 0.8869389231016395, 'val_ap': 0.4269243859529164, 'val_ndcg': 0.902736072366479, 'val_mrr': 0.0690094470156659, 'val_hits@1': 0.04, 'val_hits@10': 0.15, 'val_hits@50': 0.31, 'val_hits@100': 0.45, 'elapsed_sec': 635.3665799573064}
{'event': 'epoch_start', 'epoch': 13, 'epochs': 20, 'batches': 255, 'time_groups': 255}
{'event': 'train_time_group', 'epoch': 13, 'time_group': 1, 'time_groups': 255, 'batch': 0, 'batches': 255, 'time_value': 1388534400.0, 'group_batches': 1, 'history_edges': 0, 'elapsed_sec': 0.028841014951467514, 'cuda_allocated_mb': 120, 'cuda_reserved_mb': 2364, 'cuda_max_allocated_mb': 2133}
{'event': 'train_progress', 'epoch': 13, 'batch': 1, 'batches': 255, 'time_group': 1, 'time_groups': 255, 'history_edges': 0, 'pos_edges': 113, 'neg_edges': 1130, 'loss_recent': 201.62005615234375, 'elapsed_sec': 0.7892429120838642, 'avg_sec_per_batch': 0.7892429120838642, 'cuda_allocated_mb': 137, 'cuda_reserved_mb': 2364, 'cuda_max_allocated_mb': 2133}
{'event': 'train_progress', 'epoch': 13, 'batch': 52, 'batches': 255, 'time_group': 52, 'time_groups': 255, 'history_edges': 11642, 'pos_edges': 317, 'neg_edges': 3170, 'loss_recent': 48.59821015137892, 'elapsed_sec': 61.12320003286004, 'avg_sec_per_batch': 1.1754461544780777, 'cuda_allocated_mb': 166, 'cuda_reserved_mb': 2364, 'cuda_max_allocated_mb': 2133}
{'event': 'train_progress', 'epoch': 13, 'batch': 100, 'batches': 255, 'time_group': 100, 'time_groups': 255, 'history_edges': 23816, 'pos_edges': 259, 'neg_edges': 2590, 'loss_recent': 48.942707214355465, 'elapsed_sec': 119.21918328478932, 'avg_sec_per_batch': 1.1921918328478933, 'cuda_allocated_mb': 157, 'cuda_reserved_mb': 2364, 'cuda_max_allocated_mb': 2133}
{'event': 'train_progress', 'epoch': 13, 'batch': 150, 'batches': 255, 'time_group': 150, 'time_groups': 255, 'history_edges': 35965, 'pos_edges': 271, 'neg_edges': 2710, 'loss_recent': 48.772955913543704, 'elapsed_sec': 179.88696117699146, 'avg_sec_per_batch': 1.1992464078466099, 'cuda_allocated_mb': 158, 'cuda_reserved_mb': 2364, 'cuda_max_allocated_mb': 2133}
{'event': 'train_progress', 'epoch': 13, 'batch': 198, 'batches': 255, 'time_group': 198, 'time_groups': 255, 'history_edges': 48188, 'pos_edges': 281, 'neg_edges': 2810, 'loss_recent': 48.71190881729126, 'elapsed_sec': 239.89417999237776, 'avg_sec_per_batch': 1.2115867676382714, 'cuda_allocated_mb': 160, 'cuda_reserved_mb': 2364, 'cuda_max_allocated_mb': 2133}
{'event': 'train_progress', 'epoch': 13, 'batch': 200, 'batches': 255, 'time_group': 200, 'time_groups': 255, 'history_edges': 48751, 'pos_edges': 162, 'neg_edges': 1620, 'loss_recent': 48.47884693145752, 'elapsed_sec': 242.0640178732574, 'avg_sec_per_batch': 1.210320089366287, 'cuda_allocated_mb': 146, 'cuda_reserved_mb': 2364, 'cuda_max_allocated_mb': 2133}
{'event': 'train_progress', 'epoch': 13, 'batch': 252, 'batches': 255, 'time_group': 252, 'time_groups': 255, 'history_edges': 60452, 'pos_edges': 312, 'neg_edges': 3120, 'loss_recent': 47.268739757537844, 'elapsed_sec': 303.00856967642903, 'avg_sec_per_batch': 1.2024149590334485, 'cuda_allocated_mb': 163, 'cuda_reserved_mb': 2364, 'cuda_max_allocated_mb': 2133}
{'event': 'train_time_group', 'epoch': 13, 'time_group': 255, 'time_groups': 255, 'batch': 254, 'batches': 255, 'time_value': 1410480000.0, 'group_batches': 1, 'history_edges': 61439, 'elapsed_sec': 306.223942335695, 'cuda_allocated_mb': 120, 'cuda_reserved_mb': 2364, 'cuda_max_allocated_mb': 2133}
{'event': 'train_progress', 'epoch': 13, 'batch': 255, 'batches': 255, 'time_group': 255, 'time_groups': 255, 'history_edges': 61439, 'pos_edges': 321, 'neg_edges': 3210, 'loss_recent': 47.548464679718016, 'elapsed_sec': 307.82698775082827, 'avg_sec_per_batch': 1.2071646578463853, 'cuda_allocated_mb': 165, 'cuda_reserved_mb': 2364, 'cuda_max_allocated_mb': 2133}
{'event': 'validation_start', 'epoch': 13}
{'event': 'validation_ranking_start', 'epoch': 13, 'max_edges': 50}
{'event': 'epoch_end', 'epoch': 13, 'early_stop_metric': 'val_composite', 'val_score': 0.2514665219011448, 'val_auc': 0.8872067287042347, 'val_ap': 0.4338004380785001, 'val_ndcg': 0.9041524551591726, 'val_mrr': 0.07501093757531929, 'val_hits@1': 0.03, 'val_hits@10': 0.15, 'val_hits@50': 0.3, 'val_hits@100': 0.47, 'elapsed_sec': 621.5428091213107}
{'event': 'epoch_start', 'epoch': 14, 'epochs': 20, 'batches': 255, 'time_groups': 255}
{'event': 'train_time_group', 'epoch': 14, 'time_group': 1, 'time_groups': 255, 'batch': 0, 'batches': 255, 'time_value': 1388534400.0, 'group_batches': 1, 'history_edges': 0, 'elapsed_sec': 0.02938278391957283, 'cuda_allocated_mb': 120, 'cuda_reserved_mb': 2364, 'cuda_max_allocated_mb': 2133}
{'event': 'train_progress', 'epoch': 14, 'batch': 1, 'batches': 255, 'time_group': 1, 'time_groups': 255, 'history_edges': 0, 'pos_edges': 113, 'neg_edges': 1130, 'loss_recent': 225.58828735351562, 'elapsed_sec': 0.7190983928740025, 'avg_sec_per_batch': 0.7190983928740025, 'cuda_allocated_mb': 136, 'cuda_reserved_mb': 2364, 'cuda_max_allocated_mb': 2133}
{'event': 'train_progress', 'epoch': 14, 'batch': 52, 'batches': 255, 'time_group': 52, 'time_groups': 255, 'history_edges': 11642, 'pos_edges': 317, 'neg_edges': 3170, 'loss_recent': 49.05050009947557, 'elapsed_sec': 60.95313897356391, 'avg_sec_per_batch': 1.1721757494916136, 'cuda_allocated_mb': 165, 'cuda_reserved_mb': 2364, 'cuda_max_allocated_mb': 2133}
{'event': 'train_progress', 'epoch': 14, 'batch': 100, 'batches': 255, 'time_group': 100, 'time_groups': 255, 'history_edges': 23816, 'pos_edges': 259, 'neg_edges': 2590, 'loss_recent': 49.16889701843262, 'elapsed_sec': 120.89415580034256, 'avg_sec_per_batch': 1.2089415580034255, 'cuda_allocated_mb': 158, 'cuda_reserved_mb': 2364, 'cuda_max_allocated_mb': 2133}
{'event': 'train_progress', 'epoch': 14, 'batch': 150, 'batches': 255, 'time_group': 150, 'time_groups': 255, 'history_edges': 35965, 'pos_edges': 271, 'neg_edges': 2710, 'loss_recent': 48.79243146896362, 'elapsed_sec': 181.0775001756847, 'avg_sec_per_batch': 1.2071833345045646, 'cuda_allocated_mb': 158, 'cuda_reserved_mb': 2364, 'cuda_max_allocated_mb': 2133}
{'event': 'train_progress', 'epoch': 14, 'batch': 198, 'batches': 255, 'time_group': 198, 'time_groups': 255, 'history_edges': 48188, 'pos_edges': 281, 'neg_edges': 2810, 'loss_recent': 48.756272068023684, 'elapsed_sec': 241.74740761891007, 'avg_sec_per_batch': 1.2209465031258084, 'cuda_allocated_mb': 161, 'cuda_reserved_mb': 2364, 'cuda_max_allocated_mb': 2133}
{'event': 'train_progress', 'epoch': 14, 'batch': 200, 'batches': 255, 'time_group': 200, 'time_groups': 255, 'history_edges': 48751, 'pos_edges': 162, 'neg_edges': 1620, 'loss_recent': 48.532659912109374, 'elapsed_sec': 243.99881649017334, 'avg_sec_per_batch': 1.2199940824508666, 'cuda_allocated_mb': 145, 'cuda_reserved_mb': 2364, 'cuda_max_allocated_mb': 2133}
{'event': 'train_progress', 'epoch': 14, 'batch': 251, 'batches': 255, 'time_group': 251, 'time_groups': 255, 'history_edges': 60135, 'pos_edges': 317, 'neg_edges': 3170, 'loss_recent': 46.97471801757813, 'elapsed_sec': 304.7375670224428, 'avg_sec_per_batch': 1.2140938925196925, 'cuda_allocated_mb': 165, 'cuda_reserved_mb': 2364, 'cuda_max_allocated_mb': 2133}
{'event': 'train_time_group', 'epoch': 14, 'time_group': 255, 'time_groups': 255, 'batch': 254, 'batches': 255, 'time_value': 1410480000.0, 'group_batches': 1, 'history_edges': 61439, 'elapsed_sec': 309.5102693513036, 'cuda_allocated_mb': 120, 'cuda_reserved_mb': 2364, 'cuda_max_allocated_mb': 2133}
{'event': 'train_progress', 'epoch': 14, 'batch': 255, 'batches': 255, 'time_group': 255, 'time_groups': 255, 'history_edges': 61439, 'pos_edges': 321, 'neg_edges': 3210, 'loss_recent': 47.604909076690674, 'elapsed_sec': 311.0285236649215, 'avg_sec_per_batch': 1.219719700646751, 'cuda_allocated_mb': 164, 'cuda_reserved_mb': 2364, 'cuda_max_allocated_mb': 2133}
{'event': 'validation_start', 'epoch': 14}
{'event': 'validation_ranking_start', 'epoch': 14, 'max_edges': 50}
{'event': 'epoch_end', 'epoch': 14, 'early_stop_metric': 'val_composite', 'val_score': 0.2508558813107924, 'val_auc': 0.8867711979662611, 'val_ap': 0.44961833586296834, 'val_ndcg': 0.906958008431721, 'val_mrr': 0.08075673605911274, 'val_hits@1': 0.05, 'val_hits@10': 0.13, 'val_hits@50': 0.31, 'val_hits@100': 0.48, 'elapsed_sec': 625.5522713437676}
{'event': 'epoch_start', 'epoch': 15, 'epochs': 20, 'batches': 255, 'time_groups': 255}
{'event': 'train_time_group', 'epoch': 15, 'time_group': 1, 'time_groups': 255, 'batch': 0, 'batches': 255, 'time_value': 1388534400.0, 'group_batches': 1, 'history_edges': 0, 'elapsed_sec': 0.025214828550815582, 'cuda_allocated_mb': 120, 'cuda_reserved_mb': 2364, 'cuda_max_allocated_mb': 2133}
{'event': 'train_progress', 'epoch': 15, 'batch': 1, 'batches': 255, 'time_group': 1, 'time_groups': 255, 'history_edges': 0, 'pos_edges': 113, 'neg_edges': 1130, 'loss_recent': 237.1345977783203, 'elapsed_sec': 0.7537357248365879, 'avg_sec_per_batch': 0.7537357248365879, 'cuda_allocated_mb': 137, 'cuda_reserved_mb': 2364, 'cuda_max_allocated_mb': 2133}
{'event': 'train_progress', 'epoch': 15, 'batch': 52, 'batches': 255, 'time_group': 52, 'time_groups': 255, 'history_edges': 11642, 'pos_edges': 317, 'neg_edges': 3170, 'loss_recent': 49.07554813531729, 'elapsed_sec': 61.95895313844085, 'avg_sec_per_batch': 1.1915183295854008, 'cuda_allocated_mb': 166, 'cuda_reserved_mb': 2364, 'cuda_max_allocated_mb': 2133}
{'event': 'train_progress', 'epoch': 15, 'batch': 100, 'batches': 255, 'time_group': 100, 'time_groups': 255, 'history_edges': 23816, 'pos_edges': 259, 'neg_edges': 2590, 'loss_recent': 49.20895090103149, 'elapsed_sec': 119.79928586632013, 'avg_sec_per_batch': 1.1979928586632014, 'cuda_allocated_mb': 157, 'cuda_reserved_mb': 2364, 'cuda_max_allocated_mb': 2133}
{'event': 'train_progress', 'epoch': 15, 'batch': 150, 'batches': 255, 'time_group': 150, 'time_groups': 255, 'history_edges': 35965, 'pos_edges': 271, 'neg_edges': 2710, 'loss_recent': 48.712970905303955, 'elapsed_sec': 180.13523301109672, 'avg_sec_per_batch': 1.2009015534073115, 'cuda_allocated_mb': 158, 'cuda_reserved_mb': 2364, 'cuda_max_allocated_mb': 2133}
{'event': 'train_progress', 'epoch': 15, 'batch': 198, 'batches': 255, 'time_group': 198, 'time_groups': 255, 'history_edges': 48188, 'pos_edges': 281, 'neg_edges': 2810, 'loss_recent': 48.63924118041992, 'elapsed_sec': 241.29604399204254, 'avg_sec_per_batch': 1.2186668888486998, 'cuda_allocated_mb': 161, 'cuda_reserved_mb': 2364, 'cuda_max_allocated_mb': 2133}
{'event': 'train_progress', 'epoch': 15, 'batch': 200, 'batches': 255, 'time_group': 200, 'time_groups': 255, 'history_edges': 48751, 'pos_edges': 162, 'neg_edges': 1620, 'loss_recent': 48.41730997085571, 'elapsed_sec': 243.4428255930543, 'avg_sec_per_batch': 1.2172141279652715, 'cuda_allocated_mb': 146, 'cuda_reserved_mb': 2364, 'cuda_max_allocated_mb': 2133}
{'event': 'train_progress', 'epoch': 15, 'batch': 251, 'batches': 255, 'time_group': 251, 'time_groups': 255, 'history_edges': 60135, 'pos_edges': 317, 'neg_edges': 3170, 'loss_recent': 46.95924072265625, 'elapsed_sec': 304.5726556517184, 'avg_sec_per_batch': 1.2134368751064477, 'cuda_allocated_mb': 166, 'cuda_reserved_mb': 2364, 'cuda_max_allocated_mb': 2133}
{'event': 'train_time_group', 'epoch': 15, 'time_group': 255, 'time_groups': 255, 'batch': 254, 'batches': 255, 'time_value': 1410480000.0, 'group_batches': 1, 'history_edges': 61439, 'elapsed_sec': 309.66879295930266, 'cuda_allocated_mb': 120, 'cuda_reserved_mb': 2364, 'cuda_max_allocated_mb': 2133}
{'event': 'train_progress', 'epoch': 15, 'batch': 255, 'batches': 255, 'time_group': 255, 'time_groups': 255, 'history_edges': 61439, 'pos_edges': 321, 'neg_edges': 3210, 'loss_recent': 47.58816957473755, 'elapsed_sec': 311.2897897064686, 'avg_sec_per_batch': 1.2207442733587004, 'cuda_allocated_mb': 165, 'cuda_reserved_mb': 2364, 'cuda_max_allocated_mb': 2133}
{'event': 'validation_start', 'epoch': 15}
{'event': 'validation_ranking_start', 'epoch': 15, 'max_edges': 50}
{'event': 'epoch_end', 'epoch': 15, 'early_stop_metric': 'val_composite', 'val_score': 0.2767153702289675, 'val_auc': 0.8874406747298447, 'val_ap': 0.45761132952513117, 'val_ndcg': 0.9083663898444447, 'val_mrr': 0.1156762721339554, 'val_hits@1': 0.08, 'val_hits@10': 0.16, 'val_hits@50': 0.35, 'val_hits@100': 0.54, 'elapsed_sec': 626.1636158004403}
{'event': 'epoch_start', 'epoch': 16, 'epochs': 20, 'batches': 255, 'time_groups': 255}
{'event': 'train_time_group', 'epoch': 16, 'time_group': 1, 'time_groups': 255, 'batch': 0, 'batches': 255, 'time_value': 1388534400.0, 'group_batches': 1, 'history_edges': 0, 'elapsed_sec': 0.03604976460337639, 'cuda_allocated_mb': 120, 'cuda_reserved_mb': 2364, 'cuda_max_allocated_mb': 2133}
{'event': 'train_progress', 'epoch': 16, 'batch': 1, 'batches': 255, 'time_group': 1, 'time_groups': 255, 'history_edges': 0, 'pos_edges': 113, 'neg_edges': 1130, 'loss_recent': 252.1126251220703, 'elapsed_sec': 0.6736785285174847, 'avg_sec_per_batch': 0.6736785285174847, 'cuda_allocated_mb': 137, 'cuda_reserved_mb': 2364, 'cuda_max_allocated_mb': 2133}
{'event': 'train_progress', 'epoch': 16, 'batch': 51, 'batches': 255, 'time_group': 51, 'time_groups': 255, 'history_edges': 11287, 'pos_edges': 355, 'neg_edges': 3550, 'loss_recent': 49.22751897924087, 'elapsed_sec': 61.07054905593395, 'avg_sec_per_batch': 1.1974617461947834, 'cuda_allocated_mb': 169, 'cuda_reserved_mb': 2364, 'cuda_max_allocated_mb': 2133}
{'event': 'train_progress', 'epoch': 16, 'batch': 100, 'batches': 255, 'time_group': 100, 'time_groups': 255, 'history_edges': 23816, 'pos_edges': 259, 'neg_edges': 2590, 'loss_recent': 49.3861407661438, 'elapsed_sec': 121.36179657652974, 'avg_sec_per_batch': 1.2136179657652975, 'cuda_allocated_mb': 159, 'cuda_reserved_mb': 2364, 'cuda_max_allocated_mb': 2133}
{'event': 'train_progress', 'epoch': 16, 'batch': 150, 'batches': 255, 'time_group': 150, 'time_groups': 255, 'history_edges': 35965, 'pos_edges': 271, 'neg_edges': 2710, 'loss_recent': 48.75736650466919, 'elapsed_sec': 181.42219469323754, 'avg_sec_per_batch': 1.209481297954917, 'cuda_allocated_mb': 159, 'cuda_reserved_mb': 2364, 'cuda_max_allocated_mb': 2133}
{'event': 'train_progress', 'epoch': 16, 'batch': 199, 'batches': 255, 'time_group': 199, 'time_groups': 255, 'history_edges': 48469, 'pos_edges': 282, 'neg_edges': 2820, 'loss_recent': 48.58191734313965, 'elapsed_sec': 242.11852397024632, 'avg_sec_per_batch': 1.216675999850484, 'cuda_allocated_mb': 161, 'cuda_reserved_mb': 2364, 'cuda_max_allocated_mb': 2133}
{'event': 'train_progress', 'epoch': 16, 'batch': 200, 'batches': 255, 'time_group': 200, 'time_groups': 255, 'history_edges': 48751, 'pos_edges': 162, 'neg_edges': 1620, 'loss_recent': 48.36629549026489, 'elapsed_sec': 242.77685739845037, 'avg_sec_per_batch': 1.213884286992252, 'cuda_allocated_mb': 145, 'cuda_reserved_mb': 2364, 'cuda_max_allocated_mb': 2133}
{'event': 'train_progress', 'epoch': 16, 'batch': 251, 'batches': 255, 'time_group': 251, 'time_groups': 255, 'history_edges': 60135, 'pos_edges': 317, 'neg_edges': 3170, 'loss_recent': 46.71307741165161, 'elapsed_sec': 303.8245452642441, 'avg_sec_per_batch': 1.2104563556344385, 'cuda_allocated_mb': 166, 'cuda_reserved_mb': 2364, 'cuda_max_allocated_mb': 2133}
{'event': 'train_time_group', 'epoch': 16, 'time_group': 255, 'time_groups': 255, 'batch': 254, 'batches': 255, 'time_value': 1410480000.0, 'group_batches': 1, 'history_edges': 61439, 'elapsed_sec': 308.38659773394465, 'cuda_allocated_mb': 120, 'cuda_reserved_mb': 2364, 'cuda_max_allocated_mb': 2133}
{'event': 'train_progress', 'epoch': 16, 'batch': 255, 'batches': 255, 'time_group': 255, 'time_groups': 255, 'history_edges': 61439, 'pos_edges': 321, 'neg_edges': 3210, 'loss_recent': 47.35394147872925, 'elapsed_sec': 309.9304553158581, 'avg_sec_per_batch': 1.2154135502582673, 'cuda_allocated_mb': 166, 'cuda_reserved_mb': 2364, 'cuda_max_allocated_mb': 2133}
{'event': 'validation_start', 'epoch': 16}
{'event': 'validation_ranking_start', 'epoch': 16, 'max_edges': 50}
{'event': 'epoch_end', 'epoch': 16, 'early_stop_metric': 'val_composite', 'val_score': 0.2811768411041743, 'val_auc': 0.8869118731056371, 'val_ap': 0.45998935001875607, 'val_ndcg': 0.9090590810137769, 'val_mrr': 0.09928225027290623, 'val_hits@1': 0.06, 'val_hits@10': 0.21, 'val_hits@50': 0.36, 'val_hits@100': 0.43, 'elapsed_sec': 622.5769685469568}
{'event': 'epoch_start', 'epoch': 17, 'epochs': 20, 'batches': 255, 'time_groups': 255}
{'event': 'train_time_group', 'epoch': 17, 'time_group': 1, 'time_groups': 255, 'batch': 0, 'batches': 255, 'time_value': 1388534400.0, 'group_batches': 1, 'history_edges': 0, 'elapsed_sec': 0.03459484502673149, 'cuda_allocated_mb': 120, 'cuda_reserved_mb': 2364, 'cuda_max_allocated_mb': 2133}
{'event': 'train_progress', 'epoch': 17, 'batch': 1, 'batches': 255, 'time_group': 1, 'time_groups': 255, 'history_edges': 0, 'pos_edges': 113, 'neg_edges': 1130, 'loss_recent': 261.8802185058594, 'elapsed_sec': 0.7857858948409557, 'avg_sec_per_batch': 0.7857858948409557, 'cuda_allocated_mb': 137, 'cuda_reserved_mb': 2364, 'cuda_max_allocated_mb': 2133}
{'event': 'train_progress', 'epoch': 17, 'batch': 51, 'batches': 255, 'time_group': 51, 'time_groups': 255, 'history_edges': 11287, 'pos_edges': 355, 'neg_edges': 3550, 'loss_recent': 49.45725175446155, 'elapsed_sec': 61.49142753332853, 'avg_sec_per_batch': 1.205714265359383, 'cuda_allocated_mb': 169, 'cuda_reserved_mb': 2364, 'cuda_max_allocated_mb': 2133}
{'event': 'train_progress', 'epoch': 17, 'batch': 100, 'batches': 255, 'time_group': 100, 'time_groups': 255, 'history_edges': 23816, 'pos_edges': 259, 'neg_edges': 2590, 'loss_recent': 49.48796543121338, 'elapsed_sec': 121.75887605920434, 'avg_sec_per_batch': 1.2175887605920435, 'cuda_allocated_mb': 158, 'cuda_reserved_mb': 2364, 'cuda_max_allocated_mb': 2133}
{'event': 'train_progress', 'epoch': 17, 'batch': 150, 'batches': 255, 'time_group': 150, 'time_groups': 255, 'history_edges': 35965, 'pos_edges': 271, 'neg_edges': 2710, 'loss_recent': 48.6970510673523, 'elapsed_sec': 181.83732225373387, 'avg_sec_per_batch': 1.2122488150248925, 'cuda_allocated_mb': 160, 'cuda_reserved_mb': 2364, 'cuda_max_allocated_mb': 2133}
{'event': 'train_progress', 'epoch': 17, 'batch': 199, 'batches': 255, 'time_group': 199, 'time_groups': 255, 'history_edges': 48469, 'pos_edges': 282, 'neg_edges': 2820, 'loss_recent': 48.52540433883667, 'elapsed_sec': 242.78443755954504, 'avg_sec_per_batch': 1.2200222992941963, 'cuda_allocated_mb': 161, 'cuda_reserved_mb': 2364, 'cuda_max_allocated_mb': 2133}
{'event': 'train_progress', 'epoch': 17, 'batch': 200, 'batches': 255, 'time_group': 200, 'time_groups': 255, 'history_edges': 48751, 'pos_edges': 162, 'neg_edges': 1620, 'loss_recent': 48.32185480117798, 'elapsed_sec': 243.935678165406, 'avg_sec_per_batch': 1.21967839082703, 'cuda_allocated_mb': 147, 'cuda_reserved_mb': 2364, 'cuda_max_allocated_mb': 2133}
{'event': 'train_progress', 'epoch': 17, 'batch': 251, 'batches': 255, 'time_group': 251, 'time_groups': 255, 'history_edges': 60135, 'pos_edges': 317, 'neg_edges': 3170, 'loss_recent': 46.76029794692993, 'elapsed_sec': 304.13981095701456, 'avg_sec_per_batch': 1.211712394251054, 'cuda_allocated_mb': 165, 'cuda_reserved_mb': 2364, 'cuda_max_allocated_mb': 2133}
{'event': 'train_time_group', 'epoch': 17, 'time_group': 255, 'time_groups': 255, 'batch': 254, 'batches': 255, 'time_value': 1410480000.0, 'group_batches': 1, 'history_edges': 61439, 'elapsed_sec': 309.1564225181937, 'cuda_allocated_mb': 120, 'cuda_reserved_mb': 2364, 'cuda_max_allocated_mb': 2133}
{'event': 'train_progress', 'epoch': 17, 'batch': 255, 'batches': 255, 'time_group': 255, 'time_groups': 255, 'history_edges': 61439, 'pos_edges': 321, 'neg_edges': 3210, 'loss_recent': 47.37080821990967, 'elapsed_sec': 310.7406936176121, 'avg_sec_per_batch': 1.2185909553631848, 'cuda_allocated_mb': 166, 'cuda_reserved_mb': 2364, 'cuda_max_allocated_mb': 2133}
{'event': 'validation_start', 'epoch': 17}
{'event': 'validation_ranking_start', 'epoch': 17, 'max_edges': 50}
{'event': 'epoch_end', 'epoch': 17, 'early_stop_metric': 'val_composite', 'val_score': 0.25949805802660036, 'val_auc': 0.885807663250351, 'val_ap': 0.4603779500164732, 'val_ndcg': 0.908431673774402, 'val_mrr': 0.08117822707480075, 'val_hits@1': 0.05, 'val_hits@10': 0.16, 'val_hits@50': 0.37, 'val_hits@100': 0.49, 'elapsed_sec': 621.1070211492479}
{'event': 'epoch_start', 'epoch': 18, 'epochs': 20, 'batches': 255, 'time_groups': 255}
{'event': 'train_time_group', 'epoch': 18, 'time_group': 1, 'time_groups': 255, 'batch': 0, 'batches': 255, 'time_value': 1388534400.0, 'group_batches': 1, 'history_edges': 0, 'elapsed_sec': 0.024339474737644196, 'cuda_allocated_mb': 120, 'cuda_reserved_mb': 2364, 'cuda_max_allocated_mb': 2133}
{'event': 'train_progress', 'epoch': 18, 'batch': 1, 'batches': 255, 'time_group': 1, 'time_groups': 255, 'history_edges': 0, 'pos_edges': 113, 'neg_edges': 1130, 'loss_recent': 286.5615234375, 'elapsed_sec': 0.7674247771501541, 'avg_sec_per_batch': 0.7674247771501541, 'cuda_allocated_mb': 137, 'cuda_reserved_mb': 2364, 'cuda_max_allocated_mb': 2133}
{'event': 'train_progress', 'epoch': 18, 'batch': 51, 'batches': 255, 'time_group': 51, 'time_groups': 255, 'history_edges': 11287, 'pos_edges': 355, 'neg_edges': 3550, 'loss_recent': 49.854015425139785, 'elapsed_sec': 61.30382503941655, 'avg_sec_per_batch': 1.202035785086599, 'cuda_allocated_mb': 169, 'cuda_reserved_mb': 2364, 'cuda_max_allocated_mb': 2133}
{'event': 'train_progress', 'epoch': 18, 'batch': 100, 'batches': 255, 'time_group': 100, 'time_groups': 255, 'history_edges': 23816, 'pos_edges': 259, 'neg_edges': 2590, 'loss_recent': 49.66341697692871, 'elapsed_sec': 121.3445990756154, 'avg_sec_per_batch': 1.2134459907561541, 'cuda_allocated_mb': 159, 'cuda_reserved_mb': 2364, 'cuda_max_allocated_mb': 2133}
{'event': 'train_progress', 'epoch': 18, 'batch': 152, 'batches': 255, 'time_group': 152, 'time_groups': 255, 'history_edges': 36403, 'pos_edges': 144, 'neg_edges': 1440, 'loss_recent': 47.94503896713257, 'elapsed_sec': 181.95588532090187, 'avg_sec_per_batch': 1.1970781929006702, 'cuda_allocated_mb': 143, 'cuda_reserved_mb': 2364, 'cuda_max_allocated_mb': 2133}
{'event': 'train_progress', 'epoch': 18, 'batch': 200, 'batches': 255, 'time_group': 200, 'time_groups': 255, 'history_edges': 48751, 'pos_edges': 162, 'neg_edges': 1620, 'loss_recent': 48.304987087249756, 'elapsed_sec': 241.04112854599953, 'avg_sec_per_batch': 1.2052056427299975, 'cuda_allocated_mb': 145, 'cuda_reserved_mb': 2364, 'cuda_max_allocated_mb': 2133}
{'event': 'train_progress', 'epoch': 18, 'batch': 253, 'batches': 255, 'time_group': 253, 'time_groups': 255, 'history_edges': 60764, 'pos_edges': 308, 'neg_edges': 3080, 'loss_recent': 47.170811347961425, 'elapsed_sec': 302.3440094254911, 'avg_sec_per_batch': 1.195035610377435, 'cuda_allocated_mb': 164, 'cuda_reserved_mb': 2364, 'cuda_max_allocated_mb': 2133}
{'event': 'train_time_group', 'epoch': 18, 'time_group': 255, 'time_groups': 255, 'batch': 254, 'batches': 255, 'time_value': 1410480000.0, 'group_batches': 1, 'history_edges': 61439, 'elapsed_sec': 304.1492498666048, 'cuda_allocated_mb': 120, 'cuda_reserved_mb': 2364, 'cuda_max_allocated_mb': 2133}
{'event': 'train_progress', 'epoch': 18, 'batch': 255, 'batches': 255, 'time_group': 255, 'time_groups': 255, 'history_edges': 61439, 'pos_edges': 321, 'neg_edges': 3210, 'loss_recent': 47.363070030212405, 'elapsed_sec': 305.65649830922484, 'avg_sec_per_batch': 1.1986529345459798, 'cuda_allocated_mb': 166, 'cuda_reserved_mb': 2364, 'cuda_max_allocated_mb': 2133}
{'event': 'validation_start', 'epoch': 18}
{'event': 'validation_ranking_start', 'epoch': 18, 'max_edges': 50}
{'event': 'epoch_end', 'epoch': 18, 'early_stop_metric': 'val_composite', 'val_score': 0.29361800710444663, 'val_auc': 0.8854066324982506, 'val_ap': 0.4617086992042898, 'val_ndcg': 0.9091955075655488, 'val_mrr': 0.1242722846185602, 'val_hits@1': 0.09, 'val_hits@10': 0.21, 'val_hits@50': 0.37, 'val_hits@100': 0.51, 'elapsed_sec': 617.6150295138359}
{'event': 'epoch_start', 'epoch': 19, 'epochs': 20, 'batches': 255, 'time_groups': 255}
{'event': 'train_time_group', 'epoch': 19, 'time_group': 1, 'time_groups': 255, 'batch': 0, 'batches': 255, 'time_value': 1388534400.0, 'group_batches': 1, 'history_edges': 0, 'elapsed_sec': 0.028163466602563858, 'cuda_allocated_mb': 120, 'cuda_reserved_mb': 2364, 'cuda_max_allocated_mb': 2133}
{'event': 'train_progress', 'epoch': 19, 'batch': 1, 'batches': 255, 'time_group': 1, 'time_groups': 255, 'history_edges': 0, 'pos_edges': 113, 'neg_edges': 1130, 'loss_recent': 296.7332458496094, 'elapsed_sec': 0.7526116818189621, 'avg_sec_per_batch': 0.7526116818189621, 'cuda_allocated_mb': 138, 'cuda_reserved_mb': 2364, 'cuda_max_allocated_mb': 2133}
{'event': 'train_progress', 'epoch': 19, 'batch': 51, 'batches': 255, 'time_group': 51, 'time_groups': 255, 'history_edges': 11287, 'pos_edges': 355, 'neg_edges': 3550, 'loss_recent': 50.042303384519094, 'elapsed_sec': 60.8935116417706, 'avg_sec_per_batch': 1.1939904243484432, 'cuda_allocated_mb': 170, 'cuda_reserved_mb': 2364, 'cuda_max_allocated_mb': 2133}
{'event': 'train_progress', 'epoch': 19, 'batch': 100, 'batches': 255, 'time_group': 100, 'time_groups': 255, 'history_edges': 23816, 'pos_edges': 259, 'neg_edges': 2590, 'loss_recent': 49.74627443313599, 'elapsed_sec': 121.71935997158289, 'avg_sec_per_batch': 1.217193599715829, 'cuda_allocated_mb': 159, 'cuda_reserved_mb': 2364, 'cuda_max_allocated_mb': 2133}
{'event': 'train_progress', 'epoch': 19, 'batch': 152, 'batches': 255, 'time_group': 152, 'time_groups': 255, 'history_edges': 36403, 'pos_edges': 144, 'neg_edges': 1440, 'loss_recent': 47.89359146118164, 'elapsed_sec': 182.0395211353898, 'avg_sec_per_batch': 1.1976284285223013, 'cuda_allocated_mb': 143, 'cuda_reserved_mb': 2364, 'cuda_max_allocated_mb': 2133}
{'event': 'train_progress', 'epoch': 19, 'batch': 200, 'batches': 255, 'time_group': 200, 'time_groups': 255, 'history_edges': 48751, 'pos_edges': 162, 'neg_edges': 1620, 'loss_recent': 48.28137132644653, 'elapsed_sec': 242.79597633332014, 'avg_sec_per_batch': 1.2139798816666008, 'cuda_allocated_mb': 145, 'cuda_reserved_mb': 2364, 'cuda_max_allocated_mb': 2133}
{'event': 'train_progress', 'epoch': 19, 'batch': 252, 'batches': 255, 'time_group': 252, 'time_groups': 255, 'history_edges': 60452, 'pos_edges': 312, 'neg_edges': 3120, 'loss_recent': 47.05212244033814, 'elapsed_sec': 303.18341809138656, 'avg_sec_per_batch': 1.2031088019499467, 'cuda_allocated_mb': 164, 'cuda_reserved_mb': 2364, 'cuda_max_allocated_mb': 2133}
{'event': 'train_time_group', 'epoch': 19, 'time_group': 255, 'time_groups': 255, 'batch': 254, 'batches': 255, 'time_value': 1410480000.0, 'group_batches': 1, 'history_edges': 61439, 'elapsed_sec': 306.3992550820112, 'cuda_allocated_mb': 120, 'cuda_reserved_mb': 2364, 'cuda_max_allocated_mb': 2133}
{'event': 'train_progress', 'epoch': 19, 'batch': 255, 'batches': 255, 'time_group': 255, 'time_groups': 255, 'history_edges': 61439, 'pos_edges': 321, 'neg_edges': 3210, 'loss_recent': 47.35059038162231, 'elapsed_sec': 307.922788862139, 'avg_sec_per_batch': 1.2075403484789764, 'cuda_allocated_mb': 166, 'cuda_reserved_mb': 2364, 'cuda_max_allocated_mb': 2133}
{'event': 'validation_start', 'epoch': 19}
{'event': 'validation_ranking_start', 'epoch': 19, 'max_edges': 50}
{'event': 'epoch_end', 'epoch': 19, 'early_stop_metric': 'val_composite', 'val_score': 0.29560915823590334, 'val_auc': 0.886187168636774, 'val_ap': 0.4660953035463832, 'val_ndcg': 0.9091446749202848, 'val_mrr': 0.12714310517149788, 'val_hits@1': 0.08, 'val_hits@10': 0.21, 'val_hits@50': 0.39, 'val_hits@100': 0.46, 'elapsed_sec': 614.7538862302899}
{'event': 'epoch_start', 'epoch': 20, 'epochs': 20, 'batches': 255, 'time_groups': 255}
{'event': 'train_time_group', 'epoch': 20, 'time_group': 1, 'time_groups': 255, 'batch': 0, 'batches': 255, 'time_value': 1388534400.0, 'group_batches': 1, 'history_edges': 0, 'elapsed_sec': 0.03341621160507202, 'cuda_allocated_mb': 120, 'cuda_reserved_mb': 2364, 'cuda_max_allocated_mb': 2133}
{'event': 'train_progress', 'epoch': 20, 'batch': 1, 'batches': 255, 'time_group': 1, 'time_groups': 255, 'history_edges': 0, 'pos_edges': 113, 'neg_edges': 1130, 'loss_recent': 317.5144348144531, 'elapsed_sec': 0.7355179078876972, 'avg_sec_per_batch': 0.7355179078876972, 'cuda_allocated_mb': 137, 'cuda_reserved_mb': 2364, 'cuda_max_allocated_mb': 2133}
{'event': 'train_progress', 'epoch': 20, 'batch': 51, 'batches': 255, 'time_group': 51, 'time_groups': 255, 'history_edges': 11287, 'pos_edges': 355, 'neg_edges': 3550, 'loss_recent': 50.48520690319585, 'elapsed_sec': 62.17006490752101, 'avg_sec_per_batch': 1.2190208805396276, 'cuda_allocated_mb': 168, 'cuda_reserved_mb': 2364, 'cuda_max_allocated_mb': 2133}
{'event': 'train_progress', 'epoch': 20, 'batch': 99, 'batches': 255, 'time_group': 99, 'time_groups': 255, 'history_edges': 23524, 'pos_edges': 292, 'neg_edges': 2920, 'loss_recent': 49.98139065443868, 'elapsed_sec': 122.5160541832447, 'avg_sec_per_batch': 1.2375359008408555, 'cuda_allocated_mb': 162, 'cuda_reserved_mb': 2364, 'cuda_max_allocated_mb': 2133}
{'event': 'train_progress', 'epoch': 20, 'batch': 100, 'batches': 255, 'time_group': 100, 'time_groups': 255, 'history_edges': 23816, 'pos_edges': 259, 'neg_edges': 2590, 'loss_recent': 49.992287921905515, 'elapsed_sec': 123.71263399720192, 'avg_sec_per_batch': 1.2371263399720192, 'cuda_allocated_mb': 158, 'cuda_reserved_mb': 2364, 'cuda_max_allocated_mb': 2133}
{'event': 'train_progress', 'epoch': 20, 'batch': 150, 'batches': 255, 'time_group': 150, 'time_groups': 255, 'history_edges': 35965, 'pos_edges': 271, 'neg_edges': 2710, 'loss_recent': 48.61718740463257, 'elapsed_sec': 183.86240385472775, 'avg_sec_per_batch': 1.2257493590315183, 'cuda_allocated_mb': 160, 'cuda_reserved_mb': 2364, 'cuda_max_allocated_mb': 2133}
{'event': 'train_progress', 'epoch': 20, 'batch': 198, 'batches': 255, 'time_group': 198, 'time_groups': 255, 'history_edges': 48188, 'pos_edges': 281, 'neg_edges': 2810, 'loss_recent': 48.45949262619018, 'elapsed_sec': 244.0992066077888, 'avg_sec_per_batch': 1.2328242757969132, 'cuda_allocated_mb': 161, 'cuda_reserved_mb': 2364, 'cuda_max_allocated_mb': 2133}
{'event': 'train_progress', 'epoch': 20, 'batch': 200, 'batches': 255, 'time_group': 200, 'time_groups': 255, 'history_edges': 48751, 'pos_edges': 162, 'neg_edges': 1620, 'loss_recent': 48.229745388031006, 'elapsed_sec': 246.49617328122258, 'avg_sec_per_batch': 1.2324808664061129, 'cuda_allocated_mb': 144, 'cuda_reserved_mb': 2364, 'cuda_max_allocated_mb': 2133}
{'event': 'train_progress', 'epoch': 20, 'batch': 252, 'batches': 255, 'time_group': 252, 'time_groups': 255, 'history_edges': 60452, 'pos_edges': 312, 'neg_edges': 3120, 'loss_recent': 46.995970726013184, 'elapsed_sec': 307.44931100308895, 'avg_sec_per_batch': 1.2200369484249562, 'cuda_allocated_mb': 165, 'cuda_reserved_mb': 2364, 'cuda_max_allocated_mb': 2133}
{'event': 'train_time_group', 'epoch': 20, 'time_group': 255, 'time_groups': 255, 'batch': 254, 'batches': 255, 'time_value': 1410480000.0, 'group_batches': 1, 'history_edges': 61439, 'elapsed_sec': 310.63019421696663, 'cuda_allocated_mb': 120, 'cuda_reserved_mb': 2364, 'cuda_max_allocated_mb': 2133}
{'event': 'train_progress', 'epoch': 20, 'batch': 255, 'batches': 255, 'time_group': 255, 'time_groups': 255, 'history_edges': 61439, 'pos_edges': 321, 'neg_edges': 3210, 'loss_recent': 47.289876747131345, 'elapsed_sec': 312.10742538794875, 'avg_sec_per_batch': 1.2239506877958775, 'cuda_allocated_mb': 166, 'cuda_reserved_mb': 2364, 'cuda_max_allocated_mb': 2133}
{'event': 'validation_start', 'epoch': 20}
{'event': 'validation_ranking_start', 'epoch': 20, 'max_edges': 50}
{'event': 'epoch_end', 'epoch': 20, 'early_stop_metric': 'val_composite', 'val_score': 0.30326553411972024, 'val_auc': 0.8837061289854511, 'val_ap': 0.47398684057439283, 'val_ndcg': 0.911021642770695, 'val_mrr': 0.13162186142892654, 'val_hits@1': 0.08, 'val_hits@10': 0.23, 'val_hits@50': 0.4, 'val_hits@100': 0.51, 'elapsed_sec': 619.5523348525167}
{'dataset': 'icews14', 'method': 'ssptgfm', 'scenario': 'standard', 'ablation': 'full', 'few_shot_ratio': 1.0, 'seed': 1, 'train_edges': 61760, 'val_edges': 14592, 'test_edges': 14378, 'params_trainable': 4610448, 'params_total': 4610448, 'rough_forward_flops': 4794548224, 'train_eval_time_sec': 13787.276510920376, 'allocated_mb': 62.212890625, 'reserved_mb': 2364.0, 'max_allocated_mb': 2133.1494140625, 'val_auc': 0.8837061289854511, 'val_ap': 0.4739868443045972, 'val_ndcg': 0.9110216448018981, 'val_mrr': 0.13162186142892654, 'val_hits@1': 0.08, 'val_hits@10': 0.23, 'val_hits@50': 0.4, 'val_hits@100': 0.51, 'train_loss': 48.31011488671396, 'train_lp': 0.1405406477112396, 'train_align': 9391.836457375919, 'train_kl': 12075.724433809168, 'train_ood_reg': 0.23317295353786618, 'train_meta': 0.5174605356711968, 'train_weighted_align': 46.959181280697095, 'train_weighted_kl': 1.2075724504157608, 'train_weighted_ood_reg': 0.00023317296444849274, 'train_weighted_meta': 0.002587302612579044, 'test_auc': 0.8901855844738606, 'test_ap': 0.4466623532084534, 'test_ndcg': 0.9058004103303599, 'test_mrr': 0.156958621134247, 'test_hits@1': 0.105, 'test_hits@10': 0.25, 'test_hits@50': 0.45, 'test_hits@100': 0.5225}
