runtime_device=cuda
cuda_device=Tesla V100-PCIE-32GB
{'event': 'candidate_seed_start', 'candidate': 'prior_old_struct_residual_hist_scale1_cr005', 'seed': 1, 'device': 'cuda', 'node_text_device': 'cuda:0'}
{'event': 'train_seed_start', 'seed': 1, 'train_edges': 12000, 'val_edges': 162066, 'test_edges': 163172, 'num_nodes': 47433, 'num_relations': 566}
{'event': 'train_seed_tensors_ready', 'seed': 1, 'elapsed_sec': 0.020540058612823486, 'cuda_allocated_mb': 126, 'cuda_reserved_mb': 138, 'cuda_max_allocated_mb': 126}
{'event': 'train_known_facts_ready', 'seed': 1, 'scope': 'train', 'edges': 12000, 'elapsed_sec': 0.024420730769634247}
{'event': 'train_known_facts_ready', 'seed': 1, 'scope': 'train_val', 'edges': 174066, 'elapsed_sec': 0.03886513039469719}
{'event': 'train_sampler_ready', 'seed': 1, 'elapsed_sec': 0.09718399122357368}
{'event': 'val_sampler_ready', 'seed': 1, 'elapsed_sec': 0.15357903763651848}
{'event': 'epoch_start', 'epoch': 1, 'epochs': 6, 'batches': 98, 'time_groups': 98}
{'event': 'train_time_group', 'epoch': 1, 'time_group': 1, 'time_groups': 98, 'batch': 0, 'batches': 98, 'time_value': 1900.0, 'group_batches': 1, 'history_edges': 0, 'elapsed_sec': 0.03266236558556557, 'cuda_allocated_mb': 126, 'cuda_reserved_mb': 140, 'cuda_max_allocated_mb': 126}
{'event': 'train_progress', 'epoch': 1, 'batch': 1, 'batches': 98, 'time_group': 1, 'time_groups': 98, 'history_edges': 0, 'pos_edges': 61, 'neg_edges': 244, 'loss_recent': 20.406557083129883, 'elapsed_sec': 1.7676606066524982, 'avg_sec_per_batch': 1.7676606066524982, 'cuda_allocated_mb': 484, 'cuda_reserved_mb': 1322, 'cuda_max_allocated_mb': 1242}
{'event': 'train_time_group', 'epoch': 1, 'time_group': 98, 'time_groups': 98, 'batch': 97, 'batches': 98, 'time_value': 1997.0, 'group_batches': 1, 'history_edges': 11809, 'elapsed_sec': 80.15627917647362, 'cuda_allocated_mb': 452, 'cuda_reserved_mb': 6028, 'cuda_max_allocated_mb': 2340}
{'event': 'train_progress', 'epoch': 1, 'batch': 98, 'batches': 98, 'time_group': 98, 'time_groups': 98, 'history_edges': 11809, 'pos_edges': 191, 'neg_edges': 764, 'loss_recent': 41.840851024705536, 'elapsed_sec': 80.98135951906443, 'avg_sec_per_batch': 0.8263404032557594, 'cuda_allocated_mb': 550, 'cuda_reserved_mb': 6506, 'cuda_max_allocated_mb': 2359}
{'event': 'validation_start', 'epoch': 1}
{'event': 'validation_tgb_ranking_start', 'epoch': 1, 'max_edges': 128}
{'event': 'epoch_end', 'epoch': 1, 'early_stop_metric': 'val_tgb_mrr', 'val_score': 0.0805878394204525, 'val_auc': 0.5657348632812499, 'val_ap': 0.14453005145264308, 'val_ndcg': 0.6781774649005238, 'val_tgb_mrr': 0.0805878394204525, 'val_tgb_hits@10': 0.109375, 'elapsed_sec': 388.638876888901}
{'event': 'epoch_start', 'epoch': 2, 'epochs': 6, 'batches': 98, 'time_groups': 98}
{'event': 'train_time_group', 'epoch': 2, 'time_group': 1, 'time_groups': 98, 'batch': 0, 'batches': 98, 'time_value': 1900.0, 'group_batches': 1, 'history_edges': 0, 'elapsed_sec': 0.3885897509753704, 'cuda_allocated_mb': 451, 'cuda_reserved_mb': 6596, 'cuda_max_allocated_mb': 2359}
{'event': 'train_progress', 'epoch': 2, 'batch': 1, 'batches': 98, 'time_group': 1, 'time_groups': 98, 'history_edges': 0, 'pos_edges': 61, 'neg_edges': 244, 'loss_recent': 19.82671546936035, 'elapsed_sec': 1.0451134108006954, 'avg_sec_per_batch': 1.0451134108006954, 'cuda_allocated_mb': 484, 'cuda_reserved_mb': 6596, 'cuda_max_allocated_mb': 2359}
{'event': 'train_time_group', 'epoch': 2, 'time_group': 98, 'time_groups': 98, 'batch': 97, 'batches': 98, 'time_value': 1997.0, 'group_batches': 1, 'history_edges': 11809, 'elapsed_sec': 80.20494717732072, 'cuda_allocated_mb': 452, 'cuda_reserved_mb': 6596, 'cuda_max_allocated_mb': 2359}
{'event': 'train_progress', 'epoch': 2, 'batch': 98, 'batches': 98, 'time_group': 98, 'time_groups': 98, 'history_edges': 11809, 'pos_edges': 191, 'neg_edges': 764, 'loss_recent': 40.16161249121841, 'elapsed_sec': 81.0749741755426, 'avg_sec_per_batch': 0.8272956548524755, 'cuda_allocated_mb': 545, 'cuda_reserved_mb': 6596, 'cuda_max_allocated_mb': 2359}
{'event': 'validation_start', 'epoch': 2}
{'event': 'validation_tgb_ranking_start', 'epoch': 2, 'max_edges': 128}
{'event': 'epoch_end', 'epoch': 2, 'early_stop_metric': 'val_tgb_mrr', 'val_score': 0.0812230200229471, 'val_auc': 0.569183349609375, 'val_ap': 0.16268893168196985, 'val_ndcg': 0.6966665009565445, 'val_tgb_mrr': 0.0812230200229471, 'val_tgb_hits@10': 0.09375, 'elapsed_sec': 397.76539870351553}
{'event': 'epoch_start', 'epoch': 3, 'epochs': 6, 'batches': 98, 'time_groups': 98}
{'event': 'train_time_group', 'epoch': 3, 'time_group': 1, 'time_groups': 98, 'batch': 0, 'batches': 98, 'time_value': 1900.0, 'group_batches': 1, 'history_edges': 0, 'elapsed_sec': 0.3767394460737705, 'cuda_allocated_mb': 452, 'cuda_reserved_mb': 6596, 'cuda_max_allocated_mb': 2359}
{'event': 'train_progress', 'epoch': 3, 'batch': 1, 'batches': 98, 'time_group': 1, 'time_groups': 98, 'history_edges': 0, 'pos_edges': 61, 'neg_edges': 244, 'loss_recent': 18.92873764038086, 'elapsed_sec': 1.0049326308071613, 'avg_sec_per_batch': 1.0049326308071613, 'cuda_allocated_mb': 482, 'cuda_reserved_mb': 6596, 'cuda_max_allocated_mb': 2359}
{'event': 'train_time_group', 'epoch': 3, 'time_group': 98, 'time_groups': 98, 'batch': 97, 'batches': 98, 'time_value': 1997.0, 'group_batches': 1, 'history_edges': 11809, 'elapsed_sec': 78.76686879619956, 'cuda_allocated_mb': 453, 'cuda_reserved_mb': 6596, 'cuda_max_allocated_mb': 2359}
{'event': 'train_progress', 'epoch': 3, 'batch': 98, 'batches': 98, 'time_group': 98, 'time_groups': 98, 'history_edges': 11809, 'pos_edges': 191, 'neg_edges': 764, 'loss_recent': 37.597364775988524, 'elapsed_sec': 79.6610107831657, 'avg_sec_per_batch': 0.8128674569710785, 'cuda_allocated_mb': 546, 'cuda_reserved_mb': 6596, 'cuda_max_allocated_mb': 2359}
{'event': 'validation_start', 'epoch': 3}
{'event': 'validation_tgb_ranking_start', 'epoch': 3, 'max_edges': 128}
{'event': 'epoch_end', 'epoch': 3, 'early_stop_metric': 'val_tgb_mrr', 'val_score': 0.06401925116438832, 'val_auc': 0.581451416015625, 'val_ap': 0.1689019072864759, 'val_ndcg': 0.7025166523671142, 'val_tgb_mrr': 0.06401925116438832, 'val_tgb_hits@10': 0.0859375, 'elapsed_sec': 394.0142142921686}
{'event': 'epoch_start', 'epoch': 4, 'epochs': 6, 'batches': 98, 'time_groups': 98}
{'event': 'train_time_group', 'epoch': 4, 'time_group': 1, 'time_groups': 98, 'batch': 0, 'batches': 98, 'time_value': 1900.0, 'group_batches': 1, 'history_edges': 0, 'elapsed_sec': 0.0339483805000782, 'cuda_allocated_mb': 452, 'cuda_reserved_mb': 6596, 'cuda_max_allocated_mb': 2359}
{'event': 'train_progress', 'epoch': 4, 'batch': 1, 'batches': 98, 'time_group': 1, 'time_groups': 98, 'history_edges': 0, 'pos_edges': 61, 'neg_edges': 244, 'loss_recent': 18.41950798034668, 'elapsed_sec': 0.6996025703847408, 'avg_sec_per_batch': 0.6996025703847408, 'cuda_allocated_mb': 485, 'cuda_reserved_mb': 6596, 'cuda_max_allocated_mb': 2359}
{'event': 'train_time_group', 'epoch': 4, 'time_group': 98, 'time_groups': 98, 'batch': 97, 'batches': 98, 'time_value': 1997.0, 'group_batches': 1, 'history_edges': 11809, 'elapsed_sec': 77.62100538238883, 'cuda_allocated_mb': 453, 'cuda_reserved_mb': 6596, 'cuda_max_allocated_mb': 2359}
{'event': 'train_progress', 'epoch': 4, 'batch': 98, 'batches': 98, 'time_group': 98, 'time_groups': 98, 'history_edges': 11809, 'pos_edges': 191, 'neg_edges': 764, 'loss_recent': 34.85037356006856, 'elapsed_sec': 78.55489483103156, 'avg_sec_per_batch': 0.801580559500322, 'cuda_allocated_mb': 549, 'cuda_reserved_mb': 6596, 'cuda_max_allocated_mb': 2359}
{'event': 'validation_start', 'epoch': 4}
{'event': 'validation_tgb_ranking_start', 'epoch': 4, 'max_edges': 128}
{'event': 'epoch_end', 'epoch': 4, 'early_stop_metric': 'val_tgb_mrr', 'val_score': 0.06170430614527646, 'val_auc': 0.57305908203125, 'val_ap': 0.16684849236337, 'val_ndcg': 0.7011891976407806, 'val_tgb_mrr': 0.06170430614527646, 'val_tgb_hits@10': 0.078125, 'elapsed_sec': 387.32323122024536}
{'event': 'epoch_start', 'epoch': 5, 'epochs': 6, 'batches': 98, 'time_groups': 98}
{'event': 'train_time_group', 'epoch': 5, 'time_group': 1, 'time_groups': 98, 'batch': 0, 'batches': 98, 'time_value': 1900.0, 'group_batches': 1, 'history_edges': 0, 'elapsed_sec': 0.04499049857258797, 'cuda_allocated_mb': 454, 'cuda_reserved_mb': 6596, 'cuda_max_allocated_mb': 2359}
{'event': 'train_progress', 'epoch': 5, 'batch': 1, 'batches': 98, 'time_group': 1, 'time_groups': 98, 'history_edges': 0, 'pos_edges': 61, 'neg_edges': 244, 'loss_recent': 17.734142303466797, 'elapsed_sec': 1.0313830263912678, 'avg_sec_per_batch': 1.0313830263912678, 'cuda_allocated_mb': 485, 'cuda_reserved_mb': 6596, 'cuda_max_allocated_mb': 2359}
{'event': 'train_time_group', 'epoch': 5, 'time_group': 98, 'time_groups': 98, 'batch': 97, 'batches': 98, 'time_value': 1997.0, 'group_batches': 1, 'history_edges': 11809, 'elapsed_sec': 79.1048224978149, 'cuda_allocated_mb': 452, 'cuda_reserved_mb': 6596, 'cuda_max_allocated_mb': 2359}
{'event': 'train_progress', 'epoch': 5, 'batch': 98, 'batches': 98, 'time_group': 98, 'time_groups': 98, 'history_edges': 11809, 'pos_edges': 191, 'neg_edges': 764, 'loss_recent': 32.367203099387034, 'elapsed_sec': 79.98531958460808, 'avg_sec_per_batch': 0.8161767304551845, 'cuda_allocated_mb': 550, 'cuda_reserved_mb': 6596, 'cuda_max_allocated_mb': 2359}
{'event': 'validation_start', 'epoch': 5}
{'event': 'validation_tgb_ranking_start', 'epoch': 5, 'max_edges': 128}
{'event': 'epoch_end', 'epoch': 5, 'early_stop_metric': 'val_tgb_mrr', 'val_score': 0.055937500942114346, 'val_auc': 0.560955810546875, 'val_ap': 0.1494614920573038, 'val_ndcg': 0.6841453885360479, 'val_tgb_mrr': 0.055937500942114346, 'val_tgb_hits@10': 0.0546875, 'elapsed_sec': 388.8577837087214}
{'candidate': 'prior_old_struct_residual_hist_scale1_cr005', 'seed': 1, 'val_tgb_mrr': 0.0812230200229471, 'val_auc': 0.569183349609375, 'val_ap': 0.16268893168196985, 'val_ndcg': 0.6966665009565445, 'val_tgb_hits@10': 0.09375, 'train_loss': 40.16161249121841, 'train_lp': 0.4874775333672154, 'train_align': 3894.902462083466, 'train_kl': 7202.003178810587, 'train_ood_reg': 0.22750356185192966, 'train_meta': 0.9366926036927165, 'train_struct_aux': 0.0, 'train_weighted_align': 38.949023772259146, 'train_weighted_kl': 0.7202003029536228, 'train_weighted_ood_reg': 0.00022750357266905128, 'train_weighted_meta': 0.004683462925473874, 'train_weighted_struct_aux': 0.0, 'train_rank': 0.5804399051228348, 'train_weighted_rank': 0.005804398933387533, 'train_candidate_rank': 3.580208498604444, 'train_weighted_candidate_rank': 0.17901042818414922}
{'event': 'candidate_summary', 'candidate': 'prior_old_struct_residual_hist_scale1_cr005', 'score': 0.0812230200229471, 'passes_metric_minima': True, 'means': {'val_tgb_mrr': 0.0812230200229471, 'val_tgb_hits@10': 0.09375, 'val_auc': 0.569183349609375, 'val_ap': 0.16268893168196985, 'val_ndcg': 0.6966665009565445}, 'seeds_completed': 1}
{'event': 'candidate_seed_start', 'candidate': 'prior_old_hist_linear_frozen_scale2_cr002', 'seed': 1, 'device': 'cuda', 'node_text_device': 'cuda:0'}
{'event': 'train_seed_start', 'seed': 1, 'train_edges': 12000, 'val_edges': 162066, 'test_edges': 163172, 'num_nodes': 47433, 'num_relations': 566}
{'event': 'train_seed_tensors_ready', 'seed': 1, 'elapsed_sec': 0.021767377853393555, 'cuda_allocated_mb': 143, 'cuda_reserved_mb': 146, 'cuda_max_allocated_mb': 2359}
{'event': 'train_known_facts_ready', 'seed': 1, 'scope': 'train', 'edges': 12000, 'elapsed_sec': 0.024934150278568268}
{'event': 'train_known_facts_ready', 'seed': 1, 'scope': 'train_val', 'edges': 174066, 'elapsed_sec': 0.04652834311127663}
{'event': 'train_sampler_ready', 'seed': 1, 'elapsed_sec': 0.10853710398077965}
{'event': 'val_sampler_ready', 'seed': 1, 'elapsed_sec': 0.1680811606347561}
{'event': 'epoch_start', 'epoch': 1, 'epochs': 6, 'batches': 98, 'time_groups': 98}
{'event': 'train_time_group', 'epoch': 1, 'time_group': 1, 'time_groups': 98, 'batch': 0, 'batches': 98, 'time_value': 1900.0, 'group_batches': 1, 'history_edges': 0, 'elapsed_sec': 0.018203020095825195, 'cuda_allocated_mb': 143, 'cuda_reserved_mb': 146, 'cuda_max_allocated_mb': 2359}
{'event': 'train_progress', 'epoch': 1, 'batch': 1, 'batches': 98, 'time_group': 1, 'time_groups': 98, 'history_edges': 0, 'pos_edges': 61, 'neg_edges': 244, 'loss_recent': 20.397663116455078, 'elapsed_sec': 0.5097085498273373, 'avg_sec_per_batch': 0.5097085498273373, 'cuda_allocated_mb': 483, 'cuda_reserved_mb': 1238, 'cuda_max_allocated_mb': 2359}
{'event': 'train_time_group', 'epoch': 1, 'time_group': 98, 'time_groups': 98, 'batch': 97, 'batches': 98, 'time_value': 1997.0, 'group_batches': 1, 'history_edges': 11809, 'elapsed_sec': 58.56267241388559, 'cuda_allocated_mb': 453, 'cuda_reserved_mb': 7592, 'cuda_max_allocated_mb': 2359}
{'event': 'train_progress', 'epoch': 1, 'batch': 98, 'batches': 98, 'time_group': 98, 'time_groups': 98, 'history_edges': 11809, 'pos_edges': 191, 'neg_edges': 764, 'loss_recent': 41.889362471444265, 'elapsed_sec': 59.30528403446078, 'avg_sec_per_batch': 0.6051559595353141, 'cuda_allocated_mb': 553, 'cuda_reserved_mb': 7598, 'cuda_max_allocated_mb': 2359}
{'event': 'validation_start', 'epoch': 1}
{'event': 'validation_tgb_ranking_start', 'epoch': 1, 'max_edges': 128}
{'event': 'epoch_end', 'epoch': 1, 'early_stop_metric': 'val_tgb_mrr', 'val_score': 0.06654579128913828, 'val_auc': 0.58544921875, 'val_ap': 0.16584453069717875, 'val_ndcg': 0.6996796870509375, 'val_tgb_mrr': 0.06654579128913828, 'val_tgb_hits@10': 0.1171875, 'elapsed_sec': 380.3836620487273}
{'event': 'epoch_start', 'epoch': 2, 'epochs': 6, 'batches': 98, 'time_groups': 98}
{'event': 'train_time_group', 'epoch': 2, 'time_group': 1, 'time_groups': 98, 'batch': 0, 'batches': 98, 'time_value': 1900.0, 'group_batches': 1, 'history_edges': 0, 'elapsed_sec': 0.04427536204457283, 'cuda_allocated_mb': 453, 'cuda_reserved_mb': 7692, 'cuda_max_allocated_mb': 2359}
{'event': 'train_progress', 'epoch': 2, 'batch': 1, 'batches': 98, 'time_group': 1, 'time_groups': 98, 'history_edges': 0, 'pos_edges': 61, 'neg_edges': 244, 'loss_recent': 18.676530838012695, 'elapsed_sec': 0.5079757906496525, 'avg_sec_per_batch': 0.5079757906496525, 'cuda_allocated_mb': 486, 'cuda_reserved_mb': 7692, 'cuda_max_allocated_mb': 2359}
{'event': 'train_time_group', 'epoch': 2, 'time_group': 98, 'time_groups': 98, 'batch': 97, 'batches': 98, 'time_value': 1997.0, 'group_batches': 1, 'history_edges': 11809, 'elapsed_sec': 60.81902291998267, 'cuda_allocated_mb': 453, 'cuda_reserved_mb': 7692, 'cuda_max_allocated_mb': 2359}
{'event': 'train_progress', 'epoch': 2, 'batch': 98, 'batches': 98, 'time_group': 98, 'time_groups': 98, 'history_edges': 11809, 'pos_edges': 191, 'neg_edges': 764, 'loss_recent': 40.14345830800582, 'elapsed_sec': 61.55844845995307, 'avg_sec_per_batch': 0.6281474332648272, 'cuda_allocated_mb': 550, 'cuda_reserved_mb': 7692, 'cuda_max_allocated_mb': 2359}
{'event': 'validation_start', 'epoch': 2}
{'event': 'validation_tgb_ranking_start', 'epoch': 2, 'max_edges': 128}
{'event': 'epoch_end', 'epoch': 2, 'early_stop_metric': 'val_tgb_mrr', 'val_score': 0.06268585907840271, 'val_auc': 0.58482666015625, 'val_ap': 0.16746738908712294, 'val_ndcg': 0.7009692931365691, 'val_tgb_mrr': 0.06268585907840271, 'val_tgb_hits@10': 0.1015625, 'elapsed_sec': 378.3319370858371}
{'event': 'epoch_start', 'epoch': 3, 'epochs': 6, 'batches': 98, 'time_groups': 98}
{'event': 'train_time_group', 'epoch': 3, 'time_group': 1, 'time_groups': 98, 'batch': 0, 'batches': 98, 'time_value': 1900.0, 'group_batches': 1, 'history_edges': 0, 'elapsed_sec': 0.3574437014758587, 'cuda_allocated_mb': 452, 'cuda_reserved_mb': 7692, 'cuda_max_allocated_mb': 2359}
{'event': 'train_progress', 'epoch': 3, 'batch': 1, 'batches': 98, 'time_group': 1, 'time_groups': 98, 'history_edges': 0, 'pos_edges': 61, 'neg_edges': 244, 'loss_recent': 18.93907356262207, 'elapsed_sec': 0.9264070689678192, 'avg_sec_per_batch': 0.9264070689678192, 'cuda_allocated_mb': 486, 'cuda_reserved_mb': 7692, 'cuda_max_allocated_mb': 2359}
{'event': 'train_time_group', 'epoch': 3, 'time_group': 98, 'time_groups': 98, 'batch': 97, 'batches': 98, 'time_value': 1997.0, 'group_batches': 1, 'history_edges': 11809, 'elapsed_sec': 57.20959818735719, 'cuda_allocated_mb': 453, 'cuda_reserved_mb': 7692, 'cuda_max_allocated_mb': 2359}
{'event': 'train_progress', 'epoch': 3, 'batch': 98, 'batches': 98, 'time_group': 98, 'time_groups': 98, 'history_edges': 11809, 'pos_edges': 191, 'neg_edges': 764, 'loss_recent': 37.61857355857382, 'elapsed_sec': 57.91572658345103, 'avg_sec_per_batch': 0.5909768018719493, 'cuda_allocated_mb': 552, 'cuda_reserved_mb': 7692, 'cuda_max_allocated_mb': 2359}
{'event': 'validation_start', 'epoch': 3}
{'event': 'validation_tgb_ranking_start', 'epoch': 3, 'max_edges': 128}
{'event': 'epoch_end', 'epoch': 3, 'early_stop_metric': 'val_tgb_mrr', 'val_score': 0.06229186481367616, 'val_auc': 0.577227783203125, 'val_ap': 0.17271317058284968, 'val_ndcg': 0.7058161662174143, 'val_tgb_mrr': 0.06229186481367616, 'val_tgb_hits@10': 0.1015625, 'elapsed_sec': 377.3280094973743}
{'event': 'epoch_start', 'epoch': 4, 'epochs': 6, 'batches': 98, 'time_groups': 98}
{'event': 'train_time_group', 'epoch': 4, 'time_group': 1, 'time_groups': 98, 'batch': 0, 'batches': 98, 'time_value': 1900.0, 'group_batches': 1, 'history_edges': 0, 'elapsed_sec': 0.056567925959825516, 'cuda_allocated_mb': 454, 'cuda_reserved_mb': 7692, 'cuda_max_allocated_mb': 2359}
{'event': 'train_progress', 'epoch': 4, 'batch': 1, 'batches': 98, 'time_group': 1, 'time_groups': 98, 'history_edges': 0, 'pos_edges': 61, 'neg_edges': 244, 'loss_recent': 18.996261596679688, 'elapsed_sec': 0.5111784338951111, 'avg_sec_per_batch': 0.5111784338951111, 'cuda_allocated_mb': 485, 'cuda_reserved_mb': 7692, 'cuda_max_allocated_mb': 2359}
{'event': 'train_time_group', 'epoch': 4, 'time_group': 98, 'time_groups': 98, 'batch': 97, 'batches': 98, 'time_value': 1997.0, 'group_batches': 1, 'history_edges': 11809, 'elapsed_sec': 58.651402071118355, 'cuda_allocated_mb': 453, 'cuda_reserved_mb': 7692, 'cuda_max_allocated_mb': 2359}
{'event': 'train_progress', 'epoch': 4, 'batch': 98, 'batches': 98, 'time_group': 98, 'time_groups': 98, 'history_edges': 11809, 'pos_edges': 191, 'neg_edges': 764, 'loss_recent': 34.808111327035085, 'elapsed_sec': 59.35211728140712, 'avg_sec_per_batch': 0.6056338498102767, 'cuda_allocated_mb': 551, 'cuda_reserved_mb': 7692, 'cuda_max_allocated_mb': 2359}
{'event': 'validation_start', 'epoch': 4}
{'event': 'validation_tgb_ranking_start', 'epoch': 4, 'max_edges': 128}
{'event': 'epoch_end', 'epoch': 4, 'early_stop_metric': 'val_tgb_mrr', 'val_score': 0.07412334225779539, 'val_auc': 0.58128662109375, 'val_ap': 0.18573372785880674, 'val_ndcg': 0.7171430818190289, 'val_tgb_mrr': 0.07412334225779539, 'val_tgb_hits@10': 0.1015625, 'elapsed_sec': 383.11496553197503}
{'event': 'epoch_start', 'epoch': 5, 'epochs': 6, 'batches': 98, 'time_groups': 98}
{'event': 'train_time_group', 'epoch': 5, 'time_group': 1, 'time_groups': 98, 'batch': 0, 'batches': 98, 'time_value': 1900.0, 'group_batches': 1, 'history_edges': 0, 'elapsed_sec': 0.046342600136995316, 'cuda_allocated_mb': 454, 'cuda_reserved_mb': 7692, 'cuda_max_allocated_mb': 2359}
{'event': 'train_progress', 'epoch': 5, 'batch': 1, 'batches': 98, 'time_group': 1, 'time_groups': 98, 'history_edges': 0, 'pos_edges': 61, 'neg_edges': 244, 'loss_recent': 18.651859283447266, 'elapsed_sec': 0.5026796348392963, 'avg_sec_per_batch': 0.5026796348392963, 'cuda_allocated_mb': 484, 'cuda_reserved_mb': 7692, 'cuda_max_allocated_mb': 2359}
{'event': 'train_time_group', 'epoch': 5, 'time_group': 98, 'time_groups': 98, 'batch': 97, 'batches': 98, 'time_value': 1997.0, 'group_batches': 1, 'history_edges': 11809, 'elapsed_sec': 56.97084276005626, 'cuda_allocated_mb': 454, 'cuda_reserved_mb': 7692, 'cuda_max_allocated_mb': 2359}
{'event': 'train_progress', 'epoch': 5, 'batch': 98, 'batches': 98, 'time_group': 98, 'time_groups': 98, 'history_edges': 11809, 'pos_edges': 191, 'neg_edges': 764, 'loss_recent': 32.366587366376606, 'elapsed_sec': 57.643223728984594, 'avg_sec_per_batch': 0.5881961604998428, 'cuda_allocated_mb': 552, 'cuda_reserved_mb': 7692, 'cuda_max_allocated_mb': 2359}
{'event': 'validation_start', 'epoch': 5}
{'event': 'validation_tgb_ranking_start', 'epoch': 5, 'max_edges': 128}
{'event': 'epoch_end', 'epoch': 5, 'early_stop_metric': 'val_tgb_mrr', 'val_score': 0.07338950041231204, 'val_auc': 0.587603759765625, 'val_ap': 0.188188132953188, 'val_ndcg': 0.7188704959989823, 'val_tgb_mrr': 0.07338950041231204, 'val_tgb_hits@10': 0.1015625, 'elapsed_sec': 381.0526648834348}
{'event': 'epoch_start', 'epoch': 6, 'epochs': 6, 'batches': 98, 'time_groups': 98}
{'event': 'train_time_group', 'epoch': 6, 'time_group': 1, 'time_groups': 98, 'batch': 0, 'batches': 98, 'time_value': 1900.0, 'group_batches': 1, 'history_edges': 0, 'elapsed_sec': 0.034559737890958786, 'cuda_allocated_mb': 454, 'cuda_reserved_mb': 7692, 'cuda_max_allocated_mb': 2359}
{'event': 'train_progress', 'epoch': 6, 'batch': 1, 'batches': 98, 'time_group': 1, 'time_groups': 98, 'history_edges': 0, 'pos_edges': 61, 'neg_edges': 244, 'loss_recent': 18.115625381469727, 'elapsed_sec': 0.5194335132837296, 'avg_sec_per_batch': 0.5194335132837296, 'cuda_allocated_mb': 483, 'cuda_reserved_mb': 7692, 'cuda_max_allocated_mb': 2359}
{'event': 'train_time_group', 'epoch': 6, 'time_group': 98, 'time_groups': 98, 'batch': 97, 'batches': 98, 'time_value': 1997.0, 'group_batches': 1, 'history_edges': 11809, 'elapsed_sec': 55.54237074777484, 'cuda_allocated_mb': 453, 'cuda_reserved_mb': 7692, 'cuda_max_allocated_mb': 2359}
{'event': 'train_progress', 'epoch': 6, 'batch': 98, 'batches': 98, 'time_group': 98, 'time_groups': 98, 'history_edges': 11809, 'pos_edges': 191, 'neg_edges': 764, 'loss_recent': 30.403066567012242, 'elapsed_sec': 56.195306569337845, 'avg_sec_per_batch': 0.5734214956054882, 'cuda_allocated_mb': 551, 'cuda_reserved_mb': 7692, 'cuda_max_allocated_mb': 2359}
{'event': 'validation_start', 'epoch': 6}
{'event': 'validation_tgb_ranking_start', 'epoch': 6, 'max_edges': 128}
{'event': 'epoch_end', 'epoch': 6, 'early_stop_metric': 'val_tgb_mrr', 'val_score': 0.07030916132305962, 'val_auc': 0.58021240234375, 'val_ap': 0.17893194808297624, 'val_ndcg': 0.7115625160542527, 'val_tgb_mrr': 0.07030916132305962, 'val_tgb_hits@10': 0.0859375, 'elapsed_sec': 376.9882193915546}
{'candidate': 'prior_old_hist_linear_frozen_scale2_cr002', 'seed': 1, 'val_tgb_mrr': 0.0741233422544207, 'val_auc': 0.58128662109375, 'val_ap': 0.18573372785880674, 'val_ndcg': 0.7171430818190289, 'val_tgb_hits@10': 0.1015625, 'train_loss': 34.808111327035085, 'train_lp': 0.555518815712053, 'train_align': 3243.7678210200097, 'train_kl': 18098.440987723214, 'train_ood_reg': 0.2228148943003343, 'train_meta': 0.9696784572941917, 'train_struct_aux': 0.0, 'train_weighted_align': 32.43767737369148, 'train_weighted_kl': 1.809844054129659, 'train_weighted_ood_reg': 0.00022281490504499335, 'train_weighted_meta': 0.004848392168297528, 'train_weighted_struct_aux': 0.0, 'train_rank': 0.7003754486843031, 'train_weighted_rank': 0.007003754325097008, 'train_candidate_rank': 3.9384355058475418, 'train_weighted_candidate_rank': 0.07876870811593775}
{'event': 'candidate_summary', 'candidate': 'prior_old_hist_linear_frozen_scale2_cr002', 'score': 0.0741233422544207, 'passes_metric_minima': True, 'means': {'val_tgb_mrr': 0.0741233422544207, 'val_tgb_hits@10': 0.1015625, 'val_auc': 0.58128662109375, 'val_ap': 0.18573372785880674, 'val_ndcg': 0.7171430818190289}, 'seeds_completed': 1}
{'event': 'candidate_seed_start', 'candidate': 'prior_old_hist_linear_frozen_scale1_cr002', 'seed': 1, 'device': 'cuda', 'node_text_device': 'cuda:0'}
{'event': 'train_seed_start', 'seed': 1, 'train_edges': 12000, 'val_edges': 162066, 'test_edges': 163172, 'num_nodes': 47433, 'num_relations': 566}
{'event': 'train_seed_tensors_ready', 'seed': 1, 'elapsed_sec': 0.020564690232276917, 'cuda_allocated_mb': 143, 'cuda_reserved_mb': 146, 'cuda_max_allocated_mb': 2359}
{'event': 'train_known_facts_ready', 'seed': 1, 'scope': 'train', 'edges': 12000, 'elapsed_sec': 0.023964494466781616}
{'event': 'train_known_facts_ready', 'seed': 1, 'scope': 'train_val', 'edges': 174066, 'elapsed_sec': 0.04471641033887863}
{'event': 'train_sampler_ready', 'seed': 1, 'elapsed_sec': 0.10361016914248466}
{'event': 'val_sampler_ready', 'seed': 1, 'elapsed_sec': 0.16002874448895454}
{'event': 'epoch_start', 'epoch': 1, 'epochs': 6, 'batches': 98, 'time_groups': 98}
{'event': 'train_time_group', 'epoch': 1, 'time_group': 1, 'time_groups': 98, 'batch': 0, 'batches': 98, 'time_value': 1900.0, 'group_batches': 1, 'history_edges': 0, 'elapsed_sec': 0.022756773978471756, 'cuda_allocated_mb': 143, 'cuda_reserved_mb': 146, 'cuda_max_allocated_mb': 2359}
{'event': 'train_progress', 'epoch': 1, 'batch': 1, 'batches': 98, 'time_group': 1, 'time_groups': 98, 'history_edges': 0, 'pos_edges': 61, 'neg_edges': 244, 'loss_recent': 20.397663116455078, 'elapsed_sec': 0.5179447643458843, 'avg_sec_per_batch': 0.5179447643458843, 'cuda_allocated_mb': 483, 'cuda_reserved_mb': 1238, 'cuda_max_allocated_mb': 2359}
{'event': 'train_time_group', 'epoch': 1, 'time_group': 98, 'time_groups': 98, 'batch': 97, 'batches': 98, 'time_value': 1997.0, 'group_batches': 1, 'history_edges': 11809, 'elapsed_sec': 56.47983128204942, 'cuda_allocated_mb': 452, 'cuda_reserved_mb': 7592, 'cuda_max_allocated_mb': 2359}
{'event': 'train_progress', 'epoch': 1, 'batch': 98, 'batches': 98, 'time_group': 98, 'time_groups': 98, 'history_edges': 11809, 'pos_edges': 191, 'neg_edges': 764, 'loss_recent': 41.79685388292585, 'elapsed_sec': 57.158303175121546, 'avg_sec_per_batch': 0.5832479915828729, 'cuda_allocated_mb': 553, 'cuda_reserved_mb': 7598, 'cuda_max_allocated_mb': 2359}
{'event': 'validation_start', 'epoch': 1}
{'event': 'validation_tgb_ranking_start', 'epoch': 1, 'max_edges': 128}
{'event': 'epoch_end', 'epoch': 1, 'early_stop_metric': 'val_tgb_mrr', 'val_score': 0.0754261814606342, 'val_auc': 0.58128662109375, 'val_ap': 0.15814592656364782, 'val_ndcg': 0.6916761998713651, 'val_tgb_mrr': 0.0754261814606342, 'val_tgb_hits@10': 0.09375, 'elapsed_sec': 358.914751175791}
{'event': 'epoch_start', 'epoch': 2, 'epochs': 6, 'batches': 98, 'time_groups': 98}
{'event': 'train_time_group', 'epoch': 2, 'time_group': 1, 'time_groups': 98, 'batch': 0, 'batches': 98, 'time_value': 1900.0, 'group_batches': 1, 'history_edges': 0, 'elapsed_sec': 0.03199745714664459, 'cuda_allocated_mb': 454, 'cuda_reserved_mb': 7692, 'cuda_max_allocated_mb': 2359}
{'event': 'train_progress', 'epoch': 2, 'batch': 1, 'batches': 98, 'time_group': 1, 'time_groups': 98, 'history_edges': 0, 'pos_edges': 61, 'neg_edges': 244, 'loss_recent': 18.565975189208984, 'elapsed_sec': 0.4835607632994652, 'avg_sec_per_batch': 0.4835607632994652, 'cuda_allocated_mb': 485, 'cuda_reserved_mb': 7692, 'cuda_max_allocated_mb': 2359}
{'event': 'train_time_group', 'epoch': 2, 'time_group': 98, 'time_groups': 98, 'batch': 97, 'batches': 98, 'time_value': 1997.0, 'group_batches': 1, 'history_edges': 11809, 'elapsed_sec': 55.6387293972075, 'cuda_allocated_mb': 454, 'cuda_reserved_mb': 7692, 'cuda_max_allocated_mb': 2359}
{'event': 'train_progress', 'epoch': 2, 'batch': 98, 'batches': 98, 'time_group': 98, 'time_groups': 98, 'history_edges': 11809, 'pos_edges': 191, 'neg_edges': 764, 'loss_recent': 40.08183736217265, 'elapsed_sec': 56.324375972151756, 'avg_sec_per_batch': 0.5747385303280792, 'cuda_allocated_mb': 552, 'cuda_reserved_mb': 7692, 'cuda_max_allocated_mb': 2359}
{'event': 'validation_start', 'epoch': 2}
{'event': 'validation_tgb_ranking_start', 'epoch': 2, 'max_edges': 128}
{'event': 'epoch_end', 'epoch': 2, 'early_stop_metric': 'val_tgb_mrr', 'val_score': 0.06105161589087074, 'val_auc': 0.574066162109375, 'val_ap': 0.1647370693924419, 'val_ndcg': 0.6985067424771719, 'val_tgb_mrr': 0.06105161589087074, 'val_tgb_hits@10': 0.09375, 'elapsed_sec': 359.0362078510225}
{'event': 'epoch_start', 'epoch': 3, 'epochs': 6, 'batches': 98, 'time_groups': 98}
{'event': 'train_time_group', 'epoch': 3, 'time_group': 1, 'time_groups': 98, 'batch': 0, 'batches': 98, 'time_value': 1900.0, 'group_batches': 1, 'history_edges': 0, 'elapsed_sec': 0.2753765359520912, 'cuda_allocated_mb': 454, 'cuda_reserved_mb': 7692, 'cuda_max_allocated_mb': 2359}
{'event': 'train_progress', 'epoch': 3, 'batch': 1, 'batches': 98, 'time_group': 1, 'time_groups': 98, 'history_edges': 0, 'pos_edges': 61, 'neg_edges': 244, 'loss_recent': 18.827770233154297, 'elapsed_sec': 0.7203013487160206, 'avg_sec_per_batch': 0.7203013487160206, 'cuda_allocated_mb': 485, 'cuda_reserved_mb': 7692, 'cuda_max_allocated_mb': 2359}
{'event': 'train_time_group', 'epoch': 3, 'time_group': 98, 'time_groups': 98, 'batch': 97, 'batches': 98, 'time_value': 1997.0, 'group_batches': 1, 'history_edges': 11809, 'elapsed_sec': 55.50040792673826, 'cuda_allocated_mb': 454, 'cuda_reserved_mb': 7692, 'cuda_max_allocated_mb': 2359}
{'event': 'train_progress', 'epoch': 3, 'batch': 98, 'batches': 98, 'time_group': 98, 'time_groups': 98, 'history_edges': 11809, 'pos_edges': 191, 'neg_edges': 764, 'loss_recent': 37.5662176365755, 'elapsed_sec': 56.18394051119685, 'avg_sec_per_batch': 0.573305515420376, 'cuda_allocated_mb': 551, 'cuda_reserved_mb': 7692, 'cuda_max_allocated_mb': 2359}
{'event': 'validation_start', 'epoch': 3}
{'event': 'validation_tgb_ranking_start', 'epoch': 3, 'max_edges': 128}
{'event': 'epoch_end', 'epoch': 3, 'early_stop_metric': 'val_tgb_mrr', 'val_score': 0.06985976273712877, 'val_auc': 0.5782714843750001, 'val_ap': 0.1631692586225193, 'val_ndcg': 0.6974338640519094, 'val_tgb_mrr': 0.06985976273712877, 'val_tgb_hits@10': 0.078125, 'elapsed_sec': 358.9538885727525}
{'event': 'epoch_start', 'epoch': 4, 'epochs': 6, 'batches': 98, 'time_groups': 98}
{'event': 'train_time_group', 'epoch': 4, 'time_group': 1, 'time_groups': 98, 'batch': 0, 'batches': 98, 'time_value': 1900.0, 'group_batches': 1, 'history_edges': 0, 'elapsed_sec': 0.03387938067317009, 'cuda_allocated_mb': 453, 'cuda_reserved_mb': 7692, 'cuda_max_allocated_mb': 2359}
{'event': 'train_progress', 'epoch': 4, 'batch': 1, 'batches': 98, 'time_group': 1, 'time_groups': 98, 'history_edges': 0, 'pos_edges': 61, 'neg_edges': 244, 'loss_recent': 18.922163009643555, 'elapsed_sec': 0.4684089347720146, 'avg_sec_per_batch': 0.4684089347720146, 'cuda_allocated_mb': 486, 'cuda_reserved_mb': 7692, 'cuda_max_allocated_mb': 2359}
{'event': 'train_time_group', 'epoch': 4, 'time_group': 98, 'time_groups': 98, 'batch': 97, 'batches': 98, 'time_value': 1997.0, 'group_batches': 1, 'history_edges': 11809, 'elapsed_sec': 55.56055877357721, 'cuda_allocated_mb': 453, 'cuda_reserved_mb': 7692, 'cuda_max_allocated_mb': 2359}
{'event': 'train_progress', 'epoch': 4, 'batch': 98, 'batches': 98, 'time_group': 98, 'time_groups': 98, 'history_edges': 11809, 'pos_edges': 191, 'neg_edges': 764, 'loss_recent': 34.759117321092255, 'elapsed_sec': 56.23255731165409, 'avg_sec_per_batch': 0.5738016052209601, 'cuda_allocated_mb': 552, 'cuda_reserved_mb': 7692, 'cuda_max_allocated_mb': 2359}
{'event': 'validation_start', 'epoch': 4}
{'event': 'validation_tgb_ranking_start', 'epoch': 4, 'max_edges': 128}
{'event': 'epoch_end', 'epoch': 4, 'early_stop_metric': 'val_tgb_mrr', 'val_score': 0.07901841882141522, 'val_auc': 0.56640625, 'val_ap': 0.18938449249505568, 'val_ndcg': 0.7196753159759918, 'val_tgb_mrr': 0.07901841882141522, 'val_tgb_hits@10': 0.09375, 'elapsed_sec': 362.4238383285701}
{'event': 'epoch_start', 'epoch': 5, 'epochs': 6, 'batches': 98, 'time_groups': 98}
{'event': 'train_time_group', 'epoch': 5, 'time_group': 1, 'time_groups': 98, 'batch': 0, 'batches': 98, 'time_value': 1900.0, 'group_batches': 1, 'history_edges': 0, 'elapsed_sec': 0.034395139664411545, 'cuda_allocated_mb': 454, 'cuda_reserved_mb': 7692, 'cuda_max_allocated_mb': 2359}
{'event': 'train_progress', 'epoch': 5, 'batch': 1, 'batches': 98, 'time_group': 1, 'time_groups': 98, 'history_edges': 0, 'pos_edges': 61, 'neg_edges': 244, 'loss_recent': 18.606840133666992, 'elapsed_sec': 0.4956253655254841, 'avg_sec_per_batch': 0.4956253655254841, 'cuda_allocated_mb': 485, 'cuda_reserved_mb': 7692, 'cuda_max_allocated_mb': 2359}
{'event': 'train_time_group', 'epoch': 5, 'time_group': 98, 'time_groups': 98, 'batch': 97, 'batches': 98, 'time_value': 1997.0, 'group_batches': 1, 'history_edges': 11809, 'elapsed_sec': 56.910871390253305, 'cuda_allocated_mb': 454, 'cuda_reserved_mb': 7692, 'cuda_max_allocated_mb': 2359}
{'event': 'train_progress', 'epoch': 5, 'batch': 98, 'batches': 98, 'time_group': 98, 'time_groups': 98, 'history_edges': 11809, 'pos_edges': 191, 'neg_edges': 764, 'loss_recent': 32.3285262341402, 'elapsed_sec': 57.59176741912961, 'avg_sec_per_batch': 0.5876710961135675, 'cuda_allocated_mb': 551, 'cuda_reserved_mb': 7692, 'cuda_max_allocated_mb': 2359}
{'event': 'validation_start', 'epoch': 5}
{'event': 'validation_tgb_ranking_start', 'epoch': 5, 'max_edges': 128}
{'event': 'epoch_end', 'epoch': 5, 'early_stop_metric': 'val_tgb_mrr', 'val_score': 0.07335672592146537, 'val_auc': 0.5669921875, 'val_ap': 0.18325821183002716, 'val_ndcg': 0.714854220734745, 'val_tgb_mrr': 0.07335672592146537, 'val_tgb_hits@10': 0.078125, 'elapsed_sec': 362.7180917747319}
{'event': 'epoch_start', 'epoch': 6, 'epochs': 6, 'batches': 98, 'time_groups': 98}
{'event': 'train_time_group', 'epoch': 6, 'time_group': 1, 'time_groups': 98, 'batch': 0, 'batches': 98, 'time_value': 1900.0, 'group_batches': 1, 'history_edges': 0, 'elapsed_sec': 0.032312046736478806, 'cuda_allocated_mb': 453, 'cuda_reserved_mb': 7692, 'cuda_max_allocated_mb': 2359}
{'event': 'train_progress', 'epoch': 6, 'batch': 1, 'batches': 98, 'time_group': 1, 'time_groups': 98, 'history_edges': 0, 'pos_edges': 61, 'neg_edges': 244, 'loss_recent': 18.07866668701172, 'elapsed_sec': 0.5201815254986286, 'avg_sec_per_batch': 0.5201815254986286, 'cuda_allocated_mb': 483, 'cuda_reserved_mb': 7692, 'cuda_max_allocated_mb': 2359}
{'event': 'train_time_group', 'epoch': 6, 'time_group': 98, 'time_groups': 98, 'batch': 97, 'batches': 98, 'time_value': 1997.0, 'group_batches': 1, 'history_edges': 11809, 'elapsed_sec': 56.11296035721898, 'cuda_allocated_mb': 453, 'cuda_reserved_mb': 7692, 'cuda_max_allocated_mb': 2359}
{'event': 'train_progress', 'epoch': 6, 'batch': 98, 'batches': 98, 'time_group': 98, 'time_groups': 98, 'history_edges': 11809, 'pos_edges': 191, 'neg_edges': 764, 'loss_recent': 30.37332890958202, 'elapsed_sec': 56.769967168569565, 'avg_sec_per_batch': 0.579285379271118, 'cuda_allocated_mb': 551, 'cuda_reserved_mb': 7692, 'cuda_max_allocated_mb': 2359}
{'event': 'validation_start', 'epoch': 6}
{'event': 'validation_tgb_ranking_start', 'epoch': 6, 'max_edges': 128}
{'event': 'epoch_end', 'epoch': 6, 'early_stop_metric': 'val_tgb_mrr', 'val_score': 0.06482813072121768, 'val_auc': 0.575018310546875, 'val_ap': 0.1716887798442542, 'val_ndcg': 0.7051559850489462, 'val_tgb_mrr': 0.06482813072121768, 'val_tgb_hits@10': 0.078125, 'elapsed_sec': 359.6860057376325}
{'candidate': 'prior_old_hist_linear_frozen_scale1_cr002', 'seed': 1, 'val_tgb_mrr': 0.07901841882141522, 'val_auc': 0.56640625, 'val_ap': 0.18938449249505568, 'val_ndcg': 0.7196753159759918, 'val_tgb_hits@10': 0.09375, 'train_loss': 34.759117321092255, 'train_lp': 0.48391430840200306, 'train_align': 3246.8945474430006, 'train_kl': 18017.356515066964, 'train_ood_reg': 0.22883892956436896, 'train_meta': 0.858702149318189, 'train_struct_aux': 0.0, 'train_weighted_align': 32.46894465660562, 'train_weighted_kl': 1.8017356042959252, 'train_weighted_ood_reg': 0.00022883894030665218, 'train_weighted_meta': 0.004293510651130381, 'train_weighted_struct_aux': 0.0, 'train_rank': 0.5758899048883088, 'train_weighted_rank': 0.005758898921919112, 'train_candidate_rank': 3.5694641045161655, 'train_weighted_candidate_rank': 0.07138928060172772}
{'event': 'candidate_summary', 'candidate': 'prior_old_hist_linear_frozen_scale1_cr002', 'score': 0.07901841882141522, 'passes_metric_minima': True, 'means': {'val_tgb_mrr': 0.07901841882141522, 'val_tgb_hits@10': 0.09375, 'val_auc': 0.56640625, 'val_ap': 0.18938449249505568, 'val_ndcg': 0.7196753159759918}, 'seeds_completed': 1}
{'event': 'candidate_seed_start', 'candidate': 'prior_old_hist_gate_scale1_relent_cr005', 'seed': 1, 'device': 'cuda', 'node_text_device': 'cuda:0'}
{'event': 'train_seed_start', 'seed': 1, 'train_edges': 12000, 'val_edges': 162066, 'test_edges': 163172, 'num_nodes': 47433, 'num_relations': 566}
{'event': 'train_seed_tensors_ready', 'seed': 1, 'elapsed_sec': 0.022733043879270554, 'cuda_allocated_mb': 148, 'cuda_reserved_mb': 166, 'cuda_max_allocated_mb': 2359}
{'event': 'train_known_facts_ready', 'seed': 1, 'scope': 'train', 'edges': 12000, 'elapsed_sec': 0.02580557018518448}
{'event': 'train_known_facts_ready', 'seed': 1, 'scope': 'train_val', 'edges': 174066, 'elapsed_sec': 0.04170206934213638}
{'event': 'train_sampler_ready', 'seed': 1, 'elapsed_sec': 0.10090108588337898}
{'event': 'val_sampler_ready', 'seed': 1, 'elapsed_sec': 0.15790625661611557}
{'event': 'epoch_start', 'epoch': 1, 'epochs': 6, 'batches': 98, 'time_groups': 98}
{'event': 'train_time_group', 'epoch': 1, 'time_group': 1, 'time_groups': 98, 'batch': 0, 'batches': 98, 'time_value': 1900.0, 'group_batches': 1, 'history_edges': 0, 'elapsed_sec': 0.017735555768013, 'cuda_allocated_mb': 149, 'cuda_reserved_mb': 168, 'cuda_max_allocated_mb': 2359}
{'event': 'train_progress', 'epoch': 1, 'batch': 1, 'batches': 98, 'time_group': 1, 'time_groups': 98, 'history_edges': 0, 'pos_edges': 61, 'neg_edges': 244, 'loss_recent': 20.397653579711914, 'elapsed_sec': 0.6822756864130497, 'avg_sec_per_batch': 0.6822756864130497, 'cuda_allocated_mb': 508, 'cuda_reserved_mb': 1352, 'cuda_max_allocated_mb': 2359}
{'event': 'train_time_group', 'epoch': 1, 'time_group': 98, 'time_groups': 98, 'batch': 97, 'batches': 98, 'time_value': 1997.0, 'group_batches': 1, 'history_edges': 11809, 'elapsed_sec': 75.66401242092252, 'cuda_allocated_mb': 476, 'cuda_reserved_mb': 6048, 'cuda_max_allocated_mb': 2359}
{'event': 'train_progress', 'epoch': 1, 'batch': 98, 'batches': 98, 'time_group': 98, 'time_groups': 98, 'history_edges': 11809, 'pos_edges': 191, 'neg_edges': 764, 'loss_recent': 41.81767615493463, 'elapsed_sec': 76.53993836045265, 'avg_sec_per_batch': 0.7810197791882924, 'cuda_allocated_mb': 574, 'cuda_reserved_mb': 6526, 'cuda_max_allocated_mb': 2374}
{'event': 'validation_start', 'epoch': 1}
{'event': 'validation_tgb_ranking_start', 'epoch': 1, 'max_edges': 128}
{'event': 'epoch_end', 'epoch': 1, 'early_stop_metric': 'val_tgb_mrr', 'val_score': 0.07565109298152914, 'val_auc': 0.568896484375, 'val_ap': 0.14636466421529076, 'val_ndcg': 0.6803513522105962, 'val_tgb_mrr': 0.07565109298152914, 'val_tgb_hits@10': 0.09375, 'elapsed_sec': 376.83711344748735}
{'event': 'epoch_start', 'epoch': 2, 'epochs': 6, 'batches': 98, 'time_groups': 98}
{'event': 'train_time_group', 'epoch': 2, 'time_group': 1, 'time_groups': 98, 'batch': 0, 'batches': 98, 'time_value': 1900.0, 'group_batches': 1, 'history_edges': 0, 'elapsed_sec': 0.2772471718490124, 'cuda_allocated_mb': 475, 'cuda_reserved_mb': 6616, 'cuda_max_allocated_mb': 2374}
{'event': 'train_progress', 'epoch': 2, 'batch': 1, 'batches': 98, 'time_group': 1, 'time_groups': 98, 'history_edges': 0, 'pos_edges': 61, 'neg_edges': 244, 'loss_recent': 19.909719467163086, 'elapsed_sec': 0.9170470759272575, 'avg_sec_per_batch': 0.9170470759272575, 'cuda_allocated_mb': 508, 'cuda_reserved_mb': 6616, 'cuda_max_allocated_mb': 2374}
{'event': 'train_time_group', 'epoch': 2, 'time_group': 98, 'time_groups': 98, 'batch': 97, 'batches': 98, 'time_value': 1997.0, 'group_batches': 1, 'history_edges': 11809, 'elapsed_sec': 76.47833406925201, 'cuda_allocated_mb': 475, 'cuda_reserved_mb': 6616, 'cuda_max_allocated_mb': 2374}
{'event': 'train_progress', 'epoch': 2, 'batch': 98, 'batches': 98, 'time_group': 98, 'time_groups': 98, 'history_edges': 11809, 'pos_edges': 191, 'neg_edges': 764, 'loss_recent': 40.14637380716752, 'elapsed_sec': 77.32884169369936, 'avg_sec_per_batch': 0.7890698132010139, 'cuda_allocated_mb': 570, 'cuda_reserved_mb': 6616, 'cuda_max_allocated_mb': 2374}
{'event': 'validation_start', 'epoch': 2}
{'event': 'validation_tgb_ranking_start', 'epoch': 2, 'max_edges': 128}
{'event': 'epoch_end', 'epoch': 2, 'early_stop_metric': 'val_tgb_mrr', 'val_score': 0.06958191336808423, 'val_auc': 0.5746398925781251, 'val_ap': 0.16865747629001726, 'val_ndcg': 0.7017929520704469, 'val_tgb_mrr': 0.06958191336808423, 'val_tgb_hits@10': 0.0859375, 'elapsed_sec': 377.86467907577753}
{'event': 'epoch_start', 'epoch': 3, 'epochs': 6, 'batches': 98, 'time_groups': 98}
{'event': 'train_time_group', 'epoch': 3, 'time_group': 1, 'time_groups': 98, 'batch': 0, 'batches': 98, 'time_value': 1900.0, 'group_batches': 1, 'history_edges': 0, 'elapsed_sec': 0.032446231693029404, 'cuda_allocated_mb': 476, 'cuda_reserved_mb': 6616, 'cuda_max_allocated_mb': 2374}
{'event': 'train_progress', 'epoch': 3, 'batch': 1, 'batches': 98, 'time_group': 1, 'time_groups': 98, 'history_edges': 0, 'pos_edges': 61, 'neg_edges': 244, 'loss_recent': 18.98355484008789, 'elapsed_sec': 0.6742916293442249, 'avg_sec_per_batch': 0.6742916293442249, 'cuda_allocated_mb': 507, 'cuda_reserved_mb': 6616, 'cuda_max_allocated_mb': 2374}
{'event': 'train_time_group', 'epoch': 3, 'time_group': 98, 'time_groups': 98, 'batch': 97, 'batches': 98, 'time_value': 1997.0, 'group_batches': 1, 'history_edges': 11809, 'elapsed_sec': 77.36074052378535, 'cuda_allocated_mb': 475, 'cuda_reserved_mb': 6616, 'cuda_max_allocated_mb': 2374}
{'event': 'train_progress', 'epoch': 3, 'batch': 98, 'batches': 98, 'time_group': 98, 'time_groups': 98, 'history_edges': 11809, 'pos_edges': 191, 'neg_edges': 764, 'loss_recent': 37.57429883917984, 'elapsed_sec': 78.27673169597983, 'avg_sec_per_batch': 0.7987421601630595, 'cuda_allocated_mb': 569, 'cuda_reserved_mb': 6616, 'cuda_max_allocated_mb': 2374}
{'event': 'validation_start', 'epoch': 3}
{'event': 'validation_tgb_ranking_start', 'epoch': 3, 'max_edges': 128}
{'event': 'epoch_end', 'epoch': 3, 'early_stop_metric': 'val_tgb_mrr', 'val_score': 0.057692022502341, 'val_auc': 0.571783447265625, 'val_ap': 0.16643051932767228, 'val_ndcg': 0.6994645252605108, 'val_tgb_mrr': 0.057692022502341, 'val_tgb_hits@10': 0.0625, 'elapsed_sec': 379.2189105935395}
{'event': 'epoch_start', 'epoch': 4, 'epochs': 6, 'batches': 98, 'time_groups': 98}
{'event': 'train_time_group', 'epoch': 4, 'time_group': 1, 'time_groups': 98, 'batch': 0, 'batches': 98, 'time_value': 1900.0, 'group_batches': 1, 'history_edges': 0, 'elapsed_sec': 0.2551950328052044, 'cuda_allocated_mb': 475, 'cuda_reserved_mb': 6616, 'cuda_max_allocated_mb': 2374}
{'event': 'train_progress', 'epoch': 4, 'batch': 1, 'batches': 98, 'time_group': 1, 'time_groups': 98, 'history_edges': 0, 'pos_edges': 61, 'neg_edges': 244, 'loss_recent': 18.533201217651367, 'elapsed_sec': 0.8961291499435902, 'avg_sec_per_batch': 0.8961291499435902, 'cuda_allocated_mb': 506, 'cuda_reserved_mb': 6616, 'cuda_max_allocated_mb': 2374}
{'event': 'train_time_group', 'epoch': 4, 'time_group': 98, 'time_groups': 98, 'batch': 97, 'batches': 98, 'time_value': 1997.0, 'group_batches': 1, 'history_edges': 11809, 'elapsed_sec': 76.70577374845743, 'cuda_allocated_mb': 476, 'cuda_reserved_mb': 6616, 'cuda_max_allocated_mb': 2374}
{'event': 'train_progress', 'epoch': 4, 'batch': 98, 'batches': 98, 'time_group': 98, 'time_groups': 98, 'history_edges': 11809, 'pos_edges': 191, 'neg_edges': 764, 'loss_recent': 34.828151352551515, 'elapsed_sec': 77.59211722761393, 'avg_sec_per_batch': 0.7917562982409584, 'cuda_allocated_mb': 571, 'cuda_reserved_mb': 6616, 'cuda_max_allocated_mb': 2374}
{'event': 'validation_start', 'epoch': 4}
{'event': 'validation_tgb_ranking_start', 'epoch': 4, 'max_edges': 128}
{'event': 'epoch_end', 'epoch': 4, 'early_stop_metric': 'val_tgb_mrr', 'val_score': 0.056397638614077976, 'val_auc': 0.570404052734375, 'val_ap': 0.163957134607893, 'val_ndcg': 0.697452817508674, 'val_tgb_mrr': 0.056397638614077976, 'val_tgb_hits@10': 0.0546875, 'elapsed_sec': 376.4176881723106}
{'candidate': 'prior_old_hist_gate_scale1_relent_cr005', 'seed': 1, 'val_tgb_mrr': 0.07565109298152914, 'val_auc': 0.568896484375, 'val_ap': 0.14636466421529076, 'val_ndcg': 0.6803513522105962, 'val_tgb_hits@10': 0.09375, 'train_loss': 41.81767615493463, 'train_lp': 0.48824769653836075, 'train_align': 4070.9990882095026, 'train_kl': 6150.519979671556, 'train_ood_reg': 0.22969495170578666, 'train_meta': 0.8313756013403133, 'train_struct_aux': 0.0, 'train_weighted_align': 40.70999003429802, 'train_weighted_kl': 0.6150519793130913, 'train_weighted_ood_reg': 0.00022969496310498488, 'train_weighted_meta': 0.0041568779115736185, 'train_weighted_struct_aux': 0.0, 'train_rank': 0.560495881705868, 'train_weighted_rank': 0.005604958684392729, 'train_candidate_rank': 3.5923428340834014, 'train_weighted_candidate_rank': 0.1796171447756339}
{'event': 'candidate_summary', 'candidate': 'prior_old_hist_gate_scale1_relent_cr005', 'score': 0.07565109298152914, 'passes_metric_minima': True, 'means': {'val_tgb_mrr': 0.07565109298152914, 'val_tgb_hits@10': 0.09375, 'val_auc': 0.568896484375, 'val_ap': 0.14636466421529076, 'val_ndcg': 0.6803513522105962}, 'seeds_completed': 1}
{'event': 'candidate_seed_start', 'candidate': 'scale_best_s15_gate_b1_cr005', 'seed': 1, 'device': 'cuda', 'node_text_device': 'cuda:0'}
{'event': 'train_seed_start', 'seed': 1, 'train_edges': 12000, 'val_edges': 162066, 'test_edges': 163172, 'num_nodes': 47433, 'num_relations': 566}
{'event': 'train_seed_tensors_ready', 'seed': 1, 'elapsed_sec': 0.021295979619026184, 'cuda_allocated_mb': 143, 'cuda_reserved_mb': 146, 'cuda_max_allocated_mb': 2374}
{'event': 'train_known_facts_ready', 'seed': 1, 'scope': 'train', 'edges': 12000, 'elapsed_sec': 0.024624168872833252}
{'event': 'train_known_facts_ready', 'seed': 1, 'scope': 'train_val', 'edges': 174066, 'elapsed_sec': 0.04751545190811157}
{'event': 'train_sampler_ready', 'seed': 1, 'elapsed_sec': 0.10606859624385834}
{'event': 'val_sampler_ready', 'seed': 1, 'elapsed_sec': 0.16401534527540207}
{'event': 'epoch_start', 'epoch': 1, 'epochs': 6, 'batches': 98, 'time_groups': 98}
{'event': 'train_time_group', 'epoch': 1, 'time_group': 1, 'time_groups': 98, 'batch': 0, 'batches': 98, 'time_value': 1900.0, 'group_batches': 1, 'history_edges': 0, 'elapsed_sec': 0.017753437161445618, 'cuda_allocated_mb': 143, 'cuda_reserved_mb': 148, 'cuda_max_allocated_mb': 2374}
{'event': 'train_progress', 'epoch': 1, 'batch': 1, 'batches': 98, 'time_group': 1, 'time_groups': 98, 'history_edges': 0, 'pos_edges': 61, 'neg_edges': 244, 'loss_recent': 20.406768798828125, 'elapsed_sec': 0.733809482306242, 'avg_sec_per_batch': 0.733809482306242, 'cuda_allocated_mb': 483, 'cuda_reserved_mb': 1352, 'cuda_max_allocated_mb': 2374}
{'event': 'train_time_group', 'epoch': 1, 'time_group': 98, 'time_groups': 98, 'batch': 97, 'batches': 98, 'time_value': 1997.0, 'group_batches': 1, 'history_edges': 11809, 'elapsed_sec': 81.53869269788265, 'cuda_allocated_mb': 451, 'cuda_reserved_mb': 6024, 'cuda_max_allocated_mb': 2374}
{'event': 'train_progress', 'epoch': 1, 'batch': 98, 'batches': 98, 'time_group': 98, 'time_groups': 98, 'history_edges': 11809, 'pos_edges': 191, 'neg_edges': 764, 'loss_recent': 41.826438378314585, 'elapsed_sec': 82.3837651386857, 'avg_sec_per_batch': 0.8406506646804663, 'cuda_allocated_mb': 549, 'cuda_reserved_mb': 6502, 'cuda_max_allocated_mb': 2374}
{'event': 'validation_start', 'epoch': 1}
{'event': 'validation_tgb_ranking_start', 'epoch': 1, 'max_edges': 128}
{'event': 'epoch_end', 'epoch': 1, 'early_stop_metric': 'val_tgb_mrr', 'val_score': 0.07675841178029578, 'val_auc': 0.5812927246093749, 'val_ap': 0.1471983281228258, 'val_ndcg': 0.6801435605051726, 'val_tgb_mrr': 0.07675841178029578, 'val_tgb_hits@10': 0.1015625, 'elapsed_sec': 389.3920568972826}
{'event': 'epoch_start', 'epoch': 2, 'epochs': 6, 'batches': 98, 'time_groups': 98}
{'event': 'train_time_group', 'epoch': 2, 'time_group': 1, 'time_groups': 98, 'batch': 0, 'batches': 98, 'time_value': 1900.0, 'group_batches': 1, 'history_edges': 0, 'elapsed_sec': 0.26799260824918747, 'cuda_allocated_mb': 451, 'cuda_reserved_mb': 6592, 'cuda_max_allocated_mb': 2374}
{'event': 'train_progress', 'epoch': 2, 'batch': 1, 'batches': 98, 'time_group': 1, 'time_groups': 98, 'history_edges': 0, 'pos_edges': 61, 'neg_edges': 244, 'loss_recent': 19.85279083251953, 'elapsed_sec': 0.9262957870960236, 'avg_sec_per_batch': 0.9262957870960236, 'cuda_allocated_mb': 485, 'cuda_reserved_mb': 6592, 'cuda_max_allocated_mb': 2374}
{'event': 'train_time_group', 'epoch': 2, 'time_group': 98, 'time_groups': 98, 'batch': 97, 'batches': 98, 'time_value': 1997.0, 'group_batches': 1, 'history_edges': 11809, 'elapsed_sec': 77.79628976806998, 'cuda_allocated_mb': 451, 'cuda_reserved_mb': 6592, 'cuda_max_allocated_mb': 2374}
{'event': 'train_progress', 'epoch': 2, 'batch': 98, 'batches': 98, 'time_group': 98, 'time_groups': 98, 'history_edges': 11809, 'pos_edges': 191, 'neg_edges': 764, 'loss_recent': 40.12816514774244, 'elapsed_sec': 78.6503048799932, 'avg_sec_per_batch': 0.8025541314285021, 'cuda_allocated_mb': 544, 'cuda_reserved_mb': 6592, 'cuda_max_allocated_mb': 2374}
{'event': 'validation_start', 'epoch': 2}
{'event': 'validation_tgb_ranking_start', 'epoch': 2, 'max_edges': 128}
{'event': 'epoch_end', 'epoch': 2, 'early_stop_metric': 'val_tgb_mrr', 'val_score': 0.0706212377762654, 'val_auc': 0.574835205078125, 'val_ap': 0.18414686065422692, 'val_ndcg': 0.7158517102847758, 'val_tgb_mrr': 0.0706212377762654, 'val_tgb_hits@10': 0.09375, 'elapsed_sec': 381.2378114312887}
{'event': 'epoch_start', 'epoch': 3, 'epochs': 6, 'batches': 98, 'time_groups': 98}
{'event': 'train_time_group', 'epoch': 3, 'time_group': 1, 'time_groups': 98, 'batch': 0, 'batches': 98, 'time_value': 1900.0, 'group_batches': 1, 'history_edges': 0, 'elapsed_sec': 0.03283407539129257, 'cuda_allocated_mb': 451, 'cuda_reserved_mb': 6592, 'cuda_max_allocated_mb': 2374}
{'event': 'train_progress', 'epoch': 3, 'batch': 1, 'batches': 98, 'time_group': 1, 'time_groups': 98, 'history_edges': 0, 'pos_edges': 61, 'neg_edges': 244, 'loss_recent': 18.95591163635254, 'elapsed_sec': 0.6809794045984745, 'avg_sec_per_batch': 0.6809794045984745, 'cuda_allocated_mb': 483, 'cuda_reserved_mb': 6592, 'cuda_max_allocated_mb': 2374}
{'event': 'train_time_group', 'epoch': 3, 'time_group': 98, 'time_groups': 98, 'batch': 97, 'batches': 98, 'time_value': 1997.0, 'group_batches': 1, 'history_edges': 11809, 'elapsed_sec': 78.11143978312612, 'cuda_allocated_mb': 451, 'cuda_reserved_mb': 6592, 'cuda_max_allocated_mb': 2374}
{'event': 'train_progress', 'epoch': 3, 'batch': 98, 'batches': 98, 'time_group': 98, 'time_groups': 98, 'history_edges': 11809, 'pos_edges': 191, 'neg_edges': 764, 'loss_recent': 37.55457286445462, 'elapsed_sec': 79.20712749660015, 'avg_sec_per_batch': 0.8082359948632668, 'cuda_allocated_mb': 544, 'cuda_reserved_mb': 6592, 'cuda_max_allocated_mb': 2374}
{'event': 'validation_start', 'epoch': 3}
{'event': 'validation_tgb_ranking_start', 'epoch': 3, 'max_edges': 128}
{'event': 'epoch_end', 'epoch': 3, 'early_stop_metric': 'val_tgb_mrr', 'val_score': 0.06189928534951787, 'val_auc': 0.56998291015625, 'val_ap': 0.1883564601643828, 'val_ndcg': 0.7183345721469204, 'val_tgb_mrr': 0.06189928534951787, 'val_tgb_hits@10': 0.0703125, 'elapsed_sec': 383.4391054958105}
{'event': 'epoch_start', 'epoch': 4, 'epochs': 6, 'batches': 98, 'time_groups': 98}
{'event': 'train_time_group', 'epoch': 4, 'time_group': 1, 'time_groups': 98, 'batch': 0, 'batches': 98, 'time_value': 1900.0, 'group_batches': 1, 'history_edges': 0, 'elapsed_sec': 0.2677279822528362, 'cuda_allocated_mb': 451, 'cuda_reserved_mb': 6592, 'cuda_max_allocated_mb': 2374}
{'event': 'train_progress', 'epoch': 4, 'batch': 1, 'batches': 98, 'time_group': 1, 'time_groups': 98, 'history_edges': 0, 'pos_edges': 61, 'neg_edges': 244, 'loss_recent': 18.47400665283203, 'elapsed_sec': 0.9137618020176888, 'avg_sec_per_batch': 0.9137618020176888, 'cuda_allocated_mb': 483, 'cuda_reserved_mb': 6592, 'cuda_max_allocated_mb': 2374}
{'event': 'train_time_group', 'epoch': 4, 'time_group': 98, 'time_groups': 98, 'batch': 97, 'batches': 98, 'time_value': 1997.0, 'group_batches': 1, 'history_edges': 11809, 'elapsed_sec': 77.69848050549626, 'cuda_allocated_mb': 451, 'cuda_reserved_mb': 6592, 'cuda_max_allocated_mb': 2374}
{'event': 'train_progress', 'epoch': 4, 'batch': 98, 'batches': 98, 'time_group': 98, 'time_groups': 98, 'history_edges': 11809, 'pos_edges': 191, 'neg_edges': 764, 'loss_recent': 34.8020925716478, 'elapsed_sec': 78.5924036540091, 'avg_sec_per_batch': 0.8019633025919296, 'cuda_allocated_mb': 546, 'cuda_reserved_mb': 6592, 'cuda_max_allocated_mb': 2374}
{'event': 'validation_start', 'epoch': 4}
{'event': 'validation_tgb_ranking_start', 'epoch': 4, 'max_edges': 128}
{'event': 'epoch_end', 'epoch': 4, 'early_stop_metric': 'val_tgb_mrr', 'val_score': 0.05697586083032515, 'val_auc': 0.564154052734375, 'val_ap': 0.18690512110202587, 'val_ndcg': 0.7164319065061356, 'val_tgb_mrr': 0.05697586083032515, 'val_tgb_hits@10': 0.0546875, 'elapsed_sec': 381.1550213173032}
{'candidate': 'scale_best_s15_gate_b1_cr005', 'seed': 1, 'val_tgb_mrr': 0.07675841178029578, 'val_auc': 0.5812927246093749, 'val_ap': 0.1471983281228258, 'val_ndcg': 0.6801435605051726, 'val_tgb_hits@10': 0.1015625, 'train_loss': 41.826438378314585, 'train_lp': 0.4976081851185585, 'train_align': 4070.9360687878666, 'train_kl': 6150.45875518176, 'train_ood_reg': 0.2286072450937057, 'train_meta': 0.8390958114546172, 'train_struct_aux': 0.0, 'train_weighted_align': 40.70935963611213, 'train_weighted_kl': 0.6150458610179473, 'train_weighted_ood_reg': 0.0002286072570369674, 'train_weighted_meta': 0.004195478965756388, 'train_weighted_struct_aux': 0.0, 'train_rank': 0.5692302618099718, 'train_weighted_rank': 0.005692302472699358, 'train_candidate_rank': 3.6033893434368833, 'train_weighted_candidate_rank': 0.1801694701520764}
{'event': 'candidate_summary', 'candidate': 'scale_best_s15_gate_b1_cr005', 'score': 0.07675841178029578, 'passes_metric_minima': True, 'means': {'val_tgb_mrr': 0.07675841178029578, 'val_tgb_hits@10': 0.1015625, 'val_auc': 0.5812927246093749, 'val_ap': 0.1471983281228258, 'val_ndcg': 0.6801435605051726}, 'seeds_completed': 1}
{'event': 'candidate_seed_start', 'candidate': 'scale_s1_gate_b1_cr005', 'seed': 1, 'device': 'cuda', 'node_text_device': 'cuda:0'}
{'event': 'train_seed_start', 'seed': 1, 'train_edges': 12000, 'val_edges': 162066, 'test_edges': 163172, 'num_nodes': 47433, 'num_relations': 566}
{'event': 'train_seed_tensors_ready', 'seed': 1, 'elapsed_sec': 0.017305511981248856, 'cuda_allocated_mb': 143, 'cuda_reserved_mb': 146, 'cuda_max_allocated_mb': 2374}
{'event': 'train_known_facts_ready', 'seed': 1, 'scope': 'train', 'edges': 12000, 'elapsed_sec': 0.019965697079896927}
{'event': 'train_known_facts_ready', 'seed': 1, 'scope': 'train_val', 'edges': 174066, 'elapsed_sec': 0.03829599544405937}
{'event': 'train_sampler_ready', 'seed': 1, 'elapsed_sec': 0.0976848267018795}
{'event': 'val_sampler_ready', 'seed': 1, 'elapsed_sec': 0.15584711357951164}
{'event': 'epoch_start', 'epoch': 1, 'epochs': 6, 'batches': 98, 'time_groups': 98}
{'event': 'train_time_group', 'epoch': 1, 'time_group': 1, 'time_groups': 98, 'batch': 0, 'batches': 98, 'time_value': 1900.0, 'group_batches': 1, 'history_edges': 0, 'elapsed_sec': 0.01761867105960846, 'cuda_allocated_mb': 143, 'cuda_reserved_mb': 148, 'cuda_max_allocated_mb': 2374}
{'event': 'train_progress', 'epoch': 1, 'batch': 1, 'batches': 98, 'time_group': 1, 'time_groups': 98, 'history_edges': 0, 'pos_edges': 61, 'neg_edges': 244, 'loss_recent': 20.406768798828125, 'elapsed_sec': 0.6909555494785309, 'avg_sec_per_batch': 0.6909555494785309, 'cuda_allocated_mb': 483, 'cuda_reserved_mb': 1352, 'cuda_max_allocated_mb': 2374}
{'event': 'train_time_group', 'epoch': 1, 'time_group': 98, 'time_groups': 98, 'batch': 97, 'batches': 98, 'time_value': 1997.0, 'group_batches': 1, 'history_edges': 11809, 'elapsed_sec': 76.69991528987885, 'cuda_allocated_mb': 451, 'cuda_reserved_mb': 6024, 'cuda_max_allocated_mb': 2374}
{'event': 'train_progress', 'epoch': 1, 'batch': 98, 'batches': 98, 'time_group': 98, 'time_groups': 98, 'history_edges': 11809, 'pos_edges': 191, 'neg_edges': 764, 'loss_recent': 41.81443426560382, 'elapsed_sec': 77.60240799188614, 'avg_sec_per_batch': 0.7918613060396544, 'cuda_allocated_mb': 549, 'cuda_reserved_mb': 6502, 'cuda_max_allocated_mb': 2374}
{'event': 'validation_start', 'epoch': 1}
{'event': 'validation_tgb_ranking_start', 'epoch': 1, 'max_edges': 128}
{'event': 'epoch_end', 'epoch': 1, 'early_stop_metric': 'val_tgb_mrr', 'val_score': 0.07611732713112164, 'val_auc': 0.575469970703125, 'val_ap': 0.1484075951607609, 'val_ndcg': 0.6820247785650345, 'val_tgb_mrr': 0.07611732713112164, 'val_tgb_hits@10': 0.1015625, 'elapsed_sec': 380.94701059535146}
{'event': 'epoch_start', 'epoch': 2, 'epochs': 6, 'batches': 98, 'time_groups': 98}
{'event': 'train_time_group', 'epoch': 2, 'time_group': 1, 'time_groups': 98, 'batch': 0, 'batches': 98, 'time_value': 1900.0, 'group_batches': 1, 'history_edges': 0, 'elapsed_sec': 0.27268053963780403, 'cuda_allocated_mb': 451, 'cuda_reserved_mb': 6592, 'cuda_max_allocated_mb': 2374}
{'event': 'train_progress', 'epoch': 2, 'batch': 1, 'batches': 98, 'time_group': 1, 'time_groups': 98, 'history_edges': 0, 'pos_edges': 61, 'neg_edges': 244, 'loss_recent': 19.883085250854492, 'elapsed_sec': 0.9264836944639683, 'avg_sec_per_batch': 0.9264836944639683, 'cuda_allocated_mb': 485, 'cuda_reserved_mb': 6592, 'cuda_max_allocated_mb': 2374}
{'event': 'train_time_group', 'epoch': 2, 'time_group': 98, 'time_groups': 98, 'batch': 97, 'batches': 98, 'time_value': 1997.0, 'group_batches': 1, 'history_edges': 11809, 'elapsed_sec': 78.1875201575458, 'cuda_allocated_mb': 451, 'cuda_reserved_mb': 6592, 'cuda_max_allocated_mb': 2374}
{'event': 'train_progress', 'epoch': 2, 'batch': 98, 'batches': 98, 'time_group': 98, 'time_groups': 98, 'history_edges': 11809, 'pos_edges': 191, 'neg_edges': 764, 'loss_recent': 40.13529429143789, 'elapsed_sec': 79.05095748603344, 'avg_sec_per_batch': 0.8066424233268719, 'cuda_allocated_mb': 544, 'cuda_reserved_mb': 6592, 'cuda_max_allocated_mb': 2374}
{'event': 'validation_start', 'epoch': 2}
{'event': 'validation_tgb_ranking_start', 'epoch': 2, 'max_edges': 128}
{'event': 'epoch_end', 'epoch': 2, 'early_stop_metric': 'val_tgb_mrr', 'val_score': 0.07120216364589997, 'val_auc': 0.574993896484375, 'val_ap': 0.18853339741975572, 'val_ndcg': 0.7193220579418519, 'val_tgb_mrr': 0.07120216364589997, 'val_tgb_hits@10': 0.0859375, 'elapsed_sec': 383.0968441851437}
{'event': 'epoch_start', 'epoch': 3, 'epochs': 6, 'batches': 98, 'time_groups': 98}
{'event': 'train_time_group', 'epoch': 3, 'time_group': 1, 'time_groups': 98, 'batch': 0, 'batches': 98, 'time_value': 1900.0, 'group_batches': 1, 'history_edges': 0, 'elapsed_sec': 0.031894683837890625, 'cuda_allocated_mb': 451, 'cuda_reserved_mb': 6592, 'cuda_max_allocated_mb': 2374}
{'event': 'train_progress', 'epoch': 3, 'batch': 1, 'batches': 98, 'time_group': 1, 'time_groups': 98, 'history_edges': 0, 'pos_edges': 61, 'neg_edges': 244, 'loss_recent': 18.942399978637695, 'elapsed_sec': 0.676908116787672, 'avg_sec_per_batch': 0.676908116787672, 'cuda_allocated_mb': 483, 'cuda_reserved_mb': 6592, 'cuda_max_allocated_mb': 2374}
{'event': 'train_time_group', 'epoch': 3, 'time_group': 98, 'time_groups': 98, 'batch': 97, 'batches': 98, 'time_value': 1997.0, 'group_batches': 1, 'history_edges': 11809, 'elapsed_sec': 77.54824016615748, 'cuda_allocated_mb': 451, 'cuda_reserved_mb': 6592, 'cuda_max_allocated_mb': 2374}
{'event': 'train_progress', 'epoch': 3, 'batch': 98, 'batches': 98, 'time_group': 98, 'time_groups': 98, 'history_edges': 11809, 'pos_edges': 191, 'neg_edges': 764, 'loss_recent': 37.56838455978705, 'elapsed_sec': 78.64766688644886, 'avg_sec_per_batch': 0.8025272131270292, 'cuda_allocated_mb': 544, 'cuda_reserved_mb': 6592, 'cuda_max_allocated_mb': 2374}
{'event': 'validation_start', 'epoch': 3}
{'event': 'validation_tgb_ranking_start', 'epoch': 3, 'max_edges': 128}
{'event': 'epoch_end', 'epoch': 3, 'early_stop_metric': 'val_tgb_mrr', 'val_score': 0.05812033839023736, 'val_auc': 0.567535400390625, 'val_ap': 0.18938501694529364, 'val_ndcg': 0.7189448524048072, 'val_tgb_mrr': 0.05812033839023736, 'val_tgb_hits@10': 0.0625, 'elapsed_sec': 380.5117062292993}
{'event': 'epoch_start', 'epoch': 4, 'epochs': 6, 'batches': 98, 'time_groups': 98}
{'event': 'train_time_group', 'epoch': 4, 'time_group': 1, 'time_groups': 98, 'batch': 0, 'batches': 98, 'time_value': 1900.0, 'group_batches': 1, 'history_edges': 0, 'elapsed_sec': 0.2671615071594715, 'cuda_allocated_mb': 451, 'cuda_reserved_mb': 6592, 'cuda_max_allocated_mb': 2374}
{'event': 'train_progress', 'epoch': 4, 'batch': 1, 'batches': 98, 'time_group': 1, 'time_groups': 98, 'history_edges': 0, 'pos_edges': 61, 'neg_edges': 244, 'loss_recent': 18.463544845581055, 'elapsed_sec': 0.9206729009747505, 'avg_sec_per_batch': 0.9206729009747505, 'cuda_allocated_mb': 483, 'cuda_reserved_mb': 6592, 'cuda_max_allocated_mb': 2374}
{'event': 'train_time_group', 'epoch': 4, 'time_group': 98, 'time_groups': 98, 'batch': 97, 'batches': 98, 'time_value': 1997.0, 'group_batches': 1, 'history_edges': 11809, 'elapsed_sec': 76.14550303295255, 'cuda_allocated_mb': 451, 'cuda_reserved_mb': 6592, 'cuda_max_allocated_mb': 2374}
{'event': 'train_progress', 'epoch': 4, 'batch': 98, 'batches': 98, 'time_group': 98, 'time_groups': 98, 'history_edges': 11809, 'pos_edges': 191, 'neg_edges': 764, 'loss_recent': 34.81785737251749, 'elapsed_sec': 77.01370837911963, 'avg_sec_per_batch': 0.7858541671338738, 'cuda_allocated_mb': 546, 'cuda_reserved_mb': 6592, 'cuda_max_allocated_mb': 2374}
{'event': 'validation_start', 'epoch': 4}
{'event': 'validation_tgb_ranking_start', 'epoch': 4, 'max_edges': 128}
{'event': 'epoch_end', 'epoch': 4, 'early_stop_metric': 'val_tgb_mrr', 'val_score': 0.05682114129163503, 'val_auc': 0.5669189453125, 'val_ap': 0.18576717469212248, 'val_ndcg': 0.7160117172913758, 'val_tgb_mrr': 0.05682114129163503, 'val_tgb_hits@10': 0.0625, 'elapsed_sec': 380.52089044451714}
{'candidate': 'scale_s1_gate_b1_cr005', 'seed': 1, 'val_tgb_mrr': 0.07611732713112164, 'val_auc': 0.575469970703125, 'val_ap': 0.1484075951607609, 'val_ndcg': 0.6820247785650345, 'val_tgb_hits@10': 0.1015625, 'train_loss': 41.81443426560382, 'train_lp': 0.48564736666728037, 'train_align': 4070.9506674007494, 'train_kl': 6148.899491290656, 'train_ood_reg': 0.23034670432003176, 'train_meta': 0.8322288156772146, 'train_struct_aux': 0.0, 'train_weighted_align': 40.709505703984476, 'train_weighted_kl': 0.6148899328343722, 'train_weighted_ood_reg': 0.0002303467153236555, 'train_weighted_meta': 0.004161143986679309, 'train_weighted_struct_aux': 0.0, 'train_rank': 0.5597457146766235, 'train_weighted_rank': 0.005597457033106867, 'train_candidate_rank': 3.590470197249432, 'train_weighted_candidate_rank': 0.17952351348132503}
{'event': 'candidate_summary', 'candidate': 'scale_s1_gate_b1_cr005', 'score': 0.07611732713112164, 'passes_metric_minima': True, 'means': {'val_tgb_mrr': 0.07611732713112164, 'val_tgb_hits@10': 0.1015625, 'val_auc': 0.575469970703125, 'val_ap': 0.1484075951607609, 'val_ndcg': 0.6820247785650345}, 'seeds_completed': 1}
{'event': 'candidate_seed_start', 'candidate': 'scale_s15_sf02_cr002', 'seed': 1, 'device': 'cuda', 'node_text_device': 'cuda:0'}
{'event': 'train_seed_start', 'seed': 1, 'train_edges': 12000, 'val_edges': 162066, 'test_edges': 163172, 'num_nodes': 47433, 'num_relations': 566}
{'event': 'train_seed_tensors_ready', 'seed': 1, 'elapsed_sec': 0.015778426080942154, 'cuda_allocated_mb': 143, 'cuda_reserved_mb': 146, 'cuda_max_allocated_mb': 2374}
{'event': 'train_known_facts_ready', 'seed': 1, 'scope': 'train', 'edges': 12000, 'elapsed_sec': 0.019130080938339233}
{'event': 'train_known_facts_ready', 'seed': 1, 'scope': 'train_val', 'edges': 174066, 'elapsed_sec': 0.04348656162619591}
{'event': 'train_sampler_ready', 'seed': 1, 'elapsed_sec': 0.10347099974751472}
{'event': 'val_sampler_ready', 'seed': 1, 'elapsed_sec': 0.16555822640657425}
{'event': 'epoch_start', 'epoch': 1, 'epochs': 6, 'batches': 98, 'time_groups': 98}
{'event': 'train_time_group', 'epoch': 1, 'time_group': 1, 'time_groups': 98, 'batch': 0, 'batches': 98, 'time_value': 1900.0, 'group_batches': 1, 'history_edges': 0, 'elapsed_sec': 0.023581288754940033, 'cuda_allocated_mb': 143, 'cuda_reserved_mb': 148, 'cuda_max_allocated_mb': 2374}
{'event': 'train_progress', 'epoch': 1, 'batch': 1, 'batches': 98, 'time_group': 1, 'time_groups': 98, 'history_edges': 0, 'pos_edges': 61, 'neg_edges': 244, 'loss_recent': 20.406557083129883, 'elapsed_sec': 0.5498946830630302, 'avg_sec_per_batch': 0.5498946830630302, 'cuda_allocated_mb': 484, 'cuda_reserved_mb': 1238, 'cuda_max_allocated_mb': 2374}
{'event': 'train_time_group', 'epoch': 1, 'time_group': 98, 'time_groups': 98, 'batch': 97, 'batches': 98, 'time_value': 1997.0, 'group_batches': 1, 'history_edges': 11809, 'elapsed_sec': 57.84074776992202, 'cuda_allocated_mb': 454, 'cuda_reserved_mb': 7594, 'cuda_max_allocated_mb': 2374}
{'event': 'train_progress', 'epoch': 1, 'batch': 98, 'batches': 98, 'time_group': 98, 'time_groups': 98, 'history_edges': 11809, 'pos_edges': 191, 'neg_edges': 764, 'loss_recent': 41.834196674580475, 'elapsed_sec': 58.54043336957693, 'avg_sec_per_batch': 0.5973513609140503, 'cuda_allocated_mb': 555, 'cuda_reserved_mb': 7600, 'cuda_max_allocated_mb': 2374}
{'event': 'validation_start', 'epoch': 1}
{'event': 'validation_tgb_ranking_start', 'epoch': 1, 'max_edges': 128}
{'event': 'epoch_end', 'epoch': 1, 'early_stop_metric': 'val_tgb_mrr', 'val_score': 0.07647928099306889, 'val_auc': 0.5748291015625, 'val_ap': 0.15867455075380768, 'val_ndcg': 0.6928880586079438, 'val_tgb_mrr': 0.07647928099306889, 'val_tgb_hits@10': 0.109375, 'elapsed_sec': 374.05465089157224}
{'event': 'epoch_start', 'epoch': 2, 'epochs': 6, 'batches': 98, 'time_groups': 98}
{'event': 'train_time_group', 'epoch': 2, 'time_group': 1, 'time_groups': 98, 'batch': 0, 'batches': 98, 'time_value': 1900.0, 'group_batches': 1, 'history_edges': 0, 'elapsed_sec': 0.04216055944561958, 'cuda_allocated_mb': 455, 'cuda_reserved_mb': 7692, 'cuda_max_allocated_mb': 2374}
{'event': 'train_progress', 'epoch': 2, 'batch': 1, 'batches': 98, 'time_group': 1, 'time_groups': 98, 'history_edges': 0, 'pos_edges': 61, 'neg_edges': 244, 'loss_recent': 18.57321548461914, 'elapsed_sec': 0.5482052564620972, 'avg_sec_per_batch': 0.5482052564620972, 'cuda_allocated_mb': 485, 'cuda_reserved_mb': 7692, 'cuda_max_allocated_mb': 2374}
{'event': 'train_time_group', 'epoch': 2, 'time_group': 98, 'time_groups': 98, 'batch': 97, 'batches': 98, 'time_value': 1997.0, 'group_batches': 1, 'history_edges': 11809, 'elapsed_sec': 59.552121642977, 'cuda_allocated_mb': 455, 'cuda_reserved_mb': 7692, 'cuda_max_allocated_mb': 2374}
{'event': 'train_progress', 'epoch': 2, 'batch': 98, 'batches': 98, 'time_group': 98, 'time_groups': 98, 'history_edges': 11809, 'pos_edges': 191, 'neg_edges': 764, 'loss_recent': 40.10091067333611, 'elapsed_sec': 60.31492866575718, 'avg_sec_per_batch': 0.6154584557730325, 'cuda_allocated_mb': 552, 'cuda_reserved_mb': 7692, 'cuda_max_allocated_mb': 2374}
{'event': 'validation_start', 'epoch': 2}
{'event': 'validation_tgb_ranking_start', 'epoch': 2, 'max_edges': 128}
{'event': 'epoch_end', 'epoch': 2, 'early_stop_metric': 'val_tgb_mrr', 'val_score': 0.0662185385441808, 'val_auc': 0.5684753417968751, 'val_ap': 0.16353260036534517, 'val_ndcg': 0.6969248646308168, 'val_tgb_mrr': 0.0662185385441808, 'val_tgb_hits@10': 0.09375, 'elapsed_sec': 384.0706135928631}
{'event': 'epoch_start', 'epoch': 3, 'epochs': 6, 'batches': 98, 'time_groups': 98}
{'event': 'train_time_group', 'epoch': 3, 'time_group': 1, 'time_groups': 98, 'batch': 0, 'batches': 98, 'time_value': 1900.0, 'group_batches': 1, 'history_edges': 0, 'elapsed_sec': 0.03240754082798958, 'cuda_allocated_mb': 454, 'cuda_reserved_mb': 7692, 'cuda_max_allocated_mb': 2374}
{'event': 'train_progress', 'epoch': 3, 'batch': 1, 'batches': 98, 'time_group': 1, 'time_groups': 98, 'history_edges': 0, 'pos_edges': 61, 'neg_edges': 244, 'loss_recent': 18.82525634765625, 'elapsed_sec': 0.5389049053192139, 'avg_sec_per_batch': 0.5389049053192139, 'cuda_allocated_mb': 486, 'cuda_reserved_mb': 7692, 'cuda_max_allocated_mb': 2374}
{'event': 'train_time_group', 'epoch': 3, 'time_group': 98, 'time_groups': 98, 'batch': 97, 'batches': 98, 'time_value': 1997.0, 'group_batches': 1, 'history_edges': 11809, 'elapsed_sec': 59.875650465488434, 'cuda_allocated_mb': 454, 'cuda_reserved_mb': 7692, 'cuda_max_allocated_mb': 2374}
{'event': 'train_progress', 'epoch': 3, 'batch': 98, 'batches': 98, 'time_group': 98, 'time_groups': 98, 'history_edges': 11809, 'pos_edges': 191, 'neg_edges': 764, 'loss_recent': 37.586945884081786, 'elapsed_sec': 60.69401707500219, 'avg_sec_per_batch': 0.6193267048469612, 'cuda_allocated_mb': 553, 'cuda_reserved_mb': 7692, 'cuda_max_allocated_mb': 2374}
{'event': 'validation_start', 'epoch': 3}
{'event': 'validation_tgb_ranking_start', 'epoch': 3, 'max_edges': 128}
{'event': 'epoch_end', 'epoch': 3, 'early_stop_metric': 'val_tgb_mrr', 'val_score': 0.06715946325999939, 'val_auc': 0.565386962890625, 'val_ap': 0.16991019819141764, 'val_ndcg': 0.7038552769011662, 'val_tgb_mrr': 0.06715946325999939, 'val_tgb_hits@10': 0.0859375, 'elapsed_sec': 394.4299880154431}
{'event': 'epoch_start', 'epoch': 4, 'epochs': 6, 'batches': 98, 'time_groups': 98}
{'event': 'train_time_group', 'epoch': 4, 'time_group': 1, 'time_groups': 98, 'batch': 0, 'batches': 98, 'time_value': 1900.0, 'group_batches': 1, 'history_edges': 0, 'elapsed_sec': 0.04164496064186096, 'cuda_allocated_mb': 454, 'cuda_reserved_mb': 7692, 'cuda_max_allocated_mb': 2374}
{'event': 'train_progress', 'epoch': 4, 'batch': 1, 'batches': 98, 'time_group': 1, 'time_groups': 98, 'history_edges': 0, 'pos_edges': 61, 'neg_edges': 244, 'loss_recent': 18.866308212280273, 'elapsed_sec': 0.4862891919910908, 'avg_sec_per_batch': 0.4862891919910908, 'cuda_allocated_mb': 486, 'cuda_reserved_mb': 7692, 'cuda_max_allocated_mb': 2374}
{'event': 'train_time_group', 'epoch': 4, 'time_group': 98, 'time_groups': 98, 'batch': 97, 'batches': 98, 'time_value': 1997.0, 'group_batches': 1, 'history_edges': 11809, 'elapsed_sec': 62.167829513549805, 'cuda_allocated_mb': 453, 'cuda_reserved_mb': 7692, 'cuda_max_allocated_mb': 2374}
{'event': 'train_progress', 'epoch': 4, 'batch': 98, 'batches': 98, 'time_group': 98, 'time_groups': 98, 'history_edges': 11809, 'pos_edges': 191, 'neg_edges': 764, 'loss_recent': 34.77839384273607, 'elapsed_sec': 62.88308109343052, 'avg_sec_per_batch': 0.6416640927901074, 'cuda_allocated_mb': 550, 'cuda_reserved_mb': 7692, 'cuda_max_allocated_mb': 2374}
{'event': 'validation_start', 'epoch': 4}
{'event': 'validation_tgb_ranking_start', 'epoch': 4, 'max_edges': 128}
{'event': 'epoch_end', 'epoch': 4, 'early_stop_metric': 'val_tgb_mrr', 'val_score': 0.082837219867252, 'val_auc': 0.5734008789062499, 'val_ap': 0.18456630434742927, 'val_ndcg': 0.7157235972684094, 'val_tgb_mrr': 0.082837219867252, 'val_tgb_hits@10': 0.09375, 'elapsed_sec': 398.1799847558141}
{'event': 'epoch_start', 'epoch': 5, 'epochs': 6, 'batches': 98, 'time_groups': 98}
{'event': 'train_time_group', 'epoch': 5, 'time_group': 1, 'time_groups': 98, 'batch': 0, 'batches': 98, 'time_value': 1900.0, 'group_batches': 1, 'history_edges': 0, 'elapsed_sec': 0.05426359921693802, 'cuda_allocated_mb': 453, 'cuda_reserved_mb': 7692, 'cuda_max_allocated_mb': 2374}
{'event': 'train_progress', 'epoch': 5, 'batch': 1, 'batches': 98, 'time_group': 1, 'time_groups': 98, 'history_edges': 0, 'pos_edges': 61, 'neg_edges': 244, 'loss_recent': 18.5400333404541, 'elapsed_sec': 0.5330648720264435, 'avg_sec_per_batch': 0.5330648720264435, 'cuda_allocated_mb': 485, 'cuda_reserved_mb': 7692, 'cuda_max_allocated_mb': 2374}
{'event': 'train_time_group', 'epoch': 5, 'time_group': 98, 'time_groups': 98, 'batch': 97, 'batches': 98, 'time_value': 1997.0, 'group_batches': 1, 'history_edges': 11809, 'elapsed_sec': 59.88588081672788, 'cuda_allocated_mb': 453, 'cuda_reserved_mb': 7692, 'cuda_max_allocated_mb': 2374}
{'event': 'train_progress', 'epoch': 5, 'batch': 98, 'batches': 98, 'time_group': 98, 'time_groups': 98, 'history_edges': 11809, 'pos_edges': 191, 'neg_edges': 764, 'loss_recent': 32.343915413837045, 'elapsed_sec': 60.582170791924, 'avg_sec_per_batch': 0.6181854162441225, 'cuda_allocated_mb': 552, 'cuda_reserved_mb': 7692, 'cuda_max_allocated_mb': 2374}
{'event': 'validation_start', 'epoch': 5}
{'event': 'validation_tgb_ranking_start', 'epoch': 5, 'max_edges': 128}
{'event': 'epoch_end', 'epoch': 5, 'early_stop_metric': 'val_tgb_mrr', 'val_score': 0.06329134901323083, 'val_auc': 0.575592041015625, 'val_ap': 0.1829787910693826, 'val_ndcg': 0.7140577385399802, 'val_tgb_mrr': 0.06329134901323083, 'val_tgb_hits@10': 0.0625, 'elapsed_sec': 381.04695975780487}
{'event': 'epoch_start', 'epoch': 6, 'epochs': 6, 'batches': 98, 'time_groups': 98}
{'event': 'train_time_group', 'epoch': 6, 'time_group': 1, 'time_groups': 98, 'batch': 0, 'batches': 98, 'time_value': 1900.0, 'group_batches': 1, 'history_edges': 0, 'elapsed_sec': 0.036980412900447845, 'cuda_allocated_mb': 454, 'cuda_reserved_mb': 7692, 'cuda_max_allocated_mb': 2374}
{'event': 'train_progress', 'epoch': 6, 'batch': 1, 'batches': 98, 'time_group': 1, 'time_groups': 98, 'history_edges': 0, 'pos_edges': 61, 'neg_edges': 244, 'loss_recent': 17.98625946044922, 'elapsed_sec': 0.5529121086001396, 'avg_sec_per_batch': 0.5529121086001396, 'cuda_allocated_mb': 483, 'cuda_reserved_mb': 7692, 'cuda_max_allocated_mb': 2374}
{'event': 'train_time_group', 'epoch': 6, 'time_group': 98, 'time_groups': 98, 'batch': 97, 'batches': 98, 'time_value': 1997.0, 'group_batches': 1, 'history_edges': 11809, 'elapsed_sec': 58.361596927046776, 'cuda_allocated_mb': 454, 'cuda_reserved_mb': 7692, 'cuda_max_allocated_mb': 2374}
{'event': 'train_progress', 'epoch': 6, 'batch': 98, 'batches': 98, 'time_group': 98, 'time_groups': 98, 'history_edges': 11809, 'pos_edges': 191, 'neg_edges': 764, 'loss_recent': 30.382650638113216, 'elapsed_sec': 59.045226976275444, 'avg_sec_per_batch': 0.6025023160844433, 'cuda_allocated_mb': 550, 'cuda_reserved_mb': 7692, 'cuda_max_allocated_mb': 2374}
{'event': 'validation_start', 'epoch': 6}
{'event': 'validation_tgb_ranking_start', 'epoch': 6, 'max_edges': 128}
{'event': 'epoch_end', 'epoch': 6, 'early_stop_metric': 'val_tgb_mrr', 'val_score': 0.05522770628286361, 'val_auc': 0.573089599609375, 'val_ap': 0.1779865893285057, 'val_ndcg': 0.7103528058927239, 'val_tgb_mrr': 0.05522770628286361, 'val_tgb_hits@10': 0.0546875, 'elapsed_sec': 369.16575010865927}
{'candidate': 'scale_s15_sf02_cr002', 'seed': 1, 'val_tgb_mrr': 0.082837219867252, 'val_auc': 0.5734008789062499, 'val_ap': 0.18456630434742927, 'val_ndcg': 0.7157235972684094, 'val_tgb_hits@10': 0.09375, 'train_loss': 34.77839384273607, 'train_lp': 0.5084182334189512, 'train_align': 3245.9896526725925, 'train_kl': 18053.169946787308, 'train_ood_reg': 0.22356767678747372, 'train_meta': 0.9078518018430594, 'train_struct_aux': 0.0, 'train_weighted_align': 32.459895824899476, 'train_weighted_kl': 1.805316948769044, 'train_weighted_ood_reg': 0.00022356768720189338, 'train_weighted_meta': 0.004539258906389682, 'train_weighted_struct_aux': 0.0, 'train_rank': 0.6275226321755624, 'train_weighted_rank': 0.0062752261719837485, 'train_candidate_rank': 3.7526121066541087, 'train_weighted_candidate_rank': 0.07505224052132392}
{'event': 'candidate_summary', 'candidate': 'scale_s15_sf02_cr002', 'score': 0.082837219867252, 'passes_metric_minima': True, 'means': {'val_tgb_mrr': 0.082837219867252, 'val_tgb_hits@10': 0.09375, 'val_auc': 0.5734008789062499, 'val_ap': 0.18456630434742927, 'val_ndcg': 0.7157235972684094}, 'seeds_completed': 1}
{'event': 'candidate_seed_start', 'candidate': 'scale_s15_relent_cr005', 'seed': 1, 'device': 'cuda', 'node_text_device': 'cuda:0'}
{'event': 'train_seed_start', 'seed': 1, 'train_edges': 12000, 'val_edges': 162066, 'test_edges': 163172, 'num_nodes': 47433, 'num_relations': 566}
{'event': 'train_seed_tensors_ready', 'seed': 1, 'elapsed_sec': 0.0238519124686718, 'cuda_allocated_mb': 149, 'cuda_reserved_mb': 166, 'cuda_max_allocated_mb': 2374}
{'event': 'train_known_facts_ready', 'seed': 1, 'scope': 'train', 'edges': 12000, 'elapsed_sec': 0.027003776282072067}
{'event': 'train_known_facts_ready', 'seed': 1, 'scope': 'train_val', 'edges': 174066, 'elapsed_sec': 0.04749946668744087}
{'event': 'train_sampler_ready', 'seed': 1, 'elapsed_sec': 0.10586505010724068}
{'event': 'val_sampler_ready', 'seed': 1, 'elapsed_sec': 0.16175154969096184}
{'event': 'epoch_start', 'epoch': 1, 'epochs': 6, 'batches': 98, 'time_groups': 98}
{'event': 'train_time_group', 'epoch': 1, 'time_group': 1, 'time_groups': 98, 'batch': 0, 'batches': 98, 'time_value': 1900.0, 'group_batches': 1, 'history_edges': 0, 'elapsed_sec': 0.017961207777261734, 'cuda_allocated_mb': 149, 'cuda_reserved_mb': 168, 'cuda_max_allocated_mb': 2374}
{'event': 'train_progress', 'epoch': 1, 'batch': 1, 'batches': 98, 'time_group': 1, 'time_groups': 98, 'history_edges': 0, 'pos_edges': 61, 'neg_edges': 244, 'loss_recent': 20.406545639038086, 'elapsed_sec': 0.7027201056480408, 'avg_sec_per_batch': 0.7027201056480408, 'cuda_allocated_mb': 509, 'cuda_reserved_mb': 1350, 'cuda_max_allocated_mb': 2374}
{'event': 'train_time_group', 'epoch': 1, 'time_group': 98, 'time_groups': 98, 'batch': 97, 'batches': 98, 'time_value': 1997.0, 'group_batches': 1, 'history_edges': 11809, 'elapsed_sec': 79.01476934179664, 'cuda_allocated_mb': 476, 'cuda_reserved_mb': 6048, 'cuda_max_allocated_mb': 2374}
{'event': 'train_progress', 'epoch': 1, 'batch': 98, 'batches': 98, 'time_group': 98, 'time_groups': 98, 'history_edges': 11809, 'pos_edges': 191, 'neg_edges': 764, 'loss_recent': 41.88292042089968, 'elapsed_sec': 79.86167381331325, 'avg_sec_per_batch': 0.8149150389113596, 'cuda_allocated_mb': 575, 'cuda_reserved_mb': 6526, 'cuda_max_allocated_mb': 2384}
{'event': 'validation_start', 'epoch': 1}
{'event': 'validation_tgb_ranking_start', 'epoch': 1, 'max_edges': 128}
{'event': 'epoch_end', 'epoch': 1, 'early_stop_metric': 'val_tgb_mrr', 'val_score': 0.07302313403916443, 'val_auc': 0.568438720703125, 'val_ap': 0.14519507439715398, 'val_ndcg': 0.6788141542912708, 'val_tgb_mrr': 0.07302313403916443, 'val_tgb_hits@10': 0.109375, 'elapsed_sec': 389.22128059342504}
{'event': 'epoch_start', 'epoch': 2, 'epochs': 6, 'batches': 98, 'time_groups': 98}
{'event': 'train_time_group', 'epoch': 2, 'time_group': 1, 'time_groups': 98, 'batch': 0, 'batches': 98, 'time_value': 1900.0, 'group_batches': 1, 'history_edges': 0, 'elapsed_sec': 0.2863352634012699, 'cuda_allocated_mb': 477, 'cuda_reserved_mb': 6616, 'cuda_max_allocated_mb': 2384}
{'event': 'train_progress', 'epoch': 2, 'batch': 1, 'batches': 98, 'time_group': 1, 'time_groups': 98, 'history_edges': 0, 'pos_edges': 61, 'neg_edges': 244, 'loss_recent': 19.861162185668945, 'elapsed_sec': 0.9452387504279613, 'avg_sec_per_batch': 0.9452387504279613, 'cuda_allocated_mb': 508, 'cuda_reserved_mb': 6616, 'cuda_max_allocated_mb': 2384}
{'event': 'train_time_group', 'epoch': 2, 'time_group': 98, 'time_groups': 98, 'batch': 97, 'batches': 98, 'time_value': 1997.0, 'group_batches': 1, 'history_edges': 11809, 'elapsed_sec': 81.81929827854037, 'cuda_allocated_mb': 476, 'cuda_reserved_mb': 6616, 'cuda_max_allocated_mb': 2384}
{'event': 'train_progress', 'epoch': 2, 'batch': 98, 'batches': 98, 'time_group': 98, 'time_groups': 98, 'history_edges': 11809, 'pos_edges': 191, 'neg_edges': 764, 'loss_recent': 40.20031027891198, 'elapsed_sec': 82.7140782289207, 'avg_sec_per_batch': 0.8440212064175582, 'cuda_allocated_mb': 570, 'cuda_reserved_mb': 6616, 'cuda_max_allocated_mb': 2384}
{'event': 'validation_start', 'epoch': 2}
{'event': 'validation_tgb_ranking_start', 'epoch': 2, 'max_edges': 128}
{'event': 'epoch_end', 'epoch': 2, 'early_stop_metric': 'val_tgb_mrr', 'val_score': 0.07626661604280487, 'val_auc': 0.57520751953125, 'val_ap': 0.16466013927127982, 'val_ndcg': 0.6982082834537491, 'val_tgb_mrr': 0.07626661604280487, 'val_tgb_hits@10': 0.09375, 'elapsed_sec': 387.87010684236884}
{'event': 'epoch_start', 'epoch': 3, 'epochs': 6, 'batches': 98, 'time_groups': 98}
{'event': 'train_time_group', 'epoch': 3, 'time_group': 1, 'time_groups': 98, 'batch': 0, 'batches': 98, 'time_value': 1900.0, 'group_batches': 1, 'history_edges': 0, 'elapsed_sec': 0.03455284982919693, 'cuda_allocated_mb': 476, 'cuda_reserved_mb': 6616, 'cuda_max_allocated_mb': 2384}
{'event': 'train_progress', 'epoch': 3, 'batch': 1, 'batches': 98, 'time_group': 1, 'time_groups': 98, 'history_edges': 0, 'pos_edges': 61, 'neg_edges': 244, 'loss_recent': 18.98080825805664, 'elapsed_sec': 0.7137568518519402, 'avg_sec_per_batch': 0.7137568518519402, 'cuda_allocated_mb': 509, 'cuda_reserved_mb': 6616, 'cuda_max_allocated_mb': 2384}
{'event': 'train_time_group', 'epoch': 3, 'time_group': 98, 'time_groups': 98, 'batch': 97, 'batches': 98, 'time_value': 1997.0, 'group_batches': 1, 'history_edges': 11809, 'elapsed_sec': 79.60209739208221, 'cuda_allocated_mb': 476, 'cuda_reserved_mb': 6616, 'cuda_max_allocated_mb': 2384}
{'event': 'train_progress', 'epoch': 3, 'batch': 98, 'batches': 98, 'time_group': 98, 'time_groups': 98, 'history_edges': 11809, 'pos_edges': 191, 'neg_edges': 764, 'loss_recent': 37.628080251265544, 'elapsed_sec': 80.50267614796758, 'avg_sec_per_batch': 0.8214558790608937, 'cuda_allocated_mb': 569, 'cuda_reserved_mb': 6616, 'cuda_max_allocated_mb': 2384}
{'event': 'validation_start', 'epoch': 3}
{'event': 'validation_tgb_ranking_start', 'epoch': 3, 'max_edges': 128}
{'event': 'epoch_end', 'epoch': 3, 'early_stop_metric': 'val_tgb_mrr', 'val_score': 0.06322530344398747, 'val_auc': 0.5839416503906251, 'val_ap': 0.17128067437535702, 'val_ndcg': 0.7040820789748483, 'val_tgb_mrr': 0.06322530344398747, 'val_tgb_hits@10': 0.0859375, 'elapsed_sec': 394.5866491757333}
{'event': 'epoch_start', 'epoch': 4, 'epochs': 6, 'batches': 98, 'time_groups': 98}
{'event': 'train_time_group', 'epoch': 4, 'time_group': 1, 'time_groups': 98, 'batch': 0, 'batches': 98, 'time_value': 1900.0, 'group_batches': 1, 'history_edges': 0, 'elapsed_sec': 0.3337748162448406, 'cuda_allocated_mb': 476, 'cuda_reserved_mb': 6616, 'cuda_max_allocated_mb': 2384}
{'event': 'train_progress', 'epoch': 4, 'batch': 1, 'batches': 98, 'time_group': 1, 'time_groups': 98, 'history_edges': 0, 'pos_edges': 61, 'neg_edges': 244, 'loss_recent': 18.447294235229492, 'elapsed_sec': 1.0059108324348927, 'avg_sec_per_batch': 1.0059108324348927, 'cuda_allocated_mb': 509, 'cuda_reserved_mb': 6616, 'cuda_max_allocated_mb': 2384}
{'event': 'train_time_group', 'epoch': 4, 'time_group': 98, 'time_groups': 98, 'batch': 97, 'batches': 98, 'time_value': 1997.0, 'group_batches': 1, 'history_edges': 11809, 'elapsed_sec': 78.77062584087253, 'cuda_allocated_mb': 476, 'cuda_reserved_mb': 6616, 'cuda_max_allocated_mb': 2384}
{'event': 'train_progress', 'epoch': 4, 'batch': 98, 'batches': 98, 'time_group': 98, 'time_groups': 98, 'history_edges': 11809, 'pos_edges': 191, 'neg_edges': 764, 'loss_recent': 34.87244687761579, 'elapsed_sec': 79.66915802285075, 'avg_sec_per_batch': 0.8129505920699056, 'cuda_allocated_mb': 572, 'cuda_reserved_mb': 6616, 'cuda_max_allocated_mb': 2384}
{'event': 'validation_start', 'epoch': 4}
{'event': 'validation_tgb_ranking_start', 'epoch': 4, 'max_edges': 128}
{'event': 'epoch_end', 'epoch': 4, 'early_stop_metric': 'val_tgb_mrr', 'val_score': 0.07033500676699714, 'val_auc': 0.573040771484375, 'val_ap': 0.1637598302485672, 'val_ndcg': 0.6981016797553353, 'val_tgb_mrr': 0.07033500676699714, 'val_tgb_hits@10': 0.0859375, 'elapsed_sec': 389.77243677154183}
{'event': 'epoch_start', 'epoch': 5, 'epochs': 6, 'batches': 98, 'time_groups': 98}
{'event': 'train_time_group', 'epoch': 5, 'time_group': 1, 'time_groups': 98, 'batch': 0, 'batches': 98, 'time_value': 1900.0, 'group_batches': 1, 'history_edges': 0, 'elapsed_sec': 0.3922998234629631, 'cuda_allocated_mb': 476, 'cuda_reserved_mb': 6616, 'cuda_max_allocated_mb': 2384}
{'event': 'train_progress', 'epoch': 5, 'batch': 1, 'batches': 98, 'time_group': 1, 'time_groups': 98, 'history_edges': 0, 'pos_edges': 61, 'neg_edges': 244, 'loss_recent': 17.771238327026367, 'elapsed_sec': 1.0885119065642357, 'avg_sec_per_batch': 1.0885119065642357, 'cuda_allocated_mb': 510, 'cuda_reserved_mb': 6616, 'cuda_max_allocated_mb': 2384}
{'event': 'train_time_group', 'epoch': 5, 'time_group': 98, 'time_groups': 98, 'batch': 97, 'batches': 98, 'time_value': 1997.0, 'group_batches': 1, 'history_edges': 11809, 'elapsed_sec': 79.91630842536688, 'cuda_allocated_mb': 476, 'cuda_reserved_mb': 6616, 'cuda_max_allocated_mb': 2384}
{'event': 'train_progress', 'epoch': 5, 'batch': 98, 'batches': 98, 'time_group': 98, 'time_groups': 98, 'history_edges': 11809, 'pos_edges': 191, 'neg_edges': 764, 'loss_recent': 32.38480925073429, 'elapsed_sec': 80.8156664147973, 'avg_sec_per_batch': 0.8246496572938501, 'cuda_allocated_mb': 574, 'cuda_reserved_mb': 6616, 'cuda_max_allocated_mb': 2385}
{'event': 'validation_start', 'epoch': 5}
{'event': 'validation_tgb_ranking_start', 'epoch': 5, 'max_edges': 128}
{'event': 'epoch_end', 'epoch': 5, 'early_stop_metric': 'val_tgb_mrr', 'val_score': 0.06282918405816448, 'val_auc': 0.5657775878906249, 'val_ap': 0.15958922806484876, 'val_ndcg': 0.694712233400028, 'val_tgb_mrr': 0.06282918405816448, 'val_tgb_hits@10': 0.078125, 'elapsed_sec': 399.77208081260324}
{'candidate': 'scale_s15_relent_cr005', 'seed': 1, 'val_tgb_mrr': 0.07626661604280487, 'val_auc': 0.57520751953125, 'val_ap': 0.16466013927127982, 'val_ndcg': 0.6982082834537491, 'val_tgb_hits@10': 0.09375, 'train_loss': 40.20031027891198, 'train_lp': 0.5199816880785689, 'train_align': 3895.2837125817123, 'train_kl': 7222.880171795281, 'train_ood_reg': 0.22100841527690693, 'train_meta': 0.9966035457898159, 'train_struct_aux': 0.0, 'train_weighted_align': 38.95283625077228, 'train_weighted_kl': 0.7222879994280484, 'train_weighted_ood_reg': 0.00022100842598236488, 'train_weighted_meta': 0.00498301764161383, 'train_weighted_struct_aux': 0.0, 'train_rank': 0.6277164765158478, 'train_weighted_rank': 0.006277164620138249, 'train_candidate_rank': 3.7444805077144077, 'train_weighted_candidate_rank': 0.18722402867005797}
{'event': 'candidate_summary', 'candidate': 'scale_s15_relent_cr005', 'score': 0.07626661604280487, 'passes_metric_minima': True, 'means': {'val_tgb_mrr': 0.07626661604280487, 'val_tgb_hits@10': 0.09375, 'val_auc': 0.57520751953125, 'val_ap': 0.16466013927127982, 'val_ndcg': 0.6982082834537491}, 'seeds_completed': 1}
