runtime_device=cuda
cuda_device=Tesla V100-PCIE-32GB
{'event': 'seed_start', 'dataset': 'tkgl-yago', 'ablation': 'full', 'seed': 1, 'device': 'cuda', 'node_text_device': 'cuda:0'}
{'event': 'train_seed_start', 'seed': 1, 'train_edges': 323080, 'val_edges': 39046, 'test_edges': 40052, 'num_nodes': 10585, 'num_relations': 20}
{'event': 'train_seed_tensors_ready', 'seed': 1, 'elapsed_sec': 0.007830344140529633, 'cuda_allocated_mb': 24, 'cuda_reserved_mb': 44, 'cuda_max_allocated_mb': 24}
{'event': 'train_known_facts_ready', 'seed': 1, 'scope': 'train', 'edges': 323080, 'elapsed_sec': 0.03994473069906235}
{'event': 'train_known_facts_ready', 'seed': 1, 'scope': 'train_val', 'edges': 362126, 'elapsed_sec': 0.08132843673229218}
{'event': 'train_sampler_ready', 'seed': 1, 'elapsed_sec': 0.10342533513903618}
{'event': 'val_sampler_ready', 'seed': 1, 'elapsed_sec': 0.11918897926807404}
{'event': 'epoch_start', 'epoch': 1, 'epochs': 20, 'batches': 195, 'time_groups': 178}
{'event': 'train_time_group', 'epoch': 1, 'time_group': 1, 'time_groups': 178, 'batch': 0, 'batches': 195, 'time_value': 0.0, 'group_batches': 1, 'history_edges': 0, 'elapsed_sec': 0.031110476702451706, 'cuda_allocated_mb': 32, 'cuda_reserved_mb': 44, 'cuda_max_allocated_mb': 32}
{'event': 'train_progress', 'epoch': 1, 'batch': 1, 'batches': 195, 'time_group': 1, 'time_groups': 178, 'history_edges': 0, 'pos_edges': 942, 'neg_edges': 4710, 'loss_recent': 192.03311157226562, 'elapsed_sec': 2.1734925508499146, 'avg_sec_per_batch': 2.1734925508499146, 'cuda_allocated_mb': 210, 'cuda_reserved_mb': 1106, 'cuda_max_allocated_mb': 1072}
{'event': 'train_progress', 'epoch': 1, 'batch': 84, 'batches': 195, 'time_group': 84, 'time_groups': 178, 'history_edges': 44904, 'pos_edges': 932, 'neg_edges': 4660, 'loss_recent': 109.07914061773391, 'elapsed_sec': 62.73848981037736, 'avg_sec_per_batch': 0.7468867834568733, 'cuda_allocated_mb': 210, 'cuda_reserved_mb': 2192, 'cuda_max_allocated_mb': 2150}
{'event': 'train_progress', 'epoch': 1, 'batch': 100, 'batches': 195, 'time_group': 100, 'time_groups': 178, 'history_edges': 64610, 'pos_edges': 1538, 'neg_edges': 7690, 'loss_recent': 127.0539665222168, 'elapsed_sec': 85.42277787998319, 'avg_sec_per_batch': 0.8542277787998319, 'cuda_allocated_mb': 234, 'cuda_reserved_mb': 3198, 'cuda_max_allocated_mb': 3156}
{'event': 'train_progress', 'epoch': 1, 'batch': 129, 'batches': 195, 'time_group': 129, 'time_groups': 178, 'history_edges': 123418, 'pos_edges': 2642, 'neg_edges': 13210, 'loss_recent': 189.9415281677246, 'elapsed_sec': 147.57640881091356, 'avg_sec_per_batch': 1.1440031690768493, 'cuda_allocated_mb': 234, 'cuda_reserved_mb': 5426, 'cuda_max_allocated_mb': 5377}
{'event': 'train_progress', 'epoch': 1, 'batch': 151, 'batches': 195, 'time_group': 151, 'time_groups': 178, 'history_edges': 188944, 'pos_edges': 3386, 'neg_edges': 16930, 'loss_recent': 251.17349952697754, 'elapsed_sec': 208.42233741655946, 'avg_sec_per_batch': 1.3802803802421155, 'cuda_allocated_mb': 235, 'cuda_reserved_mb': 7546, 'cuda_max_allocated_mb': 7371}
{'event': 'train_progress', 'epoch': 1, 'batch': 176, 'batches': 195, 'time_group': 169, 'time_groups': 178, 'history_edges': 260784, 'pos_edges': 4096, 'neg_edges': 20480, 'loss_recent': 303.8873712253571, 'elapsed_sec': 271.54731549322605, 'avg_sec_per_batch': 1.5428824743933298, 'cuda_allocated_mb': 235, 'cuda_reserved_mb': 9712, 'cuda_max_allocated_mb': 9446}
{'event': 'train_time_group', 'epoch': 1, 'time_group': 178, 'time_groups': 178, 'batch': 193, 'batches': 195, 'time_value': 177.0, 'group_batches': 2, 'history_edges': 315692, 'elapsed_sec': 316.0900892242789, 'cuda_allocated_mb': 106, 'cuda_reserved_mb': 10552, 'cuda_max_allocated_mb': 10461}
{'event': 'train_progress', 'epoch': 1, 'batch': 195, 'batches': 195, 'time_group': 178, 'time_groups': 178, 'history_edges': 315692, 'pos_edges': 3292, 'neg_edges': 16460, 'loss_recent': 338.8018138217926, 'elapsed_sec': 322.1817620806396, 'avg_sec_per_batch': 1.6522141645161006, 'cuda_allocated_mb': 236, 'cuda_reserved_mb': 10712, 'cuda_max_allocated_mb': 10614}
{'event': 'validation_start', 'epoch': 1}
{'event': 'validation_ranking_start', 'epoch': 1, 'max_edges': 50}
{'event': 'epoch_end', 'epoch': 1, 'early_stop_metric': 'val_composite', 'val_score': 0.8612582335136336, 'val_auc': 0.9283578629405203, 'val_ap': 0.8352103806419522, 'val_ndcg': 0.9767314570437603, 'val_mrr': 0.8419670320167207, 'val_hits@1': 0.82, 'val_hits@10': 0.87, 'val_hits@50': 0.89, 'val_hits@100': 0.89, 'elapsed_sec': 508.4827148243785}
{'event': 'epoch_start', 'epoch': 2, 'epochs': 20, 'batches': 195, 'time_groups': 178}
{'event': 'train_time_group', 'epoch': 2, 'time_group': 1, 'time_groups': 178, 'batch': 0, 'batches': 195, 'time_value': 0.0, 'group_batches': 1, 'history_edges': 0, 'elapsed_sec': 0.038843125104904175, 'cuda_allocated_mb': 106, 'cuda_reserved_mb': 10806, 'cuda_max_allocated_mb': 10614}
{'event': 'train_progress', 'epoch': 2, 'batch': 1, 'batches': 195, 'time_group': 1, 'time_groups': 178, 'history_edges': 0, 'pos_edges': 942, 'neg_edges': 4710, 'loss_recent': 182.14576721191406, 'elapsed_sec': 1.181280005723238, 'avg_sec_per_batch': 1.181280005723238, 'cuda_allocated_mb': 214, 'cuda_reserved_mb': 10806, 'cuda_max_allocated_mb': 10614}
{'event': 'train_progress', 'epoch': 2, 'batch': 81, 'batches': 195, 'time_group': 81, 'time_groups': 178, 'history_edges': 42164, 'pos_edges': 896, 'neg_edges': 4480, 'loss_recent': 98.37154181209611, 'elapsed_sec': 61.35165975987911, 'avg_sec_per_batch': 0.7574278982701125, 'cuda_allocated_mb': 209, 'cuda_reserved_mb': 10806, 'cuda_max_allocated_mb': 10614}
{'event': 'train_progress', 'epoch': 2, 'batch': 100, 'batches': 195, 'time_group': 100, 'time_groups': 178, 'history_edges': 64610, 'pos_edges': 1538, 'neg_edges': 7690, 'loss_recent': 116.49046730041503, 'elapsed_sec': 89.45020181313157, 'avg_sec_per_batch': 0.8945020181313157, 'cuda_allocated_mb': 234, 'cuda_reserved_mb': 10806, 'cuda_max_allocated_mb': 10614}
{'event': 'train_progress', 'epoch': 2, 'batch': 129, 'batches': 195, 'time_group': 129, 'time_groups': 178, 'history_edges': 123418, 'pos_edges': 2642, 'neg_edges': 13210, 'loss_recent': 170.6873609161377, 'elapsed_sec': 150.24738796055317, 'avg_sec_per_batch': 1.1647084338027378, 'cuda_allocated_mb': 234, 'cuda_reserved_mb': 10806, 'cuda_max_allocated_mb': 10614}
{'event': 'train_progress', 'epoch': 2, 'batch': 152, 'batches': 195, 'time_group': 152, 'time_groups': 178, 'history_edges': 192330, 'pos_edges': 3412, 'neg_edges': 17060, 'loss_recent': 223.2893560028076, 'elapsed_sec': 213.03292256221175, 'avg_sec_per_batch': 1.4015323852777088, 'cuda_allocated_mb': 235, 'cuda_reserved_mb': 10806, 'cuda_max_allocated_mb': 10614}
{'event': 'train_progress', 'epoch': 2, 'batch': 176, 'batches': 195, 'time_group': 169, 'time_groups': 178, 'history_edges': 260784, 'pos_edges': 4096, 'neg_edges': 20480, 'loss_recent': 261.8687801218033, 'elapsed_sec': 273.5066493488848, 'avg_sec_per_batch': 1.5540150531186638, 'cuda_allocated_mb': 235, 'cuda_reserved_mb': 10806, 'cuda_max_allocated_mb': 10614}
{'event': 'train_time_group', 'epoch': 2, 'time_group': 178, 'time_groups': 178, 'batch': 193, 'batches': 195, 'time_value': 177.0, 'group_batches': 2, 'history_edges': 315692, 'elapsed_sec': 319.3380833789706, 'cuda_allocated_mb': 106, 'cuda_reserved_mb': 10806, 'cuda_max_allocated_mb': 10614}
{'event': 'train_progress', 'epoch': 2, 'batch': 195, 'batches': 195, 'time_group': 178, 'time_groups': 178, 'history_edges': 315692, 'pos_edges': 3292, 'neg_edges': 16460, 'loss_recent': 286.9593070077896, 'elapsed_sec': 325.2561509087682, 'avg_sec_per_batch': 1.667980261070606, 'cuda_allocated_mb': 236, 'cuda_reserved_mb': 10806, 'cuda_max_allocated_mb': 10621}
{'event': 'validation_start', 'epoch': 2}
{'event': 'validation_ranking_start', 'epoch': 2, 'max_edges': 50}
{'event': 'epoch_end', 'epoch': 2, 'early_stop_metric': 'val_composite', 'val_score': 0.8585072075516059, 'val_auc': 0.9346838081888759, 'val_ap': 0.843810114052345, 'val_ndcg': 0.9781557821056089, 'val_mrr': 0.8378472498360802, 'val_hits@1': 0.82, 'val_hits@10': 0.86, 'val_hits@50': 0.89, 'val_hits@100': 0.89, 'elapsed_sec': 515.7589966244996}
{'event': 'epoch_start', 'epoch': 3, 'epochs': 20, 'batches': 195, 'time_groups': 178}
{'event': 'train_time_group', 'epoch': 3, 'time_group': 1, 'time_groups': 178, 'batch': 0, 'batches': 195, 'time_value': 0.0, 'group_batches': 1, 'history_edges': 0, 'elapsed_sec': 0.03755297139286995, 'cuda_allocated_mb': 106, 'cuda_reserved_mb': 10806, 'cuda_max_allocated_mb': 10621}
{'event': 'train_progress', 'epoch': 3, 'batch': 1, 'batches': 195, 'time_group': 1, 'time_groups': 178, 'history_edges': 0, 'pos_edges': 942, 'neg_edges': 4710, 'loss_recent': 193.2225799560547, 'elapsed_sec': 1.4030894674360752, 'avg_sec_per_batch': 1.4030894674360752, 'cuda_allocated_mb': 212, 'cuda_reserved_mb': 10806, 'cuda_max_allocated_mb': 10621}
{'event': 'train_progress', 'epoch': 3, 'batch': 81, 'batches': 195, 'time_group': 81, 'time_groups': 178, 'history_edges': 42164, 'pos_edges': 896, 'neg_edges': 4480, 'loss_recent': 80.81501576929917, 'elapsed_sec': 61.8021383471787, 'avg_sec_per_batch': 0.7629893623108481, 'cuda_allocated_mb': 205, 'cuda_reserved_mb': 10806, 'cuda_max_allocated_mb': 10621}
{'event': 'train_progress', 'epoch': 3, 'batch': 100, 'batches': 195, 'time_group': 100, 'time_groups': 178, 'history_edges': 64610, 'pos_edges': 1538, 'neg_edges': 7690, 'loss_recent': 96.28174907684325, 'elapsed_sec': 90.2081047333777, 'avg_sec_per_batch': 0.9020810473337769, 'cuda_allocated_mb': 234, 'cuda_reserved_mb': 10806, 'cuda_max_allocated_mb': 10621}
{'event': 'train_progress', 'epoch': 3, 'batch': 128, 'batches': 195, 'time_group': 128, 'time_groups': 178, 'history_edges': 120770, 'pos_edges': 2648, 'neg_edges': 13240, 'loss_recent': 141.4512789916992, 'elapsed_sec': 151.4443198107183, 'avg_sec_per_batch': 1.1831587485212367, 'cuda_allocated_mb': 234, 'cuda_reserved_mb': 10806, 'cuda_max_allocated_mb': 10621}
{'event': 'train_time_group', 'epoch': 3, 'time_group': 150, 'time_groups': 178, 'batch': 149, 'batches': 195, 'time_value': 149.0, 'group_batches': 1, 'history_edges': 185678, 'elapsed_sec': 211.46736595779657, 'cuda_allocated_mb': 106, 'cuda_reserved_mb': 10806, 'cuda_max_allocated_mb': 10621}
{'event': 'train_progress', 'epoch': 3, 'batch': 172, 'batches': 195, 'time_group': 167, 'time_groups': 178, 'history_edges': 251096, 'pos_edges': 4096, 'neg_edges': 20480, 'loss_recent': 222.9335090684891, 'elapsed_sec': 273.0693460851908, 'avg_sec_per_batch': 1.5876124772394813, 'cuda_allocated_mb': 235, 'cuda_reserved_mb': 10806, 'cuda_max_allocated_mb': 10621}
{'event': 'train_time_group', 'epoch': 3, 'time_group': 178, 'time_groups': 178, 'batch': 193, 'batches': 195, 'time_value': 177.0, 'group_batches': 2, 'history_edges': 315692, 'elapsed_sec': 328.29750103503466, 'cuda_allocated_mb': 106, 'cuda_reserved_mb': 10806, 'cuda_max_allocated_mb': 10621}
{'event': 'train_progress', 'epoch': 3, 'batch': 195, 'batches': 195, 'time_group': 178, 'time_groups': 178, 'history_edges': 315692, 'pos_edges': 3292, 'neg_edges': 16460, 'loss_recent': 252.5529536485672, 'elapsed_sec': 334.90254598483443, 'avg_sec_per_batch': 1.7174489537683817, 'cuda_allocated_mb': 236, 'cuda_reserved_mb': 10806, 'cuda_max_allocated_mb': 10626}
{'event': 'validation_start', 'epoch': 3}
{'event': 'validation_ranking_start', 'epoch': 3, 'max_edges': 50}
{'event': 'epoch_end', 'epoch': 3, 'early_stop_metric': 'val_composite', 'val_score': 0.8509871403416286, 'val_auc': 0.934791847653563, 'val_ap': 0.8433674654175829, 'val_ndcg': 0.978122258113778, 'val_mrr': 0.8278632333036717, 'val_hits@1': 0.81, 'val_hits@10': 0.85, 'val_hits@50': 0.9, 'val_hits@100': 0.9, 'elapsed_sec': 522.4904195293784}
{'event': 'epoch_start', 'epoch': 4, 'epochs': 20, 'batches': 195, 'time_groups': 178}
{'event': 'train_time_group', 'epoch': 4, 'time_group': 1, 'time_groups': 178, 'batch': 0, 'batches': 195, 'time_value': 0.0, 'group_batches': 1, 'history_edges': 0, 'elapsed_sec': 0.037443749606609344, 'cuda_allocated_mb': 106, 'cuda_reserved_mb': 10806, 'cuda_max_allocated_mb': 10626}
{'event': 'train_progress', 'epoch': 4, 'batch': 1, 'batches': 195, 'time_group': 1, 'time_groups': 178, 'history_edges': 0, 'pos_edges': 942, 'neg_edges': 4710, 'loss_recent': 213.10601806640625, 'elapsed_sec': 1.3505409061908722, 'avg_sec_per_batch': 1.3505409061908722, 'cuda_allocated_mb': 213, 'cuda_reserved_mb': 10806, 'cuda_max_allocated_mb': 10626}
{'event': 'train_progress', 'epoch': 4, 'batch': 81, 'batches': 195, 'time_group': 81, 'time_groups': 178, 'history_edges': 42164, 'pos_edges': 896, 'neg_edges': 4480, 'loss_recent': 73.14716113055194, 'elapsed_sec': 61.44691630080342, 'avg_sec_per_batch': 0.7586039049481904, 'cuda_allocated_mb': 206, 'cuda_reserved_mb': 10806, 'cuda_max_allocated_mb': 10626}
{'event': 'train_progress', 'epoch': 4, 'batch': 100, 'batches': 195, 'time_group': 100, 'time_groups': 178, 'history_edges': 64610, 'pos_edges': 1538, 'neg_edges': 7690, 'loss_recent': 87.62214027404785, 'elapsed_sec': 89.08193714916706, 'avg_sec_per_batch': 0.8908193714916706, 'cuda_allocated_mb': 234, 'cuda_reserved_mb': 10806, 'cuda_max_allocated_mb': 10626}
{'event': 'train_progress', 'epoch': 4, 'batch': 129, 'batches': 195, 'time_group': 129, 'time_groups': 178, 'history_edges': 123418, 'pos_edges': 2642, 'neg_edges': 13210, 'loss_recent': 132.16623588562013, 'elapsed_sec': 149.3865375109017, 'avg_sec_per_batch': 1.1580351745031139, 'cuda_allocated_mb': 234, 'cuda_reserved_mb': 10806, 'cuda_max_allocated_mb': 10626}
{'event': 'train_progress', 'epoch': 4, 'batch': 151, 'batches': 195, 'time_group': 151, 'time_groups': 178, 'history_edges': 188944, 'pos_edges': 3386, 'neg_edges': 16930, 'loss_recent': 175.96098083496094, 'elapsed_sec': 212.03872267529368, 'avg_sec_per_batch': 1.4042299514920111, 'cuda_allocated_mb': 235, 'cuda_reserved_mb': 10806, 'cuda_max_allocated_mb': 10626}
{'event': 'train_time_group', 'epoch': 4, 'time_group': 169, 'time_groups': 178, 'batch': 175, 'batches': 195, 'time_value': 168.0, 'group_batches': 2, 'history_edges': 260784, 'elapsed_sec': 272.131566002965, 'cuda_allocated_mb': 105, 'cuda_reserved_mb': 10806, 'cuda_max_allocated_mb': 10626}
{'event': 'train_time_group', 'epoch': 4, 'time_group': 178, 'time_groups': 178, 'batch': 193, 'batches': 195, 'time_value': 177.0, 'group_batches': 2, 'history_edges': 315692, 'elapsed_sec': 321.22526145353913, 'cuda_allocated_mb': 106, 'cuda_reserved_mb': 10806, 'cuda_max_allocated_mb': 10626}
{'event': 'train_progress', 'epoch': 4, 'batch': 195, 'batches': 195, 'time_group': 178, 'time_groups': 178, 'history_edges': 315692, 'pos_edges': 3292, 'neg_edges': 16460, 'loss_recent': 238.52632789134978, 'elapsed_sec': 327.4114410765469, 'avg_sec_per_batch': 1.679033031161779, 'cuda_allocated_mb': 236, 'cuda_reserved_mb': 10806, 'cuda_max_allocated_mb': 10631}
{'event': 'validation_start', 'epoch': 4}
{'event': 'validation_ranking_start', 'epoch': 4, 'max_edges': 50}
{'event': 'epoch_end', 'epoch': 4, 'early_stop_metric': 'val_composite', 'val_score': 0.8581751049108465, 'val_auc': 0.9342370356151515, 'val_ap': 0.8424377088863069, 'val_ndcg': 0.9779574261908496, 'val_mrr': 0.8375915573598861, 'val_hits@1': 0.82, 'val_hits@10': 0.86, 'val_hits@50': 0.89, 'val_hits@100': 0.9, 'elapsed_sec': 516.066995896399}
{'event': 'epoch_start', 'epoch': 5, 'epochs': 20, 'batches': 195, 'time_groups': 178}
{'event': 'train_time_group', 'epoch': 5, 'time_group': 1, 'time_groups': 178, 'batch': 0, 'batches': 195, 'time_value': 0.0, 'group_batches': 1, 'history_edges': 0, 'elapsed_sec': 0.03582103177905083, 'cuda_allocated_mb': 106, 'cuda_reserved_mb': 10806, 'cuda_max_allocated_mb': 10631}
{'event': 'train_progress', 'epoch': 5, 'batch': 1, 'batches': 195, 'time_group': 1, 'time_groups': 178, 'history_edges': 0, 'pos_edges': 942, 'neg_edges': 4710, 'loss_recent': 239.54685974121094, 'elapsed_sec': 1.1488200463354588, 'avg_sec_per_batch': 1.1488200463354588, 'cuda_allocated_mb': 212, 'cuda_reserved_mb': 10806, 'cuda_max_allocated_mb': 10631}
{'event': 'train_progress', 'epoch': 5, 'batch': 81, 'batches': 195, 'time_group': 81, 'time_groups': 178, 'history_edges': 42164, 'pos_edges': 896, 'neg_edges': 4480, 'loss_recent': 69.80933370707947, 'elapsed_sec': 61.33652437105775, 'avg_sec_per_batch': 0.7572410416179969, 'cuda_allocated_mb': 207, 'cuda_reserved_mb': 10806, 'cuda_max_allocated_mb': 10631}
{'event': 'train_progress', 'epoch': 5, 'batch': 100, 'batches': 195, 'time_group': 100, 'time_groups': 178, 'history_edges': 64610, 'pos_edges': 1538, 'neg_edges': 7690, 'loss_recent': 83.95028175354004, 'elapsed_sec': 88.70373242720962, 'avg_sec_per_batch': 0.8870373242720961, 'cuda_allocated_mb': 234, 'cuda_reserved_mb': 10806, 'cuda_max_allocated_mb': 10631}
{'event': 'train_progress', 'epoch': 5, 'batch': 129, 'batches': 195, 'time_group': 129, 'time_groups': 178, 'history_edges': 123418, 'pos_edges': 2642, 'neg_edges': 13210, 'loss_recent': 127.42878971099853, 'elapsed_sec': 149.76176900789142, 'avg_sec_per_batch': 1.1609439457976078, 'cuda_allocated_mb': 234, 'cuda_reserved_mb': 10806, 'cuda_max_allocated_mb': 10631}
{'event': 'train_progress', 'epoch': 5, 'batch': 151, 'batches': 195, 'time_group': 151, 'time_groups': 178, 'history_edges': 188944, 'pos_edges': 3386, 'neg_edges': 16930, 'loss_recent': 170.86548385620117, 'elapsed_sec': 210.96440453082323, 'avg_sec_per_batch': 1.3971152617935314, 'cuda_allocated_mb': 235, 'cuda_reserved_mb': 10806, 'cuda_max_allocated_mb': 10631}
{'event': 'train_progress', 'epoch': 5, 'batch': 174, 'batches': 195, 'time_group': 168, 'time_groups': 178, 'history_edges': 255832, 'pos_edges': 4096, 'neg_edges': 20480, 'loss_recent': 206.2205176830292, 'elapsed_sec': 271.14374389499426, 'avg_sec_per_batch': 1.5582973787068635, 'cuda_allocated_mb': 235, 'cuda_reserved_mb': 10806, 'cuda_max_allocated_mb': 10631}
{'event': 'train_time_group', 'epoch': 5, 'time_group': 178, 'time_groups': 178, 'batch': 193, 'batches': 195, 'time_value': 177.0, 'group_batches': 2, 'history_edges': 315692, 'elapsed_sec': 320.2141554430127, 'cuda_allocated_mb': 106, 'cuda_reserved_mb': 10806, 'cuda_max_allocated_mb': 10631}
{'event': 'train_progress', 'epoch': 5, 'batch': 195, 'batches': 195, 'time_group': 178, 'time_groups': 178, 'history_edges': 315692, 'pos_edges': 3292, 'neg_edges': 16460, 'loss_recent': 233.83528414726257, 'elapsed_sec': 326.08498664572835, 'avg_sec_per_batch': 1.672230700747325, 'cuda_allocated_mb': 236, 'cuda_reserved_mb': 10806, 'cuda_max_allocated_mb': 10631}
{'event': 'validation_start', 'epoch': 5}
{'event': 'validation_ranking_start', 'epoch': 5, 'max_edges': 50}
{'event': 'epoch_end', 'epoch': 5, 'early_stop_metric': 'val_composite', 'val_score': 0.8636556717462156, 'val_auc': 0.9344160049309934, 'val_ap': 0.8457458532577575, 'val_ndcg': 0.9783131388952828, 'val_mrr': 0.8428373713615815, 'val_hits@1': 0.82, 'val_hits@10': 0.87, 'val_hits@50': 0.9, 'val_hits@100': 0.9, 'elapsed_sec': 513.7939853779972}
{'event': 'epoch_start', 'epoch': 6, 'epochs': 20, 'batches': 195, 'time_groups': 178}
{'event': 'train_time_group', 'epoch': 6, 'time_group': 1, 'time_groups': 178, 'batch': 0, 'batches': 195, 'time_value': 0.0, 'group_batches': 1, 'history_edges': 0, 'elapsed_sec': 0.03666820004582405, 'cuda_allocated_mb': 106, 'cuda_reserved_mb': 10806, 'cuda_max_allocated_mb': 10631}
{'event': 'train_progress', 'epoch': 6, 'batch': 1, 'batches': 195, 'time_group': 1, 'time_groups': 178, 'history_edges': 0, 'pos_edges': 942, 'neg_edges': 4710, 'loss_recent': 270.4085388183594, 'elapsed_sec': 1.1767548248171806, 'avg_sec_per_batch': 1.1767548248171806, 'cuda_allocated_mb': 214, 'cuda_reserved_mb': 10806, 'cuda_max_allocated_mb': 10631}
{'event': 'train_progress', 'epoch': 6, 'batch': 81, 'batches': 195, 'time_group': 81, 'time_groups': 178, 'history_edges': 42164, 'pos_edges': 896, 'neg_edges': 4480, 'loss_recent': 68.98192808363173, 'elapsed_sec': 62.06872810050845, 'avg_sec_per_batch': 0.7662805938334377, 'cuda_allocated_mb': 209, 'cuda_reserved_mb': 10806, 'cuda_max_allocated_mb': 10631}
{'event': 'train_progress', 'epoch': 6, 'batch': 100, 'batches': 195, 'time_group': 100, 'time_groups': 178, 'history_edges': 64610, 'pos_edges': 1538, 'neg_edges': 7690, 'loss_recent': 83.04635799407959, 'elapsed_sec': 89.7380555421114, 'avg_sec_per_batch': 0.897380555421114, 'cuda_allocated_mb': 234, 'cuda_reserved_mb': 10806, 'cuda_max_allocated_mb': 10631}
{'event': 'train_progress', 'epoch': 6, 'batch': 129, 'batches': 195, 'time_group': 129, 'time_groups': 178, 'history_edges': 123418, 'pos_edges': 2642, 'neg_edges': 13210, 'loss_recent': 126.13242221832276, 'elapsed_sec': 150.1784666776657, 'avg_sec_per_batch': 1.1641741602919822, 'cuda_allocated_mb': 234, 'cuda_reserved_mb': 10806, 'cuda_max_allocated_mb': 10631}
{'event': 'train_progress', 'epoch': 6, 'batch': 151, 'batches': 195, 'time_group': 151, 'time_groups': 178, 'history_edges': 188944, 'pos_edges': 3386, 'neg_edges': 16930, 'loss_recent': 169.45510498046875, 'elapsed_sec': 210.40461425110698, 'avg_sec_per_batch': 1.3934080413980594, 'cuda_allocated_mb': 235, 'cuda_reserved_mb': 10806, 'cuda_max_allocated_mb': 10631}
{'event': 'train_progress', 'epoch': 6, 'batch': 175, 'batches': 195, 'time_group': 168, 'time_groups': 178, 'history_edges': 255832, 'pos_edges': 856, 'neg_edges': 4280, 'loss_recent': 204.97940615177154, 'elapsed_sec': 271.2797394990921, 'avg_sec_per_batch': 1.5501699399948121, 'cuda_allocated_mb': 235, 'cuda_reserved_mb': 10806, 'cuda_max_allocated_mb': 10631}
{'event': 'train_time_group', 'epoch': 6, 'time_group': 178, 'time_groups': 178, 'batch': 193, 'batches': 195, 'time_value': 177.0, 'group_batches': 2, 'history_edges': 315692, 'elapsed_sec': 319.58210577070713, 'cuda_allocated_mb': 106, 'cuda_reserved_mb': 10806, 'cuda_max_allocated_mb': 10631}
{'event': 'train_progress', 'epoch': 6, 'batch': 195, 'batches': 195, 'time_group': 178, 'time_groups': 178, 'history_edges': 315692, 'pos_edges': 3292, 'neg_edges': 16460, 'loss_recent': 232.04355837345122, 'elapsed_sec': 325.5432061031461, 'avg_sec_per_batch': 1.6694523389904927, 'cuda_allocated_mb': 236, 'cuda_reserved_mb': 10806, 'cuda_max_allocated_mb': 10631}
{'event': 'validation_start', 'epoch': 6}
{'event': 'validation_ranking_start', 'epoch': 6, 'max_edges': 50}
{'event': 'epoch_end', 'epoch': 6, 'early_stop_metric': 'val_composite', 'val_score': 0.8743932064733888, 'val_auc': 0.9357225529199219, 'val_ap': 0.8452462508042204, 'val_ndcg': 0.9783832325195452, 'val_mrr': 0.8590203969099569, 'val_hits@1': 0.85, 'val_hits@10': 0.88, 'val_hits@50': 0.9, 'val_hits@100': 0.9, 'elapsed_sec': 513.4240312203765}
{'event': 'epoch_start', 'epoch': 7, 'epochs': 20, 'batches': 195, 'time_groups': 178}
{'event': 'train_time_group', 'epoch': 7, 'time_group': 1, 'time_groups': 178, 'batch': 0, 'batches': 195, 'time_value': 0.0, 'group_batches': 1, 'history_edges': 0, 'elapsed_sec': 0.037628207355737686, 'cuda_allocated_mb': 106, 'cuda_reserved_mb': 10806, 'cuda_max_allocated_mb': 10631}
{'event': 'train_progress', 'epoch': 7, 'batch': 1, 'batches': 195, 'time_group': 1, 'time_groups': 178, 'history_edges': 0, 'pos_edges': 942, 'neg_edges': 4710, 'loss_recent': 297.0116882324219, 'elapsed_sec': 1.3260000795125961, 'avg_sec_per_batch': 1.3260000795125961, 'cuda_allocated_mb': 214, 'cuda_reserved_mb': 10806, 'cuda_max_allocated_mb': 10631}
{'event': 'train_progress', 'epoch': 7, 'batch': 81, 'batches': 195, 'time_group': 81, 'time_groups': 178, 'history_edges': 42164, 'pos_edges': 896, 'neg_edges': 4480, 'loss_recent': 68.69966238516348, 'elapsed_sec': 61.780570186674595, 'avg_sec_per_batch': 0.7627230887243777, 'cuda_allocated_mb': 207, 'cuda_reserved_mb': 10806, 'cuda_max_allocated_mb': 10631}
{'event': 'train_progress', 'epoch': 7, 'batch': 100, 'batches': 195, 'time_group': 100, 'time_groups': 178, 'history_edges': 64610, 'pos_edges': 1538, 'neg_edges': 7690, 'loss_recent': 82.55878044128418, 'elapsed_sec': 89.25280131027102, 'avg_sec_per_batch': 0.8925280131027102, 'cuda_allocated_mb': 234, 'cuda_reserved_mb': 10806, 'cuda_max_allocated_mb': 10631}
{'event': 'train_progress', 'epoch': 7, 'batch': 129, 'batches': 195, 'time_group': 129, 'time_groups': 178, 'history_edges': 123418, 'pos_edges': 2642, 'neg_edges': 13210, 'loss_recent': 125.21398136138916, 'elapsed_sec': 151.07396760210395, 'avg_sec_per_batch': 1.1711160279232864, 'cuda_allocated_mb': 234, 'cuda_reserved_mb': 10806, 'cuda_max_allocated_mb': 10631}
{'event': 'train_progress', 'epoch': 7, 'batch': 151, 'batches': 195, 'time_group': 151, 'time_groups': 178, 'history_edges': 188944, 'pos_edges': 3386, 'neg_edges': 16930, 'loss_recent': 168.3543495941162, 'elapsed_sec': 211.75791841000319, 'avg_sec_per_batch': 1.4023703205960476, 'cuda_allocated_mb': 235, 'cuda_reserved_mb': 10806, 'cuda_max_allocated_mb': 10631}
{'event': 'train_progress', 'epoch': 7, 'batch': 176, 'batches': 195, 'time_group': 169, 'time_groups': 178, 'history_edges': 260784, 'pos_edges': 4096, 'neg_edges': 20480, 'loss_recent': 205.71421381473542, 'elapsed_sec': 274.41008434817195, 'avg_sec_per_batch': 1.5591482065237043, 'cuda_allocated_mb': 235, 'cuda_reserved_mb': 10806, 'cuda_max_allocated_mb': 10631}
{'event': 'train_time_group', 'epoch': 7, 'time_group': 178, 'time_groups': 178, 'batch': 193, 'batches': 195, 'time_value': 177.0, 'group_batches': 2, 'history_edges': 315692, 'elapsed_sec': 320.13463447242975, 'cuda_allocated_mb': 106, 'cuda_reserved_mb': 10806, 'cuda_max_allocated_mb': 10631}
{'event': 'train_progress', 'epoch': 7, 'batch': 195, 'batches': 195, 'time_group': 178, 'time_groups': 178, 'history_edges': 315692, 'pos_edges': 3292, 'neg_edges': 16460, 'loss_recent': 230.89628321170807, 'elapsed_sec': 326.41337299346924, 'avg_sec_per_batch': 1.6739147332998423, 'cuda_allocated_mb': 236, 'cuda_reserved_mb': 10806, 'cuda_max_allocated_mb': 10631}
{'event': 'validation_start', 'epoch': 7}
{'event': 'validation_ranking_start', 'epoch': 7, 'max_edges': 50}
{'event': 'epoch_end', 'epoch': 7, 'early_stop_metric': 'val_composite', 'val_score': 0.8750586941366001, 'val_auc': 0.9338727953553124, 'val_ap': 0.8448547629198623, 'val_ndcg': 0.9781145627329297, 'val_mrr': 0.8559845970826341, 'val_hits@1': 0.83, 'val_hits@10': 0.89, 'val_hits@50': 0.9, 'val_hits@100': 0.9, 'elapsed_sec': 516.3662328012288}
{'event': 'epoch_start', 'epoch': 8, 'epochs': 20, 'batches': 195, 'time_groups': 178}
{'event': 'train_time_group', 'epoch': 8, 'time_group': 1, 'time_groups': 178, 'batch': 0, 'batches': 195, 'time_value': 0.0, 'group_batches': 1, 'history_edges': 0, 'elapsed_sec': 0.038155216723680496, 'cuda_allocated_mb': 106, 'cuda_reserved_mb': 10806, 'cuda_max_allocated_mb': 10631}
{'event': 'train_progress', 'epoch': 8, 'batch': 1, 'batches': 195, 'time_group': 1, 'time_groups': 178, 'history_edges': 0, 'pos_edges': 942, 'neg_edges': 4710, 'loss_recent': 321.3181457519531, 'elapsed_sec': 1.1409891843795776, 'avg_sec_per_batch': 1.1409891843795776, 'cuda_allocated_mb': 213, 'cuda_reserved_mb': 10806, 'cuda_max_allocated_mb': 10631}
{'event': 'train_progress', 'epoch': 8, 'batch': 82, 'batches': 195, 'time_group': 82, 'time_groups': 178, 'history_edges': 43060, 'pos_edges': 920, 'neg_edges': 4600, 'loss_recent': 69.11947324799328, 'elapsed_sec': 61.81807580217719, 'avg_sec_per_batch': 0.7538789731972828, 'cuda_allocated_mb': 212, 'cuda_reserved_mb': 10806, 'cuda_max_allocated_mb': 10631}
{'event': 'train_progress', 'epoch': 8, 'batch': 100, 'batches': 195, 'time_group': 100, 'time_groups': 178, 'history_edges': 64610, 'pos_edges': 1538, 'neg_edges': 7690, 'loss_recent': 82.38877967834473, 'elapsed_sec': 87.64955388009548, 'avg_sec_per_batch': 0.8764955388009548, 'cuda_allocated_mb': 234, 'cuda_reserved_mb': 10806, 'cuda_max_allocated_mb': 10631}
{'event': 'train_progress', 'epoch': 8, 'batch': 129, 'batches': 195, 'time_group': 129, 'time_groups': 178, 'history_edges': 123418, 'pos_edges': 2642, 'neg_edges': 13210, 'loss_recent': 124.82396186828613, 'elapsed_sec': 148.64332557097077, 'avg_sec_per_batch': 1.1522738416354323, 'cuda_allocated_mb': 234, 'cuda_reserved_mb': 10806, 'cuda_max_allocated_mb': 10631}
{'event': 'train_progress', 'epoch': 8, 'batch': 151, 'batches': 195, 'time_group': 151, 'time_groups': 178, 'history_edges': 188944, 'pos_edges': 3386, 'neg_edges': 16930, 'loss_recent': 167.81082832336426, 'elapsed_sec': 210.12756356596947, 'avg_sec_per_batch': 1.3915732686488045, 'cuda_allocated_mb': 235, 'cuda_reserved_mb': 10806, 'cuda_max_allocated_mb': 10631}
{'event': 'train_progress', 'epoch': 8, 'batch': 175, 'batches': 195, 'time_group': 168, 'time_groups': 178, 'history_edges': 255832, 'pos_edges': 856, 'neg_edges': 4280, 'loss_recent': 203.04895353794097, 'elapsed_sec': 270.24767879769206, 'avg_sec_per_batch': 1.544272450272526, 'cuda_allocated_mb': 235, 'cuda_reserved_mb': 10806, 'cuda_max_allocated_mb': 10631}
{'event': 'train_time_group', 'epoch': 8, 'time_group': 178, 'time_groups': 178, 'batch': 193, 'batches': 195, 'time_value': 177.0, 'group_batches': 2, 'history_edges': 315692, 'elapsed_sec': 318.0825924985111, 'cuda_allocated_mb': 106, 'cuda_reserved_mb': 10806, 'cuda_max_allocated_mb': 10631}
{'event': 'train_progress', 'epoch': 8, 'batch': 195, 'batches': 195, 'time_group': 178, 'time_groups': 178, 'history_edges': 315692, 'pos_edges': 3292, 'neg_edges': 16460, 'loss_recent': 230.18661970615386, 'elapsed_sec': 324.30894611030817, 'avg_sec_per_batch': 1.6631228005656828, 'cuda_allocated_mb': 236, 'cuda_reserved_mb': 10806, 'cuda_max_allocated_mb': 10631}
{'event': 'validation_start', 'epoch': 8}
{'event': 'validation_ranking_start', 'epoch': 8, 'max_edges': 50}
{'event': 'epoch_end', 'epoch': 8, 'early_stop_metric': 'val_composite', 'val_score': 0.8898121753579546, 'val_auc': 0.9345747179499622, 'val_ap': 0.845867030785718, 'val_ndcg': 0.9782959933640374, 'val_mrr': 0.8800785291737769, 'val_hits@1': 0.86, 'val_hits@10': 0.9, 'val_hits@50': 0.9, 'val_hits@100': 0.9, 'elapsed_sec': 511.26899018883705}
{'event': 'epoch_start', 'epoch': 9, 'epochs': 20, 'batches': 195, 'time_groups': 178}
{'event': 'train_time_group', 'epoch': 9, 'time_group': 1, 'time_groups': 178, 'batch': 0, 'batches': 195, 'time_value': 0.0, 'group_batches': 1, 'history_edges': 0, 'elapsed_sec': 0.04418740049004555, 'cuda_allocated_mb': 106, 'cuda_reserved_mb': 10806, 'cuda_max_allocated_mb': 10631}
{'event': 'train_progress', 'epoch': 9, 'batch': 1, 'batches': 195, 'time_group': 1, 'time_groups': 178, 'history_edges': 0, 'pos_edges': 942, 'neg_edges': 4710, 'loss_recent': 350.9466247558594, 'elapsed_sec': 1.492843333631754, 'avg_sec_per_batch': 1.492843333631754, 'cuda_allocated_mb': 212, 'cuda_reserved_mb': 10806, 'cuda_max_allocated_mb': 10631}
{'event': 'train_progress', 'epoch': 9, 'batch': 81, 'batches': 195, 'time_group': 81, 'time_groups': 178, 'history_edges': 42164, 'pos_edges': 896, 'neg_edges': 4480, 'loss_recent': 68.60132353982807, 'elapsed_sec': 62.35326732322574, 'avg_sec_per_batch': 0.7697934237435277, 'cuda_allocated_mb': 207, 'cuda_reserved_mb': 10806, 'cuda_max_allocated_mb': 10631}
{'event': 'train_progress', 'epoch': 9, 'batch': 100, 'batches': 195, 'time_group': 100, 'time_groups': 178, 'history_edges': 64610, 'pos_edges': 1538, 'neg_edges': 7690, 'loss_recent': 82.23070854187011, 'elapsed_sec': 89.99429534748197, 'avg_sec_per_batch': 0.8999429534748197, 'cuda_allocated_mb': 234, 'cuda_reserved_mb': 10806, 'cuda_max_allocated_mb': 10631}
{'event': 'train_progress', 'epoch': 9, 'batch': 129, 'batches': 195, 'time_group': 129, 'time_groups': 178, 'history_edges': 123418, 'pos_edges': 2642, 'neg_edges': 13210, 'loss_recent': 124.19846569061279, 'elapsed_sec': 150.88887228816748, 'avg_sec_per_batch': 1.16968118052843, 'cuda_allocated_mb': 234, 'cuda_reserved_mb': 10806, 'cuda_max_allocated_mb': 10631}
{'event': 'train_progress', 'epoch': 9, 'batch': 151, 'batches': 195, 'time_group': 151, 'time_groups': 178, 'history_edges': 188944, 'pos_edges': 3386, 'neg_edges': 16930, 'loss_recent': 167.05659049987793, 'elapsed_sec': 212.4887959845364, 'avg_sec_per_batch': 1.407210569434016, 'cuda_allocated_mb': 235, 'cuda_reserved_mb': 10806, 'cuda_max_allocated_mb': 10631}
{'event': 'train_progress', 'epoch': 9, 'batch': 176, 'batches': 195, 'time_group': 169, 'time_groups': 178, 'history_edges': 260784, 'pos_edges': 4096, 'neg_edges': 20480, 'loss_recent': 204.28146735668182, 'elapsed_sec': 274.8764323554933, 'avg_sec_per_batch': 1.5617979111107574, 'cuda_allocated_mb': 235, 'cuda_reserved_mb': 10806, 'cuda_max_allocated_mb': 10631}
{'event': 'train_time_group', 'epoch': 9, 'time_group': 178, 'time_groups': 178, 'batch': 193, 'batches': 195, 'time_value': 177.0, 'group_batches': 2, 'history_edges': 315692, 'elapsed_sec': 320.9905302450061, 'cuda_allocated_mb': 106, 'cuda_reserved_mb': 10806, 'cuda_max_allocated_mb': 10631}
{'event': 'train_progress', 'epoch': 9, 'batch': 195, 'batches': 195, 'time_group': 178, 'time_groups': 178, 'history_edges': 315692, 'pos_edges': 3292, 'neg_edges': 16460, 'loss_recent': 229.32796782970428, 'elapsed_sec': 327.25203048065305, 'avg_sec_per_batch': 1.6782155409264259, 'cuda_allocated_mb': 236, 'cuda_reserved_mb': 10806, 'cuda_max_allocated_mb': 10631}
{'event': 'validation_start', 'epoch': 9}
{'event': 'validation_ranking_start', 'epoch': 9, 'max_edges': 50}
{'event': 'epoch_end', 'epoch': 9, 'early_stop_metric': 'val_composite', 'val_score': 0.8912678763709413, 'val_auc': 0.9335080212142737, 'val_ap': 0.8456033190025578, 'val_ndcg': 0.9781486704924887, 'val_mrr': 0.8833626825770888, 'val_hits@1': 0.87, 'val_hits@10': 0.9, 'val_hits@50': 0.9, 'val_hits@100': 0.9, 'elapsed_sec': 516.1343408748507}
{'event': 'epoch_start', 'epoch': 10, 'epochs': 20, 'batches': 195, 'time_groups': 178}
{'event': 'train_time_group', 'epoch': 10, 'time_group': 1, 'time_groups': 178, 'batch': 0, 'batches': 195, 'time_value': 0.0, 'group_batches': 1, 'history_edges': 0, 'elapsed_sec': 0.03541841357946396, 'cuda_allocated_mb': 106, 'cuda_reserved_mb': 10806, 'cuda_max_allocated_mb': 10631}
{'event': 'train_progress', 'epoch': 10, 'batch': 1, 'batches': 195, 'time_group': 1, 'time_groups': 178, 'history_edges': 0, 'pos_edges': 942, 'neg_edges': 4710, 'loss_recent': 374.2276611328125, 'elapsed_sec': 1.1456941924989223, 'avg_sec_per_batch': 1.1456941924989223, 'cuda_allocated_mb': 213, 'cuda_reserved_mb': 10806, 'cuda_max_allocated_mb': 10631}
{'event': 'train_progress', 'epoch': 10, 'batch': 82, 'batches': 195, 'time_group': 82, 'time_groups': 178, 'history_edges': 43060, 'pos_edges': 920, 'neg_edges': 4600, 'loss_recent': 69.23805683415111, 'elapsed_sec': 61.71729823201895, 'avg_sec_per_batch': 0.7526499784392554, 'cuda_allocated_mb': 209, 'cuda_reserved_mb': 10806, 'cuda_max_allocated_mb': 10631}
{'event': 'train_progress', 'epoch': 10, 'batch': 100, 'batches': 195, 'time_group': 100, 'time_groups': 178, 'history_edges': 64610, 'pos_edges': 1538, 'neg_edges': 7690, 'loss_recent': 82.34362800598144, 'elapsed_sec': 88.6157444305718, 'avg_sec_per_batch': 0.886157444305718, 'cuda_allocated_mb': 234, 'cuda_reserved_mb': 10806, 'cuda_max_allocated_mb': 10631}
{'event': 'train_progress', 'epoch': 10, 'batch': 129, 'batches': 195, 'time_group': 129, 'time_groups': 178, 'history_edges': 123418, 'pos_edges': 2642, 'neg_edges': 13210, 'loss_recent': 124.09368923187256, 'elapsed_sec': 150.3800794929266, 'avg_sec_per_batch': 1.1657370503327644, 'cuda_allocated_mb': 234, 'cuda_reserved_mb': 10806, 'cuda_max_allocated_mb': 10631}
{'event': 'train_progress', 'epoch': 10, 'batch': 151, 'batches': 195, 'time_group': 151, 'time_groups': 178, 'history_edges': 188944, 'pos_edges': 3386, 'neg_edges': 16930, 'loss_recent': 166.9385657119751, 'elapsed_sec': 211.2466466128826, 'avg_sec_per_batch': 1.3989844146548518, 'cuda_allocated_mb': 235, 'cuda_reserved_mb': 10806, 'cuda_max_allocated_mb': 10631}
{'event': 'train_progress', 'epoch': 10, 'batch': 176, 'batches': 195, 'time_group': 169, 'time_groups': 178, 'history_edges': 260784, 'pos_edges': 4096, 'neg_edges': 20480, 'loss_recent': 204.06714299678802, 'elapsed_sec': 274.6422088779509, 'avg_sec_per_batch': 1.5604670958974483, 'cuda_allocated_mb': 235, 'cuda_reserved_mb': 10806, 'cuda_max_allocated_mb': 10631}
{'event': 'train_time_group', 'epoch': 10, 'time_group': 178, 'time_groups': 178, 'batch': 193, 'batches': 195, 'time_value': 177.0, 'group_batches': 2, 'history_edges': 315692, 'elapsed_sec': 320.4790877588093, 'cuda_allocated_mb': 106, 'cuda_reserved_mb': 10806, 'cuda_max_allocated_mb': 10631}
{'event': 'train_progress', 'epoch': 10, 'batch': 195, 'batches': 195, 'time_group': 178, 'time_groups': 178, 'history_edges': 315692, 'pos_edges': 3292, 'neg_edges': 16460, 'loss_recent': 229.19076070308685, 'elapsed_sec': 326.74058124423027, 'avg_sec_per_batch': 1.675592724329386, 'cuda_allocated_mb': 236, 'cuda_reserved_mb': 10806, 'cuda_max_allocated_mb': 10631}
{'event': 'validation_start', 'epoch': 10}
{'event': 'validation_ranking_start', 'epoch': 10, 'max_edges': 50}
{'event': 'epoch_end', 'epoch': 10, 'early_stop_metric': 'val_composite', 'val_score': 0.889248460544871, 'val_auc': 0.9321521480662676, 'val_ap': 0.8441413858005634, 'val_ndcg': 0.977861634469121, 'val_mrr': 0.8800229995097493, 'val_hits@1': 0.86, 'val_hits@10': 0.9, 'val_hits@50': 0.9, 'val_hits@100': 0.9, 'elapsed_sec': 515.7823024019599}
{'event': 'epoch_start', 'epoch': 11, 'epochs': 20, 'batches': 195, 'time_groups': 178}
{'event': 'train_time_group', 'epoch': 11, 'time_group': 1, 'time_groups': 178, 'batch': 0, 'batches': 195, 'time_value': 0.0, 'group_batches': 1, 'history_edges': 0, 'elapsed_sec': 0.03633816912770271, 'cuda_allocated_mb': 106, 'cuda_reserved_mb': 10806, 'cuda_max_allocated_mb': 10631}
{'event': 'train_progress', 'epoch': 11, 'batch': 1, 'batches': 195, 'time_group': 1, 'time_groups': 178, 'history_edges': 0, 'pos_edges': 942, 'neg_edges': 4710, 'loss_recent': 402.53973388671875, 'elapsed_sec': 1.1533519886434078, 'avg_sec_per_batch': 1.1533519886434078, 'cuda_allocated_mb': 213, 'cuda_reserved_mb': 10806, 'cuda_max_allocated_mb': 10631}
{'event': 'train_progress', 'epoch': 11, 'batch': 82, 'batches': 195, 'time_group': 82, 'time_groups': 178, 'history_edges': 43060, 'pos_edges': 920, 'neg_edges': 4600, 'loss_recent': 69.5014563304622, 'elapsed_sec': 61.85491327568889, 'avg_sec_per_batch': 0.7543282106791328, 'cuda_allocated_mb': 209, 'cuda_reserved_mb': 10806, 'cuda_max_allocated_mb': 10631}
{'event': 'train_progress', 'epoch': 11, 'batch': 100, 'batches': 195, 'time_group': 100, 'time_groups': 178, 'history_edges': 64610, 'pos_edges': 1538, 'neg_edges': 7690, 'loss_recent': 82.5117924118042, 'elapsed_sec': 87.69371035695076, 'avg_sec_per_batch': 0.8769371035695076, 'cuda_allocated_mb': 234, 'cuda_reserved_mb': 10806, 'cuda_max_allocated_mb': 10631}
{'event': 'train_progress', 'epoch': 11, 'batch': 129, 'batches': 195, 'time_group': 129, 'time_groups': 178, 'history_edges': 123418, 'pos_edges': 2642, 'neg_edges': 13210, 'loss_recent': 123.72888420104981, 'elapsed_sec': 149.0620661266148, 'avg_sec_per_batch': 1.1555198924543784, 'cuda_allocated_mb': 234, 'cuda_reserved_mb': 10806, 'cuda_max_allocated_mb': 10631}
{'event': 'train_progress', 'epoch': 11, 'batch': 151, 'batches': 195, 'time_group': 151, 'time_groups': 178, 'history_edges': 188944, 'pos_edges': 3386, 'neg_edges': 16930, 'loss_recent': 166.55488704681397, 'elapsed_sec': 211.1578240841627, 'avg_sec_per_batch': 1.3983961859878324, 'cuda_allocated_mb': 235, 'cuda_reserved_mb': 10806, 'cuda_max_allocated_mb': 10631}
{'event': 'train_progress', 'epoch': 11, 'batch': 176, 'batches': 195, 'time_group': 169, 'time_groups': 178, 'history_edges': 260784, 'pos_edges': 4096, 'neg_edges': 20480, 'loss_recent': 203.5545695543289, 'elapsed_sec': 273.82090586796403, 'avg_sec_per_batch': 1.555800601522523, 'cuda_allocated_mb': 235, 'cuda_reserved_mb': 10806, 'cuda_max_allocated_mb': 10631}
{'event': 'train_time_group', 'epoch': 11, 'time_group': 178, 'time_groups': 178, 'batch': 193, 'batches': 195, 'time_value': 177.0, 'group_batches': 2, 'history_edges': 315692, 'elapsed_sec': 319.31369415670633, 'cuda_allocated_mb': 106, 'cuda_reserved_mb': 10806, 'cuda_max_allocated_mb': 10631}
{'event': 'train_progress', 'epoch': 11, 'batch': 195, 'batches': 195, 'time_group': 178, 'time_groups': 178, 'history_edges': 315692, 'pos_edges': 3292, 'neg_edges': 16460, 'loss_recent': 228.48508453845977, 'elapsed_sec': 325.31437334418297, 'avg_sec_per_batch': 1.6682788376624769, 'cuda_allocated_mb': 236, 'cuda_reserved_mb': 10806, 'cuda_max_allocated_mb': 10631}
{'event': 'validation_start', 'epoch': 11}
{'event': 'validation_ranking_start', 'epoch': 11, 'max_edges': 50}
{'event': 'epoch_end', 'epoch': 11, 'early_stop_metric': 'val_composite', 'val_score': 0.8875275550407069, 'val_auc': 0.9360853331479947, 'val_ap': 0.8457044834273294, 'val_ndcg': 0.9784300602191482, 'val_mrr': 0.8750886134515494, 'val_hits@1': 0.85, 'val_hits@10': 0.9, 'val_hits@50': 0.9, 'val_hits@100': 0.9, 'elapsed_sec': 512.9125785902143}
{'event': 'epoch_start', 'epoch': 12, 'epochs': 20, 'batches': 195, 'time_groups': 178}
{'event': 'train_time_group', 'epoch': 12, 'time_group': 1, 'time_groups': 178, 'batch': 0, 'batches': 195, 'time_value': 0.0, 'group_batches': 1, 'history_edges': 0, 'elapsed_sec': 0.040154486894607544, 'cuda_allocated_mb': 106, 'cuda_reserved_mb': 10806, 'cuda_max_allocated_mb': 10631}
{'event': 'train_progress', 'epoch': 12, 'batch': 1, 'batches': 195, 'time_group': 1, 'time_groups': 178, 'history_edges': 0, 'pos_edges': 942, 'neg_edges': 4710, 'loss_recent': 426.4847106933594, 'elapsed_sec': 1.2628204114735126, 'avg_sec_per_batch': 1.2628204114735126, 'cuda_allocated_mb': 214, 'cuda_reserved_mb': 10806, 'cuda_max_allocated_mb': 10631}
{'event': 'train_progress', 'epoch': 12, 'batch': 82, 'batches': 195, 'time_group': 82, 'time_groups': 178, 'history_edges': 43060, 'pos_edges': 920, 'neg_edges': 4600, 'loss_recent': 69.55964041919243, 'elapsed_sec': 61.69876462966204, 'avg_sec_per_batch': 0.7524239588983175, 'cuda_allocated_mb': 210, 'cuda_reserved_mb': 10806, 'cuda_max_allocated_mb': 10631}
{'event': 'train_progress', 'epoch': 12, 'batch': 100, 'batches': 195, 'time_group': 100, 'time_groups': 178, 'history_edges': 64610, 'pos_edges': 1538, 'neg_edges': 7690, 'loss_recent': 82.4816735458374, 'elapsed_sec': 87.9428591132164, 'avg_sec_per_batch': 0.879428591132164, 'cuda_allocated_mb': 234, 'cuda_reserved_mb': 10806, 'cuda_max_allocated_mb': 10631}
{'event': 'train_progress', 'epoch': 12, 'batch': 129, 'batches': 195, 'time_group': 129, 'time_groups': 178, 'history_edges': 123418, 'pos_edges': 2642, 'neg_edges': 13210, 'loss_recent': 123.510571975708, 'elapsed_sec': 148.0075836777687, 'avg_sec_per_batch': 1.1473456099051837, 'cuda_allocated_mb': 234, 'cuda_reserved_mb': 10806, 'cuda_max_allocated_mb': 10631}
{'event': 'train_progress', 'epoch': 12, 'batch': 151, 'batches': 195, 'time_group': 151, 'time_groups': 178, 'history_edges': 188944, 'pos_edges': 3386, 'neg_edges': 16930, 'loss_recent': 166.25587867736817, 'elapsed_sec': 208.45237853378057, 'avg_sec_per_batch': 1.3804793280382819, 'cuda_allocated_mb': 235, 'cuda_reserved_mb': 10806, 'cuda_max_allocated_mb': 10631}
{'event': 'train_time_group', 'epoch': 12, 'time_group': 169, 'time_groups': 178, 'batch': 175, 'batches': 195, 'time_value': 168.0, 'group_batches': 2, 'history_edges': 260784, 'elapsed_sec': 268.64564679935575, 'cuda_allocated_mb': 105, 'cuda_reserved_mb': 10806, 'cuda_max_allocated_mb': 10631}
{'event': 'train_time_group', 'epoch': 12, 'time_group': 178, 'time_groups': 178, 'batch': 193, 'batches': 195, 'time_value': 177.0, 'group_batches': 2, 'history_edges': 315692, 'elapsed_sec': 317.2803810238838, 'cuda_allocated_mb': 106, 'cuda_reserved_mb': 10806, 'cuda_max_allocated_mb': 10631}
{'event': 'train_progress', 'epoch': 12, 'batch': 195, 'batches': 195, 'time_group': 178, 'time_groups': 178, 'history_edges': 315692, 'pos_edges': 3292, 'neg_edges': 16460, 'loss_recent': 228.19364223480224, 'elapsed_sec': 323.41932364553213, 'avg_sec_per_batch': 1.658560634079652, 'cuda_allocated_mb': 236, 'cuda_reserved_mb': 10806, 'cuda_max_allocated_mb': 10631}
{'event': 'validation_start', 'epoch': 12}
{'event': 'validation_ranking_start', 'epoch': 12, 'max_edges': 50}
{'event': 'epoch_end', 'epoch': 12, 'early_stop_metric': 'val_composite', 'val_score': 0.8897401990336973, 'val_auc': 0.9339937276951362, 'val_ap': 0.8462440502024403, 'val_ndcg': 0.9782874133519972, 'val_mrr': 0.8800334697183656, 'val_hits@1': 0.86, 'val_hits@10': 0.9, 'val_hits@50': 0.9, 'val_hits@100': 0.9, 'elapsed_sec': 509.83713322505355}
{'event': 'epoch_start', 'epoch': 13, 'epochs': 20, 'batches': 195, 'time_groups': 178}
{'event': 'train_time_group', 'epoch': 13, 'time_group': 1, 'time_groups': 178, 'batch': 0, 'batches': 195, 'time_value': 0.0, 'group_batches': 1, 'history_edges': 0, 'elapsed_sec': 0.03583895415067673, 'cuda_allocated_mb': 106, 'cuda_reserved_mb': 10806, 'cuda_max_allocated_mb': 10631}
{'event': 'train_progress', 'epoch': 13, 'batch': 1, 'batches': 195, 'time_group': 1, 'time_groups': 178, 'history_edges': 0, 'pos_edges': 942, 'neg_edges': 4710, 'loss_recent': 455.3027038574219, 'elapsed_sec': 1.1773417480289936, 'avg_sec_per_batch': 1.1773417480289936, 'cuda_allocated_mb': 213, 'cuda_reserved_mb': 10806, 'cuda_max_allocated_mb': 10631}
{'event': 'train_progress', 'epoch': 13, 'batch': 81, 'batches': 195, 'time_group': 81, 'time_groups': 178, 'history_edges': 42164, 'pos_edges': 896, 'neg_edges': 4480, 'loss_recent': 69.30380771778248, 'elapsed_sec': 61.839682936668396, 'avg_sec_per_batch': 0.7634528757613382, 'cuda_allocated_mb': 208, 'cuda_reserved_mb': 10806, 'cuda_max_allocated_mb': 10631}
{'event': 'train_progress', 'epoch': 13, 'batch': 100, 'batches': 195, 'time_group': 100, 'time_groups': 178, 'history_edges': 64610, 'pos_edges': 1538, 'neg_edges': 7690, 'loss_recent': 82.66365459442139, 'elapsed_sec': 89.47182476893067, 'avg_sec_per_batch': 0.8947182476893067, 'cuda_allocated_mb': 234, 'cuda_reserved_mb': 10806, 'cuda_max_allocated_mb': 10631}
{'event': 'train_progress', 'epoch': 13, 'batch': 129, 'batches': 195, 'time_group': 129, 'time_groups': 178, 'history_edges': 123418, 'pos_edges': 2642, 'neg_edges': 13210, 'loss_recent': 123.34461906433106, 'elapsed_sec': 150.3121241480112, 'avg_sec_per_batch': 1.1652102647132652, 'cuda_allocated_mb': 234, 'cuda_reserved_mb': 10806, 'cuda_max_allocated_mb': 10631}
{'event': 'train_progress', 'epoch': 13, 'batch': 151, 'batches': 195, 'time_group': 151, 'time_groups': 178, 'history_edges': 188944, 'pos_edges': 3386, 'neg_edges': 16930, 'loss_recent': 165.9309955215454, 'elapsed_sec': 210.86670277267694, 'avg_sec_per_batch': 1.3964682302826288, 'cuda_allocated_mb': 235, 'cuda_reserved_mb': 10806, 'cuda_max_allocated_mb': 10631}
{'event': 'train_progress', 'epoch': 13, 'batch': 175, 'batches': 195, 'time_group': 168, 'time_groups': 178, 'history_edges': 255832, 'pos_edges': 856, 'neg_edges': 4280, 'loss_recent': 200.86620012760162, 'elapsed_sec': 270.9163444451988, 'avg_sec_per_batch': 1.5480933968297073, 'cuda_allocated_mb': 234, 'cuda_reserved_mb': 10806, 'cuda_max_allocated_mb': 10631}
{'event': 'train_time_group', 'epoch': 13, 'time_group': 178, 'time_groups': 178, 'batch': 193, 'batches': 195, 'time_value': 177.0, 'group_batches': 2, 'history_edges': 315692, 'elapsed_sec': 319.08208656311035, 'cuda_allocated_mb': 106, 'cuda_reserved_mb': 10806, 'cuda_max_allocated_mb': 10631}
{'event': 'train_progress', 'epoch': 13, 'batch': 195, 'batches': 195, 'time_group': 178, 'time_groups': 178, 'history_edges': 315692, 'pos_edges': 3292, 'neg_edges': 16460, 'loss_recent': 227.78211313724518, 'elapsed_sec': 325.06650353223085, 'avg_sec_per_batch': 1.6670077104216967, 'cuda_allocated_mb': 236, 'cuda_reserved_mb': 10806, 'cuda_max_allocated_mb': 10631}
{'event': 'validation_start', 'epoch': 13}
{'event': 'validation_ranking_start', 'epoch': 13, 'max_edges': 50}
{'event': 'epoch_end', 'epoch': 13, 'early_stop_metric': 'val_composite', 'val_score': 0.8911217365723513, 'val_auc': 0.9340276224773846, 'val_ap': 0.8434379413390947, 'val_ndcg': 0.9779443998816008, 'val_mrr': 0.8833475981336681, 'val_hits@1': 0.87, 'val_hits@10': 0.9, 'val_hits@50': 0.9, 'val_hits@100': 0.9, 'elapsed_sec': 513.0256528556347}
{'event': 'epoch_start', 'epoch': 14, 'epochs': 20, 'batches': 195, 'time_groups': 178}
{'event': 'train_time_group', 'epoch': 14, 'time_group': 1, 'time_groups': 178, 'batch': 0, 'batches': 195, 'time_value': 0.0, 'group_batches': 1, 'history_edges': 0, 'elapsed_sec': 0.035781197249889374, 'cuda_allocated_mb': 106, 'cuda_reserved_mb': 10806, 'cuda_max_allocated_mb': 10631}
{'event': 'train_progress', 'epoch': 14, 'batch': 1, 'batches': 195, 'time_group': 1, 'time_groups': 178, 'history_edges': 0, 'pos_edges': 942, 'neg_edges': 4710, 'loss_recent': 482.80517578125, 'elapsed_sec': 1.1515977270901203, 'avg_sec_per_batch': 1.1515977270901203, 'cuda_allocated_mb': 213, 'cuda_reserved_mb': 10806, 'cuda_max_allocated_mb': 10631}
{'event': 'train_progress', 'epoch': 14, 'batch': 82, 'batches': 195, 'time_group': 82, 'time_groups': 178, 'history_edges': 43060, 'pos_edges': 920, 'neg_edges': 4600, 'loss_recent': 69.85729929295982, 'elapsed_sec': 62.23016254976392, 'avg_sec_per_batch': 0.7589044213385844, 'cuda_allocated_mb': 211, 'cuda_reserved_mb': 10806, 'cuda_max_allocated_mb': 10631}
{'event': 'train_progress', 'epoch': 14, 'batch': 100, 'batches': 195, 'time_group': 100, 'time_groups': 178, 'history_edges': 64610, 'pos_edges': 1538, 'neg_edges': 7690, 'loss_recent': 82.74062313079834, 'elapsed_sec': 88.60443739593029, 'avg_sec_per_batch': 0.8860443739593029, 'cuda_allocated_mb': 234, 'cuda_reserved_mb': 10806, 'cuda_max_allocated_mb': 10631}
{'event': 'train_progress', 'epoch': 14, 'batch': 128, 'batches': 195, 'time_group': 128, 'time_groups': 178, 'history_edges': 120770, 'pos_edges': 2648, 'neg_edges': 13240, 'loss_recent': 121.31864620208741, 'elapsed_sec': 148.90252449736, 'avg_sec_per_batch': 1.163300972635625, 'cuda_allocated_mb': 234, 'cuda_reserved_mb': 10806, 'cuda_max_allocated_mb': 10631}
{'event': 'train_progress', 'epoch': 14, 'batch': 150, 'batches': 195, 'time_group': 150, 'time_groups': 178, 'history_edges': 185678, 'pos_edges': 3266, 'neg_edges': 16330, 'loss_recent': 163.8086279296875, 'elapsed_sec': 209.26195009052753, 'avg_sec_per_batch': 1.3950796672701835, 'cuda_allocated_mb': 235, 'cuda_reserved_mb': 10806, 'cuda_max_allocated_mb': 10631}
{'event': 'train_progress', 'epoch': 14, 'batch': 174, 'batches': 195, 'time_group': 168, 'time_groups': 178, 'history_edges': 255832, 'pos_edges': 4096, 'neg_edges': 20480, 'loss_recent': 200.5581385040283, 'elapsed_sec': 271.44208446890116, 'avg_sec_per_batch': 1.5600119797063285, 'cuda_allocated_mb': 235, 'cuda_reserved_mb': 10806, 'cuda_max_allocated_mb': 10631}
{'event': 'train_time_group', 'epoch': 14, 'time_group': 178, 'time_groups': 178, 'batch': 193, 'batches': 195, 'time_value': 177.0, 'group_batches': 2, 'history_edges': 315692, 'elapsed_sec': 321.2134072482586, 'cuda_allocated_mb': 106, 'cuda_reserved_mb': 10806, 'cuda_max_allocated_mb': 10631}
{'event': 'train_progress', 'epoch': 14, 'batch': 195, 'batches': 195, 'time_group': 178, 'time_groups': 178, 'history_edges': 315692, 'pos_edges': 3292, 'neg_edges': 16460, 'loss_recent': 227.78700698852538, 'elapsed_sec': 327.51091861352324, 'avg_sec_per_batch': 1.6795431723770422, 'cuda_allocated_mb': 236, 'cuda_reserved_mb': 10806, 'cuda_max_allocated_mb': 10631}
{'event': 'validation_start', 'epoch': 14}
{'event': 'validation_ranking_start', 'epoch': 14, 'max_edges': 50}
{'event': 'epoch_end', 'epoch': 14, 'early_stop_metric': 'val_composite', 'val_score': 0.8920840869270084, 'val_auc': 0.9342912151937367, 'val_ap': 0.8443009772598175, 'val_ndcg': 0.9781028054299945, 'val_mrr': 0.8850206138439322, 'val_hits@1': 0.87, 'val_hits@10': 0.9, 'val_hits@50': 0.9, 'val_hits@100': 0.9, 'elapsed_sec': 514.2730936929584}
{'event': 'epoch_start', 'epoch': 15, 'epochs': 20, 'batches': 195, 'time_groups': 178}
{'event': 'train_time_group', 'epoch': 15, 'time_group': 1, 'time_groups': 178, 'batch': 0, 'batches': 195, 'time_value': 0.0, 'group_batches': 1, 'history_edges': 0, 'elapsed_sec': 0.03740584850311279, 'cuda_allocated_mb': 106, 'cuda_reserved_mb': 10806, 'cuda_max_allocated_mb': 10631}
{'event': 'train_progress', 'epoch': 15, 'batch': 1, 'batches': 195, 'time_group': 1, 'time_groups': 178, 'history_edges': 0, 'pos_edges': 942, 'neg_edges': 4710, 'loss_recent': 513.2405395507812, 'elapsed_sec': 1.215679842978716, 'avg_sec_per_batch': 1.215679842978716, 'cuda_allocated_mb': 212, 'cuda_reserved_mb': 10806, 'cuda_max_allocated_mb': 10631}
{'event': 'train_progress', 'epoch': 15, 'batch': 82, 'batches': 195, 'time_group': 82, 'time_groups': 178, 'history_edges': 43060, 'pos_edges': 920, 'neg_edges': 4600, 'loss_recent': 70.36285944682795, 'elapsed_sec': 61.53173880279064, 'avg_sec_per_batch': 0.7503870585706176, 'cuda_allocated_mb': 209, 'cuda_reserved_mb': 10806, 'cuda_max_allocated_mb': 10631}
{'event': 'train_progress', 'epoch': 15, 'batch': 100, 'batches': 195, 'time_group': 100, 'time_groups': 178, 'history_edges': 64610, 'pos_edges': 1538, 'neg_edges': 7690, 'loss_recent': 83.05398448944092, 'elapsed_sec': 87.48659783601761, 'avg_sec_per_batch': 0.8748659783601761, 'cuda_allocated_mb': 234, 'cuda_reserved_mb': 10806, 'cuda_max_allocated_mb': 10631}
{'event': 'train_progress', 'epoch': 15, 'batch': 129, 'batches': 195, 'time_group': 129, 'time_groups': 178, 'history_edges': 123418, 'pos_edges': 2642, 'neg_edges': 13210, 'loss_recent': 123.07887748718262, 'elapsed_sec': 147.97480042278767, 'avg_sec_per_batch': 1.1470914761456408, 'cuda_allocated_mb': 234, 'cuda_reserved_mb': 10806, 'cuda_max_allocated_mb': 10631}
{'event': 'train_progress', 'epoch': 15, 'batch': 151, 'batches': 195, 'time_group': 151, 'time_groups': 178, 'history_edges': 188944, 'pos_edges': 3386, 'neg_edges': 16930, 'loss_recent': 165.75957065582276, 'elapsed_sec': 208.58321127295494, 'avg_sec_per_batch': 1.381345770019569, 'cuda_allocated_mb': 235, 'cuda_reserved_mb': 10806, 'cuda_max_allocated_mb': 10631}
{'event': 'train_progress', 'epoch': 15, 'batch': 176, 'batches': 195, 'time_group': 169, 'time_groups': 178, 'history_edges': 260784, 'pos_edges': 4096, 'neg_edges': 20480, 'loss_recent': 202.6942081975937, 'elapsed_sec': 271.83371901884675, 'avg_sec_per_batch': 1.5445097671525383, 'cuda_allocated_mb': 235, 'cuda_reserved_mb': 10806, 'cuda_max_allocated_mb': 10631}
{'event': 'train_time_group', 'epoch': 15, 'time_group': 178, 'time_groups': 178, 'batch': 193, 'batches': 195, 'time_value': 177.0, 'group_batches': 2, 'history_edges': 315692, 'elapsed_sec': 316.28651352226734, 'cuda_allocated_mb': 106, 'cuda_reserved_mb': 10806, 'cuda_max_allocated_mb': 10631}
{'event': 'train_progress', 'epoch': 15, 'batch': 195, 'batches': 195, 'time_group': 178, 'time_groups': 178, 'history_edges': 315692, 'pos_edges': 3292, 'neg_edges': 16460, 'loss_recent': 227.5969252538681, 'elapsed_sec': 322.2425539381802, 'avg_sec_per_batch': 1.6525259176316933, 'cuda_allocated_mb': 236, 'cuda_reserved_mb': 10806, 'cuda_max_allocated_mb': 10631}
{'event': 'validation_start', 'epoch': 15}
{'event': 'validation_ranking_start', 'epoch': 15, 'max_edges': 50}
{'event': 'epoch_end', 'epoch': 15, 'early_stop_metric': 'val_composite', 'val_score': 0.8891933773081915, 'val_auc': 0.9357225358005665, 'val_ap': 0.8465933272693742, 'val_ndcg': 0.9784772793436155, 'val_mrr': 0.8783513284223381, 'val_hits@1': 0.86, 'val_hits@10': 0.9, 'val_hits@50': 0.9, 'val_hits@100': 0.9, 'elapsed_sec': 508.5645083785057}
{'event': 'epoch_start', 'epoch': 16, 'epochs': 20, 'batches': 195, 'time_groups': 178}
{'event': 'train_time_group', 'epoch': 16, 'time_group': 1, 'time_groups': 178, 'batch': 0, 'batches': 195, 'time_value': 0.0, 'group_batches': 1, 'history_edges': 0, 'elapsed_sec': 0.04020047187805176, 'cuda_allocated_mb': 106, 'cuda_reserved_mb': 10806, 'cuda_max_allocated_mb': 10631}
{'event': 'train_progress', 'epoch': 16, 'batch': 1, 'batches': 195, 'time_group': 1, 'time_groups': 178, 'history_edges': 0, 'pos_edges': 942, 'neg_edges': 4710, 'loss_recent': 533.9788208007812, 'elapsed_sec': 1.1533349752426147, 'avg_sec_per_batch': 1.1533349752426147, 'cuda_allocated_mb': 212, 'cuda_reserved_mb': 10806, 'cuda_max_allocated_mb': 10631}
{'event': 'train_progress', 'epoch': 16, 'batch': 81, 'batches': 195, 'time_group': 81, 'time_groups': 178, 'history_edges': 42164, 'pos_edges': 896, 'neg_edges': 4480, 'loss_recent': 70.11978709844895, 'elapsed_sec': 61.476305678486824, 'avg_sec_per_batch': 0.7589667367714422, 'cuda_allocated_mb': 208, 'cuda_reserved_mb': 10806, 'cuda_max_allocated_mb': 10631}
{'event': 'train_progress', 'epoch': 16, 'batch': 100, 'batches': 195, 'time_group': 100, 'time_groups': 178, 'history_edges': 64610, 'pos_edges': 1538, 'neg_edges': 7690, 'loss_recent': 83.23913967132569, 'elapsed_sec': 88.6928991265595, 'avg_sec_per_batch': 0.886928991265595, 'cuda_allocated_mb': 234, 'cuda_reserved_mb': 10806, 'cuda_max_allocated_mb': 10631}
{'event': 'train_progress', 'epoch': 16, 'batch': 129, 'batches': 195, 'time_group': 129, 'time_groups': 178, 'history_edges': 123418, 'pos_edges': 2642, 'neg_edges': 13210, 'loss_recent': 122.9549532699585, 'elapsed_sec': 148.81161342188716, 'avg_sec_per_batch': 1.1535783986192802, 'cuda_allocated_mb': 234, 'cuda_reserved_mb': 10806, 'cuda_max_allocated_mb': 10631}
{'event': 'train_progress', 'epoch': 16, 'batch': 152, 'batches': 195, 'time_group': 152, 'time_groups': 178, 'history_edges': 192330, 'pos_edges': 3412, 'neg_edges': 17060, 'loss_recent': 167.68492713928222, 'elapsed_sec': 211.12609396874905, 'avg_sec_per_batch': 1.3889874603207175, 'cuda_allocated_mb': 235, 'cuda_reserved_mb': 10806, 'cuda_max_allocated_mb': 10631}
{'event': 'train_progress', 'epoch': 16, 'batch': 177, 'batches': 195, 'time_group': 169, 'time_groups': 178, 'history_edges': 260784, 'pos_edges': 1058, 'neg_edges': 5290, 'loss_recent': 203.0132606744766, 'elapsed_sec': 271.7931654341519, 'avg_sec_per_batch': 1.5355546069726096, 'cuda_allocated_mb': 235, 'cuda_reserved_mb': 10806, 'cuda_max_allocated_mb': 10631}
{'event': 'train_time_group', 'epoch': 16, 'time_group': 178, 'time_groups': 178, 'batch': 193, 'batches': 195, 'time_value': 177.0, 'group_batches': 2, 'history_edges': 315692, 'elapsed_sec': 314.135543808341, 'cuda_allocated_mb': 106, 'cuda_reserved_mb': 10806, 'cuda_max_allocated_mb': 10631}
{'event': 'train_progress', 'epoch': 16, 'batch': 195, 'batches': 195, 'time_group': 178, 'time_groups': 178, 'history_edges': 315692, 'pos_edges': 3292, 'neg_edges': 16460, 'loss_recent': 227.3616248559952, 'elapsed_sec': 319.97382735833526, 'avg_sec_per_batch': 1.6408914223504372, 'cuda_allocated_mb': 236, 'cuda_reserved_mb': 10826, 'cuda_max_allocated_mb': 10631}
{'event': 'validation_start', 'epoch': 16}
{'event': 'validation_ranking_start', 'epoch': 16, 'max_edges': 50}
{'event': 'epoch_end', 'epoch': 16, 'early_stop_metric': 'val_composite', 'val_score': 0.8917137511908301, 'val_auc': 0.9361208316399712, 'val_ap': 0.8462084043316129, 'val_ndcg': 0.9784683723536227, 'val_mrr': 0.8833495720233461, 'val_hits@1': 0.87, 'val_hits@10': 0.9, 'val_hits@50': 0.9, 'val_hits@100': 0.9, 'elapsed_sec': 503.0899519585073}
{'event': 'epoch_start', 'epoch': 17, 'epochs': 20, 'batches': 195, 'time_groups': 178}
{'event': 'train_time_group', 'epoch': 17, 'time_group': 1, 'time_groups': 178, 'batch': 0, 'batches': 195, 'time_value': 0.0, 'group_batches': 1, 'history_edges': 0, 'elapsed_sec': 0.03540392965078354, 'cuda_allocated_mb': 106, 'cuda_reserved_mb': 10826, 'cuda_max_allocated_mb': 10631}
{'event': 'train_progress', 'epoch': 17, 'batch': 1, 'batches': 195, 'time_group': 1, 'time_groups': 178, 'history_edges': 0, 'pos_edges': 942, 'neg_edges': 4710, 'loss_recent': 565.0196533203125, 'elapsed_sec': 1.1637216173112392, 'avg_sec_per_batch': 1.1637216173112392, 'cuda_allocated_mb': 213, 'cuda_reserved_mb': 10826, 'cuda_max_allocated_mb': 10631}
{'event': 'train_progress', 'epoch': 17, 'batch': 83, 'batches': 195, 'time_group': 83, 'time_groups': 178, 'history_edges': 43980, 'pos_edges': 924, 'neg_edges': 4620, 'loss_recent': 71.34228249055793, 'elapsed_sec': 61.93159367516637, 'avg_sec_per_batch': 0.7461637792188719, 'cuda_allocated_mb': 209, 'cuda_reserved_mb': 10826, 'cuda_max_allocated_mb': 10631}
{'event': 'train_progress', 'epoch': 17, 'batch': 100, 'batches': 195, 'time_group': 100, 'time_groups': 178, 'history_edges': 64610, 'pos_edges': 1538, 'neg_edges': 7690, 'loss_recent': 83.40676773071289, 'elapsed_sec': 86.98670103028417, 'avg_sec_per_batch': 0.8698670103028416, 'cuda_allocated_mb': 234, 'cuda_reserved_mb': 10826, 'cuda_max_allocated_mb': 10631}
{'event': 'train_progress', 'epoch': 17, 'batch': 129, 'batches': 195, 'time_group': 129, 'time_groups': 178, 'history_edges': 123418, 'pos_edges': 2642, 'neg_edges': 13210, 'loss_recent': 122.77630687713624, 'elapsed_sec': 147.0575345866382, 'avg_sec_per_batch': 1.1399808882685132, 'cuda_allocated_mb': 234, 'cuda_reserved_mb': 10826, 'cuda_max_allocated_mb': 10631}
{'event': 'train_progress', 'epoch': 17, 'batch': 152, 'batches': 195, 'time_group': 152, 'time_groups': 178, 'history_edges': 192330, 'pos_edges': 3412, 'neg_edges': 17060, 'loss_recent': 167.47328617095948, 'elapsed_sec': 208.65268713608384, 'avg_sec_per_batch': 1.37271504694792, 'cuda_allocated_mb': 235, 'cuda_reserved_mb': 10826, 'cuda_max_allocated_mb': 10631}
{'event': 'train_progress', 'epoch': 17, 'batch': 177, 'batches': 195, 'time_group': 169, 'time_groups': 178, 'history_edges': 260784, 'pos_edges': 1058, 'neg_edges': 5290, 'loss_recent': 202.85912605285645, 'elapsed_sec': 269.00002386048436, 'avg_sec_per_batch': 1.5197741461044314, 'cuda_allocated_mb': 235, 'cuda_reserved_mb': 10826, 'cuda_max_allocated_mb': 10631}
{'event': 'train_time_group', 'epoch': 17, 'time_group': 178, 'time_groups': 178, 'batch': 193, 'batches': 195, 'time_value': 177.0, 'group_batches': 2, 'history_edges': 315692, 'elapsed_sec': 312.38405315577984, 'cuda_allocated_mb': 106, 'cuda_reserved_mb': 10826, 'cuda_max_allocated_mb': 10631}
{'event': 'train_progress', 'epoch': 17, 'batch': 195, 'batches': 195, 'time_group': 178, 'time_groups': 178, 'history_edges': 315692, 'pos_edges': 3292, 'neg_edges': 16460, 'loss_recent': 227.3503131866455, 'elapsed_sec': 318.63588897511363, 'avg_sec_per_batch': 1.6340301998723776, 'cuda_allocated_mb': 236, 'cuda_reserved_mb': 10826, 'cuda_max_allocated_mb': 10631}
{'event': 'validation_start', 'epoch': 17}
{'event': 'validation_ranking_start', 'epoch': 17, 'max_edges': 50}
{'event': 'epoch_end', 'epoch': 17, 'early_stop_metric': 'val_composite', 'val_score': 0.8917324183857835, 'val_auc': 0.9356364707666779, 'val_ap': 0.8471157941922995, 'val_ndcg': 0.9785356173810446, 'val_mrr': 0.8833507367031036, 'val_hits@1': 0.87, 'val_hits@10': 0.9, 'val_hits@50': 0.9, 'val_hits@100': 0.9, 'elapsed_sec': 503.32294936850667}
{'event': 'epoch_start', 'epoch': 18, 'epochs': 20, 'batches': 195, 'time_groups': 178}
{'event': 'train_time_group', 'epoch': 18, 'time_group': 1, 'time_groups': 178, 'batch': 0, 'batches': 195, 'time_value': 0.0, 'group_batches': 1, 'history_edges': 0, 'elapsed_sec': 0.0354670025408268, 'cuda_allocated_mb': 106, 'cuda_reserved_mb': 10826, 'cuda_max_allocated_mb': 10631}
{'event': 'train_progress', 'epoch': 18, 'batch': 1, 'batches': 195, 'time_group': 1, 'time_groups': 178, 'history_edges': 0, 'pos_edges': 942, 'neg_edges': 4710, 'loss_recent': 585.3649291992188, 'elapsed_sec': 1.092219714075327, 'avg_sec_per_batch': 1.092219714075327, 'cuda_allocated_mb': 212, 'cuda_reserved_mb': 10826, 'cuda_max_allocated_mb': 10631}
{'event': 'train_progress', 'epoch': 18, 'batch': 83, 'batches': 195, 'time_group': 83, 'time_groups': 178, 'history_edges': 43980, 'pos_edges': 924, 'neg_edges': 4620, 'loss_recent': 71.55502627269331, 'elapsed_sec': 61.19996986910701, 'avg_sec_per_batch': 0.7373490345675543, 'cuda_allocated_mb': 210, 'cuda_reserved_mb': 10826, 'cuda_max_allocated_mb': 10631}
{'event': 'train_progress', 'epoch': 18, 'batch': 100, 'batches': 195, 'time_group': 100, 'time_groups': 178, 'history_edges': 64610, 'pos_edges': 1538, 'neg_edges': 7690, 'loss_recent': 83.56401142120362, 'elapsed_sec': 85.40185574814677, 'avg_sec_per_batch': 0.8540185574814677, 'cuda_allocated_mb': 234, 'cuda_reserved_mb': 10826, 'cuda_max_allocated_mb': 10631}
{'event': 'train_progress', 'epoch': 18, 'batch': 129, 'batches': 195, 'time_group': 129, 'time_groups': 178, 'history_edges': 123418, 'pos_edges': 2642, 'neg_edges': 13210, 'loss_recent': 122.85626438140869, 'elapsed_sec': 145.6086143963039, 'avg_sec_per_batch': 1.1287489488085574, 'cuda_allocated_mb': 234, 'cuda_reserved_mb': 10826, 'cuda_max_allocated_mb': 10631}
{'event': 'train_time_group', 'epoch': 18, 'time_group': 152, 'time_groups': 178, 'batch': 151, 'batches': 195, 'time_value': 151.0, 'group_batches': 1, 'history_edges': 192330, 'elapsed_sec': 205.7948815152049, 'cuda_allocated_mb': 106, 'cuda_reserved_mb': 10826, 'cuda_max_allocated_mb': 10631}
{'event': 'train_progress', 'epoch': 18, 'batch': 176, 'batches': 195, 'time_group': 169, 'time_groups': 178, 'history_edges': 260784, 'pos_edges': 4096, 'neg_edges': 20480, 'loss_recent': 202.26592602729798, 'elapsed_sec': 267.30198066681623, 'avg_sec_per_batch': 1.5187612537887285, 'cuda_allocated_mb': 235, 'cuda_reserved_mb': 10826, 'cuda_max_allocated_mb': 10631}
{'event': 'train_time_group', 'epoch': 18, 'time_group': 178, 'time_groups': 178, 'batch': 193, 'batches': 195, 'time_value': 177.0, 'group_batches': 2, 'history_edges': 315692, 'elapsed_sec': 311.99493507295847, 'cuda_allocated_mb': 106, 'cuda_reserved_mb': 10826, 'cuda_max_allocated_mb': 10631}
{'event': 'train_progress', 'epoch': 18, 'batch': 195, 'batches': 195, 'time_group': 178, 'time_groups': 178, 'history_edges': 315692, 'pos_edges': 3292, 'neg_edges': 16460, 'loss_recent': 227.12661236763, 'elapsed_sec': 317.93527168408036, 'avg_sec_per_batch': 1.6304372906875917, 'cuda_allocated_mb': 236, 'cuda_reserved_mb': 10826, 'cuda_max_allocated_mb': 10637}
{'event': 'validation_start', 'epoch': 18}
{'event': 'validation_ranking_start', 'epoch': 18, 'max_edges': 50}
{'event': 'epoch_end', 'epoch': 18, 'early_stop_metric': 'val_composite', 'val_score': 0.890166080871635, 'val_auc': 0.9362480934842948, 'val_ap': 0.8472160746763129, 'val_ndcg': 0.9786184802411951, 'val_mrr': 0.880014518762719, 'val_hits@1': 0.86, 'val_hits@10': 0.9, 'val_hits@50': 0.9, 'val_hits@100': 0.9, 'elapsed_sec': 507.999470602721}
{'event': 'epoch_start', 'epoch': 19, 'epochs': 20, 'batches': 195, 'time_groups': 178}
{'event': 'train_time_group', 'epoch': 19, 'time_group': 1, 'time_groups': 178, 'batch': 0, 'batches': 195, 'time_value': 0.0, 'group_batches': 1, 'history_edges': 0, 'elapsed_sec': 0.04389344900846481, 'cuda_allocated_mb': 106, 'cuda_reserved_mb': 10826, 'cuda_max_allocated_mb': 10637}
{'event': 'train_progress', 'epoch': 19, 'batch': 1, 'batches': 195, 'time_group': 1, 'time_groups': 178, 'history_edges': 0, 'pos_edges': 942, 'neg_edges': 4710, 'loss_recent': 613.8098754882812, 'elapsed_sec': 1.1837117932736874, 'avg_sec_per_batch': 1.1837117932736874, 'cuda_allocated_mb': 214, 'cuda_reserved_mb': 10826, 'cuda_max_allocated_mb': 10637}
{'event': 'train_progress', 'epoch': 19, 'batch': 82, 'batches': 195, 'time_group': 82, 'time_groups': 178, 'history_edges': 43060, 'pos_edges': 920, 'neg_edges': 4600, 'loss_recent': 71.43507506207722, 'elapsed_sec': 62.34523553401232, 'avg_sec_per_batch': 0.7603077504147844, 'cuda_allocated_mb': 209, 'cuda_reserved_mb': 10826, 'cuda_max_allocated_mb': 10637}
{'event': 'train_progress', 'epoch': 19, 'batch': 100, 'batches': 195, 'time_group': 100, 'time_groups': 178, 'history_edges': 64610, 'pos_edges': 1538, 'neg_edges': 7690, 'loss_recent': 83.89252876281738, 'elapsed_sec': 88.92714856937528, 'avg_sec_per_batch': 0.8892714856937528, 'cuda_allocated_mb': 234, 'cuda_reserved_mb': 10826, 'cuda_max_allocated_mb': 10637}
{'event': 'train_progress', 'epoch': 19, 'batch': 129, 'batches': 195, 'time_group': 129, 'time_groups': 178, 'history_edges': 123418, 'pos_edges': 2642, 'neg_edges': 13210, 'loss_recent': 122.78149085998535, 'elapsed_sec': 149.08143411949277, 'avg_sec_per_batch': 1.1556700319340525, 'cuda_allocated_mb': 234, 'cuda_reserved_mb': 10826, 'cuda_max_allocated_mb': 10637}
{'event': 'train_progress', 'epoch': 19, 'batch': 151, 'batches': 195, 'time_group': 151, 'time_groups': 178, 'history_edges': 188944, 'pos_edges': 3386, 'neg_edges': 16930, 'loss_recent': 165.30646129608155, 'elapsed_sec': 210.27143173664808, 'avg_sec_per_batch': 1.392526037991047, 'cuda_allocated_mb': 235, 'cuda_reserved_mb': 10826, 'cuda_max_allocated_mb': 10637}
{'event': 'train_progress', 'epoch': 19, 'batch': 176, 'batches': 195, 'time_group': 169, 'time_groups': 178, 'history_edges': 260784, 'pos_edges': 4096, 'neg_edges': 20480, 'loss_recent': 202.20346487522124, 'elapsed_sec': 273.2211284600198, 'avg_sec_per_batch': 1.5523927753410218, 'cuda_allocated_mb': 235, 'cuda_reserved_mb': 10826, 'cuda_max_allocated_mb': 10637}
{'event': 'train_time_group', 'epoch': 19, 'time_group': 178, 'time_groups': 178, 'batch': 193, 'batches': 195, 'time_value': 177.0, 'group_batches': 2, 'history_edges': 315692, 'elapsed_sec': 317.860312923789, 'cuda_allocated_mb': 106, 'cuda_reserved_mb': 10826, 'cuda_max_allocated_mb': 10637}
{'event': 'train_progress', 'epoch': 19, 'batch': 195, 'batches': 195, 'time_group': 178, 'time_groups': 178, 'history_edges': 315692, 'pos_edges': 3292, 'neg_edges': 16460, 'loss_recent': 227.04988234043122, 'elapsed_sec': 324.02686040848494, 'avg_sec_per_batch': 1.6616762072229996, 'cuda_allocated_mb': 236, 'cuda_reserved_mb': 10826, 'cuda_max_allocated_mb': 10637}
{'event': 'validation_start', 'epoch': 19}
{'event': 'validation_ranking_start', 'epoch': 19, 'max_edges': 50}
{'event': 'epoch_end', 'epoch': 19, 'early_stop_metric': 'val_composite', 'val_score': 0.8893340866978597, 'val_auc': 0.9365546052772653, 'val_ap': 0.8467658592551008, 'val_ndcg': 0.9785803106600608, 'val_mrr': 0.8783486199615198, 'val_hits@1': 0.86, 'val_hits@10': 0.9, 'val_hits@50': 0.9, 'val_hits@100': 0.9, 'elapsed_sec': 509.85493544489145}
{'dataset': 'tkgl-yago', 'method': 'ssptgfm', 'scenario': 'label_split', 'ablation': 'full', 'few_shot_ratio': 1.0, 'seed': 1, 'train_edges': 323080, 'val_edges': 39046, 'test_edges': 40052, 'params_trainable': 2230544, 'params_total': 2230544, 'rough_forward_flops': 24227184640, 'train_eval_time_sec': 10236.243592239916, 'allocated_mb': 48.81201171875, 'reserved_mb': 10826.0, 'max_allocated_mb': 10637.7373046875, 'val_auc': 0.9342912165055648, 'val_ap': 0.8443009775582585, 'val_ndcg': 0.9781028057401032, 'val_mrr': 0.8850206138439322, 'val_hits@1': 0.87, 'val_hits@10': 0.9, 'val_hits@50': 0.9, 'val_hits@100': 0.9, 'train_loss': 155.0465727781638, 'train_lp': 0.0670782998825113, 'train_align': 30647.36989902594, 'train_kl': 17414.267728052382, 'train_ood_reg': 0.22113846517526187, 'train_meta': 0.20098314555098812, 'train_weighted_align': 153.23684571584064, 'train_weighted_kl': 1.7414266821402962, 'train_weighted_ood_reg': 0.00022113847602994586, 'train_weighted_meta': 0.0010049157024882814, 'test_auc': 0.951221896254733, 'test_ap': 0.8983154626984571, 'test_ndcg': 0.9854818830807066, 'test_mrr': 0.8940738680388016, 'test_hits@1': 0.875, 'test_hits@10': 0.92, 'test_hits@50': 0.92, 'test_hits@100': 0.92}
