runtime_device=cuda
cuda_device=Tesla V100-PCIE-32GB
{'event': 'seed_start', 'dataset': 'tkgl-yago', 'ablation': 'full', 'seed': 4, 'device': 'cuda', 'node_text_device': 'cuda:0'}
{'event': 'train_seed_start', 'seed': 4, 'train_edges': 323080, 'val_edges': 39046, 'test_edges': 40052, 'num_nodes': 10585, 'num_relations': 20}
{'event': 'train_seed_tensors_ready', 'seed': 4, 'elapsed_sec': 0.006690256297588348, 'cuda_allocated_mb': 24, 'cuda_reserved_mb': 44, 'cuda_max_allocated_mb': 24}
{'event': 'train_known_facts_ready', 'seed': 4, 'scope': 'train', 'edges': 323080, 'elapsed_sec': 0.03675151616334915}
{'event': 'train_known_facts_ready', 'seed': 4, 'scope': 'train_val', 'edges': 362126, 'elapsed_sec': 0.07570936530828476}
{'event': 'train_sampler_ready', 'seed': 4, 'elapsed_sec': 0.0960412435233593}
{'event': 'val_sampler_ready', 'seed': 4, 'elapsed_sec': 0.1100868470966816}
{'event': 'epoch_start', 'epoch': 1, 'epochs': 20, 'batches': 195, 'time_groups': 178}
{'event': 'train_time_group', 'epoch': 1, 'time_group': 1, 'time_groups': 178, 'batch': 0, 'batches': 195, 'time_value': 0.0, 'group_batches': 1, 'history_edges': 0, 'elapsed_sec': 0.031004875898361206, 'cuda_allocated_mb': 32, 'cuda_reserved_mb': 44, 'cuda_max_allocated_mb': 32}
{'event': 'train_progress', 'epoch': 1, 'batch': 1, 'batches': 195, 'time_group': 1, 'time_groups': 178, 'history_edges': 0, 'pos_edges': 942, 'neg_edges': 4710, 'loss_recent': 192.5224151611328, 'elapsed_sec': 2.0794784016907215, 'avg_sec_per_batch': 2.0794784016907215, 'cuda_allocated_mb': 211, 'cuda_reserved_mb': 1106, 'cuda_max_allocated_mb': 1073}
{'event': 'train_progress', 'epoch': 1, 'batch': 84, 'batches': 195, 'time_group': 84, 'time_groups': 178, 'history_edges': 44904, 'pos_edges': 932, 'neg_edges': 4660, 'loss_recent': 109.01418086460659, 'elapsed_sec': 62.763021133840084, 'avg_sec_per_batch': 0.7471788230219057, 'cuda_allocated_mb': 213, 'cuda_reserved_mb': 2214, 'cuda_max_allocated_mb': 2159}
{'event': 'train_progress', 'epoch': 1, 'batch': 100, 'batches': 195, 'time_group': 100, 'time_groups': 178, 'history_edges': 64610, 'pos_edges': 1538, 'neg_edges': 7690, 'loss_recent': 127.01669998168946, 'elapsed_sec': 85.33529307320714, 'avg_sec_per_batch': 0.8533529307320714, 'cuda_allocated_mb': 234, 'cuda_reserved_mb': 3198, 'cuda_max_allocated_mb': 3155}
{'event': 'train_progress', 'epoch': 1, 'batch': 130, 'batches': 195, 'time_group': 130, 'time_groups': 178, 'history_edges': 126060, 'pos_edges': 2696, 'neg_edges': 13480, 'loss_recent': 192.56992332458495, 'elapsed_sec': 145.70743656530976, 'avg_sec_per_batch': 1.1208264351177675, 'cuda_allocated_mb': 234, 'cuda_reserved_mb': 5526, 'cuda_max_allocated_mb': 5479}
{'event': 'train_progress', 'epoch': 1, 'batch': 153, 'batches': 195, 'time_group': 153, 'time_groups': 178, 'history_edges': 195742, 'pos_edges': 3424, 'neg_edges': 17120, 'loss_recent': 257.2742078399658, 'elapsed_sec': 207.16405452042818, 'avg_sec_per_batch': 1.3540134282380927, 'cuda_allocated_mb': 235, 'cuda_reserved_mb': 7706, 'cuda_max_allocated_mb': 7545}
{'event': 'train_progress', 'epoch': 1, 'batch': 179, 'batches': 195, 'time_group': 170, 'time_groups': 178, 'history_edges': 265938, 'pos_edges': 1272, 'neg_edges': 6360, 'loss_recent': 308.66483414649963, 'elapsed_sec': 267.9923395887017, 'avg_sec_per_batch': 1.4971639083167694, 'cuda_allocated_mb': 235, 'cuda_reserved_mb': 9770, 'cuda_max_allocated_mb': 9547}
{'event': 'train_time_group', 'epoch': 1, 'time_group': 178, 'time_groups': 178, 'batch': 193, 'batches': 195, 'time_value': 177.0, 'group_batches': 2, 'history_edges': 315692, 'elapsed_sec': 304.7538827955723, 'cuda_allocated_mb': 106, 'cuda_reserved_mb': 10570, 'cuda_max_allocated_mb': 10478}
{'event': 'train_progress', 'epoch': 1, 'batch': 195, 'batches': 195, 'time_group': 178, 'time_groups': 178, 'history_edges': 315692, 'pos_edges': 3292, 'neg_edges': 16460, 'loss_recent': 339.6080685520172, 'elapsed_sec': 310.56375776976347, 'avg_sec_per_batch': 1.5926346552295563, 'cuda_allocated_mb': 236, 'cuda_reserved_mb': 10710, 'cuda_max_allocated_mb': 10627}
{'event': 'validation_start', 'epoch': 1}
{'event': 'validation_ranking_start', 'epoch': 1, 'max_edges': 50}
{'event': 'epoch_end', 'epoch': 1, 'early_stop_metric': 'val_composite', 'val_score': 0.8724159182660666, 'val_auc': 0.9334456691440338, 'val_ap': 0.8463676205525871, 'val_ndcg': 0.978227928969674, 'val_mrr': 0.8505246116784057, 'val_hits@1': 0.81, 'val_hits@10': 0.89, 'val_hits@50': 0.9, 'val_hits@100': 0.9, 'elapsed_sec': 487.1227035187185}
{'event': 'epoch_start', 'epoch': 2, 'epochs': 20, 'batches': 195, 'time_groups': 178}
{'event': 'train_time_group', 'epoch': 2, 'time_group': 1, 'time_groups': 178, 'batch': 0, 'batches': 195, 'time_value': 0.0, 'group_batches': 1, 'history_edges': 0, 'elapsed_sec': 0.0335991233587265, 'cuda_allocated_mb': 106, 'cuda_reserved_mb': 10804, 'cuda_max_allocated_mb': 10627}
{'event': 'train_progress', 'epoch': 2, 'batch': 1, 'batches': 195, 'time_group': 1, 'time_groups': 178, 'history_edges': 0, 'pos_edges': 942, 'neg_edges': 4710, 'loss_recent': 182.42132568359375, 'elapsed_sec': 1.2969242557883263, 'avg_sec_per_batch': 1.2969242557883263, 'cuda_allocated_mb': 213, 'cuda_reserved_mb': 10804, 'cuda_max_allocated_mb': 10627}
{'event': 'train_progress', 'epoch': 2, 'batch': 84, 'batches': 195, 'time_group': 84, 'time_groups': 178, 'history_edges': 44904, 'pos_edges': 932, 'neg_edges': 4660, 'loss_recent': 102.41500536600749, 'elapsed_sec': 61.9167960062623, 'avg_sec_per_batch': 0.7371047143602655, 'cuda_allocated_mb': 211, 'cuda_reserved_mb': 10804, 'cuda_max_allocated_mb': 10627}
{'event': 'train_progress', 'epoch': 2, 'batch': 100, 'batches': 195, 'time_group': 100, 'time_groups': 178, 'history_edges': 64610, 'pos_edges': 1538, 'neg_edges': 7690, 'loss_recent': 118.78090370178222, 'elapsed_sec': 84.99787441641092, 'avg_sec_per_batch': 0.8499787441641092, 'cuda_allocated_mb': 234, 'cuda_reserved_mb': 10804, 'cuda_max_allocated_mb': 10627}
{'event': 'train_progress', 'epoch': 2, 'batch': 130, 'batches': 195, 'time_group': 130, 'time_groups': 178, 'history_edges': 126060, 'pos_edges': 2696, 'neg_edges': 13480, 'loss_recent': 175.98987182617188, 'elapsed_sec': 145.47576132044196, 'avg_sec_per_batch': 1.1190443178495535, 'cuda_allocated_mb': 234, 'cuda_reserved_mb': 10804, 'cuda_max_allocated_mb': 10627}
{'event': 'train_progress', 'epoch': 2, 'batch': 153, 'batches': 195, 'time_group': 153, 'time_groups': 178, 'history_edges': 195742, 'pos_edges': 3424, 'neg_edges': 17120, 'loss_recent': 228.8948602294922, 'elapsed_sec': 207.6801289357245, 'avg_sec_per_batch': 1.3573864636321862, 'cuda_allocated_mb': 235, 'cuda_reserved_mb': 10804, 'cuda_max_allocated_mb': 10627}
{'event': 'train_progress', 'epoch': 2, 'batch': 178, 'batches': 195, 'time_group': 170, 'time_groups': 178, 'history_edges': 265938, 'pos_edges': 4096, 'neg_edges': 20480, 'loss_recent': 266.87709638595584, 'elapsed_sec': 267.9354857839644, 'avg_sec_per_batch': 1.5052555381121595, 'cuda_allocated_mb': 235, 'cuda_reserved_mb': 10804, 'cuda_max_allocated_mb': 10627}
{'event': 'train_time_group', 'epoch': 2, 'time_group': 178, 'time_groups': 178, 'batch': 193, 'batches': 195, 'time_value': 177.0, 'group_batches': 2, 'history_edges': 315692, 'elapsed_sec': 306.53814136609435, 'cuda_allocated_mb': 106, 'cuda_reserved_mb': 10804, 'cuda_max_allocated_mb': 10627}
{'event': 'train_progress', 'epoch': 2, 'batch': 195, 'batches': 195, 'time_group': 178, 'time_groups': 178, 'history_edges': 315692, 'pos_edges': 3292, 'neg_edges': 16460, 'loss_recent': 288.4256252861023, 'elapsed_sec': 312.6114059686661, 'avg_sec_per_batch': 1.6031354152239286, 'cuda_allocated_mb': 236, 'cuda_reserved_mb': 10804, 'cuda_max_allocated_mb': 10627}
{'event': 'validation_start', 'epoch': 2}
{'event': 'validation_ranking_start', 'epoch': 2, 'max_edges': 50}
{'event': 'epoch_end', 'epoch': 2, 'early_stop_metric': 'val_composite', 'val_score': 0.8802059701044895, 'val_auc': 0.9352118229920363, 'val_ap': 0.8462071938438834, 'val_ndcg': 0.9783511642506995, 'val_mrr': 0.8656069545425915, 'val_hits@1': 0.84, 'val_hits@10': 0.89, 'val_hits@50': 0.9, 'val_hits@100': 0.9, 'elapsed_sec': 493.2217859439552}
{'event': 'epoch_start', 'epoch': 3, 'epochs': 20, 'batches': 195, 'time_groups': 178}
{'event': 'train_time_group', 'epoch': 3, 'time_group': 1, 'time_groups': 178, 'batch': 0, 'batches': 195, 'time_value': 0.0, 'group_batches': 1, 'history_edges': 0, 'elapsed_sec': 0.034387022256851196, 'cuda_allocated_mb': 106, 'cuda_reserved_mb': 10804, 'cuda_max_allocated_mb': 10627}
{'event': 'train_progress', 'epoch': 3, 'batch': 1, 'batches': 195, 'time_group': 1, 'time_groups': 178, 'history_edges': 0, 'pos_edges': 942, 'neg_edges': 4710, 'loss_recent': 189.17039489746094, 'elapsed_sec': 1.1302785091102123, 'avg_sec_per_batch': 1.1302785091102123, 'cuda_allocated_mb': 212, 'cuda_reserved_mb': 10804, 'cuda_max_allocated_mb': 10627}
{'event': 'train_progress', 'epoch': 3, 'batch': 84, 'batches': 195, 'time_group': 84, 'time_groups': 178, 'history_edges': 44904, 'pos_edges': 932, 'neg_edges': 4660, 'loss_recent': 82.17950198763893, 'elapsed_sec': 61.40946652367711, 'avg_sec_per_batch': 0.7310650776628227, 'cuda_allocated_mb': 211, 'cuda_reserved_mb': 10804, 'cuda_max_allocated_mb': 10627}
{'event': 'train_progress', 'epoch': 3, 'batch': 100, 'batches': 195, 'time_group': 100, 'time_groups': 178, 'history_edges': 64610, 'pos_edges': 1538, 'neg_edges': 7690, 'loss_recent': 95.75691066741943, 'elapsed_sec': 84.38081971183419, 'avg_sec_per_batch': 0.8438081971183419, 'cuda_allocated_mb': 234, 'cuda_reserved_mb': 10804, 'cuda_max_allocated_mb': 10627}
{'event': 'train_progress', 'epoch': 3, 'batch': 129, 'batches': 195, 'time_group': 129, 'time_groups': 178, 'history_edges': 123418, 'pos_edges': 2642, 'neg_edges': 13210, 'loss_recent': 142.2573796081543, 'elapsed_sec': 145.91060837730765, 'avg_sec_per_batch': 1.1310899874209897, 'cuda_allocated_mb': 234, 'cuda_reserved_mb': 10804, 'cuda_max_allocated_mb': 10627}
{'event': 'train_progress', 'epoch': 3, 'batch': 151, 'batches': 195, 'time_group': 151, 'time_groups': 178, 'history_edges': 188944, 'pos_edges': 3386, 'neg_edges': 16930, 'loss_recent': 186.9327914428711, 'elapsed_sec': 206.3240680731833, 'avg_sec_per_batch': 1.3663845567760484, 'cuda_allocated_mb': 235, 'cuda_reserved_mb': 10804, 'cuda_max_allocated_mb': 10627}
{'event': 'train_progress', 'epoch': 3, 'batch': 174, 'batches': 195, 'time_group': 168, 'time_groups': 178, 'history_edges': 255832, 'pos_edges': 4096, 'neg_edges': 20480, 'loss_recent': 222.27012407779694, 'elapsed_sec': 267.10755579546094, 'avg_sec_per_batch': 1.5351008953762122, 'cuda_allocated_mb': 235, 'cuda_reserved_mb': 10804, 'cuda_max_allocated_mb': 10627}
{'event': 'train_time_group', 'epoch': 3, 'time_group': 178, 'time_groups': 178, 'batch': 193, 'batches': 195, 'time_value': 177.0, 'group_batches': 2, 'history_edges': 315692, 'elapsed_sec': 317.6126408800483, 'cuda_allocated_mb': 106, 'cuda_reserved_mb': 10804, 'cuda_max_allocated_mb': 10627}
{'event': 'train_progress', 'epoch': 3, 'batch': 195, 'batches': 195, 'time_group': 178, 'time_groups': 178, 'history_edges': 315692, 'pos_edges': 3292, 'neg_edges': 16460, 'loss_recent': 248.75391367435455, 'elapsed_sec': 323.64467683807015, 'avg_sec_per_batch': 1.659716291477283, 'cuda_allocated_mb': 236, 'cuda_reserved_mb': 10804, 'cuda_max_allocated_mb': 10627}
{'event': 'validation_start', 'epoch': 3}
{'event': 'validation_ranking_start', 'epoch': 3, 'max_edges': 50}
{'event': 'epoch_end', 'epoch': 3, 'early_stop_metric': 'val_composite', 'val_score': 0.8803701135381257, 'val_auc': 0.9348432536998028, 'val_ap': 0.8467918965240251, 'val_ndcg': 0.978393072403095, 'val_mrr': 0.8659288716615055, 'val_hits@1': 0.84, 'val_hits@10': 0.89, 'val_hits@50': 0.9, 'val_hits@100': 0.9, 'elapsed_sec': 512.459897890687}
{'event': 'epoch_start', 'epoch': 4, 'epochs': 20, 'batches': 195, 'time_groups': 178}
{'event': 'train_time_group', 'epoch': 4, 'time_group': 1, 'time_groups': 178, 'batch': 0, 'batches': 195, 'time_value': 0.0, 'group_batches': 1, 'history_edges': 0, 'elapsed_sec': 0.038268037140369415, 'cuda_allocated_mb': 106, 'cuda_reserved_mb': 10804, 'cuda_max_allocated_mb': 10627}
{'event': 'train_progress', 'epoch': 4, 'batch': 1, 'batches': 195, 'time_group': 1, 'time_groups': 178, 'history_edges': 0, 'pos_edges': 942, 'neg_edges': 4710, 'loss_recent': 207.87167358398438, 'elapsed_sec': 1.1564837396144867, 'avg_sec_per_batch': 1.1564837396144867, 'cuda_allocated_mb': 212, 'cuda_reserved_mb': 10804, 'cuda_max_allocated_mb': 10627}
{'event': 'train_progress', 'epoch': 4, 'batch': 82, 'batches': 195, 'time_group': 82, 'time_groups': 178, 'history_edges': 43060, 'pos_edges': 920, 'neg_edges': 4600, 'loss_recent': 72.1030643277052, 'elapsed_sec': 61.393969893455505, 'avg_sec_per_batch': 0.748706949920189, 'cuda_allocated_mb': 211, 'cuda_reserved_mb': 10804, 'cuda_max_allocated_mb': 10627}
{'event': 'train_progress', 'epoch': 4, 'batch': 100, 'batches': 195, 'time_group': 100, 'time_groups': 178, 'history_edges': 64610, 'pos_edges': 1538, 'neg_edges': 7690, 'loss_recent': 85.69740230560302, 'elapsed_sec': 88.45079105719924, 'avg_sec_per_batch': 0.8845079105719924, 'cuda_allocated_mb': 234, 'cuda_reserved_mb': 10804, 'cuda_max_allocated_mb': 10627}
{'event': 'train_progress', 'epoch': 4, 'batch': 129, 'batches': 195, 'time_group': 129, 'time_groups': 178, 'history_edges': 123418, 'pos_edges': 2642, 'neg_edges': 13210, 'loss_recent': 129.33353706359864, 'elapsed_sec': 149.63627948239446, 'avg_sec_per_batch': 1.1599711587782515, 'cuda_allocated_mb': 234, 'cuda_reserved_mb': 10804, 'cuda_max_allocated_mb': 10627}
{'event': 'train_progress', 'epoch': 4, 'batch': 152, 'batches': 195, 'time_group': 152, 'time_groups': 178, 'history_edges': 192330, 'pos_edges': 3412, 'neg_edges': 17060, 'loss_recent': 174.29337646484376, 'elapsed_sec': 212.3187688179314, 'avg_sec_per_batch': 1.3968340053811277, 'cuda_allocated_mb': 235, 'cuda_reserved_mb': 10804, 'cuda_max_allocated_mb': 10627}
{'event': 'train_progress', 'epoch': 4, 'batch': 176, 'batches': 195, 'time_group': 169, 'time_groups': 178, 'history_edges': 260784, 'pos_edges': 4096, 'neg_edges': 20480, 'loss_recent': 209.0555428647995, 'elapsed_sec': 273.8223465755582, 'avg_sec_per_batch': 1.5558087873611262, 'cuda_allocated_mb': 235, 'cuda_reserved_mb': 10804, 'cuda_max_allocated_mb': 10627}
{'event': 'train_time_group', 'epoch': 4, 'time_group': 178, 'time_groups': 178, 'batch': 193, 'batches': 195, 'time_value': 177.0, 'group_batches': 2, 'history_edges': 315692, 'elapsed_sec': 318.3652777634561, 'cuda_allocated_mb': 106, 'cuda_reserved_mb': 10804, 'cuda_max_allocated_mb': 10627}
{'event': 'train_progress', 'epoch': 4, 'batch': 195, 'batches': 195, 'time_group': 178, 'time_groups': 178, 'history_edges': 315692, 'pos_edges': 3292, 'neg_edges': 16460, 'loss_recent': 233.67308757305145, 'elapsed_sec': 324.3102027140558, 'avg_sec_per_batch': 1.6631292446874655, 'cuda_allocated_mb': 236, 'cuda_reserved_mb': 10804, 'cuda_max_allocated_mb': 10627}
{'event': 'validation_start', 'epoch': 4}
{'event': 'validation_ranking_start', 'epoch': 4, 'max_edges': 50}
{'event': 'epoch_end', 'epoch': 4, 'early_stop_metric': 'val_composite', 'val_score': 0.8778382919327772, 'val_auc': 0.935479065705815, 'val_ap': 0.8471280520350359, 'val_ndcg': 0.9784897288337787, 'val_mrr': 0.8606072537468026, 'val_hits@1': 0.83, 'val_hits@10': 0.89, 'val_hits@50': 0.9, 'val_hits@100': 0.9, 'elapsed_sec': 510.83711748570204}
{'event': 'epoch_start', 'epoch': 5, 'epochs': 20, 'batches': 195, 'time_groups': 178}
{'event': 'train_time_group', 'epoch': 5, 'time_group': 1, 'time_groups': 178, 'batch': 0, 'batches': 195, 'time_value': 0.0, 'group_batches': 1, 'history_edges': 0, 'elapsed_sec': 0.036412619054317474, 'cuda_allocated_mb': 106, 'cuda_reserved_mb': 10804, 'cuda_max_allocated_mb': 10627}
{'event': 'train_progress', 'epoch': 5, 'batch': 1, 'batches': 195, 'time_group': 1, 'time_groups': 178, 'history_edges': 0, 'pos_edges': 942, 'neg_edges': 4710, 'loss_recent': 228.7626953125, 'elapsed_sec': 1.1255408860743046, 'avg_sec_per_batch': 1.1255408860743046, 'cuda_allocated_mb': 212, 'cuda_reserved_mb': 10804, 'cuda_max_allocated_mb': 10627}
{'event': 'train_progress', 'epoch': 5, 'batch': 82, 'batches': 195, 'time_group': 82, 'time_groups': 178, 'history_edges': 43060, 'pos_edges': 920, 'neg_edges': 4600, 'loss_recent': 68.63196335769281, 'elapsed_sec': 62.152605291455984, 'avg_sec_per_batch': 0.7579586011153169, 'cuda_allocated_mb': 210, 'cuda_reserved_mb': 10804, 'cuda_max_allocated_mb': 10627}
{'event': 'train_progress', 'epoch': 5, 'batch': 100, 'batches': 195, 'time_group': 100, 'time_groups': 178, 'history_edges': 64610, 'pos_edges': 1538, 'neg_edges': 7690, 'loss_recent': 81.87366764068604, 'elapsed_sec': 89.72029021754861, 'avg_sec_per_batch': 0.897202902175486, 'cuda_allocated_mb': 234, 'cuda_reserved_mb': 10804, 'cuda_max_allocated_mb': 10627}
{'event': 'train_progress', 'epoch': 5, 'batch': 129, 'batches': 195, 'time_group': 129, 'time_groups': 178, 'history_edges': 123418, 'pos_edges': 2642, 'neg_edges': 13210, 'loss_recent': 124.24546226501465, 'elapsed_sec': 149.79988723620772, 'avg_sec_per_batch': 1.1612394359395948, 'cuda_allocated_mb': 234, 'cuda_reserved_mb': 10804, 'cuda_max_allocated_mb': 10627}
{'event': 'train_progress', 'epoch': 5, 'batch': 152, 'batches': 195, 'time_group': 152, 'time_groups': 178, 'history_edges': 192330, 'pos_edges': 3412, 'neg_edges': 17060, 'loss_recent': 168.65954650878905, 'elapsed_sec': 211.3021659515798, 'avg_sec_per_batch': 1.3901458286288146, 'cuda_allocated_mb': 235, 'cuda_reserved_mb': 10804, 'cuda_max_allocated_mb': 10627}
{'event': 'train_progress', 'epoch': 5, 'batch': 177, 'batches': 195, 'time_group': 169, 'time_groups': 178, 'history_edges': 260784, 'pos_edges': 1058, 'neg_edges': 5290, 'loss_recent': 203.73686039447784, 'elapsed_sec': 272.0188957378268, 'avg_sec_per_batch': 1.5368299194227504, 'cuda_allocated_mb': 235, 'cuda_reserved_mb': 10804, 'cuda_max_allocated_mb': 10627}
{'event': 'train_time_group', 'epoch': 5, 'time_group': 178, 'time_groups': 178, 'batch': 193, 'batches': 195, 'time_value': 177.0, 'group_batches': 2, 'history_edges': 315692, 'elapsed_sec': 315.5803583115339, 'cuda_allocated_mb': 106, 'cuda_reserved_mb': 10804, 'cuda_max_allocated_mb': 10627}
{'event': 'train_progress', 'epoch': 5, 'batch': 195, 'batches': 195, 'time_group': 178, 'time_groups': 178, 'history_edges': 315692, 'pos_edges': 3292, 'neg_edges': 16460, 'loss_recent': 227.81111408710478, 'elapsed_sec': 321.65050718933344, 'avg_sec_per_batch': 1.6494897804581201, 'cuda_allocated_mb': 236, 'cuda_reserved_mb': 10804, 'cuda_max_allocated_mb': 10627}
{'event': 'validation_start', 'epoch': 5}
{'event': 'validation_ranking_start', 'epoch': 5, 'max_edges': 50}
{'event': 'epoch_end', 'epoch': 5, 'early_stop_metric': 'val_composite', 'val_score': 0.876179508268244, 'val_auc': 0.9349155941596043, 'val_ap': 0.8467554535808671, 'val_ndcg': 0.9784111833616685, 'val_mrr': 0.8525332475724332, 'val_hits@1': 0.81, 'val_hits@10': 0.9, 'val_hits@50': 0.9, 'val_hits@100': 0.9, 'elapsed_sec': 504.4021980650723}
{'event': 'epoch_start', 'epoch': 6, 'epochs': 20, 'batches': 195, 'time_groups': 178}
{'event': 'train_time_group', 'epoch': 6, 'time_group': 1, 'time_groups': 178, 'batch': 0, 'batches': 195, 'time_value': 0.0, 'group_batches': 1, 'history_edges': 0, 'elapsed_sec': 0.038532741367816925, 'cuda_allocated_mb': 106, 'cuda_reserved_mb': 10804, 'cuda_max_allocated_mb': 10627}
{'event': 'train_progress', 'epoch': 6, 'batch': 1, 'batches': 195, 'time_group': 1, 'time_groups': 178, 'history_edges': 0, 'pos_edges': 942, 'neg_edges': 4710, 'loss_recent': 255.3493194580078, 'elapsed_sec': 1.160602293908596, 'avg_sec_per_batch': 1.160602293908596, 'cuda_allocated_mb': 213, 'cuda_reserved_mb': 10804, 'cuda_max_allocated_mb': 10627}
{'event': 'train_progress', 'epoch': 6, 'batch': 84, 'batches': 195, 'time_group': 84, 'time_groups': 178, 'history_edges': 44904, 'pos_edges': 932, 'neg_edges': 4660, 'loss_recent': 68.2326926730928, 'elapsed_sec': 62.131749257445335, 'avg_sec_per_batch': 0.739663681636254, 'cuda_allocated_mb': 213, 'cuda_reserved_mb': 10804, 'cuda_max_allocated_mb': 10627}
{'event': 'train_progress', 'epoch': 6, 'batch': 100, 'batches': 195, 'time_group': 100, 'time_groups': 178, 'history_edges': 64610, 'pos_edges': 1538, 'neg_edges': 7690, 'loss_recent': 80.30297084808349, 'elapsed_sec': 85.6660131663084, 'avg_sec_per_batch': 0.8566601316630841, 'cuda_allocated_mb': 234, 'cuda_reserved_mb': 10804, 'cuda_max_allocated_mb': 10627}
{'event': 'train_progress', 'epoch': 6, 'batch': 129, 'batches': 195, 'time_group': 129, 'time_groups': 178, 'history_edges': 123418, 'pos_edges': 2642, 'neg_edges': 13210, 'loss_recent': 122.23711791992187, 'elapsed_sec': 146.2691240273416, 'avg_sec_per_batch': 1.133869178506524, 'cuda_allocated_mb': 234, 'cuda_reserved_mb': 10804, 'cuda_max_allocated_mb': 10627}
{'event': 'train_progress', 'epoch': 6, 'batch': 151, 'batches': 195, 'time_group': 151, 'time_groups': 178, 'history_edges': 188944, 'pos_edges': 3386, 'neg_edges': 16930, 'loss_recent': 164.278025970459, 'elapsed_sec': 206.52528439834714, 'avg_sec_per_batch': 1.367717115220842, 'cuda_allocated_mb': 235, 'cuda_reserved_mb': 10804, 'cuda_max_allocated_mb': 10627}
{'event': 'train_progress', 'epoch': 6, 'batch': 174, 'batches': 195, 'time_group': 168, 'time_groups': 178, 'history_edges': 255832, 'pos_edges': 4096, 'neg_edges': 20480, 'loss_recent': 198.4351815032959, 'elapsed_sec': 267.50568633526564, 'avg_sec_per_batch': 1.537389001926814, 'cuda_allocated_mb': 235, 'cuda_reserved_mb': 10804, 'cuda_max_allocated_mb': 10627}
{'event': 'train_time_group', 'epoch': 6, 'time_group': 178, 'time_groups': 178, 'batch': 193, 'batches': 195, 'time_value': 177.0, 'group_batches': 2, 'history_edges': 315692, 'elapsed_sec': 319.5756470412016, 'cuda_allocated_mb': 106, 'cuda_reserved_mb': 10804, 'cuda_max_allocated_mb': 10627}
{'event': 'train_progress', 'epoch': 6, 'batch': 195, 'batches': 195, 'time_group': 178, 'time_groups': 178, 'history_edges': 315692, 'pos_edges': 3292, 'neg_edges': 16460, 'loss_recent': 225.06139472961425, 'elapsed_sec': 325.9108521491289, 'avg_sec_per_batch': 1.6713377033288663, 'cuda_allocated_mb': 236, 'cuda_reserved_mb': 10804, 'cuda_max_allocated_mb': 10630}
{'event': 'validation_start', 'epoch': 6}
{'event': 'validation_ranking_start', 'epoch': 6, 'max_edges': 50}
{'event': 'epoch_end', 'epoch': 6, 'early_stop_metric': 'val_composite', 'val_score': 0.8814708033685665, 'val_auc': 0.9341615861229944, 'val_ap': 0.8467018481574653, 'val_ndcg': 0.9783544612754789, 'val_mrr': 0.8633527612687416, 'val_hits@1': 0.83, 'val_hits@10': 0.9, 'val_hits@50': 0.9, 'val_hits@100': 0.9, 'elapsed_sec': 523.7303626388311}
{'event': 'epoch_start', 'epoch': 7, 'epochs': 20, 'batches': 195, 'time_groups': 178}
{'event': 'train_time_group', 'epoch': 7, 'time_group': 1, 'time_groups': 178, 'batch': 0, 'batches': 195, 'time_value': 0.0, 'group_batches': 1, 'history_edges': 0, 'elapsed_sec': 0.03901161998510361, 'cuda_allocated_mb': 106, 'cuda_reserved_mb': 10804, 'cuda_max_allocated_mb': 10630}
{'event': 'train_progress', 'epoch': 7, 'batch': 1, 'batches': 195, 'time_group': 1, 'time_groups': 178, 'history_edges': 0, 'pos_edges': 942, 'neg_edges': 4710, 'loss_recent': 284.8904113769531, 'elapsed_sec': 1.2465040273964405, 'avg_sec_per_batch': 1.2465040273964405, 'cuda_allocated_mb': 211, 'cuda_reserved_mb': 10804, 'cuda_max_allocated_mb': 10630}
{'event': 'train_progress', 'epoch': 7, 'batch': 78, 'batches': 195, 'time_group': 78, 'time_groups': 178, 'history_edges': 39720, 'pos_edges': 786, 'neg_edges': 3930, 'loss_recent': 64.73850797995543, 'elapsed_sec': 61.42597438022494, 'avg_sec_per_batch': 0.787512492054166, 'cuda_allocated_mb': 197, 'cuda_reserved_mb': 10804, 'cuda_max_allocated_mb': 10630}
{'event': 'train_progress', 'epoch': 7, 'batch': 100, 'batches': 195, 'time_group': 100, 'time_groups': 178, 'history_edges': 64610, 'pos_edges': 1538, 'neg_edges': 7690, 'loss_recent': 79.62129119873048, 'elapsed_sec': 95.2308475151658, 'avg_sec_per_batch': 0.9523084751516581, 'cuda_allocated_mb': 234, 'cuda_reserved_mb': 10804, 'cuda_max_allocated_mb': 10630}
{'event': 'train_progress', 'epoch': 7, 'batch': 128, 'batches': 195, 'time_group': 128, 'time_groups': 178, 'history_edges': 120770, 'pos_edges': 2648, 'neg_edges': 13240, 'loss_recent': 119.26199241638183, 'elapsed_sec': 157.29662708938122, 'avg_sec_per_batch': 1.2288798991357908, 'cuda_allocated_mb': 234, 'cuda_reserved_mb': 10804, 'cuda_max_allocated_mb': 10630}
{'event': 'train_progress', 'epoch': 7, 'batch': 149, 'batches': 195, 'time_group': 149, 'time_groups': 178, 'history_edges': 182428, 'pos_edges': 3250, 'neg_edges': 16250, 'loss_recent': 158.80149017333986, 'elapsed_sec': 218.5673182234168, 'avg_sec_per_batch': 1.466894753177294, 'cuda_allocated_mb': 235, 'cuda_reserved_mb': 10804, 'cuda_max_allocated_mb': 10630}
{'event': 'train_progress', 'epoch': 7, 'batch': 170, 'batches': 195, 'time_group': 166, 'time_groups': 178, 'history_edges': 246548, 'pos_edges': 4096, 'neg_edges': 20480, 'loss_recent': 192.85679969787597, 'elapsed_sec': 279.69464638084173, 'avg_sec_per_batch': 1.6452626257696572, 'cuda_allocated_mb': 235, 'cuda_reserved_mb': 10804, 'cuda_max_allocated_mb': 10630}
{'event': 'train_progress', 'epoch': 7, 'batch': 193, 'batches': 195, 'time_group': 177, 'time_groups': 178, 'history_edges': 308632, 'pos_edges': 2964, 'neg_edges': 14820, 'loss_recent': 220.95177841186523, 'elapsed_sec': 341.7257806994021, 'avg_sec_per_batch': 1.7705998999969021, 'cuda_allocated_mb': 236, 'cuda_reserved_mb': 10804, 'cuda_max_allocated_mb': 10630}
{'event': 'train_time_group', 'epoch': 7, 'time_group': 178, 'time_groups': 178, 'batch': 193, 'batches': 195, 'time_value': 177.0, 'group_batches': 2, 'history_edges': 315692, 'elapsed_sec': 341.8769376054406, 'cuda_allocated_mb': 106, 'cuda_reserved_mb': 10804, 'cuda_max_allocated_mb': 10630}
{'event': 'train_progress', 'epoch': 7, 'batch': 195, 'batches': 195, 'time_group': 178, 'time_groups': 178, 'history_edges': 315692, 'pos_edges': 3292, 'neg_edges': 16460, 'loss_recent': 223.52730087280273, 'elapsed_sec': 348.27961531654, 'avg_sec_per_batch': 1.7860493093155898, 'cuda_allocated_mb': 236, 'cuda_reserved_mb': 10804, 'cuda_max_allocated_mb': 10630}
{'event': 'validation_start', 'epoch': 7}
{'event': 'validation_ranking_start', 'epoch': 7, 'max_edges': 50}
{'event': 'epoch_end', 'epoch': 7, 'early_stop_metric': 'val_composite', 'val_score': 0.8826494018658965, 'val_auc': 0.9359365797895545, 'val_ap': 0.8472254938142031, 'val_ndcg': 0.9785443560255218, 'val_mrr': 0.8650727310320859, 'val_hits@1': 0.83, 'val_hits@10': 0.9, 'val_hits@50': 0.9, 'val_hits@100': 0.9, 'elapsed_sec': 538.2019826062024}
{'event': 'epoch_start', 'epoch': 8, 'epochs': 20, 'batches': 195, 'time_groups': 178}
{'event': 'train_time_group', 'epoch': 8, 'time_group': 1, 'time_groups': 178, 'batch': 0, 'batches': 195, 'time_value': 0.0, 'group_batches': 1, 'history_edges': 0, 'elapsed_sec': 0.03537266328930855, 'cuda_allocated_mb': 106, 'cuda_reserved_mb': 10804, 'cuda_max_allocated_mb': 10630}
{'event': 'train_progress', 'epoch': 8, 'batch': 1, 'batches': 195, 'time_group': 1, 'time_groups': 178, 'history_edges': 0, 'pos_edges': 942, 'neg_edges': 4710, 'loss_recent': 309.4234313964844, 'elapsed_sec': 1.1190131679177284, 'avg_sec_per_batch': 1.1190131679177284, 'cuda_allocated_mb': 214, 'cuda_reserved_mb': 10804, 'cuda_max_allocated_mb': 10630}
{'event': 'train_progress', 'epoch': 8, 'batch': 82, 'batches': 195, 'time_group': 82, 'time_groups': 178, 'history_edges': 43060, 'pos_edges': 920, 'neg_edges': 4600, 'loss_recent': 66.4227751289926, 'elapsed_sec': 61.64497262611985, 'avg_sec_per_batch': 0.7517679588551202, 'cuda_allocated_mb': 209, 'cuda_reserved_mb': 10804, 'cuda_max_allocated_mb': 10630}
{'event': 'train_progress', 'epoch': 8, 'batch': 100, 'batches': 195, 'time_group': 100, 'time_groups': 178, 'history_edges': 64610, 'pos_edges': 1538, 'neg_edges': 7690, 'loss_recent': 79.20871601104736, 'elapsed_sec': 88.49404321610928, 'avg_sec_per_batch': 0.8849404321610927, 'cuda_allocated_mb': 234, 'cuda_reserved_mb': 10804, 'cuda_max_allocated_mb': 10630}
{'event': 'train_progress', 'epoch': 8, 'batch': 129, 'batches': 195, 'time_group': 129, 'time_groups': 178, 'history_edges': 123418, 'pos_edges': 2642, 'neg_edges': 13210, 'loss_recent': 120.23735759735108, 'elapsed_sec': 150.2963551208377, 'avg_sec_per_batch': 1.1650880241925403, 'cuda_allocated_mb': 234, 'cuda_reserved_mb': 10804, 'cuda_max_allocated_mb': 10630}
{'event': 'train_progress', 'epoch': 8, 'batch': 151, 'batches': 195, 'time_group': 151, 'time_groups': 178, 'history_edges': 188944, 'pos_edges': 3386, 'neg_edges': 16930, 'loss_recent': 161.8501648712158, 'elapsed_sec': 210.64027866721153, 'avg_sec_per_batch': 1.3949687328954405, 'cuda_allocated_mb': 235, 'cuda_reserved_mb': 10804, 'cuda_max_allocated_mb': 10630}
{'event': 'train_progress', 'epoch': 8, 'batch': 175, 'batches': 195, 'time_group': 168, 'time_groups': 178, 'history_edges': 255832, 'pos_edges': 856, 'neg_edges': 4280, 'loss_recent': 196.02756484031678, 'elapsed_sec': 271.03666607290506, 'avg_sec_per_batch': 1.5487809489880289, 'cuda_allocated_mb': 235, 'cuda_reserved_mb': 10804, 'cuda_max_allocated_mb': 10630}
{'event': 'train_time_group', 'epoch': 8, 'time_group': 178, 'time_groups': 178, 'batch': 193, 'batches': 195, 'time_value': 177.0, 'group_batches': 2, 'history_edges': 315692, 'elapsed_sec': 320.2097976580262, 'cuda_allocated_mb': 106, 'cuda_reserved_mb': 10804, 'cuda_max_allocated_mb': 10630}
{'event': 'train_progress', 'epoch': 8, 'batch': 195, 'batches': 195, 'time_group': 178, 'time_groups': 178, 'history_edges': 315692, 'pos_edges': 3292, 'neg_edges': 16460, 'loss_recent': 222.3669853115082, 'elapsed_sec': 326.0739442333579, 'avg_sec_per_batch': 1.672174072991579, 'cuda_allocated_mb': 236, 'cuda_reserved_mb': 10804, 'cuda_max_allocated_mb': 10630}
{'event': 'validation_start', 'epoch': 8}
{'event': 'validation_ranking_start', 'epoch': 8, 'max_edges': 50}
{'event': 'epoch_end', 'epoch': 8, 'early_stop_metric': 'val_composite', 'val_score': 0.8831922302264791, 'val_auc': 0.9358310620846239, 'val_ap': 0.8474513721426346, 'val_ndcg': 0.9785898280421665, 'val_mrr': 0.8661448673990442, 'val_hits@1': 0.84, 'val_hits@10': 0.9, 'val_hits@50': 0.9, 'val_hits@100': 0.9, 'elapsed_sec': 506.31477196887136}
{'event': 'epoch_start', 'epoch': 9, 'epochs': 20, 'batches': 195, 'time_groups': 178}
{'event': 'train_time_group', 'epoch': 9, 'time_group': 1, 'time_groups': 178, 'batch': 0, 'batches': 195, 'time_value': 0.0, 'group_batches': 1, 'history_edges': 0, 'elapsed_sec': 0.03718391805887222, 'cuda_allocated_mb': 106, 'cuda_reserved_mb': 10804, 'cuda_max_allocated_mb': 10630}
{'event': 'train_progress', 'epoch': 9, 'batch': 1, 'batches': 195, 'time_group': 1, 'time_groups': 178, 'history_edges': 0, 'pos_edges': 942, 'neg_edges': 4710, 'loss_recent': 338.5115966796875, 'elapsed_sec': 1.4337829761207104, 'avg_sec_per_batch': 1.4337829761207104, 'cuda_allocated_mb': 214, 'cuda_reserved_mb': 10804, 'cuda_max_allocated_mb': 10630}
{'event': 'train_progress', 'epoch': 9, 'batch': 84, 'batches': 195, 'time_group': 84, 'time_groups': 178, 'history_edges': 44904, 'pos_edges': 932, 'neg_edges': 4660, 'loss_recent': 67.37734885442825, 'elapsed_sec': 62.410052094608545, 'avg_sec_per_batch': 0.7429768106501017, 'cuda_allocated_mb': 210, 'cuda_reserved_mb': 10804, 'cuda_max_allocated_mb': 10630}
{'event': 'train_progress', 'epoch': 9, 'batch': 100, 'batches': 195, 'time_group': 100, 'time_groups': 178, 'history_edges': 64610, 'pos_edges': 1538, 'neg_edges': 7690, 'loss_recent': 79.1034521484375, 'elapsed_sec': 85.25012682378292, 'avg_sec_per_batch': 0.8525012682378292, 'cuda_allocated_mb': 234, 'cuda_reserved_mb': 10804, 'cuda_max_allocated_mb': 10630}
{'event': 'train_progress', 'epoch': 9, 'batch': 131, 'batches': 195, 'time_group': 131, 'time_groups': 178, 'history_edges': 128756, 'pos_edges': 2724, 'neg_edges': 13620, 'loss_recent': 123.24201072692871, 'elapsed_sec': 146.9861401990056, 'avg_sec_per_batch': 1.1220316045725618, 'cuda_allocated_mb': 234, 'cuda_reserved_mb': 10804, 'cuda_max_allocated_mb': 10630}
{'event': 'train_progress', 'epoch': 9, 'batch': 155, 'batches': 195, 'time_group': 155, 'time_groups': 178, 'history_edges': 202690, 'pos_edges': 3572, 'neg_edges': 17860, 'loss_recent': 169.33823959350585, 'elapsed_sec': 209.3900796175003, 'avg_sec_per_batch': 1.350903739467744, 'cuda_allocated_mb': 235, 'cuda_reserved_mb': 10804, 'cuda_max_allocated_mb': 10630}
{'event': 'train_progress', 'epoch': 9, 'batch': 182, 'batches': 195, 'time_group': 172, 'time_groups': 178, 'history_edges': 276886, 'pos_edges': 4096, 'neg_edges': 20480, 'loss_recent': 204.5555122947693, 'elapsed_sec': 270.8659592717886, 'avg_sec_per_batch': 1.4882745014933438, 'cuda_allocated_mb': 235, 'cuda_reserved_mb': 10804, 'cuda_max_allocated_mb': 10630}
{'event': 'train_time_group', 'epoch': 9, 'time_group': 178, 'time_groups': 178, 'batch': 193, 'batches': 195, 'time_value': 177.0, 'group_batches': 2, 'history_edges': 315692, 'elapsed_sec': 299.4147873260081, 'cuda_allocated_mb': 106, 'cuda_reserved_mb': 10804, 'cuda_max_allocated_mb': 10630}
{'event': 'train_progress', 'epoch': 9, 'batch': 195, 'batches': 195, 'time_group': 178, 'time_groups': 178, 'history_edges': 315692, 'pos_edges': 3292, 'neg_edges': 16460, 'loss_recent': 221.51954069137574, 'elapsed_sec': 305.18499383702874, 'avg_sec_per_batch': 1.5650512504463012, 'cuda_allocated_mb': 236, 'cuda_reserved_mb': 10804, 'cuda_max_allocated_mb': 10630}
{'event': 'validation_start', 'epoch': 9}
{'event': 'validation_ranking_start', 'epoch': 9, 'max_edges': 50}
{'event': 'epoch_end', 'epoch': 9, 'early_stop_metric': 'val_composite', 'val_score': 0.8806639313962873, 'val_auc': 0.9329209795296876, 'val_ap': 0.8404845104039451, 'val_ndcg': 0.9775744438749076, 'val_mrr': 0.8633546668528793, 'val_hits@1': 0.83, 'val_hits@10': 0.9, 'val_hits@50': 0.9, 'val_hits@100': 0.9, 'elapsed_sec': 476.9458193741739}
{'event': 'epoch_start', 'epoch': 10, 'epochs': 20, 'batches': 195, 'time_groups': 178}
{'event': 'train_time_group', 'epoch': 10, 'time_group': 1, 'time_groups': 178, 'batch': 0, 'batches': 195, 'time_value': 0.0, 'group_batches': 1, 'history_edges': 0, 'elapsed_sec': 0.0355103574693203, 'cuda_allocated_mb': 106, 'cuda_reserved_mb': 10804, 'cuda_max_allocated_mb': 10630}
{'event': 'train_progress', 'epoch': 10, 'batch': 1, 'batches': 195, 'time_group': 1, 'time_groups': 178, 'history_edges': 0, 'pos_edges': 942, 'neg_edges': 4710, 'loss_recent': 364.2084045410156, 'elapsed_sec': 1.043041653931141, 'avg_sec_per_batch': 1.043041653931141, 'cuda_allocated_mb': 214, 'cuda_reserved_mb': 10804, 'cuda_max_allocated_mb': 10630}
{'event': 'train_progress', 'epoch': 10, 'batch': 86, 'batches': 195, 'time_group': 86, 'time_groups': 178, 'history_edges': 46820, 'pos_edges': 1002, 'neg_edges': 5010, 'loss_recent': 68.56014047667037, 'elapsed_sec': 61.20520482957363, 'avg_sec_per_batch': 0.7116884282508562, 'cuda_allocated_mb': 218, 'cuda_reserved_mb': 10804, 'cuda_max_allocated_mb': 10630}
{'event': 'train_progress', 'epoch': 10, 'batch': 100, 'batches': 195, 'time_group': 100, 'time_groups': 178, 'history_edges': 64610, 'pos_edges': 1538, 'neg_edges': 7690, 'loss_recent': 79.04416473388672, 'elapsed_sec': 81.13397938758135, 'avg_sec_per_batch': 0.8113397938758135, 'cuda_allocated_mb': 234, 'cuda_reserved_mb': 10804, 'cuda_max_allocated_mb': 10630}
{'event': 'train_progress', 'epoch': 10, 'batch': 131, 'batches': 195, 'time_group': 131, 'time_groups': 178, 'history_edges': 128756, 'pos_edges': 2724, 'neg_edges': 13620, 'loss_recent': 122.93078418731689, 'elapsed_sec': 142.53969156369567, 'avg_sec_per_batch': 1.0880892485778295, 'cuda_allocated_mb': 234, 'cuda_reserved_mb': 10804, 'cuda_max_allocated_mb': 10630}
{'event': 'train_progress', 'epoch': 10, 'batch': 154, 'batches': 195, 'time_group': 154, 'time_groups': 178, 'history_edges': 199166, 'pos_edges': 3524, 'neg_edges': 17620, 'loss_recent': 166.909566116333, 'elapsed_sec': 205.0258679203689, 'avg_sec_per_batch': 1.33133680467772, 'cuda_allocated_mb': 235, 'cuda_reserved_mb': 10804, 'cuda_max_allocated_mb': 10630}
{'event': 'train_progress', 'epoch': 10, 'batch': 181, 'batches': 195, 'time_group': 171, 'time_groups': 178, 'history_edges': 271306, 'pos_edges': 1484, 'neg_edges': 7420, 'loss_recent': 202.2693799686432, 'elapsed_sec': 266.27733578160405, 'avg_sec_per_batch': 1.4711455015558235, 'cuda_allocated_mb': 235, 'cuda_reserved_mb': 10804, 'cuda_max_allocated_mb': 10630}
{'event': 'train_time_group', 'epoch': 10, 'time_group': 178, 'time_groups': 178, 'batch': 193, 'batches': 195, 'time_value': 177.0, 'group_batches': 2, 'history_edges': 315692, 'elapsed_sec': 298.42408863827586, 'cuda_allocated_mb': 106, 'cuda_reserved_mb': 10804, 'cuda_max_allocated_mb': 10630}
{'event': 'train_progress', 'epoch': 10, 'batch': 195, 'batches': 195, 'time_group': 178, 'time_groups': 178, 'history_edges': 315692, 'pos_edges': 3292, 'neg_edges': 16460, 'loss_recent': 220.99704720497132, 'elapsed_sec': 304.03293016925454, 'avg_sec_per_batch': 1.5591432316372027, 'cuda_allocated_mb': 236, 'cuda_reserved_mb': 10804, 'cuda_max_allocated_mb': 10630}
{'event': 'validation_start', 'epoch': 10}
{'event': 'validation_ranking_start', 'epoch': 10, 'max_edges': 50}
{'event': 'epoch_end', 'epoch': 10, 'early_stop_metric': 'val_composite', 'val_score': 0.880950648075915, 'val_auc': 0.9352371269734769, 'val_ap': 0.8465486219513747, 'val_ndcg': 0.9784083989819704, 'val_mrr': 0.862020433669512, 'val_hits@1': 0.83, 'val_hits@10': 0.9, 'val_hits@50': 0.9, 'val_hits@100': 0.9, 'elapsed_sec': 475.376392763108}
{'event': 'epoch_start', 'epoch': 11, 'epochs': 20, 'batches': 195, 'time_groups': 178}
{'event': 'train_time_group', 'epoch': 11, 'time_group': 1, 'time_groups': 178, 'batch': 0, 'batches': 195, 'time_value': 0.0, 'group_batches': 1, 'history_edges': 0, 'elapsed_sec': 0.038056619465351105, 'cuda_allocated_mb': 106, 'cuda_reserved_mb': 10804, 'cuda_max_allocated_mb': 10630}
{'event': 'train_progress', 'epoch': 11, 'batch': 1, 'batches': 195, 'time_group': 1, 'time_groups': 178, 'history_edges': 0, 'pos_edges': 942, 'neg_edges': 4710, 'loss_recent': 391.31707763671875, 'elapsed_sec': 1.0621182844042778, 'avg_sec_per_batch': 1.0621182844042778, 'cuda_allocated_mb': 211, 'cuda_reserved_mb': 10804, 'cuda_max_allocated_mb': 10630}
{'event': 'train_progress', 'epoch': 11, 'batch': 86, 'batches': 195, 'time_group': 86, 'time_groups': 178, 'history_edges': 46820, 'pos_edges': 1002, 'neg_edges': 5010, 'loss_recent': 68.58243942260742, 'elapsed_sec': 61.40959806367755, 'avg_sec_per_batch': 0.7140650937636924, 'cuda_allocated_mb': 216, 'cuda_reserved_mb': 10804, 'cuda_max_allocated_mb': 10630}
{'event': 'train_progress', 'epoch': 11, 'batch': 100, 'batches': 195, 'time_group': 100, 'time_groups': 178, 'history_edges': 64610, 'pos_edges': 1538, 'neg_edges': 7690, 'loss_recent': 79.06669609069824, 'elapsed_sec': 81.11240961775184, 'avg_sec_per_batch': 0.8111240961775184, 'cuda_allocated_mb': 234, 'cuda_reserved_mb': 10804, 'cuda_max_allocated_mb': 10630}
{'event': 'train_progress', 'epoch': 11, 'batch': 131, 'batches': 195, 'time_group': 131, 'time_groups': 178, 'history_edges': 128756, 'pos_edges': 2724, 'neg_edges': 13620, 'loss_recent': 122.49246315002442, 'elapsed_sec': 142.13363099470735, 'avg_sec_per_batch': 1.0849895495779187, 'cuda_allocated_mb': 234, 'cuda_reserved_mb': 10804, 'cuda_max_allocated_mb': 10630}
{'event': 'train_progress', 'epoch': 11, 'batch': 154, 'batches': 195, 'time_group': 154, 'time_groups': 178, 'history_edges': 199166, 'pos_edges': 3524, 'neg_edges': 17620, 'loss_recent': 166.50309665679933, 'elapsed_sec': 202.59889164566994, 'avg_sec_per_batch': 1.3155772184783763, 'cuda_allocated_mb': 235, 'cuda_reserved_mb': 10804, 'cuda_max_allocated_mb': 10630}
{'event': 'train_progress', 'epoch': 11, 'batch': 181, 'batches': 195, 'time_group': 171, 'time_groups': 178, 'history_edges': 271306, 'pos_edges': 1484, 'neg_edges': 7420, 'loss_recent': 201.76468341827393, 'elapsed_sec': 263.6779648885131, 'avg_sec_per_batch': 1.4567843364006248, 'cuda_allocated_mb': 235, 'cuda_reserved_mb': 10804, 'cuda_max_allocated_mb': 10630}
{'event': 'train_time_group', 'epoch': 11, 'time_group': 178, 'time_groups': 178, 'batch': 193, 'batches': 195, 'time_value': 177.0, 'group_batches': 2, 'history_edges': 315692, 'elapsed_sec': 295.21466844528913, 'cuda_allocated_mb': 106, 'cuda_reserved_mb': 10804, 'cuda_max_allocated_mb': 10630}
{'event': 'train_progress', 'epoch': 11, 'batch': 195, 'batches': 195, 'time_group': 178, 'time_groups': 178, 'history_edges': 315692, 'pos_edges': 3292, 'neg_edges': 16460, 'loss_recent': 220.472967338562, 'elapsed_sec': 300.9797004535794, 'avg_sec_per_batch': 1.5434856433516895, 'cuda_allocated_mb': 236, 'cuda_reserved_mb': 10824, 'cuda_max_allocated_mb': 10631}
{'event': 'validation_start', 'epoch': 11}
{'event': 'validation_ranking_start', 'epoch': 11, 'max_edges': 50}
{'event': 'epoch_end', 'epoch': 11, 'early_stop_metric': 'val_composite', 'val_score': 0.8782264105345134, 'val_auc': 0.9365776448468068, 'val_ap': 0.8481498935427614, 'val_ndcg': 0.9787324677962691, 'val_mrr': 0.8558495489064326, 'val_hits@1': 0.82, 'val_hits@10': 0.9, 'val_hits@50': 0.9, 'val_hits@100': 0.9, 'elapsed_sec': 470.86044627800584}
{'event': 'epoch_start', 'epoch': 12, 'epochs': 20, 'batches': 195, 'time_groups': 178}
{'event': 'train_time_group', 'epoch': 12, 'time_group': 1, 'time_groups': 178, 'batch': 0, 'batches': 195, 'time_value': 0.0, 'group_batches': 1, 'history_edges': 0, 'elapsed_sec': 0.0379432775080204, 'cuda_allocated_mb': 106, 'cuda_reserved_mb': 10824, 'cuda_max_allocated_mb': 10631}
{'event': 'train_progress', 'epoch': 12, 'batch': 1, 'batches': 195, 'time_group': 1, 'time_groups': 178, 'history_edges': 0, 'pos_edges': 942, 'neg_edges': 4710, 'loss_recent': 422.2598876953125, 'elapsed_sec': 1.0782857351005077, 'avg_sec_per_batch': 1.0782857351005077, 'cuda_allocated_mb': 215, 'cuda_reserved_mb': 10824, 'cuda_max_allocated_mb': 10631}
{'event': 'train_time_group', 'epoch': 12, 'time_group': 86, 'time_groups': 178, 'batch': 85, 'batches': 195, 'time_value': 85.0, 'group_batches': 1, 'history_edges': 46820, 'elapsed_sec': 61.09065117314458, 'cuda_allocated_mb': 105, 'cuda_reserved_mb': 10824, 'cuda_max_allocated_mb': 10631}
{'event': 'train_progress', 'epoch': 12, 'batch': 100, 'batches': 195, 'time_group': 100, 'time_groups': 178, 'history_edges': 64610, 'pos_edges': 1538, 'neg_edges': 7690, 'loss_recent': 79.09761085510254, 'elapsed_sec': 82.36201452463865, 'avg_sec_per_batch': 0.8236201452463865, 'cuda_allocated_mb': 234, 'cuda_reserved_mb': 10824, 'cuda_max_allocated_mb': 10631}
{'event': 'train_progress', 'epoch': 12, 'batch': 131, 'batches': 195, 'time_group': 131, 'time_groups': 178, 'history_edges': 128756, 'pos_edges': 2724, 'neg_edges': 13620, 'loss_recent': 122.06774890899658, 'elapsed_sec': 143.59024664387107, 'avg_sec_per_batch': 1.0961087530066493, 'cuda_allocated_mb': 234, 'cuda_reserved_mb': 10824, 'cuda_max_allocated_mb': 10631}
{'event': 'train_progress', 'epoch': 12, 'batch': 154, 'batches': 195, 'time_group': 154, 'time_groups': 178, 'history_edges': 199166, 'pos_edges': 3524, 'neg_edges': 17620, 'loss_recent': 165.98426494598388, 'elapsed_sec': 204.24948142841458, 'avg_sec_per_batch': 1.326295333950744, 'cuda_allocated_mb': 235, 'cuda_reserved_mb': 10824, 'cuda_max_allocated_mb': 10631}
{'event': 'train_progress', 'epoch': 12, 'batch': 181, 'batches': 195, 'time_group': 171, 'time_groups': 178, 'history_edges': 271306, 'pos_edges': 1484, 'neg_edges': 7420, 'loss_recent': 201.22449300289153, 'elapsed_sec': 265.43952133879066, 'avg_sec_per_batch': 1.4665166924795063, 'cuda_allocated_mb': 235, 'cuda_reserved_mb': 10824, 'cuda_max_allocated_mb': 10631}
{'event': 'train_time_group', 'epoch': 12, 'time_group': 178, 'time_groups': 178, 'batch': 193, 'batches': 195, 'time_value': 177.0, 'group_batches': 2, 'history_edges': 315692, 'elapsed_sec': 296.9687518104911, 'cuda_allocated_mb': 106, 'cuda_reserved_mb': 10824, 'cuda_max_allocated_mb': 10631}
{'event': 'train_progress', 'epoch': 12, 'batch': 195, 'batches': 195, 'time_group': 178, 'time_groups': 178, 'history_edges': 315692, 'pos_edges': 3292, 'neg_edges': 16460, 'loss_recent': 219.8887525701523, 'elapsed_sec': 302.5269841849804, 'avg_sec_per_batch': 1.5514204317178482, 'cuda_allocated_mb': 236, 'cuda_reserved_mb': 10824, 'cuda_max_allocated_mb': 10631}
{'event': 'validation_start', 'epoch': 12}
{'event': 'validation_ranking_start', 'epoch': 12, 'max_edges': 50}
{'event': 'epoch_end', 'epoch': 12, 'early_stop_metric': 'val_composite', 'val_score': 0.882024620340354, 'val_auc': 0.9371764996736998, 'val_ap': 0.8476960574807381, 'val_ndcg': 0.9787234190996534, 'val_mrr': 0.8633570792824504, 'val_hits@1': 0.83, 'val_hits@10': 0.9, 'val_hits@50': 0.9, 'val_hits@100': 0.9, 'elapsed_sec': 474.74084017053246}
{'event': 'epoch_start', 'epoch': 13, 'epochs': 20, 'batches': 195, 'time_groups': 178}
{'event': 'train_time_group', 'epoch': 13, 'time_group': 1, 'time_groups': 178, 'batch': 0, 'batches': 195, 'time_value': 0.0, 'group_batches': 1, 'history_edges': 0, 'elapsed_sec': 0.035313382744789124, 'cuda_allocated_mb': 106, 'cuda_reserved_mb': 10824, 'cuda_max_allocated_mb': 10631}
{'event': 'train_progress', 'epoch': 13, 'batch': 1, 'batches': 195, 'time_group': 1, 'time_groups': 178, 'history_edges': 0, 'pos_edges': 942, 'neg_edges': 4710, 'loss_recent': 450.8668518066406, 'elapsed_sec': 1.0189049690961838, 'avg_sec_per_batch': 1.0189049690961838, 'cuda_allocated_mb': 213, 'cuda_reserved_mb': 10824, 'cuda_max_allocated_mb': 10631}
{'event': 'train_progress', 'epoch': 13, 'batch': 86, 'batches': 195, 'time_group': 86, 'time_groups': 178, 'history_edges': 46820, 'pos_edges': 1002, 'neg_edges': 5010, 'loss_recent': 68.92641227189884, 'elapsed_sec': 61.329543087631464, 'avg_sec_per_batch': 0.7131342219492031, 'cuda_allocated_mb': 216, 'cuda_reserved_mb': 10824, 'cuda_max_allocated_mb': 10631}
{'event': 'train_progress', 'epoch': 13, 'batch': 100, 'batches': 195, 'time_group': 100, 'time_groups': 178, 'history_edges': 64610, 'pos_edges': 1538, 'neg_edges': 7690, 'loss_recent': 79.2947745513916, 'elapsed_sec': 81.30064824223518, 'avg_sec_per_batch': 0.8130064824223519, 'cuda_allocated_mb': 234, 'cuda_reserved_mb': 10824, 'cuda_max_allocated_mb': 10631}
{'event': 'train_progress', 'epoch': 13, 'batch': 131, 'batches': 195, 'time_group': 131, 'time_groups': 178, 'history_edges': 128756, 'pos_edges': 2724, 'neg_edges': 13620, 'loss_recent': 122.06412631988525, 'elapsed_sec': 143.05130830779672, 'avg_sec_per_batch': 1.0919947199068452, 'cuda_allocated_mb': 234, 'cuda_reserved_mb': 10824, 'cuda_max_allocated_mb': 10631}
{'event': 'train_progress', 'epoch': 13, 'batch': 155, 'batches': 195, 'time_group': 155, 'time_groups': 178, 'history_edges': 202690, 'pos_edges': 3572, 'neg_edges': 17860, 'loss_recent': 167.89494262695314, 'elapsed_sec': 205.49619578570127, 'avg_sec_per_batch': 1.325781908294847, 'cuda_allocated_mb': 235, 'cuda_reserved_mb': 10824, 'cuda_max_allocated_mb': 10631}
{'event': 'train_progress', 'epoch': 13, 'batch': 182, 'batches': 195, 'time_group': 172, 'time_groups': 178, 'history_edges': 276886, 'pos_edges': 4096, 'neg_edges': 20480, 'loss_recent': 202.85684157848357, 'elapsed_sec': 267.00723615288734, 'avg_sec_per_batch': 1.4670727261147656, 'cuda_allocated_mb': 235, 'cuda_reserved_mb': 10824, 'cuda_max_allocated_mb': 10631}
{'event': 'train_time_group', 'epoch': 13, 'time_group': 178, 'time_groups': 178, 'batch': 193, 'batches': 195, 'time_value': 177.0, 'group_batches': 2, 'history_edges': 315692, 'elapsed_sec': 295.65164386853576, 'cuda_allocated_mb': 106, 'cuda_reserved_mb': 10824, 'cuda_max_allocated_mb': 10631}
{'event': 'train_progress', 'epoch': 13, 'batch': 195, 'batches': 195, 'time_group': 178, 'time_groups': 178, 'history_edges': 315692, 'pos_edges': 3292, 'neg_edges': 16460, 'loss_recent': 219.72499495983124, 'elapsed_sec': 301.29014248773456, 'avg_sec_per_batch': 1.5450776537832542, 'cuda_allocated_mb': 236, 'cuda_reserved_mb': 10824, 'cuda_max_allocated_mb': 10631}
{'event': 'validation_start', 'epoch': 13}
{'event': 'validation_ranking_start', 'epoch': 13, 'max_edges': 50}
{'event': 'epoch_end', 'epoch': 13, 'early_stop_metric': 'val_composite', 'val_score': 0.8877341363995324, 'val_auc': 0.9340474254392975, 'val_ap': 0.8439764270006677, 'val_ndcg': 0.9780443798008106, 'val_mrr': 0.876458759767142, 'val_hits@1': 0.86, 'val_hits@10': 0.9, 'val_hits@50': 0.9, 'val_hits@100': 0.9, 'elapsed_sec': 471.5674116425216}
{'event': 'epoch_start', 'epoch': 14, 'epochs': 20, 'batches': 195, 'time_groups': 178}
{'event': 'train_time_group', 'epoch': 14, 'time_group': 1, 'time_groups': 178, 'batch': 0, 'batches': 195, 'time_value': 0.0, 'group_batches': 1, 'history_edges': 0, 'elapsed_sec': 0.03598371893167496, 'cuda_allocated_mb': 106, 'cuda_reserved_mb': 10824, 'cuda_max_allocated_mb': 10631}
{'event': 'train_progress', 'epoch': 14, 'batch': 1, 'batches': 195, 'time_group': 1, 'time_groups': 178, 'history_edges': 0, 'pos_edges': 942, 'neg_edges': 4710, 'loss_recent': 478.8921813964844, 'elapsed_sec': 1.0393979996442795, 'avg_sec_per_batch': 1.0393979996442795, 'cuda_allocated_mb': 214, 'cuda_reserved_mb': 10824, 'cuda_max_allocated_mb': 10631}
{'event': 'train_progress', 'epoch': 14, 'batch': 87, 'batches': 195, 'time_group': 87, 'time_groups': 178, 'history_edges': 47822, 'pos_edges': 1024, 'neg_edges': 5120, 'loss_recent': 69.69562013121858, 'elapsed_sec': 62.144743502140045, 'avg_sec_per_batch': 0.7143073965763224, 'cuda_allocated_mb': 219, 'cuda_reserved_mb': 10824, 'cuda_max_allocated_mb': 10631}
{'event': 'train_progress', 'epoch': 14, 'batch': 100, 'batches': 195, 'time_group': 100, 'time_groups': 178, 'history_edges': 64610, 'pos_edges': 1538, 'neg_edges': 7690, 'loss_recent': 79.49418548583985, 'elapsed_sec': 81.24298833310604, 'avg_sec_per_batch': 0.8124298833310604, 'cuda_allocated_mb': 234, 'cuda_reserved_mb': 10824, 'cuda_max_allocated_mb': 10631}
{'event': 'train_progress', 'epoch': 14, 'batch': 131, 'batches': 195, 'time_group': 131, 'time_groups': 178, 'history_edges': 128756, 'pos_edges': 2724, 'neg_edges': 13620, 'loss_recent': 121.94697944641113, 'elapsed_sec': 143.05467722937465, 'avg_sec_per_batch': 1.0920204368654554, 'cuda_allocated_mb': 234, 'cuda_reserved_mb': 10824, 'cuda_max_allocated_mb': 10631}
{'event': 'train_progress', 'epoch': 14, 'batch': 154, 'batches': 195, 'time_group': 154, 'time_groups': 178, 'history_edges': 199166, 'pos_edges': 3524, 'neg_edges': 17620, 'loss_recent': 165.69085025787354, 'elapsed_sec': 203.40705646201968, 'avg_sec_per_batch': 1.3208250419611667, 'cuda_allocated_mb': 235, 'cuda_reserved_mb': 10824, 'cuda_max_allocated_mb': 10631}
{'event': 'train_progress', 'epoch': 14, 'batch': 181, 'batches': 195, 'time_group': 171, 'time_groups': 178, 'history_edges': 271306, 'pos_edges': 1484, 'neg_edges': 7420, 'loss_recent': 200.87141678333282, 'elapsed_sec': 264.731530405581, 'avg_sec_per_batch': 1.462605140362326, 'cuda_allocated_mb': 235, 'cuda_reserved_mb': 10824, 'cuda_max_allocated_mb': 10631}
{'event': 'train_time_group', 'epoch': 14, 'time_group': 178, 'time_groups': 178, 'batch': 193, 'batches': 195, 'time_value': 177.0, 'group_batches': 2, 'history_edges': 315692, 'elapsed_sec': 296.52161514386535, 'cuda_allocated_mb': 106, 'cuda_reserved_mb': 10824, 'cuda_max_allocated_mb': 10631}
{'event': 'train_progress', 'epoch': 14, 'batch': 195, 'batches': 195, 'time_group': 178, 'time_groups': 178, 'history_edges': 315692, 'pos_edges': 3292, 'neg_edges': 16460, 'loss_recent': 219.4695797777176, 'elapsed_sec': 302.4852447360754, 'avg_sec_per_batch': 1.5512063832619252, 'cuda_allocated_mb': 236, 'cuda_reserved_mb': 10824, 'cuda_max_allocated_mb': 10631}
{'event': 'validation_start', 'epoch': 14}
{'event': 'validation_ranking_start', 'epoch': 14, 'max_edges': 50}
{'event': 'epoch_end', 'epoch': 14, 'early_stop_metric': 'val_composite', 'val_score': 0.8857071994089223, 'val_auc': 0.9363640405169726, 'val_ap': 0.8478366263765577, 'val_ndcg': 0.9787339854005929, 'val_mrr': 0.8759378613874411, 'val_hits@1': 0.86, 'val_hits@10': 0.89, 'val_hits@50': 0.9, 'val_hits@100': 0.9, 'elapsed_sec': 473.3130209520459}
{'event': 'epoch_start', 'epoch': 15, 'epochs': 20, 'batches': 195, 'time_groups': 178}
{'event': 'train_time_group', 'epoch': 15, 'time_group': 1, 'time_groups': 178, 'batch': 0, 'batches': 195, 'time_value': 0.0, 'group_batches': 1, 'history_edges': 0, 'elapsed_sec': 0.03858167678117752, 'cuda_allocated_mb': 106, 'cuda_reserved_mb': 10824, 'cuda_max_allocated_mb': 10631}
{'event': 'train_progress', 'epoch': 15, 'batch': 1, 'batches': 195, 'time_group': 1, 'time_groups': 178, 'history_edges': 0, 'pos_edges': 942, 'neg_edges': 4710, 'loss_recent': 501.5697326660156, 'elapsed_sec': 1.0379956103861332, 'avg_sec_per_batch': 1.0379956103861332, 'cuda_allocated_mb': 211, 'cuda_reserved_mb': 10824, 'cuda_max_allocated_mb': 10631}
{'event': 'train_progress', 'epoch': 15, 'batch': 86, 'batches': 195, 'time_group': 86, 'time_groups': 178, 'history_edges': 46820, 'pos_edges': 1002, 'neg_edges': 5010, 'loss_recent': 69.31805725984795, 'elapsed_sec': 61.25195115432143, 'avg_sec_per_batch': 0.7122319901665283, 'cuda_allocated_mb': 219, 'cuda_reserved_mb': 10824, 'cuda_max_allocated_mb': 10631}
{'event': 'train_progress', 'epoch': 15, 'batch': 100, 'batches': 195, 'time_group': 100, 'time_groups': 178, 'history_edges': 64610, 'pos_edges': 1538, 'neg_edges': 7690, 'loss_recent': 79.55538425445556, 'elapsed_sec': 80.7772208750248, 'avg_sec_per_batch': 0.8077722087502479, 'cuda_allocated_mb': 234, 'cuda_reserved_mb': 10824, 'cuda_max_allocated_mb': 10631}
{'event': 'train_progress', 'epoch': 15, 'batch': 131, 'batches': 195, 'time_group': 131, 'time_groups': 178, 'history_edges': 128756, 'pos_edges': 2724, 'neg_edges': 13620, 'loss_recent': 121.71696300506592, 'elapsed_sec': 142.09992605820298, 'avg_sec_per_batch': 1.0847322599862823, 'cuda_allocated_mb': 234, 'cuda_reserved_mb': 10824, 'cuda_max_allocated_mb': 10631}
{'event': 'train_progress', 'epoch': 15, 'batch': 154, 'batches': 195, 'time_group': 154, 'time_groups': 178, 'history_edges': 199166, 'pos_edges': 3524, 'neg_edges': 17620, 'loss_recent': 165.3939279937744, 'elapsed_sec': 202.9926413409412, 'avg_sec_per_batch': 1.3181340346814363, 'cuda_allocated_mb': 235, 'cuda_reserved_mb': 10824, 'cuda_max_allocated_mb': 10631}
{'event': 'train_progress', 'epoch': 15, 'batch': 181, 'batches': 195, 'time_group': 171, 'time_groups': 178, 'history_edges': 271306, 'pos_edges': 1484, 'neg_edges': 7420, 'loss_recent': 200.50483623027802, 'elapsed_sec': 263.30120684206486, 'avg_sec_per_batch': 1.4547028002324025, 'cuda_allocated_mb': 235, 'cuda_reserved_mb': 10824, 'cuda_max_allocated_mb': 10631}
{'event': 'train_time_group', 'epoch': 15, 'time_group': 178, 'time_groups': 178, 'batch': 193, 'batches': 195, 'time_value': 177.0, 'group_batches': 2, 'history_edges': 315692, 'elapsed_sec': 295.0480096153915, 'cuda_allocated_mb': 106, 'cuda_reserved_mb': 10824, 'cuda_max_allocated_mb': 10631}
{'event': 'train_progress', 'epoch': 15, 'batch': 195, 'batches': 195, 'time_group': 178, 'time_groups': 178, 'history_edges': 315692, 'pos_edges': 3292, 'neg_edges': 16460, 'loss_recent': 219.12649943828583, 'elapsed_sec': 300.66826147958636, 'avg_sec_per_batch': 1.5418885204081352, 'cuda_allocated_mb': 236, 'cuda_reserved_mb': 10824, 'cuda_max_allocated_mb': 10631}
{'event': 'validation_start', 'epoch': 15}
{'event': 'validation_ranking_start', 'epoch': 15, 'max_edges': 50}
{'event': 'epoch_end', 'epoch': 15, 'early_stop_metric': 'val_composite', 'val_score': 0.8830964593208914, 'val_auc': 0.9361265323853116, 'val_ap': 0.8480181232652433, 'val_ndcg': 0.9787088185177144, 'val_mrr': 0.8707513342731406, 'val_hits@1': 0.85, 'val_hits@10': 0.89, 'val_hits@50': 0.9, 'val_hits@100': 0.9, 'elapsed_sec': 472.42884624004364}
{'event': 'epoch_start', 'epoch': 16, 'epochs': 20, 'batches': 195, 'time_groups': 178}
{'event': 'train_time_group', 'epoch': 16, 'time_group': 1, 'time_groups': 178, 'batch': 0, 'batches': 195, 'time_value': 0.0, 'group_batches': 1, 'history_edges': 0, 'elapsed_sec': 0.043336864560842514, 'cuda_allocated_mb': 106, 'cuda_reserved_mb': 10824, 'cuda_max_allocated_mb': 10631}
{'event': 'train_progress', 'epoch': 16, 'batch': 1, 'batches': 195, 'time_group': 1, 'time_groups': 178, 'history_edges': 0, 'pos_edges': 942, 'neg_edges': 4710, 'loss_recent': 528.265380859375, 'elapsed_sec': 1.235411424189806, 'avg_sec_per_batch': 1.235411424189806, 'cuda_allocated_mb': 212, 'cuda_reserved_mb': 10824, 'cuda_max_allocated_mb': 10631}
{'event': 'train_progress', 'epoch': 16, 'batch': 86, 'batches': 195, 'time_group': 86, 'time_groups': 178, 'history_edges': 46820, 'pos_edges': 1002, 'neg_edges': 5010, 'loss_recent': 69.56654544209324, 'elapsed_sec': 62.2535116225481, 'avg_sec_per_batch': 0.7238780421226524, 'cuda_allocated_mb': 218, 'cuda_reserved_mb': 10824, 'cuda_max_allocated_mb': 10631}
{'event': 'train_progress', 'epoch': 16, 'batch': 100, 'batches': 195, 'time_group': 100, 'time_groups': 178, 'history_edges': 64610, 'pos_edges': 1538, 'neg_edges': 7690, 'loss_recent': 79.69669036865234, 'elapsed_sec': 82.45202497392893, 'avg_sec_per_batch': 0.8245202497392893, 'cuda_allocated_mb': 234, 'cuda_reserved_mb': 10824, 'cuda_max_allocated_mb': 10631}
{'event': 'train_progress', 'epoch': 16, 'batch': 131, 'batches': 195, 'time_group': 131, 'time_groups': 178, 'history_edges': 128756, 'pos_edges': 2724, 'neg_edges': 13620, 'loss_recent': 121.45941772460938, 'elapsed_sec': 143.3224077746272, 'avg_sec_per_batch': 1.094064181485704, 'cuda_allocated_mb': 234, 'cuda_reserved_mb': 10824, 'cuda_max_allocated_mb': 10631}
{'event': 'train_progress', 'epoch': 16, 'batch': 154, 'batches': 195, 'time_group': 154, 'time_groups': 178, 'history_edges': 199166, 'pos_edges': 3524, 'neg_edges': 17620, 'loss_recent': 165.0796021270752, 'elapsed_sec': 203.6281606554985, 'avg_sec_per_batch': 1.322260783477263, 'cuda_allocated_mb': 235, 'cuda_reserved_mb': 10824, 'cuda_max_allocated_mb': 10631}
{'event': 'train_progress', 'epoch': 16, 'batch': 181, 'batches': 195, 'time_group': 171, 'time_groups': 178, 'history_edges': 271306, 'pos_edges': 1484, 'neg_edges': 7420, 'loss_recent': 200.2271812582016, 'elapsed_sec': 264.3987290300429, 'avg_sec_per_batch': 1.4607664587295186, 'cuda_allocated_mb': 235, 'cuda_reserved_mb': 10824, 'cuda_max_allocated_mb': 10631}
{'event': 'train_time_group', 'epoch': 16, 'time_group': 178, 'time_groups': 178, 'batch': 193, 'batches': 195, 'time_value': 177.0, 'group_batches': 2, 'history_edges': 315692, 'elapsed_sec': 295.7614096105099, 'cuda_allocated_mb': 106, 'cuda_reserved_mb': 10824, 'cuda_max_allocated_mb': 10631}
{'event': 'train_progress', 'epoch': 16, 'batch': 195, 'batches': 195, 'time_group': 178, 'time_groups': 178, 'history_edges': 315692, 'pos_edges': 3292, 'neg_edges': 16460, 'loss_recent': 218.7538574361801, 'elapsed_sec': 301.4282259568572, 'avg_sec_per_batch': 1.5457857741377292, 'cuda_allocated_mb': 236, 'cuda_reserved_mb': 10824, 'cuda_max_allocated_mb': 10631}
{'event': 'validation_start', 'epoch': 16}
{'event': 'validation_ranking_start', 'epoch': 16, 'max_edges': 50}
{'event': 'epoch_end', 'epoch': 16, 'early_stop_metric': 'val_composite', 'val_score': 0.8802342575227688, 'val_auc': 0.9350013061149873, 'val_ap': 0.8466238379096903, 'val_ndcg': 0.9784400405332219, 'val_mrr': 0.8656433556291036, 'val_hits@1': 0.84, 'val_hits@10': 0.89, 'val_hits@50': 0.9, 'val_hits@100': 0.9, 'elapsed_sec': 472.10215847566724}
{'event': 'epoch_start', 'epoch': 17, 'epochs': 20, 'batches': 195, 'time_groups': 178}
{'event': 'train_time_group', 'epoch': 17, 'time_group': 1, 'time_groups': 178, 'batch': 0, 'batches': 195, 'time_value': 0.0, 'group_batches': 1, 'history_edges': 0, 'elapsed_sec': 0.03576328232884407, 'cuda_allocated_mb': 106, 'cuda_reserved_mb': 10824, 'cuda_max_allocated_mb': 10631}
{'event': 'train_progress', 'epoch': 17, 'batch': 1, 'batches': 195, 'time_group': 1, 'time_groups': 178, 'history_edges': 0, 'pos_edges': 942, 'neg_edges': 4710, 'loss_recent': 560.0895385742188, 'elapsed_sec': 1.0196123719215393, 'avg_sec_per_batch': 1.0196123719215393, 'cuda_allocated_mb': 212, 'cuda_reserved_mb': 10824, 'cuda_max_allocated_mb': 10631}
{'event': 'train_progress', 'epoch': 17, 'batch': 86, 'batches': 195, 'time_group': 86, 'time_groups': 178, 'history_edges': 46820, 'pos_edges': 1002, 'neg_edges': 5010, 'loss_recent': 69.80037117004395, 'elapsed_sec': 61.19753323867917, 'avg_sec_per_batch': 0.7115992237055717, 'cuda_allocated_mb': 219, 'cuda_reserved_mb': 10824, 'cuda_max_allocated_mb': 10631}
{'event': 'train_progress', 'epoch': 17, 'batch': 100, 'batches': 195, 'time_group': 100, 'time_groups': 178, 'history_edges': 64610, 'pos_edges': 1538, 'neg_edges': 7690, 'loss_recent': 79.96972904205322, 'elapsed_sec': 80.81173323467374, 'avg_sec_per_batch': 0.8081173323467374, 'cuda_allocated_mb': 234, 'cuda_reserved_mb': 10824, 'cuda_max_allocated_mb': 10631}
{'event': 'train_progress', 'epoch': 17, 'batch': 131, 'batches': 195, 'time_group': 131, 'time_groups': 178, 'history_edges': 128756, 'pos_edges': 2724, 'neg_edges': 13620, 'loss_recent': 121.47206756591797, 'elapsed_sec': 142.60979637503624, 'avg_sec_per_batch': 1.088624399809437, 'cuda_allocated_mb': 234, 'cuda_reserved_mb': 10824, 'cuda_max_allocated_mb': 10631}
{'event': 'train_progress', 'epoch': 17, 'batch': 154, 'batches': 195, 'time_group': 154, 'time_groups': 178, 'history_edges': 199166, 'pos_edges': 3524, 'neg_edges': 17620, 'loss_recent': 165.0991297149658, 'elapsed_sec': 202.93223421648145, 'avg_sec_per_batch': 1.3177417806265028, 'cuda_allocated_mb': 235, 'cuda_reserved_mb': 10824, 'cuda_max_allocated_mb': 10631}
{'event': 'train_progress', 'epoch': 17, 'batch': 181, 'batches': 195, 'time_group': 171, 'time_groups': 178, 'history_edges': 271306, 'pos_edges': 1484, 'neg_edges': 7420, 'loss_recent': 200.3025860977173, 'elapsed_sec': 263.84194837510586, 'avg_sec_per_batch': 1.457690322514397, 'cuda_allocated_mb': 235, 'cuda_reserved_mb': 10824, 'cuda_max_allocated_mb': 10631}
{'event': 'train_time_group', 'epoch': 17, 'time_group': 178, 'time_groups': 178, 'batch': 193, 'batches': 195, 'time_value': 177.0, 'group_batches': 2, 'history_edges': 315692, 'elapsed_sec': 295.35377057641745, 'cuda_allocated_mb': 106, 'cuda_reserved_mb': 10824, 'cuda_max_allocated_mb': 10631}
{'event': 'train_progress', 'epoch': 17, 'batch': 195, 'batches': 195, 'time_group': 178, 'time_groups': 178, 'history_edges': 315692, 'pos_edges': 3292, 'neg_edges': 16460, 'loss_recent': 218.77344066619872, 'elapsed_sec': 300.87408086657524, 'avg_sec_per_batch': 1.5429440044439755, 'cuda_allocated_mb': 236, 'cuda_reserved_mb': 10824, 'cuda_max_allocated_mb': 10631}
{'event': 'validation_start', 'epoch': 17}
{'event': 'validation_ranking_start', 'epoch': 17, 'max_edges': 50}
{'event': 'epoch_end', 'epoch': 17, 'early_stop_metric': 'val_composite', 'val_score': 0.8821573310174096, 'val_auc': 0.9349450008175182, 'val_ap': 0.8473420998034435, 'val_ndcg': 0.9785168941496627, 'val_mrr': 0.8643627418288751, 'val_hits@1': 0.84, 'val_hits@10': 0.9, 'val_hits@50': 0.9, 'val_hits@100': 0.9, 'elapsed_sec': 471.7532914429903}
{'event': 'epoch_start', 'epoch': 18, 'epochs': 20, 'batches': 195, 'time_groups': 178}
{'event': 'train_time_group', 'epoch': 18, 'time_group': 1, 'time_groups': 178, 'batch': 0, 'batches': 195, 'time_value': 0.0, 'group_batches': 1, 'history_edges': 0, 'elapsed_sec': 0.034165456891059875, 'cuda_allocated_mb': 106, 'cuda_reserved_mb': 10824, 'cuda_max_allocated_mb': 10631}
{'event': 'train_progress', 'epoch': 18, 'batch': 1, 'batches': 195, 'time_group': 1, 'time_groups': 178, 'history_edges': 0, 'pos_edges': 942, 'neg_edges': 4710, 'loss_recent': 592.2991333007812, 'elapsed_sec': 1.0499331951141357, 'avg_sec_per_batch': 1.0499331951141357, 'cuda_allocated_mb': 214, 'cuda_reserved_mb': 10824, 'cuda_max_allocated_mb': 10631}
{'event': 'train_progress', 'epoch': 18, 'batch': 87, 'batches': 195, 'time_group': 87, 'time_groups': 178, 'history_edges': 47822, 'pos_edges': 1024, 'neg_edges': 5120, 'loss_recent': 70.61352486445986, 'elapsed_sec': 61.935017842799425, 'avg_sec_per_batch': 0.7118967568137865, 'cuda_allocated_mb': 220, 'cuda_reserved_mb': 10824, 'cuda_max_allocated_mb': 10631}
{'event': 'train_progress', 'epoch': 18, 'batch': 100, 'batches': 195, 'time_group': 100, 'time_groups': 178, 'history_edges': 64610, 'pos_edges': 1538, 'neg_edges': 7690, 'loss_recent': 80.13816711425781, 'elapsed_sec': 80.58577351644635, 'avg_sec_per_batch': 0.8058577351644636, 'cuda_allocated_mb': 234, 'cuda_reserved_mb': 10824, 'cuda_max_allocated_mb': 10631}
{'event': 'train_progress', 'epoch': 18, 'batch': 131, 'batches': 195, 'time_group': 131, 'time_groups': 178, 'history_edges': 128756, 'pos_edges': 2724, 'neg_edges': 13620, 'loss_recent': 121.31382640838623, 'elapsed_sec': 142.39337864890695, 'avg_sec_per_batch': 1.0869723560985263, 'cuda_allocated_mb': 234, 'cuda_reserved_mb': 10824, 'cuda_max_allocated_mb': 10631}
{'event': 'train_progress', 'epoch': 18, 'batch': 154, 'batches': 195, 'time_group': 154, 'time_groups': 178, 'history_edges': 199166, 'pos_edges': 3524, 'neg_edges': 17620, 'loss_recent': 164.74770034790038, 'elapsed_sec': 202.50694248452783, 'avg_sec_per_batch': 1.3149801460034274, 'cuda_allocated_mb': 235, 'cuda_reserved_mb': 10824, 'cuda_max_allocated_mb': 10631}
{'event': 'train_progress', 'epoch': 18, 'batch': 181, 'batches': 195, 'time_group': 171, 'time_groups': 178, 'history_edges': 271306, 'pos_edges': 1484, 'neg_edges': 7420, 'loss_recent': 199.80088554382326, 'elapsed_sec': 262.859262842685, 'avg_sec_per_batch': 1.4522611206778175, 'cuda_allocated_mb': 235, 'cuda_reserved_mb': 10824, 'cuda_max_allocated_mb': 10631}
{'event': 'train_time_group', 'epoch': 18, 'time_group': 178, 'time_groups': 178, 'batch': 193, 'batches': 195, 'time_value': 177.0, 'group_batches': 2, 'history_edges': 315692, 'elapsed_sec': 294.8948496505618, 'cuda_allocated_mb': 106, 'cuda_reserved_mb': 10824, 'cuda_max_allocated_mb': 10631}
{'event': 'train_progress', 'epoch': 18, 'batch': 195, 'batches': 195, 'time_group': 178, 'time_groups': 178, 'history_edges': 315692, 'pos_edges': 3292, 'neg_edges': 16460, 'loss_recent': 218.39395195007324, 'elapsed_sec': 300.8513683602214, 'avg_sec_per_batch': 1.5428275300524175, 'cuda_allocated_mb': 236, 'cuda_reserved_mb': 10824, 'cuda_max_allocated_mb': 10631}
{'event': 'validation_start', 'epoch': 18}
{'event': 'validation_ranking_start', 'epoch': 18, 'max_edges': 50}
{'event': 'epoch_end', 'epoch': 18, 'early_stop_metric': 'val_composite', 'val_score': 0.8848998872240139, 'val_auc': 0.9355893727635842, 'val_ap': 0.8481982298992125, 'val_ndcg': 0.9786572335260352, 'val_mrr': 0.86948331663911, 'val_hits@1': 0.85, 'val_hits@10': 0.9, 'val_hits@50': 0.9, 'val_hits@100': 0.9, 'elapsed_sec': 470.648386657238}
{'dataset': 'tkgl-yago', 'method': 'ssptgfm', 'scenario': 'label_split', 'ablation': 'full', 'few_shot_ratio': 1.0, 'seed': 4, 'train_edges': 323080, 'val_edges': 39046, 'test_edges': 40052, 'params_trainable': 2230544, 'params_total': 2230544, 'rough_forward_flops': 24227184640, 'train_eval_time_sec': 9271.204842604697, 'allocated_mb': 48.81201171875, 'reserved_mb': 10824.0, 'max_allocated_mb': 10631.80859375, 'val_auc': 0.9340474249145663, 'val_ap': 0.843976425489782, 'val_ndcg': 0.9780443797608289, 'val_mrr': 0.876458759767142, 'val_hits@1': 0.86, 'val_hits@10': 0.9, 'val_hits@50': 0.9, 'val_hits@100': 0.9, 'train_loss': 149.30658659079137, 'train_lp': 0.07034634825510856, 'train_align': 29520.0300396259, 'train_kl': 16351.618250098596, 'train_ood_reg': 0.22002696769359784, 'train_meta': 0.1430328661572882, 'train_weighted_align': 147.60014663353945, 'train_weighted_kl': 1.635161819576453, 'train_weighted_ood_reg': 0.00022002697843186652, 'train_weighted_meta': 0.000715164317276472, 'test_auc': 0.9494577841774833, 'test_ap': 0.8970531908449701, 'test_ndcg': 0.9852063143957264, 'test_mrr': 0.8745002729676365, 'test_hits@1': 0.85, 'test_hits@10': 0.9, 'test_hits@50': 0.92, 'test_hits@100': 0.925}
