runtime_device=cuda
cuda_device=Tesla V100-PCIE-32GB
{'event': 'seed_start', 'dataset': 'yago15k-temporal', 'ablation': 'full', 'seed': 5, 'device': 'cuda', 'node_text_device': 'cuda:0'}
{'event': 'epoch_start', 'epoch': 1, 'epochs': 20, 'batches': 118}
{'event': 'epoch_end', 'epoch': 1, 'val_auc': 0.6477331334771375, 'elapsed_sec': 104.3795498907566}
{'event': 'epoch_start', 'epoch': 2, 'epochs': 20, 'batches': 118}
{'event': 'epoch_end', 'epoch': 2, 'val_auc': 0.6096778428957967, 'elapsed_sec': 101.17913888767362}
{'event': 'epoch_start', 'epoch': 3, 'epochs': 20, 'batches': 118}
{'event': 'epoch_end', 'epoch': 3, 'val_auc': 0.6239536414946008, 'elapsed_sec': 100.07996674254537}
{'event': 'epoch_start', 'epoch': 4, 'epochs': 20, 'batches': 118}
{'event': 'epoch_end', 'epoch': 4, 'val_auc': 0.6041682822825156, 'elapsed_sec': 98.81573777645826}
{'event': 'epoch_start', 'epoch': 5, 'epochs': 20, 'batches': 118}
{'event': 'epoch_end', 'epoch': 5, 'val_auc': 0.599925871095573, 'elapsed_sec': 100.04989438131452}
{'event': 'epoch_start', 'epoch': 6, 'epochs': 20, 'batches': 118}
{'event': 'epoch_end', 'epoch': 6, 'val_auc': 0.6107205043170754, 'elapsed_sec': 99.83388729020953}
{'dataset': 'yago15k-temporal', 'method': 'ssptgfm', 'scenario': 'standard', 'ablation': 'full', 'few_shot_ratio': 1.0, 'seed': 5, 'train_edges': 3244, 'val_edges': 6738, 'test_edges': 26719, 'params_trainable': 1399440, 'params_total': 1399440, 'rough_forward_flops': 384237568, 'train_eval_time_sec': 2213.193636648357, 'allocated_mb': 33.1123046875, 'reserved_mb': 324.0, 'max_allocated_mb': 252.8408203125, 'val_auc': 0.6471341386699272, 'val_ap': 0.1591865971360625, 'val_ndcg': 0.8082651902134564, 'train_loss': 16.06814473210755, 'train_lp': 0.5299873826867443, 'train_align': 294.8407480373221, 'train_kl': 1581.3241493095786, 'train_ood_reg': 0.2251064084091429, 'train_meta': 0.5232568311236673, 'test_auc': 0.6329700309366529, 'test_ap': 0.15072287112404945, 'test_ndcg': 0.8268725320845753, 'test_mrr': 0.1547054333801513, 'test_hits@1': 0.0875, 'test_hits@10': 0.265, 'test_hits@50': 0.43, 'test_hits@100': 0.535}
{'event': 'baseline_start', 'method': 'lm_mlp', 'seed': 5}
{'event': 'baseline_epoch_start', 'model': 'LMMLPBaseline', 'epoch': 1, 'epochs': 20, 'requires_struct_features': False}
{'event': 'baseline_epoch_time_group', 'model': 'LMMLPBaseline', 'epoch': 1, 'time_group': 1, 'time_groups': 118, 'batches': 1}
{'event': 'baseline_epoch_time_group', 'model': 'LMMLPBaseline', 'epoch': 1, 'time_group': 10, 'time_groups': 118, 'batches': 1}
{'event': 'baseline_epoch_time_group', 'model': 'LMMLPBaseline', 'epoch': 1, 'time_group': 20, 'time_groups': 118, 'batches': 1}
{'event': 'baseline_epoch_time_group', 'model': 'LMMLPBaseline', 'epoch': 1, 'time_group': 30, 'time_groups': 118, 'batches': 1}
{'event': 'baseline_epoch_time_group', 'model': 'LMMLPBaseline', 'epoch': 1, 'time_group': 40, 'time_groups': 118, 'batches': 1}
{'event': 'baseline_epoch_time_group', 'model': 'LMMLPBaseline', 'epoch': 1, 'time_group': 50, 'time_groups': 118, 'batches': 1}
{'event': 'baseline_epoch_time_group', 'model': 'LMMLPBaseline', 'epoch': 1, 'time_group': 60, 'time_groups': 118, 'batches': 1}
{'event': 'baseline_epoch_time_group', 'model': 'LMMLPBaseline', 'epoch': 1, 'time_group': 70, 'time_groups': 118, 'batches': 1}
{'event': 'baseline_epoch_time_group', 'model': 'LMMLPBaseline', 'epoch': 1, 'time_group': 80, 'time_groups': 118, 'batches': 1}
{'event': 'baseline_epoch_time_group', 'model': 'LMMLPBaseline', 'epoch': 1, 'time_group': 90, 'time_groups': 118, 'batches': 1}
{'event': 'baseline_epoch_time_group', 'model': 'LMMLPBaseline', 'epoch': 1, 'time_group': 100, 'time_groups': 118, 'batches': 1}
{'event': 'baseline_epoch_time_group', 'model': 'LMMLPBaseline', 'epoch': 1, 'time_group': 110, 'time_groups': 118, 'batches': 1}
{'event': 'baseline_epoch_time_group', 'model': 'LMMLPBaseline', 'epoch': 1, 'time_group': 118, 'time_groups': 118, 'batches': 1}
{'event': 'baseline_validation_start', 'model': 'LMMLPBaseline', 'epoch': 1}
{'event': 'baseline_epoch_end', 'model': 'LMMLPBaseline', 'epoch': 1, 'val_auc': 0.7670175647728699, 'elapsed_sec': 3.0670859441161156}
{'event': 'baseline_epoch_start', 'model': 'LMMLPBaseline', 'epoch': 2, 'epochs': 20, 'requires_struct_features': False}
{'event': 'baseline_epoch_time_group', 'model': 'LMMLPBaseline', 'epoch': 2, 'time_group': 1, 'time_groups': 118, 'batches': 1}
{'event': 'baseline_epoch_time_group', 'model': 'LMMLPBaseline', 'epoch': 2, 'time_group': 10, 'time_groups': 118, 'batches': 1}
{'event': 'baseline_epoch_time_group', 'model': 'LMMLPBaseline', 'epoch': 2, 'time_group': 20, 'time_groups': 118, 'batches': 1}
{'event': 'baseline_epoch_time_group', 'model': 'LMMLPBaseline', 'epoch': 2, 'time_group': 30, 'time_groups': 118, 'batches': 1}
{'event': 'baseline_epoch_time_group', 'model': 'LMMLPBaseline', 'epoch': 2, 'time_group': 40, 'time_groups': 118, 'batches': 1}
{'event': 'baseline_epoch_time_group', 'model': 'LMMLPBaseline', 'epoch': 2, 'time_group': 50, 'time_groups': 118, 'batches': 1}
{'event': 'baseline_epoch_time_group', 'model': 'LMMLPBaseline', 'epoch': 2, 'time_group': 60, 'time_groups': 118, 'batches': 1}
{'event': 'baseline_epoch_time_group', 'model': 'LMMLPBaseline', 'epoch': 2, 'time_group': 70, 'time_groups': 118, 'batches': 1}
{'event': 'baseline_epoch_time_group', 'model': 'LMMLPBaseline', 'epoch': 2, 'time_group': 80, 'time_groups': 118, 'batches': 1}
{'event': 'baseline_epoch_time_group', 'model': 'LMMLPBaseline', 'epoch': 2, 'time_group': 90, 'time_groups': 118, 'batches': 1}
{'event': 'baseline_epoch_time_group', 'model': 'LMMLPBaseline', 'epoch': 2, 'time_group': 100, 'time_groups': 118, 'batches': 1}
{'event': 'baseline_epoch_time_group', 'model': 'LMMLPBaseline', 'epoch': 2, 'time_group': 110, 'time_groups': 118, 'batches': 1}
{'event': 'baseline_epoch_time_group', 'model': 'LMMLPBaseline', 'epoch': 2, 'time_group': 118, 'time_groups': 118, 'batches': 1}
{'event': 'baseline_validation_start', 'model': 'LMMLPBaseline', 'epoch': 2}
{'event': 'baseline_epoch_end', 'model': 'LMMLPBaseline', 'epoch': 2, 'val_auc': 0.7493845858221746, 'elapsed_sec': 2.985324937850237}
{'event': 'baseline_epoch_start', 'model': 'LMMLPBaseline', 'epoch': 3, 'epochs': 20, 'requires_struct_features': False}
{'event': 'baseline_epoch_time_group', 'model': 'LMMLPBaseline', 'epoch': 3, 'time_group': 1, 'time_groups': 118, 'batches': 1}
{'event': 'baseline_epoch_time_group', 'model': 'LMMLPBaseline', 'epoch': 3, 'time_group': 10, 'time_groups': 118, 'batches': 1}
{'event': 'baseline_epoch_time_group', 'model': 'LMMLPBaseline', 'epoch': 3, 'time_group': 20, 'time_groups': 118, 'batches': 1}
{'event': 'baseline_epoch_time_group', 'model': 'LMMLPBaseline', 'epoch': 3, 'time_group': 30, 'time_groups': 118, 'batches': 1}
{'event': 'baseline_epoch_time_group', 'model': 'LMMLPBaseline', 'epoch': 3, 'time_group': 40, 'time_groups': 118, 'batches': 1}
{'event': 'baseline_epoch_time_group', 'model': 'LMMLPBaseline', 'epoch': 3, 'time_group': 50, 'time_groups': 118, 'batches': 1}
{'event': 'baseline_epoch_time_group', 'model': 'LMMLPBaseline', 'epoch': 3, 'time_group': 60, 'time_groups': 118, 'batches': 1}
{'event': 'baseline_epoch_time_group', 'model': 'LMMLPBaseline', 'epoch': 3, 'time_group': 70, 'time_groups': 118, 'batches': 1}
{'event': 'baseline_epoch_time_group', 'model': 'LMMLPBaseline', 'epoch': 3, 'time_group': 80, 'time_groups': 118, 'batches': 1}
{'event': 'baseline_epoch_time_group', 'model': 'LMMLPBaseline', 'epoch': 3, 'time_group': 90, 'time_groups': 118, 'batches': 1}
{'event': 'baseline_epoch_time_group', 'model': 'LMMLPBaseline', 'epoch': 3, 'time_group': 100, 'time_groups': 118, 'batches': 1}
{'event': 'baseline_epoch_time_group', 'model': 'LMMLPBaseline', 'epoch': 3, 'time_group': 110, 'time_groups': 118, 'batches': 1}
{'event': 'baseline_epoch_time_group', 'model': 'LMMLPBaseline', 'epoch': 3, 'time_group': 118, 'time_groups': 118, 'batches': 1}
{'event': 'baseline_validation_start', 'model': 'LMMLPBaseline', 'epoch': 3}
{'event': 'baseline_epoch_end', 'model': 'LMMLPBaseline', 'epoch': 3, 'val_auc': 0.753253834901549, 'elapsed_sec': 2.9671525806188583}
{'event': 'baseline_epoch_start', 'model': 'LMMLPBaseline', 'epoch': 4, 'epochs': 20, 'requires_struct_features': False}
{'event': 'baseline_epoch_time_group', 'model': 'LMMLPBaseline', 'epoch': 4, 'time_group': 1, 'time_groups': 118, 'batches': 1}
{'event': 'baseline_epoch_time_group', 'model': 'LMMLPBaseline', 'epoch': 4, 'time_group': 10, 'time_groups': 118, 'batches': 1}
{'event': 'baseline_epoch_time_group', 'model': 'LMMLPBaseline', 'epoch': 4, 'time_group': 20, 'time_groups': 118, 'batches': 1}
{'event': 'baseline_epoch_time_group', 'model': 'LMMLPBaseline', 'epoch': 4, 'time_group': 30, 'time_groups': 118, 'batches': 1}
{'event': 'baseline_epoch_time_group', 'model': 'LMMLPBaseline', 'epoch': 4, 'time_group': 40, 'time_groups': 118, 'batches': 1}
{'event': 'baseline_epoch_time_group', 'model': 'LMMLPBaseline', 'epoch': 4, 'time_group': 50, 'time_groups': 118, 'batches': 1}
{'event': 'baseline_epoch_time_group', 'model': 'LMMLPBaseline', 'epoch': 4, 'time_group': 60, 'time_groups': 118, 'batches': 1}
{'event': 'baseline_epoch_time_group', 'model': 'LMMLPBaseline', 'epoch': 4, 'time_group': 70, 'time_groups': 118, 'batches': 1}
{'event': 'baseline_epoch_time_group', 'model': 'LMMLPBaseline', 'epoch': 4, 'time_group': 80, 'time_groups': 118, 'batches': 1}
{'event': 'baseline_epoch_time_group', 'model': 'LMMLPBaseline', 'epoch': 4, 'time_group': 90, 'time_groups': 118, 'batches': 1}
{'event': 'baseline_epoch_time_group', 'model': 'LMMLPBaseline', 'epoch': 4, 'time_group': 100, 'time_groups': 118, 'batches': 1}
{'event': 'baseline_epoch_time_group', 'model': 'LMMLPBaseline', 'epoch': 4, 'time_group': 110, 'time_groups': 118, 'batches': 1}
{'event': 'baseline_epoch_time_group', 'model': 'LMMLPBaseline', 'epoch': 4, 'time_group': 118, 'time_groups': 118, 'batches': 1}
{'event': 'baseline_validation_start', 'model': 'LMMLPBaseline', 'epoch': 4}
{'event': 'baseline_epoch_end', 'model': 'LMMLPBaseline', 'epoch': 4, 'val_auc': 0.7535794734541651, 'elapsed_sec': 2.917774561792612}
{'event': 'baseline_epoch_start', 'model': 'LMMLPBaseline', 'epoch': 5, 'epochs': 20, 'requires_struct_features': False}
{'event': 'baseline_epoch_time_group', 'model': 'LMMLPBaseline', 'epoch': 5, 'time_group': 1, 'time_groups': 118, 'batches': 1}
{'event': 'baseline_epoch_time_group', 'model': 'LMMLPBaseline', 'epoch': 5, 'time_group': 10, 'time_groups': 118, 'batches': 1}
{'event': 'baseline_epoch_time_group', 'model': 'LMMLPBaseline', 'epoch': 5, 'time_group': 20, 'time_groups': 118, 'batches': 1}
{'event': 'baseline_epoch_time_group', 'model': 'LMMLPBaseline', 'epoch': 5, 'time_group': 30, 'time_groups': 118, 'batches': 1}
{'event': 'baseline_epoch_time_group', 'model': 'LMMLPBaseline', 'epoch': 5, 'time_group': 40, 'time_groups': 118, 'batches': 1}
{'event': 'baseline_epoch_time_group', 'model': 'LMMLPBaseline', 'epoch': 5, 'time_group': 50, 'time_groups': 118, 'batches': 1}
{'event': 'baseline_epoch_time_group', 'model': 'LMMLPBaseline', 'epoch': 5, 'time_group': 60, 'time_groups': 118, 'batches': 1}
{'event': 'baseline_epoch_time_group', 'model': 'LMMLPBaseline', 'epoch': 5, 'time_group': 70, 'time_groups': 118, 'batches': 1}
{'event': 'baseline_epoch_time_group', 'model': 'LMMLPBaseline', 'epoch': 5, 'time_group': 80, 'time_groups': 118, 'batches': 1}
{'event': 'baseline_epoch_time_group', 'model': 'LMMLPBaseline', 'epoch': 5, 'time_group': 90, 'time_groups': 118, 'batches': 1}
{'event': 'baseline_epoch_time_group', 'model': 'LMMLPBaseline', 'epoch': 5, 'time_group': 100, 'time_groups': 118, 'batches': 1}
{'event': 'baseline_epoch_time_group', 'model': 'LMMLPBaseline', 'epoch': 5, 'time_group': 110, 'time_groups': 118, 'batches': 1}
{'event': 'baseline_epoch_time_group', 'model': 'LMMLPBaseline', 'epoch': 5, 'time_group': 118, 'time_groups': 118, 'batches': 1}
{'event': 'baseline_validation_start', 'model': 'LMMLPBaseline', 'epoch': 5}
{'event': 'baseline_epoch_end', 'model': 'LMMLPBaseline', 'epoch': 5, 'val_auc': 0.7505894817262946, 'elapsed_sec': 3.013016175478697}
{'event': 'baseline_epoch_start', 'model': 'LMMLPBaseline', 'epoch': 6, 'epochs': 20, 'requires_struct_features': False}
{'event': 'baseline_epoch_time_group', 'model': 'LMMLPBaseline', 'epoch': 6, 'time_group': 1, 'time_groups': 118, 'batches': 1}
{'event': 'baseline_epoch_time_group', 'model': 'LMMLPBaseline', 'epoch': 6, 'time_group': 10, 'time_groups': 118, 'batches': 1}
{'event': 'baseline_epoch_time_group', 'model': 'LMMLPBaseline', 'epoch': 6, 'time_group': 20, 'time_groups': 118, 'batches': 1}
{'event': 'baseline_epoch_time_group', 'model': 'LMMLPBaseline', 'epoch': 6, 'time_group': 30, 'time_groups': 118, 'batches': 1}
{'event': 'baseline_epoch_time_group', 'model': 'LMMLPBaseline', 'epoch': 6, 'time_group': 40, 'time_groups': 118, 'batches': 1}
{'event': 'baseline_epoch_time_group', 'model': 'LMMLPBaseline', 'epoch': 6, 'time_group': 50, 'time_groups': 118, 'batches': 1}
{'event': 'baseline_epoch_time_group', 'model': 'LMMLPBaseline', 'epoch': 6, 'time_group': 60, 'time_groups': 118, 'batches': 1}
{'event': 'baseline_epoch_time_group', 'model': 'LMMLPBaseline', 'epoch': 6, 'time_group': 70, 'time_groups': 118, 'batches': 1}
{'event': 'baseline_epoch_time_group', 'model': 'LMMLPBaseline', 'epoch': 6, 'time_group': 80, 'time_groups': 118, 'batches': 1}
{'event': 'baseline_epoch_time_group', 'model': 'LMMLPBaseline', 'epoch': 6, 'time_group': 90, 'time_groups': 118, 'batches': 1}
{'event': 'baseline_epoch_time_group', 'model': 'LMMLPBaseline', 'epoch': 6, 'time_group': 100, 'time_groups': 118, 'batches': 1}
{'event': 'baseline_epoch_time_group', 'model': 'LMMLPBaseline', 'epoch': 6, 'time_group': 110, 'time_groups': 118, 'batches': 1}
{'event': 'baseline_epoch_time_group', 'model': 'LMMLPBaseline', 'epoch': 6, 'time_group': 118, 'time_groups': 118, 'batches': 1}
{'event': 'baseline_validation_start', 'model': 'LMMLPBaseline', 'epoch': 6}
{'event': 'baseline_epoch_end', 'model': 'LMMLPBaseline', 'epoch': 6, 'val_auc': 0.7515220158551055, 'elapsed_sec': 3.1199251785874367}
{'event': 'baseline_test_binary_start', 'method': 'lm_mlp', 'seed': 5}
{'event': 'baseline_test_ranking_start', 'method': 'lm_mlp', 'seed': 5}
{'dataset': 'yago15k-temporal', 'method': 'lm_mlp', 'scenario': 'standard', 'ablation': 'baseline', 'few_shot_ratio': 1.0, 'seed': 5, 'train_edges': 3244, 'val_edges': 6738, 'test_edges': 26719, 'params_trainable': 117633, 'params_total': 117633, 'train_eval_time_sec': 39.50441816076636, 'val_auc': 0.7705300006317091, 'val_ap': 0.2110541872277765, 'val_ndcg': 0.8287338087439905, 'test_auc': 0.7206242600266788, 'test_ap': 0.15738768083345983, 'test_ndcg': 0.826493570110971, 'test_mrr': 0.01941781227039778, 'test_hits@1': 0.0025, 'test_hits@10': 0.025, 'test_hits@50': 0.135, 'test_hits@100': 0.3025}
{'event': 'baseline_start', 'method': 'structure_mlp', 'seed': 5}
{'event': 'baseline_epoch_start', 'model': 'StructureMLPBaseline', 'epoch': 1, 'epochs': 20, 'requires_struct_features': True}
{'event': 'baseline_epoch_time_group', 'model': 'StructureMLPBaseline', 'epoch': 1, 'time_group': 1, 'time_groups': 118, 'batches': 1}
{'event': 'baseline_epoch_time_group', 'model': 'StructureMLPBaseline', 'epoch': 1, 'time_group': 10, 'time_groups': 118, 'batches': 1}
{'event': 'baseline_epoch_time_group', 'model': 'StructureMLPBaseline', 'epoch': 1, 'time_group': 20, 'time_groups': 118, 'batches': 1}
{'event': 'baseline_epoch_time_group', 'model': 'StructureMLPBaseline', 'epoch': 1, 'time_group': 30, 'time_groups': 118, 'batches': 1}
{'event': 'baseline_epoch_time_group', 'model': 'StructureMLPBaseline', 'epoch': 1, 'time_group': 40, 'time_groups': 118, 'batches': 1}
{'event': 'baseline_epoch_time_group', 'model': 'StructureMLPBaseline', 'epoch': 1, 'time_group': 50, 'time_groups': 118, 'batches': 1}
{'event': 'baseline_epoch_time_group', 'model': 'StructureMLPBaseline', 'epoch': 1, 'time_group': 60, 'time_groups': 118, 'batches': 1}
{'event': 'baseline_epoch_time_group', 'model': 'StructureMLPBaseline', 'epoch': 1, 'time_group': 70, 'time_groups': 118, 'batches': 1}
{'event': 'baseline_epoch_time_group', 'model': 'StructureMLPBaseline', 'epoch': 1, 'time_group': 80, 'time_groups': 118, 'batches': 1}
{'event': 'baseline_epoch_time_group', 'model': 'StructureMLPBaseline', 'epoch': 1, 'time_group': 90, 'time_groups': 118, 'batches': 1}
{'event': 'baseline_epoch_time_group', 'model': 'StructureMLPBaseline', 'epoch': 1, 'time_group': 100, 'time_groups': 118, 'batches': 1}
{'event': 'baseline_epoch_time_group', 'model': 'StructureMLPBaseline', 'epoch': 1, 'time_group': 110, 'time_groups': 118, 'batches': 1}
{'event': 'baseline_epoch_time_group', 'model': 'StructureMLPBaseline', 'epoch': 1, 'time_group': 118, 'time_groups': 118, 'batches': 1}
{'event': 'baseline_validation_start', 'model': 'StructureMLPBaseline', 'epoch': 1}
{'event': 'baseline_epoch_end', 'model': 'StructureMLPBaseline', 'epoch': 1, 'val_auc': 0.6089196477036757, 'elapsed_sec': 61.04952950403094}
{'event': 'baseline_epoch_start', 'model': 'StructureMLPBaseline', 'epoch': 2, 'epochs': 20, 'requires_struct_features': True}
{'event': 'baseline_epoch_time_group', 'model': 'StructureMLPBaseline', 'epoch': 2, 'time_group': 1, 'time_groups': 118, 'batches': 1}
{'event': 'baseline_epoch_time_group', 'model': 'StructureMLPBaseline', 'epoch': 2, 'time_group': 10, 'time_groups': 118, 'batches': 1}
{'event': 'baseline_epoch_time_group', 'model': 'StructureMLPBaseline', 'epoch': 2, 'time_group': 20, 'time_groups': 118, 'batches': 1}
{'event': 'baseline_epoch_time_group', 'model': 'StructureMLPBaseline', 'epoch': 2, 'time_group': 30, 'time_groups': 118, 'batches': 1}
{'event': 'baseline_epoch_time_group', 'model': 'StructureMLPBaseline', 'epoch': 2, 'time_group': 40, 'time_groups': 118, 'batches': 1}
{'event': 'baseline_epoch_time_group', 'model': 'StructureMLPBaseline', 'epoch': 2, 'time_group': 50, 'time_groups': 118, 'batches': 1}
{'event': 'baseline_epoch_time_group', 'model': 'StructureMLPBaseline', 'epoch': 2, 'time_group': 60, 'time_groups': 118, 'batches': 1}
{'event': 'baseline_epoch_time_group', 'model': 'StructureMLPBaseline', 'epoch': 2, 'time_group': 70, 'time_groups': 118, 'batches': 1}
{'event': 'baseline_epoch_time_group', 'model': 'StructureMLPBaseline', 'epoch': 2, 'time_group': 80, 'time_groups': 118, 'batches': 1}
{'event': 'baseline_epoch_time_group', 'model': 'StructureMLPBaseline', 'epoch': 2, 'time_group': 90, 'time_groups': 118, 'batches': 1}
{'event': 'baseline_epoch_time_group', 'model': 'StructureMLPBaseline', 'epoch': 2, 'time_group': 100, 'time_groups': 118, 'batches': 1}
{'event': 'baseline_epoch_time_group', 'model': 'StructureMLPBaseline', 'epoch': 2, 'time_group': 110, 'time_groups': 118, 'batches': 1}
{'event': 'baseline_epoch_time_group', 'model': 'StructureMLPBaseline', 'epoch': 2, 'time_group': 118, 'time_groups': 118, 'batches': 1}
{'event': 'baseline_validation_start', 'model': 'StructureMLPBaseline', 'epoch': 2}
{'event': 'baseline_epoch_end', 'model': 'StructureMLPBaseline', 'epoch': 2, 'val_auc': 0.6093234437379347, 'elapsed_sec': 60.73300685733557}
{'event': 'baseline_epoch_start', 'model': 'StructureMLPBaseline', 'epoch': 3, 'epochs': 20, 'requires_struct_features': True}
{'event': 'baseline_epoch_time_group', 'model': 'StructureMLPBaseline', 'epoch': 3, 'time_group': 1, 'time_groups': 118, 'batches': 1}
{'event': 'baseline_epoch_time_group', 'model': 'StructureMLPBaseline', 'epoch': 3, 'time_group': 10, 'time_groups': 118, 'batches': 1}
{'event': 'baseline_epoch_time_group', 'model': 'StructureMLPBaseline', 'epoch': 3, 'time_group': 20, 'time_groups': 118, 'batches': 1}
{'event': 'baseline_epoch_time_group', 'model': 'StructureMLPBaseline', 'epoch': 3, 'time_group': 30, 'time_groups': 118, 'batches': 1}
{'event': 'baseline_epoch_time_group', 'model': 'StructureMLPBaseline', 'epoch': 3, 'time_group': 40, 'time_groups': 118, 'batches': 1}
{'event': 'baseline_epoch_time_group', 'model': 'StructureMLPBaseline', 'epoch': 3, 'time_group': 50, 'time_groups': 118, 'batches': 1}
{'event': 'baseline_epoch_time_group', 'model': 'StructureMLPBaseline', 'epoch': 3, 'time_group': 60, 'time_groups': 118, 'batches': 1}
{'event': 'baseline_epoch_time_group', 'model': 'StructureMLPBaseline', 'epoch': 3, 'time_group': 70, 'time_groups': 118, 'batches': 1}
{'event': 'baseline_epoch_time_group', 'model': 'StructureMLPBaseline', 'epoch': 3, 'time_group': 80, 'time_groups': 118, 'batches': 1}
{'event': 'baseline_epoch_time_group', 'model': 'StructureMLPBaseline', 'epoch': 3, 'time_group': 90, 'time_groups': 118, 'batches': 1}
{'event': 'baseline_epoch_time_group', 'model': 'StructureMLPBaseline', 'epoch': 3, 'time_group': 100, 'time_groups': 118, 'batches': 1}
{'event': 'baseline_epoch_time_group', 'model': 'StructureMLPBaseline', 'epoch': 3, 'time_group': 110, 'time_groups': 118, 'batches': 1}
{'event': 'baseline_epoch_time_group', 'model': 'StructureMLPBaseline', 'epoch': 3, 'time_group': 118, 'time_groups': 118, 'batches': 1}
{'event': 'baseline_validation_start', 'model': 'StructureMLPBaseline', 'epoch': 3}
{'event': 'baseline_epoch_end', 'model': 'StructureMLPBaseline', 'epoch': 3, 'val_auc': 0.6106865984103662, 'elapsed_sec': 47.59498839452863}
{'event': 'baseline_epoch_start', 'model': 'StructureMLPBaseline', 'epoch': 4, 'epochs': 20, 'requires_struct_features': True}
{'event': 'baseline_epoch_time_group', 'model': 'StructureMLPBaseline', 'epoch': 4, 'time_group': 1, 'time_groups': 118, 'batches': 1}
{'event': 'baseline_epoch_time_group', 'model': 'StructureMLPBaseline', 'epoch': 4, 'time_group': 10, 'time_groups': 118, 'batches': 1}
{'event': 'baseline_epoch_time_group', 'model': 'StructureMLPBaseline', 'epoch': 4, 'time_group': 20, 'time_groups': 118, 'batches': 1}
{'event': 'baseline_epoch_time_group', 'model': 'StructureMLPBaseline', 'epoch': 4, 'time_group': 30, 'time_groups': 118, 'batches': 1}
{'event': 'baseline_epoch_time_group', 'model': 'StructureMLPBaseline', 'epoch': 4, 'time_group': 40, 'time_groups': 118, 'batches': 1}
{'event': 'baseline_epoch_time_group', 'model': 'StructureMLPBaseline', 'epoch': 4, 'time_group': 50, 'time_groups': 118, 'batches': 1}
{'event': 'baseline_epoch_time_group', 'model': 'StructureMLPBaseline', 'epoch': 4, 'time_group': 60, 'time_groups': 118, 'batches': 1}
{'event': 'baseline_epoch_time_group', 'model': 'StructureMLPBaseline', 'epoch': 4, 'time_group': 70, 'time_groups': 118, 'batches': 1}
{'event': 'baseline_epoch_time_group', 'model': 'StructureMLPBaseline', 'epoch': 4, 'time_group': 80, 'time_groups': 118, 'batches': 1}
{'event': 'baseline_epoch_time_group', 'model': 'StructureMLPBaseline', 'epoch': 4, 'time_group': 90, 'time_groups': 118, 'batches': 1}
{'event': 'baseline_epoch_time_group', 'model': 'StructureMLPBaseline', 'epoch': 4, 'time_group': 100, 'time_groups': 118, 'batches': 1}
{'event': 'baseline_epoch_time_group', 'model': 'StructureMLPBaseline', 'epoch': 4, 'time_group': 110, 'time_groups': 118, 'batches': 1}
{'event': 'baseline_epoch_time_group', 'model': 'StructureMLPBaseline', 'epoch': 4, 'time_group': 118, 'time_groups': 118, 'batches': 1}
{'event': 'baseline_validation_start', 'model': 'StructureMLPBaseline', 'epoch': 4}
{'event': 'baseline_epoch_end', 'model': 'StructureMLPBaseline', 'epoch': 4, 'val_auc': 0.6116282843917369, 'elapsed_sec': 58.352465346455574}
{'event': 'baseline_epoch_start', 'model': 'StructureMLPBaseline', 'epoch': 5, 'epochs': 20, 'requires_struct_features': True}
{'event': 'baseline_epoch_time_group', 'model': 'StructureMLPBaseline', 'epoch': 5, 'time_group': 1, 'time_groups': 118, 'batches': 1}
{'event': 'baseline_epoch_time_group', 'model': 'StructureMLPBaseline', 'epoch': 5, 'time_group': 10, 'time_groups': 118, 'batches': 1}
{'event': 'baseline_epoch_time_group', 'model': 'StructureMLPBaseline', 'epoch': 5, 'time_group': 20, 'time_groups': 118, 'batches': 1}
{'event': 'baseline_epoch_time_group', 'model': 'StructureMLPBaseline', 'epoch': 5, 'time_group': 30, 'time_groups': 118, 'batches': 1}
{'event': 'baseline_epoch_time_group', 'model': 'StructureMLPBaseline', 'epoch': 5, 'time_group': 40, 'time_groups': 118, 'batches': 1}
{'event': 'baseline_epoch_time_group', 'model': 'StructureMLPBaseline', 'epoch': 5, 'time_group': 50, 'time_groups': 118, 'batches': 1}
{'event': 'baseline_epoch_time_group', 'model': 'StructureMLPBaseline', 'epoch': 5, 'time_group': 60, 'time_groups': 118, 'batches': 1}
{'event': 'baseline_epoch_time_group', 'model': 'StructureMLPBaseline', 'epoch': 5, 'time_group': 70, 'time_groups': 118, 'batches': 1}
{'event': 'baseline_epoch_time_group', 'model': 'StructureMLPBaseline', 'epoch': 5, 'time_group': 80, 'time_groups': 118, 'batches': 1}
{'event': 'baseline_epoch_time_group', 'model': 'StructureMLPBaseline', 'epoch': 5, 'time_group': 90, 'time_groups': 118, 'batches': 1}
{'event': 'baseline_epoch_time_group', 'model': 'StructureMLPBaseline', 'epoch': 5, 'time_group': 100, 'time_groups': 118, 'batches': 1}
{'event': 'baseline_epoch_time_group', 'model': 'StructureMLPBaseline', 'epoch': 5, 'time_group': 110, 'time_groups': 118, 'batches': 1}
{'event': 'baseline_epoch_time_group', 'model': 'StructureMLPBaseline', 'epoch': 5, 'time_group': 118, 'time_groups': 118, 'batches': 1}
{'event': 'baseline_validation_start', 'model': 'StructureMLPBaseline', 'epoch': 5}
{'event': 'baseline_epoch_end', 'model': 'StructureMLPBaseline', 'epoch': 5, 'val_auc': 0.6123969078500296, 'elapsed_sec': 55.47713912650943}
{'event': 'baseline_epoch_start', 'model': 'StructureMLPBaseline', 'epoch': 6, 'epochs': 20, 'requires_struct_features': True}
{'event': 'baseline_epoch_time_group', 'model': 'StructureMLPBaseline', 'epoch': 6, 'time_group': 1, 'time_groups': 118, 'batches': 1}
{'event': 'baseline_epoch_time_group', 'model': 'StructureMLPBaseline', 'epoch': 6, 'time_group': 10, 'time_groups': 118, 'batches': 1}
{'event': 'baseline_epoch_time_group', 'model': 'StructureMLPBaseline', 'epoch': 6, 'time_group': 20, 'time_groups': 118, 'batches': 1}
{'event': 'baseline_epoch_time_group', 'model': 'StructureMLPBaseline', 'epoch': 6, 'time_group': 30, 'time_groups': 118, 'batches': 1}
{'event': 'baseline_epoch_time_group', 'model': 'StructureMLPBaseline', 'epoch': 6, 'time_group': 40, 'time_groups': 118, 'batches': 1}
{'event': 'baseline_epoch_time_group', 'model': 'StructureMLPBaseline', 'epoch': 6, 'time_group': 50, 'time_groups': 118, 'batches': 1}
{'event': 'baseline_epoch_time_group', 'model': 'StructureMLPBaseline', 'epoch': 6, 'time_group': 60, 'time_groups': 118, 'batches': 1}
{'event': 'baseline_epoch_time_group', 'model': 'StructureMLPBaseline', 'epoch': 6, 'time_group': 70, 'time_groups': 118, 'batches': 1}
{'event': 'baseline_epoch_time_group', 'model': 'StructureMLPBaseline', 'epoch': 6, 'time_group': 80, 'time_groups': 118, 'batches': 1}
{'event': 'baseline_epoch_time_group', 'model': 'StructureMLPBaseline', 'epoch': 6, 'time_group': 90, 'time_groups': 118, 'batches': 1}
{'event': 'baseline_epoch_time_group', 'model': 'StructureMLPBaseline', 'epoch': 6, 'time_group': 100, 'time_groups': 118, 'batches': 1}
{'event': 'baseline_epoch_time_group', 'model': 'StructureMLPBaseline', 'epoch': 6, 'time_group': 110, 'time_groups': 118, 'batches': 1}
{'event': 'baseline_epoch_time_group', 'model': 'StructureMLPBaseline', 'epoch': 6, 'time_group': 118, 'time_groups': 118, 'batches': 1}
{'event': 'baseline_validation_start', 'model': 'StructureMLPBaseline', 'epoch': 6}
{'event': 'baseline_epoch_end', 'model': 'StructureMLPBaseline', 'epoch': 6, 'val_auc': 0.612838652685191, 'elapsed_sec': 59.42125583067536}
{'event': 'baseline_epoch_start', 'model': 'StructureMLPBaseline', 'epoch': 7, 'epochs': 20, 'requires_struct_features': True}
{'event': 'baseline_epoch_time_group', 'model': 'StructureMLPBaseline', 'epoch': 7, 'time_group': 1, 'time_groups': 118, 'batches': 1}
{'event': 'baseline_epoch_time_group', 'model': 'StructureMLPBaseline', 'epoch': 7, 'time_group': 10, 'time_groups': 118, 'batches': 1}
{'event': 'baseline_epoch_time_group', 'model': 'StructureMLPBaseline', 'epoch': 7, 'time_group': 20, 'time_groups': 118, 'batches': 1}
{'event': 'baseline_epoch_time_group', 'model': 'StructureMLPBaseline', 'epoch': 7, 'time_group': 30, 'time_groups': 118, 'batches': 1}
{'event': 'baseline_epoch_time_group', 'model': 'StructureMLPBaseline', 'epoch': 7, 'time_group': 40, 'time_groups': 118, 'batches': 1}
{'event': 'baseline_epoch_time_group', 'model': 'StructureMLPBaseline', 'epoch': 7, 'time_group': 50, 'time_groups': 118, 'batches': 1}
{'event': 'baseline_epoch_time_group', 'model': 'StructureMLPBaseline', 'epoch': 7, 'time_group': 60, 'time_groups': 118, 'batches': 1}
{'event': 'baseline_epoch_time_group', 'model': 'StructureMLPBaseline', 'epoch': 7, 'time_group': 70, 'time_groups': 118, 'batches': 1}
{'event': 'baseline_epoch_time_group', 'model': 'StructureMLPBaseline', 'epoch': 7, 'time_group': 80, 'time_groups': 118, 'batches': 1}
{'event': 'baseline_epoch_time_group', 'model': 'StructureMLPBaseline', 'epoch': 7, 'time_group': 90, 'time_groups': 118, 'batches': 1}
{'event': 'baseline_epoch_time_group', 'model': 'StructureMLPBaseline', 'epoch': 7, 'time_group': 100, 'time_groups': 118, 'batches': 1}
{'event': 'baseline_epoch_time_group', 'model': 'StructureMLPBaseline', 'epoch': 7, 'time_group': 110, 'time_groups': 118, 'batches': 1}
{'event': 'baseline_epoch_time_group', 'model': 'StructureMLPBaseline', 'epoch': 7, 'time_group': 118, 'time_groups': 118, 'batches': 1}
{'event': 'baseline_validation_start', 'model': 'StructureMLPBaseline', 'epoch': 7}
{'event': 'baseline_epoch_end', 'model': 'StructureMLPBaseline', 'epoch': 7, 'val_auc': 0.6150335466607038, 'elapsed_sec': 59.526313941925764}
{'event': 'baseline_epoch_start', 'model': 'StructureMLPBaseline', 'epoch': 8, 'epochs': 20, 'requires_struct_features': True}
{'event': 'baseline_epoch_time_group', 'model': 'StructureMLPBaseline', 'epoch': 8, 'time_group': 1, 'time_groups': 118, 'batches': 1}
{'event': 'baseline_epoch_time_group', 'model': 'StructureMLPBaseline', 'epoch': 8, 'time_group': 10, 'time_groups': 118, 'batches': 1}
{'event': 'baseline_epoch_time_group', 'model': 'StructureMLPBaseline', 'epoch': 8, 'time_group': 20, 'time_groups': 118, 'batches': 1}
{'event': 'baseline_epoch_time_group', 'model': 'StructureMLPBaseline', 'epoch': 8, 'time_group': 30, 'time_groups': 118, 'batches': 1}
{'event': 'baseline_epoch_time_group', 'model': 'StructureMLPBaseline', 'epoch': 8, 'time_group': 40, 'time_groups': 118, 'batches': 1}
{'event': 'baseline_epoch_time_group', 'model': 'StructureMLPBaseline', 'epoch': 8, 'time_group': 50, 'time_groups': 118, 'batches': 1}
{'event': 'baseline_epoch_time_group', 'model': 'StructureMLPBaseline', 'epoch': 8, 'time_group': 60, 'time_groups': 118, 'batches': 1}
{'event': 'baseline_epoch_time_group', 'model': 'StructureMLPBaseline', 'epoch': 8, 'time_group': 70, 'time_groups': 118, 'batches': 1}
{'event': 'baseline_epoch_time_group', 'model': 'StructureMLPBaseline', 'epoch': 8, 'time_group': 80, 'time_groups': 118, 'batches': 1}
{'event': 'baseline_epoch_time_group', 'model': 'StructureMLPBaseline', 'epoch': 8, 'time_group': 90, 'time_groups': 118, 'batches': 1}
{'event': 'baseline_epoch_time_group', 'model': 'StructureMLPBaseline', 'epoch': 8, 'time_group': 100, 'time_groups': 118, 'batches': 1}
{'event': 'baseline_epoch_time_group', 'model': 'StructureMLPBaseline', 'epoch': 8, 'time_group': 110, 'time_groups': 118, 'batches': 1}
{'event': 'baseline_epoch_time_group', 'model': 'StructureMLPBaseline', 'epoch': 8, 'time_group': 118, 'time_groups': 118, 'batches': 1}
{'event': 'baseline_validation_start', 'model': 'StructureMLPBaseline', 'epoch': 8}
{'event': 'baseline_epoch_end', 'model': 'StructureMLPBaseline', 'epoch': 8, 'val_auc': 0.6110578365364158, 'elapsed_sec': 59.43534556403756}
{'event': 'baseline_epoch_start', 'model': 'StructureMLPBaseline', 'epoch': 9, 'epochs': 20, 'requires_struct_features': True}
{'event': 'baseline_epoch_time_group', 'model': 'StructureMLPBaseline', 'epoch': 9, 'time_group': 1, 'time_groups': 118, 'batches': 1}
{'event': 'baseline_epoch_time_group', 'model': 'StructureMLPBaseline', 'epoch': 9, 'time_group': 10, 'time_groups': 118, 'batches': 1}
{'event': 'baseline_epoch_time_group', 'model': 'StructureMLPBaseline', 'epoch': 9, 'time_group': 20, 'time_groups': 118, 'batches': 1}
{'event': 'baseline_epoch_time_group', 'model': 'StructureMLPBaseline', 'epoch': 9, 'time_group': 30, 'time_groups': 118, 'batches': 1}
{'event': 'baseline_epoch_time_group', 'model': 'StructureMLPBaseline', 'epoch': 9, 'time_group': 40, 'time_groups': 118, 'batches': 1}
{'event': 'baseline_epoch_time_group', 'model': 'StructureMLPBaseline', 'epoch': 9, 'time_group': 50, 'time_groups': 118, 'batches': 1}
{'event': 'baseline_epoch_time_group', 'model': 'StructureMLPBaseline', 'epoch': 9, 'time_group': 60, 'time_groups': 118, 'batches': 1}
{'event': 'baseline_epoch_time_group', 'model': 'StructureMLPBaseline', 'epoch': 9, 'time_group': 70, 'time_groups': 118, 'batches': 1}
{'event': 'baseline_epoch_time_group', 'model': 'StructureMLPBaseline', 'epoch': 9, 'time_group': 80, 'time_groups': 118, 'batches': 1}
{'event': 'baseline_epoch_time_group', 'model': 'StructureMLPBaseline', 'epoch': 9, 'time_group': 90, 'time_groups': 118, 'batches': 1}
{'event': 'baseline_epoch_time_group', 'model': 'StructureMLPBaseline', 'epoch': 9, 'time_group': 100, 'time_groups': 118, 'batches': 1}
{'event': 'baseline_epoch_time_group', 'model': 'StructureMLPBaseline', 'epoch': 9, 'time_group': 110, 'time_groups': 118, 'batches': 1}
{'event': 'baseline_epoch_time_group', 'model': 'StructureMLPBaseline', 'epoch': 9, 'time_group': 118, 'time_groups': 118, 'batches': 1}
{'event': 'baseline_validation_start', 'model': 'StructureMLPBaseline', 'epoch': 9}
{'event': 'baseline_epoch_end', 'model': 'StructureMLPBaseline', 'epoch': 9, 'val_auc': 0.6116210168736813, 'elapsed_sec': 58.981509778648615}
{'event': 'baseline_epoch_start', 'model': 'StructureMLPBaseline', 'epoch': 10, 'epochs': 20, 'requires_struct_features': True}
{'event': 'baseline_epoch_time_group', 'model': 'StructureMLPBaseline', 'epoch': 10, 'time_group': 1, 'time_groups': 118, 'batches': 1}
{'event': 'baseline_epoch_time_group', 'model': 'StructureMLPBaseline', 'epoch': 10, 'time_group': 10, 'time_groups': 118, 'batches': 1}
{'event': 'baseline_epoch_time_group', 'model': 'StructureMLPBaseline', 'epoch': 10, 'time_group': 20, 'time_groups': 118, 'batches': 1}
{'event': 'baseline_epoch_time_group', 'model': 'StructureMLPBaseline', 'epoch': 10, 'time_group': 30, 'time_groups': 118, 'batches': 1}
{'event': 'baseline_epoch_time_group', 'model': 'StructureMLPBaseline', 'epoch': 10, 'time_group': 40, 'time_groups': 118, 'batches': 1}
{'event': 'baseline_epoch_time_group', 'model': 'StructureMLPBaseline', 'epoch': 10, 'time_group': 50, 'time_groups': 118, 'batches': 1}
{'event': 'baseline_epoch_time_group', 'model': 'StructureMLPBaseline', 'epoch': 10, 'time_group': 60, 'time_groups': 118, 'batches': 1}
{'event': 'baseline_epoch_time_group', 'model': 'StructureMLPBaseline', 'epoch': 10, 'time_group': 70, 'time_groups': 118, 'batches': 1}
{'event': 'baseline_epoch_time_group', 'model': 'StructureMLPBaseline', 'epoch': 10, 'time_group': 80, 'time_groups': 118, 'batches': 1}
{'event': 'baseline_epoch_time_group', 'model': 'StructureMLPBaseline', 'epoch': 10, 'time_group': 90, 'time_groups': 118, 'batches': 1}
{'event': 'baseline_epoch_time_group', 'model': 'StructureMLPBaseline', 'epoch': 10, 'time_group': 100, 'time_groups': 118, 'batches': 1}
{'event': 'baseline_epoch_time_group', 'model': 'StructureMLPBaseline', 'epoch': 10, 'time_group': 110, 'time_groups': 118, 'batches': 1}
{'event': 'baseline_epoch_time_group', 'model': 'StructureMLPBaseline', 'epoch': 10, 'time_group': 118, 'time_groups': 118, 'batches': 1}
{'event': 'baseline_validation_start', 'model': 'StructureMLPBaseline', 'epoch': 10}
{'event': 'baseline_epoch_end', 'model': 'StructureMLPBaseline', 'epoch': 10, 'val_auc': 0.6125970856272436, 'elapsed_sec': 59.60625581070781}
{'event': 'baseline_epoch_start', 'model': 'StructureMLPBaseline', 'epoch': 11, 'epochs': 20, 'requires_struct_features': True}
{'event': 'baseline_epoch_time_group', 'model': 'StructureMLPBaseline', 'epoch': 11, 'time_group': 1, 'time_groups': 118, 'batches': 1}
{'event': 'baseline_epoch_time_group', 'model': 'StructureMLPBaseline', 'epoch': 11, 'time_group': 10, 'time_groups': 118, 'batches': 1}
{'event': 'baseline_epoch_time_group', 'model': 'StructureMLPBaseline', 'epoch': 11, 'time_group': 20, 'time_groups': 118, 'batches': 1}
{'event': 'baseline_epoch_time_group', 'model': 'StructureMLPBaseline', 'epoch': 11, 'time_group': 30, 'time_groups': 118, 'batches': 1}
{'event': 'baseline_epoch_time_group', 'model': 'StructureMLPBaseline', 'epoch': 11, 'time_group': 40, 'time_groups': 118, 'batches': 1}
{'event': 'baseline_epoch_time_group', 'model': 'StructureMLPBaseline', 'epoch': 11, 'time_group': 50, 'time_groups': 118, 'batches': 1}
{'event': 'baseline_epoch_time_group', 'model': 'StructureMLPBaseline', 'epoch': 11, 'time_group': 60, 'time_groups': 118, 'batches': 1}
{'event': 'baseline_epoch_time_group', 'model': 'StructureMLPBaseline', 'epoch': 11, 'time_group': 70, 'time_groups': 118, 'batches': 1}
{'event': 'baseline_epoch_time_group', 'model': 'StructureMLPBaseline', 'epoch': 11, 'time_group': 80, 'time_groups': 118, 'batches': 1}
{'event': 'baseline_epoch_time_group', 'model': 'StructureMLPBaseline', 'epoch': 11, 'time_group': 90, 'time_groups': 118, 'batches': 1}
{'event': 'baseline_epoch_time_group', 'model': 'StructureMLPBaseline', 'epoch': 11, 'time_group': 100, 'time_groups': 118, 'batches': 1}
{'event': 'baseline_epoch_time_group', 'model': 'StructureMLPBaseline', 'epoch': 11, 'time_group': 110, 'time_groups': 118, 'batches': 1}
{'event': 'baseline_epoch_time_group', 'model': 'StructureMLPBaseline', 'epoch': 11, 'time_group': 118, 'time_groups': 118, 'batches': 1}
{'event': 'baseline_validation_start', 'model': 'StructureMLPBaseline', 'epoch': 11}
{'event': 'baseline_epoch_end', 'model': 'StructureMLPBaseline', 'epoch': 11, 'val_auc': 0.6139098588557467, 'elapsed_sec': 58.55471119657159}
{'event': 'baseline_epoch_start', 'model': 'StructureMLPBaseline', 'epoch': 12, 'epochs': 20, 'requires_struct_features': True}
{'event': 'baseline_epoch_time_group', 'model': 'StructureMLPBaseline', 'epoch': 12, 'time_group': 1, 'time_groups': 118, 'batches': 1}
{'event': 'baseline_epoch_time_group', 'model': 'StructureMLPBaseline', 'epoch': 12, 'time_group': 10, 'time_groups': 118, 'batches': 1}
{'event': 'baseline_epoch_time_group', 'model': 'StructureMLPBaseline', 'epoch': 12, 'time_group': 20, 'time_groups': 118, 'batches': 1}
{'event': 'baseline_epoch_time_group', 'model': 'StructureMLPBaseline', 'epoch': 12, 'time_group': 30, 'time_groups': 118, 'batches': 1}
{'event': 'baseline_epoch_time_group', 'model': 'StructureMLPBaseline', 'epoch': 12, 'time_group': 40, 'time_groups': 118, 'batches': 1}
{'event': 'baseline_epoch_time_group', 'model': 'StructureMLPBaseline', 'epoch': 12, 'time_group': 50, 'time_groups': 118, 'batches': 1}
{'event': 'baseline_epoch_time_group', 'model': 'StructureMLPBaseline', 'epoch': 12, 'time_group': 60, 'time_groups': 118, 'batches': 1}
{'event': 'baseline_epoch_time_group', 'model': 'StructureMLPBaseline', 'epoch': 12, 'time_group': 70, 'time_groups': 118, 'batches': 1}
{'event': 'baseline_epoch_time_group', 'model': 'StructureMLPBaseline', 'epoch': 12, 'time_group': 80, 'time_groups': 118, 'batches': 1}
{'event': 'baseline_epoch_time_group', 'model': 'StructureMLPBaseline', 'epoch': 12, 'time_group': 90, 'time_groups': 118, 'batches': 1}
{'event': 'baseline_epoch_time_group', 'model': 'StructureMLPBaseline', 'epoch': 12, 'time_group': 100, 'time_groups': 118, 'batches': 1}
{'event': 'baseline_epoch_time_group', 'model': 'StructureMLPBaseline', 'epoch': 12, 'time_group': 110, 'time_groups': 118, 'batches': 1}
{'event': 'baseline_epoch_time_group', 'model': 'StructureMLPBaseline', 'epoch': 12, 'time_group': 118, 'time_groups': 118, 'batches': 1}
{'event': 'baseline_validation_start', 'model': 'StructureMLPBaseline', 'epoch': 12}
{'event': 'baseline_epoch_end', 'model': 'StructureMLPBaseline', 'epoch': 12, 'val_auc': 0.6136765978473785, 'elapsed_sec': 58.782534532248974}
{'event': 'baseline_test_binary_start', 'method': 'structure_mlp', 'seed': 5}
{'event': 'baseline_test_ranking_start', 'method': 'structure_mlp', 'seed': 5}
{'dataset': 'yago15k-temporal', 'method': 'structure_mlp', 'scenario': 'standard', 'ablation': 'baseline', 'few_shot_ratio': 1.0, 'seed': 5, 'train_edges': 3244, 'val_edges': 6738, 'test_edges': 26719, 'params_trainable': 19713, 'params_total': 19713, 'train_eval_time_sec': 2165.74838379398, 'val_auc': 0.6146721850465381, 'val_ap': 0.14339101173463353, 'val_ndcg': 0.796666410424071, 'test_auc': 0.6443222718408872, 'test_ap': 0.13862490930662055, 'test_ndcg': 0.8171643077498444, 'test_mrr': 0.14595392794765005, 'test_hits@1': 0.0825, 'test_hits@10': 0.22, 'test_hits@50': 0.4275, 'test_hits@100': 0.6075}
