runtime_device=cuda
cuda_device=Tesla V100-PCIE-32GB
{'event': 'seed_start', 'dataset': 'yago15k-temporal', 'ablation': 'full', 'seed': 3, 'device': 'cuda', 'node_text_device': 'cuda:0'}
{'event': 'train_seed_start', 'seed': 3, 'train_edges': 3244, 'val_edges': 6738, 'test_edges': 26719, 'num_nodes': 4197, 'num_relations': 19}
{'event': 'train_seed_tensors_ready', 'seed': 3, 'elapsed_sec': 0.1294998824596405, 'cuda_allocated_mb': 11, 'cuda_reserved_mb': 24, 'cuda_max_allocated_mb': 11}
{'event': 'train_known_facts_ready', 'seed': 3, 'scope': 'train', 'edges': 3244, 'elapsed_sec': 0.13128801807761192}
{'event': 'train_known_facts_ready', 'seed': 3, 'scope': 'train_val', 'edges': 9982, 'elapsed_sec': 0.13252688199281693}
{'event': 'train_sampler_ready', 'seed': 3, 'elapsed_sec': 0.1342804878950119}
{'event': 'val_sampler_ready', 'seed': 3, 'elapsed_sec': 0.13573114573955536}
{'event': 'epoch_start', 'epoch': 1, 'epochs': 20, 'batches': 118, 'time_groups': 118}
{'event': 'train_time_group', 'epoch': 1, 'time_group': 1, 'time_groups': 118, 'batch': 0, 'batches': 118, 'time_value': 600.0, 'group_batches': 1, 'history_edges': 0, 'elapsed_sec': 0.028297096490859985, 'cuda_allocated_mb': 11, 'cuda_reserved_mb': 24, 'cuda_max_allocated_mb': 11}
{'event': 'train_progress', 'epoch': 1, 'batch': 1, 'batches': 118, 'time_group': 1, 'time_groups': 118, 'history_edges': 0, 'pos_edges': 1, 'neg_edges': 1, 'loss_recent': 0.9476305842399597, 'elapsed_sec': 1.3416545689105988, 'avg_sec_per_batch': 1.3416545689105988, 'cuda_allocated_mb': 53, 'cuda_reserved_mb': 114, 'cuda_max_allocated_mb': 101}
{'event': 'train_progress', 'epoch': 1, 'batch': 100, 'batches': 118, 'time_group': 100, 'time_groups': 118, 'history_edges': 2144, 'pos_edges': 38, 'neg_edges': 38, 'loss_recent': 12.789468970894813, 'elapsed_sec': 38.55562640354037, 'avg_sec_per_batch': 0.3855562640354037, 'cuda_allocated_mb': 57, 'cuda_reserved_mb': 268, 'cuda_max_allocated_mb': 221}
{'event': 'train_time_group', 'epoch': 1, 'time_group': 118, 'time_groups': 118, 'batch': 117, 'batches': 118, 'time_value': 1966.0, 'group_batches': 1, 'history_edges': 3153, 'elapsed_sec': 47.772022265940905, 'cuda_allocated_mb': 56, 'cuda_reserved_mb': 288, 'cuda_max_allocated_mb': 248}
{'event': 'train_progress', 'epoch': 1, 'batch': 118, 'batches': 118, 'time_group': 118, 'time_groups': 118, 'history_edges': 3153, 'pos_edges': 91, 'neg_edges': 91, 'loss_recent': 18.91716116964817, 'elapsed_sec': 48.4430561773479, 'avg_sec_per_batch': 0.41053437438430423, 'cuda_allocated_mb': 58, 'cuda_reserved_mb': 288, 'cuda_max_allocated_mb': 252}
{'event': 'validation_start', 'epoch': 1}
{'event': 'epoch_end', 'epoch': 1, 'early_stop_metric': 'val_auc', 'val_score': 0.6634386276547091, 'val_auc': 0.6634386276547091, 'val_ap': 0.168407697954444, 'val_ndcg': 0.8098148271399215, 'elapsed_sec': 128.7517582066357}
{'event': 'epoch_start', 'epoch': 2, 'epochs': 20, 'batches': 118, 'time_groups': 118}
{'event': 'train_time_group', 'epoch': 2, 'time_group': 1, 'time_groups': 118, 'batch': 0, 'batches': 118, 'time_value': 600.0, 'group_batches': 1, 'history_edges': 0, 'elapsed_sec': 0.00827062875032425, 'cuda_allocated_mb': 56, 'cuda_reserved_mb': 354, 'cuda_max_allocated_mb': 261}
{'event': 'train_progress', 'epoch': 2, 'batch': 1, 'batches': 118, 'time_group': 1, 'time_groups': 118, 'history_edges': 0, 'pos_edges': 1, 'neg_edges': 1, 'loss_recent': 1.1713049411773682, 'elapsed_sec': 0.19615817815065384, 'avg_sec_per_batch': 0.19615817815065384, 'cuda_allocated_mb': 55, 'cuda_reserved_mb': 354, 'cuda_max_allocated_mb': 261}
{'event': 'train_progress', 'epoch': 2, 'batch': 100, 'batches': 118, 'time_group': 100, 'time_groups': 118, 'history_edges': 2144, 'pos_edges': 38, 'neg_edges': 38, 'loss_recent': 10.903405873179436, 'elapsed_sec': 36.530921157449484, 'avg_sec_per_batch': 0.36530921157449486, 'cuda_allocated_mb': 57, 'cuda_reserved_mb': 354, 'cuda_max_allocated_mb': 261}
{'event': 'train_time_group', 'epoch': 2, 'time_group': 118, 'time_groups': 118, 'batch': 117, 'batches': 118, 'time_value': 1966.0, 'group_batches': 1, 'history_edges': 3153, 'elapsed_sec': 45.34254656359553, 'cuda_allocated_mb': 56, 'cuda_reserved_mb': 354, 'cuda_max_allocated_mb': 261}
{'event': 'train_progress', 'epoch': 2, 'batch': 118, 'batches': 118, 'time_group': 118, 'time_groups': 118, 'history_edges': 3153, 'pos_edges': 91, 'neg_edges': 91, 'loss_recent': 16.421428390741347, 'elapsed_sec': 45.9296950250864, 'avg_sec_per_batch': 0.3892347036024271, 'cuda_allocated_mb': 58, 'cuda_reserved_mb': 354, 'cuda_max_allocated_mb': 261}
{'event': 'validation_start', 'epoch': 2}
{'event': 'epoch_end', 'epoch': 2, 'early_stop_metric': 'val_auc', 'val_score': 0.6625173444676247, 'val_auc': 0.6625173444676247, 'val_ap': 0.17004440246866662, 'val_ndcg': 0.8114818511020302, 'elapsed_sec': 125.57453310489655}
{'event': 'epoch_start', 'epoch': 3, 'epochs': 20, 'batches': 118, 'time_groups': 118}
{'event': 'train_time_group', 'epoch': 3, 'time_group': 1, 'time_groups': 118, 'batch': 0, 'batches': 118, 'time_value': 600.0, 'group_batches': 1, 'history_edges': 0, 'elapsed_sec': 0.00879126787185669, 'cuda_allocated_mb': 56, 'cuda_reserved_mb': 354, 'cuda_max_allocated_mb': 261}
{'event': 'train_progress', 'epoch': 3, 'batch': 1, 'batches': 118, 'time_group': 1, 'time_groups': 118, 'history_edges': 0, 'pos_edges': 1, 'neg_edges': 1, 'loss_recent': 0.6995080709457397, 'elapsed_sec': 0.2218524105846882, 'avg_sec_per_batch': 0.2218524105846882, 'cuda_allocated_mb': 55, 'cuda_reserved_mb': 354, 'cuda_max_allocated_mb': 261}
{'event': 'train_progress', 'epoch': 3, 'batch': 100, 'batches': 118, 'time_group': 100, 'time_groups': 118, 'history_edges': 2144, 'pos_edges': 38, 'neg_edges': 38, 'loss_recent': 9.818022348210215, 'elapsed_sec': 35.986878879368305, 'avg_sec_per_batch': 0.35986878879368306, 'cuda_allocated_mb': 57, 'cuda_reserved_mb': 354, 'cuda_max_allocated_mb': 261}
{'event': 'train_time_group', 'epoch': 3, 'time_group': 118, 'time_groups': 118, 'batch': 117, 'batches': 118, 'time_value': 1966.0, 'group_batches': 1, 'history_edges': 3153, 'elapsed_sec': 45.69532820209861, 'cuda_allocated_mb': 56, 'cuda_reserved_mb': 354, 'cuda_max_allocated_mb': 261}
{'event': 'train_progress', 'epoch': 3, 'batch': 118, 'batches': 118, 'time_group': 118, 'time_groups': 118, 'history_edges': 3153, 'pos_edges': 91, 'neg_edges': 91, 'loss_recent': 14.968192606046795, 'elapsed_sec': 46.1695249825716, 'avg_sec_per_batch': 0.39126716086925084, 'cuda_allocated_mb': 58, 'cuda_reserved_mb': 354, 'cuda_max_allocated_mb': 261}
{'event': 'validation_start', 'epoch': 3}
{'event': 'epoch_end', 'epoch': 3, 'early_stop_metric': 'val_auc', 'val_score': 0.6958023469887343, 'val_auc': 0.6958023469887343, 'val_ap': 0.1772069292593336, 'val_ndcg': 0.8151437178252068, 'elapsed_sec': 125.91977881267667}
{'event': 'epoch_start', 'epoch': 4, 'epochs': 20, 'batches': 118, 'time_groups': 118}
{'event': 'train_time_group', 'epoch': 4, 'time_group': 1, 'time_groups': 118, 'batch': 0, 'batches': 118, 'time_value': 600.0, 'group_batches': 1, 'history_edges': 0, 'elapsed_sec': 0.008494634181261063, 'cuda_allocated_mb': 56, 'cuda_reserved_mb': 354, 'cuda_max_allocated_mb': 261}
{'event': 'train_progress', 'epoch': 4, 'batch': 1, 'batches': 118, 'time_group': 1, 'time_groups': 118, 'history_edges': 0, 'pos_edges': 1, 'neg_edges': 1, 'loss_recent': 0.7762211561203003, 'elapsed_sec': 0.2071470282971859, 'avg_sec_per_batch': 0.2071470282971859, 'cuda_allocated_mb': 55, 'cuda_reserved_mb': 354, 'cuda_max_allocated_mb': 261}
{'event': 'train_progress', 'epoch': 4, 'batch': 100, 'batches': 118, 'time_group': 100, 'time_groups': 118, 'history_edges': 2144, 'pos_edges': 38, 'neg_edges': 38, 'loss_recent': 9.227574415281415, 'elapsed_sec': 37.11962836608291, 'avg_sec_per_batch': 0.3711962836608291, 'cuda_allocated_mb': 57, 'cuda_reserved_mb': 354, 'cuda_max_allocated_mb': 261}
{'event': 'train_time_group', 'epoch': 4, 'time_group': 118, 'time_groups': 118, 'batch': 117, 'batches': 118, 'time_value': 1966.0, 'group_batches': 1, 'history_edges': 3153, 'elapsed_sec': 46.454787854105234, 'cuda_allocated_mb': 56, 'cuda_reserved_mb': 354, 'cuda_max_allocated_mb': 261}
{'event': 'train_progress', 'epoch': 4, 'batch': 118, 'batches': 118, 'time_group': 118, 'time_groups': 118, 'history_edges': 3153, 'pos_edges': 91, 'neg_edges': 91, 'loss_recent': 14.040874425545335, 'elapsed_sec': 47.43024576455355, 'avg_sec_per_batch': 0.40195123529282667, 'cuda_allocated_mb': 58, 'cuda_reserved_mb': 354, 'cuda_max_allocated_mb': 261}
{'event': 'validation_start', 'epoch': 4}
{'event': 'epoch_end', 'epoch': 4, 'early_stop_metric': 'val_auc', 'val_score': 0.6675160709174082, 'val_auc': 0.6675160709174082, 'val_ap': 0.16408922545293675, 'val_ndcg': 0.8086576430599658, 'elapsed_sec': 128.31517691537738}
{'event': 'epoch_start', 'epoch': 5, 'epochs': 20, 'batches': 118, 'time_groups': 118}
{'event': 'train_time_group', 'epoch': 5, 'time_group': 1, 'time_groups': 118, 'batch': 0, 'batches': 118, 'time_value': 600.0, 'group_batches': 1, 'history_edges': 0, 'elapsed_sec': 0.009714838117361069, 'cuda_allocated_mb': 56, 'cuda_reserved_mb': 354, 'cuda_max_allocated_mb': 261}
{'event': 'train_progress', 'epoch': 5, 'batch': 1, 'batches': 118, 'time_group': 1, 'time_groups': 118, 'history_edges': 0, 'pos_edges': 1, 'neg_edges': 1, 'loss_recent': 0.3598259687423706, 'elapsed_sec': 0.32537681981921196, 'avg_sec_per_batch': 0.32537681981921196, 'cuda_allocated_mb': 55, 'cuda_reserved_mb': 354, 'cuda_max_allocated_mb': 261}
{'event': 'train_progress', 'epoch': 5, 'batch': 100, 'batches': 118, 'time_group': 100, 'time_groups': 118, 'history_edges': 2144, 'pos_edges': 38, 'neg_edges': 38, 'loss_recent': 8.557709648907185, 'elapsed_sec': 35.939846370369196, 'avg_sec_per_batch': 0.35939846370369194, 'cuda_allocated_mb': 57, 'cuda_reserved_mb': 354, 'cuda_max_allocated_mb': 261}
{'event': 'train_time_group', 'epoch': 5, 'time_group': 118, 'time_groups': 118, 'batch': 117, 'batches': 118, 'time_value': 1966.0, 'group_batches': 1, 'history_edges': 3153, 'elapsed_sec': 45.72421707585454, 'cuda_allocated_mb': 56, 'cuda_reserved_mb': 354, 'cuda_max_allocated_mb': 261}
{'event': 'train_progress', 'epoch': 5, 'batch': 118, 'batches': 118, 'time_group': 118, 'time_groups': 118, 'history_edges': 3153, 'pos_edges': 91, 'neg_edges': 91, 'loss_recent': 13.167009196057915, 'elapsed_sec': 46.2707786411047, 'avg_sec_per_batch': 0.39212524272122623, 'cuda_allocated_mb': 58, 'cuda_reserved_mb': 354, 'cuda_max_allocated_mb': 261}
{'event': 'validation_start', 'epoch': 5}
{'event': 'epoch_end', 'epoch': 5, 'early_stop_metric': 'val_auc', 'val_score': 0.6563560772397854, 'val_auc': 0.6563560772397854, 'val_ap': 0.15399325440099726, 'val_ndcg': 0.8026502659033711, 'elapsed_sec': 127.45098347961903}
{'event': 'epoch_start', 'epoch': 6, 'epochs': 20, 'batches': 118, 'time_groups': 118}
{'event': 'train_time_group', 'epoch': 6, 'time_group': 1, 'time_groups': 118, 'batch': 0, 'batches': 118, 'time_value': 600.0, 'group_batches': 1, 'history_edges': 0, 'elapsed_sec': 0.008853863924741745, 'cuda_allocated_mb': 56, 'cuda_reserved_mb': 354, 'cuda_max_allocated_mb': 261}
{'event': 'train_progress', 'epoch': 6, 'batch': 1, 'batches': 118, 'time_group': 1, 'time_groups': 118, 'history_edges': 0, 'pos_edges': 1, 'neg_edges': 1, 'loss_recent': 1.2855685949325562, 'elapsed_sec': 0.2486868053674698, 'avg_sec_per_batch': 0.2486868053674698, 'cuda_allocated_mb': 55, 'cuda_reserved_mb': 354, 'cuda_max_allocated_mb': 261}
{'event': 'train_progress', 'epoch': 6, 'batch': 100, 'batches': 118, 'time_group': 100, 'time_groups': 118, 'history_edges': 2144, 'pos_edges': 38, 'neg_edges': 38, 'loss_recent': 8.181079857125878, 'elapsed_sec': 37.25775587186217, 'avg_sec_per_batch': 0.37257755871862175, 'cuda_allocated_mb': 57, 'cuda_reserved_mb': 354, 'cuda_max_allocated_mb': 261}
{'event': 'train_time_group', 'epoch': 6, 'time_group': 118, 'time_groups': 118, 'batch': 117, 'batches': 118, 'time_value': 1966.0, 'group_batches': 1, 'history_edges': 3153, 'elapsed_sec': 46.79291728883982, 'cuda_allocated_mb': 56, 'cuda_reserved_mb': 354, 'cuda_max_allocated_mb': 261}
{'event': 'train_progress', 'epoch': 6, 'batch': 118, 'batches': 118, 'time_group': 118, 'time_groups': 118, 'history_edges': 3153, 'pos_edges': 91, 'neg_edges': 91, 'loss_recent': 12.55694459475577, 'elapsed_sec': 47.617794919759035, 'avg_sec_per_batch': 0.4035406349132122, 'cuda_allocated_mb': 58, 'cuda_reserved_mb': 354, 'cuda_max_allocated_mb': 261}
{'event': 'validation_start', 'epoch': 6}
{'event': 'epoch_end', 'epoch': 6, 'early_stop_metric': 'val_auc', 'val_score': 0.6375836618088501, 'val_auc': 0.6375836618088501, 'val_ap': 0.1460971545473859, 'val_ndcg': 0.7984099003978194, 'elapsed_sec': 126.92167431116104}
{'event': 'epoch_start', 'epoch': 7, 'epochs': 20, 'batches': 118, 'time_groups': 118}
{'event': 'train_time_group', 'epoch': 7, 'time_group': 1, 'time_groups': 118, 'batch': 0, 'batches': 118, 'time_value': 600.0, 'group_batches': 1, 'history_edges': 0, 'elapsed_sec': 0.00805690884590149, 'cuda_allocated_mb': 56, 'cuda_reserved_mb': 354, 'cuda_max_allocated_mb': 261}
{'event': 'train_progress', 'epoch': 7, 'batch': 1, 'batches': 118, 'time_group': 1, 'time_groups': 118, 'history_edges': 0, 'pos_edges': 1, 'neg_edges': 1, 'loss_recent': 2.035661220550537, 'elapsed_sec': 0.15149476379156113, 'avg_sec_per_batch': 0.15149476379156113, 'cuda_allocated_mb': 55, 'cuda_reserved_mb': 354, 'cuda_max_allocated_mb': 261}
{'event': 'train_progress', 'epoch': 7, 'batch': 100, 'batches': 118, 'time_group': 100, 'time_groups': 118, 'history_edges': 2144, 'pos_edges': 38, 'neg_edges': 38, 'loss_recent': 8.009688858129085, 'elapsed_sec': 36.02915784716606, 'avg_sec_per_batch': 0.3602915784716606, 'cuda_allocated_mb': 57, 'cuda_reserved_mb': 354, 'cuda_max_allocated_mb': 261}
{'event': 'train_time_group', 'epoch': 7, 'time_group': 118, 'time_groups': 118, 'batch': 117, 'batches': 118, 'time_value': 1966.0, 'group_batches': 1, 'history_edges': 3153, 'elapsed_sec': 45.66121631115675, 'cuda_allocated_mb': 56, 'cuda_reserved_mb': 354, 'cuda_max_allocated_mb': 261}
{'event': 'train_progress', 'epoch': 7, 'batch': 118, 'batches': 118, 'time_group': 118, 'time_groups': 118, 'history_edges': 3153, 'pos_edges': 91, 'neg_edges': 91, 'loss_recent': 12.071180685907603, 'elapsed_sec': 46.369410399347544, 'avg_sec_per_batch': 0.3929611050792165, 'cuda_allocated_mb': 58, 'cuda_reserved_mb': 354, 'cuda_max_allocated_mb': 261}
{'event': 'validation_start', 'epoch': 7}
{'event': 'epoch_end', 'epoch': 7, 'early_stop_metric': 'val_auc', 'val_score': 0.6553305422275508, 'val_auc': 0.6553305422275508, 'val_ap': 0.1555290736851008, 'val_ndcg': 0.8030994299782919, 'elapsed_sec': 127.20862735807896}
{'event': 'epoch_start', 'epoch': 8, 'epochs': 20, 'batches': 118, 'time_groups': 118}
{'event': 'train_time_group', 'epoch': 8, 'time_group': 1, 'time_groups': 118, 'batch': 0, 'batches': 118, 'time_value': 600.0, 'group_batches': 1, 'history_edges': 0, 'elapsed_sec': 0.009141270071268082, 'cuda_allocated_mb': 56, 'cuda_reserved_mb': 354, 'cuda_max_allocated_mb': 261}
{'event': 'train_progress', 'epoch': 8, 'batch': 1, 'batches': 118, 'time_group': 1, 'time_groups': 118, 'history_edges': 0, 'pos_edges': 1, 'neg_edges': 1, 'loss_recent': 1.5472266674041748, 'elapsed_sec': 0.15425284951925278, 'avg_sec_per_batch': 0.15425284951925278, 'cuda_allocated_mb': 55, 'cuda_reserved_mb': 354, 'cuda_max_allocated_mb': 261}
{'event': 'train_progress', 'epoch': 8, 'batch': 100, 'batches': 118, 'time_group': 100, 'time_groups': 118, 'history_edges': 2144, 'pos_edges': 38, 'neg_edges': 38, 'loss_recent': 7.532442141734063, 'elapsed_sec': 37.11768066510558, 'avg_sec_per_batch': 0.3711768066510558, 'cuda_allocated_mb': 57, 'cuda_reserved_mb': 354, 'cuda_max_allocated_mb': 261}
{'event': 'train_time_group', 'epoch': 8, 'time_group': 118, 'time_groups': 118, 'batch': 117, 'batches': 118, 'time_value': 1966.0, 'group_batches': 1, 'history_edges': 3153, 'elapsed_sec': 46.92922183126211, 'cuda_allocated_mb': 56, 'cuda_reserved_mb': 354, 'cuda_max_allocated_mb': 261}
{'event': 'train_progress', 'epoch': 8, 'batch': 118, 'batches': 118, 'time_group': 118, 'time_groups': 118, 'history_edges': 3153, 'pos_edges': 91, 'neg_edges': 91, 'loss_recent': 11.513971047215163, 'elapsed_sec': 47.424106515944004, 'avg_sec_per_batch': 0.4018992077622373, 'cuda_allocated_mb': 58, 'cuda_reserved_mb': 354, 'cuda_max_allocated_mb': 261}
{'event': 'validation_start', 'epoch': 8}
{'event': 'epoch_end', 'epoch': 8, 'early_stop_metric': 'val_auc', 'val_score': 0.6119773950783606, 'val_auc': 0.6119773950783606, 'val_ap': 0.14555659017684086, 'val_ndcg': 0.7992756596688895, 'elapsed_sec': 129.08341493457556}
{'dataset': 'yago15k-temporal', 'method': 'ssptgfm', 'scenario': 'standard', 'ablation': 'full', 'few_shot_ratio': 1.0, 'seed': 3, 'train_edges': 3244, 'val_edges': 6738, 'test_edges': 26719, 'params_trainable': 1399440, 'params_total': 1399440, 'rough_forward_flops': 384237568, 'train_eval_time_sec': 3579.307329043746, 'allocated_mb': 33.1123046875, 'reserved_mb': 354.0, 'max_allocated_mb': 261.0927734375, 'val_auc': 0.6958023436848164, 'val_ap': 0.17720692405910493, 'val_ndcg': 0.8151437174751244, 'train_loss': 12.799905802675728, 'train_lp': 0.3569630990816715, 'train_align': 231.27338208182383, 'train_kl': 1751.9622155205677, 'train_ood_reg': 0.2366336908633426, 'train_meta': 0.30554682401825783, 'train_weighted_align': 11.563669356375428, 'train_weighted_kl': 0.8759811458383071, 'train_weighted_ood_reg': 0.000236633701360453, 'train_weighted_meta': 0.0030554681633426276, 'test_auc': 0.6657719116900772, 'test_ap': 0.15438736077198514, 'test_ndcg': 0.8273706807512334, 'test_mrr': 0.041376828273259995, 'test_hits@1': 0.0125, 'test_hits@10': 0.085, 'test_hits@50': 0.275, 'test_hits@100': 0.4875}
{'event': 'baseline_start', 'method': 'lm_mlp', 'seed': 3}
{'event': 'baseline_epoch_start', 'model': 'LMMLPBaseline', 'epoch': 1, 'epochs': 20, 'requires_struct_features': False}
{'event': 'baseline_epoch_time_group', 'model': 'LMMLPBaseline', 'epoch': 1, 'time_group': 1, 'time_groups': 118, 'batches': 1}
{'event': 'baseline_epoch_time_group', 'model': 'LMMLPBaseline', 'epoch': 1, 'time_group': 10, 'time_groups': 118, 'batches': 1}
{'event': 'baseline_epoch_time_group', 'model': 'LMMLPBaseline', 'epoch': 1, 'time_group': 20, 'time_groups': 118, 'batches': 1}
{'event': 'baseline_epoch_time_group', 'model': 'LMMLPBaseline', 'epoch': 1, 'time_group': 30, 'time_groups': 118, 'batches': 1}
{'event': 'baseline_epoch_time_group', 'model': 'LMMLPBaseline', 'epoch': 1, 'time_group': 40, 'time_groups': 118, 'batches': 1}
{'event': 'baseline_epoch_time_group', 'model': 'LMMLPBaseline', 'epoch': 1, 'time_group': 50, 'time_groups': 118, 'batches': 1}
{'event': 'baseline_epoch_time_group', 'model': 'LMMLPBaseline', 'epoch': 1, 'time_group': 60, 'time_groups': 118, 'batches': 1}
{'event': 'baseline_epoch_time_group', 'model': 'LMMLPBaseline', 'epoch': 1, 'time_group': 70, 'time_groups': 118, 'batches': 1}
{'event': 'baseline_epoch_time_group', 'model': 'LMMLPBaseline', 'epoch': 1, 'time_group': 80, 'time_groups': 118, 'batches': 1}
{'event': 'baseline_epoch_time_group', 'model': 'LMMLPBaseline', 'epoch': 1, 'time_group': 90, 'time_groups': 118, 'batches': 1}
{'event': 'baseline_epoch_time_group', 'model': 'LMMLPBaseline', 'epoch': 1, 'time_group': 100, 'time_groups': 118, 'batches': 1}
{'event': 'baseline_epoch_time_group', 'model': 'LMMLPBaseline', 'epoch': 1, 'time_group': 110, 'time_groups': 118, 'batches': 1}
{'event': 'baseline_epoch_time_group', 'model': 'LMMLPBaseline', 'epoch': 1, 'time_group': 118, 'time_groups': 118, 'batches': 1}
{'event': 'baseline_validation_start', 'model': 'LMMLPBaseline', 'epoch': 1}
{'event': 'baseline_epoch_end', 'model': 'LMMLPBaseline', 'epoch': 1, 'val_auc': 0.7669960012020975, 'elapsed_sec': 3.672936897724867}
{'event': 'baseline_epoch_start', 'model': 'LMMLPBaseline', 'epoch': 2, 'epochs': 20, 'requires_struct_features': False}
{'event': 'baseline_epoch_time_group', 'model': 'LMMLPBaseline', 'epoch': 2, 'time_group': 1, 'time_groups': 118, 'batches': 1}
{'event': 'baseline_epoch_time_group', 'model': 'LMMLPBaseline', 'epoch': 2, 'time_group': 10, 'time_groups': 118, 'batches': 1}
{'event': 'baseline_epoch_time_group', 'model': 'LMMLPBaseline', 'epoch': 2, 'time_group': 20, 'time_groups': 118, 'batches': 1}
{'event': 'baseline_epoch_time_group', 'model': 'LMMLPBaseline', 'epoch': 2, 'time_group': 30, 'time_groups': 118, 'batches': 1}
{'event': 'baseline_epoch_time_group', 'model': 'LMMLPBaseline', 'epoch': 2, 'time_group': 40, 'time_groups': 118, 'batches': 1}
{'event': 'baseline_epoch_time_group', 'model': 'LMMLPBaseline', 'epoch': 2, 'time_group': 50, 'time_groups': 118, 'batches': 1}
{'event': 'baseline_epoch_time_group', 'model': 'LMMLPBaseline', 'epoch': 2, 'time_group': 60, 'time_groups': 118, 'batches': 1}
{'event': 'baseline_epoch_time_group', 'model': 'LMMLPBaseline', 'epoch': 2, 'time_group': 70, 'time_groups': 118, 'batches': 1}
{'event': 'baseline_epoch_time_group', 'model': 'LMMLPBaseline', 'epoch': 2, 'time_group': 80, 'time_groups': 118, 'batches': 1}
{'event': 'baseline_epoch_time_group', 'model': 'LMMLPBaseline', 'epoch': 2, 'time_group': 90, 'time_groups': 118, 'batches': 1}
{'event': 'baseline_epoch_time_group', 'model': 'LMMLPBaseline', 'epoch': 2, 'time_group': 100, 'time_groups': 118, 'batches': 1}
{'event': 'baseline_epoch_time_group', 'model': 'LMMLPBaseline', 'epoch': 2, 'time_group': 110, 'time_groups': 118, 'batches': 1}
{'event': 'baseline_epoch_time_group', 'model': 'LMMLPBaseline', 'epoch': 2, 'time_group': 118, 'time_groups': 118, 'batches': 1}
{'event': 'baseline_validation_start', 'model': 'LMMLPBaseline', 'epoch': 2}
{'event': 'baseline_epoch_end', 'model': 'LMMLPBaseline', 'epoch': 2, 'val_auc': 0.7579571833826849, 'elapsed_sec': 3.352077689021826}
{'event': 'baseline_epoch_start', 'model': 'LMMLPBaseline', 'epoch': 3, 'epochs': 20, 'requires_struct_features': False}
{'event': 'baseline_epoch_time_group', 'model': 'LMMLPBaseline', 'epoch': 3, 'time_group': 1, 'time_groups': 118, 'batches': 1}
{'event': 'baseline_epoch_time_group', 'model': 'LMMLPBaseline', 'epoch': 3, 'time_group': 10, 'time_groups': 118, 'batches': 1}
{'event': 'baseline_epoch_time_group', 'model': 'LMMLPBaseline', 'epoch': 3, 'time_group': 20, 'time_groups': 118, 'batches': 1}
{'event': 'baseline_epoch_time_group', 'model': 'LMMLPBaseline', 'epoch': 3, 'time_group': 30, 'time_groups': 118, 'batches': 1}
{'event': 'baseline_epoch_time_group', 'model': 'LMMLPBaseline', 'epoch': 3, 'time_group': 40, 'time_groups': 118, 'batches': 1}
{'event': 'baseline_epoch_time_group', 'model': 'LMMLPBaseline', 'epoch': 3, 'time_group': 50, 'time_groups': 118, 'batches': 1}
{'event': 'baseline_epoch_time_group', 'model': 'LMMLPBaseline', 'epoch': 3, 'time_group': 60, 'time_groups': 118, 'batches': 1}
{'event': 'baseline_epoch_time_group', 'model': 'LMMLPBaseline', 'epoch': 3, 'time_group': 70, 'time_groups': 118, 'batches': 1}
{'event': 'baseline_epoch_time_group', 'model': 'LMMLPBaseline', 'epoch': 3, 'time_group': 80, 'time_groups': 118, 'batches': 1}
{'event': 'baseline_epoch_time_group', 'model': 'LMMLPBaseline', 'epoch': 3, 'time_group': 90, 'time_groups': 118, 'batches': 1}
{'event': 'baseline_epoch_time_group', 'model': 'LMMLPBaseline', 'epoch': 3, 'time_group': 100, 'time_groups': 118, 'batches': 1}
{'event': 'baseline_epoch_time_group', 'model': 'LMMLPBaseline', 'epoch': 3, 'time_group': 110, 'time_groups': 118, 'batches': 1}
{'event': 'baseline_epoch_time_group', 'model': 'LMMLPBaseline', 'epoch': 3, 'time_group': 118, 'time_groups': 118, 'batches': 1}
{'event': 'baseline_validation_start', 'model': 'LMMLPBaseline', 'epoch': 3}
{'event': 'baseline_epoch_end', 'model': 'LMMLPBaseline', 'epoch': 3, 'val_auc': 0.7552211539113849, 'elapsed_sec': 3.5127276182174683}
{'event': 'baseline_epoch_start', 'model': 'LMMLPBaseline', 'epoch': 4, 'epochs': 20, 'requires_struct_features': False}
{'event': 'baseline_epoch_time_group', 'model': 'LMMLPBaseline', 'epoch': 4, 'time_group': 1, 'time_groups': 118, 'batches': 1}
{'event': 'baseline_epoch_time_group', 'model': 'LMMLPBaseline', 'epoch': 4, 'time_group': 10, 'time_groups': 118, 'batches': 1}
{'event': 'baseline_epoch_time_group', 'model': 'LMMLPBaseline', 'epoch': 4, 'time_group': 20, 'time_groups': 118, 'batches': 1}
{'event': 'baseline_epoch_time_group', 'model': 'LMMLPBaseline', 'epoch': 4, 'time_group': 30, 'time_groups': 118, 'batches': 1}
{'event': 'baseline_epoch_time_group', 'model': 'LMMLPBaseline', 'epoch': 4, 'time_group': 40, 'time_groups': 118, 'batches': 1}
{'event': 'baseline_epoch_time_group', 'model': 'LMMLPBaseline', 'epoch': 4, 'time_group': 50, 'time_groups': 118, 'batches': 1}
{'event': 'baseline_epoch_time_group', 'model': 'LMMLPBaseline', 'epoch': 4, 'time_group': 60, 'time_groups': 118, 'batches': 1}
{'event': 'baseline_epoch_time_group', 'model': 'LMMLPBaseline', 'epoch': 4, 'time_group': 70, 'time_groups': 118, 'batches': 1}
{'event': 'baseline_epoch_time_group', 'model': 'LMMLPBaseline', 'epoch': 4, 'time_group': 80, 'time_groups': 118, 'batches': 1}
{'event': 'baseline_epoch_time_group', 'model': 'LMMLPBaseline', 'epoch': 4, 'time_group': 90, 'time_groups': 118, 'batches': 1}
{'event': 'baseline_epoch_time_group', 'model': 'LMMLPBaseline', 'epoch': 4, 'time_group': 100, 'time_groups': 118, 'batches': 1}
{'event': 'baseline_epoch_time_group', 'model': 'LMMLPBaseline', 'epoch': 4, 'time_group': 110, 'time_groups': 118, 'batches': 1}
{'event': 'baseline_epoch_time_group', 'model': 'LMMLPBaseline', 'epoch': 4, 'time_group': 118, 'time_groups': 118, 'batches': 1}
{'event': 'baseline_validation_start', 'model': 'LMMLPBaseline', 'epoch': 4}
{'event': 'baseline_epoch_end', 'model': 'LMMLPBaseline', 'epoch': 4, 'val_auc': 0.7505023530062701, 'elapsed_sec': 3.6292435601353645}
{'event': 'baseline_epoch_start', 'model': 'LMMLPBaseline', 'epoch': 5, 'epochs': 20, 'requires_struct_features': False}
{'event': 'baseline_epoch_time_group', 'model': 'LMMLPBaseline', 'epoch': 5, 'time_group': 1, 'time_groups': 118, 'batches': 1}
{'event': 'baseline_epoch_time_group', 'model': 'LMMLPBaseline', 'epoch': 5, 'time_group': 10, 'time_groups': 118, 'batches': 1}
{'event': 'baseline_epoch_time_group', 'model': 'LMMLPBaseline', 'epoch': 5, 'time_group': 20, 'time_groups': 118, 'batches': 1}
{'event': 'baseline_epoch_time_group', 'model': 'LMMLPBaseline', 'epoch': 5, 'time_group': 30, 'time_groups': 118, 'batches': 1}
{'event': 'baseline_epoch_time_group', 'model': 'LMMLPBaseline', 'epoch': 5, 'time_group': 40, 'time_groups': 118, 'batches': 1}
{'event': 'baseline_epoch_time_group', 'model': 'LMMLPBaseline', 'epoch': 5, 'time_group': 50, 'time_groups': 118, 'batches': 1}
{'event': 'baseline_epoch_time_group', 'model': 'LMMLPBaseline', 'epoch': 5, 'time_group': 60, 'time_groups': 118, 'batches': 1}
{'event': 'baseline_epoch_time_group', 'model': 'LMMLPBaseline', 'epoch': 5, 'time_group': 70, 'time_groups': 118, 'batches': 1}
{'event': 'baseline_epoch_time_group', 'model': 'LMMLPBaseline', 'epoch': 5, 'time_group': 80, 'time_groups': 118, 'batches': 1}
{'event': 'baseline_epoch_time_group', 'model': 'LMMLPBaseline', 'epoch': 5, 'time_group': 90, 'time_groups': 118, 'batches': 1}
{'event': 'baseline_epoch_time_group', 'model': 'LMMLPBaseline', 'epoch': 5, 'time_group': 100, 'time_groups': 118, 'batches': 1}
{'event': 'baseline_epoch_time_group', 'model': 'LMMLPBaseline', 'epoch': 5, 'time_group': 110, 'time_groups': 118, 'batches': 1}
{'event': 'baseline_epoch_time_group', 'model': 'LMMLPBaseline', 'epoch': 5, 'time_group': 118, 'time_groups': 118, 'batches': 1}
{'event': 'baseline_validation_start', 'model': 'LMMLPBaseline', 'epoch': 5}
{'event': 'baseline_epoch_end', 'model': 'LMMLPBaseline', 'epoch': 5, 'val_auc': 0.7497545695607313, 'elapsed_sec': 3.3307916298508644}
{'event': 'baseline_epoch_start', 'model': 'LMMLPBaseline', 'epoch': 6, 'epochs': 20, 'requires_struct_features': False}
{'event': 'baseline_epoch_time_group', 'model': 'LMMLPBaseline', 'epoch': 6, 'time_group': 1, 'time_groups': 118, 'batches': 1}
{'event': 'baseline_epoch_time_group', 'model': 'LMMLPBaseline', 'epoch': 6, 'time_group': 10, 'time_groups': 118, 'batches': 1}
{'event': 'baseline_epoch_time_group', 'model': 'LMMLPBaseline', 'epoch': 6, 'time_group': 20, 'time_groups': 118, 'batches': 1}
{'event': 'baseline_epoch_time_group', 'model': 'LMMLPBaseline', 'epoch': 6, 'time_group': 30, 'time_groups': 118, 'batches': 1}
{'event': 'baseline_epoch_time_group', 'model': 'LMMLPBaseline', 'epoch': 6, 'time_group': 40, 'time_groups': 118, 'batches': 1}
{'event': 'baseline_epoch_time_group', 'model': 'LMMLPBaseline', 'epoch': 6, 'time_group': 50, 'time_groups': 118, 'batches': 1}
{'event': 'baseline_epoch_time_group', 'model': 'LMMLPBaseline', 'epoch': 6, 'time_group': 60, 'time_groups': 118, 'batches': 1}
{'event': 'baseline_epoch_time_group', 'model': 'LMMLPBaseline', 'epoch': 6, 'time_group': 70, 'time_groups': 118, 'batches': 1}
{'event': 'baseline_epoch_time_group', 'model': 'LMMLPBaseline', 'epoch': 6, 'time_group': 80, 'time_groups': 118, 'batches': 1}
{'event': 'baseline_epoch_time_group', 'model': 'LMMLPBaseline', 'epoch': 6, 'time_group': 90, 'time_groups': 118, 'batches': 1}
{'event': 'baseline_epoch_time_group', 'model': 'LMMLPBaseline', 'epoch': 6, 'time_group': 100, 'time_groups': 118, 'batches': 1}
{'event': 'baseline_epoch_time_group', 'model': 'LMMLPBaseline', 'epoch': 6, 'time_group': 110, 'time_groups': 118, 'batches': 1}
{'event': 'baseline_epoch_time_group', 'model': 'LMMLPBaseline', 'epoch': 6, 'time_group': 118, 'time_groups': 118, 'batches': 1}
{'event': 'baseline_validation_start', 'model': 'LMMLPBaseline', 'epoch': 6}
{'event': 'baseline_epoch_end', 'model': 'LMMLPBaseline', 'epoch': 6, 'val_auc': 0.7484802858743591, 'elapsed_sec': 3.5508697293698788}
{'event': 'baseline_test_binary_start', 'method': 'lm_mlp', 'seed': 3}
{'event': 'baseline_test_ranking_start', 'method': 'lm_mlp', 'seed': 3}
{'dataset': 'yago15k-temporal', 'method': 'lm_mlp', 'scenario': 'standard', 'ablation': 'baseline', 'few_shot_ratio': 1.0, 'seed': 3, 'train_edges': 3244, 'val_edges': 6738, 'test_edges': 26719, 'params_trainable': 117633, 'params_total': 117633, 'train_eval_time_sec': 52.08410818502307, 'val_auc': 0.7682441288718282, 'val_ap': 0.20236540311457504, 'val_ndcg': 0.8241807462983872, 'test_auc': 0.7188625612450394, 'test_ap': 0.1556088411398612, 'test_ndcg': 0.8245776734251855, 'test_mrr': 0.018257847746836017, 'test_hits@1': 0.005, 'test_hits@10': 0.0325, 'test_hits@50': 0.135, 'test_hits@100': 0.2575}
{'event': 'baseline_start', 'method': 'structure_mlp', 'seed': 3}
{'event': 'baseline_epoch_start', 'model': 'StructureMLPBaseline', 'epoch': 1, 'epochs': 20, 'requires_struct_features': True}
{'event': 'baseline_epoch_time_group', 'model': 'StructureMLPBaseline', 'epoch': 1, 'time_group': 1, 'time_groups': 118, 'batches': 1}
{'event': 'baseline_epoch_time_group', 'model': 'StructureMLPBaseline', 'epoch': 1, 'time_group': 10, 'time_groups': 118, 'batches': 1}
{'event': 'baseline_epoch_time_group', 'model': 'StructureMLPBaseline', 'epoch': 1, 'time_group': 20, 'time_groups': 118, 'batches': 1}
{'event': 'baseline_epoch_time_group', 'model': 'StructureMLPBaseline', 'epoch': 1, 'time_group': 30, 'time_groups': 118, 'batches': 1}
{'event': 'baseline_epoch_time_group', 'model': 'StructureMLPBaseline', 'epoch': 1, 'time_group': 40, 'time_groups': 118, 'batches': 1}
{'event': 'baseline_epoch_time_group', 'model': 'StructureMLPBaseline', 'epoch': 1, 'time_group': 50, 'time_groups': 118, 'batches': 1}
{'event': 'baseline_epoch_time_group', 'model': 'StructureMLPBaseline', 'epoch': 1, 'time_group': 60, 'time_groups': 118, 'batches': 1}
{'event': 'baseline_epoch_time_group', 'model': 'StructureMLPBaseline', 'epoch': 1, 'time_group': 70, 'time_groups': 118, 'batches': 1}
{'event': 'baseline_epoch_time_group', 'model': 'StructureMLPBaseline', 'epoch': 1, 'time_group': 80, 'time_groups': 118, 'batches': 1}
{'event': 'baseline_epoch_time_group', 'model': 'StructureMLPBaseline', 'epoch': 1, 'time_group': 90, 'time_groups': 118, 'batches': 1}
{'event': 'baseline_epoch_time_group', 'model': 'StructureMLPBaseline', 'epoch': 1, 'time_group': 100, 'time_groups': 118, 'batches': 1}
{'event': 'baseline_epoch_time_group', 'model': 'StructureMLPBaseline', 'epoch': 1, 'time_group': 110, 'time_groups': 118, 'batches': 1}
{'event': 'baseline_epoch_time_group', 'model': 'StructureMLPBaseline', 'epoch': 1, 'time_group': 118, 'time_groups': 118, 'batches': 1}
{'event': 'baseline_validation_start', 'model': 'StructureMLPBaseline', 'epoch': 1}
{'event': 'baseline_epoch_end', 'model': 'StructureMLPBaseline', 'epoch': 1, 'val_auc': 0.6144795523164825, 'elapsed_sec': 93.53514914214611}
{'event': 'baseline_epoch_start', 'model': 'StructureMLPBaseline', 'epoch': 2, 'epochs': 20, 'requires_struct_features': True}
{'event': 'baseline_epoch_time_group', 'model': 'StructureMLPBaseline', 'epoch': 2, 'time_group': 1, 'time_groups': 118, 'batches': 1}
{'event': 'baseline_epoch_time_group', 'model': 'StructureMLPBaseline', 'epoch': 2, 'time_group': 10, 'time_groups': 118, 'batches': 1}
{'event': 'baseline_epoch_time_group', 'model': 'StructureMLPBaseline', 'epoch': 2, 'time_group': 20, 'time_groups': 118, 'batches': 1}
{'event': 'baseline_epoch_time_group', 'model': 'StructureMLPBaseline', 'epoch': 2, 'time_group': 30, 'time_groups': 118, 'batches': 1}
{'event': 'baseline_epoch_time_group', 'model': 'StructureMLPBaseline', 'epoch': 2, 'time_group': 40, 'time_groups': 118, 'batches': 1}
{'event': 'baseline_epoch_time_group', 'model': 'StructureMLPBaseline', 'epoch': 2, 'time_group': 50, 'time_groups': 118, 'batches': 1}
{'event': 'baseline_epoch_time_group', 'model': 'StructureMLPBaseline', 'epoch': 2, 'time_group': 60, 'time_groups': 118, 'batches': 1}
{'event': 'baseline_epoch_time_group', 'model': 'StructureMLPBaseline', 'epoch': 2, 'time_group': 70, 'time_groups': 118, 'batches': 1}
{'event': 'baseline_epoch_time_group', 'model': 'StructureMLPBaseline', 'epoch': 2, 'time_group': 80, 'time_groups': 118, 'batches': 1}
{'event': 'baseline_epoch_time_group', 'model': 'StructureMLPBaseline', 'epoch': 2, 'time_group': 90, 'time_groups': 118, 'batches': 1}
{'event': 'baseline_epoch_time_group', 'model': 'StructureMLPBaseline', 'epoch': 2, 'time_group': 100, 'time_groups': 118, 'batches': 1}
{'event': 'baseline_epoch_time_group', 'model': 'StructureMLPBaseline', 'epoch': 2, 'time_group': 110, 'time_groups': 118, 'batches': 1}
{'event': 'baseline_epoch_time_group', 'model': 'StructureMLPBaseline', 'epoch': 2, 'time_group': 118, 'time_groups': 118, 'batches': 1}
{'event': 'baseline_validation_start', 'model': 'StructureMLPBaseline', 'epoch': 2}
{'event': 'baseline_epoch_end', 'model': 'StructureMLPBaseline', 'epoch': 2, 'val_auc': 0.6126366996027632, 'elapsed_sec': 95.93382366001606}
{'event': 'baseline_epoch_start', 'model': 'StructureMLPBaseline', 'epoch': 3, 'epochs': 20, 'requires_struct_features': True}
{'event': 'baseline_epoch_time_group', 'model': 'StructureMLPBaseline', 'epoch': 3, 'time_group': 1, 'time_groups': 118, 'batches': 1}
{'event': 'baseline_epoch_time_group', 'model': 'StructureMLPBaseline', 'epoch': 3, 'time_group': 10, 'time_groups': 118, 'batches': 1}
{'event': 'baseline_epoch_time_group', 'model': 'StructureMLPBaseline', 'epoch': 3, 'time_group': 20, 'time_groups': 118, 'batches': 1}
{'event': 'baseline_epoch_time_group', 'model': 'StructureMLPBaseline', 'epoch': 3, 'time_group': 30, 'time_groups': 118, 'batches': 1}
{'event': 'baseline_epoch_time_group', 'model': 'StructureMLPBaseline', 'epoch': 3, 'time_group': 40, 'time_groups': 118, 'batches': 1}
{'event': 'baseline_epoch_time_group', 'model': 'StructureMLPBaseline', 'epoch': 3, 'time_group': 50, 'time_groups': 118, 'batches': 1}
{'event': 'baseline_epoch_time_group', 'model': 'StructureMLPBaseline', 'epoch': 3, 'time_group': 60, 'time_groups': 118, 'batches': 1}
{'event': 'baseline_epoch_time_group', 'model': 'StructureMLPBaseline', 'epoch': 3, 'time_group': 70, 'time_groups': 118, 'batches': 1}
{'event': 'baseline_epoch_time_group', 'model': 'StructureMLPBaseline', 'epoch': 3, 'time_group': 80, 'time_groups': 118, 'batches': 1}
{'event': 'baseline_epoch_time_group', 'model': 'StructureMLPBaseline', 'epoch': 3, 'time_group': 90, 'time_groups': 118, 'batches': 1}
{'event': 'baseline_epoch_time_group', 'model': 'StructureMLPBaseline', 'epoch': 3, 'time_group': 100, 'time_groups': 118, 'batches': 1}
{'event': 'baseline_epoch_time_group', 'model': 'StructureMLPBaseline', 'epoch': 3, 'time_group': 110, 'time_groups': 118, 'batches': 1}
{'event': 'baseline_epoch_time_group', 'model': 'StructureMLPBaseline', 'epoch': 3, 'time_group': 118, 'time_groups': 118, 'batches': 1}
{'event': 'baseline_validation_start', 'model': 'StructureMLPBaseline', 'epoch': 3}
{'event': 'baseline_epoch_end', 'model': 'StructureMLPBaseline', 'epoch': 3, 'val_auc': 0.6113314185587323, 'elapsed_sec': 96.56714821234345}
{'event': 'baseline_epoch_start', 'model': 'StructureMLPBaseline', 'epoch': 4, 'epochs': 20, 'requires_struct_features': True}
{'event': 'baseline_epoch_time_group', 'model': 'StructureMLPBaseline', 'epoch': 4, 'time_group': 1, 'time_groups': 118, 'batches': 1}
{'event': 'baseline_epoch_time_group', 'model': 'StructureMLPBaseline', 'epoch': 4, 'time_group': 10, 'time_groups': 118, 'batches': 1}
{'event': 'baseline_epoch_time_group', 'model': 'StructureMLPBaseline', 'epoch': 4, 'time_group': 20, 'time_groups': 118, 'batches': 1}
{'event': 'baseline_epoch_time_group', 'model': 'StructureMLPBaseline', 'epoch': 4, 'time_group': 30, 'time_groups': 118, 'batches': 1}
{'event': 'baseline_epoch_time_group', 'model': 'StructureMLPBaseline', 'epoch': 4, 'time_group': 40, 'time_groups': 118, 'batches': 1}
{'event': 'baseline_epoch_time_group', 'model': 'StructureMLPBaseline', 'epoch': 4, 'time_group': 50, 'time_groups': 118, 'batches': 1}
{'event': 'baseline_epoch_time_group', 'model': 'StructureMLPBaseline', 'epoch': 4, 'time_group': 60, 'time_groups': 118, 'batches': 1}
{'event': 'baseline_epoch_time_group', 'model': 'StructureMLPBaseline', 'epoch': 4, 'time_group': 70, 'time_groups': 118, 'batches': 1}
{'event': 'baseline_epoch_time_group', 'model': 'StructureMLPBaseline', 'epoch': 4, 'time_group': 80, 'time_groups': 118, 'batches': 1}
{'event': 'baseline_epoch_time_group', 'model': 'StructureMLPBaseline', 'epoch': 4, 'time_group': 90, 'time_groups': 118, 'batches': 1}
{'event': 'baseline_epoch_time_group', 'model': 'StructureMLPBaseline', 'epoch': 4, 'time_group': 100, 'time_groups': 118, 'batches': 1}
{'event': 'baseline_epoch_time_group', 'model': 'StructureMLPBaseline', 'epoch': 4, 'time_group': 110, 'time_groups': 118, 'batches': 1}
{'event': 'baseline_epoch_time_group', 'model': 'StructureMLPBaseline', 'epoch': 4, 'time_group': 118, 'time_groups': 118, 'batches': 1}
{'event': 'baseline_validation_start', 'model': 'StructureMLPBaseline', 'epoch': 4}
{'event': 'baseline_epoch_end', 'model': 'StructureMLPBaseline', 'epoch': 4, 'val_auc': 0.6120857701930396, 'elapsed_sec': 97.0877167917788}
{'event': 'baseline_epoch_start', 'model': 'StructureMLPBaseline', 'epoch': 5, 'epochs': 20, 'requires_struct_features': True}
{'event': 'baseline_epoch_time_group', 'model': 'StructureMLPBaseline', 'epoch': 5, 'time_group': 1, 'time_groups': 118, 'batches': 1}
{'event': 'baseline_epoch_time_group', 'model': 'StructureMLPBaseline', 'epoch': 5, 'time_group': 10, 'time_groups': 118, 'batches': 1}
{'event': 'baseline_epoch_time_group', 'model': 'StructureMLPBaseline', 'epoch': 5, 'time_group': 20, 'time_groups': 118, 'batches': 1}
{'event': 'baseline_epoch_time_group', 'model': 'StructureMLPBaseline', 'epoch': 5, 'time_group': 30, 'time_groups': 118, 'batches': 1}
{'event': 'baseline_epoch_time_group', 'model': 'StructureMLPBaseline', 'epoch': 5, 'time_group': 40, 'time_groups': 118, 'batches': 1}
{'event': 'baseline_epoch_time_group', 'model': 'StructureMLPBaseline', 'epoch': 5, 'time_group': 50, 'time_groups': 118, 'batches': 1}
{'event': 'baseline_epoch_time_group', 'model': 'StructureMLPBaseline', 'epoch': 5, 'time_group': 60, 'time_groups': 118, 'batches': 1}
{'event': 'baseline_epoch_time_group', 'model': 'StructureMLPBaseline', 'epoch': 5, 'time_group': 70, 'time_groups': 118, 'batches': 1}
{'event': 'baseline_epoch_time_group', 'model': 'StructureMLPBaseline', 'epoch': 5, 'time_group': 80, 'time_groups': 118, 'batches': 1}
{'event': 'baseline_epoch_time_group', 'model': 'StructureMLPBaseline', 'epoch': 5, 'time_group': 90, 'time_groups': 118, 'batches': 1}
{'event': 'baseline_epoch_time_group', 'model': 'StructureMLPBaseline', 'epoch': 5, 'time_group': 100, 'time_groups': 118, 'batches': 1}
{'event': 'baseline_epoch_time_group', 'model': 'StructureMLPBaseline', 'epoch': 5, 'time_group': 110, 'time_groups': 118, 'batches': 1}
{'event': 'baseline_epoch_time_group', 'model': 'StructureMLPBaseline', 'epoch': 5, 'time_group': 118, 'time_groups': 118, 'batches': 1}
{'event': 'baseline_validation_start', 'model': 'StructureMLPBaseline', 'epoch': 5}
{'event': 'baseline_epoch_end', 'model': 'StructureMLPBaseline', 'epoch': 5, 'val_auc': 0.6143334123189971, 'elapsed_sec': 97.57171038538218}
{'event': 'baseline_epoch_start', 'model': 'StructureMLPBaseline', 'epoch': 6, 'epochs': 20, 'requires_struct_features': True}
{'event': 'baseline_epoch_time_group', 'model': 'StructureMLPBaseline', 'epoch': 6, 'time_group': 1, 'time_groups': 118, 'batches': 1}
{'event': 'baseline_epoch_time_group', 'model': 'StructureMLPBaseline', 'epoch': 6, 'time_group': 10, 'time_groups': 118, 'batches': 1}
{'event': 'baseline_epoch_time_group', 'model': 'StructureMLPBaseline', 'epoch': 6, 'time_group': 20, 'time_groups': 118, 'batches': 1}
{'event': 'baseline_epoch_time_group', 'model': 'StructureMLPBaseline', 'epoch': 6, 'time_group': 30, 'time_groups': 118, 'batches': 1}
{'event': 'baseline_epoch_time_group', 'model': 'StructureMLPBaseline', 'epoch': 6, 'time_group': 40, 'time_groups': 118, 'batches': 1}
{'event': 'baseline_epoch_time_group', 'model': 'StructureMLPBaseline', 'epoch': 6, 'time_group': 50, 'time_groups': 118, 'batches': 1}
{'event': 'baseline_epoch_time_group', 'model': 'StructureMLPBaseline', 'epoch': 6, 'time_group': 60, 'time_groups': 118, 'batches': 1}
{'event': 'baseline_epoch_time_group', 'model': 'StructureMLPBaseline', 'epoch': 6, 'time_group': 70, 'time_groups': 118, 'batches': 1}
{'event': 'baseline_epoch_time_group', 'model': 'StructureMLPBaseline', 'epoch': 6, 'time_group': 80, 'time_groups': 118, 'batches': 1}
{'event': 'baseline_epoch_time_group', 'model': 'StructureMLPBaseline', 'epoch': 6, 'time_group': 90, 'time_groups': 118, 'batches': 1}
{'event': 'baseline_epoch_time_group', 'model': 'StructureMLPBaseline', 'epoch': 6, 'time_group': 100, 'time_groups': 118, 'batches': 1}
{'event': 'baseline_epoch_time_group', 'model': 'StructureMLPBaseline', 'epoch': 6, 'time_group': 110, 'time_groups': 118, 'batches': 1}
{'event': 'baseline_epoch_time_group', 'model': 'StructureMLPBaseline', 'epoch': 6, 'time_group': 118, 'time_groups': 118, 'batches': 1}
{'event': 'baseline_validation_start', 'model': 'StructureMLPBaseline', 'epoch': 6}
{'event': 'baseline_epoch_end', 'model': 'StructureMLPBaseline', 'epoch': 6, 'val_auc': 0.6159588683367575, 'elapsed_sec': 96.99433549121022}
{'event': 'baseline_epoch_start', 'model': 'StructureMLPBaseline', 'epoch': 7, 'epochs': 20, 'requires_struct_features': True}
{'event': 'baseline_epoch_time_group', 'model': 'StructureMLPBaseline', 'epoch': 7, 'time_group': 1, 'time_groups': 118, 'batches': 1}
{'event': 'baseline_epoch_time_group', 'model': 'StructureMLPBaseline', 'epoch': 7, 'time_group': 10, 'time_groups': 118, 'batches': 1}
{'event': 'baseline_epoch_time_group', 'model': 'StructureMLPBaseline', 'epoch': 7, 'time_group': 20, 'time_groups': 118, 'batches': 1}
{'event': 'baseline_epoch_time_group', 'model': 'StructureMLPBaseline', 'epoch': 7, 'time_group': 30, 'time_groups': 118, 'batches': 1}
{'event': 'baseline_epoch_time_group', 'model': 'StructureMLPBaseline', 'epoch': 7, 'time_group': 40, 'time_groups': 118, 'batches': 1}
{'event': 'baseline_epoch_time_group', 'model': 'StructureMLPBaseline', 'epoch': 7, 'time_group': 50, 'time_groups': 118, 'batches': 1}
{'event': 'baseline_epoch_time_group', 'model': 'StructureMLPBaseline', 'epoch': 7, 'time_group': 60, 'time_groups': 118, 'batches': 1}
{'event': 'baseline_epoch_time_group', 'model': 'StructureMLPBaseline', 'epoch': 7, 'time_group': 70, 'time_groups': 118, 'batches': 1}
{'event': 'baseline_epoch_time_group', 'model': 'StructureMLPBaseline', 'epoch': 7, 'time_group': 80, 'time_groups': 118, 'batches': 1}
{'event': 'baseline_epoch_time_group', 'model': 'StructureMLPBaseline', 'epoch': 7, 'time_group': 90, 'time_groups': 118, 'batches': 1}
{'event': 'baseline_epoch_time_group', 'model': 'StructureMLPBaseline', 'epoch': 7, 'time_group': 100, 'time_groups': 118, 'batches': 1}
{'event': 'baseline_epoch_time_group', 'model': 'StructureMLPBaseline', 'epoch': 7, 'time_group': 110, 'time_groups': 118, 'batches': 1}
{'event': 'baseline_epoch_time_group', 'model': 'StructureMLPBaseline', 'epoch': 7, 'time_group': 118, 'time_groups': 118, 'batches': 1}
{'event': 'baseline_validation_start', 'model': 'StructureMLPBaseline', 'epoch': 7}
{'event': 'baseline_epoch_end', 'model': 'StructureMLPBaseline', 'epoch': 7, 'val_auc': 0.6164665604743405, 'elapsed_sec': 96.3147300556302}
{'event': 'baseline_epoch_start', 'model': 'StructureMLPBaseline', 'epoch': 8, 'epochs': 20, 'requires_struct_features': True}
{'event': 'baseline_epoch_time_group', 'model': 'StructureMLPBaseline', 'epoch': 8, 'time_group': 1, 'time_groups': 118, 'batches': 1}
{'event': 'baseline_epoch_time_group', 'model': 'StructureMLPBaseline', 'epoch': 8, 'time_group': 10, 'time_groups': 118, 'batches': 1}
{'event': 'baseline_epoch_time_group', 'model': 'StructureMLPBaseline', 'epoch': 8, 'time_group': 20, 'time_groups': 118, 'batches': 1}
{'event': 'baseline_epoch_time_group', 'model': 'StructureMLPBaseline', 'epoch': 8, 'time_group': 30, 'time_groups': 118, 'batches': 1}
{'event': 'baseline_epoch_time_group', 'model': 'StructureMLPBaseline', 'epoch': 8, 'time_group': 40, 'time_groups': 118, 'batches': 1}
{'event': 'baseline_epoch_time_group', 'model': 'StructureMLPBaseline', 'epoch': 8, 'time_group': 50, 'time_groups': 118, 'batches': 1}
{'event': 'baseline_epoch_time_group', 'model': 'StructureMLPBaseline', 'epoch': 8, 'time_group': 60, 'time_groups': 118, 'batches': 1}
{'event': 'baseline_epoch_time_group', 'model': 'StructureMLPBaseline', 'epoch': 8, 'time_group': 70, 'time_groups': 118, 'batches': 1}
{'event': 'baseline_epoch_time_group', 'model': 'StructureMLPBaseline', 'epoch': 8, 'time_group': 80, 'time_groups': 118, 'batches': 1}
{'event': 'baseline_epoch_time_group', 'model': 'StructureMLPBaseline', 'epoch': 8, 'time_group': 90, 'time_groups': 118, 'batches': 1}
{'event': 'baseline_epoch_time_group', 'model': 'StructureMLPBaseline', 'epoch': 8, 'time_group': 100, 'time_groups': 118, 'batches': 1}
{'event': 'baseline_epoch_time_group', 'model': 'StructureMLPBaseline', 'epoch': 8, 'time_group': 110, 'time_groups': 118, 'batches': 1}
{'event': 'baseline_epoch_time_group', 'model': 'StructureMLPBaseline', 'epoch': 8, 'time_group': 118, 'time_groups': 118, 'batches': 1}
{'event': 'baseline_validation_start', 'model': 'StructureMLPBaseline', 'epoch': 8}
{'event': 'baseline_epoch_end', 'model': 'StructureMLPBaseline', 'epoch': 8, 'val_auc': 0.6142125483946881, 'elapsed_sec': 96.4636832177639}
{'event': 'baseline_epoch_start', 'model': 'StructureMLPBaseline', 'epoch': 9, 'epochs': 20, 'requires_struct_features': True}
{'event': 'baseline_epoch_time_group', 'model': 'StructureMLPBaseline', 'epoch': 9, 'time_group': 1, 'time_groups': 118, 'batches': 1}
{'event': 'baseline_epoch_time_group', 'model': 'StructureMLPBaseline', 'epoch': 9, 'time_group': 10, 'time_groups': 118, 'batches': 1}
{'event': 'baseline_epoch_time_group', 'model': 'StructureMLPBaseline', 'epoch': 9, 'time_group': 20, 'time_groups': 118, 'batches': 1}
{'event': 'baseline_epoch_time_group', 'model': 'StructureMLPBaseline', 'epoch': 9, 'time_group': 30, 'time_groups': 118, 'batches': 1}
{'event': 'baseline_epoch_time_group', 'model': 'StructureMLPBaseline', 'epoch': 9, 'time_group': 40, 'time_groups': 118, 'batches': 1}
{'event': 'baseline_epoch_time_group', 'model': 'StructureMLPBaseline', 'epoch': 9, 'time_group': 50, 'time_groups': 118, 'batches': 1}
{'event': 'baseline_epoch_time_group', 'model': 'StructureMLPBaseline', 'epoch': 9, 'time_group': 60, 'time_groups': 118, 'batches': 1}
{'event': 'baseline_epoch_time_group', 'model': 'StructureMLPBaseline', 'epoch': 9, 'time_group': 70, 'time_groups': 118, 'batches': 1}
{'event': 'baseline_epoch_time_group', 'model': 'StructureMLPBaseline', 'epoch': 9, 'time_group': 80, 'time_groups': 118, 'batches': 1}
{'event': 'baseline_epoch_time_group', 'model': 'StructureMLPBaseline', 'epoch': 9, 'time_group': 90, 'time_groups': 118, 'batches': 1}
{'event': 'baseline_epoch_time_group', 'model': 'StructureMLPBaseline', 'epoch': 9, 'time_group': 100, 'time_groups': 118, 'batches': 1}
{'event': 'baseline_epoch_time_group', 'model': 'StructureMLPBaseline', 'epoch': 9, 'time_group': 110, 'time_groups': 118, 'batches': 1}
{'event': 'baseline_epoch_time_group', 'model': 'StructureMLPBaseline', 'epoch': 9, 'time_group': 118, 'time_groups': 118, 'batches': 1}
{'event': 'baseline_validation_start', 'model': 'StructureMLPBaseline', 'epoch': 9}
{'event': 'baseline_epoch_end', 'model': 'StructureMLPBaseline', 'epoch': 9, 'val_auc': 0.6121254678678125, 'elapsed_sec': 97.60133777558804}
{'event': 'baseline_epoch_start', 'model': 'StructureMLPBaseline', 'epoch': 10, 'epochs': 20, 'requires_struct_features': True}
{'event': 'baseline_epoch_time_group', 'model': 'StructureMLPBaseline', 'epoch': 10, 'time_group': 1, 'time_groups': 118, 'batches': 1}
{'event': 'baseline_epoch_time_group', 'model': 'StructureMLPBaseline', 'epoch': 10, 'time_group': 10, 'time_groups': 118, 'batches': 1}
{'event': 'baseline_epoch_time_group', 'model': 'StructureMLPBaseline', 'epoch': 10, 'time_group': 20, 'time_groups': 118, 'batches': 1}
{'event': 'baseline_epoch_time_group', 'model': 'StructureMLPBaseline', 'epoch': 10, 'time_group': 30, 'time_groups': 118, 'batches': 1}
{'event': 'baseline_epoch_time_group', 'model': 'StructureMLPBaseline', 'epoch': 10, 'time_group': 40, 'time_groups': 118, 'batches': 1}
{'event': 'baseline_epoch_time_group', 'model': 'StructureMLPBaseline', 'epoch': 10, 'time_group': 50, 'time_groups': 118, 'batches': 1}
{'event': 'baseline_epoch_time_group', 'model': 'StructureMLPBaseline', 'epoch': 10, 'time_group': 60, 'time_groups': 118, 'batches': 1}
{'event': 'baseline_epoch_time_group', 'model': 'StructureMLPBaseline', 'epoch': 10, 'time_group': 70, 'time_groups': 118, 'batches': 1}
{'event': 'baseline_epoch_time_group', 'model': 'StructureMLPBaseline', 'epoch': 10, 'time_group': 80, 'time_groups': 118, 'batches': 1}
{'event': 'baseline_epoch_time_group', 'model': 'StructureMLPBaseline', 'epoch': 10, 'time_group': 90, 'time_groups': 118, 'batches': 1}
{'event': 'baseline_epoch_time_group', 'model': 'StructureMLPBaseline', 'epoch': 10, 'time_group': 100, 'time_groups': 118, 'batches': 1}
{'event': 'baseline_epoch_time_group', 'model': 'StructureMLPBaseline', 'epoch': 10, 'time_group': 110, 'time_groups': 118, 'batches': 1}
{'event': 'baseline_epoch_time_group', 'model': 'StructureMLPBaseline', 'epoch': 10, 'time_group': 118, 'time_groups': 118, 'batches': 1}
{'event': 'baseline_validation_start', 'model': 'StructureMLPBaseline', 'epoch': 10}
{'event': 'baseline_epoch_end', 'model': 'StructureMLPBaseline', 'epoch': 10, 'val_auc': 0.6109455958378035, 'elapsed_sec': 97.25157133862376}
{'event': 'baseline_epoch_start', 'model': 'StructureMLPBaseline', 'epoch': 11, 'epochs': 20, 'requires_struct_features': True}
{'event': 'baseline_epoch_time_group', 'model': 'StructureMLPBaseline', 'epoch': 11, 'time_group': 1, 'time_groups': 118, 'batches': 1}
{'event': 'baseline_epoch_time_group', 'model': 'StructureMLPBaseline', 'epoch': 11, 'time_group': 10, 'time_groups': 118, 'batches': 1}
{'event': 'baseline_epoch_time_group', 'model': 'StructureMLPBaseline', 'epoch': 11, 'time_group': 20, 'time_groups': 118, 'batches': 1}
{'event': 'baseline_epoch_time_group', 'model': 'StructureMLPBaseline', 'epoch': 11, 'time_group': 30, 'time_groups': 118, 'batches': 1}
{'event': 'baseline_epoch_time_group', 'model': 'StructureMLPBaseline', 'epoch': 11, 'time_group': 40, 'time_groups': 118, 'batches': 1}
{'event': 'baseline_epoch_time_group', 'model': 'StructureMLPBaseline', 'epoch': 11, 'time_group': 50, 'time_groups': 118, 'batches': 1}
{'event': 'baseline_epoch_time_group', 'model': 'StructureMLPBaseline', 'epoch': 11, 'time_group': 60, 'time_groups': 118, 'batches': 1}
{'event': 'baseline_epoch_time_group', 'model': 'StructureMLPBaseline', 'epoch': 11, 'time_group': 70, 'time_groups': 118, 'batches': 1}
{'event': 'baseline_epoch_time_group', 'model': 'StructureMLPBaseline', 'epoch': 11, 'time_group': 80, 'time_groups': 118, 'batches': 1}
{'event': 'baseline_epoch_time_group', 'model': 'StructureMLPBaseline', 'epoch': 11, 'time_group': 90, 'time_groups': 118, 'batches': 1}
{'event': 'baseline_epoch_time_group', 'model': 'StructureMLPBaseline', 'epoch': 11, 'time_group': 100, 'time_groups': 118, 'batches': 1}
{'event': 'baseline_epoch_time_group', 'model': 'StructureMLPBaseline', 'epoch': 11, 'time_group': 110, 'time_groups': 118, 'batches': 1}
{'event': 'baseline_epoch_time_group', 'model': 'StructureMLPBaseline', 'epoch': 11, 'time_group': 118, 'time_groups': 118, 'batches': 1}
{'event': 'baseline_validation_start', 'model': 'StructureMLPBaseline', 'epoch': 11}
{'event': 'baseline_epoch_end', 'model': 'StructureMLPBaseline', 'epoch': 11, 'val_auc': 0.6143054743893059, 'elapsed_sec': 96.74307480081916}
{'event': 'baseline_epoch_start', 'model': 'StructureMLPBaseline', 'epoch': 12, 'epochs': 20, 'requires_struct_features': True}
{'event': 'baseline_epoch_time_group', 'model': 'StructureMLPBaseline', 'epoch': 12, 'time_group': 1, 'time_groups': 118, 'batches': 1}
{'event': 'baseline_epoch_time_group', 'model': 'StructureMLPBaseline', 'epoch': 12, 'time_group': 10, 'time_groups': 118, 'batches': 1}
{'event': 'baseline_epoch_time_group', 'model': 'StructureMLPBaseline', 'epoch': 12, 'time_group': 20, 'time_groups': 118, 'batches': 1}
{'event': 'baseline_epoch_time_group', 'model': 'StructureMLPBaseline', 'epoch': 12, 'time_group': 30, 'time_groups': 118, 'batches': 1}
{'event': 'baseline_epoch_time_group', 'model': 'StructureMLPBaseline', 'epoch': 12, 'time_group': 40, 'time_groups': 118, 'batches': 1}
{'event': 'baseline_epoch_time_group', 'model': 'StructureMLPBaseline', 'epoch': 12, 'time_group': 50, 'time_groups': 118, 'batches': 1}
{'event': 'baseline_epoch_time_group', 'model': 'StructureMLPBaseline', 'epoch': 12, 'time_group': 60, 'time_groups': 118, 'batches': 1}
{'event': 'baseline_epoch_time_group', 'model': 'StructureMLPBaseline', 'epoch': 12, 'time_group': 70, 'time_groups': 118, 'batches': 1}
{'event': 'baseline_epoch_time_group', 'model': 'StructureMLPBaseline', 'epoch': 12, 'time_group': 80, 'time_groups': 118, 'batches': 1}
{'event': 'baseline_epoch_time_group', 'model': 'StructureMLPBaseline', 'epoch': 12, 'time_group': 90, 'time_groups': 118, 'batches': 1}
{'event': 'baseline_epoch_time_group', 'model': 'StructureMLPBaseline', 'epoch': 12, 'time_group': 100, 'time_groups': 118, 'batches': 1}
{'event': 'baseline_epoch_time_group', 'model': 'StructureMLPBaseline', 'epoch': 12, 'time_group': 110, 'time_groups': 118, 'batches': 1}
{'event': 'baseline_epoch_time_group', 'model': 'StructureMLPBaseline', 'epoch': 12, 'time_group': 118, 'time_groups': 118, 'batches': 1}
{'event': 'baseline_validation_start', 'model': 'StructureMLPBaseline', 'epoch': 12}
{'event': 'baseline_epoch_end', 'model': 'StructureMLPBaseline', 'epoch': 12, 'val_auc': 0.6121326318631074, 'elapsed_sec': 98.27874157950282}
{'event': 'baseline_test_binary_start', 'method': 'structure_mlp', 'seed': 3}
{'event': 'baseline_test_ranking_start', 'method': 'structure_mlp', 'seed': 3}
{'dataset': 'yago15k-temporal', 'method': 'structure_mlp', 'scenario': 'standard', 'ablation': 'baseline', 'few_shot_ratio': 1.0, 'seed': 3, 'train_edges': 3244, 'val_edges': 6738, 'test_edges': 26719, 'params_trainable': 19713, 'params_total': 19713, 'train_eval_time_sec': 3718.6350374035537, 'val_auc': 0.6159365845118848, 'val_ap': 0.14629692420102772, 'val_ndcg': 0.7993112077375241, 'test_auc': 0.6563636626696588, 'test_ap': 0.14219044909660183, 'test_ndcg': 0.8190249497912216, 'test_mrr': 0.1443698730480481, 'test_hits@1': 0.08, 'test_hits@10': 0.2225, 'test_hits@50': 0.41, 'test_hits@100': 0.6}
