2026-06-03_21:24:07 yago15k_temporal_strict_v2_search_start
runtime_device=cuda
cuda_device=Tesla V100-PCIE-32GB
{'event': 'resume_skip', 'candidate': 'h96_lr1e3_meta005_ood001', 'seed': 1, 'val_auc': 0.6252167799646189}
{'event': 'resume_skip', 'candidate': 'h96_lr1e3_meta005_ood001', 'seed': 2, 'val_auc': 0.6944699804258283}
{'event': 'candidate_summary', 'candidate': 'h96_lr1e3_meta005_ood001', 'score': 0.6598433801952236, 'passes_metric_minima': True, 'means': {'val_auc': 0.6598433801952236}, 'seeds_completed': 2}
{'event': 'candidate_seed_start', 'candidate': 'h96_lr7e4_meta01_ood001', 'seed': 1, 'device': 'cuda', 'node_text_device': 'cuda:0'}
{'event': 'train_seed_start', 'seed': 1, 'train_edges': 3244, 'val_edges': 6738, 'test_edges': 26719, 'num_nodes': 4197, 'num_relations': 19}
{'event': 'train_seed_tensors_ready', 'seed': 1, 'elapsed_sec': 0.15665676444768906, 'cuda_allocated_mb': 9, 'cuda_reserved_mb': 22, 'cuda_max_allocated_mb': 9}
{'event': 'train_known_facts_ready', 'seed': 1, 'scope': 'train', 'edges': 3244, 'elapsed_sec': 0.1587236300110817}
{'event': 'train_known_facts_ready', 'seed': 1, 'scope': 'train_val', 'edges': 9982, 'elapsed_sec': 0.1599678471684456}
{'event': 'train_sampler_ready', 'seed': 1, 'elapsed_sec': 0.16169803589582443}
{'event': 'val_sampler_ready', 'seed': 1, 'elapsed_sec': 0.16310739889740944}
{'event': 'epoch_start', 'epoch': 1, 'epochs': 12, 'batches': 118, 'time_groups': 118}
{'event': 'train_time_group', 'epoch': 1, 'time_group': 1, 'time_groups': 118, 'batch': 0, 'batches': 118, 'time_value': 600.0, 'group_batches': 1, 'history_edges': 0, 'elapsed_sec': 0.020094137638807297, 'cuda_allocated_mb': 9, 'cuda_reserved_mb': 24, 'cuda_max_allocated_mb': 9}
{'event': 'train_progress', 'epoch': 1, 'batch': 1, 'batches': 118, 'time_group': 1, 'time_groups': 118, 'history_edges': 0, 'pos_edges': 1, 'neg_edges': 1, 'loss_recent': 0.8954263925552368, 'elapsed_sec': 1.3145649805665016, 'avg_sec_per_batch': 1.3145649805665016, 'cuda_allocated_mb': 44, 'cuda_reserved_mb': 90, 'cuda_max_allocated_mb': 80}
{'event': 'train_progress', 'epoch': 1, 'batch': 100, 'batches': 118, 'time_group': 100, 'time_groups': 118, 'history_edges': 2144, 'pos_edges': 38, 'neg_edges': 38, 'loss_recent': 12.88827314913273, 'elapsed_sec': 28.672419015318155, 'avg_sec_per_batch': 0.28672419015318157, 'cuda_allocated_mb': 46, 'cuda_reserved_mb': 202, 'cuda_max_allocated_mb': 169}
{'event': 'train_time_group', 'epoch': 1, 'time_group': 118, 'time_groups': 118, 'batch': 117, 'batches': 118, 'time_value': 1966.0, 'group_batches': 1, 'history_edges': 3153, 'elapsed_sec': 35.778568383306265, 'cuda_allocated_mb': 45, 'cuda_reserved_mb': 222, 'cuda_max_allocated_mb': 189}
{'event': 'train_progress', 'epoch': 1, 'batch': 118, 'batches': 118, 'time_group': 118, 'time_groups': 118, 'history_edges': 3153, 'pos_edges': 91, 'neg_edges': 91, 'loss_recent': 19.102407093644143, 'elapsed_sec': 36.110803708434105, 'avg_sec_per_batch': 0.306023760240967, 'cuda_allocated_mb': 47, 'cuda_reserved_mb': 222, 'cuda_max_allocated_mb': 192}
{'event': 'validation_start', 'epoch': 1}
{'event': 'epoch_end', 'epoch': 1, 'early_stop_metric': 'val_auc', 'val_score': 0.622684426018274, 'val_auc': 0.622684426018274, 'val_ap': 0.14888968603336492, 'val_ndcg': 0.8002988843821339, 'elapsed_sec': 88.50200863555074}
{'event': 'epoch_start', 'epoch': 2, 'epochs': 12, 'batches': 118, 'time_groups': 118}
{'event': 'train_time_group', 'epoch': 2, 'time_group': 1, 'time_groups': 118, 'batch': 0, 'batches': 118, 'time_value': 600.0, 'group_batches': 1, 'history_edges': 0, 'elapsed_sec': 0.012194190174341202, 'cuda_allocated_mb': 45, 'cuda_reserved_mb': 268, 'cuda_max_allocated_mb': 200}
{'event': 'train_progress', 'epoch': 2, 'batch': 1, 'batches': 118, 'time_group': 1, 'time_groups': 118, 'history_edges': 0, 'pos_edges': 1, 'neg_edges': 1, 'loss_recent': 0.5831407308578491, 'elapsed_sec': 0.38102518767118454, 'avg_sec_per_batch': 0.38102518767118454, 'cuda_allocated_mb': 45, 'cuda_reserved_mb': 268, 'cuda_max_allocated_mb': 200}
{'event': 'train_progress', 'epoch': 2, 'batch': 100, 'batches': 118, 'time_group': 100, 'time_groups': 118, 'history_edges': 2144, 'pos_edges': 38, 'neg_edges': 38, 'loss_recent': 11.27415447026491, 'elapsed_sec': 30.330816585570574, 'avg_sec_per_batch': 0.30330816585570575, 'cuda_allocated_mb': 46, 'cuda_reserved_mb': 268, 'cuda_max_allocated_mb': 200}
{'event': 'train_time_group', 'epoch': 2, 'time_group': 118, 'time_groups': 118, 'batch': 117, 'batches': 118, 'time_value': 1966.0, 'group_batches': 1, 'history_edges': 3153, 'elapsed_sec': 37.2332009896636, 'cuda_allocated_mb': 45, 'cuda_reserved_mb': 268, 'cuda_max_allocated_mb': 200}
{'event': 'train_progress', 'epoch': 2, 'batch': 118, 'batches': 118, 'time_group': 118, 'time_groups': 118, 'history_edges': 3153, 'pos_edges': 91, 'neg_edges': 91, 'loss_recent': 16.821127245128153, 'elapsed_sec': 37.80701368674636, 'avg_sec_per_batch': 0.3203984210741217, 'cuda_allocated_mb': 47, 'cuda_reserved_mb': 268, 'cuda_max_allocated_mb': 200}
{'event': 'validation_start', 'epoch': 2}
{'event': 'epoch_end', 'epoch': 2, 'early_stop_metric': 'val_auc', 'val_score': 0.6215261516995221, 'val_auc': 0.6215261516995221, 'val_ap': 0.15284845782007309, 'val_ndcg': 0.8025711768140202, 'elapsed_sec': 92.51181957870722}
{'event': 'epoch_start', 'epoch': 3, 'epochs': 12, 'batches': 118, 'time_groups': 118}
{'event': 'train_time_group', 'epoch': 3, 'time_group': 1, 'time_groups': 118, 'batch': 0, 'batches': 118, 'time_value': 600.0, 'group_batches': 1, 'history_edges': 0, 'elapsed_sec': 0.010933753103017807, 'cuda_allocated_mb': 45, 'cuda_reserved_mb': 268, 'cuda_max_allocated_mb': 200}
{'event': 'train_progress', 'epoch': 3, 'batch': 1, 'batches': 118, 'time_group': 1, 'time_groups': 118, 'history_edges': 0, 'pos_edges': 1, 'neg_edges': 1, 'loss_recent': 0.8922608494758606, 'elapsed_sec': 0.20106200501322746, 'avg_sec_per_batch': 0.20106200501322746, 'cuda_allocated_mb': 45, 'cuda_reserved_mb': 268, 'cuda_max_allocated_mb': 200}
{'event': 'train_progress', 'epoch': 3, 'batch': 100, 'batches': 118, 'time_group': 100, 'time_groups': 118, 'history_edges': 2144, 'pos_edges': 38, 'neg_edges': 38, 'loss_recent': 10.034686277210712, 'elapsed_sec': 31.275040309876204, 'avg_sec_per_batch': 0.312750403098762, 'cuda_allocated_mb': 46, 'cuda_reserved_mb': 268, 'cuda_max_allocated_mb': 200}
{'event': 'train_time_group', 'epoch': 3, 'time_group': 118, 'time_groups': 118, 'batch': 117, 'batches': 118, 'time_value': 1966.0, 'group_batches': 1, 'history_edges': 3153, 'elapsed_sec': 38.35248254239559, 'cuda_allocated_mb': 45, 'cuda_reserved_mb': 268, 'cuda_max_allocated_mb': 200}
{'event': 'train_progress', 'epoch': 3, 'batch': 118, 'batches': 118, 'time_group': 118, 'time_groups': 118, 'history_edges': 3153, 'pos_edges': 91, 'neg_edges': 91, 'loss_recent': 15.236782181859017, 'elapsed_sec': 38.73769722506404, 'avg_sec_per_batch': 0.3282855697039325, 'cuda_allocated_mb': 47, 'cuda_reserved_mb': 268, 'cuda_max_allocated_mb': 200}
{'event': 'validation_start', 'epoch': 3}
{'event': 'epoch_end', 'epoch': 3, 'early_stop_metric': 'val_auc', 'val_score': 0.6202653766321025, 'val_auc': 0.6202653766321025, 'val_ap': 0.15589673785783606, 'val_ndcg': 0.8059359353687358, 'elapsed_sec': 94.94686342030764}
{'event': 'epoch_start', 'epoch': 4, 'epochs': 12, 'batches': 118, 'time_groups': 118}
{'event': 'train_time_group', 'epoch': 4, 'time_group': 1, 'time_groups': 118, 'batch': 0, 'batches': 118, 'time_value': 600.0, 'group_batches': 1, 'history_edges': 0, 'elapsed_sec': 0.011091560125350952, 'cuda_allocated_mb': 45, 'cuda_reserved_mb': 268, 'cuda_max_allocated_mb': 200}
{'event': 'train_progress', 'epoch': 4, 'batch': 1, 'batches': 118, 'time_group': 1, 'time_groups': 118, 'history_edges': 0, 'pos_edges': 1, 'neg_edges': 1, 'loss_recent': 0.22257940471172333, 'elapsed_sec': 0.16399793326854706, 'avg_sec_per_batch': 0.16399793326854706, 'cuda_allocated_mb': 45, 'cuda_reserved_mb': 268, 'cuda_max_allocated_mb': 200}
{'event': 'train_progress', 'epoch': 4, 'batch': 100, 'batches': 118, 'time_group': 100, 'time_groups': 118, 'history_edges': 2144, 'pos_edges': 38, 'neg_edges': 38, 'loss_recent': 9.383296520113944, 'elapsed_sec': 30.740976717323065, 'avg_sec_per_batch': 0.30740976717323065, 'cuda_allocated_mb': 46, 'cuda_reserved_mb': 268, 'cuda_max_allocated_mb': 200}
{'event': 'train_time_group', 'epoch': 4, 'time_group': 118, 'time_groups': 118, 'batch': 117, 'batches': 118, 'time_value': 1966.0, 'group_batches': 1, 'history_edges': 3153, 'elapsed_sec': 38.19268732890487, 'cuda_allocated_mb': 45, 'cuda_reserved_mb': 268, 'cuda_max_allocated_mb': 200}
{'event': 'train_progress', 'epoch': 4, 'batch': 118, 'batches': 118, 'time_group': 118, 'time_groups': 118, 'history_edges': 3153, 'pos_edges': 91, 'neg_edges': 91, 'loss_recent': 14.334021027088165, 'elapsed_sec': 38.57697897776961, 'avg_sec_per_batch': 0.32692355065906453, 'cuda_allocated_mb': 47, 'cuda_reserved_mb': 268, 'cuda_max_allocated_mb': 200}
{'event': 'validation_start', 'epoch': 4}
{'event': 'epoch_end', 'epoch': 4, 'early_stop_metric': 'val_auc', 'val_score': 0.5989469477569525, 'val_auc': 0.5989469477569525, 'val_ap': 0.14417538659339438, 'val_ndcg': 0.7983734133940549, 'elapsed_sec': 95.26944968104362}
{'event': 'epoch_start', 'epoch': 5, 'epochs': 12, 'batches': 118, 'time_groups': 118}
{'event': 'train_time_group', 'epoch': 5, 'time_group': 1, 'time_groups': 118, 'batch': 0, 'batches': 118, 'time_value': 600.0, 'group_batches': 1, 'history_edges': 0, 'elapsed_sec': 0.007657773792743683, 'cuda_allocated_mb': 45, 'cuda_reserved_mb': 268, 'cuda_max_allocated_mb': 200}
{'event': 'train_progress', 'epoch': 5, 'batch': 1, 'batches': 118, 'time_group': 1, 'time_groups': 118, 'history_edges': 0, 'pos_edges': 1, 'neg_edges': 1, 'loss_recent': 0.5419104695320129, 'elapsed_sec': 0.16000699624419212, 'avg_sec_per_batch': 0.16000699624419212, 'cuda_allocated_mb': 45, 'cuda_reserved_mb': 268, 'cuda_max_allocated_mb': 200}
{'event': 'train_progress', 'epoch': 5, 'batch': 100, 'batches': 118, 'time_group': 100, 'time_groups': 118, 'history_edges': 2144, 'pos_edges': 38, 'neg_edges': 38, 'loss_recent': 8.879685350060463, 'elapsed_sec': 29.91611807793379, 'avg_sec_per_batch': 0.2991611807793379, 'cuda_allocated_mb': 46, 'cuda_reserved_mb': 268, 'cuda_max_allocated_mb': 200}
{'event': 'train_time_group', 'epoch': 5, 'time_group': 118, 'time_groups': 118, 'batch': 117, 'batches': 118, 'time_value': 1966.0, 'group_batches': 1, 'history_edges': 3153, 'elapsed_sec': 36.920556988567114, 'cuda_allocated_mb': 45, 'cuda_reserved_mb': 268, 'cuda_max_allocated_mb': 200}
{'event': 'train_progress', 'epoch': 5, 'batch': 118, 'batches': 118, 'time_group': 118, 'time_groups': 118, 'history_edges': 3153, 'pos_edges': 91, 'neg_edges': 91, 'loss_recent': 13.593130256831646, 'elapsed_sec': 37.24712181836367, 'avg_sec_per_batch': 0.3156535747318955, 'cuda_allocated_mb': 47, 'cuda_reserved_mb': 268, 'cuda_max_allocated_mb': 200}
{'event': 'validation_start', 'epoch': 5}
{'event': 'epoch_end', 'epoch': 5, 'early_stop_metric': 'val_auc', 'val_score': 0.6072834880932526, 'val_auc': 0.6072834880932526, 'val_ap': 0.1490806184089428, 'val_ndcg': 0.8021958266724782, 'elapsed_sec': 90.86715383827686}
{'candidate': 'h96_lr7e4_meta01_ood001', 'seed': 1, 'val_auc': 0.622684429322192, 'val_ap': 0.14888970183653588, 'val_ndcg': 0.8002988840659468, 'train_loss': 16.350046566482316, 'train_lp': 0.5344889474622274, 'train_align': 304.3147196001926, 'train_kl': 1188.5602365914037, 'train_ood_reg': 0.2179017247537435, 'train_meta': 0.5323372762334548, 'train_weighted_align': 15.215736206557791, 'train_weighted_kl': 0.5942801483985731, 'train_weighted_ood_reg': 0.00021790173578064225, 'train_weighted_meta': 0.0053233726480896824}
{'event': 'candidate_seed_start', 'candidate': 'h96_lr7e4_meta01_ood001', 'seed': 2, 'device': 'cuda', 'node_text_device': 'cuda:0'}
{'event': 'train_seed_start', 'seed': 2, 'train_edges': 3244, 'val_edges': 6738, 'test_edges': 26719, 'num_nodes': 4197, 'num_relations': 19}
{'event': 'train_seed_tensors_ready', 'seed': 2, 'elapsed_sec': 0.0718408115208149, 'cuda_allocated_mb': 25, 'cuda_reserved_mb': 42, 'cuda_max_allocated_mb': 200}
{'event': 'train_known_facts_ready', 'seed': 2, 'scope': 'train', 'edges': 3244, 'elapsed_sec': 0.07367958873510361}
{'event': 'train_known_facts_ready', 'seed': 2, 'scope': 'train_val', 'edges': 9982, 'elapsed_sec': 0.0750075913965702}
{'event': 'train_sampler_ready', 'seed': 2, 'elapsed_sec': 0.07678123563528061}
{'event': 'val_sampler_ready', 'seed': 2, 'elapsed_sec': 0.07824275642633438}
{'event': 'epoch_start', 'epoch': 1, 'epochs': 12, 'batches': 118, 'time_groups': 118}
{'event': 'train_time_group', 'epoch': 1, 'time_group': 1, 'time_groups': 118, 'batch': 0, 'batches': 118, 'time_value': 600.0, 'group_batches': 1, 'history_edges': 0, 'elapsed_sec': 0.005735032260417938, 'cuda_allocated_mb': 25, 'cuda_reserved_mb': 44, 'cuda_max_allocated_mb': 200}
{'event': 'train_progress', 'epoch': 1, 'batch': 1, 'batches': 118, 'time_group': 1, 'time_groups': 118, 'history_edges': 0, 'pos_edges': 1, 'neg_edges': 1, 'loss_recent': 0.9576323628425598, 'elapsed_sec': 0.1779298223555088, 'avg_sec_per_batch': 0.1779298223555088, 'cuda_allocated_mb': 44, 'cuda_reserved_mb': 88, 'cuda_max_allocated_mb': 200}
{'event': 'train_progress', 'epoch': 1, 'batch': 100, 'batches': 118, 'time_group': 100, 'time_groups': 118, 'history_edges': 2144, 'pos_edges': 38, 'neg_edges': 38, 'loss_recent': 13.019670252799989, 'elapsed_sec': 29.651374828070402, 'avg_sec_per_batch': 0.29651374828070404, 'cuda_allocated_mb': 46, 'cuda_reserved_mb': 202, 'cuda_max_allocated_mb': 200}
{'event': 'train_time_group', 'epoch': 1, 'time_group': 118, 'time_groups': 118, 'batch': 117, 'batches': 118, 'time_value': 1966.0, 'group_batches': 1, 'history_edges': 3153, 'elapsed_sec': 36.91127847880125, 'cuda_allocated_mb': 45, 'cuda_reserved_mb': 222, 'cuda_max_allocated_mb': 200}
{'event': 'train_progress', 'epoch': 1, 'batch': 118, 'batches': 118, 'time_group': 118, 'time_groups': 118, 'history_edges': 3153, 'pos_edges': 91, 'neg_edges': 91, 'loss_recent': 19.354076814055443, 'elapsed_sec': 37.2446145452559, 'avg_sec_per_batch': 0.315632326654711, 'cuda_allocated_mb': 47, 'cuda_reserved_mb': 222, 'cuda_max_allocated_mb': 200}
{'event': 'validation_start', 'epoch': 1}
{'event': 'epoch_end', 'epoch': 1, 'early_stop_metric': 'val_auc', 'val_score': 0.6811385065374844, 'val_auc': 0.6811385065374844, 'val_ap': 0.14652250786258217, 'val_ndcg': 0.7946178238337499, 'elapsed_sec': 93.5582984611392}
{'event': 'epoch_start', 'epoch': 2, 'epochs': 12, 'batches': 118, 'time_groups': 118}
{'event': 'train_time_group', 'epoch': 2, 'time_group': 1, 'time_groups': 118, 'batch': 0, 'batches': 118, 'time_value': 600.0, 'group_batches': 1, 'history_edges': 0, 'elapsed_sec': 0.007296208292245865, 'cuda_allocated_mb': 45, 'cuda_reserved_mb': 268, 'cuda_max_allocated_mb': 200}
{'event': 'train_progress', 'epoch': 2, 'batch': 1, 'batches': 118, 'time_group': 1, 'time_groups': 118, 'history_edges': 0, 'pos_edges': 1, 'neg_edges': 1, 'loss_recent': 0.8992030024528503, 'elapsed_sec': 0.22750669717788696, 'avg_sec_per_batch': 0.22750669717788696, 'cuda_allocated_mb': 45, 'cuda_reserved_mb': 268, 'cuda_max_allocated_mb': 200}
{'event': 'train_progress', 'epoch': 2, 'batch': 100, 'batches': 118, 'time_group': 100, 'time_groups': 118, 'history_edges': 2144, 'pos_edges': 38, 'neg_edges': 38, 'loss_recent': 11.429385250508785, 'elapsed_sec': 30.53295799717307, 'avg_sec_per_batch': 0.3053295799717307, 'cuda_allocated_mb': 46, 'cuda_reserved_mb': 268, 'cuda_max_allocated_mb': 200}
{'event': 'train_time_group', 'epoch': 2, 'time_group': 118, 'time_groups': 118, 'batch': 117, 'batches': 118, 'time_value': 1966.0, 'group_batches': 1, 'history_edges': 3153, 'elapsed_sec': 38.18914841115475, 'cuda_allocated_mb': 45, 'cuda_reserved_mb': 268, 'cuda_max_allocated_mb': 200}
{'event': 'train_progress', 'epoch': 2, 'batch': 118, 'batches': 118, 'time_group': 118, 'time_groups': 118, 'history_edges': 3153, 'pos_edges': 91, 'neg_edges': 91, 'loss_recent': 17.126020630896093, 'elapsed_sec': 38.58726606890559, 'avg_sec_per_batch': 0.32701072939750503, 'cuda_allocated_mb': 47, 'cuda_reserved_mb': 268, 'cuda_max_allocated_mb': 200}
{'event': 'validation_start', 'epoch': 2}
{'event': 'epoch_end', 'epoch': 2, 'early_stop_metric': 'val_auc', 'val_score': 0.6169819870837074, 'val_auc': 0.6169819870837074, 'val_ap': 0.15594305021584762, 'val_ndcg': 0.8049519584631882, 'elapsed_sec': 96.94085812941194}
{'event': 'epoch_start', 'epoch': 3, 'epochs': 12, 'batches': 118, 'time_groups': 118}
{'event': 'train_time_group', 'epoch': 3, 'time_group': 1, 'time_groups': 118, 'batch': 0, 'batches': 118, 'time_value': 600.0, 'group_batches': 1, 'history_edges': 0, 'elapsed_sec': 0.007418569177389145, 'cuda_allocated_mb': 45, 'cuda_reserved_mb': 268, 'cuda_max_allocated_mb': 200}
{'event': 'train_progress', 'epoch': 3, 'batch': 1, 'batches': 118, 'time_group': 1, 'time_groups': 118, 'history_edges': 0, 'pos_edges': 1, 'neg_edges': 1, 'loss_recent': 0.5633114576339722, 'elapsed_sec': 0.13966326043009758, 'avg_sec_per_batch': 0.13966326043009758, 'cuda_allocated_mb': 45, 'cuda_reserved_mb': 268, 'cuda_max_allocated_mb': 200}
{'event': 'train_progress', 'epoch': 3, 'batch': 100, 'batches': 118, 'time_group': 100, 'time_groups': 118, 'history_edges': 2144, 'pos_edges': 38, 'neg_edges': 38, 'loss_recent': 10.25839528247714, 'elapsed_sec': 30.66455953195691, 'avg_sec_per_batch': 0.3066455953195691, 'cuda_allocated_mb': 46, 'cuda_reserved_mb': 268, 'cuda_max_allocated_mb': 200}
{'event': 'train_time_group', 'epoch': 3, 'time_group': 118, 'time_groups': 118, 'batch': 117, 'batches': 118, 'time_value': 1966.0, 'group_batches': 1, 'history_edges': 3153, 'elapsed_sec': 37.8425215780735, 'cuda_allocated_mb': 45, 'cuda_reserved_mb': 268, 'cuda_max_allocated_mb': 200}
{'event': 'train_progress', 'epoch': 3, 'batch': 118, 'batches': 118, 'time_group': 118, 'time_groups': 118, 'history_edges': 3153, 'pos_edges': 91, 'neg_edges': 91, 'loss_recent': 15.476038017123937, 'elapsed_sec': 38.203936260193586, 'avg_sec_per_batch': 0.3237621716965558, 'cuda_allocated_mb': 47, 'cuda_reserved_mb': 268, 'cuda_max_allocated_mb': 200}
{'event': 'validation_start', 'epoch': 3}
{'event': 'epoch_end', 'epoch': 3, 'early_stop_metric': 'val_auc', 'val_score': 0.6609519977293714, 'val_auc': 0.6609519977293714, 'val_ap': 0.16617664123949752, 'val_ndcg': 0.8096216103736766, 'elapsed_sec': 96.62743309885263}
{'event': 'epoch_start', 'epoch': 4, 'epochs': 12, 'batches': 118, 'time_groups': 118}
{'event': 'train_time_group', 'epoch': 4, 'time_group': 1, 'time_groups': 118, 'batch': 0, 'batches': 118, 'time_value': 600.0, 'group_batches': 1, 'history_edges': 0, 'elapsed_sec': 0.008546236902475357, 'cuda_allocated_mb': 45, 'cuda_reserved_mb': 268, 'cuda_max_allocated_mb': 200}
{'event': 'train_progress', 'epoch': 4, 'batch': 1, 'batches': 118, 'time_group': 1, 'time_groups': 118, 'history_edges': 0, 'pos_edges': 1, 'neg_edges': 1, 'loss_recent': 0.5703912377357483, 'elapsed_sec': 0.1424878090620041, 'avg_sec_per_batch': 0.1424878090620041, 'cuda_allocated_mb': 45, 'cuda_reserved_mb': 268, 'cuda_max_allocated_mb': 200}
{'event': 'train_progress', 'epoch': 4, 'batch': 100, 'batches': 118, 'time_group': 100, 'time_groups': 118, 'history_edges': 2144, 'pos_edges': 38, 'neg_edges': 38, 'loss_recent': 9.366480570212007, 'elapsed_sec': 30.713518280535936, 'avg_sec_per_batch': 0.30713518280535934, 'cuda_allocated_mb': 46, 'cuda_reserved_mb': 268, 'cuda_max_allocated_mb': 200}
{'event': 'train_time_group', 'epoch': 4, 'time_group': 118, 'time_groups': 118, 'batch': 117, 'batches': 118, 'time_value': 1966.0, 'group_batches': 1, 'history_edges': 3153, 'elapsed_sec': 37.833636682480574, 'cuda_allocated_mb': 45, 'cuda_reserved_mb': 268, 'cuda_max_allocated_mb': 200}
{'event': 'train_progress', 'epoch': 4, 'batch': 118, 'batches': 118, 'time_group': 118, 'time_groups': 118, 'history_edges': 3153, 'pos_edges': 91, 'neg_edges': 91, 'loss_recent': 14.289696429744362, 'elapsed_sec': 38.066203001886606, 'avg_sec_per_batch': 0.3225949406939543, 'cuda_allocated_mb': 47, 'cuda_reserved_mb': 268, 'cuda_max_allocated_mb': 200}
{'event': 'validation_start', 'epoch': 4}
{'event': 'epoch_end', 'epoch': 4, 'early_stop_metric': 'val_auc', 'val_score': 0.6601595618335282, 'val_auc': 0.6601595618335282, 'val_ap': 0.15853306875532483, 'val_ndcg': 0.806484504381152, 'elapsed_sec': 97.73682536557317}
{'event': 'epoch_start', 'epoch': 5, 'epochs': 12, 'batches': 118, 'time_groups': 118}
{'event': 'train_time_group', 'epoch': 5, 'time_group': 1, 'time_groups': 118, 'batch': 0, 'batches': 118, 'time_value': 600.0, 'group_batches': 1, 'history_edges': 0, 'elapsed_sec': 0.007944487035274506, 'cuda_allocated_mb': 45, 'cuda_reserved_mb': 268, 'cuda_max_allocated_mb': 200}
{'event': 'train_progress', 'epoch': 5, 'batch': 1, 'batches': 118, 'time_group': 1, 'time_groups': 118, 'history_edges': 0, 'pos_edges': 1, 'neg_edges': 1, 'loss_recent': 1.1425498723983765, 'elapsed_sec': 0.20766159147024155, 'avg_sec_per_batch': 0.20766159147024155, 'cuda_allocated_mb': 45, 'cuda_reserved_mb': 268, 'cuda_max_allocated_mb': 200}
{'event': 'train_progress', 'epoch': 5, 'batch': 100, 'batches': 118, 'time_group': 100, 'time_groups': 118, 'history_edges': 2144, 'pos_edges': 38, 'neg_edges': 38, 'loss_recent': 8.80772404178977, 'elapsed_sec': 30.640611827373505, 'avg_sec_per_batch': 0.30640611827373504, 'cuda_allocated_mb': 46, 'cuda_reserved_mb': 268, 'cuda_max_allocated_mb': 200}
{'event': 'train_time_group', 'epoch': 5, 'time_group': 118, 'time_groups': 118, 'batch': 117, 'batches': 118, 'time_value': 1966.0, 'group_batches': 1, 'history_edges': 3153, 'elapsed_sec': 38.54231849685311, 'cuda_allocated_mb': 45, 'cuda_reserved_mb': 268, 'cuda_max_allocated_mb': 200}
{'event': 'train_progress', 'epoch': 5, 'batch': 118, 'batches': 118, 'time_group': 118, 'time_groups': 118, 'history_edges': 3153, 'pos_edges': 91, 'neg_edges': 91, 'loss_recent': 13.493231803253293, 'elapsed_sec': 38.94252308830619, 'avg_sec_per_batch': 0.3300213821042897, 'cuda_allocated_mb': 47, 'cuda_reserved_mb': 268, 'cuda_max_allocated_mb': 200}
{'event': 'validation_start', 'epoch': 5}
{'event': 'epoch_end', 'epoch': 5, 'early_stop_metric': 'val_auc', 'val_score': 0.6481906413045595, 'val_auc': 0.6481906413045595, 'val_ap': 0.15005476211095747, 'val_ndcg': 0.8006562409170906, 'elapsed_sec': 94.60425063222647}
{'candidate': 'h96_lr7e4_meta01_ood001', 'seed': 2, 'val_auc': 0.6811385021322605, 'val_ap': 0.14652250471768238, 'val_ndcg': 0.7946178209100746, 'train_loss': 16.56217097831985, 'train_lp': 0.5898554860535314, 'train_align': 307.36923723705746, 'train_kl': 1195.52525122691, 'train_ood_reg': 0.23164634494963338, 'train_meta': 0.585906828485303, 'train_weighted_align': 15.368462142550339, 'train_weighted_kl': 0.5977626525307611, 'train_weighted_ood_reg': 0.00023164635625770474, 'train_weighted_meta': 0.005859068173607338}
{'event': 'candidate_summary', 'candidate': 'h96_lr7e4_meta01_ood001', 'score': 0.6519114657272262, 'passes_metric_minima': True, 'means': {'val_auc': 0.6519114657272262}, 'seeds_completed': 2}
{'event': 'candidate_seed_start', 'candidate': 'h128_lr7e4_meta01_ood001', 'seed': 1, 'device': 'cuda', 'node_text_device': 'cuda:0'}
{'event': 'train_seed_start', 'seed': 1, 'train_edges': 3244, 'val_edges': 6738, 'test_edges': 26719, 'num_nodes': 4197, 'num_relations': 19}
{'event': 'train_seed_tensors_ready', 'seed': 1, 'elapsed_sec': 0.16349700838327408, 'cuda_allocated_mb': 27, 'cuda_reserved_mb': 44, 'cuda_max_allocated_mb': 200}
{'event': 'train_known_facts_ready', 'seed': 1, 'scope': 'train', 'edges': 3244, 'elapsed_sec': 0.16560059040784836}
{'event': 'train_known_facts_ready', 'seed': 1, 'scope': 'train_val', 'edges': 9982, 'elapsed_sec': 0.16696443036198616}
{'event': 'train_sampler_ready', 'seed': 1, 'elapsed_sec': 0.168736070394516}
{'event': 'val_sampler_ready', 'seed': 1, 'elapsed_sec': 0.1707935631275177}
{'event': 'epoch_start', 'epoch': 1, 'epochs': 12, 'batches': 118, 'time_groups': 118}
{'event': 'train_time_group', 'epoch': 1, 'time_group': 1, 'time_groups': 118, 'batch': 0, 'batches': 118, 'time_value': 600.0, 'group_batches': 1, 'history_edges': 0, 'elapsed_sec': 0.034921690821647644, 'cuda_allocated_mb': 27, 'cuda_reserved_mb': 44, 'cuda_max_allocated_mb': 200}
{'event': 'train_progress', 'epoch': 1, 'batch': 1, 'batches': 118, 'time_group': 1, 'time_groups': 118, 'history_edges': 0, 'pos_edges': 1, 'neg_edges': 1, 'loss_recent': 0.9234805107116699, 'elapsed_sec': 0.22082248702645302, 'avg_sec_per_batch': 0.22082248702645302, 'cuda_allocated_mb': 53, 'cuda_reserved_mb': 134, 'cuda_max_allocated_mb': 200}
{'event': 'train_progress', 'epoch': 1, 'batch': 100, 'batches': 118, 'time_group': 100, 'time_groups': 118, 'history_edges': 2144, 'pos_edges': 38, 'neg_edges': 38, 'loss_recent': 12.804454454779625, 'elapsed_sec': 32.72436687722802, 'avg_sec_per_batch': 0.3272436687722802, 'cuda_allocated_mb': 57, 'cuda_reserved_mb': 268, 'cuda_max_allocated_mb': 221}
{'event': 'train_time_group', 'epoch': 1, 'time_group': 118, 'time_groups': 118, 'batch': 117, 'batches': 118, 'time_value': 1966.0, 'group_batches': 1, 'history_edges': 3153, 'elapsed_sec': 40.174596067517996, 'cuda_allocated_mb': 56, 'cuda_reserved_mb': 288, 'cuda_max_allocated_mb': 248}
{'event': 'train_progress', 'epoch': 1, 'batch': 118, 'batches': 118, 'time_group': 118, 'time_groups': 118, 'history_edges': 3153, 'pos_edges': 91, 'neg_edges': 91, 'loss_recent': 18.89049691438675, 'elapsed_sec': 40.95189207419753, 'avg_sec_per_batch': 0.34704993283218244, 'cuda_allocated_mb': 58, 'cuda_reserved_mb': 288, 'cuda_max_allocated_mb': 252}
{'event': 'validation_start', 'epoch': 1}
{'event': 'epoch_end', 'epoch': 1, 'early_stop_metric': 'val_auc', 'val_score': 0.6633183507264787, 'val_auc': 0.6633183507264787, 'val_ap': 0.1677975405735306, 'val_ndcg': 0.8117670119862495, 'elapsed_sec': 97.80987675115466}
{'event': 'epoch_start', 'epoch': 2, 'epochs': 12, 'batches': 118, 'time_groups': 118}
{'event': 'train_time_group', 'epoch': 2, 'time_group': 1, 'time_groups': 118, 'batch': 0, 'batches': 118, 'time_value': 600.0, 'group_batches': 1, 'history_edges': 0, 'elapsed_sec': 0.008006013929843903, 'cuda_allocated_mb': 56, 'cuda_reserved_mb': 354, 'cuda_max_allocated_mb': 261}
{'event': 'train_progress', 'epoch': 2, 'batch': 1, 'batches': 118, 'time_group': 1, 'time_groups': 118, 'history_edges': 0, 'pos_edges': 1, 'neg_edges': 1, 'loss_recent': 0.9333480596542358, 'elapsed_sec': 0.17958609014749527, 'avg_sec_per_batch': 0.17958609014749527, 'cuda_allocated_mb': 55, 'cuda_reserved_mb': 354, 'cuda_max_allocated_mb': 261}
{'event': 'train_progress', 'epoch': 2, 'batch': 100, 'batches': 118, 'time_group': 100, 'time_groups': 118, 'history_edges': 2144, 'pos_edges': 38, 'neg_edges': 38, 'loss_recent': 11.186960145533085, 'elapsed_sec': 31.61781968176365, 'avg_sec_per_batch': 0.3161781968176365, 'cuda_allocated_mb': 57, 'cuda_reserved_mb': 354, 'cuda_max_allocated_mb': 261}
{'event': 'train_time_group', 'epoch': 2, 'time_group': 118, 'time_groups': 118, 'batch': 117, 'batches': 118, 'time_value': 1966.0, 'group_batches': 1, 'history_edges': 3153, 'elapsed_sec': 39.4940554574132, 'cuda_allocated_mb': 56, 'cuda_reserved_mb': 354, 'cuda_max_allocated_mb': 261}
{'event': 'train_progress', 'epoch': 2, 'batch': 118, 'batches': 118, 'time_group': 118, 'time_groups': 118, 'history_edges': 3153, 'pos_edges': 91, 'neg_edges': 91, 'loss_recent': 16.752365558445454, 'elapsed_sec': 39.84429256618023, 'avg_sec_per_batch': 0.33766349632356124, 'cuda_allocated_mb': 58, 'cuda_reserved_mb': 354, 'cuda_max_allocated_mb': 261}
{'event': 'validation_start', 'epoch': 2}
{'event': 'epoch_end', 'epoch': 2, 'early_stop_metric': 'val_auc', 'val_score': 0.6607763163007115, 'val_auc': 0.6607763163007115, 'val_ap': 0.16747786396576997, 'val_ndcg': 0.8095726658344845, 'elapsed_sec': 100.72565019130707}
{'event': 'epoch_start', 'epoch': 3, 'epochs': 12, 'batches': 118, 'time_groups': 118}
{'event': 'train_time_group', 'epoch': 3, 'time_group': 1, 'time_groups': 118, 'batch': 0, 'batches': 118, 'time_value': 600.0, 'group_batches': 1, 'history_edges': 0, 'elapsed_sec': 0.008432652801275253, 'cuda_allocated_mb': 56, 'cuda_reserved_mb': 354, 'cuda_max_allocated_mb': 261}
{'event': 'train_progress', 'epoch': 3, 'batch': 1, 'batches': 118, 'time_group': 1, 'time_groups': 118, 'history_edges': 0, 'pos_edges': 1, 'neg_edges': 1, 'loss_recent': 0.733418345451355, 'elapsed_sec': 0.14139673113822937, 'avg_sec_per_batch': 0.14139673113822937, 'cuda_allocated_mb': 55, 'cuda_reserved_mb': 354, 'cuda_max_allocated_mb': 261}
{'event': 'train_progress', 'epoch': 3, 'batch': 100, 'batches': 118, 'time_group': 100, 'time_groups': 118, 'history_edges': 2144, 'pos_edges': 38, 'neg_edges': 38, 'loss_recent': 10.040982261002064, 'elapsed_sec': 30.72932969406247, 'avg_sec_per_batch': 0.30729329694062474, 'cuda_allocated_mb': 57, 'cuda_reserved_mb': 354, 'cuda_max_allocated_mb': 261}
{'event': 'train_time_group', 'epoch': 3, 'time_group': 118, 'time_groups': 118, 'batch': 117, 'batches': 118, 'time_value': 1966.0, 'group_batches': 1, 'history_edges': 3153, 'elapsed_sec': 39.27802846953273, 'cuda_allocated_mb': 56, 'cuda_reserved_mb': 354, 'cuda_max_allocated_mb': 261}
{'event': 'train_progress', 'epoch': 3, 'batch': 118, 'batches': 118, 'time_group': 118, 'time_groups': 118, 'history_edges': 3153, 'pos_edges': 91, 'neg_edges': 91, 'loss_recent': 15.192920671403408, 'elapsed_sec': 39.80788803100586, 'avg_sec_per_batch': 0.33735498331360897, 'cuda_allocated_mb': 58, 'cuda_reserved_mb': 354, 'cuda_max_allocated_mb': 261}
{'event': 'validation_start', 'epoch': 3}
{'event': 'epoch_end', 'epoch': 3, 'early_stop_metric': 'val_auc', 'val_score': 0.6620748584535496, 'val_auc': 0.6620748584535496, 'val_ap': 0.1717455356096384, 'val_ndcg': 0.8112423801757707, 'elapsed_sec': 97.63062158599496}
{'event': 'epoch_start', 'epoch': 4, 'epochs': 12, 'batches': 118, 'time_groups': 118}
{'event': 'train_time_group', 'epoch': 4, 'time_group': 1, 'time_groups': 118, 'batch': 0, 'batches': 118, 'time_value': 600.0, 'group_batches': 1, 'history_edges': 0, 'elapsed_sec': 0.0067469216883182526, 'cuda_allocated_mb': 56, 'cuda_reserved_mb': 354, 'cuda_max_allocated_mb': 261}
{'event': 'train_progress', 'epoch': 4, 'batch': 1, 'batches': 118, 'time_group': 1, 'time_groups': 118, 'history_edges': 0, 'pos_edges': 1, 'neg_edges': 1, 'loss_recent': 0.9563107490539551, 'elapsed_sec': 0.158903606235981, 'avg_sec_per_batch': 0.158903606235981, 'cuda_allocated_mb': 55, 'cuda_reserved_mb': 354, 'cuda_max_allocated_mb': 261}
{'event': 'train_progress', 'epoch': 4, 'batch': 100, 'batches': 118, 'time_group': 100, 'time_groups': 118, 'history_edges': 2144, 'pos_edges': 38, 'neg_edges': 38, 'loss_recent': 9.365049712508917, 'elapsed_sec': 32.485430367290974, 'avg_sec_per_batch': 0.32485430367290974, 'cuda_allocated_mb': 57, 'cuda_reserved_mb': 354, 'cuda_max_allocated_mb': 261}
{'event': 'train_time_group', 'epoch': 4, 'time_group': 118, 'time_groups': 118, 'batch': 117, 'batches': 118, 'time_value': 1966.0, 'group_batches': 1, 'history_edges': 3153, 'elapsed_sec': 39.82193344458938, 'cuda_allocated_mb': 56, 'cuda_reserved_mb': 354, 'cuda_max_allocated_mb': 261}
{'event': 'train_progress', 'epoch': 4, 'batch': 118, 'batches': 118, 'time_group': 118, 'time_groups': 118, 'history_edges': 3153, 'pos_edges': 91, 'neg_edges': 91, 'loss_recent': 14.260723924487829, 'elapsed_sec': 40.50760913267732, 'avg_sec_per_batch': 0.34328482315828235, 'cuda_allocated_mb': 58, 'cuda_reserved_mb': 354, 'cuda_max_allocated_mb': 261}
{'event': 'validation_start', 'epoch': 4}
{'event': 'epoch_end', 'epoch': 4, 'early_stop_metric': 'val_auc', 'val_score': 0.7028097663108039, 'val_auc': 0.7028097663108039, 'val_ap': 0.17256369485365838, 'val_ndcg': 0.811438235513897, 'elapsed_sec': 100.26883312314749}
{'event': 'epoch_start', 'epoch': 5, 'epochs': 12, 'batches': 118, 'time_groups': 118}
{'event': 'train_time_group', 'epoch': 5, 'time_group': 1, 'time_groups': 118, 'batch': 0, 'batches': 118, 'time_value': 600.0, 'group_batches': 1, 'history_edges': 0, 'elapsed_sec': 0.0098201222717762, 'cuda_allocated_mb': 56, 'cuda_reserved_mb': 354, 'cuda_max_allocated_mb': 261}
{'event': 'train_progress', 'epoch': 5, 'batch': 1, 'batches': 118, 'time_group': 1, 'time_groups': 118, 'history_edges': 0, 'pos_edges': 1, 'neg_edges': 1, 'loss_recent': 0.6147665977478027, 'elapsed_sec': 0.16649480909109116, 'avg_sec_per_batch': 0.16649480909109116, 'cuda_allocated_mb': 55, 'cuda_reserved_mb': 354, 'cuda_max_allocated_mb': 261}
{'event': 'train_progress', 'epoch': 5, 'batch': 100, 'batches': 118, 'time_group': 100, 'time_groups': 118, 'history_edges': 2144, 'pos_edges': 38, 'neg_edges': 38, 'loss_recent': 8.781909202486277, 'elapsed_sec': 31.871213622391224, 'avg_sec_per_batch': 0.31871213622391226, 'cuda_allocated_mb': 57, 'cuda_reserved_mb': 354, 'cuda_max_allocated_mb': 261}
{'event': 'train_time_group', 'epoch': 5, 'time_group': 118, 'time_groups': 118, 'batch': 117, 'batches': 118, 'time_value': 1966.0, 'group_batches': 1, 'history_edges': 3153, 'elapsed_sec': 40.46884512156248, 'cuda_allocated_mb': 56, 'cuda_reserved_mb': 354, 'cuda_max_allocated_mb': 261}
{'event': 'train_progress', 'epoch': 5, 'batch': 118, 'batches': 118, 'time_group': 118, 'time_groups': 118, 'history_edges': 3153, 'pos_edges': 91, 'neg_edges': 91, 'loss_recent': 13.392811660468578, 'elapsed_sec': 40.86490600928664, 'avg_sec_per_batch': 0.3463127627905648, 'cuda_allocated_mb': 58, 'cuda_reserved_mb': 354, 'cuda_max_allocated_mb': 261}
{'event': 'validation_start', 'epoch': 5}
{'event': 'epoch_end', 'epoch': 5, 'early_stop_metric': 'val_auc', 'val_score': 0.6827117507408045, 'val_auc': 0.6827117507408045, 'val_ap': 0.16842022556937056, 'val_ndcg': 0.810277838970612, 'elapsed_sec': 98.39561301097274}
{'event': 'epoch_start', 'epoch': 6, 'epochs': 12, 'batches': 118, 'time_groups': 118}
{'event': 'train_time_group', 'epoch': 6, 'time_group': 1, 'time_groups': 118, 'batch': 0, 'batches': 118, 'time_value': 600.0, 'group_batches': 1, 'history_edges': 0, 'elapsed_sec': 0.00759013369679451, 'cuda_allocated_mb': 56, 'cuda_reserved_mb': 354, 'cuda_max_allocated_mb': 261}
{'event': 'train_progress', 'epoch': 6, 'batch': 1, 'batches': 118, 'time_group': 1, 'time_groups': 118, 'history_edges': 0, 'pos_edges': 1, 'neg_edges': 1, 'loss_recent': 0.7505263090133667, 'elapsed_sec': 0.2375357784330845, 'avg_sec_per_batch': 0.2375357784330845, 'cuda_allocated_mb': 55, 'cuda_reserved_mb': 354, 'cuda_max_allocated_mb': 261}
{'event': 'train_progress', 'epoch': 6, 'batch': 100, 'batches': 118, 'time_group': 100, 'time_groups': 118, 'history_edges': 2144, 'pos_edges': 38, 'neg_edges': 38, 'loss_recent': 8.346970809698105, 'elapsed_sec': 31.199422392994165, 'avg_sec_per_batch': 0.31199422392994164, 'cuda_allocated_mb': 57, 'cuda_reserved_mb': 354, 'cuda_max_allocated_mb': 261}
{'event': 'train_time_group', 'epoch': 6, 'time_group': 118, 'time_groups': 118, 'batch': 117, 'batches': 118, 'time_value': 1966.0, 'group_batches': 1, 'history_edges': 3153, 'elapsed_sec': 38.94320697337389, 'cuda_allocated_mb': 56, 'cuda_reserved_mb': 354, 'cuda_max_allocated_mb': 261}
{'event': 'train_progress', 'epoch': 6, 'batch': 118, 'batches': 118, 'time_group': 118, 'time_groups': 118, 'history_edges': 3153, 'pos_edges': 91, 'neg_edges': 91, 'loss_recent': 12.770754332616924, 'elapsed_sec': 39.311386466026306, 'avg_sec_per_batch': 0.3331473429324263, 'cuda_allocated_mb': 58, 'cuda_reserved_mb': 354, 'cuda_max_allocated_mb': 261}
{'event': 'validation_start', 'epoch': 6}
{'event': 'epoch_end', 'epoch': 6, 'early_stop_metric': 'val_auc', 'val_score': 0.650675383591475, 'val_auc': 0.650675383591475, 'val_ap': 0.15356308447837125, 'val_ndcg': 0.8032407965638101, 'elapsed_sec': 100.79185750335455}
{'event': 'epoch_start', 'epoch': 7, 'epochs': 12, 'batches': 118, 'time_groups': 118}
{'event': 'train_time_group', 'epoch': 7, 'time_group': 1, 'time_groups': 118, 'batch': 0, 'batches': 118, 'time_value': 600.0, 'group_batches': 1, 'history_edges': 0, 'elapsed_sec': 0.007502622902393341, 'cuda_allocated_mb': 56, 'cuda_reserved_mb': 354, 'cuda_max_allocated_mb': 261}
{'event': 'train_progress', 'epoch': 7, 'batch': 1, 'batches': 118, 'time_group': 1, 'time_groups': 118, 'history_edges': 0, 'pos_edges': 1, 'neg_edges': 1, 'loss_recent': 1.8876224756240845, 'elapsed_sec': 0.19433007016777992, 'avg_sec_per_batch': 0.19433007016777992, 'cuda_allocated_mb': 55, 'cuda_reserved_mb': 354, 'cuda_max_allocated_mb': 261}
{'event': 'train_progress', 'epoch': 7, 'batch': 100, 'batches': 118, 'time_group': 100, 'time_groups': 118, 'history_edges': 2144, 'pos_edges': 38, 'neg_edges': 38, 'loss_recent': 7.890306688100099, 'elapsed_sec': 31.97714451700449, 'avg_sec_per_batch': 0.3197714451700449, 'cuda_allocated_mb': 57, 'cuda_reserved_mb': 354, 'cuda_max_allocated_mb': 261}
{'event': 'train_time_group', 'epoch': 7, 'time_group': 118, 'time_groups': 118, 'batch': 117, 'batches': 118, 'time_value': 1966.0, 'group_batches': 1, 'history_edges': 3153, 'elapsed_sec': 39.01462458074093, 'cuda_allocated_mb': 56, 'cuda_reserved_mb': 354, 'cuda_max_allocated_mb': 261}
{'event': 'train_progress', 'epoch': 7, 'batch': 118, 'batches': 118, 'time_group': 118, 'time_groups': 118, 'history_edges': 3153, 'pos_edges': 91, 'neg_edges': 91, 'loss_recent': 12.12409754909575, 'elapsed_sec': 39.713382080197334, 'avg_sec_per_batch': 0.33655408542540116, 'cuda_allocated_mb': 58, 'cuda_reserved_mb': 354, 'cuda_max_allocated_mb': 261}
{'event': 'validation_start', 'epoch': 7}
{'event': 'epoch_end', 'epoch': 7, 'early_stop_metric': 'val_auc', 'val_score': 0.6487766274857246, 'val_auc': 0.6487766274857246, 'val_ap': 0.15935859643842085, 'val_ndcg': 0.807530160131612, 'elapsed_sec': 89.48926290497184}
{'event': 'epoch_start', 'epoch': 8, 'epochs': 12, 'batches': 118, 'time_groups': 118}
{'event': 'train_time_group', 'epoch': 8, 'time_group': 1, 'time_groups': 118, 'batch': 0, 'batches': 118, 'time_value': 600.0, 'group_batches': 1, 'history_edges': 0, 'elapsed_sec': 0.007397610694169998, 'cuda_allocated_mb': 56, 'cuda_reserved_mb': 354, 'cuda_max_allocated_mb': 261}
{'event': 'train_progress', 'epoch': 8, 'batch': 1, 'batches': 118, 'time_group': 1, 'time_groups': 118, 'history_edges': 0, 'pos_edges': 1, 'neg_edges': 1, 'loss_recent': 0.6786775588989258, 'elapsed_sec': 0.14576717093586922, 'avg_sec_per_batch': 0.14576717093586922, 'cuda_allocated_mb': 55, 'cuda_reserved_mb': 354, 'cuda_max_allocated_mb': 261}
{'event': 'train_progress', 'epoch': 8, 'batch': 100, 'batches': 118, 'time_group': 100, 'time_groups': 118, 'history_edges': 2144, 'pos_edges': 38, 'neg_edges': 38, 'loss_recent': 7.476446506343782, 'elapsed_sec': 28.886005636304617, 'avg_sec_per_batch': 0.2888600563630462, 'cuda_allocated_mb': 57, 'cuda_reserved_mb': 354, 'cuda_max_allocated_mb': 261}
{'event': 'train_time_group', 'epoch': 8, 'time_group': 118, 'time_groups': 118, 'batch': 117, 'batches': 118, 'time_value': 1966.0, 'group_batches': 1, 'history_edges': 3153, 'elapsed_sec': 36.3093944452703, 'cuda_allocated_mb': 56, 'cuda_reserved_mb': 354, 'cuda_max_allocated_mb': 261}
{'event': 'train_progress', 'epoch': 8, 'batch': 118, 'batches': 118, 'time_group': 118, 'time_groups': 118, 'history_edges': 3153, 'pos_edges': 91, 'neg_edges': 91, 'loss_recent': 11.586963980346917, 'elapsed_sec': 37.101901076734066, 'avg_sec_per_batch': 0.3144228904807972, 'cuda_allocated_mb': 58, 'cuda_reserved_mb': 354, 'cuda_max_allocated_mb': 261}
{'event': 'validation_start', 'epoch': 8}
{'event': 'epoch_end', 'epoch': 8, 'early_stop_metric': 'val_auc', 'val_score': 0.5932596980342393, 'val_auc': 0.5932596980342393, 'val_ap': 0.14618468531660764, 'val_ndcg': 0.8008023107552639, 'elapsed_sec': 92.33981038630009}
{'candidate': 'h128_lr7e4_meta01_ood001', 'seed': 1, 'val_auc': 0.7028097663108037, 'val_ap': 0.17256368995702884, 'val_ndcg': 0.8114382338189797, 'train_loss': 12.207308144766396, 'train_lp': 0.38600215383497527, 'train_align': 218.01926983109976, 'train_kl': 1834.7434619968221, 'train_ood_reg': 0.23616412572436413, 'train_meta': 0.27344822630254645, 'train_weighted_align': 10.900963673336527, 'train_weighted_kl': 0.9173717746605813, 'train_weighted_ood_reg': 0.00023616413769343773, 'train_weighted_meta': 0.0027344821986905843}
{'event': 'candidate_seed_start', 'candidate': 'h128_lr7e4_meta01_ood001', 'seed': 2, 'device': 'cuda', 'node_text_device': 'cuda:0'}
{'event': 'train_seed_start', 'seed': 2, 'train_edges': 3244, 'val_edges': 6738, 'test_edges': 26719, 'num_nodes': 4197, 'num_relations': 19}
{'event': 'train_seed_tensors_ready', 'seed': 2, 'elapsed_sec': 0.05592560023069382, 'cuda_allocated_mb': 27, 'cuda_reserved_mb': 44, 'cuda_max_allocated_mb': 261}
{'event': 'train_known_facts_ready', 'seed': 2, 'scope': 'train', 'edges': 3244, 'elapsed_sec': 0.05760284513235092}
{'event': 'train_known_facts_ready', 'seed': 2, 'scope': 'train_val', 'edges': 9982, 'elapsed_sec': 0.05893632769584656}
{'event': 'train_sampler_ready', 'seed': 2, 'elapsed_sec': 0.060567885637283325}
{'event': 'val_sampler_ready', 'seed': 2, 'elapsed_sec': 0.06199323385953903}
{'event': 'epoch_start', 'epoch': 1, 'epochs': 12, 'batches': 118, 'time_groups': 118}
{'event': 'train_time_group', 'epoch': 1, 'time_group': 1, 'time_groups': 118, 'batch': 0, 'batches': 118, 'time_value': 600.0, 'group_batches': 1, 'history_edges': 0, 'elapsed_sec': 0.00544063001871109, 'cuda_allocated_mb': 27, 'cuda_reserved_mb': 44, 'cuda_max_allocated_mb': 261}
{'event': 'train_progress', 'epoch': 1, 'batch': 1, 'batches': 118, 'time_group': 1, 'time_groups': 118, 'history_edges': 0, 'pos_edges': 1, 'neg_edges': 1, 'loss_recent': 0.9501268267631531, 'elapsed_sec': 0.13968215882778168, 'avg_sec_per_batch': 0.13968215882778168, 'cuda_allocated_mb': 53, 'cuda_reserved_mb': 134, 'cuda_max_allocated_mb': 261}
{'event': 'train_progress', 'epoch': 1, 'batch': 100, 'batches': 118, 'time_group': 100, 'time_groups': 118, 'history_edges': 2144, 'pos_edges': 38, 'neg_edges': 38, 'loss_recent': 12.890822600126267, 'elapsed_sec': 28.69044515863061, 'avg_sec_per_batch': 0.2869044515863061, 'cuda_allocated_mb': 57, 'cuda_reserved_mb': 268, 'cuda_max_allocated_mb': 261}
{'event': 'train_time_group', 'epoch': 1, 'time_group': 118, 'time_groups': 118, 'batch': 117, 'batches': 118, 'time_value': 1966.0, 'group_batches': 1, 'history_edges': 3153, 'elapsed_sec': 36.03076995164156, 'cuda_allocated_mb': 56, 'cuda_reserved_mb': 288, 'cuda_max_allocated_mb': 261}
{'event': 'train_progress', 'epoch': 1, 'batch': 118, 'batches': 118, 'time_group': 118, 'time_groups': 118, 'history_edges': 3153, 'pos_edges': 91, 'neg_edges': 91, 'loss_recent': 19.05704310297966, 'elapsed_sec': 36.21846762672067, 'avg_sec_per_batch': 0.30693616632814125, 'cuda_allocated_mb': 58, 'cuda_reserved_mb': 288, 'cuda_max_allocated_mb': 261}
{'event': 'validation_start', 'epoch': 1}
{'event': 'epoch_end', 'epoch': 1, 'early_stop_metric': 'val_auc', 'val_score': 0.6693801171630958, 'val_auc': 0.6693801171630958, 'val_ap': 0.16644396769834519, 'val_ndcg': 0.8081804590311265, 'elapsed_sec': 90.30074683949351}
{'event': 'epoch_start', 'epoch': 2, 'epochs': 12, 'batches': 118, 'time_groups': 118}
{'event': 'train_time_group', 'epoch': 2, 'time_group': 1, 'time_groups': 118, 'batch': 0, 'batches': 118, 'time_value': 600.0, 'group_batches': 1, 'history_edges': 0, 'elapsed_sec': 0.006455611437559128, 'cuda_allocated_mb': 56, 'cuda_reserved_mb': 354, 'cuda_max_allocated_mb': 261}
{'event': 'train_progress', 'epoch': 2, 'batch': 1, 'batches': 118, 'time_group': 1, 'time_groups': 118, 'history_edges': 0, 'pos_edges': 1, 'neg_edges': 1, 'loss_recent': 0.6446046233177185, 'elapsed_sec': 0.13459032028913498, 'avg_sec_per_batch': 0.13459032028913498, 'cuda_allocated_mb': 55, 'cuda_reserved_mb': 354, 'cuda_max_allocated_mb': 261}
{'event': 'train_progress', 'epoch': 2, 'batch': 100, 'batches': 118, 'time_group': 100, 'time_groups': 118, 'history_edges': 2144, 'pos_edges': 38, 'neg_edges': 38, 'loss_recent': 11.016446544826032, 'elapsed_sec': 28.069817569106817, 'avg_sec_per_batch': 0.2806981756910682, 'cuda_allocated_mb': 57, 'cuda_reserved_mb': 354, 'cuda_max_allocated_mb': 261}
{'event': 'train_time_group', 'epoch': 2, 'time_group': 118, 'time_groups': 118, 'batch': 117, 'batches': 118, 'time_value': 1966.0, 'group_batches': 1, 'history_edges': 3153, 'elapsed_sec': 35.098818607628345, 'cuda_allocated_mb': 56, 'cuda_reserved_mb': 354, 'cuda_max_allocated_mb': 261}
{'event': 'train_progress', 'epoch': 2, 'batch': 118, 'batches': 118, 'time_group': 118, 'time_groups': 118, 'history_edges': 3153, 'pos_edges': 91, 'neg_edges': 91, 'loss_recent': 16.60138886898756, 'elapsed_sec': 35.505142603069544, 'avg_sec_per_batch': 0.30089103900906394, 'cuda_allocated_mb': 58, 'cuda_reserved_mb': 354, 'cuda_max_allocated_mb': 261}
{'event': 'validation_start', 'epoch': 2}
{'event': 'epoch_end', 'epoch': 2, 'early_stop_metric': 'val_auc', 'val_score': 0.6773461858822972, 'val_auc': 0.6773461858822972, 'val_ap': 0.1721550634055745, 'val_ndcg': 0.8117627286059258, 'elapsed_sec': 88.39473390206695}
{'event': 'epoch_start', 'epoch': 3, 'epochs': 12, 'batches': 118, 'time_groups': 118}
{'event': 'train_time_group', 'epoch': 3, 'time_group': 1, 'time_groups': 118, 'batch': 0, 'batches': 118, 'time_value': 600.0, 'group_batches': 1, 'history_edges': 0, 'elapsed_sec': 0.007305458188056946, 'cuda_allocated_mb': 56, 'cuda_reserved_mb': 354, 'cuda_max_allocated_mb': 261}
{'event': 'train_progress', 'epoch': 3, 'batch': 1, 'batches': 118, 'time_group': 1, 'time_groups': 118, 'history_edges': 0, 'pos_edges': 1, 'neg_edges': 1, 'loss_recent': 0.6704496145248413, 'elapsed_sec': 0.13322431966662407, 'avg_sec_per_batch': 0.13322431966662407, 'cuda_allocated_mb': 55, 'cuda_reserved_mb': 354, 'cuda_max_allocated_mb': 261}
{'event': 'train_progress', 'epoch': 3, 'batch': 100, 'batches': 118, 'time_group': 100, 'time_groups': 118, 'history_edges': 2144, 'pos_edges': 38, 'neg_edges': 38, 'loss_recent': 9.897510702759028, 'elapsed_sec': 30.289922300726175, 'avg_sec_per_batch': 0.30289922300726174, 'cuda_allocated_mb': 57, 'cuda_reserved_mb': 354, 'cuda_max_allocated_mb': 261}
{'event': 'train_time_group', 'epoch': 3, 'time_group': 118, 'time_groups': 118, 'batch': 117, 'batches': 118, 'time_value': 1966.0, 'group_batches': 1, 'history_edges': 3153, 'elapsed_sec': 37.20313324034214, 'cuda_allocated_mb': 56, 'cuda_reserved_mb': 354, 'cuda_max_allocated_mb': 261}
{'event': 'train_progress', 'epoch': 3, 'batch': 118, 'batches': 118, 'time_group': 118, 'time_groups': 118, 'history_edges': 3153, 'pos_edges': 91, 'neg_edges': 91, 'loss_recent': 15.04191431671381, 'elapsed_sec': 37.76763812080026, 'avg_sec_per_batch': 0.3200647298372903, 'cuda_allocated_mb': 58, 'cuda_reserved_mb': 354, 'cuda_max_allocated_mb': 261}
{'event': 'validation_start', 'epoch': 3}
{'event': 'epoch_end', 'epoch': 3, 'early_stop_metric': 'val_auc', 'val_score': 0.7076091828124728, 'val_auc': 0.7076091828124728, 'val_ap': 0.17982972293537516, 'val_ndcg': 0.8176695014437192, 'elapsed_sec': 90.70499895885587}
{'event': 'epoch_start', 'epoch': 4, 'epochs': 12, 'batches': 118, 'time_groups': 118}
{'event': 'train_time_group', 'epoch': 4, 'time_group': 1, 'time_groups': 118, 'batch': 0, 'batches': 118, 'time_value': 600.0, 'group_batches': 1, 'history_edges': 0, 'elapsed_sec': 0.008083496242761612, 'cuda_allocated_mb': 56, 'cuda_reserved_mb': 354, 'cuda_max_allocated_mb': 261}
{'event': 'train_progress', 'epoch': 4, 'batch': 1, 'batches': 118, 'time_group': 1, 'time_groups': 118, 'history_edges': 0, 'pos_edges': 1, 'neg_edges': 1, 'loss_recent': 0.7014653086662292, 'elapsed_sec': 0.1347251869738102, 'avg_sec_per_batch': 0.1347251869738102, 'cuda_allocated_mb': 55, 'cuda_reserved_mb': 354, 'cuda_max_allocated_mb': 261}
{'event': 'train_progress', 'epoch': 4, 'batch': 100, 'batches': 118, 'time_group': 100, 'time_groups': 118, 'history_edges': 2144, 'pos_edges': 38, 'neg_edges': 38, 'loss_recent': 9.293366482108832, 'elapsed_sec': 28.70955280959606, 'avg_sec_per_batch': 0.2870955280959606, 'cuda_allocated_mb': 57, 'cuda_reserved_mb': 354, 'cuda_max_allocated_mb': 261}
{'event': 'train_time_group', 'epoch': 4, 'time_group': 118, 'time_groups': 118, 'batch': 117, 'batches': 118, 'time_value': 1966.0, 'group_batches': 1, 'history_edges': 3153, 'elapsed_sec': 35.816959992051125, 'cuda_allocated_mb': 56, 'cuda_reserved_mb': 354, 'cuda_max_allocated_mb': 261}
{'event': 'train_progress', 'epoch': 4, 'batch': 118, 'batches': 118, 'time_group': 118, 'time_groups': 118, 'history_edges': 3153, 'pos_edges': 91, 'neg_edges': 91, 'loss_recent': 14.053313494473695, 'elapsed_sec': 36.22326770052314, 'avg_sec_per_batch': 0.30697684491968763, 'cuda_allocated_mb': 58, 'cuda_reserved_mb': 354, 'cuda_max_allocated_mb': 261}
{'event': 'validation_start', 'epoch': 4}
{'event': 'epoch_end', 'epoch': 4, 'early_stop_metric': 'val_auc', 'val_score': 0.6799880327688743, 'val_auc': 0.6799880327688743, 'val_ap': 0.1690362530676262, 'val_ndcg': 0.8128522970641165, 'elapsed_sec': 89.20014581084251}
{'event': 'epoch_start', 'epoch': 5, 'epochs': 12, 'batches': 118, 'time_groups': 118}
{'event': 'train_time_group', 'epoch': 5, 'time_group': 1, 'time_groups': 118, 'batch': 0, 'batches': 118, 'time_value': 600.0, 'group_batches': 1, 'history_edges': 0, 'elapsed_sec': 0.006684344261884689, 'cuda_allocated_mb': 56, 'cuda_reserved_mb': 354, 'cuda_max_allocated_mb': 261}
{'event': 'train_progress', 'epoch': 5, 'batch': 1, 'batches': 118, 'time_group': 1, 'time_groups': 118, 'history_edges': 0, 'pos_edges': 1, 'neg_edges': 1, 'loss_recent': 1.345251202583313, 'elapsed_sec': 0.13875450566411018, 'avg_sec_per_batch': 0.13875450566411018, 'cuda_allocated_mb': 55, 'cuda_reserved_mb': 354, 'cuda_max_allocated_mb': 261}
{'event': 'train_progress', 'epoch': 5, 'batch': 100, 'batches': 118, 'time_group': 100, 'time_groups': 118, 'history_edges': 2144, 'pos_edges': 38, 'neg_edges': 38, 'loss_recent': 8.65394241720438, 'elapsed_sec': 29.887471985071898, 'avg_sec_per_batch': 0.29887471985071895, 'cuda_allocated_mb': 57, 'cuda_reserved_mb': 354, 'cuda_max_allocated_mb': 261}
{'event': 'train_time_group', 'epoch': 5, 'time_group': 118, 'time_groups': 118, 'batch': 117, 'batches': 118, 'time_value': 1966.0, 'group_batches': 1, 'history_edges': 3153, 'elapsed_sec': 36.80870544165373, 'cuda_allocated_mb': 56, 'cuda_reserved_mb': 354, 'cuda_max_allocated_mb': 261}
{'event': 'train_progress', 'epoch': 5, 'batch': 118, 'batches': 118, 'time_group': 118, 'time_groups': 118, 'history_edges': 3153, 'pos_edges': 91, 'neg_edges': 91, 'loss_recent': 13.228046149909495, 'elapsed_sec': 37.622019458562136, 'avg_sec_per_batch': 0.3188306733776452, 'cuda_allocated_mb': 58, 'cuda_reserved_mb': 354, 'cuda_max_allocated_mb': 261}
{'event': 'validation_start', 'epoch': 5}
{'event': 'epoch_end', 'epoch': 5, 'early_stop_metric': 'val_auc', 'val_score': 0.6490564946611771, 'val_auc': 0.6490564946611771, 'val_ap': 0.15715950280792332, 'val_ndcg': 0.807138459090121, 'elapsed_sec': 91.57174825668335}
{'event': 'epoch_start', 'epoch': 6, 'epochs': 12, 'batches': 118, 'time_groups': 118}
{'event': 'train_time_group', 'epoch': 6, 'time_group': 1, 'time_groups': 118, 'batch': 0, 'batches': 118, 'time_value': 600.0, 'group_batches': 1, 'history_edges': 0, 'elapsed_sec': 0.00787435844540596, 'cuda_allocated_mb': 56, 'cuda_reserved_mb': 354, 'cuda_max_allocated_mb': 261}
{'event': 'train_progress', 'epoch': 6, 'batch': 1, 'batches': 118, 'time_group': 1, 'time_groups': 118, 'history_edges': 0, 'pos_edges': 1, 'neg_edges': 1, 'loss_recent': 1.3265358209609985, 'elapsed_sec': 0.1935468465089798, 'avg_sec_per_batch': 0.1935468465089798, 'cuda_allocated_mb': 55, 'cuda_reserved_mb': 354, 'cuda_max_allocated_mb': 261}
{'event': 'train_progress', 'epoch': 6, 'batch': 100, 'batches': 118, 'time_group': 100, 'time_groups': 118, 'history_edges': 2144, 'pos_edges': 38, 'neg_edges': 38, 'loss_recent': 8.191371590346098, 'elapsed_sec': 29.566981732845306, 'avg_sec_per_batch': 0.29566981732845304, 'cuda_allocated_mb': 57, 'cuda_reserved_mb': 354, 'cuda_max_allocated_mb': 261}
{'event': 'train_time_group', 'epoch': 6, 'time_group': 118, 'time_groups': 118, 'batch': 117, 'batches': 118, 'time_value': 1966.0, 'group_batches': 1, 'history_edges': 3153, 'elapsed_sec': 36.09978387877345, 'cuda_allocated_mb': 56, 'cuda_reserved_mb': 354, 'cuda_max_allocated_mb': 261}
{'event': 'train_progress', 'epoch': 6, 'batch': 118, 'batches': 118, 'time_group': 118, 'time_groups': 118, 'history_edges': 3153, 'pos_edges': 91, 'neg_edges': 91, 'loss_recent': 12.644870043918491, 'elapsed_sec': 36.62359745427966, 'avg_sec_per_batch': 0.31036946995152254, 'cuda_allocated_mb': 58, 'cuda_reserved_mb': 354, 'cuda_max_allocated_mb': 261}
{'event': 'validation_start', 'epoch': 6}
{'event': 'epoch_end', 'epoch': 6, 'early_stop_metric': 'val_auc', 'val_score': 0.6365561136093135, 'val_auc': 0.6365561136093135, 'val_ap': 0.1558262038196158, 'val_ndcg': 0.8060382468962608, 'elapsed_sec': 90.18839504569769}
{'event': 'epoch_start', 'epoch': 7, 'epochs': 12, 'batches': 118, 'time_groups': 118}
{'event': 'train_time_group', 'epoch': 7, 'time_group': 1, 'time_groups': 118, 'batch': 0, 'batches': 118, 'time_value': 600.0, 'group_batches': 1, 'history_edges': 0, 'elapsed_sec': 0.011698346585035324, 'cuda_allocated_mb': 56, 'cuda_reserved_mb': 354, 'cuda_max_allocated_mb': 261}
{'event': 'train_progress', 'epoch': 7, 'batch': 1, 'batches': 118, 'time_group': 1, 'time_groups': 118, 'history_edges': 0, 'pos_edges': 1, 'neg_edges': 1, 'loss_recent': 0.9295492768287659, 'elapsed_sec': 0.2863113395869732, 'avg_sec_per_batch': 0.2863113395869732, 'cuda_allocated_mb': 55, 'cuda_reserved_mb': 354, 'cuda_max_allocated_mb': 261}
{'event': 'train_progress', 'epoch': 7, 'batch': 100, 'batches': 118, 'time_group': 100, 'time_groups': 118, 'history_edges': 2144, 'pos_edges': 38, 'neg_edges': 38, 'loss_recent': 7.783517378866673, 'elapsed_sec': 29.414653792977333, 'avg_sec_per_batch': 0.29414653792977336, 'cuda_allocated_mb': 57, 'cuda_reserved_mb': 354, 'cuda_max_allocated_mb': 261}
{'event': 'train_time_group', 'epoch': 7, 'time_group': 118, 'time_groups': 118, 'batch': 117, 'batches': 118, 'time_value': 1966.0, 'group_batches': 1, 'history_edges': 3153, 'elapsed_sec': 36.325319688767195, 'cuda_allocated_mb': 56, 'cuda_reserved_mb': 354, 'cuda_max_allocated_mb': 261}
{'event': 'train_progress', 'epoch': 7, 'batch': 118, 'batches': 118, 'time_group': 118, 'time_groups': 118, 'history_edges': 3153, 'pos_edges': 91, 'neg_edges': 91, 'loss_recent': 11.997437294572592, 'elapsed_sec': 36.99681402742863, 'avg_sec_per_batch': 0.3135323222663443, 'cuda_allocated_mb': 58, 'cuda_reserved_mb': 354, 'cuda_max_allocated_mb': 261}
{'event': 'validation_start', 'epoch': 7}
{'event': 'epoch_end', 'epoch': 7, 'early_stop_metric': 'val_auc', 'val_score': 0.6337695617269218, 'val_auc': 0.6337695617269218, 'val_ap': 0.15776961341418652, 'val_ndcg': 0.8073897996600389, 'elapsed_sec': 87.92792703211308}
{'candidate': 'h128_lr7e4_meta01_ood001', 'seed': 2, 'val_auc': 0.7076091905216146, 'val_ap': 0.1798297270408292, 'val_ndcg': 0.8176695041198939, 'train_loss': 12.877203741442349, 'train_lp': 0.3750145472349378, 'train_align': 232.4544942682072, 'train_kl': 1751.5721592983957, 'train_ood_reg': 0.2343331353139069, 'train_meta': 0.3443785111688204, 'train_weighted_align': 11.622724963888778, 'train_weighted_kl': 0.8757861164256425, 'train_weighted_ood_reg': 0.00023433314752271714, 'train_weighted_meta': 0.003443785061096867}
{'event': 'candidate_summary', 'candidate': 'h128_lr7e4_meta01_ood001', 'score': 0.7052094784162092, 'passes_metric_minima': True, 'means': {'val_auc': 0.7052094784162092}, 'seeds_completed': 2}
2026-06-03_22:07:06 yago15k_temporal_strict_v2_search_done
updated configs/ssptgfm_yago15k_temporal_best.yaml from results/ssptgfm_search_yago15k_temporal_strict_v2/search_results.json: h128_lr7e4_meta01_ood001
2026-06-03_22:07:11 yago15k_temporal_strict_v2_best_candidate_applied
2026-06-03_22:07:11 yago15k_temporal_strict_v2_formal_seed_start seed=1 out=results/ssptgfm_yago15k_temporal_strict_v2_seed1 log=results/logs/yago15k_temporal_strict_v2_seed1.log
2026-06-03_22:07:11 yago15k_temporal_strict_v2_formal_seed_start seed=2 out=results/ssptgfm_yago15k_temporal_strict_v2_seed2 log=results/logs/yago15k_temporal_strict_v2_seed2.log
2026-06-03_22:07:11 yago15k_temporal_strict_v2_formal_seed_start seed=3 out=results/ssptgfm_yago15k_temporal_strict_v2_seed3 log=results/logs/yago15k_temporal_strict_v2_seed3.log
2026-06-04_00:00:46 yago15k_temporal_strict_v2_formal_seed_start seed=4 out=results/ssptgfm_yago15k_temporal_strict_v2_seed4 log=results/logs/yago15k_temporal_strict_v2_seed4.log
2026-06-04_00:01:31 yago15k_temporal_strict_v2_formal_seed_start seed=5 out=results/ssptgfm_yago15k_temporal_strict_v2_seed5 log=results/logs/yago15k_temporal_strict_v2_seed5.log
merged 15 rows into results/ssptgfm_yago15k_temporal_strict_v2_best
/root/miniconda3/lib/python3.10/site-packages/scipy/stats/_wilcoxon.py:172: RuntimeWarning: invalid value encountered in scalar divide
  z = (r_plus - mn) / se
/root/miniconda3/lib/python3.10/site-packages/scipy/stats/_wilcoxon.py:172: RuntimeWarning: invalid value encountered in scalar divide
  z = (r_plus - mn) / se
                                                                  test_ap                            test_auc                           test_edges                     test_hits@1                         test_hits@10                         test_hits@100                         test_hits@50                          test_mrr                           test_ndcg                              val_ap                             val_auc                           val_edges                     val_ndcg                          
                                                                     ci95 count      mean       std      ci95 count      mean       std       ci95 count     mean  std        ci95 count    mean       std         ci95 count    mean       std          ci95 count    mean       std         ci95 count    mean       std      ci95 count      mean       std      ci95 count      mean       std      ci95 count      mean       std      ci95 count      mean       std      ci95 count    mean  std      ci95 count      mean       std
dataset          method        ablation scenario few_shot_ratio                                                                                                                                                                                                                                                                                                                                                                                                                                                                            
yago15k-temporal lm_mlp        baseline standard 1.0             0.004241     5  0.154079  0.004838  0.006369     5  0.715037  0.007266        0.0     5  26719.0  0.0    0.001550     5  0.0025  0.001768     0.006825     5  0.0270  0.007786      0.022433     5  0.2585  0.025593     0.006464     5  0.1305  0.007374  0.003029     5  0.016510  0.003456  0.002156     5  0.824409  0.002459  0.008080     5  0.197874  0.009218  0.006109     5  0.762664  0.006970       0.0     5  6738.0  0.0  0.004214     5  0.821875  0.004808
                 ssptgfm       full     standard 1.0             0.008476     5  0.153057  0.009669  0.032706     5  0.650387  0.037312        0.0     5  26719.0  0.0    0.033927     5  0.0505  0.038706     0.095040     5  0.1825  0.108426      0.044046     5  0.5025  0.050249     0.088735     5  0.3595  0.101233  0.055372     5  0.101233  0.063171  0.004408     5  0.827118  0.005029  0.011106     5  0.167773  0.012670  0.034949     5  0.674216  0.039872       0.0     5  6738.0  0.0  0.004896     5  0.811195  0.005585
                 structure_mlp baseline standard 1.0             0.004754     5  0.143363  0.005424  0.007806     5  0.656200  0.008906        0.0     5  26719.0  0.0    0.011344     5  0.0715  0.012942     0.014895     5  0.2305  0.016993      0.004100     5  0.6050  0.004677     0.026776     5  0.4190  0.030547  0.006484     5  0.138884  0.007397  0.003169     5  0.819944  0.003615  0.002020     5  0.144400  0.002304  0.004305     5  0.617916  0.004912       0.0     5  6738.0  0.0  0.001255     5  0.797019  0.001432
paired test_ap: ssptgfm/full vs lm_mlp/baseline: {'n': 5.0, 'wilcoxon_p': 0.625, 'cohens_dz': -0.14840109113926886}
paired test_ap: ssptgfm/full vs structure_mlp/baseline: {'n': 5.0, 'wilcoxon_p': 0.125, 'cohens_dz': 1.191230567271976}
paired test_auc: ssptgfm/full vs lm_mlp/baseline: {'n': 5.0, 'wilcoxon_p': 0.0625, 'cohens_dz': -1.9708198653140705}
paired test_auc: ssptgfm/full vs structure_mlp/baseline: {'n': 5.0, 'wilcoxon_p': 1.0, 'cohens_dz': -0.18102470335323398}
paired test_edges: ssptgfm/full vs lm_mlp/baseline: {'n': 5.0, 'wilcoxon_p': 1.0, 'cohens_dz': 0.0}
paired test_edges: ssptgfm/full vs structure_mlp/baseline: {'n': 5.0, 'wilcoxon_p': 1.0, 'cohens_dz': 0.0}
paired test_hits@1: ssptgfm/full vs lm_mlp/baseline: {'n': 5.0, 'wilcoxon_p': 0.0625, 'cohens_dz': 1.1983627319146388}
paired test_hits@1: ssptgfm/full vs structure_mlp/baseline: {'n': 5.0, 'wilcoxon_p': 0.3125, 'cohens_dz': -0.6326348757299033}
paired test_hits@10: ssptgfm/full vs lm_mlp/baseline: {'n': 5.0, 'wilcoxon_p': 0.0625, 'cohens_dz': 1.3427831538684514}
paired test_hits@10: ssptgfm/full vs structure_mlp/baseline: {'n': 5.0, 'wilcoxon_p': 0.4375, 'cohens_dz': -0.42733192303830375}
paired test_hits@100: ssptgfm/full vs lm_mlp/baseline: {'n': 5.0, 'wilcoxon_p': 0.0625, 'cohens_dz': 4.981926689374422}
paired test_hits@100: ssptgfm/full vs structure_mlp/baseline: {'n': 5.0, 'wilcoxon_p': 0.0625, 'cohens_dz': -2.0041772386251613}
paired test_hits@50: ssptgfm/full vs lm_mlp/baseline: {'n': 5.0, 'wilcoxon_p': 0.0625, 'cohens_dz': 2.1466653749445768}
paired test_hits@50: ssptgfm/full vs structure_mlp/baseline: {'n': 5.0, 'wilcoxon_p': 0.4375, 'cohens_dz': -0.48994638855760003}
paired test_mrr: ssptgfm/full vs lm_mlp/baseline: {'n': 5.0, 'wilcoxon_p': 0.0625, 'cohens_dz': 1.3076670067665033}
paired test_mrr: ssptgfm/full vs structure_mlp/baseline: {'n': 5.0, 'wilcoxon_p': 0.3125, 'cohens_dz': -0.628040938067044}
paired test_ndcg: ssptgfm/full vs lm_mlp/baseline: {'n': 5.0, 'wilcoxon_p': 0.1875, 'cohens_dz': 0.767414756664709}
paired test_ndcg: ssptgfm/full vs structure_mlp/baseline: {'n': 5.0, 'wilcoxon_p': 0.0625, 'cohens_dz': 1.5287614154086597}
paired val_ap: ssptgfm/full vs lm_mlp/baseline: {'n': 5.0, 'wilcoxon_p': 0.0625, 'cohens_dz': -1.9620865314605107}
paired val_ap: ssptgfm/full vs structure_mlp/baseline: {'n': 5.0, 'wilcoxon_p': 0.0625, 'cohens_dz': 2.064412538234317}
paired val_auc: ssptgfm/full vs lm_mlp/baseline: {'n': 5.0, 'wilcoxon_p': 0.0625, 'cohens_dz': -2.195093126119836}
paired val_auc: ssptgfm/full vs structure_mlp/baseline: {'n': 5.0, 'wilcoxon_p': 0.0625, 'cohens_dz': 1.5048388239324275}
paired val_edges: ssptgfm/full vs lm_mlp/baseline: {'n': 5.0, 'wilcoxon_p': 1.0, 'cohens_dz': 0.0}
paired val_edges: ssptgfm/full vs structure_mlp/baseline: {'n': 5.0, 'wilcoxon_p': 1.0, 'cohens_dz': 0.0}
paired val_ndcg: ssptgfm/full vs lm_mlp/baseline: {'n': 5.0, 'wilcoxon_p': 0.0625, 'cohens_dz': -1.601109913882505}
paired val_ndcg: ssptgfm/full vs structure_mlp/baseline: {'n': 5.0, 'wilcoxon_p': 0.0625, 'cohens_dz': 2.7211157983624075}
2026-06-04_01:44:04 yago15k_temporal_strict_v2_pipeline_done
