runtime_device=cuda
cuda_device=Tesla V100-PCIE-32GB
{'event': 'seed_start', 'dataset': 'yago15k-temporal', 'ablation': 'full', 'seed': 1, 'device': 'cuda', 'node_text_device': 'cuda:0'}
{'event': 'epoch_start', 'epoch': 1, 'epochs': 20, 'batches': 118}
{'event': 'epoch_end', 'epoch': 1, 'val_auc': 0.6633183771578218, 'elapsed_sec': 99.49815723672509}
{'event': 'epoch_start', 'epoch': 2, 'epochs': 20, 'batches': 118}
{'event': 'epoch_end', 'epoch': 2, 'val_auc': 0.6633608479210119, 'elapsed_sec': 98.8905922099948}
{'event': 'epoch_start', 'epoch': 3, 'epochs': 20, 'batches': 118}
{'event': 'epoch_end', 'epoch': 3, 'val_auc': 0.6632366624579158, 'elapsed_sec': 101.51069973036647}
{'event': 'epoch_start', 'epoch': 4, 'epochs': 20, 'batches': 118}
{'event': 'epoch_end', 'epoch': 4, 'val_auc': 0.7041881817799766, 'elapsed_sec': 101.8844501785934}
{'event': 'epoch_start', 'epoch': 5, 'epochs': 20, 'batches': 118}
{'event': 'epoch_end', 'epoch': 5, 'val_auc': 0.6840080153929093, 'elapsed_sec': 101.27087269723415}
{'event': 'epoch_start', 'epoch': 6, 'epochs': 20, 'batches': 118}
{'event': 'epoch_end', 'epoch': 6, 'val_auc': 0.6519170554056458, 'elapsed_sec': 100.86921862885356}
{'event': 'epoch_start', 'epoch': 7, 'epochs': 20, 'batches': 118}
{'event': 'epoch_end', 'epoch': 7, 'val_auc': 0.651133290091656, 'elapsed_sec': 96.3191425986588}
{'event': 'epoch_start', 'epoch': 8, 'epochs': 20, 'batches': 118}
{'event': 'epoch_end', 'epoch': 8, 'val_auc': 0.5950290209539759, 'elapsed_sec': 97.53962076455355}
{'event': 'epoch_start', 'epoch': 9, 'epochs': 20, 'batches': 118}
{'event': 'epoch_end', 'epoch': 9, 'val_auc': 0.6157549494231844, 'elapsed_sec': 94.996432505548}
{'dataset': 'yago15k-temporal', 'method': 'ssptgfm', 'scenario': 'standard', 'ablation': 'full', 'few_shot_ratio': 1.0, 'seed': 1, 'train_edges': 3244, 'val_edges': 6738, 'test_edges': 26719, 'params_trainable': 1399440, 'params_total': 1399440, 'rough_forward_flops': 384237568, 'train_eval_time_sec': 2471.278475318104, 'allocated_mb': 33.1123046875, 'reserved_mb': 324.0, 'max_allocated_mb': 253.0341796875, 'val_auc': 0.7040387026228085, 'val_ap': 0.17458718188523792, 'val_ndcg': 0.8122557590514066, 'train_loss': 12.207308195847071, 'train_lp': 0.386002141479166, 'train_align': 218.019270894386, 'train_kl': 1834.7434672662766, 'train_ood_reg': 0.23616413064932418, 'train_meta': 0.27344826148019835, 'test_auc': 0.678280941866154, 'test_ap': 0.1561907149421686, 'test_ndcg': 0.8282570933738772, 'test_mrr': 0.03948299991364737, 'test_hits@1': 0.0175, 'test_hits@10': 0.0625, 'test_hits@50': 0.2275, 'test_hits@100': 0.425}
{'event': 'baseline_start', 'method': 'lm_mlp', 'seed': 1}
{'event': 'baseline_epoch_start', 'model': 'LMMLPBaseline', 'epoch': 1, 'epochs': 20, 'requires_struct_features': False}
{'event': 'baseline_epoch_time_group', 'model': 'LMMLPBaseline', 'epoch': 1, 'time_group': 1, 'time_groups': 118, 'batches': 1}
{'event': 'baseline_epoch_time_group', 'model': 'LMMLPBaseline', 'epoch': 1, 'time_group': 10, 'time_groups': 118, 'batches': 1}
{'event': 'baseline_epoch_time_group', 'model': 'LMMLPBaseline', 'epoch': 1, 'time_group': 20, 'time_groups': 118, 'batches': 1}
{'event': 'baseline_epoch_time_group', 'model': 'LMMLPBaseline', 'epoch': 1, 'time_group': 30, 'time_groups': 118, 'batches': 1}
{'event': 'baseline_epoch_time_group', 'model': 'LMMLPBaseline', 'epoch': 1, 'time_group': 40, 'time_groups': 118, 'batches': 1}
{'event': 'baseline_epoch_time_group', 'model': 'LMMLPBaseline', 'epoch': 1, 'time_group': 50, 'time_groups': 118, 'batches': 1}
{'event': 'baseline_epoch_time_group', 'model': 'LMMLPBaseline', 'epoch': 1, 'time_group': 60, 'time_groups': 118, 'batches': 1}
{'event': 'baseline_epoch_time_group', 'model': 'LMMLPBaseline', 'epoch': 1, 'time_group': 70, 'time_groups': 118, 'batches': 1}
{'event': 'baseline_epoch_time_group', 'model': 'LMMLPBaseline', 'epoch': 1, 'time_group': 80, 'time_groups': 118, 'batches': 1}
{'event': 'baseline_epoch_time_group', 'model': 'LMMLPBaseline', 'epoch': 1, 'time_group': 90, 'time_groups': 118, 'batches': 1}
{'event': 'baseline_epoch_time_group', 'model': 'LMMLPBaseline', 'epoch': 1, 'time_group': 100, 'time_groups': 118, 'batches': 1}
{'event': 'baseline_epoch_time_group', 'model': 'LMMLPBaseline', 'epoch': 1, 'time_group': 110, 'time_groups': 118, 'batches': 1}
{'event': 'baseline_epoch_time_group', 'model': 'LMMLPBaseline', 'epoch': 1, 'time_group': 118, 'time_groups': 118, 'batches': 1}
{'event': 'baseline_validation_start', 'model': 'LMMLPBaseline', 'epoch': 1}
{'event': 'baseline_epoch_end', 'model': 'LMMLPBaseline', 'epoch': 1, 'val_auc': 0.7627797229043711, 'elapsed_sec': 3.287322524935007}
{'event': 'baseline_epoch_start', 'model': 'LMMLPBaseline', 'epoch': 2, 'epochs': 20, 'requires_struct_features': False}
{'event': 'baseline_epoch_time_group', 'model': 'LMMLPBaseline', 'epoch': 2, 'time_group': 1, 'time_groups': 118, 'batches': 1}
{'event': 'baseline_epoch_time_group', 'model': 'LMMLPBaseline', 'epoch': 2, 'time_group': 10, 'time_groups': 118, 'batches': 1}
{'event': 'baseline_epoch_time_group', 'model': 'LMMLPBaseline', 'epoch': 2, 'time_group': 20, 'time_groups': 118, 'batches': 1}
{'event': 'baseline_epoch_time_group', 'model': 'LMMLPBaseline', 'epoch': 2, 'time_group': 30, 'time_groups': 118, 'batches': 1}
{'event': 'baseline_epoch_time_group', 'model': 'LMMLPBaseline', 'epoch': 2, 'time_group': 40, 'time_groups': 118, 'batches': 1}
{'event': 'baseline_epoch_time_group', 'model': 'LMMLPBaseline', 'epoch': 2, 'time_group': 50, 'time_groups': 118, 'batches': 1}
{'event': 'baseline_epoch_time_group', 'model': 'LMMLPBaseline', 'epoch': 2, 'time_group': 60, 'time_groups': 118, 'batches': 1}
{'event': 'baseline_epoch_time_group', 'model': 'LMMLPBaseline', 'epoch': 2, 'time_group': 70, 'time_groups': 118, 'batches': 1}
{'event': 'baseline_epoch_time_group', 'model': 'LMMLPBaseline', 'epoch': 2, 'time_group': 80, 'time_groups': 118, 'batches': 1}
{'event': 'baseline_epoch_time_group', 'model': 'LMMLPBaseline', 'epoch': 2, 'time_group': 90, 'time_groups': 118, 'batches': 1}
{'event': 'baseline_epoch_time_group', 'model': 'LMMLPBaseline', 'epoch': 2, 'time_group': 100, 'time_groups': 118, 'batches': 1}
{'event': 'baseline_epoch_time_group', 'model': 'LMMLPBaseline', 'epoch': 2, 'time_group': 110, 'time_groups': 118, 'batches': 1}
{'event': 'baseline_epoch_time_group', 'model': 'LMMLPBaseline', 'epoch': 2, 'time_group': 118, 'time_groups': 118, 'batches': 1}
{'event': 'baseline_validation_start', 'model': 'LMMLPBaseline', 'epoch': 2}
{'event': 'baseline_epoch_end', 'model': 'LMMLPBaseline', 'epoch': 2, 'val_auc': 0.7484035457734917, 'elapsed_sec': 2.9747487790882587}
{'event': 'baseline_epoch_start', 'model': 'LMMLPBaseline', 'epoch': 3, 'epochs': 20, 'requires_struct_features': False}
{'event': 'baseline_epoch_time_group', 'model': 'LMMLPBaseline', 'epoch': 3, 'time_group': 1, 'time_groups': 118, 'batches': 1}
{'event': 'baseline_epoch_time_group', 'model': 'LMMLPBaseline', 'epoch': 3, 'time_group': 10, 'time_groups': 118, 'batches': 1}
{'event': 'baseline_epoch_time_group', 'model': 'LMMLPBaseline', 'epoch': 3, 'time_group': 20, 'time_groups': 118, 'batches': 1}
{'event': 'baseline_epoch_time_group', 'model': 'LMMLPBaseline', 'epoch': 3, 'time_group': 30, 'time_groups': 118, 'batches': 1}
{'event': 'baseline_epoch_time_group', 'model': 'LMMLPBaseline', 'epoch': 3, 'time_group': 40, 'time_groups': 118, 'batches': 1}
{'event': 'baseline_epoch_time_group', 'model': 'LMMLPBaseline', 'epoch': 3, 'time_group': 50, 'time_groups': 118, 'batches': 1}
{'event': 'baseline_epoch_time_group', 'model': 'LMMLPBaseline', 'epoch': 3, 'time_group': 60, 'time_groups': 118, 'batches': 1}
{'event': 'baseline_epoch_time_group', 'model': 'LMMLPBaseline', 'epoch': 3, 'time_group': 70, 'time_groups': 118, 'batches': 1}
{'event': 'baseline_epoch_time_group', 'model': 'LMMLPBaseline', 'epoch': 3, 'time_group': 80, 'time_groups': 118, 'batches': 1}
{'event': 'baseline_epoch_time_group', 'model': 'LMMLPBaseline', 'epoch': 3, 'time_group': 90, 'time_groups': 118, 'batches': 1}
{'event': 'baseline_epoch_time_group', 'model': 'LMMLPBaseline', 'epoch': 3, 'time_group': 100, 'time_groups': 118, 'batches': 1}
{'event': 'baseline_epoch_time_group', 'model': 'LMMLPBaseline', 'epoch': 3, 'time_group': 110, 'time_groups': 118, 'batches': 1}
{'event': 'baseline_epoch_time_group', 'model': 'LMMLPBaseline', 'epoch': 3, 'time_group': 118, 'time_groups': 118, 'batches': 1}
{'event': 'baseline_validation_start', 'model': 'LMMLPBaseline', 'epoch': 3}
{'event': 'baseline_epoch_end', 'model': 'LMMLPBaseline', 'epoch': 3, 'val_auc': 0.7450784112225369, 'elapsed_sec': 3.0020866878330708}
{'event': 'baseline_epoch_start', 'model': 'LMMLPBaseline', 'epoch': 4, 'epochs': 20, 'requires_struct_features': False}
{'event': 'baseline_epoch_time_group', 'model': 'LMMLPBaseline', 'epoch': 4, 'time_group': 1, 'time_groups': 118, 'batches': 1}
{'event': 'baseline_epoch_time_group', 'model': 'LMMLPBaseline', 'epoch': 4, 'time_group': 10, 'time_groups': 118, 'batches': 1}
{'event': 'baseline_epoch_time_group', 'model': 'LMMLPBaseline', 'epoch': 4, 'time_group': 20, 'time_groups': 118, 'batches': 1}
{'event': 'baseline_epoch_time_group', 'model': 'LMMLPBaseline', 'epoch': 4, 'time_group': 30, 'time_groups': 118, 'batches': 1}
{'event': 'baseline_epoch_time_group', 'model': 'LMMLPBaseline', 'epoch': 4, 'time_group': 40, 'time_groups': 118, 'batches': 1}
{'event': 'baseline_epoch_time_group', 'model': 'LMMLPBaseline', 'epoch': 4, 'time_group': 50, 'time_groups': 118, 'batches': 1}
{'event': 'baseline_epoch_time_group', 'model': 'LMMLPBaseline', 'epoch': 4, 'time_group': 60, 'time_groups': 118, 'batches': 1}
{'event': 'baseline_epoch_time_group', 'model': 'LMMLPBaseline', 'epoch': 4, 'time_group': 70, 'time_groups': 118, 'batches': 1}
{'event': 'baseline_epoch_time_group', 'model': 'LMMLPBaseline', 'epoch': 4, 'time_group': 80, 'time_groups': 118, 'batches': 1}
{'event': 'baseline_epoch_time_group', 'model': 'LMMLPBaseline', 'epoch': 4, 'time_group': 90, 'time_groups': 118, 'batches': 1}
{'event': 'baseline_epoch_time_group', 'model': 'LMMLPBaseline', 'epoch': 4, 'time_group': 100, 'time_groups': 118, 'batches': 1}
{'event': 'baseline_epoch_time_group', 'model': 'LMMLPBaseline', 'epoch': 4, 'time_group': 110, 'time_groups': 118, 'batches': 1}
{'event': 'baseline_epoch_time_group', 'model': 'LMMLPBaseline', 'epoch': 4, 'time_group': 118, 'time_groups': 118, 'batches': 1}
{'event': 'baseline_validation_start', 'model': 'LMMLPBaseline', 'epoch': 4}
{'event': 'baseline_epoch_end', 'model': 'LMMLPBaseline', 'epoch': 4, 'val_auc': 0.7557694445920193, 'elapsed_sec': 3.1071373224258423}
{'event': 'baseline_epoch_start', 'model': 'LMMLPBaseline', 'epoch': 5, 'epochs': 20, 'requires_struct_features': False}
{'event': 'baseline_epoch_time_group', 'model': 'LMMLPBaseline', 'epoch': 5, 'time_group': 1, 'time_groups': 118, 'batches': 1}
{'event': 'baseline_epoch_time_group', 'model': 'LMMLPBaseline', 'epoch': 5, 'time_group': 10, 'time_groups': 118, 'batches': 1}
{'event': 'baseline_epoch_time_group', 'model': 'LMMLPBaseline', 'epoch': 5, 'time_group': 20, 'time_groups': 118, 'batches': 1}
{'event': 'baseline_epoch_time_group', 'model': 'LMMLPBaseline', 'epoch': 5, 'time_group': 30, 'time_groups': 118, 'batches': 1}
{'event': 'baseline_epoch_time_group', 'model': 'LMMLPBaseline', 'epoch': 5, 'time_group': 40, 'time_groups': 118, 'batches': 1}
{'event': 'baseline_epoch_time_group', 'model': 'LMMLPBaseline', 'epoch': 5, 'time_group': 50, 'time_groups': 118, 'batches': 1}
{'event': 'baseline_epoch_time_group', 'model': 'LMMLPBaseline', 'epoch': 5, 'time_group': 60, 'time_groups': 118, 'batches': 1}
{'event': 'baseline_epoch_time_group', 'model': 'LMMLPBaseline', 'epoch': 5, 'time_group': 70, 'time_groups': 118, 'batches': 1}
{'event': 'baseline_epoch_time_group', 'model': 'LMMLPBaseline', 'epoch': 5, 'time_group': 80, 'time_groups': 118, 'batches': 1}
{'event': 'baseline_epoch_time_group', 'model': 'LMMLPBaseline', 'epoch': 5, 'time_group': 90, 'time_groups': 118, 'batches': 1}
{'event': 'baseline_epoch_time_group', 'model': 'LMMLPBaseline', 'epoch': 5, 'time_group': 100, 'time_groups': 118, 'batches': 1}
{'event': 'baseline_epoch_time_group', 'model': 'LMMLPBaseline', 'epoch': 5, 'time_group': 110, 'time_groups': 118, 'batches': 1}
{'event': 'baseline_epoch_time_group', 'model': 'LMMLPBaseline', 'epoch': 5, 'time_group': 118, 'time_groups': 118, 'batches': 1}
{'event': 'baseline_validation_start', 'model': 'LMMLPBaseline', 'epoch': 5}
{'event': 'baseline_epoch_end', 'model': 'LMMLPBaseline', 'epoch': 5, 'val_auc': 0.7435637939408966, 'elapsed_sec': 3.2419616170227528}
{'event': 'baseline_epoch_start', 'model': 'LMMLPBaseline', 'epoch': 6, 'epochs': 20, 'requires_struct_features': False}
{'event': 'baseline_epoch_time_group', 'model': 'LMMLPBaseline', 'epoch': 6, 'time_group': 1, 'time_groups': 118, 'batches': 1}
{'event': 'baseline_epoch_time_group', 'model': 'LMMLPBaseline', 'epoch': 6, 'time_group': 10, 'time_groups': 118, 'batches': 1}
{'event': 'baseline_epoch_time_group', 'model': 'LMMLPBaseline', 'epoch': 6, 'time_group': 20, 'time_groups': 118, 'batches': 1}
{'event': 'baseline_epoch_time_group', 'model': 'LMMLPBaseline', 'epoch': 6, 'time_group': 30, 'time_groups': 118, 'batches': 1}
{'event': 'baseline_epoch_time_group', 'model': 'LMMLPBaseline', 'epoch': 6, 'time_group': 40, 'time_groups': 118, 'batches': 1}
{'event': 'baseline_epoch_time_group', 'model': 'LMMLPBaseline', 'epoch': 6, 'time_group': 50, 'time_groups': 118, 'batches': 1}
{'event': 'baseline_epoch_time_group', 'model': 'LMMLPBaseline', 'epoch': 6, 'time_group': 60, 'time_groups': 118, 'batches': 1}
{'event': 'baseline_epoch_time_group', 'model': 'LMMLPBaseline', 'epoch': 6, 'time_group': 70, 'time_groups': 118, 'batches': 1}
{'event': 'baseline_epoch_time_group', 'model': 'LMMLPBaseline', 'epoch': 6, 'time_group': 80, 'time_groups': 118, 'batches': 1}
{'event': 'baseline_epoch_time_group', 'model': 'LMMLPBaseline', 'epoch': 6, 'time_group': 90, 'time_groups': 118, 'batches': 1}
{'event': 'baseline_epoch_time_group', 'model': 'LMMLPBaseline', 'epoch': 6, 'time_group': 100, 'time_groups': 118, 'batches': 1}
{'event': 'baseline_epoch_time_group', 'model': 'LMMLPBaseline', 'epoch': 6, 'time_group': 110, 'time_groups': 118, 'batches': 1}
{'event': 'baseline_epoch_time_group', 'model': 'LMMLPBaseline', 'epoch': 6, 'time_group': 118, 'time_groups': 118, 'batches': 1}
{'event': 'baseline_validation_start', 'model': 'LMMLPBaseline', 'epoch': 6}
{'event': 'baseline_epoch_end', 'model': 'LMMLPBaseline', 'epoch': 6, 'val_auc': 0.7465828039796087, 'elapsed_sec': 3.158083491027355}
{'event': 'baseline_test_binary_start', 'method': 'lm_mlp', 'seed': 1}
{'event': 'baseline_test_ranking_start', 'method': 'lm_mlp', 'seed': 1}
{'dataset': 'yago15k-temporal', 'method': 'lm_mlp', 'scenario': 'standard', 'ablation': 'baseline', 'few_shot_ratio': 1.0, 'seed': 1, 'train_edges': 3244, 'val_edges': 6738, 'test_edges': 26719, 'params_trainable': 117633, 'params_total': 117633, 'train_eval_time_sec': 42.65322256460786, 'val_auc': 0.7633364000299203, 'val_ap': 0.1968713812604495, 'val_ndcg': 0.8205591094074868, 'test_auc': 0.7188254860719479, 'test_ap': 0.156618338338481, 'test_ndcg': 0.8256398534752609, 'test_mrr': 0.016356651631689006, 'test_hits@1': 0.0025, 'test_hits@10': 0.035, 'test_hits@50': 0.1375, 'test_hits@100': 0.2475}
{'event': 'baseline_start', 'method': 'structure_mlp', 'seed': 1}
{'event': 'baseline_epoch_start', 'model': 'StructureMLPBaseline', 'epoch': 1, 'epochs': 20, 'requires_struct_features': True}
{'event': 'baseline_epoch_time_group', 'model': 'StructureMLPBaseline', 'epoch': 1, 'time_group': 1, 'time_groups': 118, 'batches': 1}
{'event': 'baseline_epoch_time_group', 'model': 'StructureMLPBaseline', 'epoch': 1, 'time_group': 10, 'time_groups': 118, 'batches': 1}
{'event': 'baseline_epoch_time_group', 'model': 'StructureMLPBaseline', 'epoch': 1, 'time_group': 20, 'time_groups': 118, 'batches': 1}
{'event': 'baseline_epoch_time_group', 'model': 'StructureMLPBaseline', 'epoch': 1, 'time_group': 30, 'time_groups': 118, 'batches': 1}
{'event': 'baseline_epoch_time_group', 'model': 'StructureMLPBaseline', 'epoch': 1, 'time_group': 40, 'time_groups': 118, 'batches': 1}
{'event': 'baseline_epoch_time_group', 'model': 'StructureMLPBaseline', 'epoch': 1, 'time_group': 50, 'time_groups': 118, 'batches': 1}
{'event': 'baseline_epoch_time_group', 'model': 'StructureMLPBaseline', 'epoch': 1, 'time_group': 60, 'time_groups': 118, 'batches': 1}
{'event': 'baseline_epoch_time_group', 'model': 'StructureMLPBaseline', 'epoch': 1, 'time_group': 70, 'time_groups': 118, 'batches': 1}
{'event': 'baseline_epoch_time_group', 'model': 'StructureMLPBaseline', 'epoch': 1, 'time_group': 80, 'time_groups': 118, 'batches': 1}
{'event': 'baseline_epoch_time_group', 'model': 'StructureMLPBaseline', 'epoch': 1, 'time_group': 90, 'time_groups': 118, 'batches': 1}
{'event': 'baseline_epoch_time_group', 'model': 'StructureMLPBaseline', 'epoch': 1, 'time_group': 100, 'time_groups': 118, 'batches': 1}
{'event': 'baseline_epoch_time_group', 'model': 'StructureMLPBaseline', 'epoch': 1, 'time_group': 110, 'time_groups': 118, 'batches': 1}
{'event': 'baseline_epoch_time_group', 'model': 'StructureMLPBaseline', 'epoch': 1, 'time_group': 118, 'time_groups': 118, 'batches': 1}
{'event': 'baseline_validation_start', 'model': 'StructureMLPBaseline', 'epoch': 1}
{'event': 'baseline_epoch_end', 'model': 'StructureMLPBaseline', 'epoch': 1, 'val_auc': 0.6253771796717245, 'elapsed_sec': 59.7748140655458}
{'event': 'baseline_epoch_start', 'model': 'StructureMLPBaseline', 'epoch': 2, 'epochs': 20, 'requires_struct_features': True}
{'event': 'baseline_epoch_time_group', 'model': 'StructureMLPBaseline', 'epoch': 2, 'time_group': 1, 'time_groups': 118, 'batches': 1}
{'event': 'baseline_epoch_time_group', 'model': 'StructureMLPBaseline', 'epoch': 2, 'time_group': 10, 'time_groups': 118, 'batches': 1}
{'event': 'baseline_epoch_time_group', 'model': 'StructureMLPBaseline', 'epoch': 2, 'time_group': 20, 'time_groups': 118, 'batches': 1}
{'event': 'baseline_epoch_time_group', 'model': 'StructureMLPBaseline', 'epoch': 2, 'time_group': 30, 'time_groups': 118, 'batches': 1}
{'event': 'baseline_epoch_time_group', 'model': 'StructureMLPBaseline', 'epoch': 2, 'time_group': 40, 'time_groups': 118, 'batches': 1}
{'event': 'baseline_epoch_time_group', 'model': 'StructureMLPBaseline', 'epoch': 2, 'time_group': 50, 'time_groups': 118, 'batches': 1}
{'event': 'baseline_epoch_time_group', 'model': 'StructureMLPBaseline', 'epoch': 2, 'time_group': 60, 'time_groups': 118, 'batches': 1}
{'event': 'baseline_epoch_time_group', 'model': 'StructureMLPBaseline', 'epoch': 2, 'time_group': 70, 'time_groups': 118, 'batches': 1}
{'event': 'baseline_epoch_time_group', 'model': 'StructureMLPBaseline', 'epoch': 2, 'time_group': 80, 'time_groups': 118, 'batches': 1}
{'event': 'baseline_epoch_time_group', 'model': 'StructureMLPBaseline', 'epoch': 2, 'time_group': 90, 'time_groups': 118, 'batches': 1}
{'event': 'baseline_epoch_time_group', 'model': 'StructureMLPBaseline', 'epoch': 2, 'time_group': 100, 'time_groups': 118, 'batches': 1}
{'event': 'baseline_epoch_time_group', 'model': 'StructureMLPBaseline', 'epoch': 2, 'time_group': 110, 'time_groups': 118, 'batches': 1}
{'event': 'baseline_epoch_time_group', 'model': 'StructureMLPBaseline', 'epoch': 2, 'time_group': 118, 'time_groups': 118, 'batches': 1}
{'event': 'baseline_validation_start', 'model': 'StructureMLPBaseline', 'epoch': 2}
{'event': 'baseline_epoch_end', 'model': 'StructureMLPBaseline', 'epoch': 2, 'val_auc': 0.61859318008793, 'elapsed_sec': 59.703941371291876}
{'event': 'baseline_epoch_start', 'model': 'StructureMLPBaseline', 'epoch': 3, 'epochs': 20, 'requires_struct_features': True}
{'event': 'baseline_epoch_time_group', 'model': 'StructureMLPBaseline', 'epoch': 3, 'time_group': 1, 'time_groups': 118, 'batches': 1}
{'event': 'baseline_epoch_time_group', 'model': 'StructureMLPBaseline', 'epoch': 3, 'time_group': 10, 'time_groups': 118, 'batches': 1}
{'event': 'baseline_epoch_time_group', 'model': 'StructureMLPBaseline', 'epoch': 3, 'time_group': 20, 'time_groups': 118, 'batches': 1}
{'event': 'baseline_epoch_time_group', 'model': 'StructureMLPBaseline', 'epoch': 3, 'time_group': 30, 'time_groups': 118, 'batches': 1}
{'event': 'baseline_epoch_time_group', 'model': 'StructureMLPBaseline', 'epoch': 3, 'time_group': 40, 'time_groups': 118, 'batches': 1}
{'event': 'baseline_epoch_time_group', 'model': 'StructureMLPBaseline', 'epoch': 3, 'time_group': 50, 'time_groups': 118, 'batches': 1}
{'event': 'baseline_epoch_time_group', 'model': 'StructureMLPBaseline', 'epoch': 3, 'time_group': 60, 'time_groups': 118, 'batches': 1}
{'event': 'baseline_epoch_time_group', 'model': 'StructureMLPBaseline', 'epoch': 3, 'time_group': 70, 'time_groups': 118, 'batches': 1}
{'event': 'baseline_epoch_time_group', 'model': 'StructureMLPBaseline', 'epoch': 3, 'time_group': 80, 'time_groups': 118, 'batches': 1}
{'event': 'baseline_epoch_time_group', 'model': 'StructureMLPBaseline', 'epoch': 3, 'time_group': 90, 'time_groups': 118, 'batches': 1}
{'event': 'baseline_epoch_time_group', 'model': 'StructureMLPBaseline', 'epoch': 3, 'time_group': 100, 'time_groups': 118, 'batches': 1}
{'event': 'baseline_epoch_time_group', 'model': 'StructureMLPBaseline', 'epoch': 3, 'time_group': 110, 'time_groups': 118, 'batches': 1}
{'event': 'baseline_epoch_time_group', 'model': 'StructureMLPBaseline', 'epoch': 3, 'time_group': 118, 'time_groups': 118, 'batches': 1}
{'event': 'baseline_validation_start', 'model': 'StructureMLPBaseline', 'epoch': 3}
{'event': 'baseline_epoch_end', 'model': 'StructureMLPBaseline', 'epoch': 3, 'val_auc': 0.6162549742686471, 'elapsed_sec': 60.028472293168306}
{'event': 'baseline_epoch_start', 'model': 'StructureMLPBaseline', 'epoch': 4, 'epochs': 20, 'requires_struct_features': True}
{'event': 'baseline_epoch_time_group', 'model': 'StructureMLPBaseline', 'epoch': 4, 'time_group': 1, 'time_groups': 118, 'batches': 1}
{'event': 'baseline_epoch_time_group', 'model': 'StructureMLPBaseline', 'epoch': 4, 'time_group': 10, 'time_groups': 118, 'batches': 1}
{'event': 'baseline_epoch_time_group', 'model': 'StructureMLPBaseline', 'epoch': 4, 'time_group': 20, 'time_groups': 118, 'batches': 1}
{'event': 'baseline_epoch_time_group', 'model': 'StructureMLPBaseline', 'epoch': 4, 'time_group': 30, 'time_groups': 118, 'batches': 1}
{'event': 'baseline_epoch_time_group', 'model': 'StructureMLPBaseline', 'epoch': 4, 'time_group': 40, 'time_groups': 118, 'batches': 1}
{'event': 'baseline_epoch_time_group', 'model': 'StructureMLPBaseline', 'epoch': 4, 'time_group': 50, 'time_groups': 118, 'batches': 1}
{'event': 'baseline_epoch_time_group', 'model': 'StructureMLPBaseline', 'epoch': 4, 'time_group': 60, 'time_groups': 118, 'batches': 1}
{'event': 'baseline_epoch_time_group', 'model': 'StructureMLPBaseline', 'epoch': 4, 'time_group': 70, 'time_groups': 118, 'batches': 1}
{'event': 'baseline_epoch_time_group', 'model': 'StructureMLPBaseline', 'epoch': 4, 'time_group': 80, 'time_groups': 118, 'batches': 1}
{'event': 'baseline_epoch_time_group', 'model': 'StructureMLPBaseline', 'epoch': 4, 'time_group': 90, 'time_groups': 118, 'batches': 1}
{'event': 'baseline_epoch_time_group', 'model': 'StructureMLPBaseline', 'epoch': 4, 'time_group': 100, 'time_groups': 118, 'batches': 1}
{'event': 'baseline_epoch_time_group', 'model': 'StructureMLPBaseline', 'epoch': 4, 'time_group': 110, 'time_groups': 118, 'batches': 1}
{'event': 'baseline_epoch_time_group', 'model': 'StructureMLPBaseline', 'epoch': 4, 'time_group': 118, 'time_groups': 118, 'batches': 1}
{'event': 'baseline_validation_start', 'model': 'StructureMLPBaseline', 'epoch': 4}
{'event': 'baseline_epoch_end', 'model': 'StructureMLPBaseline', 'epoch': 4, 'val_auc': 0.6123165092107504, 'elapsed_sec': 59.82523427903652}
{'event': 'baseline_epoch_start', 'model': 'StructureMLPBaseline', 'epoch': 5, 'epochs': 20, 'requires_struct_features': True}
{'event': 'baseline_epoch_time_group', 'model': 'StructureMLPBaseline', 'epoch': 5, 'time_group': 1, 'time_groups': 118, 'batches': 1}
{'event': 'baseline_epoch_time_group', 'model': 'StructureMLPBaseline', 'epoch': 5, 'time_group': 10, 'time_groups': 118, 'batches': 1}
{'event': 'baseline_epoch_time_group', 'model': 'StructureMLPBaseline', 'epoch': 5, 'time_group': 20, 'time_groups': 118, 'batches': 1}
{'event': 'baseline_epoch_time_group', 'model': 'StructureMLPBaseline', 'epoch': 5, 'time_group': 30, 'time_groups': 118, 'batches': 1}
{'event': 'baseline_epoch_time_group', 'model': 'StructureMLPBaseline', 'epoch': 5, 'time_group': 40, 'time_groups': 118, 'batches': 1}
{'event': 'baseline_epoch_time_group', 'model': 'StructureMLPBaseline', 'epoch': 5, 'time_group': 50, 'time_groups': 118, 'batches': 1}
{'event': 'baseline_epoch_time_group', 'model': 'StructureMLPBaseline', 'epoch': 5, 'time_group': 60, 'time_groups': 118, 'batches': 1}
{'event': 'baseline_epoch_time_group', 'model': 'StructureMLPBaseline', 'epoch': 5, 'time_group': 70, 'time_groups': 118, 'batches': 1}
{'event': 'baseline_epoch_time_group', 'model': 'StructureMLPBaseline', 'epoch': 5, 'time_group': 80, 'time_groups': 118, 'batches': 1}
{'event': 'baseline_epoch_time_group', 'model': 'StructureMLPBaseline', 'epoch': 5, 'time_group': 90, 'time_groups': 118, 'batches': 1}
{'event': 'baseline_epoch_time_group', 'model': 'StructureMLPBaseline', 'epoch': 5, 'time_group': 100, 'time_groups': 118, 'batches': 1}
{'event': 'baseline_epoch_time_group', 'model': 'StructureMLPBaseline', 'epoch': 5, 'time_group': 110, 'time_groups': 118, 'batches': 1}
{'event': 'baseline_epoch_time_group', 'model': 'StructureMLPBaseline', 'epoch': 5, 'time_group': 118, 'time_groups': 118, 'batches': 1}
{'event': 'baseline_validation_start', 'model': 'StructureMLPBaseline', 'epoch': 5}
{'event': 'baseline_epoch_end', 'model': 'StructureMLPBaseline', 'epoch': 5, 'val_auc': 0.6118798513078362, 'elapsed_sec': 59.3180183917284}
{'event': 'baseline_epoch_start', 'model': 'StructureMLPBaseline', 'epoch': 6, 'epochs': 20, 'requires_struct_features': True}
{'event': 'baseline_epoch_time_group', 'model': 'StructureMLPBaseline', 'epoch': 6, 'time_group': 1, 'time_groups': 118, 'batches': 1}
{'event': 'baseline_epoch_time_group', 'model': 'StructureMLPBaseline', 'epoch': 6, 'time_group': 10, 'time_groups': 118, 'batches': 1}
{'event': 'baseline_epoch_time_group', 'model': 'StructureMLPBaseline', 'epoch': 6, 'time_group': 20, 'time_groups': 118, 'batches': 1}
{'event': 'baseline_epoch_time_group', 'model': 'StructureMLPBaseline', 'epoch': 6, 'time_group': 30, 'time_groups': 118, 'batches': 1}
{'event': 'baseline_epoch_time_group', 'model': 'StructureMLPBaseline', 'epoch': 6, 'time_group': 40, 'time_groups': 118, 'batches': 1}
{'event': 'baseline_epoch_time_group', 'model': 'StructureMLPBaseline', 'epoch': 6, 'time_group': 50, 'time_groups': 118, 'batches': 1}
{'event': 'baseline_epoch_time_group', 'model': 'StructureMLPBaseline', 'epoch': 6, 'time_group': 60, 'time_groups': 118, 'batches': 1}
{'event': 'baseline_epoch_time_group', 'model': 'StructureMLPBaseline', 'epoch': 6, 'time_group': 70, 'time_groups': 118, 'batches': 1}
{'event': 'baseline_epoch_time_group', 'model': 'StructureMLPBaseline', 'epoch': 6, 'time_group': 80, 'time_groups': 118, 'batches': 1}
{'event': 'baseline_epoch_time_group', 'model': 'StructureMLPBaseline', 'epoch': 6, 'time_group': 90, 'time_groups': 118, 'batches': 1}
{'event': 'baseline_epoch_time_group', 'model': 'StructureMLPBaseline', 'epoch': 6, 'time_group': 100, 'time_groups': 118, 'batches': 1}
{'event': 'baseline_epoch_time_group', 'model': 'StructureMLPBaseline', 'epoch': 6, 'time_group': 110, 'time_groups': 118, 'batches': 1}
{'event': 'baseline_epoch_time_group', 'model': 'StructureMLPBaseline', 'epoch': 6, 'time_group': 118, 'time_groups': 118, 'batches': 1}
{'event': 'baseline_validation_start', 'model': 'StructureMLPBaseline', 'epoch': 6}
{'event': 'baseline_epoch_end', 'model': 'StructureMLPBaseline', 'epoch': 6, 'val_auc': 0.6180042214819685, 'elapsed_sec': 59.13387103751302}
{'event': 'baseline_test_binary_start', 'method': 'structure_mlp', 'seed': 1}
{'event': 'baseline_test_ranking_start', 'method': 'structure_mlp', 'seed': 1}
{'dataset': 'yago15k-temporal', 'method': 'structure_mlp', 'scenario': 'standard', 'ablation': 'baseline', 'few_shot_ratio': 1.0, 'seed': 1, 'train_edges': 3244, 'val_edges': 6738, 'test_edges': 26719, 'params_trainable': 19713, 'params_total': 19713, 'train_eval_time_sec': 1856.2002309039235, 'val_auc': 0.6265151712385403, 'val_ap': 0.14726380972462202, 'val_ndcg': 0.7973921434056118, 'test_auc': 0.6684103738144495, 'test_ap': 0.1520067482800652, 'test_ndcg': 0.8258851230581107, 'test_mrr': 0.127715492644207, 'test_hits@1': 0.055, 'test_hits@10': 0.23, 'test_hits@50': 0.455, 'test_hits@100': 0.61}
