2026-05-24_22:40:01 merged_rows_pending=0/15
2026-05-24_22:45:01 merged_rows_pending=0/15
2026-05-24_22:50:01 merged_rows_pending=0/15
2026-05-24_22:55:01 merged_rows_pending=0/15
2026-05-24_23:00:01 merged_rows_pending=0/15
2026-05-24_23:05:01 merged_rows_pending=0/15
2026-05-24_23:10:01 merged_rows_pending=0/15
2026-05-24_23:15:01 merged_rows_pending=0/15
2026-05-24_23:20:01 merged_rows_pending=0/15
2026-05-24_23:25:01 merged_rows_pending=0/15
2026-05-24_23:30:01 merged_rows_pending=0/15
2026-05-24_23:35:01 merged_rows_pending=0/15
2026-05-24_23:40:01 merged_rows_pending=0/15
2026-05-24_23:45:01 merged_rows_pending=0/15
2026-05-24_23:50:01 merged_rows_pending=0/15
2026-05-24_23:55:01 merged_rows_pending=0/15
2026-05-25_00:00:01 merged_rows_pending=0/15
2026-05-25_00:05:01 merged_rows_pending=0/15
2026-05-25_00:10:01 merged_rows_pending=0/15
2026-05-25_00:15:01 merged_rows_pending=0/15
2026-05-25_00:20:01 merged_rows_pending=0/15
2026-05-25_00:25:01 merged_rows_pending=0/15
2026-05-25_00:30:01 merged_rows_pending=0/15
2026-05-25_00:35:01 merged_rows_pending=0/15
2026-05-25_00:40:01 merged_rows_pending=0/15
2026-05-25_00:45:01 merged_rows_pending=0/15
2026-05-25_00:50:01 merged_rows_pending=0/15
2026-05-25_00:55:01 merged_rows_pending=0/15
2026-05-25_01:00:01 merged_rows_pending=0/15
2026-05-25_01:05:01 merged_rows_pending=0/15
2026-05-25_01:10:01 merged_rows_pending=0/15
2026-05-25_01:15:01 merged_rows_pending=0/15
2026-05-25_01:20:01 merged_rows_pending=0/15
2026-05-25_01:25:01 merged_rows_pending=0/15
2026-05-25_01:30:01 merged_rows_pending=0/15
2026-05-25_01:35:01 merged_rows_pending=0/15
2026-05-25_01:40:01 merged_rows_pending=0/15
2026-05-25_01:45:01 merged_rows_pending=0/15
2026-05-25_01:50:01 merged_rows_pending=0/15
2026-05-25_01:55:01 merged_rows_pending=0/15
2026-05-25_02:00:01 merged_rows_pending=0/15
2026-05-25_02:05:01 merged_rows_pending=0/15
2026-05-25_02:10:01 merged_rows_pending=0/15
2026-05-25_02:15:01 merged_rows_pending=0/15
2026-05-25_02:20:01 merged_rows_pending=0/15
2026-05-25_02:25:01 merged_rows_pending=0/15
2026-05-25_02:30:01 merged_rows_pending=0/15
2026-05-25_02:35:01 merged_rows_pending=0/15
2026-05-25_02:40:01 merged_rows_pending=0/15
2026-05-25_02:45:01 merged_rows_pending=0/15
2026-05-25_02:50:01 merged_rows_pending=0/15
2026-05-25_02:55:01 merged_rows_pending=0/15
2026-05-25_03:00:01 merged_rows_pending=0/15
2026-05-25_03:05:01 merged_rows_pending=0/15
2026-05-25_03:10:01 merged_rows_pending=0/15
2026-05-25_03:15:01 merged_rows_pending=0/15
2026-05-25_03:20:01 merged_rows_pending=0/15
2026-05-25_03:25:01 merged_rows_pending=0/15
2026-05-25_03:30:01 merged_rows_pending=0/15
2026-05-25_03:35:01 merged_rows_pending=0/15
2026-05-25_03:40:01 merged_rows_pending=0/15
2026-05-25_03:45:02 merged_rows_pending=0/15
2026-05-25_03:50:02 merged_rows_pending=0/15
2026-05-25_03:55:02 merged_rows_pending=0/15
2026-05-25_04:00:02 merged_rows_pending=0/15
2026-05-25_04:05:02 merged_rows_pending=0/15
2026-05-25_04:10:02 merged_rows_pending=0/15
2026-05-25_04:15:02 merged_rows_pending=0/15
2026-05-25_04:20:02 merged_rows_pending=0/15
2026-05-25_04:25:02 merged_rows_pending=0/15
2026-05-25_04:30:02 merged_rows_pending=0/15
2026-05-25_04:35:02 merged_rows_pending=0/15
2026-05-25_04:40:02 merged_rows_pending=0/15
2026-05-25_04:45:02 merged_rows_pending=0/15
2026-05-25_04:50:02 merged_rows_pending=0/15
2026-05-25_04:55:02 merged_rows_pending=0/15
2026-05-25_05:00:02 merged_rows_pending=0/15
2026-05-25_05:05:02 merged_rows_pending=0/15
2026-05-25_05:10:02 merged_rows_pending=0/15
2026-05-25_05:15:02 merged_rows_pending=0/15
2026-05-25_05:20:02 merged_rows_pending=0/15
2026-05-25_05:25:02 merged_rows_pending=0/15
2026-05-25_05:30:02 merged_rows_pending=0/15
2026-05-25_05:35:02 merged_rows_pending=0/15
2026-05-25_05:40:02 merged_rows_pending=0/15
2026-05-25_05:45:02 merged_rows_pending=0/15
2026-05-25_05:50:02 merged_rows_pending=0/15
2026-05-25_05:55:02 merged_rows_pending=0/15
2026-05-25_06:00:02 merged_rows_pending=0/15
2026-05-25_06:05:02 merged_rows_pending=0/15
2026-05-25_06:10:02 merged_rows_pending=0/15
2026-05-25_06:15:02 merged_rows_pending=0/15
2026-05-25_06:20:02 merged_rows_pending=0/15
2026-05-25_06:25:02 merged_rows_pending=0/15
2026-05-25_06:30:02 merged_rows_pending=0/15
2026-05-25_06:35:02 merged_rows_pending=0/15
2026-05-25_06:40:02 merged_rows_pending=0/15
2026-05-25_06:45:02 merged_rows_pending=0/15
2026-05-25_06:50:02 merged_rows_pending=0/15
2026-05-25_06:55:02 merged_rows_pending=0/15
2026-05-25_07:00:02 merged_rows_pending=0/15
2026-05-25_07:05:02 merged_rows_pending=0/15
2026-05-25_07:10:02 merged_rows_pending=0/15
2026-05-25_07:15:02 merged_rows_pending=0/15
2026-05-25_07:20:02 merged_rows_pending=0/15
2026-05-25_07:25:02 merged_rows_pending=0/15
2026-05-25_07:30:02 merged_rows_pending=0/15
2026-05-25_07:35:02 merged_rows_pending=0/15
2026-05-25_07:40:02 merged_rows_pending=0/15
2026-05-25_07:45:02 merged_rows_pending=0/15
2026-05-25_07:50:02 merged_rows_pending=0/15
2026-05-25_07:55:02 merged_rows_pending=0/15
2026-05-25_08:00:02 merged_rows_pending=0/15
2026-05-25_08:05:02 merged_rows_pending=0/15
2026-05-25_08:10:02 merged_rows_pending=0/15
2026-05-25_08:15:02 merged_rows_pending=0/15
2026-05-25_08:20:02 merged_rows_pending=0/15
2026-05-25_08:25:02 merged_rows_pending=0/15
2026-05-25_08:30:02 merged_rows_pending=0/15
2026-05-25_08:35:02 merged_rows_pending=0/15
2026-05-25_08:40:02 merged_rows_pending=0/15
2026-05-25_08:45:02 merged_rows_pending=0/15
2026-05-25_08:50:02 merged_rows_pending=0/15
2026-05-25_08:55:02 merged_rows_pending=0/15
2026-05-25_09:00:02 merged_rows_pending=0/15
2026-05-25_09:05:02 merged_rows_pending=0/15
2026-05-25_09:10:02 merged_rows_pending=0/15
2026-05-25_09:15:02 merged_rows_pending=0/15
2026-05-25_09:20:02 merged_rows_pending=0/15
2026-05-25_09:25:02 merged_rows_pending=0/15
2026-05-25_09:30:02 merged_rows_pending=0/15
2026-05-25_09:35:02 merged_rows_pending=0/15
2026-05-25_09:40:02 merged_rows_pending=0/15
2026-05-25_09:45:02 merged_rows_pending=0/15
2026-05-25_09:50:02 merged_rows_pending=0/15
2026-05-25_09:55:02 merged_rows_pending=0/15
2026-05-25_10:00:02 merged_rows_pending=0/15
2026-05-25_10:05:02 merged_rows_pending=0/15
2026-05-25_10:10:02 merged_rows_pending=0/15
2026-05-25_10:15:02 merged_rows_pending=0/15
2026-05-25_10:20:02 merged_rows_pending=0/15
2026-05-25_10:25:02 merged_rows_pending=0/15
2026-05-25_10:30:02 merged_rows_pending=0/15
2026-05-25_10:35:02 merged_rows_pending=0/15
2026-05-25_10:40:02 merged_rows_pending=0/15
2026-05-25_10:45:02 merged_rows_pending=0/15
2026-05-25_10:50:02 merged_rows_pending=0/15
2026-05-25_10:55:02 merged_rows_pending=0/15
2026-05-25_11:00:02 merged_rows_pending=0/15
2026-05-25_11:05:02 merged_rows_pending=0/15
2026-05-25_11:10:02 merged_rows_pending=0/15
2026-05-25_11:15:02 merged_rows_pending=0/15
2026-05-25_11:20:02 merged_rows_pending=0/15
2026-05-25_11:25:02 merged_rows_pending=0/15
2026-05-25_11:30:02 merged_rows_pending=0/15
2026-05-25_11:35:02 merged_rows_pending=0/15
2026-05-25_11:40:02 merged_rows_pending=0/15
2026-05-25_11:45:02 merged_rows_pending=0/15
2026-05-25_11:50:02 merged_rows_pending=0/15
2026-05-25_11:55:02 merged_rows_pending=0/15
2026-05-25_12:00:02 merged_rows_pending=0/15
2026-05-25_12:05:02 merged_rows_pending=0/15
2026-05-25_12:10:02 merged_rows_pending=0/15
2026-05-25_12:15:02 merged_rows_pending=0/15
2026-05-25_12:20:02 merged_rows_pending=0/15
2026-05-25_12:25:02 merged_rows_pending=0/15
2026-05-25_12:30:02 merged_rows_pending=0/15
2026-05-25_12:35:02 merged_rows_pending=0/15
2026-05-25_12:40:02 merged_rows_pending=0/15
2026-05-25_12:45:02 merged_rows_pending=0/15
2026-05-25_12:50:02 merged_rows_pending=0/15
2026-05-25_12:55:02 merged_rows_pending=0/15
2026-05-25_13:00:02 merged_rows_pending=0/15
2026-05-25_13:05:02 merged_rows_pending=0/15
2026-05-25_13:10:02 merged_rows_pending=0/15
2026-05-25_13:15:02 merged_rows_pending=0/15
2026-05-25_13:20:02 merged_rows_pending=0/15
2026-05-25_13:25:02 merged_rows_pending=0/15
2026-05-25_13:30:02 merged_rows_pending=0/15
2026-05-25_13:35:02 merged_rows_pending=0/15
2026-05-25_13:40:02 merged_rows_pending=0/15
2026-05-25_13:45:02 merged_rows_pending=0/15
2026-05-25_13:50:02 merged_rows_pending=0/15
2026-05-25_13:55:02 merged_rows_pending=0/15
2026-05-25_14:00:02 merged_rows_pending=0/15
2026-05-25_14:05:02 merged_rows_pending=0/15
2026-05-25_14:10:02 merged_rows_pending=0/15
2026-05-25_14:15:02 merged_rows_pending=0/15
2026-05-25_14:20:02 merged_rows_pending=0/15
2026-05-25_14:25:02 merged_rows_pending=0/15
2026-05-25_14:30:02 merged_rows_pending=0/15
2026-05-25_14:35:02 merged_rows_pending=0/15
2026-05-25_14:40:02 merged_rows_pending=0/15
2026-05-25_14:45:02 merged_rows_pending=0/15
2026-05-25_14:50:02 merged_rows_pending=0/15
2026-05-25_14:55:02 merged_rows_pending=0/15
2026-05-25_15:00:02 merged_rows_pending=0/15
2026-05-25_15:05:02 merged_rows_pending=0/15
2026-05-25_15:10:02 merged_rows_pending=0/15
2026-05-25_15:15:02 merged_rows_pending=0/15
2026-05-25_15:20:02 merged_rows_pending=0/15
2026-05-25_15:25:02 merged_rows_pending=0/15
2026-05-25_15:30:02 merged_rows_pending=0/15
2026-05-25_15:35:02 merged_rows_pending=0/15
2026-05-25_15:40:02 merged_rows_pending=0/15
2026-05-25_15:45:02 merged_rows_pending=0/15
2026-05-25_15:50:02 merged_rows_pending=0/15
2026-05-25_15:55:02 merged_rows_pending=0/15
2026-05-25_16:00:02 merged_rows_pending=0/15
2026-05-25_16:05:02 merged_rows_pending=0/15
2026-05-25_16:10:02 merged_rows_pending=0/15
2026-05-25_16:15:02 merged_rows_pending=0/15
2026-05-25_16:20:02 merged_rows_pending=0/15
2026-05-25_16:25:02 merged_rows_pending=0/15
2026-05-25_16:30:02 merged_rows_pending=0/15
2026-05-25_16:35:02 merged_rows_pending=0/15
2026-05-25_16:40:02 merged_rows_pending=0/15
2026-05-25_16:45:02 merged_rows_pending=0/15
2026-05-25_16:50:02 merged_rows_pending=0/15
2026-05-25_16:55:02 merged_rows_pending=0/15
2026-05-25_17:00:02 merged_rows_pending=0/15
2026-05-25_17:05:02 merged_rows_pending=0/15
2026-05-25_17:10:02 merged_rows_pending=0/15
2026-05-25_17:15:02 merged_rows_pending=0/15
2026-05-25_17:20:02 merged_rows_pending=0/15
2026-05-25_17:25:02 merged_rows_pending=0/15
2026-05-25_17:30:02 merged_rows_pending=0/15
2026-05-25_17:35:02 merged_rows_pending=0/15
2026-05-25_17:40:02 merged_rows_pending=0/15
2026-05-25_17:45:02 merged_rows_pending=0/15
2026-05-25_17:50:02 merged_rows_pending=0/15
2026-05-25_17:55:02 merged_rows_pending=0/15
2026-05-25_18:00:02 merged_rows_pending=0/15
2026-05-25_18:05:02 merged_rows_pending=0/15
2026-05-25_18:10:02 merged_rows_pending=0/15
2026-05-25_18:15:02 merged_rows_pending=0/15
2026-05-25_18:20:02 merged_rows_pending=0/15
2026-05-25_18:25:02 merged_rows_pending=0/15
2026-05-25_18:30:02 merged_rows_pending=0/15
2026-05-25_18:35:02 merged_rows_pending=0/15
2026-05-25_18:40:02 merged_rows_pending=0/15
2026-05-25_18:45:02 merged_rows_pending=0/15
2026-05-25_18:50:02 merged_rows_pending=0/15
2026-05-25_18:55:02 merged_rows_pending=0/15
2026-05-25_19:00:02 merged_rows_pending=0/15
2026-05-25_19:05:02 merged_rows_pending=0/15
2026-05-25_19:10:02 merged_rows_pending=0/15
2026-05-25_19:15:02 merged_rows_pending=0/15
2026-05-25_19:20:02 merged_rows_pending=0/15
2026-05-25_19:25:02 merged_rows_pending=0/15
2026-05-25_19:30:02 merged_rows_pending=0/15
2026-05-25_19:35:02 merged_rows_pending=0/15
2026-05-25_19:40:02 merged_rows_pending=0/15
2026-05-25_19:45:02 merged_rows_pending=0/15
2026-05-25_19:50:02 merged_rows_pending=0/15
2026-05-25_19:55:02 merged_rows_pending=0/15
2026-05-25_20:00:02 merged_rows_pending=0/15
2026-05-25_20:05:02 merged_rows_pending=0/15
2026-05-25_20:10:02 merged_rows_pending=0/15
2026-05-25_20:15:02 merged_rows_pending=0/15
2026-05-25_20:20:02 merged_rows_pending=0/15
2026-05-25_20:25:02 merged_rows_pending=0/15
2026-05-25_20:30:02 merged_rows_pending=0/15
2026-05-25_20:35:02 merged_rows_pending=0/15
2026-05-25_20:40:02 merged_rows_pending=0/15
2026-05-25_20:45:02 merged_rows_pending=0/15
2026-05-25_20:50:02 merged_rows_pending=0/15
2026-05-25_20:55:02 merged_rows_pending=0/15
2026-05-25_21:00:02 merged_rows_pending=0/15
2026-05-25_21:05:02 merged_rows_pending=0/15
2026-05-25_21:10:02 merged_rows_pending=0/15
2026-05-25_21:15:02 merged_rows_pending=0/15
2026-05-25_21:20:02 merged_rows_pending=0/15
2026-05-25_21:25:02 merged_rows_pending=0/15
2026-05-25_21:30:02 merged_rows_pending=0/15
2026-05-25_21:35:02 merged_rows_pending=0/15
2026-05-25_21:40:02 merged_rows_pending=0/15
2026-05-25_21:45:03 merged_rows_pending=0/15
2026-05-25_21:50:03 merged_rows_pending=0/15
2026-05-25_21:55:03 merged_rows_pending=0/15
2026-05-25_22:00:03 merged_rows_pending=0/15
2026-05-25_22:05:03 merged_rows_pending=0/15
2026-05-25_22:10:03 merged_rows_pending=0/15
2026-05-25_22:15:03 merged_rows_pending=0/15
2026-05-25_22:20:03 merged_rows_pending=0/15
2026-05-25_22:25:03 merged_rows_pending=0/15
2026-05-25_22:30:03 merged_rows_pending=0/15
2026-05-25_22:35:03 merged_rows_pending=0/15
2026-05-25_22:40:03 merged_rows_pending=0/15
2026-05-25_22:45:03 merged_rows_pending=0/15
2026-05-25_22:50:03 merged_rows_pending=0/15
2026-05-25_22:55:03 merged_rows_pending=0/15
2026-05-25_23:00:03 merged_rows_pending=0/15
2026-05-25_23:05:03 merged_rows_pending=0/15
2026-05-25_23:10:03 merged_rows_pending=0/15
2026-05-25_23:15:03 merged_rows_pending=0/15
2026-05-25_23:20:03 merged_rows_pending=0/15
2026-05-25_23:25:03 merged_rows_pending=0/15
2026-05-25_23:30:03 merged_rows_pending=0/15
2026-05-25_23:35:03 merged_rows_pending=0/15
2026-05-25_23:40:03 merged_rows_pending=0/15
2026-05-25_23:45:03 merged_rows_pending=0/15
2026-05-25_23:50:03 merged_rows_pending=0/15
2026-05-25_23:55:03 merged_rows_pending=0/15
2026-05-26_00:00:03 merged_rows_pending=0/15
2026-05-26_00:05:03 merged_rows_pending=0/15
2026-05-26_00:10:03 merged_rows_pending=0/15
2026-05-26_00:15:03 merged_rows_pending=0/15
2026-05-26_00:20:03 merged_rows_pending=0/15
2026-05-26_00:25:03 merged_rows_pending=0/15
2026-05-26_00:30:03 merged_rows_pending=0/15
2026-05-26_00:35:03 merged_rows_pending=0/15
2026-05-26_00:40:03 merged_rows_pending=0/15
2026-05-26_00:45:03 merged_rows_pending=0/15
2026-05-26_00:50:03 merged_rows_pending=0/15
2026-05-26_00:55:03 merged_rows_pending=0/15
2026-05-26_01:00:03 merged_rows_pending=0/15
2026-05-26_01:05:03 merged_rows_pending=0/15
2026-05-26_01:10:03 merged_rows_pending=0/15
2026-05-26_01:15:03 merged_rows_pending=0/15
2026-05-26_01:20:03 merged_rows_pending=0/15
2026-05-26_01:25:03 merged_rows_pending=0/15
2026-05-26_01:30:03 merged_rows_pending=0/15
2026-05-26_01:35:03 merged_rows_pending=0/15
2026-05-26_01:40:03 merged_rows_pending=0/15
2026-05-26_01:45:03 merged_rows_pending=0/15
2026-05-26_01:50:03 merged_rows_pending=1/15
2026-05-26_01:55:03 merged_rows_pending=1/15
2026-05-26_02:00:03 merged_rows_pending=1/15
2026-05-26_02:05:03 merged_rows_pending=1/15
2026-05-26_02:10:03 merged_rows_pending=1/15
2026-05-26_02:15:03 merged_rows_pending=2/15
2026-05-26_02:20:03 merged_rows_pending=2/15
2026-05-26_02:25:03 merged_rows_pending=2/15
2026-05-26_02:30:03 merged_rows_pending=2/15
2026-05-26_02:35:03 merged_rows_pending=2/15
2026-05-26_02:40:03 merged_rows_pending=2/15
2026-05-26_02:45:03 merged_rows_pending=2/15
2026-05-26_02:50:03 merged_rows_pending=2/15
2026-05-26_02:55:03 merged_rows_pending=2/15
2026-05-26_03:00:03 merged_rows_pending=2/15
2026-05-26_03:05:03 merged_rows_pending=2/15
2026-05-26_03:10:03 merged_rows_pending=2/15
2026-05-26_03:15:03 merged_rows_pending=2/15
2026-05-26_03:20:03 merged_rows_pending=2/15
2026-05-26_03:25:03 merged_rows_pending=2/15
2026-05-26_03:30:03 merged_rows_pending=2/15
2026-05-26_03:35:03 merged_rows_pending=2/15
2026-05-26_03:40:03 merged_rows_pending=2/15
2026-05-26_03:45:03 merged_rows_pending=2/15
2026-05-26_03:50:03 merged_rows_pending=2/15
2026-05-26_03:55:03 merged_rows_pending=2/15
2026-05-26_04:00:03 merged_rows_pending=2/15
2026-05-26_04:05:03 merged_rows_pending=2/15
2026-05-26_04:10:03 merged_rows_pending=2/15
2026-05-26_04:15:03 merged_rows_pending=2/15
2026-05-26_04:20:03 merged_rows_pending=3/15
2026-05-26_04:25:03 merged_rows_pending=4/15
2026-05-26_04:30:03 merged_rows_pending=4/15
2026-05-26_04:35:03 merged_rows_pending=4/15
2026-05-26_04:40:03 merged_rows_pending=4/15
2026-05-26_04:45:03 merged_rows_pending=6/15
2026-05-26_04:50:03 merged_rows_pending=6/15
2026-05-26_04:55:03 merged_rows_pending=6/15
2026-05-26_05:00:03 merged_rows_pending=6/15
2026-05-26_05:05:03 merged_rows_pending=7/15
2026-05-26_05:10:03 merged_rows_pending=8/15
2026-05-26_05:15:03 merged_rows_pending=8/15
2026-05-26_05:20:03 merged_rows_pending=8/15
2026-05-26_05:25:03 merged_rows_pending=8/15
2026-05-26_05:30:03 merged_rows_pending=8/15
2026-05-26_05:35:03 merged_rows_pending=9/15
2026-05-26_05:40:03 merged_rows_pending=9/15
2026-05-26_05:45:03 merged_rows_pending=9/15
2026-05-26_05:50:03 merged_rows_pending=9/15
2026-05-26_05:55:03 merged_rows_pending=9/15
2026-05-26_06:00:03 merged_rows_pending=9/15
2026-05-26_06:05:03 merged_rows_pending=9/15
2026-05-26_06:10:03 merged_rows_pending=9/15
2026-05-26_06:15:03 merged_rows_pending=9/15
2026-05-26_06:20:03 merged_rows_pending=9/15
2026-05-26_06:25:03 merged_rows_pending=9/15
2026-05-26_06:30:03 merged_rows_pending=9/15
2026-05-26_06:35:03 merged_rows_pending=9/15
2026-05-26_06:40:03 merged_rows_pending=9/15
2026-05-26_06:45:03 merged_rows_pending=9/15
2026-05-26_06:50:03 merged_rows_pending=9/15
2026-05-26_06:55:03 merged_rows_pending=9/15
2026-05-26_07:00:03 merged_rows_pending=9/15
2026-05-26_07:05:03 merged_rows_pending=9/15
2026-05-26_07:10:03 merged_rows_pending=9/15
2026-05-26_07:15:03 merged_rows_pending=9/15
2026-05-26_07:20:03 merged_rows_pending=9/15
2026-05-26_07:25:03 merged_rows_pending=9/15
2026-05-26_07:30:03 merged_rows_pending=9/15
2026-05-26_07:35:03 merged_rows_pending=9/15
2026-05-26_07:40:03 merged_rows_pending=10/15
2026-05-26_07:45:03 merged_rows_pending=10/15
2026-05-26_07:50:04 merged_rows_pending=10/15
2026-05-26_07:55:04 merged_rows_pending=10/15
2026-05-26_08:00:04 merged_rows_pending=10/15
2026-05-26_08:05:04 merged_rows_pending=10/15
2026-05-26_08:10:04 merged_rows_pending=10/15
2026-05-26_08:15:04 merged_rows_pending=10/15
2026-05-26_08:20:04 merged_rows_pending=10/15
2026-05-26_08:25:04 merged_rows_pending=10/15
2026-05-26_08:30:04 merged_rows_pending=10/15
2026-05-26_08:35:04 merged_rows_pending=10/15
2026-05-26_08:40:04 merged_rows_pending=10/15
2026-05-26_08:45:04 merged_rows_pending=10/15
2026-05-26_08:50:04 merged_rows_pending=10/15
2026-05-26_08:55:04 merged_rows_pending=10/15
2026-05-26_09:00:04 merged_rows_pending=10/15
2026-05-26_09:05:04 merged_rows_pending=10/15
2026-05-26_09:10:04 merged_rows_pending=10/15
2026-05-26_09:15:04 merged_rows_pending=10/15
2026-05-26_09:20:04 merged_rows_pending=10/15
2026-05-26_09:25:04 merged_rows_pending=10/15
2026-05-26_09:30:04 merged_rows_pending=10/15
2026-05-26_09:35:04 merged_rows_pending=11/15
2026-05-26_09:40:04 merged_rows_pending=11/15
2026-05-26_09:45:04 merged_rows_pending=12/15
2026-05-26_09:50:04 merged_rows_pending=12/15
2026-05-26_09:55:04 merged_rows_pending=12/15
2026-05-26_10:00:04 merged_rows_pending=12/15
2026-05-26_10:05:04 merged_rows_pending=12/15
2026-05-26_10:10:04 merged_rows_pending=12/15
2026-05-26_10:15:04 merged_rows_pending=12/15
2026-05-26_10:20:04 merged_rows_pending=12/15
2026-05-26_10:25:04 merged_rows_pending=12/15
2026-05-26_10:30:04 merged_rows_pending=12/15
2026-05-26_10:35:04 merged_rows_pending=12/15
2026-05-26_10:40:04 merged_rows_pending=12/15
2026-05-26_10:45:04 merged_rows_pending=12/15
2026-05-26_10:50:04 merged_rows_pending=12/15
2026-05-26_10:55:04 merged_rows_pending=12/15
2026-05-26_11:00:04 merged_rows_pending=12/15
2026-05-26_11:05:04 merged_rows_pending=12/15
2026-05-26_11:10:04 merged_rows_pending=12/15
2026-05-26_11:15:04 merged_rows_pending=12/15
2026-05-26_11:20:04 merged_rows_pending=12/15
2026-05-26_11:25:04 merged_rows_pending=12/15
2026-05-26_11:30:04 merged_rows_pending=12/15
2026-05-26_11:35:04 merged_rows_pending=12/15
2026-05-26_11:40:04 merged_rows_pending=12/15
2026-05-26_11:45:04 merged_rows_pending=12/15
2026-05-26_11:50:04 merged_rows_pending=12/15
2026-05-26_11:55:04 merged_rows_pending=12/15
2026-05-26_12:00:04 merged_rows_pending=12/15
2026-05-26_12:05:04 merged_rows_pending=12/15
2026-05-26_12:10:04 merged_rows_pending=12/15
2026-05-26_12:15:04 merged_rows_pending=12/15
2026-05-26_12:20:04 merged_rows_pending=12/15
2026-05-26_12:25:04 merged_rows_pending=12/15
2026-05-26_12:30:04 merged_rows_pending=12/15
2026-05-26_12:35:04 merged_rows_pending=12/15
2026-05-26_12:40:04 merged_rows_pending=12/15
2026-05-26_12:45:04 merged_rows_pending=12/15
2026-05-26_12:50:04 merged_rows_pending=12/15
2026-05-26_12:55:04 merged_rows_pending=12/15
2026-05-26_13:00:04 merged_rows_pending=12/15
2026-05-26_13:05:04 merged_rows_pending=12/15
2026-05-26_13:10:04 merged_rows_pending=12/15
2026-05-26_13:15:04 merged_rows_pending=12/15
2026-05-26_13:20:04 merged_rows_pending=12/15
2026-05-26_13:25:04 merged_rows_pending=12/15
2026-05-26_13:30:04 merged_rows_pending=12/15
2026-05-26_13:35:04 merged_rows_pending=12/15
2026-05-26_13:40:05 merged_rows_pending=12/15
2026-05-26_13:45:05 merged_rows_pending=12/15
2026-05-26_13:50:05 merged_rows_pending=12/15
2026-05-26_13:55:05 merged_rows_pending=12/15
2026-05-26_14:00:05 merged_rows_pending=12/15
2026-05-26_14:05:05 merged_rows_pending=12/15
2026-05-26_14:10:05 merged_rows_pending=12/15
2026-05-26_14:15:05 merged_rows_pending=12/15
2026-05-26_14:20:05 merged_rows_pending=12/15
2026-05-26_14:25:05 merged_rows_pending=12/15
2026-05-26_14:30:05 merged_rows_pending=12/15
2026-05-26_14:35:05 merged_rows_pending=12/15
2026-05-26_14:40:05 merged_rows_pending=12/15
2026-05-26_14:45:05 merged_rows_pending=12/15
2026-05-26_14:50:05 merged_rows_pending=12/15
2026-05-26_14:55:05 merged_rows_pending=12/15
2026-05-26_15:00:05 merged_rows_pending=12/15
2026-05-26_15:05:05 merged_rows_pending=12/15
2026-05-26_15:10:05 merged_rows_pending=12/15
2026-05-26_15:15:05 merged_rows_pending=12/15
2026-05-26_15:20:05 merged_rows_pending=12/15
2026-05-26_15:25:05 merged_rows_pending=12/15
2026-05-26_15:30:05 merged_rows_pending=12/15
2026-05-26_15:35:05 merged_rows_pending=12/15
2026-05-26_15:40:05 merged_rows_pending=12/15
2026-05-26_15:45:05 merged_rows_pending=12/15
2026-05-26_15:50:05 merged_rows_pending=12/15
2026-05-26_15:55:05 merged_rows_pending=12/15
2026-05-26_16:00:05 merged_rows_pending=12/15
2026-05-26_16:05:05 merged_rows_pending=12/15
2026-05-26_16:10:05 merged_rows_pending=12/15
2026-05-26_16:15:05 merged_rows_pending=12/15
2026-05-26_16:20:05 merged_rows_pending=12/15
2026-05-26_16:25:05 merged_rows_pending=12/15
2026-05-26_16:30:05 merged_rows_pending=12/15
2026-05-26_16:35:05 merged_rows_pending=12/15
2026-05-26_16:40:05 merged_rows_pending=12/15
2026-05-26_16:45:05 merged_rows_pending=12/15
2026-05-26_16:50:05 merged_rows_pending=12/15
2026-05-26_16:55:05 merged_rows_pending=12/15
2026-05-26_17:00:05 merged_rows_pending=12/15
2026-05-26_17:05:05 merged_rows_pending=12/15
2026-05-26_17:10:05 merged_rows_pending=12/15
2026-05-26_17:15:05 merged_rows_pending=12/15
2026-05-26_17:20:05 merged_rows_pending=12/15
2026-05-26_17:25:05 merged_rows_pending=12/15
2026-05-26_17:30:05 merged_rows_pending=12/15
2026-05-26_17:35:05 merged_rows_pending=12/15
2026-05-26_17:40:05 merged_rows_pending=12/15
2026-05-26_17:45:05 merged_rows_pending=12/15
2026-05-26_17:50:05 merged_rows_pending=12/15
2026-05-26_17:55:05 merged_rows_pending=12/15
2026-05-26_18:00:05 merged_rows_pending=12/15
2026-05-26_18:05:05 merged_rows_pending=12/15
2026-05-26_18:10:05 merged_rows_pending=12/15
2026-05-26_18:15:05 merged_rows_pending=12/15
2026-05-26_18:20:05 merged_rows_pending=12/15
2026-05-26_18:25:05 merged_rows_pending=12/15
2026-05-26_18:30:05 merged_rows_pending=12/15
2026-05-26_18:35:05 merged_rows_pending=12/15
2026-05-26_18:40:05 merged_rows_pending=12/15
2026-05-26_18:45:05 merged_rows_pending=12/15
2026-05-26_18:50:05 merged_rows_pending=12/15
2026-05-26_18:55:05 merged_rows_pending=12/15
2026-05-26_19:00:05 merged_rows_pending=12/15
2026-05-26_19:05:05 merged_rows_pending=12/15
2026-05-26_19:10:06 merged_rows_pending=12/15
2026-05-26_19:15:06 merged_rows_pending=12/15
2026-05-26_19:20:06 merged_rows_pending=12/15
2026-05-26_19:25:06 merged_rows_pending=12/15
2026-05-26_19:30:06 merged_rows_pending=12/15
2026-05-26_19:35:06 merged_rows_pending=12/15
2026-05-26_19:40:06 merged_rows_pending=12/15
2026-05-26_19:45:06 merged_rows_pending=12/15
2026-05-26_19:50:06 merged_rows_pending=12/15
2026-05-26_19:55:06 merged_rows_pending=12/15
2026-05-26_20:00:06 merged_rows_pending=12/15
2026-05-26_20:05:06 merged_rows_pending=12/15
2026-05-26_20:10:06 merged_rows_pending=12/15
2026-05-26_20:15:06 merged_rows_pending=12/15
2026-05-26_20:20:06 merged_rows_pending=12/15
2026-05-26_20:25:06 merged_rows_pending=12/15
2026-05-26_20:30:06 merged_rows_pending=12/15
2026-05-26_20:35:06 merged_rows_pending=12/15
2026-05-26_20:40:06 merged_rows_pending=12/15
2026-05-26_20:45:06 merged_rows_pending=12/15
2026-05-26_20:50:06 merged_rows_pending=12/15
2026-05-26_20:55:06 merged_rows_pending=12/15
2026-05-26_21:00:06 merged_rows_pending=12/15
2026-05-26_21:05:06 merged_rows_pending=12/15
2026-05-26_21:10:06 merged_rows_pending=12/15
2026-05-26_21:15:06 merged_rows_pending=12/15
2026-05-26_21:20:06 merged_rows_pending=12/15
2026-05-26_21:25:06 merged_rows_pending=12/15
2026-05-26_21:30:06 merged_rows_pending=12/15
2026-05-26_21:35:06 merged_rows_pending=12/15
2026-05-26_21:40:06 merged_rows_pending=12/15
2026-05-26_21:45:06 merged_rows_pending=12/15
2026-05-26_21:50:06 merged_rows_pending=12/15
2026-05-26_21:55:06 merged_rows_pending=12/15
2026-05-26_22:00:06 merged_rows_pending=12/15
2026-05-26_22:05:06 merged_rows_pending=12/15
2026-05-26_22:10:06 merged_rows_pending=12/15
2026-05-26_22:15:06 merged_rows_pending=12/15
2026-05-26_22:20:06 merged_rows_pending=12/15
2026-05-26_22:25:06 merged_rows_pending=12/15
2026-05-26_22:30:06 merged_rows_pending=12/15
2026-05-26_22:35:06 merged_rows_pending=12/15
2026-05-26_22:40:06 merged_rows_pending=12/15
2026-05-26_22:45:06 merged_rows_pending=12/15
2026-05-26_22:50:06 merged_rows_pending=12/15
2026-05-26_22:55:06 merged_rows_pending=12/15
2026-05-26_23:00:06 merged_rows_pending=12/15
2026-05-26_23:05:06 merged_rows_pending=12/15
2026-05-26_23:10:06 merged_rows_pending=12/15
2026-05-26_23:15:06 merged_rows_pending=12/15
2026-05-26_23:20:06 merged_rows_pending=12/15
2026-05-26_23:25:06 merged_rows_pending=12/15
2026-05-26_23:30:06 merged_rows_pending=12/15
2026-05-26_23:35:06 merged_rows_pending=12/15
2026-05-26_23:40:06 merged_rows_pending=12/15
2026-05-26_23:45:06 merged_rows_pending=12/15
2026-05-26_23:50:06 merged_rows_pending=12/15
2026-05-26_23:55:06 merged_rows_pending=12/15
2026-05-27_00:00:06 merged_rows_pending=12/15
2026-05-27_00:05:06 merged_rows_pending=12/15
2026-05-27_00:10:06 merged_rows_pending=12/15
2026-05-27_00:15:06 merged_rows_pending=12/15
2026-05-27_00:20:06 merged_rows_pending=12/15
2026-05-27_00:25:06 merged_rows_pending=12/15
2026-05-27_00:30:07 merged_rows_pending=12/15
2026-05-27_00:35:07 merged_rows_pending=12/15
2026-05-27_00:40:07 merged_rows_pending=12/15
2026-05-27_00:45:07 merged_rows_pending=12/15
2026-05-27_00:50:07 merged_rows_pending=12/15
2026-05-27_00:55:07 merged_rows_pending=12/15
2026-05-27_01:00:07 merged_rows_pending=12/15
2026-05-27_01:05:07 merged_rows_pending=12/15
2026-05-27_01:10:07 merged_rows_pending=12/15
2026-05-27_01:15:07 merged_rows_pending=12/15
2026-05-27_01:20:07 merged_rows_pending=12/15
2026-05-27_01:25:07 merged_rows_pending=12/15
2026-05-27_01:30:07 merged_rows_pending=12/15
2026-05-27_01:35:07 merged_rows_pending=12/15
2026-05-27_01:40:07 merged_rows_pending=12/15
2026-05-27_01:45:07 merged_rows_pending=12/15
2026-05-27_01:50:07 merged_rows_pending=12/15
2026-05-27_01:55:07 merged_rows_pending=12/15
2026-05-27_02:00:07 merged_rows_pending=12/15
2026-05-27_02:05:07 merged_rows_pending=12/15
2026-05-27_02:10:07 merged_rows_pending=12/15
2026-05-27_02:15:07 merged_rows_pending=12/15
2026-05-27_02:20:07 merged_rows_pending=12/15
2026-05-27_02:25:07 merged_rows_pending=12/15
2026-05-27_02:30:07 merged_rows_pending=12/15
2026-05-27_02:35:07 merged_rows_pending=12/15
2026-05-27_02:40:07 merged_rows_pending=12/15
2026-05-27_02:45:07 merged_rows_pending=12/15
2026-05-27_02:50:07 merged_rows_pending=12/15
2026-05-27_02:55:07 merged_rows_pending=12/15
2026-05-27_03:00:07 merged_rows_pending=12/15
2026-05-27_03:05:07 merged_rows_pending=12/15
2026-05-27_03:10:07 merged_rows_pending=12/15
2026-05-27_03:15:07 merged_rows_pending=12/15
2026-05-27_03:20:07 merged_rows_pending=12/15
2026-05-27_03:25:07 merged_rows_pending=12/15
2026-05-27_03:30:07 merged_rows_pending=12/15
2026-05-27_03:35:07 merged_rows_pending=12/15
2026-05-27_03:40:07 merged_rows_pending=12/15
2026-05-27_03:45:07 merged_rows_pending=12/15
2026-05-27_03:50:07 merged_rows_pending=12/15
2026-05-27_03:55:07 merged_rows_pending=12/15
2026-05-27_04:00:07 merged_rows_pending=12/15
2026-05-27_04:05:07 merged_rows_pending=12/15
2026-05-27_04:10:07 merged_rows_pending=13/15
2026-05-27_04:15:07 merged_rows_pending=13/15
2026-05-27_04:20:07 merged_rows_pending=13/15
2026-05-27_04:25:07 merged_rows_pending=13/15
2026-05-27_04:30:07 merged_rows_pending=14/15
2026-05-27_04:35:07 merged_rows_pending=14/15
2026-05-27_04:40:07 merged_rows_pending=14/15
2026-05-27_04:45:07 merged_rows_pending=14/15
2026-05-27_04:50:07 merged_rows_pending=14/15
2026-05-27_04:55:07 merged_rows_pending=14/15
2026-05-27_05:00:07 merged_rows_pending=14/15
2026-05-27_05:05:07 merged_rows_pending=14/15
2026-05-27_05:10:07 merged_rows_pending=14/15
2026-05-27_05:15:07 merged_rows_pending=14/15
2026-05-27_05:20:07 merged_rows_pending=14/15
2026-05-27_05:25:07 merged_rows_pending=14/15
2026-05-27_05:30:07 merged_rows_pending=14/15
2026-05-27_05:35:07 merged_rows_pending=14/15
2026-05-27_05:40:07 merged_rows_pending=14/15
2026-05-27_05:45:07 merged_rows_pending=14/15
2026-05-27_05:50:07 merged_rows_pending=14/15
2026-05-27_05:55:07 merged_rows_pending=14/15
2026-05-27_06:00:08 merged_rows_pending=14/15
2026-05-27_06:05:08 merged_rows_pending=14/15
2026-05-27_06:10:08 merged_rows_pending=15/15
merged 15 rows into results/ssptgfm_icews05_15_best
/root/miniconda3/lib/python3.10/site-packages/scipy/stats/_wilcoxon.py:172: RuntimeWarning: invalid value encountered in scalar divide
  z = (r_plus - mn) / se
/root/miniconda3/lib/python3.10/site-packages/scipy/stats/_wilcoxon.py:172: RuntimeWarning: invalid value encountered in scalar divide
  z = (r_plus - mn) / se
                                                            test_ap                            test_auc                           test_edges                     test_hits@1                        test_hits@10                        test_hits@100                        test_hits@50                         test_mrr                           test_ndcg                              val_ap                             val_auc                           val_edges                      val_ndcg                          
                                                               ci95 count      mean       std      ci95 count      mean       std       ci95 count     mean  std        ci95 count   mean       std         ci95 count   mean       std          ci95 count   mean       std         ci95 count   mean       std      ci95 count      mean       std      ci95 count      mean       std      ci95 count      mean       std      ci95 count      mean       std      ci95 count     mean  std      ci95 count      mean       std
dataset    method        ablation scenario few_shot_ratio                                                                                                                                                                                                                                                                                                                                                                                                                                                                         
icews05-15 lm_mlp        baseline standard 1.0             0.001879     5  0.763501  0.002143  0.001095     5  0.917282  0.001249        0.0     5  74087.0  0.0    0.015923     5  0.061  0.018166     0.017910     5  0.306  0.020433      0.016222     5  0.639  0.018507     0.012778     5  0.555  0.014577  0.010498     5  0.145710  0.011977  0.000305     5  0.969701  0.000347  0.000478     5  0.827626  0.000546  0.000406     5  0.949012  0.000464       0.0     5  60324.0  0.0  0.000113     5  0.979089  0.000129
           ssptgfm       full     standard 1.0             0.045687     5  0.756994  0.052122  0.010732     5  0.921917  0.012244        0.0     5  74087.0  0.0    0.013650     5  0.056  0.015572     0.054705     5  0.287  0.062410      0.105822     5  0.630  0.120727     0.105066     5  0.529  0.119865  0.023863     5  0.130277  0.027224  0.005797     5  0.969678  0.006614  0.032899     5  0.805534  0.037533  0.007292     5  0.942406  0.008319       0.0     5  60324.0  0.0  0.004003     5  0.976294  0.004567
           structure_mlp baseline standard 1.0             0.002862     5  0.838812  0.003266  0.000573     5  0.938375  0.000654        0.0     5  74087.0  0.0    0.020696     5  0.243  0.023611     0.011429     5  0.643  0.013038      0.004997     5  0.857  0.005701     0.009994     5  0.831  0.011402  0.008515     5  0.366950  0.009714  0.000306     5  0.979657  0.000349  0.002892     5  0.862526  0.003300  0.000551     5  0.949766  0.000628       0.0     5  60324.0  0.0  0.000321     5  0.982820  0.000366
paired test_ap: ssptgfm/full vs lm_mlp/baseline: {'n': 5.0, 'wilcoxon_p': 0.8125, 'cohens_dz': -0.12313585594021072}
paired test_ap: ssptgfm/full vs structure_mlp/baseline: {'n': 5.0, 'wilcoxon_p': 0.0625, 'cohens_dz': -1.6248598055895462}
paired test_auc: ssptgfm/full vs lm_mlp/baseline: {'n': 5.0, 'wilcoxon_p': 0.3125, 'cohens_dz': 0.3838805204060281}
paired test_auc: ssptgfm/full vs structure_mlp/baseline: {'n': 5.0, 'wilcoxon_p': 0.0625, 'cohens_dz': -1.4043261878628044}
paired test_edges: ssptgfm/full vs lm_mlp/baseline: {'n': 5.0, 'wilcoxon_p': 1.0, 'cohens_dz': 0.0}
paired test_edges: ssptgfm/full vs structure_mlp/baseline: {'n': 5.0, 'wilcoxon_p': 1.0, 'cohens_dz': 0.0}
paired test_hits@1: ssptgfm/full vs lm_mlp/baseline: {'n': 5.0, 'wilcoxon_p': 0.8125, 'cohens_dz': -0.16116459280507606}
paired test_hits@1: ssptgfm/full vs structure_mlp/baseline: {'n': 5.0, 'wilcoxon_p': 0.0625, 'cohens_dz': -6.20752231839188}
paired test_hits@10: ssptgfm/full vs lm_mlp/baseline: {'n': 5.0, 'wilcoxon_p': 0.625, 'cohens_dz': -0.27025906004174666}
paired test_hits@10: ssptgfm/full vs structure_mlp/baseline: {'n': 5.0, 'wilcoxon_p': 0.0625, 'cohens_dz': -5.465615451960508}
paired test_hits@100: ssptgfm/full vs lm_mlp/baseline: {'n': 5.0, 'wilcoxon_p': 1.0, 'cohens_dz': -0.06754328378495592}
paired test_hits@100: ssptgfm/full vs structure_mlp/baseline: {'n': 5.0, 'wilcoxon_p': 0.0625, 'cohens_dz': -1.8678225295865618}
paired test_hits@50: ssptgfm/full vs lm_mlp/baseline: {'n': 5.0, 'wilcoxon_p': 0.8125, 'cohens_dz': -0.21729000608287494}
paired test_hits@50: ssptgfm/full vs structure_mlp/baseline: {'n': 5.0, 'wilcoxon_p': 0.0625, 'cohens_dz': -2.492337994815679}
paired test_mrr: ssptgfm/full vs lm_mlp/baseline: {'n': 5.0, 'wilcoxon_p': 0.625, 'cohens_dz': -0.3941869133994696}
paired test_mrr: ssptgfm/full vs structure_mlp/baseline: {'n': 5.0, 'wilcoxon_p': 0.0625, 'cohens_dz': -7.210273732257866}
paired test_ndcg: ssptgfm/full vs lm_mlp/baseline: {'n': 5.0, 'wilcoxon_p': 0.8125, 'cohens_dz': -0.0034094561430609645}
paired test_ndcg: ssptgfm/full vs structure_mlp/baseline: {'n': 5.0, 'wilcoxon_p': 0.0625, 'cohens_dz': -1.5573580779974763}
paired val_ap: ssptgfm/full vs lm_mlp/baseline: {'n': 5.0, 'wilcoxon_p': 0.625, 'cohens_dz': -0.5908411708562894}
paired val_ap: ssptgfm/full vs structure_mlp/baseline: {'n': 5.0, 'wilcoxon_p': 0.0625, 'cohens_dz': -1.621181401650032}
paired val_auc: ssptgfm/full vs lm_mlp/baseline: {'n': 5.0, 'wilcoxon_p': 0.125, 'cohens_dz': -0.8354535614610434}
paired val_auc: ssptgfm/full vs structure_mlp/baseline: {'n': 5.0, 'wilcoxon_p': 0.125, 'cohens_dz': -0.9424312904606106}
paired val_edges: ssptgfm/full vs lm_mlp/baseline: {'n': 5.0, 'wilcoxon_p': 1.0, 'cohens_dz': 0.0}
paired val_edges: ssptgfm/full vs structure_mlp/baseline: {'n': 5.0, 'wilcoxon_p': 1.0, 'cohens_dz': 0.0}
paired val_ndcg: ssptgfm/full vs lm_mlp/baseline: {'n': 5.0, 'wilcoxon_p': 0.625, 'cohens_dz': -0.613496791381261}
paired val_ndcg: ssptgfm/full vs structure_mlp/baseline: {'n': 5.0, 'wilcoxon_p': 0.0625, 'cohens_dz': -1.5183006543553446}
