[START] 2026-05-27T22:28:13+08:00 tkgl-icews search_then_formal
[STEP] validation-only hyperparameter search
[START] 2026-05-27T22:36:24+08:00 tkgl-icews search_then_formal
[STEP] validation-only hyperparameter search
runtime_device=cuda
cuda_device=Tesla V100-PCIE-32GB
{'event': 'candidate_seed_start', 'candidate': 'compact_lr1e3_meta005_ood001', 'seed': 1, 'device': 'cuda', 'node_text_device': 'cuda:0'}
{'event': 'epoch_start', 'epoch': 1, 'epochs': 4, 'batches': 7187}
{'candidate': 'compact_lr1e3_meta005_ood001', 'seed': 1, 'val_auc': nan, 'status': 'failed', 'error_type': 'OutOfMemoryError', 'error': 'CUDA out of memory. Tried to allocate 66.00 MiB. GPU 0 has a total capacity of 31.73 GiB of which 60.25 MiB is free. Process 123665 has 31.67 GiB memory in use. Of the allocated memory 29.00 GiB is allocated by PyTorch, and 2.29 GiB is reserved by PyTorch but unallocated. If reserved but unallocated memory is large try setting PYTORCH_CUDA_ALLOC_CONF=expandable_segments:True to avoid fragmentation.  See documentation for Memory Management  (https://pytorch.org/docs/stable/notes/cuda.html#environment-variables)'}
{'event': 'candidate_seed_start', 'candidate': 'compact_lr1e3_meta005_ood001', 'seed': 2, 'device': 'cuda', 'node_text_device': 'cuda:0'}
{'event': 'epoch_start', 'epoch': 1, 'epochs': 4, 'batches': 7187}
{'candidate': 'compact_lr1e3_meta005_ood001', 'seed': 2, 'val_auc': nan, 'status': 'failed', 'error_type': 'OutOfMemoryError', 'error': 'CUDA out of memory. Tried to allocate 68.00 MiB. GPU 0 has a total capacity of 31.73 GiB of which 16.25 MiB is free. Process 123665 has 31.71 GiB memory in use. Of the allocated memory 29.45 GiB is allocated by PyTorch, and 1.89 GiB is reserved by PyTorch but unallocated. If reserved but unallocated memory is large try setting PYTORCH_CUDA_ALLOC_CONF=expandable_segments:True to avoid fragmentation.  See documentation for Memory Management  (https://pytorch.org/docs/stable/notes/cuda.html#environment-variables)'}
{'event': 'candidate_seed_start', 'candidate': 'compact_lr7e4_meta01_ood001', 'seed': 1, 'device': 'cuda', 'node_text_device': 'cuda:0'}
{'event': 'epoch_start', 'epoch': 1, 'epochs': 4, 'batches': 7187}
{'candidate': 'compact_lr7e4_meta01_ood001', 'seed': 1, 'val_auc': nan, 'status': 'failed', 'error_type': 'OutOfMemoryError', 'error': 'CUDA out of memory. Tried to allocate 68.00 MiB. GPU 0 has a total capacity of 31.73 GiB of which 14.25 MiB is free. Process 123665 has 31.71 GiB memory in use. Of the allocated memory 31.06 GiB is allocated by PyTorch, and 283.05 MiB is reserved by PyTorch but unallocated. If reserved but unallocated memory is large try setting PYTORCH_CUDA_ALLOC_CONF=expandable_segments:True to avoid fragmentation.  See documentation for Memory Management  (https://pytorch.org/docs/stable/notes/cuda.html#environment-variables)'}
{'event': 'candidate_seed_start', 'candidate': 'compact_lr7e4_meta01_ood001', 'seed': 2, 'device': 'cuda', 'node_text_device': 'cuda:0'}
{'event': 'epoch_start', 'epoch': 1, 'epochs': 4, 'batches': 7187}
{'candidate': 'compact_lr7e4_meta01_ood001', 'seed': 2, 'val_auc': nan, 'status': 'failed', 'error_type': 'OutOfMemoryError', 'error': 'CUDA out of memory. Tried to allocate 72.00 MiB. GPU 0 has a total capacity of 31.73 GiB of which 32.25 MiB is free. Process 123665 has 31.70 GiB memory in use. Of the allocated memory 30.18 GiB is allocated by PyTorch, and 1.14 GiB is reserved by PyTorch but unallocated. If reserved but unallocated memory is large try setting PYTORCH_CUDA_ALLOC_CONF=expandable_segments:True to avoid fragmentation.  See documentation for Memory Management  (https://pytorch.org/docs/stable/notes/cuda.html#environment-variables)'}
{'event': 'candidate_seed_start', 'candidate': 'wider_lr7e4_meta005_ood005', 'seed': 1, 'device': 'cuda', 'node_text_device': 'cuda:0'}
{'event': 'epoch_start', 'epoch': 1, 'epochs': 4, 'batches': 7187}
{'candidate': 'wider_lr7e4_meta005_ood005', 'seed': 1, 'val_auc': nan, 'status': 'failed', 'error_type': 'OutOfMemoryError', 'error': 'CUDA out of memory. Tried to allocate 34.00 MiB. GPU 0 has a total capacity of 31.73 GiB of which 10.25 MiB is free. Process 123665 has 31.72 GiB memory in use. Of the allocated memory 30.69 GiB is allocated by PyTorch, and 663.15 MiB is reserved by PyTorch but unallocated. If reserved but unallocated memory is large try setting PYTORCH_CUDA_ALLOC_CONF=expandable_segments:True to avoid fragmentation.  See documentation for Memory Management  (https://pytorch.org/docs/stable/notes/cuda.html#environment-variables)'}
{'event': 'candidate_seed_start', 'candidate': 'wider_lr7e4_meta005_ood005', 'seed': 2, 'device': 'cuda', 'node_text_device': 'cuda:0'}
{'event': 'epoch_start', 'epoch': 1, 'epochs': 4, 'batches': 7187}
{'candidate': 'wider_lr7e4_meta005_ood005', 'seed': 2, 'val_auc': nan, 'status': 'failed', 'error_type': 'OutOfMemoryError', 'error': 'CUDA out of memory. Tried to allocate 34.00 MiB. GPU 0 has a total capacity of 31.73 GiB of which 8.25 MiB is free. Process 123665 has 31.72 GiB memory in use. Of the allocated memory 30.75 GiB is allocated by PyTorch, and 602.99 MiB is reserved by PyTorch but unallocated. If reserved but unallocated memory is large try setting PYTORCH_CUDA_ALLOC_CONF=expandable_segments:True to avoid fragmentation.  See documentation for Memory Management  (https://pytorch.org/docs/stable/notes/cuda.html#environment-variables)'}
no finite validation score found
