===== 2026-05-27T22:22:58+08:00 tkgl-icews progress monitor exiting =====
[START] 2026-05-27T22:22:44+08:00 tkgl-icews search_then_formal
[STEP] validation-only hyperparameter search
===== 2026-05-27T22:28:43+08:00 tkgl-icews progress monitor exiting =====
[START] 2026-05-27T22:28:13+08:00 tkgl-icews search_then_formal
[STEP] validation-only hyperparameter search
===== 2026-05-27T22:36:57+08:00 tkgl-icews progress =====
	951752.tgb_icews_monitor	(05/27/26 22:36:57)	(Detached)
	951618.tgb_icews_pipeline	(05/27/26 22:36:24)	(Detached)
951618      1 Ss         00:33  0.0  0.0  2436 SCREEN -dmS tgb_icews_pipeline bash -lc  cd /root/autodl-tmp/data || exit 1 set -euo pipefail export PYTHONUNBUFFERED=1 export CUDA_VISIBLE_DEVICES=0 export OMP_NUM_THREADS=6 export MKL_NUM_THREADS=6 {   echo "[START] $(date -Is) tkgl-icews search_then_formal"   echo "[STEP] validation-only hyperparameter search"   python -u scripts/search_hparams.py --config configs/ssptgfm_search_tgb_icews_all_losses.yaml --resume   echo "[STEP] apply validation-selected best candidate"   python -u scripts/apply_best_candidate.py --search-results results/ssptgfm_search_tgb_icews_all_losses/search_results.json --targets configs/ssptgfm_tgb_icews_best.yaml   echo "[STEP] formal 5-seed run with selected parameters"   python -u scripts/run_ssptgfm.py --config configs/ssptgfm_tgb_icews_best.yaml --resume   echo "[STEP] summarize formal results"   python -u scripts/summarize_results.py --results results/ssptgfm_tgb_icews_best/all_results.json --out results/ssptgfm_tgb_icews_best/summary.csv   echo "[DONE] $(date -Is) tkgl-icews pipeline complete" } >> results/tgb_icews_pipeline.log 2>&1 
951619 951618 Ss+        00:33  0.0  0.0  3852 bash -lc  cd /root/autodl-tmp/data || exit 1 set -euo pipefail export PYTHONUNBUFFERED=1 export CUDA_VISIBLE_DEVICES=0 export OMP_NUM_THREADS=6 export MKL_NUM_THREADS=6 {   echo "[START] $(date -Is) tkgl-icews search_then_formal"   echo "[STEP] validation-only hyperparameter search"   python -u scripts/search_hparams.py --config configs/ssptgfm_search_tgb_icews_all_losses.yaml --resume   echo "[STEP] apply validation-selected best candidate"   python -u scripts/apply_best_candidate.py --search-results results/ssptgfm_search_tgb_icews_all_losses/search_results.json --targets configs/ssptgfm_tgb_icews_best.yaml   echo "[STEP] formal 5-seed run with selected parameters"   python -u scripts/run_ssptgfm.py --config configs/ssptgfm_tgb_icews_best.yaml --resume   echo "[STEP] summarize formal results"   python -u scripts/summarize_results.py --results results/ssptgfm_tgb_icews_best/all_results.json --out results/ssptgfm_tgb_icews_best/summary.csv   echo "[DONE] $(date -Is) tkgl-icews pipeline complete" } >> results/tgb_icews_pipeline.log 2>&1 
951623 951619 Rl+        00:33  149  2.0 4630876 python -u scripts/search_hparams.py --config configs/ssptgfm_search_tgb_icews_all_losses.yaml --resume
0, 32768, 488, 0
search_rows=0
formal_rows=0
[START] 2026-05-27T22:28:13+08:00 tkgl-icews search_then_formal
[STEP] validation-only hyperparameter search
[START] 2026-05-27T22:36:24+08:00 tkgl-icews search_then_formal
[STEP] validation-only hyperparameter search
runtime_device=cuda
cuda_device=Tesla V100-PCIE-32GB
{'event': 'candidate_seed_start', 'candidate': 'compact_lr1e3_meta005_ood001', 'seed': 1, 'device': 'cuda', 'node_text_device': 'cuda:0'}
===== 2026-05-28T02:36:57+08:00 tkgl-icews progress =====
	951752.tgb_icews_monitor	(05/27/26 22:36:57)	(Detached)
	951618.tgb_icews_pipeline	(05/27/26 22:36:24)	(Detached)
951618      1 Ss      04:00:33  0.0  0.0  2436 SCREEN -dmS tgb_icews_pipeline bash -lc  cd /root/autodl-tmp/data || exit 1 set -euo pipefail export PYTHONUNBUFFERED=1 export CUDA_VISIBLE_DEVICES=0 export OMP_NUM_THREADS=6 export MKL_NUM_THREADS=6 {   echo "[START] $(date -Is) tkgl-icews search_then_formal"   echo "[STEP] validation-only hyperparameter search"   python -u scripts/search_hparams.py --config configs/ssptgfm_search_tgb_icews_all_losses.yaml --resume   echo "[STEP] apply validation-selected best candidate"   python -u scripts/apply_best_candidate.py --search-results results/ssptgfm_search_tgb_icews_all_losses/search_results.json --targets configs/ssptgfm_tgb_icews_best.yaml   echo "[STEP] formal 5-seed run with selected parameters"   python -u scripts/run_ssptgfm.py --config configs/ssptgfm_tgb_icews_best.yaml --resume   echo "[STEP] summarize formal results"   python -u scripts/summarize_results.py --results results/ssptgfm_tgb_icews_best/all_results.json --out results/ssptgfm_tgb_icews_best/summary.csv   echo "[DONE] $(date -Is) tkgl-icews pipeline complete" } >> results/tgb_icews_pipeline.log 2>&1 
951619 951618 Ss+     04:00:33  0.0  0.0  3804 bash -lc  cd /root/autodl-tmp/data || exit 1 set -euo pipefail export PYTHONUNBUFFERED=1 export CUDA_VISIBLE_DEVICES=0 export OMP_NUM_THREADS=6 export MKL_NUM_THREADS=6 {   echo "[START] $(date -Is) tkgl-icews search_then_formal"   echo "[STEP] validation-only hyperparameter search"   python -u scripts/search_hparams.py --config configs/ssptgfm_search_tgb_icews_all_losses.yaml --resume   echo "[STEP] apply validation-selected best candidate"   python -u scripts/apply_best_candidate.py --search-results results/ssptgfm_search_tgb_icews_all_losses/search_results.json --targets configs/ssptgfm_tgb_icews_best.yaml   echo "[STEP] formal 5-seed run with selected parameters"   python -u scripts/run_ssptgfm.py --config configs/ssptgfm_tgb_icews_best.yaml --resume   echo "[STEP] summarize formal results"   python -u scripts/summarize_results.py --results results/ssptgfm_tgb_icews_best/all_results.json --out results/ssptgfm_tgb_icews_best/summary.csv   echo "[DONE] $(date -Is) tkgl-icews pipeline complete" } >> results/tgb_icews_pipeline.log 2>&1 
951623 951619 Rl+     04:00:33  118  2.5 5826272 python -u scripts/search_hparams.py --config configs/ssptgfm_search_tgb_icews_all_losses.yaml --resume
0, 32768, 24496, 39
search_rows=4
formal_rows=0
[START] 2026-05-27T22:28:13+08:00 tkgl-icews search_then_formal
[STEP] validation-only hyperparameter search
[START] 2026-05-27T22:36:24+08:00 tkgl-icews search_then_formal
[STEP] validation-only hyperparameter search
runtime_device=cuda
cuda_device=Tesla V100-PCIE-32GB
{'event': 'candidate_seed_start', 'candidate': 'compact_lr1e3_meta005_ood001', 'seed': 1, 'device': 'cuda', 'node_text_device': 'cuda:0'}
{'event': 'epoch_start', 'epoch': 1, 'epochs': 4, 'batches': 7187}
{'candidate': 'compact_lr1e3_meta005_ood001', 'seed': 1, 'val_auc': nan, 'status': 'failed', 'error_type': 'OutOfMemoryError', 'error': 'CUDA out of memory. Tried to allocate 66.00 MiB. GPU 0 has a total capacity of 31.73 GiB of which 60.25 MiB is free. Process 123665 has 31.67 GiB memory in use. Of the allocated memory 29.00 GiB is allocated by PyTorch, and 2.29 GiB is reserved by PyTorch but unallocated. If reserved but unallocated memory is large try setting PYTORCH_CUDA_ALLOC_CONF=expandable_segments:True to avoid fragmentation.  See documentation for Memory Management  (https://pytorch.org/docs/stable/notes/cuda.html#environment-variables)'}
{'event': 'candidate_seed_start', 'candidate': 'compact_lr1e3_meta005_ood001', 'seed': 2, 'device': 'cuda', 'node_text_device': 'cuda:0'}
{'event': 'epoch_start', 'epoch': 1, 'epochs': 4, 'batches': 7187}
{'candidate': 'compact_lr1e3_meta005_ood001', 'seed': 2, 'val_auc': nan, 'status': 'failed', 'error_type': 'OutOfMemoryError', 'error': 'CUDA out of memory. Tried to allocate 68.00 MiB. GPU 0 has a total capacity of 31.73 GiB of which 16.25 MiB is free. Process 123665 has 31.71 GiB memory in use. Of the allocated memory 29.45 GiB is allocated by PyTorch, and 1.89 GiB is reserved by PyTorch but unallocated. If reserved but unallocated memory is large try setting PYTORCH_CUDA_ALLOC_CONF=expandable_segments:True to avoid fragmentation.  See documentation for Memory Management  (https://pytorch.org/docs/stable/notes/cuda.html#environment-variables)'}
{'event': 'candidate_seed_start', 'candidate': 'compact_lr7e4_meta01_ood001', 'seed': 1, 'device': 'cuda', 'node_text_device': 'cuda:0'}
{'event': 'epoch_start', 'epoch': 1, 'epochs': 4, 'batches': 7187}
{'candidate': 'compact_lr7e4_meta01_ood001', 'seed': 1, 'val_auc': nan, 'status': 'failed', 'error_type': 'OutOfMemoryError', 'error': 'CUDA out of memory. Tried to allocate 68.00 MiB. GPU 0 has a total capacity of 31.73 GiB of which 14.25 MiB is free. Process 123665 has 31.71 GiB memory in use. Of the allocated memory 31.06 GiB is allocated by PyTorch, and 283.05 MiB is reserved by PyTorch but unallocated. If reserved but unallocated memory is large try setting PYTORCH_CUDA_ALLOC_CONF=expandable_segments:True to avoid fragmentation.  See documentation for Memory Management  (https://pytorch.org/docs/stable/notes/cuda.html#environment-variables)'}
{'event': 'candidate_seed_start', 'candidate': 'compact_lr7e4_meta01_ood001', 'seed': 2, 'device': 'cuda', 'node_text_device': 'cuda:0'}
{'event': 'epoch_start', 'epoch': 1, 'epochs': 4, 'batches': 7187}
{'candidate': 'compact_lr7e4_meta01_ood001', 'seed': 2, 'val_auc': nan, 'status': 'failed', 'error_type': 'OutOfMemoryError', 'error': 'CUDA out of memory. Tried to allocate 72.00 MiB. GPU 0 has a total capacity of 31.73 GiB of which 32.25 MiB is free. Process 123665 has 31.70 GiB memory in use. Of the allocated memory 30.18 GiB is allocated by PyTorch, and 1.14 GiB is reserved by PyTorch but unallocated. If reserved but unallocated memory is large try setting PYTORCH_CUDA_ALLOC_CONF=expandable_segments:True to avoid fragmentation.  See documentation for Memory Management  (https://pytorch.org/docs/stable/notes/cuda.html#environment-variables)'}
{'event': 'candidate_seed_start', 'candidate': 'wider_lr7e4_meta005_ood005', 'seed': 1, 'device': 'cuda', 'node_text_device': 'cuda:0'}
{'event': 'epoch_start', 'epoch': 1, 'epochs': 4, 'batches': 7187}
===== 2026-05-28T06:36:57+08:00 tkgl-icews monitor exiting =====
search_rows=6
[START] 2026-05-27T22:28:13+08:00 tkgl-icews search_then_formal
[STEP] validation-only hyperparameter search
[START] 2026-05-27T22:36:24+08:00 tkgl-icews search_then_formal
[STEP] validation-only hyperparameter search
runtime_device=cuda
cuda_device=Tesla V100-PCIE-32GB
{'event': 'candidate_seed_start', 'candidate': 'compact_lr1e3_meta005_ood001', 'seed': 1, 'device': 'cuda', 'node_text_device': 'cuda:0'}
{'event': 'epoch_start', 'epoch': 1, 'epochs': 4, 'batches': 7187}
{'candidate': 'compact_lr1e3_meta005_ood001', 'seed': 1, 'val_auc': nan, 'status': 'failed', 'error_type': 'OutOfMemoryError', 'error': 'CUDA out of memory. Tried to allocate 66.00 MiB. GPU 0 has a total capacity of 31.73 GiB of which 60.25 MiB is free. Process 123665 has 31.67 GiB memory in use. Of the allocated memory 29.00 GiB is allocated by PyTorch, and 2.29 GiB is reserved by PyTorch but unallocated. If reserved but unallocated memory is large try setting PYTORCH_CUDA_ALLOC_CONF=expandable_segments:True to avoid fragmentation.  See documentation for Memory Management  (https://pytorch.org/docs/stable/notes/cuda.html#environment-variables)'}
{'event': 'candidate_seed_start', 'candidate': 'compact_lr1e3_meta005_ood001', 'seed': 2, 'device': 'cuda', 'node_text_device': 'cuda:0'}
{'event': 'epoch_start', 'epoch': 1, 'epochs': 4, 'batches': 7187}
{'candidate': 'compact_lr1e3_meta005_ood001', 'seed': 2, 'val_auc': nan, 'status': 'failed', 'error_type': 'OutOfMemoryError', 'error': 'CUDA out of memory. Tried to allocate 68.00 MiB. GPU 0 has a total capacity of 31.73 GiB of which 16.25 MiB is free. Process 123665 has 31.71 GiB memory in use. Of the allocated memory 29.45 GiB is allocated by PyTorch, and 1.89 GiB is reserved by PyTorch but unallocated. If reserved but unallocated memory is large try setting PYTORCH_CUDA_ALLOC_CONF=expandable_segments:True to avoid fragmentation.  See documentation for Memory Management  (https://pytorch.org/docs/stable/notes/cuda.html#environment-variables)'}
{'event': 'candidate_seed_start', 'candidate': 'compact_lr7e4_meta01_ood001', 'seed': 1, 'device': 'cuda', 'node_text_device': 'cuda:0'}
{'event': 'epoch_start', 'epoch': 1, 'epochs': 4, 'batches': 7187}
{'candidate': 'compact_lr7e4_meta01_ood001', 'seed': 1, 'val_auc': nan, 'status': 'failed', 'error_type': 'OutOfMemoryError', 'error': 'CUDA out of memory. Tried to allocate 68.00 MiB. GPU 0 has a total capacity of 31.73 GiB of which 14.25 MiB is free. Process 123665 has 31.71 GiB memory in use. Of the allocated memory 31.06 GiB is allocated by PyTorch, and 283.05 MiB is reserved by PyTorch but unallocated. If reserved but unallocated memory is large try setting PYTORCH_CUDA_ALLOC_CONF=expandable_segments:True to avoid fragmentation.  See documentation for Memory Management  (https://pytorch.org/docs/stable/notes/cuda.html#environment-variables)'}
{'event': 'candidate_seed_start', 'candidate': 'compact_lr7e4_meta01_ood001', 'seed': 2, 'device': 'cuda', 'node_text_device': 'cuda:0'}
{'event': 'epoch_start', 'epoch': 1, 'epochs': 4, 'batches': 7187}
{'candidate': 'compact_lr7e4_meta01_ood001', 'seed': 2, 'val_auc': nan, 'status': 'failed', 'error_type': 'OutOfMemoryError', 'error': 'CUDA out of memory. Tried to allocate 72.00 MiB. GPU 0 has a total capacity of 31.73 GiB of which 32.25 MiB is free. Process 123665 has 31.70 GiB memory in use. Of the allocated memory 30.18 GiB is allocated by PyTorch, and 1.14 GiB is reserved by PyTorch but unallocated. If reserved but unallocated memory is large try setting PYTORCH_CUDA_ALLOC_CONF=expandable_segments:True to avoid fragmentation.  See documentation for Memory Management  (https://pytorch.org/docs/stable/notes/cuda.html#environment-variables)'}
{'event': 'candidate_seed_start', 'candidate': 'wider_lr7e4_meta005_ood005', 'seed': 1, 'device': 'cuda', 'node_text_device': 'cuda:0'}
{'event': 'epoch_start', 'epoch': 1, 'epochs': 4, 'batches': 7187}
{'candidate': 'wider_lr7e4_meta005_ood005', 'seed': 1, 'val_auc': nan, 'status': 'failed', 'error_type': 'OutOfMemoryError', 'error': 'CUDA out of memory. Tried to allocate 34.00 MiB. GPU 0 has a total capacity of 31.73 GiB of which 10.25 MiB is free. Process 123665 has 31.72 GiB memory in use. Of the allocated memory 30.69 GiB is allocated by PyTorch, and 663.15 MiB is reserved by PyTorch but unallocated. If reserved but unallocated memory is large try setting PYTORCH_CUDA_ALLOC_CONF=expandable_segments:True to avoid fragmentation.  See documentation for Memory Management  (https://pytorch.org/docs/stable/notes/cuda.html#environment-variables)'}
{'event': 'candidate_seed_start', 'candidate': 'wider_lr7e4_meta005_ood005', 'seed': 2, 'device': 'cuda', 'node_text_device': 'cuda:0'}
{'event': 'epoch_start', 'epoch': 1, 'epochs': 4, 'batches': 7187}
{'candidate': 'wider_lr7e4_meta005_ood005', 'seed': 2, 'val_auc': nan, 'status': 'failed', 'error_type': 'OutOfMemoryError', 'error': 'CUDA out of memory. Tried to allocate 34.00 MiB. GPU 0 has a total capacity of 31.73 GiB of which 8.25 MiB is free. Process 123665 has 31.72 GiB memory in use. Of the allocated memory 30.75 GiB is allocated by PyTorch, and 602.99 MiB is reserved by PyTorch but unallocated. If reserved but unallocated memory is large try setting PYTORCH_CUDA_ALLOC_CONF=expandable_segments:True to avoid fragmentation.  See documentation for Memory Management  (https://pytorch.org/docs/stable/notes/cuda.html#environment-variables)'}
no finite validation score found
===== 2026-05-28T12:15:58+08:00 tkgl-icews progress =====
	120644.tgb_icews_monitor	(05/28/26 12:15:57)	(Detached)
	120565.tgb_icews_pipeline	(05/28/26 12:15:41)	(Detached)
120565      1 Ss         00:17  0.0  0.0  2300 SCREEN -dmS tgb_icews_pipeline bash -lc  cd /root/autodl-tmp/data || exit 1 set -euo pipefail export PYTHONUNBUFFERED=1 export CUDA_VISIBLE_DEVICES=0 export OMP_NUM_THREADS=6 export MKL_NUM_THREADS=6 export PYTORCH_CUDA_ALLOC_CONF=expandable_segments:True {   echo "[START] $(date -Is) tkgl-icews search_then_formal amp_checkpoint"   echo "[STEP] validation-only hyperparameter search"   python -u scripts/search_hparams.py --config configs/ssptgfm_search_tgb_icews_all_losses.yaml --resume   echo "[STEP] apply validation-selected best candidate"   python -u scripts/apply_best_candidate.py --search-results results/ssptgfm_search_tgb_icews_all_losses/search_results.json --targets configs/ssptgfm_tgb_icews_best.yaml   echo "[STEP] formal 5-seed run with selected parameters"   python -u scripts/run_ssptgfm.py --config configs/ssptgfm_tgb_icews_best.yaml --resume   echo "[STEP] summarize formal results"   python -u scripts/summarize_results.py --results results/ssptgfm_tgb_icews_best/all_results.json --out results/ssptgfm_tgb_icews_best/summary.csv   echo "[DONE] $(date -Is) tkgl-icews pipeline complete" } >> results/tgb_icews_pipeline.log 2>&1 
120566 120565 Ss+        00:17  0.1  0.0  3764 bash -lc  cd /root/autodl-tmp/data || exit 1 set -euo pipefail export PYTHONUNBUFFERED=1 export CUDA_VISIBLE_DEVICES=0 export OMP_NUM_THREADS=6 export MKL_NUM_THREADS=6 export PYTORCH_CUDA_ALLOC_CONF=expandable_segments:True {   echo "[START] $(date -Is) tkgl-icews search_then_formal amp_checkpoint"   echo "[STEP] validation-only hyperparameter search"   python -u scripts/search_hparams.py --config configs/ssptgfm_search_tgb_icews_all_losses.yaml --resume   echo "[STEP] apply validation-selected best candidate"   python -u scripts/apply_best_candidate.py --search-results results/ssptgfm_search_tgb_icews_all_losses/search_results.json --targets configs/ssptgfm_tgb_icews_best.yaml   echo "[STEP] formal 5-seed run with selected parameters"   python -u scripts/run_ssptgfm.py --config configs/ssptgfm_tgb_icews_best.yaml --resume   echo "[STEP] summarize formal results"   python -u scripts/summarize_results.py --results results/ssptgfm_tgb_icews_best/all_results.json --out results/ssptgfm_tgb_icews_best/summary.csv   echo "[DONE] $(date -Is) tkgl-icews pipeline complete" } >> results/tgb_icews_pipeline.log 2>&1 
120570 120566 Rl+        00:17  121  1.3 2929912 python -u scripts/search_hparams.py --config configs/ssptgfm_search_tgb_icews_all_losses.yaml --resume
0, 32768, 0, 0
search_rows=0
formal_rows=0
[START] 2026-05-28T12:15:42+08:00 tkgl-icews search_then_formal amp_checkpoint
[STEP] validation-only hyperparameter search
===== 2026-05-28T12:20:25+08:00 tkgl-icews progress =====
	121683.tgb_icews_pipeline	(05/28/26 12:20:24)	(Detached)
	121686.tgb_icews_monitor	(05/28/26 12:20:24)	(Detached)
121683      1 Ss         00:01  0.0  0.0  2472 SCREEN -dmS tgb_icews_pipeline bash -lc  cd /root/autodl-tmp/data || exit 1 set -euo pipefail export PYTHONUNBUFFERED=1 export CUDA_VISIBLE_DEVICES=0 export OMP_NUM_THREADS=6 export MKL_NUM_THREADS=6 export PYTORCH_CUDA_ALLOC_CONF=expandable_segments:True {   echo "[START] $(date -Is) tkgl-icews search_then_formal amp_checkpoint_sparse32"   echo "[STEP] validation-only hyperparameter search"   python -u scripts/search_hparams.py --config configs/ssptgfm_search_tgb_icews_all_losses.yaml --resume   echo "[STEP] apply validation-selected best candidate"   python -u scripts/apply_best_candidate.py --search-results results/ssptgfm_search_tgb_icews_all_losses/search_results.json --targets configs/ssptgfm_tgb_icews_best.yaml   echo "[STEP] formal 5-seed run with selected parameters"   python -u scripts/run_ssptgfm.py --config configs/ssptgfm_tgb_icews_best.yaml --resume   echo "[STEP] summarize formal results"   python -u scripts/summarize_results.py --results results/ssptgfm_tgb_icews_best/all_results.json --out results/ssptgfm_tgb_icews_best/summary.csv   echo "[DONE] $(date -Is) tkgl-icews pipeline complete" } >> results/tgb_icews_pipeline.log 2>&1 
121685 121683 Ss+        00:01  3.0  0.0  3744 bash -lc  cd /root/autodl-tmp/data || exit 1 set -euo pipefail export PYTHONUNBUFFERED=1 export CUDA_VISIBLE_DEVICES=0 export OMP_NUM_THREADS=6 export MKL_NUM_THREADS=6 export PYTORCH_CUDA_ALLOC_CONF=expandable_segments:True {   echo "[START] $(date -Is) tkgl-icews search_then_formal amp_checkpoint_sparse32"   echo "[STEP] validation-only hyperparameter search"   python -u scripts/search_hparams.py --config configs/ssptgfm_search_tgb_icews_all_losses.yaml --resume   echo "[STEP] apply validation-selected best candidate"   python -u scripts/apply_best_candidate.py --search-results results/ssptgfm_search_tgb_icews_all_losses/search_results.json --targets configs/ssptgfm_tgb_icews_best.yaml   echo "[STEP] formal 5-seed run with selected parameters"   python -u scripts/run_ssptgfm.py --config configs/ssptgfm_tgb_icews_best.yaml --resume   echo "[STEP] summarize formal results"   python -u scripts/summarize_results.py --results results/ssptgfm_tgb_icews_best/all_results.json --out results/ssptgfm_tgb_icews_best/summary.csv   echo "[DONE] $(date -Is) tkgl-icews pipeline complete" } >> results/tgb_icews_pipeline.log 2>&1 
121691 121685 Rl+        00:01 37.0  0.0 23316 python -u scripts/search_hparams.py --config configs/ssptgfm_search_tgb_icews_all_losses.yaml --resume
0, 32768, 0, 0
search_rows=0
formal_rows=0
[START] 2026-05-28T12:20:25+08:00 tkgl-icews search_then_formal amp_checkpoint_sparse32
[STEP] validation-only hyperparameter search
===== 2026-05-28T12:27:59+08:00 tkgl-icews progress =====
	123383.tgb_icews_pipeline	(05/28/26 12:27:59)	(Detached)
	123386.tgb_icews_monitor	(05/28/26 12:27:59)	(Detached)
123383      1 Ss         00:00  0.0  0.0  2412 SCREEN -dmS tgb_icews_pipeline bash -lc  cd /root/autodl-tmp/data || exit 1 set -euo pipefail export PYTHONUNBUFFERED=1 export CUDA_VISIBLE_DEVICES=0 export OMP_NUM_THREADS=6 export MKL_NUM_THREADS=6 export PYTORCH_CUDA_ALLOC_CONF=expandable_segments:True {   echo "[START] $(date -Is) tkgl-icews search_then_formal amp_checkpoint_sparse32_dtypefix"   echo "[STEP] validation-only hyperparameter search"   python -u scripts/search_hparams.py --config configs/ssptgfm_search_tgb_icews_all_losses.yaml --resume   echo "[STEP] apply validation-selected best candidate"   python -u scripts/apply_best_candidate.py --search-results results/ssptgfm_search_tgb_icews_all_losses/search_results.json --targets configs/ssptgfm_tgb_icews_best.yaml   echo "[STEP] formal 5-seed run with selected parameters"   python -u scripts/run_ssptgfm.py --config configs/ssptgfm_tgb_icews_best.yaml --resume   echo "[STEP] summarize formal results"   python -u scripts/summarize_results.py --results results/ssptgfm_tgb_icews_best/all_results.json --out results/ssptgfm_tgb_icews_best/summary.csv   echo "[DONE] $(date -Is) tkgl-icews pipeline complete" } >> results/tgb_icews_pipeline.log 2>&1 
123385 123383 Ss+        00:00  0.0  0.0  3736 bash -lc  cd /root/autodl-tmp/data || exit 1 set -euo pipefail export PYTHONUNBUFFERED=1 export CUDA_VISIBLE_DEVICES=0 export OMP_NUM_THREADS=6 export MKL_NUM_THREADS=6 export PYTORCH_CUDA_ALLOC_CONF=expandable_segments:True {   echo "[START] $(date -Is) tkgl-icews search_then_formal amp_checkpoint_sparse32_dtypefix"   echo "[STEP] validation-only hyperparameter search"   python -u scripts/search_hparams.py --config configs/ssptgfm_search_tgb_icews_all_losses.yaml --resume   echo "[STEP] apply validation-selected best candidate"   python -u scripts/apply_best_candidate.py --search-results results/ssptgfm_search_tgb_icews_all_losses/search_results.json --targets configs/ssptgfm_tgb_icews_best.yaml   echo "[STEP] formal 5-seed run with selected parameters"   python -u scripts/run_ssptgfm.py --config configs/ssptgfm_tgb_icews_best.yaml --resume   echo "[STEP] summarize formal results"   python -u scripts/summarize_results.py --results results/ssptgfm_tgb_icews_best/all_results.json --out results/ssptgfm_tgb_icews_best/summary.csv   echo "[DONE] $(date -Is) tkgl-icews pipeline complete" } >> results/tgb_icews_pipeline.log 2>&1 
123391 123385 Rl+        00:00  0.0  0.0 23092 python -u scripts/search_hparams.py --config configs/ssptgfm_search_tgb_icews_all_losses.yaml --resume
0, 32768, 0, 0
search_rows=0
formal_rows=0
[START] 2026-05-28T12:27:59+08:00 tkgl-icews search_then_formal amp_checkpoint_sparse32_dtypefix
[STEP] validation-only hyperparameter search
===== 2026-05-28T23:42:53+08:00 tkgl-icews progress =====
	261625.tgb_icews_pipeline	(05/28/26 23:42:53)	(Detached)
	261628.tgb_icews_monitor	(05/28/26 23:42:53)	(Detached)
261625      1 Ss         00:00  0.0  0.0  2348 SCREEN -dmS tgb_icews_pipeline bash -lc  cd /root/autodl-tmp/data || exit 1 set -euo pipefail export PYTHONUNBUFFERED=1 export CUDA_VISIBLE_DEVICES=0 export OMP_NUM_THREADS=6 export MKL_NUM_THREADS=6 export PYTORCH_CUDA_ALLOC_CONF=expandable_segments:True {   echo "[START] $(date -Is) tkgl-icews search_then_formal amp_sparse32_no_checkpoint"   echo "[STEP] validation-only hyperparameter search"   python -u scripts/search_hparams.py --config configs/ssptgfm_search_tgb_icews_all_losses.yaml --resume   echo "[STEP] apply validation-selected best candidate"   python -u scripts/apply_best_candidate.py --search-results results/ssptgfm_search_tgb_icews_all_losses/search_results.json --targets configs/ssptgfm_tgb_icews_best.yaml   echo "[STEP] formal 5-seed run with selected parameters"   python -u scripts/run_ssptgfm.py --config configs/ssptgfm_tgb_icews_best.yaml --resume   echo "[STEP] summarize formal results"   python -u scripts/summarize_results.py --results results/ssptgfm_tgb_icews_best/all_results.json --out results/ssptgfm_tgb_icews_best/summary.csv   echo "[DONE] $(date -Is) tkgl-icews pipeline complete" } >> results/tgb_icews_pipeline.log 2>&1 
261627 261625 Ss+        00:00  0.0  0.0  3856 bash -lc  cd /root/autodl-tmp/data || exit 1 set -euo pipefail export PYTHONUNBUFFERED=1 export CUDA_VISIBLE_DEVICES=0 export OMP_NUM_THREADS=6 export MKL_NUM_THREADS=6 export PYTORCH_CUDA_ALLOC_CONF=expandable_segments:True {   echo "[START] $(date -Is) tkgl-icews search_then_formal amp_sparse32_no_checkpoint"   echo "[STEP] validation-only hyperparameter search"   python -u scripts/search_hparams.py --config configs/ssptgfm_search_tgb_icews_all_losses.yaml --resume   echo "[STEP] apply validation-selected best candidate"   python -u scripts/apply_best_candidate.py --search-results results/ssptgfm_search_tgb_icews_all_losses/search_results.json --targets configs/ssptgfm_tgb_icews_best.yaml   echo "[STEP] formal 5-seed run with selected parameters"   python -u scripts/run_ssptgfm.py --config configs/ssptgfm_tgb_icews_best.yaml --resume   echo "[STEP] summarize formal results"   python -u scripts/summarize_results.py --results results/ssptgfm_tgb_icews_best/all_results.json --out results/ssptgfm_tgb_icews_best/summary.csv   echo "[DONE] $(date -Is) tkgl-icews pipeline complete" } >> results/tgb_icews_pipeline.log 2>&1 
261633 261627 Rl+        00:00  0.0  0.0 20672 python -u scripts/search_hparams.py --config configs/ssptgfm_search_tgb_icews_all_losses.yaml --resume
0, 32768, 0, 0
search_rows=0
formal_rows=0
[START] 2026-05-28T23:42:53+08:00 tkgl-icews search_then_formal amp_sparse32_no_checkpoint
[STEP] validation-only hyperparameter search
===== 2026-05-29T03:42:53+08:00 tkgl-icews progress =====
	261625.tgb_icews_pipeline	(05/28/26 23:42:53)	(Detached)
	261628.tgb_icews_monitor	(05/28/26 23:42:53)	(Detached)
261625      1 Ss      04:00:00  0.0  0.0  2348 SCREEN -dmS tgb_icews_pipeline bash -lc  cd /root/autodl-tmp/data || exit 1 set -euo pipefail export PYTHONUNBUFFERED=1 export CUDA_VISIBLE_DEVICES=0 export OMP_NUM_THREADS=6 export MKL_NUM_THREADS=6 export PYTORCH_CUDA_ALLOC_CONF=expandable_segments:True {   echo "[START] $(date -Is) tkgl-icews search_then_formal amp_sparse32_no_checkpoint"   echo "[STEP] validation-only hyperparameter search"   python -u scripts/search_hparams.py --config configs/ssptgfm_search_tgb_icews_all_losses.yaml --resume   echo "[STEP] apply validation-selected best candidate"   python -u scripts/apply_best_candidate.py --search-results results/ssptgfm_search_tgb_icews_all_losses/search_results.json --targets configs/ssptgfm_tgb_icews_best.yaml   echo "[STEP] formal 5-seed run with selected parameters"   python -u scripts/run_ssptgfm.py --config configs/ssptgfm_tgb_icews_best.yaml --resume   echo "[STEP] summarize formal results"   python -u scripts/summarize_results.py --results results/ssptgfm_tgb_icews_best/all_results.json --out results/ssptgfm_tgb_icews_best/summary.csv   echo "[DONE] $(date -Is) tkgl-icews pipeline complete" } >> results/tgb_icews_pipeline.log 2>&1 
261627 261625 Ss+     04:00:00  0.0  0.0  3856 bash -lc  cd /root/autodl-tmp/data || exit 1 set -euo pipefail export PYTHONUNBUFFERED=1 export CUDA_VISIBLE_DEVICES=0 export OMP_NUM_THREADS=6 export MKL_NUM_THREADS=6 export PYTORCH_CUDA_ALLOC_CONF=expandable_segments:True {   echo "[START] $(date -Is) tkgl-icews search_then_formal amp_sparse32_no_checkpoint"   echo "[STEP] validation-only hyperparameter search"   python -u scripts/search_hparams.py --config configs/ssptgfm_search_tgb_icews_all_losses.yaml --resume   echo "[STEP] apply validation-selected best candidate"   python -u scripts/apply_best_candidate.py --search-results results/ssptgfm_search_tgb_icews_all_losses/search_results.json --targets configs/ssptgfm_tgb_icews_best.yaml   echo "[STEP] formal 5-seed run with selected parameters"   python -u scripts/run_ssptgfm.py --config configs/ssptgfm_tgb_icews_best.yaml --resume   echo "[STEP] summarize formal results"   python -u scripts/summarize_results.py --results results/ssptgfm_tgb_icews_best/all_results.json --out results/ssptgfm_tgb_icews_best/summary.csv   echo "[DONE] $(date -Is) tkgl-icews pipeline complete" } >> results/tgb_icews_pipeline.log 2>&1 
261633 261627 Rl+     04:00:00  108  2.6 5889224 python -u scripts/search_hparams.py --config configs/ssptgfm_search_tgb_icews_all_losses.yaml --resume
0, 32768, 27980, 52
search_rows=1
formal_rows=0
[START] 2026-05-28T23:42:53+08:00 tkgl-icews search_then_formal amp_sparse32_no_checkpoint
[STEP] validation-only hyperparameter search
runtime_device=cuda
cuda_device=Tesla V100-PCIE-32GB
{'event': 'candidate_seed_start', 'candidate': 'compact_lr1e3_meta005_ood001', 'seed': 1, 'device': 'cuda', 'node_text_device': 'cuda:0'}
{'event': 'epoch_start', 'epoch': 1, 'epochs': 4, 'batches': 24891}
{'candidate': 'compact_lr1e3_meta005_ood001', 'seed': 1, 'val_auc': nan, 'status': 'failed', 'error_type': 'OutOfMemoryError', 'error': 'CUDA out of memory. Tried to allocate 22.00 MiB. GPU 0 has a total capacity of 31.73 GiB of which 18.25 MiB is free. Process 380248 has 31.71 GiB memory in use. Of the allocated memory 30.29 GiB is allocated by PyTorch, and 1.04 GiB is reserved by PyTorch but unallocated. If reserved but unallocated memory is large try setting PYTORCH_CUDA_ALLOC_CONF=expandable_segments:True to avoid fragmentation.  See documentation for Memory Management  (https://pytorch.org/docs/stable/notes/cuda.html#environment-variables)'}
{'event': 'candidate_seed_start', 'candidate': 'compact_lr1e3_meta005_ood001', 'seed': 2, 'device': 'cuda', 'node_text_device': 'cuda:0'}
{'event': 'epoch_start', 'epoch': 1, 'epochs': 4, 'batches': 24891}
===== 2026-05-29T07:42:53+08:00 tkgl-icews progress =====
	261625.tgb_icews_pipeline	(05/28/26 23:42:52)	(Detached)
	261628.tgb_icews_monitor	(05/28/26 23:42:52)	(Detached)
261625      1 Ss      08:00:01  0.0  0.0  2348 SCREEN -dmS tgb_icews_pipeline bash -lc  cd /root/autodl-tmp/data || exit 1 set -euo pipefail export PYTHONUNBUFFERED=1 export CUDA_VISIBLE_DEVICES=0 export OMP_NUM_THREADS=6 export MKL_NUM_THREADS=6 export PYTORCH_CUDA_ALLOC_CONF=expandable_segments:True {   echo "[START] $(date -Is) tkgl-icews search_then_formal amp_sparse32_no_checkpoint"   echo "[STEP] validation-only hyperparameter search"   python -u scripts/search_hparams.py --config configs/ssptgfm_search_tgb_icews_all_losses.yaml --resume   echo "[STEP] apply validation-selected best candidate"   python -u scripts/apply_best_candidate.py --search-results results/ssptgfm_search_tgb_icews_all_losses/search_results.json --targets configs/ssptgfm_tgb_icews_best.yaml   echo "[STEP] formal 5-seed run with selected parameters"   python -u scripts/run_ssptgfm.py --config configs/ssptgfm_tgb_icews_best.yaml --resume   echo "[STEP] summarize formal results"   python -u scripts/summarize_results.py --results results/ssptgfm_tgb_icews_best/all_results.json --out results/ssptgfm_tgb_icews_best/summary.csv   echo "[DONE] $(date -Is) tkgl-icews pipeline complete" } >> results/tgb_icews_pipeline.log 2>&1 
261627 261625 Ss+     08:00:01  0.0  0.0  3856 bash -lc  cd /root/autodl-tmp/data || exit 1 set -euo pipefail export PYTHONUNBUFFERED=1 export CUDA_VISIBLE_DEVICES=0 export OMP_NUM_THREADS=6 export MKL_NUM_THREADS=6 export PYTORCH_CUDA_ALLOC_CONF=expandable_segments:True {   echo "[START] $(date -Is) tkgl-icews search_then_formal amp_sparse32_no_checkpoint"   echo "[STEP] validation-only hyperparameter search"   python -u scripts/search_hparams.py --config configs/ssptgfm_search_tgb_icews_all_losses.yaml --resume   echo "[STEP] apply validation-selected best candidate"   python -u scripts/apply_best_candidate.py --search-results results/ssptgfm_search_tgb_icews_all_losses/search_results.json --targets configs/ssptgfm_tgb_icews_best.yaml   echo "[STEP] formal 5-seed run with selected parameters"   python -u scripts/run_ssptgfm.py --config configs/ssptgfm_tgb_icews_best.yaml --resume   echo "[STEP] summarize formal results"   python -u scripts/summarize_results.py --results results/ssptgfm_tgb_icews_best/all_results.json --out results/ssptgfm_tgb_icews_best/summary.csv   echo "[DONE] $(date -Is) tkgl-icews pipeline complete" } >> results/tgb_icews_pipeline.log 2>&1 
261633 261627 Rl+     08:00:01  107  2.6 5876404 python -u scripts/search_hparams.py --config configs/ssptgfm_search_tgb_icews_all_losses.yaml --resume
0, 32768, 23660, 57
search_rows=3
formal_rows=0
[START] 2026-05-28T23:42:53+08:00 tkgl-icews search_then_formal amp_sparse32_no_checkpoint
[STEP] validation-only hyperparameter search
runtime_device=cuda
cuda_device=Tesla V100-PCIE-32GB
{'event': 'candidate_seed_start', 'candidate': 'compact_lr1e3_meta005_ood001', 'seed': 1, 'device': 'cuda', 'node_text_device': 'cuda:0'}
{'event': 'epoch_start', 'epoch': 1, 'epochs': 4, 'batches': 24891}
{'candidate': 'compact_lr1e3_meta005_ood001', 'seed': 1, 'val_auc': nan, 'status': 'failed', 'error_type': 'OutOfMemoryError', 'error': 'CUDA out of memory. Tried to allocate 22.00 MiB. GPU 0 has a total capacity of 31.73 GiB of which 18.25 MiB is free. Process 380248 has 31.71 GiB memory in use. Of the allocated memory 30.29 GiB is allocated by PyTorch, and 1.04 GiB is reserved by PyTorch but unallocated. If reserved but unallocated memory is large try setting PYTORCH_CUDA_ALLOC_CONF=expandable_segments:True to avoid fragmentation.  See documentation for Memory Management  (https://pytorch.org/docs/stable/notes/cuda.html#environment-variables)'}
{'event': 'candidate_seed_start', 'candidate': 'compact_lr1e3_meta005_ood001', 'seed': 2, 'device': 'cuda', 'node_text_device': 'cuda:0'}
{'event': 'epoch_start', 'epoch': 1, 'epochs': 4, 'batches': 24891}
{'candidate': 'compact_lr1e3_meta005_ood001', 'seed': 2, 'val_auc': nan, 'status': 'failed', 'error_type': 'OutOfMemoryError', 'error': 'CUDA out of memory. Tried to allocate 22.00 MiB. GPU 0 has a total capacity of 31.73 GiB of which 38.25 MiB is free. Process 380248 has 31.69 GiB memory in use. Of the allocated memory 30.26 GiB is allocated by PyTorch, and 1.05 GiB is reserved by PyTorch but unallocated. If reserved but unallocated memory is large try setting PYTORCH_CUDA_ALLOC_CONF=expandable_segments:True to avoid fragmentation.  See documentation for Memory Management  (https://pytorch.org/docs/stable/notes/cuda.html#environment-variables)'}
{'event': 'candidate_seed_start', 'candidate': 'compact_lr7e4_meta01_ood001', 'seed': 1, 'device': 'cuda', 'node_text_device': 'cuda:0'}
{'event': 'epoch_start', 'epoch': 1, 'epochs': 4, 'batches': 24891}
{'candidate': 'compact_lr7e4_meta01_ood001', 'seed': 1, 'val_auc': nan, 'status': 'failed', 'error_type': 'OutOfMemoryError', 'error': 'CUDA out of memory. Tried to allocate 22.00 MiB. GPU 0 has a total capacity of 31.73 GiB of which 18.25 MiB is free. Process 380248 has 31.71 GiB memory in use. Of the allocated memory 30.29 GiB is allocated by PyTorch, and 1.04 GiB is reserved by PyTorch but unallocated. If reserved but unallocated memory is large try setting PYTORCH_CUDA_ALLOC_CONF=expandable_segments:True to avoid fragmentation.  See documentation for Memory Management  (https://pytorch.org/docs/stable/notes/cuda.html#environment-variables)'}
{'event': 'candidate_seed_start', 'candidate': 'compact_lr7e4_meta01_ood001', 'seed': 2, 'device': 'cuda', 'node_text_device': 'cuda:0'}
{'event': 'epoch_start', 'epoch': 1, 'epochs': 4, 'batches': 24891}
