2026-05-27_13:46:38 yago15k_rows_pending=0/15
2026-05-27_13:48:38 yago15k_rows_pending=0/15
2026-05-27_13:50:38 yago15k_rows_pending=0/15
2026-05-27_13:52:38 yago15k_rows_pending=0/15
2026-05-27_13:54:38 yago15k_rows_pending=0/15
2026-05-27_13:56:38 yago15k_rows_pending=0/15
2026-05-27_13:58:38 yago15k_rows_pending=0/15
2026-05-27_14:00:38 yago15k_rows_pending=0/15
2026-05-27_14:02:38 yago15k_rows_pending=0/15
2026-05-27_14:04:38 yago15k_rows_pending=0/15
2026-05-27_14:06:38 yago15k_rows_pending=0/15
2026-05-27_14:08:38 yago15k_rows_pending=0/15
2026-05-27_14:10:38 yago15k_rows_pending=0/15
2026-05-27_14:12:38 yago15k_rows_pending=0/15
2026-05-27_14:14:38 yago15k_rows_pending=0/15
2026-05-27_14:16:38 yago15k_rows_pending=0/15
2026-05-27_14:18:38 yago15k_rows_pending=0/15
2026-05-27_14:20:38 yago15k_rows_pending=0/15
2026-05-27_14:22:38 yago15k_rows_pending=0/15
2026-05-27_14:24:38 yago15k_rows_pending=4/15
2026-05-27_14:26:38 yago15k_rows_pending=6/15
2026-05-27_14:28:38 yago15k_rows_pending=10/15
2026-05-27_14:30:38 yago15k_rows_pending=10/15
2026-05-27_14:32:38 yago15k_rows_pending=10/15
2026-05-27_14:34:38 yago15k_rows_pending=10/15
2026-05-27_14:36:38 yago15k_rows_pending=10/15
2026-05-27_14:38:38 yago15k_rows_pending=10/15
2026-05-27_14:40:38 yago15k_rows_pending=10/15
2026-05-27_14:42:38 yago15k_rows_pending=10/15
2026-05-27_14:44:38 yago15k_rows_pending=10/15
2026-05-27_14:46:38 yago15k_rows_pending=10/15
2026-05-27_14:48:38 yago15k_rows_pending=10/15
2026-05-27_14:50:38 yago15k_rows_pending=10/15
2026-05-27_14:52:38 yago15k_rows_pending=10/15
2026-05-27_14:54:38 yago15k_rows_pending=10/15
2026-05-27_14:56:38 yago15k_rows_pending=10/15
2026-05-27_14:58:38 yago15k_rows_pending=10/15
2026-05-27_15:00:38 yago15k_rows_pending=13/15
2026-05-27_15:02:38 yago15k_rows_pending=15/15
merged 15 rows into results/ssptgfm_yago15k_temporal_best
/root/miniconda3/lib/python3.10/site-packages/scipy/stats/_wilcoxon.py:172: RuntimeWarning: invalid value encountered in scalar divide
  z = (r_plus - mn) / se
/root/miniconda3/lib/python3.10/site-packages/scipy/stats/_wilcoxon.py:172: RuntimeWarning: invalid value encountered in scalar divide
  z = (r_plus - mn) / se
                                                                  test_ap                            test_auc                           test_edges                     test_hits@1                         test_hits@10                         test_hits@100                         test_hits@50                          test_mrr                           test_ndcg                              val_ap                             val_auc                           val_edges                     val_ndcg                          
                                                                     ci95 count      mean       std      ci95 count      mean       std       ci95 count     mean  std        ci95 count    mean       std         ci95 count    mean       std          ci95 count    mean       std         ci95 count    mean       std      ci95 count      mean       std      ci95 count      mean       std      ci95 count      mean       std      ci95 count      mean       std      ci95 count    mean  std      ci95 count      mean       std
dataset          method        ablation scenario few_shot_ratio                                                                                                                                                                                                                                                                                                                                                                                                                                                                            
yago15k-temporal lm_mlp        baseline standard 1.0             0.004241     5  0.154079  0.004838  0.006369     5  0.715037  0.007266        0.0     5  26719.0  0.0    0.001550     5  0.0025  0.001768     0.006825     5  0.0270  0.007786      0.022433     5  0.2585  0.025593     0.006464     5  0.1305  0.007374  0.003029     5  0.016510  0.003456  0.002156     5  0.824409  0.002459  0.008080     5  0.197874  0.009218  0.006109     5  0.762664  0.006970       0.0     5  6738.0  0.0  0.004214     5  0.821875  0.004808
                 ssptgfm       full     standard 1.0             0.008476     5  0.153057  0.009669  0.032706     5  0.650387  0.037312        0.0     5  26719.0  0.0    0.033927     5  0.0505  0.038706     0.095040     5  0.1825  0.108426      0.044046     5  0.5025  0.050249     0.088735     5  0.3595  0.101233  0.055372     5  0.101233  0.063171  0.004408     5  0.827118  0.005029  0.012544     5  0.168902  0.014311  0.035565     5  0.674359  0.040574       0.0     5  6738.0  0.0  0.005836     5  0.811830  0.006658
                 structure_mlp baseline standard 1.0             0.004754     5  0.143363  0.005424  0.007806     5  0.656200  0.008906        0.0     5  26719.0  0.0    0.011344     5  0.0715  0.012942     0.014895     5  0.2305  0.016993      0.004100     5  0.6050  0.004677     0.026776     5  0.4190  0.030547  0.006484     5  0.138884  0.007397  0.003169     5  0.819944  0.003615  0.002020     5  0.144400  0.002304  0.004305     5  0.617916  0.004912       0.0     5  6738.0  0.0  0.001255     5  0.797019  0.001432
paired test_ap: ssptgfm/full vs lm_mlp/baseline: {'n': 5.0, 'wilcoxon_p': 0.625, 'cohens_dz': -0.14840159554414403}
paired test_ap: ssptgfm/full vs structure_mlp/baseline: {'n': 5.0, 'wilcoxon_p': 0.125, 'cohens_dz': 1.1912298329641746}
paired test_auc: ssptgfm/full vs lm_mlp/baseline: {'n': 5.0, 'wilcoxon_p': 0.0625, 'cohens_dz': -1.9708193743447016}
paired test_auc: ssptgfm/full vs structure_mlp/baseline: {'n': 5.0, 'wilcoxon_p': 1.0, 'cohens_dz': -0.18102437421694353}
paired test_edges: ssptgfm/full vs lm_mlp/baseline: {'n': 5.0, 'wilcoxon_p': 1.0, 'cohens_dz': 0.0}
paired test_edges: ssptgfm/full vs structure_mlp/baseline: {'n': 5.0, 'wilcoxon_p': 1.0, 'cohens_dz': 0.0}
paired test_hits@1: ssptgfm/full vs lm_mlp/baseline: {'n': 5.0, 'wilcoxon_p': 0.0625, 'cohens_dz': 1.1983627319146388}
paired test_hits@1: ssptgfm/full vs structure_mlp/baseline: {'n': 5.0, 'wilcoxon_p': 0.3125, 'cohens_dz': -0.6326348757299033}
paired test_hits@10: ssptgfm/full vs lm_mlp/baseline: {'n': 5.0, 'wilcoxon_p': 0.0625, 'cohens_dz': 1.3427831538684514}
paired test_hits@10: ssptgfm/full vs structure_mlp/baseline: {'n': 5.0, 'wilcoxon_p': 0.4375, 'cohens_dz': -0.42733192303830375}
paired test_hits@100: ssptgfm/full vs lm_mlp/baseline: {'n': 5.0, 'wilcoxon_p': 0.0625, 'cohens_dz': 4.981926689374422}
paired test_hits@100: ssptgfm/full vs structure_mlp/baseline: {'n': 5.0, 'wilcoxon_p': 0.0625, 'cohens_dz': -2.0041772386251613}
paired test_hits@50: ssptgfm/full vs lm_mlp/baseline: {'n': 5.0, 'wilcoxon_p': 0.0625, 'cohens_dz': 2.1466653749445768}
paired test_hits@50: ssptgfm/full vs structure_mlp/baseline: {'n': 5.0, 'wilcoxon_p': 0.4375, 'cohens_dz': -0.48994638855760003}
paired test_mrr: ssptgfm/full vs lm_mlp/baseline: {'n': 5.0, 'wilcoxon_p': 0.0625, 'cohens_dz': 1.3076669792598254}
paired test_mrr: ssptgfm/full vs structure_mlp/baseline: {'n': 5.0, 'wilcoxon_p': 0.3125, 'cohens_dz': -0.6280409419968}
paired test_ndcg: ssptgfm/full vs lm_mlp/baseline: {'n': 5.0, 'wilcoxon_p': 0.1875, 'cohens_dz': 0.767414459805519}
paired test_ndcg: ssptgfm/full vs structure_mlp/baseline: {'n': 5.0, 'wilcoxon_p': 0.0625, 'cohens_dz': 1.5287613490069107}
paired val_ap: ssptgfm/full vs lm_mlp/baseline: {'n': 5.0, 'wilcoxon_p': 0.0625, 'cohens_dz': -1.709746176684915}
paired val_ap: ssptgfm/full vs structure_mlp/baseline: {'n': 5.0, 'wilcoxon_p': 0.0625, 'cohens_dz': 1.8796265772823273}
paired val_auc: ssptgfm/full vs lm_mlp/baseline: {'n': 5.0, 'wilcoxon_p': 0.0625, 'cohens_dz': -2.152569986318207}
paired val_auc: ssptgfm/full vs structure_mlp/baseline: {'n': 5.0, 'wilcoxon_p': 0.0625, 'cohens_dz': 1.482632107047409}
paired val_edges: ssptgfm/full vs lm_mlp/baseline: {'n': 5.0, 'wilcoxon_p': 1.0, 'cohens_dz': 0.0}
paired val_edges: ssptgfm/full vs structure_mlp/baseline: {'n': 5.0, 'wilcoxon_p': 1.0, 'cohens_dz': 0.0}
paired val_ndcg: ssptgfm/full vs lm_mlp/baseline: {'n': 5.0, 'wilcoxon_p': 0.125, 'cohens_dz': -1.3125010225900466}
paired val_ndcg: ssptgfm/full vs structure_mlp/baseline: {'n': 5.0, 'wilcoxon_p': 0.0625, 'cohens_dz': 2.30628483098424}
